using saved target 'sky'
../../tools/sky/serialdump-linux -b115200 /dev/ttyUSB35
 7684 P 34.0 0 129455 1837337 29595 20026 0 6612 129455 1837337 29595 20026 0 6612 (radio 2.52% / 2.52% tx 1.50% / 1.50% listen 1.01% / 1.01%)
delay: 7 1 0  1 0 7812 12893
delay: 8 1 0  1 0 7875 12957
delay: 9 1 0  1 0 7940 13022
delay: 10 1 0  1 0 10116 15198
delay: 11 1 0  1 0 13188 18269
delay: 12 1 0  1 0 13252 18333
delay: 13 1 0  1 0 13316 18398
delay: 14 1 0  1 0 14148 19229
 15364 P 34.0 1 264447 3668458 57971 51879 0 15540 134989 1831121 28376 31853 0 8928 (radio 2.79% / 3.06% tx 1.47% / 1.44% listen 1.31% / 1.62%)
delay: 15 1 0  1 0 15428 20509
delay: 16 1 0  15 0 16836 21820
delay: 17 1 0  1 0 18436 23517
delay: 19 1 0  1 0 22020 27102
delay: 20 1 0  28 0 22340 22340
 23044 P 34.0 2 415200 5483774 97656 72519 0 22253 150750 1815316 39685 20640 0 6713 (radio 2.88% / 3.06% tx 1.65% / 2.01% listen 1.22% / 1.04%)
delay: 21 1 0  1 0 24387 29469
delay: 22 1 0  1 0 24452 29534
