Thread[Thread-1,5,main]tree 11 8 0 14 0 0
radio 7 14498
radio 7 14502
radio 7 14519
radio 7 15032
radio 7 15069
radio 7 15583
radio 7 15635
radio 7 16149
radio 7 16180
radio 7 16694
radio 7 16723
radio 7 17237
radio 7 17254
radio 7 17767
radio 7 17784
radio 7 18298
radio 7 18315
radio 7 18829
radio 7 18863
radio 7 19377
radio 7 19394
radio 7 19908
radio 7 19938
radio 7 20452
radio 7 20469
radio 7 20983
radio 7 21000
radio 7 21514
radio 7 21531
radio 7 22045
radio 7 22095
radio 7 22609
radio 7 22626
radio 7 23140
radio 7 23157
radio 7 23671
radio 7 23688
radio 7 24202
radio 7 24219
radio 7 24733
radio 7 24750
radio 7 25264
radio 7 25281
radio 7 25794
radio 7 25811
radio 7 26325
radio 7 26342
radio 7 26856
radio 7 26873
radio 7 27387
radio 7 27404
radio 7 27918
radio 7 27967
radio 7 28481
radio 7 28498
radio 7 29011
radio 7 29028
radio 7 29542
radio 7 29559
radio 7 30073
radio 7 30105
radio 7 30619
radio 7 30692
radio 7 31206
radio 7 31223
radio 7 31737
radio 7 31754
radio 7 32268
radio 7 32285
radio 7 32799
radio 7 32834
radio 7 33348
radio 7 33365
radio 7 33879
radio 7 33896
radio 7 34410
radio 7 34427
radio 7 34941
radio 7 34958
radio 7 35471
radio 7 35521
radio 7 36035
radio 7 36052
radio 7 36566
radio 7 36619
radio 7 37133
radio 7 37150
radio 7 37664
radio 7 37681
radio 7 38195
radio 7 38248
radio 7 38762
radio 7 38832
radio 7 39346
radio 7 39363
radio 7 39877
radio 7 39926
radio 7 40440
radio 7 40457
radio 7 40971
radio 7 40988
radio 7 41501
radio 7 41518
radio 7 42032
radio 7 42081
radio 7 42595
radio 7 42612
radio 7 43126
radio 7 43236
radio 7 43750
radio 7 43785
radio 7 44299
radio 7 44316
radio 7 44830
radio 7 44958
radio 7 45472
radio 7 45489
radio 7 46003
radio 7 46020
radio 7 46534
radio 7 46602
radio 7 47116
radio 7 47133
radio 7 47647
radio 7 47664
radio 7 48178
radio 7 48249
radio 7 48763
radio 7 48831
radio 7 49345
radio 7 49362
radio 7 49875
radio 7 49892
radio 7 50405
radio 7 50461
radio 7 50975
radio 7 51005
radio 7 51519
radio 7 51536
radio 7 52050
radio 7 52067
radio 7 52581
radio 7 52616
radio 7 53130
radio 7 53180
radio 7 53694
radio 7 53725
radio 7 54239
radio 7 54271
radio 7 54785
radio 7 54802
radio 7 55316
radio 7 55347
radio 7 55861
radio 7 55878
radio 7 56392
radio 7 56421
radio 7 56935
radio 7 56965
radio 7 57479
radio 7 57496
radio 7 58009
radio 7 58065
radio 7 58579
radio 7 58596
radio 7 59110
radio 7 59159
radio 7 59673
radio 7 59704
radio 7 60218
radio 7 60235
radio 7 60749
radio 7 60766
radio 7 61280
radio 7 61297
radio 7 61811
radio 7 61828
radio 7 62342
radio 7 62359
radio 7 62873
radio 7 62903
radio 7 63417
radio 7 63434
radio 7 63948
radio 7 63982
radio 7 64496
radio 7 64526
radio 7 65040
radio 7 65090
radio 8 68
radio 8 121
radio 8 634
radio 8 651
radio 8 1164
radio 8 1193
radio 8 1707
radio 8 1758
radio 8 2272
radio 8 2289
radio 8 2802
radio 8 2819
radio 8 3332
radio 8 3349
radio 8 3862
radio 8 3895
radio 8 4409
radio 8 4426
radio 8 4939
radio 8 4956
radio 8 5469
radio 8 5486
radio 8 5999
radio 8 6016
radio 8 6529
radio 8 6561
radio 8 7075
radio 8 7092
radio 8 7605
radio 8 7622
radio 8 8135
radio 8 8152
radio 8 8665
radio 8 8682
radio 8 9195
radio 8 9212
radio 8 9725
radio 8 9742
radio 8 10255
radio 8 10286
energy 8 10414 7 17035
radio 8 10800
radio 8 10830
radio 8 11344
radio 8 11399
radio 8 11913
radio 8 11965
radio 8 12479
radio 8 12509
radio 8 13023
radio 8 13076
radio 8 13590
radio 8 13607
radio 8 14120
radio 8 14175
radio 8 14689
radio 8 14706
radio 8 15219
radio 8 15236
radio 8 15749
radio 8 15766
radio 8 16279
radio 8 16296
radio 8 16810
radio 8 16838
radio 8 17352
radio 8 17369
radio 8 17882
radio 8 17899
radio 8 18412
radio 8 18429
radio 8 18942
radio 8 18994
radio 8 19508
radio 8 19525
radio 8 20038
radio 8 20055
radio 8 20569
radio 8 20586
radio 8 21099
radio 8 21116
radio 8 21629
radio 8 21661
radio 8 22175
radio 8 22210
radio 8 22724
radio 8 22741
radio 8 23255
radio 8 23290
radio 8 23804
radio 8 23836
radio 8 24350
radio 8 24367
radio 8 24880
radio 8 24912
radio 8 25426
radio 8 25457
radio 8 25971
radio 8 25988
radio 8 26501
radio 8 26550
radio 8 27064
radio 8 27095
radio 8 27609
radio 8 27658
radio 8 28172
radio 8 28189
radio 8 28702
radio 8 28719
radio 8 29233
radio 8 29250
radio 8 29764
radio 8 29793
radio 8 30307
radio 8 30324
radio 8 30837
radio 8 30872
radio 8 31386
delay 0 3 8 31407 8 32016 9 9 65535 0 79 0 0
radio 8 31414
radio 8 31929
radio 8 32131
radio 8 32644
radio 8 32689
radio 8 33202
radio 8 33219
radio 8 33733
radio 8 33788
radio 8 34302
radio 8 34319
radio 8 34832
radio 8 34849
radio 8 35363
radio 8 35380
radio 8 35893
radio 8 35922
radio 8 36436
radio 8 36512
radio 8 37026
radio 8 37054
radio 8 37568
radio 8 37601
radio 8 38115
radio 8 38187
radio 8 38701
radio 8 38718
radio 8 39231
radio 8 39283
radio 8 39797
radio 8 39993
radio 8 40507
radio 8 40556
radio 8 41070
radio 8 41087
radio 8 41601
radio 8 41618
radio 8 42131
radio 8 42148
radio 8 42661
radio 8 42849
radio 8 43363
radio 8 43380
radio 8 43893
radio 8 43965
radio 8 44479
radio 8 44496
radio 8 45009
radio 8 45064
radio 8 45578
radio 8 45627
radio 8 46141
radio 8 46158
radio 8 46671
radio 8 46688
radio 8 47201
radio 8 47230
radio 8 47744
radio 8 47761
radio 8 48274
radio 8 48291
radio 8 48804
radio 8 48834
radio 8 49348
radio 8 49365
radio 8 49878
radio 8 49930
radio 8 50444
radio 8 50499
radio 8 51013
radio 8 51048
radio 8 51562
radio 8 51615
radio 8 52129
delay 1 43 8 53012 8 52715 9 9 65535 0 857 0 0
radio 8 53020
radio 8 53534
radio 8 53551
radio 8 54064
radio 8 54081
radio 8 54594
radio 8 54611
radio 8 55124
radio 8 55178
radio 8 55692
radio 8 55709
radio 8 56222
radio 8 56239
radio 8 56752
radio 8 56769
radio 8 57283
radio 8 57332
radio 8 57846
radio 8 57863
radio 8 58376
radio 8 58425
radio 8 58939
radio 8 58967
radio 8 59481
radio 8 59515
radio 8 60029
radio 8 60046
radio 8 60559
radio 8 60576
radio 8 61089
radio 8 61120
radio 8 61634
radio 8 61651
radio 8 62164
radio 8 62181
radio 8 62694
radio 8 62711
radio 8 63224
radio 8 63241
radio 8 63754
radio 8 63785
radio 8 64299
radio 8 64355
radio 8 64869
radio 8 64886
radio 8 65399
radio 8 65416
radio 9 393
radio 9 446
radio 9 959
radio 9 976
radio 9 1489
radio 9 1506
radio 9 2019
radio 9 2069
radio 9 2583
radio 9 2600
radio 9 3113
radio 9 3166
radio 9 3680
radio 9 3697
radio 9 4210
radio 9 4227
radio 9 4740
radio 9 4757
radio 9 5270
radio 9 5304
radio 9 5818
radio 9 5847
energy 9 6318 7 20925
radio 9 6361
radio 9 6378
radio 9 6891
delay 2 29 9 7169 9 6838 15 9 65535 0 265 0 0
radio 9 7177
radio 9 7691
radio 9 7987
radio 9 8500
radio 9 8528
radio 9 9042
radio 9 9059
radio 9 9572
radio 9 9603
radio 9 10117
radio 9 10134
radio 9 10647
radio 9 10680
radio 9 11194
radio 9 11211
radio 9 11724
radio 9 11755
radio 9 12269
radio 9 12286
radio 9 12799
radio 9 12816
radio 9 13329
radio 9 13346
radio 9 13859
radio 9 13892
radio 9 14406
radio 9 14436
radio 9 14950
radio 9 14980
radio 9 15494
radio 9 15511
radio 9 16024
radio 9 16053
radio 9 16567
radio 9 16641
radio 9 17155
radio 9 17172
radio 9 17685
radio 9 17702
radio 9 18215
radio 9 18269
radio 9 18783
radio 9 18800
radio 9 19313
radio 9 19330
radio 9 19843
radio 9 19860
radio 9 20373
radio 9 20424
radio 9 20938
radio 9 20955
radio 9 21468
radio 9 21520
radio 9 22034
radio 9 22064
radio 9 22578
radio 9 22595
radio 9 23108
radio 9 23125
radio 9 23638
radio 9 23668
radio 9 24182
radio 9 24199
radio 9 24712
radio 9 24729
radio 9 25242
radio 9 25292
radio 9 25806
radio 9 25823
radio 9 26336
radio 9 26353
radio 9 26866
radio 9 26914
radio 9 27428
delay 3 18 9 27722 9 27799 9 9 65535 0 431 0 0
radio 9 27730
radio 9 28245
radio 9 28384
radio 9 28898
radio 9 28915
radio 9 29428
radio 9 29445
radio 9 29958
radio 9 30008
radio 9 30522
radio 9 30555
radio 9 31069
radio 9 31086
radio 9 31599
radio 9 31627
radio 9 32141
radio 9 32158
radio 9 32671
radio 9 32688
radio 9 33201
radio 9 33254
radio 9 33768
radio 9 33785
radio 9 34298
radio 9 34315
radio 9 34828
radio 9 34845
radio 9 35358
radio 9 35494
radio 9 36008
radio 9 36057
radio 9 36571
radio 9 36588
radio 9 37101
radio 9 37118
radio 9 37631
radio 9 37661
radio 9 38175
radio 9 38192
radio 9 38706
radio 9 38756
radio 9 39270
radio 9 39287
radio 9 39801
radio 9 39897
radio 9 40411
radio 9 40428
radio 9 40942
radio 9 40959
radio 9 41472
radio 9 41489
radio 9 42002
radio 9 42035
radio 9 42549
radio 9 42583
radio 9 43097
radio 9 43114
radio 9 43627
radio 9 43659
radio 9 44173
radio 9 44207
radio 9 44721
radio 9 44738
radio 9 45252
radio 9 45287
radio 9 45801
radio 9 45835
radio 9 46349
radio 9 46366
radio 9 46879
radio 9 46896
radio 9 47409
radio 9 47426
radio 9 47939
delay 4 0 9 47985 9 48669 0 9 9 0 338 0 0
radio 9 47992
radio 9 48506
radio 9 48524
radio 9 49037
radio 9 49113
radio 9 49626
radio 9 49678
radio 9 50192
radio 9 50209
radio 9 50723
radio 9 50779
radio 9 51293
radio 9 51323
radio 9 51837
radio 9 51854
radio 9 52367
radio 9 52384
radio 9 52897
radio 9 52914
radio 9 53427
radio 9 53444
radio 9 53958
radio 9 53988
radio 9 54502
radio 9 54519
radio 9 55033
radio 9 55064
radio 9 55578
radio 9 55595
radio 9 56109
radio 9 56143
radio 9 56657
radio 9 56674
radio 9 57188
radio 9 57205
radio 9 57719
radio 9 57736
radio 9 58249
radio 9 58266
radio 9 58779
radio 9 58812
radio 9 59326
radio 9 59343
radio 9 59856
radio 9 59884
radio 9 60398
radio 9 60415
radio 9 60928
radio 9 60945
radio 9 61458
radio 9 61475
radio 9 61988
radio 9 62005
radio 9 62519
radio 9 62575
radio 9 63089
radio 9 63106
radio 9 63620
radio 9 63671
radio 9 64185
radio 9 64202
radio 9 64715
radio 9 64732
radio 9 65245
radio 9 65296
radio 10 274
radio 10 291
radio 10 804
radio 10 821
radio 10 1334
radio 10 1351
radio 10 1864
radio 10 1881
energy 10 2222 7 24249
radio 10 2394
radio 10 2443
radio 10 2957
delay 5 1 10 3103 10 3874 9 9 65535 0 400 0 0
radio 10 3111
radio 10 3625
radio 10 3714
radio 10 4228
radio 10 4247
radio 10 4760
radio 10 4777
radio 10 5290
radio 10 5322
radio 10 5836
radio 10 5884
radio 10 6398
radio 10 6434
radio 10 6948
radio 10 6998
radio 10 7512
radio 10 7540
radio 10 8054
radio 10 8085
radio 10 8599
radio 10 8616
radio 10 9129
radio 10 9146
radio 10 9660
radio 10 9677
radio 10 10190
radio 10 10207
radio 10 10721
radio 10 10773
radio 10 11287
radio 10 11304
radio 10 11818
radio 10 11870
radio 10 12384
radio 10 12401
radio 10 12915
radio 10 12932
radio 10 13446
radio 10 13463
radio 10 13977
radio 10 13994
radio 10 14508
radio 10 14525
radio 10 15039
radio 10 15056
radio 10 15570
radio 10 15600
radio 10 16114
radio 10 16131
radio 10 16645
radio 10 16662
radio 10 17176
radio 10 17193
radio 10 17707
radio 10 17724
radio 10 18238
radio 10 18255
radio 10 18769
radio 10 18786
radio 10 19300
radio 10 19317
radio 10 19831
radio 10 19848
radio 10 20362
radio 10 20379
radio 10 20893
radio 10 20910
radio 10 21424
radio 10 21453
radio 10 21967
radio 10 21984
radio 10 22498
radio 10 22571
radio 10 23085
delay 6 0 10 23103 10 23787 0 9 9 0 29 1 0
radio 10 24173
radio 10 24687
radio 10 24720
radio 10 25234
radio 10 25251
radio 10 25765
radio 10 25817
radio 10 26331
radio 10 26348
radio 10 26862
radio 10 26891
radio 10 27405
radio 10 27422
radio 10 27936
radio 10 27953
radio 10 28467
radio 10 28484
radio 10 28998
radio 10 29015
radio 10 29529
radio 10 29546
radio 10 30060
radio 10 30109
radio 10 30623
radio 10 30695
radio 10 31209
radio 10 31226
radio 10 31740
radio 10 31757
radio 10 32271
radio 10 32325
radio 10 32839
radio 10 32856
radio 10 33370
radio 10 33387
radio 10 33901
radio 10 33952
radio 10 34466
radio 10 34483
radio 10 34997
radio 10 35014
radio 10 35528
radio 10 35545
radio 10 36059
radio 10 36076
radio 10 36590
radio 10 36607
radio 10 37121
radio 10 37138
radio 10 37652
radio 10 37683
radio 10 38197
radio 10 38231
radio 10 38745
radio 10 38781
radio 10 39295
radio 10 39347
radio 10 39861
radio 10 39878
radio 10 40392
radio 10 40445
radio 10 40959
radio 10 40976
radio 10 41490
radio 10 41507
radio 10 42021
radio 10 42076
radio 10 42590
radio 10 42607
radio 10 43121
radio 10 43138
radio 10 43652
delay 7 43 10 43750 10 43453 9 9 65535 0 113 1 0
radio 10 44813
radio 10 45326
radio 10 45375
radio 10 45889
radio 10 45906
radio 10 46420
radio 10 46494
radio 10 47008
radio 10 47025
radio 10 47539
radio 10 47556
radio 10 48070
radio 10 48087
radio 10 48601
radio 10 48618
radio 10 49132
radio 10 49149
radio 10 49663
radio 10 49680
radio 10 50194
radio 10 50211
radio 10 50725
radio 10 50775
radio 10 51289
radio 10 51306
radio 10 51820
radio 10 51874
radio 10 52388
radio 10 52440
radio 10 52954
radio 10 52971
radio 10 53485
radio 10 53502
radio 10 54016
radio 10 54049
radio 10 54563
radio 10 54580
radio 10 55094
radio 10 55111
radio 10 55625
radio 10 55642
radio 10 56156
radio 10 56189
radio 10 56703
radio 10 56720
radio 10 57234
radio 10 57251
radio 10 57765
radio 10 57782
radio 10 58296
radio 10 58313
radio 10 58827
radio 10 58844
radio 10 59358
radio 10 59389
radio 10 59903
radio 10 59957
radio 10 60471
radio 10 60488
radio 10 61002
radio 10 61019
radio 10 61533
radio 10 61550
radio 10 62064
radio 10 62099
radio 10 62613
radio 10 62630
radio 10 63144
radio 10 63177
energy 10 63662 7 28866
radio 10 63691
radio 10 63708
radio 10 64222
delay 8 35 10 64493 10 64440 9 9 65535 0 288 0 0
radio 10 64501
radio 10 65015
radio 10 65033
radio 11 11
radio 11 57
radio 11 571
radio 11 588
radio 11 1101
radio 11 1133
radio 11 1647
radio 11 1664
radio 11 2178
radio 11 2231
radio 11 2745
radio 11 2762
radio 11 3275
radio 11 3330
radio 11 3844
radio 11 3861
radio 11 4374
radio 11 4391
radio 11 4905
radio 11 4959
radio 11 5473
radio 11 5527
radio 11 6041
radio 11 6058
radio 11 6572
radio 11 6589
radio 11 7102
radio 11 7151
radio 11 7665
radio 11 7682
radio 11 8196
radio 11 8213
radio 11 8727
radio 11 8744
radio 11 9258
radio 11 9311
radio 11 9825
radio 11 9842
radio 11 10356
radio 11 10408
radio 11 10922
radio 11 10939
radio 11 11453
radio 11 11470
radio 11 11984
radio 11 12038
radio 11 12552
radio 11 12569
radio 11 13083
radio 11 13136
radio 11 13650
radio 11 13667
radio 11 14181
radio 11 14198
radio 11 14712
radio 11 14729
radio 11 15243
radio 11 15260
radio 11 15774
radio 11 15791
radio 11 16305
radio 11 16322
radio 11 16836
radio 11 16853
radio 11 17367
radio 11 17384
radio 11 17898
radio 11 17915
radio 11 18429
radio 11 18483
radio 11 18997
delay 9 0 11 19042 11 19726 0 9 9 0 64 0 0
radio 11 19049
radio 11 19564
radio 11 19587
radio 11 20101
radio 11 20148
radio 11 20662
radio 11 20679
radio 11 21193
radio 11 21222
radio 11 21736
radio 11 21769
radio 11 22283
radio 11 22300
radio 11 22814
radio 11 22831
radio 11 23345
radio 11 23375
radio 11 23889
radio 11 23906
radio 11 24420
radio 11 24449
radio 11 24963
radio 11 24980
radio 11 25494
radio 11 25511
radio 11 26025
radio 11 26055
radio 11 26569
radio 11 26586
radio 11 27100
radio 11 27149
radio 11 27663
radio 11 27680
radio 11 28194
radio 11 28211
radio 11 28725
radio 11 28753
radio 11 29267
radio 11 29284
radio 11 29798
radio 11 29828
radio 11 30342
radio 11 30359
radio 11 30873
radio 11 30905
radio 11 31419
radio 11 31436
radio 11 31950
radio 11 32002
radio 11 32516
radio 11 32547
radio 11 33061
radio 11 33078
radio 11 33592
radio 11 33622
radio 11 34136
radio 11 34153
radio 11 34667
radio 11 34699
radio 11 35213
radio 11 35230
radio 11 35744
radio 11 35778
radio 11 36292
radio 11 36309
radio 11 36823
radio 11 36840
radio 11 37354
radio 11 37410
radio 11 37924
radio 11 37976
radio 11 38490
radio 11 38566
radio 11 39080
radio 11 39129
radio 11 39643
delay 10 0 11 39674 11 40359 0 9 9 0 219 0 0
radio 11 39682
radio 11 40197
radio 11 40223
radio 11 40736
radio 11 40889
radio 11 41402
radio 11 41419
radio 11 41933
radio 11 41950
radio 11 42464
radio 11 42494
radio 11 43008
radio 11 43025
radio 11 43539
radio 11 43556
radio 11 44070
radio 11 44099
radio 11 44613
radio 11 44701
radio 11 45215
radio 11 45232
radio 11 45746
radio 11 45763
radio 11 46277
radio 11 46294
radio 11 46808
radio 11 46825
radio 11 47339
radio 11 47389
radio 11 47903
radio 11 47920
radio 11 48434
radio 11 48451
radio 11 48965
radio 11 49036
radio 11 49550
radio 11 49567
radio 11 50081
radio 11 50138
radio 11 50652
radio 11 50682
radio 11 51196
radio 11 51213
radio 11 51727
radio 11 51759
radio 11 52273
radio 11 52290
radio 11 52804
radio 11 52900
radio 11 53414
radio 11 53431
radio 11 53945
radio 11 53962
radio 11 54476
radio 11 54505
radio 11 55019
radio 11 55036
radio 11 55550
radio 11 55567
radio 11 56081
radio 11 56098
radio 11 56612
radio 11 56629
radio 11 57143
radio 11 57160
radio 11 57674
radio 11 57691
radio 11 58205
radio 11 58222
radio 11 58736
radio 11 58768
radio 11 59282
radio 11 59314
energy 11 59566 7 31773
radio 11 59828
radio 11 59845
radio 11 60359
delay 11 41 11 60769 11 60525 14 9 65535 0 549 0 0
radio 11 60777
radio 11 61292
radio 11 61313
radio 11 61826
radio 11 61843
radio 11 62357
radio 11 62374
radio 11 62888
radio 11 62939
radio 11 63453
radio 11 63470
radio 11 63984
radio 11 64013
radio 11 64527
radio 11 64544
radio 11 65058
radio 11 65075
radio 12 53
radio 12 70
radio 12 583
radio 12 600
radio 12 1113
radio 12 1130
radio 12 1644
radio 12 1661
radio 12 2175
radio 12 2230
radio 12 2744
radio 12 2761
radio 12 3274
radio 12 3291
radio 12 3805
radio 12 3822
radio 12 4336
radio 12 4353
radio 12 4867
radio 12 4899
radio 12 5413
radio 12 5430
radio 12 5944
radio 12 5961
radio 12 6475
radio 12 6492
radio 12 7005
radio 12 7038
radio 12 7552
radio 12 7569
radio 12 8082
radio 12 8099
radio 12 8612
radio 12 8629
radio 12 9142
radio 12 9159
radio 12 9673
radio 12 9783
radio 12 10297
radio 12 10314
radio 12 10828
radio 12 10845
radio 12 11359
radio 12 11389
radio 12 11903
radio 12 11920
radio 12 12434
radio 12 12468
radio 12 12982
radio 12 12999
radio 12 13513
radio 12 13531
radio 12 14044
radio 12 14061
radio 12 14575
radio 12 14592
radio 12 15106
delay 12 43 12 15340 12 15044 9 9 65535 0 374 0 0
radio 12 15350
radio 12 15863
radio 12 16104
radio 12 16618
radio 12 16635
radio 12 17149
radio 12 17166
radio 12 17680
radio 12 17697
radio 12 18211
radio 12 18228
radio 12 18742
radio 12 18759
radio 12 19273
radio 12 19290
radio 12 19804
radio 12 19821
radio 12 20335
radio 12 20383
radio 12 20897
radio 12 20951
radio 12 21465
radio 12 21516
radio 12 22030
radio 12 22047
radio 12 22561
radio 12 22632
radio 12 23146
radio 12 23218
radio 12 23732
radio 12 23842
radio 12 24356
radio 12 24408
radio 12 24922
radio 12 24939
radio 12 25453
radio 12 25489
radio 12 26003
radio 12 26020
radio 12 26534
radio 12 26551
radio 12 27065
radio 12 27095
radio 12 27609
radio 12 27661
radio 12 28175
radio 12 28231
radio 12 28745
radio 12 28762
radio 12 29276
radio 12 29307
radio 12 29821
radio 12 29909
radio 12 30423
radio 12 30452
radio 12 30966
radio 12 31017
radio 12 31531
radio 12 31586
radio 12 32100
radio 12 32117
radio 12 32631
radio 12 32648
radio 12 33162
radio 12 33179
radio 12 33693
radio 12 33724
radio 12 34238
radio 12 34271
radio 12 34785
radio 12 34819
radio 12 35333
radio 12 35364
radio 12 35878
delay 13 22 12 36038 12 35911 13 9 65535 0 20 1 0
radio 12 37110
radio 12 37624
radio 12 37641
radio 12 38155
radio 12 38188
radio 12 38702
radio 12 38719
radio 12 39233
radio 12 39263
radio 12 39777
radio 12 39826
radio 12 40340
radio 12 40357
radio 12 40871
radio 12 40987
radio 12 41501
radio 12 41518
radio 12 42032
radio 12 42049
radio 12 42563
radio 12 42580
radio 12 43094
radio 12 43111
radio 12 43625
radio 12 43675
radio 12 44189
radio 12 44206
radio 12 44720
radio 12 44754
radio 12 45268
radio 12 45285
radio 12 45799
radio 12 45816
radio 12 46330
radio 12 46399
radio 12 46913
radio 12 46930
radio 12 47444
radio 12 47477
radio 12 47991
radio 12 48008
radio 12 48522
radio 12 48576
radio 12 49090
radio 12 49119
radio 12 49633
radio 12 49682
radio 12 50196
radio 12 50213
radio 12 50727
radio 12 50777
radio 12 51291
radio 12 51321
radio 12 51835
radio 12 51864
radio 12 52378
radio 12 52414
radio 12 52928
radio 12 52976
radio 12 53490
radio 12 53521
radio 12 54035
radio 12 54126
radio 12 54640
radio 12 54674
radio 12 55188
radio 12 55205
energy 12 55470 7 36517
radio 12 55719
radio 12 55736
radio 12 56250
delay 14 43 12 56322 12 56026 9 9 65535 0 149 0 0
radio 12 56330
radio 12 56845
radio 12 57218
radio 12 57731
radio 12 57748
radio 12 58262
radio 12 58279
radio 12 58793
radio 12 58810
radio 12 59324
radio 12 59378
radio 12 59892
radio 12 59909
radio 12 60423
radio 12 60458
radio 12 60972
radio 12 60989
radio 12 61503
radio 12 61520
radio 12 62034
radio 12 62066
radio 12 62580
radio 12 62597
radio 12 63111
radio 12 63128
radio 12 63642
radio 12 63671
radio 12 64185
radio 12 64202
radio 12 64716
radio 12 64748
radio 12 65262
radio 12 65279
radio 13 257
radio 13 290
radio 13 804
radio 13 856
radio 13 1370
radio 13 1387
radio 13 1900
radio 13 1917
radio 13 2431
radio 13 2466
radio 13 2980
radio 13 2997
radio 13 3510
radio 13 3527
radio 13 4040
radio 13 4070
radio 13 4584
radio 13 4633
radio 13 5147
radio 13 5164
radio 13 5677
radio 13 5694
radio 13 6208
radio 13 6225
radio 13 6739
radio 13 6756
radio 13 7270
radio 13 7300
radio 13 7814
radio 13 7831
radio 13 8345
radio 13 8377
radio 13 8891
radio 13 8908
radio 13 9422
radio 13 9454
radio 13 9968
radio 13 9985
radio 13 10499
radio 13 10516
radio 13 11030
delay 15 42 13 11077 13 10870 16 9 65535 0 91 0 0
radio 13 11085
radio 13 11600
radio 13 11672
radio 13 12185
radio 13 12227
radio 13 12740
radio 13 12777
radio 13 13291
radio 13 13347
radio 13 13861
radio 13 13878
radio 13 14392
radio 13 14409
radio 13 14923
radio 13 14955
radio 13 15469
radio 13 15486
radio 13 16000
radio 13 16017
radio 13 16531
radio 13 16548
radio 13 17062
radio 13 17116
radio 13 17630
radio 13 17647
radio 13 18161
radio 13 18178
radio 13 18692
radio 13 18761
radio 13 19275
radio 13 19645
radio 13 20159
radio 13 20176
radio 13 20690
radio 13 20726
radio 13 21240
radio 13 21272
radio 13 21786
radio 13 21803
radio 13 22317
radio 13 22367
radio 13 22881
radio 13 22898
radio 13 23412
radio 13 23526
radio 13 24040
radio 13 24057
radio 13 24571
radio 13 24682
radio 13 25196
radio 13 25213
radio 13 25727
radio 13 25760
radio 13 26274
radio 13 26291
radio 13 26805
radio 13 26822
radio 13 27336
radio 13 27385
radio 13 27899
radio 13 27916
radio 13 28430
radio 13 28447
radio 13 28961
radio 13 28978
radio 13 29492
radio 13 29542
radio 13 30056
radio 13 30073
radio 13 30587
radio 13 30604
radio 13 31118
radio 13 31135
radio 13 31649
delay 16 13 13 31829 13 31973 13 9 65535 0 418 0 0
radio 13 31838
radio 13 32352
radio 13 32550
radio 13 33064
radio 13 33116
radio 13 33630
radio 13 33680
radio 13 34194
radio 13 34211
radio 13 34725
radio 13 34742
radio 13 35256
radio 13 35273
radio 13 35787
radio 13 35804
radio 13 36318
radio 13 36335
radio 13 36849
radio 13 36877
radio 13 37391
radio 13 37408
radio 13 37922
radio 13 37939
radio 13 38453
radio 13 38470
radio 13 38984
radio 13 39037
radio 13 39551
radio 13 39568
radio 13 40082
radio 13 40099
radio 13 40613
radio 13 40666
radio 13 41180
radio 13 41197
radio 13 41711
radio 13 41763
radio 13 42277
radio 13 42294
radio 13 42808
radio 13 42825
radio 13 43339
radio 13 43356
radio 13 43870
radio 13 43887
radio 13 44401
radio 13 44418
radio 13 44932
radio 13 44949
radio 13 45463
radio 13 45480
radio 13 45994
radio 13 46011
radio 13 46525
radio 13 46542
radio 13 47056
radio 13 47105
radio 13 47619
radio 13 47653
radio 13 48167
radio 13 48195
radio 13 48709
radio 13 48726
radio 13 49240
radio 13 49274
radio 13 49788
radio 13 49805
radio 13 50319
radio 13 50336
radio 13 50850
radio 13 50867
energy 13 51374 7 39990
radio 13 51381
radio 13 51398
radio 13 51912
delay 17 43 13 51934 13 51638 9 9 65535 0 34 1 0
radio 13 53009
radio 13 53523
radio 13 53558
radio 13 54072
radio 13 54089
radio 13 54603
radio 13 54659
radio 13 55173
radio 13 55190
radio 13 55704
radio 13 55733
radio 13 56247
radio 13 56264
radio 13 56778
radio 13 56795
radio 13 57309
radio 13 57326
radio 13 57840
radio 13 57857
radio 13 58371
radio 13 58427
radio 13 58941
radio 13 58958
radio 13 59472
radio 13 59489
radio 13 60003
radio 13 60034
radio 13 60548
radio 13 60565
radio 13 61079
radio 13 61096
radio 13 61610
radio 13 61627
radio 13 62141
radio 13 62177
radio 13 62691
radio 13 62724
radio 13 63238
radio 13 63271
radio 13 63785
radio 13 63837
radio 13 64351
radio 13 64368
radio 13 64882
radio 13 64938
radio 13 65452
radio 13 65469
radio 14 447
radio 14 464
radio 14 977
radio 14 1010
radio 14 1524
radio 14 1541
radio 14 2055
radio 14 2087
radio 14 2601
radio 14 2618
radio 14 3132
radio 14 3149
radio 14 3663
radio 14 3680
radio 14 4194
radio 14 4211
radio 14 4724
radio 14 4741
radio 14 5255
radio 14 5272
radio 14 5786
radio 14 5803
radio 14 6317
radio 14 6346
radio 14 6860
delay 18 0 14 6904 14 7588 0 9 9 0 218 0 0
radio 14 6911
radio 14 7426
radio 14 7475
radio 14 7989
radio 14 8119
radio 14 8633
radio 14 8664
radio 14 9178
radio 14 9212
radio 14 9726
radio 14 9743
radio 14 10256
radio 14 10305
radio 14 10819
radio 14 10836
radio 14 11350
radio 14 11381
radio 14 11895
radio 14 11945
radio 14 12459
radio 14 12476
radio 14 12990
radio 14 13007
radio 14 13521
radio 14 13553
radio 14 14067
radio 14 14084
radio 14 14598
radio 14 14630
radio 14 15144
radio 14 15257
radio 14 15771
radio 14 15819
radio 14 16333
radio 14 16350
radio 14 16864
radio 14 16881
radio 14 17395
radio 14 17412
radio 14 17926
radio 14 17943
radio 14 18457
radio 14 18528
radio 14 19042
radio 14 19111
radio 14 19625
radio 14 19676
radio 14 20190
radio 14 20207
radio 14 20721
radio 14 20738
radio 14 21252
radio 14 21269
radio 14 21783
radio 14 21800
radio 14 22314
radio 14 22331
radio 14 22845
radio 14 22862
radio 14 23376
radio 14 23393
radio 14 23907
radio 14 23936
radio 14 24450
radio 14 24467
radio 14 24981
radio 14 25012
radio 14 25526
radio 14 25557
radio 14 26071
radio 14 26088
radio 14 26602
radio 14 26619
radio 14 27133
delay 19 0 14 27179 14 27860 0 9 9 0 65535 0 0
radio 14 27187
radio 14 27701
radio 14 27770
radio 14 28283
radio 14 28300
radio 14 28813
radio 14 28830
radio 14 29344
radio 14 29361
radio 14 29875
radio 14 29908
radio 14 30422
radio 14 30452
radio 14 30966
radio 14 30983
radio 14 31497
radio 14 31525
radio 14 32039
radio 14 32056
radio 14 32570
radio 14 32587
radio 14 33101
radio 14 33118
radio 14 33632
radio 14 33649
radio 14 34163
radio 14 34237
radio 14 34751
radio 14 34768
radio 14 35282
radio 14 35310
radio 14 35824
radio 14 35841
radio 14 36355
radio 14 36406
radio 14 36920
radio 14 36937
radio 14 37451
radio 14 37520
radio 14 38034
radio 14 38051
radio 14 38565
radio 14 38616
radio 14 39130
radio 14 39147
radio 14 39661
radio 14 39690
radio 14 40204
radio 14 40221
radio 14 40735
radio 14 40752
radio 14 41266
radio 14 41283
radio 14 41797
radio 14 41866
radio 14 42380
radio 14 42430
radio 14 42944
radio 14 42961
radio 14 43475
radio 14 43507
radio 14 44021
radio 14 44070
radio 14 44584
radio 14 44601
radio 14 45115
radio 14 45145
radio 14 45659
radio 14 45691
radio 14 46205
radio 14 46222
radio 14 46736
radio 14 46766
energy 14 47278 7 43702
radio 14 47284
radio 14 47319
radio 14 47833
delay 20 0 14 47855 14 48539 0 9 9 0 199 0 0
radio 14 47862
radio 14 48377
radio 14 48418
radio 14 48932
radio 14 48978
radio 14 49491
radio 14 49508
radio 14 50022
radio 14 50039
radio 14 50553
radio 14 50570
radio 14 51084
radio 14 51101
radio 14 51615
radio 14 51646
radio 14 52160
radio 14 52196
radio 14 52710
radio 14 52727
radio 14 53241
radio 14 53258
radio 14 53772
radio 14 53840
radio 14 54354
radio 14 54371
radio 14 54885
radio 14 54902
radio 14 55416
radio 14 55433
radio 14 55947
radio 14 55964
radio 14 56478
radio 14 56495
radio 14 57009
radio 14 57026
radio 14 57540
radio 14 57611
radio 14 58125
radio 14 58142
radio 14 58656
radio 14 58673
radio 14 59187
radio 14 59217
radio 14 59731
radio 14 59748
radio 14 60262
radio 14 60279
radio 14 60793
radio 14 60810
radio 14 61324
radio 14 61341
radio 14 61855
radio 14 61872
radio 14 62386
radio 14 62403
radio 14 62917
radio 14 62934
radio 14 63448
radio 14 63518
radio 14 64032
radio 14 64049
radio 14 64563
radio 14 64614
radio 14 65128
radio 14 65145
radio 15 123
radio 15 157
radio 15 671
radio 15 701
radio 15 1215
radio 15 1232
radio 15 1746
radio 15 1777
radio 15 2291
radio 15 2308
radio 15 2821
delay 21 3 15 2896 15 3502 9 9 65535 0 275 0 0
radio 15 2903
radio 15 3418
radio 15 3469
radio 15 3982
radio 15 4014
radio 15 4528
radio 15 4564
radio 15 5078
radio 15 5095
radio 15 5608
radio 15 5640
radio 15 6154
radio 15 6171
radio 15 6685
radio 15 6702
radio 15 7216
radio 15 7233
radio 15 7746
radio 15 7837
radio 15 8351
radio 15 8384
radio 15 8898
radio 15 8948
radio 15 9462
radio 15 9479
radio 15 9992
radio 15 10040
radio 15 10554
radio 15 10684
radio 15 11198
radio 15 11348
radio 15 11862
radio 15 11977
radio 15 12491
radio 15 12508
radio 15 13022
radio 15 13039
radio 15 13553
radio 15 13570
radio 15 14084
radio 15 14118
radio 15 14632
radio 15 14661
radio 15 15175
radio 15 15225
radio 15 15739
radio 15 15809
radio 15 16323
radio 15 16340
radio 15 16854
radio 15 16871
radio 15 17385
radio 15 17402
radio 15 17916
radio 15 17933
radio 15 18447
radio 15 18464
radio 15 18978
radio 15 18995
radio 15 19509
radio 15 19538
radio 15 20052
radio 15 20069
radio 15 20583
radio 15 20632
radio 15 21146
radio 15 21181
radio 15 21695
radio 15 21712
radio 15 22226
radio 15 22243
radio 15 22757
radio 15 22774
radio 15 23288
delay 22 24 15 23310 15 23054 7 9 2 0 202 0 0
radio 15 23318
radio 15 23832
radio 15 23849
radio 15 24363
radio 15 24380
radio 15 24893
radio 15 24910
radio 15 25424
radio 15 25477
radio 15 25991
radio 15 26008
radio 15 26522
radio 15 26539
radio 15 27053
radio 15 27070
radio 15 27584
radio 15 27601
radio 15 28115
radio 15 28151
radio 15 28665
radio 15 28682
radio 15 29196
radio 15 29213
radio 15 29727
radio 15 29757
radio 15 30271
radio 15 30326
radio 15 30840
radio 15 30857
radio 15 31371
radio 15 31388
radio 15 31902
radio 15 31919
radio 15 32433
radio 15 32468
radio 15 32982
radio 15 32999
radio 15 33513
radio 15 33543
radio 15 34057
radio 15 34074
radio 15 34588
radio 15 34605
radio 15 35119
radio 15 35136
radio 15 35650
radio 15 35667
radio 15 36181
radio 15 36217
radio 15 36731
radio 15 36748
radio 15 37262
radio 15 37312
radio 15 37826
radio 15 37843
radio 15 38357
radio 15 38408
radio 15 38922
radio 15 38939
radio 15 39453
radio 15 39470
radio 15 39984
radio 15 40018
radio 15 40532
radio 15 40549
radio 15 41063
radio 15 41097
radio 15 41611
radio 15 41662
radio 15 42176
radio 15 42193
radio 15 42707
radio 15 42724
energy 15 43182 7 46430
radio 15 43238
radio 15 43289
radio 15 43803
delay 23 0 15 43818 15 44502 0 9 9 0 258 0 0
radio 15 43825
radio 15 44340
radio 15 44466
radio 15 44980
radio 15 45103
radio 15 45616
radio 15 45646
radio 15 46160
radio 15 46177
radio 15 46691
radio 15 46744
radio 15 47258
radio 15 47286
radio 15 47800
radio 15 47817
radio 15 48331
radio 15 48348
radio 15 48862
radio 15 48879
radio 15 49393
radio 15 49422
radio 15 49936
radio 15 49953
radio 15 50467
radio 15 50484
radio 15 50998
radio 15 51029
radio 15 51543
radio 15 51560
radio 15 52074
radio 15 52108
radio 15 52622
radio 15 52671
radio 15 53185
radio 15 53202
radio 15 53716
radio 15 53769
radio 15 54283
radio 15 54352
radio 15 54866
radio 15 54883
radio 15 55397
radio 15 55453
radio 15 55967
radio 15 56018
radio 15 56532
radio 15 56563
radio 15 57077
radio 15 57130
radio 15 57644
radio 15 57661
radio 15 58175
radio 15 58192
radio 15 58706
radio 15 58774
radio 15 59288
radio 15 59343
radio 15 59857
radio 15 59874
radio 15 60388
radio 15 60405
radio 15 60919
radio 15 60936
radio 15 61450
radio 15 61467
radio 15 61981
radio 15 61998
radio 15 62512
radio 15 62545
radio 15 63059
radio 15 63076
radio 15 63590
radio 15 63620
radio 15 64134
delay 24 12 15 64155 15 64547 9 9 65535 0 40 1 0
radio 15 65229
radio 16 207
radio 16 224
radio 16 737
radio 16 771
radio 16 1285
radio 16 1302
radio 16 1815
radio 16 1866
radio 16 2380
radio 16 2397
radio 16 2911
radio 16 2928
radio 16 3441
radio 16 3512
radio 16 4026
radio 16 4054
radio 16 4568
radio 16 4596
radio 16 5110
radio 16 5127
radio 16 5641
radio 16 5691
radio 16 6205
radio 16 6238
radio 16 6752
radio 16 6840
radio 16 7354
radio 16 7371
radio 16 7884
radio 16 7901
radio 16 8415
radio 16 8432
radio 16 8946
radio 16 8963
radio 16 9477
radio 16 9529
radio 16 10043
radio 16 10060
radio 16 10574
radio 16 10628
radio 16 11142
radio 16 11171
radio 16 11685
radio 16 11702
radio 16 12216
radio 16 12233
radio 16 12747
radio 16 12764
radio 16 13278
radio 16 13312
radio 16 13826
radio 16 13843
radio 16 14357
radio 16 14374
radio 16 14888
radio 16 14905
radio 16 15419
radio 16 15467
radio 16 15981
radio 16 16015
radio 16 16529
radio 16 16564
radio 16 17078
radio 16 17113
radio 16 17627
radio 16 17644
radio 16 18158
radio 16 18175
radio 16 18689
radio 16 18706
radio 16 19220
delay 25 0 16 19239 16 19923 0 9 9 0 255 0 0
radio 16 19246
radio 16 19761
radio 16 19894
radio 16 20407
radio 16 20472
radio 16 20985
radio 16 21002
radio 16 21516
radio 16 21533
radio 16 22047
radio 16 22064
radio 16 22578
radio 16 22595
radio 16 23109
radio 16 23137
radio 16 23651
radio 16 23668
radio 16 24182
radio 16 24216
radio 16 24730
radio 16 24747
radio 16 25261
radio 16 25351
radio 16 25865
radio 16 25897
radio 16 26411
radio 16 26428
radio 16 26942
radio 16 26959
radio 16 27473
radio 16 27490
radio 16 28004
radio 16 28055
radio 16 28569
radio 16 28586
radio 16 29100
radio 16 29133
radio 16 29647
radio 16 29664
radio 16 30178
radio 16 30227
radio 16 30741
radio 16 30758
radio 16 31272
radio 16 31289
radio 16 31803
radio 16 31820
radio 16 32334
radio 16 32385
radio 16 32899
radio 16 32948
radio 16 33462
radio 16 33479
radio 16 33993
radio 16 34010
radio 16 34524
radio 16 34541
radio 16 35055
radio 16 35091
radio 16 35605
radio 16 35622
radio 16 36136
radio 16 36168
radio 16 36682
radio 16 36731
radio 16 37245
radio 16 37262
radio 16 37776
radio 16 37793
radio 16 38307
radio 16 38342
radio 16 38856
radio 16 38885
energy 16 39086 7 50401
radio 16 39399
radio 16 39455
radio 16 39969
delay 26 21 16 40505 16 40371 6 9 3 0 799 0 0
radio 16 40513
radio 16 41027
radio 16 41044
radio 16 41558
radio 16 41612
radio 16 42126
radio 16 42176
radio 16 42690
radio 16 42707
radio 16 43221
radio 16 43258
radio 16 43772
radio 16 43789
radio 16 44303
radio 16 44320
radio 16 44834
radio 16 44851
radio 16 45365
radio 16 45400
radio 16 45914
radio 16 45931
radio 16 46445
radio 16 46462
radio 16 46976
radio 16 47008
radio 16 47522
radio 16 47539
radio 16 48053
radio 16 48070
radio 16 48584
radio 16 48601
radio 16 49115
radio 16 49132
radio 16 49646
radio 16 49663
radio 16 50177
radio 16 50207
radio 16 50721
radio 16 50738
radio 16 51252
radio 16 51303
radio 16 51817
radio 16 51849
radio 16 52363
radio 16 52393
radio 16 52907
radio 16 52937
radio 16 53451
radio 16 53468
radio 16 53982
radio 16 53999
radio 16 54513
radio 16 54530
radio 16 55044
radio 16 55080
radio 16 55594
radio 16 55630
radio 16 56144
radio 16 56161
radio 16 56675
radio 16 56704
radio 16 57218
radio 16 57248
radio 16 57762
radio 16 57779
radio 16 58293
radio 16 58322
radio 16 58836
radio 16 58853
radio 16 59367
radio 16 59395
radio 16 59909
delay 27 0 16 59947 16 60628 0 9 9 0 65535 0 0
radio 16 59955
radio 16 60469
radio 16 60673
radio 16 61187
radio 16 61286
radio 16 61800
radio 16 61817
radio 16 62331
radio 16 62348
radio 16 62862
radio 16 62895
radio 16 63409
radio 16 63426
radio 16 63940
radio 16 63957
radio 16 64471
radio 16 64488
radio 16 65002
radio 16 65032
radio 17 10
radio 17 41
radio 17 554
radio 17 571
radio 17 1084
radio 17 1137
radio 17 1651
radio 17 1668
radio 17 2182
radio 17 2277
radio 17 2791
radio 17 2808
radio 17 3321
radio 17 3338
radio 17 3851
radio 17 3906
radio 17 4420
radio 17 4456
radio 17 4970
radio 17 4998
radio 17 5512
radio 17 5529
radio 17 6043
radio 17 6060
radio 17 6574
radio 17 6608
radio 17 7122
radio 17 7139
radio 17 7653
radio 17 7670
radio 17 8184
radio 17 8201
radio 17 8715
radio 17 8749
radio 17 9263
radio 17 9313
radio 17 9827
radio 17 9844
radio 17 10358
radio 17 10407
radio 17 10921
radio 17 10949
radio 17 11463
radio 17 11499
radio 17 12013
radio 17 12030
radio 17 12544
radio 17 12561
radio 17 13075
radio 17 13092
radio 17 13606
radio 17 13623
radio 17 14137
radio 17 14252
radio 17 14766
radio 17 14783
radio 17 15297
delay 28 13 17 15336 17 15479 13 9 65535 0 297 0 0
radio 17 15345
radio 17 15859
radio 17 15876
radio 17 16389
radio 17 16439
radio 17 16953
radio 17 16970
radio 17 17484
radio 17 17501
radio 17 18015
radio 17 18032
radio 17 18546
radio 17 18563
radio 17 19077
radio 17 19094
radio 17 19608
radio 17 19625
radio 17 20139
radio 17 20156
radio 17 20670
radio 17 20687
radio 17 21201
radio 17 21229
radio 17 21743
radio 17 21760
radio 17 22274
radio 17 22291
radio 17 22805
radio 17 22860
radio 17 23374
radio 17 23410
radio 17 23924
radio 17 23959
radio 17 24473
radio 17 24501
radio 17 25015
radio 17 25088
radio 17 25602
radio 17 25619
radio 17 26133
radio 17 26150
radio 17 26664
radio 17 26681
radio 17 27195
radio 17 27227
radio 17 27741
radio 17 27758
radio 17 28272
radio 17 28301
radio 17 28815
radio 17 28868
radio 17 29382
radio 17 29399
radio 17 29913
radio 17 29944
radio 17 30458
radio 17 30475
radio 17 30989
radio 17 31026
radio 17 31540
radio 17 31557
radio 17 32071
radio 17 32120
radio 17 32634
radio 17 32651
radio 17 33165
radio 17 33182
radio 17 33696
radio 17 33713
radio 17 34227
radio 17 34244
radio 17 34758
radio 17 34793
energy 17 34990 7 53600
radio 17 35307
radio 17 35338
radio 17 35852
delay 29 0 17 35871 17 36555 0 9 9 0 506 0 0
radio 17 35878
radio 17 36393
radio 17 36432
radio 17 36945
radio 17 36992
radio 17 37506
radio 17 37523
radio 17 38037
radio 17 38054
radio 17 38568
radio 17 38585
radio 17 39099
radio 17 39116
radio 17 39630
radio 17 39647
radio 17 40161
radio 17 40196
radio 17 40710
radio 17 40727
radio 17 41241
radio 17 41258
radio 17 41772
radio 17 41821
radio 17 42335
radio 17 42352
radio 17 42866
radio 17 42883
radio 17 43397
radio 17 43453
radio 17 43967
radio 17 43984
radio 17 44498
radio 17 44531
radio 17 45045
radio 17 45074
radio 17 45588
radio 17 45605
radio 17 46119
radio 17 46173
radio 17 46687
radio 17 46718
radio 17 47232
radio 17 47249
radio 17 47763
radio 17 47799
radio 17 48313
radio 17 48330
radio 17 48844
radio 17 48896
radio 17 49410
radio 17 49427
radio 17 49941
radio 17 49958
radio 17 50472
radio 17 50489
radio 17 51003
radio 17 51037
radio 17 51551
radio 17 51568
radio 17 52082
radio 17 52099
radio 17 52613
radio 17 52685
radio 17 53199
radio 17 53216
radio 17 53730
radio 17 53758
radio 17 54272
radio 17 54289
radio 17 54803
radio 17 54835
radio 17 55349
radio 17 55366
radio 17 55880
delay 30 0 17 55902 17 56586 0 9 9 0 54 0 0
radio 17 55909
radio 17 56424
radio 17 56439
radio 17 56952
radio 17 57064
radio 17 57577
radio 17 57631
radio 17 58145
radio 17 58162
radio 17 58676
radio 17 58709
radio 17 59223
radio 17 59240
