Thread[Thread-1,5,main]tree 23 16 24 14 0 0
radio 7 9394
radio 7 9398
radio 7 9415
radio 7 9928
radio 7 9945
radio 7 10458
radio 7 10475
radio 7 10989
radio 7 11006
radio 7 11520
radio 7 11537
radio 7 12051
radio 7 12068
radio 7 12582
radio 7 12612
radio 7 13126
radio 7 13181
radio 7 13695
radio 7 13712
radio 7 14226
radio 7 14257
radio 7 14771
radio 7 14803
radio 7 15317
radio 7 15350
radio 7 15864
radio 7 15881
radio 7 16395
radio 7 16423
radio 7 16937
radio 7 16954
radio 7 17468
radio 7 17485
radio 7 17999
radio 7 18016
radio 7 18530
radio 7 18547
radio 7 19061
radio 7 19078
radio 7 19592
radio 7 19609
radio 7 20123
radio 7 20140
radio 7 20654
radio 7 20671
radio 7 21185
radio 7 21202
radio 7 21716
radio 7 21733
radio 7 22247
radio 7 22264
radio 7 22778
radio 7 22808
radio 7 23322
radio 7 23353
radio 7 23867
radio 7 23884
radio 7 24398
radio 7 24432
radio 7 24946
radio 7 24963
radio 7 25477
radio 7 25494
radio 7 26008
radio 7 26040
radio 7 26554
radio 7 26583
radio 7 27097
radio 7 27114
radio 7 27628
radio 7 27645
radio 7 28159
radio 7 28176
radio 7 28690
radio 7 28707
radio 7 29221
radio 7 29269
radio 7 29783
radio 7 29800
radio 7 30314
radio 7 30331
radio 7 30845
radio 7 30862
radio 7 31376
radio 7 31407
radio 7 31921
radio 7 31950
radio 7 32464
radio 7 32481
radio 7 32995
radio 7 33031
radio 7 33545
radio 7 33562
radio 7 34076
radio 7 34093
radio 7 34607
radio 7 34638
radio 7 35152
radio 7 35182
radio 7 35696
radio 7 35726
radio 7 36240
radio 7 36257
radio 7 36771
radio 7 36824
radio 7 37338
radio 7 37355
radio 7 37869
radio 7 37886
radio 7 38400
radio 7 38452
radio 7 38966
radio 7 38983
radio 7 39497
radio 7 39533
radio 7 40047
radio 7 40079
radio 7 40593
radio 7 40623
radio 7 41137
radio 7 41166
radio 7 41680
radio 7 41697
radio 7 42211
radio 7 42266
radio 7 42780
radio 7 42811
radio 7 43325
radio 7 43417
radio 7 43931
radio 7 43980
radio 7 44494
radio 7 44511
radio 7 45025
radio 7 45042
radio 7 45556
radio 7 45585
radio 7 46099
radio 7 46116
radio 7 46630
radio 7 46686
radio 7 47200
radio 7 47248
radio 7 47762
radio 7 47779
radio 7 48293
radio 7 48310
radio 7 48824
radio 7 48872
radio 7 49386
radio 7 49403
radio 7 49917
radio 7 49934
radio 7 50448
radio 7 50465
radio 7 50979
radio 7 51015
radio 7 51529
radio 7 51546
radio 7 52060
radio 7 52077
radio 7 52591
radio 7 52643
radio 7 53157
radio 7 53190
radio 7 53704
radio 7 53755
radio 7 54269
radio 7 54298
radio 7 54812
radio 7 54829
radio 7 55343
radio 7 55372
radio 7 55886
radio 7 55914
radio 7 56428
radio 7 56457
radio 7 56971
radio 7 56988
radio 7 57502
radio 7 57519
radio 7 58033
radio 7 58050
radio 7 58564
radio 7 58581
radio 7 59095
radio 7 59123
radio 7 59637
radio 7 59654
radio 7 60168
radio 7 60185
radio 7 60699
radio 7 60730
radio 7 61244
radio 7 61261
radio 7 61775
radio 7 61792
radio 7 62306
radio 7 62340
radio 7 62854
radio 7 62871
radio 7 63385
radio 7 63402
radio 7 63916
radio 7 63933
radio 7 64447
radio 7 64464
radio 7 64978
radio 7 65026
radio 8 4
radio 8 21
radio 8 534
radio 8 551
radio 8 1064
radio 8 1081
radio 8 1594
radio 8 1628
radio 8 2142
radio 8 2176
radio 8 2690
radio 8 2707
radio 8 3220
radio 8 3237
radio 8 3750
radio 8 3778
radio 8 4292
radio 8 4309
radio 8 4822
radio 8 4891
energy 8 5310 7 11662
radio 8 5405
radio 8 5422
radio 8 5935
radio 8 5952
radio 8 6465
radio 8 6499
radio 8 7013
radio 8 7030
radio 8 7543
radio 8 7615
radio 8 8129
radio 8 8146
radio 8 8659
radio 8 8715
radio 8 9229
radio 8 9246
radio 8 9759
radio 8 9776
radio 8 10289
radio 8 10306
radio 8 10820
radio 8 10855
radio 8 11369
radio 8 11401
radio 8 11915
radio 8 11964
radio 8 12478
radio 8 12510
radio 8 13024
radio 8 13057
radio 8 13571
radio 8 13588
radio 8 14102
radio 8 14131
radio 8 14645
radio 8 14694
radio 8 15208
radio 8 15225
radio 8 15739
radio 8 15756
radio 8 16270
radio 8 16287
radio 8 16801
radio 8 16832
radio 8 17346
radio 8 17363
radio 8 17877
radio 8 17894
radio 8 18408
radio 8 18425
radio 8 18939
radio 8 18956
radio 8 19470
radio 8 19487
radio 8 20001
radio 8 20018
radio 8 20532
radio 8 20549
radio 8 21063
radio 8 21095
radio 8 21609
radio 8 21626
radio 8 22140
radio 8 22157
radio 8 22671
radio 8 22704
radio 8 23218
radio 8 23235
radio 8 23749
radio 8 23766
radio 8 24280
radio 8 24297
radio 8 24811
radio 8 24862
radio 8 25376
radio 8 25393
radio 8 25907
radio 8 25924
radio 8 26438
radio 8 26455
radio 8 26969
radio 8 27019
radio 8 27533
radio 8 27581
radio 8 28095
radio 8 28112
radio 8 28626
radio 8 28662
radio 8 29176
radio 8 29226
radio 8 29740
radio 8 29795
radio 8 30309
radio 8 30326
radio 8 30840
radio 8 30857
radio 8 31371
radio 8 31423
radio 8 31937
delay 0 3 8 31958 8 32048 9 13 4 0 111 0 0
radio 8 31965
radio 8 32479
radio 8 32494
radio 8 33007
radio 8 33104
radio 8 33617
radio 8 33668
radio 8 34182
radio 8 34199
radio 8 34713
radio 8 34730
radio 8 35244
radio 8 35273
radio 8 35787
radio 8 35804
radio 8 36318
radio 8 36335
radio 8 36849
radio 8 36878
radio 8 37392
radio 8 37409
radio 8 37923
radio 8 37940
radio 8 38454
radio 8 38471
radio 8 38985
radio 8 39020
radio 8 39534
radio 8 39551
radio 8 40065
radio 8 40233
radio 8 40747
radio 8 40799
radio 8 41313
radio 8 41330
radio 8 41844
radio 8 41861
radio 8 42375
radio 8 42425
radio 8 42939
radio 8 43028
radio 8 43542
radio 8 43571
radio 8 44085
radio 8 44102
radio 8 44616
radio 8 44651
radio 8 45165
radio 8 45276
radio 8 45790
radio 8 45807
radio 8 46321
radio 8 46389
radio 8 46903
radio 8 46933
radio 8 47447
radio 8 47464
radio 8 47978
radio 8 47995
radio 8 48509
radio 8 48565
radio 8 49079
radio 8 49096
radio 8 49610
radio 8 49641
radio 8 50155
radio 8 50184
radio 8 50698
radio 8 50728
radio 8 51242
radio 8 51259
radio 8 51773
radio 8 51790
radio 8 52304
radio 8 52336
radio 8 52850
delay 1 6 8 52869 8 52944 14 13 65535 0 348 0 0
radio 8 52877
radio 8 53392
radio 8 53411
radio 8 53924
radio 8 53972
radio 8 54486
radio 8 54539
radio 8 55053
radio 8 55090
radio 8 55604
radio 8 55621
radio 8 56135
radio 8 56152
radio 8 56666
radio 8 56696
radio 8 57210
radio 8 57261
radio 8 57775
radio 8 57792
radio 8 58306
radio 8 58336
radio 8 58850
radio 8 58901
radio 8 59415
radio 8 59432
radio 8 59946
radio 8 59963
radio 8 60477
radio 8 60494
radio 8 61008
radio 8 61042
radio 8 61556
radio 8 61586
radio 8 62100
radio 8 62131
radio 8 62645
radio 8 62673
radio 8 63187
radio 8 63204
radio 8 63718
radio 8 63768
radio 8 64282
radio 8 64299
radio 8 64813
radio 8 64830
radio 8 65344
radio 8 65361
radio 9 339
radio 9 389
radio 9 902
radio 9 950
energy 9 1214 7 14494
radio 9 1463
radio 9 1495
radio 9 2009
radio 9 2037
radio 9 2551
radio 9 2568
radio 9 3081
radio 9 3111
radio 9 3625
radio 9 3654
radio 9 4168
radio 9 4201
radio 9 4715
radio 9 4732
radio 9 5245
radio 9 5278
radio 9 5792
radio 9 5823
radio 9 6337
radio 9 6366
radio 9 6880
radio 9 6935
radio 9 7449
radio 9 7477
radio 9 7991
delay 2 17 9 8007 9 7554 15 13 65535 0 268 0 0
radio 9 8015
radio 9 8529
radio 9 8582
radio 9 9095
radio 9 9112
radio 9 9625
radio 9 9693
radio 9 10207
radio 9 10224
radio 9 10738
radio 9 10768
radio 9 11282
radio 9 11335
radio 9 11849
radio 9 11866
radio 9 12380
radio 9 12397
radio 9 12911
radio 9 12928
radio 9 13442
radio 9 13496
radio 9 14010
radio 9 14027
radio 9 14541
radio 9 14572
radio 9 15086
radio 9 15118
radio 9 15632
radio 9 15668
radio 9 16182
radio 9 16199
radio 9 16713
radio 9 16730
radio 9 17244
radio 9 17261
radio 9 17775
radio 9 17792
radio 9 18306
radio 9 18358
radio 9 18872
radio 9 18889
radio 9 19403
radio 9 19435
radio 9 19949
radio 9 19979
radio 9 20493
radio 9 20528
radio 9 21042
radio 9 21059
radio 9 21573
radio 9 21601
radio 9 22115
radio 9 22164
radio 9 22678
radio 9 22706
radio 9 23220
radio 9 23248
radio 9 23762
radio 9 23812
radio 9 24326
radio 9 24374
radio 9 24888
radio 9 24919
radio 9 25433
radio 9 25450
radio 9 25964
radio 9 26016
radio 9 26530
radio 9 26600
radio 9 27114
radio 9 27131
radio 9 27645
radio 9 27662
radio 9 28176
delay 3 18 9 28397 9 27955 9 13 4 0 587 0 0
radio 9 28405
radio 9 28919
radio 9 28975
radio 9 29489
radio 9 29540
radio 9 30054
radio 9 30071
radio 9 30585
radio 9 30602
radio 9 31116
radio 9 31152
radio 9 31666
radio 9 31683
radio 9 32197
radio 9 32214
radio 9 32728
radio 9 32745
radio 9 33259
radio 9 33276
radio 9 33790
radio 9 33840
radio 9 34354
radio 9 34371
radio 9 34885
radio 9 34976
radio 9 35490
radio 9 35518
radio 9 36032
radio 9 36049
radio 9 36563
radio 9 36580
radio 9 37094
radio 9 37111
radio 9 37625
radio 9 37642
radio 9 38156
radio 9 38187
radio 9 38701
radio 9 38718
radio 9 39232
radio 9 39263
radio 9 39777
radio 9 39794
radio 9 40308
radio 9 40340
radio 9 40854
radio 9 40907
radio 9 41421
radio 9 41451
radio 9 41965
radio 9 42019
radio 9 42533
radio 9 42550
radio 9 43064
radio 9 43115
radio 9 43629
radio 9 43665
radio 9 44179
radio 9 44196
radio 9 44710
radio 9 44727
radio 9 45241
radio 9 45271
radio 9 45785
radio 9 45837
radio 9 46351
radio 9 46380
radio 9 46894
radio 9 46928
radio 9 47442
radio 9 47476
radio 9 47990
radio 9 48007
radio 9 48521
radio 9 48578
radio 9 49092
delay 4 34 9 49136 9 48539 12 13 1 0 497 0 0
radio 9 49143
radio 9 49658
radio 9 49810
radio 9 50323
radio 9 50340
radio 9 50854
radio 9 50889
radio 9 51403
radio 9 51437
radio 9 51951
radio 9 51968
radio 9 52482
radio 9 52499
radio 9 53013
radio 9 53030
radio 9 53544
radio 9 53561
radio 9 54075
radio 9 54092
radio 9 54606
radio 9 54637
radio 9 55151
radio 9 55168
radio 9 55682
radio 9 55699
radio 9 56213
radio 9 56230
radio 9 56744
radio 9 56761
radio 9 57275
radio 9 57327
radio 9 57841
radio 9 57858
radio 9 58372
radio 9 58389
radio 9 58903
radio 9 58920
radio 9 59434
radio 9 59451
radio 9 59965
radio 9 60037
radio 9 60551
radio 9 60568
radio 9 61082
radio 9 61099
radio 9 61613
radio 9 61665
radio 9 62179
radio 9 62227
energy 9 62654 7 17517
radio 9 62741
radio 9 62758
radio 9 63272
radio 9 63301
radio 9 63815
radio 9 63832
radio 9 64346
radio 9 64398
radio 9 64912
radio 9 64929
radio 9 65443
radio 9 65520
radio 10 498
radio 10 515
radio 10 1028
radio 10 1064
radio 10 1578
radio 10 1595
radio 10 2109
radio 10 2138
radio 10 2652
radio 10 2669
radio 10 3183
delay 5 8 10 3205 10 3123 9 13 4 0 41 1 0
radio 10 4265
radio 10 4779
radio 10 4796
radio 10 5310
radio 10 5327
radio 10 5841
radio 10 5858
radio 10 6372
radio 10 6389
radio 10 6903
radio 10 6920
radio 10 7434
radio 10 7451
radio 10 7965
radio 10 7999
radio 10 8513
radio 10 8561
radio 10 9075
radio 10 9092
radio 10 9606
radio 10 9623
radio 10 10137
radio 10 10186
radio 10 10700
radio 10 10728
radio 10 11242
radio 10 11292
radio 10 11806
radio 10 11823
radio 10 12337
radio 10 12389
radio 10 12903
radio 10 12920
radio 10 13434
radio 10 13451
radio 10 13965
radio 10 13982
radio 10 14496
radio 10 14527
radio 10 15041
radio 10 15058
radio 10 15572
radio 10 15589
radio 10 16103
radio 10 16120
radio 10 16634
radio 10 16651
radio 10 17165
radio 10 17182
radio 10 17696
radio 10 17713
radio 10 18227
radio 10 18244
radio 10 18758
radio 10 18775
radio 10 19289
radio 10 19325
radio 10 19839
radio 10 19875
radio 10 20389
radio 10 20465
radio 10 20979
radio 10 20996
radio 10 21510
radio 10 21527
radio 10 22041
radio 10 22097
radio 10 22611
radio 10 22628
radio 10 23142
radio 10 23196
radio 10 23710
delay 6 16 10 24105 10 23717 13 13 65535 0 99 0 0
radio 10 24113
radio 10 24628
radio 10 24755
radio 10 25268
radio 10 25298
radio 10 25812
radio 10 25829
radio 10 26343
radio 10 26376
radio 10 26890
radio 10 26921
radio 10 27435
radio 10 27489
radio 10 28003
radio 10 28020
radio 10 28534
radio 10 28564
radio 10 29078
radio 10 29109
radio 10 29623
radio 10 29640
radio 10 30154
radio 10 30171
radio 10 30685
radio 10 30738
radio 10 31252
radio 10 31269
radio 10 31783
radio 10 31816
radio 10 32330
radio 10 32442
radio 10 32956
radio 10 32973
radio 10 33487
radio 10 33523
radio 10 34037
radio 10 34066
radio 10 34580
radio 10 34597
radio 10 35111
radio 10 35128
radio 10 35642
radio 10 35677
radio 10 36191
radio 10 36222
radio 10 36736
radio 10 36786
radio 10 37300
radio 10 37317
radio 10 37831
radio 10 37882
radio 10 38396
radio 10 38413
radio 10 38927
radio 10 38979
radio 10 39493
radio 10 39510
radio 10 40024
radio 10 40056
radio 10 40570
radio 10 40587
radio 10 41101
radio 10 41118
radio 10 41632
radio 10 41649
radio 10 42163
radio 10 42194
radio 10 42708
radio 10 42725
radio 10 43239
radio 10 43270
radio 10 43784
radio 10 43814
radio 10 44328
delay 7 27 10 44377 10 43550 16 13 65535 0 119 0 0
radio 10 44386
radio 10 44900
radio 10 45367
radio 10 45881
radio 10 45912
radio 10 46426
radio 10 46443
radio 10 46957
radio 10 46974
radio 10 47488
radio 10 47505
radio 10 48019
radio 10 48036
radio 10 48550
radio 10 48585
radio 10 49099
radio 10 49131
radio 10 49645
radio 10 49662
radio 10 50176
radio 10 50193
radio 10 50707
radio 10 50724
radio 10 51238
radio 10 51274
radio 10 51788
radio 10 51822
radio 10 52336
radio 10 52393
radio 10 52907
radio 10 52959
radio 10 53473
radio 10 53490
radio 10 54004
radio 10 54021
radio 10 54535
radio 10 54567
radio 10 55081
radio 10 55109
radio 10 55623
radio 10 55640
radio 10 56154
radio 10 56187
radio 10 56701
radio 10 56730
radio 10 57244
radio 10 57261
radio 10 57775
radio 10 57792
radio 10 58306
radio 10 58323
energy 10 58558 7 21947
radio 10 58837
radio 10 58854
radio 10 59368
radio 10 59385
radio 10 59899
radio 10 59951
radio 10 60465
radio 10 60482
radio 10 60996
radio 10 61013
radio 10 61527
radio 10 61544
radio 10 62058
radio 10 62088
radio 10 62602
radio 10 62619
radio 10 63133
radio 10 63150
radio 10 63664
radio 10 63696
radio 10 64210
radio 10 64227
radio 10 64741
delay 8 46 10 64758 10 63800 13 13 65535 0 25 1 0
radio 11 336
radio 11 850
radio 11 867
radio 11 1380
radio 11 1433
radio 11 1947
radio 11 1980
radio 11 2494
radio 11 2511
radio 11 3025
radio 11 3042
radio 11 3556
radio 11 3573
radio 11 4087
radio 11 4104
radio 11 4618
radio 11 4647
radio 11 5161
radio 11 5196
radio 11 5710
radio 11 5727
radio 11 6241
radio 11 6258
radio 11 6772
radio 11 6828
radio 11 7342
radio 11 7375
radio 11 7889
radio 11 7942
radio 11 8456
radio 11 8504
radio 11 9018
radio 11 9035
radio 11 9549
radio 11 9566
radio 11 10080
radio 11 10097
radio 11 10611
radio 11 10661
radio 11 11175
radio 11 11192
radio 11 11706
radio 11 11762
radio 11 12276
radio 11 12345
radio 11 12859
radio 11 12876
radio 11 13390
radio 11 13441
radio 11 13955
radio 11 13972
radio 11 14486
radio 11 14516
radio 11 15030
radio 11 15047
radio 11 15561
radio 11 15595
radio 11 16109
radio 11 16126
radio 11 16640
radio 11 16657
radio 11 17171
radio 11 17199
radio 11 17713
radio 11 17745
radio 11 18259
radio 11 18276
radio 11 18790
radio 11 18839
radio 11 19353
radio 11 19370
radio 11 19884
delay 9 24 11 19913 11 19141 7 13 6 0 159 0 0
radio 11 19921
radio 11 20436
radio 11 20776
radio 11 21290
radio 11 21307
radio 11 21821
radio 11 21838
radio 11 22352
radio 11 22401
radio 11 22915
radio 11 22945
radio 11 23459
radio 11 23476
radio 11 23990
radio 11 24007
radio 11 24521
radio 11 24538
radio 11 25052
radio 11 25069
radio 11 25583
radio 11 25600
radio 11 26114
radio 11 26147
radio 11 26661
radio 11 26752
radio 11 27266
radio 11 27297
radio 11 27811
radio 11 27862
radio 11 28376
radio 11 28393
radio 11 28907
radio 11 28961
radio 11 29475
radio 11 29492
radio 11 30006
radio 11 30023
radio 11 30537
radio 11 30609
radio 11 31123
radio 11 31152
radio 11 31666
radio 11 31699
radio 11 32213
radio 11 32369
radio 11 32883
radio 11 32955
radio 11 33469
radio 11 33497
radio 11 34011
radio 11 34028
radio 11 34542
radio 11 34559
radio 11 35073
radio 11 35103
radio 11 35617
radio 11 35634
radio 11 36148
radio 11 36165
radio 11 36679
radio 11 36696
radio 11 37210
radio 11 37227
radio 11 37741
radio 11 37758
radio 11 38272
radio 11 38308
radio 11 38822
radio 11 38875
radio 11 39389
radio 11 39438
radio 11 39952
radio 11 39969
radio 11 40483
delay 10 24 11 40594 11 39821 7 13 6 0 292 0 0
radio 11 40602
radio 11 41116
radio 11 41134
radio 11 41647
radio 11 41664
radio 11 42178
radio 11 42211
radio 11 42725
radio 11 42753
radio 11 43267
radio 11 43322
radio 11 43836
radio 11 43853
radio 11 44367
radio 11 44384
radio 11 44898
radio 11 44915
radio 11 45429
radio 11 45482
radio 11 45996
radio 11 46013
radio 11 46527
radio 11 46544
radio 11 47058
radio 11 47075
radio 11 47589
radio 11 47606
radio 11 48120
radio 11 48137
radio 11 48651
radio 11 48668
radio 11 49182
radio 11 49199
radio 11 49713
radio 11 49730
radio 11 50244
radio 11 50272
radio 11 50786
radio 11 50803
radio 11 51317
radio 11 51334
radio 11 51848
radio 11 51865
radio 11 52379
radio 11 52396
radio 11 52910
radio 11 52927
radio 11 53441
radio 11 53458
radio 11 53972
radio 11 54003
energy 11 54462 7 25962
radio 11 54517
radio 11 54547
radio 11 55061
radio 11 55078
radio 11 55592
radio 11 55609
radio 11 56123
radio 11 56176
radio 11 56690
radio 11 56739
radio 11 57253
radio 11 57286
radio 11 57800
radio 11 57852
radio 11 58366
radio 11 58422
radio 11 58936
radio 11 58953
radio 11 59467
radio 11 59484
radio 11 59998
radio 11 60015
radio 11 60529
radio 11 60581
radio 11 61095
radio 11 61112
radio 11 61626
delay 11 48 11 61930 11 61039 9 13 4 0 899 0 0
radio 11 61938
radio 11 62452
radio 11 62469
radio 11 62983
radio 11 63031
radio 11 63545
radio 11 63562
radio 11 64076
radio 11 64093
radio 11 64607
radio 11 64624
radio 11 65138
radio 11 65155
radio 12 133
radio 12 183
radio 12 697
radio 12 714
radio 12 1227
radio 12 1244
radio 12 1758
radio 12 1775
radio 12 2289
radio 12 2306
radio 12 2820
radio 12 2850
radio 12 3364
radio 12 3394
radio 12 3908
radio 12 3958
radio 12 4472
radio 12 4489
radio 12 5003
radio 12 5054
radio 12 5568
radio 12 5585
radio 12 6099
radio 12 6116
radio 12 6630
radio 12 6678
radio 12 7192
radio 12 7243
radio 12 7757
radio 12 7774
radio 12 8288
radio 12 8319
radio 12 8833
radio 12 8927
radio 12 9441
radio 12 9469
radio 12 9983
radio 12 10000
radio 12 10514
radio 12 10565
radio 12 11079
radio 12 11096
radio 12 11610
radio 12 11660
radio 12 12174
radio 12 12191
radio 12 12705
radio 12 12734
radio 12 13248
radio 12 13265
radio 12 13779
radio 12 13796
radio 12 14310
radio 12 14327
radio 12 14841
radio 12 14858
radio 12 15372
radio 12 15488
radio 12 16002
delay 12 34 12 16020 12 15423 12 13 1 0 40 0 0
radio 12 16028
radio 12 16543
radio 12 16670
radio 12 17184
radio 12 17201
radio 12 17715
radio 12 17751
radio 12 18265
radio 12 18319
radio 12 18833
radio 12 18850
radio 12 19364
radio 12 19419
radio 12 19933
radio 12 19950
radio 12 20464
radio 12 20519
radio 12 21033
radio 12 21050
radio 12 21564
radio 12 21581
radio 12 22095
radio 12 22149
radio 12 22663
radio 12 22697
radio 12 23211
radio 12 23260
radio 12 23774
radio 12 23869
radio 12 24383
radio 12 24400
radio 12 24914
radio 12 24931
radio 12 25445
radio 12 25462
radio 12 25976
radio 12 26008
radio 12 26522
radio 12 26539
radio 12 27053
radio 12 27070
radio 12 27584
radio 12 27614
radio 12 28128
radio 12 28180
radio 12 28694
radio 12 28750
radio 12 29264
radio 12 29281
radio 12 29795
radio 12 29826
radio 12 30340
radio 12 30428
radio 12 30942
radio 12 30971
radio 12 31485
radio 12 31536
radio 12 32050
radio 12 32105
radio 12 32619
radio 12 32636
radio 12 33150
radio 12 33167
radio 12 33681
radio 12 33698
radio 12 34212
radio 12 34260
radio 12 34774
radio 12 34803
radio 12 35317
radio 12 35334
radio 12 35848
radio 12 35883
radio 12 36397
delay 13 33 12 36522 12 35899 13 13 65535 0 260 0 0
radio 12 36530
radio 12 37045
radio 12 37149
radio 12 37663
radio 12 37680
radio 12 38194
radio 12 38227
radio 12 38741
radio 12 38758
radio 12 39272
radio 12 39303
radio 12 39817
radio 12 39834
radio 12 40348
radio 12 40379
radio 12 40893
radio 12 40910
radio 12 41424
radio 12 41455
radio 12 41969
radio 12 42021
radio 12 42535
radio 12 42587
radio 12 43101
radio 12 43118
radio 12 43632
radio 12 43649
radio 12 44163
radio 12 44180
radio 12 44694
radio 12 44729
radio 12 45243
radio 12 45273
radio 12 45787
radio 12 45804
radio 12 46318
radio 12 46335
radio 12 46849
radio 12 46866
radio 12 47380
radio 12 47410
radio 12 47924
radio 12 47941
radio 12 48455
radio 12 48472
radio 12 48986
radio 12 49003
radio 12 49517
radio 12 49569
radio 12 50083
radio 12 50100
energy 12 50366 7 29353
radio 12 50614
radio 12 50631
radio 12 51145
radio 12 51162
radio 12 51676
radio 12 51693
radio 12 52207
radio 12 52224
radio 12 52738
radio 12 52769
radio 12 53283
radio 12 53311
radio 12 53825
radio 12 53842
radio 12 54356
radio 12 54373
radio 12 54887
radio 12 54918
radio 12 55432
radio 12 55481
radio 12 55995
radio 12 56012
radio 12 56526
delay 14 47 12 56658 12 55767 13 13 65535 0 227 0 0
radio 12 56667
radio 12 57181
radio 12 57336
radio 12 57849
radio 12 57883
radio 12 58397
radio 12 58414
radio 12 58928
radio 12 58945
radio 12 59459
radio 12 59491
radio 12 60005
radio 12 60038
radio 12 60552
radio 12 60569
radio 12 61083
radio 12 61117
radio 12 61631
radio 12 61648
radio 12 62162
radio 12 62179
radio 12 62693
radio 12 62710
radio 12 63224
radio 12 63241
radio 12 63755
radio 12 63772
radio 12 64286
radio 12 64303
radio 12 64817
radio 12 64851
radio 12 65365
radio 12 65382
radio 13 360
radio 13 377
radio 13 890
radio 13 907
radio 13 1420
radio 13 1437
radio 13 1951
radio 13 1981
radio 13 2495
radio 13 2512
radio 13 3025
radio 13 3042
radio 13 3556
radio 13 3573
radio 13 4087
radio 13 4104
radio 13 4617
radio 13 4634
radio 13 5148
radio 13 5216
radio 13 5730
radio 13 5747
radio 13 6261
radio 13 6278
radio 13 6792
radio 13 6827
radio 13 7341
radio 13 7376
radio 13 7890
radio 13 7924
radio 13 8438
radio 13 8469
radio 13 8983
radio 13 9000
radio 13 9514
radio 13 9531
radio 13 10045
radio 13 10062
radio 13 10576
radio 13 10593
radio 13 11107
radio 13 11124
radio 13 11638
delay 15 18 13 11786 13 11348 9 13 4 0 123 0 0
radio 13 11794
radio 13 12308
radio 13 12324
radio 13 12838
radio 13 12857
radio 13 13370
radio 13 13387
radio 13 13901
radio 13 13930
radio 13 14444
radio 13 14492
radio 13 15006
radio 13 15042
radio 13 15556
radio 13 15573
radio 13 16087
radio 13 16117
radio 13 16631
radio 13 16648
radio 13 17162
radio 13 17211
radio 13 17725
radio 13 17756
radio 13 18270
radio 13 18321
radio 13 18835
radio 13 18909
radio 13 19423
radio 13 19678
radio 13 20192
radio 13 20320
radio 13 20834
radio 13 20903
radio 13 21417
radio 13 21451
radio 13 21965
radio 13 21995
radio 13 22509
radio 13 22526
radio 13 23040
radio 13 23057
radio 13 23571
radio 13 23621
radio 13 24135
radio 13 24186
radio 13 24700
radio 13 24731
radio 13 25245
radio 13 25277
radio 13 25791
radio 13 25808
radio 13 26322
radio 13 26339
radio 13 26853
radio 13 26890
radio 13 27404
radio 13 27441
radio 13 27955
radio 13 28009
radio 13 28523
radio 13 28557
radio 13 29071
radio 13 29123
radio 13 29637
radio 13 29666
radio 13 30180
radio 13 30197
radio 13 30711
radio 13 30728
radio 13 31242
radio 13 31259
radio 13 31773
radio 13 31790
radio 13 32304
delay 16 17 13 32466 13 32012 15 13 65535 0 131 0 0
radio 13 32476
radio 13 32989
radio 13 33041
radio 13 33555
radio 13 33590
radio 13 34104
radio 13 34139
radio 13 34653
radio 13 34685
radio 13 35199
radio 13 35251
radio 13 35765
radio 13 35782
radio 13 36296
radio 13 36313
radio 13 36827
radio 13 36876
radio 13 37390
radio 13 37407
radio 13 37921
radio 13 37938
radio 13 38452
radio 13 38469
radio 13 38983
radio 13 39000
radio 13 39514
radio 13 39531
radio 13 40045
radio 13 40078
radio 13 40592
radio 13 40609
radio 13 41123
radio 13 41153
radio 13 41667
radio 13 41684
radio 13 42198
radio 13 42215
radio 13 42729
radio 13 42759
radio 13 43273
radio 13 43322
radio 13 43836
radio 13 43853
radio 13 44367
radio 13 44384
radio 13 44898
radio 13 44928
radio 13 45442
radio 13 45459
radio 13 45973
radio 13 45990
energy 13 46270 7 32537
radio 13 46504
radio 13 46521
radio 13 47035
radio 13 47052
radio 13 47566
radio 13 47594
radio 13 48108
radio 13 48125
radio 13 48639
radio 13 48671
radio 13 49185
radio 13 49214
radio 13 49728
radio 13 49777
radio 13 50291
radio 13 50308
radio 13 50822
radio 13 50839
radio 13 51353
radio 13 51370
radio 13 51884
radio 13 51901
radio 13 52415
delay 17 8 13 52433 13 52350 9 13 4 0 41 1 0
radio 13 53641
radio 13 54155
radio 13 54203
radio 13 54717
radio 13 54734
radio 13 55248
radio 13 55282
radio 13 55796
radio 13 55813
radio 13 56327
radio 13 56395
radio 13 56909
radio 13 56926
radio 13 57440
radio 13 57457
radio 13 57971
radio 13 58005
radio 13 58519
radio 13 58549
radio 13 59063
radio 13 59115
radio 13 59629
radio 13 59683
radio 13 60197
radio 13 60214
radio 13 60728
radio 13 60745
radio 13 61259
radio 13 61309
radio 13 61823
radio 13 61855
radio 13 62369
radio 13 62386
radio 13 62900
radio 13 62917
radio 13 63431
radio 13 63448
radio 13 63962
radio 13 63979
radio 13 64493
radio 13 64526
radio 13 65040
radio 13 65089
radio 14 67
radio 14 84
radio 14 597
radio 14 614
radio 14 1127
radio 14 1144
radio 14 1658
radio 14 1675
radio 14 2189
radio 14 2206
radio 14 2719
radio 14 2736
radio 14 3250
radio 14 3267
radio 14 3781
radio 14 3798
radio 14 4311
radio 14 4347
radio 14 4861
radio 14 4878
radio 14 5391
radio 14 5408
radio 14 5922
radio 14 5959
radio 14 6473
radio 14 6506
radio 14 7020
radio 14 7037
radio 14 7551
radio 14 7752
radio 14 8266
radio 14 8283
radio 14 8797
radio 14 8814
radio 14 9328
radio 14 9380
radio 14 9894
radio 14 9911
radio 14 10425
radio 14 10442
radio 14 10956
radio 14 10973
radio 14 11487
radio 14 11522
radio 14 12036
radio 14 12071
radio 14 12585
radio 14 12602
radio 14 13116
radio 14 13133
radio 14 13647
radio 14 13664
radio 14 14178
radio 14 14227
radio 14 14741
radio 14 14814
radio 14 15328
radio 14 15345
radio 14 15859
radio 14 16073
radio 14 16587
radio 14 16660
radio 14 17174
radio 14 17204
radio 14 17718
radio 14 17787
radio 14 18301
radio 14 18318
radio 14 18832
radio 14 18849
radio 14 19363
radio 14 19380
radio 14 19894
radio 14 19943
radio 14 20457
radio 14 20474
radio 14 20988
radio 14 21005
radio 14 21519
radio 14 21536
radio 14 22050
radio 14 22101
radio 14 22615
radio 14 22632
radio 14 23146
radio 14 23163
radio 14 23677
radio 14 23694
radio 14 24208
radio 14 24225
radio 14 24739
radio 14 24756
radio 14 25270
radio 14 25287
radio 14 25801
radio 14 25856
radio 14 26370
radio 14 26387
radio 14 26901
radio 14 26918
radio 14 27432
radio 14 27449
radio 14 27963
delay 19 8 14 28097 14 28014 9 13 4 0 229 0 0
radio 14 28104
radio 14 28619
radio 14 28634
radio 14 29147
radio 14 29164
radio 14 29678
radio 14 29695
radio 14 30209
radio 14 30226
radio 14 30740
radio 14 30757
radio 14 31271
radio 14 31288
radio 14 31802
radio 14 31834
radio 14 32348
radio 14 32365
radio 14 32879
radio 14 32896
radio 14 33410
radio 14 33427
radio 14 33941
radio 14 33958
radio 14 34472
radio 14 34521
radio 14 35035
radio 14 35052
radio 14 35566
radio 14 35583
radio 14 36097
radio 14 36152
radio 14 36666
radio 14 36715
radio 14 37229
radio 14 37246
radio 14 37760
radio 14 37836
radio 14 38350
radio 14 38401
radio 14 38915
radio 14 38932
radio 14 39446
radio 14 39463
radio 14 39977
radio 14 40012
radio 14 40526
radio 14 40561
radio 14 41075
radio 14 41128
radio 14 41642
radio 14 41677
energy 14 42174 7 36554
radio 14 42191
radio 14 42208
radio 14 42722
radio 14 42754
radio 14 43268
radio 14 43285
radio 14 43799
radio 14 43850
radio 14 44364
radio 14 44381
radio 14 44895
radio 14 44925
radio 14 45439
radio 14 45468
radio 14 45982
radio 14 45999
radio 14 46513
radio 14 46546
radio 14 47060
radio 14 47077
radio 14 47591
radio 14 47622
radio 14 48136
radio 14 48153
radio 14 48667
delay 20 17 14 48711 14 48256 15 13 65535 0 457 0 0
radio 14 48719
radio 14 49233
radio 14 49425
radio 14 49939
radio 14 49988
radio 14 50502
radio 14 50519
radio 14 51033
radio 14 51050
radio 14 51564
radio 14 51613
radio 14 52127
radio 14 52155
radio 14 52669
radio 14 52719
radio 14 53233
radio 14 53250
radio 14 53764
radio 14 53781
radio 14 54295
radio 14 54347
radio 14 54861
radio 14 54913
radio 14 55427
radio 14 55444
radio 14 55958
radio 14 55987
radio 14 56501
radio 14 56533
radio 14 57047
radio 14 57078
radio 14 57592
radio 14 57646
radio 14 58160
radio 14 58189
radio 14 58703
radio 14 58720
radio 14 59234
radio 14 59251
radio 14 59765
radio 14 59782
radio 14 60296
radio 14 60313
radio 14 60827
radio 14 60844
radio 14 61358
radio 14 61387
radio 14 61901
radio 14 61918
radio 14 62432
radio 14 62481
radio 14 62995
radio 14 63043
radio 14 63557
radio 14 63574
radio 14 64088
radio 14 64105
radio 14 64619
radio 14 64654
radio 14 65168
radio 14 65243
radio 15 221
radio 15 238
radio 15 751
radio 15 768
radio 15 1281
radio 15 1298
radio 15 1811
radio 15 1844
radio 15 2358
radio 15 2375
radio 15 2889
radio 15 2919
radio 15 3433
delay 21 18 15 3559 15 3123 9 13 4 0 397 0 0
radio 15 3566
radio 15 4081
radio 15 4102
radio 15 4615
radio 15 4643
radio 15 5157
radio 15 5174
radio 15 5688
radio 15 5743
radio 15 6257
radio 15 6309
radio 15 6823
radio 15 6840
radio 15 7353
radio 15 7370
radio 15 7884
radio 15 7901
radio 15 8415
radio 15 8465
radio 15 8979
radio 15 8996
radio 15 9510
radio 15 9527
radio 15 10040
radio 15 10057
radio 15 10571
radio 15 10588
radio 15 11102
radio 15 11270
radio 15 11784
radio 15 11932
radio 15 12446
radio 15 12463
radio 15 12977
radio 15 12994
radio 15 13508
radio 15 13525
radio 15 14039
radio 15 14130
radio 15 14644
radio 15 14661
radio 15 15175
radio 15 15192
radio 15 15706
radio 15 15723
radio 15 16237
radio 15 16254
radio 15 16768
radio 15 16785
radio 15 17299
radio 15 17316
radio 15 17830
radio 15 17847
radio 15 18361
radio 15 18378
radio 15 18892
radio 15 18925
radio 15 19439
radio 15 19456
radio 15 19970
radio 15 20005
radio 15 20519
radio 15 20536
radio 15 21050
radio 15 21067
radio 15 21581
radio 15 21609
radio 15 22123
radio 15 22140
radio 15 22654
radio 15 22684
radio 15 23198
radio 15 23248
radio 15 23762
delay 22 24 15 23777 15 23002 7 13 6 0 150 0 0
radio 15 23784
radio 15 24299
radio 15 24357
radio 15 24871
radio 15 25101
radio 15 25615
radio 15 25660
radio 15 26174
radio 15 26191
radio 15 26705
radio 15 26755
radio 15 27269
radio 15 27286
radio 15 27800
radio 15 27829
radio 15 28343
radio 15 28373
radio 15 28887
radio 15 28904
radio 15 29418
radio 15 29449
radio 15 29963
radio 15 30014
radio 15 30528
radio 15 30577
radio 15 31091
radio 15 31108
radio 15 31622
radio 15 31639
radio 15 32153
radio 15 32184
radio 15 32698
radio 15 32715
radio 15 33229
radio 15 33246
radio 15 33760
radio 15 33809
radio 15 34323
radio 15 34351
radio 15 34865
radio 15 34882
radio 15 35396
radio 15 35413
radio 15 35927
radio 15 35958
radio 15 36472
radio 15 36489
radio 15 37003
radio 15 37020
radio 15 37534
radio 15 37563
radio 15 38077
energy 15 38079 7 39734
radio 15 38100
radio 15 38613
radio 15 38650
radio 15 39164
radio 15 39181
radio 15 39695
radio 15 39712
radio 15 40226
radio 15 40261
radio 15 40775
radio 15 40792
radio 15 41306
radio 15 41323
radio 15 41837
radio 15 41872
radio 15 42386
radio 15 42414
radio 15 42928
radio 15 42945
radio 15 43459
radio 15 43476
radio 15 43990
radio 15 44020
radio 15 44534
delay 23 18 15 44575 15 44140 9 13 4 0 123 0 0
radio 15 44583
radio 15 45098
radio 15 45115
radio 15 45629
radio 15 45645
radio 15 46158
radio 15 46175
radio 15 46689
radio 15 46744
radio 15 47258
radio 15 47314
radio 15 47828
radio 15 47845
radio 15 48359
radio 15 48376
radio 15 48890
radio 15 48939
radio 15 49453
radio 15 49489
radio 15 50003
radio 15 50020
radio 15 50534
radio 15 50562
radio 15 51076
radio 15 51093
radio 15 51607
radio 15 51624
radio 15 52138
radio 15 52155
radio 15 52669
radio 15 52738
radio 15 53252
radio 15 53289
radio 15 53803
radio 15 53820
radio 15 54334
radio 15 54364
radio 15 54878
radio 15 54895
radio 15 55409
radio 15 55439
radio 15 55953
radio 15 55970
radio 15 56484
radio 15 56537
radio 15 57051
radio 15 57082
radio 15 57596
radio 15 57648
radio 15 58162
radio 15 58179
radio 15 58693
radio 15 58710
radio 15 59224
radio 15 59253
radio 15 59767
radio 15 59784
radio 15 60298
radio 15 60369
radio 15 60883
radio 15 60900
radio 15 61414
radio 15 61431
radio 15 61945
radio 15 61962
radio 15 62476
radio 15 62493
radio 15 63007
radio 15 63024
radio 15 63538
radio 15 63555
radio 15 64069
radio 15 64097
radio 15 64611
delay 24 6 15 64713 15 64790 14 13 65535 0 18 1 0
radio 16 258
radio 16 772
radio 16 792
radio 16 1305
radio 16 1322
radio 16 1836
radio 16 1853
radio 16 2366
radio 16 2383
radio 16 2896
radio 16 2913
radio 16 3427
radio 16 3444
radio 16 3957
radio 16 4031
radio 16 4545
radio 16 4562
radio 16 5076
radio 16 5093
radio 16 5607
radio 16 5624
radio 16 6138
radio 16 6167
radio 16 6681
radio 16 6776
radio 16 7290
radio 16 7360
radio 16 7874
radio 16 7891
radio 16 8404
radio 16 8421
radio 16 8935
radio 16 8952
radio 16 9466
radio 16 9519
radio 16 10033
radio 16 10050
radio 16 10564
radio 16 10581
radio 16 11095
radio 16 11147
radio 16 11661
radio 16 11732
radio 16 12246
radio 16 12263
radio 16 12777
radio 16 12794
radio 16 13308
radio 16 13342
radio 16 13856
radio 16 13873
radio 16 14387
radio 16 14415
radio 16 14929
radio 16 14946
radio 16 15460
radio 16 15489
radio 16 16003
radio 16 16020
radio 16 16534
radio 16 16551
radio 16 17065
radio 16 17118
radio 16 17632
radio 16 17649
radio 16 18163
radio 16 18220
radio 16 18734
radio 16 18751
radio 16 19265
radio 16 19282
radio 16 19796
delay 25 46 16 19950 16 18992 13 13 65535 0 173 0 0
radio 16 19958
radio 16 20473
radio 16 20491
radio 16 21004
radio 16 21025
radio 16 21538
radio 16 21555
radio 16 22069
radio 16 22086
radio 16 22600
radio 16 22617
radio 16 23131
radio 16 23148
radio 16 23662
radio 16 23716
radio 16 24230
radio 16 24247
radio 16 24761
radio 16 24778
radio 16 25292
radio 16 25309
radio 16 25823
radio 16 25858
radio 16 26372
radio 16 26389
radio 16 26903
radio 16 26920
radio 16 27434
radio 16 27482
radio 16 27996
radio 16 28047
radio 16 28561
radio 16 28578
radio 16 29092
radio 16 29109
radio 16 29623
radio 16 29652
radio 16 30166
radio 16 30183
radio 16 30697
radio 16 30746
radio 16 31260
radio 16 31290
radio 16 31804
radio 16 31854
radio 16 32368
radio 16 32385
radio 16 32899
radio 16 32949
radio 16 33463
radio 16 33480
energy 16 33982 7 43457
radio 16 33994
radio 16 34011
radio 16 34525
radio 16 34581
radio 16 35095
radio 16 35124
radio 16 35638
radio 16 35670
radio 16 36184
radio 16 36217
radio 16 36731
radio 16 36780
radio 16 37294
radio 16 37350
radio 16 37864
radio 16 37881
radio 16 38395
radio 16 38412
radio 16 38926
radio 16 38977
radio 16 39491
radio 16 39508
radio 16 40022
delay 26 8 16 40043 16 39960 9 13 4 0 15 1 0
radio 16 41115
radio 16 41629
radio 16 41704
radio 16 42218
radio 16 42248
radio 16 42762
radio 16 42779
radio 16 43293
radio 16 43310
radio 16 43824
radio 16 43854
radio 16 44368
radio 16 44385
radio 16 44899
radio 16 44927
radio 16 45441
radio 16 45458
radio 16 45972
radio 16 46008
radio 16 46522
radio 16 46539
radio 16 47053
radio 16 47070
radio 16 47584
radio 16 47601
radio 16 48115
radio 16 48146
radio 16 48660
radio 16 48696
radio 16 49210
radio 16 49261
radio 16 49775
radio 16 49826
radio 16 50340
radio 16 50370
radio 16 50884
radio 16 50919
radio 16 51433
radio 16 51450
radio 16 51964
radio 16 51981
radio 16 52495
radio 16 52529
radio 16 53043
radio 16 53060
radio 16 53574
radio 16 53591
radio 16 54105
radio 16 54136
radio 16 54650
radio 16 54667
radio 16 55181
radio 16 55198
radio 16 55712
radio 16 55743
radio 16 56257
radio 16 56274
radio 16 56788
radio 16 56805
radio 16 57319
radio 16 57348
radio 16 57862
radio 16 57879
radio 16 58393
radio 16 58410
radio 16 58924
radio 16 58941
radio 16 59455
radio 16 59486
radio 16 60000
radio 16 60017
radio 16 60531
delay 27 23 16 60547 16 60375 9 13 4 0 51 0 0
radio 16 60555
radio 16 61070
radio 16 61697
radio 16 62210
radio 16 62272
radio 16 62786
radio 16 62839
radio 16 63353
radio 16 63370
radio 16 63884
radio 16 63901
radio 16 64415
radio 16 64466
radio 16 64980
radio 16 64997
radio 16 65511
radio 16 65528
radio 17 506
radio 17 523
radio 17 1036
radio 17 1065
radio 17 1579
radio 17 1596
radio 17 2110
radio 17 2162
radio 17 2676
radio 17 2724
radio 17 3238
radio 17 3274
radio 17 3788
radio 17 3805
radio 17 4319
radio 17 4336
radio 17 4849
radio 17 4900
radio 17 5414
radio 17 5431
radio 17 5945
radio 17 6181
radio 17 6695
radio 17 6725
radio 17 7239
radio 17 7256
radio 17 7770
radio 17 7787
radio 17 8301
radio 17 8318
radio 17 8832
radio 17 8861
radio 17 9375
radio 17 9392
radio 17 9906
radio 17 9923
radio 17 10437
radio 17 10454
radio 17 10968
radio 17 10985
radio 17 11499
radio 17 11516
radio 17 12030
radio 17 12086
radio 17 12600
radio 17 12634
radio 17 13148
radio 17 13176
radio 17 13690
radio 17 13723
radio 17 14237
radio 17 14254
radio 17 14768
radio 17 14801
radio 17 15315
radio 17 15349
radio 17 15863
delay 28 34 17 16018 17 15420 12 13 1 0 468 0 0
radio 17 16028
radio 17 16541
radio 17 16584
radio 17 17097
radio 17 17119
radio 17 17633
radio 17 17650
radio 17 18164
radio 17 18181
radio 17 18695
radio 17 18748
radio 17 19262
radio 17 19315
radio 17 19829
radio 17 19863
radio 17 20377
radio 17 20426
radio 17 20940
radio 17 20957
radio 17 21471
radio 17 21488
radio 17 22002
radio 17 22019
radio 17 22533
radio 17 22566
radio 17 23080
radio 17 23110
radio 17 23624
radio 17 23677
radio 17 24191
radio 17 24208
radio 17 24722
radio 17 24772
radio 17 25286
radio 17 25303
radio 17 25817
radio 17 25834
radio 17 26348
radio 17 26402
radio 17 26916
radio 17 26933
radio 17 27447
radio 17 27499
radio 17 28013
radio 17 28043
radio 17 28557
radio 17 28586
radio 17 29100
radio 17 29117
radio 17 29631
radio 17 29661
energy 17 29886 7 47971
radio 17 30175
radio 17 30229
radio 17 30743
radio 17 30774
radio 17 31288
radio 17 31317
radio 17 31831
radio 17 31848
radio 17 32362
radio 17 32396
radio 17 32910
radio 17 32942
radio 17 33456
radio 17 33492
radio 17 34006
radio 17 34058
radio 17 34572
radio 17 34589
radio 17 35103
radio 17 35120
radio 17 35634
radio 17 35669
radio 17 36183
delay 29 8 17 36202 17 36119 9 13 4 0 246 0 0
radio 17 36209
radio 17 36724
radio 17 36765
radio 17 37279
radio 17 37296
radio 17 37810
radio 17 37890
radio 17 38404
radio 17 38421
radio 17 38935
radio 17 38986
radio 17 39500
radio 17 39555
radio 17 40069
radio 17 40102
radio 17 40616
radio 17 40644
radio 17 41158
radio 17 41175
radio 17 41689
radio 17 41718
radio 17 42232
radio 17 42249
radio 17 42763
radio 17 42796
radio 17 43310
radio 17 43327
radio 17 43841
radio 17 43869
radio 17 44383
radio 17 44432
radio 17 44946
radio 17 44977
radio 17 45491
radio 17 45520
radio 17 46034
radio 17 46062
radio 17 46576
radio 17 46593
radio 17 47107
radio 17 47157
radio 17 47671
radio 17 47703
radio 17 48217
radio 17 48234
radio 17 48748
radio 17 48777
radio 17 49291
radio 17 49308
radio 17 49822
radio 17 49853
radio 17 50367
radio 17 50396
radio 17 50910
radio 17 50947
radio 17 51461
radio 17 51478
radio 17 51992
radio 17 52009
radio 17 52523
radio 17 52557
radio 17 53071
radio 17 53088
radio 17 53602
radio 17 53619
radio 17 54133
radio 17 54183
radio 17 54697
radio 17 54714
radio 17 55228
radio 17 55245
radio 17 55759
radio 17 55776
radio 17 56290
radio 17 56323
radio 17 56837
delay 30 36 17 57245 17 56605 9 13 4 0 687 0 0
radio 17 57253
radio 17 57767
radio 17 57866
radio 17 58379
radio 17 58430
radio 17 58944
radio 17 58974
radio 17 59488
radio 17 59537
radio 17 60051
radio 17 60081
