Thread[Thread-1,5,main]tree 1000 18 3 12 0 0
radio 7 32953
radio 7 32957
delay 23 0 7 32984 7 56037 0 16 16 1 23776 0 0
radio 7 34061
radio 7 34575
radio 7 34592
radio 7 35105
radio 7 35161
radio 7 35675
radio 7 35726
radio 7 36240
radio 7 36257
radio 7 36770
radio 7 36802
radio 7 37316
radio 7 37345
radio 7 37859
delay 1000 3 7 37874 7 58091 9 16 7 0 20691 0 0
radio 7 37882
radio 7 38396
radio 7 38409
radio 7 38923
radio 7 38940
radio 7 39453
radio 7 39505
radio 7 40019
radio 7 40089
radio 7 40603
radio 7 40656
radio 7 41170
radio 7 41240
radio 7 41754
radio 7 41771
radio 7 42284
radio 7 42337
radio 7 42851
radio 7 42922
radio 7 43436
radio 7 43489
radio 7 44003
radio 7 44216
radio 7 44730
radio 7 44759
radio 7 45273
radio 7 45301
radio 7 45815
radio 7 45843
radio 7 46357
radio 7 46385
radio 7 46899
radio 7 46951
radio 7 47465
radio 7 47517
radio 7 48031
radio 7 48048
radio 7 48561
radio 7 48578
radio 7 49091
radio 7 49120
radio 7 49634
radio 7 49663
radio 7 50177
radio 7 50194
radio 7 50707
radio 7 50781
radio 7 51295
radio 7 51346
radio 7 51860
radio 7 51930
radio 7 52444
radio 7 52472
radio 7 52986
radio 7 53014
radio 7 53528
radio 7 53563
radio 7 54077
radio 7 54105
radio 7 54619
radio 7 54636
radio 7 55149
radio 7 55181
radio 7 55695
radio 7 55712
radio 7 56225
radio 7 56242
radio 7 56755
radio 7 56803
radio 7 57317
radio 7 57334
radio 7 57847
radio 7 57878
radio 7 58392
radio 7 58420
radio 7 58934
radio 7 58951
radio 7 59464
radio 7 59495
radio 7 60009
radio 7 60058
radio 7 60572
radio 7 60625
radio 7 61139
radio 7 61174
radio 7 61688
radio 7 61716
radio 7 62230
radio 7 62266
radio 7 62780
radio 7 62808
radio 7 63322
radio 7 63350
radio 7 63864
radio 7 63881
radio 7 64394
radio 7 64411
radio 7 64924
radio 7 64956
radio 7 65470
radio 7 65502
radio 8 480
radio 8 510
radio 8 1023
radio 8 1076
radio 8 1590
radio 8 1607
radio 8 2120
radio 8 2168
radio 8 2682
radio 8 2699
radio 8 3212
radio 8 3248
radio 8 3762
radio 8 3790
radio 8 4304
radio 8 4332
radio 8 4846
radio 8 4863
radio 8 5376
radio 8 5427
radio 8 5941
radio 8 6010
radio 8 6524
radio 8 6541
radio 8 7054
radio 8 7105
radio 8 7619
radio 8 7687
radio 8 8201
radio 8 8252
radio 8 8766
radio 8 8783
radio 8 9296
radio 8 9366
radio 8 9880
radio 8 9948
radio 8 10462
radio 8 10479
radio 8 10992
radio 8 11044
radio 8 11558
radio 8 11614
radio 8 12128
radio 8 12181
radio 8 12695
radio 8 12765
radio 8 13279
radio 8 13467
radio 8 13981
radio 8 14031
radio 8 14545
radio 8 14593
radio 8 15107
radio 8 15141
radio 8 15655
radio 8 15704
radio 8 16218
radio 8 16250
radio 8 16764
radio 8 16792
radio 8 17306
radio 8 17374
radio 8 17888
radio 8 17905
radio 8 18418
radio 8 18530
radio 8 19044
radio 8 19061
radio 8 19574
radio 8 19646
radio 8 20160
radio 8 20213
radio 8 20727
radio 8 20835
radio 8 21349
radio 8 21422
radio 8 21936
radio 8 21991
radio 8 22505
radio 8 22522
radio 8 23035
radio 8 23106
radio 8 23620
radio 8 23733
radio 8 24247
radio 8 24358
radio 8 24872
radio 8 24889
radio 8 25402
radio 8 25456
radio 8 25970
radio 8 26021
radio 8 26535
radio 8 26552
radio 8 27065
radio 8 27082
radio 8 27595
radio 8 27612
radio 8 28125
radio 8 28142
radio 8 28655
radio 8 28706
energy 8 28868 7 38065
radio 8 29220
radio 8 29253
radio 8 29767
radio 8 29795
radio 8 30309
radio 8 30342
radio 8 30856
radio 8 30888
radio 8 31402
radio 8 31431
radio 8 31945
radio 8 32015
radio 8 32529
radio 8 32546
radio 8 33059
radio 8 33091
radio 8 33605
radio 8 33641
radio 8 34155
radio 8 34183
radio 8 34697
radio 8 34725
radio 8 35239
radio 8 35274
radio 8 35788
radio 8 35837
radio 8 36351
radio 8 36383
radio 8 36897
radio 8 36925
radio 8 37439
radio 8 37514
radio 8 38028
radio 8 38080
radio 8 38594
radio 8 38611
radio 8 39124
radio 8 39141
radio 8 39654
radio 8 39683
radio 8 40197
radio 8 40214
radio 8 40727
radio 8 40776
radio 8 41290
radio 8 41318
radio 8 41832
radio 8 41862
radio 8 42376
radio 8 42393
radio 8 42906
radio 8 42935
radio 8 43449
radio 8 43480
radio 8 43994
radio 8 44011
radio 8 44524
radio 8 44594
radio 8 45108
radio 8 45137
radio 8 45651
radio 8 45687
radio 8 46201
radio 8 46218
radio 8 46731
radio 8 46805
radio 8 47319
radio 8 47368
radio 8 47882
radio 8 47918
radio 8 48432
radio 8 48480
radio 8 48994
radio 8 49109
radio 8 49623
delay 0 2 8 49668 8 49584 14 16 2 0 321 0 0
radio 8 49676
radio 8 50190
radio 8 50231
radio 8 50744
radio 8 50815
radio 8 51329
radio 8 51363
radio 8 51877
radio 8 51894
radio 8 52407
radio 8 52457
radio 8 52971
radio 8 53003
radio 8 53517
radio 8 53550
radio 8 54064
radio 8 54081
radio 8 54594
radio 8 54629
radio 8 55143
radio 8 55171
radio 8 55685
radio 8 55702
radio 8 56215
radio 8 56250
radio 8 56764
radio 8 56817
radio 8 57331
radio 8 57348
radio 8 57861
radio 8 57917
radio 8 58431
radio 8 58487
radio 8 59001
radio 8 59053
radio 8 59567
radio 8 59603
radio 8 60117
radio 8 60165
radio 8 60679
radio 8 60731
radio 8 61245
radio 8 61274
radio 8 61788
radio 8 61837
radio 8 62351
radio 8 62423
radio 8 62937
radio 8 62986
radio 8 63500
radio 8 63531
radio 8 64045
radio 8 64118
radio 8 64632
radio 8 64664
radio 8 65178
radio 8 65207
radio 9 185
radio 9 215
radio 9 728
radio 9 762
radio 9 1275
radio 9 1306
radio 9 1819
radio 9 1847
radio 9 2361
radio 9 2378
radio 9 2891
radio 9 2921
radio 9 3435
radio 9 3464
radio 9 3978
radio 9 4013
radio 9 4527
delay 1 3 9 4669 9 4595 9 16 7 0 105 0 0
radio 9 4677
radio 9 5191
radio 9 5279
radio 9 5793
radio 9 5905
radio 9 6419
radio 9 6474
radio 9 6988
radio 9 7057
radio 9 7571
radio 9 7623
radio 9 8137
radio 9 8210
radio 9 8724
radio 9 8753
radio 9 9267
radio 9 9361
radio 9 9875
radio 9 10050
radio 9 10564
radio 9 10592
radio 9 11106
radio 9 11123
radio 9 11636
radio 9 11684
radio 9 12198
radio 9 12246
radio 9 12760
radio 9 12811
radio 9 13325
radio 9 13393
radio 9 13907
radio 9 14059
radio 9 14573
radio 9 14601
radio 9 15115
radio 9 15225
radio 9 15739
radio 9 15812
radio 9 16326
radio 9 16375
radio 9 16889
radio 9 16917
radio 9 17431
radio 9 17479
radio 9 17993
radio 9 18022
radio 9 18536
radio 9 18592
radio 9 19106
radio 9 19158
radio 9 19672
radio 9 19689
radio 9 20202
radio 9 20274
radio 9 20788
radio 9 20840
radio 9 21354
radio 9 21426
radio 9 21940
radio 9 21988
radio 9 22502
radio 9 22574
radio 9 23088
radio 9 23105
radio 9 23618
radio 9 23635
radio 9 24148
radio 9 24197
radio 9 24711
energy 9 24772 7 42401
delay 2 32 9 24821 9 23925 14 16 2 0 81 1 0
radio 9 25889
radio 9 26402
radio 9 26419
radio 9 26932
radio 9 26982
radio 9 27496
radio 9 27549
radio 9 28063
radio 9 28080
radio 9 28593
radio 9 28645
radio 9 29159
radio 9 29176
radio 9 29689
radio 9 29706
radio 9 30219
radio 9 30274
radio 9 30788
radio 9 30805
radio 9 31318
radio 9 31386
radio 9 31900
radio 9 31928
radio 9 32442
radio 9 32472
radio 9 32986
radio 9 33020
radio 9 33534
radio 9 33584
radio 9 34098
radio 9 34128
radio 9 34642
radio 9 34659
radio 9 35172
radio 9 35202
radio 9 35716
radio 9 35785
radio 9 36299
radio 9 36328
radio 9 36842
radio 9 36871
radio 9 37385
radio 9 37402
radio 9 37915
radio 9 37947
radio 9 38461
radio 9 38517
radio 9 39031
radio 9 39083
radio 9 39597
radio 9 39667
radio 9 40181
radio 9 40211
radio 9 40725
radio 9 40754
radio 9 41268
radio 9 41343
radio 9 41857
radio 9 41874
radio 9 42387
radio 9 42442
radio 9 42956
radio 9 43026
radio 9 43540
radio 9 43568
radio 9 44082
radio 9 44099
radio 9 44612
radio 9 44647
radio 9 45161
delay 3 0 9 45193 9 45249 0 16 16 1 11 1 0
radio 9 46263
radio 9 46777
radio 9 46954
radio 9 47467
radio 9 47520
