Thread[Thread-1,5,main]tree 10 11 0 14 0 0
radio 7 27805
radio 7 27809
radio 7 27825
radio 7 28339
radio 7 28412
radio 7 28926
radio 7 28943
radio 7 29456
radio 7 29508
radio 7 30022
radio 7 30090
radio 7 30604
delay 23 16 7 30653 10 55255 43 9 65535 0 65535 0 0
radio 7 30663
radio 7 31176
radio 7 31253
radio 7 31766
radio 7 31823
radio 7 32337
radio 7 32352
radio 7 32865
radio 7 32878
radio 7 33391
radio 7 33411
radio 7 33924
radio 7 33953
radio 7 34467
radio 7 34498
radio 7 35012
radio 7 35047
radio 7 35561
radio 7 35591
radio 7 36105
radio 7 36158
radio 7 36672
radio 7 36704
radio 7 37218
delay 1000 3 7 37260 7 56039 9 9 65535 0 18639 0 0
radio 7 37268
radio 7 37782
radio 7 37796
radio 7 38309
radio 7 38340
radio 7 38854
radio 7 38882
radio 7 39396
radio 7 39431
radio 7 39945
radio 7 39995
radio 7 40509
radio 7 40542
radio 7 41056
radio 7 41084
radio 7 41598
radio 7 41627
radio 7 42141
radio 7 42190
radio 7 42704
radio 7 42721
radio 7 43234
radio 7 43306
radio 7 43820
radio 7 43933
radio 7 44447
radio 7 44464
radio 7 44977
radio 7 45009
radio 7 45523
radio 7 45558
radio 7 46072
radio 7 46100
radio 7 46614
radio 7 46642
radio 7 47156
radio 7 47192
radio 7 47706
radio 7 47755
radio 7 48269
radio 7 48322
radio 7 48836
radio 7 48908
radio 7 49422
radio 7 49534
radio 7 50048
radio 7 50104
radio 7 50618
radio 7 50651
radio 7 51165
radio 7 51196
radio 7 51710
radio 7 51744
radio 7 52258
radio 7 52306
radio 7 52820
radio 7 52848
radio 7 53362
radio 7 53411
radio 7 53925
radio 7 53955
radio 7 54469
radio 7 54518
radio 7 55032
radio 7 55081
radio 7 55595
radio 7 55630
radio 7 56144
radio 7 56215
radio 7 56729
radio 7 56746
radio 7 57259
radio 7 57355
radio 7 57869
radio 7 57886
radio 7 58399
radio 7 58431
radio 7 58945
radio 7 58962
radio 7 59475
radio 7 59492
radio 7 60005
radio 7 60077
radio 7 60591
radio 7 60608
radio 7 61121
radio 7 61138
radio 7 61651
radio 7 61682
radio 7 62196
radio 7 62228
radio 7 62742
radio 7 62792
radio 7 63306
radio 7 63334
radio 7 63848
radio 7 63896
radio 7 64410
radio 7 64438
radio 7 64952
radio 7 64969
radio 7 65482
radio 7 65535
radio 8 513
radio 8 529
radio 8 1043
radio 8 1094
radio 8 1607
radio 8 1660
radio 8 2173
radio 8 2202
radio 8 2716
radio 8 2764
radio 8 3278
radio 8 3295
radio 8 3808
radio 8 3862
radio 8 4375
radio 8 4392
radio 8 4905
radio 8 4922
radio 8 5435
radio 8 5452
radio 8 5965
radio 8 6016
radio 8 6529
radio 8 6546
radio 8 7059
radio 8 7130
radio 8 7644
radio 8 7697
radio 8 8210
radio 8 8227
radio 8 8740
radio 8 8791
radio 8 9304
radio 8 9321
radio 8 9834
radio 8 9851
radio 8 10364
radio 8 10392
radio 8 10906
radio 8 10923
radio 8 11436
radio 8 11486
radio 8 12000
radio 8 12017
radio 8 12530
radio 8 12621
radio 8 13135
radio 8 13210
radio 8 13724
radio 8 13741
radio 8 14254
radio 8 14362
radio 8 14876
radio 8 14906
radio 8 15420
radio 8 15437
radio 8 15950
radio 8 15979
radio 8 16493
radio 8 16510
radio 8 17023
radio 8 17132
radio 8 17646
radio 8 17796
radio 8 18310
radio 8 18341
radio 8 18855
radio 8 18910
radio 8 19424
radio 8 19454
radio 8 19968
radio 8 19985
radio 8 20498
radio 8 20547
radio 8 21061
radio 8 21116
radio 8 21630
radio 8 21701
radio 8 22215
radio 8 22232
radio 8 22745
radio 8 22798
radio 8 23312
radio 8 23385
energy 8 23720 7 31714
radio 8 23899
radio 8 24010
radio 8 24524
radio 8 24580
radio 8 25094
radio 8 25163
radio 8 25677
radio 8 25694
radio 8 26207
radio 8 26260
radio 8 26774
radio 8 26842
radio 8 27356
radio 8 27385
radio 8 27899
radio 8 27916
radio 8 28429
radio 8 28446
radio 8 28959
radio 8 28976
radio 8 29489
radio 8 29523
radio 8 30037
radio 8 30054
radio 8 30567
radio 8 30615
radio 8 31129
radio 8 31146
radio 8 31659
radio 8 31710
radio 8 32224
radio 8 32279
radio 8 32793
radio 8 32810
radio 8 33323
radio 8 33340
radio 8 33853
radio 8 33870
radio 8 34383
radio 8 34431
radio 8 34945
radio 8 34974
radio 8 35488
radio 8 35505
radio 8 36018
radio 8 36051
radio 8 36565
radio 8 36582
radio 8 37095
radio 8 37112
radio 8 37625
radio 8 37660
radio 8 38174
radio 8 38205
radio 8 38719
radio 8 38736
radio 8 39249
radio 8 39317
radio 8 39831
radio 8 39848
radio 8 40361
radio 8 40470
radio 8 40984
radio 8 41036
radio 8 41550
radio 8 41623
radio 8 42137
radio 8 42187
radio 8 42701
radio 8 42734
radio 8 43248
radio 8 43265
radio 8 43778
radio 8 43811
radio 8 44325
radio 8 44361
radio 8 44875
radio 8 44927
radio 8 45441
radio 8 45490
radio 8 46004
radio 8 46032
radio 8 46546
radio 8 46594
radio 8 47108
radio 8 47140
radio 8 47654
radio 8 47671
radio 8 48184
radio 8 48215
radio 8 48729
radio 8 48746
radio 8 49259
delay 0 2 8 49274 8 49539 14 9 65535 0 276 0 0
radio 8 49282
radio 8 49796
radio 8 49979
radio 8 50493
radio 8 50550
radio 8 51064
radio 8 51092
radio 8 51606
radio 8 51635
radio 8 52149
radio 8 52182
radio 8 52696
radio 8 52724
radio 8 53238
radio 8 53255
radio 8 53768
radio 8 53785
radio 8 54298
radio 8 54315
radio 8 54828
radio 8 54856
radio 8 55370
radio 8 55387
radio 8 55900
radio 8 55934
radio 8 56448
radio 8 56519
radio 8 57033
radio 8 57084
radio 8 57598
radio 8 57672
radio 8 58186
radio 8 58238
radio 8 58752
radio 8 58769
radio 8 59282
radio 8 59313
radio 8 59827
radio 8 59855
radio 8 60369
radio 8 60400
radio 8 60914
radio 8 60965
radio 8 61479
radio 8 61549
radio 8 62063
radio 8 62092
radio 8 62606
radio 8 62634
radio 8 63148
radio 8 63182
radio 8 63696
radio 8 63746
radio 8 64260
radio 8 64288
radio 8 64802
radio 8 64830
radio 8 65344
radio 8 65361
radio 9 338
radio 9 354
radio 9 868
radio 9 959
radio 9 1472
radio 9 1506
radio 9 2019
radio 9 2048
radio 9 2562
radio 9 2591
radio 9 3104
radio 9 3158
radio 9 3671
radio 9 3688
radio 9 4201
delay 1 22 9 4447 9 4246 14 9 65535 0 489 0 0
radio 9 4455
radio 9 4969
radio 9 5050
radio 9 5563
radio 9 5598
radio 9 6111
radio 9 6139
radio 9 6652
radio 9 6669
radio 9 7182
radio 9 7233
radio 9 7746
radio 9 7794
radio 9 8307
radio 9 8399
radio 9 8912
radio 9 9021
radio 9 9534
radio 9 9589
radio 9 10102
radio 9 10170
radio 9 10684
radio 9 10713
radio 9 11227
radio 9 11244
radio 9 11757
radio 9 11785
radio 9 12299
radio 9 12316
radio 9 12829
radio 9 12941
radio 9 13455
radio 9 13528
radio 9 14042
radio 9 14091
radio 9 14605
radio 9 14622
radio 9 15135
radio 9 15205
radio 9 15719
radio 9 15736
radio 9 16249
radio 9 16281
radio 9 16795
radio 9 16826
radio 9 17340
radio 9 17390
radio 9 17904
radio 9 17935
radio 9 18449
radio 9 18499
radio 9 19013
radio 9 19083
radio 9 19597
energy 9 19624 7 35748
radio 9 19630
radio 9 20144
radio 9 20177
radio 9 20691
radio 9 20759
radio 9 21273
radio 9 21327
radio 9 21841
radio 9 21917
radio 9 22431
radio 9 22544
radio 9 23058
radio 9 23075
radio 9 23588
radio 9 23640
radio 9 24154
radio 9 24186
radio 9 24700
delay 2 42 9 24774 9 24037 14 9 65535 0 115 1 0
radio 9 25841
radio 9 26355
radio 9 26425
radio 9 26939
radio 9 26987
radio 9 27501
radio 9 27573
radio 9 28087
radio 9 28116
radio 9 28630
radio 9 28660
radio 9 29174
radio 9 29207
radio 9 29721
radio 9 29750
radio 9 30264
radio 9 30295
radio 9 30809
radio 9 30839
radio 9 31353
radio 9 31381
radio 9 31895
radio 9 31930
radio 9 32444
radio 9 32473
radio 9 32987
radio 9 33015
radio 9 33529
radio 9 33557
radio 9 34071
radio 9 34119
radio 9 34633
radio 9 34703
radio 9 35217
radio 9 35248
radio 9 35762
radio 9 35790
radio 9 36304
radio 9 36352
radio 9 36866
radio 9 36897
radio 9 37411
radio 9 37441
radio 9 37955
radio 9 38007
radio 9 38521
radio 9 38630
radio 9 39144
radio 9 39214
radio 9 39728
radio 9 39757
radio 9 40271
radio 9 40304
radio 9 40818
radio 9 40893
radio 9 41407
radio 9 41435
radio 9 41949
radio 9 41980
radio 9 42494
radio 9 42511
radio 9 43024
radio 9 43080
radio 9 43594
radio 9 43611
radio 9 44124
radio 9 44155
radio 9 44669
radio 9 44717
radio 9 45231
delay 3 1 9 45356 9 45699 16 9 65535 0 501 0 0
radio 9 45364
radio 9 45878
radio 9 46242
radio 9 46756
radio 9 46840
