Thread[Thread-1,5,main]tree 47 24 47 14 0 0
radio 7 51365
radio 7 51369
radio 7 51417
radio 7 51931
radio 7 51962
radio 7 52476
radio 7 52493
radio 7 53006
radio 7 53041
radio 7 53555
radio 7 53591
radio 7 54105
radio 7 54122
radio 7 54635
radio 7 54668
radio 7 55182
radio 7 55199
radio 7 55712
radio 7 55729
radio 7 56242
radio 7 56290
radio 7 56804
radio 7 56858
radio 7 57372
radio 7 57389
radio 7 57902
radio 7 57919
radio 7 58432
radio 7 58449
radio 7 58962
radio 7 58979
radio 7 59492
radio 7 59524
radio 7 60038
radio 7 60071
radio 7 60585
radio 7 60635
radio 7 61149
radio 7 61182
radio 7 61696
radio 7 61729
radio 7 62243
radio 7 62260
radio 7 62773
radio 7 62790
radio 7 63303
radio 7 63320
radio 7 63833
radio 7 63866
radio 7 64380
radio 7 64411
radio 7 64925
radio 7 64956
radio 7 65470
radio 7 65487
radio 8 464
radio 8 480
radio 8 994
radio 8 1022
radio 8 1536
radio 8 1553
radio 8 2066
radio 8 2141
radio 8 2654
radio 8 2704
radio 8 3217
radio 8 3234
radio 8 3747
radio 8 3817
radio 8 4330
radio 8 4347
radio 8 4860
radio 8 4912
radio 8 5425
radio 8 5460
radio 8 5973
radio 8 6004
radio 8 6517
radio 8 6545
radio 8 7058
radio 8 7086
radio 8 7599
radio 8 7627
radio 8 8140
radio 8 8157
radio 8 8670
radio 8 8698
radio 8 9211
radio 8 9228
radio 8 9741
radio 8 9791
radio 8 10304
radio 8 10321
radio 8 10834
radio 8 10882
radio 8 11396
radio 8 11413
radio 8 11926
radio 8 11956
radio 8 12470
radio 8 12562
radio 8 13076
radio 8 13150
radio 8 13664
radio 8 13779
radio 8 14293
radio 8 14310
radio 8 14823
radio 8 14840
radio 8 15353
radio 8 15381
radio 8 15895
radio 8 15931
radio 8 16445
radio 8 16478
radio 8 16992
radio 8 17009
radio 8 17522
radio 8 17550
radio 8 18064
radio 8 18093
radio 8 18607
radio 8 18637
radio 8 19151
radio 8 19168
radio 8 19681
radio 8 19754
radio 8 20268
radio 8 20320
radio 8 20834
radio 8 20865
radio 8 21379
radio 8 21427
radio 8 21941
radio 8 21974
radio 8 22488
radio 8 22505
radio 8 23018
radio 8 23047
radio 8 23561
radio 8 23578
radio 8 24091
radio 8 24145
radio 8 24659
radio 8 24690
radio 8 25204
radio 8 25255
radio 8 25769
radio 8 25822
radio 8 26336
radio 8 26364
radio 8 26878
radio 8 26895
radio 8 27408
radio 8 27459
radio 8 27973
radio 8 28022
radio 8 28536
radio 8 28571
radio 8 29085
radio 8 29135
radio 8 29649
radio 8 29682
radio 8 30196
radio 8 30225
radio 8 30739
radio 8 30756
radio 8 31269
radio 8 31286
radio 8 31799
radio 8 31853
radio 8 32367
radio 8 32384
radio 8 32897
radio 8 32953
radio 8 33467
radio 8 33484
radio 8 33997
radio 8 34014
radio 8 34527
radio 8 34576
radio 8 35090
radio 8 35119
radio 8 35633
radio 8 35661
radio 8 36175
radio 8 36207
radio 8 36721
radio 8 36756
radio 8 37270
radio 8 37287
radio 8 37800
radio 8 37828
radio 8 38342
radio 8 38359
radio 8 38872
radio 8 38900
radio 8 39414
radio 8 39463
radio 8 39977
radio 8 39994
radio 8 40507
radio 8 40536
radio 8 41050
radio 8 41078
radio 8 41592
radio 8 41609
radio 8 42122
radio 8 42139
radio 8 42652
radio 8 42685
radio 8 43199
radio 8 43216
radio 8 43729
radio 8 43761
radio 8 44275
radio 8 44292
radio 8 44805
radio 8 44836
radio 8 45350
radio 8 45386
radio 8 45900
radio 8 45935
radio 8 46449
radio 8 46485
radio 8 46999
radio 8 47033
energy 8 47280 7 54325
radio 8 47547
radio 8 47564
radio 8 48077
radio 8 48094
radio 8 48607
radio 8 48624
radio 8 49137
delay 0 7 8 49159 8 49411 25 25 65535 0 27 1 0
radio 8 50230
radio 8 50743
radio 8 50760
radio 8 51273
radio 8 51290
radio 8 51803
radio 8 51836
radio 8 52350
radio 8 52367
radio 8 52880
radio 8 52908
radio 8 53422
radio 8 53454
radio 8 53968
radio 8 53985
radio 8 54498
radio 8 54571
radio 8 55085
radio 8 55135
radio 8 55649
radio 8 55723
radio 8 56237
radio 8 56288
radio 8 56802
radio 8 56819
radio 8 57332
radio 8 57365
radio 8 57879
radio 8 57911
radio 8 58425
radio 8 58454
radio 8 58968
radio 8 58985
radio 8 59498
radio 8 59526
radio 8 60040
radio 8 60057
radio 8 60570
radio 8 60600
radio 8 61114
radio 8 61147
radio 8 61661
radio 8 61678
radio 8 62191
radio 8 62227
radio 8 62741
radio 8 62758
radio 8 63271
radio 8 63288
radio 8 63801
radio 8 63832
radio 8 64346
radio 8 64376
radio 8 64890
radio 8 64907
radio 8 65420
radio 8 65492
radio 9 470
radio 9 498
radio 9 1011
radio 9 1028
radio 9 1541
radio 9 1558
radio 9 2071
radio 9 2125
radio 9 2638
radio 9 2655
radio 9 3168
radio 9 3201
radio 9 3714
radio 9 3731
radio 9 4244
delay 1 27 9 4289 9 4030 18 25 7 0 332 0 0
radio 9 4296
radio 9 4810
radio 9 4890
radio 9 5403
radio 9 5439
radio 9 5953
radio 9 6003
radio 9 6516
radio 9 6549
radio 9 7062
radio 9 7112
radio 9 7625
radio 9 7642
radio 9 8155
radio 9 8187
radio 9 8700
radio 9 8731
radio 9 9244
radio 9 9261
radio 9 9774
radio 9 9826
radio 9 10339
radio 9 10369
radio 9 10883
radio 9 10933
radio 9 11447
radio 9 11483
radio 9 11997
radio 9 12025
radio 9 12539
radio 9 12770
radio 9 13284
radio 9 13312
radio 9 13826
radio 9 13857
radio 9 14371
radio 9 14388
radio 9 14901
radio 9 14918
radio 9 15431
radio 9 15463
radio 9 15977
radio 9 16026
radio 9 16540
radio 9 16615
radio 9 17129
radio 9 17179
radio 9 17693
radio 9 17764
radio 9 18278
radio 9 18329
radio 9 18843
radio 9 18915
radio 9 19429
radio 9 19446
radio 9 19959
radio 9 19976
radio 9 20489
radio 9 20521
radio 9 21035
radio 9 21070
radio 9 21584
radio 9 21619
radio 9 22133
radio 9 22166
radio 9 22680
radio 9 22697
radio 9 23210
radio 9 23266
radio 9 23780
radio 9 23831
radio 9 24345
delay 2 7 9 24526 9 24779 25 25 65535 0 103 0 0
radio 9 24534
radio 9 25048
radio 9 25533
radio 9 26047
radio 9 26119
radio 9 26633
radio 9 26668
radio 9 27182
radio 9 27213
radio 9 27727
radio 9 27755
radio 9 28269
radio 9 28321
radio 9 28835
radio 9 28887
radio 9 29401
radio 9 29433
radio 9 29947
radio 9 29983
radio 9 30497
radio 9 30547
radio 9 31061
radio 9 31078
radio 9 31591
radio 9 31608
radio 9 32121
radio 9 32138
radio 9 32651
radio 9 32685
radio 9 33199
radio 9 33216
radio 9 33729
radio 9 33757
radio 9 34271
radio 9 34326
radio 9 34840
radio 9 34869
radio 9 35383
radio 9 35411
radio 9 35925
radio 9 35956
radio 9 36470
radio 9 36538
radio 9 37052
radio 9 37106
radio 9 37620
radio 9 37688
radio 9 38202
radio 9 38250
radio 9 38764
radio 9 38793
radio 9 39307
radio 9 39324
radio 9 39837
radio 9 39854
radio 9 40367
radio 9 40415
radio 9 40929
radio 9 40982
radio 9 41496
radio 9 41564
radio 9 42078
radio 9 42131
radio 9 42645
radio 9 42662
radio 9 43175
energy 9 43190 7 59331
radio 9 43209
radio 9 43723
radio 9 43751
radio 9 44265
radio 9 44282
radio 9 44795
delay 3 1 9 44812 9 45216 16 25 9 0 18 1 0
radio 9 45893
radio 9 46407
radio 9 46489
radio 9 47003
radio 9 47023
