Thread[Thread-1,5,main]tree 1000 25 46 14 0 0
radio 7 45231
radio 7 45234
radio 7 45251
radio 7 45764
radio 7 45781
radio 7 46294
radio 7 46327
radio 7 46841
radio 7 46869
radio 7 47383
radio 7 47400
radio 7 47913
radio 7 47944
radio 7 48458
radio 7 48475
radio 7 48988
radio 7 49005
radio 7 49518
radio 7 49535
radio 7 50048
radio 7 50065
radio 7 50578
radio 7 50608
radio 7 51122
radio 7 51139
radio 7 51652
radio 7 51669
radio 7 52182
radio 7 52236
radio 7 52750
radio 7 52767
radio 7 53280
radio 7 53297
radio 7 53810
radio 7 53827
radio 7 54340
radio 7 54357
radio 7 54870
radio 7 54901
radio 7 55415
radio 7 55432
radio 7 55945
radio 7 55975
radio 7 56489
radio 7 56657
radio 7 57171
radio 7 57223
radio 7 57737
radio 7 57754
radio 7 58267
radio 7 58318
radio 7 58832
radio 7 58867
radio 7 59381
radio 7 59398
radio 7 59911
radio 7 59959
radio 7 60473
radio 7 60501
radio 7 61015
radio 7 61044
radio 7 61558
radio 7 61575
radio 7 62088
radio 7 62105
radio 7 62618
radio 7 62635
radio 7 63148
radio 7 63197
radio 7 63711
radio 7 63742
radio 7 64256
radio 7 64273
radio 7 64786
radio 7 64803
radio 7 65316
radio 7 65333
radio 8 310
radio 8 358
radio 8 871
radio 8 921
radio 8 1434
radio 8 1502
radio 8 2016
radio 8 2065
radio 8 2578
radio 8 2595
radio 8 3108
radio 8 3163
radio 8 3677
radio 8 3694
radio 8 4207
radio 8 4224
radio 8 4737
radio 8 4754
radio 8 5267
radio 8 5317
radio 8 5831
radio 8 5848
radio 8 6361
radio 8 6413
radio 8 6926
radio 8 6954
radio 8 7468
radio 8 7523
radio 8 8037
radio 8 8147
radio 8 8660
radio 8 8677
radio 8 9190
radio 8 9261
radio 8 9775
radio 8 9792
radio 8 10305
radio 8 10357
radio 8 10871
radio 8 10923
radio 8 11437
radio 8 11454
radio 8 11967
radio 8 12016
radio 8 12530
radio 8 12547
radio 8 13060
radio 8 13170
radio 8 13684
radio 8 13701
radio 8 14214
radio 8 14231
radio 8 14744
radio 8 14761
radio 8 15274
radio 8 15343
radio 8 15857
radio 8 15874
radio 8 16387
radio 8 16404
radio 8 16917
radio 8 16934
radio 8 17447
radio 8 17464
radio 8 17977
radio 8 17994
radio 8 18507
radio 8 18538
radio 8 19052
radio 8 19102
radio 8 19616
radio 8 19633
radio 8 20146
radio 8 20163
radio 8 20676
radio 8 20693
radio 8 21206
radio 8 21223
radio 8 21736
radio 8 21772
radio 8 22286
radio 8 22303
radio 8 22816
radio 8 22890
radio 8 23404
radio 8 23457
radio 8 23971
radio 8 23988
radio 8 24501
radio 8 24555
radio 8 25069
radio 8 25086
radio 8 25599
radio 8 25616
radio 8 26129
radio 8 26146
radio 8 26659
radio 8 26676
radio 8 27189
radio 8 27206
radio 8 27719
radio 8 27736
radio 8 28249
radio 8 28266
radio 8 28779
radio 8 28808
radio 8 29322
radio 8 29339
radio 8 29852
radio 8 29883
radio 8 30397
radio 8 30414
radio 8 30927
radio 8 30956
radio 8 31470
radio 8 31487
radio 8 32000
radio 8 32028
radio 8 32542
radio 8 32559
radio 8 33072
radio 8 33089
radio 8 33602
radio 8 33619
radio 8 34132
radio 8 34149
radio 8 34662
radio 8 34679
radio 8 35192
radio 8 35209
radio 8 35722
radio 8 35775
radio 8 36289
radio 8 36324
radio 8 36838
radio 8 36855
radio 8 37368
radio 8 37385
radio 8 37898
radio 8 37915
radio 8 38428
radio 8 38445
radio 8 38958
radio 8 38975
radio 8 39488
radio 8 39505
radio 8 40018
radio 8 40035
radio 8 40548
radio 8 40599
radio 8 41113
energy 8 41156 7 47886
radio 8 41185
radio 8 41699
radio 8 41767
radio 8 42281
radio 8 42336
radio 8 42850
radio 8 42885
radio 8 43399
radio 8 43416
radio 8 43929
radio 8 43946
radio 8 44459
radio 8 44476
radio 8 44989
radio 8 45006
radio 8 45519
radio 8 45554
radio 8 46068
radio 8 46099
radio 8 46613
radio 8 46630
radio 8 47143
radio 8 47171
radio 8 47685
radio 8 47702
radio 8 48215
radio 8 48232
radio 8 48745
delay 0 49 8 48917 8 48743 25 25 65535 0 130 0 0
radio 8 48925
radio 8 49439
radio 8 49657
radio 8 50171
radio 8 50201
radio 8 50715
radio 8 50788
radio 8 51302
radio 8 51319
radio 8 51832
radio 8 51849
radio 8 52362
radio 8 52379
radio 8 52892
radio 8 52909
radio 8 53422
radio 8 53439
radio 8 53952
radio 8 53987
radio 8 54501
radio 8 54518
radio 8 55031
radio 8 55086
radio 8 55600
radio 8 55617
radio 8 56130
radio 8 56164
radio 8 56678
radio 8 56695
radio 8 57208
radio 8 57284
radio 8 57798
radio 8 57827
radio 8 58341
radio 8 58376
radio 8 58890
radio 8 58960
radio 8 59474
radio 8 59506
radio 8 60020
radio 8 60037
radio 8 60550
radio 8 60567
radio 8 61080
radio 8 61111
radio 8 61625
radio 8 61655
radio 8 62169
radio 8 62186
radio 8 62699
radio 8 62716
radio 8 63229
radio 8 63246
radio 8 63759
radio 8 63776
radio 8 64289
radio 8 64306
radio 8 64819
radio 8 64836
radio 8 65349
radio 8 65398
radio 9 376
radio 9 392
radio 9 906
radio 9 922
radio 9 1436
radio 9 1487
radio 9 2000
radio 9 2017
radio 9 2530
radio 9 2561
radio 9 3074
radio 9 3104
radio 9 3617
delay 1 49 9 3638 9 3464 25 25 65535 0 378 0 0
radio 9 3645
radio 9 4160
radio 9 4314
radio 9 4827
radio 9 4844
radio 9 5357
radio 9 5374
radio 9 5887
radio 9 5904
radio 9 6417
radio 9 6434
radio 9 6947
radio 9 6963
radio 9 7477
radio 9 7526
radio 9 8039
radio 9 8073
radio 9 8586
radio 9 8615
radio 9 9129
radio 9 9146
radio 9 9659
radio 9 9695
radio 9 10208
radio 9 10239
radio 9 10753
radio 9 10770
radio 9 11283
radio 9 11312
radio 9 11826
radio 9 11881
radio 9 12395
radio 9 12446
radio 9 12960
radio 9 13195
radio 9 13709
radio 9 13757
radio 9 14271
radio 9 14340
radio 9 14854
radio 9 14922
radio 9 15436
radio 9 15453
radio 9 15966
radio 9 15983
radio 9 16496
radio 9 16513
radio 9 17026
radio 9 17043
radio 9 17556
radio 9 17573
radio 9 18086
radio 9 18103
radio 9 18616
radio 9 18633
radio 9 19146
radio 9 19174
radio 9 19688
radio 9 19742
radio 9 20256
radio 9 20273
radio 9 20786
radio 9 20840
radio 9 21354
radio 9 21430
radio 9 21944
radio 9 21996
radio 9 22510
radio 9 22580
radio 9 23094
radio 9 23149
radio 9 23663
delay 2 8 9 23939 9 24775 9 25 16 1 248 0 0
radio 9 25016
radio 9 25529
radio 9 25557
radio 9 26071
radio 9 26143
radio 9 26657
radio 9 26674
radio 9 27187
radio 9 27204
radio 9 27717
radio 9 27734
radio 9 28247
radio 9 28298
radio 9 28812
radio 9 28842
radio 9 29356
radio 9 29373
radio 9 29886
radio 9 29922
radio 9 30436
radio 9 30489
radio 9 31003
radio 9 31057
radio 9 31571
radio 9 31641
radio 9 32155
radio 9 32191
radio 9 32705
radio 9 32737
radio 9 33251
radio 9 33285
radio 9 33799
radio 9 33847
radio 9 34361
radio 9 34393
radio 9 34907
radio 9 34924
radio 9 35437
radio 9 35470
radio 9 35984
radio 9 36018
radio 9 36532
radio 9 36549
energy 9 37050 7 52694
radio 9 37062
radio 9 37098
radio 9 37612
radio 9 37663
radio 9 38177
radio 9 38194
radio 9 38707
radio 9 38724
radio 9 39237
radio 9 39265
radio 9 39779
radio 9 39809
radio 9 40323
radio 9 40354
radio 9 40868
radio 9 40896
radio 9 41410
radio 9 41443
radio 9 41957
radio 9 41986
radio 9 42500
radio 9 42534
radio 9 43048
radio 9 43065
radio 9 43578
radio 9 43595
radio 9 44108
radio 9 44163
radio 9 44677
delay 3 36 9 44788 9 44897 18 25 7 0 603 0 0
radio 9 44797
radio 9 45311
radio 9 45396
radio 9 45910
radio 9 45982
radio 9 46495
radio 9 46530
