Thread[Thread-1,5,main]tree 20 16 43 14 0 0
radio 7 50335
radio 7 50339
radio 7 50367
radio 7 50881
radio 7 50909
radio 7 51423
radio 7 51440
radio 7 51953
radio 7 51984
radio 7 52498
radio 7 52530
radio 7 53044
radio 7 53061
radio 7 53574
radio 7 53591
radio 7 54104
radio 7 54138
radio 7 54652
radio 7 54680
radio 7 55194
radio 7 55229
radio 7 55743
radio 7 55760
radio 7 56273
radio 7 56290
radio 7 56803
radio 7 56832
radio 7 57346
radio 7 57363
radio 7 57876
radio 7 57912
radio 7 58426
radio 7 58443
radio 7 58956
radio 7 59010
radio 7 59524
radio 7 59553
radio 7 60067
radio 7 60084
radio 7 60597
radio 7 60632
radio 7 61146
radio 7 61200
radio 7 61714
radio 7 61731
radio 7 62244
radio 7 62261
radio 7 62774
radio 7 62791
radio 7 63304
radio 7 63337
radio 7 63851
radio 7 63868
radio 7 64381
radio 7 64398
radio 7 64911
radio 7 64943
radio 7 65457
radio 7 65509
radio 8 487
radio 8 504
radio 8 1017
radio 8 1045
radio 8 1558
radio 8 1575
radio 8 2088
radio 8 2105
radio 8 2618
radio 8 2635
radio 8 3148
radio 8 3182
radio 8 3696
radio 8 3726
radio 8 4240
radio 8 4272
radio 8 4786
radio 8 4814
radio 8 5328
radio 8 5345
radio 8 5858
radio 8 5875
radio 8 6388
radio 8 6419
radio 8 6933
radio 8 6969
radio 8 7483
radio 8 7500
radio 8 8013
radio 8 8030
radio 8 8543
radio 8 8577
radio 8 9091
radio 8 9108
radio 8 9621
radio 8 9638
radio 8 10151
radio 8 10168
radio 8 10681
radio 8 10733
radio 8 11247
radio 8 11298
radio 8 11812
radio 8 11860
radio 8 12374
radio 8 12391
radio 8 12904
radio 8 12921
radio 8 13434
radio 8 13502
radio 8 14016
radio 8 14046
radio 8 14560
radio 8 14589
radio 8 15103
radio 8 15120
radio 8 15633
radio 8 15650
radio 8 16163
radio 8 16251
radio 8 16765
radio 8 16782
radio 8 17295
radio 8 17312
radio 8 17825
radio 8 17842
radio 8 18355
radio 8 18446
radio 8 18960
radio 8 18977
radio 8 19490
radio 8 19524
radio 8 20038
radio 8 20055
radio 8 20568
radio 8 20637
radio 8 21151
radio 8 21168
radio 8 21681
radio 8 21698
radio 8 22211
radio 8 22228
radio 8 22741
radio 8 22758
radio 8 23271
radio 8 23288
radio 8 23801
radio 8 23818
radio 8 24331
radio 8 24348
radio 8 24861
radio 8 24889
radio 8 25403
radio 8 25420
radio 8 25933
radio 8 25950
radio 8 26463
radio 8 26493
radio 8 27007
radio 8 27035
radio 8 27549
radio 8 27578
radio 8 28092
radio 8 28124
radio 8 28638
radio 8 28655
radio 8 29168
radio 8 29185
radio 8 29698
radio 8 29715
radio 8 30228
radio 8 30245
radio 8 30758
radio 8 30809
radio 8 31323
radio 8 31340
radio 8 31853
radio 8 31870
radio 8 32383
radio 8 32400
radio 8 32913
radio 8 32930
radio 8 33443
radio 8 33460
radio 8 33973
radio 8 33990
radio 8 34503
radio 8 34520
radio 8 35033
radio 8 35050
radio 8 35563
radio 8 35580
radio 8 36093
radio 8 36110
radio 8 36623
radio 8 36640
radio 8 37153
radio 8 37185
radio 8 37699
radio 8 37751
radio 8 38265
radio 8 38282
radio 8 38795
radio 8 38847
radio 8 39361
radio 8 39378
radio 8 39891
radio 8 39927
radio 8 40441
radio 8 40458
radio 8 40971
radio 8 40988
radio 8 41501
radio 8 41535
radio 8 42049
radio 8 42077
radio 8 42591
radio 8 42608
radio 8 43121
radio 8 43138
radio 8 43651
radio 8 43700
radio 8 44214
radio 8 44231
radio 8 44744
radio 8 44780
radio 8 45294
radio 8 45311
radio 8 45824
radio 8 45841
energy 8 46250 7 52605
radio 8 46354
radio 8 46385
radio 8 46899
radio 8 46916
radio 8 47429
radio 8 47446
radio 8 47959
radio 8 47991
radio 8 48505
delay 0 46 8 49046 8 48988 16 14 65535 0 571 0 0
radio 8 49055
radio 8 49568
radio 8 49615
radio 8 50128
radio 8 50145
radio 8 50658
radio 8 50675
radio 8 51188
radio 8 51205
radio 8 51718
radio 8 51735
radio 8 52248
radio 8 52303
radio 8 52817
radio 8 52834
radio 8 53347
radio 8 53364
radio 8 53877
radio 8 53894
radio 8 54407
radio 8 54424
radio 8 54937
radio 8 54954
radio 8 55467
radio 8 55484
radio 8 55997
radio 8 56014
radio 8 56527
radio 8 56598
radio 8 57112
radio 8 57129
radio 8 57642
radio 8 57675
radio 8 58189
radio 8 58219
radio 8 58733
radio 8 58750
radio 8 59263
radio 8 59280
radio 8 59793
radio 8 59823
radio 8 60337
radio 8 60367
radio 8 60881
radio 8 60898
radio 8 61411
radio 8 61428
radio 8 61941
radio 8 61972
radio 8 62486
radio 8 62503
radio 8 63016
radio 8 63033
radio 8 63546
radio 8 63574
radio 8 64088
radio 8 64136
radio 8 64650
radio 8 64667
radio 8 65180
radio 8 65197
radio 9 174
radio 9 191
radio 9 704
radio 9 721
radio 9 1234
radio 9 1268
radio 9 1781
radio 9 1798
radio 9 2311
radio 9 2328
radio 9 2841
radio 9 2917
radio 9 3430
delay 1 43 9 3685 9 3680 9 14 5 0 414 0 0
radio 9 3692
radio 9 4206
radio 9 4432
radio 9 4945
radio 9 5014
radio 9 5527
radio 9 5562
radio 9 6075
radio 9 6092
radio 9 6605
radio 9 6622
radio 9 7135
radio 9 7183
radio 9 7697
radio 9 7845
radio 9 8358
radio 9 8393
radio 9 8906
radio 9 8994
radio 9 9507
radio 9 9524
radio 9 10037
radio 9 10054
radio 9 10567
radio 9 10584
radio 9 11097
radio 9 11130
radio 9 11644
radio 9 11661
radio 9 12174
radio 9 12266
radio 9 12780
radio 9 12797
radio 9 13310
radio 9 13338
radio 9 13852
radio 9 13869
radio 9 14382
radio 9 14399
radio 9 14912
radio 9 14943
radio 9 15457
radio 9 15491
radio 9 16005
radio 9 16033
radio 9 16547
radio 9 16564
radio 9 17077
radio 9 17094
radio 9 17607
radio 9 17624
radio 9 18137
radio 9 18154
radio 9 18667
radio 9 18684
radio 9 19197
radio 9 19214
radio 9 19727
radio 9 19744
radio 9 20257
radio 9 20274
radio 9 20787
radio 9 20818
radio 9 21332
radio 9 21383
radio 9 21897
radio 9 21914
radio 9 22427
radio 9 22461
radio 9 22975
radio 9 22992
radio 9 23505
radio 9 23522
radio 9 24035
delay 2 42 9 24052 9 24068 14 14 65535 0 146 0 0
radio 9 24060
radio 9 24574
radio 9 24595
radio 9 25108
radio 9 25123
radio 9 25637
radio 9 25669
radio 9 26183
radio 9 26200
radio 9 26713
radio 9 26730
radio 9 27243
radio 9 27260
radio 9 27773
radio 9 27790
radio 9 28303
radio 9 28320
radio 9 28833
radio 9 28850
radio 9 29363
radio 9 29380
radio 9 29893
radio 9 29910
radio 9 30423
radio 9 30440
radio 9 30953
radio 9 30982
radio 9 31496
radio 9 31513
radio 9 32026
radio 9 32062
radio 9 32576
radio 9 32593
radio 9 33106
radio 9 33134
radio 9 33648
radio 9 33665
radio 9 34178
radio 9 34195
radio 9 34708
radio 9 34737
radio 9 35251
radio 9 35282
radio 9 35796
radio 9 35844
radio 9 36358
radio 9 36375
radio 9 36888
radio 9 36905
radio 9 37418
radio 9 37448
radio 9 37962
radio 9 37979
radio 9 38492
radio 9 38509
radio 9 39022
radio 9 39057
radio 9 39571
radio 9 39619
radio 9 40133
radio 9 40150
radio 9 40663
radio 9 40680
radio 9 41193
radio 9 41210
radio 9 41723
radio 9 41758
energy 9 42154 7 55819
radio 9 42272
radio 9 42302
radio 9 42816
radio 9 42865
radio 9 43379
radio 9 43396
radio 9 43909
radio 9 43958
radio 9 44472
delay 3 13 9 44515 9 44869 16 14 65535 0 225 0 0
radio 9 44523
radio 9 45038
radio 9 45086
radio 9 45599
radio 9 45617
radio 9 46130
radio 9 46147
