Thread[Thread-1,5,main]tree 5 11 0 14 16 1
radio 7 56499
radio 7 56503
radio 7 56531
radio 7 57045
radio 7 57076
radio 7 57590
radio 7 57607
radio 7 58120
radio 7 58173
radio 7 58687
radio 7 58738
radio 7 59252
radio 7 59284
radio 7 59798
radio 7 59815
radio 7 60328
radio 7 60377
radio 7 60891
radio 7 60908
radio 7 61421
radio 7 61473
radio 7 61987
radio 7 62022
radio 7 62536
radio 7 62569
radio 7 63083
radio 7 63113
radio 7 63627
radio 7 63644
radio 7 64157
radio 7 64174
radio 7 64687
radio 7 64737
radio 7 65251
radio 7 65268
radio 8 245
radio 8 294
radio 8 807
radio 8 835
radio 8 1348
radio 8 1365
radio 8 1878
radio 8 1930
radio 8 2443
radio 8 2491
radio 8 3004
radio 8 3035
radio 8 3548
radio 8 3579
radio 8 4092
radio 8 4109
radio 8 4622
radio 8 4638
radio 8 5152
radio 8 5188
radio 8 5701
radio 8 5751
radio 8 6264
radio 8 6314
radio 8 6827
radio 8 6843
radio 8 7357
radio 8 7374
radio 8 7887
radio 8 7918
radio 8 8431
radio 8 8479
radio 8 8992
radio 8 9009
radio 8 9522
radio 8 9554
radio 8 10067
radio 8 10084
radio 8 10597
radio 8 10646
radio 8 11160
radio 8 11193
radio 8 11707
radio 8 11724
radio 8 12237
radio 8 12270
radio 8 12784
radio 8 12812
radio 8 13326
radio 8 13402
radio 8 13916
radio 8 13945
radio 8 14459
radio 8 14476
radio 8 14989
radio 8 15020
radio 8 15534
radio 8 15551
radio 8 16064
radio 8 16120
radio 8 16634
radio 8 16665
radio 8 17179
radio 8 17196
radio 8 17709
radio 8 17726
radio 8 18239
radio 8 18268
radio 8 18782
radio 8 18799
radio 8 19312
radio 8 19344
radio 8 19858
radio 8 19886
radio 8 20400
radio 8 20417
radio 8 20930
radio 8 20947
radio 8 21460
radio 8 21477
radio 8 21990
radio 8 22007
radio 8 22520
radio 8 22632
radio 8 23146
radio 8 23257
radio 8 23771
radio 8 23788
radio 8 24301
radio 8 24337
radio 8 24851
radio 8 24884
radio 8 25398
radio 8 25429
radio 8 25943
radio 8 25960
radio 8 26473
radio 8 26502
radio 8 27016
radio 8 27033
radio 8 27546
radio 8 27575
radio 8 28089
radio 8 28117
radio 8 28631
radio 8 28648
radio 8 29161
radio 8 29178
radio 8 29691
radio 8 29759
radio 8 30273
radio 8 30290
radio 8 30803
radio 8 30854
radio 8 31368
radio 8 31423
radio 8 31937
radio 8 31954
radio 8 32467
radio 8 32484
radio 8 32997
radio 8 33014
radio 8 33527
radio 8 33544
radio 8 34057
radio 8 34088
radio 8 34602
radio 8 34619
radio 8 35132
radio 8 35162
radio 8 35676
radio 8 35707
radio 8 36221
radio 8 36255
radio 8 36769
radio 8 36802
radio 8 37316
radio 8 37333
radio 8 37846
radio 8 37863
radio 8 38376
radio 8 38393
radio 8 38906
radio 8 38934
radio 8 39448
radio 8 39465
radio 8 39978
radio 8 40053
radio 8 40567
radio 8 40584
radio 8 41097
radio 8 41126
radio 8 41640
radio 8 41711
radio 8 42225
radio 8 42242
radio 8 42755
radio 8 42807
radio 8 43321
radio 8 43376
radio 8 43890
radio 8 43907
radio 8 44420
radio 8 44437
radio 8 44950
radio 8 44967
radio 8 45480
radio 8 45508
radio 8 46022
radio 8 46053
radio 8 46567
radio 8 46584
radio 8 47097
radio 8 47114
radio 8 47627
radio 8 47656
radio 8 48170
delay 0 0 8 48225 8 49382 0 9 9 0 48 0 1
radio 8 49299
radio 8 49813
radio 8 49835
radio 8 50348
radio 8 50383
radio 8 50897
radio 8 50925
radio 8 51439
radio 8 51456
radio 8 51969
radio 8 51986
energy 8 52414 7 60321
radio 8 52499
radio 8 52516
radio 8 53029
radio 8 53098
radio 8 53612
radio 8 53629
radio 8 54142
radio 8 54175
radio 8 54689
radio 8 54706
radio 8 55219
radio 8 55236
radio 8 55749
radio 8 55778
radio 8 56292
radio 8 56324
radio 8 56838
radio 8 56871
radio 8 57385
radio 8 57415
radio 8 57929
radio 8 57946
radio 8 58459
radio 8 58490
radio 8 59004
radio 8 59033
radio 8 59547
radio 8 59564
radio 8 60077
radio 8 60094
radio 8 60607
radio 8 60639
radio 8 61153
radio 8 61202
radio 8 61716
radio 8 61733
radio 8 62246
radio 8 62263
radio 8 62776
radio 8 62805
radio 8 63319
radio 8 63336
radio 8 63849
radio 8 63866
radio 8 64379
radio 8 64396
radio 8 64909
radio 8 64926
radio 8 65439
radio 8 65534
radio 9 512
radio 9 547
radio 9 1060
radio 9 1077
radio 9 1590
radio 9 1643
radio 9 2156
radio 9 2184
radio 9 2697
radio 9 2728
radio 9 3241
delay 1 22 9 3261 9 3811 14 9 65535 0 54 0 1
radio 9 4335
radio 9 4848
radio 9 4865
radio 9 5378
radio 9 5395
radio 9 5908
radio 9 5940
radio 9 6453
radio 9 6481
radio 9 6994
radio 9 7042
radio 9 7555
radio 9 7571
radio 9 8085
radio 9 8135
radio 9 8648
radio 9 8664
radio 9 9178
radio 9 9226
radio 9 9739
radio 9 9767
radio 9 10280
radio 9 10314
radio 9 10828
radio 9 10881
radio 9 11395
radio 9 11412
radio 9 11925
radio 9 11942
radio 9 12455
radio 9 12488
radio 9 13002
radio 9 13134
radio 9 13648
radio 9 13703
radio 9 14217
radio 9 14247
radio 9 14761
radio 9 14811
radio 9 15325
radio 9 15394
radio 9 15908
radio 9 15925
radio 9 16438
radio 9 16488
radio 9 17002
radio 9 17073
radio 9 17587
radio 9 17604
radio 9 18117
radio 9 18153
radio 9 18667
radio 9 18697
radio 9 19211
radio 9 19228
radio 9 19741
radio 9 19758
radio 9 20271
radio 9 20288
radio 9 20801
radio 9 20818
radio 9 21331
radio 9 21379
radio 9 21893
radio 9 21910
radio 9 22423
radio 9 22451
radio 9 22965
radio 9 22994
radio 9 23508
radio 9 23558
radio 9 24072
delay 2 42 9 24147 9 24161 14 9 65535 0 239 0 1
radio 9 25219
radio 9 25733
radio 9 25769
radio 9 26283
radio 9 26300
radio 9 26813
radio 9 26841
radio 9 27355
radio 9 27383
radio 9 27897
radio 9 27931
radio 9 28445
radio 9 28462
radio 9 28975
radio 9 29025
radio 9 29539
radio 9 29556
radio 9 30069
radio 9 30086
radio 9 30599
radio 9 30648
radio 9 31162
radio 9 31231
radio 9 31745
radio 9 31793
radio 9 32307
radio 9 32324
radio 9 32837
radio 9 32906
radio 9 33420
radio 9 33437
radio 9 33950
radio 9 33967
radio 9 34480
radio 9 34497
radio 9 35010
radio 9 35027
radio 9 35540
radio 9 35557
radio 9 36070
radio 9 36100
radio 9 36614
radio 9 36647
radio 9 37161
radio 9 37209
radio 9 37723
radio 9 37758
radio 9 38272
radio 9 38304
radio 9 38818
radio 9 38849
radio 9 39363
radio 9 39391
radio 9 39905
radio 9 39955
radio 9 40469
radio 9 40486
radio 9 40999
radio 9 41016
radio 9 41529
radio 9 41546
radio 9 42059
radio 9 42076
radio 9 42589
radio 9 42606
radio 9 43119
radio 9 43151
radio 9 43665
radio 9 43700
radio 9 44214
delay 3 13 9 44719 9 45070 16 9 65535 0 426 0 1
radio 9 45790
radio 9 46303
radio 9 46320
