Thread[Thread-1,5,main]tree 20 16 43 14 0 0
radio 7 23718
radio 7 23722
radio 7 23739
radio 7 24252
radio 7 24269
radio 7 24782
radio 7 24799
radio 7 25312
radio 7 25329
radio 7 25842
radio 7 25897
radio 7 26411
radio 7 26428
radio 7 26941
radio 7 26973
radio 7 27487
radio 7 27504
radio 7 28017
radio 7 28034
radio 7 28547
radio 7 28564
radio 7 29077
radio 7 29094
radio 7 29607
radio 7 29624
radio 7 30137
delay 23 46 7 30149 7 57324 16 18 2 0 27469 0 0
radio 7 30156
radio 7 30671
radio 7 30683
radio 7 31196
radio 7 31234
radio 7 31747
radio 7 31764
radio 7 32277
radio 7 32291
radio 7 32805
radio 7 32820
radio 7 33334
radio 7 33351
radio 7 33864
radio 7 33881
radio 7 34394
radio 7 34426
radio 7 34940
radio 7 34957
radio 7 35470
radio 7 35498
radio 7 36012
delay 1000 46 7 36025 7 57324 16 18 2 0 21411 0 0
radio 7 36033
radio 7 36547
radio 7 36591
radio 7 37104
radio 7 37116
radio 7 37630
radio 7 37647
radio 7 38160
radio 7 38194
radio 7 38708
radio 7 38725
radio 7 39238
radio 7 39255
radio 7 39768
radio 7 39785
radio 7 40298
radio 7 40315
radio 7 40828
radio 7 40845
radio 7 41358
radio 7 41375
radio 7 41888
radio 7 41964
radio 7 42478
radio 7 42508
radio 7 43022
radio 7 43039
radio 7 43552
radio 7 43581
radio 7 44095
radio 7 44146
radio 7 44660
radio 7 44677
radio 7 45190
radio 7 45221
radio 7 45735
radio 7 45752
radio 7 46265
radio 7 46298
radio 7 46812
radio 7 46885
radio 7 47399
radio 7 47432
radio 7 47946
radio 7 47977
radio 7 48491
radio 7 48508
radio 7 49021
radio 7 49091
radio 7 49605
radio 7 49633
radio 7 50147
radio 7 50178
radio 7 50692
radio 7 50709
radio 7 51222
radio 7 51276
radio 7 51790
radio 7 51820
radio 7 52334
radio 7 52351
radio 7 52864
radio 7 52893
radio 7 53407
radio 7 53424
radio 7 53937
radio 7 53969
radio 7 54483
radio 7 54500
radio 7 55013
radio 7 55064
radio 7 55578
radio 7 55614
radio 7 56128
radio 7 56145
radio 7 56658
radio 7 56675
radio 7 57188
radio 7 57205
radio 7 57718
radio 7 57735
radio 7 58248
radio 7 58316
radio 7 58830
radio 7 58847
radio 7 59360
radio 7 59391
radio 7 59905
radio 7 59922
radio 7 60435
radio 7 60465
radio 7 60979
radio 7 61028
radio 7 61542
radio 7 61559
radio 7 62072
radio 7 62089
radio 7 62602
radio 7 62619
radio 7 63132
radio 7 63149
radio 7 63662
radio 7 63679
radio 7 64192
radio 7 64228
radio 7 64742
radio 7 64759
radio 7 65272
radio 7 65346
radio 8 324
radio 8 354
radio 8 867
radio 8 883
radio 8 1397
radio 8 1414
radio 8 1927
radio 8 1959
radio 8 2472
radio 8 2489
radio 8 3002
radio 8 3054
radio 8 3567
radio 8 3584
radio 8 4097
radio 8 4131
radio 8 4644
radio 8 4661
radio 8 5174
radio 8 5191
radio 8 5704
radio 8 5721
radio 8 6234
radio 8 6251
radio 8 6764
radio 8 6796
radio 8 7309
radio 8 7339
radio 8 7853
radio 8 7870
radio 8 8383
radio 8 8412
radio 8 8925
radio 8 8942
radio 8 9455
radio 8 9485
radio 8 9998
radio 8 10015
radio 8 10528
radio 8 10557
radio 8 11071
radio 8 11088
radio 8 11601
radio 8 11669
radio 8 12183
radio 8 12238
radio 8 12752
radio 8 12769
radio 8 13282
radio 8 13330
radio 8 13844
radio 8 13877
radio 8 14391
radio 8 14408
radio 8 14921
radio 8 14938
radio 8 15451
radio 8 15468
radio 8 15981
radio 8 16011
radio 8 16525
radio 8 16542
radio 8 17055
radio 8 17084
radio 8 17598
radio 8 17629
radio 8 18143
radio 8 18160
radio 8 18673
radio 8 18703
radio 8 19217
radio 8 19248
energy 8 19633 7 26019
radio 8 19762
radio 8 19833
radio 8 20347
radio 8 20381
radio 8 20895
radio 8 20912
radio 8 21425
radio 8 21442
radio 8 21955
radio 8 21986
radio 8 22500
radio 8 22517
radio 8 23030
radio 8 23047
radio 8 23560
radio 8 23577
radio 8 24090
radio 8 24119
radio 8 24633
radio 8 24650
radio 8 25163
radio 8 25180
radio 8 25693
radio 8 25710
radio 8 26223
radio 8 26240
radio 8 26753
radio 8 26770
radio 8 27283
radio 8 27315
radio 8 27829
radio 8 27846
radio 8 28359
radio 8 28376
radio 8 28889
radio 8 28922
radio 8 29436
radio 8 29464
radio 8 29978
radio 8 29995
radio 8 30508
radio 8 30525
radio 8 31038
radio 8 31055
radio 8 31568
radio 8 31585
radio 8 32098
radio 8 32115
radio 8 32628
radio 8 32645
radio 8 33158
radio 8 33175
radio 8 33688
radio 8 33705
radio 8 34218
radio 8 34247
radio 8 34761
radio 8 34794
radio 8 35308
radio 8 35336
radio 8 35850
radio 8 35903
radio 8 36417
radio 8 36445
radio 8 36959
radio 8 36976
radio 8 37489
radio 8 37520
radio 8 38034
radio 8 38070
radio 8 38584
radio 8 38601
radio 8 39114
radio 8 39131
radio 8 39644
radio 8 39661
radio 8 40174
radio 8 40191
radio 8 40704
radio 8 40721
radio 8 41234
radio 8 41286
radio 8 41800
radio 8 41848
radio 8 42362
radio 8 42397
radio 8 42911
radio 8 42944
radio 8 43458
radio 8 43475
radio 8 43988
radio 8 44041
radio 8 44555
radio 8 44572
radio 8 45085
radio 8 45115
radio 8 45629
radio 8 45646
radio 8 46159
radio 8 46189
radio 8 46703
radio 8 46720
radio 8 47233
radio 8 47261
radio 8 47775
radio 8 47792
radio 8 48305
delay 0 43 8 48326 8 48389 9 18 9 0 159 1 0
radio 8 49398
radio 8 49912
radio 8 49941
radio 8 50455
radio 8 50485
radio 8 50999
radio 8 51030
radio 8 51544
radio 8 51572
radio 8 52086
radio 8 52103
radio 8 52616
radio 8 52646
radio 8 53160
radio 8 53177
radio 8 53690
radio 8 53707
radio 8 54220
radio 8 54237
radio 8 54750
radio 8 54767
radio 8 55280
radio 8 55312
radio 8 55826
radio 8 55843
radio 8 56356
radio 8 56373
radio 8 56886
radio 8 56919
radio 8 57433
radio 8 57450
radio 8 57963
radio 8 57980
radio 8 58493
radio 8 58525
radio 8 59039
radio 8 59071
radio 8 59585
radio 8 59602
radio 8 60115
radio 8 60132
radio 8 60645
radio 8 60662
radio 8 61175
radio 8 61192
radio 8 61705
radio 8 61779
radio 8 62293
radio 8 62322
radio 8 62836
radio 8 62853
radio 8 63366
radio 8 63398
radio 8 63912
radio 8 63980
radio 8 64494
radio 8 64511
radio 8 65024
radio 8 65041
radio 9 18
radio 9 48
radio 9 561
radio 9 577
radio 9 1091
radio 9 1108
radio 9 1621
radio 9 1677
radio 9 2190
radio 9 2207
radio 9 2720
radio 9 2737
radio 9 3250
delay 1 46 9 3430 9 3440 16 18 2 0 293 0 0
radio 9 3437
radio 9 3951
radio 9 4108
radio 9 4621
radio 9 4679
radio 9 5192
radio 9 5242
radio 9 5755
radio 9 5772
radio 9 6285
radio 9 6302
radio 9 6815
radio 9 6845
radio 9 7358
radio 9 7388
radio 9 7901
radio 9 7933
radio 9 8446
radio 9 8516
radio 9 9029
radio 9 9062
radio 9 9575
radio 9 9592
radio 9 10105
radio 9 10139
radio 9 10653
radio 9 10670
radio 9 11183
radio 9 11200
radio 9 11713
radio 9 11745
radio 9 12259
radio 9 12289
radio 9 12803
radio 9 12912
radio 9 13426
radio 9 13542
radio 9 14056
radio 9 14086
radio 9 14600
radio 9 14651
radio 9 15165
radio 9 15182
energy 9 15537 7 29770
radio 9 15695
radio 9 15712
radio 9 16225
radio 9 16260
radio 9 16774
radio 9 16791
radio 9 17304
radio 9 17335
radio 9 17849
radio 9 17885
radio 9 18399
radio 9 18467
radio 9 18981
radio 9 19009
radio 9 19523
radio 9 19553
radio 9 20067
radio 9 20084
radio 9 20597
radio 9 20669
radio 9 21183
radio 9 21217
radio 9 21731
radio 9 21748
radio 9 22261
radio 9 22278
radio 9 22791
radio 9 22820
radio 9 23334
radio 9 23365
radio 9 23879
delay 2 46 9 24380 9 24391 16 18 2 0 748 0 0
radio 9 24390
radio 9 24903
radio 9 24919
radio 9 25433
radio 9 25482
radio 9 25996
radio 9 26013
radio 9 26526
radio 9 26560
radio 9 27074
radio 9 27109
radio 9 27623
radio 9 27696
radio 9 28210
radio 9 28227
radio 9 28740
radio 9 28771
radio 9 29285
radio 9 29320
radio 9 29834
radio 9 29866
radio 9 30380
radio 9 30415
radio 9 30929
radio 9 30978
radio 9 31492
radio 9 31509
radio 9 32022
radio 9 32039
radio 9 32552
radio 9 32569
radio 9 33082
radio 9 33153
radio 9 33667
radio 9 33684
radio 9 34197
radio 9 34214
radio 9 34727
radio 9 34744
radio 9 35257
radio 9 35289
radio 9 35803
radio 9 35876
radio 9 36390
radio 9 36407
radio 9 36920
radio 9 36972
radio 9 37486
radio 9 37554
radio 9 38068
radio 9 38096
radio 9 38610
radio 9 38627
radio 9 39140
radio 9 39157
radio 9 39670
radio 9 39687
radio 9 40200
radio 9 40231
radio 9 40745
radio 9 40773
radio 9 41287
radio 9 41320
radio 9 41834
radio 9 41863
radio 9 42377
radio 9 42411
radio 9 42925
radio 9 42942
radio 9 43455
radio 9 43472
radio 9 43985
delay 3 1 9 44051 9 45216 16 18 2 0 18 1 0
radio 9 45121
radio 9 45635
radio 9 45651
radio 9 46165
radio 9 46186
