Thread[Thread-1,5,main]tree 28 18 3 14 0 0
radio 7 27832
radio 7 27836
radio 7 27892
radio 7 28406
radio 7 28458
radio 7 28972
radio 7 29007
radio 7 29521
radio 7 29538
radio 7 30051
delay 23 47 7 30063 7 57324 18 18 65535 0 27433 0 0
radio 7 30071
radio 7 30586
radio 7 30629
radio 7 31142
radio 7 31183
radio 7 31696
radio 7 31708
radio 7 32222
radio 7 32241
radio 7 32755
radio 7 32772
radio 7 33285
radio 7 33302
radio 7 33815
radio 7 33832
radio 7 34345
radio 7 34362
radio 7 34875
radio 7 34892
radio 7 35405
radio 7 35435
radio 7 35949
delay 1000 46 7 35962 7 57580 16 18 2 0 21667 0 0
radio 7 35970
radio 7 36484
radio 7 36528
radio 7 37041
radio 7 37053
radio 7 37567
radio 7 37584
radio 7 38097
radio 7 38132
radio 7 38646
radio 7 38663
radio 7 39176
radio 7 39193
radio 7 39706
radio 7 39723
radio 7 40236
radio 7 40253
radio 7 40766
radio 7 40783
radio 7 41296
radio 7 41313
radio 7 41826
radio 7 41861
radio 7 42375
radio 7 42425
radio 7 42939
radio 7 42970
radio 7 43484
radio 7 43518
radio 7 44032
radio 7 44083
radio 7 44597
radio 7 44614
radio 7 45127
radio 7 45158
radio 7 45672
radio 7 45689
radio 7 46202
radio 7 46236
radio 7 46750
radio 7 46823
radio 7 47337
radio 7 47369
radio 7 47883
radio 7 47914
radio 7 48428
radio 7 48445
radio 7 48958
radio 7 49009
radio 7 49523
radio 7 49540
radio 7 50053
radio 7 50070
radio 7 50583
radio 7 50600
radio 7 51113
radio 7 51145
radio 7 51659
radio 7 51689
radio 7 52203
radio 7 52220
radio 7 52733
radio 7 52802
radio 7 53316
radio 7 53349
radio 7 53863
radio 7 53880
radio 7 54393
radio 7 54421
radio 7 54935
radio 7 54968
radio 7 55482
radio 7 55499
radio 7 56012
radio 7 56029
radio 7 56542
radio 7 56559
radio 7 57072
radio 7 57144
radio 7 57658
radio 7 57675
radio 7 58188
radio 7 58219
radio 7 58733
radio 7 58750
radio 7 59263
radio 7 59293
radio 7 59807
radio 7 59835
radio 7 60349
radio 7 60366
radio 7 60879
radio 7 60896
radio 7 61409
radio 7 61441
radio 7 61955
radio 7 61972
radio 7 62485
radio 7 62538
radio 7 63052
radio 7 63084
radio 7 63598
radio 7 63615
radio 7 64128
radio 7 64145
radio 7 64658
radio 7 64675
radio 7 65188
radio 7 65205
radio 8 182
radio 8 199
radio 8 712
radio 8 728
radio 8 1242
radio 8 1317
radio 8 1830
radio 8 1861
radio 8 2375
radio 8 2411
radio 8 2925
radio 8 2979
radio 8 3493
radio 8 3510
radio 8 4023
radio 8 4040
radio 8 4553
radio 8 4570
radio 8 5083
radio 8 5113
radio 8 5627
radio 8 5657
radio 8 6171
radio 8 6199
radio 8 6713
radio 8 6768
radio 8 7282
radio 8 7299
radio 8 7812
radio 8 7829
radio 8 8342
radio 8 8376
radio 8 8890
radio 8 8907
radio 8 9420
radio 8 9437
radio 8 9950
radio 8 9985
radio 8 10499
radio 8 10516
radio 8 11029
radio 8 11046
radio 8 11559
radio 8 11607
radio 8 12121
radio 8 12176
radio 8 12690
radio 8 12707
radio 8 13220
radio 8 13270
radio 8 13784
radio 8 13815
radio 8 14329
radio 8 14346
radio 8 14859
radio 8 14876
radio 8 15389
radio 8 15406
radio 8 15919
radio 8 15949
radio 8 16463
radio 8 16480
radio 8 16993
radio 8 17022
radio 8 17536
radio 8 17567
radio 8 18081
radio 8 18098
radio 8 18611
radio 8 18661
radio 8 19175
radio 8 19245
radio 8 19759
radio 8 19776
radio 8 20289
radio 8 20319
radio 8 20833
radio 8 20850
radio 8 21363
radio 8 21380
radio 8 21893
radio 8 21924
radio 8 22438
radio 8 22455
radio 8 22968
radio 8 22985
radio 8 23498
radio 8 23515
energy 8 23747 7 30278
radio 8 24028
radio 8 24057
radio 8 24571
radio 8 24588
radio 8 25101
radio 8 25118
radio 8 25631
radio 8 25648
radio 8 26161
radio 8 26178
radio 8 26691
radio 8 26708
radio 8 27221
radio 8 27253
radio 8 27767
radio 8 27784
radio 8 28297
radio 8 28314
radio 8 28827
radio 8 28859
radio 8 29373
radio 8 29402
radio 8 29916
radio 8 29947
radio 8 30461
radio 8 30478
radio 8 30991
radio 8 31008
radio 8 31521
radio 8 31538
radio 8 32051
radio 8 32068
radio 8 32581
radio 8 32598
radio 8 33111
radio 8 33128
radio 8 33641
radio 8 33669
radio 8 34183
radio 8 34200
radio 8 34713
radio 8 34766
radio 8 35280
radio 8 35297
radio 8 35810
radio 8 35862
radio 8 36376
radio 8 36428
radio 8 36942
radio 8 36972
radio 8 37486
radio 8 37503
radio 8 38016
radio 8 38033
radio 8 38546
radio 8 38563
radio 8 39076
radio 8 39093
radio 8 39606
radio 8 39623
radio 8 40136
radio 8 40153
radio 8 40666
radio 8 40683
radio 8 41196
radio 8 41264
radio 8 41778
radio 8 41812
radio 8 42326
radio 8 42360
radio 8 42874
radio 8 42943
radio 8 43457
radio 8 43485
radio 8 43999
radio 8 44016
radio 8 44529
radio 8 44563
radio 8 45077
radio 8 45113
radio 8 45627
radio 8 45662
radio 8 46176
radio 8 46210
radio 8 46724
radio 8 46741
radio 8 47254
radio 8 47271
radio 8 47784
radio 8 47801
radio 8 48314
delay 0 46 8 48443 8 48515 16 18 2 0 98 1 0
radio 8 49515
radio 8 50029
radio 8 50046
radio 8 50559
radio 8 50576
radio 8 51089
radio 8 51106
radio 8 51619
radio 8 51652
radio 8 52166
radio 8 52197
radio 8 52711
radio 8 52728
radio 8 53241
radio 8 53272
radio 8 53786
radio 8 53816
radio 8 54330
radio 8 54347
radio 8 54860
radio 8 54896
radio 8 55410
radio 8 55427
radio 8 55940
radio 8 55957
radio 8 56470
radio 8 56487
radio 8 57000
radio 8 57028
radio 8 57542
radio 8 57559
radio 8 58072
radio 8 58106
radio 8 58620
radio 8 58637
radio 8 59150
radio 8 59167
radio 8 59680
radio 8 59712
radio 8 60226
radio 8 60243
radio 8 60756
radio 8 60773
radio 8 61286
radio 8 61303
radio 8 61816
radio 8 61833
radio 8 62346
radio 8 62363
radio 8 62876
radio 8 62893
radio 8 63406
radio 8 63423
radio 8 63936
radio 8 63953
radio 8 64466
radio 8 64483
radio 8 64996
radio 8 65013
radio 8 65526
radio 9 44
radio 9 557
radio 9 589
radio 9 1102
radio 9 1136
radio 9 1649
radio 9 1666
radio 9 2179
radio 9 2211
radio 9 2724
radio 9 2752
radio 9 3265
delay 1 18 9 3307 9 4085 16 18 2 0 172 0 0
radio 9 3314
radio 9 3829
radio 9 3931
radio 9 4445
radio 9 4540
radio 9 5053
radio 9 5086
radio 9 5600
radio 9 5628
radio 9 6141
radio 9 6158
radio 9 6671
radio 9 6688
radio 9 7201
radio 9 7294
radio 9 7808
radio 9 7825
radio 9 8338
radio 9 8366
radio 9 8879
radio 9 8896
radio 9 9409
radio 9 9426
radio 9 9939
radio 9 9956
radio 9 10469
radio 9 10542
radio 9 11056
radio 9 11087
radio 9 11601
radio 9 11618
radio 9 12131
radio 9 12148
radio 9 12661
radio 9 12678
radio 9 13191
radio 9 13208
radio 9 13721
radio 9 13738
radio 9 14251
radio 9 14304
radio 9 14818
radio 9 14849
radio 9 15363
radio 9 15380
radio 9 15893
radio 9 15910
radio 9 16423
radio 9 16440
radio 9 16953
radio 9 16970
radio 9 17483
radio 9 17500
radio 9 18013
radio 9 18045
radio 9 18559
radio 9 18576
radio 9 19089
radio 9 19106
radio 9 19619
radio 9 19636
energy 9 19651 7 33693
radio 9 20149
radio 9 20183
radio 9 20697
radio 9 20729
radio 9 21243
radio 9 21260
radio 9 21773
radio 9 21790
radio 9 22303
radio 9 22332
radio 9 22846
radio 9 22863
radio 9 23376
radio 9 23426
radio 9 23940
delay 2 17 9 24015 9 24820 18 18 65535 0 442 0 0
radio 9 24023
radio 9 24538
radio 9 24607
radio 9 25121
radio 9 25236
radio 9 25749
radio 9 25766
radio 9 26279
radio 9 26296
radio 9 26809
radio 9 26838
radio 9 27352
radio 9 27380
radio 9 27894
radio 9 27911
radio 9 28424
radio 9 28441
radio 9 28954
radio 9 28989
radio 9 29503
radio 9 29535
radio 9 30049
radio 9 30066
radio 9 30579
radio 9 30609
radio 9 31123
radio 9 31140
radio 9 31653
radio 9 31728
radio 9 32242
radio 9 32276
radio 9 32790
radio 9 32821
radio 9 33335
radio 9 33407
radio 9 33921
radio 9 33938
radio 9 34451
radio 9 34486
radio 9 35000
radio 9 35017
radio 9 35530
radio 9 35558
radio 9 36072
radio 9 36089
radio 9 36602
radio 9 36619
radio 9 37132
radio 9 37181
radio 9 37695
radio 9 37744
radio 9 38258
radio 9 38275
radio 9 38788
radio 9 38822
radio 9 39336
radio 9 39353
radio 9 39866
radio 9 39883
radio 9 40396
radio 9 40429
radio 9 40943
radio 9 40960
radio 9 41473
radio 9 41490
radio 9 42003
radio 9 42020
radio 9 42533
radio 9 42550
radio 9 43063
radio 9 43092
radio 9 43606
radio 9 43637
radio 9 44151
delay 3 45 9 44295 9 44349 18 18 65535 0 293 0 0
radio 9 44303
radio 9 44817
radio 9 44914
radio 9 45427
radio 9 45525
radio 9 46038
radio 9 46058
