Thread[Thread-1,5,main]tree 10 11 0 12 0 0
radio 7 52404
radio 7 52408
radio 7 52425
radio 7 52938
radio 7 52970
radio 7 53484
radio 7 53520
radio 7 54034
radio 7 54085
radio 7 54599
radio 7 54667
radio 7 55181
radio 7 55198
radio 7 55711
radio 7 55763
radio 7 56277
radio 7 56330
radio 7 56844
radio 7 56861
radio 7 57374
radio 7 57403
radio 7 57917
radio 7 57946
radio 7 58460
radio 7 58477
radio 7 58990
radio 7 59022
radio 7 59536
radio 7 59567
radio 7 60081
radio 7 60098
radio 7 60611
radio 7 60641
radio 7 61155
radio 7 61185
radio 7 61699
radio 7 61716
radio 7 62229
radio 7 62246
radio 7 62759
radio 7 62776
radio 7 63289
radio 7 63306
radio 7 63819
radio 7 63847
radio 7 64361
radio 7 64378
radio 7 64891
radio 7 64908
radio 7 65421
radio 7 65438
radio 8 415
radio 8 431
radio 8 945
radio 8 961
radio 8 1475
radio 8 1506
radio 8 2019
radio 8 2071
radio 8 2584
radio 8 2634
radio 8 3147
radio 8 3164
radio 8 3677
radio 8 3707
radio 8 4220
radio 8 4237
radio 8 4750
radio 8 4802
radio 8 5315
radio 8 5369
radio 8 5882
radio 8 5917
radio 8 6430
radio 8 6540
radio 8 7053
radio 8 7162
radio 8 7675
radio 8 7730
radio 8 8243
radio 8 8260
radio 8 8773
radio 8 8790
radio 8 9303
radio 8 9412
radio 8 9925
radio 8 9996
radio 8 10509
radio 8 10539
radio 8 11053
radio 8 11070
radio 8 11583
radio 8 11616
radio 8 12130
radio 8 12185
radio 8 12699
radio 8 12888
radio 8 13402
radio 8 13456
radio 8 13970
radio 8 14042
radio 8 14556
radio 8 14607
radio 8 15121
radio 8 15152
radio 8 15666
radio 8 15694
radio 8 16208
radio 8 16236
radio 8 16750
radio 8 16799
radio 8 17313
radio 8 17385
radio 8 17899
radio 8 18011
radio 8 18525
radio 8 18542
radio 8 19055
radio 8 19163
radio 8 19677
radio 8 19694
radio 8 20207
radio 8 20239
radio 8 20753
radio 8 20804
radio 8 21318
radio 8 21366
radio 8 21880
radio 8 21936
radio 8 22450
radio 8 22479
radio 8 22993
radio 8 23043
radio 8 23557
radio 8 23627
radio 8 24141
radio 8 24193
radio 8 24707
radio 8 24736
radio 8 25250
radio 8 25267
radio 8 25780
radio 8 25797
radio 8 26310
radio 8 26327
radio 8 26840
radio 8 26915
radio 8 27429
radio 8 27446
radio 8 27959
radio 8 28034
radio 8 28548
radio 8 28598
radio 8 29112
radio 8 29186
radio 8 29700
radio 8 29729
radio 8 30243
radio 8 30275
radio 8 30789
radio 8 30864
radio 8 31378
radio 8 31395
radio 8 31908
radio 8 31942
radio 8 32456
radio 8 32484
radio 8 32998
radio 8 33051
radio 8 33565
radio 8 33595
radio 8 34109
radio 8 34145
radio 8 34659
radio 8 34715
radio 8 35229
radio 8 35246
radio 8 35759
radio 8 35793
radio 8 36307
radio 8 36324
radio 8 36837
radio 8 36889
radio 8 37403
radio 8 37513
radio 8 38027
radio 8 38044
radio 8 38557
radio 8 38610
radio 8 39124
radio 8 39141
radio 8 39654
radio 8 39671
radio 8 40184
radio 8 40201
radio 8 40714
radio 8 40750
radio 8 41264
radio 8 41281
radio 8 41794
radio 8 41811
radio 8 42324
radio 8 42341
radio 8 42854
radio 8 42889
radio 8 43403
radio 8 43420
radio 8 43933
radio 8 43965
radio 8 44479
radio 8 44496
radio 8 45009
radio 8 45062
radio 8 45576
radio 8 45593
radio 8 46106
radio 8 46139
radio 8 46653
radio 8 46689
radio 8 47203
radio 8 47237
radio 8 47751
radio 8 47782
radio 8 48296
radio 8 48313
energy 8 48319 7 56125
radio 8 48826
radio 8 48843
radio 8 49356
delay 0 18 8 49595 8 49346 16 9 65535 0 23 1 0
radio 8 50670
radio 8 51184
radio 8 51201
radio 8 51714
radio 8 51731
radio 8 52244
radio 8 52274
radio 8 52788
radio 8 52805
radio 8 53318
radio 8 53348
radio 8 53862
radio 8 53912
radio 8 54426
radio 8 54443
radio 8 54956
radio 8 54973
radio 8 55486
radio 8 55503
radio 8 56016
radio 8 56044
radio 8 56558
radio 8 56611
radio 8 57125
radio 8 57142
radio 8 57655
radio 8 57672
radio 8 58185
radio 8 58216
radio 8 58730
radio 8 58747
radio 8 59260
radio 8 59277
radio 8 59790
radio 8 59807
radio 8 60320
radio 8 60348
radio 8 60862
radio 8 60879
radio 8 61392
radio 8 61409
radio 8 61922
radio 8 61950
radio 8 62464
radio 8 62497
radio 8 63011
radio 8 63028
radio 8 63541
radio 8 63558
radio 8 64071
radio 8 64088
radio 8 64601
radio 8 64618
radio 8 65131
radio 8 65148
radio 9 125
radio 9 141
radio 9 655
radio 9 705
radio 9 1218
radio 9 1235
radio 9 1748
radio 9 1765
radio 9 2278
radio 9 2329
radio 9 2842
radio 9 2859
radio 9 3372
radio 9 3404
radio 9 3917
radio 9 3965
radio 9 4478
delay 1 18 9 4522 9 4273 16 9 65535 0 360 0 0
radio 9 4529
radio 9 5043
radio 9 5060
radio 9 5573
radio 9 5589
radio 9 6102
radio 9 6119
radio 9 6632
radio 9 6649
radio 9 7162
radio 9 7197
radio 9 7710
radio 9 7727
radio 9 8240
radio 9 8257
radio 9 8770
radio 9 8800
radio 9 9313
radio 9 9330
radio 9 9843
radio 9 9895
radio 9 10408
radio 9 10425
radio 9 10938
radio 9 10987
radio 9 11501
radio 9 11569
radio 9 12083
radio 9 12113
radio 9 12627
radio 9 12678
radio 9 13192
radio 9 13225
radio 9 13739
radio 9 13889
radio 9 14403
radio 9 14513
radio 9 15027
radio 9 15080
radio 9 15594
radio 9 15626
radio 9 16140
radio 9 16172
radio 9 16686
radio 9 16718
radio 9 17232
radio 9 17281
radio 9 17795
radio 9 17848
radio 9 18362
radio 9 18391
radio 9 18905
radio 9 18953
radio 9 19467
radio 9 19538
radio 9 20052
radio 9 20081
radio 9 20595
radio 9 20626
radio 9 21140
radio 9 21169
radio 9 21683
radio 9 21773
radio 9 22287
radio 9 22316
radio 9 22830
radio 9 22881
radio 9 23395
radio 9 23428
radio 9 23942
radio 9 23991
radio 9 24505
delay 2 0 9 24522 9 24784 0 9 9 0 28 1 0
radio 9 26032
radio 9 26545
radio 9 26578
radio 9 27092
radio 9 27140
radio 9 27654
radio 9 27705
radio 9 28219
radio 9 28247
radio 9 28761
radio 9 28813
radio 9 29327
radio 9 29399
radio 9 29913
radio 9 29961
radio 9 30475
radio 9 30507
radio 9 31021
radio 9 31038
radio 9 31551
radio 9 31602
radio 9 32116
radio 9 32168
radio 9 32682
radio 9 32754
radio 9 33268
radio 9 33318
radio 9 33832
radio 9 33905
radio 9 34419
radio 9 34468
radio 9 34982
radio 9 35030
radio 9 35544
radio 9 35572
radio 9 36086
radio 9 36154
radio 9 36668
radio 9 36737
radio 9 37251
radio 9 37268
radio 9 37781
radio 9 37832
radio 9 38346
radio 9 38401
radio 9 38915
radio 9 38948
radio 9 39462
radio 9 39512
radio 9 40026
radio 9 40095
radio 9 40609
radio 9 40658
radio 9 41172
radio 9 41244
radio 9 41758
radio 9 41787
radio 9 42301
radio 9 42333
radio 9 42847
radio 9 42878
radio 9 43392
radio 9 43446
radio 9 43960
radio 9 44014
energy 9 44223 7 62244
radio 9 44528
radio 9 44600
radio 9 45114
delay 3 18 9 45129 9 44881 16 9 65535 0 100 1 0
radio 9 46203
radio 9 46716
radio 9 46792
radio 9 47306
radio 9 47335
