Thread[Thread-1,5,main]tree 15 17 0 14 0 0
radio 5 19577
radio 5 19581
radio 5 19610
radio 5 20124
radio 5 20141
radio 5 20654
radio 5 20703
radio 5 21217
radio 5 21234
radio 5 21748
radio 5 21765
radio 5 22279
radio 5 22296
radio 5 22810
radio 5 22846
radio 5 23360
radio 5 23396
radio 5 23910
radio 5 23927
radio 5 24441
radio 5 24472
radio 5 24986
radio 5 25034
radio 5 25548
radio 5 25602
radio 5 26116
radio 5 26166
radio 5 26680
radio 5 26697
radio 5 27210
radio 5 27227
radio 5 27741
radio 5 27758
radio 5 28272
radio 5 28307
radio 5 28821
radio 5 28838
radio 5 29351
radio 5 29368
radio 5 29881
radio 5 29898
radio 5 30412
radio 5 30480
radio 5 30994
radio 5 31024
radio 5 31538
radio 5 31572
radio 5 32086
radio 5 32135
radio 5 32649
radio 5 32679
radio 5 33193
radio 5 33210
radio 5 33724
radio 5 33756
radio 5 34270
radio 5 34287
radio 5 34801
radio 5 34829
radio 5 35343
radio 5 35391
radio 5 35905
radio 5 35941
radio 5 36455
radio 5 36472
radio 5 36986
radio 5 37021
radio 5 37535
radio 5 37552
radio 5 38066
radio 5 38117
radio 5 38631
radio 5 38648
radio 5 39161
radio 5 39190
radio 5 39704
radio 5 39721
radio 5 40234
radio 5 40251
radio 5 40765
radio 5 40796
radio 5 41310
radio 5 41362
radio 5 41876
radio 5 41893
radio 5 42407
radio 5 42438
radio 5 42952
radio 5 42969
radio 5 43483
radio 5 43500
radio 5 44014
radio 5 44044
radio 5 44558
radio 5 44575
radio 5 45088
radio 5 45143
radio 5 45657
radio 5 45692
radio 5 46206
radio 5 46237
radio 5 46751
radio 5 46768
radio 5 47282
radio 5 47333
radio 5 47847
radio 5 47864
radio 5 48378
radio 5 48410
radio 5 48924
radio 5 48941
radio 5 49454
radio 5 49471
radio 5 49985
radio 5 50002
radio 5 50516
radio 5 50547
radio 5 51061
radio 5 51078
radio 5 51592
radio 5 51609
radio 5 52123
radio 5 52172
radio 5 52686
radio 5 52715
radio 5 53229
radio 5 53246
radio 5 53760
radio 5 53789
radio 5 54303
radio 5 54334
radio 5 54848
radio 5 54881
radio 5 55395
radio 5 55423
radio 5 55937
radio 5 55971
radio 5 56485
radio 5 56502
radio 5 57015
radio 5 57049
radio 5 57563
radio 5 57632
radio 5 58146
radio 5 58179
radio 5 58693
radio 5 58726
radio 5 59240
radio 5 59294
radio 5 59808
radio 5 59825
radio 5 60339
radio 5 60368
radio 5 60882
radio 5 60899
radio 5 61413
radio 5 61430
radio 5 61944
radio 5 61977
radio 5 62491
radio 5 62541
radio 5 63055
radio 5 63086
radio 5 63600
radio 5 63630
radio 5 64144
radio 5 64175
radio 5 64689
radio 5 64706
radio 5 65219
radio 5 65236
radio 6 213
radio 6 265
radio 6 778
radio 6 811
radio 6 1324
radio 6 1341
radio 6 1854
radio 6 1871
radio 6 2384
radio 6 2414
radio 6 2928
radio 6 2945
radio 6 3458
radio 6 3475
radio 6 3988
radio 6 4005
radio 6 4518
radio 6 4550
radio 6 5064
radio 6 5081
radio 6 5594
radio 6 5624
radio 6 6138
radio 6 6168
radio 6 6682
radio 6 6718
radio 6 7232
radio 6 7249
radio 6 7762
radio 6 7779
radio 6 8292
radio 6 8325
radio 6 8839
radio 6 8856
radio 6 9369
radio 6 9404
radio 6 9918
radio 6 9947
radio 6 10461
radio 6 10478
radio 6 10992
radio 6 11009
radio 6 11522
radio 6 11539
radio 6 12053
radio 6 12070
radio 6 12584
radio 6 12637
radio 6 13151
radio 6 13186
radio 6 13700
radio 6 13717
radio 6 14230
radio 6 14258
radio 6 14772
radio 6 14847
radio 6 15361
radio 6 15378
energy 6 15493 5 22133
radio 6 15892
radio 6 15926
radio 6 16440
radio 6 16471
radio 6 16985
radio 6 17002
radio 6 17516
radio 6 17572
radio 6 18086
radio 6 18103
radio 6 18617
radio 6 18647
radio 6 19161
radio 6 19178
radio 6 19691
radio 6 19722
radio 6 20236
radio 6 20253
radio 6 20767
radio 6 20837
radio 6 21351
radio 6 21444
radio 6 21958
radio 6 21975
radio 6 22489
radio 6 22721
radio 6 23235
radio 6 23252
radio 6 23766
radio 6 23800
radio 6 24314
radio 6 24331
radio 6 24845
radio 6 24896
radio 6 25410
radio 6 25427
radio 6 25941
radio 6 25972
radio 6 26486
radio 6 26503
radio 6 27016
radio 6 27033
radio 6 27547
radio 6 27638
radio 6 28152
radio 6 28180
radio 6 28694
radio 6 28728
radio 6 29242
radio 6 29272
radio 6 29786
radio 6 29821
radio 6 30335
radio 6 30352
radio 6 30866
radio 6 30900
radio 6 31414
radio 6 31450
radio 6 31964
radio 6 31999
radio 6 32513
radio 6 32567
radio 6 33081
radio 6 33113
radio 6 33627
radio 6 33657
radio 6 34171
radio 6 34206
radio 6 34720
radio 6 34770
radio 6 35284
radio 6 35301
radio 6 35814
radio 6 35831
radio 6 36345
radio 6 36362
radio 6 36876
radio 6 36893
radio 6 37407
radio 6 37424
radio 6 37938
radio 6 37955
radio 6 38469
radio 6 38486
radio 6 39000
radio 6 39017
radio 6 39531
radio 6 39585
radio 6 40099
radio 6 40128
radio 6 40642
radio 6 40674
radio 6 41188
radio 6 41221
radio 6 41735
radio 6 41783
radio 6 42297
radio 6 42314
radio 6 42828
radio 6 42845
radio 6 43358
radio 6 43390
radio 6 43904
radio 6 43921
radio 6 44435
radio 6 44466
radio 6 44980
radio 6 45011
radio 6 45525
radio 6 45542
radio 6 46056
radio 6 46084
radio 6 46598
radio 6 46629
radio 6 47143
radio 6 47178
radio 6 47692
radio 6 47709
radio 6 48223
radio 6 48240
radio 6 48753
radio 6 48770
radio 6 49284
radio 6 49338
radio 6 49852
radio 6 49869
radio 6 50383
radio 6 50400
radio 6 50914
delay 0 0 6 51007 6 51743 0 9 9 0 404 0 0
radio 6 51015
radio 6 51529
radio 6 52035
radio 6 52548
radio 6 52576
radio 6 53090
radio 6 53107
radio 6 53620
radio 6 53656
radio 6 54170
radio 6 54187
radio 6 54700
radio 6 54734
radio 6 55248
radio 6 55265
radio 6 55779
radio 6 55829
radio 6 56343
radio 6 56360
radio 6 56874
radio 6 56891
radio 6 57404
radio 6 57421
radio 6 57935
radio 6 57952
radio 6 58466
radio 6 58483
radio 6 58997
radio 6 59025
radio 6 59539
radio 6 59572
radio 6 60086
radio 6 60136
radio 6 60650
radio 6 60667
radio 6 61181
radio 6 61210
radio 6 61724
radio 6 61741
radio 6 62254
radio 6 62271
radio 6 62785
radio 6 62802
radio 6 63316
radio 6 63344
radio 6 63858
radio 6 63875
radio 6 64389
radio 6 64444
radio 6 64958
radio 6 64975
radio 6 65489
radio 6 65523
radio 7 501
radio 7 518
radio 7 1031
radio 7 1048
radio 7 1561
radio 7 1617
radio 7 2131
radio 7 2183
radio 7 2697
radio 7 2729
radio 7 3243
radio 7 3260
radio 7 3773
radio 7 3822
radio 7 4336
radio 7 4371
radio 7 4885
radio 7 4902
radio 7 5415
radio 7 5432
radio 7 5945
delay 1 10 7 5962 7 6373 18 9 65535 0 90 1 0
radio 7 7075
radio 7 7588
radio 7 7622
radio 7 8136
radio 7 8153
radio 7 8666
radio 7 8699
radio 7 9213
radio 7 9247
radio 7 9761
radio 7 9794
radio 7 10308
radio 7 10325
radio 7 10839
radio 7 10856
radio 7 11370
radio 7 11387
energy 7 11397 5 26453
radio 7 11901
radio 7 11930
radio 7 12444
radio 7 12461
radio 7 12974
radio 7 13004
radio 7 13518
radio 7 13572
radio 7 14086
radio 7 14103
radio 7 14616
radio 7 14633
radio 7 15147
radio 7 15164
radio 7 15678
radio 7 15695
radio 7 16208
radio 7 16239
radio 7 16753
radio 7 16782
radio 7 17296
radio 7 17345
radio 7 17859
radio 7 17876
radio 7 18390
radio 7 18407
radio 7 18921
radio 7 18970
radio 7 19484
radio 7 19501
radio 7 20015
radio 7 20032
radio 7 20545
radio 7 20562
radio 7 21076
radio 7 21152
radio 7 21666
radio 7 21683
radio 7 22196
radio 7 22285
radio 7 22799
radio 7 22854
radio 7 23368
radio 7 23385
radio 7 23898
radio 7 23968
radio 7 24482
radio 7 24517
radio 7 25031
radio 7 25048
radio 7 25561
radio 7 25578
radio 7 26092
delay 2 0 7 26107 7 26843 0 9 9 0 82 1 0
radio 7 27180
radio 7 27694
radio 7 27724
radio 7 28238
radio 7 28255
radio 7 28768
radio 7 28785
radio 7 29298
radio 7 29315
radio 7 29829
radio 7 29846
radio 7 30360
radio 7 30377
radio 7 30891
radio 7 30925
radio 7 31439
radio 7 31456
radio 7 31969
radio 7 32005
radio 7 32519
radio 7 32568
radio 7 33082
radio 7 33099
radio 7 33613
radio 7 33649
radio 7 34163
radio 7 34180
radio 7 34693
radio 7 34710
radio 7 35224
radio 7 35241
radio 7 35754
radio 7 35771
radio 7 36284
radio 7 36334
radio 7 36848
radio 7 36865
radio 7 37379
radio 7 37396
radio 7 37909
radio 7 37926
radio 7 38440
radio 7 38473
radio 7 38987
radio 7 39004
radio 7 39518
radio 7 39535
radio 7 40049
radio 7 40066
radio 7 40579
radio 7 40596
radio 7 41109
radio 7 41161
radio 7 41675
radio 7 41692
radio 7 42205
radio 7 42237
radio 7 42751
radio 7 42768
radio 7 43281
radio 7 43312
radio 7 43826
radio 7 43843
radio 7 44357
radio 7 44374
radio 7 44887
radio 7 44921
radio 7 45435
radio 7 45468
radio 7 45982
radio 7 46017
radio 7 46531
delay 3 10 7 46654 7 47065 18 9 65535 0 19 1 0
radio 7 47726
radio 7 48240
radio 7 48259
radio 7 48773
radio 7 48801
radio 7 49315
radio 7 49332
radio 7 49845
radio 7 49879
radio 7 50393
radio 7 50410
radio 7 50923
radio 7 50957
radio 7 51471
radio 7 51502
radio 7 52016
radio 7 52066
radio 7 52580
radio 7 52597
radio 7 53110
radio 7 53127
radio 7 53640
radio 7 53657
radio 7 54171
radio 7 54204
radio 7 54718
radio 7 54735
radio 7 55249
radio 7 55266
radio 7 55779
radio 7 55831
radio 7 56345
radio 7 56379
radio 7 56893
radio 7 56910
radio 7 57423
radio 7 57440
radio 7 57954
radio 7 57986
radio 7 58500
radio 7 58517
radio 7 59030
radio 7 59047
radio 7 59561
radio 7 59578
radio 7 60091
radio 7 60145
radio 7 60659
radio 7 60693
radio 7 61207
radio 7 61237
radio 7 61751
radio 7 61768
radio 7 62281
radio 7 62332
radio 7 62846
radio 7 62863
radio 7 63377
radio 7 63394
radio 7 63907
radio 7 63924
radio 7 64437
radio 7 64454
radio 7 64967
radio 7 64984
radio 7 65497
radio 7 65533
radio 8 511
radio 8 528
radio 8 1041
radio 8 1096
radio 8 1610
delay 4 0 8 1632 8 2368 0 9 9 0 183 0 0
radio 8 1639
radio 8 2154
radio 8 2448
radio 8 2961
radio 8 2978
