Thread[Thread-1,5,main]tree 28 24 35 14 0 0
radio 5 24686
radio 5 24690
radio 5 24739
radio 5 25253
radio 5 25341
radio 5 25855
radio 5 25885
radio 5 26399
radio 5 26601
radio 5 27115
delay 47 24 5 27143 4 55239 43 16 65535 0 65535 0 0
radio 5 27153
radio 5 27666
radio 5 27700
radio 5 28214
radio 5 28243
radio 5 28757
radio 5 28812
radio 5 29326
radio 5 29355
radio 5 29869
radio 5 29921
radio 5 30435
radio 5 30485
radio 5 30999
radio 5 31048
radio 5 31562
radio 5 31592
radio 5 32106
radio 5 32154
radio 5 32668
radio 5 32701
radio 5 33215
radio 5 33243
radio 5 33757
radio 5 33785
radio 5 34299
radio 5 34327
radio 5 34841
radio 5 34889
radio 5 35403
radio 5 35436
radio 5 35950
radio 5 35982
radio 5 36496
radio 5 36528
radio 5 37042
radio 5 37090
radio 5 37604
radio 5 37637
radio 5 38151
radio 5 38183
radio 5 38697
radio 5 38728
radio 5 39242
radio 5 39291
radio 5 39805
radio 5 39855
radio 5 40369
radio 5 40405
radio 5 40919
radio 5 40975
radio 5 41489
radio 5 41522
radio 5 42036
radio 5 42064
radio 5 42578
radio 5 42614
radio 5 43128
radio 5 43163
radio 5 43677
radio 5 43694
radio 5 44207
radio 5 44236
radio 5 44750
radio 5 44782
radio 5 45296
radio 5 45372
radio 5 45886
radio 5 45921
radio 5 46435
radio 5 46467
radio 5 46981
radio 5 47012
radio 5 47526
radio 5 47597
radio 5 48111
radio 5 48140
radio 5 48654
radio 5 48686
radio 5 49200
radio 5 49248
radio 5 49762
radio 5 49791
radio 5 50305
radio 5 50336
radio 5 50850
radio 5 50880
radio 5 51394
radio 5 51425
radio 5 51939
radio 5 51988
radio 5 52502
radio 5 52534
radio 5 53048
radio 5 53084
radio 5 53598
radio 5 53654
radio 5 54168
radio 5 54201
radio 5 54715
radio 5 54743
radio 5 55257
radio 5 55290
radio 5 55804
radio 5 55855
radio 5 56369
radio 5 56418
radio 5 56932
radio 5 56960
radio 5 57474
radio 5 57502
radio 5 58016
radio 5 58064
radio 5 58578
radio 5 58611
radio 5 59125
radio 5 59153
radio 5 59667
radio 5 59695
radio 5 60209
radio 5 60297
radio 5 60811
radio 5 60859
radio 5 61373
radio 5 61424
radio 5 61938
radio 5 61969
radio 5 62483
radio 5 62512
radio 5 63026
radio 5 63054
radio 5 63568
radio 5 63616
radio 5 64130
radio 5 64183
radio 5 64697
radio 5 64730
radio 5 65244
radio 5 65298
radio 6 276
radio 6 327
radio 6 840
radio 6 869
radio 6 1382
radio 6 1471
radio 6 1985
radio 6 2019
radio 6 2533
radio 6 2588
radio 6 3102
radio 6 3156
radio 6 3670
radio 6 3703
radio 6 4217
radio 6 4265
radio 6 4779
radio 6 4796
radio 6 5309
radio 6 5326
radio 6 5839
radio 6 5856
radio 6 6369
radio 6 6404
radio 6 6918
radio 6 6947
radio 6 7461
radio 6 7478
radio 6 7991
radio 6 8047
radio 6 8561
radio 6 8630
radio 6 9144
radio 6 9193
radio 6 9707
radio 6 9736
radio 6 10250
radio 6 10267
radio 6 10780
radio 6 10797
radio 6 11310
radio 6 11327
radio 6 11840
radio 6 11872
radio 6 12386
radio 6 12461
radio 6 12975
radio 6 13009
radio 6 13523
radio 6 13554
radio 6 14068
radio 6 14122
radio 6 14636
radio 6 14685
radio 6 15199
radio 6 15230
radio 6 15744
radio 6 15775
radio 6 16289
radio 6 16320
radio 6 16834
radio 6 16851
radio 6 17364
radio 6 17399
radio 6 17913
radio 6 17943
radio 6 18457
radio 6 18487
radio 6 19001
radio 6 19050
radio 6 19564
radio 6 19581
radio 6 20094
radio 6 20144
energy 6 20602 5 28467
radio 6 20658
radio 6 20675
radio 6 21188
radio 6 21297
radio 6 21811
radio 6 21828
radio 6 22341
radio 6 22433
radio 6 22947
radio 6 22964
radio 6 23477
radio 6 23511
radio 6 24025
radio 6 24059
radio 6 24573
radio 6 24623
radio 6 25137
radio 6 25165
radio 6 25679
radio 6 25696
radio 6 26209
radio 6 26303
radio 6 26817
radio 6 26869
radio 6 27383
radio 6 27476
radio 6 27990
radio 6 28007
radio 6 28520
radio 6 28549
radio 6 29063
radio 6 29091
radio 6 29605
radio 6 29654
radio 6 30168
radio 6 30185
radio 6 30698
radio 6 30727
radio 6 31241
radio 6 31277
radio 6 31791
radio 6 31846
radio 6 32360
radio 6 32408
radio 6 32922
radio 6 32950
radio 6 33464
radio 6 33520
radio 6 34034
radio 6 34066
radio 6 34580
radio 6 34608
radio 6 35122
radio 6 35158
radio 6 35672
radio 6 35728
radio 6 36242
radio 6 36274
radio 6 36788
radio 6 36824
radio 6 37338
radio 6 37373
radio 6 37887
radio 6 37935
radio 6 38449
radio 6 38501
radio 6 39015
radio 6 39043
radio 6 39557
radio 6 39606
radio 6 40120
radio 6 40169
radio 6 40683
radio 6 40713
radio 6 41227
radio 6 41298
radio 6 41812
radio 6 41846
radio 6 42360
radio 6 42394
radio 6 42908
radio 6 42958
radio 6 43472
radio 6 43503
radio 6 44017
radio 6 44049
radio 6 44563
radio 6 44596
radio 6 45110
radio 6 45166
radio 6 45680
radio 6 45697
radio 6 46210
radio 6 46227
radio 6 46740
radio 6 46769
radio 6 47283
radio 6 47311
radio 6 47825
radio 6 47859
radio 6 48373
radio 6 48427
radio 6 48941
radio 6 48973
radio 6 49487
radio 6 49504
radio 6 50017
radio 6 50053
radio 6 50567
delay 0 12 6 50656 6 51297 15 16 1 0 187 0 0
radio 6 50663
radio 6 51178
radio 6 51195
radio 6 51708
radio 6 51725
radio 6 52238
radio 6 52291
radio 6 52805
radio 6 52857
radio 6 53371
radio 6 53401
radio 6 53915
radio 6 53932
radio 6 54445
radio 6 54501
radio 6 55015
radio 6 55032
radio 6 55545
radio 6 55562
radio 6 56075
radio 6 56104
radio 6 56618
radio 6 56647
radio 6 57161
radio 6 57193
radio 6 57707
radio 6 57756
radio 6 58270
radio 6 58287
radio 6 58800
radio 6 58834
radio 6 59348
radio 6 59365
radio 6 59878
radio 6 59910
radio 6 60424
radio 6 60476
radio 6 60990
radio 6 61007
radio 6 61520
radio 6 61537
radio 6 62050
radio 6 62083
radio 6 62597
radio 6 62648
radio 6 63162
radio 6 63213
radio 6 63727
radio 6 63744
radio 6 64257
radio 6 64274
radio 6 64787
radio 6 64804
radio 6 65317
radio 6 65371
radio 7 349
radio 7 403
radio 7 916
radio 7 933
radio 7 1446
radio 7 1474
radio 7 1988
radio 7 2022
radio 7 2536
radio 7 2564
radio 7 3078
radio 7 3127
radio 7 3641
radio 7 3672
radio 7 4186
radio 7 4221
radio 7 4735
radio 7 4791
radio 7 5305
delay 1 19 7 5362 7 5746 16 16 65535 0 89 1 0
radio 7 6435
radio 7 6948
radio 7 6969
radio 7 7483
radio 7 7533
radio 7 8047
radio 7 8079
radio 7 8593
radio 7 8610
radio 7 9123
radio 7 9154
radio 7 9668
radio 7 9723
radio 7 10237
radio 7 10286
radio 7 10800
radio 7 10829
radio 7 11343
radio 7 11396
radio 7 11910
radio 7 11927
radio 7 12440
radio 7 12457
radio 7 12970
radio 7 12987
radio 7 13500
radio 7 13517
radio 7 14030
radio 7 14047
radio 7 14560
radio 7 14613
radio 7 15127
radio 7 15178
radio 7 15692
radio 7 15722
radio 7 16236
radio 7 16329
energy 7 16506 5 32978
radio 7 16843
radio 7 16878
radio 7 17392
radio 7 17542
radio 7 18056
radio 7 18107
radio 7 18621
radio 7 18673
radio 7 19187
radio 7 19204
radio 7 19717
radio 7 19748
radio 7 20262
radio 7 20316
radio 7 20830
radio 7 20860
radio 7 21374
radio 7 21468
radio 7 21982
radio 7 22051
radio 7 22565
radio 7 22594
radio 7 23108
radio 7 23157
radio 7 23671
radio 7 23703
radio 7 24217
radio 7 24249
radio 7 24763
radio 7 24780
radio 7 25293
radio 7 25343
radio 7 25857
delay 2 36 7 25978 7 25970 14 16 2 0 146 1 0
radio 7 27058
radio 7 27571
radio 7 27588
radio 7 28101
radio 7 28118
radio 7 28631
radio 7 28662
radio 7 29176
radio 7 29228
radio 7 29742
radio 7 29770
radio 7 30284
radio 7 30315
radio 7 30829
radio 7 30846
radio 7 31359
radio 7 31391
radio 7 31905
radio 7 31958
radio 7 32472
radio 7 32500
radio 7 33014
radio 7 33031
radio 7 33544
radio 7 33572
radio 7 34086
radio 7 34114
radio 7 34628
radio 7 34679
radio 7 35193
radio 7 35228
radio 7 35742
radio 7 35770
radio 7 36284
radio 7 36312
radio 7 36826
radio 7 36855
radio 7 37369
radio 7 37418
radio 7 37932
radio 7 37949
radio 7 38462
radio 7 38479
radio 7 38992
radio 7 39024
radio 7 39538
radio 7 39571
radio 7 40085
radio 7 40137
radio 7 40651
radio 7 40679
radio 7 41193
radio 7 41210
radio 7 41723
radio 7 41753
radio 7 42267
radio 7 42284
radio 7 42797
radio 7 42831
radio 7 43345
radio 7 43396
radio 7 43910
radio 7 43944
radio 7 44458
radio 7 44475
radio 7 44988
radio 7 45005
radio 7 45518
radio 7 45535
radio 7 46048
radio 7 46065
radio 7 46578
delay 3 15 7 46597 7 47389 18 16 65535 0 51 0 0
radio 7 46605
radio 7 47119
radio 7 47169
radio 7 47683
radio 7 47699
radio 7 48213
radio 7 48230
radio 7 48743
radio 7 48760
radio 7 49273
radio 7 49302
radio 7 49816
radio 7 49847
radio 7 50361
radio 7 50415
radio 7 50929
radio 7 50981
radio 7 51495
radio 7 51526
radio 7 52040
radio 7 52089
radio 7 52603
radio 7 52634
radio 7 53148
radio 7 53184
radio 7 53698
radio 7 53727
radio 7 54241
radio 7 54332
radio 7 54846
radio 7 54881
radio 7 55395
radio 7 55412
radio 7 55925
radio 7 55978
radio 7 56492
radio 7 56509
radio 7 57022
radio 7 57071
radio 7 57585
radio 7 57602
radio 7 58115
radio 7 58244
radio 7 58758
radio 7 58810
radio 7 59324
radio 7 59341
radio 7 59854
radio 7 59871
radio 7 60384
radio 7 60435
radio 7 60949
radio 7 61022
radio 7 61536
radio 7 61565
radio 7 62079
radio 7 62096
radio 7 62609
radio 7 62641
radio 7 63155
radio 7 63204
radio 7 63718
radio 7 63735
radio 7 64248
radio 7 64265
radio 7 64778
radio 7 64810
radio 7 65324
radio 7 65341
radio 8 318
radio 8 346
radio 8 859
radio 8 887
radio 8 1400
delay 4 15 8 1583 8 2374 18 16 65535 0 184 0 0
radio 8 1590
radio 8 2105
radio 8 2122
radio 8 2636
radio 8 2709
