Thread[Thread-1,5,main]tree 71 25 3 14 0 0
radio 5 55418
radio 5 55422
radio 5 55513
radio 5 56027
radio 5 56044
radio 5 56558
radio 5 56587
radio 5 57101
radio 5 57157
radio 5 57671
radio 5 57702
radio 5 58216
radio 5 58266
radio 5 58780
radio 5 58832
radio 5 59346
radio 5 59379
radio 5 59893
radio 5 59923
radio 5 60437
radio 5 60471
radio 5 60985
radio 5 61053
radio 5 61567
radio 5 61596
radio 5 62110
radio 5 62139
radio 5 62653
radio 5 62687
radio 5 63201
radio 5 63269
radio 5 63783
radio 5 63811
radio 5 64325
radio 5 64356
radio 5 64870
radio 5 64926
radio 5 65440
radio 5 65473
radio 6 451
radio 6 482
radio 6 995
radio 6 1029
radio 6 1543
radio 6 1591
radio 6 2105
radio 6 2136
radio 6 2650
radio 6 2680
radio 6 3194
radio 6 3229
radio 6 3743
radio 6 3792
radio 6 4306
radio 6 4339
radio 6 4853
radio 6 4889
radio 6 5403
radio 6 5471
radio 6 5985
radio 6 6013
radio 6 6527
radio 6 6555
radio 6 7069
radio 6 7104
radio 6 7618
radio 6 7669
radio 6 8183
radio 6 8212
radio 6 8726
radio 6 8754
radio 6 9268
radio 6 9298
radio 6 9812
radio 6 9863
radio 6 10377
radio 6 10431
radio 6 10945
radio 6 10976
radio 6 11490
radio 6 11507
radio 6 12021
radio 6 12074
radio 6 12588
radio 6 12619
radio 6 13133
radio 6 13150
radio 6 13664
radio 6 13712
radio 6 14226
radio 6 14243
radio 6 14756
radio 6 14811
radio 6 15325
radio 6 15358
radio 6 15872
radio 6 15902
radio 6 16416
radio 6 16446
radio 6 16960
radio 6 17014
radio 6 17528
radio 6 17545
radio 6 18059
radio 6 18091
radio 6 18605
radio 6 18637
radio 6 19151
radio 6 19168
radio 6 19682
radio 6 19731
radio 6 20245
radio 6 20335
radio 6 20849
radio 6 20920
radio 6 21434
radio 6 21451
radio 6 21965
radio 6 22036
radio 6 22550
radio 6 22579
radio 6 23093
radio 6 23126
radio 6 23640
radio 6 23669
radio 6 24183
radio 6 24237
radio 6 24751
radio 6 24768
radio 6 25282
radio 6 25299
radio 6 25813
radio 6 25921
radio 6 26435
radio 6 26491
radio 6 27005
radio 6 27038
radio 6 27552
radio 6 27603
radio 6 28117
radio 6 28134
radio 6 28648
radio 6 28680
radio 6 29194
radio 6 29265
radio 6 29779
radio 6 29809
radio 6 30323
radio 6 30353
radio 6 30867
radio 6 30895
radio 6 31409
radio 6 31465
radio 6 31979
radio 6 32010
radio 6 32524
radio 6 32553
radio 6 33067
radio 6 33102
radio 6 33616
radio 6 33672
radio 6 34186
radio 6 34218
radio 6 34732
radio 6 34760
radio 6 35274
radio 6 35304
radio 6 35818
radio 6 35852
radio 6 36366
radio 6 36401
radio 6 36915
radio 6 36944
radio 6 37458
radio 6 37492
radio 6 38006
radio 6 38037
radio 6 38551
radio 6 38603
radio 6 39117
radio 6 39150
radio 6 39664
radio 6 39699
radio 6 40213
radio 6 40230
radio 6 40744
radio 6 40775
radio 6 41289
radio 6 41340
radio 6 41854
radio 6 41887
radio 6 42401
radio 6 42434
radio 6 42948
radio 6 43001
radio 6 43515
radio 6 43544
radio 6 44058
radio 6 44114
radio 6 44628
radio 6 44681
radio 6 45195
radio 6 45225
radio 6 45739
radio 6 45756
radio 6 46270
radio 6 46301
radio 6 46815
radio 6 46849
radio 6 47363
radio 6 47380
radio 6 47894
radio 6 47946
radio 6 48460
radio 6 48477
radio 6 48990
radio 6 49019
radio 6 49533
radio 6 49550
radio 6 50064
radio 6 50081
radio 6 50595
energy 6 51335 5 58911
delay 0 29 6 51344 6 51370 18 16 65535 0 988 0 0
radio 6 51350
radio 6 51863
radio 6 51880
radio 6 52394
radio 6 52464
radio 6 52978
radio 6 53029
radio 6 53543
radio 6 53560
radio 6 54074
radio 6 54123
radio 6 54637
radio 6 54654
radio 6 55168
radio 6 55198
radio 6 55712
radio 6 55743
radio 6 56257
radio 6 56274
radio 6 56788
radio 6 56805
radio 6 57319
radio 6 57368
radio 6 57882
radio 6 57899
radio 6 58412
radio 6 58444
radio 6 58958
radio 6 58988
radio 6 59502
radio 6 59537
radio 6 60051
radio 6 60107
radio 6 60621
radio 6 60653
radio 6 61167
radio 6 61202
radio 6 61716
radio 6 61733
radio 6 62247
radio 6 62297
radio 6 62811
radio 6 62844
radio 6 63358
radio 6 63394
radio 6 63908
radio 6 63943
radio 6 64457
radio 6 64508
radio 6 65022
radio 6 65051
radio 7 29
radio 7 61
radio 7 574
radio 7 608
radio 7 1121
radio 7 1169
radio 7 1683
radio 7 1751
radio 7 2265
radio 7 2318
radio 7 2832
radio 7 2863
radio 7 3377
radio 7 3405
radio 7 3919
radio 7 3952
radio 7 4466
radio 7 4496
radio 7 5010
radio 7 5040
radio 7 5554
delay 1 19 7 5665 7 6110 16 16 65535 0 453 0 0
radio 7 5672
radio 7 6187
radio 7 6205
radio 7 6718
radio 7 6864
radio 7 7378
radio 7 7411
radio 7 7925
radio 7 7980
radio 7 8494
radio 7 8544
radio 7 9058
radio 7 9092
radio 7 9606
radio 7 9655
radio 7 10169
radio 7 10198
radio 7 10712
radio 7 10743
radio 7 11257
radio 7 11291
radio 7 11805
radio 7 11835
radio 7 12349
radio 7 12421
radio 7 12935
radio 7 12963
radio 7 13477
radio 7 13506
radio 7 14020
radio 7 14072
radio 7 14586
radio 7 14619
radio 7 15133
radio 7 15161
radio 7 15675
radio 7 15703
radio 7 16217
radio 7 16265
radio 7 16779
radio 7 16808
radio 7 17322
radio 7 17339
radio 7 17853
radio 7 17903
radio 7 18417
radio 7 18467
radio 7 18981
radio 7 18998
radio 7 19512
radio 7 19542
radio 7 20056
radio 7 20085
radio 7 20599
radio 7 20627
radio 7 21141
radio 7 21190
radio 7 21704
radio 7 21732
radio 7 22246
radio 7 22278
radio 7 22792
radio 7 22827
radio 7 23341
radio 7 23369
radio 7 23883
radio 7 23935
radio 7 24449
radio 7 24481
radio 7 24995
radio 7 25024
radio 7 25538
radio 7 25573
radio 7 26087
delay 2 38 7 26175 7 26362 23 16 65535 0 140 0 0
radio 7 26183
radio 7 26697
radio 7 26715
radio 7 27229
radio 7 27252
radio 7 27765
radio 7 27815
radio 7 28329
radio 7 28346
radio 7 28860
radio 7 28895
radio 7 29409
radio 7 29426
radio 7 29940
radio 7 29975
radio 7 30489
radio 7 30540
radio 7 31054
radio 7 31087
radio 7 31601
radio 7 31635
radio 7 32149
radio 7 32178
radio 7 32692
radio 7 32744
radio 7 33258
radio 7 33287
radio 7 33801
radio 7 33834
radio 7 34348
radio 7 34365
radio 7 34878
radio 7 34895
radio 7 35409
radio 7 35458
radio 7 35972
radio 7 36000
radio 7 36514
radio 7 36565
radio 7 37079
radio 7 37132
radio 7 37646
radio 7 37680
radio 7 38194
radio 7 38211
radio 7 38725
radio 7 38755
radio 7 39269
radio 7 39302
radio 7 39816
radio 7 39868
radio 7 40382
radio 7 40399
radio 7 40913
radio 7 40949
radio 7 41463
radio 7 41495
radio 7 42009
radio 7 42061
radio 7 42575
radio 7 42592
radio 7 43105
radio 7 43122
radio 7 43636
radio 7 43667
radio 7 44181
radio 7 44198
radio 7 44712
radio 7 44741
radio 7 45255
radio 7 45310
radio 7 45824
radio 7 45857
radio 7 46371
delay 3 17 7 46419 7 46997 16 16 65535 0 142 0 0
radio 7 46427
radio 7 46942
radio 7 46985
energy 7 47238 5 63093
radio 7 47499
radio 7 47550
radio 7 48064
radio 7 48141
radio 7 48654
radio 7 48702
radio 7 49216
radio 7 49245
radio 7 49759
radio 7 49789
radio 7 50303
radio 7 50354
radio 7 50868
radio 7 50920
radio 7 51434
radio 7 51465
radio 7 51979
radio 7 52029
radio 7 52543
radio 7 52575
radio 7 53089
radio 7 53118
radio 7 53632
radio 7 53661
radio 7 54175
radio 7 54228
radio 7 54742
radio 7 54777
radio 7 55291
radio 7 55320
radio 7 55834
radio 7 55866
radio 7 56380
radio 7 56432
radio 7 56946
radio 7 56999
radio 7 57513
radio 7 57548
radio 7 58062
radio 7 58079
radio 7 58593
radio 7 58610
radio 7 59124
radio 7 59154
radio 7 59668
radio 7 59699
radio 7 60213
radio 7 60230
radio 7 60744
radio 7 60774
radio 7 61288
radio 7 61318
radio 7 61832
radio 7 61887
radio 7 62401
radio 7 62430
radio 7 62944
radio 7 62961
radio 7 63474
radio 7 63507
radio 7 64021
radio 7 64053
radio 7 64567
radio 7 64616
radio 7 65130
radio 7 65162
radio 8 140
radio 8 168
radio 8 681
radio 8 713
radio 8 1226
delay 4 48 8 1246 8 1217 16 16 65535 0 51 1 0
radio 8 2321
