Thread[Thread-1,5,main]tree 8 17 0 14 7 1
radio 5 27786
radio 5 27790
radio 5 27841
radio 5 28355
radio 5 28407
radio 5 28921
radio 5 28950
radio 5 29464
radio 5 29516
radio 5 30030
radio 5 30083
radio 5 30597
radio 5 30626
radio 5 31140
radio 5 31231
radio 5 31745
radio 5 31779
radio 5 32293
radio 5 32361
radio 5 32875
radio 5 32904
radio 5 33418
radio 5 33451
radio 5 33965
radio 5 33996
radio 5 34510
radio 5 34559
radio 5 35073
radio 5 35101
radio 5 35615
radio 5 35647
radio 5 36161
radio 5 36189
radio 5 36703
radio 5 36751
radio 5 37265
radio 5 37318
radio 5 37832
radio 5 37860
radio 5 38374
radio 5 38442
radio 5 38956
radio 5 38987
radio 5 39501
radio 5 39532
radio 5 40046
radio 5 40063
radio 5 40577
radio 5 40608
radio 5 41122
radio 5 41193
radio 5 41707
radio 5 41736
radio 5 42250
radio 5 42283
radio 5 42797
radio 5 42845
radio 5 43359
radio 5 43392
radio 5 43906
radio 5 43942
radio 5 44456
radio 5 44473
radio 5 44987
radio 5 45038
radio 5 45552
radio 5 45602
radio 5 46116
radio 5 46147
radio 5 46661
radio 5 46712
radio 5 47226
radio 5 47243
radio 5 47757
radio 5 47808
radio 5 48322
radio 5 48356
radio 5 48870
radio 5 48887
radio 5 49400
radio 5 49452
radio 5 49966
radio 5 50002
radio 5 50516
radio 5 50549
radio 5 51063
radio 5 51092
radio 5 51606
radio 5 51658
radio 5 52172
radio 5 52189
radio 5 52703
radio 5 52720
radio 5 53233
radio 5 53265
radio 5 53779
radio 5 53808
radio 5 54322
radio 5 54339
radio 5 54853
radio 5 54903
radio 5 55417
radio 5 55434
radio 5 55948
radio 5 55983
radio 5 56497
radio 5 56514
radio 5 57027
radio 5 57056
radio 5 57570
radio 5 57626
radio 5 58140
radio 5 58189
radio 5 58703
radio 5 58720
radio 5 59233
radio 5 59250
radio 5 59763
radio 5 59780
radio 5 60293
radio 5 60343
radio 5 60857
radio 5 60874
radio 5 61388
radio 5 61439
radio 5 61953
radio 5 61970
radio 5 62484
radio 5 62515
radio 5 63029
radio 5 63077
radio 5 63591
radio 5 63641
radio 5 64155
radio 5 64190
radio 5 64704
radio 5 64755
radio 5 65269
radio 5 65318
radio 6 296
radio 6 313
radio 6 826
radio 6 843
radio 6 1356
radio 6 1390
radio 6 1904
radio 6 1936
radio 6 2450
radio 6 2467
radio 6 2980
radio 6 3029
radio 6 3543
radio 6 3579
radio 6 4093
radio 6 4143
radio 6 4657
radio 6 4712
radio 6 5226
radio 6 5255
radio 6 5769
radio 6 5800
radio 6 6314
radio 6 6343
radio 6 6857
radio 6 6906
radio 6 7420
radio 6 7452
radio 6 7966
radio 6 8038
radio 6 8552
radio 6 8581
radio 6 9095
radio 6 9112
radio 6 9625
radio 6 9657
radio 6 10171
radio 6 10200
radio 6 10714
radio 6 10762
radio 6 11276
radio 6 11293
radio 6 11807
radio 6 11835
radio 6 12349
radio 6 12379
radio 6 12893
radio 6 12922
radio 6 13436
radio 6 13511
radio 6 14025
radio 6 14073
radio 6 14587
radio 6 14635
radio 6 15149
radio 6 15198
radio 6 15712
radio 6 15743
radio 6 16257
radio 6 16274
radio 6 16787
radio 6 16804
radio 6 17318
radio 6 17350
radio 6 17864
radio 6 17917
radio 6 18431
radio 6 18448
radio 6 18962
radio 6 18990
radio 6 19504
radio 6 19555
radio 6 20069
radio 6 20119
radio 6 20633
radio 6 20664
radio 6 21178
radio 6 21248
radio 6 21762
radio 6 21792
radio 6 22306
radio 6 22323
radio 6 22836
radio 6 22853
radio 6 23366
radio 6 23383
energy 6 23701 5 31173
radio 6 23896
radio 6 23932
radio 6 24446
radio 6 24516
radio 6 25030
radio 6 25060
radio 6 25574
radio 6 25606
radio 6 26120
radio 6 26137
radio 6 26651
radio 6 26723
radio 6 27237
radio 6 27254
radio 6 27768
radio 6 27797
radio 6 28311
radio 6 28401
radio 6 28915
radio 6 28932
radio 6 29446
radio 6 29475
radio 6 29989
radio 6 30045
radio 6 30559
radio 6 30612
radio 6 31126
radio 6 31154
radio 6 31668
radio 6 31720
radio 6 32234
radio 6 32287
radio 6 32801
radio 6 32833
radio 6 33347
radio 6 33403
radio 6 33917
radio 6 33967
radio 6 34481
radio 6 34510
radio 6 35024
radio 6 35073
radio 6 35587
radio 6 35616
radio 6 36130
radio 6 36179
radio 6 36693
radio 6 36723
radio 6 37237
radio 6 37288
radio 6 37802
radio 6 37831
radio 6 38345
radio 6 38373
radio 6 38887
radio 6 38922
radio 6 39436
radio 6 39491
radio 6 40005
radio 6 40036
radio 6 40550
radio 6 40579
radio 6 41093
radio 6 41127
radio 6 41641
radio 6 41710
radio 6 42224
radio 6 42241
radio 6 42754
radio 6 42784
radio 6 43298
radio 6 43330
radio 6 43844
radio 6 43895
radio 6 44409
radio 6 44426
radio 6 44940
radio 6 44957
radio 6 45471
radio 6 45488
radio 6 46001
radio 6 46031
radio 6 46545
radio 6 46619
radio 6 47133
radio 6 47161
radio 6 47675
radio 6 47704
radio 6 48218
radio 6 48248
radio 6 48762
radio 6 48817
radio 6 49331
radio 6 49382
radio 6 49896
radio 6 49913
radio 6 50426
radio 6 50456
radio 6 50970
radio 6 50987
radio 6 51500
delay 0 5 6 51516 6 51506 16 9 65535 0 125 1 1
radio 6 52588
radio 6 53102
radio 6 53244
radio 6 53757
radio 6 53774
radio 6 54287
radio 6 54322
radio 6 54836
radio 6 54866
radio 6 55380
radio 6 55434
radio 6 55948
radio 6 55965
radio 6 56479
radio 6 56496
radio 6 57009
radio 6 57026
radio 6 57540
radio 6 57572
radio 6 58086
radio 6 58118
radio 6 58632
radio 6 58681
radio 6 59195
radio 6 59212
radio 6 59726
radio 6 59761
radio 6 60275
radio 6 60310
radio 6 60824
radio 6 60880
radio 6 61394
radio 6 61422
radio 6 61936
radio 6 61967
radio 6 62481
radio 6 62498
radio 6 63011
radio 6 63028
radio 6 63542
radio 6 63559
radio 6 64072
radio 6 64121
radio 6 64635
radio 6 64686
radio 6 65200
radio 6 65234
radio 7 212
radio 7 266
radio 7 779
radio 7 833
radio 7 1346
radio 7 1380
radio 7 1894
radio 7 1911
radio 7 2424
radio 7 2441
radio 7 2954
radio 7 2985
radio 7 3499
radio 7 3516
radio 7 4029
radio 7 4079
radio 7 4593
radio 7 4621
radio 7 5135
radio 7 5191
radio 7 5705
radio 7 5757
radio 7 6271
delay 1 0 7 6344 7 6443 0 9 9 0 162 1 1
radio 7 7475
radio 7 7988
radio 7 8092
radio 7 8606
radio 7 8654
radio 7 9168
radio 7 9219
radio 7 9733
radio 7 9761
radio 7 10275
radio 7 10292
radio 7 10805
radio 7 10853
radio 7 11367
radio 7 11418
radio 7 11932
radio 7 11960
radio 7 12474
radio 7 12503
radio 7 13017
radio 7 13071
radio 7 13585
radio 7 13615
radio 7 14129
radio 7 14159
radio 7 14673
radio 7 14702
radio 7 15216
radio 7 15272
radio 7 15786
radio 7 15816
radio 7 16330
radio 7 16360
radio 7 16874
radio 7 16910
radio 7 17424
radio 7 17492
radio 7 18006
radio 7 18038
radio 7 18552
radio 7 18582
radio 7 19096
radio 7 19171
energy 7 19605 5 36844
radio 7 19685
radio 7 19736
radio 7 20250
radio 7 20299
radio 7 20813
radio 7 20841
radio 7 21355
radio 7 21372
radio 7 21886
radio 7 21919
radio 7 22433
radio 7 22450
radio 7 22963
radio 7 22991
radio 7 23505
radio 7 23579
radio 7 24093
radio 7 24147
radio 7 24661
radio 7 24711
radio 7 25225
radio 7 25242
radio 7 25756
radio 7 25789
radio 7 26303
radio 7 26376
radio 7 26890
delay 2 2 7 26932 7 26941 9 9 65535 0 14 1 1
radio 7 28011
radio 7 28525
radio 7 28574
radio 7 29088
radio 7 29140
radio 7 29654
radio 7 29686
radio 7 30200
radio 7 30255
radio 7 30769
radio 7 30821
radio 7 31335
radio 7 31364
radio 7 31878
radio 7 31929
radio 7 32443
radio 7 32492
radio 7 33006
radio 7 33023
radio 7 33537
radio 7 33566
radio 7 34080
radio 7 34111
radio 7 34625
radio 7 34693
radio 7 35207
radio 7 35241
radio 7 35755
radio 7 35783
radio 7 36297
radio 7 36345
radio 7 36859
radio 7 36892
radio 7 37406
radio 7 37438
radio 7 37952
radio 7 37969
radio 7 38482
radio 7 38510
radio 7 39024
radio 7 39076
radio 7 39590
radio 7 39618
radio 7 40132
radio 7 40167
radio 7 40681
radio 7 40712
radio 7 41226
radio 7 41275
radio 7 41789
radio 7 41817
radio 7 42331
radio 7 42359
radio 7 42873
radio 7 42901
radio 7 43415
radio 7 43464
radio 7 43978
radio 7 44030
radio 7 44544
radio 7 44577
radio 7 45091
radio 7 45147
radio 7 45661
radio 7 45713
radio 7 46227
radio 7 46259
radio 7 46773
radio 7 46822
radio 7 47336
delay 3 1 7 47395 7 47518 9 9 65535 0 93 0 1
radio 7 48579
radio 7 49092
radio 7 49144
radio 7 49657
radio 7 49686
radio 7 50200
radio 7 50230
radio 7 50744
radio 7 50774
radio 7 51288
radio 7 51339
radio 7 51853
radio 7 51881
radio 7 52395
radio 7 52428
radio 7 52942
radio 7 52973
radio 7 53487
radio 7 53536
radio 7 54050
radio 7 54099
radio 7 54613
radio 7 54646
radio 7 55160
radio 7 55213
radio 7 55727
radio 7 55780
radio 7 56294
radio 7 56329
radio 7 56843
radio 7 56899
radio 7 57413
radio 7 57430
radio 7 57944
radio 7 57980
radio 7 58494
radio 7 58529
radio 7 59043
radio 7 59092
radio 7 59606
radio 7 59657
radio 7 60171
radio 7 60203
radio 7 60717
radio 7 60772
radio 7 61286
radio 7 61359
radio 7 61873
radio 7 61922
radio 7 62436
radio 7 62489
radio 7 63003
radio 7 63035
radio 7 63549
radio 7 63599
radio 7 64113
radio 7 64163
radio 7 64677
radio 7 64707
radio 7 65221
radio 7 65252
radio 8 230
radio 8 279
radio 8 792
radio 8 824
radio 8 1337
radio 8 1366
radio 8 1880
radio 8 1908
radio 8 2422
delay 4 2 8 2473 8 2482 9 9 65535 0 164 1 1
radio 8 3542
