Thread[Thread-1,5,main]tree 13 10 0 20 0 0
radio 8 44259
radio 8 44263
radio 8 44311
radio 8 44825
radio 8 44878
radio 8 45392
radio 8 45425
radio 8 45939
radio 8 45989
radio 8 46503
radio 8 46532
radio 8 47046
radio 8 47080
radio 8 47594
radio 8 47624
radio 8 48138
radio 8 48194
radio 8 48708
radio 8 48756
radio 8 49270
radio 8 49298
radio 8 49812
radio 8 49868
radio 8 50382
radio 8 50452
radio 8 50966
radio 8 51036
radio 8 51550
radio 8 51579
radio 8 52093
radio 8 52123
radio 8 52637
radio 8 52670
radio 8 53184
radio 8 53233
radio 8 53747
radio 8 53798
radio 8 54312
radio 8 54345
radio 8 54859
radio 8 54912
radio 8 55426
radio 8 55481
radio 8 55995
radio 8 56068
radio 8 56582
radio 8 56610
radio 8 57124
radio 8 57160
radio 8 57674
radio 8 57710
radio 8 58224
radio 8 58272
radio 8 58786
radio 8 58817
radio 8 59331
radio 8 59367
radio 8 59881
radio 8 59910
radio 8 60424
radio 8 60473
radio 8 60987
radio 8 61016
radio 8 61530
radio 8 61563
radio 8 62077
radio 8 62145
radio 8 62659
radio 8 62691
radio 8 63205
radio 8 63241
radio 8 63755
radio 8 63783
radio 8 64297
radio 8 64345
radio 8 64859
radio 8 64932
radio 8 65446
radio 8 65495
radio 9 473
radio 9 526
radio 9 1039
radio 9 1152
radio 9 1666
radio 9 1695
radio 9 2209
radio 9 2239
radio 9 2753
radio 9 2783
radio 9 3297
radio 9 3331
radio 9 3845
radio 9 3875
radio 9 4389
radio 9 4443
radio 9 4957
radio 9 5005
radio 9 5519
radio 9 5548
radio 9 6062
radio 9 6090
radio 9 6604
radio 9 6632
radio 9 7146
radio 9 7194
radio 9 7708
radio 9 7760
radio 9 8274
radio 9 8306
radio 9 8820
radio 9 8870
radio 9 9384
radio 9 9413
radio 9 9927
radio 9 9955
radio 9 10469
radio 9 10503
radio 9 11017
radio 9 11046
radio 9 11560
radio 9 11631
radio 9 12145
radio 9 12178
radio 9 12692
radio 9 12724
radio 9 13238
radio 9 13289
radio 9 13803
radio 9 13857
radio 9 14371
radio 9 14403
radio 9 14917
radio 9 14966
radio 9 15480
radio 9 15510
radio 9 16024
radio 9 16052
radio 9 16566
radio 9 16594
radio 9 17108
radio 9 17156
radio 9 17670
radio 9 17743
radio 9 18257
radio 9 18286
radio 9 18800
radio 9 18828
radio 9 19342
radio 9 19370
radio 9 19884
radio 9 19912
radio 9 20426
radio 9 20454
radio 9 20968
radio 9 20996
radio 9 21510
radio 9 21558
radio 9 22072
radio 9 22125
radio 9 22639
radio 9 22672
radio 9 23186
radio 9 23238
radio 9 23752
radio 9 23821
radio 9 24335
radio 9 24364
radio 9 24878
radio 9 24928
radio 9 25442
radio 9 25472
radio 9 25986
radio 9 26014
radio 9 26528
radio 9 26556
radio 9 27070
radio 9 27158
radio 9 27672
radio 9 27702
radio 9 28216
radio 9 28268
radio 9 28782
radio 9 28835
radio 9 29349
radio 9 29382
radio 9 29896
radio 9 29952
radio 9 30466
radio 9 30519
radio 9 31033
radio 9 31065
radio 9 31579
radio 9 31627
radio 9 32141
radio 9 32190
radio 9 32704
radio 9 32754
radio 9 33268
radio 9 33297
radio 9 33811
radio 9 33887
radio 9 34401
radio 9 34433
radio 9 34947
radio 9 34995
radio 9 35509
radio 9 35538
radio 9 36052
radio 9 36085
radio 9 36599
radio 9 36627
radio 9 37141
radio 9 37190
radio 9 37704
radio 9 37736
radio 9 38250
radio 9 38285
radio 9 38799
radio 9 38834
radio 9 39348
radio 9 39416
radio 9 39930
radio 9 39959
energy 9 40175 8 48273
radio 9 40473
radio 9 40508
radio 9 41022
radio 9 41071
radio 9 41585
radio 9 41616
radio 9 42130
radio 9 42166
radio 9 42680
radio 9 42715
radio 9 43229
radio 9 43278
radio 9 43792
radio 9 43823
radio 9 44337
radio 9 44370
radio 9 44884
radio 9 44915
radio 9 45429
radio 9 45480
radio 9 45994
radio 9 46043
radio 9 46557
radio 9 46589
radio 9 47103
radio 9 47151
radio 9 47665
radio 9 47698
radio 9 48212
radio 9 48242
radio 9 48756
radio 9 48786
radio 9 49300
radio 9 49352
radio 9 49866
radio 9 49883
radio 9 50396
radio 9 50425
radio 9 50939
radio 9 50975
radio 9 51489
radio 9 51517
radio 9 52031
radio 9 52079
radio 9 52593
radio 9 52662
radio 9 53176
radio 9 53229
radio 9 53743
radio 9 53856
radio 9 54370
radio 9 54460
radio 9 54974
radio 9 55022
radio 9 55536
radio 9 55566
radio 9 56080
radio 9 56110
radio 9 56624
radio 9 56652
radio 9 57166
radio 9 57220
radio 9 57734
radio 9 57769
radio 9 58283
radio 9 58314
radio 9 58828
radio 9 58857
radio 9 59371
radio 9 59419
radio 9 59933
radio 9 60005
radio 9 60519
radio 9 60573
radio 9 61087
radio 9 61137
radio 9 61651
radio 9 61686
radio 9 62200
radio 9 62252
radio 9 62766
radio 9 62816
radio 9 63330
radio 9 63363
radio 9 63877
radio 9 63969
radio 9 64483
radio 9 64551
radio 9 65065
radio 9 65115
radio 10 93
radio 10 110
radio 10 623
radio 10 640
radio 10 1153
radio 10 1170
radio 10 1683
radio 10 1715
radio 10 2229
radio 10 2297
radio 10 2811
radio 10 2840
radio 10 3354
radio 10 3383
radio 10 3897
radio 10 3951
radio 10 4465
radio 10 4497
radio 10 5011
radio 10 5041
radio 10 5555
radio 10 5587
radio 10 6101
radio 10 6150
radio 10 6664
radio 10 6716
radio 10 7230
radio 10 7299
radio 10 7813
radio 10 7865
radio 10 8379
radio 10 8412
radio 10 8926
radio 10 8982
radio 10 9496
radio 10 9549
radio 10 10063
radio 10 10095
radio 10 10609
radio 10 10657
radio 10 11171
radio 10 11224
radio 10 11738
radio 10 11770
radio 10 12284
radio 10 12334
radio 10 12848
radio 10 12898
radio 10 13412
radio 10 13444
radio 10 13958
radio 10 13986
radio 10 14500
radio 10 14528
radio 10 15042
radio 10 15076
radio 10 15590
radio 10 15620
radio 10 16134
radio 10 16166
radio 10 16680
radio 10 16712
radio 10 17226
radio 10 17274
radio 10 17788
radio 10 17818
radio 10 18332
radio 10 18361
radio 10 18875
radio 10 18909
radio 10 19423
radio 10 19472
radio 10 19986
radio 10 20018
radio 10 20532
radio 10 20561
radio 10 21075
radio 10 21109
radio 10 21623
radio 10 21673
radio 10 22187
radio 10 22204
radio 10 22717
radio 10 22747
radio 10 23261
radio 10 23312
radio 10 23826
radio 10 23875
radio 10 24389
radio 10 24406
radio 10 24919
radio 10 24936
radio 10 25450
radio 10 25484
radio 10 25998
radio 10 26015
radio 10 26528
radio 10 26599
radio 10 27113
radio 10 27165
radio 10 27679
radio 10 27750
radio 10 28264
radio 10 28281
radio 10 28795
radio 10 28827
radio 10 29341
radio 10 29370
radio 10 29884
radio 10 29912
radio 10 30426
radio 10 30474
radio 10 30988
delay 0 43 10 31629 10 31010 7 7 65535 0 842 0 0
radio 10 31637
radio 10 32151
radio 10 32323
radio 10 32837
radio 10 32889
radio 10 33403
radio 10 33453
radio 10 33967
radio 10 34002
radio 10 34516
radio 10 34564
radio 10 35078
radio 10 35095
radio 10 35609
radio 10 35645
energy 10 36079 8 52814
radio 10 36159
radio 10 36176
radio 10 36689
radio 10 36706
radio 10 37219
radio 10 37251
radio 10 37765
radio 10 37854
radio 10 38368
radio 10 38400
radio 10 38914
radio 10 38931
radio 10 39444
radio 10 39496
radio 10 40010
radio 10 40043
radio 10 40557
radio 10 40587
radio 10 41101
radio 10 41118
radio 10 41632
radio 10 41649
radio 10 42162
radio 10 42193
radio 10 42707
radio 10 42735
radio 10 43249
radio 10 43266
radio 10 43779
radio 10 43796
radio 10 44309
radio 10 44343
radio 10 44857
radio 10 44874
radio 10 45387
radio 10 45419
radio 10 45933
radio 10 45950
radio 10 46463
radio 10 46519
radio 10 47033
radio 10 47145
radio 10 47659
radio 10 47709
radio 10 48223
radio 10 48253
radio 10 48767
radio 10 48784
radio 10 49298
radio 10 49352
radio 10 49866
radio 10 49936
radio 10 50450
radio 10 50498
radio 10 51012
delay 1 0 10 51030 10 51467 0 7 7 0 40 1 0
radio 10 52104
radio 10 52617
radio 10 52652
radio 10 53166
radio 10 53202
radio 10 53716
radio 10 53764
radio 10 54278
radio 10 54311
radio 10 54825
radio 10 54842
radio 10 55356
radio 10 55373
radio 10 55887
radio 10 55960
radio 10 56474
radio 10 56524
radio 10 57038
radio 10 57071
radio 10 57585
radio 10 57636
radio 10 58150
radio 10 58199
radio 10 58713
radio 10 58730
radio 10 59243
radio 10 59272
radio 10 59786
radio 10 59839
radio 10 60353
radio 10 60370
radio 10 60884
radio 10 60901
radio 10 61414
radio 10 61446
radio 10 61960
radio 10 61990
radio 10 62504
radio 10 62521
radio 10 63034
radio 10 63051
radio 10 63564
radio 10 63616
radio 10 64130
radio 10 64160
radio 10 64674
radio 10 64691
radio 10 65204
radio 10 65234
radio 11 212
radio 11 247
radio 11 761
radio 11 812
radio 11 1326
radio 11 1343
radio 11 1856
radio 11 1904
radio 11 2418
radio 11 2446
radio 11 2960
radio 11 3012
radio 11 3526
radio 11 3543
radio 11 4056
radio 11 4088
radio 11 4602
radio 11 4632
radio 11 5146
radio 11 5163
radio 11 5676
radio 11 5728
radio 11 6242
delay 2 34 11 6319 11 5813 16 7 65535 0 60 0 0
radio 11 6327
radio 11 6841
radio 11 6920
radio 11 7433
radio 11 7506
radio 11 8019
radio 11 8036
radio 11 8549
radio 11 8601
radio 11 9115
radio 11 9132
radio 11 9645
radio 11 9675
radio 11 10189
radio 11 10241
radio 11 10755
radio 11 10807
radio 11 11321
radio 11 11338
radio 11 11851
radio 11 11884
radio 11 12398
radio 11 12447
radio 11 12961
radio 11 12995
radio 11 13509
radio 11 13540
radio 11 14054
radio 11 14084
