Thread[Thread-1,5,main]tree 40 20 43 20 0 0
radio 8 45286
radio 8 45290
radio 8 45318
radio 8 45832
radio 8 45861
radio 8 46375
radio 8 46410
radio 8 46924
radio 8 46952
radio 8 47466
radio 8 47502
radio 8 48016
radio 8 48044
radio 8 48558
radio 8 48586
radio 8 49100
radio 8 49129
radio 8 49643
radio 8 49671
radio 8 50185
radio 8 50219
radio 8 50733
radio 8 50808
radio 8 51322
radio 8 51351
radio 8 51865
radio 8 51900
radio 8 52414
radio 8 52486
radio 8 53000
radio 8 53017
radio 8 53531
radio 8 53563
radio 8 54077
radio 8 54128
radio 8 54642
radio 8 54695
radio 8 55209
radio 8 55242
radio 8 55756
radio 8 55787
radio 8 56301
radio 8 56373
radio 8 56887
radio 8 56916
radio 8 57430
radio 8 57465
radio 8 57979
radio 8 58050
radio 8 58564
radio 8 58593
radio 8 59107
radio 8 59139
radio 8 59653
radio 8 59701
radio 8 60215
radio 8 60247
radio 8 60761
radio 8 60796
radio 8 61310
radio 8 61366
radio 8 61880
radio 8 61970
radio 8 62484
radio 8 62532
radio 8 63046
radio 8 63094
radio 8 63608
radio 8 63625
radio 8 64138
radio 8 64155
radio 8 64668
radio 8 64697
radio 8 65211
radio 8 65259
radio 9 237
radio 9 305
radio 9 818
radio 9 872
radio 9 1385
radio 9 1419
radio 9 1933
radio 9 1961
radio 9 2475
radio 9 2503
radio 9 3017
radio 9 3034
radio 9 3547
radio 9 3599
radio 9 4113
radio 9 4166
radio 9 4680
radio 9 4712
radio 9 5226
radio 9 5314
radio 9 5828
radio 9 5857
radio 9 6371
radio 9 6424
radio 9 6938
radio 9 6988
radio 9 7502
radio 9 7537
radio 9 8051
radio 9 8107
radio 9 8621
radio 9 8672
radio 9 9186
radio 9 9219
radio 9 9733
radio 9 9787
radio 9 10301
radio 9 10334
radio 9 10848
radio 9 10878
radio 9 11392
radio 9 11422
radio 9 11936
radio 9 11985
radio 9 12499
radio 9 12549
radio 9 13063
radio 9 13091
radio 9 13605
radio 9 13653
radio 9 14167
radio 9 14220
radio 9 14734
radio 9 14766
radio 9 15280
radio 9 15334
radio 9 15848
radio 9 15902
radio 9 16416
radio 9 16433
radio 9 16946
radio 9 16963
radio 9 17476
radio 9 17511
radio 9 18025
radio 9 18113
radio 9 18627
radio 9 18658
radio 9 19172
radio 9 19261
radio 9 19775
radio 9 19805
radio 9 20319
radio 9 20336
radio 9 20849
radio 9 20899
radio 9 21413
radio 9 21443
radio 9 21957
radio 9 21974
radio 9 22487
radio 9 22518
radio 9 23032
radio 9 23062
radio 9 23576
radio 9 23650
radio 9 24164
radio 9 24192
radio 9 24706
radio 9 24735
radio 9 25249
radio 9 25278
radio 9 25792
radio 9 25809
radio 9 26323
radio 9 26354
radio 9 26868
radio 9 26903
radio 9 27417
radio 9 27434
radio 9 27947
radio 9 27964
radio 9 28477
radio 9 28494
radio 9 29007
radio 9 29036
radio 9 29550
radio 9 29640
radio 9 30154
radio 9 30182
radio 9 30696
radio 9 30730
radio 9 31244
radio 9 31279
radio 9 31793
radio 9 31810
radio 9 32323
radio 9 32357
radio 9 32871
radio 9 32925
radio 9 33439
radio 9 33467
radio 9 33981
radio 9 34012
radio 9 34526
radio 9 34559
radio 9 35073
radio 9 35104
radio 9 35618
radio 9 35647
radio 9 36161
radio 9 36194
radio 9 36708
radio 9 36739
radio 9 37253
radio 9 37286
radio 9 37800
radio 9 37833
radio 9 38347
radio 9 38381
radio 9 38895
radio 9 38966
radio 9 39480
radio 9 39532
radio 9 40046
radio 9 40074
radio 9 40588
radio 9 40622
radio 9 41136
radio 9 41164
energy 9 41202 8 48957
radio 9 41678
radio 9 41708
radio 9 42222
radio 9 42251
radio 9 42765
radio 9 42819
radio 9 43333
radio 9 43363
radio 9 43877
radio 9 43894
radio 9 44407
radio 9 44456
radio 9 44970
radio 9 45002
radio 9 45516
radio 9 45550
radio 9 46064
radio 9 46094
radio 9 46608
radio 9 46638
radio 9 47152
radio 9 47187
radio 9 47701
radio 9 47729
radio 9 48243
radio 9 48260
radio 9 48773
radio 9 48790
radio 9 49303
radio 9 49353
radio 9 49867
radio 9 49884
radio 9 50398
radio 9 50429
radio 9 50943
radio 9 50979
radio 9 51493
radio 9 51562
radio 9 52076
radio 9 52093
radio 9 52606
radio 9 52638
radio 9 53152
radio 9 53181
radio 9 53695
radio 9 53727
radio 9 54241
radio 9 54269
radio 9 54783
radio 9 54815
radio 9 55329
radio 9 55363
radio 9 55877
radio 9 55927
radio 9 56441
radio 9 56458
radio 9 56972
radio 9 56989
radio 9 57502
radio 9 57534
radio 9 58048
radio 9 58065
radio 9 58578
radio 9 58607
radio 9 59121
radio 9 59209
radio 9 59723
radio 9 59758
radio 9 60272
radio 9 60289
radio 9 60802
radio 9 60855
radio 9 61369
radio 9 61403
radio 9 61917
radio 9 61948
radio 9 62462
radio 9 62479
radio 9 62992
radio 9 63085
radio 9 63599
radio 9 63616
radio 9 64129
radio 9 64146
radio 9 64660
radio 9 64689
radio 9 65203
radio 9 65259
radio 10 237
radio 10 271
radio 10 785
radio 10 819
radio 10 1333
radio 10 1350
radio 10 1863
radio 10 1880
radio 10 2393
radio 10 2444
radio 10 2958
radio 10 2989
radio 10 3503
radio 10 3520
radio 10 4033
radio 10 4064
radio 10 4578
radio 10 4610
radio 10 5124
radio 10 5175
radio 10 5689
radio 10 5719
radio 10 6233
radio 10 6266
radio 10 6780
radio 10 6811
radio 10 7325
radio 10 7373
radio 10 7887
radio 10 7936
radio 10 8450
radio 10 8481
radio 10 8995
radio 10 9047
radio 10 9561
radio 10 9578
radio 10 10092
radio 10 10125
radio 10 10639
radio 10 10674
radio 10 11188
radio 10 11217
radio 10 11731
radio 10 11782
radio 10 12296
radio 10 12325
radio 10 12839
radio 10 12856
radio 10 13370
radio 10 13387
radio 10 13901
radio 10 13918
radio 10 14432
radio 10 14464
radio 10 14978
radio 10 15033
radio 10 15547
radio 10 15578
radio 10 16092
radio 10 16127
radio 10 16641
radio 10 16658
radio 10 17172
radio 10 17204
radio 10 17718
radio 10 17747
radio 10 18261
radio 10 18316
radio 10 18830
radio 10 18863
radio 10 19377
radio 10 19433
radio 10 19947
radio 10 19977
radio 10 20491
radio 10 20522
radio 10 21036
radio 10 21070
radio 10 21584
radio 10 21639
radio 10 22153
radio 10 22170
radio 10 22684
radio 10 22720
radio 10 23234
radio 10 23270
radio 10 23784
radio 10 23832
radio 10 24346
radio 10 24397
radio 10 24911
radio 10 24983
radio 10 25497
radio 10 25549
radio 10 26063
radio 10 26095
radio 10 26609
radio 10 26637
radio 10 27151
radio 10 27180
radio 10 27694
radio 10 27749
radio 10 28263
radio 10 28294
radio 10 28808
radio 10 28837
radio 10 29351
radio 10 29379
radio 10 29893
radio 10 29923
radio 10 30437
radio 10 30473
radio 10 30987
delay 0 27 10 31007 10 30676 16 22 6 0 52 1 0
radio 10 32083
radio 10 32596
radio 10 32705
radio 10 33219
radio 10 33269
radio 10 33783
radio 10 33832
radio 10 34346
radio 10 34382
radio 10 34896
radio 10 34949
radio 10 35463
radio 10 35494
radio 10 36008
radio 10 36041
radio 10 36555
radio 10 36591
radio 10 37105
energy 10 37107 8 53235
radio 10 37159
radio 10 37673
radio 10 37707
radio 10 38221
radio 10 38297
radio 10 38811
radio 10 38840
radio 10 39354
radio 10 39382
radio 10 39896
radio 10 39945
radio 10 40459
radio 10 40511
radio 10 41025
radio 10 41053
radio 10 41567
radio 10 41597
radio 10 42111
radio 10 42142
radio 10 42656
radio 10 42686
radio 10 43200
radio 10 43229
radio 10 43743
radio 10 43798
radio 10 44312
radio 10 44343
radio 10 44857
radio 10 44888
radio 10 45402
radio 10 45436
radio 10 45950
radio 10 45984
radio 10 46498
radio 10 46533
radio 10 47047
radio 10 47082
radio 10 47596
radio 10 47624
radio 10 48138
radio 10 48155
radio 10 48669
radio 10 48724
radio 10 49238
radio 10 49255
radio 10 49769
radio 10 49797
radio 10 50311
radio 10 50367
radio 10 50881
radio 10 50909
radio 10 51423
delay 1 7 10 51812 10 52072 24 22 65535 0 644 0 0
radio 10 51820
radio 10 52335
radio 10 52461
radio 10 52974
radio 10 53007
radio 10 53521
radio 10 53549
radio 10 54063
radio 10 54080
radio 10 54594
radio 10 54665
radio 10 55179
radio 10 55228
radio 10 55742
radio 10 55759
radio 10 56273
radio 10 56304
radio 10 56818
radio 10 56871
radio 10 57385
radio 10 57434
radio 10 57948
radio 10 57978
radio 10 58492
radio 10 58540
radio 10 59054
radio 10 59106
radio 10 59620
radio 10 59653
radio 10 60167
radio 10 60218
radio 10 60732
radio 10 60981
radio 10 61495
radio 10 61512
radio 10 62026
radio 10 62043
radio 10 62557
radio 10 62588
radio 10 63102
radio 10 63131
radio 10 63645
radio 10 63677
radio 10 64191
radio 10 64208
radio 10 64722
radio 10 64739
radio 10 65253
radio 10 65284
radio 11 262
radio 11 279
radio 11 792
radio 11 809
radio 11 1322
radio 11 1354
radio 11 1868
radio 11 1918
radio 11 2432
radio 11 2481
radio 11 2995
radio 11 3030
radio 11 3544
radio 11 3595
radio 11 4109
radio 11 4158
radio 11 4672
radio 11 4689
radio 11 5202
radio 11 5231
radio 11 5745
radio 11 5797
radio 11 6311
delay 2 29 11 6695 11 6480 24 22 65535 0 476 0 0
radio 11 6703
radio 11 7217
radio 11 7294
radio 11 7807
radio 11 7824
radio 11 8337
radio 11 8386
radio 11 8900
radio 11 8948
radio 11 9462
radio 11 9492
radio 11 10006
radio 11 10038
radio 11 10552
radio 11 10569
radio 11 11083
radio 11 11117
radio 11 11631
radio 11 11659
radio 11 12173
radio 11 12205
radio 11 12719
radio 11 12749
radio 11 13263
radio 11 13298
radio 11 13812
radio 11 13829
