Thread[Thread-1,5,main]tree 10 10 0 16 17 1
radio 8 41180
radio 8 41184
radio 8 41214
radio 8 41728
radio 8 41758
radio 8 42272
radio 8 42301
radio 8 42815
radio 8 42832
radio 8 43345
radio 8 43373
radio 8 43887
radio 8 43904
radio 8 44417
radio 8 44447
radio 8 44961
radio 8 44978
radio 8 45491
radio 8 45508
radio 8 46021
radio 8 46038
radio 8 46551
radio 8 46583
radio 8 47097
radio 8 47114
radio 8 47627
radio 8 47655
radio 8 48169
radio 8 48202
radio 8 48716
radio 8 48745
radio 8 49259
radio 8 49276
radio 8 49789
radio 8 49823
radio 8 50337
radio 8 50354
radio 8 50867
radio 8 50884
radio 8 51397
radio 8 51414
radio 8 51927
radio 8 51944
radio 8 52457
radio 8 52474
radio 8 52987
radio 8 53039
radio 8 53553
radio 8 53584
radio 8 54098
radio 8 54115
radio 8 54628
radio 8 54645
radio 8 55158
radio 8 55175
radio 8 55688
radio 8 55722
radio 8 56236
radio 8 56287
radio 8 56801
radio 8 56834
radio 8 57348
radio 8 57365
radio 8 57878
radio 8 57895
radio 8 58408
radio 8 58425
radio 8 58938
radio 8 58955
radio 8 59468
radio 8 59485
radio 8 59998
radio 8 60015
radio 8 60528
radio 8 60559
radio 8 61073
radio 8 61090
radio 8 61603
radio 8 61634
radio 8 62148
radio 8 62182
radio 8 62696
radio 8 62713
radio 8 63226
radio 8 63262
radio 8 63776
radio 8 63793
radio 8 64306
radio 8 64323
radio 8 64836
radio 8 64885
radio 8 65399
radio 8 65416
radio 9 393
radio 9 422
radio 9 935
radio 9 952
radio 9 1465
radio 9 1496
radio 9 2010
radio 9 2027
radio 9 2540
radio 9 2557
radio 9 3070
radio 9 3087
radio 9 3600
radio 9 3617
radio 9 4130
radio 9 4166
radio 9 4680
radio 9 4708
radio 9 5222
radio 9 5239
radio 9 5752
radio 9 5784
radio 9 6298
radio 9 6331
radio 9 6845
radio 9 6873
radio 9 7387
radio 9 7415
radio 9 7929
radio 9 7946
radio 9 8459
radio 9 8514
radio 9 9028
radio 9 9045
radio 9 9558
radio 9 9575
radio 9 10088
radio 9 10123
radio 9 10637
radio 9 10654
radio 9 11167
radio 9 11184
radio 9 11697
radio 9 11727
radio 9 12241
radio 9 12258
radio 9 12771
radio 9 12788
radio 9 13301
radio 9 13336
radio 9 13850
radio 9 13886
radio 9 14400
radio 9 14417
radio 9 14930
radio 9 14978
radio 9 15492
radio 9 15521
radio 9 16035
radio 9 16070
radio 9 16584
radio 9 16601
radio 9 17114
radio 9 17183
radio 9 17697
radio 9 17728
radio 9 18242
radio 9 18278
radio 9 18792
radio 9 18821
radio 9 19335
radio 9 19368
radio 9 19882
radio 9 19913
radio 9 20427
radio 9 20455
radio 9 20969
radio 9 21005
radio 9 21519
radio 9 21575
radio 9 22089
radio 9 22106
radio 9 22619
radio 9 22728
radio 9 23242
radio 9 23314
radio 9 23828
radio 9 23884
radio 9 24398
radio 9 24415
radio 9 24928
radio 9 24958
radio 9 25472
radio 9 25489
radio 9 26002
radio 9 26019
radio 9 26532
radio 9 26549
radio 9 27062
radio 9 27079
radio 9 27592
radio 9 27628
radio 9 28142
radio 9 28159
radio 9 28672
radio 9 28743
radio 9 29257
radio 9 29274
radio 9 29787
radio 9 29804
radio 9 30317
radio 9 30348
radio 9 30862
radio 9 30879
radio 9 31392
radio 9 31463
radio 9 31977
radio 9 32010
radio 9 32524
radio 9 32541
radio 9 33054
radio 9 33071
radio 9 33584
radio 9 33639
radio 9 34153
radio 9 34206
radio 9 34720
radio 9 34750
radio 9 35264
radio 9 35352
radio 9 35866
radio 9 35883
radio 9 36396
radio 9 36428
radio 9 36942
radio 9 36998
energy 9 37096 8 43760
radio 9 37512
radio 9 37561
radio 9 38075
radio 9 38092
radio 9 38605
radio 9 38622
radio 9 39135
radio 9 39164
radio 9 39678
radio 9 39695
radio 9 40208
radio 9 40237
radio 9 40751
radio 9 40768
radio 9 41281
radio 9 41317
radio 9 41831
radio 9 41862
radio 9 42376
radio 9 42393
radio 9 42906
radio 9 42923
radio 9 43436
radio 9 43467
radio 9 43981
radio 9 44013
radio 9 44527
radio 9 44556
radio 9 45070
radio 9 45098
radio 9 45612
radio 9 45629
radio 9 46142
radio 9 46175
radio 9 46689
radio 9 46782
radio 9 47296
radio 9 47313
radio 9 47826
radio 9 47858
radio 9 48372
radio 9 48425
radio 9 48939
radio 9 48956
radio 9 49469
radio 9 49486
radio 9 49999
radio 9 50016
radio 9 50529
radio 9 50546
radio 9 51059
radio 9 51108
radio 9 51622
radio 9 51639
radio 9 52152
radio 9 52203
radio 9 52717
radio 9 52734
radio 9 53247
radio 9 53264
radio 9 53777
radio 9 53794
radio 9 54307
radio 9 54324
radio 9 54837
radio 9 54854
radio 9 55367
radio 9 55384
radio 9 55897
radio 9 55930
radio 9 56444
radio 9 56497
radio 9 57011
radio 9 57080
radio 9 57594
radio 9 57611
radio 9 58124
radio 9 58177
radio 9 58691
radio 9 58725
radio 9 59239
radio 9 59267
radio 9 59781
radio 9 59798
radio 9 60311
radio 9 60328
radio 9 60841
radio 9 60858
radio 9 61371
radio 9 61421
radio 9 61935
radio 9 61952
radio 9 62465
radio 9 62518
radio 9 63032
radio 9 63066
radio 9 63580
radio 9 63597
radio 9 64110
radio 9 64141
radio 9 64655
radio 9 64672
radio 9 65185
radio 9 65214
radio 10 192
radio 10 221
radio 10 735
radio 10 763
radio 10 1277
radio 10 1294
radio 10 1807
radio 10 1837
radio 10 2351
radio 10 2387
radio 10 2901
radio 10 2957
radio 10 3471
radio 10 3488
radio 10 4001
radio 10 4029
radio 10 4543
radio 10 4560
radio 10 5073
radio 10 5090
radio 10 5603
radio 10 5620
radio 10 6133
radio 10 6150
radio 10 6663
radio 10 6692
radio 10 7206
radio 10 7223
radio 10 7736
radio 10 7753
radio 10 8266
radio 10 8297
radio 10 8811
radio 10 8828
radio 10 9341
radio 10 9358
radio 10 9871
radio 10 9905
radio 10 10419
radio 10 10470
radio 10 10984
radio 10 11033
radio 10 11547
radio 10 11564
radio 10 12078
radio 10 12095
radio 10 12609
radio 10 12626
radio 10 13140
radio 10 13157
radio 10 13671
radio 10 13723
radio 10 14237
radio 10 14272
radio 10 14786
radio 10 14803
radio 10 15317
radio 10 15334
radio 10 15848
radio 10 15865
radio 10 16378
radio 10 16413
radio 10 16927
radio 10 16962
radio 10 17476
radio 10 17524
radio 10 18038
radio 10 18068
radio 10 18582
radio 10 18611
radio 10 19125
radio 10 19158
radio 10 19672
radio 10 19689
radio 10 20203
radio 10 20220
radio 10 20733
radio 10 20784
radio 10 21298
radio 10 21315
radio 10 21829
radio 10 21897
radio 10 22411
radio 10 22480
radio 10 22994
radio 10 23086
radio 10 23600
radio 10 23636
radio 10 24150
radio 10 24167
radio 10 24681
radio 10 24735
radio 10 25249
radio 10 25283
radio 10 25797
radio 10 25814
radio 10 26328
radio 10 26364
radio 10 26878
radio 10 26895
radio 10 27409
radio 10 27462
radio 10 27976
radio 10 27993
radio 10 28507
radio 10 28524
radio 10 29038
radio 10 29068
radio 10 29582
radio 10 29599
radio 10 30113
delay 0 22 10 30163 10 30673 12 7 65535 0 64 1 1
radio 10 31234
radio 10 31748
radio 10 31780
radio 10 32294
radio 10 32311
radio 10 32824
radio 10 32856
energy 10 33000 8 47424
radio 10 33370
radio 10 33404
radio 10 33918
radio 10 33953
radio 10 34467
radio 10 34484
radio 10 34998
radio 10 35015
radio 10 35529
radio 10 35560
radio 10 36074
radio 10 36102
radio 10 36616
radio 10 36633
radio 10 37147
radio 10 37242
radio 10 37756
radio 10 37788
radio 10 38302
radio 10 38319
radio 10 38833
radio 10 38887
radio 10 39401
radio 10 39418
radio 10 39932
radio 10 39965
radio 10 40479
radio 10 40496
radio 10 41010
radio 10 41044
radio 10 41558
radio 10 41575
radio 10 42088
radio 10 42123
radio 10 42637
radio 10 42654
radio 10 43167
radio 10 43184
radio 10 43697
radio 10 43714
radio 10 44227
radio 10 44244
radio 10 44757
radio 10 44774
radio 10 45288
radio 10 45322
radio 10 45836
radio 10 45853
radio 10 46367
radio 10 46395
radio 10 46909
radio 10 46926
radio 10 47440
radio 10 47470
radio 10 47984
radio 10 48001
radio 10 48515
radio 10 48568
radio 10 49082
radio 10 49099
radio 10 49613
radio 10 49630
radio 10 50144
radio 10 50180
radio 10 50694
delay 1 12 10 50716 10 51314 9 7 65535 0 192 0 1
radio 10 51826
radio 10 52340
radio 10 52368
radio 10 52882
radio 10 52899
radio 10 53412
radio 10 53463
radio 10 53977
radio 10 53994
radio 10 54507
radio 10 54524
radio 10 55038
radio 10 55068
radio 10 55582
radio 10 55599
radio 10 56113
radio 10 56145
radio 10 56659
radio 10 56676
radio 10 57190
radio 10 57239
radio 10 57753
radio 10 57783
radio 10 58297
radio 10 58314
radio 10 58828
radio 10 58862
radio 10 59376
radio 10 59393
radio 10 59907
radio 10 59956
radio 10 60470
radio 10 60526
radio 10 61040
radio 10 61057
radio 10 61570
radio 10 61587
radio 10 62101
radio 10 62118
radio 10 62632
radio 10 62649
radio 10 63163
radio 10 63218
radio 10 63732
radio 10 63760
radio 10 64274
radio 10 64304
radio 10 64818
radio 10 64835
radio 10 65349
radio 10 65366
radio 11 344
radio 11 379
radio 11 893
radio 11 921
radio 11 1435
radio 11 1452
radio 11 1965
radio 11 1982
radio 11 2495
radio 11 2512
radio 11 3025
radio 11 3054
radio 11 3568
radio 11 3585
radio 11 4098
radio 11 4115
radio 11 4628
radio 11 4659
radio 11 5173
radio 11 5224
radio 11 5738
delay 2 12 11 5811 11 6409 9 7 65535 0 404 0 1
radio 11 6881
radio 11 7394
radio 11 7411
radio 11 7924
radio 11 7960
radio 11 8474
radio 11 8508
radio 11 9022
radio 11 9039
radio 11 9552
radio 11 9628
radio 11 10142
radio 11 10159
radio 11 10673
radio 11 10709
radio 11 11223
radio 11 11254
radio 11 11768
radio 11 11801
radio 11 12315
radio 11 12344
radio 11 12858
radio 11 12875
radio 11 13389
radio 11 13406
