Thread[Thread-1,5,main]tree 66 20 43 20 0 0
radio 8 51384
radio 8 51388
radio 8 51481
radio 8 51995
radio 8 52024
radio 8 52538
radio 8 52593
radio 8 53107
radio 8 53159
radio 8 53673
radio 8 53690
radio 8 54203
radio 8 54232
radio 8 54746
radio 8 54796
radio 8 55310
radio 8 55379
radio 8 55893
radio 8 55942
radio 8 56456
delay 83 20 8 56475 5 57576 43 12 65535 0 65535 0 0
radio 8 56484
radio 8 56998
radio 8 57030
radio 8 57544
radio 8 57580
radio 8 58094
radio 8 58150
radio 8 58664
radio 8 58716
radio 8 59230
radio 8 59262
radio 8 59776
radio 8 59826
radio 8 60340
radio 8 60389
radio 8 60903
radio 8 60956
radio 8 61470
radio 8 61502
radio 8 62016
radio 8 62104
radio 8 62618
radio 8 62692
radio 8 63206
radio 8 63235
radio 8 63749
radio 8 63777
radio 8 64291
radio 8 64339
radio 8 64853
radio 8 64886
radio 8 65400
radio 8 65448
radio 9 426
radio 9 535
radio 9 1048
radio 9 1103
radio 9 1617
radio 9 1670
radio 9 2184
radio 9 2214
radio 9 2728
radio 9 2757
radio 9 3271
radio 9 3319
radio 9 3833
radio 9 3862
radio 9 4376
radio 9 4409
radio 9 4923
radio 9 4951
radio 9 5465
radio 9 5613
radio 9 6127
radio 9 6155
radio 9 6669
radio 9 6700
radio 9 7214
radio 9 7242
radio 9 7756
radio 9 7811
radio 9 8325
radio 9 8355
radio 9 8869
radio 9 8899
radio 9 9413
radio 9 9467
radio 9 9981
radio 9 10029
radio 9 10543
radio 9 10572
radio 9 11086
radio 9 11115
radio 9 11629
radio 9 11664
radio 9 12178
radio 9 12231
radio 9 12745
radio 9 12774
radio 9 13288
radio 9 13342
radio 9 13856
radio 9 13906
radio 9 14420
radio 9 14455
radio 9 14969
radio 9 14997
radio 9 15511
radio 9 15546
radio 9 16060
radio 9 16108
radio 9 16622
radio 9 16655
radio 9 17169
radio 9 17205
radio 9 17719
radio 9 17748
radio 9 18262
radio 9 18313
radio 9 18827
radio 9 18896
radio 9 19410
radio 9 19459
radio 9 19973
radio 9 20045
radio 9 20559
radio 9 20609
radio 9 21123
radio 9 21175
radio 9 21689
radio 9 21722
radio 9 22236
radio 9 22324
radio 9 22838
radio 9 22872
radio 9 23386
radio 9 23440
radio 9 23954
radio 9 24009
radio 9 24523
radio 9 24556
radio 9 25070
radio 9 25119
radio 9 25633
radio 9 25684
radio 9 26198
radio 9 26231
radio 9 26745
radio 9 26797
radio 9 27311
radio 9 27360
radio 9 27874
radio 9 27907
radio 9 28421
radio 9 28477
radio 9 28991
radio 9 29044
radio 9 29558
radio 9 29590
radio 9 30104
radio 9 30152
radio 9 30666
radio 9 30717
radio 9 31231
radio 9 31265
radio 9 31779
radio 9 31835
radio 9 32349
radio 9 32398
radio 9 32912
radio 9 32987
radio 9 33501
radio 9 33569
radio 9 34083
radio 9 34112
radio 9 34626
radio 9 34658
radio 9 35172
radio 9 35223
radio 9 35737
radio 9 35767
radio 9 36281
radio 9 36310
radio 9 36824
radio 9 36874
radio 9 37388
radio 9 37418
radio 9 37932
radio 9 37967
radio 9 38481
radio 9 38509
radio 9 39023
radio 9 39076
radio 9 39590
radio 9 39620
radio 9 40134
radio 9 40162
radio 9 40676
radio 9 40708
radio 9 41222
radio 9 41276
radio 9 41790
radio 9 41824
radio 9 42338
radio 9 42374
radio 9 42888
radio 9 42919
radio 9 43433
radio 9 43461
radio 9 43975
radio 9 43992
radio 9 44505
radio 9 44522
radio 9 45035
radio 9 45086
radio 9 45600
radio 9 45629
radio 9 46143
radio 9 46194
radio 9 46708
radio 9 46761
radio 9 47275
radio 9 47292
energy 9 47300 8 55605
radio 9 47805
radio 9 47834
radio 9 48348
radio 9 48404
radio 9 48918
radio 9 48935
radio 9 49448
radio 9 49477
radio 9 49991
radio 9 50026
radio 9 50540
radio 9 50557
radio 9 51070
radio 9 51099
radio 9 51613
radio 9 51661
radio 9 52175
radio 9 52204
radio 9 52718
radio 9 52752
radio 9 53266
radio 9 53295
radio 9 53809
radio 9 53857
radio 9 54371
radio 9 54404
radio 9 54918
radio 9 54935
radio 9 55449
radio 9 55480
radio 9 55994
radio 9 56023
radio 9 56537
radio 9 56568
radio 9 57082
radio 9 57134
radio 9 57648
radio 9 57678
radio 9 58192
radio 9 58209
radio 9 58722
radio 9 58739
radio 9 59252
radio 9 59302
radio 9 59816
radio 9 59866
radio 9 60380
radio 9 60411
radio 9 60925
radio 9 60942
radio 9 61455
radio 9 61510
radio 9 62024
radio 9 62041
radio 9 62554
radio 9 62584
radio 9 63098
radio 9 63115
radio 9 63628
radio 9 63660
radio 9 64174
radio 9 64191
radio 9 64704
radio 9 64753
radio 9 65267
radio 9 65321
radio 10 299
radio 10 328
radio 10 842
radio 10 895
radio 10 1409
radio 10 1461
radio 10 1975
radio 10 2005
radio 10 2519
radio 10 2551
radio 10 3065
radio 10 3096
radio 10 3610
radio 10 3639
radio 10 4153
radio 10 4208
radio 10 4722
radio 10 4739
radio 10 5252
radio 10 5305
radio 10 5819
radio 10 5855
radio 10 6369
radio 10 6419
radio 10 6933
radio 10 6983
radio 10 7497
radio 10 7549
radio 10 8063
radio 10 8096
radio 10 8610
radio 10 8664
radio 10 9178
radio 10 9210
radio 10 9724
radio 10 9755
radio 10 10269
radio 10 10302
radio 10 10816
radio 10 10867
radio 10 11381
radio 10 11412
radio 10 11926
radio 10 11955
radio 10 12469
radio 10 12501
radio 10 13015
radio 10 13063
radio 10 13577
radio 10 13629
radio 10 14143
radio 10 14175
radio 10 14689
radio 10 14741
radio 10 15255
radio 10 15308
radio 10 15822
radio 10 15854
radio 10 16368
radio 10 16424
radio 10 16938
radio 10 16987
radio 10 17501
radio 10 17530
radio 10 18044
radio 10 18134
radio 10 18648
radio 10 18680
radio 10 19194
radio 10 19223
radio 10 19737
radio 10 19754
radio 10 20268
radio 10 20297
radio 10 20811
radio 10 20828
radio 10 21342
radio 10 21376
radio 10 21890
radio 10 21922
radio 10 22436
radio 10 22453
radio 10 22967
radio 10 22996
radio 10 23510
radio 10 23540
radio 10 24054
radio 10 24071
radio 10 24585
radio 10 24673
radio 10 25187
radio 10 25237
radio 10 25751
radio 10 25786
radio 10 26300
radio 10 26331
radio 10 26845
radio 10 26873
radio 10 27387
radio 10 27435
radio 10 27949
radio 10 27997
radio 10 28511
radio 10 28528
radio 10 29042
radio 10 29111
radio 10 29625
radio 10 29675
radio 10 30189
delay 0 43 10 30282 10 30298 7 12 5 0 130 1 0
radio 10 31346
radio 10 31859
radio 10 31889
radio 10 32403
radio 10 32559
radio 10 33073
radio 10 33102
radio 10 33616
radio 10 33646
radio 10 34160
radio 10 34196
radio 10 34710
radio 10 34746
radio 10 35260
radio 10 35293
radio 10 35807
radio 10 35877
radio 10 36391
radio 10 36408
radio 10 36922
radio 10 36976
radio 10 37490
radio 10 37521
radio 10 38035
radio 10 38066
radio 10 38580
radio 10 38597
radio 10 39111
radio 10 39144
radio 10 39658
radio 10 39706
radio 10 40220
radio 10 40257
radio 10 40771
radio 10 40788
radio 10 41302
radio 10 41332
radio 10 41846
radio 10 41901
radio 10 42415
radio 10 42465
radio 10 42979
radio 10 43009
energy 10 43204 8 60176
radio 10 43523
radio 10 43540
radio 10 44054
radio 10 44144
radio 10 44658
radio 10 44691
radio 10 45205
radio 10 45254
radio 10 45768
radio 10 45824
radio 10 46338
radio 10 46372
radio 10 46886
radio 10 46960
radio 10 47474
radio 10 47509
radio 10 48023
radio 10 48052
radio 10 48566
radio 10 48601
radio 10 49115
radio 10 49146
radio 10 49660
radio 10 49690
radio 10 50204
radio 10 50240
radio 10 50754
delay 1 43 10 50839 10 50855 7 12 5 0 134 0 0
radio 10 50847
radio 10 51361
radio 10 51406
radio 10 51920
radio 10 52011
radio 10 52525
radio 10 52553
radio 10 53067
radio 10 53119
radio 10 53633
radio 10 53684
radio 10 54198
radio 10 54215
radio 10 54729
radio 10 54824
radio 10 55338
radio 10 55372
radio 10 55886
radio 10 55918
radio 10 56432
radio 10 56480
radio 10 56994
radio 10 57011
radio 10 57525
radio 10 57542
radio 10 58056
radio 10 58073
radio 10 58587
radio 10 58604
radio 10 59118
radio 10 59146
radio 10 59660
radio 10 59677
radio 10 60191
radio 10 60224
radio 10 60738
radio 10 60766
radio 10 61280
radio 10 61310
radio 10 61824
radio 10 61900
radio 10 62414
radio 10 62462
radio 10 62976
radio 10 62993
radio 10 63507
radio 10 63535
radio 10 64049
radio 10 64080
radio 10 64594
radio 10 64627
radio 10 65141
radio 10 65169
radio 11 147
radio 11 175
radio 11 689
radio 11 706
radio 11 1219
radio 11 1268
radio 11 1782
radio 11 1811
radio 11 2325
radio 11 2378
radio 11 2892
radio 11 2909
radio 11 3422
radio 11 3454
radio 11 3968
radio 11 3998
radio 11 4512
radio 11 4529
radio 11 5042
radio 11 5093
radio 11 5607
delay 2 34 11 6040 11 6168 16 12 65535 0 415 0 0
radio 11 6048
radio 11 6562
radio 11 6657
radio 11 7171
radio 11 7249
radio 11 7763
radio 11 7793
radio 11 8307
radio 11 8356
radio 11 8870
radio 11 8887
radio 11 9400
radio 11 9433
radio 11 9947
radio 11 9981
radio 11 10495
radio 11 10549
radio 11 11063
radio 11 11115
radio 11 11629
radio 11 11660
radio 11 12174
radio 11 12226
radio 11 12740
radio 11 12789
radio 11 13303
radio 11 13337
