Thread[Thread-1,5,main]tree 11 10 0 20 4 1
radio 8 59618
radio 8 59622
radio 8 59694
radio 8 60208
radio 8 60236
radio 8 60750
radio 8 60781
radio 8 61295
radio 8 61323
radio 8 61837
radio 8 61867
radio 8 62381
radio 8 62429
radio 8 62943
radio 8 62979
radio 8 63493
radio 8 63544
radio 8 64058
radio 8 64088
radio 8 64602
radio 8 64631
radio 8 65145
radio 8 65180
radio 9 158
radio 9 206
radio 9 719
radio 9 753
radio 9 1266
radio 9 1295
radio 9 1809
radio 9 1842
radio 9 2356
radio 9 2407
radio 9 2921
radio 9 2954
radio 9 3468
radio 9 3504
radio 9 4018
radio 9 4046
radio 9 4560
radio 9 4614
radio 9 5128
radio 9 5156
radio 9 5670
radio 9 5701
radio 9 6215
radio 9 6247
radio 9 6761
radio 9 6815
radio 9 7329
radio 9 7363
radio 9 7877
radio 9 7912
radio 9 8426
radio 9 8478
radio 9 8992
radio 9 9048
radio 9 9562
radio 9 9594
radio 9 10108
radio 9 10161
radio 9 10675
radio 9 10710
radio 9 11224
radio 9 11259
radio 9 11773
radio 9 11805
radio 9 12319
radio 9 12367
radio 9 12881
radio 9 12929
radio 9 13443
radio 9 13476
radio 9 13990
radio 9 14043
radio 9 14557
radio 9 14630
radio 9 15144
radio 9 15194
radio 9 15708
radio 9 15761
radio 9 16275
radio 9 16303
radio 9 16817
radio 9 16888
radio 9 17402
radio 9 17433
radio 9 17947
radio 9 17976
radio 9 18490
radio 9 18520
radio 9 19034
radio 9 19082
radio 9 19596
radio 9 19626
radio 9 20140
radio 9 20176
radio 9 20690
radio 9 20719
radio 9 21233
radio 9 21285
radio 9 21799
radio 9 21832
radio 9 22346
radio 9 22375
radio 9 22889
radio 9 22919
radio 9 23433
radio 9 23484
radio 9 23998
radio 9 24015
radio 9 24528
radio 9 24562
radio 9 25076
radio 9 25093
radio 9 25606
radio 9 25637
radio 9 26151
radio 9 26168
radio 9 26681
radio 9 26729
radio 9 27243
radio 9 27260
radio 9 27773
radio 9 27790
radio 9 28303
radio 9 28320
radio 9 28833
radio 9 28864
radio 9 29378
radio 9 29407
radio 9 29921
radio 9 29949
radio 9 30463
radio 9 30511
radio 9 31025
radio 9 31057
radio 9 31571
radio 9 31604
radio 9 32118
radio 9 32148
radio 9 32662
radio 9 32716
radio 9 33230
radio 9 33264
radio 9 33778
radio 9 33812
radio 9 34326
radio 9 34355
radio 9 34869
radio 9 34898
radio 9 35412
radio 9 35445
radio 9 35959
radio 9 35988
radio 9 36502
radio 9 36530
radio 9 37044
radio 9 37077
radio 9 37591
radio 9 37640
radio 9 38154
radio 9 38186
radio 9 38700
radio 9 38728
radio 9 39242
radio 9 39270
radio 9 39784
radio 9 39839
radio 9 40353
radio 9 40403
radio 9 40917
radio 9 40952
radio 9 41466
radio 9 41518
radio 9 42032
radio 9 42067
radio 9 42581
radio 9 42637
radio 9 43151
radio 9 43202
radio 9 43716
radio 9 43789
radio 9 44303
radio 9 44352
radio 9 44866
radio 9 44896
radio 9 45410
radio 9 45438
radio 9 45952
radio 9 45985
radio 9 46499
radio 9 46553
radio 9 47067
radio 9 47084
radio 9 47597
radio 9 47614
radio 9 48127
radio 9 48179
radio 9 48693
radio 9 48723
radio 9 49237
radio 9 49265
radio 9 49779
radio 9 49810
radio 9 50324
radio 9 50356
radio 9 50870
radio 9 50903
radio 9 51417
radio 9 51471
radio 9 51985
radio 9 52002
radio 9 52515
radio 9 52566
radio 9 53080
radio 9 53149
radio 9 53663
radio 9 53691
radio 9 54205
radio 9 54239
radio 9 54753
radio 9 54787
radio 9 55301
radio 9 55355
energy 9 55533 8 63151
radio 9 55869
radio 9 55924
radio 9 56438
radio 9 56455
radio 9 56968
radio 9 57076
radio 9 57590
radio 9 57620
radio 9 58134
radio 9 58184
radio 9 58698
radio 9 58749
radio 9 59263
radio 9 59280
radio 9 59793
radio 9 59822
radio 9 60336
radio 9 60387
radio 9 60901
radio 9 60955
radio 9 61469
radio 9 61486
radio 9 61999
radio 9 62034
radio 9 62548
radio 9 62597
radio 9 63111
radio 9 63140
radio 9 63654
radio 9 63682
radio 9 64196
radio 9 64213
radio 9 64726
radio 9 64743
radio 9 65256
radio 9 65290
radio 10 268
radio 10 296
radio 10 810
radio 10 838
radio 10 1352
radio 10 1388
radio 10 1902
radio 10 1937
radio 10 2451
radio 10 2483
radio 10 2997
radio 10 3027
radio 10 3541
radio 10 3570
radio 10 4084
radio 10 4114
radio 10 4628
radio 10 4661
radio 10 5175
radio 10 5271
radio 10 5785
radio 10 5816
radio 10 6330
radio 10 6361
radio 10 6875
radio 10 6903
radio 10 7417
radio 10 7472
radio 10 7986
radio 10 8019
radio 10 8533
radio 10 8588
radio 10 9102
radio 10 9156
radio 10 9670
radio 10 9702
radio 10 10216
radio 10 10264
radio 10 10778
radio 10 10831
radio 10 11345
radio 10 11377
radio 10 11891
radio 10 11947
radio 10 12461
radio 10 12513
radio 10 13027
radio 10 13056
radio 10 13570
radio 10 13621
radio 10 14135
radio 10 14186
radio 10 14700
radio 10 14734
radio 10 15248
radio 10 15296
radio 10 15810
radio 10 15862
radio 10 16376
radio 10 16405
radio 10 16919
radio 10 16950
radio 10 17464
radio 10 17512
radio 10 18026
radio 10 18058
radio 10 18572
radio 10 18605
radio 10 19119
radio 10 19149
radio 10 19663
radio 10 19715
radio 10 20229
radio 10 20262
radio 10 20776
radio 10 20826
radio 10 21340
radio 10 21372
radio 10 21886
radio 10 21914
radio 10 22428
radio 10 22476
radio 10 22990
radio 10 23023
radio 10 23537
radio 10 23613
radio 10 24127
radio 10 24156
radio 10 24670
radio 10 24698
radio 10 25212
radio 10 25261
radio 10 25775
radio 10 25887
radio 10 26401
radio 10 26451
radio 10 26965
radio 10 27014
radio 10 27528
radio 10 27577
radio 10 28091
radio 10 28122
radio 10 28636
radio 10 28665
radio 10 29179
radio 10 29207
radio 10 29721
radio 10 29769
radio 10 30283
delay 0 16 10 30389 10 31084 16 15 65535 0 224 0 1
radio 10 31468
radio 10 31981
radio 10 32036
radio 10 32550
radio 10 32603
radio 10 33117
radio 10 33169
radio 10 33683
radio 10 33716
radio 10 34230
radio 10 34284
radio 10 34798
radio 10 34828
radio 10 35342
radio 10 35375
radio 10 35889
radio 10 35923
radio 10 36437
radio 10 36486
radio 10 37000
radio 10 37031
radio 10 37545
radio 10 37575
radio 10 38089
radio 10 38119
radio 10 38633
radio 10 38683
radio 10 39197
radio 10 39246
radio 10 39760
radio 10 39792
radio 10 40306
radio 10 40334
radio 10 40848
radio 10 40896
radio 10 41410
radio 10 41439
radio 10 41953
radio 10 41983
radio 10 42497
radio 10 42526
radio 10 43040
radio 10 43057
radio 10 43571
radio 10 43682
radio 10 44196
radio 10 44245
radio 10 44759
radio 10 44809
radio 10 45323
radio 10 45352
radio 10 45866
radio 10 45958
radio 10 46472
radio 10 46506
radio 10 47020
radio 10 47069
radio 10 47583
radio 10 47634
radio 10 48148
radio 10 48179
radio 10 48693
radio 10 48710
radio 10 49224
radio 10 49276
radio 10 49790
radio 10 49839
radio 10 50353
delay 1 14 10 50534 10 51232 7 15 8 0 197 0 1
energy 10 51438 9 2513
radio 10 51604
radio 10 52118
radio 10 52173
radio 10 52687
radio 10 52704
radio 10 53218
radio 10 53269
radio 10 53783
radio 10 53812
radio 10 54326
radio 10 54355
radio 10 54869
radio 10 54904
radio 10 55418
radio 10 55471
radio 10 55985
radio 10 56015
radio 10 56529
radio 10 56562
radio 10 57076
radio 10 57105
radio 10 57619
radio 10 57667
radio 10 58181
radio 10 58216
radio 10 58730
radio 10 58747
radio 10 59261
radio 10 59290
radio 10 59804
radio 10 59837
radio 10 60351
radio 10 60400
radio 10 60914
radio 10 60947
radio 10 61461
radio 10 61491
radio 10 62005
radio 10 62041
radio 10 62555
radio 10 62583
radio 10 63097
radio 10 63126
radio 10 63640
radio 10 63670
radio 10 64184
radio 10 64201
radio 10 64715
radio 10 64745
radio 10 65259
radio 10 65276
radio 11 254
radio 11 306
radio 11 820
radio 11 874
radio 11 1388
radio 11 1418
radio 11 1932
radio 11 1981
radio 11 2495
radio 11 2512
radio 11 3025
radio 11 3077
radio 11 3591
radio 11 3608
radio 11 4121
radio 11 4150
radio 11 4664
radio 11 4719
radio 11 5233
radio 11 5265
radio 11 5779
delay 2 29 11 6029 11 6480 24 15 65535 0 476 0 1
radio 11 7110
radio 11 7624
radio 11 7673
radio 11 8187
radio 11 8215
radio 11 8729
radio 11 8760
radio 11 9274
radio 11 9322
radio 11 9836
radio 11 9888
radio 11 10402
radio 11 10430
radio 11 10944
radio 11 10978
radio 11 11492
radio 11 11509
radio 11 12023
radio 11 12054
radio 11 12568
radio 11 12620
radio 11 13134
radio 11 13166
