Thread[Thread-1,5,main]tree 35 20 43 14 0 0
radio 8 51412
radio 8 51416
radio 8 51433
radio 8 51946
radio 8 51976
radio 8 52490
radio 8 52525
radio 8 53039
radio 8 53056
radio 8 53569
radio 8 53601
radio 8 54115
radio 8 54146
radio 8 54660
radio 8 54677
radio 8 55190
radio 8 55207
radio 8 55720
radio 8 55737
radio 8 56250
radio 8 56267
radio 8 56780
radio 8 56797
radio 8 57310
radio 8 57327
radio 8 57840
radio 8 57857
radio 8 58370
radio 8 58398
radio 8 58912
radio 8 58929
radio 8 59442
radio 8 59459
radio 8 59972
radio 8 59989
radio 8 60502
radio 8 60531
radio 8 61045
radio 8 61076
radio 8 61590
radio 8 61607
radio 8 62120
radio 8 62137
radio 8 62650
radio 8 62680
radio 8 63194
radio 8 63211
radio 8 63724
radio 8 63741
radio 8 64254
radio 8 64309
radio 8 64823
radio 8 64840
radio 8 65353
radio 8 65370
radio 9 347
radio 9 364
radio 9 877
radio 9 905
radio 9 1418
radio 9 1435
radio 9 1948
radio 9 1982
radio 9 2496
radio 9 2513
radio 9 3026
radio 9 3043
radio 9 3556
radio 9 3591
radio 9 4105
radio 9 4122
radio 9 4635
radio 9 4652
radio 9 5165
radio 9 5182
radio 9 5695
radio 9 5728
radio 9 6242
radio 9 6259
radio 9 6772
radio 9 6807
radio 9 7321
radio 9 7374
radio 9 7888
radio 9 7919
radio 9 8433
radio 9 8461
radio 9 8975
radio 9 8992
radio 9 9505
radio 9 9522
radio 9 10035
radio 9 10052
radio 9 10565
radio 9 10595
radio 9 11109
radio 9 11138
radio 9 11652
radio 9 11682
radio 9 12196
radio 9 12213
radio 9 12726
radio 9 12743
radio 9 13256
radio 9 13273
radio 9 13786
radio 9 13803
radio 9 14316
radio 9 14333
radio 9 14846
radio 9 14863
radio 9 15376
radio 9 15393
radio 9 15906
radio 9 15923
radio 9 16436
radio 9 16470
radio 9 16984
radio 9 17001
radio 9 17514
radio 9 17549
radio 9 18063
radio 9 18080
radio 9 18593
radio 9 18624
radio 9 19138
radio 9 19155
radio 9 19668
radio 9 19685
radio 9 20198
radio 9 20215
radio 9 20728
radio 9 20745
radio 9 21258
radio 9 21275
radio 9 21788
radio 9 21805
radio 9 22318
radio 9 22335
radio 9 22848
radio 9 22879
radio 9 23393
radio 9 23410
radio 9 23923
radio 9 23940
radio 9 24453
radio 9 24506
radio 9 25020
radio 9 25051
radio 9 25565
radio 9 25582
radio 9 26095
radio 9 26126
radio 9 26640
radio 9 26669
radio 9 27183
radio 9 27200
radio 9 27713
radio 9 27747
radio 9 28261
radio 9 28278
radio 9 28791
radio 9 28808
radio 9 29321
radio 9 29353
radio 9 29867
radio 9 29901
radio 9 30415
radio 9 30448
radio 9 30962
radio 9 30979
radio 9 31492
radio 9 31522
radio 9 32036
radio 9 32053
radio 9 32566
radio 9 32583
radio 9 33096
radio 9 33126
radio 9 33640
radio 9 33657
radio 9 34170
radio 9 34187
radio 9 34700
radio 9 34729
radio 9 35243
radio 9 35275
radio 9 35789
radio 9 35806
radio 9 36319
radio 9 36336
radio 9 36849
radio 9 36866
radio 9 37379
radio 9 37412
radio 9 37926
radio 9 37943
radio 9 38456
radio 9 38491
radio 9 39005
radio 9 39022
radio 9 39535
radio 9 39568
radio 9 40082
radio 9 40099
radio 9 40612
radio 9 40642
radio 9 41156
radio 9 41173
radio 9 41686
radio 9 41718
radio 9 42232
radio 9 42249
radio 9 42762
radio 9 42779
radio 9 43292
radio 9 43309
radio 9 43822
radio 9 43854
radio 9 44368
radio 9 44385
radio 9 44898
radio 9 44947
radio 9 45461
radio 9 45478
radio 9 45991
radio 9 46008
radio 9 46521
radio 9 46538
radio 9 47051
radio 9 47068
energy 9 47328 8 53311
radio 9 47581
radio 9 47598
radio 9 48111
radio 9 48128
radio 9 48641
radio 9 48658
radio 9 49171
radio 9 49203
radio 9 49717
radio 9 49753
radio 9 50267
radio 9 50284
radio 9 50797
radio 9 50814
radio 9 51327
radio 9 51344
radio 9 51857
radio 9 51874
radio 9 52387
radio 9 52416
radio 9 52930
radio 9 52947
radio 9 53460
radio 9 53477
radio 9 53990
radio 9 54007
radio 9 54520
radio 9 54537
radio 9 55050
radio 9 55081
radio 9 55595
radio 9 55612
radio 9 56125
radio 9 56142
radio 9 56655
radio 9 56708
radio 9 57222
radio 9 57239
radio 9 57752
radio 9 57769
radio 9 58282
radio 9 58299
radio 9 58812
radio 9 58829
radio 9 59342
radio 9 59359
radio 9 59872
radio 9 59924
radio 9 60438
radio 9 60455
radio 9 60968
radio 9 60985
radio 9 61498
radio 9 61532
radio 9 62046
radio 9 62063
radio 9 62576
radio 9 62604
radio 9 63118
radio 9 63135
radio 9 63648
radio 9 63665
radio 9 64178
radio 9 64195
radio 9 64708
radio 9 64725
radio 9 65238
radio 9 65255
radio 10 232
radio 10 249
radio 10 762
radio 10 779
radio 10 1292
radio 10 1324
radio 10 1838
radio 10 1869
radio 10 2383
radio 10 2400
radio 10 2913
radio 10 2949
radio 10 3463
radio 10 3480
radio 10 3993
radio 10 4028
radio 10 4542
radio 10 4594
radio 10 5108
radio 10 5139
radio 10 5653
radio 10 5686
radio 10 6200
radio 10 6217
radio 10 6730
radio 10 6747
radio 10 7260
radio 10 7277
radio 10 7790
radio 10 7840
radio 10 8354
radio 10 8371
radio 10 8884
radio 10 8901
radio 10 9414
radio 10 9448
radio 10 9962
radio 10 9979
radio 10 10492
radio 10 10509
radio 10 11023
radio 10 11040
radio 10 11554
radio 10 11571
radio 10 12085
radio 10 12102
radio 10 12616
radio 10 12649
radio 10 13163
radio 10 13180
radio 10 13694
radio 10 13711
radio 10 14225
radio 10 14242
radio 10 14756
radio 10 14810
radio 10 15324
radio 10 15341
radio 10 15855
radio 10 15889
radio 10 16403
radio 10 16439
radio 10 16953
radio 10 16983
radio 10 17497
radio 10 17514
radio 10 18028
radio 10 18060
radio 10 18574
radio 10 18610
radio 10 19124
radio 10 19141
radio 10 19655
radio 10 19687
radio 10 20201
radio 10 20218
radio 10 20732
radio 10 20749
radio 10 21262
radio 10 21294
radio 10 21808
radio 10 21825
radio 10 22339
radio 10 22356
radio 10 22870
radio 10 22900
radio 10 23414
radio 10 23463
radio 10 23977
radio 10 23994
radio 10 24507
radio 10 24524
radio 10 25038
radio 10 25068
radio 10 25582
radio 10 25599
radio 10 26113
radio 10 26130
radio 10 26644
radio 10 26677
radio 10 27191
radio 10 27224
radio 10 27738
radio 10 27773
radio 10 28287
radio 10 28304
radio 10 28817
radio 10 28834
radio 10 29348
radio 10 29379
radio 10 29893
delay 0 2 10 29914 10 30932 7 14 7 0 102 0 0
radio 10 29921
radio 10 30436
radio 10 30541
radio 10 31054
radio 10 31140
radio 10 31654
radio 10 31671
radio 10 32185
radio 10 32202
radio 10 32716
radio 10 32733
radio 10 33246
radio 10 33263
radio 10 33777
radio 10 33809
radio 10 34323
radio 10 34374
radio 10 34888
radio 10 34905
radio 10 35419
radio 10 35436
radio 10 35950
radio 10 35967
radio 10 36481
radio 10 36498
radio 10 37011
radio 10 37028
radio 10 37542
radio 10 37614
radio 10 38128
radio 10 38145
radio 10 38659
radio 10 38676
radio 10 39190
radio 10 39207
radio 10 39720
radio 10 39737
radio 10 40251
radio 10 40268
radio 10 40781
radio 10 40810
radio 10 41324
radio 10 41341
radio 10 41855
radio 10 41872
radio 10 42385
radio 10 42402
radio 10 42916
radio 10 42933
energy 10 43232 8 55424
radio 10 43447
radio 10 43464
radio 10 43978
radio 10 43995
radio 10 44509
radio 10 44526
radio 10 45040
radio 10 45057
radio 10 45571
radio 10 45588
radio 10 46102
radio 10 46119
radio 10 46632
radio 10 46649
radio 10 47163
radio 10 47180
radio 10 47693
radio 10 47710
radio 10 48224
radio 10 48260
radio 10 48774
radio 10 48803
radio 10 49317
radio 10 49349
radio 10 49863
radio 10 49880
radio 10 50394
delay 1 49 10 50651 10 50615 9 14 5 0 43 0 0
radio 10 50659
radio 10 51173
radio 10 51253
radio 10 51766
radio 10 51800
radio 10 52314
radio 10 52331
radio 10 52844
radio 10 52861
radio 10 53375
radio 10 53392
radio 10 53906
radio 10 53939
radio 10 54453
radio 10 54470
radio 10 54984
radio 10 55001
radio 10 55514
radio 10 55531
radio 10 56045
radio 10 56062
radio 10 56576
radio 10 56593
radio 10 57107
radio 10 57124
radio 10 57638
radio 10 57655
radio 10 58169
radio 10 58186
radio 10 58700
radio 10 58717
radio 10 59231
radio 10 59248
radio 10 59761
radio 10 59790
radio 10 60304
radio 10 60332
radio 10 60846
radio 10 60863
radio 10 61377
radio 10 61409
radio 10 61923
radio 10 61940
radio 10 62454
radio 10 62471
radio 10 62985
radio 10 63019
radio 10 63533
radio 10 63563
radio 10 64077
radio 10 64094
radio 10 64608
radio 10 64625
radio 10 65139
radio 10 65195
radio 11 173
radio 11 190
radio 11 703
radio 11 720
radio 11 1233
radio 11 1250
radio 11 1763
radio 11 1780
radio 11 2293
radio 11 2328
radio 11 2842
radio 11 2859
radio 11 3372
radio 11 3389
radio 11 3902
radio 11 3951
radio 11 4465
radio 11 4495
radio 11 5009
radio 11 5026
radio 11 5539
delay 2 29 11 5611 11 6083 24 14 65535 0 79 1 0
radio 11 6673
radio 11 7186
radio 11 7203
radio 11 7716
radio 11 7745
radio 11 8259
radio 11 8276
radio 11 8789
radio 11 8822
radio 11 9336
radio 11 9370
radio 11 9884
radio 11 9901
radio 11 10414
radio 11 10447
radio 11 10961
radio 11 10991
radio 11 11505
radio 11 11522
radio 11 12035
radio 11 12066
radio 11 12580
radio 11 12597
radio 11 13111
radio 11 13139
