Thread[Thread-1,5,main]tree 11 10 0 20 1 1
radio 8 42184
radio 8 42188
radio 8 42205
radio 8 42718
radio 8 42735
radio 8 43249
radio 8 43266
radio 8 43779
radio 8 43813
radio 8 44327
radio 8 44363
radio 8 44877
radio 8 44933
radio 8 45447
radio 8 45480
radio 8 45994
radio 8 46011
radio 8 46525
radio 8 46542
radio 8 47056
radio 8 47073
radio 8 47586
radio 8 47615
radio 8 48129
radio 8 48164
radio 8 48678
radio 8 48695
radio 8 49209
radio 8 49226
radio 8 49740
radio 8 49757
radio 8 50271
radio 8 50307
radio 8 50821
radio 8 50853
radio 8 51367
radio 8 51395
radio 8 51909
radio 8 51959
radio 8 52473
radio 8 52501
radio 8 53015
radio 8 53046
radio 8 53560
radio 8 53589
radio 8 54103
radio 8 54159
radio 8 54673
radio 8 54690
radio 8 55204
radio 8 55233
radio 8 55747
radio 8 55764
radio 8 56278
radio 8 56295
radio 8 56809
radio 8 56826
radio 8 57339
radio 8 57356
radio 8 57870
radio 8 57887
radio 8 58400
radio 8 58452
radio 8 58966
radio 8 58998
radio 8 59512
radio 8 59544
radio 8 60058
radio 8 60075
radio 8 60588
radio 8 60605
radio 8 61118
radio 8 61148
radio 8 61662
radio 8 61691
radio 8 62205
radio 8 62222
radio 8 62736
radio 8 62764
radio 8 63278
radio 8 63295
radio 8 63808
radio 8 63838
radio 8 64352
radio 8 64386
radio 8 64900
radio 8 64917
radio 8 65431
radio 8 65486
radio 9 464
radio 9 481
radio 9 994
radio 9 1011
radio 9 1524
radio 9 1557
radio 9 2071
radio 9 2103
radio 9 2617
radio 9 2634
radio 9 3147
radio 9 3200
radio 9 3714
radio 9 3731
radio 9 4244
radio 9 4261
radio 9 4774
radio 9 4791
radio 9 5304
radio 9 5334
radio 9 5848
radio 9 5884
radio 9 6398
radio 9 6431
radio 9 6945
radio 9 6962
radio 9 7475
radio 9 7492
radio 9 8005
radio 9 8022
radio 9 8535
radio 9 8552
radio 9 9065
radio 9 9094
radio 9 9608
radio 9 9638
radio 9 10152
radio 9 10169
radio 9 10683
radio 9 10700
radio 9 11213
radio 9 11230
radio 9 11743
radio 9 11799
radio 9 12313
radio 9 12330
radio 9 12843
radio 9 12860
radio 9 13373
radio 9 13390
radio 9 13904
radio 9 13921
radio 9 14435
radio 9 14452
radio 9 14966
radio 9 14996
radio 9 15510
radio 9 15527
radio 9 16040
radio 9 16057
radio 9 16570
radio 9 16622
radio 9 17136
radio 9 17169
radio 9 17683
radio 9 17712
radio 9 18226
radio 9 18243
radio 9 18756
radio 9 18791
radio 9 19305
radio 9 19322
radio 9 19836
radio 9 19884
radio 9 20398
radio 9 20415
radio 9 20929
radio 9 20963
radio 9 21477
radio 9 21510
radio 9 22024
radio 9 22075
radio 9 22589
radio 9 22606
radio 9 23119
radio 9 23136
radio 9 23649
radio 9 23666
radio 9 24180
radio 9 24215
radio 9 24729
radio 9 24760
radio 9 25274
radio 9 25326
radio 9 25840
radio 9 25857
radio 9 26371
radio 9 26388
radio 9 26901
radio 9 26932
radio 9 27446
radio 9 27463
radio 9 27976
radio 9 27993
radio 9 28507
radio 9 28536
radio 9 29050
radio 9 29081
radio 9 29595
radio 9 29628
radio 9 30142
radio 9 30178
radio 9 30692
radio 9 30728
radio 9 31242
radio 9 31298
radio 9 31812
radio 9 31841
radio 9 32355
radio 9 32385
radio 9 32899
radio 9 32935
radio 9 33449
radio 9 33502
radio 9 34016
radio 9 34051
radio 9 34565
radio 9 34600
radio 9 35114
radio 9 35209
radio 9 35723
radio 9 35757
radio 9 36271
radio 9 36307
radio 9 36821
radio 9 36856
radio 9 37370
radio 9 37400
radio 9 37914
radio 9 37947
energy 9 38100 8 44701
radio 9 38461
radio 9 38489
radio 9 39003
radio 9 39059
radio 9 39573
radio 9 39605
radio 9 40119
radio 9 40155
radio 9 40669
radio 9 40699
radio 9 41213
radio 9 41244
radio 9 41758
radio 9 41787
radio 9 42301
radio 9 42337
radio 9 42851
radio 9 42887
radio 9 43401
radio 9 43436
radio 9 43950
radio 9 43967
radio 9 44480
radio 9 44509
radio 9 45023
radio 9 45040
radio 9 45554
radio 9 45571
radio 9 46085
radio 9 46102
radio 9 46615
radio 9 46644
radio 9 47158
radio 9 47193
radio 9 47707
radio 9 47724
radio 9 48238
radio 9 48291
radio 9 48805
radio 9 48822
radio 9 49335
radio 9 49371
radio 9 49885
radio 9 49902
radio 9 50415
radio 9 50432
radio 9 50945
radio 9 50975
radio 9 51489
radio 9 51537
radio 9 52051
radio 9 52083
radio 9 52597
radio 9 52633
radio 9 53147
radio 9 53176
radio 9 53690
radio 9 53740
radio 9 54254
radio 9 54271
radio 9 54784
radio 9 54817
radio 9 55331
radio 9 55361
radio 9 55875
radio 9 55909
radio 9 56423
radio 9 56440
radio 9 56953
radio 9 56984
radio 9 57498
radio 9 57529
radio 9 58043
radio 9 58074
radio 9 58588
radio 9 58605
radio 9 59118
radio 9 59135
radio 9 59648
radio 9 59665
radio 9 60179
radio 9 60196
radio 9 60709
radio 9 60737
radio 9 61251
radio 9 61268
radio 9 61782
radio 9 61799
radio 9 62312
radio 9 62329
radio 9 62843
radio 9 62892
radio 9 63406
radio 9 63423
radio 9 63937
radio 9 63966
radio 9 64480
radio 9 64512
radio 9 65026
radio 9 65056
radio 10 34
radio 10 51
radio 10 564
radio 10 581
radio 10 1094
radio 10 1124
radio 10 1638
radio 10 1674
radio 10 2188
radio 10 2221
radio 10 2735
radio 10 2763
radio 10 3277
radio 10 3327
radio 10 3841
radio 10 3873
radio 10 4387
radio 10 4418
radio 10 4932
radio 10 4984
radio 10 5498
radio 10 5550
radio 10 6064
radio 10 6097
radio 10 6611
radio 10 6660
radio 10 7174
radio 10 7205
radio 10 7719
radio 10 7755
radio 10 8269
radio 10 8297
radio 10 8811
radio 10 8859
radio 10 9373
radio 10 9406
radio 10 9920
radio 10 9956
radio 10 10470
radio 10 10506
radio 10 11020
radio 10 11056
radio 10 11570
radio 10 11606
radio 10 12120
radio 10 12149
radio 10 12663
radio 10 12693
radio 10 13207
radio 10 13238
radio 10 13752
radio 10 13780
radio 10 14294
radio 10 14322
radio 10 14836
radio 10 14864
radio 10 15378
radio 10 15406
radio 10 15920
radio 10 15956
radio 10 16470
radio 10 16519
radio 10 17033
radio 10 17064
radio 10 17578
radio 10 17611
radio 10 18125
radio 10 18142
radio 10 18656
radio 10 18673
radio 10 19187
radio 10 19239
radio 10 19753
radio 10 19770
radio 10 20284
radio 10 20314
radio 10 20828
radio 10 20863
radio 10 21377
radio 10 21413
radio 10 21927
radio 10 21963
radio 10 22477
radio 10 22513
radio 10 23027
radio 10 23063
radio 10 23577
radio 10 23605
radio 10 24119
radio 10 24167
radio 10 24681
radio 10 24714
radio 10 25228
radio 10 25264
radio 10 25778
radio 10 25806
radio 10 26320
radio 10 26368
radio 10 26882
radio 10 26913
radio 10 27427
radio 10 27457
radio 10 27971
radio 10 28001
radio 10 28515
radio 10 28532
radio 10 29046
radio 10 29082
radio 10 29596
radio 10 29613
radio 10 30127
delay 0 9 10 30225 10 31148 14 9 65535 0 203 0 1
radio 10 31505
radio 10 32019
radio 10 32036
radio 10 32550
radio 10 32567
radio 10 33081
radio 10 33110
radio 10 33624
radio 10 33641
energy 10 34004 8 48728
radio 10 34155
radio 10 34172
radio 10 34686
radio 10 34716
radio 10 35230
radio 10 35279
radio 10 35793
radio 10 35842
radio 10 36356
radio 10 36389
radio 10 36903
radio 10 36959
radio 10 37473
radio 10 37526
radio 10 38040
radio 10 38069
radio 10 38583
radio 10 38613
radio 10 39127
radio 10 39144
radio 10 39658
radio 10 39688
radio 10 40202
radio 10 40219
radio 10 40733
radio 10 40767
radio 10 41281
radio 10 41311
radio 10 41825
radio 10 41842
radio 10 42356
radio 10 42373
radio 10 42887
radio 10 42923
radio 10 43437
radio 10 43454
radio 10 43968
radio 10 43985
radio 10 44499
radio 10 44516
radio 10 45030
radio 10 45062
radio 10 45576
radio 10 45606
radio 10 46120
radio 10 46157
radio 10 46671
radio 10 46699
radio 10 47213
radio 10 47230
radio 10 47744
radio 10 47780
radio 10 48294
radio 10 48325
radio 10 48839
radio 10 48856
radio 10 49370
radio 10 49387
radio 10 49901
radio 10 49931
radio 10 50445
delay 1 46 10 50567 10 50610 15 9 65535 0 71 0 1
radio 10 51640
radio 10 52154
radio 10 52203
radio 10 52717
radio 10 52751
radio 10 53265
radio 10 53314
radio 10 53828
radio 10 53860
radio 10 54374
radio 10 54402
radio 10 54916
radio 10 54952
radio 10 55466
radio 10 55483
radio 10 55997
radio 10 56031
radio 10 56545
radio 10 56562
radio 10 57076
radio 10 57093
radio 10 57607
radio 10 57624
radio 10 58138
radio 10 58155
radio 10 58669
radio 10 58686
radio 10 59200
radio 10 59217
radio 10 59731
radio 10 59761
radio 10 60275
radio 10 60292
radio 10 60806
radio 10 60838
radio 10 61352
radio 10 61382
radio 10 61896
radio 10 61913
radio 10 62427
radio 10 62459
radio 10 62973
radio 10 63007
radio 10 63521
radio 10 63538
radio 10 64052
radio 10 64085
radio 10 64599
radio 10 64629
radio 10 65143
radio 10 65160
radio 11 138
radio 11 167
radio 11 681
radio 11 710
radio 11 1224
radio 11 1241
radio 11 1755
radio 11 1772
radio 11 2285
radio 11 2321
radio 11 2835
radio 11 2883
radio 11 3397
radio 11 3431
radio 11 3945
radio 11 3981
radio 11 4495
radio 11 4512
radio 11 5025
radio 11 5081
radio 11 5595
delay 2 48 11 5640 11 5633 9 9 65535 0 415 0 1
radio 11 6711
radio 11 7225
radio 11 7253
radio 11 7767
radio 11 7796
radio 11 8310
radio 11 8341
radio 11 8855
radio 11 8872
radio 11 9385
radio 11 9413
radio 11 9927
radio 11 9944
radio 11 10457
radio 11 10492
radio 11 11006
radio 11 11035
radio 11 11549
radio 11 11584
radio 11 12098
radio 11 12131
radio 11 12645
radio 11 12678
radio 11 13192
radio 11 13223
