Thread[Thread-1,5,main]tree 1000 21 46 20 0 0
radio 8 42206
radio 8 42209
radio 8 42243
radio 8 42757
radio 8 42785
radio 8 43299
radio 8 43316
radio 8 43829
radio 8 43846
radio 8 44359
radio 8 44376
radio 8 44889
radio 8 44906
radio 8 45419
radio 8 45450
radio 8 45964
radio 8 46015
radio 8 46529
radio 8 46558
radio 8 47072
radio 8 47104
radio 8 47618
radio 8 47654
radio 8 48168
radio 8 48218
radio 8 48732
radio 8 48761
radio 8 49275
radio 8 49304
radio 8 49818
radio 8 49854
radio 8 50368
radio 8 50439
radio 8 50953
radio 8 50984
radio 8 51498
radio 8 51526
radio 8 52040
radio 8 52088
radio 8 52602
radio 8 52653
radio 8 53167
radio 8 53195
radio 8 53709
radio 8 53763
radio 8 54277
radio 8 54329
radio 8 54843
radio 8 54860
radio 8 55373
radio 8 55409
radio 8 55923
radio 8 55971
radio 8 56485
radio 8 56518
radio 8 57032
radio 8 57063
radio 8 57577
radio 8 57609
radio 8 58123
radio 8 58172
radio 8 58686
radio 8 58736
radio 8 59250
radio 8 59282
radio 8 59796
radio 8 59852
radio 8 60366
radio 8 60396
radio 8 60910
radio 8 60960
radio 8 61474
radio 8 61526
radio 8 62040
radio 8 62092
radio 8 62606
radio 8 62676
radio 8 63190
radio 8 63242
radio 8 63756
radio 8 63828
radio 8 64342
radio 8 64392
radio 8 64906
radio 8 64938
radio 8 65452
radio 8 65480
radio 9 458
radio 9 506
radio 9 1019
radio 9 1053
radio 9 1567
radio 9 1595
radio 9 2109
radio 9 2137
radio 9 2651
radio 9 2699
radio 9 3213
radio 9 3261
radio 9 3775
radio 9 3804
radio 9 4318
radio 9 4346
radio 9 4860
radio 9 4908
radio 9 5422
radio 9 5439
radio 9 5952
radio 9 5969
radio 9 6482
radio 9 6515
radio 9 7029
radio 9 7105
radio 9 7619
radio 9 7668
radio 9 8182
radio 9 8214
radio 9 8728
radio 9 8781
radio 9 9295
radio 9 9344
radio 9 9858
radio 9 9887
radio 9 10401
radio 9 10456
radio 9 10970
radio 9 11023
radio 9 11537
radio 9 11569
radio 9 12083
radio 9 12138
radio 9 12652
radio 9 12685
radio 9 13199
radio 9 13229
radio 9 13743
radio 9 13773
radio 9 14287
radio 9 14338
radio 9 14852
radio 9 14905
radio 9 15419
radio 9 15491
radio 9 16005
radio 9 16053
radio 9 16567
radio 9 16600
radio 9 17114
radio 9 17170
radio 9 17684
radio 9 17737
radio 9 18251
radio 9 18283
radio 9 18797
radio 9 18886
radio 9 19400
radio 9 19432
radio 9 19946
radio 9 19974
radio 9 20488
radio 9 20516
radio 9 21030
radio 9 21059
radio 9 21573
radio 9 21601
radio 9 22115
radio 9 22143
radio 9 22657
radio 9 22686
radio 9 23200
radio 9 23256
radio 9 23770
radio 9 23819
radio 9 24333
radio 9 24364
radio 9 24878
radio 9 24934
radio 9 25448
radio 9 25484
radio 9 25998
radio 9 26028
radio 9 26542
radio 9 26570
radio 9 27084
radio 9 27132
radio 9 27646
radio 9 27694
radio 9 28208
radio 9 28237
radio 9 28751
radio 9 28779
radio 9 29293
radio 9 29341
radio 9 29855
radio 9 29888
radio 9 30402
radio 9 30450
radio 9 30964
radio 9 31014
radio 9 31528
radio 9 31560
radio 9 32074
radio 9 32104
radio 9 32618
radio 9 32647
radio 9 33161
radio 9 33216
radio 9 33730
radio 9 33780
radio 9 34294
radio 9 34324
radio 9 34838
radio 9 34894
radio 9 35408
radio 9 35444
radio 9 35958
radio 9 35994
radio 9 36508
radio 9 36536
radio 9 37050
radio 9 37098
radio 9 37612
radio 9 37629
energy 9 38121 8 45943
radio 9 38142
radio 9 38173
radio 9 38687
radio 9 38743
radio 9 39257
radio 9 39305
radio 9 39819
radio 9 39855
radio 9 40369
radio 9 40404
radio 9 40918
radio 9 40935
radio 9 41448
radio 9 41501
radio 9 42015
radio 9 42065
radio 9 42579
radio 9 42615
radio 9 43129
radio 9 43181
radio 9 43695
radio 9 43728
radio 9 44242
radio 9 44272
radio 9 44786
radio 9 44816
radio 9 45330
radio 9 45383
radio 9 45897
radio 9 45928
radio 9 46442
radio 9 46472
radio 9 46986
radio 9 47017
radio 9 47531
radio 9 47584
radio 9 48098
radio 9 48115
radio 9 48628
radio 9 48657
radio 9 49171
radio 9 49202
radio 9 49716
radio 9 49733
radio 9 50246
radio 9 50263
radio 9 50776
radio 9 50825
radio 9 51339
radio 9 51389
radio 9 51903
radio 9 51934
radio 9 52448
radio 9 52503
radio 9 53017
radio 9 53034
radio 9 53547
radio 9 53596
radio 9 54110
radio 9 54180
radio 9 54694
radio 9 54749
radio 9 55263
radio 9 55293
radio 9 55807
radio 9 55824
radio 9 56337
radio 9 56387
radio 9 56901
radio 9 56955
radio 9 57469
radio 9 57486
radio 9 57999
radio 9 58070
radio 9 58584
radio 9 58614
radio 9 59128
radio 9 59145
radio 9 59658
radio 9 59686
radio 9 60200
radio 9 60236
radio 9 60750
radio 9 60801
radio 9 61315
radio 9 61346
radio 9 61860
radio 9 61877
radio 9 62390
radio 9 62419
radio 9 62933
radio 9 62964
radio 9 63478
radio 9 63527
radio 9 64041
radio 9 64070
radio 9 64584
radio 9 64616
radio 9 65130
radio 9 65199
radio 10 177
radio 10 194
radio 10 707
radio 10 737
radio 10 1251
radio 10 1280
radio 10 1794
radio 10 1867
radio 10 2381
radio 10 2411
radio 10 2925
radio 10 2961
radio 10 3475
radio 10 3510
radio 10 4024
radio 10 4073
radio 10 4587
radio 10 4618
radio 10 5132
radio 10 5181
radio 10 5695
radio 10 5745
radio 10 6259
radio 10 6308
radio 10 6822
radio 10 6858
radio 10 7372
radio 10 7420
radio 10 7934
radio 10 7986
radio 10 8500
radio 10 8533
radio 10 9047
radio 10 9098
radio 10 9612
radio 10 9661
radio 10 10175
radio 10 10208
radio 10 10722
radio 10 10810
radio 10 11324
radio 10 11357
radio 10 11871
radio 10 11900
radio 10 12414
radio 10 12462
radio 10 12976
radio 10 13006
radio 10 13520
radio 10 13548
radio 10 14062
radio 10 14098
radio 10 14612
radio 10 14661
radio 10 15175
radio 10 15207
radio 10 15721
radio 10 15757
radio 10 16271
radio 10 16327
radio 10 16841
radio 10 16894
radio 10 17408
radio 10 17437
radio 10 17951
radio 10 17981
radio 10 18495
radio 10 18543
radio 10 19057
radio 10 19089
radio 10 19603
radio 10 19620
radio 10 20134
radio 10 20163
radio 10 20677
radio 10 20705
radio 10 21219
radio 10 21268
radio 10 21782
radio 10 21813
radio 10 22327
radio 10 22363
radio 10 22877
radio 10 22908
radio 10 23422
radio 10 23472
radio 10 23986
radio 10 24020
radio 10 24534
radio 10 24551
radio 10 25065
radio 10 25095
radio 10 25609
radio 10 25626
radio 10 26139
radio 10 26191
radio 10 26705
radio 10 26756
radio 10 27270
radio 10 27287
radio 10 27801
radio 10 27830
radio 10 28344
radio 10 28392
radio 10 28906
radio 10 28955
radio 10 29469
radio 10 29498
radio 10 30012
radio 10 30060
radio 10 30574
radio 10 30591
radio 10 31105
delay 0 19 10 31124 10 30672 7 26 19 1 161 0 0
radio 10 32544
radio 10 33058
radio 10 33075
radio 10 33588
radio 10 33643
energy 10 34025 8 50809
radio 10 34157
radio 10 34189
radio 10 34703
radio 10 34720
radio 10 35234
radio 10 35251
radio 10 35765
radio 10 35833
radio 10 36347
radio 10 36396
radio 10 36910
radio 10 36927
radio 10 37441
radio 10 37471
radio 10 37985
radio 10 38040
radio 10 38554
radio 10 38606
radio 10 39120
radio 10 39150
radio 10 39664
radio 10 39714
radio 10 40228
radio 10 40282
radio 10 40796
radio 10 40813
radio 10 41327
radio 10 41344
radio 10 41857
radio 10 41874
radio 10 42388
radio 10 42417
radio 10 42931
radio 10 42967
radio 10 43481
radio 10 43498
radio 10 44012
radio 10 44029
radio 10 44543
radio 10 44560
radio 10 45073
radio 10 45102
radio 10 45616
radio 10 45652
radio 10 46166
radio 10 46215
radio 10 46729
radio 10 46746
radio 10 47260
radio 10 47330
radio 10 47844
radio 10 47894
radio 10 48408
radio 10 48425
radio 10 48938
radio 10 48955
radio 10 49469
radio 10 49502
radio 10 50016
radio 10 50065
radio 10 50579
radio 10 50611
radio 10 51125
radio 10 51155
radio 10 51669
delay 1 6 10 51704 10 51603 11 26 15 1 302 0 0
radio 10 52779
radio 10 53293
radio 10 53342
radio 10 53856
radio 10 53886
radio 10 54400
radio 10 54417
radio 10 54930
radio 10 54986
radio 10 55500
radio 10 55553
radio 10 56067
radio 10 56118
radio 10 56632
radio 10 56665
radio 10 57179
radio 10 57228
radio 10 57742
radio 10 57795
radio 10 58309
radio 10 58342
radio 10 58856
radio 10 58905
radio 10 59419
radio 10 59470
radio 10 59984
radio 10 60017
radio 10 60531
radio 10 60583
radio 10 61097
radio 10 61148
radio 10 61662
radio 10 61679
radio 10 62192
radio 10 62209
radio 10 62723
radio 10 62752
radio 10 63266
radio 10 63314
radio 10 63828
radio 10 63877
radio 10 64391
radio 10 64421
radio 10 64935
radio 10 64985
radio 10 65499
radio 10 65516
radio 11 494
radio 11 511
radio 11 1024
radio 11 1055
radio 11 1569
radio 11 1586
radio 11 2099
radio 11 2135
radio 11 2649
radio 11 2700
radio 11 3214
radio 11 3268
radio 11 3782
radio 11 3799
radio 11 4312
radio 11 4347
radio 11 4861
radio 11 4913
radio 11 5427
radio 11 5458
radio 11 5972
radio 11 6001
radio 11 6515
delay 2 15 11 6803 11 6494 16 26 10 0 19 1 0
radio 11 7871
radio 11 8385
radio 11 8419
radio 11 8933
radio 11 8963
radio 11 9477
radio 11 9507
radio 11 10021
radio 11 10054
radio 11 10568
radio 11 10596
radio 11 11110
radio 11 11138
radio 11 11652
radio 11 11686
radio 11 12200
radio 11 12253
radio 11 12767
radio 11 12797
radio 11 13311
radio 11 13340
radio 11 13854
radio 11 13890
radio 11 14404
radio 11 14435
