Thread[Thread-1,5,main]tree 9 7 0 14 0 0
radio 7 15535
radio 7 15539
radio 7 15588
radio 7 16102
radio 7 16132
radio 7 16646
radio 7 16663
radio 7 17177
radio 7 17226
radio 7 17740
radio 7 17771
radio 7 18285
radio 7 18314
radio 7 18828
radio 7 18845
radio 7 19358
radio 7 19394
radio 7 19908
radio 7 19925
radio 7 20439
radio 7 20510
radio 7 21024
radio 7 21053
radio 7 21567
radio 7 21584
radio 7 22098
radio 7 22115
radio 7 22629
radio 7 22646
radio 7 23159
radio 7 23176
radio 7 23689
radio 7 23706
radio 7 24219
radio 7 24249
radio 7 24763
radio 7 24815
radio 7 25329
radio 7 25346
radio 7 25860
radio 7 25889
radio 7 26403
radio 7 26420
radio 7 26933
radio 7 26950
radio 7 27464
radio 7 27513
radio 7 28027
radio 7 28044
radio 7 28558
radio 7 28575
radio 7 29089
radio 7 29106
radio 7 29620
radio 7 29637
radio 7 30151
radio 7 30168
radio 7 30681
radio 7 30712
radio 7 31226
radio 7 31243
radio 7 31757
radio 7 31813
radio 7 32327
radio 7 32356
radio 7 32870
radio 7 32923
radio 7 33437
radio 7 33466
radio 7 33980
radio 7 33997
radio 7 34511
radio 7 34659
radio 7 35173
radio 7 35190
radio 7 35703
radio 7 35720
radio 7 36234
radio 7 36270
radio 7 36784
radio 7 36801
radio 7 37314
radio 7 37331
radio 7 37845
radio 7 37862
radio 7 38375
radio 7 38392
radio 7 38905
radio 7 38959
radio 7 39473
radio 7 39490
radio 7 40004
radio 7 40035
radio 7 40549
radio 7 40566
radio 7 41080
radio 7 41109
radio 7 41623
radio 7 41640
radio 7 42154
radio 7 42189
radio 7 42703
radio 7 42732
radio 7 43246
radio 7 43274
radio 7 43788
radio 7 43820
radio 7 44334
radio 7 44351
radio 7 44864
radio 7 44920
radio 7 45434
radio 7 45465
radio 7 45979
radio 7 46009
radio 7 46523
radio 7 46557
radio 7 47071
radio 7 47088
radio 7 47602
radio 7 47638
radio 7 48152
radio 7 48180
radio 7 48694
radio 7 48723
radio 7 49237
radio 7 49271
radio 7 49785
radio 7 49838
radio 7 50352
radio 7 50382
radio 7 50896
radio 7 50913
radio 7 51427
radio 7 51460
radio 7 51974
radio 7 52003
radio 7 52517
radio 7 52566
radio 7 53080
radio 7 53128
radio 7 53642
radio 7 53675
radio 7 54189
radio 7 54206
radio 7 54719
radio 7 54772
radio 7 55286
radio 7 55303
radio 7 55817
radio 7 55834
radio 7 56348
radio 7 56376
radio 7 56890
radio 7 56907
radio 7 57420
radio 7 57451
radio 7 57965
radio 7 58016
radio 7 58530
radio 7 58580
radio 7 59094
radio 7 59111
radio 7 59624
radio 7 59654
radio 7 60168
radio 7 60185
radio 7 60699
radio 7 60716
radio 7 61230
radio 7 61247
radio 7 61761
radio 7 61778
radio 7 62292
radio 7 62309
radio 7 62822
radio 7 62839
radio 7 63353
radio 7 63404
radio 7 63918
radio 7 63935
radio 7 64448
radio 7 64483
radio 7 64997
radio 7 65014
radio 7 65527
radio 8 8
radio 8 521
radio 8 538
radio 8 1051
radio 8 1086
radio 8 1600
radio 8 1629
radio 8 2143
radio 8 2198
radio 8 2712
radio 8 2767
radio 8 3281
radio 8 3298
radio 8 3811
radio 8 3844
radio 8 4358
radio 8 4375
radio 8 4888
radio 8 4905
radio 8 5418
radio 8 5451
radio 8 5965
radio 8 5982
radio 8 6495
radio 8 6512
radio 8 7025
radio 8 7042
radio 8 7555
radio 8 7586
radio 8 8100
radio 8 8117
radio 8 8630
radio 8 8647
radio 8 9160
radio 8 9195
radio 8 9709
radio 8 9741
radio 8 10255
radio 8 10272
radio 8 10785
radio 8 10802
radio 8 11315
radio 8 11332
energy 8 11450 7 18084
radio 8 11846
radio 8 11863
radio 8 12377
radio 8 12394
radio 8 12908
radio 8 12925
radio 8 13439
radio 8 13490
radio 8 14004
radio 8 14053
radio 8 14567
radio 8 14642
radio 8 15156
radio 8 15173
radio 8 15687
radio 8 15721
radio 8 16235
radio 8 16289
radio 8 16803
radio 8 16854
radio 8 17368
radio 8 17401
radio 8 17915
radio 8 17932
radio 8 18446
radio 8 18520
radio 8 19034
radio 8 19051
radio 8 19565
radio 8 19582
radio 8 20096
radio 8 20128
radio 8 20642
radio 8 20694
radio 8 21208
radio 8 21244
radio 8 21758
radio 8 21790
radio 8 22304
radio 8 22321
radio 8 22834
radio 8 22863
radio 8 23377
radio 8 23450
radio 8 23964
radio 8 24000
radio 8 24514
radio 8 24531
radio 8 25044
radio 8 25061
radio 8 25574
radio 8 25591
radio 8 26104
radio 8 26121
radio 8 26634
radio 8 26664
radio 8 27178
radio 8 27228
radio 8 27742
radio 8 27818
radio 8 28332
radio 8 28362
radio 8 28876
radio 8 28893
radio 8 29406
radio 8 29634
radio 8 30148
radio 8 30179
radio 8 30693
radio 8 30729
radio 8 31243
radio 8 31260
radio 8 31774
radio 8 31791
radio 8 32305
radio 8 32322
radio 8 32835
radio 8 32891
radio 8 33405
radio 8 33437
radio 8 33951
radio 8 33968
radio 8 34482
radio 8 34533
radio 8 35047
radio 8 35076
radio 8 35590
radio 8 35607
radio 8 36120
radio 8 36151
radio 8 36665
radio 8 36701
radio 8 37215
radio 8 37264
radio 8 37778
radio 8 37809
radio 8 38323
radio 8 38352
radio 8 38866
radio 8 38897
radio 8 39411
radio 8 39428
radio 8 39942
radio 8 39959
radio 8 40472
radio 8 40489
radio 8 41003
radio 8 41020
radio 8 41534
radio 8 41587
radio 8 42101
radio 8 42118
radio 8 42631
radio 8 42648
radio 8 43162
radio 8 43196
radio 8 43710
radio 8 43763
radio 8 44277
radio 8 44294
radio 8 44807
radio 8 44824
radio 8 45337
radio 8 45372
radio 8 45886
radio 8 45914
radio 8 46428
radio 8 46481
radio 8 46995
radio 8 47027
radio 8 47541
radio 8 47570
radio 8 48084
delay 0 0 8 48105 8 49426 0 5 5 0 80 0 0
radio 8 48112
radio 8 48627
radio 8 48751
radio 8 49264
radio 8 49363
radio 8 49876
radio 8 49907
radio 8 50421
radio 8 50471
radio 8 50985
radio 8 51002
radio 8 51515
radio 8 51532
radio 8 52045
radio 8 52079
radio 8 52593
radio 8 52622
radio 8 53136
radio 8 53192
radio 8 53706
radio 8 53757
radio 8 54271
radio 8 54299
radio 8 54813
radio 8 54845
radio 8 55359
radio 8 55376
radio 8 55889
radio 8 55982
radio 8 56496
radio 8 56513
radio 8 57027
radio 8 57044
radio 8 57557
radio 8 57574
radio 8 58087
radio 8 58156
radio 8 58670
radio 8 58704
radio 8 59218
radio 8 59273
radio 8 59787
radio 8 59819
radio 8 60333
radio 8 60350
radio 8 60863
radio 8 60880
radio 8 61393
radio 8 61410
radio 8 61923
radio 8 61940
radio 8 62453
radio 8 62470
radio 8 62983
radio 8 63000
radio 8 63513
radio 8 63530
radio 8 64043
radio 8 64137
radio 8 64651
radio 8 64668
radio 8 65181
radio 8 65198
radio 9 176
radio 9 193
radio 9 706
radio 9 737
radio 9 1250
radio 9 1267
radio 9 1780
radio 9 1890
radio 9 2404
radio 9 2421
radio 9 2934
radio 9 2951
radio 9 3464
delay 1 42 9 3484 9 2879 5 5 65535 0 336 0 0
radio 9 3492
radio 9 4006
radio 9 4074
radio 9 4587
radio 9 4607
radio 9 5120
radio 9 5137
radio 9 5650
radio 9 5667
radio 9 6180
radio 9 6197
radio 9 6710
radio 9 6778
radio 9 7292
radio 9 7327
energy 9 7354 7 21363
radio 9 7841
radio 9 7858
radio 9 8371
radio 9 8419
radio 9 8933
radio 9 8983
radio 9 9497
radio 9 9514
radio 9 10027
radio 9 10044
radio 9 10557
radio 9 10585
radio 9 11099
radio 9 11116
radio 9 11629
radio 9 11646
radio 9 12160
radio 9 12177
radio 9 12690
radio 9 12726
radio 9 13240
radio 9 13257
radio 9 13770
radio 9 13798
radio 9 14312
radio 9 14329
radio 9 14842
radio 9 14859
radio 9 15372
radio 9 15403
radio 9 15917
radio 9 15971
radio 9 16485
radio 9 16533
radio 9 17047
radio 9 17081
radio 9 17595
radio 9 17612
radio 9 18125
radio 9 18142
radio 9 18655
radio 9 18726
radio 9 19240
radio 9 19257
radio 9 19770
radio 9 19787
radio 9 20301
radio 9 20376
radio 9 20890
radio 9 20918
radio 9 21432
radio 9 21463
radio 9 21977
radio 9 22045
radio 9 22559
radio 9 22615
radio 9 23129
radio 9 23146
radio 9 23659
delay 2 48 9 23752 9 23327 7 5 65535 0 285 0 0
radio 9 23760
radio 9 24274
radio 9 24323
radio 9 24836
radio 9 24853
radio 9 25366
radio 9 25383
radio 9 25896
radio 9 25913
radio 9 26427
radio 9 26495
radio 9 27009
radio 9 27026
radio 9 27539
radio 9 27556
radio 9 28069
radio 9 28086
radio 9 28599
radio 9 28616
radio 9 29129
radio 9 29146
radio 9 29659
radio 9 29676
radio 9 30189
radio 9 30237
radio 9 30751
radio 9 30768
radio 9 31281
radio 9 31333
radio 9 31847
radio 9 31864
radio 9 32377
radio 9 32394
radio 9 32908
radio 9 32925
radio 9 33438
radio 9 33455
radio 9 33968
radio 9 34039
radio 9 34553
radio 9 34588
radio 9 35102
radio 9 35119
radio 9 35632
radio 9 35649
radio 9 36162
radio 9 36179
radio 9 36693
radio 9 36765
radio 9 37279
radio 9 37331
radio 9 37845
radio 9 37895
radio 9 38409
radio 9 38426
radio 9 38939
radio 9 38970
radio 9 39484
radio 9 39501
radio 9 40014
radio 9 40046
radio 9 40560
radio 9 40614
radio 9 41128
radio 9 41156
radio 9 41670
radio 9 41700
radio 9 42214
radio 9 42231
radio 9 42744
radio 9 42761
radio 9 43274
radio 9 43291
radio 9 43805
radio 9 43833
radio 9 44347
delay 3 35 9 44363 9 44350 5 5 65535 0 364 0 0
radio 9 44371
radio 9 44885
radio 9 44959
radio 9 45472
radio 9 45505
radio 9 46019
radio 9 46036
radio 9 46550
radio 9 46567
radio 9 47080
radio 9 47111
radio 9 47625
radio 9 47656
radio 9 48170
radio 9 48198
radio 9 48712
radio 9 48729
radio 9 49242
radio 9 49259
radio 9 49772
radio 9 49789
radio 9 50302
radio 9 50319
radio 9 50832
radio 9 50849
radio 9 51362
radio 9 51416
radio 9 51930
radio 9 51947
radio 9 52460
radio 9 52489
radio 9 53003
radio 9 53020
radio 9 53533
radio 9 53565
radio 9 54079
radio 9 54115
radio 9 54629
radio 9 54661
radio 9 55175
radio 9 55224
radio 9 55738
radio 9 55755
radio 9 56268
radio 9 56298
radio 9 56812
radio 9 56842
radio 9 57356
radio 9 57426
radio 9 57940
radio 9 57957
radio 9 58470
radio 9 58504
radio 9 59018
radio 9 59035
radio 9 59548
radio 9 59565
radio 9 60078
radio 9 60168
radio 9 60682
radio 9 60714
radio 9 61228
radio 9 61300
radio 9 61814
radio 9 61831
radio 9 62344
radio 9 62378
radio 9 62892
radio 9 62909
radio 9 63423
radio 9 63440
radio 9 63953
radio 9 63970
radio 9 64483
delay 4 0 9 64498 10 284 0 5 5 0 92 0 0
radio 9 64505
radio 9 65020
radio 9 65313
radio 10 291
radio 10 310
radio 10 823
radio 10 915
radio 10 1429
radio 10 1446
radio 10 1959
radio 10 1987
radio 10 2501
radio 10 2557
radio 10 3071
radio 10 3088
energy 10 3258 7 24410
radio 10 3601
radio 10 3635
radio 10 4149
radio 10 4178
radio 10 4692
radio 10 4709
radio 10 5222
radio 10 5239
radio 10 5752
radio 10 5769
radio 10 6282
radio 10 6357
radio 10 6871
radio 10 6902
radio 10 7416
radio 10 7444
radio 10 7958
radio 10 8006
radio 10 8520
radio 10 8556
radio 10 9070
radio 10 9098
radio 10 9612
radio 10 9629
radio 10 10142
radio 10 10174
radio 10 10688
radio 10 10736
radio 10 11250
radio 10 11300
radio 10 11814
radio 10 11831
radio 10 12345
radio 10 12362
radio 10 12876
radio 10 12893
radio 10 13407
radio 10 13424
radio 10 13938
radio 10 14008
radio 10 14522
radio 10 14539
radio 10 15053
radio 10 15089
radio 10 15603
radio 10 15692
radio 10 16206
radio 10 16259
radio 10 16773
radio 10 16790
radio 10 17304
radio 10 17333
radio 10 17847
radio 10 17897
radio 10 18411
radio 10 18447
radio 10 18961
radio 10 19017
radio 10 19531
delay 5 13 10 19547 10 20072 14 5 65535 0 116 0 0
radio 10 19555
radio 10 20069
radio 10 20259
radio 10 20772
radio 10 20789
radio 10 21303
radio 10 21457
radio 10 21971
radio 10 21988
radio 10 22502
radio 10 22534
radio 10 23048
radio 10 23065
radio 10 23579
radio 10 23655
radio 10 24169
radio 10 24222
radio 10 24736
radio 10 24753
radio 10 25267
radio 10 25284
radio 10 25798
radio 10 25828
radio 10 26342
radio 10 26370
radio 10 26884
radio 10 26914
radio 10 27428
radio 10 27462
radio 10 27976
radio 10 28032
radio 10 28546
radio 10 28563
radio 10 29077
radio 10 29094
radio 10 29608
radio 10 29643
radio 10 30157
radio 10 30174
radio 10 30688
radio 10 30719
radio 10 31233
radio 10 31250
radio 10 31764
radio 10 31781
radio 10 32295
radio 10 32312
radio 10 32826
radio 10 32859
radio 10 33373
radio 10 33403
radio 10 33917
radio 10 33965
radio 10 34479
radio 10 34496
radio 10 35010
radio 10 35027
radio 10 35541
radio 10 35558
radio 10 36072
radio 10 36089
radio 10 36603
radio 10 36633
radio 10 37147
radio 10 37182
radio 10 37696
radio 10 37713
radio 10 38227
radio 10 38277
radio 10 38791
radio 10 38862
radio 10 39376
radio 10 39393
radio 10 39907
delay 6 0 10 40040 10 41362 0 5 5 0 207 0 0
radio 10 40047
radio 10 40562
radio 10 40734
radio 10 41247
radio 10 41263
radio 10 41777
radio 10 41806
radio 10 42320
radio 10 42356
radio 10 42870
radio 10 42922
radio 10 43436
radio 10 43471
radio 10 43985
radio 10 44002
radio 10 44516
radio 10 44547
radio 10 45061
radio 10 45078
radio 10 45592
radio 10 45683
radio 10 46197
radio 10 46227
radio 10 46741
radio 10 46770
radio 10 47284
radio 10 47301
radio 10 47815
radio 10 47832
radio 10 48346
radio 10 48363
radio 10 48877
radio 10 48949
radio 10 49463
radio 10 49495
radio 10 50009
radio 10 50082
radio 10 50596
radio 10 50613
radio 10 51127
radio 10 51144
radio 10 51658
radio 10 51675
radio 10 52189
radio 10 52224
radio 10 52738
radio 10 52755
radio 10 53269
radio 10 53297
radio 10 53811
radio 10 53861
radio 10 54375
radio 10 54392
radio 10 54906
radio 10 54923
radio 10 55437
radio 10 55508
radio 10 56022
radio 10 56052
radio 10 56566
radio 10 56595
radio 10 57109
radio 10 57126
radio 10 57640
radio 10 57669
radio 10 58183
radio 10 58236
radio 10 58750
radio 10 58785
radio 10 59299
radio 10 59329
radio 10 59843
radio 10 59860
radio 10 60374
delay 7 4 10 60392 10 61275 14 5 65535 0 32 0 0
radio 10 60400
radio 10 60915
radio 10 61010
radio 10 61523
radio 10 61563
radio 10 62077
radio 10 62109
radio 10 62623
radio 10 62651
radio 10 63165
radio 10 63182
radio 10 63696
radio 10 63730
radio 10 64244
radio 10 64261
energy 10 64698 7 27864
radio 10 64775
radio 10 64844
radio 10 65358
radio 10 65375
radio 11 353
radio 11 370
radio 11 883
radio 11 900
radio 11 1413
radio 11 1430
radio 11 1943
radio 11 1960
radio 11 2473
radio 11 2501
radio 11 3015
radio 11 3083
radio 11 3597
radio 11 3626
radio 11 4140
radio 11 4173
radio 11 4687
radio 11 4704
radio 11 5217
radio 11 5234
radio 11 5747
radio 11 5764
radio 11 6277
radio 11 6294
radio 11 6807
radio 11 6824
radio 11 7337
radio 11 7354
radio 11 7867
radio 11 7895
radio 11 8409
radio 11 8460
radio 11 8974
radio 11 9004
radio 11 9518
radio 11 9535
radio 11 10048
radio 11 10098
radio 11 10612
radio 11 10702
radio 11 11216
radio 11 11233
radio 11 11747
radio 11 11777
radio 11 12291
radio 11 12320
radio 11 12834
radio 11 12865
radio 11 13379
radio 11 13396
radio 11 13910
radio 11 13927
radio 11 14441
radio 11 14476
radio 11 14990
radio 11 15083
radio 11 15597
delay 8 18 11 15668 11 15889 7 5 65535 0 253 0 0
radio 11 15676
radio 11 16190
radio 11 16331
radio 11 16844
radio 11 16864
radio 11 17377
radio 11 17495
radio 11 18009
radio 11 18044
radio 11 18558
radio 11 18669
radio 11 19183
radio 11 19200
radio 11 19714
radio 11 19782
radio 11 20296
radio 11 20313
radio 11 20827
radio 11 20844
radio 11 21358
radio 11 21388
radio 11 21902
radio 11 21919
radio 11 22433
radio 11 22543
radio 11 23057
radio 11 23074
radio 11 23588
radio 11 23661
radio 11 24175
radio 11 24206
radio 11 24720
radio 11 24737
radio 11 25251
radio 11 25268
radio 11 25782
radio 11 25832
radio 11 26346
radio 11 26363
radio 11 26877
radio 11 26894
radio 11 27408
radio 11 27444
radio 11 27958
radio 11 27975
radio 11 28489
radio 11 28506
radio 11 29020
radio 11 29055
radio 11 29569
radio 11 29586
radio 11 30100
radio 11 30117
radio 11 30631
radio 11 30664
radio 11 31178
radio 11 31195
radio 11 31709
radio 11 31740
radio 11 32254
radio 11 32271
radio 11 32785
radio 11 32802
radio 11 33316
radio 11 33352
radio 11 33866
radio 11 33934
radio 11 34448
radio 11 34482
radio 11 34996
radio 11 35013
radio 11 35527
radio 11 35581
radio 11 36095
radio 11 36150
radio 11 36664
delay 9 35 11 36680 11 36670 5 5 65535 0 601 0 0
radio 11 36688
radio 11 37203
radio 11 37222
radio 11 37735
radio 11 37752
radio 11 38266
radio 11 38338
radio 11 38852
radio 11 38869
radio 11 39383
radio 11 39400
radio 11 39914
radio 11 39943
radio 11 40457
radio 11 40528
radio 11 41042
radio 11 41059
radio 11 41573
radio 11 41590
radio 11 42104
radio 11 42121
radio 11 42635
radio 11 42663
radio 11 43177
radio 11 43234
radio 11 43748
radio 11 43777
radio 11 44291
radio 11 44308
radio 11 44822
radio 11 44839
radio 11 45353
radio 11 45370
radio 11 45884
radio 11 45920
radio 11 46434
radio 11 46451
radio 11 46965
radio 11 46982
radio 11 47496
radio 11 47513
radio 11 48027
radio 11 48044
radio 11 48558
radio 11 48611
radio 11 49125
radio 11 49154
radio 11 49668
radio 11 49700
radio 11 50214
radio 11 50231
radio 11 50745
radio 11 50762
radio 11 51276
radio 11 51364
radio 11 51878
radio 11 51895
radio 11 52409
radio 11 52426
radio 11 52940
radio 11 52957
radio 11 53471
radio 11 53500
radio 11 54014
radio 11 54031
radio 11 54545
radio 11 54594
radio 11 55108
radio 11 55125
radio 11 55639
radio 11 55656
radio 11 56170
radio 11 56201
radio 11 56715
delay 10 18 11 56760 11 56982 7 5 65535 0 77 0 0
radio 11 56768
radio 11 57282
radio 11 57302
radio 11 57815
radio 11 57833
radio 11 58347
radio 11 58364
radio 11 58878
radio 11 58895
radio 11 59409
radio 11 59441
radio 11 59955
radio 11 59987
radio 11 60501
radio 11 60518
energy 11 60602 7 30897
radio 11 61032
radio 11 61049
radio 11 61563
radio 11 61580
radio 11 62094
radio 11 62147
radio 11 62661
radio 11 62690
radio 11 63204
radio 11 63237
radio 11 63751
radio 11 63768
radio 11 64282
radio 11 64311
radio 11 64825
radio 11 64874
radio 11 65388
radio 11 65405
radio 12 383
radio 12 418
radio 12 932
radio 12 1008
radio 12 1522
radio 12 1539
radio 12 2052
radio 12 2083
radio 12 2597
radio 12 2614
radio 12 3128
radio 12 3217
radio 12 3731
radio 12 3762
radio 12 4276
radio 12 4331
radio 12 4845
radio 12 4875
radio 12 5389
radio 12 5406
radio 12 5919
radio 12 5948
radio 12 6462
radio 12 6479
radio 12 6992
radio 12 7021
radio 12 7535
radio 12 7585
radio 12 8099
radio 12 8127
radio 12 8641
radio 12 8658
radio 12 9171
radio 12 9200
radio 12 9714
radio 12 9743
radio 12 10257
radio 12 10285
radio 12 10799
radio 12 10869
radio 12 11383
delay 11 47 12 11426 12 11015 11 5 65535 0 98 0 0
radio 12 11434
radio 12 11949
radio 12 12106
radio 12 12620
radio 12 12635
radio 12 13148
radio 12 13283
radio 12 13797
radio 12 13846
radio 12 14360
radio 12 14436
radio 12 14950
radio 12 15065
radio 12 15579
radio 12 15609
radio 12 16123
radio 12 16159
radio 12 16673
radio 12 16709
radio 12 17223
radio 12 17253
radio 12 17767
radio 12 17804
radio 12 18318
radio 12 18348
radio 12 18862
radio 12 18916
radio 12 19430
radio 12 19459
radio 12 19973
radio 12 20002
radio 12 20516
radio 12 20533
radio 12 21047
radio 12 21064
radio 12 21578
radio 12 21595
radio 12 22109
radio 12 22126
radio 12 22640
radio 12 22657
radio 12 23171
radio 12 23207
radio 12 23721
radio 12 23749
radio 12 24263
radio 12 24280
radio 12 24794
radio 12 24823
radio 12 25337
radio 12 25354
radio 12 25868
radio 12 25897
radio 12 26411
radio 12 26484
radio 12 26998
radio 12 27015
radio 12 27529
radio 12 27564
radio 12 28078
radio 12 28109
radio 12 28623
radio 12 28691
radio 12 29205
radio 12 29222
radio 12 29736
radio 12 29851
radio 12 30365
radio 12 30417
radio 12 30931
radio 12 30967
radio 12 31481
radio 12 31509
radio 12 32023
delay 12 35 12 32041 12 32032 5 5 65535 0 232 0 0
radio 12 32049
radio 12 32564
radio 12 32608
radio 12 33121
radio 12 33147
radio 12 33660
radio 12 33677
radio 12 34191
radio 12 34241
radio 12 34755
radio 12 34772
radio 12 35286
radio 12 35303
radio 12 35817
radio 12 35834
radio 12 36348
radio 12 36365
radio 12 36879
radio 12 36911
radio 12 37425
radio 12 37442
radio 12 37956
radio 12 38045
radio 12 38559
radio 12 38576
radio 12 39090
radio 12 39107
radio 12 39621
radio 12 39638
radio 12 40152
radio 12 40227
radio 12 40741
radio 12 40770
radio 12 41284
radio 12 41301
radio 12 41815
radio 12 41832
radio 12 42346
radio 12 42363
radio 12 42877
radio 12 42894
radio 12 43408
radio 12 43425
radio 12 43939
radio 12 43956
radio 12 44470
radio 12 44527
radio 12 45041
radio 12 45074
radio 12 45588
radio 12 45624
radio 12 46138
radio 12 46171
radio 12 46685
radio 12 46733
radio 12 47247
radio 12 47264
radio 12 47778
radio 12 47795
radio 12 48309
radio 12 48326
radio 12 48840
radio 12 48857
radio 12 49371
radio 12 49423
radio 12 49937
radio 12 49965
radio 12 50479
radio 12 50496
radio 12 51010
radio 12 51038
radio 12 51552
radio 12 51569
radio 12 52083
radio 12 52100
radio 12 52614
delay 13 4 12 52955 12 53840 14 5 65535 0 337 0 0
radio 12 52963
radio 12 53477
radio 12 53624
radio 12 54138
radio 12 54155
radio 12 54669
radio 12 54702
radio 12 55216
radio 12 55233
radio 12 55747
radio 12 55764
radio 12 56278
radio 12 56295
energy 12 56506 7 34488
radio 12 56809
radio 12 56839
radio 12 57353
radio 12 57423
radio 12 57937
radio 12 57954
radio 12 58468
radio 12 58485
radio 12 58999
radio 12 59016
radio 12 59530
radio 12 59547
radio 12 60061
radio 12 60092
radio 12 60606
radio 12 60623
radio 12 61137
radio 12 61154
radio 12 61668
radio 12 61685
radio 12 62199
radio 12 62232
radio 12 62746
radio 12 62776
radio 12 63290
radio 12 63319
radio 12 63833
radio 12 63850
radio 12 64364
radio 12 64381
radio 12 64895
radio 12 64965
radio 12 65479
radio 12 65514
radio 13 492
radio 13 524
radio 13 1038
radio 13 1086
radio 13 1600
radio 13 1617
radio 13 2130
radio 13 2161
radio 13 2675
radio 13 2711
radio 13 3225
radio 13 3242
radio 13 3755
radio 13 3772
radio 13 4285
radio 13 4334
radio 13 4848
radio 13 4896
radio 13 5410
radio 13 5439
radio 13 5953
radio 13 5984
radio 13 6498
radio 13 6515
radio 13 7028
delay 14 0 13 7078 13 8402 0 5 5 0 18 1 0
radio 13 7088
radio 13 7601
radio 13 8677
radio 13 9191
radio 13 9220
radio 13 9734
radio 13 9764
radio 13 10278
radio 13 10328
radio 13 10842
radio 13 10859
radio 13 11373
radio 13 11390
radio 13 11904
radio 13 11921
radio 13 12435
radio 13 12452
radio 13 12966
radio 13 13000
radio 13 13514
radio 13 13565
radio 13 14079
radio 13 14153
radio 13 14667
radio 13 14684
radio 13 15198
radio 13 15268
radio 13 15782
radio 13 15812
radio 13 16326
radio 13 16343
radio 13 16857
radio 13 16874
radio 13 17388
radio 13 17405
radio 13 17919
radio 13 17974
radio 13 18488
radio 13 18524
radio 13 19038
radio 13 19055
radio 13 19569
radio 13 19599
radio 13 20113
radio 13 20130
radio 13 20644
radio 13 20661
radio 13 21175
radio 13 21204
radio 13 21718
radio 13 21735
radio 13 22249
radio 13 22282
radio 13 22796
radio 13 22852
radio 13 23366
radio 13 23419
radio 13 23933
radio 13 23985
radio 13 24499
radio 13 24516
radio 13 25030
radio 13 25047
radio 13 25561
radio 13 25594
radio 13 26108
radio 13 26125
radio 13 26639
radio 13 26656
radio 13 27170
radio 13 27222
radio 13 27736
delay 15 48 13 27813 13 27391 7 5 65535 0 75 0 0
radio 13 27821
radio 13 28335
radio 13 28402
radio 13 28916
radio 13 28945
radio 13 29459
radio 13 29476
radio 13 29990
radio 13 30007
radio 13 30521
radio 13 30538
radio 13 31052
radio 13 31069
radio 13 31583
radio 13 31634
radio 13 32148
radio 13 32165
radio 13 32679
radio 13 32708
radio 13 33222
radio 13 33273
radio 13 33787
radio 13 33836
radio 13 34350
radio 13 34459
radio 13 34973
radio 13 35004
radio 13 35518
radio 13 35549
radio 13 36063
radio 13 36136
radio 13 36650
radio 13 36667
radio 13 37181
radio 13 37198
radio 13 37712
radio 13 37729
radio 13 38243
radio 13 38260
radio 13 38774
radio 13 38803
radio 13 39317
radio 13 39386
radio 13 39900
radio 13 39928
radio 13 40442
radio 13 40459
radio 13 40973
radio 13 41001
radio 13 41515
radio 13 41545
radio 13 42059
radio 13 42115
radio 13 42629
radio 13 42664
radio 13 43178
radio 13 43195
radio 13 43709
radio 13 43726
radio 13 44240
radio 13 44334
radio 13 44848
radio 13 44881
radio 13 45395
radio 13 45426
radio 13 45940
radio 13 45996
radio 13 46510
radio 13 46547
radio 13 47061
radio 13 47117
radio 13 47631
radio 13 47659
radio 13 48173
delay 16 0 13 48293 13 49617 0 5 5 0 272 0 0
radio 13 48300
radio 13 48815
radio 13 48896
radio 13 49409
radio 13 49558
radio 13 50071
radio 13 50088
radio 13 50602
radio 13 50632
radio 13 51146
radio 13 51179
radio 13 51693
radio 13 51710
radio 13 52224
radio 13 52241
energy 13 52410 7 38769
radio 13 52755
radio 13 52772
radio 13 53286
radio 13 53320
radio 13 53834
radio 13 53863
radio 13 54377
radio 13 54394
radio 13 54908
radio 13 54925
radio 13 55439
radio 13 55456
radio 13 55970
radio 13 56000
radio 13 56514
radio 13 56587
radio 13 57101
radio 13 57133
radio 13 57647
radio 13 57664
radio 13 58178
radio 13 58195
radio 13 58709
radio 13 58726
radio 13 59240
radio 13 59257
radio 13 59771
radio 13 59788
radio 13 60302
radio 13 60319
radio 13 60833
radio 13 60910
radio 13 61424
radio 13 61441
radio 13 61955
radio 13 62029
radio 13 62543
radio 13 62560
radio 13 63074
radio 13 63091
radio 13 63605
radio 13 63622
radio 13 64136
radio 13 64167
radio 13 64681
radio 13 64698
radio 13 65212
radio 13 65264
radio 14 242
radio 14 274
radio 14 788
radio 14 805
radio 14 1318
radio 14 1335
radio 14 1848
radio 14 1865
radio 14 2378
radio 14 2411
radio 14 2925
delay 17 0 14 2983 14 4308 0 5 5 0 20 1 0
radio 14 4058
radio 14 4572
radio 14 4605
radio 14 5119
radio 14 5136
radio 14 5650
radio 14 5667
radio 14 6180
radio 14 6197
radio 14 6710
radio 14 6778
radio 14 7292
radio 14 7322
radio 14 7836
radio 14 7853
radio 14 8366
radio 14 8383
radio 14 8896
radio 14 8925
radio 14 9439
radio 14 9456
radio 14 9969
radio 14 9986
radio 14 10499
radio 14 10516
radio 14 11030
radio 14 11082
radio 14 11596
radio 14 11628
radio 14 12142
radio 14 12172
radio 14 12686
radio 14 12703
radio 14 13217
radio 14 13253
radio 14 13767
radio 14 13798
radio 14 14312
radio 14 14420
radio 14 14934
radio 14 14951
radio 14 15465
radio 14 15482
radio 14 15996
radio 14 16032
radio 14 16546
radio 14 16563
radio 14 17077
radio 14 17094
radio 14 17608
radio 14 17625
radio 14 18139
radio 14 18167
radio 14 18681
radio 14 18734
radio 14 19248
radio 14 19265
radio 14 19779
radio 14 19796
radio 14 20310
radio 14 20340
radio 14 20854
radio 14 20943
radio 14 21457
radio 14 21487
radio 14 22001
radio 14 22018
radio 14 22532
radio 14 22585
radio 14 23099
radio 14 23131
radio 14 23645
delay 18 0 14 23777 14 25102 0 5 5 0 331 0 0
radio 14 23785
radio 14 24299
radio 14 24315
radio 14 24828
radio 14 24843
radio 14 25356
radio 14 25387
radio 14 25901
radio 14 25918
radio 14 26432
radio 14 26461
radio 14 26975
radio 14 26992
radio 14 27506
radio 14 27523
radio 14 28037
radio 14 28073
radio 14 28587
radio 14 28604
radio 14 29118
radio 14 29153
radio 14 29667
radio 14 29684
radio 14 30198
radio 14 30215
radio 14 30729
radio 14 30746
radio 14 31260
radio 14 31277
radio 14 31791
radio 14 31824
radio 14 32338
radio 14 32390
radio 14 32904
radio 14 32934
radio 14 33448
radio 14 33519
radio 14 34033
radio 14 34062
radio 14 34576
radio 14 34593
radio 14 35107
radio 14 35138
radio 14 35652
radio 14 35686
radio 14 36200
radio 14 36228
radio 14 36742
radio 14 36759
radio 14 37273
radio 14 37325
radio 14 37839
radio 14 37856
radio 14 38370
radio 14 38445
radio 14 38959
radio 14 38976
radio 14 39490
radio 14 39507
radio 14 40021
radio 14 40051
radio 14 40565
radio 14 40582
radio 14 41096
radio 14 41113
radio 14 41627
radio 14 41696
radio 14 42210
radio 14 42242
radio 14 42756
radio 14 42773
radio 14 43287
radio 14 43304
radio 14 43818
radio 14 43835
radio 14 44349
delay 19 35 14 44396 14 44390 5 5 65535 0 267 0 0
radio 14 44404
radio 14 44919
radio 14 45008
radio 14 45521
radio 14 45577
radio 14 46091
radio 14 46108
radio 14 46622
radio 14 46639
radio 14 47153
radio 14 47182
radio 14 47696
radio 14 47747
radio 14 48261
radio 14 48278
energy 14 48314 7 42620
radio 14 48792
radio 14 48809
radio 14 49323
radio 14 49340
radio 14 49854
radio 14 49871
radio 14 50385
radio 14 50402
radio 14 50916
radio 14 50933
radio 14 51447
radio 14 51464
radio 14 51978
radio 14 51995
radio 14 52509
radio 14 52526
radio 14 53040
radio 14 53094
radio 14 53608
radio 14 53636
radio 14 54150
radio 14 54167
radio 14 54681
radio 14 54711
radio 14 55225
radio 14 55313
radio 14 55827
radio 14 55859
radio 14 56373
radio 14 56403
radio 14 56917
radio 14 56934
radio 14 57448
radio 14 57497
radio 14 58011
radio 14 58039
radio 14 58553
radio 14 58570
radio 14 59084
radio 14 59101
radio 14 59615
radio 14 59632
radio 14 60146
radio 14 60163
radio 14 60677
radio 14 60708
radio 14 61222
radio 14 61274
radio 14 61788
radio 14 61805
radio 14 62319
radio 14 62350
radio 14 62864
radio 14 62881
radio 14 63395
radio 14 63412
radio 14 63926
radio 14 63943
radio 14 64457
delay 20 0 14 64514 15 303 0 5 5 0 111 0 0
radio 14 64523
radio 14 65036
radio 14 65463
radio 15 440
radio 15 492
radio 15 1006
radio 15 1023
radio 15 1537
radio 15 1554
radio 15 2067
radio 15 2156
radio 15 2670
radio 15 2687
radio 15 3200
radio 15 3217
radio 15 3730
radio 15 3765
radio 15 4279
radio 15 4296
radio 15 4809
radio 15 4858
radio 15 5372
radio 15 5440
radio 15 5954
radio 15 5971
radio 15 6485
radio 15 6502
radio 15 7015
radio 15 7066
radio 15 7580
radio 15 7614
radio 15 8128
radio 15 8161
radio 15 8675
radio 15 8768
radio 15 9282
radio 15 9299
radio 15 9813
radio 15 9830
radio 15 10343
radio 15 10394
radio 15 10908
radio 15 10941
radio 15 11455
radio 15 11483
radio 15 11997
radio 15 12026
radio 15 12540
radio 15 12575
radio 15 13089
radio 15 13106
radio 15 13620
radio 15 13637
radio 15 14151
radio 15 14224
radio 15 14738
radio 15 14769
radio 15 15283
radio 15 15300
radio 15 15814
radio 15 15831
radio 15 16345
radio 15 16362
radio 15 16876
radio 15 16893
radio 15 17407
radio 15 17460
radio 15 17974
radio 15 17991
radio 15 18505
radio 15 18539
radio 15 19053
radio 15 19082
radio 15 19596
delay 21 46 15 19644 15 19372 12 5 65535 0 208 0 0
radio 15 19652
radio 15 20167
radio 15 20539
radio 15 21052
radio 15 21086
radio 15 21600
radio 15 21617
radio 15 22131
radio 15 22161
radio 15 22675
radio 15 22703
radio 15 23217
radio 15 23234
radio 15 23748
radio 15 23765
radio 15 24279
radio 15 24335
radio 15 24849
radio 15 24921
radio 15 25435
radio 15 25452
radio 15 25966
radio 15 26059
radio 15 26573
radio 15 26602
radio 15 27116
radio 15 27148
radio 15 27662
radio 15 27691
radio 15 28205
radio 15 28276
radio 15 28790
radio 15 28822
radio 15 29336
radio 15 29353
radio 15 29867
radio 15 29939
radio 15 30453
radio 15 30470
radio 15 30984
radio 15 31001
radio 15 31515
radio 15 31532
radio 15 32046
radio 15 32077
radio 15 32591
radio 15 32623
radio 15 33137
radio 15 33228
radio 15 33742
radio 15 33770
radio 15 34284
radio 15 34301
radio 15 34815
radio 15 34850
radio 15 35364
radio 15 35401
radio 15 35915
radio 15 35944
radio 15 36458
radio 15 36494
radio 15 37008
radio 15 37025
radio 15 37539
radio 15 37556
radio 15 38070
radio 15 38102
radio 15 38616
radio 15 38666
radio 15 39180
radio 15 39214
radio 15 39728
radio 15 39745
radio 15 40259
radio 15 40276
radio 15 40790
delay 22 18 15 40840 15 41069 7 5 65535 0 742 0 0
radio 15 40848
radio 15 41363
radio 15 41411
radio 15 41925
radio 15 41958
radio 15 42472
radio 15 42489
radio 15 43003
radio 15 43020
radio 15 43534
radio 15 43587
radio 15 44101
radio 15 44133
energy 15 44218 7 46287
radio 15 44647
radio 15 44675
radio 15 45189
radio 15 45259
radio 15 45773
radio 15 45790
radio 15 46304
radio 15 46334
radio 15 46848
radio 15 46865
radio 15 47379
radio 15 47396
radio 15 47910
radio 15 47963
radio 15 48477
radio 15 48494
radio 15 49008
radio 15 49025
radio 15 49539
radio 15 49570
radio 15 50084
radio 15 50113
radio 15 50627
radio 15 50716
radio 15 51230
radio 15 51263
radio 15 51777
radio 15 51807
radio 15 52321
radio 15 52394
radio 15 52908
radio 15 52939
radio 15 53453
radio 15 53470
radio 15 53984
radio 15 54038
radio 15 54552
radio 15 54580
radio 15 55094
radio 15 55111
radio 15 55625
radio 15 55642
radio 15 56156
radio 15 56188
radio 15 56702
radio 15 56734
radio 15 57248
radio 15 57317
radio 15 57831
radio 15 57861
radio 15 58375
radio 15 58392
radio 15 58906
radio 15 58923
radio 15 59437
radio 15 59454
radio 15 59968
radio 15 60016
radio 15 60530
delay 23 18 15 60552 15 60782 7 5 65535 0 185 0 0
radio 15 60561
radio 15 61075
radio 15 61096
radio 15 61610
radio 15 61680
radio 15 62194
radio 15 62365
radio 15 62879
radio 15 62970
radio 15 63484
radio 15 63580
radio 15 64094
radio 15 64122
radio 15 64636
radio 15 64653
radio 15 65167
radio 15 65215
radio 16 193
radio 16 210
radio 16 723
radio 16 771
radio 16 1285
radio 16 1320
radio 16 1834
radio 16 1867
radio 16 2381
radio 16 2413
radio 16 2927
radio 16 2944
radio 16 3457
radio 16 3474
radio 16 3987
radio 16 4021
radio 16 4535
radio 16 4563
radio 16 5077
radio 16 5107
radio 16 5621
radio 16 5651
radio 16 6165
radio 16 6182
radio 16 6695
radio 16 6750
radio 16 7264
radio 16 7281
radio 16 7794
radio 16 7811
radio 16 8324
radio 16 8341
radio 16 8855
radio 16 8888
radio 16 9402
radio 16 9419
radio 16 9932
radio 16 9966
radio 16 10480
radio 16 10516
radio 16 11030
radio 16 11083
radio 16 11597
radio 16 11649
radio 16 12163
radio 16 12232
radio 16 12746
radio 16 12778
radio 16 13292
radio 16 13321
radio 16 13835
radio 16 13910
radio 16 14424
radio 16 14441
radio 16 14955
radio 16 14972
radio 16 15486
delay 24 35 16 15642 16 15638 5 5 65535 0 296 0 0
radio 16 15650
radio 16 16165
radio 16 16181
radio 16 16695
radio 16 16759
radio 16 17273
radio 16 17290
radio 16 17804
radio 16 17821
radio 16 18335
radio 16 18389
radio 16 18903
radio 16 18931
radio 16 19445
radio 16 19478
radio 16 19992
radio 16 20024
radio 16 20538
radio 16 20555
radio 16 21069
radio 16 21086
radio 16 21600
radio 16 21669
radio 16 22183
radio 16 22200
radio 16 22714
radio 16 22748
radio 16 23262
radio 16 23279
radio 16 23793
radio 16 23847
radio 16 24361
radio 16 24378
radio 16 24892
radio 16 24909
radio 16 25423
radio 16 25440
radio 16 25954
radio 16 25988
radio 16 26502
radio 16 26519
radio 16 27033
radio 16 27109
radio 16 27623
radio 16 27640
radio 16 28154
radio 16 28189
radio 16 28703
radio 16 28734
radio 16 29248
radio 16 29265
radio 16 29779
radio 16 29853
radio 16 30367
radio 16 30397
radio 16 30911
radio 16 30941
radio 16 31455
radio 16 31525
radio 16 32039
radio 16 32056
radio 16 32570
radio 16 32606
radio 16 33120
radio 16 33172
radio 16 33686
radio 16 33703
radio 16 34217
radio 16 34272
radio 16 34786
radio 16 34803
radio 16 35317
radio 16 35346
radio 16 35860
delay 25 48 16 35988 16 35569 7 5 65535 0 87 0 0
radio 16 35996
radio 16 36510
radio 16 36583
radio 16 37097
radio 16 37115
radio 16 37628
radio 16 37645
radio 16 38159
radio 16 38210
radio 16 38724
radio 16 38741
radio 16 39255
radio 16 39284
radio 16 39798
radio 16 39815
energy 16 40122 7 49783
radio 16 40329
radio 16 40346
radio 16 40860
radio 16 40877
radio 16 41391
radio 16 41408
radio 16 41922
radio 16 41939
radio 16 42453
radio 16 42470
radio 16 42984
radio 16 43019
radio 16 43533
radio 16 43582
radio 16 44096
radio 16 44128
radio 16 44642
radio 16 44676
radio 16 45190
radio 16 45207
radio 16 45721
radio 16 45754
radio 16 46268
radio 16 46296
radio 16 46810
radio 16 46841
radio 16 47355
radio 16 47372
radio 16 47886
radio 16 47915
radio 16 48429
radio 16 48446
radio 16 48960
radio 16 48977
radio 16 49491
radio 16 49508
radio 16 50022
radio 16 50056
radio 16 50570
radio 16 50587
radio 16 51101
radio 16 51118
radio 16 51632
radio 16 51662
radio 16 52176
radio 16 52205
radio 16 52719
radio 16 52736
radio 16 53250
radio 16 53279
radio 16 53793
radio 16 53846
radio 16 54360
radio 16 54377
radio 16 54891
radio 16 54920
radio 16 55434
radio 16 55463
radio 16 55977
radio 16 55994
radio 16 56508
delay 26 44 16 56523 16 56193 12 5 65535 0 101 0 0
radio 16 56531
radio 16 57045
radio 16 57165
radio 16 57678
radio 16 57738
radio 16 58251
radio 16 58299
radio 16 58813
radio 16 58902
radio 16 59416
radio 16 59445
radio 16 59959
radio 16 59994
radio 16 60508
radio 16 60525
radio 16 61039
radio 16 61087
radio 16 61601
radio 16 61630
radio 16 62144
radio 16 62161
radio 16 62675
radio 16 62704
radio 16 63218
radio 16 63235
radio 16 63749
radio 16 63822
radio 16 64336
radio 16 64365
radio 16 64879
radio 16 64912
radio 16 65426
radio 16 65443
radio 17 421
radio 17 452
radio 17 966
radio 17 1017
radio 17 1531
radio 17 1561
radio 17 2075
radio 17 2092
radio 17 2605
radio 17 2635
radio 17 3149
radio 17 3201
radio 17 3715
radio 17 3732
radio 17 4245
radio 17 4273
radio 17 4787
radio 17 4820
radio 17 5334
radio 17 5362
radio 17 5876
radio 17 5893
radio 17 6406
radio 17 6474
radio 17 6988
radio 17 7017
radio 17 7531
radio 17 7548
radio 17 8061
radio 17 8112
radio 17 8626
radio 17 8655
radio 17 9169
radio 17 9198
radio 17 9712
radio 17 9768
radio 17 10282
radio 17 10330
radio 17 10844
radio 17 10861
radio 17 11375
delay 27 15 17 11394 17 11766 14 5 65535 0 113 0 0
radio 17 11402
radio 17 11916
radio 17 12172
radio 17 12686
radio 17 12703
radio 17 13217
radio 17 13249
radio 17 13763
radio 17 13791
radio 17 14305
radio 17 14338
radio 17 14852
radio 17 14880
radio 17 15394
radio 17 15427
radio 17 15941
radio 17 15958
radio 17 16472
radio 17 16489
radio 17 17003
radio 17 17020
radio 17 17534
radio 17 17584
radio 17 18098
radio 17 18115
radio 17 18629
radio 17 18646
radio 17 19160
radio 17 19177
radio 17 19691
radio 17 19724
radio 17 20238
radio 17 20311
radio 17 20825
radio 17 20842
radio 17 21356
radio 17 21392
radio 17 21906
radio 17 21982
radio 17 22496
radio 17 22513
radio 17 23027
radio 17 23059
radio 17 23573
radio 17 23590
radio 17 24104
radio 17 24160
radio 17 24674
radio 17 24710
radio 17 25224
radio 17 25241
radio 17 25755
radio 17 25786
radio 17 26300
radio 17 26317
radio 17 26831
radio 17 26885
radio 17 27399
radio 17 27416
radio 17 27930
radio 17 27947
radio 17 28461
radio 17 28478
radio 17 28992
radio 17 29021
radio 17 29535
radio 17 29567
radio 17 30081
radio 17 30098
radio 17 30612
radio 17 30629
radio 17 31143
radio 17 31179
radio 17 31693
delay 28 0 17 31718 17 33045 0 5 5 0 84 0 0
radio 17 31727
radio 17 32240
radio 17 32370
radio 17 32883
radio 17 32932
radio 17 33446
radio 17 33463
radio 17 33977
radio 17 34047
radio 17 34561
radio 17 34578
radio 17 35092
radio 17 35109
radio 17 35623
radio 17 35654
energy 17 36026 7 52917
radio 17 36168
radio 17 36185
radio 17 36699
radio 17 36768
radio 17 37282
radio 17 37299
radio 17 37813
radio 17 37830
radio 17 38344
radio 17 38374
radio 17 38888
radio 17 38941
radio 17 39455
radio 17 39503
radio 17 40017
radio 17 40034
radio 17 40548
radio 17 40565
radio 17 41079
radio 17 41107
radio 17 41621
radio 17 41696
radio 17 42210
radio 17 42227
radio 17 42741
radio 17 42758
radio 17 43272
radio 17 43289
radio 17 43803
radio 17 43834
radio 17 44348
radio 17 44365
radio 17 44879
radio 17 44952
radio 17 45466
radio 17 45483
radio 17 45997
radio 17 46028
radio 17 46542
radio 17 46573
radio 17 47087
radio 17 47121
radio 17 47635
radio 17 47664
radio 17 48178
radio 17 48211
radio 17 48725
radio 17 48742
radio 17 49256
radio 17 49290
radio 17 49804
radio 17 49877
radio 17 50391
radio 17 50408
radio 17 50922
radio 17 50939
radio 17 51453
radio 17 51470
radio 17 51984
radio 17 52012
radio 17 52526
delay 29 15 17 52655 17 53027 14 5 65535 0 360 0 0
radio 17 52663
radio 17 53178
radio 17 53295
radio 17 53808
radio 17 53825
radio 17 54339
radio 17 54370
radio 17 54884
radio 17 54960
radio 17 55474
radio 17 55530
radio 17 56044
radio 17 56080
radio 17 56594
radio 17 56624
radio 17 57138
radio 17 57188
radio 17 57702
radio 17 57719
radio 17 58233
radio 17 58263
radio 17 58777
radio 17 58813
radio 17 59327
radio 17 59344
radio 17 59858
radio 17 59887
radio 17 60401
radio 17 60418
