Thread[Thread-1,5,main]tree 47 15 35 14 0 0
radio 7 19621
radio 7 19625
radio 7 19653
radio 7 20167
radio 7 20199
radio 7 20713
radio 7 20730
radio 7 21244
radio 7 21261
radio 7 21775
radio 7 21809
radio 7 22323
radio 7 22340
radio 7 22854
radio 7 22887
radio 7 23401
radio 7 23418
radio 7 23932
radio 7 23949
radio 7 24463
radio 7 24498
radio 7 25012
radio 7 25029
radio 7 25543
radio 7 25560
radio 7 26074
radio 7 26105
radio 7 26619
radio 7 26636
radio 7 27150
radio 7 27183
radio 7 27697
radio 7 27714
radio 7 28228
radio 7 28245
radio 7 28759
radio 7 28811
radio 7 29325
radio 7 29354
radio 7 29868
radio 7 29902
radio 7 30416
radio 7 30433
radio 7 30947
radio 7 30977
radio 7 31491
radio 7 31543
radio 7 32057
radio 7 32088
radio 7 32602
radio 7 32619
radio 7 33133
radio 7 33163
radio 7 33677
radio 7 33694
radio 7 34208
radio 7 34276
radio 7 34790
radio 7 34865
radio 7 35379
radio 7 35427
radio 7 35941
radio 7 35972
radio 7 36486
radio 7 36503
radio 7 37017
radio 7 37046
radio 7 37560
radio 7 37593
radio 7 38107
radio 7 38137
radio 7 38651
radio 7 38668
radio 7 39182
radio 7 39199
radio 7 39713
radio 7 39766
radio 7 40280
radio 7 40314
radio 7 40828
radio 7 40856
radio 7 41370
radio 7 41402
radio 7 41916
radio 7 41933
radio 7 42447
radio 7 42464
radio 7 42978
radio 7 42995
radio 7 43509
radio 7 43541
radio 7 44055
radio 7 44072
radio 7 44586
radio 7 44621
radio 7 45135
radio 7 45166
radio 7 45680
radio 7 45735
radio 7 46249
radio 7 46322
radio 7 46836
radio 7 46872
radio 7 47386
radio 7 47416
radio 7 47930
radio 7 47947
radio 7 48461
radio 7 48494
radio 7 49008
radio 7 49036
radio 7 49550
radio 7 49580
radio 7 50094
radio 7 50111
radio 7 50625
radio 7 50642
radio 7 51156
radio 7 51173
radio 7 51687
radio 7 51704
radio 7 52218
radio 7 52235
radio 7 52749
radio 7 52823
radio 7 53337
radio 7 53365
radio 7 53879
radio 7 53911
radio 7 54425
radio 7 54499
radio 7 55013
radio 7 55042
radio 7 55556
radio 7 55573
radio 7 56087
radio 7 56104
radio 7 56618
radio 7 56652
radio 7 57166
radio 7 57195
radio 7 57709
radio 7 57738
radio 7 58252
radio 7 58269
radio 7 58783
radio 7 58800
radio 7 59314
radio 7 59331
radio 7 59845
radio 7 59876
radio 7 60390
radio 7 60407
radio 7 60921
radio 7 60938
radio 7 61452
radio 7 61469
radio 7 61983
radio 7 62014
radio 7 62528
radio 7 62561
radio 7 63075
radio 7 63092
radio 7 63606
radio 7 63623
radio 7 64137
radio 7 64171
radio 7 64685
radio 7 64702
radio 7 65216
radio 7 65245
radio 8 223
radio 8 240
radio 8 753
radio 8 781
radio 8 1294
radio 8 1343
radio 8 1857
radio 8 1886
radio 8 2400
radio 8 2417
radio 8 2930
radio 8 2958
radio 8 3472
radio 8 3540
radio 8 4054
radio 8 4071
radio 8 4584
radio 8 4601
radio 8 5114
radio 8 5146
radio 8 5660
radio 8 5677
radio 8 6190
radio 8 6207
radio 8 6720
radio 8 6750
radio 8 7264
radio 8 7281
radio 8 7794
radio 8 7826
radio 8 8340
radio 8 8371
radio 8 8885
radio 8 8936
radio 8 9450
radio 8 9483
radio 8 9997
radio 8 10028
radio 8 10542
radio 8 10559
radio 8 11073
radio 8 11090
radio 8 11604
radio 8 11635
radio 8 12149
radio 8 12185
radio 8 12699
radio 8 12716
radio 8 13230
radio 8 13263
radio 8 13777
radio 8 13811
radio 8 14325
radio 8 14357
radio 8 14871
radio 8 14888
radio 8 15402
radio 8 15434
energy 8 15537 7 22204
radio 8 15948
radio 8 15965
radio 8 16479
radio 8 16513
radio 8 17027
radio 8 17075
radio 8 17589
radio 8 17617
radio 8 18131
radio 8 18148
radio 8 18662
radio 8 18697
radio 8 19211
radio 8 19243
radio 8 19757
radio 8 19774
radio 8 20288
radio 8 20305
radio 8 20819
radio 8 20848
radio 8 21362
radio 8 21392
radio 8 21906
radio 8 21937
radio 8 22451
radio 8 22468
radio 8 22982
radio 8 23014
radio 8 23528
radio 8 23556
radio 8 24070
radio 8 24087
radio 8 24601
radio 8 24636
radio 8 25150
radio 8 25167
radio 8 25681
radio 8 25711
radio 8 26225
radio 8 26242
radio 8 26756
radio 8 26773
radio 8 27287
radio 8 27304
radio 8 27818
radio 8 27868
radio 8 28382
radio 8 28399
radio 8 28913
radio 8 28930
radio 8 29444
radio 8 29512
radio 8 30026
radio 8 30075
radio 8 30589
radio 8 30606
radio 8 31120
radio 8 31148
radio 8 31662
radio 8 31714
radio 8 32228
radio 8 32258
radio 8 32772
radio 8 32789
radio 8 33303
radio 8 33339
radio 8 33853
radio 8 33870
radio 8 34384
radio 8 34418
radio 8 34932
radio 8 34949
radio 8 35463
radio 8 35480
radio 8 35994
radio 8 36011
radio 8 36525
radio 8 36613
radio 8 37127
radio 8 37155
radio 8 37669
radio 8 37699
radio 8 38213
radio 8 38230
radio 8 38744
radio 8 38775
radio 8 39289
radio 8 39306
radio 8 39820
radio 8 39837
radio 8 40351
radio 8 40380
radio 8 40894
radio 8 40911
radio 8 41425
radio 8 41442
radio 8 41956
radio 8 41989
radio 8 42503
radio 8 42534
radio 8 43048
radio 8 43065
radio 8 43579
radio 8 43596
radio 8 44110
radio 8 44142
radio 8 44656
radio 8 44690
radio 8 45204
radio 8 45233
radio 8 45747
radio 8 45764
radio 8 46278
radio 8 46328
radio 8 46842
radio 8 46859
radio 8 47373
radio 8 47390
radio 8 47904
radio 8 47921
radio 8 48435
delay 0 35 8 48481 8 48556 5 10 5 0 87 0 0
radio 8 48488
radio 8 49003
radio 8 49074
radio 8 49588
radio 8 49618
radio 8 50132
radio 8 50149
radio 8 50663
radio 8 50680
radio 8 51194
radio 8 51211
radio 8 51725
radio 8 51761
radio 8 52275
radio 8 52292
radio 8 52806
radio 8 52823
radio 8 53337
radio 8 53354
radio 8 53868
radio 8 53885
radio 8 54399
radio 8 54433
radio 8 54947
radio 8 54977
radio 8 55491
radio 8 55508
radio 8 56022
radio 8 56075
radio 8 56589
radio 8 56606
radio 8 57120
radio 8 57137
radio 8 57651
radio 8 57668
radio 8 58182
radio 8 58199
radio 8 58713
radio 8 58730
radio 8 59244
radio 8 59261
radio 8 59775
radio 8 59792
radio 8 60306
radio 8 60336
radio 8 60850
radio 8 60902
radio 8 61416
radio 8 61433
radio 8 61947
radio 8 61982
radio 8 62496
radio 8 62513
radio 8 63027
radio 8 63062
radio 8 63576
radio 8 63610
radio 8 64124
radio 8 64156
radio 8 64670
radio 8 64705
radio 8 65219
radio 8 65236
radio 9 214
radio 9 231
radio 9 744
radio 9 761
radio 9 1274
radio 9 1291
radio 9 1804
radio 9 1833
radio 9 2347
radio 9 2375
radio 9 2889
radio 9 2925
radio 9 3439
delay 1 48 9 3622 9 3285 7 10 3 0 149 0 0
radio 9 3629
radio 9 4143
radio 9 4212
radio 9 4725
radio 9 4742
radio 9 5255
radio 9 5272
radio 9 5785
radio 9 5817
radio 9 6331
radio 9 6359
radio 9 6873
radio 9 6890
radio 9 7403
radio 9 7420
radio 9 7933
radio 9 7950
radio 9 8464
radio 9 8481
radio 9 8994
radio 9 9029
radio 9 9543
radio 9 9560
radio 9 10073
radio 9 10145
radio 9 10659
radio 9 10676
radio 9 11190
radio 9 11219
energy 9 11441 7 24760
radio 9 11733
radio 9 11750
radio 9 12264
radio 9 12293
radio 9 12807
radio 9 12840
radio 9 13354
radio 9 13404
radio 9 13918
radio 9 13950
radio 9 14464
radio 9 14481
radio 9 14995
radio 9 15012
radio 9 15526
radio 9 15543
radio 9 16057
radio 9 16074
radio 9 16588
radio 9 16605
radio 9 17119
radio 9 17167
radio 9 17681
radio 9 17698
radio 9 18212
radio 9 18229
radio 9 18743
radio 9 18760
radio 9 19274
radio 9 19291
radio 9 19805
radio 9 19834
radio 9 20348
radio 9 20365
radio 9 20879
radio 9 20896
radio 9 21410
radio 9 21458
radio 9 21972
radio 9 22005
radio 9 22519
radio 9 22536
radio 9 23050
radio 9 23086
radio 9 23600
delay 2 35 9 23733 9 23809 5 10 5 0 330 0 0
radio 9 23741
radio 9 24255
radio 9 24331
radio 9 24845
radio 9 24862
radio 9 25376
radio 9 25393
radio 9 25907
radio 9 25983
radio 9 26497
radio 9 26514
radio 9 27028
radio 9 27045
radio 9 27559
radio 9 27610
radio 9 28124
radio 9 28157
radio 9 28671
radio 9 28703
radio 9 29217
radio 9 29251
radio 9 29765
radio 9 29782
radio 9 30295
radio 9 30312
radio 9 30826
radio 9 30843
radio 9 31357
radio 9 31374
radio 9 31888
radio 9 31957
radio 9 32471
radio 9 32501
radio 9 33015
radio 9 33032
radio 9 33546
radio 9 33563
radio 9 34077
radio 9 34112
radio 9 34626
radio 9 34643
radio 9 35157
radio 9 35205
radio 9 35719
radio 9 35775
radio 9 36289
radio 9 36306
radio 9 36820
radio 9 36854
radio 9 37368
radio 9 37396
radio 9 37910
radio 9 37927
radio 9 38441
radio 9 38472
radio 9 38986
radio 9 39022
radio 9 39536
radio 9 39610
radio 9 40124
radio 9 40141
radio 9 40654
radio 9 40688
radio 9 41202
radio 9 41230
radio 9 41744
radio 9 41761
radio 9 42275
radio 9 42310
radio 9 42824
radio 9 42858
radio 9 43372
radio 9 43389
radio 9 43903
delay 3 28 9 43985 9 43868 9 10 1 0 33 0 0
radio 9 43992
radio 9 44507
radio 9 44577
radio 9 45091
radio 9 45139
radio 9 45653
radio 9 45681
radio 9 46195
radio 9 46212
radio 9 46726
radio 9 46743
radio 9 47257
radio 9 47274
radio 9 47788
radio 9 47805
radio 9 48318
radio 9 48335
radio 9 48849
radio 9 48883
radio 9 49397
radio 9 49414
radio 9 49928
radio 9 49945
radio 9 50459
radio 9 50476
radio 9 50990
radio 9 51039
radio 9 51553
radio 9 51570
radio 9 52084
radio 9 52101
radio 9 52615
radio 9 52645
radio 9 53159
radio 9 53230
radio 9 53744
radio 9 53772
radio 9 54286
radio 9 54303
radio 9 54817
radio 9 54845
radio 9 55359
radio 9 55389
radio 9 55903
radio 9 55920
radio 9 56434
radio 9 56451
radio 9 56965
radio 9 57017
radio 9 57531
radio 9 57548
radio 9 58062
radio 9 58097
radio 9 58611
radio 9 58628
radio 9 59142
radio 9 59159
radio 9 59673
radio 9 59690
radio 9 60203
radio 9 60258
radio 9 60772
radio 9 60789
radio 9 61303
radio 9 61339
radio 9 61853
radio 9 61870
radio 9 62384
radio 9 62416
radio 9 62930
radio 9 62999
radio 9 63513
radio 9 63530
radio 9 64044
radio 9 64061
radio 9 64575
delay 4 35 9 64630 9 64707 5 10 5 0 139 0 0
radio 9 64639
radio 9 65153
radio 9 65237
radio 10 214
radio 10 231
radio 10 744
radio 10 761
radio 10 1274
radio 10 1307
radio 10 1821
radio 10 1855
radio 10 2369
radio 10 2386
radio 10 2900
radio 10 2929
radio 10 3443
radio 10 3460
radio 10 3974
radio 10 3991
radio 10 4505
radio 10 4538
radio 10 5052
radio 10 5083
radio 10 5597
radio 10 5625
radio 10 6139
radio 10 6156
radio 10 6670
radio 10 6746
radio 10 7260
radio 10 7277
energy 10 7345 7 27582
radio 10 7790
radio 10 7843
radio 10 8357
radio 10 8374
radio 10 8887
radio 10 8920
radio 10 9434
radio 10 9451
radio 10 9965
radio 10 9982
radio 10 10496
radio 10 10531
radio 10 11045
radio 10 11094
radio 10 11608
radio 10 11639
radio 10 12153
radio 10 12202
radio 10 12716
radio 10 12770
radio 10 13284
radio 10 13313
radio 10 13827
radio 10 13844
radio 10 14358
radio 10 14375
radio 10 14889
radio 10 14918
radio 10 15432
radio 10 15449
radio 10 15963
radio 10 15980
radio 10 16494
radio 10 16530
radio 10 17044
radio 10 17061
radio 10 17575
radio 10 17592
radio 10 18106
radio 10 18134
radio 10 18648
radio 10 18665
radio 10 19179
radio 10 19207
radio 10 19721
delay 5 35 10 19855 10 19932 5 10 5 0 276 0 0
radio 10 19864
radio 10 20377
radio 10 20505
radio 10 21019
radio 10 21036
radio 10 21550
radio 10 21685
radio 10 22199
radio 10 22235
radio 10 22749
radio 10 22766
radio 10 23280
radio 10 23310
radio 10 23824
radio 10 23841
radio 10 24355
radio 10 24372
radio 10 24886
radio 10 24918
radio 10 25432
radio 10 25463
radio 10 25977
radio 10 26012
radio 10 26526
radio 10 26555
radio 10 27069
radio 10 27099
radio 10 27613
radio 10 27644
radio 10 28158
radio 10 28194
radio 10 28708
radio 10 28725
radio 10 29239
radio 10 29271
radio 10 29785
radio 10 29835
radio 10 30349
radio 10 30366
radio 10 30880
radio 10 30897
radio 10 31411
radio 10 31428
radio 10 31942
radio 10 31959
radio 10 32473
radio 10 32490
radio 10 33004
radio 10 33021
radio 10 33535
radio 10 33568
radio 10 34082
radio 10 34115
radio 10 34629
radio 10 34646
radio 10 35160
radio 10 35177
radio 10 35691
radio 10 35723
radio 10 36237
radio 10 36269
radio 10 36783
radio 10 36800
radio 10 37314
radio 10 37331
radio 10 37845
radio 10 37862
radio 10 38376
radio 10 38410
radio 10 38924
radio 10 38976
radio 10 39490
radio 10 39507
radio 10 40021
delay 6 23 10 40041 10 40514 6 10 4 0 69 0 0
radio 10 40049
radio 10 40563
radio 10 40578
radio 10 41091
radio 10 41110
radio 10 41624
radio 10 41653
radio 10 42167
radio 10 42202
radio 10 42716
radio 10 42744
radio 10 43258
radio 10 43275
radio 10 43789
radio 10 43806
radio 10 44320
radio 10 44355
radio 10 44869
radio 10 44904
radio 10 45418
radio 10 45435
radio 10 45949
radio 10 45979
radio 10 46493
radio 10 46528
radio 10 47042
radio 10 47073
radio 10 47587
radio 10 47616
radio 10 48130
radio 10 48147
radio 10 48661
radio 10 48678
radio 10 49192
radio 10 49209
radio 10 49723
radio 10 49759
radio 10 50273
radio 10 50290
radio 10 50804
radio 10 50821
radio 10 51335
radio 10 51370
radio 10 51884
radio 10 51913
radio 10 52427
radio 10 52444
radio 10 52958
radio 10 52975
radio 10 53489
radio 10 53506
radio 10 54020
radio 10 54050
radio 10 54564
radio 10 54593
radio 10 55107
radio 10 55124
radio 10 55638
radio 10 55655
radio 10 56169
radio 10 56199
radio 10 56713
radio 10 56730
radio 10 57244
radio 10 57261
radio 10 57775
radio 10 57806
radio 10 58320
radio 10 58353
radio 10 58867
radio 10 58897
radio 10 59411
radio 10 59442
radio 10 59956
radio 10 59987
radio 10 60501
delay 7 14 10 60517 10 60998 5 10 5 0 281 0 0
radio 10 60525
radio 10 61040
radio 10 61253
radio 10 61767
radio 10 61819
radio 10 62333
radio 10 62350
radio 10 62864
radio 10 62893
radio 10 63407
radio 10 63443
radio 10 63957
radio 10 63974
radio 10 64488
radio 10 64505
radio 10 65019
radio 10 65069
radio 11 47
radio 11 64
radio 11 577
radio 11 612
radio 11 1126
radio 11 1143
radio 11 1657
radio 11 1674
radio 11 2187
radio 11 2204
radio 11 2717
radio 11 2734
radio 11 3248
energy 11 3249 7 30334
radio 11 3271
radio 11 3784
radio 11 3859
radio 11 4373
radio 11 4404
radio 11 4918
radio 11 4935
radio 11 5449
radio 11 5480
radio 11 5994
radio 11 6024
radio 11 6538
radio 11 6588
radio 11 7102
radio 11 7119
radio 11 7633
radio 11 7666
radio 11 8180
radio 11 8208
radio 11 8722
radio 11 8739
radio 11 9253
radio 11 9282
radio 11 9796
radio 11 9813
radio 11 10327
radio 11 10355
radio 11 10869
radio 11 10902
radio 11 11416
radio 11 11433
radio 11 11947
radio 11 11964
radio 11 12478
radio 11 12510
radio 11 13024
radio 11 13056
radio 11 13570
radio 11 13587
radio 11 14101
radio 11 14118
radio 11 14632
radio 11 14649
radio 11 15163
radio 11 15180
radio 11 15694
delay 8 35 11 16166 11 16244 5 10 5 0 947 0 0
radio 11 16174
radio 11 16688
radio 11 16760
radio 11 17274
radio 11 17326
radio 11 17840
radio 11 17893
radio 11 18407
radio 11 18438
radio 11 18952
radio 11 18985
radio 11 19499
radio 11 19532
radio 11 20046
radio 11 20082
radio 11 20596
radio 11 20648
radio 11 21162
radio 11 21179
radio 11 21693
radio 11 21722
radio 11 22236
radio 11 22253
radio 11 22767
radio 11 22836
radio 11 23350
radio 11 23381
radio 11 23895
radio 11 23931
radio 11 24445
radio 11 24462
radio 11 24976
radio 11 24993
radio 11 25507
radio 11 25524
radio 11 26038
radio 11 26088
radio 11 26602
radio 11 26619
radio 11 27133
radio 11 27150
radio 11 27664
radio 11 27681
radio 11 28195
radio 11 28228
radio 11 28742
radio 11 28759
radio 11 29273
radio 11 29303
radio 11 29817
radio 11 29867
radio 11 30381
radio 11 30398
radio 11 30912
radio 11 30942
radio 11 31456
radio 11 31489
radio 11 32003
radio 11 32020
radio 11 32534
radio 11 32551
radio 11 33065
radio 11 33117
radio 11 33631
radio 11 33648
radio 11 34162
radio 11 34194
radio 11 34708
radio 11 34725
radio 11 35239
radio 11 35269
radio 11 35783
delay 9 28 11 35803 11 35689 9 10 1 0 129 0 0
radio 11 35811
radio 11 36326
radio 11 36369
radio 11 36883
radio 11 36925
radio 11 37438
radio 11 37468
radio 11 37982
radio 11 37999
radio 11 38513
radio 11 38564
radio 11 39078
radio 11 39095
radio 11 39609
radio 11 39626
radio 11 40140
radio 11 40175
radio 11 40689
radio 11 40718
radio 11 41232
radio 11 41267
radio 11 41781
radio 11 41811
radio 11 42325
radio 11 42355
radio 11 42869
radio 11 42897
radio 11 43411
radio 11 43447
radio 11 43961
radio 11 43990
radio 11 44504
radio 11 44539
radio 11 45053
radio 11 45084
radio 11 45598
radio 11 45628
radio 11 46142
radio 11 46159
radio 11 46673
radio 11 46745
radio 11 47259
radio 11 47291
radio 11 47805
radio 11 47837
radio 11 48351
radio 11 48380
radio 11 48894
radio 11 48911
radio 11 49425
radio 11 49475
radio 11 49989
radio 11 50021
radio 11 50535
radio 11 50564
radio 11 51078
radio 11 51095
radio 11 51609
radio 11 51626
radio 11 52140
radio 11 52157
radio 11 52671
radio 11 52706
radio 11 53220
radio 11 53257
radio 11 53771
radio 11 53806
radio 11 54320
radio 11 54337
radio 11 54851
radio 11 54885
radio 11 55399
radio 11 55449
radio 11 55963
radio 11 55980
radio 11 56494
delay 10 23 11 56509 11 56983 6 10 4 0 291 0 0
radio 11 56517
radio 11 57032
radio 11 57328
radio 11 57842
radio 11 57859
radio 11 58373
radio 11 58390
radio 11 58904
radio 11 58921
radio 11 59435
radio 11 59452
radio 11 59966
radio 11 59983
radio 11 60497
radio 11 60514
radio 11 61028
radio 11 61063
radio 11 61577
radio 11 61594
radio 11 62108
radio 11 62163
radio 11 62677
radio 11 62712
radio 11 63226
radio 11 63255
radio 11 63769
radio 11 63786
radio 11 64300
radio 11 64317
energy 11 64689 7 33668
radio 11 64831
radio 11 64848
radio 11 65362
radio 11 65410
radio 12 388
radio 12 424
radio 12 938
radio 12 955
radio 12 1468
radio 12 1485
radio 12 1998
radio 12 2015
radio 12 2529
radio 12 2565
radio 12 3079
radio 12 3128
radio 12 3642
radio 12 3673
radio 12 4187
radio 12 4222
radio 12 4736
radio 12 4753
radio 12 5267
radio 12 5299
radio 12 5813
radio 12 5830
radio 12 6343
radio 12 6379
radio 12 6893
radio 12 6926
radio 12 7440
radio 12 7457
radio 12 7970
radio 12 7999
radio 12 8513
radio 12 8530
radio 12 9044
radio 12 9061
radio 12 9574
radio 12 9630
radio 12 10144
radio 12 10161
radio 12 10675
radio 12 10692
radio 12 11206
radio 12 11236
radio 12 11750
delay 11 47 12 11840 12 11518 11 10 65535 0 601 0 0
radio 12 11849
radio 12 12363
radio 12 12437
radio 12 12951
radio 12 12979
radio 12 13493
radio 12 13522
radio 12 14036
radio 12 14104
radio 12 14618
radio 12 14650
radio 12 15164
radio 12 15181
radio 12 15695
radio 12 15712
radio 12 16226
radio 12 16259
radio 12 16773
radio 12 16804
radio 12 17318
radio 12 17335
radio 12 17849
radio 12 17877
radio 12 18391
radio 12 18419
radio 12 18933
radio 12 18950
radio 12 19464
radio 12 19481
radio 12 19995
radio 12 20013
radio 12 20526
radio 12 20543
radio 12 21057
radio 12 21074
radio 12 21588
radio 12 21620
radio 12 22134
radio 12 22151
radio 12 22665
radio 12 22696
radio 12 23210
radio 12 23261
radio 12 23775
radio 12 23807
radio 12 24321
radio 12 24338
radio 12 24852
radio 12 24885
radio 12 25399
radio 12 25431
radio 12 25945
radio 12 25975
radio 12 26489
radio 12 26506
radio 12 27020
radio 12 27055
radio 12 27569
radio 12 27586
radio 12 28100
radio 12 28131
radio 12 28645
radio 12 28662
radio 12 29176
radio 12 29231
radio 12 29745
radio 12 29779
radio 12 30293
radio 12 30310
radio 12 30824
radio 12 30854
radio 12 31368
radio 12 31440
radio 12 31954
delay 12 17 12 32053 12 32792 12 10 65535 0 300 0 0
radio 12 32062
radio 12 32576
radio 12 32746
radio 12 33260
radio 12 33289
radio 12 33803
radio 12 33832
radio 12 34346
radio 12 34379
radio 12 34893
radio 12 34924
radio 12 35438
radio 12 35455
radio 12 35969
radio 12 36001
radio 12 36515
radio 12 36548
radio 12 37062
radio 12 37092
radio 12 37606
radio 12 37623
radio 12 38137
radio 12 38154
radio 12 38668
radio 12 38685
radio 12 39199
radio 12 39231
radio 12 39745
radio 12 39799
radio 12 40313
radio 12 40330
radio 12 40844
radio 12 40875
radio 12 41389
radio 12 41441
radio 12 41955
radio 12 41990
radio 12 42504
radio 12 42555
radio 12 43069
radio 12 43086
radio 12 43600
radio 12 43630
radio 12 44144
radio 12 44179
radio 12 44693
radio 12 44710
radio 12 45224
radio 12 45278
radio 12 45792
radio 12 45822
radio 12 46336
radio 12 46353
radio 12 46867
radio 12 46884
radio 12 47398
radio 12 47434
radio 12 47948
radio 12 47977
radio 12 48491
radio 12 48521
radio 12 49035
radio 12 49064
radio 12 49578
radio 12 49608
radio 12 50122
radio 12 50139
radio 12 50653
radio 12 50670
radio 12 51184
radio 12 51253
radio 12 51767
radio 12 51816
radio 12 52330
delay 13 23 12 52646 12 53120 6 10 4 0 435 0 0
radio 12 52654
radio 12 53168
radio 12 53185
radio 12 53699
radio 12 53716
radio 12 54230
radio 12 54260
radio 12 54774
radio 12 54823
radio 12 55337
radio 12 55354
radio 12 55868
radio 12 55916
radio 12 56430
radio 12 56459
radio 12 56973
radio 12 57025
radio 12 57539
radio 12 57572
radio 12 58086
radio 12 58103
radio 12 58617
radio 12 58650
radio 12 59164
radio 12 59181
radio 12 59695
radio 12 59732
radio 12 60246
radio 12 60315
energy 12 60593 7 36961
radio 12 60829
radio 12 60846
radio 12 61360
radio 12 61377
radio 12 61891
radio 12 61908
radio 12 62422
radio 12 62458
radio 12 62972
radio 12 63004
radio 12 63518
radio 12 63535
radio 12 64049
radio 12 64097
radio 12 64611
radio 12 64628
radio 12 65142
radio 12 65174
radio 13 152
radio 13 169
radio 13 682
radio 13 712
radio 13 1226
radio 13 1243
radio 13 1757
radio 13 1774
radio 13 2288
radio 13 2305
radio 13 2818
radio 13 2850
radio 13 3364
radio 13 3395
radio 13 3909
radio 13 3938
radio 13 4452
radio 13 4483
radio 13 4997
radio 13 5014
radio 13 5528
radio 13 5545
radio 13 6059
radio 13 6092
radio 13 6606
radio 13 6623
radio 13 7137
delay 14 48 13 7180 13 6847 7 10 3 0 58 1 0
radio 13 8253
radio 13 8766
radio 13 8783
radio 13 9296
radio 13 9350
radio 13 9864
radio 13 9881
radio 13 10395
radio 13 10412
radio 13 10926
radio 13 10959
radio 13 11473
radio 13 11490
radio 13 12004
radio 13 12032
radio 13 12546
radio 13 12563
radio 13 13077
radio 13 13108
radio 13 13622
radio 13 13650
radio 13 14164
radio 13 14195
radio 13 14709
radio 13 14798
radio 13 15312
radio 13 15342
radio 13 15856
radio 13 15884
radio 13 16398
radio 13 16426
radio 13 16940
radio 13 16972
radio 13 17486
radio 13 17538
radio 13 18052
radio 13 18087
radio 13 18601
radio 13 18629
radio 13 19143
radio 13 19160
radio 13 19674
radio 13 19691
radio 13 20205
radio 13 20222
radio 13 20736
radio 13 20753
radio 13 21267
radio 13 21295
radio 13 21809
radio 13 21841
radio 13 22355
radio 13 22390
radio 13 22904
radio 13 22934
radio 13 23448
radio 13 23465
radio 13 23979
radio 13 24007
radio 13 24521
radio 13 24538
radio 13 25052
radio 13 25069
radio 13 25583
radio 13 25600
radio 13 26114
radio 13 26147
radio 13 26661
radio 13 26690
radio 13 27204
radio 13 27253
radio 13 27767
delay 15 48 13 27783 13 27450 7 10 3 0 134 0 0
radio 13 27790
radio 13 28305
radio 13 28354
radio 13 28868
radio 13 28886
radio 13 29400
radio 13 29428
radio 13 29942
radio 13 29976
radio 13 30490
radio 13 30507
radio 13 31021
radio 13 31038
radio 13 31552
radio 13 31587
radio 13 32101
radio 13 32118
radio 13 32632
radio 13 32649
radio 13 33163
radio 13 33216
radio 13 33730
radio 13 33763
radio 13 34277
radio 13 34369
radio 13 34883
radio 13 34915
radio 13 35429
radio 13 35460
radio 13 35974
radio 13 35991
radio 13 36505
radio 13 36522
radio 13 37036
radio 13 37068
radio 13 37582
radio 13 37599
radio 13 38113
radio 13 38144
radio 13 38658
radio 13 38693
radio 13 39207
radio 13 39224
radio 13 39738
radio 13 39827
radio 13 40341
radio 13 40375
radio 13 40889
radio 13 40919
radio 13 41433
radio 13 41450
radio 13 41964
radio 13 41993
radio 13 42507
radio 13 42555
radio 13 43069
radio 13 43086
radio 13 43600
radio 13 43617
radio 13 44131
radio 13 44148
radio 13 44662
radio 13 44696
radio 13 45210
radio 13 45244
radio 13 45758
radio 13 45786
radio 13 46300
radio 13 46331
radio 13 46845
radio 13 46862
radio 13 47376
radio 13 47393
radio 13 47907
radio 13 47924
radio 13 48438
delay 16 23 13 48456 13 48930 6 10 4 0 164 0 0
radio 13 48464
radio 13 48978
radio 13 49027
radio 13 49540
radio 13 49557
radio 13 50070
radio 13 50087
radio 13 50601
radio 13 50635
radio 13 51149
radio 13 51166
radio 13 51680
radio 13 51712
radio 13 52226
radio 13 52255
radio 13 52769
radio 13 52786
radio 13 53300
radio 13 53336
radio 13 53850
radio 13 53867
radio 13 54381
radio 13 54417
radio 13 54931
radio 13 54961
radio 13 55475
radio 13 55504
radio 13 56018
radio 13 56049
energy 13 56497 7 40508
radio 13 56563
radio 13 56594
radio 13 57108
radio 13 57138
radio 13 57652
radio 13 57670
radio 13 58183
radio 13 58216
radio 13 58730
radio 13 58747
radio 13 59261
radio 13 59331
radio 13 59845
radio 13 59879
radio 13 60393
radio 13 60422
radio 13 60936
radio 13 60953
radio 13 61467
radio 13 61498
radio 13 62012
radio 13 62040
radio 13 62554
radio 13 62586
radio 13 63100
radio 13 63117
radio 13 63631
radio 13 63648
radio 13 64162
radio 13 64210
radio 13 64724
radio 13 64753
radio 13 65267
radio 13 65284
radio 14 262
radio 14 279
radio 14 792
radio 14 809
radio 14 1322
radio 14 1339
radio 14 1852
radio 14 1869
radio 14 2382
radio 14 2413
radio 14 2927
delay 17 28 14 2946 14 2835 9 10 1 0 16 1 0
radio 14 4019
radio 14 4533
radio 14 4567
radio 14 5081
radio 14 5114
radio 14 5628
radio 14 5645
radio 14 6159
radio 14 6176
radio 14 6690
radio 14 6799
radio 14 7313
radio 14 7346
radio 14 7860
radio 14 7877
radio 14 8391
radio 14 8422
radio 14 8936
radio 14 8953
radio 14 9467
radio 14 9484
radio 14 9997
radio 14 10070
radio 14 10584
radio 14 10601
radio 14 11115
radio 14 11145
radio 14 11659
radio 14 11676
radio 14 12190
radio 14 12243
radio 14 12757
radio 14 12787
radio 14 13301
radio 14 13332
radio 14 13846
radio 14 13879
radio 14 14393
radio 14 14424
radio 14 14938
radio 14 14990
radio 14 15504
radio 14 15521
radio 14 16035
radio 14 16068
radio 14 16582
radio 14 16599
radio 14 17113
radio 14 17142
radio 14 17656
radio 14 17684
radio 14 18198
radio 14 18229
radio 14 18743
radio 14 18778
radio 14 19292
radio 14 19309
radio 14 19823
radio 14 19840
radio 14 20354
radio 14 20371
radio 14 20885
radio 14 20953
radio 14 21467
radio 14 21484
radio 14 21998
radio 14 22015
radio 14 22529
radio 14 22546
radio 14 23060
radio 14 23077
radio 14 23591
delay 18 6 14 23697 14 24540 5 10 5 0 290 0 0
radio 14 23705
radio 14 24219
radio 14 24569
radio 14 25082
radio 14 25110
radio 14 25624
radio 14 25653
radio 14 26167
radio 14 26184
radio 14 26698
radio 14 26715
radio 14 27229
radio 14 27246
radio 14 27760
radio 14 27777
radio 14 28291
radio 14 28308
radio 14 28822
radio 14 28857
radio 14 29371
radio 14 29388
radio 14 29902
radio 14 29919
radio 14 30433
radio 14 30465
radio 14 30979
radio 14 31011
radio 14 31525
radio 14 31542
radio 14 32056
radio 14 32073
radio 14 32587
radio 14 32604
radio 14 33118
radio 14 33135
radio 14 33649
radio 14 33666
radio 14 34180
radio 14 34197
radio 14 34711
radio 14 34743
radio 14 35257
radio 14 35288
radio 14 35802
radio 14 35819
radio 14 36333
radio 14 36350
radio 14 36864
radio 14 36895
radio 14 37409
radio 14 37426
radio 14 37940
radio 14 37957
radio 14 38471
radio 14 38488
radio 14 39002
radio 14 39019
radio 14 39533
radio 14 39565
radio 14 40079
radio 14 40096
radio 14 40610
radio 14 40662
radio 14 41176
radio 14 41193
radio 14 41707
radio 14 41739
radio 14 42253
radio 14 42270
radio 14 42784
radio 14 42820
radio 14 43334
radio 14 43351
radio 14 43865
radio 14 43937
radio 14 44451
delay 19 7 14 44685 14 46220 13 10 65535 0 401 0 0
radio 14 44693
radio 14 45208
radio 14 45225
radio 14 45739
radio 14 45756
radio 14 46270
radio 14 46300
radio 14 46814
radio 14 46848
radio 14 47362
radio 14 47379
radio 14 47893
radio 14 47910
radio 14 48424
radio 14 48441
radio 14 48955
radio 14 48972
radio 14 49486
radio 14 49516
radio 14 50030
radio 14 50047
radio 14 50561
radio 14 50578
radio 14 51092
radio 14 51124
radio 14 51638
radio 14 51655
radio 14 52169
radio 14 52186
energy 14 52401 7 44461
radio 14 52700
radio 14 52736
radio 14 53250
radio 14 53267
radio 14 53781
radio 14 53798
radio 14 54312
radio 14 54329
radio 14 54843
radio 14 54860
radio 14 55374
radio 14 55391
radio 14 55905
radio 14 55936
radio 14 56450
radio 14 56482
radio 14 56996
radio 14 57013
radio 14 57527
radio 14 57544
radio 14 58058
radio 14 58075
radio 14 58589
radio 14 58617
radio 14 59131
radio 14 59148
radio 14 59662
radio 14 59679
radio 14 60193
radio 14 60210
radio 14 60724
radio 14 60756
radio 14 61270
radio 14 61305
radio 14 61819
radio 14 61836
radio 14 62350
radio 14 62378
radio 14 62892
radio 14 62909
radio 14 63423
radio 14 63440
radio 14 63954
radio 14 63984
radio 14 64498
radio 14 64515
radio 14 65029
delay 20 27 14 65219 14 65177 14 10 65535 0 329 0 0
radio 14 65227
radio 15 206
radio 15 254
radio 15 768
radio 15 836
radio 15 1350
radio 15 1381
radio 15 1895
radio 15 1912
radio 15 2426
radio 15 2494
radio 15 3008
radio 15 3044
radio 15 3558
radio 15 3575
radio 15 4089
radio 15 4106
radio 15 4620
radio 15 4656
radio 15 5170
radio 15 5206
radio 15 5720
radio 15 5788
radio 15 6302
radio 15 6336
radio 15 6850
radio 15 6902
radio 15 7416
radio 15 7433
radio 15 7947
radio 15 7979
radio 15 8493
radio 15 8510
radio 15 9024
radio 15 9056
radio 15 9570
radio 15 9598
radio 15 10112
radio 15 10129
radio 15 10643
radio 15 10680
radio 15 11194
radio 15 11225
radio 15 11739
radio 15 11769
radio 15 12283
radio 15 12315
radio 15 12829
radio 15 12881
radio 15 13395
radio 15 13412
radio 15 13926
radio 15 13943
radio 15 14457
radio 15 14474
radio 15 14988
radio 15 15005
radio 15 15519
radio 15 15536
radio 15 16050
radio 15 16082
radio 15 16596
radio 15 16625
radio 15 17139
radio 15 17156
radio 15 17670
radio 15 17702
radio 15 18216
radio 15 18233
radio 15 18747
radio 15 18764
radio 15 19278
delay 21 14 15 19334 15 19816 5 10 5 0 22 1 0
radio 15 20406
radio 15 20919
radio 15 20936
radio 15 21450
radio 15 21467
radio 15 21981
radio 15 22017
radio 15 22531
radio 15 22566
radio 15 23080
radio 15 23112
radio 15 23626
radio 15 23661
radio 15 24175
radio 15 24207
radio 15 24721
radio 15 24738
radio 15 25252
radio 15 25288
radio 15 25802
radio 15 25834
radio 15 26348
radio 15 26365
radio 15 26879
radio 15 26927
radio 15 27441
radio 15 27476
radio 15 27990
radio 15 28007
radio 15 28521
radio 15 28612
radio 15 29126
radio 15 29143
radio 15 29657
radio 15 29689
radio 15 30203
radio 15 30220
radio 15 30734
radio 15 30763
radio 15 31277
radio 15 31294
radio 15 31808
radio 15 31860
radio 15 32374
radio 15 32403
radio 15 32917
radio 15 32934
radio 15 33448
radio 15 33496
radio 15 34010
radio 15 34062
radio 15 34576
radio 15 34607
radio 15 35121
radio 15 35150
radio 15 35664
radio 15 35681
radio 15 36195
radio 15 36212
radio 15 36726
radio 15 36743
radio 15 37257
radio 15 37293
radio 15 37807
radio 15 37839
radio 15 38353
radio 15 38386
radio 15 38900
radio 15 38931
radio 15 39445
radio 15 39514
radio 15 40028
delay 22 18 15 40071 15 40389 7 10 3 0 62 0 0
radio 15 40079
radio 15 40593
radio 15 40775
radio 15 41288
radio 15 41303
radio 15 41817
radio 15 41846
radio 15 42360
radio 15 42377
radio 15 42891
radio 15 42923
radio 15 43437
radio 15 43454
radio 15 43968
radio 15 44018
radio 15 44532
radio 15 44561
radio 15 45075
radio 15 45105
radio 15 45619
radio 15 45636
radio 15 46150
radio 15 46181
radio 15 46695
radio 15 46730
radio 15 47244
radio 15 47280
radio 15 47794
radio 15 47824
energy 15 48305 7 48430
radio 15 48338
radio 15 48369
radio 15 48883
radio 15 48919
radio 15 49433
radio 15 49450
radio 15 49964
radio 15 49998
radio 15 50512
radio 15 50545
radio 15 51059
radio 15 51076
radio 15 51590
radio 15 51624
radio 15 52138
radio 15 52166
radio 15 52680
radio 15 52708
radio 15 53222
radio 15 53250
radio 15 53764
radio 15 53794
radio 15 54308
radio 15 54325
radio 15 54839
radio 15 54875
radio 15 55389
radio 15 55406
radio 15 55920
radio 15 55976
radio 15 56490
radio 15 56519
radio 15 57033
radio 15 57050
radio 15 57564
radio 15 57581
radio 15 58095
radio 15 58112
radio 15 58626
radio 15 58644
radio 15 59157
radio 15 59174
radio 15 59688
radio 15 59717
radio 15 60231
radio 15 60265
radio 15 60779
delay 23 35 15 60795 15 60880 5 10 5 0 66 0 0
radio 15 60803
radio 15 61318
radio 15 61335
radio 15 61848
radio 15 61898
radio 15 62412
radio 15 62441
radio 15 62955
radio 15 63003
radio 15 63517
radio 15 63534
radio 15 64048
radio 15 64078
radio 15 64592
radio 15 64609
radio 15 65123
radio 15 65158
radio 16 136
radio 16 184
radio 16 698
radio 16 727
radio 16 1241
radio 16 1274
radio 16 1788
radio 16 1805
radio 16 2319
radio 16 2336
radio 16 2850
radio 16 2867
radio 16 3381
radio 16 3398
radio 16 3912
radio 16 3964
radio 16 4478
radio 16 4495
radio 16 5009
radio 16 5026
radio 16 5539
radio 16 5556
radio 16 6070
radio 16 6101
radio 16 6615
radio 16 6644
radio 16 7158
radio 16 7175
radio 16 7688
radio 16 7737
radio 16 8251
radio 16 8268
radio 16 8782
radio 16 8817
radio 16 9331
radio 16 9348
radio 16 9862
radio 16 9895
radio 16 10409
radio 16 10426
radio 16 10940
radio 16 10974
radio 16 11488
radio 16 11505
radio 16 12019
radio 16 12036
radio 16 12550
radio 16 12567
radio 16 13081
radio 16 13116
radio 16 13630
radio 16 13647
radio 16 14161
radio 16 14191
radio 16 14705
radio 16 14738
radio 16 15252
delay 24 35 16 15273 16 15358 5 10 5 0 16 0 0
radio 16 15281
radio 16 15795
radio 16 15856
radio 16 16370
radio 16 16419
radio 16 16932
radio 16 16949
radio 16 17463
radio 16 17497
radio 16 18011
radio 16 18028
radio 16 18542
radio 16 18559
radio 16 19073
radio 16 19090
radio 16 19604
radio 16 19634
radio 16 20148
radio 16 20217
radio 16 20731
radio 16 20759
radio 16 21273
radio 16 21290
radio 16 21804
radio 16 21821
radio 16 22335
radio 16 22352
radio 16 22866
radio 16 22895
radio 16 23409
radio 16 23426
radio 16 23940
radio 16 23989
radio 16 24503
radio 16 24551
radio 16 25065
radio 16 25082
radio 16 25596
radio 16 25632
radio 16 26146
radio 16 26197
radio 16 26711
radio 16 26741
radio 16 27255
radio 16 27284
radio 16 27798
radio 16 27827
radio 16 28341
radio 16 28358
radio 16 28872
radio 16 28925
radio 16 29439
radio 16 29456
radio 16 29970
radio 16 29987
radio 16 30501
radio 16 30532
radio 16 31046
radio 16 31118
radio 16 31632
radio 16 31661
radio 16 32175
radio 16 32192
radio 16 32706
radio 16 32723
radio 16 33237
radio 16 33254
radio 16 33768
radio 16 33797
radio 16 34311
radio 16 34340
radio 16 34854
radio 16 34902
radio 16 35416
radio 16 35433
radio 16 35947
delay 25 48 16 36046 16 35716 7 10 3 0 234 0 0
radio 16 36054
radio 16 36568
radio 16 36585
radio 16 37099
radio 16 37173
radio 16 37686
radio 16 37714
radio 16 38228
radio 16 38245
radio 16 38759
radio 16 38776
radio 16 39290
radio 16 39307
radio 16 39821
radio 16 39851
radio 16 40365
radio 16 40394
radio 16 40908
radio 16 40925
radio 16 41439
radio 16 41456
radio 16 41970
radio 16 41987
radio 16 42501
radio 16 42536
radio 16 43050
radio 16 43081
radio 16 43595
radio 16 43623
radio 16 44137
radio 16 44154
energy 16 44209 7 51009
radio 16 44668
radio 16 44685
radio 16 45199
radio 16 45234
radio 16 45748
radio 16 45765
radio 16 46279
radio 16 46311
radio 16 46825
radio 16 46842
radio 16 47356
radio 16 47385
radio 16 47899
radio 16 47916
radio 16 48430
radio 16 48447
radio 16 48961
radio 16 48978
radio 16 49492
radio 16 49509
radio 16 50023
radio 16 50040
radio 16 50554
radio 16 50629
radio 16 51143
radio 16 51160
radio 16 51674
radio 16 51691
radio 16 52205
radio 16 52236
radio 16 52750
radio 16 52780
radio 16 53294
radio 16 53326
radio 16 53840
radio 16 53868
radio 16 54382
radio 16 54399
radio 16 54913
radio 16 54944
radio 16 55458
radio 16 55475
radio 16 55989
radio 16 56020
radio 16 56534
delay 26 48 16 56715 16 56386 7 10 3 0 514 0 0
radio 16 56723
radio 16 57238
radio 16 57370
radio 16 57884
radio 16 57956
radio 16 58470
radio 16 58523
radio 16 59037
radio 16 59054
radio 16 59568
radio 16 59598
radio 16 60112
radio 16 60142
radio 16 60656
radio 16 60673
radio 16 61187
radio 16 61221
radio 16 61735
radio 16 61786
radio 16 62300
radio 16 62317
radio 16 62831
radio 16 62880
radio 16 63394
radio 16 63424
radio 16 63938
radio 16 63955
radio 16 64469
radio 16 64486
radio 16 65000
radio 16 65029
radio 17 7
radio 17 24
radio 17 537
radio 17 554
radio 17 1067
radio 17 1084
radio 17 1598
radio 17 1629
radio 17 2143
radio 17 2174
radio 17 2688
radio 17 2705
radio 17 3218
radio 17 3235
radio 17 3748
radio 17 3765
radio 17 4278
radio 17 4306
radio 17 4820
radio 17 4837
radio 17 5350
radio 17 5367
radio 17 5880
radio 17 5897
radio 17 6411
radio 17 6445
radio 17 6959
radio 17 7010
radio 17 7524
radio 17 7541
radio 17 8054
radio 17 8083
radio 17 8597
radio 17 8614
radio 17 9127
radio 17 9160
radio 17 9674
radio 17 9691
radio 17 10205
radio 17 10254
radio 17 10768
radio 17 10785
radio 17 11299
delay 27 34 17 11370 17 11577 11 10 65535 0 240 0 0
radio 17 11378
radio 17 11893
radio 17 11912
radio 17 12425
radio 17 12445
radio 17 12958
radio 17 12975
radio 17 13489
radio 17 13506
radio 17 14020
radio 17 14037
radio 17 14551
radio 17 14568
radio 17 15082
radio 17 15099
radio 17 15613
radio 17 15642
radio 17 16156
radio 17 16173
radio 17 16687
radio 17 16704
radio 17 17218
radio 17 17249
radio 17 17763
radio 17 17791
radio 17 18305
radio 17 18339
radio 17 18853
radio 17 18870
radio 17 19384
radio 17 19417
radio 17 19931
radio 17 19948
radio 17 20462
radio 17 20495
radio 17 21009
radio 17 21061
radio 17 21575
radio 17 21610
radio 17 22124
radio 17 22158
radio 17 22672
radio 17 22689
radio 17 23203
radio 17 23220
radio 17 23734
radio 17 23767
radio 17 24281
radio 17 24315
radio 17 24829
radio 17 24859
radio 17 25373
radio 17 25390
radio 17 25904
radio 17 25937
radio 17 26451
radio 17 26468
radio 17 26982
radio 17 27031
radio 17 27545
radio 17 27577
radio 17 28091
radio 17 28122
radio 17 28636
radio 17 28653
radio 17 29167
radio 17 29200
radio 17 29714
radio 17 29784
radio 17 30298
radio 17 30329
radio 17 30843
radio 17 30860
radio 17 31374
radio 17 31405
radio 17 31919
delay 28 48 17 32047 17 31718 7 10 3 0 327 0 0
radio 17 32055
radio 17 32569
radio 17 32584
radio 17 33098
radio 17 33122
radio 17 33635
radio 17 33652
radio 17 34166
radio 17 34183
radio 17 34697
radio 17 34732
radio 17 35246
radio 17 35263
radio 17 35777
radio 17 35794
radio 17 36308
radio 17 36362
radio 17 36876
radio 17 36906
radio 17 37420
radio 17 37451
radio 17 37965
radio 17 38001
radio 17 38515
radio 17 38566
radio 17 39080
radio 17 39114
radio 17 39628
radio 17 39645
energy 17 40113 7 53795
radio 17 40159
radio 17 40176
radio 17 40690
radio 17 40707
radio 17 41221
radio 17 41297
radio 17 41811
radio 17 41828
radio 17 42342
radio 17 42377
radio 17 42891
radio 17 42908
radio 17 43422
radio 17 43452
radio 17 43966
radio 17 43983
radio 17 44497
radio 17 44529
radio 17 45043
radio 17 45060
radio 17 45574
radio 17 45591
radio 17 46105
radio 17 46122
radio 17 46636
radio 17 46653
radio 17 47167
radio 17 47184
radio 17 47698
radio 17 47732
radio 17 48246
radio 17 48319
radio 17 48833
radio 17 48850
radio 17 49364
radio 17 49398
radio 17 49912
radio 17 49929
radio 17 50443
radio 17 50460
radio 17 50974
radio 17 50991
radio 17 51505
radio 17 51559
radio 17 52073
delay 29 12 17 52107 17 52708 5 10 5 0 52 0 0
radio 17 52115
radio 17 52630
radio 17 52706
radio 17 53219
radio 17 53365
radio 17 53878
radio 17 53912
radio 17 54426
radio 17 54476
radio 17 54990
radio 17 55083
radio 17 55597
radio 17 55614
radio 17 56128
radio 17 56181
radio 17 56695
radio 17 56712
radio 17 57226
radio 17 57243
radio 17 57757
radio 17 57774
radio 17 58288
radio 17 58320
radio 17 58834
radio 17 58851
radio 17 59365
radio 17 59382
radio 17 59896
radio 17 59913
radio 17 60427
radio 17 60444
