Thread[Thread-1,5,main]tree 28 14 42 14 0 0
radio 7 35995
radio 7 35999
radio 7 36032
radio 7 36546
radio 7 36563
radio 7 37077
radio 7 37171
radio 7 37685
radio 7 37718
radio 7 38232
radio 7 38262
radio 7 38776
radio 7 38793
radio 7 39307
radio 7 39324
radio 7 39838
radio 7 39870
radio 7 40384
radio 7 40412
radio 7 40926
radio 7 40957
radio 7 41471
radio 7 41488
radio 7 42001
radio 7 42018
radio 7 42532
radio 7 42560
radio 7 43074
radio 7 43150
radio 7 43664
radio 7 43681
radio 7 44195
radio 7 44212
radio 7 44725
radio 7 44742
radio 7 45256
radio 7 45273
radio 7 45787
radio 7 45804
radio 7 46318
radio 7 46335
radio 7 46849
radio 7 46866
radio 7 47380
radio 7 47450
radio 7 47964
radio 7 47981
radio 7 48494
radio 7 48511
radio 7 49025
radio 7 49061
radio 7 49575
radio 7 49592
radio 7 50106
radio 7 50123
radio 7 50637
radio 7 50654
radio 7 51168
radio 7 51185
radio 7 51699
radio 7 51716
radio 7 52230
radio 7 52260
radio 7 52774
radio 7 52791
radio 7 53305
radio 7 53322
radio 7 53836
radio 7 53853
radio 7 54367
radio 7 54384
radio 7 54898
radio 7 54930
radio 7 55444
radio 7 55461
radio 7 55975
radio 7 56026
radio 7 56540
radio 7 56557
radio 7 57071
radio 7 57088
radio 7 57602
radio 7 57619
radio 7 58133
radio 7 58150
radio 7 58664
radio 7 58700
radio 7 59214
radio 7 59266
radio 7 59780
radio 7 59830
radio 7 60344
radio 7 60457
radio 7 60971
radio 7 61000
radio 7 61514
radio 7 61585
radio 7 62099
radio 7 62116
radio 7 62630
radio 7 62647
radio 7 63161
radio 7 63178
radio 7 63692
radio 7 63709
radio 7 64223
radio 7 64240
radio 7 64754
radio 7 64771
radio 7 65284
radio 7 65301
radio 8 279
radio 8 296
radio 8 809
radio 8 841
radio 8 1354
radio 8 1371
radio 8 1884
radio 8 1901
radio 8 2414
radio 8 2443
radio 8 2957
radio 8 2974
radio 8 3487
radio 8 3515
radio 8 4029
radio 8 4063
radio 8 4577
radio 8 4594
radio 8 5107
radio 8 5124
radio 8 5637
radio 8 5668
radio 8 6182
radio 8 6199
radio 8 6712
radio 8 6761
radio 8 7275
radio 8 7292
radio 8 7805
radio 8 7822
radio 8 8335
radio 8 8352
radio 8 8865
radio 8 8898
radio 8 9412
radio 8 9429
radio 8 9942
radio 8 10016
radio 8 10530
radio 8 10547
radio 8 11061
radio 8 11078
radio 8 11592
radio 8 11609
radio 8 12123
radio 8 12140
radio 8 12654
radio 8 12685
radio 8 13199
radio 8 13216
radio 8 13730
radio 8 13747
radio 8 14261
radio 8 14278
radio 8 14792
radio 8 14826
radio 8 15340
radio 8 15357
radio 8 15871
radio 8 15904
radio 8 16418
radio 8 16447
radio 8 16961
radio 8 16978
radio 8 17492
radio 8 17509
radio 8 18022
radio 8 18039
radio 8 18552
radio 8 18569
radio 8 19083
radio 8 19113
radio 8 19627
radio 8 19644
radio 8 20157
radio 8 20174
radio 8 20688
radio 8 20718
radio 8 21232
radio 8 21262
radio 8 21776
radio 8 21808
radio 8 22322
radio 8 22339
radio 8 22852
radio 8 22869
radio 8 23383
radio 8 23400
radio 8 23913
radio 8 23966
radio 8 24480
radio 8 24497
radio 8 25011
radio 8 25028
radio 8 25542
radio 8 25559
radio 8 26073
radio 8 26108
radio 8 26622
radio 8 26639
radio 8 27153
radio 8 27182
radio 8 27696
radio 8 27724
radio 8 28238
radio 8 28255
radio 8 28769
radio 8 28786
radio 8 29300
radio 8 29369
radio 8 29883
radio 8 29900
radio 8 30413
radio 8 30463
radio 8 30977
radio 8 31031
radio 8 31545
radio 8 31562
energy 8 31911 7 38307
radio 8 32075
radio 8 32092
radio 8 32606
radio 8 32623
radio 8 33137
radio 8 33154
radio 8 33668
radio 8 33721
radio 8 34235
radio 8 34252
radio 8 34766
radio 8 34783
radio 8 35296
radio 8 35313
radio 8 35827
radio 8 35859
radio 8 36373
radio 8 36390
radio 8 36904
radio 8 36940
radio 8 37454
radio 8 37471
radio 8 37984
radio 8 38001
radio 8 38515
radio 8 38532
radio 8 39046
radio 8 39063
radio 8 39577
radio 8 39606
radio 8 40120
radio 8 40154
radio 8 40668
radio 8 40685
radio 8 41198
radio 8 41269
radio 8 41783
radio 8 41800
radio 8 42314
radio 8 42331
radio 8 42845
radio 8 42862
radio 8 43376
radio 8 43393
radio 8 43906
radio 8 43923
radio 8 44436
radio 8 44453
radio 8 44966
radio 8 44983
radio 8 45496
radio 8 45513
radio 8 46027
radio 8 46044
radio 8 46558
radio 8 46575
radio 8 47089
radio 8 47123
radio 8 47637
radio 8 47668
radio 8 48182
delay 0 18 8 48227 8 48662 7 14 7 0 200 0 0
radio 8 48235
radio 8 48749
radio 8 48796
radio 8 49310
radio 8 49327
radio 8 49841
radio 8 49858
radio 8 50371
radio 8 50388
radio 8 50902
radio 8 50919
radio 8 51433
radio 8 51450
radio 8 51963
radio 8 51980
radio 8 52493
radio 8 52523
radio 8 53037
radio 8 53054
radio 8 53567
radio 8 53584
radio 8 54098
radio 8 54115
radio 8 54629
radio 8 54662
radio 8 55176
radio 8 55193
radio 8 55707
radio 8 55737
radio 8 56251
radio 8 56268
radio 8 56781
radio 8 56813
radio 8 57327
radio 8 57344
radio 8 57858
radio 8 57889
radio 8 58403
radio 8 58420
radio 8 58934
radio 8 58983
radio 8 59497
radio 8 59514
radio 8 60028
radio 8 60045
radio 8 60559
radio 8 60595
radio 8 61109
radio 8 61126
radio 8 61640
radio 8 61710
radio 8 62224
radio 8 62241
radio 8 62755
radio 8 62772
radio 8 63286
radio 8 63303
radio 8 63816
radio 8 63833
radio 8 64347
radio 8 64364
radio 8 64877
radio 8 64894
radio 8 65408
radio 8 65425
radio 9 402
radio 9 419
radio 9 932
radio 9 949
radio 9 1462
radio 9 1492
radio 9 2006
radio 9 2094
radio 9 2608
radio 9 2677
radio 9 3191
delay 1 42 9 3218 9 2830 5 14 9 0 287 0 0
radio 9 3225
radio 9 3739
radio 9 3754
radio 9 4267
radio 9 4313
radio 9 4826
radio 9 4843
radio 9 5356
radio 9 5390
radio 9 5904
radio 9 5921
radio 9 6434
radio 9 6451
radio 9 6964
radio 9 6981
radio 9 7494
radio 9 7545
radio 9 8059
radio 9 8076
radio 9 8589
radio 9 8606
radio 9 9119
radio 9 9148
radio 9 9662
radio 9 9690
radio 9 10204
radio 9 10221
radio 9 10735
radio 9 10752
radio 9 11265
radio 9 11282
radio 9 11796
radio 9 11829
radio 9 12343
radio 9 12360
radio 9 12874
radio 9 12891
radio 9 13405
radio 9 13481
radio 9 13995
radio 9 14012
radio 9 14526
radio 9 14557
radio 9 15071
radio 9 15088
radio 9 15602
radio 9 15632
radio 9 16146
radio 9 16163
radio 9 16677
radio 9 16694
radio 9 17208
radio 9 17258
radio 9 17772
radio 9 17789
radio 9 18303
radio 9 18320
radio 9 18834
radio 9 18851
radio 9 19365
radio 9 19401
radio 9 19915
radio 9 19932
radio 9 20446
radio 9 20476
radio 9 20990
radio 9 21022
radio 9 21536
radio 9 21553
radio 9 22067
radio 9 22084
radio 9 22597
radio 9 22614
radio 9 23128
radio 9 23145
radio 9 23659
delay 2 18 9 23766 9 24202 7 14 7 0 200 0 0
radio 9 23774
radio 9 24289
radio 9 24374
radio 9 24887
radio 9 24904
radio 9 25418
radio 9 25469
radio 9 25983
radio 9 26000
radio 9 26514
radio 9 26531
radio 9 27045
radio 9 27115
radio 9 27629
radio 9 27646
energy 9 27815 7 40620
radio 9 28160
radio 9 28177
radio 9 28691
radio 9 28723
radio 9 29237
radio 9 29254
radio 9 29768
radio 9 29785
radio 9 30299
radio 9 30332
radio 9 30846
radio 9 30863
radio 9 31377
radio 9 31394
radio 9 31907
radio 9 31924
radio 9 32437
radio 9 32454
radio 9 32968
radio 9 32985
radio 9 33499
radio 9 33516
radio 9 34030
radio 9 34047
radio 9 34561
radio 9 34590
radio 9 35104
radio 9 35137
radio 9 35651
radio 9 35668
radio 9 36181
radio 9 36198
radio 9 36711
radio 9 36760
radio 9 37274
radio 9 37307
radio 9 37821
radio 9 37838
radio 9 38351
radio 9 38368
radio 9 38881
radio 9 38898
radio 9 39412
radio 9 39484
radio 9 39998
radio 9 40015
radio 9 40528
radio 9 40545
radio 9 41059
radio 9 41089
radio 9 41603
radio 9 41632
radio 9 42146
radio 9 42163
radio 9 42676
radio 9 42693
radio 9 43207
radio 9 43224
radio 9 43737
radio 9 43769
radio 9 44283
delay 3 48 9 44378 9 44170 7 14 7 0 181 0 0
radio 9 44385
radio 9 44900
radio 9 44916
radio 9 45429
radio 9 45446
radio 9 45960
radio 9 45977
radio 9 46490
radio 9 46507
radio 9 47021
radio 9 47038
radio 9 47552
radio 9 47569
radio 9 48083
radio 9 48115
radio 9 48629
radio 9 48646
radio 9 49160
radio 9 49177
radio 9 49691
radio 9 49708
radio 9 50222
radio 9 50239
radio 9 50752
radio 9 50769
radio 9 51283
radio 9 51331
radio 9 51845
radio 9 51862
radio 9 52376
radio 9 52407
radio 9 52921
radio 9 52938
radio 9 53451
radio 9 53468
radio 9 53982
radio 9 54036
radio 9 54550
radio 9 54581
radio 9 55095
radio 9 55112
radio 9 55626
radio 9 55643
radio 9 56157
radio 9 56174
radio 9 56687
radio 9 56704
radio 9 57217
radio 9 57234
radio 9 57748
radio 9 57765
radio 9 58279
radio 9 58331
radio 9 58845
radio 9 58878
radio 9 59392
radio 9 59409
radio 9 59923
radio 9 59940
radio 9 60453
radio 9 60470
radio 9 60984
radio 9 61019
radio 9 61533
radio 9 61550
radio 9 62063
radio 9 62080
radio 9 62593
radio 9 62624
radio 9 63138
radio 9 63207
radio 9 63721
radio 9 63738
radio 9 64251
delay 4 19 9 64266 9 65161 7 14 7 0 65535 0 0
radio 9 64273
radio 9 64788
radio 9 64857
radio 9 65371
radio 9 65417
radio 10 395
radio 10 412
radio 10 925
radio 10 978
radio 10 1492
radio 10 1509
radio 10 2023
radio 10 2040
radio 10 2553
radio 10 2570
radio 10 3083
radio 10 3117
radio 10 3631
radio 10 3648
radio 10 4161
radio 10 4178
radio 10 4692
radio 10 4725
radio 10 5239
radio 10 5256
radio 10 5770
radio 10 5787
radio 10 6301
radio 10 6355
radio 10 6869
radio 10 6917
radio 10 7431
radio 10 7505
radio 10 8019
radio 10 8053
radio 10 8567
radio 10 8600
radio 10 9114
radio 10 9131
radio 10 9644
radio 10 9661
radio 10 10174
radio 10 10227
radio 10 10741
radio 10 10758
radio 10 11272
radio 10 11289
radio 10 11803
radio 10 11831
radio 10 12345
radio 10 12373
radio 10 12887
radio 10 12904
radio 10 13418
radio 10 13451
radio 10 13965
radio 10 13999
radio 10 14513
radio 10 14530
radio 10 15044
radio 10 15074
radio 10 15588
radio 10 15605
radio 10 16119
radio 10 16136
radio 10 16650
radio 10 16682
radio 10 17196
radio 10 17213
radio 10 17727
radio 10 17744
radio 10 18258
radio 10 18330
radio 10 18844
radio 10 18861
radio 10 19375
delay 5 48 10 19421 10 19214 7 14 7 0 205 0 0
radio 10 19429
radio 10 19944
radio 10 20183
radio 10 20696
radio 10 20727
radio 10 21241
radio 10 21309
radio 10 21823
radio 10 21873
radio 10 22387
radio 10 22420
radio 10 22934
radio 10 23046
radio 10 23560
radio 10 23595
energy 10 23719 7 43320
radio 10 24109
radio 10 24126
radio 10 24640
radio 10 24657
radio 10 25171
radio 10 25222
radio 10 25736
radio 10 25764
radio 10 26278
radio 10 26311
radio 10 26825
radio 10 26842
radio 10 27356
radio 10 27425
radio 10 27939
radio 10 27956
radio 10 28470
radio 10 28499
radio 10 29013
radio 10 29043
radio 10 29557
radio 10 29574
radio 10 30088
radio 10 30118
radio 10 30632
radio 10 30662
radio 10 31176
radio 10 31193
radio 10 31707
radio 10 31724
radio 10 32238
radio 10 32255
radio 10 32769
radio 10 32786
radio 10 33300
radio 10 33317
radio 10 33831
radio 10 33848
radio 10 34362
radio 10 34379
radio 10 34893
radio 10 34910
radio 10 35424
radio 10 35476
radio 10 35990
radio 10 36021
radio 10 36535
radio 10 36552
radio 10 37066
radio 10 37098
radio 10 37612
radio 10 37629
radio 10 38143
radio 10 38172
radio 10 38686
radio 10 38703
radio 10 39217
radio 10 39249
radio 10 39763
radio 10 39797
radio 10 40311
delay 6 42 10 40331 10 39944 5 14 9 0 331 0 0
radio 10 40339
radio 10 40853
radio 10 40922
radio 10 41436
radio 10 41455
radio 10 41968
radio 10 41985
radio 10 42499
radio 10 42516
radio 10 43030
radio 10 43047
radio 10 43561
radio 10 43578
radio 10 44092
radio 10 44109
radio 10 44623
radio 10 44640
radio 10 45154
radio 10 45171
radio 10 45685
radio 10 45702
radio 10 46216
radio 10 46244
radio 10 46758
radio 10 46775
radio 10 47289
radio 10 47306
radio 10 47820
radio 10 47849
radio 10 48363
radio 10 48380
radio 10 48894
radio 10 48911
radio 10 49425
radio 10 49458
radio 10 49972
radio 10 49989
radio 10 50503
radio 10 50531
radio 10 51045
radio 10 51074
radio 10 51588
radio 10 51619
radio 10 52133
radio 10 52150
radio 10 52664
radio 10 52692
radio 10 53206
radio 10 53235
radio 10 53749
radio 10 53766
radio 10 54280
radio 10 54308
radio 10 54822
radio 10 54839
radio 10 55353
radio 10 55389
radio 10 55903
radio 10 55951
radio 10 56465
radio 10 56496
radio 10 57010
radio 10 57027
radio 10 57541
radio 10 57558
radio 10 58072
radio 10 58126
radio 10 58640
radio 10 58689
radio 10 59203
radio 10 59220
radio 10 59734
radio 10 59751
radio 10 60265
delay 7 14 10 60312 10 60920 5 14 9 0 203 0 0
radio 10 60320
radio 10 60834
radio 10 60910
radio 10 61423
radio 10 61441
radio 10 61955
radio 10 62048
radio 10 62562
radio 10 62591
radio 10 63105
radio 10 63122
radio 10 63636
radio 10 63653
radio 10 64167
radio 10 64184
radio 10 64698
radio 10 64715
radio 10 65229
radio 10 65246
radio 11 224
radio 11 254
radio 11 768
radio 11 804
radio 11 1318
radio 11 1335
radio 11 1848
radio 11 1922
radio 11 2436
radio 11 2453
radio 11 2967
radio 11 2984
radio 11 3497
radio 11 3514
radio 11 4028
radio 11 4058
radio 11 4572
radio 11 4589
radio 11 5102
radio 11 5119
radio 11 5632
radio 11 5649
radio 11 6163
radio 11 6197
radio 11 6711
radio 11 6728
radio 11 7241
radio 11 7258
radio 11 7772
radio 11 7824
radio 11 8338
radio 11 8355
radio 11 8869
radio 11 8886
radio 11 9399
radio 11 9416
radio 11 9930
radio 11 9959
radio 11 10473
radio 11 10490
radio 11 11004
radio 11 11021
radio 11 11535
radio 11 11611
radio 11 12125
radio 11 12155
radio 11 12669
radio 11 12700
radio 11 13214
radio 11 13268
radio 11 13782
radio 11 13813
radio 11 14327
radio 11 14344
radio 11 14858
radio 11 14889
radio 11 15403
delay 8 48 11 15419 11 15212 7 14 7 0 104 0 0
radio 11 15427
radio 11 15942
radio 11 15961
radio 11 16474
radio 11 16515
radio 11 17029
radio 11 17082
radio 11 17596
radio 11 17644
radio 11 18158
radio 11 18190
radio 11 18704
radio 11 18752
radio 11 19266
radio 11 19295
energy 11 19623 7 45791
radio 11 19809
radio 11 19826
radio 11 20340
radio 11 20357
radio 11 20871
radio 11 20888
radio 11 21402
radio 11 21471
radio 11 21985
radio 11 22002
radio 11 22516
radio 11 22533
radio 11 23047
radio 11 23064
radio 11 23578
radio 11 23651
radio 11 24165
radio 11 24197
radio 11 24711
radio 11 24728
radio 11 25242
radio 11 25276
radio 11 25790
radio 11 25820
radio 11 26334
radio 11 26364
radio 11 26878
radio 11 26895
radio 11 27409
radio 11 27426
radio 11 27940
radio 11 27957
radio 11 28471
radio 11 28488
radio 11 29002
radio 11 29019
radio 11 29533
radio 11 29551
radio 11 30064
radio 11 30094
radio 11 30608
radio 11 30625
radio 11 31139
radio 11 31156
radio 11 31670
radio 11 31698
radio 11 32212
radio 11 32229
radio 11 32743
radio 11 32775
radio 11 33289
radio 11 33321
radio 11 33835
radio 11 33852
radio 11 34366
radio 11 34383
radio 11 34897
radio 11 34914
radio 11 35428
radio 11 35445
radio 11 35959
delay 9 42 11 36220 11 35827 5 14 9 0 65535 0 0
radio 11 36228
radio 11 36743
radio 11 36759
radio 11 37272
radio 11 37301
radio 11 37815
radio 11 37832
radio 11 38346
radio 11 38363
radio 11 38877
radio 11 38894
radio 11 39408
radio 11 39425
radio 11 39939
radio 11 39956
radio 11 40470
radio 11 40538
radio 11 41052
radio 11 41086
radio 11 41600
radio 11 41617
radio 11 42131
radio 11 42159
radio 11 42673
radio 11 42703
radio 11 43217
radio 11 43246
radio 11 43760
radio 11 43777
radio 11 44291
radio 11 44325
radio 11 44839
radio 11 44915
radio 11 45429
radio 11 45446
radio 11 45960
radio 11 45990
radio 11 46504
radio 11 46534
radio 11 47048
radio 11 47065
radio 11 47579
radio 11 47596
radio 11 48110
radio 11 48127
radio 11 48641
radio 11 48732
radio 11 49246
radio 11 49282
radio 11 49796
radio 11 49813
radio 11 50327
radio 11 50361
radio 11 50875
radio 11 50892
radio 11 51406
radio 11 51436
radio 11 51950
radio 11 51967
radio 11 52481
radio 11 52531
radio 11 53045
radio 11 53062
radio 11 53576
radio 11 53593
radio 11 54107
radio 11 54124
radio 11 54638
radio 11 54655
radio 11 55169
radio 11 55200
radio 11 55714
radio 11 55762
radio 11 56276
delay 10 42 11 56297 11 55910 5 14 9 0 103 0 0
radio 11 56305
radio 11 56819
radio 11 57048
radio 11 57561
radio 11 57578
radio 11 58092
radio 11 58123
radio 11 58637
radio 11 58654
radio 11 59168
radio 11 59185
radio 11 59699
radio 11 59732
radio 11 60246
radio 11 60278
radio 11 60792
radio 11 60825
radio 11 61339
radio 11 61356
radio 11 61870
radio 11 61887
radio 11 62401
radio 11 62450
radio 11 62964
radio 11 62981
radio 11 63495
radio 11 63529
radio 11 64043
radio 11 64060
radio 11 64574
radio 11 64603
radio 11 65117
radio 11 65134
radio 12 112
radio 12 165
radio 12 679
radio 12 696
radio 12 1209
radio 12 1226
radio 12 1739
radio 12 1756
radio 12 2269
radio 12 2286
radio 12 2800
radio 12 2817
radio 12 3330
radio 12 3347
radio 12 3860
radio 12 3877
radio 12 4391
radio 12 4408
radio 12 4922
radio 12 4939
radio 12 5453
radio 12 5470
radio 12 5984
radio 12 6001
radio 12 6514
radio 12 6567
radio 12 7081
radio 12 7098
radio 12 7611
radio 12 7628
radio 12 8142
radio 12 8178
radio 12 8692
radio 12 8709
radio 12 9223
radio 12 9292
radio 12 9806
radio 12 9823
radio 12 10336
radio 12 10353
radio 12 10867
radio 12 10884
radio 12 11398
delay 11 49 12 11496 12 10879 5 14 9 0 346 0 0
radio 12 11504
radio 12 12018
radio 12 12035
radio 12 12549
radio 12 12566
radio 12 13080
radio 12 13170
radio 12 13684
radio 12 13719
radio 12 14233
radio 12 14250
radio 12 14764
radio 12 14781
radio 12 15295
radio 12 15312
energy 12 15527 7 48576
radio 12 15826
radio 12 15894
radio 12 16408
radio 12 16425
radio 12 16939
radio 12 16969
radio 12 17483
radio 12 17500
radio 12 18014
radio 12 18043
radio 12 18557
radio 12 18574
radio 12 19088
radio 12 19105
radio 12 19619
radio 12 19654
radio 12 20168
radio 12 20201
radio 12 20715
radio 12 20732
radio 12 21246
radio 12 21263
radio 12 21777
radio 12 21794
radio 12 22308
radio 12 22325
radio 12 22839
radio 12 22856
radio 12 23370
radio 12 23387
radio 12 23901
radio 12 23918
radio 12 24432
radio 12 24464
radio 12 24978
radio 12 24995
radio 12 25509
radio 12 25542
radio 12 26056
radio 12 26084
radio 12 26598
radio 12 26615
radio 12 27129
radio 12 27146
radio 12 27660
radio 12 27677
radio 12 28191
radio 12 28221
radio 12 28735
radio 12 28752
radio 12 29266
radio 12 29301
radio 12 29815
radio 12 29832
radio 12 30346
radio 12 30382
radio 12 30896
radio 12 30913
radio 12 31427
radio 12 31444
radio 12 31958
delay 12 49 12 31974 12 31357 5 14 9 0 321 0 0
radio 12 31982
radio 12 32496
radio 12 32511
radio 12 33025
radio 12 33075
radio 12 33589
radio 12 33606
radio 12 34120
radio 12 34151
radio 12 34665
radio 12 34682
radio 12 35196
radio 12 35213
radio 12 35727
radio 12 35744
radio 12 36258
radio 12 36275
radio 12 36789
radio 12 36821
radio 12 37335
radio 12 37352
radio 12 37866
radio 12 37900
radio 12 38414
radio 12 38431
radio 12 38945
radio 12 38962
radio 12 39476
radio 12 39532
radio 12 40046
radio 12 40063
radio 12 40577
radio 12 40594
radio 12 41108
radio 12 41125
radio 12 41639
radio 12 41675
radio 12 42189
radio 12 42206
radio 12 42720
radio 12 42737
radio 12 43251
radio 12 43268
radio 12 43782
radio 12 43799
radio 12 44313
radio 12 44330
radio 12 44844
radio 12 44872
radio 12 45386
radio 12 45437
radio 12 45951
radio 12 45968
radio 12 46482
radio 12 46499
radio 12 47013
radio 12 47045
radio 12 47559
radio 12 47576
radio 12 48090
radio 12 48107
radio 12 48621
radio 12 48638
radio 12 49152
radio 12 49188
radio 12 49702
radio 12 49738
radio 12 50252
radio 12 50269
radio 12 50783
radio 12 50800
radio 12 51314
radio 12 51331
radio 12 51845
radio 12 51862
radio 12 52376
delay 13 28 12 52450 12 52463 9 14 5 0 278 0 0
radio 12 52458
radio 12 52972
radio 12 52993
radio 12 53506
radio 12 53524
radio 12 54038
radio 12 54055
radio 12 54569
radio 12 54586
radio 12 55100
radio 12 55117
radio 12 55631
radio 12 55648
radio 12 56162
radio 12 56179
radio 12 56693
radio 12 56710
radio 12 57224
radio 12 57241
radio 12 57755
radio 12 57788
radio 12 58302
radio 12 58319
radio 12 58833
radio 12 58883
radio 12 59397
radio 12 59414
radio 12 59928
radio 12 59964
radio 12 60478
radio 12 60495
radio 12 61009
radio 12 61026
radio 12 61540
radio 12 61557
radio 12 62071
radio 12 62088
radio 12 62602
radio 12 62619
radio 12 63133
radio 12 63162
radio 12 63676
radio 12 63706
radio 12 64220
radio 12 64237
radio 12 64751
radio 12 64768
radio 12 65282
radio 12 65316
radio 13 294
radio 13 311
radio 13 824
radio 13 841
radio 13 1354
radio 13 1371
radio 13 1884
radio 13 1901
radio 13 2415
radio 13 2432
radio 13 2946
radio 13 2963
radio 13 3476
radio 13 3527
radio 13 4041
radio 13 4058
radio 13 4571
radio 13 4588
radio 13 5101
radio 13 5118
radio 13 5631
radio 13 5648
radio 13 6161
radio 13 6251
radio 13 6765
radio 13 6782
radio 13 7295
delay 14 48 13 7312 13 7105 7 14 7 0 316 0 0
radio 13 7320
radio 13 7834
radio 13 8151
radio 13 8664
radio 13 8777
radio 13 9291
radio 13 9308
radio 13 9821
radio 13 9869
radio 13 10383
radio 13 10400
radio 13 10914
radio 13 10931
energy 13 11431 7 50970
radio 13 11445
radio 13 11476
radio 13 11990
radio 13 12020
radio 13 12534
radio 13 12551
radio 13 13065
radio 13 13096
radio 13 13610
radio 13 13627
radio 13 14141
radio 13 14171
radio 13 14685
radio 13 14741
radio 13 15255
radio 13 15272
radio 13 15786
radio 13 15803
radio 13 16317
radio 13 16334
radio 13 16848
radio 13 16865
radio 13 17379
radio 13 17396
radio 13 17910
radio 13 17946
radio 13 18460
radio 13 18477
radio 13 18991
radio 13 19026
radio 13 19540
radio 13 19557
radio 13 20071
radio 13 20088
radio 13 20602
radio 13 20631
radio 13 21145
radio 13 21173
radio 13 21687
radio 13 21716
radio 13 22230
radio 13 22264
radio 13 22778
radio 13 22808
radio 13 23322
radio 13 23339
radio 13 23853
radio 13 23881
radio 13 24395
radio 13 24412
radio 13 24926
radio 13 24943
radio 13 25457
radio 13 25474
radio 13 25988
radio 13 26005
radio 13 26519
radio 13 26593
radio 13 27107
radio 13 27124
radio 13 27638
delay 15 48 13 27657 13 27450 7 14 7 0 134 0 0
radio 13 27665
radio 13 28179
radio 13 28200
radio 13 28714
radio 13 28731
radio 13 29245
radio 13 29262
radio 13 29776
radio 13 29793
radio 13 30307
radio 13 30324
radio 13 30838
radio 13 30855
radio 13 31369
radio 13 31420
radio 13 31934
radio 13 31951
radio 13 32465
radio 13 32493
radio 13 33007
radio 13 33024
radio 13 33538
radio 13 33567
radio 13 34081
radio 13 34098
radio 13 34612
radio 13 34664
radio 13 35178
radio 13 35210
radio 13 35724
radio 13 35741
radio 13 36255
radio 13 36285
radio 13 36799
radio 13 36834
radio 13 37348
radio 13 37376
radio 13 37890
radio 13 37907
radio 13 38421
radio 13 38454
radio 13 38968
radio 13 38985
radio 13 39499
radio 13 39516
radio 13 40030
radio 13 40063
radio 13 40577
radio 13 40594
radio 13 41108
radio 13 41125
radio 13 41639
radio 13 41656
radio 13 42170
radio 13 42203
radio 13 42717
radio 13 42734
radio 13 43248
radio 13 43279
radio 13 43793
radio 13 43810
radio 13 44324
radio 13 44341
radio 13 44855
radio 13 44872
radio 13 45386
radio 13 45441
radio 13 45955
radio 13 45988
radio 13 46502
radio 13 46519
radio 13 47033
radio 13 47050
radio 13 47564
radio 13 47597
radio 13 48111
delay 16 18 13 48128 13 48568 7 14 7 0 69 0 0
radio 13 48136
radio 13 48650
radio 13 48736
radio 13 49250
radio 13 49267
radio 13 49780
radio 13 49797
radio 13 50311
radio 13 50328
radio 13 50842
radio 13 50859
radio 13 51373
radio 13 51390
radio 13 51904
radio 13 51921
radio 13 52435
radio 13 52463
radio 13 52977
radio 13 52994
radio 13 53508
radio 13 53525
radio 13 54039
radio 13 54056
radio 13 54570
radio 13 54599
radio 13 55113
radio 13 55130
radio 13 55644
radio 13 55674
radio 13 56188
radio 13 56205
radio 13 56719
radio 13 56791
radio 13 57305
radio 13 57322
radio 13 57836
radio 13 57853
radio 13 58367
radio 13 58384
radio 13 58898
radio 13 58915
radio 13 59429
radio 13 59446
radio 13 59960
radio 13 59977
radio 13 60491
radio 13 60508
radio 13 61022
radio 13 61058
radio 13 61572
radio 13 61600
radio 13 62114
radio 13 62149
radio 13 62663
radio 13 62680
radio 13 63194
radio 13 63211
radio 13 63725
radio 13 63755
radio 13 64269
radio 13 64286
radio 13 64800
radio 13 64855
radio 13 65369
radio 13 65386
radio 14 364
radio 14 381
radio 14 894
radio 14 911
radio 14 1424
radio 14 1441
radio 14 1954
radio 14 1971
radio 14 2484
radio 14 2501
radio 14 3015
delay 17 48 14 3099 14 2892 7 14 7 0 181 0 0
radio 14 3107
radio 14 3621
radio 14 3869
radio 14 4383
radio 14 4400
radio 14 4913
radio 14 4930
radio 14 5443
radio 14 5460
radio 14 5973
radio 14 5990
radio 14 6503
radio 14 6520
radio 14 7033
radio 14 7050
energy 14 7335 7 53342
radio 14 7563
radio 14 7612
radio 14 8126
radio 14 8143
radio 14 8656
radio 14 8688
radio 14 9202
radio 14 9219
radio 14 9732
radio 14 9761
radio 14 10275
radio 14 10292
radio 14 10806
radio 14 10837
radio 14 11351
radio 14 11384
radio 14 11898
radio 14 11915
radio 14 12429
radio 14 12446
radio 14 12960
radio 14 12995
radio 14 13509
radio 14 13526
radio 14 14040
radio 14 14057
radio 14 14571
radio 14 14588
radio 14 15102
radio 14 15119
radio 14 15633
radio 14 15689
radio 14 16203
radio 14 16220
radio 14 16734
radio 14 16751
radio 14 17265
radio 14 17282
radio 14 17796
radio 14 17832
radio 14 18346
radio 14 18363
radio 14 18877
radio 14 18894
radio 14 19408
radio 14 19425
radio 14 19939
radio 14 19971
radio 14 20485
radio 14 20518
radio 14 21032
radio 14 21049
radio 14 21563
radio 14 21593
radio 14 22107
radio 14 22124
radio 14 22638
radio 14 22655
radio 14 23169
radio 14 23222
radio 14 23736
delay 18 48 14 23776 14 23569 7 14 7 0 206 0 0
radio 14 23784
radio 14 24298
radio 14 24391
radio 14 24905
radio 14 24965
radio 14 25479
radio 14 25496
radio 14 26010
radio 14 26042
radio 14 26556
radio 14 26585
radio 14 27099
radio 14 27116
radio 14 27630
radio 14 27647
radio 14 28161
radio 14 28192
radio 14 28706
radio 14 28723
radio 14 29237
radio 14 29346
radio 14 29860
radio 14 29877
radio 14 30391
radio 14 30425
radio 14 30939
radio 14 30956
radio 14 31470
radio 14 31525
radio 14 32039
radio 14 32072
radio 14 32586
radio 14 32615
radio 14 33129
radio 14 33199
radio 14 33713
radio 14 33730
radio 14 34244
radio 14 34261
radio 14 34775
radio 14 34792
radio 14 35306
radio 14 35323
radio 14 35837
radio 14 35854
radio 14 36368
radio 14 36385
radio 14 36899
radio 14 36916
radio 14 37430
radio 14 37447
radio 14 37961
radio 14 37995
radio 14 38509
radio 14 38526
radio 14 39040
radio 14 39057
radio 14 39571
radio 14 39605
radio 14 40119
radio 14 40136
radio 14 40650
radio 14 40679
radio 14 41193
radio 14 41228
radio 14 41742
radio 14 41759
radio 14 42273
radio 14 42321
radio 14 42835
radio 14 42867
radio 14 43381
radio 14 43398
radio 14 43912
delay 19 23 14 43929 14 44529 6 14 8 0 87 0 0
radio 14 43937
radio 14 44452
radio 14 44518
radio 14 45031
radio 14 45127
radio 14 45640
radio 14 45669
radio 14 46183
radio 14 46211
radio 14 46725
radio 14 46742
radio 14 47256
radio 14 47286
radio 14 47800
radio 14 47817
radio 14 48331
radio 14 48348
radio 14 48862
radio 14 48879
radio 14 49393
radio 14 49410
radio 14 49924
radio 14 49941
radio 14 50455
radio 14 50489
radio 14 51003
radio 14 51039
radio 14 51553
radio 14 51583
radio 14 52097
radio 14 52114
radio 14 52628
radio 14 52645
radio 14 53159
radio 14 53176
radio 14 53690
radio 14 53726
radio 14 54240
radio 14 54257
radio 14 54771
radio 14 54788
radio 14 55302
radio 14 55331
radio 14 55845
radio 14 55893
radio 14 56407
radio 14 56424
radio 14 56938
radio 14 56955
radio 14 57469
radio 14 57501
radio 14 58015
radio 14 58047
radio 14 58561
radio 14 58578
radio 14 59092
radio 14 59109
radio 14 59623
radio 14 59640
radio 14 60154
radio 14 60183
radio 14 60697
radio 14 60767
radio 14 61281
radio 14 61298
radio 14 61812
radio 14 61829
radio 14 62343
radio 14 62375
radio 14 62889
radio 14 62906
radio 14 63420
radio 14 63437
radio 14 63951
radio 14 63982
radio 14 64496
delay 20 35 14 64517 14 64725 5 14 9 0 112 0 0
radio 14 64525
radio 14 65039
radio 14 65084
radio 15 62
radio 15 194
radio 15 707
radio 15 724
radio 15 1237
radio 15 1254
radio 15 1767
radio 15 1784
radio 15 2297
radio 15 2345
radio 15 2859
radio 15 2876
energy 15 3239 7 55943
radio 15 3390
radio 15 3407
radio 15 3920
radio 15 3937
radio 15 4450
radio 15 4498
radio 15 5012
radio 15 5029
radio 15 5542
radio 15 5597
radio 15 6111
radio 15 6143
radio 15 6657
radio 15 6674
radio 15 7188
radio 15 7205
radio 15 7718
radio 15 7766
radio 15 8280
radio 15 8334
radio 15 8848
radio 15 8865
radio 15 9378
radio 15 9395
radio 15 9908
radio 15 9938
radio 15 10452
radio 15 10469
radio 15 10983
radio 15 11000
radio 15 11514
radio 15 11531
radio 15 12045
radio 15 12077
radio 15 12591
radio 15 12608
radio 15 13122
radio 15 13176
radio 15 13690
radio 15 13707
radio 15 14221
radio 15 14238
radio 15 14752
radio 15 14769
radio 15 15283
radio 15 15300
radio 15 15814
radio 15 15831
radio 15 16345
radio 15 16374
radio 15 16888
radio 15 16918
radio 15 17432
radio 15 17468
radio 15 17982
radio 15 18011
radio 15 18525
radio 15 18542
radio 15 19056
radio 15 19087
radio 15 19601
delay 21 46 15 19619 15 19561 12 14 2 0 397 0 0
radio 15 19627
radio 15 20142
radio 15 20188
radio 15 20702
radio 15 20718
radio 15 21232
radio 15 21261
radio 15 21775
radio 15 21792
radio 15 22306
radio 15 22323
radio 15 22837
radio 15 22866
radio 15 23380
radio 15 23397
radio 15 23911
radio 15 23943
radio 15 24457
radio 15 24487
radio 15 25001
radio 15 25018
radio 15 25532
radio 15 25549
radio 15 26063
radio 15 26096
radio 15 26610
radio 15 26627
radio 15 27141
radio 15 27158
radio 15 27672
radio 15 27689
radio 15 28203
radio 15 28220
radio 15 28734
radio 15 28751
radio 15 29265
radio 15 29282
radio 15 29796
radio 15 29845
radio 15 30359
radio 15 30392
radio 15 30906
radio 15 30923
radio 15 31437
radio 15 31454
radio 15 31968
radio 15 31985
radio 15 32499
radio 15 32569
radio 15 33083
radio 15 33100
radio 15 33614
radio 15 33631
radio 15 34145
radio 15 34181
radio 15 34695
radio 15 34712
radio 15 35226
radio 15 35295
radio 15 35809
radio 15 35826
radio 15 36340
radio 15 36357
radio 15 36871
radio 15 36888
radio 15 37402
radio 15 37434
radio 15 37948
radio 15 37965
radio 15 38479
radio 15 38496
radio 15 39010
radio 15 39038
radio 15 39552
radio 15 39601
radio 15 40115
delay 22 18 15 40133 15 40575 7 14 7 0 248 0 0
radio 15 40140
radio 15 40655
radio 15 40785
radio 15 41299
radio 15 41316
radio 15 41830
radio 15 41847
radio 15 42361
radio 15 42378
radio 15 42892
radio 15 42920
radio 15 43434
radio 15 43451
radio 15 43965
radio 15 43982
radio 15 44496
radio 15 44513
radio 15 45027
radio 15 45044
radio 15 45558
radio 15 45591
radio 15 46105
radio 15 46122
radio 15 46636
radio 15 46653
radio 15 47167
radio 15 47197
radio 15 47711
radio 15 47728
radio 15 48242
radio 15 48259
radio 15 48773
radio 15 48822
radio 15 49336
radio 15 49353
radio 15 49867
radio 15 49900
radio 15 50414
radio 15 50431
radio 15 50945
radio 15 50962
radio 15 51476
radio 15 51493
radio 15 52007
radio 15 52042
radio 15 52556
radio 15 52584
radio 15 53098
radio 15 53126
radio 15 53640
radio 15 53657
radio 15 54171
radio 15 54206
radio 15 54720
radio 15 54751
radio 15 55265
radio 15 55282
radio 15 55796
radio 15 55852
radio 15 56366
radio 15 56395
radio 15 56909
radio 15 56926
radio 15 57440
radio 15 57457
radio 15 57971
radio 15 57988
radio 15 58502
radio 15 58519
radio 15 59033
radio 15 59050
radio 15 59564
radio 15 59581
radio 15 60095
radio 15 60112
radio 15 60626
delay 23 48 15 60677 15 60463 7 14 7 0 65535 0 0
radio 15 60685
radio 15 61199
radio 15 61306
radio 15 61819
radio 15 61868
radio 15 62382
radio 15 62453
radio 15 62967
radio 15 63019
radio 15 63533
radio 15 63550
radio 15 64064
radio 15 64136
radio 15 64650
radio 15 64667
energy 15 64679 7 58454
radio 15 65181
radio 15 65198
radio 16 176
radio 16 193
radio 16 706
radio 16 723
radio 16 1236
radio 16 1253
radio 16 1766
radio 16 1783
radio 16 2296
radio 16 2313
radio 16 2826
radio 16 2843
radio 16 3356
radio 16 3408
radio 16 3922
radio 16 3975
radio 16 4489
radio 16 4520
radio 16 5034
radio 16 5066
radio 16 5580
radio 16 5608
radio 16 6122
radio 16 6139
radio 16 6652
radio 16 6669
radio 16 7182
radio 16 7199
radio 16 7712
radio 16 7747
radio 16 8261
radio 16 8278
radio 16 8791
radio 16 8821
radio 16 9335
radio 16 9385
radio 16 9899
radio 16 9935
radio 16 10449
radio 16 10477
radio 16 10991
radio 16 11023
radio 16 11537
radio 16 11573
radio 16 12087
radio 16 12104
radio 16 12618
radio 16 12635
radio 16 13149
radio 16 13166
radio 16 13680
radio 16 13715
radio 16 14229
radio 16 14259
radio 16 14773
radio 16 14849
radio 16 15363
delay 24 48 16 15407 16 15201 7 14 7 0 274 0 0
radio 16 15415
radio 16 15930
radio 16 15979
radio 16 16492
radio 16 16508
radio 16 17022
radio 16 17057
radio 16 17571
radio 16 17588
radio 16 18102
radio 16 18119
radio 16 18633
radio 16 18663
radio 16 19177
radio 16 19194
radio 16 19708
radio 16 19725
radio 16 20239
radio 16 20294
radio 16 20808
radio 16 20825
radio 16 21339
radio 16 21356
radio 16 21870
radio 16 21906
radio 16 22420
radio 16 22437
radio 16 22951
radio 16 22968
radio 16 23482
radio 16 23499
radio 16 24013
radio 16 24030
radio 16 24544
radio 16 24561
radio 16 25075
radio 16 25131
radio 16 25645
radio 16 25662
radio 16 26176
radio 16 26193
radio 16 26707
radio 16 26724
radio 16 27238
radio 16 27255
radio 16 27769
radio 16 27786
radio 16 28300
radio 16 28317
radio 16 28831
radio 16 28848
radio 16 29362
radio 16 29398
radio 16 29912
radio 16 29945
radio 16 30459
radio 16 30488
radio 16 31002
radio 16 31031
radio 16 31545
radio 16 31562
radio 16 32076
radio 16 32106
radio 16 32620
radio 16 32668
radio 16 33182
radio 16 33199
radio 16 33713
radio 16 33730
radio 16 34244
radio 16 34261
radio 16 34775
radio 16 34810
radio 16 35324
radio 16 35358
radio 16 35872
delay 25 48 16 35942 16 35736 7 14 7 0 254 0 0
radio 16 35950
radio 16 36465
radio 16 36592
radio 16 37106
radio 16 37140
radio 16 37654
radio 16 37710
radio 16 38224
radio 16 38241
radio 16 38755
radio 16 38772
radio 16 39286
radio 16 39303
radio 16 39817
radio 16 39848
radio 16 40362
radio 16 40379
radio 16 40893
radio 16 40963
radio 16 41477
radio 16 41494
radio 16 42008
radio 16 42041
radio 16 42555
radio 16 42572
radio 16 43086
radio 16 43135
radio 16 43649
radio 16 43666
radio 16 44180
radio 16 44210
radio 16 44724
radio 16 44760
radio 16 45274
radio 16 45291
radio 16 45805
radio 16 45822
radio 16 46336
radio 16 46409
radio 16 46923
radio 16 46940
radio 16 47454
radio 16 47471
radio 16 47985
radio 16 48013
radio 16 48527
radio 16 48544
radio 16 49058
radio 16 49094
radio 16 49608
radio 16 49625
radio 16 50139
radio 16 50172
radio 16 50686
radio 16 50716
radio 16 51230
radio 16 51247
radio 16 51761
radio 16 51794
radio 16 52308
radio 16 52325
radio 16 52839
radio 16 52856
radio 16 53370
radio 16 53387
radio 16 53901
radio 16 53934
radio 16 54448
radio 16 54465
radio 16 54979
radio 16 55011
radio 16 55525
radio 16 55557
radio 16 56071
delay 26 42 16 56091 16 55697 5 14 9 0 65535 0 0
radio 16 56099
radio 16 56613
radio 16 56845
radio 16 57359
radio 16 57400
radio 16 57913
radio 16 57941
radio 16 58455
radio 16 58472
radio 16 58986
radio 16 59074
radio 16 59588
radio 16 59699
radio 16 60213
radio 16 60241
energy 16 60583 7 61324
radio 16 60755
radio 16 60772
radio 16 61286
radio 16 61303
radio 16 61817
radio 16 61834
radio 16 62348
radio 16 62365
radio 16 62879
radio 16 62908
radio 16 63422
radio 16 63439
radio 16 63953
radio 16 64004
radio 16 64518
radio 16 64535
radio 16 65049
radio 16 65081
radio 17 59
radio 17 76
radio 17 589
radio 17 606
radio 17 1119
radio 17 1136
radio 17 1649
radio 17 1666
radio 17 2179
radio 17 2196
radio 17 2710
radio 17 2743
radio 17 3257
radio 17 3274
radio 17 3787
radio 17 3804
radio 17 4317
radio 17 4350
radio 17 4864
radio 17 4893
radio 17 5407
radio 17 5436
radio 17 5950
radio 17 5967
radio 17 6480
radio 17 6497
radio 17 7010
radio 17 7043
radio 17 7557
radio 17 7574
radio 17 8087
radio 17 8139
radio 17 8653
radio 17 8670
radio 17 9183
radio 17 9215
radio 17 9729
radio 17 9746
radio 17 10259
radio 17 10276
radio 17 10790
radio 17 10807
radio 17 11321
delay 27 9 17 11397 17 12235 14 14 65535 0 348 0 0
radio 17 11406
radio 17 11920
radio 17 12101
radio 17 12614
radio 17 12643
radio 17 13157
radio 17 13186
radio 17 13700
radio 17 13717
radio 17 14231
radio 17 14248
radio 17 14762
radio 17 14792
radio 17 15306
radio 17 15376
radio 17 15890
radio 17 15920
radio 17 16434
radio 17 16463
radio 17 16977
radio 17 17006
radio 17 17520
radio 17 17575
radio 17 18089
radio 17 18106
radio 17 18620
radio 17 18637
radio 17 19151
radio 17 19181
radio 17 19695
radio 17 19726
radio 17 20240
radio 17 20257
radio 17 20771
radio 17 20788
radio 17 21302
radio 17 21356
radio 17 21870
radio 17 21887
radio 17 22401
radio 17 22418
radio 17 22932
radio 17 22967
radio 17 23481
radio 17 23498
radio 17 24012
radio 17 24029
radio 17 24543
radio 17 24560
radio 17 25074
radio 17 25091
radio 17 25605
radio 17 25636
radio 17 26150
radio 17 26182
radio 17 26696
radio 17 26713
radio 17 27227
radio 17 27259
radio 17 27773
radio 17 27790
radio 17 28304
radio 17 28321
radio 17 28835
radio 17 28888
radio 17 29402
radio 17 29419
radio 17 29933
radio 17 29962
radio 17 30476
radio 17 30493
radio 17 31007
radio 17 31024
radio 17 31538
radio 17 31555
radio 17 32069
delay 28 48 17 32255 17 32049 7 14 7 0 658 0 0
radio 17 32263
radio 17 32778
radio 17 32796
radio 17 33309
radio 17 33326
radio 17 33840
radio 17 33871
radio 17 34385
radio 17 34402
radio 17 34916
radio 17 34933
radio 17 35447
radio 17 35464
radio 17 35978
radio 17 35995
radio 17 36509
radio 17 36562
radio 17 37076
radio 17 37093
radio 17 37607
radio 17 37643
radio 17 38157
radio 17 38174
radio 17 38688
radio 17 38705
radio 17 39219
radio 17 39236
radio 17 39750
radio 17 39767
radio 17 40281
radio 17 40317
radio 17 40831
radio 17 40848
radio 17 41362
radio 17 41379
radio 17 41893
radio 17 41910
radio 17 42424
radio 17 42441
radio 17 42955
radio 17 42972
radio 17 43486
radio 17 43537
radio 17 44051
radio 17 44082
radio 17 44596
radio 17 44613
radio 17 45127
radio 17 45144
radio 17 45658
radio 17 45688
radio 17 46202
radio 17 46219
radio 17 46733
radio 17 46750
radio 17 47264
radio 17 47281
radio 17 47795
radio 17 47812
radio 17 48326
radio 17 48343
radio 17 48857
radio 17 48874
radio 17 49388
radio 17 49458
radio 17 49972
radio 17 49989
radio 17 50503
radio 17 50538
radio 17 51052
radio 17 51081
radio 17 51595
radio 17 51612
radio 17 52126
delay 29 29 17 52293 17 52251 14 14 65535 0 73 0 0
radio 17 52301
radio 17 52816
radio 17 53086
radio 17 53600
radio 17 53625
radio 17 54139
radio 17 54156
radio 17 54670
radio 17 54687
radio 17 55201
radio 17 55218
radio 17 55732
radio 17 55827
radio 17 56341
radio 17 56358
energy 17 56487 7 64216
radio 17 56872
radio 17 56904
radio 17 57418
radio 17 57435
radio 17 57949
radio 17 57966
radio 17 58480
radio 17 58497
radio 17 59011
radio 17 59028
radio 17 59542
radio 17 59559
radio 17 60073
radio 17 60090
radio 17 60604
radio 17 60674
