Thread[Thread-1,5,main]delay 1 0 0 20473 0 20531
delay 2 0 0 30699 0 30758
delay 3 0 0 40934 0 40993
delay 4 0 0 51174 0 51233
delay 5 0 0 61420 0 61478
energy 0 61459 0 353
delay 6 0 1 6118 1 6177
delay 7 0 1 16360 1 16419
delay 8 0 1 26600 1 26659
delay 9 0 1 36840 1 36899
delay 10 0 1 47081 1 47140
delay 11 0 1 57323 1 57382
energy 1 57365 0 353
delay 12 0 2 2021 2 2081
delay 13 0 2 12261 2 12321
delay 14 0 2 22502 2 22561
delay 15 0 2 32741 2 32801
delay 16 0 2 42982 2 43041
delay 17 0 2 53226 2 53286
energy 2 53268 0 353
delay 18 0 2 63461 2 63521
delay 19 0 3 8164 3 8224
delay 20 0 3 18405 3 18465
delay 21 0 3 28644 3 28705
delay 22 0 3 38884 3 38945
delay 23 0 3 49135 3 49195
energy 3 49172 0 353
delay 24 0 3 59365 3 59425
delay 25 0 4 4068 4 4129
delay 26 0 4 14308 4 14369
delay 27 0 4 24548 4 24609
delay 28 0 4 34788 4 34849
delay 29 0 4 45033 4 45094
energy 4 45075 0 353
delay 30 0 4 55268 4 55329
delay 31 0 4 65508 5 33
