Thread[Thread-1,5,main]delay 1 24 0 20934 0 21530
delay 2 3 0 30386 0 31475
delay 3 24 0 40918 0 41514
delay 4 42 0 53543 0 53679
delay 5 15 0 61305 0 62029
energy 0 61459 0 7854
delay 6 10 1 5824 1 6632
delay 7 24 1 16386 1 16980
delay 8 18 1 26140 1 26848
delay 9 10 1 36647 1 37456
delay 10 40 1 46721 1 46794
delay 11 10 1 57032 1 57841
energy 1 57363 0 7854
delay 12 10 2 1964 2 2774
delay 13 10 2 12133 2 12943
delay 14 40 2 22313 2 22387
delay 15 10 2 32467 2 33277
delay 16 40 2 42824 2 42897
delay 17 10 2 53008 2 53819
energy 2 53267 0 7854
delay 18 40 2 63092 2 63166
delay 19 40 3 8033 3 8107
delay 20 10 3 18322 3 19134
delay 21 47 3 28745 3 28744
delay 22 40 3 38625 3 38697
delay 23 40 3 48834 3 48908
energy 3 49172 0 7854
delay 24 10 3 59011 3 59823
delay 25 10 4 3875 4 4688
delay 26 10 4 14357 4 15169
delay 27 10 4 24147 4 24960
delay 28 10 4 34601 4 35414
delay 29 10 4 45030 4 45843
energy 4 45076 0 7854
delay 30 10 4 54924 4 55738
delay 31 10 4 65449 5 727
