Thread[Thread-1,5,main]tree 14 19 24 14 4 1
radio 7 10425
radio 7 10429
radio 7 10458
radio 7 10972
radio 7 11005
radio 7 11519
radio 7 11592
radio 7 12106
radio 7 12123
radio 7 12637
radio 7 12669
radio 7 13183
radio 7 13231
radio 7 13745
radio 7 13817
radio 7 14331
radio 7 14399
radio 7 14913
radio 7 14946
radio 7 15460
radio 7 15608
radio 7 16122
radio 7 16139
radio 7 16653
radio 7 16704
radio 7 17218
radio 7 17248
radio 7 17762
radio 7 17797
radio 7 18311
radio 7 18328
radio 7 18842
radio 7 18872
radio 7 19386
radio 7 19638
radio 7 20152
radio 7 20224
radio 7 20738
radio 7 20769
radio 7 21283
radio 7 21351
radio 7 21865
radio 7 21882
radio 7 22396
radio 7 22413
radio 7 22927
radio 7 22944
radio 7 23458
radio 7 23475
radio 7 23989
radio 7 24019
radio 7 24533
radio 7 24550
radio 7 25064
radio 7 25095
radio 7 25609
radio 7 25641
radio 7 26155
radio 7 26187
radio 7 26701
radio 7 26731
radio 7 27245
radio 7 27294
radio 7 27808
radio 7 27840
radio 7 28354
radio 7 28403
radio 7 28917
radio 7 28973
radio 7 29487
radio 7 29504
radio 7 30018
radio 7 30049
radio 7 30563
radio 7 30595
radio 7 31109
radio 7 31126
radio 7 31640
radio 7 31670
radio 7 32184
radio 7 32252
radio 7 32766
radio 7 32802
radio 7 33316
radio 7 33345
radio 7 33859
radio 7 33876
radio 7 34390
radio 7 34423
radio 7 34937
radio 7 34968
radio 7 35482
radio 7 35533
radio 7 36047
radio 7 36064
radio 7 36578
radio 7 36626
radio 7 37140
radio 7 37157
radio 7 37671
radio 7 37705
radio 7 38219
radio 7 38236
radio 7 38750
radio 7 38767
radio 7 39281
radio 7 39298
radio 7 39812
radio 7 39842
radio 7 40356
radio 7 40392
radio 7 40906
radio 7 40980
radio 7 41494
radio 7 41523
radio 7 42037
radio 7 42126
radio 7 42640
radio 7 42674
radio 7 43188
radio 7 43258
radio 7 43772
radio 7 43803
radio 7 44317
radio 7 44387
radio 7 44901
radio 7 44930
radio 7 45444
radio 7 45495
radio 7 46009
radio 7 46061
radio 7 46575
radio 7 46603
radio 7 47117
radio 7 47147
radio 7 47661
radio 7 47697
radio 7 48211
radio 7 48267
radio 7 48781
radio 7 48811
radio 7 49325
radio 7 49374
radio 7 49888
radio 7 50003
radio 7 50517
radio 7 50545
radio 7 51059
radio 7 51127
radio 7 51641
radio 7 51672
radio 7 52186
radio 7 52222
radio 7 52736
radio 7 52772
radio 7 53286
radio 7 53314
radio 7 53828
radio 7 53856
radio 7 54370
radio 7 54398
radio 7 54912
radio 7 54940
radio 7 55454
radio 7 55523
radio 7 56037
radio 7 56054
radio 7 56568
radio 7 56585
radio 7 57099
radio 7 57116
radio 7 57630
radio 7 57647
radio 7 58161
radio 7 58251
radio 7 58765
radio 7 58796
radio 7 59310
radio 7 59327
radio 7 59841
radio 7 59871
radio 7 60385
radio 7 60495
radio 7 61009
radio 7 61057
radio 7 61571
radio 7 61601
radio 7 62115
radio 7 62166
radio 7 62680
radio 7 62753
radio 7 63267
radio 7 63315
radio 7 63829
radio 7 63863
radio 7 64377
radio 7 64411
radio 7 64925
radio 7 64953
radio 7 65467
radio 8 1
radio 8 514
radio 8 544
radio 8 1057
radio 8 1105
radio 8 1619
radio 8 1650
radio 8 2164
radio 8 2195
radio 8 2709
radio 8 2757
radio 8 3271
radio 8 3304
radio 8 3818
radio 8 3867
radio 8 4381
radio 8 4410
radio 8 4924
radio 8 4955
radio 8 5469
radio 8 5538
radio 8 6052
radio 8 6088
energy 8 6341 7 14418
radio 8 6602
radio 8 6636
radio 8 7150
radio 8 7167
radio 8 7680
radio 8 7711
radio 8 8225
radio 8 8316
radio 8 8830
radio 8 8859
radio 8 9373
radio 8 9422
radio 8 9936
radio 8 9984
radio 8 10498
radio 8 10651
radio 8 11165
radio 8 11219
radio 8 11733
radio 8 11844
radio 8 12358
radio 8 12409
radio 8 12923
radio 8 12958
radio 8 13472
radio 8 13621
radio 8 14135
radio 8 14245
radio 8 14759
radio 8 14789
radio 8 15303
radio 8 15331
radio 8 15845
radio 8 15939
radio 8 16453
radio 8 16785
radio 8 17299
radio 8 17316
radio 8 17830
radio 8 17847
radio 8 18361
radio 8 18395
radio 8 18909
radio 8 18926
radio 8 19440
radio 8 19494
radio 8 20008
radio 8 20124
radio 8 20638
radio 8 20691
radio 8 21205
radio 8 21235
radio 8 21749
radio 8 21844
radio 8 22358
radio 8 22388
radio 8 22902
radio 8 22919
radio 8 23433
radio 8 23464
radio 8 23978
radio 8 24014
radio 8 24528
radio 8 24598
radio 8 25112
radio 8 25129
radio 8 25643
radio 8 25673
radio 8 26187
radio 8 26217
radio 8 26731
radio 8 26765
radio 8 27279
radio 8 27308
radio 8 27822
radio 8 27874
radio 8 28388
radio 8 28405
radio 8 28919
radio 8 28948
radio 8 29462
radio 8 29495
radio 8 30009
radio 8 30040
radio 8 30554
radio 8 30609
radio 8 31123
radio 8 31177
radio 8 31691
delay 0 42 8 31765 8 31245 16 14 65535 0 67 0 1
radio 8 32841
radio 8 33355
radio 8 33561
radio 8 34075
radio 8 34284
radio 8 34798
radio 8 34815
radio 8 35329
radio 8 35346
radio 8 35860
radio 8 35888
radio 8 36402
radio 8 36451
radio 8 36965
radio 8 36994
radio 8 37508
radio 8 37538
radio 8 38052
radio 8 38124
radio 8 38638
radio 8 38655
radio 8 39169
radio 8 39186
radio 8 39700
radio 8 39732
radio 8 40246
radio 8 40295
radio 8 40809
radio 8 40845
radio 8 41359
radio 8 41409
radio 8 41923
radio 8 41973
radio 8 42487
radio 8 42521
radio 8 43035
radio 8 43085
radio 8 43599
radio 8 43616
radio 8 44130
radio 8 44147
radio 8 44661
radio 8 44678
radio 8 45192
radio 8 45227
radio 8 45741
radio 8 45758
radio 8 46272
radio 8 46308
radio 8 46822
radio 8 46839
radio 8 47353
radio 8 47370
radio 8 47884
radio 8 47901
radio 8 48415
radio 8 48448
radio 8 48962
radio 8 48979
radio 8 49493
radio 8 49522
radio 8 50036
radio 8 50064
radio 8 50578
radio 8 50649
radio 8 51163
radio 8 51180
radio 8 51694
radio 8 51727
radio 8 52241
delay 1 24 8 52313 8 51804 7 14 7 0 421 0 1
radio 8 53380
radio 8 53894
radio 8 53928
radio 8 54442
radio 8 54471
radio 8 54985
radio 8 55037
radio 8 55551
radio 8 55580
radio 8 56094
radio 8 56128
radio 8 56642
radio 8 56670
radio 8 57184
radio 8 57236
radio 8 57750
radio 8 57767
radio 8 58281
radio 8 58298
radio 8 58812
radio 8 58882
radio 8 59396
radio 8 59449
radio 8 59963
radio 8 60034
radio 8 60548
radio 8 60637
radio 8 61151
radio 8 61185
radio 8 61699
radio 8 61735
radio 8 62249
radio 8 62286
radio 8 62800
radio 8 62817
radio 8 63331
radio 8 63362
radio 8 63876
radio 8 63904
radio 8 64418
radio 8 64469
radio 8 64983
radio 8 65017
radio 8 65531
radio 9 25
radio 9 538
radio 9 590
radio 9 1103
radio 9 1120
radio 9 1633
radio 9 1664
radio 9 2178
radio 9 2195
energy 9 2245 7 20938
radio 9 2708
radio 9 2756
radio 9 3270
radio 9 3287
radio 9 3800
radio 9 3836
radio 9 4350
radio 9 4383
radio 9 4897
radio 9 4914
radio 9 5427
radio 9 5444
radio 9 5957
radio 9 6005
radio 9 6519
radio 9 6667
radio 9 7181
delay 2 11 9 8095 9 8492 9 14 5 0 819 0 1
radio 9 9168
radio 9 9682
radio 9 9733
radio 9 10247
radio 9 10280
radio 9 10794
radio 9 10862
radio 9 11376
radio 9 11525
radio 9 12039
radio 9 12088
radio 9 12602
radio 9 12673
radio 9 13187
radio 9 13316
radio 9 13830
radio 9 13861
radio 9 14375
radio 9 14425
radio 9 14939
radio 9 14956
radio 9 15470
radio 9 15503
radio 9 16017
radio 9 16045
radio 9 16559
radio 9 16627
radio 9 17141
radio 9 17170
radio 9 17684
radio 9 17701
radio 9 18215
radio 9 18270
radio 9 18784
radio 9 18832
radio 9 19346
radio 9 19374
radio 9 19888
radio 9 19917
radio 9 20431
radio 9 20524
radio 9 21038
radio 9 21071
radio 9 21585
radio 9 21634
radio 9 22148
radio 9 22180
radio 9 22694
radio 9 22742
radio 9 23256
radio 9 23329
radio 9 23843
radio 9 23892
radio 9 24406
radio 9 24439
radio 9 24953
radio 9 24984
radio 9 25498
radio 9 25526
radio 9 26040
radio 9 26092
radio 9 26606
radio 9 26638
radio 9 27152
radio 9 27182
radio 9 27696
delay 3 24 9 27875 9 27366 7 14 7 0 458 0 1
radio 9 28943
radio 9 29457
radio 9 29489
radio 9 30003
radio 9 30051
radio 9 30565
radio 9 30598
radio 9 31112
radio 9 31144
radio 9 31658
radio 9 31690
radio 9 32204
radio 9 32237
radio 9 32751
radio 9 32781
radio 9 33295
radio 9 33345
radio 9 33859
radio 9 33889
radio 9 34403
radio 9 34438
radio 9 34952
radio 9 34980
radio 9 35494
radio 9 35523
radio 9 36037
radio 9 36071
