Thread[Thread-1,5,main]tree 1000 33 18 14 0 0
radio 7 30896
radio 7 30900
radio 7 30929
radio 7 31443
radio 7 31493
radio 7 32007
radio 7 32024
radio 7 32537
radio 7 32554
radio 7 33067
radio 7 33095
radio 7 33609
radio 7 33626
radio 7 34140
radio 7 34172
radio 7 34686
radio 7 34703
radio 7 35217
radio 7 35266
radio 7 35780
radio 7 35797
radio 7 36311
radio 7 36360
radio 7 36874
radio 7 36910
radio 7 37424
radio 7 37454
radio 7 37968
radio 7 37999
radio 7 38513
radio 7 38545
radio 7 39059
radio 7 39076
radio 7 39589
radio 7 39606
radio 7 40119
radio 7 40150
radio 7 40664
radio 7 40714
radio 7 41228
radio 7 41257
radio 7 41771
radio 7 41800
radio 7 42314
radio 7 42343
radio 7 42857
radio 7 42887
radio 7 43401
radio 7 43434
radio 7 43948
radio 7 43984
radio 7 44498
radio 7 44533
radio 7 45047
radio 7 45064
radio 7 45578
radio 7 45610
radio 7 46124
radio 7 46175
radio 7 46689
radio 7 46719
radio 7 47233
radio 7 47262
radio 7 47776
radio 7 47810
radio 7 48324
radio 7 48376
radio 7 48890
radio 7 48907
radio 7 49421
radio 7 49450
radio 7 49964
radio 7 49994
radio 7 50508
radio 7 50543
radio 7 51057
radio 7 51086
radio 7 51600
radio 7 51628
radio 7 52142
radio 7 52173
radio 7 52687
radio 7 52717
radio 7 53231
radio 7 53264
radio 7 53778
radio 7 53809
radio 7 54323
radio 7 54353
radio 7 54867
radio 7 54900
radio 7 55414
radio 7 55445
radio 7 55959
radio 7 55990
radio 7 56504
radio 7 56555
radio 7 57069
radio 7 57086
radio 7 57600
radio 7 57617
radio 7 58130
radio 7 58159
radio 7 58673
radio 7 58708
radio 7 59222
radio 7 59239
radio 7 59753
radio 7 59805
radio 7 60319
radio 7 60336
radio 7 60850
radio 7 60867
radio 7 61380
radio 7 61475
radio 7 61989
radio 7 62006
radio 7 62520
radio 7 62551
radio 7 63065
radio 7 63099
radio 7 63613
radio 7 63642
radio 7 64156
radio 7 64210
radio 7 64724
radio 7 64779
radio 7 65293
radio 7 65323
radio 8 301
radio 8 349
radio 8 862
radio 8 916
radio 8 1429
radio 8 1461
radio 8 1975
radio 8 2044
radio 8 2558
radio 8 2588
radio 8 3102
radio 8 3119
radio 8 3632
radio 8 3661
radio 8 4175
radio 8 4228
radio 8 4742
radio 8 4759
radio 8 5272
radio 8 5324
radio 8 5838
radio 8 5855
radio 8 6368
radio 8 6385
radio 8 6898
radio 8 6950
radio 8 7464
radio 8 7512
radio 8 8026
radio 8 8054
radio 8 8568
radio 8 8585
radio 8 9098
radio 8 9115
radio 8 9628
radio 8 9716
radio 8 10230
radio 8 10261
radio 8 10775
radio 8 10792
radio 8 11306
radio 8 11374
radio 8 11888
radio 8 11922
radio 8 12436
radio 8 12471
radio 8 12985
radio 8 13039
radio 8 13553
radio 8 13605
radio 8 14119
radio 8 14147
radio 8 14661
radio 8 14750
radio 8 15264
radio 8 15297
radio 8 15811
radio 8 15828
radio 8 16342
radio 8 16455
radio 8 16969
radio 8 17018
radio 8 17532
radio 8 17561
radio 8 18075
radio 8 18092
radio 8 18606
radio 8 18623
radio 8 19137
radio 8 19187
radio 8 19701
radio 8 19750
radio 8 20264
radio 8 20297
radio 8 20811
radio 8 20865
radio 8 21379
radio 8 21428
radio 8 21942
radio 8 21977
radio 8 22491
radio 8 22520
radio 8 23034
radio 8 23051
radio 8 23565
radio 8 23582
radio 8 24096
radio 8 24169
radio 8 24683
radio 8 24732
radio 8 25246
radio 8 25263
radio 8 25777
radio 8 25832
radio 8 26346
radio 8 26399
energy 8 26811 7 34200
radio 8 26913
radio 8 26944
radio 8 27458
radio 8 27510
radio 8 28024
radio 8 28041
radio 8 28554
radio 8 28571
radio 8 29085
radio 8 29114
radio 8 29628
radio 8 29678
radio 8 30192
radio 8 30226
radio 8 30740
radio 8 30770
radio 8 31284
radio 8 31334
radio 8 31848
delay 0 18 8 31925 8 32303 16 22 6 0 238 0 0
radio 8 31932
radio 8 32447
radio 8 32464
radio 8 32977
radio 8 33137
radio 8 33651
radio 8 34142
radio 8 34656
radio 8 34685
radio 8 35199
radio 8 35216
radio 8 35729
radio 8 35761
radio 8 36275
radio 8 36309
radio 8 36823
radio 8 36840
radio 8 37354
radio 8 37371
radio 8 37885
radio 8 37914
radio 8 38428
radio 8 38463
radio 8 38977
radio 8 38994
radio 8 39508
radio 8 39525
radio 8 40039
radio 8 40087
radio 8 40601
radio 8 40618
radio 8 41132
radio 8 41166
radio 8 41680
radio 8 41728
radio 8 42242
radio 8 42296
radio 8 42810
radio 8 42846
radio 8 43360
radio 8 43377
radio 8 43891
radio 8 43925
radio 8 44439
radio 8 44495
radio 8 45009
radio 8 45062
radio 8 45576
radio 8 45644
radio 8 46158
radio 8 46175
radio 8 46689
radio 8 46723
radio 8 47237
radio 8 47266
radio 8 47780
radio 8 47797
radio 8 48311
radio 8 48341
radio 8 48855
radio 8 48883
radio 8 49397
radio 8 49426
radio 8 49940
radio 8 49969
radio 8 50483
radio 8 50515
radio 8 51029
radio 8 51046
radio 8 51560
radio 8 51588
radio 8 52102
delay 1 18 8 52335 8 52713 16 22 6 0 135 1 0
radio 8 53398
radio 8 53911
radio 8 53928
radio 8 54442
radio 8 54477
radio 8 54991
radio 8 55020
radio 8 55534
radio 8 55570
radio 8 56084
radio 8 56137
radio 8 56651
radio 8 56668
radio 8 57182
radio 8 57216
radio 8 57730
radio 8 57761
radio 8 58275
radio 8 58292
radio 8 58805
radio 8 58822
radio 8 59336
radio 8 59388
radio 8 59902
radio 8 59930
radio 8 60444
radio 8 60500
radio 8 61014
radio 8 61065
radio 8 61579
radio 8 61610
radio 8 62124
radio 8 62154
radio 8 62668
radio 8 62685
radio 8 63199
radio 8 63216
radio 8 63730
radio 8 63762
radio 8 64276
radio 8 64305
radio 8 64819
radio 8 64875
radio 8 65389
radio 8 65421
radio 9 399
radio 9 450
radio 9 963
radio 9 992
radio 9 1505
radio 9 1522
radio 9 2035
radio 9 2063
radio 9 2577
radio 9 2594
radio 9 3107
radio 9 3142
radio 9 3656
radio 9 3705
radio 9 4219
radio 9 4236
radio 9 4749
radio 9 4785
radio 9 5299
radio 9 5316
radio 9 5829
radio 9 6024
radio 9 6538
radio 9 6567
radio 9 7081
delay 2 18 9 7097 9 7476 16 22 6 0 272 0 0
radio 9 7105
radio 9 7619
radio 9 7644
radio 9 8158
radio 9 8173
radio 9 8686
radio 9 8753
radio 9 9266
radio 9 9295
radio 9 9809
radio 9 9865
radio 9 10379
radio 9 10408
radio 9 10922
radio 9 10974
radio 9 11488
radio 9 11576
radio 9 12090
radio 9 12198
radio 9 12712
radio 9 12762
radio 9 13276
radio 9 13311
radio 9 13825
radio 9 13880
radio 9 14394
radio 9 14423
radio 9 14937
radio 9 14968
radio 9 15482
radio 9 15512
radio 9 16026
radio 9 16080
radio 9 16594
radio 9 16629
radio 9 17143
radio 9 17173
radio 9 17687
radio 9 17757
radio 9 18271
radio 9 18288
radio 9 18802
radio 9 18819
radio 9 19333
radio 9 19350
radio 9 19864
radio 9 19881
radio 9 20395
radio 9 20428
radio 9 20942
radio 9 20959
radio 9 21473
radio 9 21490
radio 9 22003
radio 9 22059
radio 9 22573
radio 9 22608
energy 9 22715 7 39251
radio 9 23122
radio 9 23139
radio 9 23652
radio 9 23669
radio 9 24182
radio 9 24215
radio 9 24729
radio 9 24781
radio 9 25295
radio 9 25329
radio 9 25843
radio 9 25874
radio 9 26388
radio 9 26405
radio 9 26919
radio 9 26953
radio 9 27467
delay 3 34 9 27749 9 27590 14 22 8 0 144 1 0
radio 9 28812
radio 9 29326
radio 9 29358
radio 9 29872
radio 9 29904
radio 9 30418
radio 9 30435
radio 9 30949
radio 9 30978
radio 9 31492
radio 9 31521
radio 9 32035
radio 9 32068
radio 9 32582
radio 9 32599
radio 9 33113
radio 9 33143
radio 9 33657
radio 9 33674
radio 9 34188
radio 9 34221
radio 9 34735
radio 9 34752
radio 9 35266
radio 9 35296
radio 9 35810
radio 9 35827
