Thread[Thread-1,5,main]tree 10 12 0 14 6 1
radio 6 61633
radio 6 61637
radio 6 61654
radio 6 62167
radio 6 62200
radio 6 62714
radio 6 62749
radio 6 63263
radio 6 63299
radio 6 63813
radio 6 63849
radio 6 64363
radio 6 64398
radio 6 64912
radio 6 64968
radio 6 65482
delay 35 19 6 65516 5 54495 24 9 65535 0 65535 0 1
radio 7 1047
radio 7 1561
radio 7 1591
radio 7 2105
radio 7 2135
radio 7 2649
radio 7 2719
radio 7 3233
radio 7 3267
radio 7 3781
radio 7 3817
radio 7 4331
radio 7 4367
radio 7 4881
radio 7 4929
radio 7 5443
radio 7 5475
radio 7 5989
radio 7 6024
radio 7 6538
radio 7 6568
radio 7 7082
radio 7 7111
radio 7 7625
radio 7 7677
radio 7 8191
radio 7 8223
radio 7 8737
delay 1000 18 7 8748 7 57580 16 9 65535 0 49216 0 1
radio 7 9810
radio 7 10323
radio 7 10370
radio 7 10883
radio 7 10900
radio 7 11413
radio 7 11447
radio 7 11961
radio 7 11992
radio 7 12506
radio 7 12576
radio 7 13090
radio 7 13121
radio 7 13635
radio 7 13705
radio 7 14219
radio 7 14236
radio 7 14750
radio 7 14767
radio 7 15281
radio 7 15331
radio 7 15845
radio 7 15976
radio 7 16490
radio 7 16561
radio 7 17075
radio 7 17123
radio 7 17637
radio 7 17685
radio 7 18199
radio 7 18227
radio 7 18741
radio 7 18758
radio 7 19271
radio 7 19288
radio 7 19801
radio 7 19832
radio 7 20346
radio 7 20414
radio 7 20928
radio 7 20945
radio 7 21459
radio 7 21490
radio 7 22004
radio 7 22021
radio 7 22534
radio 7 22566
radio 7 23080
radio 7 23111
radio 7 23625
radio 7 23642
radio 7 24156
radio 7 24187
radio 7 24701
radio 7 24729
radio 7 25243
radio 7 25260
radio 7 25773
radio 7 25807
radio 7 26321
radio 7 26389
radio 7 26903
radio 7 26934
radio 7 27448
radio 7 27465
radio 7 27979
radio 7 28012
radio 7 28526
radio 7 28560
radio 7 29074
radio 7 29122
radio 7 29636
radio 7 29653
radio 7 30167
radio 7 30184
radio 7 30698
radio 7 30715
radio 7 31229
radio 7 31246
radio 7 31760
radio 7 31777
radio 7 32291
radio 7 32325
radio 7 32839
radio 7 32889
radio 7 33403
radio 7 33431
radio 7 33945
radio 7 33974
radio 7 34488
radio 7 34516
radio 7 35030
radio 7 35059
radio 7 35573
radio 7 35643
radio 7 36157
radio 7 36174
radio 7 36687
radio 7 36716
radio 7 37230
radio 7 37260
radio 7 37774
radio 7 37847
radio 7 38361
radio 7 38393
radio 7 38907
radio 7 38937
radio 7 39451
radio 7 39501
radio 7 40015
radio 7 40084
radio 7 40598
radio 7 40626
radio 7 41140
radio 7 41171
radio 7 41685
radio 7 41734
radio 7 42248
radio 7 42279
radio 7 42793
radio 7 42821
radio 7 43335
radio 7 43403
radio 7 43917
radio 7 43950
radio 7 44464
radio 7 44495
radio 7 45009
radio 7 45082
radio 7 45596
radio 7 45627
radio 7 46141
radio 7 46158
radio 7 46672
radio 7 46702
radio 7 47216
radio 7 47305
radio 7 47819
radio 7 47853
radio 7 48367
radio 7 48438
radio 7 48952
radio 7 48985
radio 7 49499
radio 7 49568
radio 7 50082
radio 7 50111
radio 7 50625
radio 7 50713
radio 7 51227
radio 7 51276
radio 7 51790
radio 7 51820
radio 7 52334
radio 7 52369
radio 7 52883
radio 7 52912
radio 7 53426
radio 7 53498
radio 7 54012
radio 7 54041
radio 7 54555
radio 7 54625
radio 7 55139
radio 7 55170
radio 7 55684
radio 7 55712
radio 7 56226
radio 7 56294
radio 7 56808
radio 7 56825
radio 7 57339
radio 7 57371
energy 7 57549 7 1705
radio 7 57885
radio 7 57920
radio 7 58434
radio 7 58524
radio 7 59038
radio 7 59068
radio 7 59582
radio 7 59658
radio 7 60172
radio 7 60202
radio 7 60716
radio 7 60745
radio 7 61259
radio 7 61312
radio 7 61826
radio 7 61856
radio 7 62370
radio 7 62420
radio 7 62934
radio 7 62988
radio 7 63502
radio 7 63535
radio 7 64049
radio 7 64085
radio 7 64599
radio 7 64635
radio 7 65149
radio 7 65177
radio 8 155
radio 8 203
radio 8 716
radio 8 750
radio 8 1263
radio 8 1292
radio 8 1806
radio 8 1858
radio 8 2372
radio 8 2401
radio 8 2915
radio 8 2966
radio 8 3480
radio 8 3509
radio 8 4023
radio 8 4051
radio 8 4565
radio 8 4613
radio 8 5127
radio 8 5160
radio 8 5674
radio 8 5707
radio 8 6221
radio 8 6252
radio 8 6766
radio 8 6814
radio 8 7328
radio 8 7345
radio 8 7858
radio 8 7875
radio 8 8388
radio 8 8405
radio 8 8918
radio 8 8950
radio 8 9464
radio 8 9535
radio 8 10049
radio 8 10084
radio 8 10598
radio 8 10615
radio 8 11128
radio 8 11145
radio 8 11659
radio 8 11711
radio 8 12225
radio 8 12242
radio 8 12755
radio 8 12785
radio 8 13299
radio 8 13316
radio 8 13829
radio 8 13846
radio 8 14360
radio 8 14377
radio 8 14891
radio 8 14908
radio 8 15422
radio 8 15551
radio 8 16065
radio 8 16082
radio 8 16596
radio 8 16666
radio 8 17180
radio 8 17197
radio 8 17710
radio 8 17727
radio 8 18240
radio 8 18257
radio 8 18771
radio 8 18805
radio 8 19319
radio 8 19393
radio 8 19907
radio 8 19956
radio 8 20470
radio 8 20519
radio 8 21033
radio 8 21050
radio 8 21563
radio 8 21580
radio 8 22093
radio 8 22122
radio 8 22636
radio 8 22653
radio 8 23167
radio 8 23184
radio 8 23698
radio 8 23728
radio 8 24242
radio 8 24297
radio 8 24811
radio 8 24883
radio 8 25397
radio 8 25414
radio 8 25928
radio 8 25999
radio 8 26513
radio 8 26563
radio 8 27077
radio 8 27128
radio 8 27642
radio 8 27659
radio 8 28173
radio 8 28190
radio 8 28703
radio 8 28752
radio 8 29266
radio 8 29354
radio 8 29868
radio 8 29899
radio 8 30413
radio 8 30441
radio 8 30955
radio 8 30972
radio 8 31486
radio 8 31557
radio 8 32071
delay 0 12 8 32297 8 31956 16 9 65535 0 252 0 1
radio 8 33364
radio 8 33877
radio 8 33939
radio 8 34453
radio 8 34704
radio 8 35218
radio 8 35235
radio 8 35749
radio 8 35780
radio 8 36294
radio 8 36311
radio 8 36825
radio 8 36875
radio 8 37389
radio 8 37417
radio 8 37931
radio 8 37948
radio 8 38462
radio 8 38479
radio 8 38992
radio 8 39026
radio 8 39540
radio 8 39574
radio 8 40088
radio 8 40116
radio 8 40630
radio 8 40680
radio 8 41194
radio 8 41250
radio 8 41764
radio 8 41833
radio 8 42347
radio 8 42364
radio 8 42877
radio 8 42911
radio 8 43425
radio 8 43458
radio 8 43972
radio 8 44002
radio 8 44516
radio 8 44566
radio 8 45080
radio 8 45097
radio 8 45611
radio 8 45642
radio 8 46156
radio 8 46173
radio 8 46687
radio 8 46762
radio 8 47276
radio 8 47305
radio 8 47819
radio 8 47850
radio 8 48364
radio 8 48414
radio 8 48928
radio 8 48961
radio 8 49475
radio 8 49511
radio 8 50025
radio 8 50054
radio 8 50568
radio 8 50641
radio 8 51155
radio 8 51191
radio 8 51705
radio 8 51739
radio 8 52253
radio 8 52286
radio 8 52800
delay 1 24 8 53145 8 52175 7 9 2 0 792 0 1
energy 8 53453 7 6497
radio 8 54224
radio 8 54738
radio 8 54774
radio 8 55288
radio 8 55360
radio 8 55874
radio 8 55906
radio 8 56420
radio 8 56437
radio 8 56950
radio 8 56979
radio 8 57493
radio 8 57582
radio 8 58096
radio 8 58124
radio 8 58638
radio 8 58688
radio 8 59202
radio 8 59234
radio 8 59748
radio 8 59798
radio 8 60312
radio 8 60366
radio 8 60880
radio 8 60915
radio 8 61429
radio 8 61478
radio 8 61992
radio 8 62043
radio 8 62557
radio 8 62590
radio 8 63104
radio 8 63152
radio 8 63666
radio 8 63719
radio 8 64233
radio 8 64263
radio 8 64777
radio 8 64827
radio 8 65341
radio 8 65373
radio 9 351
radio 9 386
radio 9 899
radio 9 927
radio 9 1440
radio 9 1469
radio 9 1983
radio 9 2012
radio 9 2526
radio 9 2561
radio 9 3075
radio 9 3111
radio 9 3625
radio 9 3693
radio 9 4207
radio 9 4236
radio 9 4750
radio 9 4818
radio 9 5332
radio 9 5349
radio 9 5862
radio 9 5895
radio 9 6409
radio 9 6437
radio 9 6951
radio 9 7019
radio 9 7533
delay 2 0 9 7569 9 7687 0 9 9 0 334 0 1
radio 9 8642
radio 9 9156
radio 9 9250
radio 9 9763
radio 9 9852
radio 9 10366
radio 9 10396
radio 9 10910
radio 9 11006
radio 9 11520
radio 9 11554
radio 9 12068
radio 9 12196
radio 9 12710
radio 9 12779
radio 9 13293
radio 9 13348
radio 9 13862
radio 9 13890
radio 9 14404
radio 9 14435
radio 9 14949
radio 9 14977
radio 9 15491
radio 9 15519
radio 9 16033
radio 9 16062
radio 9 16576
radio 9 16605
radio 9 17119
radio 9 17192
radio 9 17706
radio 9 17758
radio 9 18272
radio 9 18340
radio 9 18854
radio 9 18871
radio 9 19385
radio 9 19402
radio 9 19916
radio 9 19945
radio 9 20459
radio 9 20489
radio 9 21003
radio 9 21071
radio 9 21585
radio 9 21602
radio 9 22115
radio 9 22148
radio 9 22662
radio 9 22690
radio 9 23204
radio 9 23272
radio 9 23786
radio 9 23815
radio 9 24329
radio 9 24357
radio 9 24871
radio 9 24888
radio 9 25401
radio 9 25476
radio 9 25990
radio 9 26026
radio 9 26540
radio 9 26557
radio 9 27071
radio 9 27107
radio 9 27621
radio 9 27650
radio 9 28164
delay 3 18 9 28766 9 28553 16 9 65535 0 384 0 1
radio 9 29845
radio 9 30359
radio 9 30391
radio 9 30905
radio 9 30959
radio 9 31473
radio 9 31528
radio 9 32042
radio 9 32078
radio 9 32592
radio 9 32624
radio 9 33138
radio 9 33168
radio 9 33682
radio 9 33734
radio 9 34248
radio 9 34277
radio 9 34791
radio 9 34845
radio 9 35359
radio 9 35411
radio 9 35925
radio 9 35958
radio 9 36472
radio 9 36527
