Thread[Thread-1,5,main]tree 20 19 24 14 0 0
radio 7 28840
radio 7 28844
radio 7 28875
radio 7 29389
radio 7 29406
radio 7 29920
radio 7 29948
radio 7 30462
radio 7 30494
radio 7 31008
radio 7 31083
radio 7 31597
radio 7 31614
radio 7 32128
radio 7 32145
radio 7 32659
radio 7 32676
radio 7 33190
radio 7 33220
radio 7 33734
radio 7 33751
radio 7 34265
radio 7 34314
radio 7 34828
radio 7 34845
radio 7 35359
radio 7 35376
radio 7 35890
radio 7 35920
radio 7 36434
radio 7 36486
radio 7 37000
radio 7 37017
radio 7 37531
radio 7 37561
radio 7 38075
radio 7 38092
radio 7 38606
radio 7 38623
radio 7 39137
radio 7 39154
radio 7 39668
radio 7 39685
radio 7 40199
radio 7 40216
radio 7 40730
radio 7 40747
radio 7 41261
radio 7 41291
radio 7 41805
radio 7 41857
radio 7 42371
radio 7 42403
radio 7 42917
radio 7 42934
radio 7 43448
radio 7 43465
radio 7 43979
radio 7 44035
radio 7 44549
radio 7 44566
radio 7 45080
radio 7 45097
radio 7 45611
radio 7 45647
radio 7 46161
radio 7 46192
radio 7 46706
radio 7 46723
radio 7 47237
radio 7 47254
radio 7 47768
radio 7 47802
radio 7 48316
radio 7 48333
radio 7 48847
radio 7 48864
radio 7 49378
radio 7 49395
radio 7 49909
radio 7 49926
radio 7 50440
radio 7 50469
radio 7 50983
radio 7 51000
radio 7 51514
radio 7 51531
radio 7 52045
radio 7 52062
radio 7 52576
radio 7 52593
radio 7 53107
radio 7 53124
radio 7 53638
radio 7 53672
radio 7 54186
radio 7 54217
radio 7 54731
radio 7 54779
radio 7 55293
radio 7 55324
radio 7 55838
radio 7 55869
radio 7 56383
radio 7 56438
radio 7 56952
radio 7 56969
radio 7 57483
radio 7 57500
radio 7 58014
radio 7 58042
radio 7 58556
radio 7 58573
radio 7 59087
radio 7 59104
radio 7 59618
radio 7 59635
radio 7 60149
radio 7 60166
radio 7 60680
radio 7 60697
radio 7 61211
radio 7 61228
radio 7 61742
radio 7 61759
radio 7 62273
radio 7 62290
radio 7 62804
radio 7 62821
radio 7 63335
radio 7 63352
radio 7 63866
radio 7 63883
radio 7 64397
radio 7 64414
radio 7 64928
radio 7 64945
radio 7 65459
radio 7 65476
radio 8 454
radio 8 484
radio 8 997
radio 8 1014
radio 8 1527
radio 8 1560
radio 8 2074
radio 8 2103
radio 8 2617
radio 8 2634
radio 8 3147
radio 8 3164
radio 8 3677
radio 8 3694
radio 8 4207
radio 8 4224
radio 8 4737
radio 8 4789
radio 8 5303
radio 8 5320
radio 8 5833
radio 8 5850
radio 8 6363
radio 8 6391
radio 8 6905
radio 8 6922
radio 8 7435
radio 8 7452
radio 8 7965
radio 8 8001
radio 8 8515
radio 8 8532
radio 8 9045
radio 8 9075
radio 8 9589
radio 8 9606
radio 8 10119
radio 8 10149
radio 8 10663
radio 8 10680
radio 8 11194
radio 8 11286
radio 8 11800
radio 8 11817
radio 8 12331
radio 8 12348
radio 8 12862
radio 8 12879
radio 8 13393
radio 8 13448
radio 8 13962
radio 8 13979
radio 8 14493
radio 8 14603
radio 8 15117
radio 8 15134
radio 8 15648
radio 8 15665
radio 8 16179
radio 8 16196
radio 8 16710
radio 8 16759
radio 8 17273
radio 8 17309
radio 8 17823
radio 8 17859
radio 8 18373
radio 8 18390
radio 8 18904
radio 8 18921
radio 8 19435
radio 8 19471
radio 8 19985
radio 8 20015
radio 8 20529
radio 8 20559
radio 8 21073
radio 8 21090
radio 8 21604
radio 8 21621
radio 8 22135
radio 8 22152
radio 8 22666
radio 8 22683
radio 8 23197
radio 8 23214
radio 8 23728
radio 8 23745
radio 8 24259
radio 8 24290
energy 8 24756 7 31050
radio 8 24804
radio 8 24839
radio 8 25353
radio 8 25402
radio 8 25916
radio 8 25933
radio 8 26447
radio 8 26464
radio 8 26978
radio 8 27047
radio 8 27561
radio 8 27591
radio 8 28105
radio 8 28122
radio 8 28636
radio 8 28653
radio 8 29167
radio 8 29198
radio 8 29712
radio 8 29748
radio 8 30262
radio 8 30279
radio 8 30793
radio 8 30810
radio 8 31324
delay 0 42 8 31533 8 31501 16 16 65535 0 323 0 0
radio 8 31541
radio 8 32056
radio 8 32074
radio 8 32587
radio 8 32726
radio 8 33239
radio 8 33286
radio 8 33799
radio 8 33816
radio 8 34330
radio 8 34347
radio 8 34861
radio 8 34913
radio 8 35427
radio 8 35444
radio 8 35958
radio 8 35988
radio 8 36502
radio 8 36519
radio 8 37033
radio 8 37050
radio 8 37564
radio 8 37600
radio 8 38114
radio 8 38131
radio 8 38645
radio 8 38674
radio 8 39188
radio 8 39224
radio 8 39738
radio 8 39755
radio 8 40269
radio 8 40286
radio 8 40800
radio 8 40817
radio 8 41331
radio 8 41368
radio 8 41882
radio 8 41899
radio 8 42413
radio 8 42430
radio 8 42944
radio 8 42978
radio 8 43492
radio 8 43543
radio 8 44057
radio 8 44087
radio 8 44601
radio 8 44618
radio 8 45132
radio 8 45149
radio 8 45663
radio 8 45680
radio 8 46194
radio 8 46211
radio 8 46725
radio 8 46742
radio 8 47256
radio 8 47273
radio 8 47787
radio 8 47841
radio 8 48355
radio 8 48372
radio 8 48886
radio 8 48903
radio 8 49417
radio 8 49434
radio 8 49948
radio 8 49965
radio 8 50479
radio 8 50496
radio 8 51010
radio 8 51062
radio 8 51576
delay 1 30 8 52029 8 52253 18 16 65535 0 76 0 0
radio 8 52037
radio 8 52551
radio 8 52568
radio 8 53081
radio 8 53097
radio 8 53611
radio 8 53628
radio 8 54142
radio 8 54159
radio 8 54673
radio 8 54690
radio 8 55204
radio 8 55238
radio 8 55752
radio 8 55769
radio 8 56283
radio 8 56300
radio 8 56813
radio 8 56841
radio 8 57355
radio 8 57385
radio 8 57899
radio 8 57929
radio 8 58443
radio 8 58534
radio 8 59048
radio 8 59104
radio 8 59618
radio 8 59649
radio 8 60163
radio 8 60180
radio 8 60693
radio 8 60721
radio 8 61235
radio 8 61252
radio 8 61766
radio 8 61783
radio 8 62297
radio 8 62314
radio 8 62828
radio 8 62845
radio 8 63359
radio 8 63393
radio 8 63907
radio 8 63941
radio 8 64455
radio 8 64472
radio 8 64986
radio 8 65040
radio 9 18
radio 9 35
radio 9 548
radio 9 581
radio 9 1094
radio 9 1142
radio 9 1656
radio 9 1673
radio 9 2186
radio 9 2214
radio 9 2728
radio 9 2745
radio 9 3258
radio 9 3275
radio 9 3788
radio 9 3805
radio 9 4318
radio 9 4335
radio 9 4848
radio 9 4865
radio 9 5378
radio 9 5473
radio 9 5987
radio 9 6004
radio 9 6517
delay 2 44 9 6568 9 6097 13 16 3 0 24 0 0
radio 9 6576
radio 9 7090
radio 9 7205
radio 9 7718
radio 9 7735
radio 9 8248
radio 9 8302
radio 9 8816
radio 9 8850
radio 9 9364
radio 9 9396
radio 9 9910
radio 9 9939
radio 9 10453
radio 9 10470
radio 9 10984
radio 9 11038
radio 9 11552
radio 9 11569
radio 9 12083
radio 9 12117
radio 9 12631
radio 9 12648
radio 9 13162
radio 9 13192
radio 9 13706
radio 9 13757
radio 9 14271
radio 9 14305
radio 9 14819
radio 9 14836
radio 9 15350
radio 9 15382
radio 9 15896
radio 9 15929
radio 9 16443
radio 9 16471
radio 9 16985
radio 9 17002
radio 9 17515
radio 9 17532
radio 9 18046
radio 9 18075
radio 9 18589
radio 9 18606
radio 9 19120
radio 9 19151
radio 9 19665
radio 9 19696
radio 9 20210
radio 9 20266
energy 9 20660 7 34313
radio 9 20780
radio 9 20811
radio 9 21325
radio 9 21342
radio 9 21856
radio 9 21873
radio 9 22387
radio 9 22404
radio 9 22918
radio 9 22935
radio 9 23449
radio 9 23466
radio 9 23980
radio 9 23997
radio 9 24511
radio 9 24546
radio 9 25060
radio 9 25077
radio 9 25591
radio 9 25608
radio 9 26122
radio 9 26151
radio 9 26665
radio 9 26682
radio 9 27196
delay 3 44 9 27350 9 26879 13 16 3 0 345 0 0
radio 9 27358
radio 9 27872
radio 9 28091
radio 9 28604
radio 9 28646
radio 9 29159
radio 9 29235
radio 9 29749
radio 9 29799
radio 9 30313
radio 9 30330
radio 9 30844
radio 9 30897
radio 9 31411
radio 9 31440
radio 9 31954
radio 9 31991
radio 9 32505
radio 9 32522
radio 9 33036
radio 9 33053
radio 9 33567
radio 9 33584
radio 9 34098
radio 9 34115
radio 9 34629
radio 9 34646
radio 9 35160
radio 9 35177
