Thread[Thread-1,5,main]delay 1 0 0 11540 0 11562
delay 2 0 0 21144 0 21166
delay 3 0 0 31820 0 31842
delay 4 0 0 41523 0 41545
delay 5 0 0 52203 0 52225
energy 0 61459 0 2350
delay 6 0 0 62317 0 62339
delay 7 0 1 7123 1 7146
delay 8 0 1 17799 1 17821
delay 9 0 1 30031 1 30054
delay 10 0 1 37988 1 38011
delay 11 0 1 48113 1 48136
energy 1 57363 0 4771
delay 12 0 1 58219 1 58243
delay 13 0 2 3287 2 3311
delay 14 0 2 12933 2 12957
delay 15 0 2 23639 2 23663
delay 16 0 2 33780 2 33804
delay 17 0 2 43929 2 43953
energy 2 53267 0 6777
delay 18 0 2 53479 2 53503
delay 19 0 2 64679 2 64703
delay 20 0 3 9846 3 9870
delay 21 0 3 19535 3 19560
delay 22 0 3 29600 3 29625
delay 23 0 3 40285 3 40310
energy 3 49171 0 8810
delay 24 0 3 52551 3 52576
delay 25 0 3 60558 3 60583
delay 26 0 4 5168 4 5194
delay 27 0 4 14699 4 14725
delay 28 0 4 25895 4 25921
delay 29 0 4 34963 4 34990
energy 4 45075 0 11336
delay 30 0 4 45667 4 45693
delay 31 0 4 56268 4 56294
