Thread[Thread-1,5,main]delay 1 0 0 11020 0 11615
delay 2 0 0 20622 0 21216
delay 3 0 0 31247 0 31842
delay 4 0 0 41365 0 41960
delay 5 0 0 52050 0 52644
energy 0 61459 0 2247
delay 6 0 0 61926 0 62520
delay 7 0 1 6569 1 7164
delay 8 0 1 17214 1 17809
delay 9 0 1 30503 1 31098
delay 10 0 1 37405 1 37999
delay 11 0 1 47337 1 47931
energy 1 57363 0 5259
delay 12 0 1 58006 1 58600
delay 13 0 2 2523 2 3117
delay 14 0 2 12704 2 13298
delay 15 0 2 25029 2 25622
delay 16 0 2 33512 2 34106
delay 17 0 2 43574 2 44167
delay 18 0 2 53158 2 53751
energy 2 53267 0 7164
delay 19 0 2 64288 2 64882
delay 20 0 3 9377 3 9970
delay 21 0 3 18962 3 19555
delay 22 0 3 29022 3 29615
delay 23 0 3 39697 3 40290
energy 3 49171 0 9510
delay 24 0 3 52001 3 52594
delay 25 0 3 59965 3 60558
delay 26 0 4 4503 4 5096
delay 27 0 4 14057 4 14650
delay 28 0 4 25213 4 25806
delay 29 0 4 34777 4 35369
delay 30 0 4 44888 4 45481
energy 4 45075 0 11326
delay 31 0 4 55473 4 56066
