Thread[Thread-1,5,main]delay 1 0 0 11021 0 11655
delay 2 0 0 20598 0 21231
delay 3 0 0 31258 0 31892
delay 4 0 0 41424 0 42058
delay 5 0 0 51523 0 52158
energy 0 61459 0 1737
delay 6 0 0 61614 0 62249
delay 7 4 1 7278 1 7755
delay 8 0 1 16815 1 17449
delay 9 0 1 27419 1 28053
delay 10 33 1 38106 1 37875
delay 11 0 1 47728 1 48362
energy 1 57363 0 3672
delay 12 0 1 59456 1 60091
delay 13 0 2 2417 2 3052
delay 14 0 2 12578 2 13213
delay 15 0 2 23292 2 23927
delay 16 0 2 33451 2 34086
delay 17 33 2 48883 2 48652
delay 18 0 2 53148 2 53784
energy 2 53267 0 5697
delay 19 0 2 64314 2 64949
delay 20 0 3 9139 3 9775
delay 21 0 3 19301 3 19937
delay 22 0 3 28844 3 29480
delay 23 0 3 40060 3 40696
energy 3 49171 0 8150
delay 24 0 3 49628 3 50264
delay 25 0 3 59716 3 60352
delay 26 0 4 5394 4 6030
delay 27 0 4 14375 4 15012
delay 28 0 4 29226 4 29863
delay 29 0 4 34554 4 35191
delay 30 0 4 44693 4 45330
energy 4 45075 0 9960
delay 31 0 4 55327 4 55963
