Thread[Thread-1,5,main]delay 1 0 0 11541 0 12311
delay 2 0 0 20620 0 21390
delay 3 0 0 31258 0 32028
delay 4 0 0 40798 0 41568
delay 5 0 0 51511 0 52281
energy 0 61459 0 1740
delay 6 0 0 61620 0 62389
delay 7 0 1 6251 1 7020
delay 8 0 1 16876 1 17645
delay 9 0 1 29730 1 30499
delay 10 0 1 38249 1 39018
delay 11 0 1 47349 1 48119
energy 1 57363 0 4228
delay 12 0 1 59030 1 59799
delay 13 0 2 2519 2 3288
delay 14 0 2 12133 2 12902
delay 15 0 2 24962 2 25730
delay 16 19 2 33980 2 34238
delay 17 0 2 43516 2 44285
delay 18 0 2 53050 2 53819
energy 2 53267 0 6083
delay 19 0 2 64095 2 64864
delay 20 0 3 9186 3 9955
delay 21 0 3 18807 3 19575
delay 22 0 3 28862 3 29631
delay 23 0 3 40547 3 41316
energy 3 49171 0 8906
delay 24 0 3 49549 3 50317
delay 25 0 3 59661 3 60430
delay 26 0 4 4293 4 5061
delay 27 0 4 13849 4 14617
delay 28 0 4 25043 4 25811
delay 29 0 4 34566 4 35334
delay 30 0 4 44773 4 45541
energy 4 45075 0 11727
delay 31 0 4 55381 4 56149
