Thread[Thread-1,5,main]delay 1 0 0 10479 0 11512
delay 2 0 0 20076 0 21108
delay 3 0 0 31215 0 32248
delay 4 0 0 40824 0 41857
delay 5 0 0 51521 0 52554
delay 6 0 0 61118 0 62151
energy 0 61459 0 1786
delay 7 0 1 6219 1 7252
delay 8 0 1 16311 1 17344
delay 9 0 1 26943 1 27976
delay 10 20 1 39721 1 40155
delay 11 0 1 47211 1 48244
energy 1 57363 0 4157
delay 12 0 1 57431 1 58464
delay 13 0 2 1948 2 2981
delay 14 0 2 12124 2 13158
delay 15 0 2 24917 2 25950
delay 16 0 2 32939 2 33973
delay 17 0 2 43287 2 44320
delay 18 0 2 52830 2 53864
energy 2 53267 0 6541
delay 19 0 2 65066 3 563
delay 20 0 3 9076 3 10110
delay 21 0 3 18747 3 19781
delay 22 0 3 28789 3 29823
delay 23 0 3 39431 3 40465
energy 3 49171 0 8382
delay 24 0 3 51642 3 52677
delay 25 0 3 59592 3 60626
delay 26 0 4 5265 4 6299
delay 27 0 4 13691 4 14725
delay 28 0 4 24864 4 25899
delay 29 0 4 33958 4 34992
delay 30 0 4 44593 4 45628
energy 4 45075 0 10191
delay 31 0 4 55184 4 56219
