Thread[Thread-1,5,main]delay 1 0 0 10499 0 11311
delay 2 0 0 20624 0 21435
delay 3 0 0 31242 0 32053
delay 4 0 0 40812 0 41623
delay 5 0 0 51464 0 52276
energy 0 61459 0 1693
delay 6 0 0 61570 0 62382
delay 7 0 1 6184 1 6995
delay 8 0 1 16834 1 17645
delay 9 0 1 30669 1 31481
delay 10 0 1 37042 1 37852
delay 11 0 1 47433 1 48244
energy 1 57363 0 4155
delay 12 0 1 57552 1 58363
delay 13 0 2 2110 2 2921
delay 14 0 2 12286 2 13097
delay 15 0 2 25069 2 25880
delay 16 0 2 33068 2 33880
delay 17 0 2 43714 2 44525
delay 18 0 2 52769 2 53580
energy 2 53267 0 6115
delay 19 0 2 63914 2 64726
delay 20 0 3 9052 3 9863
delay 21 0 3 18706 3 19518
delay 22 0 3 28824 3 29636
delay 23 0 3 39908 3 40719
energy 3 49171 0 8579
delay 24 0 3 49453 3 50264
delay 25 0 3 59616 3 60427
delay 26 0 4 3944 4 4755
delay 27 0 4 14040 4 14851
delay 28 0 4 25194 4 26005
delay 29 0 4 34256 4 35067
delay 30 0 4 44409 4 45220
energy 4 45075 0 11089
delay 31 0 4 55551 4 56363
