Thread[Thread-1,5,main]delay 1 38 0 10981 0 10829
delay 2 42 0 23669 0 23477
delay 3 2 0 32723 0 33604
delay 4 47 0 46417 0 46140
delay 5 6 0 52791 0 53593
energy 0 61459 0 1377
delay 6 33 0 65441 0 65483
delay 7 4 1 6801 1 7552
delay 8 15 1 21544 1 22104
delay 9 37 1 31649 1 31582
delay 10 33 1 37976 1 38018
delay 11 44 1 49654 1 49322
energy 1 57363 0 4017
delay 12 12 1 61296 1 61650
delay 13 41 2 7361 2 7200
delay 14 6 2 14743 2 15545
delay 15 41 2 25874 2 25714
delay 16 33 2 33767 2 33807
delay 17 33 2 48649 2 48690
energy 2 53267 0 6014
delay 18 26 2 57095 2 57349
delay 19 36 3 2136 3 2090
delay 20 12 3 11119 3 11471
delay 21 14 3 24828 3 25394
delay 22 45 3 35893 3 35642
delay 23 44 3 42764 3 42433
energy 3 49171 0 8018
delay 24 37 3 52857 3 52788
delay 25 4 3 62883 3 63633
delay 27 41 4 15744 4 15582
delay 28 40 4 26374 4 26248
delay 29 33 4 35379 4 35418
energy 4 45075 0 9469
delay 30 41 4 49089 4 48928
