Thread[Thread-1,5,main]delay 1 42 0 12600 0 12626
delay 2 42 0 23242 0 23268
delay 3 0 0 30716 0 31842
delay 4 11 0 42455 0 43211
delay 5 0 0 51142 0 52268
delay 6 0 0 61241 0 62367
energy 0 61459 0 2334
delay 7 0 1 5847 1 6973
delay 8 0 1 16494 1 17620
delay 9 0 1 29251 1 30376
delay 10 33 1 37760 1 38020
delay 11 0 1 47259 1 48385
energy 1 57363 0 4842
delay 12 0 1 59043 1 60169
delay 13 0 2 1979 2 3104
delay 14 0 2 12125 2 13251
delay 15 0 2 22802 2 23927
delay 16 33 2 33414 2 33674
delay 17 33 2 48609 2 48868
delay 18 0 2 52340 2 53465
energy 2 53267 0 7236
delay 19 0 2 65122 3 711
delay 20 0 3 8617 3 9742
delay 21 0 3 18814 3 19939
delay 22 0 3 28312 3 29437
delay 23 0 3 39483 3 40609
delay 24 0 3 49034 3 50159
energy 3 49171 0 9676
delay 25 0 3 60156 3 61279
delay 26 0 4 5375 4 6500
delay 27 0 4 13826 4 14951
delay 28 40 4 26106 4 26200
delay 29 0 4 34088 4 35213
delay 30 0 4 44227 4 45352
energy 4 45075 0 12142
delay 31 0 4 54846 4 55971
