Thread[Thread-1,5,main]delay 1 0 0 11547 0 11632
delay 2 0 0 21164 0 21249
delay 3 0 0 31785 0 31870
delay 4 0 0 41508 0 41593
delay 5 0 0 52562 0 52647
energy 0 61459 0 2796
delay 6 0 0 62131 0 62216
delay 7 0 1 7222 1 7307
delay 8 0 1 17354 1 17439
delay 9 0 1 27733 1 27818
delay 10 4 1 40667 1 40595
delay 11 0 1 48154 1 48239
energy 1 57363 0 5199
delay 12 0 1 58343 1 58429
delay 13 0 2 2901 2 2986
delay 14 0 2 13015 2 13100
delay 15 0 2 23701 2 23787
delay 16 0 2 33857 2 33943
delay 17 0 2 43963 2 44049
energy 2 53267 0 7200
delay 18 0 2 53588 2 53673
delay 19 0 2 64791 2 64877
delay 20 0 3 9930 3 10015
delay 21 0 3 19542 3 19628
delay 22 0 3 29640 3 29725
delay 23 0 3 40324 3 40410
energy 3 49171 0 9148
delay 24 0 3 52554 3 52639
delay 25 0 3 60520 3 60606
delay 26 0 4 6180 4 6265
delay 27 0 4 14616 4 14700
delay 28 0 4 25803 4 25889
delay 29 0 4 34866 4 34952
energy 4 45075 0 11060
delay 30 0 4 45560 4 45645
delay 31 0 4 56143 4 56229
