Thread[Thread-1,5,main]tree 20 11 0 16 0 0
radio 8 46258
radio 8 46262
radio 8 46291
radio 8 46805
radio 8 46858
radio 8 47372
radio 8 47389
radio 8 47902
radio 8 47919
radio 8 48432
radio 8 48462
radio 8 48976
radio 8 49007
radio 8 49521
radio 8 49552
radio 8 50066
radio 8 50098
radio 8 50612
radio 8 50662
radio 8 51176
radio 8 51193
radio 8 51706
radio 8 51723
radio 8 52236
radio 8 52288
radio 8 52802
radio 8 52832
radio 8 53346
radio 8 53363
radio 8 53876
radio 8 53905
radio 8 54419
radio 8 54436
radio 8 54950
radio 8 54978
radio 8 55492
radio 8 55520
radio 8 56034
radio 8 56066
radio 8 56580
radio 8 56612
radio 8 57126
radio 8 57143
radio 8 57657
radio 8 57686
radio 8 58200
radio 8 58229
radio 8 58743
radio 8 58771
radio 8 59285
radio 8 59361
radio 8 59875
radio 8 59904
radio 8 60418
radio 8 60487
radio 8 61001
radio 8 61030
radio 8 61544
radio 8 61579
radio 8 62093
radio 8 62142
radio 8 62656
radio 8 62673
radio 8 63186
radio 8 63242
radio 8 63756
radio 8 63773
radio 8 64287
radio 8 64304
radio 8 64817
radio 8 64870
radio 8 65384
radio 8 65401
radio 9 378
radio 9 408
radio 9 921
radio 9 956
radio 9 1469
radio 9 1499
radio 9 2013
radio 9 2081
radio 9 2595
radio 9 2612
radio 9 3125
radio 9 3142
radio 9 3655
radio 9 3672
radio 9 4185
radio 9 4202
radio 9 4715
radio 9 4732
radio 9 5245
radio 9 5276
radio 9 5790
radio 9 5818
radio 9 6332
radio 9 6362
radio 9 6876
radio 9 6905
radio 9 7419
radio 9 7454
radio 9 7968
radio 9 8000
radio 9 8514
radio 9 8583
radio 9 9097
radio 9 9128
radio 9 9642
radio 9 9674
radio 9 10188
radio 9 10238
radio 9 10752
radio 9 10769
radio 9 11283
radio 9 11300
radio 9 11813
radio 9 11863
radio 9 12377
radio 9 12394
radio 9 12908
radio 9 12980
radio 9 13494
radio 9 13544
radio 9 14058
radio 9 14091
radio 9 14605
radio 9 14637
radio 9 15151
radio 9 15185
radio 9 15699
radio 9 15731
radio 9 16245
radio 9 16276
radio 9 16790
radio 9 16807
radio 9 17320
radio 9 17391
radio 9 17905
radio 9 17933
radio 9 18447
radio 9 18480
radio 9 18994
radio 9 19048
radio 9 19562
radio 9 19590
radio 9 20104
radio 9 20154
radio 9 20668
radio 9 20717
radio 9 21231
radio 9 21304
radio 9 21818
radio 9 21892
radio 9 22406
radio 9 22454
radio 9 22968
radio 9 22985
radio 9 23498
radio 9 23550
radio 9 24064
radio 9 24081
radio 9 24595
radio 9 24612
radio 9 25126
radio 9 25181
radio 9 25695
radio 9 25730
radio 9 26244
radio 9 26292
radio 9 26806
radio 9 26856
radio 9 27370
radio 9 27401
radio 9 27915
radio 9 27963
radio 9 28477
radio 9 28510
radio 9 29024
radio 9 29041
radio 9 29554
radio 9 29571
radio 9 30085
radio 9 30219
radio 9 30733
radio 9 30907
radio 9 31421
radio 9 31438
radio 9 31952
radio 9 31982
radio 9 32496
radio 9 32513
radio 9 33026
radio 9 33060
radio 9 33574
radio 9 33663
radio 9 34177
radio 9 34194
radio 9 34707
radio 9 34724
radio 9 35238
radio 9 35255
radio 9 35768
radio 9 35823
radio 9 36337
radio 9 36354
radio 9 36867
radio 9 36899
radio 9 37413
radio 9 37447
radio 9 37961
radio 9 37978
radio 9 38491
radio 9 38508
radio 9 39021
radio 9 39038
radio 9 39551
radio 9 39600
radio 9 40114
radio 9 40150
radio 9 40664
radio 9 40681
radio 9 41195
radio 9 41225
radio 9 41739
radio 9 41756
energy 9 42174 8 49547
radio 9 42269
radio 9 42324
radio 9 42838
radio 9 42855
radio 9 43368
radio 9 43400
radio 9 43914
radio 9 43944
radio 9 44458
radio 9 44489
radio 9 45003
radio 9 45054
radio 9 45568
radio 9 45600
radio 9 46114
radio 9 46143
radio 9 46657
radio 9 46686
radio 9 47200
radio 9 47250
radio 9 47764
radio 9 47832
radio 9 48346
radio 9 48376
radio 9 48890
radio 9 48926
radio 9 49440
radio 9 49511
radio 9 50025
radio 9 50056
radio 9 50570
radio 9 50599
radio 9 51113
radio 9 51145
radio 9 51659
radio 9 51710
radio 9 52224
radio 9 52257
radio 9 52771
radio 9 52799
radio 9 53313
radio 9 53387
radio 9 53901
radio 9 53936
radio 9 54450
radio 9 54505
radio 9 55019
radio 9 55070
radio 9 55584
radio 9 55612
radio 9 56126
radio 9 56143
radio 9 56657
radio 9 56674
radio 9 57187
radio 9 57219
radio 9 57733
radio 9 57764
radio 9 58278
radio 9 58330
radio 9 58844
radio 9 58895
radio 9 59409
radio 9 59442
radio 9 59956
radio 9 59987
radio 9 60501
radio 9 60529
radio 9 61043
radio 9 61093
radio 9 61607
radio 9 61643
radio 9 62157
radio 9 62185
radio 9 62699
radio 9 62727
radio 9 63241
radio 9 63297
radio 9 63811
radio 9 63844
radio 9 64358
radio 9 64388
radio 9 64902
radio 9 64931
radio 9 65445
radio 9 65495
radio 10 473
radio 10 501
radio 10 1015
radio 10 1032
radio 10 1545
radio 10 1577
radio 10 2091
radio 10 2127
radio 10 2641
radio 10 2690
radio 10 3204
radio 10 3236
radio 10 3750
radio 10 3783
radio 10 4297
radio 10 4332
radio 10 4846
radio 10 4896
radio 10 5410
radio 10 5427
radio 10 5941
radio 10 5989
radio 10 6503
radio 10 6520
radio 10 7034
radio 10 7063
radio 10 7577
radio 10 7613
radio 10 8127
radio 10 8156
radio 10 8670
radio 10 8723
radio 10 9237
radio 10 9292
radio 10 9806
radio 10 9839
radio 10 10353
radio 10 10389
radio 10 10903
radio 10 10972
radio 10 11486
radio 10 11514
radio 10 12028
radio 10 12076
radio 10 12590
radio 10 12619
radio 10 13133
radio 10 13161
radio 10 13675
radio 10 13707
radio 10 14221
radio 10 14252
radio 10 14766
radio 10 14783
radio 10 15297
radio 10 15314
radio 10 15828
radio 10 15845
radio 10 16359
radio 10 16389
radio 10 16903
radio 10 16975
radio 10 17489
radio 10 17521
radio 10 18035
radio 10 18068
radio 10 18582
radio 10 18612
radio 10 19126
radio 10 19159
radio 10 19673
radio 10 19729
radio 10 20243
radio 10 20272
radio 10 20786
radio 10 20854
radio 10 21368
radio 10 21399
radio 10 21913
radio 10 21949
radio 10 22463
radio 10 22552
radio 10 23066
radio 10 23096
radio 10 23610
radio 10 23666
radio 10 24180
radio 10 24197
radio 10 24711
radio 10 24728
radio 10 25242
radio 10 25259
radio 10 25773
radio 10 25790
radio 10 26304
radio 10 26333
radio 10 26847
radio 10 26864
radio 10 27378
radio 10 27395
radio 10 27909
radio 10 27977
radio 10 28491
radio 10 28527
radio 10 29041
radio 10 29058
radio 10 29572
radio 10 29589
radio 10 30103
radio 10 30136
radio 10 30650
delay 0 48 10 30692 10 30159 11 9 65535 0 34 1 0
radio 10 31765
radio 10 32279
radio 10 32313
radio 10 32827
radio 10 32857
radio 10 33371
radio 10 33399
radio 10 33913
radio 10 33930
radio 10 34444
radio 10 34461
radio 10 34975
radio 10 35006
radio 10 35520
radio 10 35569
radio 10 36083
radio 10 36158
radio 10 36672
radio 10 36722
radio 10 37236
radio 10 37253
radio 10 37767
radio 10 37802
energy 10 38078 8 53927
radio 10 38316
radio 10 38348
radio 10 38862
radio 10 38891
radio 10 39405
radio 10 39438
radio 10 39952
radio 10 39985
radio 10 40499
radio 10 40568
radio 10 41082
radio 10 41099
radio 10 41613
radio 10 41666
radio 10 42180
radio 10 42197
radio 10 42711
radio 10 42762
radio 10 43276
radio 10 43293
radio 10 43807
radio 10 43837
radio 10 44351
radio 10 44368
radio 10 44882
radio 10 44899
radio 10 45413
radio 10 45489
radio 10 46003
radio 10 46053
radio 10 46567
radio 10 46584
radio 10 47098
radio 10 47150
radio 10 47664
radio 10 47698
radio 10 48212
radio 10 48244
radio 10 48758
radio 10 48786
radio 10 49300
radio 10 49349
radio 10 49863
radio 10 49880
radio 10 50394
radio 10 50424
radio 10 50938
delay 1 9 10 51184 10 51509 18 9 65535 0 32 1 0
radio 10 52262
radio 10 52776
radio 10 52793
radio 10 53307
radio 10 53340
radio 10 53854
radio 10 53890
radio 10 54404
radio 10 54432
radio 10 54946
radio 10 54982
radio 10 55496
radio 10 55524
radio 10 56038
radio 10 56055
radio 10 56569
radio 10 56586
radio 10 57100
radio 10 57117
radio 10 57631
radio 10 57685
radio 10 58199
radio 10 58216
radio 10 58730
radio 10 58778
radio 10 59292
radio 10 59321
radio 10 59835
radio 10 59871
radio 10 60385
radio 10 60402
radio 10 60916
radio 10 60933
radio 10 61447
radio 10 61464
radio 10 61978
radio 10 62012
radio 10 62526
radio 10 62563
radio 10 63077
radio 10 63106
radio 10 63620
radio 10 63655
radio 10 64169
radio 10 64186
radio 10 64700
radio 10 64732
radio 10 65246
radio 10 65296
radio 11 274
radio 11 303
radio 11 817
radio 11 834
radio 11 1347
radio 11 1381
radio 11 1895
radio 11 1927
radio 11 2441
radio 11 2473
radio 11 2987
radio 11 3004
radio 11 3518
radio 11 3551
radio 11 4065
radio 11 4082
radio 11 4595
radio 11 4624
radio 11 5138
radio 11 5155
radio 11 5668
radio 11 5685
radio 11 6198
delay 2 8 11 6214 11 6814 7 9 2 0 156 1 0
radio 11 7292
radio 11 7806
radio 11 7837
radio 11 8351
radio 11 8368
radio 11 8881
radio 11 8917
radio 11 9431
radio 11 9448
radio 11 9961
radio 11 9989
radio 11 10503
radio 11 10552
radio 11 11066
radio 11 11096
radio 11 11610
radio 11 11639
radio 11 12153
radio 11 12189
radio 11 12703
radio 11 12733
radio 11 13247
radio 11 13281
radio 11 13795
radio 11 13824
radio 11 14338
radio 11 14373
radio 11 14887
radio 11 14922
radio 11 15436
radio 11 15487
radio 11 16001
radio 11 16030
radio 11 16544
radio 11 16575
radio 11 17089
radio 11 17121
radio 11 17635
radio 11 17685
radio 11 18199
radio 11 18229
radio 11 18743
radio 11 18773
radio 11 19287
radio 11 19320
radio 11 19834
radio 11 19864
radio 11 20378
radio 11 20412
radio 11 20926
radio 11 20958
radio 11 21472
radio 11 21503
radio 11 22017
radio 11 22049
radio 11 22563
radio 11 22613
radio 11 23127
radio 11 23144
radio 11 23658
radio 11 23675
radio 11 24189
radio 11 24206
radio 11 24720
radio 11 24737
radio 11 25251
radio 11 25279
radio 11 25793
radio 11 25824
radio 11 26338
delay 3 34 11 26492 11 26362 16 9 65535 0 45 1 0
radio 11 27560
radio 11 28073
radio 11 28116
radio 11 28629
radio 11 28664
radio 11 29178
radio 11 29206
radio 11 29720
radio 11 29756
