Thread[Thread-1,5,main]tree 16 11 0 16 0 0
radio 8 61637
radio 8 61641
radio 8 61674
radio 8 62188
radio 8 62240
radio 8 62754
radio 8 62771
radio 8 63285
radio 8 63320
radio 8 63834
radio 8 63851
radio 8 64365
radio 8 64398
radio 8 64912
radio 8 64966
radio 8 65480
radio 8 65535
radio 9 513
radio 9 530
radio 9 1043
radio 9 1072
radio 9 1586
radio 9 1618
radio 9 2132
radio 9 2149
radio 9 2662
radio 9 2693
radio 9 3207
radio 9 3276
radio 9 3790
radio 9 3824
radio 9 4338
radio 9 4355
radio 9 4868
radio 9 4896
radio 9 5410
radio 9 5439
radio 9 5953
radio 9 5970
radio 9 6483
radio 9 6500
radio 9 7013
radio 9 7047
radio 9 7561
radio 9 7589
radio 9 8103
radio 9 8120
radio 9 8634
radio 9 8665
radio 9 9179
radio 9 9250
radio 9 9764
radio 9 9792
radio 9 10306
radio 9 10342
radio 9 10856
radio 9 10906
radio 9 11420
radio 9 11437
radio 9 11951
radio 9 11981
radio 9 12495
radio 9 12524
radio 9 13038
radio 9 13074
radio 9 13588
radio 9 13618
radio 9 14132
radio 9 14149
radio 9 14663
radio 9 14680
radio 9 15194
radio 9 15211
radio 9 15725
radio 9 15742
radio 9 16256
radio 9 16273
radio 9 16787
radio 9 16836
radio 9 17350
radio 9 17404
radio 9 17918
radio 9 17949
radio 9 18463
radio 9 18495
radio 9 19009
radio 9 19026
radio 9 19540
radio 9 19557
radio 9 20071
radio 9 20088
radio 9 20602
radio 9 20674
radio 9 21188
radio 9 21238
radio 9 21752
radio 9 21827
radio 9 22341
radio 9 22390
radio 9 22904
radio 9 22921
radio 9 23435
radio 9 23452
radio 9 23966
radio 9 24018
radio 9 24532
radio 9 24549
radio 9 25063
radio 9 25116
radio 9 25630
radio 9 25647
radio 9 26161
radio 9 26178
radio 9 26692
radio 9 26765
radio 9 27279
radio 9 27328
radio 9 27842
radio 9 27891
radio 9 28405
radio 9 28439
radio 9 28953
radio 9 28981
radio 9 29495
radio 9 29512
radio 9 30026
radio 9 30043
radio 9 30557
radio 9 30588
radio 9 31102
radio 9 31130
radio 9 31644
radio 9 31661
radio 9 32175
radio 9 32192
radio 9 32706
radio 9 32742
radio 9 33256
radio 9 33285
radio 9 33799
radio 9 33833
radio 9 34347
radio 9 34364
radio 9 34878
radio 9 34895
radio 9 35409
radio 9 35440
radio 9 35954
radio 9 35984
radio 9 36498
radio 9 36551
radio 9 37065
radio 9 37082
radio 9 37596
radio 9 37648
radio 9 38162
radio 9 38179
radio 9 38693
radio 9 38748
radio 9 39262
radio 9 39291
radio 9 39805
radio 9 39840
radio 9 40354
radio 9 40383
radio 9 40897
radio 9 40953
radio 9 41467
radio 9 41484
radio 9 41998
radio 9 42034
radio 9 42548
radio 9 42565
radio 9 43079
radio 9 43113
radio 9 43627
radio 9 43681
radio 9 44195
radio 9 44225
radio 9 44739
radio 9 44756
radio 9 45270
radio 9 45319
radio 9 45833
radio 9 45883
radio 9 46397
radio 9 46414
radio 9 46928
radio 9 46962
radio 9 47476
radio 9 47493
radio 9 48007
radio 9 48024
radio 9 48538
radio 9 48555
radio 9 49069
radio 9 49103
radio 9 49617
radio 9 49634
radio 9 50148
radio 9 50165
radio 9 50679
radio 9 50712
radio 9 51226
radio 9 51261
radio 9 51775
radio 9 51792
radio 9 52306
radio 9 52337
radio 9 52851
radio 9 52868
radio 9 53382
radio 9 53431
radio 9 53945
radio 9 53999
radio 9 54513
radio 9 54530
radio 9 55044
radio 9 55073
radio 9 55587
radio 9 55615
radio 9 56129
radio 9 56146
radio 9 56660
radio 9 56677
radio 9 57191
radio 9 57208
energy 9 57553 8 64487
radio 9 57722
radio 9 57751
radio 9 58265
radio 9 58299
radio 9 58813
radio 9 58843
radio 9 59357
radio 9 59410
radio 9 59924
radio 9 59941
radio 9 60455
radio 9 60506
radio 9 61020
radio 9 61037
radio 9 61551
radio 9 61581
radio 9 62095
radio 9 62112
radio 9 62626
radio 9 62643
radio 9 63157
radio 9 63174
radio 9 63688
radio 9 63720
radio 9 64234
radio 9 64264
radio 9 64778
radio 9 64795
radio 9 65309
radio 9 65326
radio 10 304
radio 10 321
radio 10 834
radio 10 851
radio 10 1364
radio 10 1381
radio 10 1895
radio 10 1948
radio 10 2462
radio 10 2534
radio 10 3048
radio 10 3101
radio 10 3615
radio 10 3644
radio 10 4158
radio 10 4213
radio 10 4727
radio 10 4779
radio 10 5293
radio 10 5345
radio 10 5859
radio 10 5888
radio 10 6402
radio 10 6458
radio 10 6972
radio 10 6989
radio 10 7503
radio 10 7536
radio 10 8050
radio 10 8100
radio 10 8614
radio 10 8631
radio 10 9145
radio 10 9162
radio 10 9676
radio 10 9710
radio 10 10224
radio 10 10241
radio 10 10755
radio 10 10806
radio 10 11320
radio 10 11337
radio 10 11851
radio 10 11868
radio 10 12382
radio 10 12414
radio 10 12928
radio 10 12957
radio 10 13471
radio 10 13488
radio 10 14002
radio 10 14037
radio 10 14551
radio 10 14584
radio 10 15098
radio 10 15115
radio 10 15629
radio 10 15665
radio 10 16179
radio 10 16213
radio 10 16727
radio 10 16744
radio 10 17258
radio 10 17308
radio 10 17822
radio 10 17852
radio 10 18366
radio 10 18383
radio 10 18897
radio 10 18927
radio 10 19441
radio 10 19470
radio 10 19984
radio 10 20034
radio 10 20548
radio 10 20565
radio 10 21079
radio 10 21096
radio 10 21610
radio 10 21662
radio 10 22176
radio 10 22193
radio 10 22707
radio 10 22724
radio 10 23238
radio 10 23271
radio 10 23785
radio 10 23802
radio 10 24316
radio 10 24333
radio 10 24847
radio 10 24864
radio 10 25378
radio 10 25407
radio 10 25921
radio 10 25957
radio 10 26471
radio 10 26488
radio 10 27002
radio 10 27055
radio 10 27569
radio 10 27586
radio 10 28100
radio 10 28117
radio 10 28631
radio 10 28687
radio 10 29201
radio 10 29218
radio 10 29732
radio 10 29783
radio 10 30297
delay 0 3 10 30818 10 31250 6 6 65535 0 95 0 0
radio 10 30826
radio 10 31341
radio 10 31410
radio 10 31924
radio 10 31941
radio 10 32455
radio 10 32472
radio 10 32986
radio 10 33036
radio 10 33550
radio 10 33584
radio 10 34098
radio 10 34129
radio 10 34643
radio 10 34671
radio 10 35185
radio 10 35258
radio 10 35772
radio 10 35802
radio 10 36316
radio 10 36346
radio 10 36860
radio 10 36910
radio 10 37424
radio 10 37441
radio 10 37955
radio 10 37983
radio 10 38497
radio 10 38525
radio 10 39039
radio 10 39068
radio 10 39582
radio 10 39599
radio 10 40113
radio 10 40147
radio 10 40661
radio 10 40696
radio 10 41210
radio 10 41227
radio 10 41741
radio 10 41795
radio 10 42309
radio 10 42326
radio 10 42840
radio 10 42857
radio 10 43371
radio 10 43388
radio 10 43902
radio 10 43919
radio 10 44433
radio 10 44450
radio 10 44964
radio 10 44994
radio 10 45508
radio 10 45525
radio 10 46039
radio 10 46074
radio 10 46588
radio 10 46620
radio 10 47134
radio 10 47151
radio 10 47665
radio 10 47697
radio 10 48211
radio 10 48228
radio 10 48742
radio 10 48759
radio 10 49273
radio 10 49321
radio 10 49835
radio 10 49852
radio 10 50366
radio 10 50383
radio 10 50897
radio 10 50914
radio 10 51428
delay 1 20 10 51502 10 51413 6 6 65535 0 695 0 0
radio 10 51510
radio 10 52024
radio 10 52152
radio 10 52665
radio 10 52695
radio 10 53209
radio 10 53265
energy 10 53457 9 2302
radio 10 53779
radio 10 53808
radio 10 54322
radio 10 54378
radio 10 54892
radio 10 54909
radio 10 55423
radio 10 55456
radio 10 55970
radio 10 55987
radio 10 56501
radio 10 56518
radio 10 57032
radio 10 57049
radio 10 57563
radio 10 57617
radio 10 58131
radio 10 58148
radio 10 58662
radio 10 58711
radio 10 59225
radio 10 59242
radio 10 59756
radio 10 59773
radio 10 60287
radio 10 60304
radio 10 60818
radio 10 60835
radio 10 61349
radio 10 61385
radio 10 61899
radio 10 61916
radio 10 62430
radio 10 62447
radio 10 62961
radio 10 62994
radio 10 63508
radio 10 63525
radio 10 64039
radio 10 64056
radio 10 64570
radio 10 64603
radio 10 65117
radio 10 65134
radio 11 112
radio 11 167
radio 11 681
radio 11 731
radio 11 1245
radio 11 1278
radio 11 1792
radio 11 1844
radio 11 2358
radio 11 2410
radio 11 2924
radio 11 2941
radio 11 3454
radio 11 3483
radio 11 3997
radio 11 4027
radio 11 4541
radio 11 4558
radio 11 5072
radio 11 5089
radio 11 5603
radio 11 5620
radio 11 6133
delay 2 42 11 6572 11 5904 18 6 65535 0 513 0 0
radio 11 6580
radio 11 7094
radio 11 7109
radio 11 7623
radio 11 7640
radio 11 8154
radio 11 8204
radio 11 8718
radio 11 8746
radio 11 9260
radio 11 9277
radio 11 9790
radio 11 9807
radio 11 10321
radio 11 10338
radio 11 10852
radio 11 10869
radio 11 11383
radio 11 11436
radio 11 11950
radio 11 11984
radio 11 12498
radio 11 12527
radio 11 13041
radio 11 13074
radio 11 13588
radio 11 13638
radio 11 14152
radio 11 14169
radio 11 14683
radio 11 14700
radio 11 15214
radio 11 15266
radio 11 15780
radio 11 15810
radio 11 16324
radio 11 16353
radio 11 16867
radio 11 16903
radio 11 17417
radio 11 17466
radio 11 17980
radio 11 18009
radio 11 18523
radio 11 18540
radio 11 19054
radio 11 19085
radio 11 19599
radio 11 19616
radio 11 20130
radio 11 20147
radio 11 20661
radio 11 20678
radio 11 21192
radio 11 21243
radio 11 21757
radio 11 21832
radio 11 22346
radio 11 22397
radio 11 22911
radio 11 22941
radio 11 23455
radio 11 23472
radio 11 23986
radio 11 24003
radio 11 24517
radio 11 24553
radio 11 25067
radio 11 25116
radio 11 25630
radio 11 25647
radio 11 26161
radio 11 26213
radio 11 26727
delay 3 34 11 27191 11 27130 16 6 65535 0 813 0 0
radio 11 27199
radio 11 27714
radio 11 27778
radio 11 28292
radio 11 28346
radio 11 28860
radio 11 28892
radio 11 29406
radio 11 29423
