Thread[Thread-1,5,main]tree 15 0 0 12 2 1
radio 8 22738
radio 8 22742
radio 8 22771
radio 8 23285
radio 8 23320
radio 8 23834
radio 8 23851
radio 8 24365
radio 8 24382
radio 8 24896
radio 8 24913
radio 8 25427
radio 8 25479
radio 8 25993
delay 1000 70 8 26026 5 55266 18 0 65535 0 65535 0 1
radio 8 27108
radio 8 27622
radio 8 27656
radio 8 28170
radio 8 28187
radio 8 28701
radio 8 28718
radio 8 29232
radio 8 29249
radio 8 29763
radio 8 29817
radio 8 30331
radio 8 30362
radio 8 30876
radio 8 30931
radio 8 31445
radio 8 31474
radio 8 31988
radio 8 32024
radio 8 32538
radio 8 32572
radio 8 33086
radio 8 33142
radio 8 33656
radio 8 33690
radio 8 34204
radio 8 34239
radio 8 34753
radio 8 34770
radio 8 35284
radio 8 35301
radio 8 35815
radio 8 35865
radio 8 36379
radio 8 36411
radio 8 36925
radio 8 36976
radio 8 37490
radio 8 37546
radio 8 38060
radio 8 38077
radio 8 38591
radio 8 38608
radio 8 39122
radio 8 39150
radio 8 39664
radio 8 39693
radio 8 40207
radio 8 40238
radio 8 40752
radio 8 40769
radio 8 41283
radio 8 41300
radio 8 41813
radio 8 41830
radio 8 42344
radio 8 42374
radio 8 42888
radio 8 42917
radio 8 43431
radio 8 43448
radio 8 43962
radio 8 43979
radio 8 44493
delay 62 49 8 44560 8 54230 14 0 65535 0 11450 0 1
radio 8 45633
radio 8 46147
radio 8 46179
radio 8 46693
radio 8 46722
radio 8 47236
radio 8 47253
radio 8 47767
radio 8 47819
radio 8 48333
radio 8 48368
radio 8 48882
radio 8 48957
radio 8 49471
radio 8 49501
radio 8 50015
radio 8 50063
radio 8 50577
radio 8 50607
radio 8 51121
radio 8 51138
radio 8 51652
radio 8 51700
radio 8 52214
radio 8 52250
radio 8 52764
radio 8 52813
radio 8 53327
radio 8 53360
radio 8 53874
radio 8 53904
radio 8 54418
radio 8 54489
radio 8 55003
radio 8 55053
radio 8 55567
radio 8 55615
radio 8 56129
radio 8 56160
radio 8 56674
radio 8 56705
radio 8 57219
radio 8 57254
radio 8 57768
radio 8 57798
radio 8 58312
radio 8 58329
radio 8 58843
radio 8 58898
radio 8 59412
radio 8 59462
radio 8 59976
delay 62 12 8 60032 8 55786 13 0 65535 0 65535 0 1
radio 8 61093
radio 8 61606
radio 8 61623
radio 8 62137
delay 1000 3 8 62159 8 57321 19 0 65535 0 65535 0 1
radio 8 63224
radio 8 63737
radio 8 63754
radio 8 64268
radio 8 64285
radio 8 64798
radio 8 64828
radio 8 65342
radio 8 65397
radio 9 375
radio 9 407
radio 9 920
radio 9 953
radio 9 1466
radio 9 1535
radio 9 2049
radio 9 2105
radio 9 2619
radio 9 2654
radio 9 3168
radio 9 3185
radio 9 3698
radio 9 3715
radio 9 4228
radio 9 4257
radio 9 4771
radio 9 4800
radio 9 5314
radio 9 5331
radio 9 5844
radio 9 5861
radio 9 6374
radio 9 6405
radio 9 6919
radio 9 6936
radio 9 7449
radio 9 7466
radio 9 7979
radio 9 8011
radio 9 8525
radio 9 8559
radio 9 9073
radio 9 9124
radio 9 9638
radio 9 9687
radio 9 10201
radio 9 10218
radio 9 10732
radio 9 10749
radio 9 11263
radio 9 11280
radio 9 11794
radio 9 11811
radio 9 12324
radio 9 12341
radio 9 12855
radio 9 12905
radio 9 13419
radio 9 13447
radio 9 13961
delay 1000 3 9 14025 9 57322 19 0 65535 0 43728 0 1
radio 9 15088
radio 9 15601
radio 9 15618
radio 9 16132
radio 9 16149
radio 9 16663
radio 9 16699
radio 9 17213
radio 9 17242
radio 9 17756
radio 9 17773
radio 9 18287
radio 9 18317
energy 9 18653 8 30800
radio 9 18831
radio 9 18879
radio 9 19393
radio 9 19424
radio 9 19938
radio 9 19955
radio 9 20469
radio 9 20486
radio 9 21000
radio 9 21036
radio 9 21550
radio 9 21602
radio 9 22116
radio 9 22164
radio 9 22678
radio 9 22729
radio 9 23243
radio 9 23260
radio 9 23774
radio 9 23791
radio 9 24304
radio 9 24321
radio 9 24834
radio 9 24863
radio 9 25377
radio 9 25408
radio 9 25922
radio 9 25939
radio 9 26453
radio 9 26484
radio 9 26998
radio 9 27052
radio 9 27566
radio 9 27583
radio 9 28097
radio 9 28128
radio 9 28642
radio 9 28694
radio 9 29208
radio 9 29261
radio 9 29775
radio 9 29848
radio 9 30362
radio 9 30417
radio 9 30931
radio 9 30962
radio 9 31476
radio 9 31527
radio 9 32041
radio 9 32094
radio 9 32608
radio 9 32637
radio 9 33151
radio 9 33199
radio 9 33713
radio 9 33743
radio 9 34257
radio 9 34288
radio 9 34802
radio 9 34838
radio 9 35352
radio 9 35369
radio 9 35883
radio 9 35935
radio 9 36449
radio 9 36497
radio 9 37011
radio 9 37041
radio 9 37555
radio 9 37572
radio 9 38086
radio 9 38139
radio 9 38653
radio 9 38681
radio 9 39195
radio 9 39212
radio 9 39726
radio 9 39776
radio 9 40290
radio 9 40340
radio 9 40854
radio 9 40903
radio 9 41417
radio 9 41450
radio 9 41964
radio 9 41981
radio 9 42494
radio 9 42526
radio 9 43040
radio 9 43057
radio 9 43571
radio 9 43588
radio 9 44102
radio 9 44133
radio 9 44647
radio 9 44664
radio 9 45178
radio 9 45195
radio 9 45709
radio 9 45726
radio 9 46240
radio 9 46257
radio 9 46771
radio 9 46806
radio 9 47320
radio 9 47348
radio 9 47862
radio 9 47894
radio 9 48408
radio 9 48437
radio 9 48951
radio 9 48982
radio 9 49496
radio 9 49530
radio 9 50044
radio 9 50079
radio 9 50593
radio 9 50641
radio 9 51155
radio 9 51183
radio 9 51697
radio 9 51726
radio 9 52240
radio 9 52257
radio 9 52771
radio 9 52788
radio 9 53302
radio 9 53319
radio 9 53833
radio 9 53863
radio 9 54377
radio 9 54427
radio 9 54941
radio 9 54974
radio 9 55488
radio 9 55543
radio 9 56057
radio 9 56107
radio 9 56621
radio 9 56651
radio 9 57165
radio 9 57182
radio 9 57696
radio 9 57713
radio 9 58227
radio 9 58244
radio 9 58758
radio 9 58788
radio 9 59302
radio 9 59338
radio 9 59852
radio 9 59869
radio 9 60383
radio 9 60413
radio 9 60927
radio 9 60944
radio 9 61458
radio 9 61515
radio 9 62029
radio 9 62084
radio 9 62598
radio 9 62629
radio 9 63143
radio 9 63160
radio 9 63673
radio 9 63723
radio 9 64237
radio 9 64266
radio 9 64780
radio 9 64815
radio 9 65329
radio 9 65438
radio 10 416
radio 10 447
radio 10 961
radio 10 989
radio 10 1503
radio 10 1531
radio 10 2045
radio 10 2073
radio 10 2587
radio 10 2615
radio 10 3129
radio 10 3157
radio 10 3671
radio 10 3699
radio 10 4213
radio 10 4262
radio 10 4776
radio 10 4826
radio 10 5340
radio 10 5375
radio 10 5889
radio 10 5944
radio 10 6458
radio 10 6507
radio 10 7021
radio 10 7070
radio 10 7584
radio 10 7617
radio 10 8131
radio 10 8180
radio 10 8694
radio 10 8764
radio 10 9278
radio 10 9309
radio 10 9823
radio 10 9859
radio 10 10373
radio 10 10409
radio 10 10923
radio 10 10951
radio 10 11465
radio 10 11493
radio 10 12007
radio 10 12036
radio 10 12550
radio 10 12582
radio 10 13096
radio 10 13147
radio 10 13661
radio 10 13694
radio 10 14208
radio 10 14237
flood 0 10 14557
energy 10 14559 8 34005
radio 10 14561
radio 10 15793
radio 10 16307
radio 10 16363
radio 10 16877
radio 10 16906
radio 10 17420
radio 10 17475
radio 10 17989
radio 10 18142
radio 10 18656
radio 10 18708
radio 10 19222
radio 10 19251
radio 10 19765
radio 10 19816
radio 10 20330
radio 10 20363
radio 10 20877
radio 10 20905
radio 10 21419
radio 10 21467
radio 10 21981
radio 10 22009
radio 10 22523
radio 10 22555
radio 10 23069
radio 10 23086
radio 10 23600
radio 10 23617
radio 10 24131
radio 10 24159
radio 10 24673
radio 10 24703
radio 10 25217
radio 10 25246
radio 10 25760
radio 10 25793
radio 10 26307
radio 10 26357
radio 10 26871
radio 10 26902
radio 10 27416
radio 10 27445
radio 10 27959
radio 10 27987
radio 10 28501
radio 10 28531
radio 10 29045
radio 10 29062
radio 10 29576
radio 10 29593
radio 10 30107
radio 10 30136
radio 10 30650
radio 10 30681
radio 10 31195
radio 10 31223
radio 10 31737
radio 10 31766
radio 10 32280
radio 10 32311
radio 10 32825
radio 10 32855
radio 10 33369
radio 10 33419
radio 10 33933
radio 10 33983
radio 10 34497
radio 10 34530
flood 1 10 35037
radio 10 35039
radio 10 36118
radio 10 36632
radio 10 36649
radio 10 37163
radio 10 37180
radio 10 37694
radio 10 37728
radio 10 38242
radio 10 38259
radio 10 38773
radio 10 38790
radio 10 39304
radio 10 39358
radio 10 39872
radio 10 39908
radio 10 40422
radio 10 40439
radio 10 40953
radio 10 40988
radio 10 41502
radio 10 41519
radio 10 42033
radio 10 42064
radio 10 42578
radio 10 42609
radio 10 43123
radio 10 43156
radio 10 43670
radio 10 43687
radio 10 44201
radio 10 44255
radio 10 44769
radio 10 44801
radio 10 45315
radio 10 45343
radio 10 45857
radio 10 45886
radio 10 46400
radio 10 46456
radio 10 46970
radio 10 47001
radio 10 47515
radio 10 47545
radio 10 48059
radio 10 48093
radio 10 48607
radio 10 48657
radio 10 49171
radio 10 49204
radio 10 49718
radio 10 49749
radio 10 50263
radio 10 50336
radio 10 50850
radio 10 50899
radio 10 51413
radio 10 51446
radio 10 51960
radio 10 52016
radio 10 52530
radio 10 52563
radio 10 53077
radio 10 53171
radio 10 53685
radio 10 53721
radio 10 54235
radio 10 54252
radio 10 54766
radio 10 54796
radio 10 55310
radio 10 55339
flood 2 10 55517
radio 10 55519
radio 10 56598
radio 10 57112
radio 10 57133
radio 10 57646
radio 10 57676
radio 10 58190
radio 10 58241
radio 10 58755
radio 10 58788
radio 10 59302
radio 10 59352
radio 10 59866
radio 10 59897
radio 10 60411
radio 10 60441
radio 10 60955
radio 10 60972
radio 10 61486
radio 10 61517
radio 10 62031
radio 10 62085
radio 10 62599
radio 10 62634
radio 10 63148
radio 10 63165
radio 10 63679
radio 10 63709
radio 10 64223
radio 10 64240
radio 10 64754
radio 10 64771
radio 10 65285
radio 10 65335
radio 11 313
radio 11 330
radio 11 843
radio 11 871
radio 11 1385
radio 11 1434
radio 11 1948
radio 11 1997
radio 11 2511
radio 11 2542
radio 11 3056
radio 11 3088
radio 11 3602
radio 11 3619
radio 11 4133
radio 11 4164
radio 11 4678
radio 11 4708
radio 11 5222
radio 11 5251
radio 11 5765
radio 11 5782
radio 11 6296
radio 11 6327
radio 11 6841
radio 11 6892
radio 11 7406
radio 11 7435
radio 11 7949
radio 11 7978
radio 11 8492
radio 11 8509
radio 11 9023
radio 11 9040
radio 11 9554
radio 11 9586
radio 11 10100
radio 11 10132
flood 3 11 10461
energy 11 10463 8 40314
radio 11 10465
radio 11 11543
radio 11 12057
radio 11 12185
radio 11 12699
radio 11 12716
radio 11 13230
radio 11 13285
radio 11 13799
radio 11 13848
radio 11 14362
radio 11 14391
radio 11 14905
radio 11 14936
radio 11 15450
radio 11 15479
radio 11 15993
radio 11 16010
radio 11 16524
radio 11 16577
radio 11 17091
radio 11 17120
radio 11 17634
radio 11 17665
radio 11 18179
radio 11 18208
radio 11 18722
radio 11 18777
radio 11 19291
radio 11 19340
radio 11 19854
radio 11 19885
radio 11 20399
radio 11 20416
radio 11 20930
radio 11 20981
radio 11 21495
radio 11 21524
radio 11 22038
radio 11 22093
radio 11 22607
radio 11 22656
radio 11 23170
radio 11 23218
radio 11 23732
radio 11 23781
radio 11 24295
radio 11 24329
radio 11 24843
radio 11 24860
radio 11 25374
radio 11 25423
radio 11 25937
radio 11 25968
radio 11 26482
radio 11 26531
radio 11 27045
radio 11 27062
radio 11 27576
radio 11 27612
radio 11 28126
radio 11 28163
radio 11 28677
radio 11 28694
radio 11 29208
radio 11 29260
radio 11 29774
radio 11 29791
radio 11 30305
radio 11 30335
radio 11 30849
radio 11 30866
flood 4 11 30941
radio 11 30943
radio 11 32008
radio 11 32521
radio 11 32594
radio 11 33108
radio 11 33139
radio 11 33653
radio 11 33687
radio 11 34201
radio 11 34257
radio 11 34771
radio 11 34803
radio 11 35317
radio 11 35346
radio 11 35860
radio 11 35896
radio 11 36410
radio 11 36464
radio 11 36978
radio 11 37006
