Thread[Thread-1,5,main]tree 17 15 0 12 12 1
radio 8 53463
radio 8 53467
radio 8 53484
radio 8 53998
radio 8 54015
radio 8 54529
radio 8 54546
radio 8 55060
radio 8 55077
radio 8 55590
radio 8 55620
radio 8 56134
radio 8 56151
radio 8 56664
radio 8 56694
radio 8 57208
radio 8 57241
radio 8 57755
radio 8 57772
radio 8 58286
radio 8 58339
radio 8 58853
radio 8 58870
radio 8 59384
delay 62 4 8 59423 8 55268 13 7 65535 0 65535 0 1
radio 8 60496
radio 8 61010
radio 8 61044
radio 8 61558
delay 1000 12 8 61572 8 56810 13 7 65535 0 65535 0 1
radio 8 62638
radio 8 63151
radio 8 63168
radio 8 63682
radio 8 63699
radio 8 64212
radio 8 64229
radio 8 64743
radio 8 64760
radio 8 65273
radio 8 65307
radio 9 285
radio 9 318
radio 9 831
radio 9 848
radio 9 1361
radio 9 1378
radio 9 1891
radio 9 1922
radio 9 2436
radio 9 2453
radio 9 2966
radio 9 2983
radio 9 3496
radio 9 3528
radio 9 4042
radio 9 4059
radio 9 4572
radio 9 4589
radio 9 5102
radio 9 5155
radio 9 5669
radio 9 5700
radio 9 6214
radio 9 6267
radio 9 6781
radio 9 6798
radio 9 7311
radio 9 7328
radio 9 7841
radio 9 7858
radio 9 8371
radio 9 8388
radio 9 8901
radio 9 8918
radio 9 9431
radio 9 9448
radio 9 9961
radio 9 9978
radio 9 10491
radio 9 10524
radio 9 11038
radio 9 11055
radio 9 11568
radio 9 11585
radio 9 12099
radio 9 12116
radio 9 12630
radio 9 12660
radio 9 13174
delay 1000 4 9 13187 9 55523 13 7 65535 0 41316 0 1
radio 9 14244
radio 9 14758
radio 9 14775
radio 9 15288
radio 9 15305
radio 9 15818
radio 9 15835
radio 9 16348
radio 9 16378
radio 9 16892
radio 9 16925
radio 9 17439
radio 9 17456
radio 9 17970
radio 9 17987
radio 9 18501
radio 9 18518
radio 9 19032
radio 9 19049
radio 9 19562
radio 9 19593
radio 9 20107
radio 9 20124
radio 9 20637
radio 9 20654
radio 9 21168
radio 9 21185
radio 9 21699
radio 9 21734
radio 9 22248
radio 9 22265
radio 9 22779
radio 9 22796
radio 9 23310
radio 9 23327
radio 9 23841
radio 9 23873
radio 9 24387
radio 9 24404
radio 9 24917
radio 9 24967
radio 9 25481
radio 9 25498
radio 9 26011
radio 9 26044
radio 9 26558
radio 9 26575
radio 9 27089
radio 9 27106
radio 9 27619
radio 9 27636
radio 9 28149
radio 9 28166
radio 9 28679
radio 9 28696
radio 9 29210
radio 9 29227
radio 9 29741
radio 9 29758
radio 9 30271
radio 9 30288
radio 9 30802
radio 9 30819
radio 9 31333
radio 9 31350
radio 9 31864
radio 9 31881
radio 9 32395
radio 9 32425
radio 9 32939
radio 9 32956
radio 9 33470
radio 9 33500
radio 9 34014
radio 9 34031
radio 9 34544
radio 9 34561
radio 9 35075
radio 9 35092
radio 9 35606
radio 9 35623
radio 9 36137
radio 9 36154
radio 9 36667
radio 9 36698
radio 9 37212
radio 9 37229
radio 9 37743
radio 9 37760
radio 9 38274
radio 9 38291
radio 9 38804
radio 9 38821
radio 9 39334
radio 9 39364
radio 9 39878
radio 9 39895
radio 9 40409
radio 9 40426
radio 9 40939
radio 9 40956
radio 9 41470
radio 9 41487
radio 9 42001
radio 9 42030
radio 9 42544
radio 9 42575
radio 9 43089
radio 9 43106
radio 9 43620
radio 9 43649
radio 9 44163
radio 9 44180
radio 9 44694
radio 9 44725
radio 9 45239
radio 9 45314
radio 9 45828
radio 9 45858
radio 9 46372
radio 9 46389
radio 9 46903
radio 9 46954
radio 9 47468
radio 9 47519
radio 9 48033
radio 9 48050
radio 9 48563
radio 9 48580
radio 9 49094
radio 9 49111
energy 9 49379 8 58454
radio 9 49624
radio 9 49641
radio 9 50155
radio 9 50206
radio 9 50720
radio 9 50769
radio 9 51283
radio 9 51312
radio 9 51826
radio 9 51856
radio 9 52370
radio 9 52387
radio 9 52900
radio 9 52917
radio 9 53430
radio 9 53447
radio 9 53961
radio 9 53978
radio 9 54492
radio 9 54509
radio 9 55022
radio 9 55050
radio 9 55564
radio 9 55581
radio 9 56094
radio 9 56111
radio 9 56625
radio 9 56642
radio 9 57156
radio 9 57173
radio 9 57687
radio 9 57718
radio 9 58232
radio 9 58249
radio 9 58763
radio 9 58780
radio 9 59294
radio 9 59311
radio 9 59825
radio 9 59842
radio 9 60356
radio 9 60373
radio 9 60886
radio 9 60922
radio 9 61436
radio 9 61453
radio 9 61966
radio 9 61997
radio 9 62511
radio 9 62541
radio 9 63055
radio 9 63072
radio 9 63585
radio 9 63602
radio 9 64116
radio 9 64133
radio 9 64647
radio 9 64664
radio 9 65177
radio 9 65247
radio 10 225
radio 10 242
radio 10 755
radio 10 772
radio 10 1285
radio 10 1337
radio 10 1851
radio 10 1868
radio 10 2381
radio 10 2416
radio 10 2930
radio 10 2947
radio 10 3461
radio 10 3512
radio 10 4026
radio 10 4043
radio 10 4556
radio 10 4573
radio 10 5086
radio 10 5103
radio 10 5617
radio 10 5634
radio 10 6148
radio 10 6197
radio 10 6711
radio 10 6763
radio 10 7277
radio 10 7294
radio 10 7807
radio 10 7875
radio 10 8389
radio 10 8406
radio 10 8919
radio 10 8936
radio 10 9449
radio 10 9482
radio 10 9996
radio 10 10013
radio 10 10527
radio 10 10559
radio 10 11073
radio 10 11123
radio 10 11637
radio 10 11654
radio 10 12168
radio 10 12185
radio 10 12699
radio 10 12716
radio 10 13230
radio 10 13247
radio 10 13761
radio 10 13778
radio 10 14292
delay 0 10 10 14636 10 15104 12 7 65535 0 113 1 1
radio 10 15712
radio 10 16226
radio 10 16255
radio 10 16769
radio 10 16786
radio 10 17300
radio 10 17329
radio 10 17843
radio 10 17876
radio 10 18390
radio 10 18407
radio 10 18921
radio 10 18938
radio 10 19452
radio 10 19469
radio 10 19983
radio 10 20017
radio 10 20531
radio 10 20548
radio 10 21062
radio 10 21079
radio 10 21593
radio 10 21623
radio 10 22137
radio 10 22154
radio 10 22668
radio 10 22701
radio 10 23215
radio 10 23232
radio 10 23746
radio 10 23763
radio 10 24277
radio 10 24294
radio 10 24808
radio 10 24858
radio 10 25372
radio 10 25389
radio 10 25903
radio 10 25920
radio 10 26434
radio 10 26468
radio 10 26982
radio 10 26999
radio 10 27513
radio 10 27530
radio 10 28044
radio 10 28061
radio 10 28575
radio 10 28606
radio 10 29120
radio 10 29137
radio 10 29651
radio 10 29668
radio 10 30182
radio 10 30217
radio 10 30731
radio 10 30748
radio 10 31262
radio 10 31296
radio 10 31810
radio 10 31845
radio 10 32359
radio 10 32376
radio 10 32890
radio 10 32907
radio 10 33421
radio 10 33449
radio 10 33963
radio 10 33980
radio 10 34494
delay 1 0 10 34514 10 35231 0 7 7 0 180 0 1
radio 10 35718
radio 10 36231
radio 10 36282
radio 10 36796
radio 10 36830
radio 10 37344
radio 10 37361
radio 10 37875
radio 10 37906
radio 10 38420
radio 10 38437
radio 10 38951
radio 10 38981
radio 10 39495
radio 10 39547
radio 10 40061
radio 10 40078
radio 10 40592
radio 10 40621
radio 10 41135
radio 10 41152
radio 10 41666
radio 10 41683
radio 10 42197
radio 10 42226
radio 10 42740
radio 10 42757
radio 10 43271
radio 10 43305
radio 10 43819
radio 10 43836
radio 10 44350
radio 10 44367
radio 10 44881
radio 10 44898
energy 10 45283 8 63088
radio 10 45412
radio 10 45430
radio 10 45943
radio 10 45972
radio 10 46486
radio 10 46503
radio 10 47017
radio 10 47046
radio 10 47560
radio 10 47577
radio 10 48091
radio 10 48142
radio 10 48656
radio 10 48673
radio 10 49187
radio 10 49223
radio 10 49737
radio 10 49754
radio 10 50268
radio 10 50285
radio 10 50799
radio 10 50816
radio 10 51330
radio 10 51347
radio 10 51861
radio 10 51878
radio 10 52392
radio 10 52448
radio 10 52962
radio 10 52979
radio 10 53493
radio 10 53510
radio 10 54024
radio 10 54041
radio 10 54555
radio 10 54572
radio 10 55086
delay 2 13 10 55128 10 55472 13 7 65535 0 190 1 1
radio 10 56212
radio 10 56725
radio 10 56770
radio 10 57283
radio 10 57300
radio 10 57814
radio 10 57831
radio 10 58345
radio 10 58381
radio 10 58895
radio 10 58946
radio 10 59460
radio 10 59477
radio 10 59991
radio 10 60024
radio 10 60538
radio 10 60586
radio 10 61100
radio 10 61131
radio 10 61645
radio 10 61662
radio 10 62176
radio 10 62193
radio 10 62707
radio 10 62740
radio 10 63254
radio 10 63271
radio 10 63785
radio 10 63833
radio 10 64347
radio 10 64395
radio 10 64909
radio 10 64940
radio 10 65454
radio 10 65471
radio 11 449
radio 11 466
radio 11 979
radio 11 996
radio 11 1509
radio 11 1545
radio 11 2059
radio 11 2076
radio 11 2590
radio 11 2621
radio 11 3135
radio 11 3152
radio 11 3665
radio 11 3682
radio 11 4195
radio 11 4212
radio 11 4725
radio 11 4742
radio 11 5256
radio 11 5273
radio 11 5786
radio 11 5803
radio 11 6317
radio 11 6334
radio 11 6848
radio 11 6865
radio 11 7378
radio 11 7395
radio 11 7908
radio 11 7936
radio 11 8450
radio 11 8467
radio 11 8980
radio 11 8997
radio 11 9510
radio 11 9560
radio 11 10074
delay 3 12 11 10090 11 10490 13 7 65535 0 109 0 1
radio 11 11166
radio 11 11680
radio 11 11697
radio 11 12211
radio 11 12228
radio 11 12742
radio 11 12759
radio 11 13273
radio 11 13290
radio 11 13804
radio 11 13855
radio 11 14369
radio 11 14386
radio 11 14900
radio 11 14917
radio 11 15431
radio 11 15448
radio 11 15962
radio 11 15991
radio 11 16505
radio 11 16522
radio 11 17036
radio 11 17068
radio 11 17582
radio 11 17616
radio 11 18130
radio 11 18147
radio 11 18661
radio 11 18678
radio 11 19192
radio 11 19226
radio 11 19740
radio 11 19757
radio 11 20271
radio 11 20326
radio 11 20840
radio 11 20857
radio 11 21371
radio 11 21388
radio 11 21902
radio 11 21919
radio 11 22433
radio 11 22467
radio 11 22981
radio 11 23017
radio 11 23531
radio 11 23581
radio 11 24095
radio 11 24126
radio 11 24640
radio 11 24672
radio 11 25186
radio 11 25220
radio 11 25734
radio 11 25768
radio 11 26282
radio 11 26299
radio 11 26813
radio 11 26843
radio 11 27357
radio 11 27391
radio 11 27905
radio 11 27922
radio 11 28436
radio 11 28453
radio 11 28967
radio 11 28984
radio 11 29498
radio 11 29552
radio 11 30066
radio 11 30083
radio 11 30597
delay 4 10 11 31114 11 31583 12 7 65535 0 453 0 1
radio 11 32182
radio 11 32695
radio 11 32712
radio 11 33226
radio 11 33256
radio 11 33770
radio 11 33787
radio 11 34301
radio 11 34318
radio 11 34832
radio 11 34849
radio 11 35363
radio 11 35380
radio 11 35894
radio 11 35911
radio 11 36425
radio 11 36442
