Thread[Thread-1,5,main]tree 25 45 12 12 1 1
radio 9 6351
radio 9 6355
radio 9 6407
radio 9 6921
radio 9 6972
radio 9 7486
radio 9 7515
radio 9 8029
radio 9 8078
radio 9 8592
radio 9 8645
radio 9 9159
radio 9 9193
radio 9 9707
radio 9 9756
radio 9 10270
radio 9 10318
radio 9 10832
radio 9 10881
radio 9 11395
radio 9 11424
radio 9 11938
radio 9 11967
radio 9 12481
radio 9 12529
radio 9 13043
delay 1000 46 9 13054 9 56548 20 20 65535 0 43832 0 1
radio 9 14129
radio 9 14642
radio 9 14679
radio 9 15192
radio 9 15216
radio 9 15729
radio 9 15777
radio 9 16291
radio 9 16320
radio 9 16834
radio 9 16865
radio 9 17379
radio 9 17409
radio 9 17923
radio 9 17996
radio 9 18510
radio 9 18539
radio 9 19053
radio 9 19082
radio 9 19596
radio 9 19628
radio 9 20142
radio 9 20212
radio 9 20726
radio 9 20776
radio 9 21290
radio 9 21358
radio 9 21872
radio 9 21924
radio 9 22438
radio 9 22489
radio 9 23003
radio 9 23034
radio 9 23548
radio 9 23577
radio 9 24091
radio 9 24120
radio 9 24634
radio 9 24665
radio 9 25179
radio 9 25211
radio 9 25725
radio 9 25761
radio 9 26275
radio 9 26331
radio 9 26845
radio 9 26894
radio 9 27408
radio 9 27443
radio 9 27957
radio 9 28007
radio 9 28521
radio 9 28571
radio 9 29085
radio 9 29115
radio 9 29629
radio 9 29679
radio 9 30193
radio 9 30246
radio 9 30760
radio 9 30793
radio 9 31307
radio 9 31363
radio 9 31877
radio 9 31928
radio 9 32442
radio 9 32516
radio 9 33030
radio 9 33080
radio 9 33594
radio 9 33626
radio 9 34140
radio 9 34168
radio 9 34682
radio 9 34710
radio 9 35224
radio 9 35280
radio 9 35794
radio 9 35825
radio 9 36339
radio 9 36367
radio 9 36881
radio 9 36910
radio 9 37424
radio 9 37456
radio 9 37970
radio 9 37999
radio 9 38513
radio 9 38562
radio 9 39076
radio 9 39127
radio 9 39641
radio 9 39669
radio 9 40183
radio 9 40215
radio 9 40729
radio 9 40758
radio 9 41272
radio 9 41401
radio 9 41915
radio 9 41944
radio 9 42458
radio 9 42488
radio 9 43002
radio 9 43036
radio 9 43550
radio 9 43579
radio 9 44093
radio 9 44126
radio 9 44640
radio 9 44670
radio 9 45184
radio 9 45213
radio 9 45727
radio 9 45758
radio 9 46272
radio 9 46322
radio 9 46836
radio 9 46868
radio 9 47382
radio 9 47418
radio 9 47932
radio 9 47963
radio 9 48477
radio 9 48529
radio 9 49043
radio 9 49074
radio 9 49588
radio 9 49617
radio 9 50131
radio 9 50159
radio 9 50673
radio 9 50702
radio 9 51216
radio 9 51249
radio 9 51763
radio 9 51812
radio 9 52326
radio 9 52436
radio 9 52950
radio 9 53001
radio 9 53515
radio 9 53565
radio 9 54079
radio 9 54111
radio 9 54625
radio 9 54673
radio 9 55187
radio 9 55239
radio 9 55753
radio 9 55786
radio 9 56300
radio 9 56356
radio 9 56870
radio 9 56922
radio 9 57436
radio 9 57468
radio 9 57982
radio 9 58038
radio 9 58552
radio 9 58584
radio 9 59098
radio 9 59148
radio 9 59662
radio 9 59711
radio 9 60225
radio 9 60257
radio 9 60771
radio 9 60827
radio 9 61341
radio 9 61393
radio 9 61907
radio 9 61939
radio 9 62453
radio 9 62502
radio 9 63016
radio 9 63066
radio 9 63580
radio 9 63629
radio 9 64143
radio 9 64173
radio 9 64687
radio 9 64716
radio 9 65230
radio 9 65262
radio 10 240
radio 10 288
radio 10 802
radio 10 855
radio 10 1369
radio 10 1397
radio 10 1911
radio 10 1943
energy 10 2267 9 11314
radio 10 2457
radio 10 2486
radio 10 3000
radio 10 3056
radio 10 3570
radio 10 3619
radio 10 4133
radio 10 4162
radio 10 4676
radio 10 4725
radio 10 5239
radio 10 5288
radio 10 5802
radio 10 5851
radio 10 6365
radio 10 6395
radio 10 6909
radio 10 6938
radio 10 7452
radio 10 7487
radio 10 8001
radio 10 8049
radio 10 8563
radio 10 8596
radio 10 9110
radio 10 9140
radio 10 9654
radio 10 9688
radio 10 10202
radio 10 10230
radio 10 10744
radio 10 10772
radio 10 11286
radio 10 11374
radio 10 11888
radio 10 11922
radio 10 12436
radio 10 12489
radio 10 13003
radio 10 13054
radio 10 13568
radio 10 13597
radio 10 14111
delay 0 35 10 14127 10 14280 20 20 65535 0 250 0 1
radio 10 15206
radio 10 15719
radio 10 15749
radio 10 16263
radio 10 16291
radio 10 16805
radio 10 16833
radio 10 17347
radio 10 17375
radio 10 17889
radio 10 17937
radio 10 18451
radio 10 18500
radio 10 19014
radio 10 19063
radio 10 19577
radio 10 19609
radio 10 20123
radio 10 20151
radio 10 20665
radio 10 20693
radio 10 21207
radio 10 21235
radio 10 21749
radio 10 21817
radio 10 22331
radio 10 22379
radio 10 22893
radio 10 22946
radio 10 23460
radio 10 23490
radio 10 24004
radio 10 24034
radio 10 24548
radio 10 24579
radio 10 25093
radio 10 25185
radio 10 25699
radio 10 25731
radio 10 26245
radio 10 26274
radio 10 26788
radio 10 26823
radio 10 27337
radio 10 27373
radio 10 27887
radio 10 27937
radio 10 28451
radio 10 28499
radio 10 29013
radio 10 29065
radio 10 29579
radio 10 29613
radio 10 30127
radio 10 30181
radio 10 30695
radio 10 30724
radio 10 31238
radio 10 31270
radio 10 31784
radio 10 31813
radio 10 32327
radio 10 32375
radio 10 32889
radio 10 32937
radio 10 33451
radio 10 33522
radio 10 34036
radio 10 34087
radio 10 34601
delay 1 12 10 34752 10 35224 13 20 7 0 297 0 1
radio 10 35869
radio 10 36383
radio 10 36434
radio 10 36948
radio 10 36980
radio 10 37494
radio 10 37525
radio 10 38039
radio 10 38071
radio 10 38585
radio 10 38639
radio 10 39153
radio 10 39182
radio 10 39696
radio 10 39749
radio 10 40263
radio 10 40316
radio 10 40830
radio 10 40862
radio 10 41376
radio 10 41432
radio 10 41946
radio 10 41995
radio 10 42509
radio 10 42537
radio 10 43051
radio 10 43105
radio 10 43619
radio 10 43674
radio 10 44188
radio 10 44260
radio 10 44774
radio 10 44823
radio 10 45337
radio 10 45370
radio 10 45884
radio 10 45914
radio 10 46428
radio 10 46461
radio 10 46975
radio 10 47024
radio 10 47538
radio 10 47571
radio 10 48085
radio 10 48133
radio 10 48647
radio 10 48677
radio 10 49191
radio 10 49260
radio 10 49774
radio 10 49825
radio 10 50339
radio 10 50370
radio 10 50884
radio 10 50914
radio 10 51428
radio 10 51464
radio 10 51978
radio 10 52014
radio 10 52528
radio 10 52556
radio 10 53070
radio 10 53098
radio 10 53612
radio 10 53640
radio 10 54154
radio 10 54182
radio 10 54696
radio 10 54744
radio 10 55258
delay 2 46 10 55995 10 55832 20 20 65535 0 857 0 1
radio 10 57069
radio 10 57583
radio 10 57615
radio 10 58129
radio 10 58177
radio 10 58691
radio 10 58721
radio 10 59235
radio 10 59266
radio 10 59780
radio 10 59808
radio 10 60322
radio 10 60350
radio 10 60864
radio 10 60932
radio 10 61446
radio 10 61534
radio 10 62048
radio 10 62077
radio 10 62591
radio 10 62644
radio 10 63158
radio 10 63208
energy 10 63707 9 19019
radio 10 63722
radio 10 63771
radio 10 64285
radio 10 64333
radio 10 64847
radio 10 64879
radio 10 65393
radio 10 65443
radio 11 421
radio 11 493
radio 11 1007
radio 11 1057
radio 11 1571
radio 11 1619
radio 11 2133
radio 11 2184
radio 11 2698
radio 11 2727
radio 11 3241
radio 11 3296
radio 11 3810
radio 11 3859
radio 11 4373
radio 11 4409
radio 11 4923
radio 11 4971
radio 11 5485
radio 11 5538
radio 11 6052
radio 11 6085
radio 11 6599
radio 11 6652
radio 11 7166
radio 11 7214
radio 11 7728
radio 11 7758
radio 11 8272
radio 11 8301
radio 11 8815
radio 11 8843
radio 11 9357
radio 11 9391
radio 11 9905
delay 3 15 11 10002 11 10427 25 20 65535 0 174 0 1
radio 11 11077
radio 11 11591
radio 11 11621
radio 11 12135
radio 11 12163
radio 11 12677
radio 11 12707
radio 11 13221
radio 11 13250
radio 11 13764
radio 11 13793
radio 11 14307
radio 11 14377
radio 11 14891
radio 11 14940
radio 11 15454
radio 11 15486
radio 11 16000
radio 11 16055
radio 11 16569
radio 11 16617
radio 11 17131
radio 11 17165
radio 11 17679
radio 11 17709
radio 11 18223
radio 11 18251
radio 11 18765
radio 11 18819
radio 11 19333
radio 11 19366
radio 11 19880
radio 11 19910
radio 11 20424
radio 11 20457
radio 11 20971
radio 11 21019
radio 11 21533
radio 11 21581
radio 11 22095
radio 11 22130
radio 11 22644
radio 11 22672
radio 11 23186
radio 11 23221
radio 11 23735
radio 11 23787
radio 11 24301
radio 11 24337
radio 11 24851
radio 11 24905
radio 11 25419
radio 11 25448
radio 11 25962
radio 11 26016
radio 11 26530
radio 11 26582
radio 11 27096
radio 11 27129
radio 11 27643
radio 11 27692
radio 11 28206
radio 11 28298
radio 11 28812
radio 11 28846
radio 11 29360
radio 11 29414
radio 11 29928
radio 11 29958
radio 11 30472
delay 4 49 11 30625 11 30026 14 20 6 0 284 0 1
radio 11 31842
radio 11 32355
radio 11 32398
radio 11 32912
radio 11 32944
radio 11 33458
radio 11 33489
radio 11 34003
radio 11 34056
radio 11 34570
radio 11 34618
radio 11 35132
radio 11 35181
radio 11 35695
radio 11 35712
radio 11 36226
radio 11 36256
