Thread[Thread-1,5,main]tree 17 60 47 12 0 0
radio 9 16589
radio 9 16593
radio 9 16624
radio 9 17138
radio 9 17168
radio 9 17682
radio 9 17699
radio 9 18213
radio 9 18243
radio 9 18757
radio 9 18774
radio 9 19288
radio 9 19323
radio 9 19837
radio 9 19854
radio 9 20368
radio 9 20385
radio 9 20899
radio 9 20916
radio 9 21430
radio 9 21464
radio 9 21978
radio 9 22014
radio 9 22528
radio 9 22563
radio 9 23077
radio 9 23106
radio 9 23620
radio 9 23637
radio 9 24151
radio 9 24168
radio 9 24682
radio 9 24699
radio 9 25213
radio 9 25230
radio 9 25744
radio 9 25761
radio 9 26275
radio 9 26310
radio 9 26824
radio 9 26853
radio 9 27367
radio 9 27397
radio 9 27911
radio 9 27940
radio 9 28454
radio 9 28483
radio 9 28997
radio 9 29014
radio 9 29528
radio 9 29577
radio 9 30091
radio 9 30144
radio 9 30658
radio 9 30675
radio 9 31189
radio 9 31206
radio 9 31720
radio 9 31752
radio 9 32266
radio 9 32295
radio 9 32809
radio 9 32826
radio 9 33340
radio 9 33374
radio 9 33888
radio 9 33905
radio 9 34419
radio 9 34436
radio 9 34950
radio 9 34985
radio 9 35499
radio 9 35528
radio 9 36042
radio 9 36072
radio 9 36586
radio 9 36642
radio 9 37156
radio 9 37173
radio 9 37687
radio 9 37717
radio 9 38231
radio 9 38248
radio 9 38762
radio 9 38795
radio 9 39309
radio 9 39326
radio 9 39840
radio 9 39896
radio 9 40410
radio 9 40440
radio 9 40954
radio 9 41009
radio 9 41523
radio 9 41553
radio 9 42067
radio 9 42084
radio 9 42598
radio 9 42615
radio 9 43129
radio 9 43146
radio 9 43660
radio 9 43677
radio 9 44191
radio 9 44222
radio 9 44736
radio 9 44753
radio 9 45267
radio 9 45284
radio 9 45798
radio 9 45827
radio 9 46341
radio 9 46392
radio 9 46906
radio 9 46941
radio 9 47455
radio 9 47490
radio 9 48004
radio 9 48021
radio 9 48535
radio 9 48552
radio 9 49066
radio 9 49119
radio 9 49633
radio 9 49681
radio 9 50195
radio 9 50212
radio 9 50726
radio 9 50743
radio 9 51257
radio 9 51290
radio 9 51804
radio 9 51821
radio 9 52335
radio 9 52370
radio 9 52884
radio 9 52901
radio 9 53415
radio 9 53432
radio 9 53946
radio 9 53963
radio 9 54477
radio 9 54494
radio 9 55008
radio 9 55042
radio 9 55556
radio 9 55588
radio 9 56102
radio 9 56130
radio 9 56644
radio 9 56661
radio 9 57175
radio 9 57192
radio 9 57706
radio 9 57723
radio 9 58237
radio 9 58254
radio 9 58768
radio 9 58800
radio 9 59314
radio 9 59331
radio 9 59845
radio 9 59877
radio 9 60391
radio 9 60446
radio 9 60960
radio 9 60991
radio 9 61505
radio 9 61522
radio 9 62036
radio 9 62053
radio 9 62567
radio 9 62584
radio 9 63098
radio 9 63115
radio 9 63629
radio 9 63658
radio 9 64172
radio 9 64223
radio 9 64737
radio 9 64769
radio 9 65283
radio 9 65315
radio 10 293
radio 10 321
radio 10 835
radio 10 883
radio 10 1397
radio 10 1428
radio 10 1942
radio 10 1972
radio 10 2486
radio 10 2514
radio 10 3028
radio 10 3124
radio 10 3638
radio 10 3672
radio 10 4186
radio 10 4214
radio 10 4728
radio 10 4756
radio 10 5270
radio 10 5298
radio 10 5812
radio 10 5840
radio 10 6354
radio 10 6382
radio 10 6896
radio 10 6924
radio 10 7438
radio 10 7487
radio 10 8001
radio 10 8052
radio 10 8566
radio 10 8596
radio 10 9110
radio 10 9142
radio 10 9656
radio 10 9692
radio 10 10206
radio 10 10242
radio 10 10756
radio 10 10784
radio 10 11298
radio 10 11326
radio 10 11840
radio 10 11869
radio 10 12383
radio 10 12419
energy 10 12505 9 19186
radio 10 12933
radio 10 12969
radio 10 13483
radio 10 13511
radio 10 14025
delay 0 48 10 14305 10 14072 26 26 65535 0 326 0 0
radio 10 14315
radio 10 14829
radio 10 14922
radio 10 15435
radio 10 15482
radio 10 15995
radio 10 16024
radio 10 16538
radio 10 16574
radio 10 17088
radio 10 17137
radio 10 17651
radio 10 17683
radio 10 18197
radio 10 18229
radio 10 18743
radio 10 18812
radio 10 19326
radio 10 19355
radio 10 19869
radio 10 19900
radio 10 20414
radio 10 20443
radio 10 20957
radio 10 21013
radio 10 21527
radio 10 21578
radio 10 22092
radio 10 22121
radio 10 22635
radio 10 22664
radio 10 23178
radio 10 23210
radio 10 23724
radio 10 23779
radio 10 24293
radio 10 24324
radio 10 24838
radio 10 24910
radio 10 25424
radio 10 25454
radio 10 25968
radio 10 25985
radio 10 26499
radio 10 26528
radio 10 27042
radio 10 27073
radio 10 27587
radio 10 27621
radio 10 28135
radio 10 28169
radio 10 28683
radio 10 28713
radio 10 29227
radio 10 29244
radio 10 29758
radio 10 29789
radio 10 30303
radio 10 30334
radio 10 30848
radio 10 30865
radio 10 31379
radio 10 31396
radio 10 31910
radio 10 31959
radio 10 32473
radio 10 32490
radio 10 33004
radio 10 33034
radio 10 33548
radio 10 33599
radio 10 34113
radio 10 34162
radio 10 34676
delay 1 9 10 34774 10 35650 20 26 6 0 135 1 0
radio 10 35840
radio 10 36353
radio 10 36370
radio 10 36884
radio 10 36912
radio 10 37426
radio 10 37443
radio 10 37957
radio 10 38011
radio 10 38525
radio 10 38558
radio 10 39072
radio 10 39106
radio 10 39620
radio 10 39637
radio 10 40151
radio 10 40168
radio 10 40682
radio 10 40753
radio 10 41267
radio 10 41296
radio 10 41810
radio 10 41827
radio 10 42341
radio 10 42372
radio 10 42886
radio 10 42937
radio 10 43451
radio 10 43480
radio 10 43994
radio 10 44011
radio 10 44525
radio 10 44560
radio 10 45074
radio 10 45104
radio 10 45618
radio 10 45635
radio 10 46149
radio 10 46166
radio 10 46680
radio 10 46697
radio 10 47211
radio 10 47267
radio 10 47781
radio 10 47798
radio 10 48312
radio 10 48329
radio 10 48843
radio 10 48860
radio 10 49374
radio 10 49391
radio 10 49905
radio 10 49922
radio 10 50436
radio 10 50487
radio 10 51001
radio 10 51034
radio 10 51548
radio 10 51582
radio 10 52096
radio 10 52125
radio 10 52639
radio 10 52669
radio 10 53183
radio 10 53212
radio 10 53726
radio 10 53755
radio 10 54269
radio 10 54286
radio 10 54800
radio 10 54817
radio 10 55331
delay 2 48 10 55347 10 55107 26 26 65535 0 65535 0 0
radio 10 55356
radio 10 55870
radio 10 55972
radio 10 56485
radio 10 56615
radio 10 57129
radio 10 57176
radio 10 57690
radio 10 57724
radio 10 58238
radio 10 58268
radio 10 58782
radio 10 58799
radio 10 59313
radio 10 59330
radio 10 59844
radio 10 59878
radio 10 60392
radio 10 60448
radio 10 60962
radio 10 61010
radio 10 61524
radio 10 61554
radio 10 62068
radio 10 62122
radio 10 62636
radio 10 62669
radio 10 63183
radio 10 63219
radio 10 63733
radio 10 63750
radio 10 64264
radio 10 64281
radio 10 64795
radio 10 64812
radio 10 65326
radio 10 65376
radio 11 354
radio 11 384
radio 11 898
radio 11 933
radio 11 1447
radio 11 1464
radio 11 1978
radio 11 2009
radio 11 2523
radio 11 2571
radio 11 3085
radio 11 3116
radio 11 3630
radio 11 3666
radio 11 4180
radio 11 4208
radio 11 4722
radio 11 4750
radio 11 5264
radio 11 5300
radio 11 5814
radio 11 5850
radio 11 6364
radio 11 6400
radio 11 6914
radio 11 6965
radio 11 7479
radio 11 7528
radio 11 8042
radio 11 8074
energy 11 8409 9 23695
radio 11 8588
radio 11 8683
radio 11 9197
radio 11 9248
radio 11 9762
radio 11 9779
radio 11 10293
delay 3 29 11 10337 11 10194 25 26 1 0 71 0 0
radio 11 10344
radio 11 10859
radio 11 11179
radio 11 11693
radio 11 11724
radio 11 12238
radio 11 12274
radio 11 12788
radio 11 12837
radio 11 13351
radio 11 13399
radio 11 13913
radio 11 13944
radio 11 14458
radio 11 14489
radio 11 15003
radio 11 15038
radio 11 15552
radio 11 15588
radio 11 16102
radio 11 16119
radio 11 16633
radio 11 16663
radio 11 17177
radio 11 17212
radio 11 17726
radio 11 17757
radio 11 18271
radio 11 18303
radio 11 18817
radio 11 18851
radio 11 19365
radio 11 19394
radio 11 19908
radio 11 19944
radio 11 20458
radio 11 20492
radio 11 21006
radio 11 21035
radio 11 21549
radio 11 21585
radio 11 22099
radio 11 22127
radio 11 22641
radio 11 22696
radio 11 23210
radio 11 23242
radio 11 23756
radio 11 23786
radio 11 24300
radio 11 24317
radio 11 24831
radio 11 24848
radio 11 25362
radio 11 25379
radio 11 25893
radio 11 25945
radio 11 26459
radio 11 26476
radio 11 26990
radio 11 27026
radio 11 27540
radio 11 27574
radio 11 28088
radio 11 28118
radio 11 28632
radio 11 28660
radio 11 29174
radio 11 29202
radio 11 29716
radio 11 29744
radio 11 30258
radio 11 30286
radio 11 30800
delay 4 28 11 30851 11 30596 25 26 1 0 47 1 0
radio 11 31926
radio 11 32440
radio 11 32468
radio 11 32982
radio 11 33013
radio 11 33527
radio 11 33563
radio 11 34077
radio 11 34125
radio 11 34639
radio 11 34656
radio 11 35170
radio 11 35201
radio 11 35715
radio 11 35732
radio 11 36246
radio 11 36263
radio 11 36777
radio 11 36794
