Thread[Thread-1,5,main]tree 125 45 12 12 0 0
radio 9 6378
radio 9 6381
radio 9 6398
radio 9 6912
radio 9 6929
radio 9 7442
radio 9 7474
radio 9 7988
radio 9 8005
radio 9 8518
radio 9 8553
radio 9 9067
radio 9 9121
radio 9 9635
radio 9 9669
radio 9 10183
radio 9 10200
radio 9 10714
radio 9 10783
radio 9 11297
radio 9 11352
radio 9 11866
radio 9 11915
radio 9 12429
radio 9 12457
radio 9 12971
delay 1000 20 9 12982 9 53973 5 19 14 1 40884 0 0
radio 9 14041
radio 9 14554
radio 9 14572
radio 9 15085
radio 9 15111
radio 9 15624
radio 9 15641
radio 9 16154
radio 9 16171
radio 9 16685
radio 9 16736
radio 9 17250
radio 9 17299
radio 9 17813
radio 9 17843
radio 9 18357
radio 9 18374
radio 9 18888
radio 9 18937
radio 9 19451
radio 9 19482
radio 9 19996
radio 9 20026
radio 9 20540
radio 9 20568
radio 9 21082
radio 9 21117
radio 9 21631
radio 9 21648
radio 9 22162
radio 9 22179
radio 9 22693
radio 9 22744
radio 9 23258
radio 9 23311
radio 9 23825
radio 9 23858
radio 9 24372
radio 9 24424
radio 9 24938
radio 9 24974
radio 9 25488
radio 9 25544
radio 9 26058
radio 9 26088
radio 9 26602
radio 9 26631
radio 9 27145
radio 9 27174
radio 9 27688
radio 9 27705
radio 9 28218
radio 9 28248
radio 9 28762
radio 9 28832
radio 9 29346
radio 9 29363
radio 9 29877
radio 9 29894
radio 9 30408
radio 9 30425
radio 9 30939
radio 9 30973
radio 9 31487
radio 9 31504
radio 9 32018
radio 9 32049
radio 9 32563
radio 9 32591
radio 9 33105
radio 9 33134
radio 9 33648
radio 9 33676
radio 9 34190
radio 9 34246
radio 9 34760
radio 9 34812
radio 9 35326
radio 9 35379
radio 9 35893
radio 9 35910
radio 9 36424
radio 9 36441
radio 9 36955
radio 9 36983
radio 9 37497
radio 9 37528
radio 9 38042
radio 9 38098
radio 9 38612
radio 9 38640
radio 9 39154
radio 9 39171
radio 9 39685
radio 9 39740
radio 9 40254
radio 9 40282
radio 9 40796
radio 9 40831
radio 9 41345
radio 9 41378
radio 9 41892
radio 9 41942
radio 9 42456
radio 9 42488
radio 9 43002
radio 9 43019
radio 9 43533
radio 9 43561
radio 9 44075
radio 9 44104
radio 9 44618
radio 9 44649
radio 9 45163
radio 9 45193
radio 9 45707
radio 9 45756
radio 9 46270
radio 9 46303
radio 9 46817
radio 9 46867
radio 9 47381
radio 9 47432
radio 9 47946
radio 9 47976
radio 9 48490
radio 9 48539
radio 9 49053
radio 9 49109
radio 9 49623
radio 9 49651
radio 9 50165
radio 9 50220
radio 9 50734
radio 9 50786
radio 9 51300
radio 9 51330
radio 9 51844
radio 9 51861
radio 9 52375
radio 9 52427
radio 9 52941
radio 9 52973
radio 9 53487
radio 9 53517
radio 9 54031
radio 9 54048
radio 9 54562
radio 9 54579
radio 9 55093
radio 9 55125
radio 9 55639
radio 9 55671
radio 9 56185
radio 9 56233
radio 9 56747
radio 9 56764
radio 9 57278
radio 9 57307
radio 9 57821
radio 9 57874
radio 9 58388
radio 9 58422
radio 9 58936
radio 9 58968
radio 9 59482
radio 9 59499
radio 9 60013
radio 9 60048
radio 9 60562
radio 9 60579
radio 9 61093
radio 9 61126
radio 9 61640
radio 9 61693
radio 9 62207
radio 9 62239
radio 9 62753
radio 9 62805
radio 9 63319
radio 9 63353
radio 9 63867
radio 9 63884
radio 9 64397
radio 9 64428
radio 9 64942
radio 9 64992
radio 9 65506
radio 9 65534
radio 10 512
radio 10 543
radio 10 1057
radio 10 1089
radio 10 1603
radio 10 1635
radio 10 2149
radio 10 2198
energy 10 2293 9 10518
radio 10 2712
radio 10 2743
radio 10 3257
radio 10 3274
radio 10 3788
radio 10 3841
radio 10 4355
radio 10 4404
radio 10 4918
radio 10 4946
radio 10 5460
radio 10 5477
radio 10 5991
radio 10 6041
radio 10 6555
radio 10 6605
radio 10 7119
radio 10 7147
radio 10 7661
radio 10 7678
radio 10 8192
radio 10 8225
radio 10 8739
radio 10 8775
radio 10 9289
radio 10 9319
radio 10 9833
radio 10 9884
radio 10 10398
radio 10 10415
radio 10 10929
radio 10 10997
radio 10 11511
radio 10 11567
radio 10 12081
radio 10 12130
radio 10 12644
radio 10 12677
radio 10 13191
radio 10 13208
radio 10 13722
radio 10 13756
radio 10 14270
delay 0 12 10 14433 10 14921 13 19 6 0 291 0 0
radio 10 14441
radio 10 14955
radio 10 15029
radio 10 15543
radio 10 15567
radio 10 16081
radio 10 16098
radio 10 16612
radio 10 16705
radio 10 17219
radio 10 17255
radio 10 17769
radio 10 17818
radio 10 18332
radio 10 18349
radio 10 18863
radio 10 18891
radio 10 19405
radio 10 19440
radio 10 19954
radio 10 19971
radio 10 20485
radio 10 20502
radio 10 21016
radio 10 21069
radio 10 21583
radio 10 21632
radio 10 22146
radio 10 22179
radio 10 22693
radio 10 22710
radio 10 23224
radio 10 23273
radio 10 23787
radio 10 23804
radio 10 24318
radio 10 24335
radio 10 24849
radio 10 24866
radio 10 25380
radio 10 25409
radio 10 25923
radio 10 25955
radio 10 26469
radio 10 26523
radio 10 27037
radio 10 27090
radio 10 27604
radio 10 27635
radio 10 28149
radio 10 28201
radio 10 28715
radio 10 28768
radio 10 29282
radio 10 29299
radio 10 29813
radio 10 29830
radio 10 30344
radio 10 30361
radio 10 30875
radio 10 30927
radio 10 31441
radio 10 31494
radio 10 32008
radio 10 32025
radio 10 32539
radio 10 32556
radio 10 33070
radio 10 33087
radio 10 33601
radio 10 33618
radio 10 34132
radio 10 34184
radio 10 34698
delay 1 12 10 34782 10 35270 13 19 6 0 343 0 0
radio 10 34792
radio 10 35305
radio 10 35475
radio 10 35988
radio 10 36100
radio 10 36614
radio 10 36631
radio 10 37145
radio 10 37175
radio 10 37689
radio 10 37706
radio 10 38220
radio 10 38254
radio 10 38768
radio 10 38785
radio 10 39299
radio 10 39316
radio 10 39830
radio 10 39847
radio 10 40361
radio 10 40378
radio 10 40892
radio 10 40928
radio 10 41442
radio 10 41459
radio 10 41973
radio 10 42008
radio 10 42522
radio 10 42571
radio 10 43085
radio 10 43134
radio 10 43648
radio 10 43677
radio 10 44191
radio 10 44246
radio 10 44760
radio 10 44811
radio 10 45325
radio 10 45356
radio 10 45870
radio 10 45887
radio 10 46401
radio 10 46433
radio 10 46947
radio 10 46964
radio 10 47478
radio 10 47495
radio 10 48009
radio 10 48042
radio 10 48556
radio 10 48585
radio 10 49099
radio 10 49116
radio 10 49630
radio 10 49660
radio 10 50174
radio 10 50208
radio 10 50722
radio 10 50739
radio 10 51253
radio 10 51305
radio 10 51819
radio 10 51848
radio 10 52362
radio 10 52379
radio 10 52893
radio 10 52910
radio 10 53424
radio 10 53479
radio 10 53993
radio 10 54021
radio 10 54535
radio 10 54565
radio 10 55079
delay 2 14 10 55095 10 55376 20 19 65535 0 21 1 0
radio 10 56173
radio 10 56687
radio 10 56704
radio 10 57218
radio 10 57247
radio 10 57761
radio 10 57810
radio 10 58324
radio 10 58341
radio 10 58855
radio 10 58872
radio 10 59386
radio 10 59403
radio 10 59917
radio 10 59934
radio 10 60448
radio 10 60500
radio 10 61014
radio 10 61045
radio 10 61559
radio 10 61576
radio 10 62090
radio 10 62140
radio 10 62654
radio 10 62706
radio 10 63220
radio 10 63268
energy 10 63733 9 14908
radio 10 63782
radio 10 63812
radio 10 64326
radio 10 64378
radio 10 64892
radio 10 64926
radio 10 65440
radio 10 65470
radio 11 448
radio 11 465
radio 11 978
radio 11 1008
radio 11 1522
radio 11 1572
radio 11 2086
radio 11 2116
radio 11 2630
radio 11 2659
radio 11 3173
radio 11 3190
radio 11 3704
radio 11 3721
radio 11 4235
radio 11 4252
radio 11 4766
radio 11 4820
radio 11 5334
radio 11 5385
radio 11 5899
radio 11 5927
radio 11 6441
radio 11 6469
radio 11 6983
radio 11 7000
radio 11 7514
radio 11 7531
radio 11 8045
radio 11 8076
radio 11 8590
radio 11 8645
radio 11 9159
radio 11 9176
radio 11 9690
delay 3 0 11 9706 11 10510 0 19 19 1 33 0 0
radio 11 10777
radio 11 11291
radio 11 11338
radio 11 11852
radio 11 11884
radio 11 12398
radio 11 12430
radio 11 12944
radio 11 13000
radio 11 13514
radio 11 13531
radio 11 14045
radio 11 14077
radio 11 14591
radio 11 14623
radio 11 15137
radio 11 15154
radio 11 15668
radio 11 15685
radio 11 16199
radio 11 16252
radio 11 16766
radio 11 16783
radio 11 17297
radio 11 17314
radio 11 17828
radio 11 17845
radio 11 18359
radio 11 18393
radio 11 18907
radio 11 18941
radio 11 19455
radio 11 19505
radio 11 20019
radio 11 20036
radio 11 20550
radio 11 20567
radio 11 21081
radio 11 21117
radio 11 21631
radio 11 21666
radio 11 22180
radio 11 22232
radio 11 22746
radio 11 22763
radio 11 23277
radio 11 23294
radio 11 23808
radio 11 23825
radio 11 24339
radio 11 24356
radio 11 24870
radio 11 24898
radio 11 25412
radio 11 25429
radio 11 25943
radio 11 25971
radio 11 26485
radio 11 26519
radio 11 27033
radio 11 27050
radio 11 27564
radio 11 27596
radio 11 28110
radio 11 28127
radio 11 28641
radio 11 28658
radio 11 29172
radio 11 29225
radio 11 29739
radio 11 29774
radio 11 30288
delay 4 44 11 30419 11 29980 20 19 65535 0 94 1 0
radio 11 31630
radio 11 32143
radio 11 32226
radio 11 32740
radio 11 32757
radio 11 33271
radio 11 33304
radio 11 33818
radio 11 33871
radio 11 34385
radio 11 34420
radio 11 34934
radio 11 35008
radio 11 35522
radio 11 35539
radio 11 36053
radio 11 36104
radio 11 36618
radio 11 36648
