Thread[Thread-1,5,main]tree 25 32 21 12 2 1
radio 8 42185
radio 8 42189
radio 8 42237
radio 8 42751
delay 62 62 8 42775 7 56554 46 14 65535 0 65535 0 1
radio 8 43838
radio 8 44351
radio 8 44385
radio 8 44899
radio 8 44934
radio 8 45448
radio 8 45479
radio 8 45993
radio 8 46026
radio 8 46540
radio 8 46576
radio 8 47090
radio 8 47125
radio 8 47639
radio 8 47674
radio 8 48188
radio 8 48216
radio 8 48730
radio 8 48766
radio 8 49280
radio 8 49316
radio 8 49830
radio 8 49859
radio 8 50373
radio 8 50401
radio 8 50915
radio 8 50948
radio 8 51462
radio 8 51498
radio 8 52012
radio 8 52048
radio 8 52562
radio 8 52613
radio 8 53127
radio 8 53182
radio 8 53696
radio 8 53729
radio 8 54243
radio 8 54299
radio 8 54813
radio 8 54845
radio 8 55359
radio 8 55395
radio 8 55909
radio 8 55944
radio 8 56458
radio 8 56494
radio 8 57008
radio 8 57044
radio 8 57558
radio 8 57593
radio 8 58107
radio 8 58143
radio 8 58657
delay 62 0 8 58705 8 54237 0 14 14 1 65535 0 1
radio 8 59774
radio 8 60287
radio 8 60317
radio 8 60831
delay 1000 12 8 61084 8 54495 13 14 1 0 65535 0 1
radio 8 62145
radio 8 62658
radio 8 62689
radio 8 63203
radio 8 63238
radio 8 63752
radio 8 63788
radio 8 64302
radio 8 64358
radio 8 64872
radio 8 64926
radio 8 65440
radio 8 65470
radio 9 448
radio 9 465
radio 9 978
radio 9 1029
radio 9 1543
radio 9 1571
radio 9 2085
radio 9 2119
radio 9 2633
radio 9 2661
radio 9 3175
radio 9 3231
radio 9 3745
radio 9 3762
radio 9 4275
radio 9 4306
radio 9 4820
radio 9 4852
radio 9 5366
radio 9 5397
radio 9 5911
radio 9 5960
radio 9 6474
radio 9 6504
radio 9 7018
radio 9 7051
radio 9 7565
radio 9 7599
radio 9 8113
radio 9 8162
radio 9 8676
radio 9 8708
radio 9 9222
radio 9 9251
radio 9 9765
radio 9 9794
radio 9 10308
radio 9 10361
radio 9 10875
radio 9 10907
radio 9 11421
radio 9 11449
radio 9 11963
radio 9 11991
radio 9 12505
delay 1000 18 9 12622 9 57575 20 14 65535 0 44254 0 1
radio 9 13686
radio 9 14199
radio 9 14211
radio 9 14724
radio 9 14758
radio 9 15272
radio 9 15308
radio 9 15822
radio 9 15877
radio 9 16391
radio 9 16442
radio 9 16956
radio 9 16988
radio 9 17502
radio 9 17531
radio 9 18045
radio 9 18080
radio 9 18594
radio 9 18643
radio 9 19157
radio 9 19188
radio 9 19702
radio 9 19731
radio 9 20245
radio 9 20279
radio 9 20793
radio 9 20849
radio 9 21363
radio 9 21395
radio 9 21909
radio 9 21944
radio 9 22458
radio 9 22494
radio 9 23008
radio 9 23044
radio 9 23558
radio 9 23587
radio 9 24101
radio 9 24136
radio 9 24650
radio 9 24681
radio 9 25195
radio 9 25247
radio 9 25761
radio 9 25793
radio 9 26307
radio 9 26342
radio 9 26856
radio 9 26892
radio 9 27406
radio 9 27437
radio 9 27951
radio 9 27984
radio 9 28498
radio 9 28534
radio 9 29048
radio 9 29084
radio 9 29598
radio 9 29626
radio 9 30140
radio 9 30168
radio 9 30682
radio 9 30710
radio 9 31224
radio 9 31252
radio 9 31766
radio 9 31814
radio 9 32328
radio 9 32381
radio 9 32895
radio 9 32928
radio 9 33442
radio 9 33498
radio 9 34012
radio 9 34063
radio 9 34577
radio 9 34611
radio 9 35125
radio 9 35176
radio 9 35690
radio 9 35738
radio 9 36252
radio 9 36284
radio 9 36798
radio 9 36833
radio 9 37347
radio 9 37376
radio 9 37890
radio 9 37941
energy 9 38101 8 49896
radio 9 38455
radio 9 38491
radio 9 39005
radio 9 39037
radio 9 39551
radio 9 39580
radio 9 40094
radio 9 40144
radio 9 40658
radio 9 40690
radio 9 41204
radio 9 41240
radio 9 41754
radio 9 41783
radio 9 42297
radio 9 42347
radio 9 42861
radio 9 42897
radio 9 43411
radio 9 43446
radio 9 43960
radio 9 43992
radio 9 44506
radio 9 44537
radio 9 45051
radio 9 45086
radio 9 45600
radio 9 45628
radio 9 46142
radio 9 46178
radio 9 46692
radio 9 46748
radio 9 47262
radio 9 47294
radio 9 47808
radio 9 47843
radio 9 48357
radio 9 48393
radio 9 48907
radio 9 48943
radio 9 49457
radio 9 49485
radio 9 49999
radio 9 50028
radio 9 50542
radio 9 50593
radio 9 51107
radio 9 51135
radio 9 51649
radio 9 51678
radio 9 52192
radio 9 52221
radio 9 52735
radio 9 52766
radio 9 53280
radio 9 53311
radio 9 53825
radio 9 53877
radio 9 54391
radio 9 54423
radio 9 54937
radio 9 54973
radio 9 55487
radio 9 55523
radio 9 56037
radio 9 56065
radio 9 56579
radio 9 56614
radio 9 57128
radio 9 57163
radio 9 57677
radio 9 57712
radio 9 58226
radio 9 58254
radio 9 58768
radio 9 58804
radio 9 59318
radio 9 59347
radio 9 59861
radio 9 59894
radio 9 60408
radio 9 60437
radio 9 60951
radio 9 61006
radio 9 61520
radio 9 61552
radio 9 62066
radio 9 62121
radio 9 62635
radio 9 62686
radio 9 63200
radio 9 63229
radio 9 63743
radio 9 63775
radio 9 64289
radio 9 64320
radio 9 64834
radio 9 64886
radio 9 65400
radio 9 65434
radio 10 412
radio 10 440
radio 10 954
radio 10 989
radio 10 1503
radio 10 1552
radio 10 2066
radio 10 2095
radio 10 2609
radio 10 2640
radio 10 3154
radio 10 3183
radio 10 3697
radio 10 3725
radio 10 4239
radio 10 4267
radio 10 4781
radio 10 4809
radio 10 5323
radio 10 5351
radio 10 5865
radio 10 5893
radio 10 6407
radio 10 6435
radio 10 6949
radio 10 6977
radio 10 7491
radio 10 7520
radio 10 8034
radio 10 8070
radio 10 8584
radio 10 8615
radio 10 9129
radio 10 9160
radio 10 9674
radio 10 9704
radio 10 10218
radio 10 10254
radio 10 10768
radio 10 10796
radio 10 11310
radio 10 11338
radio 10 11852
radio 10 11901
radio 10 12415
radio 10 12443
radio 10 12957
radio 10 12989
radio 10 13503
delay 0 18 10 13522 10 14421 20 14 65535 0 237 0 1
radio 10 14598
radio 10 15112
radio 10 15131
radio 10 15645
radio 10 15675
radio 10 16189
radio 10 16218
radio 10 16732
radio 10 16767
radio 10 17281
radio 10 17317
radio 10 17831
radio 10 17859
radio 10 18373
radio 10 18402
radio 10 18916
radio 10 18964
radio 10 19478
radio 10 19510
radio 10 20024
radio 10 20052
radio 10 20566
radio 10 20594
radio 10 21108
radio 10 21136
radio 10 21650
radio 10 21678
radio 10 22192
radio 10 22225
radio 10 22739
radio 10 22770
radio 10 23284
radio 10 23316
radio 10 23830
radio 10 23860
radio 10 24374
radio 10 24405
radio 10 24919
radio 10 24970
radio 10 25484
radio 10 25516
radio 10 26030
radio 10 26058
radio 10 26572
radio 10 26600
radio 10 27114
radio 10 27150
radio 10 27664
radio 10 27700
radio 10 28214
radio 10 28250
radio 10 28764
radio 10 28819
radio 10 29333
radio 10 29364
radio 10 29878
radio 10 29907
radio 10 30421
radio 10 30456
radio 10 30970
radio 10 31023
radio 10 31537
radio 10 31572
radio 10 32086
radio 10 32122
radio 10 32636
radio 10 32671
radio 10 33185
radio 10 33221
radio 10 33735
radio 10 33794
energy 10 34005 8 54083
radio 10 34308
delay 1 47 10 34432 10 34885 20 14 65535 0 167 1 1
radio 10 35503
radio 10 36017
radio 10 36052
radio 10 36566
radio 10 36599
radio 10 37113
radio 10 37143
radio 10 37657
radio 10 37693
radio 10 38207
radio 10 38238
radio 10 38752
radio 10 38784
radio 10 39298
radio 10 39334
radio 10 39848
radio 10 39876
radio 10 40390
radio 10 40424
radio 10 40938
radio 10 40966
radio 10 41480
radio 10 41510
radio 10 42024
radio 10 42060
radio 10 42574
radio 10 42610
radio 10 43124
radio 10 43180
radio 10 43694
radio 10 43727
radio 10 44241
radio 10 44276
radio 10 44790
radio 10 44818
radio 10 45332
radio 10 45380
radio 10 45894
radio 10 45928
radio 10 46442
radio 10 46478
radio 10 46992
radio 10 47020
radio 10 47534
radio 10 47582
radio 10 48096
radio 10 48129
radio 10 48643
radio 10 48679
radio 10 49193
radio 10 49221
radio 10 49735
radio 10 49783
radio 10 50297
radio 10 50350
radio 10 50864
radio 10 50897
radio 10 51411
radio 10 51441
radio 10 51955
radio 10 51989
radio 10 52503
radio 10 52539
radio 10 53053
radio 10 53081
radio 10 53595
radio 10 53623
radio 10 54137
delay 2 0 10 54179 10 55559 0 14 14 1 29 0 1
radio 10 55253
radio 10 55767
radio 10 55921
radio 10 56435
radio 10 56482
radio 10 56996
radio 10 57030
radio 10 57544
radio 10 57574
radio 10 58088
radio 10 58124
radio 10 58638
radio 10 58674
radio 10 59188
radio 10 59216
radio 10 59730
radio 10 59758
radio 10 60272
radio 10 60320
radio 10 60834
radio 10 60866
radio 10 61380
radio 10 61412
radio 10 61926
radio 10 61958
radio 10 62472
radio 10 62500
radio 10 63014
radio 10 63050
radio 10 63564
radio 10 63599
radio 10 64113
radio 10 64142
radio 10 64656
radio 10 64692
radio 10 65206
radio 10 65237
radio 11 215
radio 11 247
radio 11 761
radio 11 789
radio 11 1303
radio 11 1338
radio 11 1852
radio 11 1880
radio 11 2394
radio 11 2430
radio 11 2944
radio 11 2974
radio 11 3488
radio 11 3522
radio 11 4036
radio 11 4072
radio 11 4586
radio 11 4620
radio 11 5134
radio 11 5164
radio 11 5678
radio 11 5714
radio 11 6228
radio 11 6257
radio 11 6771
radio 11 6805
radio 11 7319
radio 11 7350
radio 11 7864
radio 11 7916
radio 11 8430
radio 11 8480
radio 11 8994
radio 11 9026
radio 11 9540
delay 3 47 11 9921 11 10374 20 14 65535 0 552 0 1
radio 11 10994
radio 11 11508
radio 11 11539
radio 11 12053
radio 11 12081
radio 11 12595
radio 11 12623
radio 11 13137
radio 11 13168
radio 11 13682
radio 11 13712
radio 11 14226
radio 11 14262
radio 11 14776
radio 11 14812
radio 11 15326
radio 11 15359
radio 11 15873
radio 11 15923
radio 11 16437
radio 11 16469
radio 11 16983
radio 11 17018
radio 11 17532
radio 11 17561
radio 11 18075
radio 11 18126
radio 11 18640
radio 11 18673
radio 11 19187
radio 11 19217
radio 11 19731
radio 11 19766
radio 11 20280
radio 11 20309
radio 11 20823
radio 11 20858
radio 11 21372
radio 11 21404
radio 11 21918
radio 11 21969
radio 11 22483
radio 11 22531
radio 11 23045
radio 11 23081
radio 11 23595
radio 11 23630
radio 11 24144
radio 11 24200
radio 11 24714
radio 11 24747
radio 11 25261
radio 11 25297
radio 11 25811
radio 11 25847
radio 11 26361
radio 11 26390
radio 11 26904
radio 11 26940
radio 11 27454
radio 11 27490
radio 11 28004
radio 11 28040
radio 11 28554
radio 11 28606
radio 11 29120
radio 11 29149
radio 11 29663
delay 4 8 11 29736 11 30913 25 14 65535 0 34 1 1
energy 11 29909 8 60892
radio 11 30813
radio 11 31326
radio 11 31471
radio 11 31984
radio 11 32015
radio 11 32529
radio 11 32564
radio 11 33078
radio 11 33107
radio 11 33621
radio 11 33649
radio 11 34163
radio 11 34180
radio 11 34694
radio 11 34711
radio 11 35225
radio 11 35242
radio 11 35756
radio 11 35773
