Thread[Thread-1,5,main]tree 41 45 4 12 0 0
radio 8 59623
radio 8 59627
radio 8 59662
radio 8 60176
delay 62 12 8 60188 8 56042 13 20 7 0 65535 0 0
radio 8 60196
radio 8 60710
radio 8 60722
radio 8 61236
radio 8 61332
radio 8 61846
radio 8 61863
radio 8 62377
delay 1000 3 8 62389 8 58088 19 20 1 0 65535 0 0
radio 8 62397
radio 8 62911
radio 8 62924
radio 8 63438
radio 8 63594
radio 8 64108
radio 8 64176
radio 8 64690
radio 8 64720
radio 8 65234
radio 8 65262
radio 9 240
radio 9 274
radio 9 787
radio 9 804
radio 9 1317
radio 9 1346
radio 9 1860
radio 9 1889
radio 9 2403
radio 9 2431
radio 9 2945
radio 9 3001
radio 9 3515
radio 9 3532
radio 9 4045
radio 9 4062
radio 9 4575
radio 9 4592
radio 9 5105
radio 9 5122
radio 9 5635
radio 9 5667
radio 9 6181
radio 9 6198
radio 9 6711
radio 9 6728
radio 9 7241
radio 9 7258
radio 9 7771
radio 9 7801
radio 9 8315
radio 9 8348
radio 9 8862
radio 9 8910
radio 9 9424
radio 9 9472
radio 9 9986
radio 9 10021
radio 9 10535
radio 9 10584
radio 9 11098
radio 9 11149
radio 9 11663
radio 9 11695
radio 9 12209
radio 9 12261
radio 9 12775
radio 9 12827
radio 9 13341
radio 9 13374
radio 9 13888
delay 1000 4 9 13926 9 58339 13 20 7 0 44132 0 0
radio 9 13934
radio 9 14448
radio 9 14484
radio 9 14998
radio 9 15011
radio 9 15525
radio 9 15542
radio 9 16056
radio 9 16073
radio 9 16587
radio 9 16604
radio 9 17118
radio 9 17166
radio 9 17680
radio 9 17697
radio 9 18211
radio 9 18241
radio 9 18755
radio 9 18806
radio 9 19320
radio 9 19351
radio 9 19865
radio 9 19882
radio 9 20396
radio 9 20413
radio 9 20927
radio 9 20963
radio 9 21477
radio 9 21529
radio 9 22043
radio 9 22091
radio 9 22605
radio 9 22633
radio 9 23147
radio 9 23182
radio 9 23696
radio 9 23765
radio 9 24279
radio 9 24312
radio 9 24826
radio 9 24843
radio 9 25357
radio 9 25387
radio 9 25901
radio 9 25918
radio 9 26432
radio 9 26449
radio 9 26963
radio 9 27018
radio 9 27532
radio 9 27561
radio 9 28075
radio 9 28106
radio 9 28620
radio 9 28649
radio 9 29163
radio 9 29219
radio 9 29733
radio 9 29768
radio 9 30282
radio 9 30336
radio 9 30850
radio 9 30901
radio 9 31415
radio 9 31432
radio 9 31946
radio 9 32014
radio 9 32528
radio 9 32563
radio 9 33077
radio 9 33125
radio 9 33639
radio 9 33656
radio 9 34170
radio 9 34219
radio 9 34733
radio 9 34764
radio 9 35278
radio 9 35309
radio 9 35823
radio 9 35840
radio 9 36354
radio 9 36383
radio 9 36897
radio 9 36949
radio 9 37463
radio 9 37493
radio 9 38007
radio 9 38060
radio 9 38574
radio 9 38607
radio 9 39121
radio 9 39138
radio 9 39652
radio 9 39702
radio 9 40216
radio 9 40267
radio 9 40781
radio 9 40829
radio 9 41343
radio 9 41377
radio 9 41891
radio 9 41908
radio 9 42422
radio 9 42452
radio 9 42966
radio 9 42983
radio 9 43497
radio 9 43514
radio 9 44028
radio 9 44060
radio 9 44574
radio 9 44591
radio 9 45105
radio 9 45122
radio 9 45636
radio 9 45670
radio 9 46184
radio 9 46236
radio 9 46750
radio 9 46806
radio 9 47320
radio 9 47350
radio 9 47864
radio 9 47881
radio 9 48395
radio 9 48412
radio 9 48926
radio 9 48956
radio 9 49470
radio 9 49487
radio 9 50001
radio 9 50037
radio 9 50551
radio 9 50607
radio 9 51121
radio 9 51138
radio 9 51652
radio 9 51681
radio 9 52195
radio 9 52212
radio 9 52726
radio 9 52775
radio 9 53289
radio 9 53339
radio 9 53853
radio 9 53921
radio 9 54435
radio 9 54465
radio 9 54979
radio 9 55007
radio 9 55521
energy 9 55544 8 62811
radio 9 55573
radio 9 56087
radio 9 56139
radio 9 56653
radio 9 56681
radio 9 57195
radio 9 57250
radio 9 57764
radio 9 57816
radio 9 58330
radio 9 58362
radio 9 58876
radio 9 58931
radio 9 59445
radio 9 59474
radio 9 59988
radio 9 60019
radio 9 60533
radio 9 60569
radio 9 61083
radio 9 61131
radio 9 61645
radio 9 61694
radio 9 62208
radio 9 62238
radio 9 62752
radio 9 62803
radio 9 63317
radio 9 63365
radio 9 63879
radio 9 63927
radio 9 64441
radio 9 64489
radio 9 65003
radio 9 65051
radio 10 29
radio 10 57
radio 10 570
radio 10 624
radio 10 1138
radio 10 1190
radio 10 1704
radio 10 1737
radio 10 2251
radio 10 2306
radio 10 2820
radio 10 2851
radio 10 3365
radio 10 3396
radio 10 3910
radio 10 3941
radio 10 4455
radio 10 4508
radio 10 5022
radio 10 5072
radio 10 5586
radio 10 5615
radio 10 6129
radio 10 6184
radio 10 6698
radio 10 6750
radio 10 7264
radio 10 7297
radio 10 7811
radio 10 7867
radio 10 8381
radio 10 8409
radio 10 8923
radio 10 8952
radio 10 9466
radio 10 9497
radio 10 10011
radio 10 10060
radio 10 10574
radio 10 10626
radio 10 11140
radio 10 11173
radio 10 11687
radio 10 11735
radio 10 12249
radio 10 12302
radio 10 12816
radio 10 12868
radio 10 13382
radio 10 13415
radio 10 13929
radio 10 13978
radio 10 14492
radio 10 14544
radio 10 15058
delay 0 3 10 15428 10 15421 19 20 1 0 714 0 0
radio 10 15435
radio 10 15950
radio 10 15969
radio 10 16482
radio 10 16526
radio 10 17039
radio 10 17090
radio 10 17604
radio 10 17652
radio 10 18166
radio 10 18215
radio 10 18729
radio 10 18757
radio 10 19271
radio 10 19303
radio 10 19817
radio 10 19846
radio 10 20360
radio 10 20416
radio 10 20930
radio 10 20963
radio 10 21477
radio 10 21526
radio 10 22040
radio 10 22092
radio 10 22606
radio 10 22636
radio 10 23150
radio 10 23181
radio 10 23695
radio 10 23728
radio 10 24242
radio 10 24292
radio 10 24806
radio 10 24838
radio 10 25352
radio 10 25407
radio 10 25921
radio 10 25971
radio 10 26485
radio 10 26516
radio 10 27030
radio 10 27060
radio 10 27574
radio 10 27605
radio 10 28119
radio 10 28192
radio 10 28706
radio 10 28734
radio 10 29248
radio 10 29276
radio 10 29790
radio 10 29820
radio 10 30334
radio 10 30367
radio 10 30881
radio 10 30934
radio 10 31448
radio 10 31498
radio 10 32012
radio 10 32048
radio 10 32562
radio 10 32598
radio 10 33112
radio 10 33168
radio 10 33682
radio 10 33734
radio 10 34248
radio 10 34280
radio 10 34794
radio 10 34850
radio 10 35364
delay 1 4 10 35427 10 35838 13 20 7 0 267 0 0
radio 10 35435
radio 10 35949
radio 10 36001
radio 10 36515
radio 10 36672
radio 10 37186
radio 10 37217
radio 10 37731
radio 10 37785
radio 10 38299
radio 10 38350
radio 10 38864
radio 10 38896
radio 10 39410
radio 10 39461
radio 10 39975
radio 10 40027
radio 10 40541
radio 10 40574
radio 10 41088
radio 10 41144
radio 10 41658
radio 10 41690
radio 10 42204
radio 10 42260
radio 10 42774
radio 10 42822
radio 10 43336
radio 10 43365
radio 10 43879
radio 10 43967
radio 10 44481
radio 10 44535
radio 10 45049
radio 10 45078
radio 10 45592
radio 10 45623
radio 10 46137
radio 10 46165
radio 10 46679
radio 10 46707
radio 10 47221
radio 10 47249
radio 10 47763
radio 10 47811
radio 10 48325
radio 10 48378
radio 10 48892
radio 10 48940
radio 10 49454
radio 10 49483
radio 10 49997
radio 10 50025
radio 10 50539
radio 10 50567
radio 10 51081
radio 10 51109
energy 10 51443 9 1713
radio 10 51623
radio 10 51651
radio 10 52165
radio 10 52214
radio 10 52728
radio 10 52780
radio 10 53294
radio 10 53345
radio 10 53859
radio 10 53891
radio 10 54405
radio 10 54456
radio 10 54970
radio 10 55022
radio 10 55536
delay 2 3 10 55561 10 55554 19 20 1 0 47 0 0
radio 10 55569
radio 10 56083
radio 10 56131
radio 10 56645
radio 10 56676
radio 10 57190
radio 10 57234
radio 10 57748
radio 10 57795
radio 10 58309
radio 10 58343
radio 10 58857
radio 10 58887
radio 10 59401
radio 10 59457
radio 10 59971
radio 10 59999
radio 10 60513
radio 10 60546
radio 10 61060
radio 10 61091
radio 10 61605
radio 10 61658
radio 10 62172
radio 10 62221
radio 10 62735
radio 10 62766
radio 10 63280
radio 10 63330
radio 10 63844
radio 10 63895
radio 10 64409
radio 10 64477
radio 10 64991
radio 10 65040
radio 11 18
radio 11 46
radio 11 559
radio 11 588
radio 11 1102
radio 11 1214
radio 11 1728
radio 11 1778
radio 11 2292
radio 11 2342
radio 11 2856
radio 11 2890
radio 11 3404
radio 11 3460
radio 11 3974
radio 11 4025
radio 11 4539
radio 11 4571
radio 11 5085
radio 11 5134
radio 11 5648
radio 11 5701
radio 11 6215
radio 11 6247
radio 11 6761
radio 11 6789
radio 11 7303
radio 11 7339
radio 11 7853
radio 11 7905
radio 11 8419
radio 11 8455
radio 11 8969
radio 11 9019
radio 11 9533
radio 11 9582
radio 11 10096
radio 11 10126
radio 11 10640
delay 3 15 11 10657 11 10361 25 20 65535 0 108 0 0
radio 11 10665
radio 11 11180
radio 11 11255
radio 11 11769
radio 11 11989
radio 11 12503
radio 11 12552
radio 11 13066
radio 11 13115
radio 11 13629
radio 11 13664
radio 11 14178
radio 11 14228
radio 11 14742
radio 11 14771
radio 11 15285
radio 11 15319
radio 11 15833
radio 11 15862
radio 11 16376
radio 11 16405
radio 11 16919
radio 11 16953
radio 11 17467
radio 11 17503
radio 11 18017
radio 11 18071
radio 11 18585
radio 11 18637
radio 11 19151
radio 11 19181
radio 11 19695
radio 11 19724
radio 11 20238
radio 11 20268
radio 11 20782
radio 11 20837
radio 11 21351
radio 11 21423
radio 11 21937
radio 11 21986
radio 11 22500
radio 11 22530
radio 11 23044
radio 11 23073
radio 11 23587
radio 11 23615
radio 11 24129
radio 11 24164
radio 11 24678
radio 11 24709
radio 11 25223
radio 11 25271
radio 11 25785
radio 11 25833
radio 11 26347
radio 11 26397
radio 11 26911
radio 11 26947
radio 11 27461
radio 11 27494
radio 11 28008
radio 11 28039
radio 11 28553
radio 11 28589
radio 11 29103
radio 11 29151
radio 11 29665
radio 11 29716
radio 11 30230
radio 11 30261
radio 11 30775
radio 11 30827
radio 11 31341
delay 4 4 11 31406 11 31818 13 20 7 0 300 0 0
radio 11 31414
radio 11 31929
radio 11 31970
radio 11 32484
radio 11 32637
radio 11 33151
radio 11 33180
radio 11 33694
radio 11 33722
radio 11 34236
radio 11 34284
radio 11 34798
radio 11 34848
radio 11 35362
radio 11 35415
radio 11 35929
radio 11 35946
radio 11 36460
radio 11 36477
radio 11 36991
radio 11 37024
