nodeid	seq_no	src_id	rec_time_h	rec_time_l	hop_delay_h	hop_delay_l	insert_time	motelabMoteID	milli_time	motelabSeqNo
71	1	1	0	17758	0	20523	2017-03-30 11:49:17	40071	1490845757854	1
11	1	1	0	20363	0	20509	2017-03-30 11:49:17	40011	1490845757986	2
12	1	1	0	20781	0	20769	2017-03-30 11:49:18	40012	1490845758092	3
65	1	1	0	18278	0	20784	2017-03-30 11:49:18	40065	1490845758120	4
8	1	1	0	20717	0	20781	2017-03-30 11:49:18	40008	1490845758153	5
15	1	1	0	20758	0	20874	2017-03-30 11:49:18	40015	1490845758200	6
18	1	1	0	20935	0	20882	2017-03-30 11:49:18	40018	1490845758228	7
4	1	1	0	20967	0	20889	2017-03-30 11:49:18	40004	1490845758261	8
13	1	1	0	20883	0	20901	2017-03-30 11:49:18	40013	1490845758295	9
72	1	1	0	18294	0	20954	2017-03-30 11:49:18	40072	1490845758328	10
35	1	1	0	19382	0	20972	2017-03-30 11:49:18	40035	1490845758362	11
3	1	1	0	21201	0	20914	2017-03-30 11:49:18	40003	1490845758395	12
64	1	1	0	18275	0	20931	2017-03-30 11:49:18	40064	1490845758429	13
10	1	1	0	20935	0	20949	2017-03-30 11:49:18	40010	1490845758462	14
67	1	1	0	18345	0	20951	2017-03-30 11:49:18	40067	1490845758512	15
14	1	1	0	20880	0	20969	2017-03-30 11:49:18	40014	1490845758546	16
7	1	1	0	20934	0	20929	2017-03-30 11:49:18	40007	1490845758579	17
20	1	11	0	21196	0	21064	2017-03-30 11:49:18	40020	1490845758612	18
63	1	12	0	18793	0	21311	2017-03-30 11:49:18	40063	1490845758645	19
6	1	11	0	21194	0	21217	2017-03-30 11:49:18	40006	1490845758717	20
21	1	18	0	21458	0	21471	2017-03-30 11:49:18	40021	1490845758746	21
19	1	18	0	21365	0	21441	2017-03-30 11:49:18	40019	1490845758779	22
24	1	35	0	19852	0	19938	2017-03-30 11:49:18	40024	1490845758877	23
2	1	12	0	21862	0	21573	2017-03-30 11:49:18	40002	1490845758912	24
36	1	35	0	19951	0	20103	2017-03-30 11:49:19	40036	1490845759163	25
25	1	35	0	20274	0	20246	2017-03-30 11:49:19	40025	1490845759213	26
33	1	35	0	19960	0	20128	2017-03-30 11:49:19	40033	1490845759263	27
22	1	12	0	21850	0	21661	2017-03-30 11:49:19	40022	1490845759304	28
38	1	35	0	19923	0	20083	2017-03-30 11:49:19	40038	1490845759354	29
37	1	35	0	19998	0	20081	2017-03-30 11:49:19	40037	1490845759396	30
39	1	36	0	20307	0	20310	2017-03-30 11:49:19	40039	1490845759438	31
41	1	38	0	19955	0	20346	2017-03-30 11:49:19	40041	1490845759480	32
17	1	21	0	21864	0	22032	2017-03-30 11:49:19	40017	1490845759521	33
30	1	38	0	20488	0	20393	2017-03-30 11:49:19	40030	1490845759563	34
31	1	24	0	20677	0	20611	2017-03-30 11:49:19	40031	1490845759605	35
59	1	38	0	19200	0	20388	2017-03-30 11:49:19	40059	1490845759646	36
42	1	38	0	20262	0	20464	2017-03-30 11:49:19	40042	1490845759722	37
26	1	19	0	20273	0	21788	2017-03-30 11:49:19	40026	1490845759763	38
51	1	38	0	19496	0	20551	2017-03-30 11:49:19	40051	1490845759805	39
52	1	33	0	20229	0	20693	2017-03-30 11:49:19	40052	1490845759847	40
28	1	38	0	20816	0	20761	2017-03-30 11:49:19	40028	1490845759888	41
27	1	41	0	20877	0	20457	2017-03-30 11:49:19	40027	1490845759930	42
73	1	41	0	19868	0	20472	2017-03-30 11:49:19	40073	1490845759972	43
47	1	41	0	20911	0	20516	2017-03-30 11:49:20	40047	1490845760005	44
50	1	41	0	20964	0	20534	2017-03-30 11:49:20	40050	1490845760039	45
40	1	38	0	19258	0	20416	2017-03-30 11:49:20	40040	1490845760072	46
46	1	41	0	19862	0	20646	2017-03-30 11:49:20	40046	1490845760105	47
34	1	33	0	20902	0	20701	2017-03-30 11:49:20	40034	1490845760139	48
69	1	41	0	20332	0	20661	2017-03-30 11:49:20	40069	1490845760172	49
76	1	41	0	19998	0	20605	2017-03-30 11:49:20	40076	1490845760206	50
68	1	43	0	20382	0	20794	2017-03-30 11:49:20	40068	1490845760239	51
43	1	38	0	20108	0	20439	2017-03-30 11:49:20	40043	1490845760272	52
55	1	41	0	20644	0	20694	2017-03-30 11:49:20	40055	1490845760322	53
32	1	33	0	20768	0	20743	2017-03-30 11:49:20	40032	1490845760356	54
48	1	46	0	20688	0	20683	2017-03-30 11:49:20	40048	1490845760901	55
80	1	48	0	21482	0	21222	2017-03-30 11:49:21	40080	1490845761457	56
78	1	48	0	21413	0	21338	2017-03-30 11:49:21	40078	1490845761565	57
79	1	48	0	21915	0	21629	2017-03-30 11:49:21	40079	1490845761849	58
57	1	48	0	23116	0	21674	2017-03-30 11:49:21	40057	1490845761898	59
44	1	48	0	21729	0	21707	2017-03-30 11:49:21	40044	1490845761931	60
12	2	1	0	30777	0	30765	2017-03-30 11:49:27	40012	1490845767898	61
21	2	1	0	30801	0	30765	2017-03-30 11:49:27	40021	1490845767948	62
7	2	1	0	30831	0	30826	2017-03-30 11:49:27	40007	1490845767982	63
64	2	1	0	28091	0	30748	2017-03-30 11:49:28	40064	1490845768015	64
65	2	1	0	28242	0	30748	2017-03-30 11:49:28	40065	1490845768048	65
18	2	1	0	31027	0	30974	2017-03-30 11:49:28	40018	1490845768082	66
72	2	1	0	28193	0	30853	2017-03-30 11:49:28	40072	1490845768132	67
4	2	1	0	30898	0	30821	2017-03-30 11:49:28	40004	1490845768165	68
22	2	21	0	31297	0	31131	2017-03-30 11:49:28	40022	1490845768198	69
71	2	1	0	28312	0	31077	2017-03-30 11:49:28	40071	1490845768232	70
14	2	1	0	30847	0	30936	2017-03-30 11:49:28	40014	1490845768265	71
2	2	21	0	31429	0	31164	2017-03-30 11:49:28	40002	1490845768299	72
10	2	4	0	31232	0	31318	2017-03-30 11:49:28	40010	1490845768332	73
26	2	21	0	29711	0	31288	2017-03-30 11:49:28	40026	1490845768365	74
13	2	21	0	31219	0	31268	2017-03-30 11:49:28	40013	1490845768399	75
37	2	21	0	29416	0	31123	2017-03-30 11:49:28	40037	1490845768432	76
67	2	21	0	28653	0	31291	2017-03-30 11:49:28	40067	1490845768466	77
19	2	21	0	31233	0	31291	2017-03-30 11:49:28	40019	1490845768499	78
35	2	1	0	29296	0	30886	2017-03-30 11:49:28	40035	1490845768533	79
11	2	1	0	30838	0	30984	2017-03-30 11:49:28	40011	1490845768566	80
3	2	1	0	31209	0	30921	2017-03-30 11:49:28	40003	1490845768599	81
38	2	35	0	29791	0	29951	2017-03-30 11:49:28	40038	1490845768632	82
39	2	35	0	29778	0	29939	2017-03-30 11:49:28	40039	1490845768666	83
33	2	35	0	29738	0	29906	2017-03-30 11:49:28	40033	1490845768699	84
36	2	21	0	29741	0	31519	2017-03-30 11:49:28	40036	1490845768733	85
8	2	11	0	31367	0	31280	2017-03-30 11:49:28	40008	1490845768766	86
81	2	12	0	28841	0	31722	2017-03-30 11:49:28	40081	1490845768799	87
28	2	35	0	29894	0	30004	2017-03-30 11:49:28	40028	1490845768833	88
20	2	3	0	31727	0	32029	2017-03-30 11:49:28	40020	1490845768866	89
15	2	11	0	31347	0	31313	2017-03-30 11:49:28	40015	1490845768900	90
42	2	35	0	29808	0	30175	2017-03-30 11:49:28	40042	1490845768933	91
24	2	33	0	30202	0	30116	2017-03-30 11:49:28	40024	1490845768966	92
6	2	11	0	31650	0	31673	2017-03-30 11:49:29	40006	1490845769000	93
30	2	38	0	30283	0	30188	2017-03-30 11:49:29	40030	1490845769033	94
25	2	35	0	29925	0	29896	2017-03-30 11:49:29	40025	1490845769067	95
75	2	21	0	28856	0	31484	2017-03-30 11:49:29	40075	1490845769100	96
78	2	19	0	29155	0	31992	2017-03-30 11:49:29	40078	1490845769134	97
31	2	33	0	30258	0	30111	2017-03-30 11:49:29	40031	1490845769167	98
59	2	38	0	29093	0	30281	2017-03-30 11:49:29	40059	1490845769217	99
17	2	21	0	31409	0	31577	2017-03-30 11:49:29	40017	1490845769250	100
52	2	33	0	29852	0	30317	2017-03-30 11:49:29	40052	1490845769284	101
41	2	28	0	30107	0	30548	2017-03-30 11:49:29	40041	1490845769318	102
40	2	28	0	29382	0	30590	2017-03-30 11:49:29	40040	1490845769359	103
55	2	33	0	30131	0	30568	2017-03-30 11:49:29	40055	1490845769409	104
34	2	33	0	30784	0	30583	2017-03-30 11:49:29	40034	1490845769442	105
57	2	42	0	30916	0	30453	2017-03-30 11:49:29	40057	1490845769477	106
27	2	31	0	30695	0	30805	2017-03-30 11:49:29	40027	1490845769509	107
32	2	31	0	30745	0	30863	2017-03-30 11:49:29	40032	1490845769551	108
47	2	42	0	30750	0	30543	2017-03-30 11:49:29	40047	1490845769584	109
48	2	42	0	29715	0	30689	2017-03-30 11:49:29	40048	1490845769701	110
46	2	41	0	29786	0	30570	2017-03-30 11:49:29	40046	1490845769781	111
43	2	30	0	30660	0	31080	2017-03-30 11:49:29	40043	1490845769809	112
51	2	40	0	29921	0	29814	2017-03-30 11:49:29	40051	1490845769843	113
44	2	41	0	30090	0	30858	2017-03-30 11:49:30	40044	1490845770053	114
80	2	41	0	30389	0	30919	2017-03-30 11:49:30	40080	1490845770123	115
68	2	43	0	30810	0	31222	2017-03-30 11:49:30	40068	1490845770359	116
69	2	48	0	30978	0	30517	2017-03-30 11:49:30	40069	1490845770496	117
79	2	48	0	30810	0	30525	2017-03-30 11:49:30	40079	1490845770543	118
50	2	48	0	31840	0	30620	2017-03-30 11:49:30	40050	1490845770592	119
76	2	44	0	30896	0	30730	2017-03-30 11:49:30	40076	1490845770689	120
73	2	43	0	30922	0	31586	2017-03-30 11:49:30	40073	1490845770757	121
65	3	1	0	38482	0	40988	2017-03-30 11:49:37	40065	1490845777868	122
15	3	1	0	40907	0	41024	2017-03-30 11:49:37	40015	1490845777901	123
21	3	1	0	41109	0	41074	2017-03-30 11:49:37	40021	1490845777935	124
7	3	1	0	41173	0	41168	2017-03-30 11:49:38	40007	1490845778061	125
67	3	1	0	38599	0	41206	2017-03-30 11:49:38	40067	1490845778169	126
10	3	1	0	41078	0	41091	2017-03-30 11:49:38	40010	1490845778220	127
4	3	1	0	41193	0	41115	2017-03-30 11:49:38	40004	1490845778253	128
71	3	14	0	38656	0	41327	2017-03-30 11:49:38	40071	1490845778295	129
18	3	1	0	41168	0	41115	2017-03-30 11:49:38	40018	1490845778328	130
14	3	1	0	41006	0	41095	2017-03-30 11:49:38	40014	1490845778370	131
13	3	10	0	41532	0	41532	2017-03-30 11:49:38	40013	1490845778411	132
11	3	1	0	41226	0	41371	2017-03-30 11:49:38	40011	1490845778453	133
37	3	21	0	39958	0	41665	2017-03-30 11:49:38	40037	1490845778495	134
12	3	1	0	41373	0	41361	2017-03-30 11:49:38	40012	1490845778537	135
17	3	21	0	41488	0	41655	2017-03-30 11:49:38	40017	1490845778578	136
8	3	1	0	41247	0	41311	2017-03-30 11:49:38	40008	1490845778620	137
20	3	15	0	41627	0	41524	2017-03-30 11:49:38	40020	1490845778662	138
19	3	36	0	41836	0	40111	2017-03-30 11:49:38	40019	1490845778703	139
64	3	1	0	38481	0	41138	2017-03-30 11:49:38	40064	1490845778762	140
36	3	14	0	39736	0	41389	2017-03-30 11:49:38	40036	1490845778804	141
33	3	36	0	40088	0	40098	2017-03-30 11:49:38	40033	1490845778845	142
3	3	1	0	41652	0	41364	2017-03-30 11:49:38	40003	1490845778887	143
72	3	1	0	38563	0	41223	2017-03-30 11:49:38	40072	1490845778929	144
27	3	36	0	40405	0	40387	2017-03-30 11:49:38	40027	1490845778971	145
22	3	21	0	41784	0	41618	2017-03-30 11:49:39	40022	1490845779012	146
30	3	36	0	40178	0	40091	2017-03-30 11:49:39	40030	1490845779054	147
75	3	12	0	39285	0	41889	2017-03-30 11:49:39	40075	1490845779096	148
79	3	30	0	39618	0	40608	2017-03-30 11:49:39	40079	1490845779137	149
26	3	21	0	40274	0	41851	2017-03-30 11:49:39	40026	1490845779179	150
6	3	13	0	42208	0	42358	2017-03-30 11:49:39	40006	1490845779212	151
28	3	36	0	40392	0	40345	2017-03-30 11:49:39	40028	1490845779246	152
40	3	36	0	39399	0	40565	2017-03-30 11:49:39	40040	1490845779279	153
39	3	36	0	40397	0	40400	2017-03-30 11:49:39	40039	1490845779313	154
81	3	12	0	39234	0	42115	2017-03-30 11:49:39	40081	1490845779363	155
2	3	12	0	42217	0	41928	2017-03-30 11:49:39	40002	1490845779396	156
41	3	42	0	40440	0	40624	2017-03-30 11:49:39	40041	1490845779430	157
38	3	36	0	40299	0	40302	2017-03-30 11:49:39	40038	1490845779463	158
46	3	27	0	39719	0	40918	2017-03-30 11:49:39	40046	1490845779496	159
35	3	37	0	40767	0	40675	2017-03-30 11:49:39	40035	1490845779546	160
25	3	36	0	40279	0	40093	2017-03-30 11:49:39	40025	1490845779580	161
47	3	42	0	40721	0	40514	2017-03-30 11:49:39	40047	1490845779613	162
43	3	27	0	40519	0	40870	2017-03-30 11:49:39	40043	1490845779647	163
78	3	17	0	39544	0	42271	2017-03-30 11:49:39	40078	1490845779680	164
57	3	27	0	41192	0	40956	2017-03-30 11:49:39	40057	1490845779713	165
31	3	27	0	41222	0	41103	2017-03-30 11:49:39	40031	1490845779747	166
52	3	33	0	40485	0	40949	2017-03-30 11:49:39	40052	1490845779780	167
24	3	27	0	41141	0	41083	2017-03-30 11:49:39	40024	1490845779814	168
42	3	36	0	39997	0	40207	2017-03-30 11:49:39	40042	1490845779847	169
73	3	43	0	40281	0	40945	2017-03-30 11:49:39	40073	1490845779880	170
55	3	47	0	40765	0	41205	2017-03-30 11:49:39	40055	1490845779914	171
51	3	27	0	39850	0	40926	2017-03-30 11:49:39	40051	1490845779947	172
48	3	47	0	39942	0	41117	2017-03-30 11:49:39	40048	1490845779980	173
74	3	43	0	40400	0	41082	2017-03-30 11:49:40	40074	1490845780021	174
68	3	43	0	40753	0	41166	2017-03-30 11:49:40	40068	1490845780060	175
50	3	47	0	41572	0	41533	2017-03-30 11:49:40	40050	1490845780099	176
32	3	31	0	41712	0	41830	2017-03-30 11:49:40	40032	1490845780250	177
34	3	32	0	42673	0	42492	2017-03-30 11:49:41	40034	1490845781012	178
12	4	1	0	51262	0	51250	2017-03-30 11:49:47	40012	1490845787872	179
65	4	1	0	48722	0	51228	2017-03-30 11:49:47	40065	1490845787906	180
4	4	1	0	51306	0	51228	2017-03-30 11:49:47	40004	1490845787939	181
14	4	1	0	51266	0	51355	2017-03-30 11:49:47	40014	1490845787972	182
18	4	1	0	51396	0	51343	2017-03-30 11:49:48	40018	1490845788006	183
10	4	1	0	51392	0	51406	2017-03-30 11:49:48	40010	1490845788039	184
13	4	1	0	51322	0	51340	2017-03-30 11:49:48	40013	1490845788073	185
72	4	1	0	48810	0	51471	2017-03-30 11:49:48	40072	1490845788106	186
64	4	1	0	48842	0	51499	2017-03-30 11:49:48	40064	1490845788139	187
11	4	1	0	51378	0	51524	2017-03-30 11:49:48	40011	1490845788173	188
71	4	1	0	48621	0	51386	2017-03-30 11:49:48	40071	1490845788223	189
22	4	12	0	51829	0	51640	2017-03-30 11:49:48	40022	1490845788348	190
6	4	13	0	51664	0	51814	2017-03-30 11:49:48	40006	1490845788440	191
26	4	12	0	50231	0	51785	2017-03-30 11:49:48	40026	1490845788511	192
7	4	1	0	51574	0	51569	2017-03-30 11:49:48	40007	1490845788540	193
2	4	12	0	52251	0	51962	2017-03-30 11:49:48	40002	1490845788573	194
15	4	1	0	51507	0	51624	2017-03-30 11:49:48	40015	1490845788607	195
8	4	13	0	51889	0	51930	2017-03-30 11:49:48	40008	1490845788640	196
35	4	13	0	50478	0	52045	2017-03-30 11:49:48	40035	1490845788673	197
67	4	13	0	49132	0	51716	2017-03-30 11:49:48	40067	1490845788707	198
20	4	13	0	52108	0	52103	2017-03-30 11:49:48	40020	1490845788740	199
63	4	12	0	49252	0	51770	2017-03-30 11:49:48	40063	1490845788774	200
37	4	13	0	50504	0	52158	2017-03-30 11:49:48	40037	1490845788807	201
81	4	12	0	49057	0	51938	2017-03-30 11:49:48	40081	1490845788857	202
75	4	12	0	49183	0	51788	2017-03-30 11:49:48	40075	1490845788890	203
25	4	26	0	50738	0	50753	2017-03-30 11:49:48	40025	1490845788924	204
33	4	14	0	50567	0	52236	2017-03-30 11:49:48	40033	1490845788957	205
19	4	26	0	52388	0	50864	2017-03-30 11:49:49	40019	1490845789024	206
3	4	14	0	52552	0	52171	2017-03-30 11:49:49	40003	1490845789057	207
38	4	35	0	50690	0	50850	2017-03-30 11:49:49	40038	1490845789091	208
21	4	13	0	51774	0	51716	2017-03-30 11:49:49	40021	1490845789124	209
30	4	37	0	50868	0	50851	2017-03-30 11:49:49	40030	1490845789157	210
42	4	37	0	50571	0	50851	2017-03-30 11:49:49	40042	1490845789191	211
52	4	37	0	50301	0	50851	2017-03-30 11:49:49	40052	1490845789224	212
36	4	37	0	50917	0	50983	2017-03-30 11:49:49	40036	1490845789258	213
39	4	26	0	50986	0	51189	2017-03-30 11:49:49	40039	1490845789316	214
28	4	35	0	51055	0	51165	2017-03-30 11:49:49	40028	1490845789349	215
17	4	26	0	52661	0	51246	2017-03-30 11:49:49	40017	1490845789383	216
31	4	35	0	51153	0	51178	2017-03-30 11:49:49	40031	1490845789416	217
40	4	37	0	49988	0	51224	2017-03-30 11:49:49	40040	1490845789488	218
57	4	38	0	51584	0	51327	2017-03-30 11:49:49	40057	1490845789655	219
34	4	33	0	51563	0	51362	2017-03-30 11:49:49	40034	1490845789708	220
59	4	38	0	50213	0	51402	2017-03-30 11:49:49	40059	1490845789742	221
51	4	38	0	50379	0	51435	2017-03-30 11:49:49	40051	1490845789775	222
41	4	40	0	51188	0	50415	2017-03-30 11:49:49	40041	1490845789903	223
47	4	40	0	51601	0	50438	2017-03-30 11:49:49	40047	1490845789933	224
76	4	40	0	50619	0	50458	2017-03-30 11:49:49	40076	1490845789967	225
27	4	31	0	51661	0	51771	2017-03-30 11:49:50	40027	1490845790000	226
32	4	31	0	51630	0	51748	2017-03-30 11:49:50	40032	1490845790033	227
44	4	40	0	50452	0	50453	2017-03-30 11:49:50	40044	1490845790067	228
24	4	31	0	51664	0	51720	2017-03-30 11:49:50	40024	1490845790100	229
48	4	27	0	50779	0	51980	2017-03-30 11:49:50	40048	1490845790277	230
55	4	27	0	51601	0	52066	2017-03-30 11:49:50	40055	1490845790360	231
79	4	47	0	51251	0	52146	2017-03-30 11:49:50	40079	1490845790460	232
80	4	47	0	51228	0	52148	2017-03-30 11:49:50	40080	1490845790492	233
50	4	47	0	52333	0	52294	2017-03-30 11:49:50	40050	1490845790610	234
46	4	47	0	51192	0	52366	2017-03-30 11:49:50	40046	1490845790679	235
73	4	41	0	52033	0	52637	2017-03-30 11:49:51	40073	1490845791318	236
68	4	46	0	52602	0	52167	2017-03-30 11:49:51	40068	1490845791641	237
43	4	46	0	53035	0	52182	2017-03-30 11:49:51	40043	1490845791676	238
18	5	1	0	61529	0	61476	2017-03-30 11:49:57	40018	1490845797851	239
8	5	1	0	61425	0	61488	2017-03-30 11:49:57	40008	1490845797885	240
4	5	1	0	61548	0	61470	2017-03-30 11:49:57	40004	1490845797951	241
65	5	1	0	58964	0	61470	2017-03-30 11:49:58	40065	1490845798018	242
3	5	1	0	61984	0	61696	2017-03-30 11:49:58	40003	1490845798061	243
15	5	1	0	61376	0	61493	2017-03-30 11:49:58	40015	1490845798103	244
67	5	1	0	59006	0	61614	2017-03-30 11:49:58	40067	1490845798144	245
72	5	1	0	59133	0	61794	2017-03-30 11:49:58	40072	1490845798186	246
11	5	1	0	61367	0	61513	2017-03-30 11:49:58	40011	1490845798445	247
35	5	21	0	60265	0	61885	2017-03-30 11:49:58	40035	1490845798520	248
12	5	1	0	61808	0	61796	2017-03-30 11:49:58	40012	1490845798805	249
37	5	1	0	60052	0	61729	2017-03-30 11:49:58	40037	1490845798862	250
19	5	21	0	61888	0	61946	2017-03-30 11:49:58	40019	1490845798929	251
42	5	37	0	60297	0	60577	2017-03-30 11:49:58	40042	1490845798962	252
30	5	37	0	60594	0	60577	2017-03-30 11:49:58	40030	1490845798996	253
25	5	37	0	60692	0	60577	2017-03-30 11:49:59	40025	1490845799029	254
21	5	1	0	61511	0	61476	2017-03-30 11:49:59	40021	1490845799062	255
64	5	1	0	59280	0	61937	2017-03-30 11:49:59	40064	1490845799096	256
36	5	21	0	60181	0	61959	2017-03-30 11:49:59	40036	1490845799129	257
10	5	1	0	61763	0	61777	2017-03-30 11:49:59	40010	1490845799162	258
7	5	1	0	61490	0	61486	2017-03-30 11:49:59	40007	1490845799196	259
20	5	15	0	62021	0	61919	2017-03-30 11:49:59	40020	1490845799229	260
38	5	36	0	60872	0	60875	2017-03-30 11:49:59	40038	1490845799296	261
6	5	20	0	62769	0	62919	2017-03-30 11:49:59	40006	1490845799329	262
26	5	21	0	60381	0	61959	2017-03-30 11:49:59	40026	1490845799396	263
69	5	7	0	59666	0	62152	2017-03-30 11:49:59	40069	1490845799430	264
31	5	35	0	60911	0	60937	2017-03-30 11:49:59	40031	1490845799496	265
28	5	37	0	60554	0	60577	2017-03-30 11:49:59	40028	1490845799597	266
81	5	12	0	59436	0	62317	2017-03-30 11:49:59	40081	1490845799647	267
75	5	2	0	59732	0	62620	2017-03-30 11:49:59	40075	1490845799680	268
22	5	12	0	62354	0	62165	2017-03-30 11:49:59	40022	1490845799713	269
40	5	37	0	59340	0	60577	2017-03-30 11:49:59	40040	1490845799747	270
24	5	33	0	61066	0	60980	2017-03-30 11:49:59	40024	1490845799814	271
2	5	21	0	62272	0	62006	2017-03-30 11:49:59	40002	1490845799864	272
52	5	37	0	60029	0	60580	2017-03-30 11:49:59	40052	1490845799997	273
13	5	1	0	61673	0	61691	2017-03-30 11:50:00	40013	1490845800031	274
79	5	43	0	60990	0	61555	2017-03-30 11:50:00	40079	1490845800097	275
80	5	43	0	61030	0	61620	2017-03-30 11:50:00	40080	1490845800198	276
76	5	43	0	60935	0	61602	2017-03-30 11:50:00	40076	1490845800231	277
59	5	43	0	60748	0	61602	2017-03-30 11:50:00	40059	1490845800331	278
44	5	43	0	61028	0	61856	2017-03-30 11:50:00	40044	1490845800364	279
73	5	43	0	60901	0	61565	2017-03-30 11:50:00	40073	1490845800531	280
33	5	21	0	60445	0	62238	2017-03-30 11:50:00	40033	1490845800565	281
41	5	38	0	61064	0	61455	2017-03-30 11:50:00	40041	1490845800832	282
46	5	27	0	61224	0	62421	2017-03-30 11:50:00	40046	1490845800916	283
34	5	33	0	61585	0	61384	2017-03-30 11:50:00	40034	1490845800949	284
71	5	1	0	59169	0	61934	2017-03-30 11:50:01	40071	1490845801166	285
14	5	1	0	61759	0	61849	2017-03-30 11:50:01	40014	1490845801335	286
32	5	27	0	62197	0	62200	2017-03-30 11:50:01	40032	1490845801533	287
48	5	27	0	61220	0	62421	2017-03-30 11:50:01	40048	1490845801567	288
47	5	27	0	62114	0	62134	2017-03-30 11:50:01	40047	1490845801767	289
50	5	43	0	62040	0	61670	2017-03-30 11:50:01	40050	1490845801934	290
68	5	43	0	61526	0	61939	2017-03-30 11:50:02	40068	1490845802101	291
27	5	24	0	61556	0	61605	2017-03-30 11:50:02	40027	1490845802209	292
43	5	38	0	61164	0	61495	2017-03-30 11:50:02	40043	1490845802343	293
51	5	38	0	60501	0	61557	2017-03-30 11:50:02	40051	1490845802727	294
55	5	43	0	61513	0	61622	2017-03-30 11:50:02	40055	1490845802852	295
78	5	43	0	60937	0	61710	2017-03-30 11:50:02	40078	1490845802935	296
39	5	36	0	61022	0	61025	2017-03-30 11:50:03	40039	1490845803087	297
57	5	27	0	62391	0	62155	2017-03-30 11:50:03	40057	1490845803154	298
17	5	21	0	62094	0	62261	2017-03-30 11:50:03	40017	1490845803220	299
