nodeid	clock_time_h	clock_time_l	dc_time_h	dc_time_l	insert_time	motelabMoteID	milli_time	motelabSeqNo
21	0	61461	0	2494	2018-06-10 09:14:14	40021	1528593254337	1
12	0	61461	0	2776	2018-06-10 09:14:14	40012	1528593254367	2
11	0	61461	0	7247	2018-06-10 09:14:14	40011	1528593254421	3
9	0	61461	0	1257	2018-06-10 09:14:14	40009	1528593254465	4
16	0	61461	0	2345	2018-06-10 09:14:14	40016	1528593254560	5
17	0	61461	0	2307	2018-06-10 09:14:14	40017	1528593254592	6
10	0	61468	0	6946	2018-06-10 09:14:14	40010	1528593254625	7
8	0	61461	0	5920	2018-06-10 09:14:14	40008	1528593254725	8
13	0	61461	0	7010	2018-06-10 09:14:14	40013	1528593254792	9
3	0	61463	0	4222	2018-06-10 09:14:14	40003	1528593254825	10
20	0	61461	0	6960	2018-06-10 09:14:15	40020	1528593255652	11
37	0	61461	0	5757	2018-06-10 09:14:15	40037	1528593255719	12
39	0	61461	0	1187	2018-06-10 09:14:15	40039	1528593255753	13
120	0	61461	0	5953	2018-06-10 09:14:15	40120	1528593255970	14
56	0	61461	0	6185	2018-06-10 09:14:16	40056	1528593256308	15
70	0	61461	0	7437	2018-06-10 09:14:16	40070	1528593256346	16
129	0	61461	0	5904	2018-06-10 09:14:16	40129	1528593256387	17
38	0	61461	0	1432	2018-06-10 09:14:16	40038	1528593256429	18
123	0	61466	0	1647	2018-06-10 09:14:16	40123	1528593256470	19
63	0	61461	0	5733	2018-06-10 09:14:16	40063	1528593256512	20
117	0	61461	0	1358	2018-06-10 09:14:16	40117	1528593256879	21
40	0	61461	0	5771	2018-06-10 09:14:16	40040	1528593256913	22
78	0	61461	0	1130	2018-06-10 09:14:17	40078	1528593257021	23
33	0	61461	0	1273	2018-06-10 09:14:17	40033	1528593257080	24
43	0	61461	0	5779	2018-06-10 09:14:17	40043	1528593257113	25
24	0	61461	0	1137	2018-06-10 09:14:17	40024	1528593257313	26
53	0	61461	0	2481	2018-06-10 09:14:17	40053	1528593257347	27
124	0	61461	0	2797	2018-06-10 09:14:17	40124	1528593257380	28
76	0	61461	0	1335	2018-06-10 09:14:17	40076	1528593257413	29
121	0	61461	0	1597	2018-06-10 09:14:17	40121	1528593257881	30
139	0	61461	0	1444	2018-06-10 09:14:17	40139	1528593257948	31
122	0	61461	0	5732	2018-06-10 09:14:17	40122	1528593257981	32
75	0	61461	0	2469	2018-06-10 09:14:18	40075	1528593258081	33
132	0	61461	0	2877	2018-06-10 09:14:18	40132	1528593258309	34
41	0	61461	0	5690	2018-06-10 09:14:18	40041	1528593258432	35
66	0	61461	0	5754	2018-06-10 09:14:18	40066	1528593258465	36
32	0	61461	0	1100	2018-06-10 09:14:18	40032	1528593258632	37
72	0	61461	0	2111	2018-06-10 09:14:18	40072	1528593258666	38
115	0	61461	0	1530	2018-06-10 09:14:18	40115	1528593258799	39
77	0	61461	0	7122	2018-06-10 09:14:18	40077	1528593258833	40
26	0	61461	0	1089	2018-06-10 09:14:18	40026	1528593258866	41
44	0	61461	0	1636	2018-06-10 09:14:19	40044	1528593259200	42
127	0	61461	0	1822	2018-06-10 09:14:19	40127	1528593259233	43
119	0	61461	0	5844	2018-06-10 09:14:19	40119	1528593259459	44
52	0	61461	0	1301	2018-06-10 09:14:19	40052	1528593259526	45
64	0	61461	0	5849	2018-06-10 09:14:19	40064	1528593259684	46
48	0	61461	0	2711	2018-06-10 09:14:19	40048	1528593259817	47
47	0	61461	0	1426	2018-06-10 09:14:19	40047	1528593259951	48
71	0	61461	0	2541	2018-06-10 09:14:20	40071	1528593260218	49
131	0	61461	0	1418	2018-06-10 09:14:20	40131	1528593260251	50
118	0	61461	0	1565	2018-06-10 09:14:20	40118	1528593260294	51
67	0	61461	0	1437	2018-06-10 09:14:20	40067	1528593260336	52
135	0	61461	0	1811	2018-06-10 09:14:20	40135	1528593260461	53
69	0	61461	0	6981	2018-06-10 09:14:20	40069	1528593260503	54
80	0	61461	0	8494	2018-06-10 09:14:20	40080	1528593260587	55
50	0	61461	0	7056	2018-06-10 09:14:20	40050	1528593260628	56
21	1	57365	0	5437	2018-06-10 09:15:14	40021	1528593314334	57
12	1	57365	0	5536	2018-06-10 09:15:14	40012	1528593314400	58
11	1	57365	0	15752	2018-06-10 09:15:14	40011	1528593314442	59
9	1	57365	0	2482	2018-06-10 09:15:14	40009	1528593314484	60
16	1	57365	0	4859	2018-06-10 09:15:14	40016	1528593314542	61
13	1	57365	0	15343	2018-06-10 09:15:14	40013	1528593314584	62
10	1	57365	0	15389	2018-06-10 09:15:14	40010	1528593314626	63
17	1	57365	0	4759	2018-06-10 09:15:14	40017	1528593314668	64
8	1	57366	0	13281	2018-06-10 09:15:14	40008	1528593314751	65
20	1	57365	0	15592	2018-06-10 09:15:14	40020	1528593314834	66
3	1	57367	0	10558	2018-06-10 09:15:14	40003	1528593314868	67
26	1	57365	0	2191	2018-06-10 09:15:15	40026	1528593315879	68
127	1	57365	0	3852	2018-06-10 09:15:15	40127	1528593315946	69
66	1	57365	0	13160	2018-06-10 09:15:16	40066	1528593316447	70
72	1	57365	0	4433	2018-06-10 09:15:16	40072	1528593316513	71
76	1	57365	0	2694	2018-06-10 09:15:16	40076	1528593316547	72
50	1	57365	0	15477	2018-06-10 09:15:16	40050	1528593316680	73
24	1	57365	0	2256	2018-06-10 09:15:16	40024	1528593316881	74
122	1	57365	0	13062	2018-06-10 09:15:16	40122	1528593316947	75
67	1	57365	0	2751	2018-06-10 09:15:16	40067	1528593316981	76
32	1	57365	0	2190	2018-06-10 09:15:17	40032	1528593317139	77
39	1	57365	0	2341	2018-06-10 09:15:17	40039	1528593317273	78
37	1	57365	0	13252	2018-06-10 09:15:17	40037	1528593317373	79
115	1	57365	0	3089	2018-06-10 09:15:17	40115	1528593317440	80
131	1	57365	0	3042	2018-06-10 09:15:17	40131	1528593317507	81
47	1	57365	0	3169	2018-06-10 09:15:17	40047	1528593317807	82
135	1	57367	0	3903	2018-06-10 09:15:17	40135	1528593317907	83
53	1	57365	0	5278	2018-06-10 09:15:18	40053	1528593318108	84
117	1	57365	0	2908	2018-06-10 09:15:18	40117	1528593318166	85
124	1	57365	0	5260	2018-06-10 09:15:18	40124	1528593318199	86
70	1	57365	0	16096	2018-06-10 09:15:18	40070	1528593318233	87
63	1	57365	0	13626	2018-06-10 09:15:18	40063	1528593318266	88
129	1	57365	0	13411	2018-06-10 09:15:18	40129	1528593318402	89
119	1	57365	0	13215	2018-06-10 09:15:18	40119	1528593318442	90
120	1	57365	0	13457	2018-06-10 09:15:18	40120	1528593318567	91
80	1	57365	0	16945	2018-06-10 09:15:18	40080	1528593318817	92
78	1	57365	0	2268	2018-06-10 09:15:18	40078	1528593318900	93
139	1	57365	0	2961	2018-06-10 09:15:18	40139	1528593318942	94
43	1	57365	0	13109	2018-06-10 09:15:19	40043	1528593319025	95
48	1	57365	0	5303	2018-06-10 09:15:19	40048	1528593319109	96
132	1	57365	0	5400	2018-06-10 09:15:19	40132	1528593319192	97
44	1	57365	0	3310	2018-06-10 09:15:19	40044	1528593319267	98
40	1	57365	0	13289	2018-06-10 09:15:19	40040	1528593319301	99
118	1	57365	0	3062	2018-06-10 09:15:19	40118	1528593319368	100
52	1	57365	0	2981	2018-06-10 09:15:19	40052	1528593319568	101
64	1	57365	0	13110	2018-06-10 09:15:19	40064	1528593319601	102
33	1	57365	0	2489	2018-06-10 09:15:19	40033	1528593319693	103
121	1	57365	0	3381	2018-06-10 09:15:19	40121	1528593319727	104
69	1	59413	0	13931	2018-06-10 09:15:19	40069	1528593319760	105
41	1	57365	0	12973	2018-06-10 09:15:19	40041	1528593319827	106
123	1	57365	0	3570	2018-06-10 09:15:19	40123	1528593319893	107
38	1	57365	0	2830	2018-06-10 09:15:19	40038	1528593319927	108
77	1	57365	0	15939	2018-06-10 09:15:20	40077	1528593320060	109
71	1	57365	0	5053	2018-06-10 09:15:20	40071	1528593320096	110
75	1	57365	0	4928	2018-06-10 09:15:20	40075	1528593320127	111
56	1	57365	0	13932	2018-06-10 09:15:20	40056	1528593320161	112
12	2	53269	0	8378	2018-06-10 09:16:14	40012	1528593374354	113
11	2	53269	0	27279	2018-06-10 09:16:14	40011	1528593374422	114
9	2	53269	0	3700	2018-06-10 09:16:14	40009	1528593374462	115
20	2	53269	0	27156	2018-06-10 09:16:14	40020	1528593374515	116
16	2	53269	0	7305	2018-06-10 09:16:14	40016	1528593374548	117
13	2	53269	0	26991	2018-06-10 09:16:14	40013	1528593374582	118
10	2	53269	0	26847	2018-06-10 09:16:14	40010	1528593374682	119
8	2	53269	0	24097	2018-06-10 09:16:14	40008	1528593374715	120
3	2	53271	0	16465	2018-06-10 09:16:14	40003	1528593374749	121
17	2	53269	0	7329	2018-06-10 09:16:14	40017	1528593374782	122
37	2	53269	0	24263	2018-06-10 09:16:15	40037	1528593375683	123
38	2	53270	0	4240	2018-06-10 09:16:15	40038	1528593375808	124
26	2	53269	0	3322	2018-06-10 09:16:15	40026	1528593375842	125
127	2	53269	0	6049	2018-06-10 09:16:15	40127	1528593375908	126
117	2	53269	0	4356	2018-06-10 09:16:15	40117	1528593375942	127
115	2	53269	0	4595	2018-06-10 09:16:15	40115	1528593375975	128
44	2	53269	0	4656	2018-06-10 09:16:16	40044	1528593376009	129
32	2	53269	0	3305	2018-06-10 09:16:16	40032	1528593376109	130
131	2	53269	0	4445	2018-06-10 09:16:16	40131	1528593376142	131
124	2	53269	0	7694	2018-06-10 09:16:16	40124	1528593376175	132
139	2	53269	0	4318	2018-06-10 09:16:16	40139	1528593376209	133
129	2	53269	0	23920	2018-06-10 09:16:16	40129	1528593376242	134
118	2	53269	0	4715	2018-06-10 09:16:16	40118	1528593376276	135
119	2	53269	0	23714	2018-06-10 09:16:16	40119	1528593376309	136
122	2	53269	0	23485	2018-06-10 09:16:16	40122	1528593376376	137
80	2	53269	0	26785	2018-06-10 09:16:16	40080	1528593376476	138
64	2	53269	0	23492	2018-06-10 09:16:16	40064	1528593376543	139
43	2	53269	0	23520	2018-06-10 09:16:16	40043	1528593376610	140
47	2	53269	0	4404	2018-06-10 09:16:16	40047	1528593376676	141
75	2	53269	0	7578	2018-06-10 09:16:16	40075	1528593376877	142
53	2	53269	0	7964	2018-06-10 09:16:17	40053	1528593377102	143
69	2	53269	0	27393	2018-06-10 09:16:17	40069	1528593377136	144
21	2	55317	0	8812	2018-06-10 09:16:17	40021	1528593377236	145
52	2	53269	0	4348	2018-06-10 09:16:17	40052	1528593377369	146
71	2	53269	0	7764	2018-06-10 09:16:17	40071	1528593377403	147
132	2	53269	0	8333	2018-06-10 09:16:17	40132	1528593377536	148
72	2	53269	0	6855	2018-06-10 09:16:17	40072	1528593377570	149
76	2	53269	0	3807	2018-06-10 09:16:17	40076	1528593377770	150
135	2	53269	0	5962	2018-06-10 09:16:17	40135	1528593377837	151
123	2	53269	0	5628	2018-06-10 09:16:18	40123	1528593378004	152
56	2	53269	0	25041	2018-06-10 09:16:18	40056	1528593378070	153
78	2	53269	0	3374	2018-06-10 09:16:18	40078	1528593378196	154
121	2	53269	0	5013	2018-06-10 09:16:18	40121	1528593378229	155
66	2	53269	0	23575	2018-06-10 09:16:18	40066	1528593378296	156
24	2	53269	0	3391	2018-06-10 09:16:18	40024	1528593378421	157
40	2	53269	0	25856	2018-06-10 09:16:18	40040	1528593378488	158
63	2	53269	0	22514	2018-06-10 09:16:18	40063	1528593378721	159
48	2	53269	0	7800	2018-06-10 09:16:18	40048	1528593378822	160
33	2	53269	0	3814	2018-06-10 09:16:18	40033	1528593378863	161
70	2	53269	0	27995	2018-06-10 09:16:18	40070	1528593378940	162
67	2	53269	0	4321	2018-06-10 09:16:19	40067	1528593379173	163
120	2	53269	0	24136	2018-06-10 09:16:19	40120	1528593379207	164
39	2	53269	0	3468	2018-06-10 09:16:19	40039	1528593379340	165
50	2	53269	0	26954	2018-06-10 09:16:19	40050	1528593379574	166
41	2	53269	0	23431	2018-06-10 09:16:19	40041	1528593379699	167
77	2	53269	0	27963	2018-06-10 09:16:20	40077	1528593380033	168
21	3	49173	0	11615	2018-06-10 09:17:14	40021	1528593434335	169
12	3	49173	0	11071	2018-06-10 09:17:14	40012	1528593434371	170
11	3	49173	0	35778	2018-06-10 09:17:14	40011	1528593434419	171
9	3	49173	0	4860	2018-06-10 09:17:14	40009	1528593434459	172
16	3	49173	0	9708	2018-06-10 09:17:14	40016	1528593434487	173
20	3	49173	0	35703	2018-06-10 09:17:14	40020	1528593434546	174
10	3	49173	0	35501	2018-06-10 09:17:14	40010	1528593434579	175
13	3	49173	0	35547	2018-06-10 09:17:14	40013	1528593434613	176
8	3	49173	0	31588	2018-06-10 09:17:14	40008	1528593434905	177
3	3	49175	0	23148	2018-06-10 09:17:14	40003	1528593434960	178
17	3	49173	0	9779	2018-06-10 09:17:15	40017	1528593435121	179
37	3	49173	0	31604	2018-06-10 09:17:15	40037	1528593435724	180
32	3	49173	0	4395	2018-06-10 09:17:15	40032	1528593435882	181
115	3	49173	0	6180	2018-06-10 09:17:15	40115	1528593435982	182
44	3	49173	0	6192	2018-06-10 09:17:16	40044	1528593436016	183
43	3	49173	0	30858	2018-06-10 09:17:16	40043	1528593436049	184
120	3	49173	0	31678	2018-06-10 09:17:16	40120	1528593436083	185
139	3	49173	0	5790	2018-06-10 09:17:16	40139	1528593436216	186
38	3	49173	0	5776	2018-06-10 09:17:16	40038	1528593436383	187
77	3	49173	0	36585	2018-06-10 09:17:16	40077	1528593436450	188
123	3	49173	0	8010	2018-06-10 09:17:16	40123	1528593436550	189
70	3	49173	0	35496	2018-06-10 09:17:16	40070	1528593436584	190
76	3	49173	0	4922	2018-06-10 09:17:16	40076	1528593436817	191
127	3	49183	0	8124	2018-06-10 09:17:16	40127	1528593436876	192
119	3	49173	0	31183	2018-06-10 09:17:16	40119	1528593436909	193
71	3	49173	0	10193	2018-06-10 09:17:17	40071	1528593437009	194
124	3	49173	0	10229	2018-06-10 09:17:17	40124	1528593437043	195
67	3	49173	0	5721	2018-06-10 09:17:17	40067	1528593437093	196
33	3	49173	0	5075	2018-06-10 09:17:17	40033	1528593437126	197
117	3	49173	0	6158	2018-06-10 09:17:17	40117	1528593437193	198
118	3	49173	0	6482	2018-06-10 09:17:17	40118	1528593437260	199
131	3	49173	0	5877	2018-06-10 09:17:17	40131	1528593437427	200
64	3	49173	0	30780	2018-06-10 09:17:17	40064	1528593437460	201
66	3	49173	0	30870	2018-06-10 09:17:17	40066	1528593437669	202
48	3	49173	0	10482	2018-06-10 09:17:17	40048	1528593437752	203
40	3	49173	0	33334	2018-06-10 09:17:17	40040	1528593437794	204
63	3	49173	0	30696	2018-06-10 09:17:17	40063	1528593437835	205
39	3	49173	0	4635	2018-06-10 09:17:17	40039	1528593437919	206
56	3	49173	0	32579	2018-06-10 09:17:18	40056	1528593438002	207
50	3	49173	0	35609	2018-06-10 09:17:18	40050	1528593438128	208
53	3	49173	0	10475	2018-06-10 09:17:18	40053	1528593438645	209
78	3	49173	0	4559	2018-06-10 09:17:18	40078	1528593438678	210
69	3	49173	0	34410	2018-06-10 09:17:18	40069	1528593438745	211
41	3	49173	0	30735	2018-06-10 09:17:18	40041	1528593438879	212
122	3	49173	0	30793	2018-06-10 09:17:19	40122	1528593439279	213
80	3	49173	0	35397	2018-06-10 09:17:19	40080	1528593439346	214
129	3	49173	0	31373	2018-06-10 09:17:19	40129	1528593439380	215
132	3	49173	0	11029	2018-06-10 09:17:19	40132	1528593439446	216
75	3	49173	0	9981	2018-06-10 09:17:19	40075	1528593439480	217
135	3	49173	0	8679	2018-06-10 09:17:19	40135	1528593439513	218
24	3	49173	0	4511	2018-06-10 09:17:19	40024	1528593439705	219
72	3	49173	0	9014	2018-06-10 09:17:19	40072	1528593439905	220
26	3	49173	0	4447	2018-06-10 09:17:20	40026	1528593440006	221
47	3	49173	0	5806	2018-06-10 09:17:20	40047	1528593440072	222
121	3	49173	0	7006	2018-06-10 09:17:20	40121	1528593440139	223
52	3	49173	0	5852	2018-06-10 09:17:20	40052	1528593440341	224
11	4	45077	0	45888	2018-06-10 09:18:14	40011	1528593494495	225
16	4	45077	0	12222	2018-06-10 09:18:14	40016	1528593494662	226
8	4	45077	0	40434	2018-06-10 09:18:14	40008	1528593494829	227
13	4	45077	0	45593	2018-06-10 09:18:14	40013	1528593494862	228
39	4	45077	0	5872	2018-06-10 09:18:15	40039	1528593495955	229
120	4	45077	0	40829	2018-06-10 09:18:15	40120	1528593495989	230
32	4	45077	0	5503	2018-06-10 09:18:16	40032	1528593496022	231
123	4	45077	0	9890	2018-06-10 09:18:16	40123	1528593496055	232
12	4	45077	0	13582	2018-06-10 09:18:16	40012	1528593496089	233
38	4	45077	0	7191	2018-06-10 09:18:16	40038	1528593496156	234
135	4	45077	0	10719	2018-06-10 09:18:16	40135	1528593496256	235
9	4	45077	0	6035	2018-06-10 09:18:16	40009	1528593496356	236
71	4	45077	0	12607	2018-06-10 09:18:16	40071	1528593496556	237
53	4	45077	0	13330	2018-06-10 09:18:16	40053	1528593496590	238
50	4	45077	0	47168	2018-06-10 09:18:16	40050	1528593496656	239
47	4	45077	0	7432	2018-06-10 09:18:16	40047	1528593496690	240
52	4	45077	0	7044	2018-06-10 09:18:16	40052	1528593496723	241
70	4	45077	0	47511	2018-06-10 09:18:16	40070	1528593496757	242
77	4	45077	0	48406	2018-06-10 09:18:16	40077	1528593496915	243
20	4	45077	0	44338	2018-06-10 09:18:17	40020	1528593497015	244
48	4	45087	0	13266	2018-06-10 09:18:17	40048	1528593497049	245
115	4	45077	0	8028	2018-06-10 09:18:17	40115	1528593497107	246
122	4	45077	0	39662	2018-06-10 09:18:17	40122	1528593497274	247
76	4	45077	0	6232	2018-06-10 09:18:17	40076	1528593497317	248
24	4	45077	0	5698	2018-06-10 09:18:17	40024	1528593497359	249
64	4	45077	0	41276	2018-06-10 09:18:17	40064	1528593497442	250
10	4	45077	0	45531	2018-06-10 09:18:17	40010	1528593497609	251
21	4	45077	0	14574	2018-06-10 09:18:17	40021	1528593497651	252
44	4	45077	0	7542	2018-06-10 09:18:17	40044	1528593497768	253
75	4	45077	0	12396	2018-06-10 09:18:17	40075	1528593497901	254
121	4	45077	0	8399	2018-06-10 09:18:17	40121	1528593497935	255
43	4	45077	0	41231	2018-06-10 09:18:18	40043	1528593498068	256
17	4	45077	0	12040	2018-06-10 09:18:18	40017	1528593498202	257
124	4	45077	0	13423	2018-06-10 09:18:18	40124	1528593498269	258
40	4	45077	0	44006	2018-06-10 09:18:18	40040	1528593498335	259
132	4	45077	0	14211	2018-06-10 09:18:18	40132	1528593498435	260
56	4	45077	0	43422	2018-06-10 09:18:18	40056	1528593498469	261
3	4	45079	0	28924	2018-06-10 09:18:18	40003	1528593498502	262
33	4	45077	0	6362	2018-06-10 09:18:18	40033	1528593498602	263
69	4	45077	0	47950	2018-06-10 09:18:18	40069	1528593498636	264
72	4	45077	0	11007	2018-06-10 09:18:18	40072	1528593498669	265
41	4	45077	0	41161	2018-06-10 09:18:18	40041	1528593498736	266
67	4	45077	0	7222	2018-06-10 09:18:18	40067	1528593498869	267
119	4	45077	0	40074	2018-06-10 09:18:18	40119	1528593498903	268
26	4	45077	0	5663	2018-06-10 09:18:19	40026	1528593499170	269
139	4	45077	0	7425	2018-06-10 09:18:19	40139	1528593499203	270
78	4	45077	0	5731	2018-06-10 09:18:19	40078	1528593499237	271
66	4	45077	0	41287	2018-06-10 09:18:19	40066	1528593499270	272
63	4	45077	0	41335	2018-06-10 09:18:19	40063	1528593499404	273
37	4	45077	0	40554	2018-06-10 09:18:19	40037	1528593499562	274
131	4	45077	0	7246	2018-06-10 09:18:19	40131	1528593499696	275
127	4	45077	0	9897	2018-06-10 09:18:19	40127	1528593499796	276
118	4	45077	0	8089	2018-06-10 09:18:19	40118	1528593499863	277
80	4	45077	0	46946	2018-06-10 09:18:19	40080	1528593499996	278
129	4	45077	0	41946	2018-06-10 09:18:20	40129	1528593500030	279
117	4	45077	0	7793	2018-06-10 09:18:20	40117	1528593500063	280
21	5	40981	0	18103	2018-06-10 09:19:14	40021	1528593554332	281
12	5	40981	0	16415	2018-06-10 09:19:14	40012	1528593554418	282
11	5	40981	0	56377	2018-06-10 09:19:14	40011	1528593554451	283
9	5	40981	0	7179	2018-06-10 09:19:14	40009	1528593554485	284
20	5	40981	0	52978	2018-06-10 09:19:14	40020	1528593554551	285
13	5	40981	0	54043	2018-06-10 09:19:14	40013	1528593554585	286
10	5	40981	0	53986	2018-06-10 09:19:14	40010	1528593554618	287
17	5	40981	0	14432	2018-06-10 09:19:14	40017	1528593554652	288
16	5	40981	0	14666	2018-06-10 09:19:14	40016	1528593554718	289
3	5	40983	0	35448	2018-06-10 09:19:14	40003	1528593554819	290
8	5	40981	0	47804	2018-06-10 09:19:15	40008	1528593555261	291
37	5	40981	0	48072	2018-06-10 09:19:15	40037	1528593555829	292
119	5	40981	0	47448	2018-06-10 09:19:15	40119	1528593555962	293
115	5	40982	0	9486	2018-06-10 09:19:15	40115	1528593555995	294
44	5	40981	0	9079	2018-06-10 09:19:16	40044	1528593556029	295
124	5	40981	0	16015	2018-06-10 09:19:16	40124	1528593556162	296
139	5	40983	0	8582	2018-06-10 09:19:16	40139	1528593556229	297
118	5	40981	0	9652	2018-06-10 09:19:16	40118	1528593556263	298
75	5	40981	0	14896	2018-06-10 09:19:16	40075	1528593556431	299
43	5	40981	0	46918	2018-06-10 09:19:16	40043	1528593556463	300
69	5	40981	0	54967	2018-06-10 09:19:16	40069	1528593556496	301
26	5	40981	0	6765	2018-06-10 09:19:16	40026	1528593556638	302
122	5	40981	0	47004	2018-06-10 09:19:16	40122	1528593556763	303
41	5	40981	0	46887	2018-06-10 09:19:16	40041	1528593556997	304
72	5	40981	0	12680	2018-06-10 09:19:17	40072	1528593557105	305
70	5	40981	0	54627	2018-06-10 09:19:17	40070	1528593557189	306
66	5	40981	0	47039	2018-06-10 09:19:17	40066	1528593557231	307
67	5	40981	0	8531	2018-06-10 09:19:17	40067	1528593557272	308
129	5	40981	0	47923	2018-06-10 09:19:17	40129	1528593557314	309
127	5	40981	0	11755	2018-06-10 09:19:17	40127	1528593557439	310
40	5	40981	0	49844	2018-06-10 09:19:17	40040	1528593557556	311
53	5	40981	0	15736	2018-06-10 09:19:17	40053	1528593557656	312
52	5	40981	0	8304	2018-06-10 09:19:17	40052	1528593557723	313
32	5	40981	0	6596	2018-06-10 09:19:17	40032	1528593557756	314
121	5	40981	0	10124	2018-06-10 09:19:17	40121	1528593557790	315
76	5	40981	0	7333	2018-06-10 09:19:17	40076	1528593557857	316
132	5	40981	0	17153	2018-06-10 09:19:17	40132	1528593557923	317
78	5	40981	0	6822	2018-06-10 09:19:17	40078	1528593557957	318
64	5	40981	0	47024	2018-06-10 09:19:18	40064	1528593558057	319
120	5	40981	0	48432	2018-06-10 09:19:18	40120	1528593558157	320
77	5	40981	0	55699	2018-06-10 09:19:18	40077	1528593558324	321
33	5	40981	0	7635	2018-06-10 09:19:18	40033	1528593558558	322
131	5	40981	0	8607	2018-06-10 09:19:18	40131	1528593558624	323
80	5	40981	0	53954	2018-06-10 09:19:18	40080	1528593558691	324
135	5	40981	0	12460	2018-06-10 09:19:19	40135	1528593559026	325
123	5	40981	0	11422	2018-06-10 09:19:19	40123	1528593559062	326
63	5	40981	0	47239	2018-06-10 09:19:19	40063	1528593559093	327
47	5	40981	0	8643	2018-06-10 09:19:19	40047	1528593559126	328
56	5	40981	0	49404	2018-06-10 09:19:19	40056	1528593559394	329
50	5	40981	0	54173	2018-06-10 09:19:19	40050	1528593559452	330
117	5	40981	0	9213	2018-06-10 09:19:19	40117	1528593559485	331
39	5	40981	0	7012	2018-06-10 09:19:19	40039	1528593559778	332
24	5	40981	0	6866	2018-06-10 09:19:19	40024	1528593559844	333
71	5	40981	0	15007	2018-06-10 09:19:20	40071	1528593560145	334
38	5	40981	0	8726	2018-06-10 09:19:20	40038	1528593560212	335
48	5	40981	0	15937	2018-06-10 09:19:20	40048	1528593560545	336
21	6	36885	0	20760	2018-06-10 09:20:14	40021	1528593614332	337
12	6	36885	0	18978	2018-06-10 09:20:14	40012	1528593614365	338
11	6	36885	1	2320	2018-06-10 09:20:14	40011	1528593614416	339
9	6	36885	0	8400	2018-06-10 09:20:14	40009	1528593614456	340
16	6	36885	0	17140	2018-06-10 09:20:14	40016	1528593614490	341
20	6	36885	0	64504	2018-06-10 09:20:14	40020	1528593614549	342
13	6	36885	0	65417	2018-06-10 09:20:14	40013	1528593614582	343
17	6	36885	0	17000	2018-06-10 09:20:14	40017	1528593614615	344
10	6	36885	1	2057	2018-06-10 09:20:14	40010	1528593614682	345
8	6	36885	0	58608	2018-06-10 09:20:14	40008	1528593614716	346
3	6	36887	0	42174	2018-06-10 09:20:14	40003	1528593614849	347
33	6	36885	0	8898	2018-06-10 09:20:15	40033	1528593615750	348
131	6	36885	0	10195	2018-06-10 09:20:16	40131	1528593616143	349
70	6	36885	1	1230	2018-06-10 09:20:16	40070	1528593616310	350
119	6	36885	0	57950	2018-06-10 09:20:16	40119	1528593616376	351
53	6	36885	0	18429	2018-06-10 09:20:16	40053	1528593616477	352
63	6	36885	0	58331	2018-06-10 09:20:16	40063	1528593616510	353
64	6	36885	0	57593	2018-06-10 09:20:16	40064	1528593616543	354
76	6	36885	0	8505	2018-06-10 09:20:16	40076	1528593616585	355
72	6	36885	0	14736	2018-06-10 09:20:16	40072	1528593616710	356
43	6	36885	0	56130	2018-06-10 09:20:16	40043	1528593616752	357
69	6	36885	1	846	2018-06-10 09:20:16	40069	1528593616794	358
132	6	36892	0	19920	2018-06-10 09:20:17	40132	1528593617261	359
75	6	36885	0	17530	2018-06-10 09:20:17	40075	1528593617303	360
40	6	36885	0	58812	2018-06-10 09:20:17	40040	1528593617344	361
122	6	36885	0	57582	2018-06-10 09:20:17	40122	1528593617536	362
77	6	36885	1	690	2018-06-10 09:20:17	40077	1528593617570	363
41	6	36885	0	55846	2018-06-10 09:20:17	40041	1528593617603	364
80	6	36885	0	65477	2018-06-10 09:20:17	40080	1528593617770	365
52	6	36885	0	9983	2018-06-10 09:20:17	40052	1528593617870	366
120	6	36885	0	61128	2018-06-10 09:20:18	40120	1528593618171	367
135	6	36885	0	14908	2018-06-10 09:20:18	40135	1528593618205	368
44	6	36885	0	10614	2018-06-10 09:20:18	40044	1528593618372	369
78	6	36885	0	7980	2018-06-10 09:20:18	40078	1528593618406	370
124	6	36885	0	19077	2018-06-10 09:20:18	40124	1528593618539	371
32	6	36885	0	7697	2018-06-10 09:20:18	40032	1528593618673	372
37	6	36885	0	59103	2018-06-10 09:20:18	40037	1528593618706	373
50	6	36885	0	64264	2018-06-10 09:20:18	40050	1528593618739	374
127	6	36885	0	13726	2018-06-10 09:20:18	40127	1528593618840	375
118	6	36885	0	11579	2018-06-10 09:20:19	40118	1528593619173	376
47	6	36885	0	10870	2018-06-10 09:20:19	40047	1528593619207	377
117	6	36885	0	10713	2018-06-10 09:20:19	40117	1528593619307	378
115	6	36885	0	11618	2018-06-10 09:20:19	40115	1528593619340	379
123	6	36885	0	13784	2018-06-10 09:20:19	40123	1528593619432	380
38	6	36885	0	10371	2018-06-10 09:20:19	40038	1528593619466	381
66	6	36885	0	57575	2018-06-10 09:20:19	40066	1528593619499	382
71	6	36885	0	17442	2018-06-10 09:20:19	40071	1528593619599	383
48	6	36885	0	18689	2018-06-10 09:20:19	40048	1528593619858	384
129	6	36885	0	58492	2018-06-10 09:20:19	40129	1528593619925	385
121	6	36885	0	11770	2018-06-10 09:20:19	40121	1528593619958	386
24	6	36885	0	8043	2018-06-10 09:20:19	40024	1528593619991	387
139	6	36885	0	10223	2018-06-10 09:20:20	40139	1528593620225	388
56	6	36885	0	60151	2018-06-10 09:20:20	40056	1528593620258	389
39	6	36885	0	8162	2018-06-10 09:20:20	40039	1528593620425	390
67	6	36885	0	9913	2018-06-10 09:20:20	40067	1528593620526	391
26	6	36885	0	7884	2018-06-10 09:20:20	40026	1528593620559	392
21	7	32789	0	23873	2018-06-10 09:21:14	40021	1528593674329	393
12	7	32789	0	21504	2018-06-10 09:21:14	40012	1528593674370	394
11	7	32789	1	12330	2018-06-10 09:21:14	40011	1528593674413	395
9	7	32789	0	9644	2018-06-10 09:21:14	40009	1528593674457	396
20	7	32789	1	7699	2018-06-10 09:21:14	40020	1528593674487	397
17	7	32789	0	19386	2018-06-10 09:21:14	40017	1528593674578	398
13	7	32789	1	9903	2018-06-10 09:21:14	40013	1528593674612	399
8	7	32789	1	1991	2018-06-10 09:21:14	40008	1528593674787	400
16	7	32789	0	19838	2018-06-10 09:21:14	40016	1528593674961	401
3	7	32791	0	48227	2018-06-10 09:21:15	40003	1528593675021	402
10	7	32789	1	12086	2018-06-10 09:21:15	40010	1528593675087	403
39	7	32789	0	9502	2018-06-10 09:21:15	40039	1528593675747	404
117	7	32789	0	12117	2018-06-10 09:21:15	40117	1528593675940	405
119	7	32789	1	1375	2018-06-10 09:21:15	40119	1528593675973	406
53	7	32789	0	21462	2018-06-10 09:21:16	40053	1528593676007	407
123	7	32789	0	15558	2018-06-10 09:21:16	40123	1528593676049	408
122	7	32789	1	922	2018-06-10 09:21:16	40122	1528593676215	409
67	7	32789	0	11380	2018-06-10 09:21:16	40067	1528593676549	410
40	7	32789	1	2183	2018-06-10 09:21:16	40040	1528593676674	411
139	7	32790	0	11771	2018-06-10 09:21:16	40139	1528593676758	412
43	7	32789	0	65240	2018-06-10 09:21:16	40043	1528593676800	413
76	7	32789	0	9666	2018-06-10 09:21:16	40076	1528593676841	414
37	7	32789	1	2447	2018-06-10 09:21:16	40037	1528593676950	415
70	7	32789	1	11585	2018-06-10 09:21:16	40070	1528593676983	416
44	7	32793	0	12513	2018-06-10 09:21:17	40044	1528593677050	417
52	7	32789	0	11302	2018-06-10 09:21:17	40052	1528593677117	418
24	7	32789	0	9200	2018-06-10 09:21:17	40024	1528593677317	419
50	7	32789	1	10675	2018-06-10 09:21:17	40050	1528593677350	420
63	7	32789	1	1742	2018-06-10 09:21:17	40063	1528593677384	421
56	7	32789	1	3820	2018-06-10 09:21:17	40056	1528593677451	422
33	7	32793	0	10415	2018-06-10 09:21:17	40033	1528593677517	423
41	7	32789	0	64831	2018-06-10 09:21:17	40041	1528593677584	424
132	7	32789	0	22677	2018-06-10 09:21:17	40132	1528593677751	425
69	7	32789	1	10915	2018-06-10 09:21:17	40069	1528593677918	426
124	7	32789	0	21682	2018-06-10 09:21:17	40124	1528593677951	427
127	7	32789	0	15560	2018-06-10 09:21:18	40127	1528593678118	428
77	7	32789	1	9443	2018-06-10 09:21:18	40077	1528593678444	429
80	7	32789	1	9919	2018-06-10 09:21:18	40080	1528593678577	430
38	7	32789	0	12363	2018-06-10 09:21:18	40038	1528593678678	431
66	7	32789	1	923	2018-06-10 09:21:18	40066	1528593678778	432
115	7	32789	0	13267	2018-06-10 09:21:18	40115	1528593678811	433
48	7	32789	0	21381	2018-06-10 09:21:19	40048	1528593679045	434
78	7	32789	0	9105	2018-06-10 09:21:19	40078	1528593679145	435
121	7	32789	0	13485	2018-06-10 09:21:19	40121	1528593679245	436
32	7	32789	0	8833	2018-06-10 09:21:19	40032	1528593679312	437
135	7	32789	0	16982	2018-06-10 09:21:19	40135	1528593679437	438
118	7	32789	0	13003	2018-06-10 09:21:19	40118	1528593679571	439
129	7	32789	1	1913	2018-06-10 09:21:19	40129	1528593679604	440
72	7	32789	0	16591	2018-06-10 09:21:19	40072	1528593679763	441
47	7	32789	0	12704	2018-06-10 09:21:19	40047	1528593679996	442
64	7	32789	1	983	2018-06-10 09:21:20	40064	1528593680130	443
71	7	32789	0	20003	2018-06-10 09:21:20	40071	1528593680197	444
26	7	32789	0	9013	2018-06-10 09:21:20	40026	1528593680263	445
131	7	32789	0	11598	2018-06-10 09:21:20	40131	1528593680364	446
120	7	32789	1	6669	2018-06-10 09:21:20	40120	1528593680399	447
75	7	32789	0	19977	2018-06-10 09:21:20	40075	1528593680497	448
11	8	28693	1	25319	2018-06-10 09:22:14	40011	1528593734446	449
17	8	28693	0	21756	2018-06-10 09:22:14	40017	1528593734596	450
9	8	28693	0	10878	2018-06-10 09:22:14	40009	1528593734679	451
20	8	28693	1	18108	2018-06-10 09:22:14	40020	1528593734971	452
16	8	28693	0	22388	2018-06-10 09:22:15	40016	1528593735422	453
117	8	28693	0	13542	2018-06-10 09:22:15	40117	1528593735923	454
123	8	28693	0	17215	2018-06-10 09:22:16	40123	1528593736023	455
124	8	28693	0	24509	2018-06-10 09:22:16	40124	1528593736156	456
132	8	28693	0	25899	2018-06-10 09:22:16	40132	1528593736190	457
10	8	28693	1	25113	2018-06-10 09:22:16	40010	1528593736390	458
135	8	28693	0	18964	2018-06-10 09:22:16	40135	1528593736457	459
44	8	28693	0	14290	2018-06-10 09:22:16	40044	1528593736557	460
48	8	28693	0	23526	2018-06-10 09:22:16	40048	1528593736691	461
37	8	28693	1	14391	2018-06-10 09:22:16	40037	1528593736724	462
129	8	28693	1	13974	2018-06-10 09:22:16	40129	1528593736758	463
43	8	28696	1	11672	2018-06-10 09:22:16	40043	1528593736950	464
66	8	28693	1	12881	2018-06-10 09:22:17	40066	1528593737108	465
38	8	28693	0	14095	2018-06-10 09:22:17	40038	1528593737175	466
76	8	28693	0	10858	2018-06-10 09:22:17	40076	1528593737275	467
64	8	28693	1	12983	2018-06-10 09:22:17	40064	1528593737308	468
24	8	28693	0	10331	2018-06-10 09:22:17	40024	1528593737342	469
3	8	28695	0	55064	2018-06-10 09:22:17	40003	1528593737475	470
78	8	28693	0	10296	2018-06-10 09:22:17	40078	1528593737977	471
71	8	28693	0	22478	2018-06-10 09:22:18	40071	1528593738011	472
12	8	28693	0	24246	2018-06-10 09:22:18	40012	1528593738078	473
72	8	28695	0	18689	2018-06-10 09:22:18	40072	1528593738111	474
47	8	28693	0	14242	2018-06-10 09:22:18	40047	1528593738203	475
41	8	28693	1	11332	2018-06-10 09:22:18	40041	1528593738236	476
115	8	28693	0	14966	2018-06-10 09:22:18	40115	1528593738395	477
119	8	28693	1	13424	2018-06-10 09:22:18	40119	1528593738495	478
75	8	28693	0	22463	2018-06-10 09:22:18	40075	1528593738528	479
52	8	28693	0	12938	2018-06-10 09:22:18	40052	1528593738628	480
121	8	28693	0	15190	2018-06-10 09:22:18	40121	1528593738729	481
80	8	28693	1	23028	2018-06-10 09:22:18	40080	1528593738837	482
39	8	28693	0	10766	2018-06-10 09:22:18	40039	1528593738920	483
40	8	28693	1	14185	2018-06-10 09:22:19	40040	1528593739129	484
122	8	28693	1	12972	2018-06-10 09:22:19	40122	1528593739171	485
131	8	28693	0	13115	2018-06-10 09:22:19	40131	1528593739338	486
13	8	28693	1	22737	2018-06-10 09:22:19	40013	1528593739755	487
63	8	28693	1	14413	2018-06-10 09:22:19	40063	1528593739822	488
21	8	28693	0	27394	2018-06-10 09:22:19	40021	1528593739922	489
32	8	28693	0	9953	2018-06-10 09:22:19	40032	1528593739955	490
120	8	28693	1	18915	2018-06-10 09:22:20	40120	1528593740156	491
50	8	28693	1	23639	2018-06-10 09:22:20	40050	1528593740322	492
69	8	28693	1	22460	2018-06-10 09:22:20	40069	1528593740489	493
127	8	28693	0	17386	2018-06-10 09:22:20	40127	1528593740556	494
8	8	28693	1	14318	2018-06-10 09:22:20	40008	1528593740817	495
26	8	28693	0	10118	2018-06-10 09:22:20	40026	1528593740848	496
53	8	28693	0	24290	2018-06-10 09:22:20	40053	1528593740882	497
139	8	28693	0	13233	2018-06-10 09:22:21	40139	1528593741082	498
70	8	28693	1	25067	2018-06-10 09:22:21	40070	1528593741115	499
33	8	28693	0	11758	2018-06-10 09:22:21	40033	1528593741182	500
77	8	28693	1	22608	2018-06-10 09:22:21	40077	1528593741483	501
56	8	28693	1	16301	2018-06-10 09:22:21	40056	1528593741516	502
67	8	28693	0	13088	2018-06-10 09:22:21	40067	1528593741650	503
118	8	28693	0	14490	2018-06-10 09:22:21	40118	1528593741783	504
21	9	24597	0	30236	2018-06-10 09:23:14	40021	1528593794330	505
12	9	24597	0	27386	2018-06-10 09:23:14	40012	1528593794363	506
11	9	24597	1	33749	2018-06-10 09:23:14	40011	1528593794410	507
9	9	24597	0	12048	2018-06-10 09:23:14	40009	1528593794454	508
20	9	24597	1	26833	2018-06-10 09:23:14	40020	1528593794488	509
13	9	24597	1	30847	2018-06-10 09:23:14	40013	1528593794546	510
17	9	24597	0	24406	2018-06-10 09:23:14	40017	1528593794613	511
10	9	24597	1	33663	2018-06-10 09:23:14	40010	1528593794647	512
8	9	24597	1	21679	2018-06-10 09:23:14	40008	1528593794713	513
16	9	24597	0	24842	2018-06-10 09:23:14	40016	1528593794747	514
3	9	24599	0	61075	2018-06-10 09:23:14	40003	1528593794847	515
37	9	24597	1	21904	2018-06-10 09:23:16	40037	1528593796041	516
127	9	24597	0	19472	2018-06-10 09:23:16	40127	1528593796207	517
77	9	24597	1	31299	2018-06-10 09:23:16	40077	1528593796441	518
76	9	24597	0	12201	2018-06-10 09:23:16	40076	1528593796541	519
67	9	24597	0	14594	2018-06-10 09:23:16	40067	1528593796575	520
56	9	24597	1	23862	2018-06-10 09:23:16	40056	1528593796675	521
43	9	24597	1	19327	2018-06-10 09:23:16	40043	1528593796808	522
117	9	24597	0	14985	2018-06-10 09:23:16	40117	1528593796842	523
39	9	24597	0	11917	2018-06-10 09:23:17	40039	1528593797000	524
135	9	24597	0	22033	2018-06-10 09:23:17	40135	1528593797034	525
40	9	24597	1	23588	2018-06-10 09:23:17	40040	1528593797092	526
66	9	24597	1	20190	2018-06-10 09:23:17	40066	1528593797209	527
80	9	24597	1	33138	2018-06-10 09:23:17	40080	1528593797292	528
120	9	24597	1	26325	2018-06-10 09:23:17	40120	1528593797459	529
122	9	24597	1	20384	2018-06-10 09:23:17	40122	1528593797751	530
118	9	24597	0	16004	2018-06-10 09:23:17	40118	1528593797793	531
129	9	24597	1	21531	2018-06-10 09:23:17	40129	1528593797978	532
132	9	24597	0	28455	2018-06-10 09:23:18	40132	1528593798403	533
50	9	24597	1	32021	2018-06-10 09:23:18	40050	1528593798437	534
24	9	24597	0	11514	2018-06-10 09:23:18	40024	1528593798470	535
119	9	24597	1	20822	2018-06-10 09:23:18	40119	1528593798504	536
63	9	26645	1	21975	2018-06-10 09:23:18	40063	1528593798537	537
47	9	24597	0	16073	2018-06-10 09:23:18	40047	1528593798604	538
78	9	24597	0	11468	2018-06-10 09:23:18	40078	1528593798737	539
115	9	24597	0	16347	2018-06-10 09:23:18	40115	1528593798771	540
124	9	24597	0	26963	2018-06-10 09:23:18	40124	1528593798871	541
41	9	24597	1	18697	2018-06-10 09:23:19	40041	1528593799071	542
64	9	24597	1	21991	2018-06-10 09:23:19	40064	1528593799105	543
32	9	24597	0	11061	2018-06-10 09:23:19	40032	1528593799138	544
52	9	24602	0	14356	2018-06-10 09:23:19	40052	1528593799171	545
121	9	24597	0	16584	2018-06-10 09:23:19	40121	1528593799205	546
70	9	24597	1	33937	2018-06-10 09:23:19	40070	1528593799238	547
69	9	24597	1	30999	2018-06-10 09:23:19	40069	1528593799463	548
26	9	24597	0	11230	2018-06-10 09:23:19	40026	1528593799497	549
75	9	24597	0	24890	2018-06-10 09:23:19	40075	1528593799530	550
38	9	24597	0	16173	2018-06-10 09:23:19	40038	1528593799655	551
53	9	24597	0	26984	2018-06-10 09:23:19	40053	1528593799722	552
123	9	24597	0	19284	2018-06-10 09:23:19	40123	1528593799789	553
48	9	24597	0	26177	2018-06-10 09:23:19	40048	1528593799856	554
71	9	24597	0	25153	2018-06-10 09:23:19	40071	1528593799923	555
72	9	24597	0	20545	2018-06-10 09:23:20	40072	1528593800156	556
131	9	24597	0	14508	2018-06-10 09:23:20	40131	1528593800190	557
139	9	24597	0	14769	2018-06-10 09:23:20	40139	1528593800223	558
44	9	24597	0	16492	2018-06-10 09:23:20	40044	1528593800290	559
33	9	24597	0	12932	2018-06-10 09:23:20	40033	1528593800390	560
21	10	20501	0	33089	2018-06-10 09:24:14	40021	1528593854326	561
12	10	20501	0	30167	2018-06-10 09:24:14	40012	1528593854358	562
11	10	20501	1	43796	2018-06-10 09:24:14	40011	1528593854410	563
9	10	20501	0	13245	2018-06-10 09:24:14	40009	1528593854450	564
20	10	20501	1	35392	2018-06-10 09:24:14	40020	1528593854483	565
16	10	20501	0	27491	2018-06-10 09:24:14	40016	1528593854550	566
10	10	20501	1	45233	2018-06-10 09:24:14	40010	1528593854616	567
17	10	20501	0	26808	2018-06-10 09:24:14	40017	1528593854650	568
13	10	20501	1	42482	2018-06-10 09:24:14	40013	1528593854683	569
8	10	20501	1	32186	2018-06-10 09:24:14	40008	1528593854717	570
3	10	20503	1	1667	2018-06-10 09:24:14	40003	1528593854783	571
37	10	20501	1	32377	2018-06-10 09:24:15	40037	1528593855685	572
39	10	20501	0	13138	2018-06-10 09:24:15	40039	1528593855718	573
121	10	20501	0	18141	2018-06-10 09:24:15	40121	1528593855943	574
123	10	20501	0	21143	2018-06-10 09:24:16	40123	1528593856010	575
119	10	20501	1	31280	2018-06-10 09:24:16	40119	1528593856077	576
135	10	20501	0	23954	2018-06-10 09:24:16	40135	1528593856110	577
44	10	20501	0	17906	2018-06-10 09:24:16	40044	1528593856144	578
26	10	20501	0	12359	2018-06-10 09:24:16	40026	1528593856277	579
129	10	20501	1	32173	2018-06-10 09:24:16	40129	1528593856311	580
139	10	20501	0	16145	2018-06-10 09:24:16	40139	1528593856344	581
118	10	20501	0	17738	2018-06-10 09:24:16	40118	1528593856377	582
131	10	20501	0	15970	2018-06-10 09:24:16	40131	1528593856411	583
66	10	20501	1	30590	2018-06-10 09:24:16	40066	1528593856511	584
124	10	20501	0	29615	2018-06-10 09:24:16	40124	1528593856544	585
67	10	20501	0	15980	2018-06-10 09:24:16	40067	1528593856578	586
80	10	20501	1	43249	2018-06-10 09:24:16	40080	1528593856611	587
122	10	20501	1	30857	2018-06-10 09:24:16	40122	1528593856645	588
24	10	20501	0	12679	2018-06-10 09:24:16	40024	1528593856678	589
53	10	20501	0	29557	2018-06-10 09:24:16	40053	1528593856711	590
52	10	20501	0	15813	2018-06-10 09:24:16	40052	1528593856812	591
69	10	20501	1	41187	2018-06-10 09:24:16	40069	1528593856937	592
71	10	20501	0	27493	2018-06-10 09:24:17	40071	1528593857129	593
38	10	20501	0	17679	2018-06-10 09:24:17	40038	1528593857330	594
41	10	20501	1	29237	2018-06-10 09:24:17	40041	1528593857433	595
127	10	20501	0	20979	2018-06-10 09:24:17	40127	1528593857597	596
70	10	20501	1	46554	2018-06-10 09:24:17	40070	1528593857639	597
63	10	20501	1	34377	2018-06-10 09:24:17	40063	1528593857724	598
56	10	20501	1	34484	2018-06-10 09:24:17	40056	1528593857764	599
32	10	20501	0	12173	2018-06-10 09:24:18	40032	1528593858098	600
75	10	20501	0	27243	2018-06-10 09:24:18	40075	1528593858248	601
50	10	20501	1	43831	2018-06-10 09:24:18	40050	1528593858590	602
120	10	20501	1	37206	2018-06-10 09:24:18	40120	1528593858657	603
117	10	20501	0	16358	2018-06-10 09:24:18	40117	1528593858757	604
72	10	20501	0	22309	2018-06-10 09:24:19	40072	1528593859058	605
40	10	20501	1	34104	2018-06-10 09:24:19	40040	1528593859125	606
132	10	20501	0	31276	2018-06-10 09:24:19	40132	1528593859260	607
33	10	20501	0	14201	2018-06-10 09:24:19	40033	1528593859291	608
43	10	20501	1	29984	2018-06-10 09:24:19	40043	1528593859584	609
115	10	20501	0	18154	2018-06-10 09:24:19	40115	1528593859675	610
78	10	20501	0	12588	2018-06-10 09:24:19	40078	1528593859742	611
76	10	20501	0	14374	2018-06-10 09:24:19	40076	1528593859942	612
48	10	20501	0	28996	2018-06-10 09:24:19	40048	1528593859976	613
77	10	20501	1	43009	2018-06-10 09:24:20	40077	1528593860109	614
64	10	20501	1	30777	2018-06-10 09:24:20	40064	1528593860143	615
47	10	20501	0	17742	2018-06-10 09:24:21	40047	1528593861261	616
21	11	16405	0	36195	2018-06-10 09:25:14	40021	1528593914327	617
12	11	16405	0	32810	2018-06-10 09:25:14	40012	1528593914379	618
11	11	16405	1	55383	2018-06-10 09:25:14	40011	1528593914413	619
9	11	16405	0	14499	2018-06-10 09:25:14	40009	1528593914451	620
20	11	16405	1	47127	2018-06-10 09:25:14	40020	1528593914481	621
16	11	16405	0	30261	2018-06-10 09:25:14	40016	1528593914514	622
13	11	16405	1	53567	2018-06-10 09:25:14	40013	1528593914606	623
17	11	16405	0	29369	2018-06-10 09:25:14	40017	1528593914639	624
10	11	16405	1	56851	2018-06-10 09:25:14	40010	1528593914673	625
3	11	16407	1	8187	2018-06-10 09:25:14	40003	1528593914706	626
8	11	16405	1	43048	2018-06-10 09:25:14	40008	1528593914739	627
131	11	16405	0	17549	2018-06-10 09:25:16	40131	1528593916159	628
70	11	16405	1	58272	2018-06-10 09:25:16	40070	1528593916292	629
69	11	16405	1	52625	2018-06-10 09:25:16	40069	1528593916459	630
80	11	16405	1	54789	2018-06-10 09:25:16	40080	1528593916493	631
76	11	16405	0	15710	2018-06-10 09:25:16	40076	1528593916559	632
64	11	16405	1	41441	2018-06-10 09:25:16	40064	1528593916593	633
47	11	16405	0	19941	2018-06-10 09:25:16	40047	1528593916659	634
119	11	16405	1	41713	2018-06-10 09:25:16	40119	1528593916726	635
40	11	16405	1	44685	2018-06-10 09:25:16	40040	1528593916793	636
115	11	16405	0	19845	2018-06-10 09:25:17	40115	1528593917144	637
72	11	16405	0	24122	2018-06-10 09:25:17	40072	1528593917177	638
26	11	16405	0	13492	2018-06-10 09:25:17	40026	1528593917344	639
48	11	16405	0	31534	2018-06-10 09:25:17	40048	1528593917503	640
135	11	16405	0	25934	2018-06-10 09:25:17	40135	1528593917661	641
132	11	16405	0	33941	2018-06-10 09:25:17	40132	1528593917719	642
66	11	16405	1	41040	2018-06-10 09:25:17	40066	1528593917844	643
78	11	16405	0	13722	2018-06-10 09:25:17	40078	1528593917970	644
37	11	16405	1	43217	2018-06-10 09:25:18	40037	1528593918053	645
63	11	16405	1	45475	2018-06-10 09:25:18	40063	1528593918095	646
53	11	16405	0	32415	2018-06-10 09:25:18	40053	1528593918237	647
122	11	16405	1	41244	2018-06-10 09:25:18	40122	1528593918320	648
50	11	16405	1	55222	2018-06-10 09:25:18	40050	1528593918387	649
33	11	16405	0	15650	2018-06-10 09:25:18	40033	1528593918470	650
120	11	16405	1	47720	2018-06-10 09:25:18	40120	1528593918595	651
67	11	16405	0	17451	2018-06-10 09:25:18	40067	1528593918670	652
129	11	16405	1	42673	2018-06-10 09:25:18	40129	1528593918837	653
139	11	16405	0	17721	2018-06-10 09:25:18	40139	1528593918871	654
41	11	16405	1	41391	2018-06-10 09:25:19	40041	1528593919071	655
77	11	16405	1	56709	2018-06-10 09:25:19	40077	1528593919238	656
121	11	16405	0	20326	2018-06-10 09:25:19	40121	1528593919271	657
56	11	16405	1	47000	2018-06-10 09:25:19	40056	1528593919305	658
124	11	16405	0	32201	2018-06-10 09:25:19	40124	1528593919372	659
39	11	16405	0	14432	2018-06-10 09:25:19	40039	1528593919530	660
24	11	16405	0	13863	2018-06-10 09:25:19	40024	1528593919597	661
38	11	16405	0	19855	2018-06-10 09:25:19	40038	1528593919657	662
32	11	16405	0	13689	2018-06-10 09:25:19	40032	1528593919690	663
75	11	16405	0	29842	2018-06-10 09:25:19	40075	1528593919723	664
43	11	16405	1	40535	2018-06-10 09:25:19	40043	1528593919957	665
117	11	16405	0	17921	2018-06-10 09:25:20	40117	1528593920057	666
52	11	16405	0	17527	2018-06-10 09:25:20	40052	1528593920091	667
118	11	16405	0	19438	2018-06-10 09:25:20	40118	1528593920191	668
123	11	16405	0	23033	2018-06-10 09:25:20	40123	1528593920224	669
71	11	16405	0	30164	2018-06-10 09:25:20	40071	1528593920324	670
44	11	16405	0	19967	2018-06-10 09:25:20	40044	1528593920425	671
127	11	16405	0	23602	2018-06-10 09:25:20	40127	1528593920458	672
21	12	12309	0	39196	2018-06-10 09:26:14	40021	1528593974327	673
12	12	12309	0	35310	2018-06-10 09:26:14	40012	1528593974386	674
11	12	12309	2	1489	2018-06-10 09:26:14	40011	1528593974419	675
9	12	12309	0	15784	2018-06-10 09:26:14	40009	1528593974452	676
20	12	12309	1	60825	2018-06-10 09:26:14	40020	1528593974486	677
16	12	12309	0	32847	2018-06-10 09:26:14	40016	1528593974519	678
17	12	12309	0	31855	2018-06-10 09:26:14	40017	1528593974578	679
13	12	12309	1	65186	2018-06-10 09:26:14	40013	1528593974611	680
10	12	12309	2	2954	2018-06-10 09:26:14	40010	1528593974678	681
3	12	12311	1	14476	2018-06-10 09:26:14	40003	1528593974780	682
8	12	12309	1	53677	2018-06-10 09:26:14	40008	1528593974978	683
32	12	12309	0	14791	2018-06-10 09:26:15	40032	1528593975863	684
24	12	12309	0	14966	2018-06-10 09:26:15	40024	1528593975963	685
44	12	12309	0	21839	2018-06-10 09:26:15	40044	1528593975997	686
43	12	12309	1	51138	2018-06-10 09:26:16	40043	1528593976330	687
124	12	12309	0	34782	2018-06-10 09:26:16	40124	1528593976431	688
117	12	12309	0	19531	2018-06-10 09:26:16	40117	1528593976531	689
76	12	12309	0	16917	2018-06-10 09:26:16	40076	1528593976564	690
63	12	12309	1	56025	2018-06-10 09:26:16	40063	1528593976598	691
135	12	12309	0	28504	2018-06-10 09:26:16	40135	1528593976798	692
139	12	12309	0	19165	2018-06-10 09:26:16	40139	1528593976865	693
127	12	12309	0	25688	2018-06-10 09:26:16	40127	1528593976923	694
119	12	12309	1	52192	2018-06-10 09:26:16	40119	1528593976956	695
80	12	12309	2	680	2018-06-10 09:26:17	40080	1528593977023	696
122	12	12309	1	51685	2018-06-10 09:26:17	40122	1528593977057	697
131	12	12309	0	19087	2018-06-10 09:26:17	40131	1528593977148	698
40	12	12309	1	55284	2018-06-10 09:26:17	40040	1528593977182	699
132	12	12309	0	36927	2018-06-10 09:26:17	40132	1528593977549	700
67	12	12309	0	18848	2018-06-10 09:26:17	40067	1528593977582	701
77	12	12309	2	2951	2018-06-10 09:26:17	40077	1528593977683	702
26	12	12309	0	14601	2018-06-10 09:26:17	40026	1528593977951	703
39	12	12309	0	15584	2018-06-10 09:26:18	40039	1528593978053	704
66	12	12309	1	51396	2018-06-10 09:26:18	40066	1528593978243	705
120	12	12309	1	58312	2018-06-10 09:26:18	40120	1528593978402	706
37	12	12309	1	53817	2018-06-10 09:26:18	40037	1528593978468	707
47	12	12309	0	21965	2018-06-10 09:26:18	40047	1528593978569	708
56	12	12309	1	57862	2018-06-10 09:26:18	40056	1528593978736	709
70	12	12309	2	4617	2018-06-10 09:26:18	40070	1528593978802	710
64	12	12309	1	51953	2018-06-10 09:26:18	40064	1528593978902	711
69	12	12309	1	64084	2018-06-10 09:26:18	40069	1528593978936	712
78	12	12309	0	14905	2018-06-10 09:26:19	40078	1528593979036	713
115	12	12309	0	21708	2018-06-10 09:26:19	40115	1528593979170	714
53	12	12309	0	34825	2018-06-10 09:26:19	40053	1528593979270	715
129	12	12309	1	53227	2018-06-10 09:26:19	40129	1528593979370	716
33	12	12309	0	17028	2018-06-10 09:26:19	40033	1528593979529	717
72	12	12309	0	25774	2018-06-10 09:26:19	40072	1528593979595	718
75	12	12309	0	32239	2018-06-10 09:26:19	40075	1528593979720	719
123	12	12309	0	25567	2018-06-10 09:26:19	40123	1528593979854	720
48	12	12309	0	34195	2018-06-10 09:26:19	40048	1528593979887	721
41	12	12309	1	51791	2018-06-10 09:26:19	40041	1528593979954	722
71	12	12309	0	32771	2018-06-10 09:26:20	40071	1528593980388	723
38	12	12309	0	21642	2018-06-10 09:26:20	40038	1528593980747	724
52	12	12309	0	19038	2018-06-10 09:26:21	40052	1528593981348	725
118	12	12309	0	21045	2018-06-10 09:26:23	40118	1528593983044	726
50	12	12309	2	1167	2018-06-10 09:26:23	40050	1528593983528	727
121	12	12309	0	22268	2018-06-10 09:26:23	40121	1528593983795	728
