nodeid	clock_time_h	clock_time_l	dc_time_h	dc_time_l	insert_time	motelabMoteID	milli_time	motelabSeqNo
3	10	55497	9	64328	2018-07-22 18:16:30	40003	1532254590471	1
10	11	8414	10	15058	2018-07-22 18:16:48	40010	1532254608627	2
13	11	9410	10	17397	2018-07-22 18:16:49	40013	1532254609803	3
16	11	10462	10	15841	2018-07-22 18:16:50	40016	1532254610271	4
9	11	12493	10	17838	2018-07-22 18:16:52	40009	1532254612751	5
17	11	13527	10	18806	2018-07-22 18:16:53	40017	1532254613707	6
80	11	11480	10	17869	2018-07-22 18:16:53	40080	1532254613828	7
8	11	16600	10	23007	2018-07-22 18:16:56	40008	1532254616707	8
11	11	19641	10	26035	2018-07-22 18:16:59	40011	1532254619539	9
4	11	20680	10	27826	2018-07-22 18:17:00	40004	1532254620587	10
12	11	20690	10	25988	2018-07-22 18:17:00	40012	1532254620779	11
20	11	21715	10	27153	2018-07-22 18:17:01	40020	1532254621503	12
21	11	29900	10	35841	2018-07-22 18:17:09	40021	1532254629635	13
39	11	30918	10	36185	2018-07-22 18:17:11	40039	1532254631938	14
24	11	32967	10	38274	2018-07-22 18:17:13	40024	1532254633742	15
63	11	31932	10	38322	2018-07-22 18:17:13	40063	1532254633796	16
64	11	32971	10	38947	2018-07-22 18:17:14	40064	1532254634095	17
48	11	32996	10	38611	2018-07-22 18:17:14	40048	1532254634816	18
56	11	36042	10	42352	2018-07-22 18:17:17	40056	1532254637836	19
26	11	38096	10	44154	2018-07-22 18:17:18	40026	1532254638886	20
70	11	39123	10	50078	2018-07-22 18:17:20	40070	1532254640806	21
32	11	40158	10	46652	2018-07-22 18:17:20	40032	1532254640956	22
52	11	41186	10	47680	2018-07-22 18:17:22	40052	1532254642794	23
67	11	43216	10	48576	2018-07-22 18:17:24	40067	1532254644814	24
44	11	44229	10	49499	2018-07-22 18:17:25	40044	1532254645184	25
47	11	46285	10	52121	2018-07-22 18:17:27	40047	1532254647801	26
38	11	49354	10	55454	2018-07-22 18:17:29	40038	1532254649755	27
3	11	51401	10	1378	2018-07-22 18:17:30	40003	1532254650531	28
37	11	50373	10	56899	2018-07-22 18:17:31	40037	1532254651516	29
33	11	51381	10	58503	2018-07-22 18:17:33	40033	1532254653027	30
50	11	52415	10	58967	2018-07-22 18:17:33	40050	1532254653788	31
53	11	53446	10	59950	2018-07-22 18:17:34	40053	1532254654234	32
72	11	55502	10	61574	2018-07-22 18:17:36	40072	1532254656721	33
41	11	59605	10	65516	2018-07-22 18:17:40	40041	1532254660203	34
43	11	64702	11	4519	2018-07-22 18:17:44	40043	1532254664983	35
40	12	2275	11	8328	2018-07-22 18:17:47	40040	1532254667847	36
10	12	4318	10	17658	2018-07-22 18:17:48	40010	1532254668624	37
66	12	3268	11	8899	2018-07-22 18:17:49	40066	1532254669037	38
13	12	5314	10	20717	2018-07-22 18:17:49	40013	1532254669800	39
16	12	6369	10	17142	2018-07-22 18:17:50	40016	1532254670276	40
69	12	4288	11	10759	2018-07-22 18:17:50	40069	1532254670812	41
77	12	5333	11	11287	2018-07-22 18:17:51	40077	1532254671998	42
9	12	8397	10	19612	2018-07-22 18:17:53	40009	1532254673091	43
17	12	9431	10	20097	2018-07-22 18:17:53	40017	1532254673708	44
80	12	7384	10	20157	2018-07-22 18:17:53	40080	1532254673816	45
78	12	7392	11	12730	2018-07-22 18:17:53	40078	1532254673896	46
8	12	12504	10	25517	2018-07-22 18:17:56	40008	1532254676708	47
11	12	15545	10	29157	2018-07-22 18:17:59	40011	1532254679540	48
4	12	16584	10	30767	2018-07-22 18:18:00	40004	1532254680584	49
71	12	14548	11	22084	2018-07-22 18:18:00	40071	1532254680720	50
12	12	16594	10	28048	2018-07-22 18:18:00	40012	1532254680752	51
20	12	17619	10	28509	2018-07-22 18:18:01	40020	1532254681504	52
21	12	25804	10	38406	2018-07-22 18:18:09	40021	1532254689636	53
39	12	26822	10	38036	2018-07-22 18:18:13	40039	1532254693432	54
24	12	28871	10	41559	2018-07-22 18:18:13	40024	1532254693727	55
63	12	27836	10	41838	2018-07-22 18:18:13	40063	1532254693802	56
64	12	28875	10	41964	2018-07-22 18:18:14	40064	1532254694092	57
48	12	28900	10	40693	2018-07-22 18:18:14	40048	1532254694814	58
75	12	28900	11	35922	2018-07-22 18:18:14	40075	1532254694866	59
56	12	31946	10	46048	2018-07-22 18:18:17	40056	1532254697831	60
26	12	34000	10	45945	2018-07-22 18:18:18	40026	1532254698883	61
70	12	35027	10	58341	2018-07-22 18:18:20	40070	1532254700798	62
32	12	36062	10	50287	2018-07-22 18:18:20	40032	1532254700965	63
52	12	37090	10	52017	2018-07-22 18:18:22	40052	1532254702802	64
67	12	39120	10	49878	2018-07-22 18:18:24	40067	1532254704812	65
44	12	40133	10	51367	2018-07-22 18:18:25	40044	1532254705178	66
47	12	42189	10	54823	2018-07-22 18:18:27	40047	1532254707787	67
38	12	45258	10	58929	2018-07-22 18:18:29	40038	1532254709741	68
3	12	47305	10	6173	2018-07-22 18:18:30	40003	1532254710575	69
33	12	47285	10	61958	2018-07-22 18:18:32	40033	1532254712519	70
37	12	46277	10	61110	2018-07-22 18:18:32	40037	1532254712636	71
50	12	48319	10	62191	2018-07-22 18:18:33	40050	1532254713788	72
53	12	49350	10	63188	2018-07-22 18:18:34	40053	1532254714237	73
72	12	51406	10	63015	2018-07-22 18:18:36	40072	1532254716721	74
41	12	55509	11	1882	2018-07-22 18:18:40	40041	1532254720200	75
43	12	60606	11	5786	2018-07-22 18:18:44	40043	1532254724983	76
40	12	63715	11	12198	2018-07-22 18:18:47	40040	1532254727841	77
10	13	222	10	20803	2018-07-22 18:18:48	40010	1532254728624	78
66	12	64708	11	10615	2018-07-22 18:18:49	40066	1532254729039	79
13	13	1218	10	25370	2018-07-22 18:18:49	40013	1532254729800	80
16	13	2266	10	18414	2018-07-22 18:18:50	40016	1532254730264	81
69	13	192	11	13197	2018-07-22 18:18:50	40069	1532254730807	82
9	13	4301	10	21464	2018-07-22 18:18:52	40009	1532254732776	83
77	13	1237	11	13161	2018-07-22 18:18:53	40077	1532254733377	84
17	13	5335	10	21302	2018-07-22 18:18:53	40017	1532254733704	85
80	13	3288	10	23010	2018-07-22 18:18:53	40080	1532254733820	86
78	13	3296	11	14635	2018-07-22 18:18:53	40078	1532254733901	87
8	13	8408	10	28731	2018-07-22 18:18:56	40008	1532254736704	88
11	13	11449	10	32352	2018-07-22 18:18:59	40011	1532254739536	89
4	13	12488	10	34504	2018-07-22 18:19:00	40004	1532254740584	90
71	13	10452	11	25037	2018-07-22 18:19:00	40071	1532254740727	91
12	13	12498	10	29449	2018-07-22 18:19:00	40012	1532254740770	92
20	13	13523	10	30383	2018-07-22 18:19:01	40020	1532254741500	93
21	13	21708	10	41030	2018-07-22 18:19:09	40021	1532254749636	94
39	13	22726	10	39257	2018-07-22 18:19:13	40039	1532254753675	95
24	13	24775	10	44038	2018-07-22 18:19:13	40024	1532254753720	96
63	13	23740	10	45023	2018-07-22 18:19:13	40063	1532254753793	97
64	13	24779	10	45076	2018-07-22 18:19:14	40064	1532254754090	98
48	13	24804	10	42200	2018-07-22 18:19:14	40048	1532254754811	99
75	13	24804	11	38359	2018-07-22 18:19:14	40075	1532254754892	100
56	13	27850	10	50734	2018-07-22 18:19:17	40056	1532254757827	101
26	13	29904	10	47867	2018-07-22 18:19:18	40026	1532254758880	102
70	13	30931	11	1451	2018-07-22 18:19:20	40070	1532254760807	103
32	13	31966	10	52815	2018-07-22 18:19:20	40032	1532254760958	104
52	13	32994	10	56316	2018-07-22 18:19:22	40052	1532254762794	105
67	13	35024	10	51794	2018-07-22 18:19:24	40067	1532254764811	106
44	13	36037	10	53120	2018-07-22 18:19:25	40044	1532254765187	107
47	13	38093	10	57878	2018-07-22 18:19:27	40047	1532254767790	108
38	13	41162	10	62859	2018-07-22 18:19:29	40038	1532254769743	109
3	13	43209	10	11037	2018-07-22 18:19:30	40003	1532254770526	110
33	13	43189	11	1343	2018-07-22 18:19:32	40033	1532254772556	111
37	13	42181	10	64876	2018-07-22 18:19:32	40037	1532254772923	112
50	13	44223	11	374	2018-07-22 18:19:33	40050	1532254773787	113
53	13	45262	11	5	2018-07-22 18:19:34	40053	1532254774240	114
72	13	47310	10	65434	2018-07-22 18:19:36	40072	1532254776721	115
41	13	51413	11	4415	2018-07-22 18:19:40	40041	1532254780197	116
43	13	56510	11	6993	2018-07-22 18:19:44	40043	1532254784983	117
40	13	59619	11	15657	2018-07-22 18:19:47	40040	1532254787853	118
10	13	61662	10	23997	2018-07-22 18:19:48	40010	1532254788621	119
66	13	60612	11	12296	2018-07-22 18:19:49	40066	1532254789040	120
13	13	62658	10	30025	2018-07-22 18:19:49	40013	1532254789801	121
16	13	63706	10	20294	2018-07-22 18:19:50	40016	1532254790265	122
77	13	62677	11	14992	2018-07-22 18:19:52	40077	1532254792128	123
69	13	61632	11	16152	2018-07-22 18:19:52	40069	1532254792161	124
9	14	205	10	23375	2018-07-22 18:19:53	40009	1532254793013	125
17	14	1239	10	23153	2018-07-22 18:19:53	40017	1532254793705	126
80	13	64728	10	25977	2018-07-22 18:19:53	40080	1532254793824	127
78	13	64736	11	16989	2018-07-22 18:19:53	40078	1532254793891	128
8	14	4312	10	32236	2018-07-22 18:19:56	40008	1532254796705	129
11	14	7355	10	35609	2018-07-22 18:19:59	40011	1532254799549	130
4	14	8392	10	38298	2018-07-22 18:20:00	40004	1532254800585	131
71	14	6356	11	28451	2018-07-22 18:20:00	40071	1532254800718	132
12	14	8402	10	30685	2018-07-22 18:20:00	40012	1532254800764	133
20	14	9427	10	31744	2018-07-22 18:20:01	40020	1532254801501	134
21	14	17612	10	43898	2018-07-22 18:20:09	40021	1532254809633	135
39	14	18630	10	40612	2018-07-22 18:20:13	40039	1532254813561	136
24	14	20679	10	46296	2018-07-22 18:20:13	40024	1532254813730	137
63	14	19644	10	48546	2018-07-22 18:20:13	40063	1532254813799	138
64	14	20683	10	48079	2018-07-22 18:20:14	40064	1532254814088	139
48	14	20708	10	44637	2018-07-22 18:20:14	40048	1532254814809	140
75	14	20708	11	41883	2018-07-22 18:20:14	40075	1532254814862	141
56	14	23754	10	54676	2018-07-22 18:20:17	40056	1532254817825	142
26	14	25808	10	49598	2018-07-22 18:20:18	40026	1532254818878	143
70	14	26840	11	9087	2018-07-22 18:20:20	40070	1532254820800	144
32	14	27870	10	55877	2018-07-22 18:20:20	40032	1532254820951	145
52	14	28898	10	60665	2018-07-22 18:20:22	40052	1532254822786	146
67	14	30928	10	53018	2018-07-22 18:20:24	40067	1532254824809	147
44	14	31941	10	54434	2018-07-22 18:20:25	40044	1532254825181	148
47	14	33997	10	59930	2018-07-22 18:20:27	40047	1532254827793	149
38	14	37066	11	1236	2018-07-22 18:20:29	40038	1532254829746	150
3	14	39113	10	15895	2018-07-22 18:20:30	40003	1532254830505	151
33	14	39093	11	5933	2018-07-22 18:20:33	40033	1532254833534	152
37	14	38085	11	3838	2018-07-22 18:20:33	40037	1532254833568	153
50	14	40127	11	4651	2018-07-22 18:20:33	40050	1532254833787	154
53	14	41158	11	3696	2018-07-22 18:20:34	40053	1532254834243	155
72	14	43214	11	1417	2018-07-22 18:20:36	40072	1532254836721	156
41	14	47317	11	6341	2018-07-22 18:20:40	40041	1532254840194	157
43	14	52414	11	9455	2018-07-22 18:20:44	40043	1532254844968	158
40	14	55523	11	19167	2018-07-22 18:20:47	40040	1532254847849	159
10	14	57566	10	27103	2018-07-22 18:20:48	40010	1532254848621	160
66	14	56516	11	13972	2018-07-22 18:20:49	40066	1532254849042	161
13	14	58562	10	34754	2018-07-22 18:20:49	40013	1532254849797	162
16	14	59610	10	21649	2018-07-22 18:20:50	40016	1532254850261	163
69	14	57536	11	19117	2018-07-22 18:20:50	40069	1532254850812	164
77	14	58581	11	16873	2018-07-22 18:20:52	40077	1532254852181	165
9	14	61645	10	25148	2018-07-22 18:20:53	40009	1532254853016	166
17	14	62679	10	25565	2018-07-22 18:20:53	40017	1532254853701	167
80	14	60632	10	28774	2018-07-22 18:20:53	40080	1532254853812	168
78	14	60640	11	19362	2018-07-22 18:20:53	40078	1532254853896	169
8	15	216	10	34760	2018-07-22 18:20:56	40008	1532254856705	170
11	15	3257	10	39460	2018-07-22 18:20:59	40011	1532254859533	171
4	15	4296	10	41826	2018-07-22 18:21:00	40004	1532254860581	172
71	15	2260	11	31919	2018-07-22 18:21:00	40071	1532254860725	173
12	15	4306	10	32059	2018-07-22 18:21:00	40012	1532254860758	174
20	15	5331	10	32938	2018-07-22 18:21:01	40020	1532254861497	175
21	15	13516	10	45600	2018-07-22 18:21:09	40021	1532254869634	176
39	15	14534	10	42447	2018-07-22 18:21:13	40039	1532254873088	177
24	15	16583	10	48410	2018-07-22 18:21:13	40024	1532254873724	178
63	15	15548	10	51646	2018-07-22 18:21:13	40063	1532254873789	179
64	15	16587	10	51082	2018-07-22 18:21:14	40064	1532254874087	180
48	15	16612	10	47237	2018-07-22 18:21:14	40048	1532254874806	181
75	15	16618	11	45387	2018-07-22 18:21:14	40075	1532254874866	182
56	15	19658	10	59317	2018-07-22 18:21:17	40056	1532254877823	183
26	15	21712	10	51438	2018-07-22 18:21:18	40026	1532254878876	184
70	15	22739	11	17867	2018-07-22 18:21:20	40070	1532254880794	185
32	15	23774	10	59434	2018-07-22 18:21:20	40032	1532254880960	186
52	15	24802	10	65005	2018-07-22 18:21:22	40052	1532254882795	187
67	15	26832	10	55294	2018-07-22 18:21:24	40067	1532254884808	188
44	15	27845	10	55666	2018-07-22 18:21:25	40044	1532254885175	189
47	15	29901	10	63260	2018-07-22 18:21:27	40047	1532254887797	190
38	15	32970	11	5195	2018-07-22 18:21:29	40038	1532254889749	191
3	15	35017	10	20466	2018-07-22 18:21:30	40003	1532254890599	192
37	15	33989	11	7089	2018-07-22 18:21:30	40037	1532254890999	193
33	15	34998	11	10322	2018-07-22 18:21:33	40033	1532254893588	194
50	15	36031	11	8010	2018-07-22 18:21:33	40050	1532254893787	195
53	15	37062	11	6735	2018-07-22 18:21:34	40053	1532254894230	196
72	15	39118	11	2679	2018-07-22 18:21:36	40072	1532254896722	197
41	15	43221	11	8483	2018-07-22 18:21:40	40041	1532254900191	198
43	15	48318	11	12155	2018-07-22 18:21:44	40043	1532254904968	199
40	15	51427	11	22810	2018-07-22 18:21:47	40040	1532254907845	200
10	15	53470	10	29616	2018-07-22 18:21:48	40010	1532254908618	201
66	15	52420	11	15520	2018-07-22 18:21:49	40066	1532254909044	202
13	15	54466	10	39389	2018-07-22 18:21:49	40013	1532254909798	203
16	15	55514	10	22994	2018-07-22 18:21:50	40016	1532254910262	204
69	15	53440	11	22004	2018-07-22 18:21:51	40069	1532254911056	205
9	15	57549	10	26428	2018-07-22 18:21:52	40009	1532254912775	206
77	15	54485	11	18240	2018-07-22 18:21:53	40077	1532254913510	207
17	15	58583	10	28020	2018-07-22 18:21:53	40017	1532254913702	208
80	15	56536	10	31603	2018-07-22 18:21:53	40080	1532254913816	209
78	15	56544	11	20679	2018-07-22 18:21:53	40078	1532254913886	210
8	15	61656	10	37973	2018-07-22 18:21:56	40008	1532254916702	211
11	15	64697	10	41881	2018-07-22 18:21:59	40011	1532254919534	212
4	16	200	10	45600	2018-07-22 18:22:00	40004	1532254920582	213
71	15	63700	11	35849	2018-07-22 18:22:00	40071	1532254920716	214
12	16	210	10	34681	2018-07-22 18:22:00	40012	1532254920770	215
20	16	1235	10	34792	2018-07-22 18:22:01	40020	1532254921498	216
21	16	9420	10	49033	2018-07-22 18:22:09	40021	1532254929634	217
39	16	10438	10	43807	2018-07-22 18:22:13	40039	1532254933491	218
24	16	12487	10	50163	2018-07-22 18:22:13	40024	1532254933719	219
63	16	11452	10	56619	2018-07-22 18:22:13	40063	1532254933794	220
64	16	12491	10	54095	2018-07-22 18:22:14	40064	1532254934085	221
48	16	12516	10	49643	2018-07-22 18:22:14	40048	1532254934804	222
75	16	12516	11	48330	2018-07-22 18:22:14	40075	1532254934850	223
56	16	15562	10	63852	2018-07-22 18:22:17	40056	1532254937822	224
26	16	17616	10	53517	2018-07-22 18:22:18	40026	1532254938873	225
70	16	18643	11	26988	2018-07-22 18:22:20	40070	1532254940788	226
32	16	19678	10	62603	2018-07-22 18:22:20	40032	1532254940954	227
52	16	20706	11	3752	2018-07-22 18:22:22	40052	1532254942787	228
67	16	22736	10	56650	2018-07-22 18:22:24	40067	1532254944808	229
44	16	23749	10	57983	2018-07-22 18:22:25	40044	1532254945185	230
47	16	25805	10	65277	2018-07-22 18:22:27	40047	1532254947785	231
38	16	28874	11	9073	2018-07-22 18:22:29	40038	1532254949736	232
3	16	30921	10	25540	2018-07-22 18:22:30	40003	1532254950525	233
37	16	29893	11	10966	2018-07-22 18:22:31	40037	1532254951027	234
33	16	30901	11	14532	2018-07-22 18:22:33	40033	1532254953439	235
50	16	31935	11	11159	2018-07-22 18:22:33	40050	1532254953787	236
53	16	32966	11	9809	2018-07-22 18:22:34	40053	1532254954233	237
72	16	35022	11	4015	2018-07-22 18:22:36	40072	1532254956724	238
41	16	39125	11	9780	2018-07-22 18:22:40	40041	1532254960188	239
43	16	44222	11	13938	2018-07-22 18:22:44	40043	1532254964969	240
40	16	47331	11	26219	2018-07-22 18:22:47	40040	1532254967843	241
10	16	49374	10	32335	2018-07-22 18:22:48	40010	1532254968618	242
66	16	48324	11	17232	2018-07-22 18:22:49	40066	1532254969030	243
13	16	50378	10	44195	2018-07-22 18:22:49	40013	1532254969806	244
16	16	51418	10	24865	2018-07-22 18:22:50	40016	1532254970258	245
69	16	49344	11	24494	2018-07-22 18:22:50	40069	1532254970782	246
9	16	53453	10	28488	2018-07-22 18:22:52	40009	1532254972828	247
77	16	50389	11	19643	2018-07-22 18:22:53	40077	1532254973413	248
17	16	54487	10	30400	2018-07-22 18:22:53	40017	1532254973702	249
80	16	52440	10	34469	2018-07-22 18:22:53	40080	1532254973820	250
78	16	52448	11	22455	2018-07-22 18:22:53	40078	1532254973930	251
8	16	57560	10	41542	2018-07-22 18:22:56	40008	1532254976702	252
11	16	60601	10	45094	2018-07-22 18:22:59	40011	1532254979534	253
4	16	61640	10	49410	2018-07-22 18:23:00	40004	1532254980582	254
71	16	59604	11	39969	2018-07-22 18:23:00	40071	1532254980724	255
12	16	61650	10	36553	2018-07-22 18:23:00	40012	1532254980755	256
20	16	62675	10	36149	2018-07-22 18:23:01	40020	1532254981494	257
21	17	5324	10	51580	2018-07-22 18:23:09	40021	1532254989631	258
39	17	6342	10	45631	2018-07-22 18:23:11	40039	1532254991957	259
24	17	8395	10	51817	2018-07-22 18:23:13	40024	1532254993731	260
63	17	7356	10	60578	2018-07-22 18:23:13	40063	1532254993800	261
64	17	8395	10	57094	2018-07-22 18:23:14	40064	1532254994099	262
48	17	8420	10	52546	2018-07-22 18:23:14	40048	1532254994801	263
75	17	8420	11	51407	2018-07-22 18:23:14	40075	1532254994869	264
56	17	11466	11	2951	2018-07-22 18:23:17	40056	1532254997821	265
26	17	13520	10	55217	2018-07-22 18:23:18	40026	1532254998871	266
70	17	14547	11	34333	2018-07-22 18:23:20	40070	1532255000798	267
32	17	15582	10	65141	2018-07-22 18:23:20	40032	1532255000947	268
52	17	16610	11	8258	2018-07-22 18:23:22	40052	1532255002779	269
67	17	18640	10	58478	2018-07-22 18:23:24	40067	1532255004806	270
44	17	19653	10	59244	2018-07-22 18:23:25	40044	1532255005179	271
47	17	21709	11	2751	2018-07-22 18:23:27	40047	1532255007789	272
38	17	24778	11	12934	2018-07-22 18:23:29	40038	1532255009739	273
3	17	26825	10	30063	2018-07-22 18:23:30	40003	1532255010695	274
37	17	25797	11	15069	2018-07-22 18:23:31	40037	1532255011964	275
33	17	26805	11	18944	2018-07-22 18:23:33	40033	1532255013333	276
50	17	27839	11	15525	2018-07-22 18:23:33	40050	1532255013787	277
53	17	28870	11	12208	2018-07-22 18:23:34	40053	1532255014235	278
72	17	30926	11	5914	2018-07-22 18:23:36	40072	1532255016709	279
41	17	35029	11	11640	2018-07-22 18:23:40	40041	1532255020186	280
43	17	40126	11	15160	2018-07-22 18:23:44	40043	1532255024969	281
40	17	43235	11	29640	2018-07-22 18:23:47	40040	1532255027841	282
10	17	45278	10	37231	2018-07-22 18:23:48	40010	1532255028619	283
66	17	44228	11	18906	2018-07-22 18:23:49	40066	1532255029032	284
13	17	46274	10	49004	2018-07-22 18:23:49	40013	1532255029795	285
16	17	47322	10	27298	2018-07-22 18:23:50	40016	1532255030259	286
69	17	45248	11	27397	2018-07-22 18:23:50	40069	1532255030877	287
77	17	46293	11	21494	2018-07-22 18:23:52	40077	1532255032597	288
9	17	49357	10	30327	2018-07-22 18:23:53	40009	1532255033133	289
17	17	50391	10	33412	2018-07-22 18:23:53	40017	1532255033699	290
80	17	48344	10	37252	2018-07-22 18:23:53	40080	1532255033808	291
78	17	48352	11	23670	2018-07-22 18:23:53	40078	1532255033896	292
8	17	53464	10	44914	2018-07-22 18:23:56	40008	1532255036703	293
11	17	56505	10	48298	2018-07-22 18:23:59	40011	1532255039531	294
4	17	57544	10	53108	2018-07-22 18:24:00	40004	1532255040579	295
71	17	55508	11	43382	2018-07-22 18:24:00	40071	1532255040715	296
12	17	57554	10	40499	2018-07-22 18:24:00	40012	1532255040765	297
20	17	58579	10	37548	2018-07-22 18:24:01	40020	1532255041491	298
21	18	1228	10	53524	2018-07-22 18:24:09	40021	1532255049631	299
39	18	2246	10	47439	2018-07-22 18:24:12	40039	1532255052361	300
24	18	4295	10	54139	2018-07-22 18:24:13	40024	1532255053726	301
63	18	3260	11	1368	2018-07-22 18:24:13	40063	1532255053789	302
64	18	4299	10	60714	2018-07-22 18:24:14	40064	1532255054097	303
48	18	4324	10	54621	2018-07-22 18:24:14	40048	1532255054815	304
75	18	4324	11	53856	2018-07-22 18:24:14	40075	1532255054849	305
56	18	7370	11	7094	2018-07-22 18:24:17	40056	1532255057821	306
26	18	9424	10	57138	2018-07-22 18:24:18	40026	1532255058868	307
70	18	10451	11	43845	2018-07-22 18:24:20	40070	1532255060791	308
32	18	11486	11	2551	2018-07-22 18:24:20	40032	1532255060956	309
52	18	12514	11	12536	2018-07-22 18:24:22	40052	1532255062787	310
67	18	14544	10	60383	2018-07-22 18:24:24	40067	1532255064806	311
44	18	15557	10	61547	2018-07-22 18:24:25	40044	1532255065173	312
47	18	17613	11	5081	2018-07-22 18:24:27	40047	1532255067793	313
38	18	20682	11	16828	2018-07-22 18:24:29	40038	1532255069743	314
3	18	22729	10	36694	2018-07-22 18:24:30	40003	1532255070522	315
37	18	21701	11	17742	2018-07-22 18:24:30	40037	1532255070981	316
33	18	22709	11	22529	2018-07-22 18:24:32	40033	1532255072009	317
50	18	23743	11	19229	2018-07-22 18:24:33	40050	1532255073787	318
53	18	24774	11	15280	2018-07-22 18:24:34	40053	1532255074237	319
72	18	26830	11	7225	2018-07-22 18:24:36	40072	1532255076711	320
41	18	30933	11	14058	2018-07-22 18:24:40	40041	1532255080184	321
43	18	36030	11	16480	2018-07-22 18:24:44	40043	1532255084970	322
40	18	39139	11	33816	2018-07-22 18:24:47	40040	1532255087839	323
10	18	41182	10	40685	2018-07-22 18:24:48	40010	1532255088615	324
66	18	40132	11	20425	2018-07-22 18:24:49	40066	1532255089033	325
13	18	42178	10	53835	2018-07-22 18:24:49	40013	1532255089795	326
16	18	43226	10	29258	2018-07-22 18:24:50	40016	1532255090255	327
69	18	41152	11	29785	2018-07-22 18:24:51	40069	1532255091146	328
77	18	42197	11	23876	2018-07-22 18:24:52	40077	1532255092950	329
9	18	45261	10	31817	2018-07-22 18:24:53	40009	1532255093267	330
17	18	46295	10	35805	2018-07-22 18:24:53	40017	1532255093699	331
80	18	44248	10	40055	2018-07-22 18:24:53	40080	1532255093814	332
78	18	44256	11	25383	2018-07-22 18:24:53	40078	1532255093886	333
8	18	49368	10	48838	2018-07-22 18:24:56	40008	1532255096699	334
11	18	52409	10	51451	2018-07-22 18:24:59	40011	1532255099531	335
4	18	53448	10	56954	2018-07-22 18:25:00	40004	1532255100579	336
71	18	51412	11	47108	2018-07-22 18:25:00	40071	1532255100723	337
12	18	53458	10	42691	2018-07-22 18:25:00	40012	1532255100769	338
20	18	54483	10	40442	2018-07-22 18:25:01	40020	1532255101491	339
21	18	62668	10	56261	2018-07-22 18:25:09	40021	1532255109632	340
39	18	63686	10	49210	2018-07-22 18:25:13	40039	1532255113682	341
24	19	199	10	56667	2018-07-22 18:25:13	40024	1532255113722	342
63	18	64700	11	6871	2018-07-22 18:25:13	40063	1532255113794	343
64	19	203	10	63964	2018-07-22 18:25:14	40064	1532255114096	344
48	19	228	10	57156	2018-07-22 18:25:14	40048	1532255114813	345
75	19	228	11	56240	2018-07-22 18:25:14	40075	1532255114865	346
56	19	3274	11	10942	2018-07-22 18:25:17	40056	1532255117824	347
26	19	5328	10	59054	2018-07-22 18:25:18	40026	1532255118866	348
70	19	6355	11	51685	2018-07-22 18:25:20	40070	1532255120785	349
32	19	7390	11	5614	2018-07-22 18:25:20	40032	1532255120949	350
52	19	8418	11	16942	2018-07-22 18:25:22	40052	1532255122780	351
67	19	10450	10	62616	2018-07-22 18:25:24	40067	1532255124806	352
44	19	11461	10	63010	2018-07-22 18:25:25	40044	1532255125183	353
47	19	13517	11	7482	2018-07-22 18:25:27	40047	1532255127781	354
38	19	16586	11	22456	2018-07-22 18:25:29	40038	1532255129730	355
3	19	18633	10	41980	2018-07-22 18:25:30	40003	1532255130517	356
37	19	17605	11	21868	2018-07-22 18:25:30	40037	1532255130909	357
33	19	18613	11	28545	2018-07-22 18:25:32	40033	1532255132687	358
50	19	19647	11	21790	2018-07-22 18:25:33	40050	1532255133787	359
53	19	20678	11	17782	2018-07-22 18:25:34	40053	1532255134240	360
72	19	22734	11	9058	2018-07-22 18:25:36	40072	1532255136712	361
41	19	26837	11	16984	2018-07-22 18:25:40	40041	1532255140182	362
43	19	31934	11	18271	2018-07-22 18:25:44	40043	1532255144971	363
40	19	35043	11	37651	2018-07-22 18:25:47	40040	1532255147838	364
10	19	37086	10	43526	2018-07-22 18:25:48	40010	1532255148616	365
66	19	36036	11	22008	2018-07-22 18:25:49	40066	1532255149035	366
13	19	38082	10	60971	2018-07-22 18:25:49	40013	1532255149796	367
16	19	39130	10	31041	2018-07-22 18:25:50	40016	1532255150256	368
69	19	37056	11	33874	2018-07-22 18:25:52	40069	1532255152310	369
77	19	38101	11	25226	2018-07-22 18:25:52	40077	1532255152944	370
9	19	41165	10	33713	2018-07-22 18:25:53	40009	1532255153362	371
17	19	42199	10	37616	2018-07-22 18:25:53	40017	1532255153696	372
80	19	40152	10	42852	2018-07-22 18:25:53	40080	1532255153817	373
78	19	40160	11	27064	2018-07-22 18:25:53	40078	1532255153892	374
8	19	45272	10	52359	2018-07-22 18:25:56	40008	1532255156700	375
11	19	48313	10	54306	2018-07-22 18:25:59	40011	1532255159528	376
4	19	49352	10	60989	2018-07-22 18:26:00	40004	1532255160576	377
71	19	47316	11	51251	2018-07-22 18:26:00	40071	1532255160714	378
12	19	49362	10	44671	2018-07-22 18:26:00	40012	1532255160763	379
20	19	50387	10	42272	2018-07-22 18:26:01	40020	1532255161492	380
21	19	58572	10	59147	2018-07-22 18:26:09	40021	1532255169628	381
39	19	59590	10	51170	2018-07-22 18:26:13	40039	1532255173543	382
24	19	61639	10	60137	2018-07-22 18:26:13	40024	1532255173717	383
63	19	60604	11	10267	2018-07-22 18:26:13	40063	1532255173784	384
64	19	61643	11	1414	2018-07-22 18:26:14	40064	1532255174094	385
48	19	61668	10	60030	2018-07-22 18:26:14	40048	1532255174810	386
75	19	61668	11	58660	2018-07-22 18:26:14	40075	1532255174861	387
56	19	64714	11	16360	2018-07-22 18:26:17	40056	1532255177825	388
26	20	1232	10	62852	2018-07-22 18:26:18	40026	1532255178863	389
70	20	2259	11	59555	2018-07-22 18:26:20	40070	1532255180779	390
32	20	3294	11	8164	2018-07-22 18:26:20	40032	1532255180958	391
52	20	4322	11	21682	2018-07-22 18:26:22	40052	1532255182772	392
67	20	6352	10	64368	2018-07-22 18:26:24	40067	1532255184804	393
44	20	7365	10	65294	2018-07-22 18:26:25	40044	1532255185177	394
47	20	9421	11	10656	2018-07-22 18:26:27	40047	1532255187786	395
38	20	12490	11	26294	2018-07-22 18:26:29	40038	1532255189734	396
3	20	14537	10	46829	2018-07-22 18:26:30	40003	1532255190519	397
37	20	13509	11	24460	2018-07-22 18:26:31	40037	1532255191104	398
33	20	14517	11	33139	2018-07-22 18:26:33	40033	1532255193191	399
50	20	15551	11	25121	2018-07-22 18:26:33	40050	1532255193787	400
53	20	16582	11	20920	2018-07-22 18:26:34	40053	1532255194242	401
72	20	18638	11	10849	2018-07-22 18:26:36	40072	1532255196714	402
41	20	22741	11	20170	2018-07-22 18:26:40	40041	1532255200180	403
43	20	27838	11	21464	2018-07-22 18:26:44	40043	1532255204972	404
40	20	30947	11	41408	2018-07-22 18:26:47	40040	1532255207837	405
10	20	32990	10	47043	2018-07-22 18:26:48	40010	1532255208612	406
66	20	31940	11	23582	2018-07-22 18:26:49	40066	1532255209037	407
13	20	33986	11	300	2018-07-22 18:26:49	40013	1532255209796	408
16	20	35034	10	32615	2018-07-22 18:26:50	40016	1532255210256	409
69	20	32960	11	36270	2018-07-22 18:26:50	40069	1532255210785	410
9	20	37069	10	34939	2018-07-22 18:26:53	40009	1532255213089	411
77	20	34005	11	27546	2018-07-22 18:26:53	40077	1532255213415	412
17	20	38103	10	38849	2018-07-22 18:26:53	40017	1532255213696	413
80	20	36056	10	45754	2018-07-22 18:26:53	40080	1532255213805	414
78	20	36064	11	28812	2018-07-22 18:26:53	40078	1532255213881	415
8	20	41182	10	55564	2018-07-22 18:26:56	40008	1532255216704	416
11	20	44217	10	57519	2018-07-22 18:26:59	40011	1532255219528	417
4	20	45256	10	64619	2018-07-22 18:27:00	40004	1532255220576	418
71	20	43220	11	55225	2018-07-22 18:27:00	40071	1532255220722	419
12	20	45266	10	47054	2018-07-22 18:27:00	40012	1532255220758	420
20	20	46291	10	44607	2018-07-22 18:27:01	40020	1532255221488	421
21	20	54476	10	62358	2018-07-22 18:27:09	40021	1532255229629	422
39	20	55494	10	52545	2018-07-22 18:27:12	40039	1532255232160	423
24	20	57543	10	62263	2018-07-22 18:27:13	40024	1532255233713	424
63	20	56508	11	16545	2018-07-22 18:27:13	40063	1532255233789	425
64	20	57547	11	4762	2018-07-22 18:27:14	40064	1532255234093	426
48	20	57572	10	62688	2018-07-22 18:27:14	40048	1532255234807	427
75	20	57572	11	61564	2018-07-22 18:27:14	40075	1532255234863	428
56	20	60618	11	20144	2018-07-22 18:27:17	40056	1532255237826	429
26	20	62672	10	64735	2018-07-22 18:27:18	40026	1532255238876	430
70	20	63699	12	1118	2018-07-22 18:27:20	40070	1532255240789	431
32	20	64734	11	12496	2018-07-22 18:27:20	40032	1532255240951	432
52	21	226	11	26690	2018-07-22 18:27:22	40052	1532255242781	433
67	21	2256	11	578	2018-07-22 18:27:24	40067	1532255244804	434
44	21	3269	11	1513	2018-07-22 18:27:25	40044	1532255245171	435
47	21	5325	11	12509	2018-07-22 18:27:27	40047	1532255247775	436
38	21	8394	11	30121	2018-07-22 18:27:29	40038	1532255249737	437
3	21	10441	10	51952	2018-07-22 18:27:30	40003	1532255250506	438
37	21	9413	11	27851	2018-07-22 18:27:32	40037	1532255252543	439
33	21	10421	11	38519	2018-07-22 18:27:32	40033	1532255252576	440
50	21	11455	11	29052	2018-07-22 18:27:33	40050	1532255253787	441
53	21	12486	11	23925	2018-07-22 18:27:34	40053	1532255254228	442
72	21	14542	11	12114	2018-07-22 18:27:36	40072	1532255256719	443
41	21	18645	11	22572	2018-07-22 18:27:40	40041	1532255260179	444
43	21	23742	11	24622	2018-07-22 18:27:44	40043	1532255264973	445
40	21	26851	11	45699	2018-07-22 18:27:47	40040	1532255267836	446
10	21	28898	10	50132	2018-07-22 18:27:48	40010	1532255268617	447
66	21	27844	11	25245	2018-07-22 18:27:49	40066	1532255269039	448
13	21	29890	11	5013	2018-07-22 18:27:49	40013	1532255269793	449
16	21	30938	10	35475	2018-07-22 18:27:50	40016	1532255270253	450
77	21	29909	11	29886	2018-07-22 18:27:52	40077	1532255272636	451
69	21	28864	11	39716	2018-07-22 18:27:53	40069	1532255273185	452
9	21	32974	10	37338	2018-07-22 18:27:53	40009	1532255273285	453
17	21	34007	10	40077	2018-07-22 18:27:53	40017	1532255273697	454
80	21	31960	10	48545	2018-07-22 18:27:53	40080	1532255273809	455
78	21	31968	11	30508	2018-07-22 18:27:53	40078	1532255273887	456
8	21	37080	10	58651	2018-07-22 18:27:56	40008	1532255276697	457
11	21	40121	10	60627	2018-07-22 18:27:59	40011	1532255279529	458
4	21	41160	11	2515	2018-07-22 18:28:00	40004	1532255280573	459
71	21	39124	11	58630	2018-07-22 18:28:00	40071	1532255280713	460
12	21	41170	10	48332	2018-07-22 18:28:00	40012	1532255280761	461
20	21	42195	10	46438	2018-07-22 18:28:01	40020	1532255281489	462
21	21	50380	10	63830	2018-07-22 18:28:09	40021	1532255289625	463
39	21	51398	10	54852	2018-07-22 18:28:13	40039	1532255293391	464
24	21	53447	10	65298	2018-07-22 18:28:13	40024	1532255293724	465
63	21	52413	11	21008	2018-07-22 18:28:13	40063	1532255293794	466
64	21	53451	11	7653	2018-07-22 18:28:14	40064	1532255294091	467
48	21	53476	11	338	2018-07-22 18:28:14	40048	1532255294805	468
75	21	53476	11	63958	2018-07-22 18:28:14	40075	1532255294850	469
56	21	56522	11	24252	2018-07-22 18:28:17	40056	1532255297829	470
26	21	58576	11	1582	2018-07-22 18:28:18	40026	1532255298873	471
70	21	59603	12	9338	2018-07-22 18:28:20	40070	1532255300783	472
32	21	60638	11	14914	2018-07-22 18:28:20	40032	1532255300944	473
52	21	61666	11	31030	2018-07-22 18:28:22	40052	1532255302773	474
67	21	63696	11	2426	2018-07-22 18:28:24	40067	1532255304803	475
44	21	64709	11	2794	2018-07-22 18:28:25	40044	1532255305165	476
47	22	1229	11	15395	2018-07-22 18:28:27	40047	1532255307780	477
38	22	4298	11	34315	2018-07-22 18:28:29	40038	1532255309725	478
3	22	6345	10	57530	2018-07-22 18:28:30	40003	1532255310492	479
37	22	5317	11	31748	2018-07-22 18:28:33	40037	1532255313131	480
33	22	6325	11	43177	2018-07-22 18:28:33	40033	1532255313214	481
50	22	7359	11	32255	2018-07-22 18:28:33	40050	1532255313787	482
53	22	8390	11	27718	2018-07-22 18:28:34	40053	1532255314230	483
72	22	10446	11	14446	2018-07-22 18:28:36	40072	1532255316709	484
41	22	14549	11	25455	2018-07-22 18:28:40	40041	1532255320177	485
43	22	19646	11	26009	2018-07-22 18:28:44	40043	1532255324958	486
40	22	22755	11	49267	2018-07-22 18:28:47	40040	1532255327835	487
10	22	24798	10	54716	2018-07-22 18:28:48	40010	1532255328609	488
66	22	23748	11	26767	2018-07-22 18:28:49	40066	1532255329026	489
13	22	25794	11	10001	2018-07-22 18:28:49	40013	1532255329793	490
16	22	26842	10	37339	2018-07-22 18:28:50	40016	1532255330253	491
69	22	24768	11	43347	2018-07-22 18:28:50	40069	1532255330874	492
77	22	25813	11	31166	2018-07-22 18:28:53	40077	1532255333069	493
9	22	28877	10	38564	2018-07-22 18:28:53	40009	1532255333437	494
17	22	29911	10	42063	2018-07-22 18:28:53	40017	1532255333693	495
80	22	27864	10	51342	2018-07-22 18:28:53	40080	1532255333813	496
78	22	27872	11	31763	2018-07-22 18:28:53	40078	1532255333876	497
8	22	32984	10	61226	2018-07-22 18:28:56	40008	1532255336697	498
11	22	36025	10	63744	2018-07-22 18:28:59	40011	1532255339525	499
4	22	37064	11	6113	2018-07-22 18:29:00	40004	1532255340573	500
71	22	35028	11	62194	2018-07-22 18:29:00	40071	1532255340721	501
12	22	37074	10	50648	2018-07-22 18:29:00	40012	1532255340832	502
20	22	38099	10	48770	2018-07-22 18:29:01	40020	1532255341485	503
21	22	46284	11	1839	2018-07-22 18:29:09	40021	1532255349626	504
39	22	47302	10	57116	2018-07-22 18:29:12	40039	1532255352460	505
24	22	49351	11	1745	2018-07-22 18:29:13	40024	1532255353718	506
63	22	48316	11	26941	2018-07-22 18:29:13	40063	1532255353784	507
64	22	49355	11	10793	2018-07-22 18:29:14	40064	1532255354090	508
48	22	49380	11	2285	2018-07-22 18:29:14	40048	1532255354803	509
75	22	49380	12	1434	2018-07-22 18:29:14	40075	1532255354837	510
56	22	52426	11	27784	2018-07-22 18:29:17	40056	1532255357827	511
26	22	54480	11	3104	2018-07-22 18:29:18	40026	1532255358870	512
70	22	55507	12	17481	2018-07-22 18:29:20	40070	1532255360777	513
32	22	56542	11	18085	2018-07-22 18:29:20	40032	1532255360953	514
52	22	57570	11	35312	2018-07-22 18:29:22	40052	1532255362766	515
67	22	59600	11	3841	2018-07-22 18:29:24	40067	1532255364787	516
44	22	60613	11	4609	2018-07-22 18:29:25	40044	1532255365175	517
47	22	62669	11	18272	2018-07-22 18:29:27	40047	1532255367784	518
38	23	202	11	37886	2018-07-22 18:29:29	40038	1532255369729	519
3	23	2249	10	62461	2018-07-22 18:29:30	40003	1532255370504	520
37	23	1223	11	35138	2018-07-22 18:29:32	40037	1532255372016	521
33	23	2234	11	47463	2018-07-22 18:29:32	40033	1532255372976	522
50	23	3263	11	35399	2018-07-22 18:29:33	40050	1532255373771	523
53	23	4294	11	31430	2018-07-22 18:29:34	40053	1532255374232	524
72	23	6350	11	16250	2018-07-22 18:29:36	40072	1532255376716	525
41	23	10453	11	27041	2018-07-22 18:29:40	40041	1532255380175	526
43	23	15550	11	27299	2018-07-22 18:29:44	40043	1532255384960	527
40	23	18659	11	53109	2018-07-22 18:29:47	40040	1532255387832	528
10	23	20706	10	57335	2018-07-22 18:29:48	40010	1532255388614	529
66	23	19652	11	28253	2018-07-22 18:29:49	40066	1532255389026	530
13	23	21698	11	14823	2018-07-22 18:29:49	40013	1532255389794	531
16	23	22746	10	39170	2018-07-22 18:29:50	40016	1532255390250	532
69	23	20680	11	46846	2018-07-22 18:29:51	40069	1532255391204	533
77	23	21717	11	33047	2018-07-22 18:29:52	40077	1532255392038	534
9	23	24781	10	40950	2018-07-22 18:29:53	40009	1532255393317	535
17	23	25815	10	44961	2018-07-22 18:29:53	40017	1532255393694	536
80	23	23768	10	54181	2018-07-22 18:29:53	40080	1532255393803	537
78	23	23776	11	32920	2018-07-22 18:29:53	40078	1532255393882	538
8	23	28888	10	63051	2018-07-22 18:29:56	40008	1532255396698	539
11	23	31929	11	1245	2018-07-22 18:29:59	40011	1532255399526	540
4	23	32968	11	9613	2018-07-22 18:30:00	40004	1532255400574	541
71	23	30932	12	195	2018-07-22 18:30:00	40071	1532255400713	542
12	23	32978	10	52685	2018-07-22 18:30:00	40012	1532255400742	543
20	23	34003	10	51656	2018-07-22 18:30:01	40020	1532255401486	544
21	23	42188	11	5194	2018-07-22 18:30:09	40021	1532255409626	545
39	23	43206	10	59067	2018-07-22 18:30:13	40039	1532255413379	546
24	23	45255	11	5042	2018-07-22 18:30:13	40024	1532255413712	547
63	23	44220	11	32703	2018-07-22 18:30:13	40063	1532255413789	548
64	23	45259	11	14075	2018-07-22 18:30:14	40064	1532255414088	549
48	23	45284	11	4811	2018-07-22 18:30:14	40048	1532255414800	550
75	23	45285	12	4401	2018-07-22 18:30:14	40075	1532255414821	551
56	23	48330	11	32625	2018-07-22 18:30:17	40056	1532255417824	552
26	23	50384	11	5392	2018-07-22 18:30:18	40026	1532255418866	553
70	23	51411	12	25867	2018-07-22 18:30:20	40070	1532255420771	554
32	23	52453	11	21078	2018-07-22 18:30:20	40032	1532255420961	555
52	23	53475	11	39602	2018-07-22 18:30:22	40052	1532255422790	556
67	23	55504	11	6374	2018-07-22 18:30:24	40067	1532255424786	557
44	23	56517	11	6430	2018-07-22 18:30:25	40044	1532255425170	558
47	23	58573	11	20188	2018-07-22 18:30:27	40047	1532255427773	559
38	23	61642	11	41748	2018-07-22 18:30:29	40038	1532255429733	560
3	23	63689	11	1878	2018-07-22 18:30:30	40003	1532255430556	561
37	23	62666	11	38490	2018-07-22 18:30:31	40037	1532255431124	562
33	23	63669	11	51978	2018-07-22 18:30:33	40033	1532255433436	563
50	23	64703	11	39215	2018-07-22 18:30:33	40050	1532255433771	564
53	24	198	11	35208	2018-07-22 18:30:34	40053	1532255434234	565
72	24	2254	11	17597	2018-07-22 18:30:36	40072	1532255436708	566
41	24	6357	11	29697	2018-07-22 18:30:40	40041	1532255440173	567
43	24	11454	11	29172	2018-07-22 18:30:44	40043	1532255444959	568
40	24	14563	11	57361	2018-07-22 18:30:47	40040	1532255447830	569
10	24	16606	10	60713	2018-07-22 18:30:48	40010	1532255448606	570
66	24	15556	11	29942	2018-07-22 18:30:49	40066	1532255449028	571
13	24	17602	11	19762	2018-07-22 18:30:49	40013	1532255449790	572
16	24	18650	10	41582	2018-07-22 18:30:50	40016	1532255450250	573
69	24	16582	11	49710	2018-07-22 18:30:50	40069	1532255450830	574
77	24	17621	11	35439	2018-07-22 18:30:52	40077	1532255452049	575
9	24	20685	10	42154	2018-07-22 18:30:52	40009	1532255452800	576
17	24	21719	10	46581	2018-07-22 18:30:53	40017	1532255453690	577
80	24	19672	10	57078	2018-07-22 18:30:53	40080	1532255453806	578
78	24	19680	11	34626	2018-07-22 18:30:53	40078	1532255453887	579
8	24	24792	11	643	2018-07-22 18:30:56	40008	1532255456694	580
11	24	27833	11	3632	2018-07-22 18:30:59	40011	1532255459522	581
4	24	28872	11	13105	2018-07-22 18:31:00	40004	1532255460570	582
71	24	26836	12	3739	2018-07-22 18:31:00	40071	1532255460704	583
12	24	28882	10	55158	2018-07-22 18:31:00	40012	1532255460777	584
20	24	29907	10	53592	2018-07-22 18:31:01	40020	1532255461482	585
21	24	38092	11	8190	2018-07-22 18:31:09	40021	1532255469623	586
39	24	39110	10	60306	2018-07-22 18:31:13	40039	1532255473215	587
24	24	41159	11	7183	2018-07-22 18:31:13	40024	1532255473719	588
63	24	40124	11	39931	2018-07-22 18:31:13	40063	1532255473782	589
64	24	41163	11	17167	2018-07-22 18:31:14	40064	1532255474086	590
48	24	41188	11	6929	2018-07-22 18:31:14	40048	1532255474798	591
75	24	41188	12	7412	2018-07-22 18:31:14	40075	1532255474849	592
56	24	44234	11	36598	2018-07-22 18:31:17	40056	1532255477819	593
26	24	46288	11	7244	2018-07-22 18:31:18	40026	1532255478862	594
70	24	47315	12	34061	2018-07-22 18:31:20	40070	1532255480781	595
32	24	48350	11	24714	2018-07-22 18:31:20	40032	1532255480953	596
52	24	49378	11	43991	2018-07-22 18:31:22	40052	1532255482766	597
67	24	51408	11	7659	2018-07-22 18:31:24	40067	1532255484786	598
44	24	52421	11	8172	2018-07-22 18:31:25	40044	1532255485164	599
47	24	54477	11	23048	2018-07-22 18:31:27	40047	1532255487776	600
38	24	57546	11	45816	2018-07-22 18:31:29	40038	1532255489722	601
3	24	59593	11	6841	2018-07-22 18:31:30	40003	1532255490591	602
37	24	58565	11	41653	2018-07-22 18:31:31	40037	1532255491676	603
33	24	59573	11	56403	2018-07-22 18:31:33	40033	1532255493055	604
50	24	60607	11	42627	2018-07-22 18:31:33	40050	1532255493771	605
53	24	61638	11	38672	2018-07-22 18:31:34	40053	1532255494236	606
72	24	63694	11	18885	2018-07-22 18:31:36	40072	1532255496716	607
41	25	2261	11	31055	2018-07-22 18:31:40	40041	1532255500172	608
43	25	7358	11	32122	2018-07-22 18:31:44	40043	1532255504960	609
40	25	10467	11	60939	2018-07-22 18:31:47	40040	1532255507827	610
10	25	12510	10	63394	2018-07-22 18:31:48	40010	1532255508607	611
66	25	11460	11	31527	2018-07-22 18:31:49	40066	1532255509030	612
13	25	13506	11	24528	2018-07-22 18:31:49	40013	1532255509791	613
16	25	14554	10	43426	2018-07-22 18:31:50	40016	1532255510247	614
69	25	12480	11	52911	2018-07-22 18:31:50	40069	1532255510832	615
77	25	13525	11	37274	2018-07-22 18:31:52	40077	1532255512601	616
9	25	16589	10	43691	2018-07-22 18:31:52	40009	1532255512868	617
17	25	17623	10	49133	2018-07-22 18:31:53	40017	1532255513691	618
80	25	15576	10	59897	2018-07-22 18:31:53	40080	1532255513810	619
78	25	15584	11	36303	2018-07-22 18:31:53	40078	1532255513877	620
8	25	20696	11	4247	2018-07-22 18:31:56	40008	1532255516695	621
11	25	23737	11	7506	2018-07-22 18:31:59	40011	1532255519523	622
4	25	24776	11	17249	2018-07-22 18:32:00	40004	1532255520571	623
71	25	22740	12	7152	2018-07-22 18:32:00	40071	1532255520712	624
12	25	24786	10	57247	2018-07-22 18:32:00	40012	1532255520755	625
20	25	25811	10	55501	2018-07-22 18:32:01	40020	1532255521483	626
21	25	33996	11	10525	2018-07-22 18:32:09	40021	1532255529623	627
39	25	35014	10	62121	2018-07-22 18:32:12	40039	1532255532841	628
24	25	37063	11	10524	2018-07-22 18:32:13	40024	1532255533726	629
63	25	36028	11	43780	2018-07-22 18:32:13	40063	1532255533826	630
64	25	37067	11	20314	2018-07-22 18:32:14	40064	1532255534085	631
48	25	37092	11	9032	2018-07-22 18:32:14	40048	1532255534795	632
75	25	37092	12	10074	2018-07-22 18:32:14	40075	1532255534884	633
56	25	40138	11	40148	2018-07-22 18:32:17	40056	1532255537813	634
26	25	42192	11	9363	2018-07-22 18:32:18	40026	1532255538858	635
70	25	43219	12	43512	2018-07-22 18:32:20	40070	1532255540775	636
32	25	44254	11	27671	2018-07-22 18:32:20	40032	1532255540945	637
52	25	45282	11	48494	2018-07-22 18:32:22	40052	1532255542759	638
67	25	47312	11	9401	2018-07-22 18:32:24	40067	1532255544785	639
44	25	48325	11	9888	2018-07-22 18:32:25	40044	1532255545174	640
47	25	50381	11	25407	2018-07-22 18:32:27	40047	1532255547780	641
38	25	53450	11	49826	2018-07-22 18:32:29	40038	1532255549726	642
3	25	55497	11	12870	2018-07-22 18:32:30	40003	1532255550518	643
37	25	54469	11	45767	2018-07-22 18:32:32	40037	1532255552214	644
33	25	55477	11	61047	2018-07-22 18:32:33	40033	1532255553474	645
50	25	56511	11	45771	2018-07-22 18:32:33	40050	1532255553771	646
53	25	57542	11	41663	2018-07-22 18:32:34	40053	1532255554238	647
72	25	59598	11	20121	2018-07-22 18:32:36	40072	1532255556709	648
41	25	63701	11	33286	2018-07-22 18:32:40	40041	1532255560167	649
43	26	3262	11	34045	2018-07-22 18:32:44	40043	1532255564961	650
40	26	6371	11	64812	2018-07-22 18:32:47	40040	1532255567839	651
10	26	8414	11	2442	2018-07-22 18:32:48	40010	1532255568605	652
66	26	7364	11	33431	2018-07-22 18:32:49	40066	1532255569032	653
13	26	9410	11	29307	2018-07-22 18:32:49	40013	1532255569787	654
16	26	10458	10	44821	2018-07-22 18:32:50	40016	1532255570247	655
69	26	8384	11	57004	2018-07-22 18:32:51	40069	1532255571018	656
77	26	9429	11	39762	2018-07-22 18:32:53	40077	1532255573524	657
9	26	12493	10	46127	2018-07-22 18:32:53	40009	1532255573589	658
17	26	13527	10	51965	2018-07-22 18:32:53	40017	1532255573691	659
80	26	11480	10	62712	2018-07-22 18:32:53	40080	1532255573799	660
78	26	11488	11	37995	2018-07-22 18:32:53	40078	1532255573883	661
8	26	16600	11	6986	2018-07-22 18:32:56	40008	1532255576695	662
11	26	19641	11	10056	2018-07-22 18:32:59	40011	1532255579519	663
4	26	20680	11	20978	2018-07-22 18:33:00	40004	1532255580572	664
71	26	18644	12	11350	2018-07-22 18:33:00	40071	1532255580704	665
12	26	20690	10	60934	2018-07-22 18:33:00	40012	1532255580765	666
20	26	21715	10	56727	2018-07-22 18:33:01	40020	1532255581480	667
