Thread[Thread-1,5,main]tree 25 48 47 12 4 1
radio 8 64728
radio 8 64732
radio 8 64760
radio 8 65274
radio 8 65364
radio 9 342
radio 9 359
radio 9 872
radio 9 889
radio 9 1402
radio 9 1435
radio 9 1949
radio 9 1978
radio 9 2492
radio 9 2543
radio 9 3057
radio 9 3088
radio 9 3602
radio 9 3634
radio 9 4148
radio 9 4203
radio 9 4717
radio 9 4753
radio 9 5267
radio 9 5295
radio 9 5809
radio 9 5837
radio 9 6351
radio 9 6368
radio 9 6881
radio 9 6915
radio 9 7429
radio 9 7478
radio 9 7992
radio 9 8020
radio 9 8534
radio 9 8626
radio 9 9140
radio 9 9169
radio 9 9683
radio 9 9712
radio 9 10226
radio 9 10374
radio 9 10888
radio 9 11037
radio 9 11551
radio 9 11599
radio 9 12113
radio 9 12264
radio 9 12778
radio 9 12795
radio 9 13309
radio 9 13459
radio 9 13973
radio 9 14122
radio 9 14636
radio 9 14724
radio 9 15238
radio 9 15266
radio 9 15780
radio 9 15988
radio 9 16502
radio 9 16533
radio 9 17047
radio 9 17083
radio 9 17597
radio 9 17614
radio 9 18128
radio 9 18204
radio 9 18718
radio 9 18808
radio 9 19322
radio 9 19411
radio 9 19925
radio 9 19956
radio 9 20470
radio 9 20498
radio 9 21012
radio 9 21041
radio 9 21555
radio 9 21631
radio 9 22145
radio 9 22274
radio 9 22788
radio 9 22817
radio 9 23331
radio 9 23500
radio 9 24014
radio 9 24031
radio 9 24545
radio 9 24601
radio 9 25115
radio 9 25204
radio 9 25718
radio 9 25735
radio 9 26249
radio 9 26379
radio 9 26893
radio 9 26984
radio 9 27498
radio 9 27530
radio 9 28044
radio 9 28097
radio 9 28611
radio 9 28663
radio 9 29177
radio 9 29194
radio 9 29708
radio 9 29817
radio 9 30331
radio 9 30361
radio 9 30875
radio 9 30964
radio 9 31478
radio 9 31508
radio 9 32022
radio 9 32116
radio 9 32630
radio 9 32659
radio 9 33173
radio 9 33227
radio 9 33741
radio 9 33790
radio 9 34304
radio 9 34337
radio 9 34851
radio 9 34868
radio 9 35382
radio 9 35438
radio 9 35952
radio 9 36002
radio 9 36516
radio 9 36589
radio 9 37103
radio 9 37120
radio 9 37634
radio 9 37684
radio 9 38198
radio 9 38215
radio 9 38729
radio 9 38761
radio 9 39275
radio 9 39292
radio 9 39806
radio 9 39859
radio 9 40373
radio 9 40406
radio 9 40920
radio 9 40953
radio 9 41467
radio 9 41836
radio 9 42350
radio 9 42658
radio 9 43172
radio 9 43243
radio 9 43757
radio 9 43893
radio 9 44407
radio 9 44519
radio 9 45033
radio 9 45125
radio 9 45639
radio 9 45656
radio 9 46170
radio 9 46285
radio 9 46799
radio 9 46816
radio 9 47330
radio 9 47359
radio 9 47873
radio 9 47890
radio 9 48404
radio 9 48438
radio 9 48952
radio 9 48969
radio 9 49483
radio 9 49596
radio 9 50110
radio 9 50166
radio 9 50680
radio 9 50793
radio 9 51307
radio 9 51378
radio 9 51892
radio 9 51943
radio 9 52457
radio 9 52528
radio 9 53042
radio 9 53072
radio 9 53586
radio 9 53622
radio 9 54136
radio 9 54170
radio 9 54684
radio 9 54773
radio 9 55287
radio 9 55304
radio 9 55818
radio 9 55930
radio 9 56444
radio 9 56533
radio 9 57047
radio 9 57080
radio 9 57594
radio 9 57611
radio 9 58125
radio 9 58158
radio 9 58672
radio 9 58760
radio 9 59274
radio 9 59346
radio 9 59860
radio 9 59877
radio 9 60391
radio 9 60461
energy 9 60644 9 5331
radio 9 60975
radio 9 61068
radio 9 61582
radio 9 61618
radio 9 62132
radio 9 62240
radio 9 62754
radio 9 62950
radio 9 63464
radio 9 63577
radio 9 64091
radio 9 64108
radio 9 64622
radio 9 64639
radio 9 65153
radio 9 65249
radio 10 227
radio 10 263
radio 10 777
radio 10 794
radio 10 1307
radio 10 1483
radio 10 1997
radio 10 2028
radio 10 2542
radio 10 2617
radio 10 3131
radio 10 3700
radio 10 4214
radio 10 4347
radio 10 4861
radio 10 4954
radio 10 5468
radio 10 5556
radio 10 6070
radio 10 6120
radio 10 6634
radio 10 6725
radio 10 7239
radio 10 7308
radio 10 7822
radio 10 8010
radio 10 8524
radio 10 8541
radio 10 9055
radio 10 9185
radio 10 9699
radio 10 9792
radio 10 10306
radio 10 10378
radio 10 10892
radio 10 10940
radio 10 11454
radio 10 11624
radio 10 12138
radio 10 12514
radio 10 13028
radio 10 13776
radio 10 14290
radio 10 14421
radio 10 14935
radio 10 14964
radio 10 15478
radio 10 15546
radio 10 16060
radio 10 16109
radio 10 16623
radio 10 16713
radio 10 17227
radio 10 17255
radio 10 17769
radio 10 17878
radio 10 18392
radio 10 18622
radio 10 19136
radio 10 19227
radio 10 19741
radio 10 19809
radio 10 20323
radio 10 20340
radio 10 20854
radio 10 20871
radio 10 21385
radio 10 21656
radio 10 22170
radio 10 22261
radio 10 22775
radio 10 22823
radio 10 23337
radio 10 23445
radio 10 23959
radio 10 24050
radio 10 24564
radio 10 24656
radio 10 25170
radio 10 25187
radio 10 25701
radio 10 25718
radio 10 26232
radio 10 26249
radio 10 26763
radio 10 26814
radio 10 27328
radio 10 27381
radio 10 27895
radio 10 27948
radio 10 28462
radio 10 28479
radio 10 28993
radio 10 29148
radio 10 29662
radio 10 29679
radio 10 30193
radio 10 30245
radio 10 30759
radio 10 30776
radio 10 31290
delay 1 8 10 31590 10 32086 32 27 65535 0 280 0 1
radio 10 32657
radio 10 33170
radio 10 33399
radio 10 33913
radio 10 33930
radio 10 34444
radio 10 34495
radio 10 35009
radio 10 35178
radio 10 35692
radio 10 35709
radio 10 36223
radio 10 36253
radio 10 36767
radio 10 36795
radio 10 37309
radio 10 37399
radio 10 37913
radio 10 37941
radio 10 38455
radio 10 38472
radio 10 38986
radio 10 39059
radio 10 39573
radio 10 39590
radio 10 40104
radio 10 40238
radio 10 40752
radio 10 40786
radio 10 41300
radio 10 41329
radio 10 41843
radio 10 41996
radio 10 42510
radio 10 42624
radio 10 43138
radio 10 43155
radio 10 43669
radio 10 43686
radio 10 44200
radio 10 44394
radio 10 44908
radio 10 44940
radio 10 45454
radio 10 45504
radio 10 46018
radio 10 46035
radio 10 46549
radio 10 46598
radio 10 47112
radio 10 47141
radio 10 47655
radio 10 47672
radio 10 48186
radio 10 48235
radio 10 48749
radio 10 48821
radio 10 49335
radio 10 49430
radio 10 49944
radio 10 49976
radio 10 50490
radio 10 50540
radio 10 51054
radio 10 51071
radio 10 51585
delay 2 25 10 51905 10 51587 24 27 3 0 14 1 1
radio 10 52976
radio 10 53490
radio 10 53783
radio 10 54297
radio 10 54391
radio 10 54905
radio 10 54982
radio 10 55496
radio 10 55513
radio 10 56027
radio 10 56044
energy 10 56548 9 16009
radio 10 56558
radio 10 56686
radio 10 57200
radio 10 57315
radio 10 57829
radio 10 57944
radio 10 58458
radio 10 58509
radio 10 59023
radio 10 59074
radio 10 59588
radio 10 59738
radio 10 60252
radio 10 60502
radio 10 61016
radio 10 61033
radio 10 61547
radio 10 61618
radio 10 62132
radio 10 62223
radio 10 62737
radio 10 62754
radio 10 63268
radio 10 63323
radio 10 63837
radio 10 63854
radio 10 64368
radio 10 64385
radio 10 64899
radio 10 64968
radio 10 65482
radio 11 14
radio 11 527
radio 11 544
radio 11 1057
radio 11 1167
radio 11 1681
radio 11 1698
radio 11 2212
radio 11 2447
radio 11 2961
radio 11 3070
radio 11 3584
radio 11 3835
radio 11 4349
radio 11 4397
radio 11 4911
radio 11 4928
radio 11 5442
radio 11 5491
radio 11 6005
radio 11 6022
radio 11 6536
delay 3 0 11 6632 11 7473 0 27 27 1 60 1 1
radio 11 7710
radio 11 8224
radio 11 8417
radio 11 8930
radio 11 8958
radio 11 9472
radio 11 9662
radio 11 10176
radio 11 10445
radio 11 10959
radio 11 11054
radio 11 11568
radio 11 11596
radio 11 12110
radio 11 12299
radio 11 12813
radio 11 12843
radio 11 13357
radio 11 13374
radio 11 13888
radio 11 13917
radio 11 14431
radio 11 14500
radio 11 15014
radio 11 15091
radio 11 15605
radio 11 15695
radio 11 16209
radio 11 16297
radio 11 16811
radio 11 16942
radio 11 17456
radio 11 17510
radio 11 18024
radio 11 18041
radio 11 18555
radio 11 18627
radio 11 19141
radio 11 19233
radio 11 19747
radio 11 20202
radio 11 20716
radio 11 20826
radio 11 21340
radio 11 21535
radio 11 22049
radio 11 22079
radio 11 22593
radio 11 22663
radio 11 23177
radio 11 23208
radio 11 23722
radio 11 23739
radio 11 24253
radio 11 24270
radio 11 24784
radio 11 24814
radio 11 25328
radio 11 25439
radio 11 25953
radio 11 26022
radio 11 26536
radio 11 26566
radio 11 27080
delay 4 0 11 27162 11 28003 0 27 27 1 111 1 1
radio 11 28241
radio 11 28755
radio 11 28774
radio 11 29288
radio 11 29305
radio 11 29819
radio 11 29836
radio 11 30350
radio 11 30367
radio 11 30881
radio 11 30978
radio 11 31492
radio 11 31601
radio 11 32115
radio 11 32148
radio 11 32662
radio 11 32796
radio 11 33310
radio 11 33384
radio 11 33898
radio 11 33973
radio 11 34487
radio 11 34557
radio 11 35071
radio 11 35088
radio 11 35602
radio 11 35653
radio 11 36167
radio 11 36184
radio 11 36698
radio 11 36748
radio 11 37262
radio 11 37294
radio 11 37808
radio 11 37898
radio 11 38412
radio 11 38429
radio 11 38943
radio 11 38979
radio 11 39493
radio 11 39564
radio 11 40078
radio 11 40095
