Thread[Thread-1,5,main]tree 25 48 47 12 0 0
radio 9 10453
radio 9 10457
radio 9 10474
radio 9 10988
radio 9 11024
radio 9 11538
radio 9 11567
radio 9 12081
radio 9 12189
radio 9 12703
radio 9 12720
radio 9 13233
radio 9 13281
radio 9 13795
radio 9 13828
radio 9 14342
radio 9 14359
radio 9 14873
radio 9 14904
radio 9 15418
radio 9 15474
radio 9 15988
radio 9 16142
radio 9 16656
radio 9 16692
radio 9 17206
radio 9 17242
radio 9 17756
radio 9 17785
radio 9 18299
radio 9 18316
radio 9 18829
radio 9 18846
radio 9 19360
radio 9 19390
radio 9 19904
radio 9 19921
radio 9 20435
radio 9 20452
radio 9 20966
radio 9 20983
radio 9 21497
radio 9 21514
radio 9 22027
radio 9 22082
radio 9 22596
radio 9 22613
radio 9 23127
radio 9 23163
radio 9 23677
radio 9 23847
radio 9 24361
radio 9 24378
radio 9 24891
radio 9 24908
radio 9 25421
radio 9 25452
radio 9 25966
radio 9 25999
radio 9 26513
radio 9 26723
radio 9 27237
radio 9 27254
radio 9 27768
radio 9 27804
radio 9 28318
radio 9 28350
radio 9 28864
radio 9 28912
radio 9 29426
radio 9 29455
radio 9 29969
radio 9 29997
radio 9 30511
radio 9 30528
radio 9 31042
radio 9 31059
radio 9 31573
radio 9 31603
radio 9 32117
radio 9 32134
radio 9 32647
radio 9 32681
radio 9 33195
radio 9 33212
radio 9 33725
radio 9 33742
radio 9 34256
radio 9 34273
radio 9 34787
radio 9 34843
radio 9 35357
radio 9 35433
radio 9 35947
radio 9 36002
radio 9 36516
radio 9 36566
radio 9 37080
radio 9 37097
radio 9 37610
radio 9 37821
radio 9 38335
radio 9 38371
radio 9 38885
radio 9 38902
radio 9 39415
radio 9 39432
radio 9 39945
radio 9 39994
radio 9 40508
radio 9 40525
radio 9 41039
radio 9 41056
radio 9 41569
radio 9 41586
radio 9 42100
radio 9 42117
radio 9 42631
radio 9 42661
radio 9 43175
radio 9 43192
radio 9 43705
radio 9 43736
radio 9 44250
radio 9 44324
radio 9 44838
radio 9 44855
radio 9 45368
radio 9 45385
radio 9 45898
radio 9 45970
radio 9 46484
radio 9 46515
radio 9 47029
radio 9 47046
radio 9 47559
radio 9 47576
radio 9 48089
radio 9 48106
radio 9 48619
radio 9 48636
radio 9 49150
radio 9 49182
radio 9 49696
radio 9 49713
radio 9 50227
radio 9 50259
radio 9 50773
radio 9 50827
radio 9 51341
radio 9 51394
radio 9 51908
radio 9 51925
radio 9 52438
radio 9 52455
radio 9 52969
radio 9 53023
radio 9 53537
radio 9 53554
radio 9 54068
radio 9 54099
radio 9 54613
radio 9 54630
radio 9 55144
radio 9 55176
radio 9 55690
radio 9 55721
radio 9 56235
radio 9 56289
radio 9 56803
radio 9 56855
radio 9 57369
radio 9 57424
radio 9 57938
radio 9 57955
radio 9 58468
radio 9 58497
radio 9 59011
radio 9 59064
radio 9 59578
radio 9 59595
radio 9 60108
radio 9 60160
radio 9 60674
radio 9 60728
radio 9 61242
radio 9 61259
radio 9 61773
radio 9 61824
radio 9 62338
radio 9 62374
radio 9 62888
radio 9 62916
radio 9 63430
radio 9 63447
radio 9 63961
radio 9 63978
radio 9 64491
radio 9 64565
radio 9 65079
radio 9 65108
radio 10 86
radio 10 256
radio 10 770
radio 10 787
radio 10 1300
radio 10 1354
radio 10 1868
radio 10 1920
radio 10 2434
radio 10 2509
radio 10 3023
radio 10 3040
radio 10 3553
radio 10 3605
radio 10 4119
radio 10 4187
radio 10 4701
radio 10 4718
radio 10 5231
radio 10 5248
radio 10 5762
radio 10 5811
radio 10 6325
energy 10 6369 9 14126
radio 10 6376
radio 10 6889
radio 10 6906
radio 10 7420
radio 10 7492
radio 10 8006
radio 10 8058
radio 10 8572
radio 10 8589
radio 10 9102
radio 10 9119
radio 10 9633
radio 10 9663
radio 10 10177
radio 10 10212
radio 10 10726
radio 10 10794
radio 10 11308
radio 10 11340
radio 10 11854
radio 10 11946
radio 10 12460
radio 10 12477
radio 10 12991
radio 10 13026
radio 10 13540
radio 10 13568
radio 10 14082
radio 10 14251
radio 10 14765
radio 10 14782
radio 10 15296
radio 10 15313
radio 10 15827
radio 10 15895
radio 10 16409
radio 10 16426
radio 10 16940
radio 10 16992
radio 10 17506
radio 10 17536
radio 10 18050
radio 10 18079
radio 10 18593
radio 10 18610
radio 10 19124
radio 10 19141
radio 10 19655
radio 10 19672
radio 10 20186
radio 10 20255
radio 10 20769
radio 10 20837
radio 10 21351
radio 10 21383
radio 10 21897
radio 10 21914
radio 10 22428
radio 10 22445
radio 10 22959
radio 10 22976
radio 10 23490
radio 10 23601
radio 10 24115
radio 10 24132
radio 10 24646
radio 10 24663
radio 10 25177
radio 10 25227
radio 10 25741
radio 10 25789
radio 10 26303
radio 10 26320
radio 10 26834
radio 10 26867
radio 10 27381
radio 10 27452
radio 10 27966
radio 10 27983
radio 10 28497
radio 10 28549
radio 10 29063
radio 10 29093
radio 10 29607
radio 10 29640
radio 10 30154
radio 10 30187
radio 10 30701
radio 10 30718
radio 10 31232
radio 10 31261
radio 10 31775
delay 1 8 10 31839 10 31988 32 27 65535 0 182 1 0
radio 10 32914
radio 10 33427
radio 10 33454
radio 10 33967
radio 10 33984
radio 10 34498
radio 10 34527
radio 10 35041
radio 10 35070
radio 10 35584
radio 10 35614
radio 10 36128
radio 10 36158
radio 10 36672
radio 10 36702
radio 10 37216
radio 10 37268
radio 10 37782
radio 10 37799
radio 10 38313
radio 10 38349
radio 10 38863
radio 10 38914
radio 10 39428
radio 10 39445
radio 10 39959
radio 10 40129
radio 10 40643
radio 10 40660
radio 10 41174
radio 10 41248
radio 10 41762
radio 10 41812
radio 10 42326
radio 10 42395
radio 10 42909
radio 10 42961
radio 10 43475
radio 10 43492
radio 10 44006
radio 10 44037
radio 10 44551
radio 10 44682
radio 10 45196
radio 10 45224
radio 10 45738
radio 10 45767
radio 10 46281
radio 10 46314
radio 10 46828
radio 10 46845
radio 10 47359
radio 10 47376
radio 10 47890
radio 10 47907
radio 10 48421
radio 10 48438
radio 10 48952
radio 10 48969
radio 10 49483
radio 10 49500
radio 10 50014
radio 10 50047
radio 10 50561
radio 10 50614
radio 10 51128
radio 10 51216
radio 10 51730
radio 10 51747
radio 10 52261
delay 2 8 10 52304 10 52453 32 27 65535 0 49 1 0
radio 10 53377
radio 10 53891
radio 10 54092
radio 10 54606
radio 10 54623
radio 10 55137
radio 10 55154
radio 10 55668
radio 10 55685
radio 10 56199
radio 10 56232
radio 10 56746
radio 10 56763
radio 10 57277
radio 10 57351
radio 10 57865
radio 10 57882
radio 10 58396
radio 10 58427
radio 10 58941
radio 10 58973
radio 10 59487
radio 10 59515
radio 10 60029
radio 10 60046
radio 10 60560
radio 10 60590
radio 10 61104
radio 10 61121
radio 10 61635
radio 10 61668
radio 10 62182
radio 10 62199
radio 10 62713
radio 10 62767
radio 10 63281
radio 10 63298
radio 10 63812
radio 10 63829
radio 10 64343
radio 10 64360
radio 10 64874
radio 10 64923
radio 10 65437
radio 10 65468
radio 11 446
radio 11 499
radio 11 1013
radio 11 1143
radio 11 1657
radio 11 1773
energy 11 2273 9 19982
radio 11 2287
radio 11 2304
radio 11 2817
radio 11 2927
radio 11 3441
radio 11 3458
radio 11 3972
radio 11 4065
radio 11 4579
radio 11 4614
radio 11 5128
radio 11 5161
radio 11 5675
radio 11 5731
radio 11 6245
radio 11 6262
radio 11 6776
radio 11 6810
radio 11 7324
delay 3 9 11 7525 11 7561 33 27 65535 0 220 0 0
radio 11 7533
radio 11 8047
radio 11 8062
radio 11 8576
radio 11 8764
radio 11 9277
radio 11 9305
radio 11 9819
radio 11 9849
radio 11 10363
radio 11 10459
radio 11 10973
radio 11 11009
radio 11 11523
radio 11 11599
radio 11 12113
radio 11 12168
radio 11 12682
radio 11 12870
radio 11 13384
radio 11 13401
radio 11 13915
radio 11 13948
radio 11 14462
radio 11 14754
radio 11 15268
radio 11 15296
radio 11 15810
radio 11 15827
radio 11 16341
radio 11 16358
radio 11 16872
radio 11 16901
radio 11 17415
radio 11 17432
radio 11 17946
radio 11 17976
radio 11 18490
radio 11 18525
radio 11 19039
radio 11 19056
radio 11 19570
radio 11 19587
radio 11 20101
radio 11 20150
radio 11 20664
radio 11 20734
radio 11 21248
radio 11 21280
radio 11 21794
radio 11 21886
radio 11 22400
radio 11 22417
radio 11 22931
radio 11 22963
radio 11 23477
radio 11 23569
radio 11 24083
radio 11 24100
radio 11 24614
radio 11 24643
radio 11 25157
radio 11 25174
radio 11 25688
radio 11 25705
radio 11 26219
radio 11 26236
radio 11 26750
radio 11 27045
radio 11 27559
delay 4 18 11 27605 11 27251 27 27 65535 0 83 1 0
radio 11 28682
radio 11 29196
radio 11 29213
radio 11 29727
radio 11 29762
radio 11 30276
radio 11 30351
radio 11 30865
radio 11 30882
radio 11 31396
radio 11 31413
radio 11 31927
radio 11 31944
radio 11 32458
radio 11 32475
radio 11 32989
radio 11 33006
radio 11 33520
radio 11 33537
radio 11 34051
radio 11 34101
radio 11 34615
radio 11 34632
radio 11 35146
radio 11 35163
radio 11 35677
radio 11 35732
radio 11 36246
radio 11 36295
radio 11 36809
radio 11 36826
radio 11 37340
radio 11 37357
radio 11 37871
radio 11 38044
radio 11 38558
radio 11 38575
radio 11 39089
radio 11 39121
radio 11 39635
radio 11 39652
radio 11 40166
radio 11 40234
radio 11 40748
radio 11 40777
