Thread[Thread-1,5,main]tree 62 42 41 12 0 0
radio 9 8428
radio 9 8432
radio 9 8464
radio 9 8978
radio 9 9013
radio 9 9527
radio 9 9582
radio 9 10096
radio 9 10113
radio 9 10626
radio 9 10643
radio 9 11157
radio 9 11186
radio 9 11700
radio 9 11717
radio 9 12230
radio 9 12318
radio 9 12832
radio 9 12849
radio 9 13362
radio 9 13398
radio 9 13912
radio 9 13941
radio 9 14455
radio 9 14545
radio 9 15059
radio 9 15148
radio 9 15662
radio 9 15679
radio 9 16192
radio 9 16209
radio 9 16722
radio 9 16757
radio 9 17271
radio 9 17288
radio 9 17801
radio 9 17818
radio 9 18331
radio 9 18348
radio 9 18861
radio 9 18917
radio 9 19431
radio 9 19448
radio 9 19961
radio 9 19992
radio 9 20506
radio 9 20557
radio 9 21071
radio 9 21139
radio 9 21653
radio 9 21670
radio 9 22184
radio 9 22212
radio 9 22726
radio 9 22743
radio 9 23256
radio 9 23273
radio 9 23787
radio 9 23863
radio 9 24377
radio 9 24448
radio 9 24962
radio 9 25010
radio 9 25524
radio 9 25553
radio 9 26067
radio 9 26084
radio 9 26597
radio 9 26688
radio 9 27202
radio 9 27231
radio 9 27745
radio 9 27762
radio 9 28275
radio 9 28323
radio 9 28837
radio 9 28893
radio 9 29407
radio 9 29517
radio 9 30031
radio 9 30048
radio 9 30561
radio 9 30592
radio 9 31106
radio 9 31123
radio 9 31636
radio 9 31666
radio 9 32180
radio 9 32234
radio 9 32748
radio 9 32765
radio 9 33278
radio 9 33311
radio 9 33825
radio 9 33842
radio 9 34355
radio 9 34448
radio 9 34962
radio 9 34979
radio 9 35492
radio 9 35544
radio 9 36058
radio 9 36114
radio 9 36628
radio 9 36658
radio 9 37172
radio 9 37223
radio 9 37737
radio 9 37792
radio 9 38306
radio 9 38323
radio 9 38836
radio 9 38867
radio 9 39381
radio 9 39398
radio 9 39911
radio 9 39964
radio 9 40478
radio 9 40495
radio 9 41008
radio 9 41039
radio 9 41553
radio 9 41582
radio 9 42096
radio 9 42113
radio 9 42627
radio 9 42656
radio 9 43170
radio 9 43201
radio 9 43715
radio 9 43750
radio 9 44264
radio 9 44300
radio 9 44814
radio 9 44831
radio 9 45344
radio 9 45361
radio 9 45874
radio 9 45906
radio 9 46420
radio 9 46437
radio 9 46950
radio 9 46967
radio 9 47481
radio 9 47509
radio 9 48023
radio 9 48040
radio 9 48553
radio 9 48609
radio 9 49123
radio 9 49140
radio 9 49653
radio 9 49670
radio 9 50183
radio 9 50239
radio 9 50753
radio 9 50770
radio 9 51283
radio 9 51315
radio 9 51829
radio 9 51846
radio 9 52359
radio 9 52376
radio 9 52889
radio 9 52906
radio 9 53419
radio 9 53436
radio 9 53949
radio 9 53966
radio 9 54480
radio 9 54509
radio 9 55023
radio 9 55040
radio 9 55553
radio 9 55570
radio 9 56083
radio 9 56156
radio 9 56670
radio 9 56687
radio 9 57200
radio 9 57314
radio 9 57828
radio 9 57859
radio 9 58373
radio 9 58390
radio 9 58903
radio 9 58935
radio 9 59449
radio 9 59478
radio 9 59992
radio 9 60020
radio 9 60534
radio 9 60551
radio 9 61064
radio 9 61081
radio 9 61594
radio 9 61611
radio 9 62124
radio 9 62155
radio 9 62669
radio 9 62718
radio 9 63232
radio 9 63283
radio 9 63797
radio 9 63814
radio 9 64327
radio 9 64458
radio 9 64972
radio 9 64989
radio 9 65502
radio 10 55
radio 10 568
radio 10 596
radio 10 1110
radio 10 1127
radio 10 1640
radio 10 1735
radio 10 2249
radio 10 2280
radio 10 2794
radio 10 2904
radio 10 3418
radio 10 3435
radio 10 3948
radio 10 3999
energy 10 4344 9 11804
radio 10 4513
radio 10 4530
radio 10 5043
radio 10 5091
radio 10 5605
radio 10 5634
radio 10 6148
radio 10 6198
radio 10 6712
radio 10 6729
radio 10 7242
radio 10 7430
radio 10 7944
radio 10 7961
radio 10 8474
radio 10 8491
radio 10 9005
radio 10 9022
radio 10 9535
radio 10 9586
radio 10 10100
radio 10 10117
radio 10 10631
radio 10 10648
radio 10 11162
radio 10 11195
radio 10 11709
radio 10 11726
radio 10 12240
radio 10 12271
radio 10 12785
radio 10 12837
radio 10 13351
radio 10 13404
radio 10 13918
radio 10 13935
radio 10 14449
radio 10 14524
radio 10 15038
radio 10 15072
radio 10 15586
radio 10 15677
radio 10 16191
radio 10 16208
radio 10 16722
radio 10 16750
radio 10 17264
radio 10 17332
radio 10 17846
radio 10 17863
radio 10 18377
radio 10 18394
radio 10 18908
radio 10 18925
radio 10 19439
radio 10 19491
radio 10 20005
radio 10 20022
radio 10 20536
radio 10 20553
radio 10 21067
radio 10 21121
radio 10 21635
radio 10 21652
radio 10 22166
radio 10 22195
radio 10 22709
radio 10 22726
radio 10 23240
radio 10 23292
radio 10 23806
radio 10 23857
radio 10 24371
radio 10 24388
radio 10 24902
radio 10 24919
radio 10 25433
radio 10 25450
radio 10 25964
radio 10 25981
radio 10 26495
radio 10 26512
radio 10 27026
radio 10 27062
radio 10 27576
radio 10 27606
radio 10 28120
radio 10 28137
radio 10 28651
radio 10 28668
radio 10 29182
radio 10 29212
radio 10 29726
radio 10 29743
radio 10 30257
radio 10 30305
radio 10 30819
radio 10 30853
radio 10 31367
delay 1 43 10 31389 10 31149 18 19 1 0 132 0 0
radio 10 31397
radio 10 31911
radio 10 32013
radio 10 32527
radio 10 32545
radio 10 33058
radio 10 33075
radio 10 33588
radio 10 33605
radio 10 34119
radio 10 34136
radio 10 34650
radio 10 34667
radio 10 35181
radio 10 35211
radio 10 35725
radio 10 35814
radio 10 36328
radio 10 36358
radio 10 36872
radio 10 36941
radio 10 37455
radio 10 37472
radio 10 37986
radio 10 38003
radio 10 38517
radio 10 38549
radio 10 39063
radio 10 39080
radio 10 39594
radio 10 39646
radio 10 40160
radio 10 40208
radio 10 40722
radio 10 40752
radio 10 41266
radio 10 41283
radio 10 41797
radio 10 41846
radio 10 42360
radio 10 42409
radio 10 42923
radio 10 42958
radio 10 43472
radio 10 43489
radio 10 44003
radio 10 44020
radio 10 44534
radio 10 44551
radio 10 45065
radio 10 45082
radio 10 45596
radio 10 45627
radio 10 46141
radio 10 46193
radio 10 46707
radio 10 46735
radio 10 47249
radio 10 47266
radio 10 47780
radio 10 47873
radio 10 48387
radio 10 48421
radio 10 48935
radio 10 48968
radio 10 49482
radio 10 49499
radio 10 50013
radio 10 50043
radio 10 50557
radio 10 50574
radio 10 51088
radio 10 51105
radio 10 51619
delay 2 13 10 51655 10 52151 19 19 65535 0 76 1 0
radio 10 52766
radio 10 53279
radio 10 53352
radio 10 53865
radio 10 53882
radio 10 54396
radio 10 54424
radio 10 54938
radio 10 55007
radio 10 55521
radio 10 55538
radio 10 56052
radio 10 56069
radio 10 56583
radio 10 56634
radio 10 57148
radio 10 57176
radio 10 57690
radio 10 57718
radio 10 58232
radio 10 58282
radio 10 58796
radio 10 58813
radio 10 59327
radio 10 59344
radio 10 59858
radio 10 59875
radio 10 60389
radio 10 60406
radio 10 60920
radio 10 60948
radio 10 61462
radio 10 61490
radio 10 62004
radio 10 62021
radio 10 62535
radio 10 62552
radio 10 63066
radio 10 63099
radio 10 63613
radio 10 63707
radio 10 64221
radio 10 64254
radio 10 64768
radio 10 64857
radio 10 65371
radio 10 65388
energy 11 248 9 15991
radio 11 366
radio 11 397
radio 11 911
radio 11 1122
radio 11 1636
radio 11 1685
radio 11 2199
radio 11 2249
radio 11 2763
radio 11 2780
radio 11 3294
radio 11 3343
radio 11 3857
radio 11 3925
radio 11 4439
radio 11 4473
radio 11 4987
radio 11 5083
radio 11 5597
radio 11 5614
radio 11 6127
radio 11 6144
radio 11 6657
delay 3 12 11 6678 11 7386 14 19 5 0 130 1 0
radio 11 7752
radio 11 8266
radio 11 8282
radio 11 8795
radio 11 8851
radio 11 9365
radio 11 9496
radio 11 10010
radio 11 10027
radio 11 10541
radio 11 10558
radio 11 11072
radio 11 11089
radio 11 11603
radio 11 11652
radio 11 12166
radio 11 12183
radio 11 12697
radio 11 12750
radio 11 13264
radio 11 13294
radio 11 13808
radio 11 13843
radio 11 14357
radio 11 14392
radio 11 14906
radio 11 14934
radio 11 15448
radio 11 15465
radio 11 15979
radio 11 16015
radio 11 16529
radio 11 16579
radio 11 17093
radio 11 17121
radio 11 17635
radio 11 17683
radio 11 18197
radio 11 18214
radio 11 18728
radio 11 18760
radio 11 19274
radio 11 19308
radio 11 19822
radio 11 19839
radio 11 20353
radio 11 20386
radio 11 20900
radio 11 20930
radio 11 21444
radio 11 21461
radio 11 21975
radio 11 21992
radio 11 22506
radio 11 22523
radio 11 23037
radio 11 23088
radio 11 23602
radio 11 23656
radio 11 24170
radio 11 24201
radio 11 24715
radio 11 24732
radio 11 25246
radio 11 25281
radio 11 25795
radio 11 25823
radio 11 26337
radio 11 26389
radio 11 26903
delay 4 41 11 27028 11 26830 13 19 6 0 118 1 0
radio 11 28105
radio 11 28619
radio 11 28676
radio 11 29189
radio 11 29220
radio 11 29734
radio 11 29751
radio 11 30265
radio 11 30321
radio 11 30835
radio 11 30891
radio 11 31405
radio 11 31436
radio 11 31950
radio 11 31967
radio 11 32481
radio 11 32498
radio 11 33012
radio 11 33064
radio 11 33578
radio 11 33595
radio 11 34109
radio 11 34126
radio 11 34640
radio 11 34673
radio 11 35187
radio 11 35219
radio 11 35733
radio 11 35750
radio 11 36264
radio 11 36295
radio 11 36809
radio 11 36826
radio 11 37340
radio 11 37393
radio 11 37907
radio 11 38018
radio 11 38532
radio 11 38549
radio 11 39063
radio 11 39094
radio 11 39608
radio 11 39625
radio 11 40139
radio 11 40156
