Thread[Thread-1,5,main]tree 125 68 16 12 0 0
radio 9 10427
radio 9 10430
radio 9 10482
radio 9 10996
radio 9 11069
radio 9 11583
radio 9 11631
radio 9 12145
radio 9 12255
radio 9 12769
radio 9 12798
radio 9 13312
radio 9 13361
radio 9 13875
radio 9 13926
radio 9 14440
radio 9 14488
radio 9 15002
radio 9 15033
radio 9 15547
radio 9 15578
radio 9 16092
radio 9 16144
radio 9 16658
radio 9 16690
radio 9 17204
radio 9 17252
radio 9 17766
radio 9 17922
radio 9 18436
radio 9 18453
radio 9 18966
radio 9 19019
radio 9 19533
radio 9 19601
radio 9 20115
radio 9 20132
radio 9 20646
radio 9 20663
radio 9 21176
radio 9 21193
radio 9 21707
radio 9 21757
radio 9 22271
radio 9 22384
radio 9 22898
radio 9 22952
radio 9 23466
radio 9 23483
radio 9 23997
radio 9 24052
radio 9 24566
radio 9 24655
radio 9 25169
radio 9 25237
radio 9 25751
radio 9 25865
radio 9 26379
radio 9 26396
radio 9 26909
radio 9 27065
radio 9 27579
radio 9 27596
radio 9 28109
radio 9 28126
radio 9 28640
radio 9 28669
radio 9 29183
radio 9 29220
radio 9 29734
radio 9 29751
radio 9 30265
radio 9 30282
radio 9 30796
radio 9 30850
radio 9 31364
radio 9 31400
radio 9 31914
radio 9 31945
radio 9 32459
radio 9 32476
radio 9 32990
radio 9 33039
radio 9 33553
radio 9 33606
radio 9 34120
radio 9 34174
radio 9 34688
radio 9 34705
radio 9 35219
radio 9 35236
radio 9 35750
radio 9 35767
radio 9 36281
radio 9 36332
radio 9 36846
radio 9 36877
radio 9 37391
radio 9 37408
radio 9 37922
radio 9 37939
radio 9 38453
radio 9 38524
radio 9 39038
radio 9 39091
radio 9 39605
radio 9 39622
radio 9 40135
radio 9 40152
radio 9 40666
radio 9 40698
radio 9 41212
radio 9 41229
radio 9 41742
radio 9 41759
radio 9 42273
radio 9 42290
radio 9 42804
radio 9 42853
radio 9 43367
radio 9 43384
radio 9 43898
radio 9 43929
radio 9 44443
radio 9 44859
radio 9 45373
radio 9 45390
radio 9 45903
radio 9 45920
radio 9 46434
radio 9 46451
radio 9 46964
radio 9 47095
radio 9 47609
radio 9 47626
radio 9 48140
radio 9 48157
radio 9 48671
radio 9 48702
radio 9 49216
radio 9 49233
radio 9 49747
radio 9 49764
radio 9 50278
radio 9 50308
radio 9 50822
radio 9 50839
radio 9 51353
radio 9 51370
radio 9 51884
radio 9 51901
radio 9 52415
radio 9 52470
radio 9 52984
radio 9 53017
radio 9 53531
radio 9 53599
radio 9 54113
radio 9 54130
radio 9 54644
radio 9 54674
radio 9 55188
radio 9 55257
radio 9 55771
radio 9 55788
radio 9 56302
radio 9 56332
radio 9 56846
radio 9 56863
radio 9 57377
radio 9 57406
radio 9 57920
radio 9 58011
radio 9 58525
radio 9 58542
radio 9 59056
radio 9 59087
radio 9 59601
radio 9 59652
radio 9 60166
radio 9 60215
radio 9 60729
radio 9 60746
radio 9 61260
radio 9 61277
radio 9 61790
radio 9 61807
radio 9 62321
radio 9 62338
radio 9 62852
radio 9 62869
radio 9 63382
radio 9 63416
radio 9 63930
radio 9 64021
radio 9 64535
radio 9 64583
radio 9 65097
radio 9 65290
radio 10 268
radio 10 285
radio 10 798
radio 10 828
radio 10 1342
radio 10 1359
radio 10 1872
radio 10 1889
radio 10 2402
radio 10 2432
radio 10 2946
radio 10 2963
radio 10 3477
radio 10 3510
radio 10 4024
radio 10 4041
radio 10 4555
radio 10 4707
radio 10 5221
radio 10 5238
radio 10 5752
radio 10 5769
radio 10 6283
radio 10 6300
energy 10 6342 9 14607
radio 10 6813
radio 10 6830
radio 10 7343
radio 10 7454
radio 10 7968
radio 10 8058
radio 10 8572
radio 10 8602
radio 10 9116
radio 10 9232
radio 10 9746
radio 10 9797
radio 10 10311
radio 10 10344
radio 10 10858
radio 10 10886
radio 10 11400
radio 10 11417
radio 10 11931
radio 10 12027
radio 10 12541
radio 10 12558
radio 10 13072
radio 10 13089
radio 10 13603
radio 10 13676
radio 10 14190
radio 10 14420
radio 10 14934
radio 10 14951
radio 10 15465
radio 10 15695
radio 10 16209
radio 10 16265
radio 10 16779
radio 10 16796
radio 10 17310
radio 10 17359
radio 10 17873
radio 10 17922
radio 10 18436
radio 10 18467
radio 10 18981
radio 10 19211
radio 10 19725
radio 10 19916
radio 10 20430
radio 10 20447
radio 10 20961
radio 10 21070
radio 10 21584
radio 10 21601
radio 10 22115
radio 10 22284
radio 10 22798
radio 10 22950
radio 10 23464
radio 10 23594
radio 10 24108
radio 10 24125
radio 10 24639
radio 10 24690
radio 10 25204
radio 10 25221
radio 10 25735
radio 10 25790
radio 10 26304
radio 10 26335
radio 10 26849
radio 10 26898
radio 10 27412
radio 10 27467
radio 10 27981
radio 10 28017
radio 10 28531
radio 10 28566
radio 10 29080
radio 10 29136
radio 10 29650
radio 10 29667
radio 10 30181
radio 10 30198
radio 10 30712
radio 10 30729
radio 10 31243
radio 10 31293
radio 10 31807
radio 10 31839
radio 10 32353
delay 1 16 10 32665 10 32106 27 33 6 0 651 0 0
radio 10 32673
radio 10 33188
radio 10 33314
radio 10 33827
radio 10 33859
radio 10 34373
radio 10 34401
radio 10 34915
radio 10 34971
radio 10 35485
radio 10 35636
radio 10 36150
radio 10 36167
radio 10 36681
radio 10 36698
radio 10 37212
radio 10 37241
radio 10 37755
radio 10 37808
radio 10 38322
radio 10 38393
radio 10 38907
radio 10 38924
radio 10 39438
radio 10 39468
radio 10 39982
radio 10 39999
radio 10 40513
radio 10 40545
radio 10 41059
radio 10 41076
radio 10 41590
radio 10 41607
radio 10 42121
radio 10 42150
radio 10 42664
radio 10 42681
radio 10 43195
radio 10 43309
radio 10 43823
radio 10 43840
radio 10 44354
radio 10 44371
radio 10 44885
radio 10 44941
radio 10 45455
radio 10 45524
radio 10 46038
radio 10 46074
radio 10 46588
radio 10 46605
radio 10 47119
radio 10 47150
radio 10 47664
radio 10 47699
radio 10 48213
radio 10 48242
radio 10 48756
radio 10 48786
radio 10 49300
radio 10 49317
radio 10 49831
radio 10 49848
radio 10 50362
radio 10 50379
radio 10 50893
radio 10 50927
radio 10 51441
radio 10 51475
radio 10 51989
radio 10 52037
radio 10 52551
radio 10 52568
radio 10 53082
delay 2 15 10 53098 10 52539 24 33 9 0 495 0 0
radio 10 53106
radio 10 53620
radio 10 53987
radio 10 54501
radio 10 54530
radio 10 55044
radio 10 55079
radio 10 55593
radio 10 55667
radio 10 56181
radio 10 56198
radio 10 56712
radio 10 56729
radio 10 57243
radio 10 57372
radio 10 57886
radio 10 57903
radio 10 58417
radio 10 58434
radio 10 58948
radio 10 58965
radio 10 59479
radio 10 59508
radio 10 60022
radio 10 60039
radio 10 60553
radio 10 60606
radio 10 61120
radio 10 61137
radio 10 61651
radio 10 61668
radio 10 62182
radio 10 62233
radio 10 62747
radio 10 62796
radio 10 63310
radio 10 63347
radio 10 63861
radio 10 63913
radio 10 64427
radio 10 64444
radio 10 64958
radio 10 64990
radio 10 65504
radio 11 64
radio 11 577
radio 11 625
radio 11 1139
radio 11 1156
radio 11 1669
radio 11 1686
radio 11 2199
radio 11 2216
energy 11 2246 9 19899
radio 11 2729
radio 11 2746
radio 11 3259
radio 11 3276
radio 11 3790
radio 11 3807
radio 11 4320
radio 11 4411
radio 11 4925
radio 11 4942
radio 11 5456
radio 11 5504
radio 11 6018
radio 11 6069
radio 11 6583
radio 11 6600
radio 11 7114
radio 11 7149
radio 11 7663
delay 3 15 11 7679 11 7120 24 33 9 0 82 0 0
radio 11 7687
radio 11 8201
radio 11 8521
radio 11 9035
radio 11 9080
radio 11 9594
radio 11 9645
radio 11 10159
radio 11 10347
radio 11 10861
radio 11 11130
radio 11 11644
radio 11 11681
radio 11 12195
radio 11 12250
radio 11 12764
radio 11 12781
radio 11 13295
radio 11 13404
radio 11 13918
radio 11 13935
radio 11 14449
radio 11 14466
radio 11 14980
radio 11 14997
radio 11 15511
radio 11 15680
radio 11 16194
radio 11 16211
radio 11 16725
radio 11 16836
radio 11 17350
radio 11 17425
radio 11 17939
radio 11 18027
radio 11 18541
radio 11 18612
radio 11 19126
radio 11 19155
radio 11 19669
radio 11 19740
radio 11 20254
radio 11 20284
radio 11 20798
radio 11 20815
radio 11 21329
radio 11 21358
radio 11 21872
radio 11 21889
radio 11 22403
radio 11 22452
radio 11 22966
radio 11 22983
radio 11 23497
radio 11 23547
radio 11 24061
radio 11 24115
radio 11 24629
radio 11 24659
radio 11 25173
radio 11 25222
radio 11 25736
radio 11 25847
radio 11 26361
radio 11 26378
radio 11 26892
radio 11 26948
radio 11 27462
radio 11 27490
radio 11 28004
delay 4 16 11 28396 11 27835 27 33 6 0 117 0 0
radio 11 28403
radio 11 28918
radio 11 28965
radio 11 29478
radio 11 29551
radio 11 30065
radio 11 30120
radio 11 30634
radio 11 30710
radio 11 31224
radio 11 31241
radio 11 31755
radio 11 31904
radio 11 32418
radio 11 32435
radio 11 32949
radio 11 33059
radio 11 33573
radio 11 33602
radio 11 34116
radio 11 34133
radio 11 34647
radio 11 34816
radio 11 35330
radio 11 35347
radio 11 35861
radio 11 35890
radio 11 36404
radio 11 36421
radio 11 36935
radio 11 37009
radio 11 37523
radio 11 37540
radio 11 38054
radio 11 38150
radio 11 38664
radio 11 38714
radio 11 39228
radio 11 39245
radio 11 39759
radio 11 39792
radio 11 40306
radio 11 40337
radio 11 40851
radio 11 40900
