Thread[Thread-1,5,main]tree 1000 23 18 14 0 0
radio 8 63703
radio 8 63706
radio 8 63739
radio 8 64253
radio 8 64282
radio 8 64796
radio 8 64872
radio 8 65386
radio 8 65415
radio 9 393
radio 9 421
radio 9 934
radio 9 962
radio 9 1475
radio 9 1505
radio 9 2019
radio 9 2036
radio 9 2549
radio 9 2599
radio 9 3113
radio 9 3146
radio 9 3660
radio 9 3688
radio 9 4202
radio 9 4230
radio 9 4744
radio 9 4794
radio 9 5308
radio 9 5340
radio 9 5854
radio 9 5909
radio 9 6423
radio 9 6473
radio 9 6987
radio 9 7021
radio 9 7535
radio 9 7586
radio 9 8100
radio 9 8149
radio 9 8663
radio 9 8691
radio 9 9205
radio 9 9234
radio 9 9748
radio 9 9777
radio 9 10291
radio 9 10320
radio 9 10834
radio 9 10865
radio 9 11379
radio 9 11409
radio 9 11923
radio 9 11973
radio 9 12487
radio 9 12519
radio 9 13033
radio 9 13061
radio 9 13575
radio 9 13631
radio 9 14145
radio 9 14193
radio 9 14707
radio 9 14757
radio 9 15271
radio 9 15301
radio 9 15815
radio 9 15865
radio 9 16379
radio 9 16396
radio 9 16909
radio 9 16941
radio 9 17455
radio 9 17472
radio 9 17985
radio 9 18017
radio 9 18531
radio 9 18562
radio 9 19076
radio 9 19111
radio 9 19625
radio 9 19681
radio 9 20195
radio 9 20227
radio 9 20741
radio 9 20796
radio 9 21310
radio 9 21363
radio 9 21877
radio 9 21908
radio 9 22422
radio 9 22471
radio 9 22985
radio 9 23037
radio 9 23551
radio 9 23583
radio 9 24097
radio 9 24146
radio 9 24660
radio 9 24713
radio 9 25227
radio 9 25259
radio 9 25773
radio 9 25801
radio 9 26315
radio 9 26343
radio 9 26857
radio 9 26885
radio 9 27399
radio 9 27427
radio 9 27941
radio 9 27958
radio 9 28471
radio 9 28506
radio 9 29020
radio 9 29037
radio 9 29550
radio 9 29599
radio 9 30113
radio 9 30166
radio 9 30680
radio 9 30712
radio 9 31226
radio 9 31255
radio 9 31769
radio 9 31803
radio 9 32317
radio 9 32373
radio 9 32887
radio 9 32919
radio 9 33433
radio 9 33487
radio 9 34001
radio 9 34035
radio 9 34549
radio 9 34584
radio 9 35098
radio 9 35134
radio 9 35648
radio 9 35678
radio 9 36192
radio 9 36222
radio 9 36736
radio 9 36767
radio 9 37281
radio 9 37316
radio 9 37830
radio 9 37859
radio 9 38373
radio 9 38407
radio 9 38921
radio 9 38976
radio 9 39490
radio 9 39518
radio 9 40032
radio 9 40125
radio 9 40639
radio 9 40672
radio 9 41186
radio 9 41216
radio 9 41730
radio 9 41779
radio 9 42293
radio 9 42322
radio 9 42836
radio 9 42871
radio 9 43385
radio 9 43440
radio 9 43954
radio 9 43986
radio 9 44500
radio 9 44536
radio 9 45050
radio 9 45082
radio 9 45596
radio 9 45645
radio 9 46159
radio 9 46213
radio 9 46727
radio 9 46756
radio 9 47270
radio 9 47298
radio 9 47812
radio 9 47842
radio 9 48356
radio 9 48412
radio 9 48926
radio 9 48958
radio 9 49472
radio 9 49523
radio 9 50037
radio 9 50087
radio 9 50601
radio 9 50631
radio 9 51145
radio 9 51176
radio 9 51690
radio 9 51726
radio 9 52240
radio 9 52289
radio 9 52803
radio 9 52835
radio 9 53349
radio 9 53401
radio 9 53915
radio 9 53943
radio 9 54457
radio 9 54485
radio 9 54999
radio 9 55027
radio 9 55541
radio 9 55569
radio 9 56083
radio 9 56171
radio 9 56685
radio 9 56719
radio 9 57233
radio 9 57261
radio 9 57775
radio 9 57803
radio 9 58317
radio 9 58345
radio 9 58859
radio 9 58887
radio 9 59401
radio 9 59429
energy 9 59618 9 1689
radio 9 59943
radio 9 59972
radio 9 60486
radio 9 60541
radio 9 61055
radio 9 61088
radio 9 61602
radio 9 61630
radio 9 62144
radio 9 62173
radio 9 62687
radio 9 62743
radio 9 63257
radio 9 63289
radio 9 63803
radio 9 63832
radio 9 64346
radio 9 64378
radio 9 64892
radio 9 64944
radio 9 65458
radio 9 65511
radio 10 489
radio 10 519
radio 10 1033
radio 10 1083
radio 10 1597
radio 10 1650
radio 10 2164
radio 10 2197
radio 10 2711
radio 10 2765
radio 10 3279
radio 10 3330
radio 10 3844
radio 10 3872
radio 10 4386
radio 10 4434
radio 10 4948
radio 10 5001
radio 10 5515
radio 10 5548
radio 10 6062
radio 10 6118
radio 10 6632
radio 10 6684
radio 10 7198
radio 10 7231
radio 10 7745
radio 10 7793
radio 10 8307
radio 10 8378
radio 10 8892
radio 10 8943
radio 10 9457
radio 10 9485
radio 10 9999
radio 10 10032
radio 10 10546
radio 10 10582
radio 10 11096
radio 10 11149
radio 10 11663
radio 10 11719
radio 10 12233
radio 10 12262
radio 10 12776
radio 10 12828
radio 10 13342
radio 10 13392
radio 10 13906
radio 10 13941
radio 10 14455
radio 10 14504
radio 10 15018
radio 10 15070
radio 10 15584
radio 10 15617
radio 10 16131
radio 10 16180
radio 10 16694
radio 10 16745
radio 10 17259
radio 10 17290
radio 10 17804
radio 10 17834
radio 10 18348
radio 10 18384
radio 10 18898
radio 10 18946
radio 10 19460
radio 10 19493
radio 10 20007
radio 10 20063
radio 10 20577
radio 10 20630
radio 10 21144
radio 10 21174
radio 10 21688
radio 10 21739
radio 10 22253
radio 10 22305
radio 10 22819
radio 10 22852
radio 10 23366
radio 10 23422
radio 10 23936
radio 10 23969
radio 10 24483
radio 10 24519
radio 10 25033
radio 10 25061
radio 10 25575
radio 10 25623
radio 10 26137
radio 10 26188
radio 10 26702
radio 10 26735
radio 10 27249
radio 10 27299
radio 10 27813
radio 10 27866
radio 10 28380
radio 10 28412
radio 10 28926
radio 10 28974
radio 10 29488
radio 10 29538
radio 10 30052
radio 10 30088
radio 10 30602
delay 0 35 10 30617 10 30446 7 12 5 0 126 0 0
radio 10 30625
radio 10 31140
radio 10 31185
radio 10 31699
radio 10 31719
radio 10 32232
radio 10 32264
radio 10 32778
radio 10 32807
radio 10 33321
radio 10 33376
radio 10 33890
radio 10 33942
radio 10 34456
radio 10 34488
radio 10 35002
radio 10 35032
radio 10 35546
radio 10 35575
radio 10 36089
radio 10 36144
radio 10 36658
radio 10 36687
radio 10 37201
radio 10 37232
radio 10 37746
radio 10 37822
radio 10 38336
radio 10 38372
radio 10 38886
radio 10 38942
radio 10 39456
radio 10 39487
radio 10 40001
radio 10 40049
radio 10 40563
radio 10 40619
radio 10 41133
radio 10 41184
radio 10 41698
radio 10 41730
radio 10 42244
radio 10 42292
radio 10 42806
radio 10 42859
radio 10 43373
radio 10 43402
radio 10 43916
radio 10 43968
radio 10 44482
radio 10 44552
radio 10 45066
radio 10 45098
radio 10 45612
radio 10 45641
radio 10 46155
radio 10 46184
radio 10 46698
radio 10 46730
radio 10 47244
radio 10 47278
radio 10 47792
radio 10 47822
radio 10 48336
radio 10 48366
radio 10 48880
radio 10 48914
radio 10 49428
radio 10 49464
radio 10 49978
radio 10 50007
radio 10 50521
radio 10 50575
radio 10 51089
delay 1 18 10 51239 10 51480 7 12 5 0 215 0 0
radio 10 51249
radio 10 51762
radio 10 51778
radio 10 52291
radio 10 52307
radio 10 52820
radio 10 52843
radio 10 53357
radio 10 53406
radio 10 53920
radio 10 53988
radio 10 54502
radio 10 54534
radio 10 55048
radio 10 55081
energy 10 55522 9 5676
radio 10 55595
radio 10 55646
radio 10 56160
radio 10 56193
radio 10 56707
radio 10 56763
radio 10 57277
radio 10 57326
radio 10 57840
radio 10 57875
radio 10 58389
radio 10 58438
radio 10 58952
radio 10 58983
radio 10 59497
radio 10 59533
radio 10 60047
radio 10 60076
radio 10 60590
radio 10 60684
radio 10 61198
radio 10 61231
radio 10 61745
radio 10 61793
radio 10 62307
radio 10 62335
radio 10 62849
radio 10 62880
radio 10 63394
radio 10 63430
radio 10 63944
radio 10 64000
radio 10 64514
radio 10 64567
radio 10 65081
radio 10 65110
radio 11 88
radio 11 137
radio 11 651
radio 11 680
radio 11 1194
radio 11 1228
radio 11 1742
radio 11 1770
radio 11 2284
radio 11 2316
radio 11 2830
radio 11 2881
radio 11 3395
radio 11 3427
radio 11 3941
radio 11 3977
radio 11 4491
radio 11 4547
radio 11 5061
radio 11 5113
radio 11 5627
radio 11 5660
radio 11 6174
delay 2 16 11 6432 11 6685 17 12 65535 0 236 0 0
radio 11 6440
radio 11 6954
radio 11 6972
radio 11 7486
radio 11 7516
radio 11 8030
radio 11 8065
radio 11 8579
radio 11 8608
radio 11 9122
radio 11 9150
radio 11 9664
radio 11 9692
radio 11 10206
radio 11 10234
radio 11 10748
radio 11 10776
radio 11 11290
radio 11 11319
radio 11 11833
radio 11 11885
radio 11 12399
radio 11 12447
radio 11 12961
radio 11 12994
radio 11 13508
radio 11 13623
