nodeid	clock_time_h	clock_time_l	dc_time_h	dc_time_l	insert_time	motelabMoteID	milli_time	motelabSeqNo
20	0	61461	0	2383	2018-06-09 18:22:39	40020	1528539759582	1
17	0	61461	0	5980	2018-06-09 18:22:39	40017	1528539759615	2
3	0	61463	0	2811	2018-06-09 18:22:39	40003	1528539759650	3
8	0	61461	0	1274	2018-06-09 18:22:39	40008	1528539759715	4
9	0	61461	0	2732	2018-06-09 18:22:39	40009	1528539759748	5
21	0	61461	0	3930	2018-06-09 18:22:39	40021	1528539759782	6
12	0	61461	0	2519	2018-06-09 18:22:39	40012	1528539759849	7
11	0	61461	0	4392	2018-06-09 18:22:40	40011	1528539760074	8
13	0	61461	0	3580	2018-06-09 18:22:40	40013	1528539760308	9
16	0	61461	0	2357	2018-06-09 18:22:40	40016	1528539760341	10
10	0	61461	0	4135	2018-06-09 18:22:40	40010	1528539760374	11
24	0	61461	0	1112	2018-06-09 18:22:40	40024	1528539760808	12
33	0	61461	0	3292	2018-06-09 18:22:40	40033	1528539760942	13
64	0	61461	0	1143	2018-06-09 18:22:40	40064	1528539760975	14
26	0	61461	0	2806	2018-06-09 18:22:41	40026	1528539761079	15
38	0	61461	0	2937	2018-06-09 18:22:41	40038	1528539761142	16
37	0	61462	0	3358	2018-06-09 18:22:41	40037	1528539761209	17
120	0	61461	0	2770	2018-06-09 18:22:41	40120	1528539761560	18
132	0	61461	0	3560	2018-06-09 18:22:41	40132	1528539761676	19
127	0	61461	0	1952	2018-06-09 18:22:41	40127	1528539761718	20
39	0	61461	0	1111	2018-06-09 18:22:41	40039	1528539761760	21
63	0	61461	0	2854	2018-06-09 18:22:41	40063	1528539761802	22
139	0	61461	0	3395	2018-06-09 18:22:41	40139	1528539761843	23
71	0	61461	0	2418	2018-06-09 18:22:41	40071	1528539761885	24
129	0	61461	0	2379	2018-06-09 18:22:41	40129	1528539761969	25
118	0	61461	0	2316	2018-06-09 18:22:42	40118	1528539762010	26
135	0	61461	0	3442	2018-06-09 18:22:42	40135	1528539762052	27
80	0	61461	0	2340	2018-06-09 18:22:42	40080	1528539762094	28
117	0	61461	0	2417	2018-06-09 18:22:42	40117	1528539762128	29
67	0	61461	0	2786	2018-06-09 18:22:42	40067	1528539762162	30
69	0	61461	0	2414	2018-06-09 18:22:42	40069	1528539762195	31
122	0	61461	0	1168	2018-06-09 18:22:42	40122	1528539762262	32
121	0	61461	0	3518	2018-06-09 18:22:42	40121	1528539762295	33
76	0	61461	0	1358	2018-06-09 18:22:42	40076	1528539762429	34
123	0	61461	0	3404	2018-06-09 18:22:42	40123	1528539762462	35
124	0	61461	0	2612	2018-06-09 18:22:42	40124	1528539762562	36
70	0	61467	0	2840	2018-06-09 18:22:42	40070	1528539762696	37
66	0	61461	0	2859	2018-06-09 18:22:42	40066	1528539762763	38
78	0	61461	0	1468	2018-06-09 18:22:42	40078	1528539762796	39
32	0	61461	0	1101	2018-06-09 18:22:42	40032	1528539762829	40
44	0	61461	0	1667	2018-06-09 18:22:42	40044	1528539762931	41
119	0	61461	0	2230	2018-06-09 18:22:42	40119	1528539762963	42
115	0	61461	0	2503	2018-06-09 18:22:42	40115	1528539762996	43
75	0	61461	0	2442	2018-06-09 18:22:43	40075	1528539763030	44
41	0	61461	0	3321	2018-06-09 18:22:43	40041	1528539763130	45
72	0	61461	0	1668	2018-06-09 18:22:43	40072	1528539763163	46
50	0	61461	0	3464	2018-06-09 18:22:43	40050	1528539763230	47
53	0	61461	0	1469	2018-06-09 18:22:43	40053	1528539763263	48
40	0	61461	0	1257	2018-06-09 18:22:43	40040	1528539763397	49
43	0	61461	0	3151	2018-06-09 18:22:43	40043	1528539763464	50
47	0	61461	0	1606	2018-06-09 18:22:43	40047	1528539763497	51
56	0	61461	0	1403	2018-06-09 18:22:43	40056	1528539763531	52
52	0	61461	0	1155	2018-06-09 18:22:43	40052	1528539763631	53
131	0	61461	0	1301	2018-06-09 18:22:43	40131	1528539763664	54
77	0	61461	0	4254	2018-06-09 18:22:43	40077	1528539763697	55
48	0	61461	0	2458	2018-06-09 18:22:43	40048	1528539763731	56
3	1	57367	0	5522	2018-06-09 18:23:39	40003	1528539819565	57
20	1	57365	0	4830	2018-06-09 18:23:39	40020	1528539819598	58
17	1	57365	0	9965	2018-06-09 18:23:39	40017	1528539819631	59
8	1	57365	0	2427	2018-06-09 18:23:39	40008	1528539819690	60
12	1	57365	0	5024	2018-06-09 18:23:39	40012	1528539819840	61
16	1	57365	0	4743	2018-06-09 18:23:39	40016	1528539819882	62
9	1	57365	0	5467	2018-06-09 18:23:39	40009	1528539819990	63
11	1	57365	0	8490	2018-06-09 18:23:40	40011	1528539820074	64
13	1	57365	0	7555	2018-06-09 18:23:40	40013	1528539820115	65
21	1	57365	0	7920	2018-06-09 18:23:40	40021	1528539820157	66
10	1	57365	0	8438	2018-06-09 18:23:40	40010	1528539820199	67
26	1	57365	0	5527	2018-06-09 18:23:40	40026	1528539820724	68
37	1	57365	0	5507	2018-06-09 18:23:40	40037	1528539820758	69
24	1	57365	0	2207	2018-06-09 18:23:40	40024	1528539820858	70
32	1	57365	0	2165	2018-06-09 18:23:40	40032	1528539820925	71
38	1	57365	0	5619	2018-06-09 18:23:40	40038	1528539820958	72
33	1	57365	0	4918	2018-06-09 18:23:41	40033	1528539821158	73
127	1	57365	0	4317	2018-06-09 18:23:41	40127	1528539821426	74
120	1	57365	0	5379	2018-06-09 18:23:41	40120	1528539821594	75
118	1	57365	0	4772	2018-06-09 18:23:41	40118	1528539821661	76
121	1	57365	0	7195	2018-06-09 18:23:41	40121	1528539821694	77
43	1	57365	0	6044	2018-06-09 18:23:41	40043	1528539821727	78
80	1	57365	0	4901	2018-06-09 18:23:41	40080	1528539821794	79
75	1	57365	0	4829	2018-06-09 18:23:41	40075	1528539821828	80
56	1	57365	0	2711	2018-06-09 18:23:41	40056	1528539821861	81
139	1	57365	0	6836	2018-06-09 18:23:41	40139	1528539821894	82
72	1	57365	0	3699	2018-06-09 18:23:41	40072	1528539821928	83
52	1	57365	0	2283	2018-06-09 18:23:41	40052	1528539821961	84
39	1	57365	0	2184	2018-06-09 18:23:41	40039	1528539821995	85
63	1	57365	0	5084	2018-06-09 18:23:42	40063	1528539822028	86
123	1	57365	0	5910	2018-06-09 18:23:42	40123	1528539822162	87
71	1	57365	0	4787	2018-06-09 18:23:42	40071	1528539822264	88
119	1	57365	0	4523	2018-06-09 18:23:42	40119	1528539822423	89
67	1	57365	0	5560	2018-06-09 18:23:42	40067	1528539822548	90
48	1	57365	0	4898	2018-06-09 18:23:42	40048	1528539822632	91
41	1	57365	0	4985	2018-06-09 18:23:42	40041	1528539822798	92
129	1	57365	0	4660	2018-06-09 18:23:42	40129	1528539822840	93
77	1	57365	0	7665	2018-06-09 18:23:42	40077	1528539822882	94
69	1	57365	0	4807	2018-06-09 18:23:42	40069	1528539822965	95
44	1	57365	0	2987	2018-06-09 18:23:43	40044	1528539823207	96
117	1	57365	0	4872	2018-06-09 18:23:43	40117	1528539823641	97
70	1	57365	0	5809	2018-06-09 18:23:43	40070	1528539823674	98
135	1	57365	0	5816	2018-06-09 18:23:43	40135	1528539823808	99
124	1	57365	0	5057	2018-06-09 18:23:43	40124	1528539823841	100
115	1	57365	0	4885	2018-06-09 18:23:43	40115	1528539823875	101
47	1	57365	0	3322	2018-06-09 18:23:43	40047	1528539823942	102
122	1	57365	0	2304	2018-06-09 18:23:43	40122	1528539823975	103
131	1	57365	0	2717	2018-06-09 18:23:44	40131	1528539824008	104
53	1	57365	0	2912	2018-06-09 18:23:44	40053	1528539824108	105
76	1	57365	0	2545	2018-06-09 18:23:44	40076	1528539824175	106
78	1	57365	0	3044	2018-06-09 18:23:44	40078	1528539824275	107
66	1	57365	0	5069	2018-06-09 18:23:44	40066	1528539824442	108
64	1	57365	0	2266	2018-06-09 18:23:44	40064	1528539824509	109
50	1	57365	0	5459	2018-06-09 18:23:44	40050	1528539824977	110
40	1	57365	0	2594	2018-06-09 18:23:45	40040	1528539825143	111
132	1	57365	0	7053	2018-06-09 18:23:45	40132	1528539825210	112
3	2	53271	0	8781	2018-06-09 18:24:39	40003	1528539879595	113
17	2	53269	0	14420	2018-06-09 18:24:39	40017	1528539879662	114
20	2	53269	0	7309	2018-06-09 18:24:39	40020	1528539879704	115
9	2	53269	0	8201	2018-06-09 18:24:39	40009	1528539879745	116
8	2	53269	0	3545	2018-06-09 18:24:39	40008	1528539879812	117
21	2	53269	0	12096	2018-06-09 18:24:39	40021	1528539879854	118
12	2	53269	0	7377	2018-06-09 18:24:39	40012	1528539879937	119
16	2	53269	0	7231	2018-06-09 18:24:40	40016	1528539880021	120
13	2	53269	0	10999	2018-06-09 18:24:40	40013	1528539880104	121
11	2	53269	0	13016	2018-06-09 18:24:40	40011	1528539880496	122
24	2	53269	0	3350	2018-06-09 18:24:40	40024	1528539880730	123
26	2	53269	0	8238	2018-06-09 18:24:40	40026	1528539880763	124
10	2	53270	0	12967	2018-06-09 18:24:40	40010	1528539880797	125
37	2	53269	0	8242	2018-06-09 18:24:40	40037	1528539880864	126
32	2	53269	0	3239	2018-06-09 18:24:40	40032	1528539880930	127
64	2	53269	0	3458	2018-06-09 18:24:40	40064	1528539880964	128
38	2	53269	0	8521	2018-06-09 18:24:40	40038	1528539880997	129
119	2	53269	0	6787	2018-06-09 18:24:41	40119	1528539881364	130
120	2	53269	0	8539	2018-06-09 18:24:41	40120	1528539881465	131
124	2	53269	0	7641	2018-06-09 18:24:41	40124	1528539881565	132
135	2	53269	0	9142	2018-06-09 18:24:41	40135	1528539881598	133
48	2	53269	0	7404	2018-06-09 18:24:41	40048	1528539881631	134
132	2	53269	0	11202	2018-06-09 18:24:41	40132	1528539881698	135
121	2	53269	0	10739	2018-06-09 18:24:41	40121	1528539881765	136
78	2	53269	0	5038	2018-06-09 18:24:41	40078	1528539881799	137
67	2	53269	0	7789	2018-06-09 18:24:41	40067	1528539881832	138
69	2	53269	0	7178	2018-06-09 18:24:41	40069	1528539881865	139
40	2	53269	0	3798	2018-06-09 18:24:41	40040	1528539881899	140
123	2	53269	0	9414	2018-06-09 18:24:41	40123	1528539881932	141
63	2	53269	0	8055	2018-06-09 18:24:42	40063	1528539882159	142
70	2	53269	0	9331	2018-06-09 18:24:42	40070	1528539882225	143
115	2	53269	0	7328	2018-06-09 18:24:42	40115	1528539882259	144
77	2	53269	0	11815	2018-06-09 18:24:42	40077	1528539882292	145
41	2	53269	0	7698	2018-06-09 18:24:42	40041	1528539882417	146
129	2	53269	0	7736	2018-06-09 18:24:42	40129	1528539882584	147
44	2	53269	0	4692	2018-06-09 18:24:42	40044	1528539882651	148
72	2	53269	0	6094	2018-06-09 18:24:42	40072	1528539882885	149
122	2	53269	0	3703	2018-06-09 18:24:42	40122	1528539882918	150
80	2	53269	0	7342	2018-06-09 18:24:43	40080	1528539883119	151
33	2	53269	0	8220	2018-06-09 18:24:43	40033	1528539883152	152
131	2	53269	0	4117	2018-06-09 18:24:43	40131	1528539883252	153
56	2	53269	0	4177	2018-06-09 18:24:43	40056	1528539883319	154
66	2	53271	0	7951	2018-06-09 18:24:43	40066	1528539883353	155
75	2	53269	0	7270	2018-06-09 18:24:43	40075	1528539883511	156
52	2	53269	0	3400	2018-06-09 18:24:43	40052	1528539883603	157
127	2	53269	0	5984	2018-06-09 18:24:43	40127	1528539883736	158
39	2	53269	0	3301	2018-06-09 18:24:43	40039	1528539883803	159
117	2	53269	0	7956	2018-06-09 18:24:43	40117	1528539883870	160
43	2	53269	0	9646	2018-06-09 18:24:44	40043	1528539884020	161
118	2	53269	0	7722	2018-06-09 18:24:44	40118	1528539884103	162
50	2	53269	0	9136	2018-06-09 18:24:44	40050	1528539884479	163
71	2	53269	0	7238	2018-06-09 18:24:44	40071	1528539884521	164
139	2	53269	0	10699	2018-06-09 18:24:44	40139	1528539884562	165
53	2	53269	0	4301	2018-06-09 18:24:44	40053	1528539884713	166
76	2	53269	0	3981	2018-06-09 18:24:44	40076	1528539884754	167
47	2	53269	0	4788	2018-06-09 18:24:44	40047	1528539884929	168
8	3	49173	0	4802	2018-06-09 18:25:39	40008	1528539939709	169
17	3	49173	0	18913	2018-06-09 18:25:39	40017	1528539939917	170
16	3	49173	0	9707	2018-06-09 18:25:40	40016	1528539940042	171
21	3	49173	0	16357	2018-06-09 18:25:40	40021	1528539940251	172
20	3	49173	0	9705	2018-06-09 18:25:40	40020	1528539940293	173
10	3	49173	0	17458	2018-06-09 18:25:40	40010	1528539940535	174
11	3	49173	0	17617	2018-06-09 18:25:40	40011	1528539940902	175
32	3	49173	0	4306	2018-06-09 18:25:40	40032	1528539940969	176
33	3	49173	0	10355	2018-06-09 18:25:41	40033	1528539941202	177
9	3	49173	0	13013	2018-06-09 18:25:41	40009	1528539941236	178
120	3	49173	0	11713	2018-06-09 18:25:41	40120	1528539941436	179
39	3	49173	0	4366	2018-06-09 18:25:41	40039	1528539941536	180
124	3	49173	0	10299	2018-06-09 18:25:41	40124	1528539941570	181
26	3	49173	0	10993	2018-06-09 18:25:41	40026	1528539941603	182
121	3	49173	0	14747	2018-06-09 18:25:41	40121	1528539941637	183
135	3	49173	0	12887	2018-06-09 18:25:41	40135	1528539941670	184
122	3	49173	0	5059	2018-06-09 18:25:41	40122	1528539941770	185
63	3	49173	0	10804	2018-06-09 18:25:41	40063	1528539941804	186
72	3	49173	0	8649	2018-06-09 18:25:41	40072	1528539941837	187
56	3	49173	0	5547	2018-06-09 18:25:41	40056	1528539941929	188
53	3	49173	0	5794	2018-06-09 18:25:41	40053	1528539941962	189
75	3	49173	0	9661	2018-06-09 18:25:41	40075	1528539941996	190
117	3	49173	0	10942	2018-06-09 18:25:42	40117	1528539942062	191
76	3	49173	0	5271	2018-06-09 18:25:42	40076	1528539942096	192
118	3	49173	0	10693	2018-06-09 18:25:42	40118	1528539942196	193
115	3	49173	0	10254	2018-06-09 18:25:42	40115	1528539942463	194
70	3	49173	0	12695	2018-06-09 18:25:42	40070	1528539942563	195
52	3	49173	0	4531	2018-06-09 18:25:42	40052	1528539942597	196
71	3	49173	0	9676	2018-06-09 18:25:42	40071	1528539942630	197
50	3	49173	0	11598	2018-06-09 18:25:42	40050	1528539942663	198
66	3	49173	0	10213	2018-06-09 18:25:42	40066	1528539942764	199
129	3	49173	0	10695	2018-06-09 18:25:42	40129	1528539942864	200
37	3	49173	0	11609	2018-06-09 18:25:43	40037	1528539943097	201
64	3	49173	0	4732	2018-06-09 18:25:43	40064	1528539943164	202
119	3	49173	0	9126	2018-06-09 18:25:43	40119	1528539943323	203
132	3	49173	0	15187	2018-06-09 18:25:43	40132	1528539943356	204
131	3	49173	0	5605	2018-06-09 18:25:43	40131	1528539943415	205
38	3	49173	0	11574	2018-06-09 18:25:43	40038	1528539943515	206
3	3	49178	0	12016	2018-06-09 18:25:43	40003	1528539943548	207
139	3	49173	0	14494	2018-06-09 18:25:43	40139	1528539943682	208
123	3	49173	0	13030	2018-06-09 18:25:43	40123	1528539943782	209
12	3	49173	0	10052	2018-06-09 18:25:43	40012	1528539943817	210
41	3	49173	0	10443	2018-06-09 18:25:43	40041	1528539943849	211
43	3	49173	0	12331	2018-06-09 18:25:43	40043	1528539943925	212
78	3	49173	0	6391	2018-06-09 18:25:44	40078	1528539944008	213
47	3	49173	0	6346	2018-06-09 18:25:44	40047	1528539944217	214
67	3	49173	0	11202	2018-06-09 18:25:44	40067	1528539944584	215
48	3	49173	0	9787	2018-06-09 18:25:44	40048	1528539944793	216
127	3	49173	0	7905	2018-06-09 18:25:44	40127	1528539944826	217
40	3	49173	0	5098	2018-06-09 18:25:45	40040	1528539945060	218
13	3	49173	0	15123	2018-06-09 18:25:45	40013	1528539945127	219
69	3	49173	0	9621	2018-06-09 18:25:45	40069	1528539945193	220
77	3	49173	0	16004	2018-06-09 18:25:45	40077	1528539945427	221
44	3	49173	0	5916	2018-06-09 18:25:45	40044	1528539945819	222
80	3	49173	0	9952	2018-06-09 18:25:45	40080	1528539945853	223
24	3	49173	0	4500	2018-06-09 18:25:45	40024	1528539945886	224
3	4	45079	0	15890	2018-06-09 18:26:39	40003	1528539999595	225
20	4	45077	0	12107	2018-06-09 18:26:39	40020	1528539999629	226
17	4	45077	0	23949	2018-06-09 18:26:39	40017	1528539999662	227
8	4	45077	0	6044	2018-06-09 18:26:39	40008	1528539999695	228
16	4	45077	0	12117	2018-06-09 18:26:39	40016	1528539999762	229
21	4	45077	0	21358	2018-06-09 18:26:39	40021	1528539999862	230
12	4	45077	0	12425	2018-06-09 18:26:39	40012	1528539999896	231
11	4	45077	0	21746	2018-06-09 18:26:40	40011	1528540000021	232
9	4	45077	0	16809	2018-06-09 18:26:40	40009	1528540000054	233
10	4	45077	0	21963	2018-06-09 18:26:40	40010	1528540000088	234
24	4	45077	0	5588	2018-06-09 18:26:41	40024	1528540001473	235
44	4	45077	0	7272	2018-06-09 18:26:41	40044	1528540001607	236
76	4	45077	0	7392	2018-06-09 18:26:41	40076	1528540001740	237
56	4	45077	0	6786	2018-06-09 18:26:41	40056	1528540001807	238
48	4	45077	0	12228	2018-06-09 18:26:41	40048	1528540001874	239
66	4	45077	0	14091	2018-06-09 18:26:41	40066	1528540001974	240
80	4	45077	0	12491	2018-06-09 18:26:42	40080	1528540002007	241
40	4	45077	0	6457	2018-06-09 18:26:42	40040	1528540002041	242
135	4	45077	0	17987	2018-06-09 18:26:42	40135	1528540002108	243
71	4	45077	0	12063	2018-06-09 18:26:42	40071	1528540002174	244
78	4	45077	0	8897	2018-06-09 18:26:42	40078	1528540002341	245
32	4	45077	0	5392	2018-06-09 18:26:42	40032	1528540002408	246
38	4	45077	0	17530	2018-06-09 18:26:42	40038	1528540002475	247
52	4	45077	0	6011	2018-06-09 18:26:42	40052	1528540002508	248
117	4	45077	0	15626	2018-06-09 18:26:42	40117	1528540002542	249
120	4	45077	0	16101	2018-06-09 18:26:42	40120	1528540002610	250
72	4	45077	0	11060	2018-06-09 18:26:42	40072	1528540002643	251
129	4	45077	0	14833	2018-06-09 18:26:42	40129	1528540002843	252
43	4	45077	0	16581	2018-06-09 18:26:42	40043	1528540002944	253
41	4	45077	0	14291	2018-06-09 18:26:43	40041	1528540003037	254
26	4	45077	0	14810	2018-06-09 18:26:43	40026	1528540003069	255
124	4	45077	0	12751	2018-06-09 18:26:43	40124	1528540003102	256
121	4	45077	0	20525	2018-06-09 18:26:43	40121	1528540003169	257
70	4	45077	0	17595	2018-06-09 18:26:43	40070	1528540003227	258
139	4	45077	0	19650	2018-06-09 18:26:43	40139	1528540003394	259
118	4	45077	0	15236	2018-06-09 18:26:43	40118	1528540003428	260
132	4	47125	0	20243	2018-06-09 18:26:43	40132	1528540003494	261
75	4	45077	0	13611	2018-06-09 18:26:43	40075	1528540003528	262
37	4	45077	0	16071	2018-06-09 18:26:43	40037	1528540003561	263
119	4	45077	0	11327	2018-06-09 18:26:43	40119	1528540003594	264
122	4	45077	0	6508	2018-06-09 18:26:43	40122	1528540003761	265
13	4	45077	0	19445	2018-06-09 18:26:43	40013	1528540003795	266
50	4	45077	0	15731	2018-06-09 18:26:43	40050	1528540003895	267
69	4	45077	0	13549	2018-06-09 18:26:43	40069	1528540003962	268
47	4	45077	0	7824	2018-06-09 18:26:44	40047	1528540004162	269
127	4	45077	0	10144	2018-06-09 18:26:44	40127	1528540004195	270
33	4	45077	0	13600	2018-06-09 18:26:44	40033	1528540004321	271
67	4	45077	0	15301	2018-06-09 18:26:44	40067	1528540004421	272
123	4	45077	0	18222	2018-06-09 18:26:44	40123	1528540004479	273
131	4	45077	0	6996	2018-06-09 18:26:44	40131	1528540004613	274
64	4	45077	0	6066	2018-06-09 18:26:44	40064	1528540004680	275
39	4	45077	0	5492	2018-06-09 18:26:44	40039	1528540004748	276
115	4	45077	0	14597	2018-06-09 18:26:44	40115	1528540004813	277
53	4	45077	0	7388	2018-06-09 18:26:44	40053	1528540004846	278
63	4	45077	0	14643	2018-06-09 18:26:44	40063	1528540004888	279
77	4	45077	0	21155	2018-06-09 18:26:44	40077	1528540004972	280
17	5	40981	0	28531	2018-06-09 18:27:39	40017	1528540059586	281
20	5	40981	0	14677	2018-06-09 18:27:39	40020	1528540059653	282
9	5	40981	0	19536	2018-06-09 18:27:39	40009	1528540059686	283
8	5	40981	0	7242	2018-06-09 18:27:39	40008	1528540059720	284
16	5	40981	0	14533	2018-06-09 18:27:39	40016	1528540059753	285
21	5	40981	0	26319	2018-06-09 18:27:39	40021	1528540059787	286
12	5	40981	0	15215	2018-06-09 18:27:39	40012	1528540059820	287
3	5	40983	0	19434	2018-06-09 18:27:39	40003	1528540059853	288
10	5	40981	0	26641	2018-06-09 18:27:39	40010	1528540059887	289
13	5	40981	0	23122	2018-06-09 18:27:39	40013	1528540059954	290
11	5	40981	0	25309	2018-06-09 18:27:40	40011	1528540060020	291
26	5	40981	0	16986	2018-06-09 18:27:40	40026	1528540060989	292
38	5	40981	0	19901	2018-06-09 18:27:41	40038	1528540061222	293
24	5	40981	0	6690	2018-06-09 18:27:41	40024	1528540061548	294
75	5	40981	0	16594	2018-06-09 18:27:41	40075	1528540061807	295
78	5	40981	0	10861	2018-06-09 18:27:41	40078	1528540061873	296
76	5	40981	0	9582	2018-06-09 18:27:41	40076	1528540061974	297
50	5	40981	0	18678	2018-06-09 18:27:42	40050	1528540062007	298
40	5	40981	0	7653	2018-06-09 18:27:42	40040	1528540062040	299
41	5	40981	0	16476	2018-06-09 18:27:42	40041	1528540062074	300
129	5	40981	0	17641	2018-06-09 18:27:42	40129	1528540062107	301
124	5	40981	0	15265	2018-06-09 18:27:42	40124	1528540062140	302
33	5	40981	0	16957	2018-06-09 18:27:42	40033	1528540062176	303
66	5	40981	0	16789	2018-06-09 18:27:42	40066	1528540062408	304
69	5	40981	0	16475	2018-06-09 18:27:42	40069	1528540062708	305
53	5	40981	0	8698	2018-06-09 18:27:42	40053	1528540062801	306
139	5	40981	0	24060	2018-06-09 18:27:42	40139	1528540062835	307
80	5	40981	0	15099	2018-06-09 18:27:42	40080	1528540062901	308
120	5	40981	0	19488	2018-06-09 18:27:43	40120	1528540063085	309
72	5	40981	0	13447	2018-06-09 18:27:43	40072	1528540063118	310
115	5	40981	0	17482	2018-06-09 18:27:43	40115	1528540063193	311
121	5	40981	0	24586	2018-06-09 18:27:43	40121	1528540063277	312
122	5	40981	0	7635	2018-06-09 18:27:43	40122	1528540063485	313
131	5	40981	0	8380	2018-06-09 18:27:43	40131	1528540063527	314
119	5	40981	0	13557	2018-06-09 18:27:43	40119	1528540063611	315
70	5	40981	0	21192	2018-06-09 18:27:43	40070	1528540063777	316
63	5	40981	0	16861	2018-06-09 18:27:43	40063	1528540063861	317
123	5	40981	0	21738	2018-06-09 18:27:43	40123	1528540063903	318
39	5	40981	0	6578	2018-06-09 18:27:44	40039	1528540064028	319
132	5	40981	0	23888	2018-06-09 18:27:44	40132	1528540064095	320
117	5	40981	0	18714	2018-06-09 18:27:44	40117	1528540064128	321
71	5	40981	0	14466	2018-06-09 18:27:44	40071	1528540064228	322
48	5	40981	0	14627	2018-06-09 18:27:44	40048	1528540064328	323
77	5	40981	0	25171	2018-06-09 18:27:44	40077	1528540064395	324
44	5	40981	0	8704	2018-06-09 18:27:44	40044	1528540064428	325
64	5	40981	0	7182	2018-06-09 18:27:44	40064	1528540064562	326
56	5	40981	0	8162	2018-06-09 18:27:44	40056	1528540064595	327
32	5	40981	0	6461	2018-06-09 18:27:44	40032	1528540064695	328
47	5	40982	0	9344	2018-06-09 18:27:44	40047	1528540064729	329
52	5	40981	0	7127	2018-06-09 18:27:44	40052	1528540064762	330
37	5	40981	0	18820	2018-06-09 18:27:44	40037	1528540064796	331
118	5	40981	0	17589	2018-06-09 18:27:44	40118	1528540064829	332
127	5	40981	0	12008	2018-06-09 18:27:44	40127	1528540064963	333
67	5	40985	0	18087	2018-06-09 18:27:44	40067	1528540064996	334
43	5	40981	0	19888	2018-06-09 18:27:45	40043	1528540065029	335
135	5	40981	0	21449	2018-06-09 18:27:45	40135	1528540065129	336
17	6	36885	0	33800	2018-06-09 18:28:39	40017	1528540119563	337
20	6	36885	0	17215	2018-06-09 18:28:39	40020	1528540119596	338
8	6	36885	0	8482	2018-06-09 18:28:39	40008	1528540119696	339
3	6	36887	0	23305	2018-06-09 18:28:39	40003	1528540119730	340
9	6	36885	0	22804	2018-06-09 18:28:39	40009	1528540119763	341
12	6	36885	0	17655	2018-06-09 18:28:39	40012	1528540119830	342
21	6	36891	0	31526	2018-06-09 18:28:39	40021	1528540119863	343
10	6	36885	0	31844	2018-06-09 18:28:39	40010	1528540119897	344
16	6	36885	0	16971	2018-06-09 18:28:39	40016	1528540119964	345
13	6	36885	0	27795	2018-06-09 18:28:40	40013	1528540120030	346
11	6	36885	0	30022	2018-06-09 18:28:40	40011	1528540120222	347
24	6	36885	0	7953	2018-06-09 18:28:40	40024	1528540120714	348
32	6	36885	0	7547	2018-06-09 18:28:40	40032	1528540120748	349
37	6	36885	0	22648	2018-06-09 18:28:40	40037	1528540120781	350
26	6	36885	0	19813	2018-06-09 18:28:40	40026	1528540120814	351
38	6	36885	0	23964	2018-06-09 18:28:40	40038	1528540120907	352
33	6	36885	0	20251	2018-06-09 18:28:40	40033	1528540120940	353
64	6	36885	0	8467	2018-06-09 18:28:40	40064	1528540120973	354
39	6	36885	0	7691	2018-06-09 18:28:41	40039	1528540121006	355
129	6	36885	0	20969	2018-06-09 18:28:41	40129	1528540121299	356
122	6	36885	0	8931	2018-06-09 18:28:41	40122	1528540121357	357
119	6	36885	0	15797	2018-06-09 18:28:41	40119	1528540121390	358
127	6	36885	0	13800	2018-06-09 18:28:41	40127	1528540121423	359
120	6	36892	0	23268	2018-06-09 18:28:41	40120	1528540121457	360
132	6	36885	0	28756	2018-06-09 18:28:41	40132	1528540121523	361
44	6	36885	0	10371	2018-06-09 18:28:41	40044	1528540121598	362
121	6	36885	0	28627	2018-06-09 18:28:41	40121	1528540121640	363
41	6	36885	0	20349	2018-06-09 18:28:41	40041	1528540121682	364
40	6	36885	0	8876	2018-06-09 18:28:41	40040	1528540121724	365
77	6	36885	0	29737	2018-06-09 18:28:41	40077	1528540121766	366
78	6	36885	0	13352	2018-06-09 18:28:41	40078	1528540121807	367
69	6	36885	0	19957	2018-06-09 18:28:41	40069	1528540121849	368
50	6	36885	0	22318	2018-06-09 18:28:41	40050	1528540121890	369
66	6	36885	0	20263	2018-06-09 18:28:41	40066	1528540121932	370
115	6	36885	0	20432	2018-06-09 18:28:41	40115	1528540121974	371
43	6	36885	0	23661	2018-06-09 18:28:42	40043	1528540122016	372
118	6	36885	0	21036	2018-06-09 18:28:42	40118	1528540122057	373
124	6	36893	0	17601	2018-06-09 18:28:42	40124	1528540122099	374
52	6	36885	0	8332	2018-06-09 18:28:42	40052	1528540122141	375
72	6	36885	0	15327	2018-06-09 18:28:42	40072	1528540122183	376
48	6	36885	0	17018	2018-06-09 18:28:42	40048	1528540122224	377
135	6	36885	0	24433	2018-06-09 18:28:42	40135	1528540122266	378
56	6	36885	0	9485	2018-06-09 18:28:42	40056	1528540122308	379
75	6	36885	0	20153	2018-06-09 18:28:42	40075	1528540122349	380
47	6	36885	0	11002	2018-06-09 18:28:42	40047	1528540122383	381
76	6	36885	0	10932	2018-06-09 18:28:42	40076	1528540122416	382
53	6	36885	0	9989	2018-06-09 18:28:42	40053	1528540122450	383
123	6	36885	0	24678	2018-06-09 18:28:42	40123	1528540122483	384
139	6	36885	0	27780	2018-06-09 18:28:42	40139	1528540122516	385
71	6	36885	0	16911	2018-06-09 18:28:42	40071	1528540122550	386
117	6	36885	0	21627	2018-06-09 18:28:42	40117	1528540122617	387
131	6	36885	0	9583	2018-06-09 18:28:42	40131	1528540122683	388
80	6	36885	0	17545	2018-06-09 18:28:42	40080	1528540122717	389
63	6	36890	0	20730	2018-06-09 18:28:42	40063	1528540122750	390
70	6	36885	0	25129	2018-06-09 18:28:42	40070	1528540122784	391
67	6	36885	0	21078	2018-06-09 18:28:42	40067	1528540122850	392
20	7	32789	0	19576	2018-06-09 18:29:39	40020	1528540179581	393
17	7	32789	0	38916	2018-06-09 18:29:39	40017	1528540179614	394
8	7	32800	0	9815	2018-06-09 18:29:39	40008	1528540179714	395
12	7	32789	0	20259	2018-06-09 18:29:39	40012	1528540179781	396
16	7	32789	0	19360	2018-06-09 18:29:39	40016	1528540179814	397
9	7	32789	0	25493	2018-06-09 18:29:39	40009	1528540179873	398
10	7	32789	0	37130	2018-06-09 18:29:39	40010	1528540179906	399
21	7	32789	0	36443	2018-06-09 18:29:39	40021	1528540179940	400
3	7	32791	0	27277	2018-06-09 18:29:40	40003	1528540180040	401
13	7	32789	0	31801	2018-06-09 18:29:40	40013	1528540180106	402
11	7	32789	0	35110	2018-06-09 18:29:40	40011	1528540180198	403
24	7	32789	0	9115	2018-06-09 18:29:40	40024	1528540180891	404
33	7	32789	0	23540	2018-06-09 18:29:41	40033	1528540181025	405
37	7	32789	0	25916	2018-06-09 18:29:41	40037	1528540181058	406
38	7	32789	0	27635	2018-06-09 18:29:41	40038	1528540181150	407
129	7	32789	0	24049	2018-06-09 18:29:41	40129	1528540181442	408
120	7	32789	0	26548	2018-06-09 18:29:41	40120	1528540181509	409
56	7	32789	0	10951	2018-06-09 18:29:41	40056	1528540181542	410
123	7	32789	0	28600	2018-06-09 18:29:41	40123	1528540181576	411
139	7	32789	0	31750	2018-06-09 18:29:41	40139	1528540181609	412
119	7	32789	0	18103	2018-06-09 18:29:41	40119	1528540181676	413
75	7	32789	0	23688	2018-06-09 18:29:41	40075	1528540181709	414
53	7	32789	0	11225	2018-06-09 18:29:41	40053	1528540181743	415
70	7	32789	0	29368	2018-06-09 18:29:41	40070	1528540181777	416
132	7	32789	0	32810	2018-06-09 18:29:41	40132	1528540181811	417
118	7	32789	0	24070	2018-06-09 18:29:41	40118	1528540181877	418
44	7	32789	0	11937	2018-06-09 18:29:41	40044	1528540181911	419
76	7	32789	0	12634	2018-06-09 18:29:41	40076	1528540181944	420
69	7	32789	0	23430	2018-06-09 18:29:42	40069	1528540182011	421
78	7	32789	0	15873	2018-06-09 18:29:42	40078	1528540182044	422
64	7	32789	0	9631	2018-06-09 18:29:42	40064	1528540182078	423
67	7	32789	0	23885	2018-06-09 18:29:42	40067	1528540182144	424
41	7	32789	0	23669	2018-06-09 18:29:42	40041	1528540182312	425
115	7	32789	0	23659	2018-06-09 18:29:42	40115	1528540182345	426
77	7	32789	0	34221	2018-06-09 18:29:42	40077	1528540182378	427
52	7	32789	0	9487	2018-06-09 18:29:42	40052	1528540182470	428
40	7	32789	0	10123	2018-06-09 18:29:42	40040	1528540182503	429
135	7	32789	0	28323	2018-06-09 18:29:42	40135	1528540182545	430
117	7	32789	0	24577	2018-06-09 18:29:42	40117	1528540182612	431
26	7	32789	0	22570	2018-06-09 18:29:42	40026	1528540182804	432
72	7	32789	0	17109	2018-06-09 18:29:42	40072	1528540182887	433
122	7	32789	0	10160	2018-06-09 18:29:42	40122	1528540182929	434
131	7	32789	0	10843	2018-06-09 18:29:43	40131	1528540183079	435
80	7	32789	0	20077	2018-06-09 18:29:43	40080	1528540183204	436
71	7	32789	0	19343	2018-06-09 18:29:43	40071	1528540183246	437
32	7	32789	0	8621	2018-06-09 18:29:43	40032	1528540183329	438
124	7	32789	0	20093	2018-06-09 18:29:43	40124	1528540183480	439
50	7	32789	0	25894	2018-06-09 18:29:43	40050	1528540183513	440
47	7	32789	0	12389	2018-06-09 18:29:43	40047	1528540183546	441
39	7	32789	0	8787	2018-06-09 18:29:43	40039	1528540183613	442
43	7	32789	0	27404	2018-06-09 18:29:43	40043	1528540183647	443
121	7	32789	0	32490	2018-06-09 18:29:43	40121	1528540183738	444
48	7	32789	0	19321	2018-06-09 18:29:43	40048	1528540183772	445
63	7	32789	0	23995	2018-06-09 18:29:43	40063	1528540183805	446
127	7	32789	0	15786	2018-06-09 18:29:43	40127	1528540183838	447
66	7	32789	0	23512	2018-06-09 18:29:43	40066	1528540183905	448
3	8	28695	0	31195	2018-06-09 18:30:39	40003	1528540239591	449
20	8	28693	0	22119	2018-06-09 18:30:39	40020	1528540239624	450
17	8	28693	0	44085	2018-06-09 18:30:39	40017	1528540239683	451
12	8	28693	0	22812	2018-06-09 18:30:39	40012	1528540239816	452
16	8	28693	0	21813	2018-06-09 18:30:39	40016	1528540239874	453
8	8	28693	0	10979	2018-06-09 18:30:39	40008	1528540239941	454
9	8	28693	0	29347	2018-06-09 18:30:40	40009	1528540240008	455
10	8	28693	0	42411	2018-06-09 18:30:40	40010	1528540240041	456
21	8	28693	0	41065	2018-06-09 18:30:40	40021	1528540240108	457
13	8	28693	0	36791	2018-06-09 18:30:40	40013	1528540240166	458
11	8	28693	0	39605	2018-06-09 18:30:40	40011	1528540240584	459
32	8	28693	0	9708	2018-06-09 18:30:40	40032	1528540240709	460
24	8	28693	0	10222	2018-06-09 18:30:41	40024	1528540241351	461
121	8	28693	0	37591	2018-06-09 18:30:41	40121	1528540241619	462
129	8	28693	0	27431	2018-06-09 18:30:41	40129	1528540241652	463
75	8	28693	0	27784	2018-06-09 18:30:41	40075	1528540241720	464
69	8	28693	0	27364	2018-06-09 18:30:41	40069	1528540241820	465
78	8	28693	0	18917	2018-06-09 18:30:41	40078	1528540241920	466
132	8	28693	0	37137	2018-06-09 18:30:41	40132	1528540241954	467
26	8	28693	0	25335	2018-06-09 18:30:41	40026	1528540241987	468
70	8	28693	0	33990	2018-06-09 18:30:42	40070	1528540242154	469
120	8	28693	0	30707	2018-06-09 18:30:42	40120	1528540242188	470
72	8	28693	0	18805	2018-06-09 18:30:42	40072	1528540242246	471
40	8	28693	0	11556	2018-06-09 18:30:42	40040	1528540242346	472
38	8	28693	0	31170	2018-06-09 18:30:42	40038	1528540242380	473
139	8	28693	0	35393	2018-06-09 18:30:42	40139	1528540242672	474
56	8	28693	0	12285	2018-06-09 18:30:42	40056	1528540242705	475
63	8	28693	0	27348	2018-06-09 18:30:42	40063	1528540242738	476
71	8	28697	0	21715	2018-06-09 18:30:42	40071	1528540242805	477
53	8	28693	0	12573	2018-06-09 18:30:42	40053	1528540242839	478
80	8	28693	0	22601	2018-06-09 18:30:42	40080	1528540242905	479
135	8	28693	0	32284	2018-06-09 18:30:43	40135	1528540243039	480
76	8	28693	0	15022	2018-06-09 18:30:43	40076	1528540243273	481
47	8	28693	0	14097	2018-06-09 18:30:43	40047	1528540243339	482
67	8	28693	0	27917	2018-06-09 18:30:43	40067	1528540243598	483
39	8	28693	0	9894	2018-06-09 18:30:43	40039	1528540243632	484
50	8	28693	0	29638	2018-06-09 18:30:43	40050	1528540243665	485
122	8	28693	0	11296	2018-06-09 18:30:43	40122	1528540243757	486
41	8	28693	0	27107	2018-06-09 18:30:43	40041	1528540243815	487
37	8	28693	0	29584	2018-06-09 18:30:43	40037	1528540243949	488
77	8	28693	0	38808	2018-06-09 18:30:44	40077	1528540244116	489
119	8	28693	0	20492	2018-06-09 18:30:44	40119	1528540244149	490
33	8	28693	0	27406	2018-06-09 18:30:44	40033	1528540244182	491
44	8	28693	0	13382	2018-06-09 18:30:44	40044	1528540244216	492
118	8	28693	0	28170	2018-06-09 18:30:44	40118	1528540244249	493
52	8	28693	0	10705	2018-06-09 18:30:44	40052	1528540244316	494
64	8	28693	0	10828	2018-06-09 18:30:44	40064	1528540244383	495
123	8	28693	0	32761	2018-06-09 18:30:44	40123	1528540244416	496
48	8	28693	0	21820	2018-06-09 18:30:44	40048	1528540244483	497
66	8	28693	0	26817	2018-06-09 18:30:44	40066	1528540244717	498
117	8	28693	0	28646	2018-06-09 18:30:44	40117	1528540244784	499
115	8	28693	0	27794	2018-06-09 18:30:44	40115	1528540244825	500
124	8	28693	0	22772	2018-06-09 18:30:44	40124	1528540244909	501
43	8	28693	0	31968	2018-06-09 18:30:44	40043	1528540244950	502
127	8	28693	0	17818	2018-06-09 18:30:45	40127	1528540245017	503
131	8	28693	0	12188	2018-06-09 18:30:45	40131	1528540245267	504
20	9	24597	0	24563	2018-06-09 18:31:39	40020	1528540299570	505
3	9	24599	0	34599	2018-06-09 18:31:39	40003	1528540299604	506
17	9	24597	0	48552	2018-06-09 18:31:39	40017	1528540299637	507
9	9	24597	0	32662	2018-06-09 18:31:39	40009	1528540299696	508
8	9	24597	0	12113	2018-06-09 18:31:39	40008	1528540299729	509
16	9	24597	0	24194	2018-06-09 18:31:39	40016	1528540299796	510
21	9	24597	0	47633	2018-06-09 18:31:39	40021	1528540299863	511
10	9	24597	0	46472	2018-06-09 18:31:39	40010	1528540299896	512
12	9	24597	0	25250	2018-06-09 18:31:39	40012	1528540299996	513
11	9	24597	0	44269	2018-06-09 18:31:40	40011	1528540300029	514
13	9	24597	0	40385	2018-06-09 18:31:40	40013	1528540300063	515
37	9	24597	0	33427	2018-06-09 18:31:40	40037	1528540300806	516
26	9	24597	0	28022	2018-06-09 18:31:41	40026	1528540301039	517
24	9	24597	0	11430	2018-06-09 18:31:41	40024	1528540301164	518
124	9	24597	0	25482	2018-06-09 18:31:41	40124	1528540301557	519
72	9	24597	0	20697	2018-06-09 18:31:41	40072	1528540301690	520
76	9	24597	0	16555	2018-06-09 18:31:41	40076	1528540301724	521
78	9	24597	0	20299	2018-06-09 18:31:41	40078	1528540301791	522
117	9	24597	0	31771	2018-06-09 18:31:41	40117	1528540301824	523
69	9	24597	0	30329	2018-06-09 18:31:41	40069	1528540301857	524
127	9	24597	0	19758	2018-06-09 18:31:41	40127	1528540301958	525
63	9	24597	0	31245	2018-06-09 18:31:42	40063	1528540302150	526
71	9	24597	0	24215	2018-06-09 18:31:42	40071	1528540302250	527
132	9	24597	0	41768	2018-06-09 18:31:42	40132	1528540302316	528
67	9	24597	0	30683	2018-06-09 18:31:42	40067	1528540302350	529
118	9	24597	0	31140	2018-06-09 18:31:42	40118	1528540302383	530
70	9	24597	0	37640	2018-06-09 18:31:42	40070	1528540302417	531
77	9	24597	0	43967	2018-06-09 18:31:42	40077	1528540302450	532
75	9	24597	0	30681	2018-06-09 18:31:42	40075	1528540302684	533
32	9	24597	0	10794	2018-06-09 18:31:42	40032	1528540302717	534
135	9	24597	0	35504	2018-06-09 18:31:42	40135	1528540302917	535
131	9	24597	0	13597	2018-06-09 18:31:42	40131	1528540302951	536
52	9	24597	0	11817	2018-06-09 18:31:43	40052	1528540303051	537
44	9	24597	0	14792	2018-06-09 18:31:43	40044	1528540303184	538
115	9	24597	0	31347	2018-06-09 18:31:43	40115	1528540303310	539
47	9	24597	0	15361	2018-06-09 18:31:43	40047	1528540303343	540
119	9	24597	0	22801	2018-06-09 18:31:43	40119	1528540303377	541
48	9	24597	0	23717	2018-06-09 18:31:43	40048	1528540303410	542
40	9	24597	0	12830	2018-06-09 18:31:43	40040	1528540303443	543
41	9	24597	0	31094	2018-06-09 18:31:43	40041	1528540303535	544
38	9	24597	0	35265	2018-06-09 18:31:43	40038	1528540303635	545
120	9	24597	0	34209	2018-06-09 18:31:43	40120	1528540303702	546
50	9	24597	0	33862	2018-06-09 18:31:43	40050	1528540303936	547
33	9	24597	0	30687	2018-06-09 18:31:43	40033	1528540303969	548
123	9	24597	0	36005	2018-06-09 18:31:44	40123	1528540304136	549
66	9	24597	0	30689	2018-06-09 18:31:44	40066	1528540304203	550
43	9	24597	0	35548	2018-06-09 18:31:44	40043	1528540304304	551
53	9	24597	0	13817	2018-06-09 18:31:44	40053	1528540304371	552
64	9	24597	0	11965	2018-06-09 18:31:44	40064	1528540304404	553
121	9	24597	0	41970	2018-06-09 18:31:44	40121	1528540304438	554
80	9	24597	0	25341	2018-06-09 18:31:44	40080	1528540304504	555
129	9	24597	0	30884	2018-06-09 18:31:44	40129	1528540304563	556
139	9	24597	0	39859	2018-06-09 18:31:44	40139	1528540304630	557
122	9	24597	0	12625	2018-06-09 18:31:44	40122	1528540304663	558
39	9	24597	0	11038	2018-06-09 18:31:44	40039	1528540304797	559
56	9	24597	0	13685	2018-06-09 18:31:44	40056	1528540304922	560
20	10	20501	0	27083	2018-06-09 18:32:39	40020	1528540359650	561
8	10	20501	0	13220	2018-06-09 18:32:39	40008	1528540359684	562
3	10	20505	0	37400	2018-06-09 18:32:39	40003	1528540359717	563
9	10	20501	0	34875	2018-06-09 18:32:39	40009	1528540359750	564
16	10	20501	0	26559	2018-06-09 18:32:39	40016	1528540359784	565
10	10	20501	0	50590	2018-06-09 18:32:39	40010	1528540359851	566
17	10	20501	0	52636	2018-06-09 18:32:39	40017	1528540359976	567
21	10	20501	0	51822	2018-06-09 18:32:40	40021	1528540360134	568
12	10	20501	0	27871	2018-06-09 18:32:40	40012	1528540360201	569
11	10	20501	0	48807	2018-06-09 18:32:40	40011	1528540360593	570
26	10	20501	0	30733	2018-06-09 18:32:40	40026	1528540360787	571
37	10	20501	0	35994	2018-06-09 18:32:41	40037	1528540361354	572
13	10	20501	0	44119	2018-06-09 18:32:41	40013	1528540361454	573
124	10	20501	0	27875	2018-06-09 18:32:41	40124	1528540361880	574
80	10	20501	0	27974	2018-06-09 18:32:42	40080	1528540362039	575
75	10	20501	0	33060	2018-06-09 18:32:42	40075	1528540362206	576
78	10	20501	0	22223	2018-06-09 18:32:42	40078	1528540362272	577
69	10	20501	0	32706	2018-06-09 18:32:42	40069	1528540362339	578
135	10	20501	0	39685	2018-06-09 18:32:42	40135	1528540362406	579
76	10	20501	0	18289	2018-06-09 18:32:42	40076	1528540362540	580
32	10	20501	0	11856	2018-06-09 18:32:42	40032	1528540362573	581
72	10	20501	0	22663	2018-06-09 18:32:42	40072	1528540362640	582
38	10	20501	0	38532	2018-06-09 18:32:42	40038	1528540362707	583
115	10	20501	0	34303	2018-06-09 18:32:42	40115	1528540362907	584
70	10	20501	0	40792	2018-06-09 18:32:42	40070	1528540362974	585
77	10	20501	0	48112	2018-06-09 18:32:43	40077	1528540363007	586
71	10	20501	0	26596	2018-06-09 18:32:43	40071	1528540363040	587
132	10	20501	0	45409	2018-06-09 18:32:43	40132	1528540363232	588
127	10	20501	0	21866	2018-06-09 18:32:43	40127	1528540363391	589
50	10	20501	0	37683	2018-06-09 18:32:43	40050	1528540363691	590
119	10	20501	0	25012	2018-06-09 18:32:44	40119	1528540364059	591
24	10	20501	0	12540	2018-06-09 18:32:44	40024	1528540364284	592
41	10	20501	0	33851	2018-06-09 18:32:44	40041	1528540364392	593
66	10	20501	0	33422	2018-06-09 18:32:44	40066	1528540364426	594
44	10	20501	0	16258	2018-06-09 18:32:44	40044	1528540364718	595
33	10	20501	0	33477	2018-06-09 18:32:44	40033	1528540364785	596
117	10	20501	0	35208	2018-06-09 18:32:44	40117	1528540364885	597
121	10	20501	0	45824	2018-06-09 18:32:45	40121	1528540365135	598
129	10	20501	0	34443	2018-06-09 18:32:45	40129	1528540365653	599
122	10	20501	0	13763	2018-06-09 18:32:46	40122	1528540366004	600
53	10	20501	0	15206	2018-06-09 18:32:46	40053	1528540366105	601
63	10	20501	0	34088	2018-06-09 18:32:46	40063	1528540366271	602
48	10	20501	0	25415	2018-06-09 18:32:46	40048	1528540366305	603
118	10	20501	0	34644	2018-06-09 18:32:46	40118	1528540366572	604
139	10	20501	0	43769	2018-06-09 18:32:46	40139	1528540366872	605
131	10	20501	0	15041	2018-06-09 18:32:46	40131	1528540366931	606
64	10	20501	0	13186	2018-06-09 18:32:46	40064	1528540366998	607
123	10	20501	0	40172	2018-06-09 18:32:47	40123	1528540367123	608
40	10	20501	0	14091	2018-06-09 18:32:47	40040	1528540367390	609
39	10	20501	0	12198	2018-06-09 18:32:47	40039	1528540367657	610
120	10	20501	0	38080	2018-06-09 18:32:47	40120	1528540367958	611
67	10	20501	0	33967	2018-06-09 18:32:47	40067	1528540367991	612
43	10	20501	0	39054	2018-06-09 18:32:48	40043	1528540368125	613
56	10	20501	0	14918	2018-06-09 18:32:48	40056	1528540368216	614
52	10	20501	0	12961	2018-06-09 18:32:48	40052	1528540368408	615
47	10	20501	0	16546	2018-06-09 18:32:48	40047	1528540368642	616
20	11	16405	0	29456	2018-06-09 18:33:39	40020	1528540419572	617
9	11	16405	0	38197	2018-06-09 18:33:39	40009	1528540419674	618
3	11	16407	0	41214	2018-06-09 18:33:39	40003	1528540419705	619
16	11	16411	0	28933	2018-06-09 18:33:39	40016	1528540419739	620
17	11	16405	0	57128	2018-06-09 18:33:39	40017	1528540419772	621
12	11	16405	0	30285	2018-06-09 18:33:39	40012	1528540419973	622
8	11	16405	0	14456	2018-06-09 18:33:40	40008	1528540420039	623
10	11	16405	0	55141	2018-06-09 18:33:40	40010	1528540420273	624
21	11	16405	0	56742	2018-06-09 18:33:40	40021	1528540420307	625
11	11	16405	0	53306	2018-06-09 18:33:40	40011	1528540420690	626
37	11	16405	0	39764	2018-06-09 18:33:40	40037	1528540420774	627
26	11	16405	0	32954	2018-06-09 18:33:41	40026	1528540421400	628
132	11	16405	0	49571	2018-06-09 18:33:41	40132	1528540421457	629
39	11	16405	0	13284	2018-06-09 18:33:41	40039	1528540421525	630
33	11	16405	0	36794	2018-06-09 18:33:41	40033	1528540421750	631
70	11	16405	0	44922	2018-06-09 18:33:41	40070	1528540421784	632
69	11	16405	0	35605	2018-06-09 18:33:41	40069	1528540421850	633
121	11	16405	0	49854	2018-06-09 18:33:41	40121	1528540421884	634
71	11	16405	0	29044	2018-06-09 18:33:41	40071	1528540421984	635
13	11	16405	0	48314	2018-06-09 18:33:42	40013	1528540422017	636
75	11	16405	0	35997	2018-06-09 18:33:42	40075	1528540422051	637
118	11	16405	0	38132	2018-06-09 18:33:42	40118	1528540422118	638
80	11	16405	0	30462	2018-06-09 18:33:42	40080	1528540422218	639
78	11	16405	0	24375	2018-06-09 18:33:42	40078	1528540422251	640
24	11	16405	0	13646	2018-06-09 18:33:42	40024	1528540422284	641
40	11	16405	0	15306	2018-06-09 18:33:42	40040	1528540422418	642
56	11	16405	0	16303	2018-06-09 18:33:42	40056	1528540422485	643
115	11	16405	0	37192	2018-06-09 18:33:42	40115	1528540422618	644
117	11	16405	0	38116	2018-06-09 18:33:42	40117	1528540422685	645
53	11	16405	0	16486	2018-06-09 18:33:42	40053	1528540422718	646
127	11	16405	0	23932	2018-06-09 18:33:42	40127	1528540422819	647
38	11	16405	0	41660	2018-06-09 18:33:42	40038	1528540422910	648
120	11	16405	0	41218	2018-06-09 18:33:43	40120	1528540423044	649
76	11	16405	0	19947	2018-06-09 18:33:43	40076	1528540423102	650
64	11	16405	0	14419	2018-06-09 18:33:43	40064	1528540423236	651
123	11	16405	0	43423	2018-06-09 18:33:43	40123	1528540423303	652
44	11	16405	0	17805	2018-06-09 18:33:43	40044	1528540423404	653
122	11	16405	0	15093	2018-06-09 18:33:43	40122	1528540423438	654
63	11	16405	0	37432	2018-06-09 18:33:43	40063	1528540423471	655
131	11	16405	0	16666	2018-06-09 18:33:43	40131	1528540423638	656
77	11	16405	0	52726	2018-06-09 18:33:43	40077	1528540423838	657
48	11	16405	0	26993	2018-06-09 18:33:43	40048	1528540423905	658
135	11	16405	0	42932	2018-06-09 18:33:43	40135	1528540423972	659
72	11	16405	0	24548	2018-06-09 18:33:44	40072	1528540424005	660
129	11	16405	0	37362	2018-06-09 18:33:44	40129	1528540424039	661
32	11	16405	0	12934	2018-06-09 18:33:44	40032	1528540424072	662
52	11	16405	0	14196	2018-06-09 18:33:44	40052	1528540424197	663
119	11	16405	0	27444	2018-06-09 18:33:44	40119	1528540424231	664
41	11	16405	0	37186	2018-06-09 18:33:44	40041	1528540424297	665
124	11	16405	0	30245	2018-06-09 18:33:44	40124	1528540424456	666
139	11	16405	0	48192	2018-06-09 18:33:44	40139	1528540424489	667
50	11	16405	0	40731	2018-06-09 18:33:44	40050	1528540424556	668
43	11	16405	0	41953	2018-06-09 18:33:44	40043	1528540424589	669
47	11	16405	0	17652	2018-06-09 18:33:44	40047	1528540424623	670
66	11	16405	0	36756	2018-06-09 18:33:44	40066	1528540424690	671
67	11	16405	0	37450	2018-06-09 18:33:44	40067	1528540424756	672
20	12	12309	0	31831	2018-06-09 18:34:39	40020	1528540479558	673
3	12	12311	0	44627	2018-06-09 18:34:39	40003	1528540479591	674
17	12	12309	0	61212	2018-06-09 18:34:39	40017	1528540479625	675
8	12	12309	0	15627	2018-06-09 18:34:39	40008	1528540479725	676
12	12	12309	0	32817	2018-06-09 18:34:39	40012	1528540479783	677
9	12	12309	0	41463	2018-06-09 18:34:39	40009	1528540479883	678
21	12	12309	0	61002	2018-06-09 18:34:39	40021	1528540479950	679
10	12	12309	0	59233	2018-06-09 18:34:40	40010	1528540480017	680
16	12	12309	0	31423	2018-06-09 18:34:40	40016	1528540480276	681
11	12	12309	0	57911	2018-06-09 18:34:40	40011	1528540480635	682
132	12	12309	0	53749	2018-06-09 18:34:41	40132	1528540481428	683
13	12	12309	0	52746	2018-06-09 18:34:41	40013	1528540481461	684
26	12	12309	0	36788	2018-06-09 18:34:41	40026	1528540481528	685
118	12	12309	0	41546	2018-06-09 18:34:41	40118	1528540481561	686
75	12	12309	0	38387	2018-06-09 18:34:41	40075	1528540481704	687
50	12	12309	0	44312	2018-06-09 18:34:41	40050	1528540481746	688
71	12	12309	0	31500	2018-06-09 18:34:41	40071	1528540481829	689
124	12	12309	0	32816	2018-06-09 18:34:41	40124	1528540481996	690
129	12	12309	0	40868	2018-06-09 18:34:42	40129	1528540482097	691
48	12	12309	0	28932	2018-06-09 18:34:42	40048	1528540482163	692
67	12	12309	0	40167	2018-06-09 18:34:42	40067	1528540482263	693
39	12	12309	0	14427	2018-06-09 18:34:42	40039	1528540482330	694
131	12	12309	0	18195	2018-06-09 18:34:42	40131	1528540482364	695
69	12	12309	0	38097	2018-06-09 18:34:42	40069	1528540482397	696
78	12	12309	0	26404	2018-06-09 18:34:42	40078	1528540482430	697
66	12	12309	0	40087	2018-06-09 18:34:42	40066	1528540482497	698
32	12	12309	0	14004	2018-06-09 18:34:42	40032	1528540482564	699
53	12	12309	0	17977	2018-06-09 18:34:42	40053	1528540482664	700
76	12	12309	0	21648	2018-06-09 18:34:42	40076	1528540482756	701
117	12	12309	0	42189	2018-06-09 18:34:42	40117	1528540482856	702
63	12	12309	0	40749	2018-06-09 18:34:42	40063	1528540482948	703
56	12	12309	0	17690	2018-06-09 18:34:42	40056	1528540482981	704
24	12	12309	0	14746	2018-06-09 18:34:43	40024	1528540483048	705
37	12	12309	0	43957	2018-06-09 18:34:43	40037	1528540483148	706
70	12	12309	0	48274	2018-06-09 18:34:43	40070	1528540483182	707
127	12	12316	0	25869	2018-06-09 18:34:43	40127	1528540483248	708
139	12	12309	0	52337	2018-06-09 18:34:43	40139	1528540483315	709
40	12	12309	0	16588	2018-06-09 18:34:43	40040	1528540483349	710
47	12	12309	0	18960	2018-06-09 18:34:43	40047	1528540483449	711
41	12	12309	0	40561	2018-06-09 18:34:43	40041	1528540483515	712
44	12	12309	0	19351	2018-06-09 18:34:43	40044	1528540483549	713
38	12	12309	0	45168	2018-06-09 18:34:43	40038	1528540483682	714
115	12	12309	0	41352	2018-06-09 18:34:43	40115	1528540483716	715
33	12	12309	0	39498	2018-06-09 18:34:44	40033	1528540484008	716
80	12	12309	0	32834	2018-06-09 18:34:44	40080	1528540484108	717
52	12	12309	0	15550	2018-06-09 18:34:44	40052	1528540484142	718
119	12	12309	0	29835	2018-06-09 18:34:44	40119	1528540484233	719
122	12	12309	0	16398	2018-06-09 18:34:44	40122	1528540484267	720
135	12	12309	0	47860	2018-06-09 18:34:44	40135	1528540484300	721
77	12	12309	0	57419	2018-06-09 18:34:44	40077	1528540484334	722
64	12	12309	0	15773	2018-06-09 18:34:44	40064	1528540484367	723
120	12	12309	0	45486	2018-06-09 18:34:44	40120	1528540484400	724
72	12	12309	0	26524	2018-06-09 18:34:44	40072	1528540484434	725
121	12	12309	0	54982	2018-06-09 18:34:44	40121	1528540484500	726
43	12	12309	0	45634	2018-06-09 18:34:44	40043	1528540484534	727
123	12	12309	0	47847	2018-06-09 18:34:44	40123	1528540484567	728
