Thread[Thread-1,5,main]tree 1000 24 3 14 0 0
radio 7 32936
radio 7 32939
radio 7 32989
radio 7 33503
radio 7 33520
radio 7 34034
radio 7 34066
radio 7 34580
radio 7 34597
radio 7 35111
radio 7 35128
radio 7 35642
radio 7 35675
radio 7 36189
radio 7 36219
radio 7 36733
radio 7 36750
radio 7 37264
radio 7 37281
radio 7 37795
radio 7 37903
radio 7 38417
radio 7 38470
radio 7 38984
radio 7 39035
radio 7 39549
radio 7 39566
radio 7 40079
radio 7 40189
radio 7 40703
radio 7 40720
radio 7 41234
radio 7 41289
radio 7 41803
radio 7 41820
radio 7 42333
radio 7 42350
radio 7 42864
radio 7 42920
radio 7 43434
radio 7 43469
radio 7 43983
radio 7 44016
radio 7 44530
radio 7 44563
radio 7 45077
radio 7 45108
radio 7 45622
radio 7 45657
radio 7 46171
radio 7 46201
radio 7 46715
radio 7 46732
radio 7 47246
radio 7 47263
radio 7 47776
radio 7 47805
radio 7 48319
radio 7 48372
radio 7 48886
radio 7 48903
radio 7 49416
radio 7 49433
radio 7 49947
radio 7 50022
radio 7 50536
radio 7 50553
radio 7 51067
radio 7 51095
radio 7 51609
radio 7 51642
radio 7 52156
radio 7 52208
radio 7 52722
radio 7 52773
radio 7 53287
radio 7 53304
radio 7 53818
radio 7 53835
radio 7 54348
radio 7 54381
radio 7 54895
radio 7 54912
radio 7 55426
radio 7 55443
radio 7 55957
radio 7 55974
radio 7 56488
radio 7 56580
radio 7 57094
radio 7 57125
radio 7 57639
radio 7 57668
radio 7 58182
radio 7 58252
radio 7 58766
radio 7 58815
radio 7 59329
radio 7 59346
radio 7 59860
radio 7 59934
radio 7 60448
radio 7 60480
radio 7 60994
radio 7 61011
radio 7 61524
radio 7 61552
radio 7 62066
radio 7 62139
radio 7 62653
radio 7 62670
radio 7 63184
radio 7 63201
radio 7 63715
radio 7 63743
radio 7 64257
radio 7 64274
radio 7 64788
radio 7 64881
radio 7 65395
radio 7 65412
radio 8 389
radio 8 500
radio 8 1013
radio 8 1143
radio 8 1657
radio 8 1708
radio 8 2222
radio 8 2239
radio 8 2752
radio 8 2769
radio 8 3282
radio 8 3311
radio 8 3825
radio 8 3842
radio 8 4355
radio 8 4372
radio 8 4885
radio 8 4935
radio 8 5449
radio 8 5480
radio 8 5994
radio 8 6022
radio 8 6536
radio 8 6564
radio 8 7078
radio 8 7109
radio 8 7623
radio 8 7640
radio 8 8153
radio 8 8182
radio 8 8696
radio 8 8713
radio 8 9226
radio 8 9260
radio 8 9774
radio 8 9804
radio 8 10318
radio 8 10335
radio 8 10849
radio 8 10878
radio 8 11392
radio 8 11421
radio 8 11935
radio 8 12008
radio 8 12522
radio 8 12570
radio 8 13084
radio 8 13115
radio 8 13629
radio 8 13646
radio 8 14160
radio 8 14177
radio 8 14691
radio 8 14724
radio 8 15238
radio 8 15255
radio 8 15769
radio 8 15824
radio 8 16338
radio 8 16355
radio 8 16869
radio 8 16939
radio 8 17453
radio 8 17482
radio 8 17996
radio 8 18013
radio 8 18527
radio 8 18544
radio 8 19058
radio 8 19075
radio 8 19589
radio 8 19664
radio 8 20178
radio 8 20195
radio 8 20708
radio 8 20736
radio 8 21250
radio 8 21281
radio 8 21795
radio 8 21867
radio 8 22381
radio 8 22417
radio 8 22931
radio 8 22948
radio 8 23462
radio 8 23479
radio 8 23992
radio 8 24021
radio 8 24535
radio 8 24569
radio 8 25083
radio 8 25111
radio 8 25625
radio 8 25676
radio 8 26190
radio 8 26220
radio 8 26734
radio 8 26751
radio 8 27264
radio 8 27319
radio 8 27833
radio 8 27867
radio 8 28381
radio 8 28410
energy 8 28851 7 36201
radio 8 28924
radio 8 28941
radio 8 29455
radio 8 29472
radio 8 29985
radio 8 30002
radio 8 30515
radio 8 30544
radio 8 31058
radio 8 31091
radio 8 31605
radio 8 31622
radio 8 32136
radio 8 32153
radio 8 32666
radio 8 32683
radio 8 33196
radio 8 33248
radio 8 33762
radio 8 33793
radio 8 34307
radio 8 34324
radio 8 34838
radio 8 34873
radio 8 35387
radio 8 35404
radio 8 35917
radio 8 35953
radio 8 36467
radio 8 36484
radio 8 36998
radio 8 37047
radio 8 37561
radio 8 37592
radio 8 38106
radio 8 38123
radio 8 38637
radio 8 38685
radio 8 39199
radio 8 39234
radio 8 39748
radio 8 39801
radio 8 40315
radio 8 40332
radio 8 40846
radio 8 40878
radio 8 41392
radio 8 41409
radio 8 41923
radio 8 41940
radio 8 42454
delay 0 24 8 42504 8 42605 9 16 7 0 65535 0 0
radio 8 42514
radio 8 43027
radio 8 43071
radio 8 43584
radio 8 43628
radio 8 44142
radio 8 44159
radio 8 44673
radio 8 44704
radio 8 45218
radio 8 45248
radio 8 45762
radio 8 45815
radio 8 46329
radio 8 46404
radio 8 46918
radio 8 46935
radio 8 47448
radio 8 47483
radio 8 47997
radio 8 48029
radio 8 48543
radio 8 48560
radio 8 49074
radio 8 49091
radio 8 49605
radio 8 49622
radio 8 50136
radio 8 50186
radio 8 50700
radio 8 50717
radio 8 51230
radio 8 51261
radio 8 51775
radio 8 51792
radio 8 52305
radio 8 52355
radio 8 52869
radio 8 52897
radio 8 53411
radio 8 53462
radio 8 53976
radio 8 53993
radio 8 54506
radio 8 54523
radio 8 55036
radio 8 55107
radio 8 55621
radio 8 55638
radio 8 56152
radio 8 56169
radio 8 56683
radio 8 56792
radio 8 57306
radio 8 57323
radio 8 57837
radio 8 57854
radio 8 58367
radio 8 58398
radio 8 58912
radio 8 58963
radio 8 59477
radio 8 59546
radio 8 60060
radio 8 60089
radio 8 60603
radio 8 60632
radio 8 61146
radio 8 61177
radio 8 61691
radio 8 61765
radio 8 62279
radio 8 62332
radio 8 62846
radio 8 62863
radio 8 63376
delay 1 18 8 63448 8 63555 18 16 65535 0 282 0 0
radio 8 63456
radio 8 63970
radio 8 64093
radio 8 64606
radio 8 64623
radio 8 65136
radio 8 65153
radio 9 130
radio 9 147
radio 9 660
radio 9 689
radio 9 1202
radio 9 1238
radio 9 1752
radio 9 1787
radio 9 2301
radio 9 2318
radio 9 2831
radio 9 2848
radio 9 3361
radio 9 3416
radio 9 3930
radio 9 3947
radio 9 4460
radio 9 4508
radio 9 5022
radio 9 5090
radio 9 5604
radio 9 5655
radio 9 6169
radio 9 6218
radio 9 6732
radio 9 6766
radio 9 7280
radio 9 7315
radio 9 7829
radio 9 7865
radio 9 8379
radio 9 8396
radio 9 8909
radio 9 8926
radio 9 9439
radio 9 9467
radio 9 9981
radio 9 10052
radio 9 10566
radio 9 10598
radio 9 11112
radio 9 11144
radio 9 11658
radio 9 11693
radio 9 12207
radio 9 12224
radio 9 12737
radio 9 12754
radio 9 13267
radio 9 13298
radio 9 13812
radio 9 13840
radio 9 14354
radio 9 14385
radio 9 14899
radio 9 14948
radio 9 15462
radio 9 15479
radio 9 15992
radio 9 16009
radio 9 16522
radio 9 16539
radio 9 17053
radio 9 17125
radio 9 17639
radio 9 17668
radio 9 18182
delay 2 12 9 18252 9 18825 9 16 7 0 342 0 0
radio 9 18260
radio 9 18774
radio 9 18884
radio 9 19397
radio 9 19458
radio 9 19971
radio 9 20003
radio 9 20517
radio 9 20534
radio 9 21048
radio 9 21077
radio 9 21591
radio 9 21624
radio 9 22138
radio 9 22188
radio 9 22702
radio 9 22735
radio 9 23249
radio 9 23279
radio 9 23793
radio 9 23901
radio 9 24415
radio 9 24465
energy 9 24755 7 39540
radio 9 24979
radio 9 25013
radio 9 25527
radio 9 25577
radio 9 26091
radio 9 26144
radio 9 26658
radio 9 26675
radio 9 27189
radio 9 27219
radio 9 27733
radio 9 27765
radio 9 28279
radio 9 28296
radio 9 28810
radio 9 28842
radio 9 29356
radio 9 29386
radio 9 29900
radio 9 29929
radio 9 30443
radio 9 30460
radio 9 30973
radio 9 31028
radio 9 31542
radio 9 31596
radio 9 32110
radio 9 32179
radio 9 32693
radio 9 32745
radio 9 33259
radio 9 33288
radio 9 33802
radio 9 33854
radio 9 34368
radio 9 34401
radio 9 34915
radio 9 34932
radio 9 35446
radio 9 35463
radio 9 35976
radio 9 36031
radio 9 36545
radio 9 36577
radio 9 37091
radio 9 37120
radio 9 37634
radio 9 37664
radio 9 38178
delay 3 12 9 38192 9 38765 9 16 7 0 19 1 0
radio 9 38200
radio 9 38714
radio 9 38758
radio 9 39272
radio 9 39341
radio 9 39855
radio 9 39907
radio 9 40421
radio 9 40450
radio 9 40964
radio 9 40996
radio 9 41510
radio 9 41544
radio 9 42058
radio 9 42107
radio 9 42621
radio 9 42670
radio 9 43184
radio 9 43255
radio 9 43769
radio 9 43819
radio 9 44333
radio 9 44363
radio 9 44877
radio 9 44905
radio 9 45419
radio 9 45467
radio 9 45981
radio 9 46014
radio 9 46528
radio 9 46556
radio 9 47070
radio 9 47140
radio 9 47654
radio 9 47706
radio 9 48220
radio 9 48256
radio 9 48770
radio 9 48824
radio 9 49338
radio 9 49368
radio 9 49882
radio 9 49915
radio 9 50429
radio 9 50457
radio 9 50971
radio 9 51026
radio 9 51540
radio 9 51594
radio 9 52108
radio 9 52141
radio 9 52655
radio 9 52745
radio 9 53259
radio 9 53370
radio 9 53884
radio 9 54035
radio 9 54549
radio 9 54619
radio 9 55133
radio 9 55163
radio 9 55677
radio 9 55727
radio 9 56241
radio 9 56272
radio 9 56786
radio 9 56842
radio 9 57356
radio 9 57389
radio 9 57903
radio 9 57972
radio 9 58486
radio 9 58542
radio 9 59056
delay 4 24 9 59078 9 59185 9 16 7 0 219 0 0
radio 9 59086
radio 9 59600
radio 9 59642
radio 9 60156
radio 9 60244
radio 9 60758
radio 9 60809
radio 9 61323
radio 9 61375
radio 9 61889
radio 9 61922
radio 9 62436
radio 9 62472
radio 9 62986
radio 9 63014
radio 9 63528
radio 9 63576
radio 9 64090
radio 9 64120
radio 9 64634
radio 9 64683
radio 9 65197
radio 9 65228
radio 10 206
radio 10 258
radio 10 772
radio 10 803
radio 10 1317
radio 10 1347
radio 10 1861
radio 10 1892
radio 10 2406
radio 10 2479
radio 10 2993
radio 10 3022
radio 10 3536
radio 10 3568
radio 10 4082
radio 10 4150
radio 10 4664
radio 10 4713
radio 10 5227
radio 10 5276
radio 10 5790
radio 10 5819
radio 10 6333
radio 10 6385
radio 10 6899
radio 10 6928
radio 10 7442
radio 10 7471
radio 10 7985
radio 10 8035
radio 10 8549
radio 10 8582
radio 10 9096
radio 10 9127
radio 10 9641
radio 10 9674
radio 10 10188
radio 10 10236
radio 10 10750
radio 10 10778
radio 10 11292
radio 10 11321
radio 10 11835
radio 10 11907
radio 10 12421
radio 10 12470
radio 10 12984
radio 10 13013
radio 10 13527
radio 10 13558
radio 10 14072
delay 5 24 10 14145 10 14252 9 16 7 0 299 0 0
radio 10 14153
radio 10 14668
radio 10 14690
radio 10 15203
radio 10 15233
radio 10 15747
radio 10 15815
radio 10 16329
radio 10 16359
radio 10 16873
radio 10 16941
radio 10 17455
radio 10 17604
radio 10 18118
radio 10 18148
radio 10 18662
radio 10 18692
radio 10 19206
radio 10 19242
radio 10 19756
radio 10 19812
radio 10 20326
radio 10 20399
energy 10 20659 7 43808
radio 10 20913
radio 10 20962
radio 10 21476
radio 10 21506
radio 10 22020
radio 10 22051
radio 10 22565
radio 10 22655
radio 10 23169
radio 10 23201
radio 10 23715
radio 10 23763
radio 10 24277
radio 10 24294
radio 10 24808
radio 10 24916
radio 10 25430
radio 10 25461
radio 10 25975
radio 10 25992
radio 10 26506
radio 10 26538
radio 10 27052
radio 10 27069
radio 10 27583
radio 10 27636
radio 10 28150
radio 10 28167
radio 10 28681
radio 10 28698
radio 10 29212
radio 10 29229
radio 10 29743
radio 10 29760
radio 10 30274
radio 10 30302
radio 10 30816
radio 10 30888
radio 10 31402
radio 10 31419
radio 10 31933
radio 10 31950
radio 10 32464
radio 10 32481
radio 10 32995
radio 10 33028
radio 10 33542
radio 10 33613
radio 10 34127
delay 6 32 10 34172 10 34073 14 16 2 0 21 1 0
radio 10 34179
radio 10 34694
radio 10 34975
radio 10 35488
radio 10 35582
radio 10 36096
radio 10 36128
radio 10 36642
radio 10 36758
radio 10 37272
radio 10 37322
radio 10 37836
radio 10 37949
radio 10 38463
radio 10 38493
radio 10 39007
radio 10 39040
radio 10 39554
radio 10 39585
radio 10 40099
radio 10 40195
radio 10 40709
radio 10 40743
radio 10 41257
radio 10 41293
radio 10 41807
radio 10 41835
radio 10 42349
radio 10 42397
radio 10 42911
radio 10 42944
radio 10 43458
radio 10 43494
radio 10 44008
radio 10 44036
radio 10 44550
radio 10 44599
radio 10 45113
radio 10 45145
radio 10 45659
radio 10 45707
radio 10 46221
radio 10 46274
radio 10 46788
radio 10 46881
radio 10 47395
radio 10 47428
radio 10 47942
radio 10 47970
radio 10 48484
radio 10 48652
radio 10 49166
radio 10 49274
radio 10 49788
radio 10 49878
radio 10 50392
radio 10 50422
radio 10 50936
radio 10 50968
radio 10 51482
radio 10 51518
radio 10 52032
radio 10 52060
radio 10 52574
radio 10 52662
radio 10 53176
radio 10 53209
radio 10 53723
radio 10 53772
radio 10 54286
radio 10 54397
radio 10 54911
delay 7 3 10 54927 10 55817 9 16 7 0 310 0 0
radio 10 54934
radio 10 55449
radio 10 55492
radio 10 56005
radio 10 56075
radio 10 56589
radio 10 56618
radio 10 57132
radio 10 57180
radio 10 57694
radio 10 57727
radio 10 58241
radio 10 58289
radio 10 58803
radio 10 58856
radio 10 59370
radio 10 59403
radio 10 59917
radio 10 60008
radio 10 60522
radio 10 60550
radio 10 61064
radio 10 61094
radio 10 61608
radio 10 61636
radio 10 62150
radio 10 62178
radio 10 62692
radio 10 62741
radio 10 63255
radio 10 63287
radio 10 63801
radio 10 63870
radio 10 64384
radio 10 64412
radio 10 64926
radio 10 64954
radio 10 65468
radio 10 65496
radio 11 474
radio 11 502
radio 11 1016
radio 11 1045
radio 11 1559
radio 11 1595
radio 11 2109
radio 11 2161
radio 11 2675
radio 11 2724
radio 11 3238
radio 11 3310
radio 11 3824
radio 11 3873
radio 11 4387
radio 11 4440
radio 11 4954
radio 11 4983
radio 11 5497
radio 11 5549
radio 11 6063
radio 11 6115
radio 11 6629
radio 11 6662
radio 11 7176
radio 11 7224
radio 11 7738
radio 11 7790
radio 11 8304
radio 11 8337
radio 11 8851
radio 11 8919
radio 11 9433
radio 11 9463
radio 11 9977
delay 8 24 11 10045 11 10151 9 16 7 0 417 0 0
radio 11 10052
radio 11 10567
radio 11 10717
radio 11 11231
radio 11 11309
radio 11 11823
radio 11 11853
radio 11 12367
radio 11 12398
radio 11 12912
radio 11 12944
radio 11 13458
radio 11 13487
radio 11 14001
radio 11 14049
radio 11 14563
radio 11 14633
radio 11 15147
radio 11 15195
radio 11 15709
radio 11 15765
radio 11 16279
radio 11 16309
energy 11 16563 7 48572
radio 11 16823
radio 11 16872
radio 11 17386
radio 11 17441
radio 11 17955
radio 11 17986
radio 11 18500
radio 11 18549
radio 11 19063
radio 11 19094
radio 11 19608
radio 11 19638
radio 11 20152
radio 11 20200
radio 11 20714
radio 11 20747
radio 11 21261
radio 11 21297
radio 11 21811
radio 11 21839
radio 11 22353
radio 11 22381
radio 11 22895
radio 11 22923
radio 11 23437
radio 11 23465
radio 11 23979
radio 11 24007
radio 11 24521
radio 11 24569
radio 11 25083
radio 11 25116
radio 11 25630
radio 11 25685
radio 11 26199
radio 11 26250
radio 11 26764
radio 11 26835
radio 11 27349
radio 11 27403
radio 11 27917
radio 11 27950
radio 11 28464
radio 11 28516
radio 11 29030
radio 11 29098
radio 11 29612
radio 11 29661
radio 11 30175
delay 9 12 11 30328 11 30899 9 16 7 0 276 0 0
radio 11 30336
radio 11 30850
radio 11 30865
radio 11 31378
radio 11 31454
radio 11 31968
radio 11 32038
radio 11 32552
radio 11 32600
radio 11 33114
radio 11 33168
radio 11 33682
radio 11 33715
radio 11 34229
radio 11 34279
radio 11 34793
radio 11 34824
radio 11 35338
radio 11 35367
radio 11 35881
radio 11 35916
radio 11 36430
radio 11 36486
radio 11 37000
radio 11 37073
radio 11 37587
radio 11 37636
radio 11 38150
radio 11 38203
radio 11 38717
radio 11 38749
radio 11 39263
radio 11 39311
radio 11 39825
radio 11 39878
radio 11 40392
radio 11 40425
radio 11 40939
radio 11 40992
radio 11 41506
radio 11 41559
radio 11 42073
radio 11 42108
radio 11 42622
radio 11 42670
radio 11 43184
radio 11 43234
radio 11 43748
radio 11 43776
radio 11 44290
radio 11 44346
radio 11 44860
radio 11 44912
radio 11 45426
radio 11 45457
radio 11 45971
radio 11 46081
radio 11 46595
radio 11 46625
radio 11 47139
radio 11 47247
radio 11 47761
radio 11 47852
radio 11 48366
radio 11 48399
radio 11 48913
radio 11 48981
radio 11 49495
radio 11 49544
radio 11 50058
radio 11 50111
radio 11 50625
delay 10 35 11 50671 11 50858 9 16 7 0 158 1 0
radio 11 50679
radio 11 51194
radio 11 51237
radio 11 51751
radio 11 51767
radio 11 52281
radio 11 52317
radio 11 52831
radio 11 52882
radio 11 53396
radio 11 53426
radio 11 53940
radio 11 53996
radio 11 54510
radio 11 54582
radio 11 55096
radio 11 55146
radio 11 55660
radio 11 55712
radio 11 56226
radio 11 56259
radio 11 56773
radio 11 56829
radio 11 57343
radio 11 57391
radio 11 57905
radio 11 57934
radio 11 58448
radio 11 58476
radio 11 58990
radio 11 59018
radio 11 59532
radio 11 59560
radio 11 60074
radio 11 60183
radio 11 60697
radio 11 60767
radio 11 61281
radio 11 61330
radio 11 61844
radio 11 61876
radio 11 62390
radio 11 62418
radio 11 62932
radio 11 62981
radio 11 63495
radio 11 63527
radio 11 64041
radio 11 64069
radio 11 64583
radio 11 64651
radio 11 65165
radio 11 65214
radio 12 192
radio 12 244
radio 12 758
radio 12 851
radio 12 1365
radio 12 1420
radio 12 1934
radio 12 1986
radio 12 2500
radio 12 2573
radio 12 3087
radio 12 3136
radio 12 3650
radio 12 3703
radio 12 4217
radio 12 4249
radio 12 4763
radio 12 4791
radio 12 5305
radio 12 5333
radio 12 5847
delay 11 24 12 6044 12 6150 9 16 7 0 447 0 0
radio 12 6052
radio 12 6566
radio 12 6581
radio 12 7095
radio 12 7124
radio 12 7638
radio 12 7714
radio 12 8228
radio 12 8277
radio 12 8791
radio 12 8844
radio 12 9358
radio 12 9391
radio 12 9905
radio 12 9958
radio 12 10472
radio 12 10520
radio 12 11034
radio 12 11066
radio 12 11580
radio 12 11632
radio 12 12146
radio 12 12175
energy 12 12467 7 53292
radio 12 12689
radio 12 12745
radio 12 13259
radio 12 13312
radio 12 13826
radio 12 13875
radio 12 14389
radio 12 14418
radio 12 14932
radio 12 14987
radio 12 15501
radio 12 15554
radio 12 16068
radio 12 16100
radio 12 16614
radio 12 16662
radio 12 17176
radio 12 17209
radio 12 17723
radio 12 17753
radio 12 18267
radio 12 18339
radio 12 18853
radio 12 18884
radio 12 19398
radio 12 19427
radio 12 19941
radio 12 19990
radio 12 20504
radio 12 20535
radio 12 21049
radio 12 21177
radio 12 21691
radio 12 21740
radio 12 22254
radio 12 22285
radio 12 22799
radio 12 22855
radio 12 23369
radio 12 23442
radio 12 23956
radio 12 24005
radio 12 24519
radio 12 24571
radio 12 25085
radio 12 25118
radio 12 25632
radio 12 25668
radio 12 26182
delay 12 23 12 26200 12 26823 16 16 65535 0 23 1 0
radio 12 26208
radio 12 26723
radio 12 26874
radio 12 27388
radio 12 27409
radio 12 27922
radio 12 27951
radio 12 28465
radio 12 28513
radio 12 29027
radio 12 29080
radio 12 29594
radio 12 29626
radio 12 30140
radio 12 30189
radio 12 30703
radio 12 30734
radio 12 31248
radio 12 31278
radio 12 31792
radio 12 31840
radio 12 32354
radio 12 32383
radio 12 32897
radio 12 32928
radio 12 33442
radio 12 33510
radio 12 34024
radio 12 34073
radio 12 34587
radio 12 34660
radio 12 35174
radio 12 35223
radio 12 35737
radio 12 35789
radio 12 36303
radio 12 36337
radio 12 36851
radio 12 36907
radio 12 37421
radio 12 37494
radio 12 38008
radio 12 38076
radio 12 38590
radio 12 38620
radio 12 39134
radio 12 39166
radio 12 39680
radio 12 39752
radio 12 40266
radio 12 40295
radio 12 40809
radio 12 40837
radio 12 41351
radio 12 41639
radio 12 42153
radio 12 42204
radio 12 42718
radio 12 42748
radio 12 43262
radio 12 43291
radio 12 43805
radio 12 43835
radio 12 44349
radio 12 44421
radio 12 44935
radio 12 44968
radio 12 45482
radio 12 45570
radio 12 46084
radio 12 46152
radio 12 46666
delay 13 3 12 46788 12 47678 9 16 7 0 350 0 0
radio 12 46796
radio 12 47310
radio 12 47603
radio 12 48116
radio 12 48167
radio 12 48681
radio 12 48713
radio 12 49227
radio 12 49295
radio 12 49809
radio 12 49858
radio 12 50372
radio 12 50425
radio 12 50939
radio 12 50972
radio 12 51486
radio 12 51515
radio 12 52029
radio 12 52058
radio 12 52572
radio 12 52606
radio 12 53120
radio 12 53156
radio 12 53670
radio 12 53698
radio 12 54212
radio 12 54240
radio 12 54754
radio 12 54802
radio 12 55316
radio 12 55349
radio 12 55863
radio 12 55899
radio 12 56413
radio 12 56441
radio 12 56955
radio 12 57003
radio 12 57517
radio 12 57546
radio 12 58060
radio 12 58092
radio 12 58606
radio 12 58654
radio 12 59168
radio 12 59201
radio 12 59715
radio 12 59763
radio 12 60277
radio 12 60327
radio 12 60841
radio 12 60871
radio 12 61385
radio 12 61437
radio 12 61951
radio 12 61985
radio 12 62499
radio 12 62528
radio 12 63042
radio 12 63077
radio 12 63591
radio 12 63639
radio 12 64153
radio 12 64186
radio 12 64700
radio 12 64756
radio 12 65270
radio 12 65323
radio 13 301
radio 13 374
radio 13 888
radio 13 936
radio 13 1450
delay 14 19 13 1471 13 1831 18 16 65535 0 93 0 0
radio 13 1479
radio 13 1993
radio 13 2041
radio 13 2554
radio 13 2574
radio 13 3088
radio 13 3136
radio 13 3650
radio 13 3680
radio 13 4194
radio 13 4226
radio 13 4740
radio 13 4788
radio 13 5302
radio 13 5375
radio 13 5889
radio 13 5938
radio 13 6452
radio 13 6481
radio 13 6995
radio 13 7027
radio 13 7541
radio 13 7609
radio 13 8123
radio 13 8172
energy 13 8371 7 58142
radio 13 8686
radio 13 8739
radio 13 9253
radio 13 9286
radio 13 9800
radio 13 9835
radio 13 10349
radio 13 10378
radio 13 10892
radio 13 10942
radio 13 11456
radio 13 11525
radio 13 12039
radio 13 12070
radio 13 12584
radio 13 12614
radio 13 13128
radio 13 13156
radio 13 13670
radio 13 13700
radio 13 14214
radio 13 14246
radio 13 14760
radio 13 14815
radio 13 15329
radio 13 15357
radio 13 15871
radio 13 15905
radio 13 16419
radio 13 16450
radio 13 16964
radio 13 16997
radio 13 17511
radio 13 17539
radio 13 18053
radio 13 18101
radio 13 18615
radio 13 18647
radio 13 19161
radio 13 19190
radio 13 19704
radio 13 19772
radio 13 20286
radio 13 20335
radio 13 20849
radio 13 20902
radio 13 21416
radio 13 21447
radio 13 21961
delay 15 18 13 22014 13 22396 18 16 65535 0 69 0 0
radio 13 22023
radio 13 22537
radio 13 22693
radio 13 23207
radio 13 23253
radio 13 23767
radio 13 23898
radio 13 24412
radio 13 24441
radio 13 24955
radio 13 25047
radio 13 25561
radio 13 25616
radio 13 26130
radio 13 26158
radio 13 26672
radio 13 26703
radio 13 27217
radio 13 27247
radio 13 27761
radio 13 27789
radio 13 28303
radio 13 28376
radio 13 28890
radio 13 28940
radio 13 29454
radio 13 29529
radio 13 30043
radio 13 30092
radio 13 30606
radio 13 30678
radio 13 31192
radio 13 31242
radio 13 31756
radio 13 31809
radio 13 32323
radio 13 32355
radio 13 32869
radio 13 32917
radio 13 33431
radio 13 33464
radio 13 33978
radio 13 34007
radio 13 34521
radio 13 34593
radio 13 35107
radio 13 35139
radio 13 35653
radio 13 35681
radio 13 36195
radio 13 36263
radio 13 36777
radio 13 36867
radio 13 37381
radio 13 37433
radio 13 37947
radio 13 38021
radio 13 38535
radio 13 38584
radio 13 39098
radio 13 39171
radio 13 39685
radio 13 39754
radio 13 40268
radio 13 40317
radio 13 40831
radio 13 40864
radio 13 41378
radio 13 41448
radio 13 41962
radio 13 42031
radio 13 42545
delay 16 23 13 42735 13 43358 16 16 65535 0 284 0 0
radio 13 42743
radio 13 43258
radio 13 43359
radio 13 43873
radio 13 43894
radio 13 44407
radio 13 44496
radio 13 45010
radio 13 45044
radio 13 45558
radio 13 45607
radio 13 46121
radio 13 46151
radio 13 46665
radio 13 46695
radio 13 47209
radio 13 47243
radio 13 47757
radio 13 47827
radio 13 48341
radio 13 48370
radio 13 48884
radio 13 48912
radio 13 49426
radio 13 49454
radio 13 49968
radio 13 50016
radio 13 50530
radio 13 50643
radio 13 51157
radio 13 51207
radio 13 51721
radio 13 51751
radio 13 52265
radio 13 52316
radio 13 52830
radio 13 52880
radio 13 53394
radio 13 53422
radio 13 53936
radio 13 53991
radio 13 54505
radio 13 54537
radio 13 55051
radio 13 55080
radio 13 55594
radio 13 55643
radio 13 56157
radio 13 56189
radio 13 56703
radio 13 56737
radio 13 57251
radio 13 57281
radio 13 57795
radio 13 57845
radio 13 58359
radio 13 58390
radio 13 58904
radio 13 58940
radio 13 59454
radio 13 59490
radio 13 60004
radio 13 60032
radio 13 60546
radio 13 60574
radio 13 61088
radio 13 61116
radio 13 61630
radio 13 61658
radio 13 62172
radio 13 62240
radio 13 62754
radio 13 62804
radio 13 63318
delay 17 24 13 63340 13 63445 9 16 7 0 414 0 0
radio 13 63348
radio 13 63862
radio 13 63880
radio 13 64394
radio 13 64484
radio 13 64998
radio 13 65114
radio 14 92
radio 14 162
radio 14 676
radio 14 725
radio 14 1239
radio 14 1272
radio 14 1786
radio 14 1882
radio 14 2396
radio 14 2470
radio 14 2984
radio 14 3033
radio 14 3547
radio 14 3575
radio 14 4089
radio 14 4142
energy 14 4275 7 62966
radio 14 4656
radio 14 4708
radio 14 5222
radio 14 5255
radio 14 5769
radio 14 5801
radio 14 6315
radio 14 6344
radio 14 6858
radio 14 6909
radio 14 7423
radio 14 7456
radio 14 7970
radio 14 8026
radio 14 8540
radio 14 8593
radio 14 9107
radio 14 9140
radio 14 9654
radio 14 9710
radio 14 10224
radio 14 10276
radio 14 10790
radio 14 10863
radio 14 11377
radio 14 11426
radio 14 11940
radio 14 11969
radio 14 12483
radio 14 12515
radio 14 13029
radio 14 13064
radio 14 13578
radio 14 13627
radio 14 14141
radio 14 14172
radio 14 14686
radio 14 14715
radio 14 15229
radio 14 15258
radio 14 15772
radio 14 15802
radio 14 16316
radio 14 16350
radio 14 16864
radio 14 16892
radio 14 17406
radio 14 17434
radio 14 17948
delay 18 35 14 18228 14 18417 9 16 7 0 218 0 0
radio 14 18236
radio 14 18750
radio 14 18793
radio 14 19307
radio 14 19360
radio 14 19874
radio 14 19907
radio 14 20421
radio 14 20452
radio 14 20966
radio 14 21035
radio 14 21549
radio 14 21602
radio 14 22116
radio 14 22189
radio 14 22703
radio 14 22752
radio 14 23266
radio 14 23317
radio 14 23831
radio 14 23865
radio 14 24379
radio 14 24413
radio 14 24927
radio 14 24956
radio 14 25470
radio 14 25519
radio 14 26033
radio 14 26066
radio 14 26580
radio 14 26672
radio 14 27186
radio 14 27216
radio 14 27730
radio 14 27786
radio 14 28300
radio 14 28350
radio 14 28864
radio 14 28895
radio 14 29409
radio 14 29461
radio 14 29975
radio 14 30028
radio 14 30542
radio 14 30618
radio 14 31132
radio 14 31162
radio 14 31676
radio 14 31767
radio 14 32281
radio 14 32298
radio 14 32812
radio 14 32881
radio 14 33395
radio 14 33412
radio 14 33926
radio 14 33962
radio 14 34476
radio 14 34510
radio 14 35024
radio 14 35041
radio 14 35555
radio 14 35585
radio 14 36099
radio 14 36128
radio 14 36642
radio 14 36670
radio 14 37184
radio 14 37293
radio 14 37807
radio 14 37943
radio 14 38457
delay 19 18 14 38505 14 38889 18 16 65535 0 316 0 0
radio 14 38514
radio 14 39028
radio 14 39072
radio 14 39586
radio 14 39637
radio 14 40151
radio 14 40225
radio 14 40739
radio 14 40756
radio 14 41270
radio 14 41287
radio 14 41801
radio 14 41818
radio 14 42332
radio 14 42360
radio 14 42874
radio 14 42902
radio 14 43416
radio 14 43464
radio 14 43978
radio 14 44031
radio 14 44545
radio 14 44575
radio 14 45089
radio 14 45118
radio 14 45632
radio 14 45682
radio 14 46196
radio 14 46228
radio 14 46742
radio 14 46770
radio 14 47284
radio 14 47353
radio 14 47867
radio 14 47916
radio 14 48430
radio 14 48502
radio 14 49016
radio 14 49065
radio 14 49579
radio 14 49609
radio 14 50123
radio 14 50154
radio 14 50668
radio 14 50696
radio 14 51210
radio 14 51258
radio 14 51772
radio 14 51805
radio 14 52319
radio 14 52375
radio 14 52889
radio 14 52922
radio 14 53436
radio 14 53472
radio 14 53986
radio 14 54061
radio 14 54575
radio 14 54625
radio 14 55139
radio 14 55212
radio 14 55726
radio 14 55775
radio 14 56289
radio 14 56322
radio 14 56836
radio 14 56884
radio 14 57398
radio 14 57427
radio 14 57941
radio 14 57970
radio 14 58484
radio 14 58515
radio 14 59029
delay 20 24 14 59127 14 59232 9 16 7 0 258 0 0
radio 14 59135
radio 14 59649
radio 14 59664
radio 14 60178
radio 14 60227
radio 14 60741
radio 14 60789
radio 14 61303
radio 14 61412
radio 14 61926
radio 14 61956
radio 14 62470
radio 14 62506
radio 14 63020
radio 14 63048
radio 14 63562
radio 14 63611
radio 14 64125
radio 14 64174
radio 14 64688
radio 14 64763
radio 14 65277
radio 14 65327
energy 15 179 8 1935
radio 15 305
radio 15 377
radio 15 891
radio 15 940
radio 15 1454
radio 15 1507
radio 15 2021
radio 15 2054
radio 15 2568
radio 15 2624
radio 15 3138
radio 15 3211
radio 15 3725
radio 15 3774
radio 15 4288
radio 15 4359
radio 15 4873
radio 15 4924
radio 15 5438
radio 15 5490
radio 15 6004
radio 15 6037
radio 15 6551
radio 15 6599
radio 15 7113
radio 15 7146
radio 15 7660
radio 15 7716
radio 15 8230
radio 15 8283
radio 15 8797
radio 15 8869
radio 15 9383
radio 15 9432
radio 15 9946
radio 15 9999
radio 15 10513
radio 15 10546
radio 15 11060
radio 15 11112
radio 15 11626
radio 15 11655
radio 15 12169
radio 15 12219
radio 15 12733
radio 15 12763
radio 15 13277
radio 15 13325
radio 15 13839
delay 21 12 15 13863 15 14431 9 16 7 0 155 0 0
radio 15 13870
radio 15 14385
radio 15 14430
radio 15 14943
radio 15 15087
radio 15 15601
radio 15 15630
radio 15 16144
radio 15 16237
radio 15 16751
radio 15 16879
radio 15 17393
radio 15 17468
radio 15 17982
radio 15 18031
radio 15 18545
radio 15 18575
radio 15 19089
radio 15 19118
radio 15 19632
radio 15 19660
radio 15 20174
radio 15 20204
radio 15 20718
radio 15 20754
radio 15 21268
radio 15 21296
radio 15 21810
radio 15 21838
radio 15 22352
radio 15 22400
radio 15 22914
radio 15 22947
radio 15 23461
radio 15 23497
radio 15 24011
radio 15 24039
radio 15 24553
radio 15 24601
radio 15 25115
radio 15 25163
radio 15 25677
radio 15 25707
radio 15 26221
radio 15 26277
radio 15 26791
radio 15 26904
radio 15 27418
radio 15 27467
radio 15 27981
radio 15 28170
radio 15 28684
radio 15 28792
radio 15 29306
radio 15 29415
radio 15 29929
radio 15 30061
radio 15 30575
radio 15 30604
radio 15 31118
radio 15 31172
radio 15 31686
radio 15 31716
radio 15 32230
radio 15 32460
radio 15 32974
radio 15 33066
radio 15 33580
radio 15 33610
radio 15 34124
radio 15 34178
radio 15 34692
delay 22 3 15 34708 15 35597 9 16 7 0 399 0 0
radio 15 34715
radio 15 35230
radio 15 35247
radio 15 35761
radio 15 35812
radio 15 36326
radio 15 36419
radio 15 36933
radio 15 36982
radio 15 37496
radio 15 37525
radio 15 38039
radio 15 38075
radio 15 38589
radio 15 38625
radio 15 39139
radio 15 39167
radio 15 39681
radio 15 39729
radio 15 40243
radio 15 40276
radio 15 40790
radio 15 40826
radio 15 41340
radio 15 41368
radio 15 41882
radio 15 41910
radio 15 42424
radio 15 42441
radio 15 42955
radio 15 42986
radio 15 43500
radio 15 43556
radio 15 44070
radio 15 44105
radio 15 44619
radio 15 44652
radio 15 45166
radio 15 45195
radio 15 45709
radio 15 45780
radio 15 46294
radio 15 46409
radio 15 46923
radio 15 46973
radio 15 47487
radio 15 47540
radio 15 48054
radio 15 48086
radio 15 48600
radio 15 48648
radio 15 49162
radio 15 49193
radio 15 49707
radio 15 49737
radio 15 50251
radio 15 50279
radio 15 50793
radio 15 50849
radio 15 51363
radio 15 51396
radio 15 51910
radio 15 51966
radio 15 52480
radio 15 52529
radio 15 53043
radio 15 53071
radio 15 53585
radio 15 53602
radio 15 54116
radio 15 54133
radio 15 54647
delay 23 3 15 54696 15 55585 9 16 7 0 63 1 0
radio 15 54703
radio 15 55218
radio 15 55264
radio 15 55778
radio 15 55795
radio 15 56309
radio 15 56326
radio 15 56840
radio 15 56894
radio 15 57408
radio 15 57461
radio 15 57975
radio 15 58107
radio 15 58621
radio 15 58649
radio 15 59163
radio 15 59198
radio 15 59712
radio 15 59740
radio 15 60254
radio 15 60282
radio 15 60796
radio 15 60824
radio 15 61338
radio 15 61406
energy 15 61619 8 6868
radio 15 61920
radio 15 61969
radio 15 62483
radio 15 62533
radio 15 63047
radio 15 63080
radio 15 63594
radio 15 63645
radio 15 64159
radio 15 64212
radio 15 64726
radio 15 64758
radio 15 65272
radio 15 65300
radio 16 278
radio 16 306
radio 16 820
radio 16 848
radio 16 1362
radio 16 1430
radio 16 1944
radio 16 2054
radio 16 2568
radio 16 2618
radio 16 3132
radio 16 3184
radio 16 3698
radio 16 3728
radio 16 4242
radio 16 4293
radio 16 4807
radio 16 4840
radio 16 5354
radio 16 5407
radio 16 5921
radio 16 5977
radio 16 6491
radio 16 6542
radio 16 7056
radio 16 7090
radio 16 7604
radio 16 7637
radio 16 8151
radio 16 8182
radio 16 8696
radio 16 8764
radio 16 9278
radio 16 9328
radio 16 9842
delay 24 24 16 9857 16 9961 9 16 7 0 238 1 0
radio 16 9864
radio 16 10379
radio 16 10531
radio 16 11044
radio 16 11078
radio 16 11592
radio 16 11644
radio 16 12158
radio 16 12230
radio 16 12744
radio 16 12793
radio 16 13307
radio 16 13357
radio 16 13871
radio 16 13901
radio 16 14415
radio 16 14469
radio 16 14983
radio 16 15055
radio 16 15569
radio 16 15619
radio 16 16133
radio 16 16165
radio 16 16679
radio 16 16707
radio 16 17221
radio 16 17249
radio 16 17763
radio 16 17791
radio 16 18305
radio 16 18333
radio 16 18847
radio 16 18935
radio 16 19449
radio 16 19501
radio 16 20015
radio 16 20045
radio 16 20559
radio 16 20592
radio 16 21106
radio 16 21182
radio 16 21696
radio 16 21744
radio 16 22258
radio 16 22306
radio 16 22820
radio 16 22890
radio 16 23404
radio 16 23453
radio 16 23967
radio 16 24015
radio 16 24529
radio 16 24599
radio 16 25113
radio 16 25182
radio 16 25696
radio 16 25725
radio 16 26239
radio 16 26315
radio 16 26829
radio 16 26846
radio 16 27360
radio 16 27432
radio 16 27946
radio 16 28215
radio 16 28729
radio 16 28784
radio 16 29298
radio 16 29330
radio 16 29844
radio 16 29872
radio 16 30386
delay 25 24 16 30402 16 30506 9 16 7 0 18 1 0
radio 16 30410
radio 16 30924
radio 16 31046
radio 16 31560
radio 16 31601
radio 16 32115
radio 16 32147
radio 16 32661
radio 16 32709
radio 16 33223
radio 16 33252
radio 16 33766
radio 16 33798
radio 16 34312
radio 16 34362
radio 16 34876
radio 16 34907
radio 16 35421
radio 16 35477
radio 16 35991
radio 16 36024
radio 16 36538
radio 16 36594
radio 16 37108
radio 16 37141
radio 16 37655
radio 16 37708
radio 16 38222
radio 16 38258
radio 16 38772
radio 16 38808
radio 16 39322
radio 16 39358
radio 16 39872
radio 16 39908
radio 16 40422
radio 16 40470
radio 16 40984
radio 16 41012
radio 16 41526
radio 16 41579
radio 16 42093
radio 16 42146
radio 16 42660
radio 16 42692
radio 16 43206
radio 16 43254
radio 16 43768
radio 16 43801
radio 16 44315
radio 16 44351
radio 16 44865
radio 16 44893
radio 16 45407
radio 16 45456
radio 16 45970
radio 16 46002
radio 16 46516
radio 16 46550
radio 16 47064
radio 16 47094
radio 16 47608
radio 16 47637
radio 16 48151
radio 16 48181
radio 16 48695
radio 16 48723
radio 16 49237
radio 16 49346
radio 16 49860
radio 16 49911
radio 16 50425
radio 16 50454
radio 16 50968
delay 26 35 16 51018 16 51209 9 16 7 0 118 1 0
radio 16 51025
radio 16 51540
radio 16 51659
radio 16 52172
radio 16 52203
radio 16 52717
radio 16 52867
radio 16 53381
radio 16 53430
radio 16 53944
radio 16 54017
radio 16 54531
radio 16 54560
radio 16 55074
radio 16 55106
radio 16 55620
radio 16 55652
radio 16 56166
radio 16 56196
radio 16 56710
radio 16 56744
radio 16 57258
radio 16 57287
energy 16 57523 8 11603
radio 16 57801
radio 16 57833
radio 16 58347
radio 16 58379
radio 16 58893
radio 16 58929
radio 16 59443
radio 16 59516
radio 16 60030
radio 16 60082
radio 16 60596
radio 16 60669
radio 16 61183
radio 16 61232
radio 16 61746
radio 16 61779
radio 16 62293
radio 16 62389
radio 16 62903
radio 16 62977
radio 16 63491
radio 16 63540
radio 16 64054
radio 16 64086
radio 16 64600
radio 16 64629
radio 16 65143
radio 16 65179
radio 17 157
radio 17 205
radio 17 719
radio 17 768
radio 17 1282
radio 17 1311
radio 17 1825
radio 17 1860
radio 17 2374
radio 17 2402
radio 17 2916
radio 17 2945
radio 17 3459
radio 17 3529
radio 17 4043
radio 17 4078
radio 17 4592
radio 17 4628
radio 17 5142
radio 17 5170
radio 17 5684
delay 27 23 17 5704 17 6321 16 16 65535 0 65535 0 0
radio 17 5713
radio 17 6227
radio 17 6350
radio 17 6864
radio 17 6964
radio 17 7478
radio 17 7507
radio 17 8021
radio 17 8069
radio 17 8583
radio 17 8611
radio 17 9125
radio 17 9193
radio 17 9707
radio 17 9736
radio 17 10250
radio 17 10279
radio 17 10793
radio 17 10869
radio 17 11383
radio 17 11432
radio 17 11946
radio 17 12019
radio 17 12533
radio 17 12582
radio 17 13096
radio 17 13126
radio 17 13640
radio 17 13670
radio 17 14184
radio 17 14212
radio 17 14726
radio 17 14754
radio 17 15268
radio 17 15297
radio 17 15811
radio 17 15847
radio 17 16361
radio 17 16397
radio 17 16911
radio 17 16944
radio 17 17458
radio 17 17506
radio 17 18020
radio 17 18076
radio 17 18590
radio 17 18663
radio 17 19177
radio 17 19226
radio 17 19740
radio 17 19772
radio 17 20286
radio 17 20314
radio 17 20828
radio 17 20997
radio 17 21511
radio 17 21562
radio 17 22076
radio 17 22145
radio 17 22659
radio 17 22687
radio 17 23201
radio 17 23230
radio 17 23744
radio 17 23800
radio 17 24314
radio 17 24367
radio 17 24881
radio 17 24910
radio 17 25424
radio 17 25494
radio 17 26008
radio 17 26079
radio 17 26593
delay 28 24 17 26610 17 26714 9 16 7 0 247 0 0
radio 17 26618
radio 17 27132
radio 17 27233
radio 17 27747
radio 17 27771
radio 17 28285
radio 17 28314
radio 17 28828
radio 17 28904
radio 17 29418
radio 17 29467
radio 17 29981
radio 17 30049
radio 17 30563
radio 17 30611
radio 17 31125
radio 17 31155
radio 17 31669
radio 17 31697
radio 17 32211
radio 17 32259
radio 17 32773
radio 17 32806
radio 17 33320
radio 17 33356
radio 17 33870
radio 17 33898
radio 17 34412
radio 17 34460
radio 17 34974
radio 17 35007
radio 17 35521
radio 17 35557
radio 17 36071
radio 17 36179
radio 17 36693
radio 17 36764
radio 17 37278
radio 17 37327
radio 17 37841
radio 17 37871
radio 17 38385
radio 17 38415
radio 17 38929
radio 17 38957
radio 17 39471
radio 17 39500
radio 17 40014
radio 17 40063
radio 17 40577
radio 17 40628
radio 17 41142
radio 17 41172
radio 17 41686
radio 17 41734
radio 17 42248
radio 17 42304
radio 17 42818
radio 17 42890
radio 17 43404
radio 17 43513
radio 17 44027
radio 17 44058
radio 17 44572
radio 17 44628
radio 17 45142
radio 17 45194
radio 17 45708
radio 17 45781
radio 17 46295
radio 17 46344
radio 17 46858
delay 29 24 17 47095 17 47199 9 16 7 0 369 0 0
radio 17 47103
radio 17 47617
radio 17 47767
radio 17 48281
radio 17 48311
radio 17 48825
radio 17 48854
radio 17 49368
radio 17 49397
radio 17 49911
radio 17 49960
radio 17 50474
radio 17 50502
radio 17 51016
radio 17 51064
radio 17 51578
radio 17 51607
radio 17 52121
radio 17 52151
