Thread[Thread-1,5,main]tree 47 21 42 14 0 0
radio 7 13480
radio 7 13484
radio 7 13501
radio 7 14015
radio 7 14043
radio 7 14557
radio 7 14589
radio 7 15103
radio 7 15154
radio 7 15668
radio 7 15685
radio 7 16198
radio 7 16215
radio 7 16728
radio 7 16745
radio 7 17258
radio 7 17275
radio 7 17789
radio 7 17806
radio 7 18319
radio 7 18351
radio 7 18865
radio 7 18920
radio 7 19434
radio 7 19465
radio 7 19979
radio 7 19996
radio 7 20509
radio 7 20604
radio 7 21118
radio 7 21135
radio 7 21648
radio 7 21665
radio 7 22179
radio 7 22207
radio 7 22721
radio 7 22752
radio 7 23266
radio 7 23283
radio 7 23796
radio 7 23829
radio 7 24343
radio 7 24360
radio 7 24873
radio 7 24903
radio 7 25417
radio 7 25451
radio 7 25965
radio 7 26016
radio 7 26530
radio 7 26547
radio 7 27060
radio 7 27077
radio 7 27590
radio 7 27607
radio 7 28120
radio 7 28152
radio 7 28666
radio 7 28694
radio 7 29208
radio 7 29225
radio 7 29739
radio 7 29788
radio 7 30302
radio 7 30319
radio 7 30833
radio 7 30850
radio 7 31364
radio 7 31381
radio 7 31894
radio 7 31911
radio 7 32424
radio 7 32441
radio 7 32955
radio 7 32972
radio 7 33485
radio 7 33535
radio 7 34049
radio 7 34066
radio 7 34579
radio 7 34615
radio 7 35129
radio 7 35146
radio 7 35659
radio 7 35733
radio 7 36247
radio 7 36264
radio 7 36777
radio 7 36794
radio 7 37307
radio 7 37324
radio 7 37838
radio 7 37872
radio 7 38386
radio 7 38418
radio 7 38932
radio 7 38949
radio 7 39462
radio 7 39513
radio 7 40027
radio 7 40058
radio 7 40572
radio 7 40604
radio 7 41118
radio 7 41135
radio 7 41649
radio 7 41681
radio 7 42195
radio 7 42212
radio 7 42725
radio 7 42758
radio 7 43272
radio 7 43323
radio 7 43837
radio 7 43854
radio 7 44367
radio 7 44384
radio 7 44897
radio 7 44930
radio 7 45444
radio 7 45461
radio 7 45975
radio 7 46006
radio 7 46520
radio 7 46575
radio 7 47089
radio 7 47106
radio 7 47619
radio 7 47636
radio 7 48149
radio 7 48166
radio 7 48679
radio 7 48696
radio 7 49209
radio 7 49258
radio 7 49772
radio 7 49801
radio 7 50315
radio 7 50350
radio 7 50864
radio 7 50881
radio 7 51394
radio 7 51462
radio 7 51976
radio 7 52024
radio 7 52538
radio 7 52555
radio 7 53068
radio 7 53176
radio 7 53690
radio 7 53707
radio 7 54220
radio 7 54237
radio 7 54750
radio 7 54767
radio 7 55280
radio 7 55308
radio 7 55822
radio 7 55851
radio 7 56365
radio 7 56418
radio 7 56932
radio 7 56949
radio 7 57462
radio 7 57479
radio 7 57992
radio 7 58009
radio 7 58522
radio 7 58539
radio 7 59052
radio 7 59069
radio 7 59582
radio 7 59617
radio 7 60131
radio 7 60148
radio 7 60661
radio 7 60989
radio 7 61503
radio 7 61554
radio 7 62068
radio 7 62097
radio 7 62611
radio 7 62640
radio 7 63154
radio 7 63171
radio 7 63684
radio 7 63735
radio 7 64249
radio 7 64266
radio 7 64779
radio 7 64796
radio 7 65309
radio 7 65326
radio 8 303
radio 8 393
radio 8 906
radio 8 957
radio 8 1470
radio 8 1578
radio 8 2092
radio 8 2124
radio 8 2638
radio 8 2655
radio 8 3168
radio 8 3185
radio 8 3698
radio 8 3750
radio 8 4264
radio 8 4293
radio 8 4807
radio 8 4824
radio 8 5337
radio 8 5354
radio 8 5867
radio 8 5884
radio 8 6397
radio 8 6414
radio 8 6927
radio 8 6944
radio 8 7457
radio 8 7525
radio 8 8039
radio 8 8056
radio 8 8569
radio 8 8586
radio 8 9099
radio 8 9116
energy 8 9396 7 16401
radio 8 9629
radio 8 9660
radio 8 10174
radio 8 10191
radio 8 10704
radio 8 10721
radio 8 11234
radio 8 11251
radio 8 11764
radio 8 11781
radio 8 12294
radio 8 12311
radio 8 12824
radio 8 12873
radio 8 13387
radio 8 13404
radio 8 13917
radio 8 13934
radio 8 14447
radio 8 14464
radio 8 14977
radio 8 15013
radio 8 15527
radio 8 15544
radio 8 16057
radio 8 16074
radio 8 16587
radio 8 16622
radio 8 17136
radio 8 17153
radio 8 17666
radio 8 17697
radio 8 18211
radio 8 18228
radio 8 18741
radio 8 18776
radio 8 19290
radio 8 19324
radio 8 19838
radio 8 19870
radio 8 20384
radio 8 20401
radio 8 20915
radio 8 20932
radio 8 21445
radio 8 21478
radio 8 21992
radio 8 22028
radio 8 22542
radio 8 22559
radio 8 23072
radio 8 23089
radio 8 23602
radio 8 23672
radio 8 24186
radio 8 24203
radio 8 24716
radio 8 24733
radio 8 25246
radio 8 25263
radio 8 25776
radio 8 25812
radio 8 26326
radio 8 26343
radio 8 26856
radio 8 26886
radio 8 27400
radio 8 27435
radio 8 27949
radio 8 27966
radio 8 28479
radio 8 28527
radio 8 29041
radio 8 29070
radio 8 29584
radio 8 29601
radio 8 30114
radio 8 30131
radio 8 30644
radio 8 30661
radio 8 31174
radio 8 31227
radio 8 31741
radio 8 31758
radio 8 32271
radio 8 32288
radio 8 32801
radio 8 32818
radio 8 33332
radio 8 33349
radio 8 33862
radio 8 33879
radio 8 34393
radio 8 34424
radio 8 34938
radio 8 34955
radio 8 35468
radio 8 35485
radio 8 35998
radio 8 36053
radio 8 36567
radio 8 36598
radio 8 37112
radio 8 37141
radio 8 37655
radio 8 37672
radio 8 38185
radio 8 38215
radio 8 38729
radio 8 38800
radio 8 39314
radio 8 39331
radio 8 39844
radio 8 39872
radio 8 40386
radio 8 40420
radio 8 40934
radio 8 40962
radio 8 41476
radio 8 41493
radio 8 42006
radio 8 42023
radio 8 42536
delay 0 12 8 42614 8 43059 9 16 7 0 180 1 0
radio 8 42621
radio 8 43136
radio 8 43185
radio 8 43698
radio 8 43714
radio 8 44227
radio 8 44244
radio 8 44757
radio 8 44774
radio 8 45288
radio 8 45305
radio 8 45818
radio 8 45835
radio 8 46348
radio 8 46365
radio 8 46878
radio 8 46895
radio 8 47408
radio 8 47476
radio 8 47990
radio 8 48020
radio 8 48534
radio 8 48551
radio 8 49064
radio 8 49093
radio 8 49607
radio 8 49624
radio 8 50137
radio 8 50168
radio 8 50682
radio 8 50734
radio 8 51248
radio 8 51265
radio 8 51778
radio 8 51812
radio 8 52326
radio 8 52356
radio 8 52870
radio 8 52898
radio 8 53412
radio 8 53460
radio 8 53974
radio 8 54022
radio 8 54536
radio 8 54569
radio 8 55083
radio 8 55137
radio 8 55651
radio 8 55668
radio 8 56181
radio 8 56276
radio 8 56790
radio 8 56807
radio 8 57320
radio 8 57337
radio 8 57851
radio 8 57880
radio 8 58394
radio 8 58482
radio 8 58996
radio 8 59031
radio 8 59545
radio 8 59562
radio 8 60075
radio 8 60092
radio 8 60605
radio 8 60622
radio 8 61135
radio 8 61152
radio 8 61665
radio 8 61696
radio 8 62210
radio 8 62227
radio 8 62740
radio 8 62791
radio 8 63305
delay 1 18 8 63320 8 63567 18 16 65535 0 294 0 0
radio 8 63328
radio 8 63842
radio 8 63920
radio 8 64433
radio 8 64535
radio 8 65048
radio 8 65080
radio 9 58
radio 9 75
radio 9 588
radio 9 605
radio 9 1118
radio 9 1135
radio 9 1648
radio 9 1665
radio 9 2178
radio 9 2195
radio 9 2708
radio 9 2763
radio 9 3277
radio 9 3294
radio 9 3807
radio 9 3843
radio 9 4357
radio 9 4374
radio 9 4887
radio 9 4936
energy 9 5300 7 18994
radio 9 5450
radio 9 5467
radio 9 5980
radio 9 5997
radio 9 6510
radio 9 6527
radio 9 7040
radio 9 7108
radio 9 7622
radio 9 7639
radio 9 8152
radio 9 8169
radio 9 8682
radio 9 8712
radio 9 9226
radio 9 9243
radio 9 9756
radio 9 9809
radio 9 10323
radio 9 10359
radio 9 10873
radio 9 10890
radio 9 11404
radio 9 11421
radio 9 11935
radio 9 11968
radio 9 12482
radio 9 12499
radio 9 13012
radio 9 13029
radio 9 13542
radio 9 13573
radio 9 14087
radio 9 14119
radio 9 14633
radio 9 14650
radio 9 15163
radio 9 15180
radio 9 15694
radio 9 15711
radio 9 16224
radio 9 16241
radio 9 16754
radio 9 16771
radio 9 17284
radio 9 17301
radio 9 17814
radio 9 17845
radio 9 18359
delay 2 48 9 18412 9 18205 9 16 7 0 64 1 0
radio 9 18421
radio 9 18934
radio 9 18955
radio 9 19469
radio 9 19551
radio 9 20065
radio 9 20116
radio 9 20630
radio 9 20660
radio 9 21174
radio 9 21206
radio 9 21720
radio 9 21752
radio 9 22266
radio 9 22316
radio 9 22830
radio 9 22847
radio 9 23360
radio 9 23377
radio 9 23890
radio 9 23907
radio 9 24420
radio 9 24450
radio 9 24964
radio 9 24981
radio 9 25494
radio 9 25530
radio 9 26044
radio 9 26093
radio 9 26607
radio 9 26624
radio 9 27137
radio 9 27154
radio 9 27668
radio 9 27685
radio 9 28198
radio 9 28215
radio 9 28728
radio 9 28745
radio 9 29258
radio 9 29275
radio 9 29788
radio 9 29805
radio 9 30318
radio 9 30335
radio 9 30848
radio 9 30865
radio 9 31378
radio 9 31407
radio 9 31921
radio 9 31951
radio 9 32465
radio 9 32493
radio 9 33007
radio 9 33041
radio 9 33555
radio 9 33603
radio 9 34117
radio 9 34167
radio 9 34681
radio 9 34698
radio 9 35212
radio 9 35242
radio 9 35756
radio 9 35786
radio 9 36300
radio 9 36336
radio 9 36850
radio 9 36883
radio 9 37397
radio 9 37431
radio 9 37945
radio 9 37962
radio 9 38475
delay 3 48 9 38750 9 38543 9 16 7 0 87 1 0
radio 9 38759
radio 9 39273
radio 9 39292
radio 9 39806
radio 9 39858
radio 9 40372
radio 9 40389
radio 9 40902
radio 9 40919
radio 9 41433
radio 9 41450
radio 9 41963
radio 9 41995
radio 9 42509
radio 9 42537
radio 9 43051
radio 9 43085
radio 9 43599
radio 9 43616
radio 9 44129
radio 9 44146
radio 9 44659
radio 9 44676
radio 9 45189
radio 9 45218
radio 9 45732
radio 9 45762
radio 9 46276
radio 9 46331
radio 9 46845
radio 9 46877
radio 9 47391
radio 9 47419
radio 9 47933
radio 9 47950
radio 9 48463
radio 9 48533
radio 9 49047
radio 9 49064
radio 9 49577
radio 9 49594
radio 9 50107
radio 9 50143
radio 9 50657
radio 9 50674
radio 9 51187
radio 9 51204
radio 9 51717
radio 9 51734
radio 9 52247
radio 9 52343
radio 9 52857
radio 9 52951
radio 9 53465
radio 9 53482
radio 9 53995
radio 9 54012
radio 9 54525
radio 9 54557
radio 9 55071
radio 9 55088
radio 9 55602
radio 9 55619
radio 9 56132
radio 9 56187
radio 9 56701
radio 9 56718
radio 9 57231
radio 9 57342
radio 9 57856
radio 9 57905
radio 9 58419
radio 9 58436
radio 9 58949
delay 4 12 9 59110 9 59554 9 16 7 0 316 0 0
radio 9 59119
radio 9 59632
radio 9 59724
radio 9 60238
radio 9 60372
radio 9 60886
radio 9 60937
radio 9 61451
radio 9 61504
radio 9 62018
radio 9 62035
radio 9 62548
radio 9 62584
radio 9 63098
radio 9 63126
radio 9 63640
radio 9 63668
radio 9 64182
radio 9 64230
radio 9 64744
radio 9 64774
radio 9 65288
radio 9 65339
radio 10 317
radio 10 390
radio 10 904
radio 10 953
energy 10 1204 7 22300
radio 10 1467
radio 10 1500
radio 10 2014
radio 10 2050
radio 10 2564
radio 10 2652
radio 10 3166
radio 10 3200
radio 10 3714
radio 10 3749
radio 10 4263
radio 10 4312
radio 10 4826
radio 10 4855
radio 10 5369
radio 10 5439
radio 10 5953
radio 10 5984
radio 10 6498
radio 10 6529
radio 10 7043
radio 10 7074
radio 10 7588
radio 10 7636
radio 10 8150
radio 10 8185
radio 10 8699
radio 10 8735
radio 10 9249
radio 10 9277
radio 10 9791
radio 10 9839
radio 10 10353
radio 10 10386
radio 10 10900
radio 10 10936
radio 10 11450
radio 10 11546
radio 10 12060
radio 10 12114
radio 10 12628
radio 10 12661
radio 10 13175
radio 10 13211
radio 10 13725
radio 10 13759
radio 10 14273
delay 5 48 10 14423 10 14216 9 16 7 0 83 0 0
radio 10 14431
radio 10 14945
radio 10 14990
radio 10 15504
radio 10 15535
radio 10 16049
radio 10 16077
radio 10 16591
radio 10 16619
radio 10 17133
radio 10 17162
radio 10 17676
radio 10 17792
radio 10 18306
radio 10 18336
radio 10 18850
radio 10 18886
radio 10 19400
radio 10 19428
radio 10 19942
radio 10 19978
radio 10 20492
radio 10 20521
radio 10 21035
radio 10 21091
radio 10 21605
radio 10 21677
radio 10 22191
radio 10 22241
radio 10 22755
radio 10 22787
radio 10 23301
radio 10 23329
radio 10 23843
radio 10 23891
radio 10 24405
radio 10 24422
radio 10 24936
radio 10 24965
radio 10 25479
radio 10 25496
radio 10 26010
radio 10 26038
radio 10 26552
radio 10 26569
radio 10 27083
radio 10 27139
radio 10 27653
radio 10 27670
radio 10 28184
radio 10 28218
radio 10 28732
radio 10 28762
radio 10 29276
radio 10 29312
radio 10 29826
radio 10 29843
radio 10 30357
radio 10 30374
radio 10 30888
radio 10 30905
radio 10 31419
radio 10 31436
radio 10 31950
radio 10 31980
radio 10 32494
radio 10 32528
radio 10 33042
radio 10 33078
radio 10 33592
radio 10 33624
radio 10 34138
radio 10 34190
radio 10 34704
delay 6 48 10 34770 10 34563 9 16 7 0 46 1 0
radio 10 34778
radio 10 35292
radio 10 35364
radio 10 35878
radio 10 35911
radio 10 36425
radio 10 36475
radio 10 36989
radio 10 37006
radio 10 37520
radio 10 37551
radio 10 38065
radio 10 38082
radio 10 38596
radio 10 38613
radio 10 39127
radio 10 39144
radio 10 39658
radio 10 39675
radio 10 40189
radio 10 40243
radio 10 40757
radio 10 40790
radio 10 41304
radio 10 41340
radio 10 41854
radio 10 41871
radio 10 42385
radio 10 42416
radio 10 42930
radio 10 42966
radio 10 43480
radio 10 43516
radio 10 44030
radio 10 44058
radio 10 44572
radio 10 44620
radio 10 45134
radio 10 45182
radio 10 45696
radio 10 45725
radio 10 46239
radio 10 46268
radio 10 46782
radio 10 46799
radio 10 47313
radio 10 47344
radio 10 47858
radio 10 47926
radio 10 48440
radio 10 48468
radio 10 48982
radio 10 49091
radio 10 49605
radio 10 49655
radio 10 50169
radio 10 50199
radio 10 50713
radio 10 50761
radio 10 51275
radio 10 51292
radio 10 51806
radio 10 51834
radio 10 52348
radio 10 52376
radio 10 52890
radio 10 52978
radio 10 53492
radio 10 53703
radio 10 54217
radio 10 54291
radio 10 54805
delay 7 48 10 55131 10 54924 9 16 7 0 33 0 0
radio 10 55139
radio 10 55653
radio 10 55695
radio 10 56209
radio 10 56266
radio 10 56779
radio 10 56809
radio 10 57323
radio 10 57340
radio 10 57854
radio 10 57871
radio 10 58385
radio 10 58414
radio 10 58928
radio 10 58958
radio 10 59472
radio 10 59489
radio 10 60003
radio 10 60020
radio 10 60534
radio 10 60586
radio 10 61100
radio 10 61153
radio 10 61667
radio 10 61780
radio 10 62294
radio 10 62344
energy 10 62644 7 26491
radio 10 62858
radio 10 62890
radio 10 63404
radio 10 63452
radio 10 63966
radio 10 64099
radio 10 64613
radio 10 64630
radio 10 65144
radio 10 65174
radio 11 152
radio 11 169
radio 11 682
radio 11 699
radio 11 1212
radio 11 1247
radio 11 1761
radio 11 1778
radio 11 2292
radio 11 2323
radio 11 2837
radio 11 2854
radio 11 3367
radio 11 3384
radio 11 3897
radio 11 3989
radio 11 4503
radio 11 4531
radio 11 5045
radio 11 5093
radio 11 5607
radio 11 5624
radio 11 6137
radio 11 6154
radio 11 6667
radio 11 6684
radio 11 7197
radio 11 7214
radio 11 7727
radio 11 7760
radio 11 8274
radio 11 8310
radio 11 8824
radio 11 8892
radio 11 9406
radio 11 9423
radio 11 9936
delay 8 48 11 10042 11 9835 9 16 7 0 241 0 0
radio 11 10050
radio 11 10564
radio 11 10690
radio 11 11204
radio 11 11339
radio 11 11853
radio 11 11870
radio 11 12384
radio 11 12458
radio 11 12972
radio 11 13022
radio 11 13536
radio 11 13553
radio 11 14067
radio 11 14139
radio 11 14653
radio 11 14670
radio 11 15184
radio 11 15217
radio 11 15731
radio 11 15759
radio 11 16273
radio 11 16301
radio 11 16815
radio 11 16863
radio 11 17377
radio 11 17410
radio 11 17924
radio 11 17960
radio 11 18474
radio 11 18491
radio 11 19005
radio 11 19061
radio 11 19575
radio 11 19611
radio 11 20125
radio 11 20153
radio 11 20667
radio 11 20684
radio 11 21198
radio 11 21229
radio 11 21743
radio 11 21793
radio 11 22307
radio 11 22355
radio 11 22869
radio 11 22886
radio 11 23400
radio 11 23417
radio 11 23931
radio 11 23964
radio 11 24478
radio 11 24495
radio 11 25009
radio 11 25026
radio 11 25540
radio 11 25594
radio 11 26108
radio 11 26157
radio 11 26671
radio 11 26704
radio 11 27218
radio 11 27246
radio 11 27760
radio 11 27777
radio 11 28291
radio 11 28308
radio 11 28822
radio 11 28850
radio 11 29364
radio 11 29394
radio 11 29908
radio 11 29925
radio 11 30439
delay 9 48 11 30457 11 30250 9 16 7 0 276 0 0
radio 11 30465
radio 11 30979
radio 11 30998
radio 11 31511
radio 11 31528
radio 11 32041
radio 11 32069
radio 11 32583
radio 11 32600
radio 11 33114
radio 11 33144
radio 11 33658
radio 11 33687
radio 11 34201
radio 11 34232
radio 11 34746
radio 11 34778
radio 11 35292
radio 11 35309
radio 11 35823
radio 11 35840
radio 11 36354
radio 11 36371
radio 11 36885
radio 11 36916
radio 11 37430
radio 11 37447
radio 11 37961
radio 11 37990
radio 11 38504
radio 11 38533
radio 11 39047
radio 11 39095
radio 11 39609
radio 11 39626
radio 11 40140
radio 11 40176
radio 11 40690
radio 11 40766
radio 11 41280
radio 11 41309
radio 11 41823
radio 11 41871
radio 11 42385
radio 11 42418
radio 11 42932
radio 11 42968
radio 11 43482
radio 11 43536
radio 11 44050
radio 11 44205
radio 11 44719
radio 11 44787
radio 11 45301
radio 11 45412
radio 11 45926
radio 11 46034
radio 11 46548
radio 11 46565
radio 11 47079
radio 11 47096
radio 11 47610
radio 11 47627
radio 11 48141
radio 11 48215
radio 11 48729
radio 11 48783
radio 11 49297
radio 11 49406
radio 11 49920
radio 11 49995
radio 11 50509
radio 11 50558
radio 11 51072
delay 10 48 11 51270 11 51063 9 16 7 0 47 1 0
radio 11 51278
radio 11 51792
radio 11 51894
radio 11 52408
radio 11 52425
radio 11 52939
radio 11 52970
radio 11 53484
radio 11 53501
radio 11 54015
radio 11 54144
radio 11 54658
radio 11 54675
radio 11 55189
radio 11 55206
radio 11 55720
radio 11 55770
radio 11 56284
radio 11 56301
radio 11 56815
radio 11 56848
radio 11 57362
radio 11 57391
radio 11 57905
radio 11 57922
radio 11 58436
radio 11 58487
energy 11 58548 7 30448
radio 11 59001
radio 11 59018
radio 11 59532
radio 11 59549
radio 11 60063
radio 11 60092
radio 11 60606
radio 11 60654
radio 11 61168
radio 11 61203
radio 11 61717
radio 11 61734
radio 11 62248
radio 11 62265
radio 11 62779
radio 11 62830
radio 11 63344
radio 11 63394
radio 11 63908
radio 11 63937
radio 11 64451
radio 11 64503
radio 11 65017
radio 11 65034
radio 12 12
radio 12 86
radio 12 599
radio 12 632
radio 12 1146
radio 12 1163
radio 12 1676
radio 12 1711
radio 12 2225
radio 12 2242
radio 12 2755
radio 12 2785
radio 12 3299
radio 12 3328
radio 12 3842
radio 12 3859
radio 12 4372
radio 12 4422
radio 12 4936
radio 12 4953
radio 12 5466
radio 12 5483
radio 12 5996
delay 11 48 12 6020 12 5814 9 16 7 0 407 0 0
radio 12 6030
radio 12 6543
radio 12 6934
radio 12 7448
radio 12 7465
radio 12 7978
radio 12 8006
radio 12 8520
radio 12 8571
radio 12 9085
radio 12 9102
radio 12 9615
radio 12 9648
radio 12 10162
radio 12 10179
radio 12 10693
radio 12 10710
radio 12 11224
radio 12 11241
radio 12 11755
radio 12 11772
radio 12 12286
radio 12 12303
radio 12 12817
radio 12 12846
radio 12 13360
radio 12 13408
radio 12 13922
radio 12 13978
radio 12 14492
radio 12 14522
radio 12 15036
radio 12 15086
radio 12 15600
radio 12 15617
radio 12 16131
radio 12 16148
radio 12 16662
radio 12 16679
radio 12 17193
radio 12 17222
radio 12 17736
radio 12 17753
radio 12 18267
radio 12 18284
radio 12 18798
radio 12 18852
radio 12 19366
radio 12 19400
radio 12 19914
radio 12 19945
radio 12 20459
radio 12 20476
radio 12 20990
radio 12 21007
radio 12 21521
radio 12 21538
radio 12 22052
radio 12 22103
radio 12 22617
radio 12 22634
radio 12 23148
radio 12 23165
radio 12 23679
radio 12 23707
radio 12 24221
radio 12 24252
radio 12 24766
radio 12 24783
radio 12 25297
radio 12 25346
radio 12 25860
radio 12 25914
radio 12 26428
delay 12 42 12 26478 12 26410 7 16 9 0 42 0 0
radio 12 26488
radio 12 27001
radio 12 27018
radio 12 27531
radio 12 27585
radio 12 28098
radio 12 28135
radio 12 28649
radio 12 28680
radio 12 29194
radio 12 29222
radio 12 29736
radio 12 29772
radio 12 30286
radio 12 30321
radio 12 30835
radio 12 30863
radio 12 31377
radio 12 31407
radio 12 31921
radio 12 31949
radio 12 32463
radio 12 32480
radio 12 32994
radio 12 33045
radio 12 33559
radio 12 33576
radio 12 34090
radio 12 34126
radio 12 34640
radio 12 34695
radio 12 35209
radio 12 35226
radio 12 35740
radio 12 35770
radio 12 36284
radio 12 36337
radio 12 36851
radio 12 36880
radio 12 37394
radio 12 37424
radio 12 37938
radio 12 37967
radio 12 38481
radio 12 38511
radio 12 39025
radio 12 39042
radio 12 39556
radio 12 39573
radio 12 40087
radio 12 40141
radio 12 40655
radio 12 40705
radio 12 41219
radio 12 41449
radio 12 41963
radio 12 41991
radio 12 42505
radio 12 42577
radio 12 43091
radio 12 43182
radio 12 43696
radio 12 43713
radio 12 44227
radio 12 44256
radio 12 44770
radio 12 44799
radio 12 45313
radio 12 45522
radio 12 46036
radio 12 46053
radio 12 46567
radio 12 46749
radio 12 47263
delay 13 42 12 47417 12 47349 7 16 9 0 546 0 0
radio 12 47425
radio 12 47940
radio 12 47970
radio 12 48484
radio 12 48535
radio 12 49048
radio 12 49077
radio 12 49591
radio 12 49608
radio 12 50122
radio 12 50139
radio 12 50653
radio 12 50707
radio 12 51221
radio 12 51238
radio 12 51752
radio 12 51784
radio 12 52298
radio 12 52331
radio 12 52845
radio 12 52862
radio 12 53376
radio 12 53393
radio 12 53907
radio 12 53924
radio 12 54438
energy 12 54455 7 34219
radio 12 54461
radio 12 54975
radio 12 55004
radio 12 55518
radio 12 55548
radio 12 56062
radio 12 56079
radio 12 56593
radio 12 56610
radio 12 57124
radio 12 57155
radio 12 57669
radio 12 57686
radio 12 58200
radio 12 58217
radio 12 58731
radio 12 58804
radio 12 59318
radio 12 59373
radio 12 59887
radio 12 59960
radio 12 60474
radio 12 60523
radio 12 61037
radio 12 61054
radio 12 61568
radio 12 61585
radio 12 62099
radio 12 62129
radio 12 62643
radio 12 62692
radio 12 63206
radio 12 63223
radio 12 63737
radio 12 63769
radio 12 64283
radio 12 64300
radio 12 64814
radio 12 64864
radio 12 65378
radio 12 65395
radio 13 373
radio 13 390
radio 13 903
radio 13 935
radio 13 1449
radio 13 1466
radio 13 1979
delay 14 48 13 2022 13 1816 9 16 7 0 290 0 0
radio 13 2030
radio 13 2545
radio 13 2565
radio 13 3078
radio 13 3131
radio 13 3645
radio 13 3674
radio 13 4188
radio 13 4205
radio 13 4718
radio 13 4747
radio 13 5261
radio 13 5334
radio 13 5848
radio 13 5896
radio 13 6410
radio 13 6481
radio 13 6995
radio 13 7012
radio 13 7525
radio 13 7542
radio 13 8055
radio 13 8072
radio 13 8585
radio 13 8614
radio 13 9128
radio 13 9145
radio 13 9659
radio 13 9688
radio 13 10202
radio 13 10231
radio 13 10745
radio 13 10762
radio 13 11276
radio 13 11307
radio 13 11821
radio 13 11853
radio 13 12367
radio 13 12384
radio 13 12898
radio 13 12915
radio 13 13429
radio 13 13458
radio 13 13972
radio 13 14005
radio 13 14519
radio 13 14536
radio 13 15050
radio 13 15081
radio 13 15595
radio 13 15645
radio 13 16159
radio 13 16235
radio 13 16749
radio 13 16766
radio 13 17280
radio 13 17297
radio 13 17811
radio 13 17828
radio 13 18342
radio 13 18373
radio 13 18887
radio 13 18958
radio 13 19472
radio 13 19520
radio 13 20034
radio 13 20065
radio 13 20579
radio 13 20609
radio 13 21123
radio 13 21156
radio 13 21670
radio 13 21726
radio 13 22240
delay 15 24 13 22256 13 22232 9 16 7 0 91 1 0
radio 13 22264
radio 13 22778
radio 13 22956
radio 13 23470
radio 13 23487
radio 13 24001
radio 13 24050
radio 13 24564
radio 13 24581
radio 13 25095
radio 13 25206
radio 13 25720
radio 13 25749
radio 13 26263
radio 13 26294
radio 13 26808
radio 13 26863
radio 13 27377
radio 13 27394
radio 13 27908
radio 13 28020
radio 13 28534
radio 13 28607
radio 13 29121
radio 13 29169
radio 13 29683
radio 13 29700
radio 13 30214
radio 13 30231
radio 13 30745
radio 13 30762
radio 13 31276
radio 13 31293
radio 13 31807
radio 13 31861
radio 13 32375
radio 13 32392
radio 13 32906
radio 13 32923
radio 13 33437
radio 13 33454
radio 13 33968
radio 13 33985
radio 13 34499
radio 13 34532
radio 13 35046
radio 13 35063
radio 13 35577
radio 13 35607
radio 13 36121
radio 13 36214
radio 13 36728
radio 13 36745
radio 13 37259
radio 13 37314
radio 13 37828
radio 13 37845
radio 13 38359
radio 13 38468
radio 13 38982
radio 13 39171
radio 13 39685
radio 13 39702
radio 13 40216
radio 13 40233
radio 13 40747
radio 13 40776
radio 13 41290
radio 13 41307
radio 13 41821
radio 13 41970
radio 13 42484
radio 13 42553
radio 13 43067
delay 16 48 13 43206 13 43000 9 16 7 0 528 0 0
radio 13 43214
radio 13 43729
radio 13 43746
radio 13 44260
radio 13 44277
radio 13 44791
radio 13 44862
radio 13 45376
radio 13 45393
radio 13 45907
radio 13 45924
radio 13 46438
radio 13 46513
radio 13 47027
radio 13 47060
radio 13 47574
radio 13 47591
radio 13 48105
radio 13 48122
radio 13 48636
radio 13 48667
radio 13 49181
radio 13 49198
radio 13 49712
radio 13 49742
radio 13 50256
radio 13 50312
energy 13 50356 7 37899
radio 13 50826
radio 13 50879
radio 13 51393
radio 13 51410
radio 13 51924
radio 13 51993
radio 13 52507
radio 13 52524
radio 13 53038
radio 13 53055
radio 13 53569
radio 13 53586
radio 13 54100
radio 13 54131
radio 13 54645
radio 13 54662
radio 13 55176
radio 13 55207
radio 13 55721
radio 13 55772
radio 13 56286
radio 13 56318
radio 13 56832
radio 13 56849
radio 13 57363
radio 13 57393
radio 13 57907
radio 13 57958
radio 13 58472
radio 13 58501
radio 13 59015
radio 13 59032
radio 13 59546
radio 13 59563
radio 13 60077
radio 13 60094
radio 13 60608
radio 13 60625
radio 13 61139
radio 13 61156
radio 13 61670
radio 13 61687
radio 13 62201
radio 13 62237
radio 13 62751
radio 13 62779
radio 13 63293
delay 17 48 13 63411 13 63205 9 16 7 0 331 0 0
radio 13 63419
radio 13 63934
radio 13 64249
radio 13 64763
radio 13 64780
radio 13 65294
radio 13 65348
radio 14 326
radio 14 355
radio 14 869
radio 14 897
radio 14 1411
radio 14 1443
radio 14 1957
radio 14 2008
radio 14 2522
radio 14 2539
radio 14 3052
radio 14 3085
radio 14 3599
radio 14 3616
radio 14 4129
radio 14 4183
radio 14 4697
radio 14 4729
radio 14 5243
radio 14 5271
radio 14 5785
radio 14 5853
radio 14 6367
radio 14 6384
radio 14 6897
radio 14 6929
radio 14 7443
radio 14 7460
radio 14 7973
radio 14 8006
radio 14 8520
radio 14 8537
radio 14 9050
radio 14 9079
radio 14 9593
radio 14 9626
radio 14 10140
radio 14 10157
radio 14 10671
radio 14 10688
radio 14 11202
radio 14 11219
radio 14 11733
radio 14 11750
radio 14 12264
radio 14 12297
radio 14 12811
radio 14 12828
radio 14 13342
radio 14 13359
radio 14 13873
radio 14 13890
radio 14 14404
radio 14 14439
radio 14 14953
radio 14 14970
radio 14 15484
radio 14 15501
radio 14 16015
radio 14 16032
radio 14 16546
radio 14 16576
radio 14 17090
radio 14 17107
radio 14 17621
radio 14 17638
radio 14 18152
delay 18 48 14 18195 14 17989 9 16 7 0 227 0 0
radio 14 18203
radio 14 18718
radio 14 18869
radio 14 19382
radio 14 19399
radio 14 19913
radio 14 19930
radio 14 20444
radio 14 20461
radio 14 20975
radio 14 21003
radio 14 21517
radio 14 21548
radio 14 22062
radio 14 22114
radio 14 22628
radio 14 22660
radio 14 23174
radio 14 23262
radio 14 23776
radio 14 23808
radio 14 24322
radio 14 24339
radio 14 24853
radio 14 24870
radio 14 25384
radio 14 25401
radio 14 25915
radio 14 25932
radio 14 26446
radio 14 26463
radio 14 26977
radio 14 27009
radio 14 27523
radio 14 27552
radio 14 28066
radio 14 28083
radio 14 28597
radio 14 28614
radio 14 29128
radio 14 29161
radio 14 29675
radio 14 29711
radio 14 30225
radio 14 30260
radio 14 30774
radio 14 30803
radio 14 31317
radio 14 31345
radio 14 31859
radio 14 32147
radio 14 32661
radio 14 32752
radio 14 33266
radio 14 33298
radio 14 33812
radio 14 33842
radio 14 34356
radio 14 34384
radio 14 34898
radio 14 34946
radio 14 35460
radio 14 35531
radio 14 36045
radio 14 36096
radio 14 36610
radio 14 36683
radio 14 37197
radio 14 37246
radio 14 37760
radio 14 37792
radio 14 38306
delay 19 18 14 38326 14 38573 18 16 65535 0 65535 0 0
radio 14 38334
radio 14 38849
radio 14 38865
radio 14 39379
radio 14 39606
radio 14 40120
radio 14 40150
radio 14 40664
radio 14 40720
radio 14 41234
radio 14 41267
radio 14 41781
radio 14 41811
radio 14 42325
radio 14 42356
radio 14 42870
radio 14 42898
radio 14 43412
radio 14 43429
radio 14 43943
radio 14 43998
radio 14 44512
radio 14 44529
radio 14 45043
radio 14 45060
radio 14 45574
radio 14 45604
radio 14 46118
radio 14 46135
energy 14 46260 7 41533
radio 14 46649
radio 14 46684
radio 14 47198
radio 14 47215
radio 14 47729
radio 14 47797
radio 14 48311
radio 14 48363
radio 14 48877
radio 14 48952
radio 14 49466
radio 14 49517
radio 14 50031
radio 14 50082
radio 14 50596
radio 14 50613
radio 14 51127
radio 14 51144
radio 14 51658
radio 14 51675
radio 14 52189
radio 14 52241
radio 14 52755
radio 14 52772
radio 14 53286
radio 14 53303
radio 14 53817
radio 14 53834
radio 14 54348
radio 14 54403
radio 14 54917
radio 14 54953
radio 14 55467
radio 14 55498
radio 14 56012
radio 14 56029
radio 14 56543
radio 14 56560
radio 14 57074
radio 14 57091
radio 14 57605
radio 14 57661
radio 14 58175
radio 14 58209
radio 14 58723
radio 14 58740
radio 14 59254
delay 20 48 14 59297 14 59091 9 16 7 0 180 1 0
radio 14 59305
radio 14 59820
radio 14 60029
radio 14 60543
radio 14 60577
radio 14 61091
radio 14 61261
radio 14 61775
radio 14 61792
radio 14 62306
radio 14 62376
radio 14 62890
radio 14 62907
radio 14 63421
radio 14 63438
radio 14 63952
radio 14 63969
radio 14 64483
radio 14 64500
radio 14 65014
radio 14 65031
radio 15 9
radio 15 26
radio 15 539
radio 15 556
radio 15 1069
radio 15 1086
radio 15 1599
radio 15 1634
radio 15 2148
radio 15 2165
radio 15 2678
radio 15 2695
radio 15 3208
radio 15 3236
radio 15 3750
radio 15 3801
radio 15 4315
radio 15 4384
radio 15 4898
radio 15 4947
radio 15 5461
radio 15 5490
radio 15 6004
radio 15 6036
radio 15 6550
radio 15 6567
radio 15 7080
radio 15 7097
radio 15 7610
radio 15 7627
radio 15 8140
radio 15 8157
radio 15 8670
radio 15 8721
radio 15 9235
radio 15 9252
radio 15 9765
radio 15 9782
radio 15 10295
radio 15 10312
radio 15 10826
radio 15 10862
radio 15 11376
radio 15 11409
radio 15 11923
radio 15 11951
radio 15 12465
radio 15 12496
radio 15 13010
radio 15 13027
radio 15 13541
radio 15 13558
radio 15 14072
delay 21 42 15 14232 15 14164 7 16 9 0 327 0 0
radio 15 14240
radio 15 14755
radio 15 14889
radio 15 15403
radio 15 15420
radio 15 15934
radio 15 16085
radio 15 16599
radio 15 16629
radio 15 17143
radio 15 17160
radio 15 17674
radio 15 17705
radio 15 18219
radio 15 18267
radio 15 18781
radio 15 18811
radio 15 19325
radio 15 19342
radio 15 19856
radio 15 19873
radio 15 20387
radio 15 20457
radio 15 20971
radio 15 20988
radio 15 21502
radio 15 21533
radio 15 22047
radio 15 22075
radio 15 22589
radio 15 22637
radio 15 23151
radio 15 23184
radio 15 23698
radio 15 23734
radio 15 24248
radio 15 24276
radio 15 24790
radio 15 24838
radio 15 25352
radio 15 25385
radio 15 25899
radio 15 25933
radio 15 26447
radio 15 26464
radio 15 26978
radio 15 27011
radio 15 27525
radio 15 27593
radio 15 28107
radio 15 28156
radio 15 28670
radio 15 28719
radio 15 29233
radio 15 29282
radio 15 29796
radio 15 29868
radio 15 30382
radio 15 30431
radio 15 30945
radio 15 30996
radio 15 31510
radio 15 31539
radio 15 32053
radio 15 32107
radio 15 32621
radio 15 32693
radio 15 33207
radio 15 33297
radio 15 33811
radio 15 33839
radio 15 34353
delay 22 22 15 34440 15 34530 14 16 2 0 70 1 0
radio 15 34448
radio 15 34962
radio 15 34984
radio 15 35498
radio 15 35544
radio 15 36058
radio 15 36086
radio 15 36600
radio 15 36628
radio 15 37142
radio 15 37271
radio 15 37785
radio 15 37938
radio 15 38452
radio 15 38546
radio 15 39060
radio 15 39092
radio 15 39606
radio 15 39656
radio 15 40170
radio 15 40187
radio 15 40701
radio 15 40750
radio 15 41264
radio 15 41293
radio 15 41807
radio 15 41861
energy 15 42164 7 45590
radio 15 42375
radio 15 42404
radio 15 42918
radio 15 42935
radio 15 43449
radio 15 43466
radio 15 43980
radio 15 44030
radio 15 44544
radio 15 44561
radio 15 45075
radio 15 45092
radio 15 45606
radio 15 45640
radio 15 46154
radio 15 46171
radio 15 46685
radio 15 46718
radio 15 47232
radio 15 47261
radio 15 47775
radio 15 47811
radio 15 48325
radio 15 48354
radio 15 48868
radio 15 48899
radio 15 49413
radio 15 49443
radio 15 49957
radio 15 49987
radio 15 50501
radio 15 50518
radio 15 51032
radio 15 51049
radio 15 51563
radio 15 51580
radio 15 52094
radio 15 52111
radio 15 52625
radio 15 52642
radio 15 53156
radio 15 53173
radio 15 53687
radio 15 53704
radio 15 54218
radio 15 54235
radio 15 54749
delay 23 19 15 54792 15 55026 18 16 65535 0 70 1 0
radio 15 54800
radio 15 55315
radio 15 55332
radio 15 55846
radio 15 55915
radio 15 56429
radio 15 56501
radio 15 57015
radio 15 57086
radio 15 57600
radio 15 57617
radio 15 58131
radio 15 58182
radio 15 58696
radio 15 58731
radio 15 59245
radio 15 59280
radio 15 59794
radio 15 59811
radio 15 60325
radio 15 60342
radio 15 60856
radio 15 60873
radio 15 61387
radio 15 61417
radio 15 61931
radio 15 61948
radio 15 62462
radio 15 62492
radio 15 63006
radio 15 63023
radio 15 63537
radio 15 63554
radio 15 64068
radio 15 64103
radio 15 64617
radio 15 64647
radio 15 65161
radio 15 65212
radio 16 190
radio 16 224
radio 16 738
radio 16 755
radio 16 1268
radio 16 1285
radio 16 1798
radio 16 1870
radio 16 2384
radio 16 2401
radio 16 2914
radio 16 2965
radio 16 3479
radio 16 3496
radio 16 4009
radio 16 4044
radio 16 4558
radio 16 4575
radio 16 5088
radio 16 5105
radio 16 5618
radio 16 5650
radio 16 6164
radio 16 6212
radio 16 6726
radio 16 6754
radio 16 7268
radio 16 7285
radio 16 7798
radio 16 7852
radio 16 8366
radio 16 8383
radio 16 8897
radio 16 8914
radio 16 9427
radio 16 9463
radio 16 9977
delay 24 24 16 10020 16 9994 9 16 7 0 271 0 0
radio 16 10028
radio 16 10542
radio 16 10589
radio 16 11103
radio 16 11120
radio 16 11633
radio 16 11668
radio 16 12182
radio 16 12199
radio 16 12713
radio 16 12786
radio 16 13300
radio 16 13317
radio 16 13831
radio 16 13848
radio 16 14362
radio 16 14379
radio 16 14893
radio 16 14910
radio 16 15424
radio 16 15441
radio 16 15955
radio 16 15972
radio 16 16486
radio 16 16503
radio 16 17017
radio 16 17034
radio 16 17548
radio 16 17576
radio 16 18090
radio 16 18118
radio 16 18632
radio 16 18649
radio 16 19163
radio 16 19215
radio 16 19729
radio 16 19746
radio 16 20260
radio 16 20295
radio 16 20809
radio 16 20837
radio 16 21351
radio 16 21407
radio 16 21921
radio 16 21955
radio 16 22469
radio 16 22499
radio 16 23013
radio 16 23041
radio 16 23555
radio 16 23572
radio 16 24086
radio 16 24138
radio 16 24652
radio 16 24669
radio 16 25183
radio 16 25253
radio 16 25767
radio 16 25784
radio 16 26298
radio 16 26331
radio 16 26845
radio 16 26934
radio 16 27448
radio 16 27465
radio 16 27979
radio 16 28030
radio 16 28544
radio 16 28561
radio 16 29075
radio 16 29092
radio 16 29606
radio 16 29623
radio 16 30137
radio 16 30190
radio 16 30704
delay 25 28 16 30749 16 31068 16 16 65535 0 457 0 0
radio 16 30757
radio 16 31272
radio 16 31595
radio 16 32108
radio 16 32125
radio 16 32639
radio 16 32669
radio 16 33183
radio 16 33211
radio 16 33725
radio 16 33742
radio 16 34256
radio 16 34329
radio 16 34843
radio 16 34860
radio 16 35374
radio 16 35403
radio 16 35917
radio 16 35934
radio 16 36448
radio 16 36465
radio 16 36979
radio 16 36996
radio 16 37510
radio 16 37558
energy 16 38068 7 48577
radio 16 38074
radio 16 38107
radio 16 38621
radio 16 38654
radio 16 39168
radio 16 39197
radio 16 39711
radio 16 39728
radio 16 40242
radio 16 40274
radio 16 40788
radio 16 40819
radio 16 41333
radio 16 41362
radio 16 41876
radio 16 41904
radio 16 42418
radio 16 42490
radio 16 43004
radio 16 43021
radio 16 43535
radio 16 43606
radio 16 44120
radio 16 44137
radio 16 44651
radio 16 44680
radio 16 45194
radio 16 45211
radio 16 45725
radio 16 45742
radio 16 46256
radio 16 46509
radio 16 47023
radio 16 47072
radio 16 47586
radio 16 47603
radio 16 48117
radio 16 48148
radio 16 48662
radio 16 48679
radio 16 49193
radio 16 49210
radio 16 49724
radio 16 49741
radio 16 50255
radio 16 50272
radio 16 50786
delay 26 48 16 50968 16 50762 9 16 7 0 301 0 0
radio 16 50976
radio 16 51490
radio 16 51509
radio 16 52023
radio 16 52040
radio 16 52554
radio 16 52582
radio 16 53096
radio 16 53113
radio 16 53627
radio 16 53715
radio 16 54229
radio 16 54246
radio 16 54760
radio 16 54830
radio 16 55344
radio 16 55392
radio 16 55906
radio 16 55923
radio 16 56437
radio 16 56454
radio 16 56968
radio 16 57003
radio 16 57517
radio 16 57534
radio 16 58048
radio 16 58104
radio 16 58618
radio 16 58649
radio 16 59163
radio 16 59232
radio 16 59746
radio 16 59783
radio 16 60297
radio 16 60314
radio 16 60828
radio 16 60861
radio 16 61375
radio 16 61392
radio 16 61906
radio 16 61955
radio 16 62469
radio 16 62486
radio 16 63000
radio 16 63032
radio 16 63546
radio 16 63563
radio 16 64077
radio 16 64107
radio 16 64621
radio 16 64638
radio 16 65152
radio 16 65181
radio 17 159
radio 17 193
radio 17 707
radio 17 757
radio 17 1271
radio 17 1302
radio 17 1816
radio 17 1870
radio 17 2384
radio 17 2438
radio 17 2952
radio 17 3067
radio 17 3581
radio 17 3598
radio 17 4111
radio 17 4128
radio 17 4641
radio 17 4658
radio 17 5171
radio 17 5188
radio 17 5701
delay 27 48 17 5834 17 5628 9 16 7 0 176 1 0
radio 17 5841
radio 17 6356
radio 17 6371
radio 17 6884
radio 17 6957
radio 17 7471
radio 17 7488
radio 17 8001
radio 17 8018
radio 17 8531
radio 17 8582
radio 17 9096
radio 17 9113
radio 17 9626
radio 17 9643
radio 17 10156
radio 17 10173
radio 17 10687
radio 17 10704
radio 17 11218
radio 17 11235
radio 17 11749
radio 17 11766
radio 17 12280
radio 17 12297
radio 17 12811
radio 17 12828
radio 17 13342
radio 17 13373
radio 17 13887
radio 17 13978
radio 17 14492
radio 17 14509
radio 17 15023
radio 17 15040
radio 17 15554
radio 17 15609
radio 17 16123
radio 17 16140
radio 17 16654
radio 17 16671
radio 17 17185
radio 17 17202
radio 17 17716
radio 17 17733
radio 17 18247
radio 17 18264
radio 17 18778
radio 17 18810
radio 17 19324
radio 17 19341
radio 17 19855
radio 17 19872
radio 17 20386
radio 17 20439
radio 17 20953
radio 17 20970
radio 17 21484
radio 17 21501
radio 17 22015
radio 17 22087
radio 17 22601
radio 17 22677
radio 17 23191
radio 17 23208
radio 17 23722
radio 17 23777
radio 17 24291
radio 17 24344
radio 17 24858
radio 17 24931
radio 17 25445
radio 17 25462
radio 17 25976
radio 17 26027
radio 17 26541
delay 28 48 17 26654 17 26448 9 16 7 0 525 0 0
radio 17 26661
radio 17 27176
radio 17 27193
radio 17 27707
radio 17 27724
radio 17 28238
radio 17 28270
radio 17 28784
radio 17 28801
radio 17 29315
radio 17 29332
radio 17 29846
radio 17 29863
radio 17 30377
radio 17 30425
radio 17 30939
radio 17 30956
radio 17 31470
radio 17 31487
radio 17 32001
radio 17 32073
radio 17 32587
radio 17 32604
radio 17 33118
radio 17 33135
radio 17 33649
radio 17 33666
energy 17 33972 7 51973
radio 17 34180
radio 17 34197
radio 17 34711
radio 17 34728
radio 17 35242
radio 17 35259
radio 17 35773
radio 17 35808
radio 17 36322
radio 17 36375
radio 17 36889
radio 17 36939
radio 17 37453
radio 17 37526
radio 17 38040
radio 17 38057
radio 17 38571
radio 17 38588
radio 17 39102
radio 17 39132
radio 17 39646
radio 17 39663
radio 17 40177
radio 17 40194
radio 17 40708
radio 17 40741
radio 17 41255
radio 17 41306
radio 17 41820
radio 17 41852
radio 17 42366
radio 17 42399
radio 17 42913
radio 17 42930
radio 17 43444
radio 17 43479
radio 17 43993
radio 17 44010
radio 17 44524
radio 17 44541
radio 17 45055
radio 17 45072
radio 17 45586
radio 17 45603
radio 17 46117
radio 17 46172
radio 17 46686
radio 17 46703
radio 17 47217
delay 29 35 17 47233 17 47294 9 16 7 0 654 0 0
radio 17 47240
radio 17 47755
radio 17 47770
radio 17 48284
radio 17 48302
radio 17 48815
radio 17 48832
radio 17 49346
radio 17 49363
radio 17 49877
radio 17 49907
radio 17 50421
radio 17 50451
radio 17 50965
radio 17 51001
radio 17 51515
radio 17 51532
radio 17 52046
radio 17 52063
