Thread[Thread-1,5,main]tree 1000 21 42 14 0 0
radio 7 28841
radio 7 28845
radio 7 28861
radio 7 29375
radio 7 29408
radio 7 29922
radio 7 29939
radio 7 30453
radio 7 30470
radio 7 30984
radio 7 31001
radio 7 31515
radio 7 31548
radio 7 32062
radio 7 32079
radio 7 32593
radio 7 32610
radio 7 33124
radio 7 33141
radio 7 33655
radio 7 33672
radio 7 34186
radio 7 34203
radio 7 34717
radio 7 34734
radio 7 35248
radio 7 35276
radio 7 35790
radio 7 35825
radio 7 36339
radio 7 36391
radio 7 36905
radio 7 36922
radio 7 37436
radio 7 37465
radio 7 37979
radio 7 37996
radio 7 38510
radio 7 38527
radio 7 39041
radio 7 39058
radio 7 39572
radio 7 39589
radio 7 40103
radio 7 40120
radio 7 40634
radio 7 40691
radio 7 41205
radio 7 41222
radio 7 41736
radio 7 41753
radio 7 42267
radio 7 42284
radio 7 42798
radio 7 42886
radio 7 43400
radio 7 43431
radio 7 43945
radio 7 43977
radio 7 44491
radio 7 44508
radio 7 45022
radio 7 45039
radio 7 45553
radio 7 45581
radio 7 46095
radio 7 46143
radio 7 46657
radio 7 46674
radio 7 47188
radio 7 47205
radio 7 47719
radio 7 47736
radio 7 48250
radio 7 48267
radio 7 48781
radio 7 48798
radio 7 49312
radio 7 49329
radio 7 49843
radio 7 49873
radio 7 50387
radio 7 50422
radio 7 50936
radio 7 50953
radio 7 51467
radio 7 51484
radio 7 51998
radio 7 52015
radio 7 52529
radio 7 52546
radio 7 53060
radio 7 53093
radio 7 53607
radio 7 53624
radio 7 54138
radio 7 54174
radio 7 54688
radio 7 54723
radio 7 55237
radio 7 55269
radio 7 55783
radio 7 55800
radio 7 56314
radio 7 56331
radio 7 56845
radio 7 56862
radio 7 57376
radio 7 57393
radio 7 57907
radio 7 57957
radio 7 58471
radio 7 58501
radio 7 59015
radio 7 59032
radio 7 59546
radio 7 59563
radio 7 60077
radio 7 60094
radio 7 60608
radio 7 60625
radio 7 61139
radio 7 61156
radio 7 61670
radio 7 61759
radio 7 62273
radio 7 62330
radio 7 62844
radio 7 62932
radio 7 63446
radio 7 63481
radio 7 63995
radio 7 64012
radio 7 64526
radio 7 64556
radio 7 65070
radio 7 65119
radio 8 97
radio 8 126
radio 8 639
radio 8 656
radio 8 1169
radio 8 1186
radio 8 1699
radio 8 1728
radio 8 2242
radio 8 2259
radio 8 2772
radio 8 2789
radio 8 3302
radio 8 3319
radio 8 3832
radio 8 3883
radio 8 4397
radio 8 4414
radio 8 4927
radio 8 4982
radio 8 5496
radio 8 5528
radio 8 6042
radio 8 6059
radio 8 6572
radio 8 6600
radio 8 7114
radio 8 7131
radio 8 7644
radio 8 7661
radio 8 8175
radio 8 8192
radio 8 8705
radio 8 8722
radio 8 9235
radio 8 9252
radio 8 9765
radio 8 9782
radio 8 10295
radio 8 10312
radio 8 10826
radio 8 10843
radio 8 11357
radio 8 11392
radio 8 11906
radio 8 11960
radio 8 12474
radio 8 12491
radio 8 13005
radio 8 13022
radio 8 13536
radio 8 13553
radio 8 14067
radio 8 14095
radio 8 14609
radio 8 14678
radio 8 15192
radio 8 15223
radio 8 15737
radio 8 15754
radio 8 16268
radio 8 16285
radio 8 16799
radio 8 16816
radio 8 17330
radio 8 17383
radio 8 17897
radio 8 17931
radio 8 18445
radio 8 18462
radio 8 18976
radio 8 18993
radio 8 19507
radio 8 19524
radio 8 20038
radio 8 20055
radio 8 20569
radio 8 20586
radio 8 21100
radio 8 21117
radio 8 21631
radio 8 21680
radio 8 22194
radio 8 22227
radio 8 22741
radio 8 22769
radio 8 23283
radio 8 23300
radio 8 23814
radio 8 23831
radio 8 24345
radio 8 24381
energy 8 24756 7 31142
radio 8 24895
radio 8 24929
radio 8 25443
radio 8 25460
radio 8 25974
radio 8 25991
radio 8 26505
radio 8 26536
radio 8 27050
radio 8 27067
radio 8 27581
radio 8 27598
radio 8 28112
radio 8 28145
radio 8 28659
radio 8 28692
radio 8 29206
radio 8 29242
radio 8 29756
radio 8 29789
radio 8 30303
radio 8 30335
radio 8 30849
radio 8 30905
radio 8 31419
radio 8 31450
radio 8 31964
radio 8 31994
radio 8 32508
radio 8 32525
radio 8 33039
radio 8 33056
radio 8 33570
radio 8 33587
radio 8 34101
radio 8 34130
radio 8 34644
radio 8 34661
radio 8 35175
radio 8 35204
radio 8 35718
radio 8 35735
radio 8 36249
radio 8 36266
radio 8 36780
radio 8 36808
radio 8 37322
radio 8 37339
radio 8 37853
radio 8 37870
radio 8 38384
radio 8 38418
radio 8 38932
radio 8 38949
radio 8 39463
radio 8 39480
radio 8 39994
radio 8 40027
radio 8 40541
radio 8 40570
radio 8 41084
radio 8 41101
radio 8 41615
radio 8 41632
radio 8 42146
radio 8 42163
radio 8 42677
delay 0 42 8 42866 8 42878 7 12 5 0 71 1 0
radio 8 42874
radio 8 43388
radio 8 43404
radio 8 43918
radio 8 43935
radio 8 44449
radio 8 44466
radio 8 44979
radio 8 44996
radio 8 45510
radio 8 45527
radio 8 46041
radio 8 46058
radio 8 46572
radio 8 46589
radio 8 47103
radio 8 47132
radio 8 47646
radio 8 47718
radio 8 48232
radio 8 48249
radio 8 48763
radio 8 48780
radio 8 49294
radio 8 49311
radio 8 49825
radio 8 49842
radio 8 50356
radio 8 50373
radio 8 50887
radio 8 50937
radio 8 51451
radio 8 51468
radio 8 51982
radio 8 51999
radio 8 52513
radio 8 52547
radio 8 53061
radio 8 53078
radio 8 53591
radio 8 53608
radio 8 54122
radio 8 54139
radio 8 54653
radio 8 54741
radio 8 55255
radio 8 55272
radio 8 55786
radio 8 55803
radio 8 56317
radio 8 56334
radio 8 56848
radio 8 56876
radio 8 57390
radio 8 57503
radio 8 58017
radio 8 58034
radio 8 58548
radio 8 58565
radio 8 59079
radio 8 59096
radio 8 59610
radio 8 59638
radio 8 60152
radio 8 60169
radio 8 60683
radio 8 60739
radio 8 61253
radio 8 61285
radio 8 61799
radio 8 61888
radio 8 62402
radio 8 62491
radio 8 63005
delay 1 23 8 63020 8 63596 16 12 65535 0 30 1 0
radio 8 63028
radio 8 63543
radio 8 63693
radio 8 64207
radio 8 64255
radio 8 64768
radio 8 64785
radio 8 65299
radio 8 65316
radio 9 294
radio 9 327
radio 9 840
radio 9 869
radio 9 1382
radio 9 1399
radio 9 1912
radio 9 1929
radio 9 2442
radio 9 2459
radio 9 2972
radio 9 2989
radio 9 3502
radio 9 3534
radio 9 4048
radio 9 4097
radio 9 4611
radio 9 4628
radio 9 5141
radio 9 5158
radio 9 5671
radio 9 5688
radio 9 6201
radio 9 6231
radio 9 6745
radio 9 6816
radio 9 7330
radio 9 7347
radio 9 7860
radio 9 7877
radio 9 8390
radio 9 8407
radio 9 8920
radio 9 8949
radio 9 9463
radio 9 9480
radio 9 9993
radio 9 10027
radio 9 10541
radio 9 10596
radio 9 11110
radio 9 11127
radio 9 11641
radio 9 11658
radio 9 12172
radio 9 12189
radio 9 12703
radio 9 12720
radio 9 13234
radio 9 13251
radio 9 13765
radio 9 13817
radio 9 14331
radio 9 14348
radio 9 14862
radio 9 14879
radio 9 15393
radio 9 15426
radio 9 15940
radio 9 15970
radio 9 16484
radio 9 16501
radio 9 17015
radio 9 17032
radio 9 17546
radio 9 17563
radio 9 18077
delay 2 12 9 18093 9 18618 9 12 3 0 135 0 0
radio 9 18100
radio 9 18615
radio 9 18631
radio 9 19144
radio 9 19189
radio 9 19702
radio 9 19718
radio 9 20232
radio 9 20264
energy 9 20660 7 33789
radio 9 20778
radio 9 20810
radio 9 21324
radio 9 21358
radio 9 21872
radio 9 21923
radio 9 22437
radio 9 22454
radio 9 22968
radio 9 22985
radio 9 23499
radio 9 23516
radio 9 24030
radio 9 24047
radio 9 24561
radio 9 24617
radio 9 25131
radio 9 25162
radio 9 25676
radio 9 25693
radio 9 26207
radio 9 26243
radio 9 26757
radio 9 26786
radio 9 27300
radio 9 27332
radio 9 27846
radio 9 27900
radio 9 28414
radio 9 28431
radio 9 28945
radio 9 28977
radio 9 29491
radio 9 29508
radio 9 30022
radio 9 30039
radio 9 30553
radio 9 30570
radio 9 31084
radio 9 31101
radio 9 31615
radio 9 31632
radio 9 32146
radio 9 32196
radio 9 32710
radio 9 32727
radio 9 33241
radio 9 33258
radio 9 33772
radio 9 33789
radio 9 34303
radio 9 34320
radio 9 34834
radio 9 34863
radio 9 35377
radio 9 35394
radio 9 35908
radio 9 35925
radio 9 36439
radio 9 36456
radio 9 36970
radio 9 37022
radio 9 37536
radio 9 37553
radio 9 38067
radio 9 38084
radio 9 38598
delay 3 42 9 38613 9 38625 7 12 5 0 272 0 0
radio 9 38620
radio 9 39135
radio 9 39235
radio 9 39749
radio 9 39766
radio 9 40280
radio 9 40297
radio 9 40811
radio 9 40828
radio 9 41342
radio 9 41359
radio 9 41873
radio 9 41890
radio 9 42404
radio 9 42421
radio 9 42935
radio 9 42952
radio 9 43466
radio 9 43517
radio 9 44031
radio 9 44048
radio 9 44562
radio 9 44598
radio 9 45112
radio 9 45129
radio 9 45642
radio 9 45659
radio 9 46173
radio 9 46190
radio 9 46704
radio 9 46721
radio 9 47235
radio 9 47252
radio 9 47766
radio 9 47819
radio 9 48333
radio 9 48350
radio 9 48864
radio 9 48881
radio 9 49395
radio 9 49412
radio 9 49926
radio 9 49943
radio 9 50457
radio 9 50474
radio 9 50988
radio 9 51041
radio 9 51555
radio 9 51572
radio 9 52086
radio 9 52134
radio 9 52648
radio 9 52717
radio 9 53231
radio 9 53266
radio 9 53780
radio 9 53849
radio 9 54363
radio 9 54380
radio 9 54894
radio 9 54948
radio 9 55462
radio 9 55479
radio 9 55993
radio 9 56024
radio 9 56538
radio 9 56574
radio 9 57088
radio 9 57123
radio 9 57637
radio 9 57712
radio 9 58226
radio 9 58254
radio 9 58768
delay 4 12 9 58826 9 59351 9 12 3 0 113 1 0
radio 9 58834
radio 9 59349
radio 9 59446
radio 9 59960
radio 9 59975
radio 9 60488
radio 9 60505
radio 9 61019
radio 9 61052
radio 9 61566
radio 9 61583
radio 9 62097
radio 9 62114
radio 9 62628
radio 9 62645
radio 9 63159
radio 9 63176
radio 9 63690
radio 9 63707
radio 9 64221
radio 9 64238
radio 9 64751
radio 9 64803
radio 9 65317
radio 9 65334
radio 10 312
radio 10 329
radio 10 842
radio 10 859
radio 10 1372
radio 10 1389
radio 10 1903
radio 10 1936
radio 10 2450
radio 10 2467
radio 10 2981
radio 10 2998
radio 10 3512
radio 10 3543
radio 10 4057
radio 10 4074
radio 10 4587
radio 10 4620
radio 10 5134
radio 10 5151
radio 10 5665
radio 10 5702
radio 10 6216
radio 10 6233
radio 10 6747
radio 10 6764
radio 10 7278
radio 10 7307
radio 10 7821
radio 10 7850
radio 10 8364
radio 10 8381
radio 10 8894
radio 10 8911
radio 10 9424
radio 10 9441
radio 10 9954
radio 10 9971
radio 10 10484
radio 10 10516
radio 10 11030
radio 10 11047
radio 10 11561
radio 10 11578
radio 10 12092
radio 10 12109
radio 10 12623
radio 10 12651
radio 10 13165
radio 10 13214
radio 10 13728
delay 5 12 10 13754 10 14278 9 12 3 0 53 1 0
radio 10 13762
radio 10 14276
radio 10 14292
radio 10 14806
radio 10 14825
radio 10 15339
radio 10 15356
radio 10 15870
radio 10 15887
radio 10 16401
radio 10 16418
energy 10 16564 7 36180
radio 10 16932
radio 10 16949
radio 10 17463
radio 10 17480
radio 10 17994
radio 10 18044
radio 10 18558
radio 10 18575
radio 10 19089
radio 10 19106
radio 10 19620
radio 10 19652
radio 10 20166
radio 10 20183
radio 10 20697
radio 10 20714
radio 10 21228
radio 10 21245
radio 10 21759
radio 10 21776
radio 10 22290
radio 10 22343
radio 10 22857
radio 10 22874
radio 10 23388
radio 10 23405
radio 10 23919
radio 10 23954
radio 10 24468
radio 10 24485
radio 10 24999
radio 10 25029
radio 10 25543
radio 10 25560
radio 10 26074
radio 10 26091
radio 10 26605
radio 10 26638
radio 10 27152
radio 10 27169
radio 10 27683
radio 10 27700
radio 10 28214
radio 10 28249
radio 10 28763
radio 10 28780
radio 10 29294
radio 10 29324
radio 10 29838
radio 10 29887
radio 10 30401
radio 10 30418
radio 10 30932
radio 10 30949
radio 10 31463
radio 10 31480
radio 10 31994
radio 10 32011
radio 10 32525
radio 10 32542
radio 10 33056
radio 10 33112
radio 10 33626
radio 10 33643
radio 10 34157
radio 10 34187
radio 10 34701
delay 6 42 10 34801 10 34813 7 12 5 0 143 1 0
radio 10 34809
radio 10 35323
radio 10 35338
radio 10 35851
radio 10 35903
radio 10 36417
radio 10 36465
radio 10 36979
radio 10 37011
radio 10 37525
radio 10 37542
radio 10 38056
radio 10 38073
radio 10 38587
radio 10 38604
radio 10 39118
radio 10 39135
radio 10 39649
radio 10 39666
radio 10 40180
radio 10 40197
radio 10 40711
radio 10 40728
radio 10 41242
radio 10 41259
radio 10 41773
radio 10 41790
radio 10 42304
radio 10 42321
radio 10 42835
radio 10 42863
radio 10 43377
radio 10 43413
radio 10 43927
radio 10 43944
radio 10 44458
radio 10 44475
radio 10 44989
radio 10 45006
radio 10 45520
radio 10 45537
radio 10 46051
radio 10 46080
radio 10 46594
radio 10 46611
radio 10 47125
radio 10 47142
radio 10 47656
radio 10 47687
radio 10 48201
radio 10 48218
radio 10 48732
radio 10 48780
radio 10 49294
radio 10 49311
radio 10 49825
radio 10 49921
radio 10 50435
radio 10 50452
radio 10 50966
radio 10 50983
radio 10 51497
radio 10 51514
radio 10 52028
radio 10 52045
radio 10 52559
radio 10 52607
radio 10 53121
radio 10 53171
radio 10 53685
radio 10 53816
radio 10 54330
radio 10 54398
radio 10 54912
delay 7 12 10 54927 10 55451 9 12 3 0 195 0 0
radio 10 54935
radio 10 55450
radio 10 55468
radio 10 55982
radio 10 56053
radio 10 56566
radio 10 56583
radio 10 57097
radio 10 57152
radio 10 57666
radio 10 57694
radio 10 58208
radio 10 58225
radio 10 58739
radio 10 58756
radio 10 59270
radio 10 59287
radio 10 59801
radio 10 59818
radio 10 60332
radio 10 60349
radio 10 60863
radio 10 60880
radio 10 61394
radio 10 61411
radio 10 61925
radio 10 61980
radio 10 62494
radio 10 62511
radio 10 63025
radio 10 63060
radio 10 63574
radio 10 63591
radio 10 64105
radio 10 64174
radio 10 64688
radio 10 64803
radio 10 65317
radio 10 65347
radio 11 325
radio 11 342
radio 11 855
radio 11 885
radio 11 1399
radio 11 1416
radio 11 1930
radio 11 1947
radio 11 2460
radio 11 2508
radio 11 3022
radio 11 3039
radio 11 3552
radio 11 3569
radio 11 4083
radio 11 4100
radio 11 4614
radio 11 4631
radio 11 5145
radio 11 5180
radio 11 5694
radio 11 5711
radio 11 6225
radio 11 6242
radio 11 6756
radio 11 6773
radio 11 7287
radio 11 7362
radio 11 7876
radio 11 7893
radio 11 8406
radio 11 8441
radio 11 8955
radio 11 8986
radio 11 9500
radio 11 9517
radio 11 10031
delay 8 42 11 10046 11 10058 7 12 5 0 339 0 0
radio 11 10053
radio 11 10568
radio 11 10690
radio 11 11204
radio 11 11255
radio 11 11769
radio 11 11799
radio 11 12313
radio 11 12330
energy 11 12468 7 38860
radio 11 12844
radio 11 12861
radio 11 13375
radio 11 13411
radio 11 13925
radio 11 13942
radio 11 14456
radio 11 14473
radio 11 14987
radio 11 15016
radio 11 15530
radio 11 15547
radio 11 16061
radio 11 16078
radio 11 16592
radio 11 16609
radio 11 17123
radio 11 17140
radio 11 17654
radio 11 17671
radio 11 18185
radio 11 18202
radio 11 18716
radio 11 18733
radio 11 19247
radio 11 19302
radio 11 19816
radio 11 19833
radio 11 20347
radio 11 20364
radio 11 20878
radio 11 20909
radio 11 21423
radio 11 21440
radio 11 21954
radio 11 21971
radio 11 22485
radio 11 22514
radio 11 23028
radio 11 23058
radio 11 23572
radio 11 23589
radio 11 24103
radio 11 24120
radio 11 24634
radio 11 24651
radio 11 25165
radio 11 25182
radio 11 25696
radio 11 25713
radio 11 26227
radio 11 26244
radio 11 26758
radio 11 26775
radio 11 27289
radio 11 27306
radio 11 27820
radio 11 27837
radio 11 28351
radio 11 28368
radio 11 28882
radio 11 28899
radio 11 29413
radio 11 29442
radio 11 29956
radio 11 29973
radio 11 30487
delay 9 3 11 30503 11 31345 9 12 3 0 203 0 0
radio 11 30511
radio 11 31025
radio 11 31041
radio 11 31554
radio 11 31631
radio 11 32145
radio 11 32201
radio 11 32715
radio 11 32749
radio 11 33263
radio 11 33280
radio 11 33794
radio 11 33850
radio 11 34364
radio 11 34401
radio 11 34915
radio 11 34932
radio 11 35446
radio 11 35481
radio 11 35995
radio 11 36025
radio 11 36539
radio 11 36574
radio 11 37088
radio 11 37118
radio 11 37632
radio 11 37666
radio 11 38180
radio 11 38197
radio 11 38711
radio 11 38728
radio 11 39242
radio 11 39259
radio 11 39773
radio 11 39790
radio 11 40304
radio 11 40321
radio 11 40835
radio 11 40864
radio 11 41378
radio 11 41409
radio 11 41923
radio 11 41940
radio 11 42454
radio 11 42471
radio 11 42985
radio 11 43002
radio 11 43516
radio 11 43533
radio 11 44047
radio 11 44064
radio 11 44578
radio 11 44595
radio 11 45109
radio 11 45143
radio 11 45657
radio 11 45686
radio 11 46200
radio 11 46253
radio 11 46767
radio 11 46802
radio 11 47316
radio 11 47333
radio 11 47847
radio 11 47864
radio 11 48378
radio 11 48395
radio 11 48909
radio 11 48941
radio 11 49455
radio 11 49484
radio 11 49998
radio 11 50048
radio 11 50562
delay 10 35 11 50582 11 50720 9 12 3 0 20 1 0
radio 11 50589
radio 11 51104
radio 11 51127
radio 11 51640
radio 11 51715
radio 11 52228
radio 11 52245
radio 11 52759
radio 11 52776
radio 11 53290
radio 11 53307
radio 11 53821
radio 11 53838
radio 11 54352
radio 11 54369
radio 11 54883
radio 11 54900
radio 11 55414
radio 11 55431
radio 11 55945
radio 11 55962
radio 11 56476
radio 11 56493
radio 11 57007
radio 11 57024
radio 11 57538
radio 11 57555
radio 11 58069
radio 11 58104
radio 11 58618
radio 11 58635
radio 11 59149
radio 11 59180
radio 11 59694
radio 11 59711
radio 11 60225
radio 11 60298
radio 11 60812
radio 11 60845
radio 11 61359
radio 11 61449
radio 11 61963
radio 11 61980
radio 11 62494
radio 11 62511
radio 11 63025
radio 11 63042
radio 11 63556
radio 11 63573
radio 11 64087
radio 11 64121
radio 11 64635
radio 11 64652
radio 11 65166
radio 11 65183
radio 12 161
radio 12 178
radio 12 691
radio 12 724
radio 12 1238
radio 12 1291
radio 12 1805
radio 12 1822
radio 12 2336
radio 12 2353
radio 12 2867
radio 12 2941
radio 12 3455
radio 12 3472
radio 12 3985
radio 12 4013
radio 12 4527
radio 12 4544
radio 12 5058
radio 12 5075
radio 12 5589
delay 11 12 12 5605 12 6127 9 12 3 0 16 1 0
radio 12 5612
radio 12 6127
radio 12 6142
radio 12 6655
radio 12 6736
radio 12 7249
radio 12 7266
radio 12 7780
radio 12 7797
radio 12 8311
radio 12 8328
energy 12 8372 7 41108
radio 12 8841
radio 12 8916
radio 12 9430
radio 12 9447
radio 12 9960
radio 12 9977
radio 12 10490
radio 12 10507
radio 12 11021
radio 12 11038
radio 12 11552
radio 12 11582
radio 12 12096
radio 12 12113
radio 12 12627
radio 12 12644
radio 12 13158
radio 12 13175
radio 12 13689
radio 12 13760
radio 12 14274
radio 12 14303
radio 12 14817
radio 12 14834
radio 12 15348
radio 12 15365
radio 12 15879
radio 12 15914
radio 12 16428
radio 12 16445
radio 12 16959
radio 12 16991
radio 12 17505
radio 12 17522
radio 12 18036
radio 12 18053
radio 12 18567
radio 12 18584
radio 12 19098
radio 12 19115
radio 12 19629
radio 12 19658
radio 12 20172
radio 12 20207
radio 12 20721
radio 12 20738
radio 12 21252
radio 12 21269
radio 12 21783
radio 12 21800
radio 12 22314
radio 12 22331
radio 12 22845
radio 12 22862
radio 12 23376
radio 12 23409
radio 12 23923
radio 12 23940
radio 12 24454
radio 12 24471
radio 12 24985
radio 12 25016
radio 12 25530
radio 12 25563
radio 12 26077
delay 12 3 12 26128 12 26969 9 12 3 0 38 1 0
radio 12 26135
radio 12 26650
radio 12 26665
radio 12 27178
radio 12 27218
radio 12 27732
radio 12 27749
radio 12 28263
radio 12 28314
radio 12 28828
radio 12 28858
radio 12 29372
radio 12 29389
radio 12 29903
radio 12 29920
radio 12 30434
radio 12 30451
radio 12 30965
radio 12 30982
radio 12 31496
radio 12 31569
radio 12 32083
radio 12 32114
radio 12 32628
radio 12 32724
radio 12 33238
radio 12 33255
radio 12 33769
radio 12 33800
radio 12 34314
radio 12 34331
radio 12 34845
radio 12 34862
radio 12 35376
radio 12 35412
radio 12 35926
radio 12 35957
radio 12 36471
radio 12 36505
radio 12 37019
radio 12 37054
radio 12 37568
radio 12 37585
radio 12 38099
radio 12 38175
radio 12 38689
radio 12 38721
radio 12 39235
radio 12 39252
radio 12 39766
radio 12 39794
radio 12 40308
radio 12 40339
radio 12 40853
radio 12 40885
radio 12 41399
radio 12 41431
radio 12 41945
radio 12 41993
radio 12 42507
radio 12 42583
radio 12 43097
radio 12 43114
radio 12 43628
radio 12 43645
radio 12 44159
radio 12 44176
radio 12 44690
radio 12 44722
radio 12 45236
radio 12 45253
radio 12 45767
radio 12 45784
radio 12 46298
radio 12 46353
radio 12 46867
delay 13 42 12 46890 12 46902 7 12 5 0 99 1 0
radio 12 46897
radio 12 47412
radio 12 47489
radio 12 48003
radio 12 48062
radio 12 48576
radio 12 48635
radio 12 49149
radio 12 49180
radio 12 49694
radio 12 49725
radio 12 50239
radio 12 50256
radio 12 50770
radio 12 50826
radio 12 51340
radio 12 51371
radio 12 51885
radio 12 51902
radio 12 52416
radio 12 52433
radio 12 52947
radio 12 52964
radio 12 53478
radio 12 53509
radio 12 54023
radio 12 54040
radio 12 54554
radio 12 54583
radio 12 55097
radio 12 55114
radio 12 55628
radio 12 55679
radio 12 56193
radio 12 56210
radio 12 56724
radio 12 56753
radio 12 57267
radio 12 57298
radio 12 57812
radio 12 57829
radio 12 58343
radio 12 58360
radio 12 58874
radio 12 58891
radio 12 59405
radio 12 59422
radio 12 59936
radio 12 59990
radio 12 60504
radio 12 60521
radio 12 61035
radio 12 61066
radio 12 61580
radio 12 61610
radio 12 62124
radio 12 62154
radio 12 62668
radio 12 62696
radio 12 63210
radio 12 63240
radio 12 63754
radio 12 63788
radio 12 64302
radio 12 64330
radio 12 64844
radio 12 64875
radio 12 65389
radio 12 65406
radio 13 384
radio 13 416
radio 13 930
radio 13 947
radio 13 1460
radio 13 1477
radio 13 1991
delay 14 42 13 2005 13 2018 7 12 5 0 431 0 0
radio 13 2013
radio 13 2528
radio 13 2639
radio 13 3152
radio 13 3169
radio 13 3682
radio 13 3699
radio 13 4212
radio 13 4241
energy 13 4276 7 43796
radio 13 4755
radio 13 4772
radio 13 5285
radio 13 5302
radio 13 5815
radio 13 5832
radio 13 6346
radio 13 6375
radio 13 6889
radio 13 6925
radio 13 7439
radio 13 7469
radio 13 7983
radio 13 8000
radio 13 8514
radio 13 8531
radio 13 9044
radio 13 9072
radio 13 9586
radio 13 9603
radio 13 10117
radio 13 10150
radio 13 10664
radio 13 10681
radio 13 11195
radio 13 11226
radio 13 11740
radio 13 11757
radio 13 12271
radio 13 12288
radio 13 12802
radio 13 12819
radio 13 13333
radio 13 13350
radio 13 13864
radio 13 13894
radio 13 14408
radio 13 14478
radio 13 14992
radio 13 15009
radio 13 15523
radio 13 15572
radio 13 16086
radio 13 16154
radio 13 16668
radio 13 16685
radio 13 17199
radio 13 17234
radio 13 17748
radio 13 17765
radio 13 18279
radio 13 18296
radio 13 18810
radio 13 18842
radio 13 19356
radio 13 19410
radio 13 19924
radio 13 19941
radio 13 20455
radio 13 20486
radio 13 21000
radio 13 21017
radio 13 21531
radio 13 21548
radio 13 22062
delay 15 24 13 22091 13 22141 9 12 3 0 65535 0 0
radio 13 22099
radio 13 22614
radio 13 22695
radio 13 23208
radio 13 23324
radio 13 23837
radio 13 23913
radio 13 24427
radio 13 24444
radio 13 24958
radio 13 24975
radio 13 25489
radio 13 25506
radio 13 26020
radio 13 26037
radio 13 26551
radio 13 26605
radio 13 27119
radio 13 27150
radio 13 27664
radio 13 27681
radio 13 28195
radio 13 28212
radio 13 28726
radio 13 28743
radio 13 29257
radio 13 29274
radio 13 29788
radio 13 29817
radio 13 30331
radio 13 30348
radio 13 30862
radio 13 30879
radio 13 31393
radio 13 31410
radio 13 31924
radio 13 31941
radio 13 32455
radio 13 32472
radio 13 32986
radio 13 33037
radio 13 33551
radio 13 33568
radio 13 34082
radio 13 34099
radio 13 34613
radio 13 34630
radio 13 35144
radio 13 35177
radio 13 35691
radio 13 35762
radio 13 36276
radio 13 36293
radio 13 36807
radio 13 36824
radio 13 37338
radio 13 37355
radio 13 37869
radio 13 37998
radio 13 38512
radio 13 38529
radio 13 39043
radio 13 39117
radio 13 39631
radio 13 39661
radio 13 40175
radio 13 40210
radio 13 40724
radio 13 40792
radio 13 41306
radio 13 41323
radio 13 41837
radio 13 41854
radio 13 42368
radio 13 42398
radio 13 42912
delay 16 42 13 42928 13 42940 7 12 5 0 67 0 0
radio 13 42935
radio 13 43450
radio 13 43519
radio 13 44032
radio 13 44067
radio 13 44581
radio 13 44598
radio 13 45112
radio 13 45129
radio 13 45643
radio 13 45660
radio 13 46174
radio 13 46191
radio 13 46705
radio 13 46722
radio 13 47236
radio 13 47253
radio 13 47767
radio 13 47840
radio 13 48354
radio 13 48388
radio 13 48902
radio 13 48919
radio 13 49433
radio 13 49466
radio 13 49980
radio 13 50009
radio 13 50523
radio 13 50554
radio 13 51068
radio 13 51099
radio 13 51613
radio 13 51630
radio 13 52144
radio 13 52174
radio 13 52688
radio 13 52720
radio 13 53234
radio 13 53251
radio 13 53765
radio 13 53782
radio 13 54296
radio 13 54313
radio 13 54827
radio 13 54844
radio 13 55358
radio 13 55388
radio 13 55902
radio 13 55933
radio 13 56447
radio 13 56464
radio 13 56978
radio 13 56995
radio 13 57509
radio 13 57538
radio 13 58052
radio 13 58069
radio 13 58583
radio 13 58600
radio 13 59114
radio 13 59131
radio 13 59645
radio 13 59662
radio 13 60176
radio 13 60193
radio 13 60707
radio 13 60737
radio 13 61251
radio 13 61268
radio 13 61782
radio 13 61799
radio 13 62313
radio 13 62330
radio 13 62844
radio 13 62861
radio 13 63375
delay 17 42 13 63391 13 63404 7 12 5 0 291 0 0
radio 13 63399
radio 13 63914
radio 13 63929
radio 13 64442
radio 13 64459
radio 13 64973
radio 13 65005
radio 13 65519
radio 14 0
energy 14 180 7 46328
radio 14 513
radio 14 548
radio 14 1062
radio 14 1079
radio 14 1592
radio 14 1661
radio 14 2175
radio 14 2231
radio 14 2745
radio 14 2774
radio 14 3288
radio 14 3305
radio 14 3818
radio 14 3835
radio 14 4348
radio 14 4382
radio 14 4896
radio 14 4925
radio 14 5439
radio 14 5468
radio 14 5982
radio 14 5999
radio 14 6513
radio 14 6530
radio 14 7043
radio 14 7060
radio 14 7573
radio 14 7590
radio 14 8103
radio 14 8159
radio 14 8673
radio 14 8690
radio 14 9203
radio 14 9220
radio 14 9733
radio 14 9750
radio 14 10264
radio 14 10281
radio 14 10795
radio 14 10844
radio 14 11358
radio 14 11411
radio 14 11925
radio 14 11942
radio 14 12456
radio 14 12504
radio 14 13018
radio 14 13035
radio 14 13549
radio 14 13566
radio 14 14080
radio 14 14097
radio 14 14611
radio 14 14628
radio 14 15142
radio 14 15159
radio 14 15673
radio 14 15690
radio 14 16204
radio 14 16236
radio 14 16750
radio 14 16767
radio 14 17281
radio 14 17298
radio 14 17812
radio 14 17829
radio 14 18343
delay 18 12 14 18446 14 18966 9 12 3 0 483 0 0
radio 14 18454
radio 14 18968
radio 14 19042
radio 14 19556
radio 14 19573
radio 14 20087
radio 14 20104
radio 14 20618
radio 14 20650
radio 14 21164
radio 14 21181
radio 14 21695
radio 14 21712
radio 14 22226
radio 14 22243
radio 14 22757
radio 14 22794
radio 14 23308
radio 14 23325
radio 14 23839
radio 14 23889
radio 14 24403
radio 14 24420
radio 14 24934
radio 14 24951
radio 14 25465
radio 14 25482
radio 14 25996
radio 14 26031
radio 14 26545
radio 14 26578
radio 14 27092
radio 14 27109
radio 14 27623
radio 14 27640
radio 14 28154
radio 14 28171
radio 14 28685
radio 14 28702
radio 14 29216
radio 14 29266
radio 14 29780
radio 14 29829
radio 14 30343
radio 14 30436
radio 14 30950
radio 14 31003
radio 14 31517
radio 14 31568
radio 14 32082
radio 14 32099
radio 14 32613
radio 14 32630
radio 14 33144
radio 14 33176
radio 14 33690
radio 14 33707
radio 14 34221
radio 14 34238
radio 14 34752
radio 14 34769
radio 14 35283
radio 14 35300
radio 14 35814
radio 14 35843
radio 14 36357
radio 14 36412
radio 14 36926
radio 14 36943
radio 14 37457
radio 14 37474
radio 14 37988
radio 14 38022
radio 14 38536
delay 19 24 14 38616 14 38672 9 12 3 0 169 0 0
radio 14 38624
radio 14 39139
radio 14 39208
radio 14 39721
radio 14 39791
radio 14 40304
radio 14 40321
radio 14 40835
radio 14 40908
radio 14 41422
radio 14 41453
radio 14 41967
radio 14 41997
radio 14 42511
radio 14 42528
radio 14 43042
radio 14 43059
radio 14 43573
radio 14 43590
radio 14 44104
radio 14 44138
radio 14 44652
radio 14 44688
radio 14 45202
radio 14 45237
radio 14 45751
radio 14 45806
radio 14 46320
radio 14 46355
radio 14 46869
radio 14 46886
radio 14 47400
radio 14 47429
radio 14 47943
radio 14 47974
radio 14 48488
radio 14 48505
radio 14 49019
radio 14 49048
radio 14 49562
radio 14 49591
radio 14 50105
radio 14 50122
radio 14 50636
radio 14 50653
radio 14 51167
radio 14 51196
radio 14 51710
radio 14 51740
radio 14 52254
radio 14 52271
radio 14 52785
radio 14 52818
radio 14 53332
radio 14 53366
radio 14 53880
radio 14 53910
radio 14 54424
radio 14 54441
radio 14 54955
radio 14 54972
radio 14 55486
radio 14 55503
radio 14 56017
radio 14 56048
radio 14 56562
radio 14 56617
radio 14 57131
radio 14 57148
radio 14 57662
radio 14 57679
radio 14 58193
radio 14 58227
radio 14 58741
delay 20 12 14 58772 14 59291 9 12 3 0 28 1 0
radio 14 58780
radio 14 59294
radio 14 59314
radio 14 59827
radio 14 59902
radio 14 60415
radio 14 60432
radio 14 60946
radio 14 60963
radio 14 61477
radio 14 61507
energy 14 61620 7 49073
radio 14 62021
radio 14 62038
radio 14 62552
radio 14 62569
radio 14 63083
radio 14 63118
radio 14 63632
radio 14 63661
radio 14 64175
radio 14 64209
radio 14 64723
radio 14 64740
radio 14 65254
radio 14 65271
radio 15 249
radio 15 266
radio 15 779
radio 15 810
radio 15 1324
radio 15 1341
radio 15 1854
radio 15 1882
radio 15 2396
radio 15 2429
radio 15 2943
radio 15 2976
radio 15 3490
radio 15 3507
radio 15 4020
radio 15 4072
radio 15 4586
radio 15 4603
radio 15 5116
radio 15 5133
radio 15 5646
radio 15 5663
radio 15 6177
radio 15 6210
radio 15 6724
radio 15 6760
radio 15 7274
radio 15 7291
radio 15 7804
radio 15 7821
radio 15 8334
radio 15 8351
radio 15 8864
radio 15 8919
radio 15 9433
radio 15 9465
radio 15 9979
radio 15 10071
radio 15 10585
radio 15 10618
radio 15 11132
radio 15 11161
radio 15 11675
radio 15 11704
radio 15 12218
radio 15 12268
radio 15 12782
radio 15 12799
radio 15 13313
radio 15 13344
radio 15 13858
delay 21 42 15 13874 15 13887 7 12 5 0 50 1 0
radio 15 13882
radio 15 14397
radio 15 14439
radio 15 14953
radio 15 14971
radio 15 15484
radio 15 15514
radio 15 16028
radio 15 16045
radio 15 16559
radio 15 16590
radio 15 17104
radio 15 17121
radio 15 17635
radio 15 17652
radio 15 18166
radio 15 18183
radio 15 18697
radio 15 18730
radio 15 19244
radio 15 19261
radio 15 19775
radio 15 19792
radio 15 20306
radio 15 20336
radio 15 20850
radio 15 20867
radio 15 21381
radio 15 21398
radio 15 21912
radio 15 21929
radio 15 22443
radio 15 22460
radio 15 22974
radio 15 23004
radio 15 23518
radio 15 23548
radio 15 24062
radio 15 24079
radio 15 24593
radio 15 24648
radio 15 25162
radio 15 25193
radio 15 25707
radio 15 25724
radio 15 26238
radio 15 26255
radio 15 26769
radio 15 26786
radio 15 27300
radio 15 27317
radio 15 27831
radio 15 27848
radio 15 28362
radio 15 28399
radio 15 28913
radio 15 28961
radio 15 29475
radio 15 29492
radio 15 30006
radio 15 30042
radio 15 30556
radio 15 30591
radio 15 31105
radio 15 31122
radio 15 31636
radio 15 31653
radio 15 32167
radio 15 32184
radio 15 32698
radio 15 32715
radio 15 33229
radio 15 33280
radio 15 33794
radio 15 33811
radio 15 34325
delay 22 22 15 34340 15 34511 14 12 65535 0 51 1 0
radio 15 34349
radio 15 34863
radio 15 34960
radio 15 35474
radio 15 35517
radio 15 36030
radio 15 36065
radio 15 36579
radio 15 36596
radio 15 37110
radio 15 37127
radio 15 37641
radio 15 37658
radio 15 38172
radio 15 38189
radio 15 38703
radio 15 38720
radio 15 39234
radio 15 39266
radio 15 39780
radio 15 39852
radio 15 40366
radio 15 40383
radio 15 40897
radio 15 40928
radio 15 41442
radio 15 41459
radio 15 41973
radio 15 41990
radio 15 42504
radio 15 42521
radio 15 43035
radio 15 43104
radio 15 43618
radio 15 43635
radio 15 44149
radio 15 44178
radio 15 44692
radio 15 44709
radio 15 45223
radio 15 45240
radio 15 45754
radio 15 45830
radio 15 46344
radio 15 46378
radio 15 46892
radio 15 46909
radio 15 47423
radio 15 47440
radio 15 47954
radio 15 47971
radio 15 48485
radio 15 48502
radio 15 49016
radio 15 49033
radio 15 49547
radio 15 49564
radio 15 50078
radio 15 50095
radio 15 50609
radio 15 50660
radio 15 51174
radio 15 51191
radio 15 51705
radio 15 51722
radio 15 52236
radio 15 52253
radio 15 52767
radio 15 52798
radio 15 53312
radio 15 53384
radio 15 53898
radio 15 53915
radio 15 54429
radio 15 54465
radio 15 54979
delay 23 42 15 55024 15 55037 7 12 5 0 46 1 0
radio 15 55032
radio 15 55547
radio 15 55563
radio 15 56076
radio 15 56094
radio 15 56608
radio 15 56625
radio 15 57139
radio 15 57174
energy 15 57524 7 51514
radio 15 57688
radio 15 57705
radio 15 58219
radio 15 58236
radio 15 58750
radio 15 58779
radio 15 59293
radio 15 59325
radio 15 59839
radio 15 59888
radio 15 60402
radio 15 60419
radio 15 60933
radio 15 60950
radio 15 61464
radio 15 61481
radio 15 61995
radio 15 62012
radio 15 62526
radio 15 62543
radio 15 63057
radio 15 63074
radio 15 63588
radio 15 63605
radio 15 64119
radio 15 64153
radio 15 64667
radio 15 64684
radio 15 65198
radio 15 65226
radio 16 204
radio 16 234
radio 16 748
radio 16 765
radio 16 1278
radio 16 1307
radio 16 1821
radio 16 1838
radio 16 2351
radio 16 2426
radio 16 2940
radio 16 2972
radio 16 3486
radio 16 3516
radio 16 4030
radio 16 4047
radio 16 4561
radio 16 4578
radio 16 5092
radio 16 5109
radio 16 5622
radio 16 5672
radio 16 6186
radio 16 6215
radio 16 6729
radio 16 6763
radio 16 7277
radio 16 7294
radio 16 7807
radio 16 7841
radio 16 8355
radio 16 8383
radio 16 8897
radio 16 8914
radio 16 9427
radio 16 9444
radio 16 9957
delay 24 24 16 9978 16 10033 9 12 3 0 310 0 0
radio 16 9986
radio 16 10500
radio 16 10637
radio 16 11150
radio 16 11167
radio 16 11681
radio 16 11755
radio 16 12269
radio 16 12286
radio 16 12800
radio 16 12817
radio 16 13331
radio 16 13348
radio 16 13862
radio 16 13879
radio 16 14393
radio 16 14410
radio 16 14924
radio 16 14953
radio 16 15467
radio 16 15484
radio 16 15998
radio 16 16015
radio 16 16529
radio 16 16582
radio 16 17096
radio 16 17131
radio 16 17645
radio 16 17662
radio 16 18176
radio 16 18193
radio 16 18707
radio 16 18778
radio 16 19292
radio 16 19344
radio 16 19858
radio 16 19875
radio 16 20389
radio 16 20420
radio 16 20934
radio 16 20986
radio 16 21500
radio 16 21551
radio 16 22065
radio 16 22136
radio 16 22650
radio 16 22667
radio 16 23181
radio 16 23233
radio 16 23747
radio 16 23775
radio 16 24289
radio 16 24323
radio 16 24837
radio 16 24854
radio 16 25368
radio 16 25385
radio 16 25899
radio 16 25916
radio 16 26430
radio 16 26461
radio 16 26975
radio 16 27008
radio 16 27522
radio 16 27539
radio 16 28053
radio 16 28070
radio 16 28584
radio 16 28601
radio 16 29115
radio 16 29265
radio 16 29779
radio 16 29809
radio 16 30323
radio 16 30372
radio 16 30886
delay 25 12 16 30934 16 31452 9 12 3 0 501 0 0
radio 16 30942
radio 16 31456
radio 16 31619
radio 16 32133
radio 16 32150
radio 16 32664
radio 16 32700
radio 16 33214
radio 16 33247
radio 16 33761
radio 16 33778
radio 16 34292
radio 16 34309
radio 16 34823
radio 16 34854
radio 16 35368
radio 16 35385
radio 16 35899
radio 16 35972
radio 16 36486
radio 16 36520
radio 16 37034
radio 16 37051
radio 16 37565
radio 16 37596
radio 16 38110
radio 16 38127
radio 16 38641
radio 16 38658
radio 16 39172
radio 16 39189
radio 16 39703
radio 16 39739
radio 16 40253
radio 16 40288
radio 16 40802
radio 16 40839
radio 16 41353
radio 16 41370
radio 16 41884
radio 16 41901
radio 16 42415
radio 16 42443
radio 16 42957
radio 16 43007
radio 16 43521
radio 16 43538
radio 16 44052
radio 16 44087
radio 16 44601
radio 16 44618
radio 16 45132
radio 16 45149
radio 16 45663
radio 16 45680
radio 16 46194
radio 16 46211
radio 16 46725
radio 16 46761
radio 16 47275
radio 16 47311
radio 16 47825
radio 16 47842
radio 16 48356
radio 16 48384
radio 16 48898
radio 16 48915
radio 16 49429
radio 16 49446
radio 16 49960
radio 16 49990
radio 16 50504
radio 16 50537
radio 16 51051
delay 26 42 16 51155 16 51168 7 12 5 0 421 0 0
radio 16 51163
radio 16 51678
radio 16 51699
radio 16 52212
radio 16 52229
radio 16 52743
radio 16 52773
radio 16 53287
radio 16 53304
energy 16 53428 7 54418
radio 16 53818
radio 16 53926
radio 16 54440
radio 16 54457
radio 16 54971
radio 16 54988
radio 16 55502
radio 16 55519
radio 16 56033
radio 16 56050
radio 16 56564
radio 16 56581
radio 16 57095
radio 16 57112
radio 16 57626
radio 16 57655
radio 16 58169
radio 16 58186
radio 16 58700
radio 16 58728
radio 16 59242
radio 16 59259
radio 16 59773
radio 16 59790
radio 16 60304
radio 16 60337
radio 16 60851
radio 16 60868
radio 16 61382
radio 16 61399
radio 16 61913
radio 16 61947
radio 16 62461
radio 16 62510
radio 16 63024
radio 16 63041
radio 16 63555
radio 16 63586
radio 16 64100
radio 16 64136
radio 16 64650
radio 16 64680
radio 16 65194
radio 16 65211
radio 17 189
radio 17 221
radio 17 735
radio 17 752
radio 17 1265
radio 17 1294
radio 17 1808
radio 17 1825
radio 17 2338
radio 17 2355
radio 17 2869
radio 17 2886
radio 17 3399
radio 17 3474
radio 17 3988
radio 17 4005
radio 17 4518
radio 17 4547
radio 17 5061
radio 17 5078
radio 17 5591
radio 17 5679
radio 17 6193
delay 27 42 17 6319 17 6332 7 12 5 0 472 0 0
radio 17 6327
radio 17 6841
radio 17 6938
radio 17 7451
radio 17 7500
radio 17 8014
radio 17 8031
radio 17 8544
radio 17 8595
radio 17 9109
radio 17 9137
radio 17 9651
radio 17 9668
radio 17 10181
radio 17 10213
radio 17 10727
radio 17 10744
radio 17 11258
radio 17 11292
radio 17 11806
radio 17 11823
radio 17 12337
radio 17 12369
radio 17 12883
radio 17 12913
radio 17 13427
radio 17 13444
radio 17 13958
radio 17 13975
radio 17 14489
radio 17 14524
radio 17 15038
radio 17 15109
radio 17 15623
radio 17 15654
radio 17 16168
radio 17 16202
radio 17 16716
radio 17 16733
radio 17 17247
radio 17 17282
radio 17 17796
radio 17 17813
radio 17 18327
radio 17 18377
radio 17 18891
radio 17 18979
radio 17 19493
radio 17 19529
radio 17 20043
radio 17 20060
radio 17 20574
radio 17 20591
radio 17 21105
radio 17 21193
radio 17 21707
radio 17 21724
radio 17 22238
radio 17 22272
radio 17 22786
radio 17 22803
radio 17 23317
radio 17 23334
radio 17 23848
radio 17 23865
radio 17 24379
radio 17 24396
radio 17 24910
radio 17 24963
radio 17 25477
radio 17 25494
radio 17 26008
radio 17 26025
radio 17 26539
delay 28 3 17 26644 17 27483 9 12 3 0 422 0 0
radio 17 26652
radio 17 27166
radio 17 27183
radio 17 27697
radio 17 27717
radio 17 28231
radio 17 28263
radio 17 28777
radio 17 28794
radio 17 29308
radio 17 29362
radio 17 29876
radio 17 29931
radio 17 30445
radio 17 30462
radio 17 30976
radio 17 31046
radio 17 31560
radio 17 31612
radio 17 32126
radio 17 32143
radio 17 32657
radio 17 32674
radio 17 33188
radio 17 33205
radio 17 33719
radio 17 33748
radio 17 34262
radio 17 34279
radio 17 34793
radio 17 34825
radio 17 35339
radio 17 35356
radio 17 35870
radio 17 35902
radio 17 36416
radio 17 36433
radio 17 36947
radio 17 36964
radio 17 37478
radio 17 37495
radio 17 38009
radio 17 38042
radio 17 38556
radio 17 38573
radio 17 39087
radio 17 39104
radio 17 39618
radio 17 39635
radio 17 40149
radio 17 40166
radio 17 40680
radio 17 40697
radio 17 41211
radio 17 41244
radio 17 41758
radio 17 41775
radio 17 42289
radio 17 42318
radio 17 42832
radio 17 42849
radio 17 43363
radio 17 43398
radio 17 43912
radio 17 43929
radio 17 44443
radio 17 44460
radio 17 44974
radio 17 44991
radio 17 45505
radio 17 45522
radio 17 46036
radio 17 46072
radio 17 46586
radio 17 46668
radio 17 47182
delay 29 42 17 47226 17 47239 7 12 5 0 560 0 0
radio 17 47234
radio 17 47749
radio 17 47899
radio 17 48412
radio 17 48460
radio 17 48974
radio 17 49023
energy 17 49332 7 57430
radio 17 49537
radio 17 49613
radio 17 50127
radio 17 50162
radio 17 50676
radio 17 50765
radio 17 51279
radio 17 51331
radio 17 51845
radio 17 51913
