nodeid	clock_time_h	clock_time_l	dc_time_h	dc_time_l	insert_time	motelabMoteID	milli_time	motelabSeqNo
3	11	5354	10	12009	2018-07-22 23:17:27	40003	1532272647362	1
21	11	8398	10	14170	2018-07-22 23:17:30	40021	1532272650494	2
8	11	9428	10	14711	2018-07-22 23:17:31	40008	1532272651578	3
16	11	10461	10	15839	2018-07-22 23:17:32	40016	1532272652286	4
9	11	13494	10	18766	2018-07-22 23:17:35	40009	1532272655462	5
17	11	13527	10	18796	2018-07-22 23:17:35	40017	1532272655538	6
80	11	11480	10	16757	2018-07-22 23:17:35	40080	1532272655929	7
70	11	15591	10	23431	2018-07-22 23:17:39	40070	1532272659987	8
10	11	18654	10	25056	2018-07-22 23:17:40	40010	1532272660578	9
11	11	19645	10	26112	2018-07-22 23:17:41	40011	1532272661354	10
4	11	20680	10	25948	2018-07-22 23:17:42	40004	1532272662230	11
12	11	20690	10	25980	2018-07-22 23:17:42	40012	1532272662582	12
64	11	18650	10	24030	2018-07-22 23:17:43	40064	1532272663011	13
20	11	21715	10	27064	2018-07-22 23:17:43	40020	1532272663314	14
44	11	21703	10	26964	2018-07-22 23:17:45	40044	1532272665725	15
63	11	22739	10	29146	2018-07-22 23:17:46	40063	1532272666937	16
50	11	26809	10	33349	2018-07-22 23:17:50	40050	1532272670719	17
13	11	31932	10	38458	2018-07-22 23:17:53	40013	1532272673546	18
39	11	30918	10	36186	2018-07-22 23:17:54	40039	1532272674078	19
32	11	32963	10	39442	2018-07-22 23:17:56	40032	1532272676134	20
72	11	32975	10	38284	2018-07-22 23:17:56	40072	1532272676745	21
26	11	34017	10	40150	2018-07-22 23:17:57	40026	1532272677135	22
41	11	37077	10	42348	2018-07-22 23:18:00	40041	1532272680743	23
48	11	37073	10	43008	2018-07-22 23:18:00	40048	1532272680798	24
69	11	38097	10	44599	2018-07-22 23:18:01	40069	1532272681960	25
53	11	39118	10	45655	2018-07-22 23:18:02	40053	1532272682293	26
24	11	41167	10	46885	2018-07-22 23:18:03	40024	1532272683786	27
47	11	41160	10	47030	2018-07-22 23:18:04	40047	1532272684730	28
43	11	42174	10	47456	2018-07-22 23:18:05	40043	1532272685221	29
67	11	43216	10	48488	2018-07-22 23:18:06	40067	1532272686566	30
52	11	43226	10	49830	2018-07-22 23:18:06	40052	1532272686752	31
66	11	46262	10	51698	2018-07-22 23:18:09	40066	1532272689761	32
77	11	48340	10	53636	2018-07-22 23:18:11	40077	1532272691943	33
38	11	49354	10	55458	2018-07-22 23:18:12	40038	1532272692116	34
37	11	50362	10	56886	2018-07-22 23:18:13	40037	1532272693098	35
78	11	50401	10	55673	2018-07-22 23:18:13	40078	1532272693971	36
40	11	52457	10	58002	2018-07-22 23:18:15	40040	1532272695748	37
71	11	57554	10	64063	2018-07-22 23:18:20	40071	1532272700546	38
3	12	1258	10	14613	2018-07-22 23:18:27	40003	1532272707407	39
21	12	4302	10	15427	2018-07-22 23:18:30	40021	1532272710490	40
8	12	5332	10	15882	2018-07-22 23:18:31	40008	1532272711578	41
16	12	6364	10	17058	2018-07-22 23:18:32	40016	1532272712282	42
75	12	5332	11	11839	2018-07-22 23:18:33	40075	1532272713811	43
56	12	6340	11	12801	2018-07-22 23:18:34	40056	1532272714738	44
9	12	9398	10	20560	2018-07-22 23:18:35	40009	1532272715458	45
17	12	9431	10	19993	2018-07-22 23:18:35	40017	1532272715534	46
80	12	7384	10	18650	2018-07-22 23:18:35	40080	1532272715916	47
33	12	8392	11	14726	2018-07-22 23:18:36	40033	1532272716119	48
70	12	11495	10	28150	2018-07-22 23:18:39	40070	1532272719997	49
10	12	14553	10	27356	2018-07-22 23:18:40	40010	1532272720562	50
11	12	15549	10	28475	2018-07-22 23:18:41	40011	1532272721350	51
4	12	16584	10	27810	2018-07-22 23:18:42	40004	1532272722230	52
12	12	16594	10	27157	2018-07-22 23:18:42	40012	1532272722578	53
64	12	14554	10	25330	2018-07-22 23:18:43	40064	1532272723006	54
20	12	17619	10	28302	2018-07-22 23:18:43	40020	1532272723314	55
44	12	17607	10	28128	2018-07-22 23:18:45	40044	1532272725732	56
63	12	18643	10	31069	2018-07-22 23:18:46	40063	1532272726939	57
50	12	22713	10	35842	2018-07-22 23:18:50	40050	1532272730717	58
13	12	27836	10	42507	2018-07-22 23:18:53	40013	1532272733546	59
39	12	26822	10	38476	2018-07-22 23:18:54	40039	1532272734085	60
32	12	28867	10	41828	2018-07-22 23:18:56	40032	1532272736120	61
72	12	28879	10	39547	2018-07-22 23:18:56	40072	1532272736732	62
26	12	29921	10	41989	2018-07-22 23:18:57	40026	1532272737144	63
48	12	32977	10	44763	2018-07-22 23:19:00	40048	1532272740741	64
41	12	32981	10	43730	2018-07-22 23:19:00	40041	1532272740833	65
69	12	34001	10	48178	2018-07-22 23:19:01	40069	1532272741943	66
53	12	35022	10	48134	2018-07-22 23:19:02	40053	1532272742280	67
24	12	37071	10	48668	2018-07-22 23:19:03	40024	1532272743779	68
47	12	37064	10	48733	2018-07-22 23:19:04	40047	1532272744730	69
43	12	38078	10	48643	2018-07-22 23:19:05	40043	1532272745219	70
67	12	39120	10	49665	2018-07-22 23:19:06	40067	1532272746565	71
52	12	39130	10	52954	2018-07-22 23:19:06	40052	1532272746760	72
66	12	42166	10	53141	2018-07-22 23:19:10	40066	1532272750431	73
77	12	44244	10	54900	2018-07-22 23:19:11	40077	1532272751946	74
38	12	45258	10	58952	2018-07-22 23:19:12	40038	1532272752103	75
37	12	46266	10	61539	2018-07-22 23:19:13	40037	1532272753099	76
78	12	46305	10	56890	2018-07-22 23:19:13	40078	1532272753975	77
40	12	48361	10	61170	2018-07-22 23:19:15	40040	1532272755741	78
71	12	53458	11	924	2018-07-22 23:19:20	40071	1532272760552	79
3	12	62698	10	19278	2018-07-22 23:19:27	40003	1532272767423	80
21	13	206	10	16714	2018-07-22 23:19:30	40021	1532272770492	81
8	13	1236	10	17139	2018-07-22 23:19:31	40008	1532272771575	82
16	13	2268	10	18409	2018-07-22 23:19:32	40016	1532272772283	83
75	13	1236	11	14226	2018-07-22 23:19:33	40075	1532272773801	84
56	13	2244	11	15240	2018-07-22 23:19:34	40056	1532272774740	85
9	13	5302	10	23510	2018-07-22 23:19:35	40009	1532272775459	86
17	13	5335	10	21180	2018-07-22 23:19:35	40017	1532272775535	87
80	13	3288	10	21799	2018-07-22 23:19:35	40080	1532272775919	88
33	13	4296	11	17064	2018-07-22 23:19:36	40033	1532272776111	89
70	13	7399	10	33612	2018-07-22 23:19:39	40070	1532272779991	90
10	13	10457	10	29765	2018-07-22 23:19:40	40010	1532272780559	91
11	13	11453	10	30975	2018-07-22 23:19:41	40011	1532272781351	92
4	13	12488	10	30935	2018-07-22 23:19:42	40004	1532272782227	93
12	13	12498	10	28439	2018-07-22 23:19:42	40012	1532272782579	94
64	13	10458	10	26737	2018-07-22 23:19:43	40064	1532272783000	95
20	13	13523	10	29556	2018-07-22 23:19:43	40020	1532272783315	96
44	13	13511	10	29495	2018-07-22 23:19:45	40044	1532272785725	97
63	13	14547	10	35105	2018-07-22 23:19:46	40063	1532272786925	98
50	13	18617	10	38292	2018-07-22 23:19:50	40050	1532272790716	99
13	13	23740	10	47145	2018-07-22 23:19:53	40013	1532272793543	100
39	13	22726	10	41257	2018-07-22 23:19:54	40039	1532272794076	101
32	13	24771	10	44265	2018-07-22 23:19:56	40032	1532272796123	102
72	13	24783	10	40789	2018-07-22 23:19:56	40072	1532272796734	103
26	13	25825	10	43656	2018-07-22 23:19:57	40026	1532272797137	104
48	13	28881	10	46523	2018-07-22 23:20:00	40048	1532272800738	105
41	13	28885	10	45196	2018-07-22 23:20:00	40041	1532272800811	106
69	13	29905	10	52430	2018-07-22 23:20:01	40069	1532272801943	107
53	13	30926	10	50607	2018-07-22 23:20:02	40053	1532272802283	108
24	13	32975	10	50886	2018-07-22 23:20:03	40024	1532272803789	109
47	13	32968	10	50311	2018-07-22 23:20:04	40047	1532272804730	110
43	13	33982	10	49883	2018-07-22 23:20:05	40043	1532272805218	111
67	13	35024	10	50844	2018-07-22 23:20:06	40067	1532272806564	112
52	13	35034	10	57187	2018-07-22 23:20:06	40052	1532272806752	113
66	13	38070	10	54543	2018-07-22 23:20:09	40066	1532272809965	114
77	13	40148	10	56223	2018-07-22 23:20:11	40077	1532272811950	115
38	13	41162	10	62185	2018-07-22 23:20:12	40038	1532272812107	116
37	13	42170	11	756	2018-07-22 23:20:13	40037	1532272813099	117
78	13	42209	10	58064	2018-07-22 23:20:13	40078	1532272813978	118
40	13	44265	10	64375	2018-07-22 23:20:15	40040	1532272815734	119
71	13	49362	11	3441	2018-07-22 23:20:20	40071	1532272820543	120
3	13	58602	10	23957	2018-07-22 23:20:27	40003	1532272827415	121
21	13	61646	10	18104	2018-07-22 23:20:30	40021	1532272830491	122
8	13	62676	10	18327	2018-07-22 23:20:31	40008	1532272831575	123
16	13	63708	10	19775	2018-07-22 23:20:32	40016	1532272832279	124
75	13	62676	11	16883	2018-07-22 23:20:33	40075	1532272833793	125
56	13	63684	11	17241	2018-07-22 23:20:34	40056	1532272834728	126
9	14	1206	10	26518	2018-07-22 23:20:35	40009	1532272835455	127
17	14	1239	10	22446	2018-07-22 23:20:35	40017	1532272835531	128
80	13	64728	10	24894	2018-07-22 23:20:35	40080	1532272835921	129
33	14	200	11	19028	2018-07-22 23:20:36	40033	1532272836119	130
70	14	3303	10	39323	2018-07-22 23:20:39	40070	1532272839985	131
10	14	6361	10	32088	2018-07-22 23:20:40	40010	1532272840559	132
11	14	7357	10	33363	2018-07-22 23:20:41	40011	1532272841347	133
4	14	8392	10	34032	2018-07-22 23:20:42	40004	1532272842227	134
12	14	8402	10	29750	2018-07-22 23:20:42	40012	1532272842579	135
64	14	6362	10	28107	2018-07-22 23:20:43	40064	1532272843011	136
20	14	9427	10	30888	2018-07-22 23:20:43	40020	1532272843311	137
44	14	9415	10	30823	2018-07-22 23:20:45	40044	1532272845719	138
63	14	10451	10	40013	2018-07-22 23:20:46	40063	1532272846928	139
50	14	14521	10	40657	2018-07-22 23:20:50	40050	1532272850715	140
13	14	19644	10	51797	2018-07-22 23:20:53	40013	1532272853543	141
39	14	18630	10	44061	2018-07-22 23:20:54	40039	1532272854082	142
32	14	20675	10	46713	2018-07-22 23:20:56	40032	1532272856126	143
72	14	20687	10	42276	2018-07-22 23:20:56	40072	1532272856737	144
26	14	21729	10	45604	2018-07-22 23:20:57	40026	1532272857131	145
48	14	24785	10	48481	2018-07-22 23:21:00	40048	1532272860736	146
41	14	24789	10	46864	2018-07-22 23:21:00	40041	1532272860794	147
69	14	25809	10	55499	2018-07-22 23:21:01	40069	1532272861944	148
53	14	26830	10	53122	2018-07-22 23:21:02	40053	1532272862285	149
24	14	28879	10	53189	2018-07-22 23:21:03	40024	1532272863782	150
47	14	28872	10	52202	2018-07-22 23:21:04	40047	1532272864731	151
43	14	29886	10	51092	2018-07-22 23:21:05	40043	1532272865219	152
67	14	30928	10	52180	2018-07-22 23:21:06	40067	1532272866564	153
52	14	30938	10	60752	2018-07-22 23:21:06	40052	1532272866744	154
66	14	33974	10	55955	2018-07-22 23:21:10	40066	1532272870257	155
77	14	36052	10	57588	2018-07-22 23:21:11	40077	1532272871937	156
38	14	37066	11	431	2018-07-22 23:21:12	40038	1532272872111	157
37	14	38074	11	5496	2018-07-22 23:21:13	40037	1532272873085	158
78	14	38113	10	59249	2018-07-22 23:21:13	40078	1532272873966	159
40	14	40169	11	2840	2018-07-22 23:21:15	40040	1532272875743	160
71	14	45266	11	5831	2018-07-22 23:21:20	40071	1532272880550	161
3	14	54506	10	28640	2018-07-22 23:21:27	40003	1532272887441	162
21	14	57550	10	19651	2018-07-22 23:21:30	40021	1532272890488	163
8	14	58580	10	19513	2018-07-22 23:21:31	40008	1532272891576	164
16	14	59612	10	21058	2018-07-22 23:21:32	40016	1532272892280	165
75	14	58580	11	19271	2018-07-22 23:21:33	40075	1532272893801	166
56	14	59588	11	19507	2018-07-22 23:21:34	40056	1532272894733	167
9	14	62646	10	29452	2018-07-22 23:21:35	40009	1532272895456	168
17	14	62679	10	23744	2018-07-22 23:21:35	40017	1532272895532	169
80	14	60632	10	28003	2018-07-22 23:21:35	40080	1532272895924	170
33	14	61647	11	21287	2018-07-22 23:21:36	40033	1532272896127	171
70	14	64743	10	45551	2018-07-22 23:21:39	40070	1532272899979	172
10	15	2265	10	34671	2018-07-22 23:21:40	40010	1532272900556	173
11	15	3261	10	35812	2018-07-22 23:21:41	40011	1532272901348	174
4	15	4296	10	37117	2018-07-22 23:21:42	40004	1532272902228	175
12	15	4306	10	30939	2018-07-22 23:21:42	40012	1532272902576	176
64	15	2266	10	29425	2018-07-22 23:21:43	40064	1532272903003	177
20	15	5331	10	32166	2018-07-22 23:21:43	40020	1532272903308	178
44	15	5319	10	31995	2018-07-22 23:21:45	40044	1532272905729	179
63	15	6355	10	44401	2018-07-22 23:21:46	40063	1532272906929	180
50	15	10425	10	43088	2018-07-22 23:21:50	40050	1532272910722	181
13	15	15548	10	56804	2018-07-22 23:21:53	40013	1532272913545	182
39	15	14534	10	46902	2018-07-22 23:21:54	40039	1532272914072	183
32	15	16579	10	49088	2018-07-22 23:21:56	40032	1532272916130	184
72	15	16591	10	43572	2018-07-22 23:21:56	40072	1532272916741	185
26	15	17633	10	47633	2018-07-22 23:21:57	40026	1532272917140	186
48	15	20689	10	50129	2018-07-22 23:22:00	40048	1532272920733	187
41	15	20693	10	48053	2018-07-22 23:22:00	40041	1532272920795	188
69	15	21713	10	59792	2018-07-22 23:22:01	40069	1532272921944	189
53	15	22734	10	55610	2018-07-22 23:22:02	40053	1532272922287	190
24	15	24783	10	55022	2018-07-22 23:22:03	40024	1532272923776	191
47	15	24776	10	53649	2018-07-22 23:22:04	40047	1532272924716	192
43	15	25790	10	52311	2018-07-22 23:22:05	40043	1532272925217	193
67	15	26832	10	53457	2018-07-22 23:22:06	40067	1532272926564	194
52	15	26842	10	64918	2018-07-22 23:22:06	40052	1532272926753	195
66	15	29878	10	57399	2018-07-22 23:22:10	40066	1532272930136	196
77	15	31956	10	58932	2018-07-22 23:22:11	40077	1532272931941	197
38	15	32970	11	3979	2018-07-22 23:22:12	40038	1532272932098	198
37	15	33978	11	10215	2018-07-22 23:22:13	40037	1532272933086	199
78	15	34017	10	60432	2018-07-22 23:22:13	40078	1532272933969	200
40	15	36073	11	5993	2018-07-22 23:22:15	40040	1532272935737	201
71	15	41170	11	8296	2018-07-22 23:22:20	40071	1532272940541	202
3	15	50410	10	33422	2018-07-22 23:22:27	40003	1532272947409	203
21	15	53454	10	20930	2018-07-22 23:22:30	40021	1532272950488	204
8	15	54484	10	20821	2018-07-22 23:22:31	40008	1532272951573	205
16	15	55516	10	22387	2018-07-22 23:22:32	40016	1532272952280	206
75	15	54484	11	21714	2018-07-22 23:22:33	40075	1532272953794	207
56	15	55492	11	22382	2018-07-22 23:22:34	40056	1532272954739	208
9	15	58550	10	32420	2018-07-22 23:22:35	40009	1532272955456	209
17	15	58583	10	24975	2018-07-22 23:22:35	40017	1532272955528	210
80	15	56536	10	31100	2018-07-22 23:22:35	40080	1532272955911	211
33	15	57544	11	23759	2018-07-22 23:22:36	40033	1532272956104	212
70	15	60656	10	51557	2018-07-22 23:22:39	40070	1532272959989	213
10	15	63705	10	37209	2018-07-22 23:22:40	40010	1532272960556	214
11	15	64701	10	38384	2018-07-22 23:22:41	40011	1532272961348	215
4	16	200	10	40262	2018-07-22 23:22:42	40004	1532272962224	216
12	16	210	10	32445	2018-07-22 23:22:42	40012	1532272962576	217
64	15	63706	10	30735	2018-07-22 23:22:42	40064	1532272962998	218
20	16	1235	10	33432	2018-07-22 23:22:43	40020	1532272963308	219
44	16	1223	10	33210	2018-07-22 23:22:45	40044	1532272965723	220
63	16	2259	10	50228	2018-07-22 23:22:46	40063	1532272966931	221
50	16	6329	10	45684	2018-07-22 23:22:50	40050	1532272970722	222
13	16	11452	10	61608	2018-07-22 23:22:53	40013	1532272973542	223
39	16	10438	10	49736	2018-07-22 23:22:54	40039	1532272974077	224
32	16	12483	10	51523	2018-07-22 23:22:56	40032	1532272976117	225
72	16	12495	10	45040	2018-07-22 23:22:56	40072	1532272976728	226
26	16	13537	10	49958	2018-07-22 23:22:57	40026	1532272977133	227
48	16	16593	10	52337	2018-07-22 23:23:00	40048	1532272980731	228
41	16	16597	10	49963	2018-07-22 23:23:00	40041	1532272980762	229
69	16	17617	10	63362	2018-07-22 23:23:01	40069	1532272981944	230
53	16	18638	10	58103	2018-07-22 23:23:02	40053	1532272982289	231
24	16	20687	10	57399	2018-07-22 23:23:03	40024	1532272983786	232
47	16	20680	10	55727	2018-07-22 23:23:04	40047	1532272984717	233
43	16	21694	10	53575	2018-07-22 23:23:05	40043	1532272985217	234
67	16	22736	10	55063	2018-07-22 23:23:06	40067	1532272986564	235
52	16	22746	11	3533	2018-07-22 23:23:06	40052	1532272986745	236
66	16	25782	10	58840	2018-07-22 23:23:09	40066	1532272989759	237
77	16	27860	10	60222	2018-07-22 23:23:11	40077	1532272991944	238
38	16	28874	11	7712	2018-07-22 23:23:12	40038	1532272992104	239
37	16	29882	11	15068	2018-07-22 23:23:13	40037	1532272993087	240
78	16	29921	10	61587	2018-07-22 23:23:13	40078	1532272993973	241
40	16	31977	11	9981	2018-07-22 23:23:15	40040	1532272995732	242
71	16	37074	11	10716	2018-07-22 23:23:20	40071	1532273000548	243
3	16	46314	10	38280	2018-07-22 23:23:27	40003	1532273007426	244
21	16	49358	10	22389	2018-07-22 23:23:30	40021	1532273010489	245
8	16	50388	10	22108	2018-07-22 23:23:31	40008	1532273011573	246
16	16	51420	10	23712	2018-07-22 23:23:32	40016	1532273012277	247
75	16	50388	11	24136	2018-07-22 23:23:33	40075	1532273013802	248
56	16	51396	11	24654	2018-07-22 23:23:34	40056	1532273014730	249
9	16	54454	10	35363	2018-07-22 23:23:35	40009	1532273015453	250
17	16	54487	10	26520	2018-07-22 23:23:35	40017	1532273015530	251
80	16	52440	10	34206	2018-07-22 23:23:35	40080	1532273015914	252
33	16	53448	11	26088	2018-07-22 23:23:36	40033	1532273016113	253
70	16	56551	10	57595	2018-07-22 23:23:39	40070	1532273019983	254
10	16	59609	10	39811	2018-07-22 23:23:40	40010	1532273020553	255
11	16	60605	10	40824	2018-07-22 23:23:41	40011	1532273021345	256
4	16	61640	10	43403	2018-07-22 23:23:42	40004	1532273022225	257
12	16	61650	10	34170	2018-07-22 23:23:42	40012	1532273022573	258
64	16	59610	10	32006	2018-07-22 23:23:43	40064	1532273023009	259
20	16	62675	10	34648	2018-07-22 23:23:43	40020	1532273023309	260
44	16	62663	10	34611	2018-07-22 23:23:45	40044	1532273025718	261
63	16	63699	10	56247	2018-07-22 23:23:46	40063	1532273026933	262
50	17	2233	10	47986	2018-07-22 23:23:50	40050	1532273030705	263
13	17	7356	11	809	2018-07-22 23:23:53	40013	1532273033541	264
39	17	6342	10	52579	2018-07-22 23:23:54	40039	1532273034066	265
32	17	8387	10	53965	2018-07-22 23:23:56	40032	1532273036121	266
72	17	8399	10	46359	2018-07-22 23:23:56	40072	1532273036732	267
26	17	9441	10	51452	2018-07-22 23:23:57	40026	1532273037142	268
48	17	12497	10	53775	2018-07-22 23:24:00	40048	1532273040729	269
41	17	12501	10	51314	2018-07-22 23:24:00	40041	1532273040764	270
69	17	13521	11	1441	2018-07-22 23:24:01	40069	1532273041945	271
53	17	14542	10	60522	2018-07-22 23:24:02	40053	1532273042276	272
24	17	16591	10	59362	2018-07-22 23:24:03	40024	1532273043779	273
47	17	16584	10	56944	2018-07-22 23:24:04	40047	1532273044719	274
43	17	17598	10	54771	2018-07-22 23:24:05	40043	1532273045217	275
67	17	18640	10	56556	2018-07-22 23:24:06	40067	1532273046564	276
52	17	18650	11	7681	2018-07-22 23:24:06	40052	1532273046737	277
66	17	21686	10	60215	2018-07-22 23:24:09	40066	1532273049769	278
77	17	23764	10	61634	2018-07-22 23:24:11	40077	1532273051932	279
38	17	24778	11	11342	2018-07-22 23:24:12	40038	1532273052105	280
37	17	25786	11	19795	2018-07-22 23:24:13	40037	1532273053088	281
78	17	25825	10	62745	2018-07-22 23:24:13	40078	1532273053960	282
40	17	27881	11	13090	2018-07-22 23:24:15	40040	1532273055742	283
71	17	32978	11	13120	2018-07-22 23:24:20	40071	1532273060540	284
3	17	42218	10	42947	2018-07-22 23:24:27	40003	1532273067428	285
21	17	45262	10	23752	2018-07-22 23:24:30	40021	1532273070485	286
8	17	46292	10	23319	2018-07-22 23:24:31	40008	1532273071573	287
16	17	47324	10	25082	2018-07-22 23:24:32	40016	1532273072277	288
75	17	46292	11	26578	2018-07-22 23:24:33	40075	1532273073795	289
56	17	47300	11	27577	2018-07-22 23:24:34	40056	1532273074736	290
9	17	50358	10	38306	2018-07-22 23:24:35	40009	1532273075453	291
17	17	50391	10	27906	2018-07-22 23:24:35	40017	1532273075529	292
80	17	48344	10	37316	2018-07-22 23:24:35	40080	1532273075917	293
33	17	49352	11	28699	2018-07-22 23:24:36	40033	1532273076106	294
70	17	52455	10	63613	2018-07-22 23:24:39	40070	1532273079978	295
10	17	55513	10	42192	2018-07-22 23:24:40	40010	1532273080553	296
11	17	56509	10	43320	2018-07-22 23:24:41	40011	1532273081345	297
4	17	57544	10	46536	2018-07-22 23:24:42	40004	1532273082221	298
12	17	57554	10	35596	2018-07-22 23:24:42	40012	1532273082573	299
64	17	55514	10	33319	2018-07-22 23:24:43	40064	1532273083005	300
20	17	58579	10	35898	2018-07-22 23:24:43	40020	1532273083305	301
44	17	58567	10	35978	2018-07-22 23:24:45	40044	1532273085712	302
63	17	59603	10	59900	2018-07-22 23:24:46	40063	1532273086935	303
50	17	63673	10	50476	2018-07-22 23:24:50	40050	1532273090705	304
13	18	3260	11	5636	2018-07-22 23:24:53	40013	1532273093541	305
39	18	2246	10	55495	2018-07-22 23:24:54	40039	1532273094070	306
32	18	4291	10	56352	2018-07-22 23:24:56	40032	1532273096126	307
72	18	4303	10	47843	2018-07-22 23:24:56	40072	1532273096736	308
26	18	5345	10	53711	2018-07-22 23:24:57	40026	1532273097136	309
48	18	8401	10	55815	2018-07-22 23:25:00	40048	1532273100726	310
41	18	8405	10	52622	2018-07-22 23:25:00	40041	1532273100755	311
69	18	9425	11	5085	2018-07-22 23:25:01	40069	1532273101929	312
53	18	10446	10	62982	2018-07-22 23:25:02	40053	1532273102280	313
24	18	12495	10	61507	2018-07-22 23:25:03	40024	1532273103773	314
47	18	12488	10	58716	2018-07-22 23:25:04	40047	1532273104721	315
43	18	13502	10	55989	2018-07-22 23:25:05	40043	1532273105219	316
67	18	14544	10	57801	2018-07-22 23:25:06	40067	1532273106564	317
52	18	14554	11	11829	2018-07-22 23:25:06	40052	1532273106746	318
66	18	17590	10	61571	2018-07-22 23:25:09	40066	1532273109755	319
77	18	19668	10	62937	2018-07-22 23:25:11	40077	1532273111935	320
38	18	20682	11	14961	2018-07-22 23:25:12	40038	1532273112093	321
37	18	21696	11	24499	2018-07-22 23:25:13	40037	1532273113089	322
78	18	21729	10	63931	2018-07-22 23:25:13	40078	1532273113964	323
40	18	23785	11	16266	2018-07-22 23:25:15	40040	1532273115737	324
71	18	28882	11	15528	2018-07-22 23:25:20	40071	1532273120547	325
3	18	38122	10	47693	2018-07-22 23:25:27	40003	1532273127418	326
21	18	41166	10	25027	2018-07-22 23:25:30	40021	1532273130486	327
8	18	42196	10	24607	2018-07-22 23:25:31	40008	1532273131570	328
16	18	43228	10	26417	2018-07-22 23:25:32	40016	1532273132274	329
75	18	42196	11	28962	2018-07-22 23:25:33	40075	1532273133787	330
56	18	43204	11	29407	2018-07-22 23:25:34	40056	1532273134726	331
9	18	46262	10	41339	2018-07-22 23:25:35	40009	1532273135450	332
17	18	46295	10	29109	2018-07-22 23:25:35	40017	1532273135526	333
80	18	44248	10	40522	2018-07-22 23:25:35	40080	1532273135920	334
33	18	45256	11	30707	2018-07-22 23:25:36	40033	1532273136114	335
70	18	48359	11	3846	2018-07-22 23:25:39	40070	1532273139972	336
10	18	51417	10	44632	2018-07-22 23:25:40	40010	1532273140550	337
11	18	52413	10	45794	2018-07-22 23:25:41	40011	1532273141342	338
4	18	53448	10	49711	2018-07-22 23:25:42	40004	1532273142222	339
12	18	53458	10	36860	2018-07-22 23:25:42	40012	1532273142570	340
64	18	51418	10	34631	2018-07-22 23:25:43	40064	1532273143002	341
20	18	54483	10	37169	2018-07-22 23:25:43	40020	1532273143306	342
44	18	54471	10	37152	2018-07-22 23:25:45	40044	1532273145722	343
63	18	55507	10	62876	2018-07-22 23:25:46	40063	1532273146921	344
50	18	59577	10	52950	2018-07-22 23:25:50	40050	1532273150705	345
13	18	64700	11	10620	2018-07-22 23:25:53	40013	1532273153538	346
39	18	63686	10	58445	2018-07-22 23:25:54	40039	1532273154074	347
32	19	195	10	58793	2018-07-22 23:25:56	40032	1532273156112	348
72	19	207	10	49088	2018-07-22 23:25:56	40072	1532273156739	349
26	19	1249	10	55336	2018-07-22 23:25:57	40026	1532273157129	350
41	19	4309	10	53985	2018-07-22 23:26:00	40041	1532273160727	351
48	19	4305	10	57109	2018-07-22 23:26:00	40048	1532273160779	352
69	19	5329	11	8791	2018-07-22 23:26:01	40069	1532273161929	353
53	19	6350	10	65480	2018-07-22 23:26:02	40053	1532273162280	354
24	19	8399	10	63114	2018-07-22 23:26:03	40024	1532273163783	355
47	19	8392	10	59898	2018-07-22 23:26:04	40047	1532273164722	356
43	19	9406	10	57165	2018-07-22 23:26:05	40043	1532273165216	357
67	19	10448	10	59002	2018-07-22 23:26:06	40067	1532273166565	358
52	19	10458	11	15461	2018-07-22 23:26:06	40052	1532273166738	359
66	19	13494	10	62957	2018-07-22 23:26:09	40066	1532273169875	360
77	19	15572	10	64284	2018-07-22 23:26:11	40077	1532273171939	361
38	19	16586	11	18662	2018-07-22 23:26:12	40038	1532273172097	362
37	19	17594	11	29378	2018-07-22 23:26:13	40037	1532273173074	363
78	19	17633	10	65109	2018-07-22 23:26:13	40078	1532273173967	364
40	19	19689	11	19563	2018-07-22 23:26:15	40040	1532273175731	365
71	19	24786	11	17997	2018-07-22 23:26:20	40071	1532273180539	366
3	19	34026	10	52500	2018-07-22 23:26:27	40003	1532273187410	367
21	19	37070	10	26286	2018-07-22 23:26:30	40021	1532273190487	368
8	19	38100	10	25791	2018-07-22 23:26:31	40008	1532273191570	369
16	19	39132	10	27802	2018-07-22 23:26:32	40016	1532273192274	370
75	19	38100	11	31384	2018-07-22 23:26:33	40075	1532273193795	371
56	19	39108	11	32392	2018-07-22 23:26:34	40056	1532273194734	372
9	19	42166	10	44282	2018-07-22 23:26:35	40009	1532273195450	373
17	19	42199	10	30327	2018-07-22 23:26:35	40017	1532273195532	374
80	19	40152	10	42961	2018-07-22 23:26:35	40080	1532273195907	375
33	19	41160	11	33198	2018-07-22 23:26:36	40033	1532273196108	376
70	19	44263	11	9822	2018-07-22 23:26:39	40070	1532273199967	377
10	19	47321	10	47174	2018-07-22 23:26:40	40010	1532273200550	378
11	19	48317	10	48198	2018-07-22 23:26:41	40011	1532273201342	379
4	19	49352	10	52872	2018-07-22 23:26:42	40004	1532273202222	380
12	19	49362	10	38149	2018-07-22 23:26:42	40012	1532273202570	381
64	19	47322	10	35901	2018-07-22 23:26:42	40064	1532273202996	382
20	19	50387	10	38454	2018-07-22 23:26:43	40020	1532273203302	383
44	19	50375	10	38423	2018-07-22 23:26:45	40044	1532273205716	384
63	19	51411	11	981	2018-07-22 23:26:46	40063	1532273206922	385
50	19	55481	10	55503	2018-07-22 23:26:50	40050	1532273210705	386
13	19	60604	11	15360	2018-07-22 23:26:53	40013	1532273213538	387
39	19	59590	10	61258	2018-07-22 23:26:54	40039	1532273214063	388
32	19	61635	10	61257	2018-07-22 23:26:56	40032	1532273216116	389
72	19	61647	10	50433	2018-07-22 23:26:56	40072	1532273216727	390
26	19	62689	10	57174	2018-07-22 23:26:57	40026	1532273217138	391
41	20	213	10	55545	2018-07-22 23:27:00	40041	1532273220723	392
48	20	209	10	58821	2018-07-22 23:27:00	40048	1532273220780	393
69	20	1233	11	13059	2018-07-22 23:27:01	40069	1532273221930	394
53	20	2254	11	2564	2018-07-22 23:27:02	40053	1532273222283	395
24	20	4303	10	65009	2018-07-22 23:27:03	40024	1532273223777	396
47	20	4296	10	61604	2018-07-22 23:27:04	40047	1532273224723	397
43	20	5310	10	58370	2018-07-22 23:27:05	40043	1532273225215	398
67	20	6352	10	60429	2018-07-22 23:27:06	40067	1532273226565	399
52	20	6362	11	19614	2018-07-22 23:27:06	40052	1532273226731	400
66	20	9398	10	64413	2018-07-22 23:27:10	40066	1532273230001	401
77	20	11476	11	70	2018-07-22 23:27:11	40077	1532273231926	402
38	20	12490	11	22025	2018-07-22 23:27:12	40038	1532273232101	403
37	20	13498	11	33980	2018-07-22 23:27:13	40037	1532273233074	404
78	20	13537	11	720	2018-07-22 23:27:13	40078	1532273233973	405
40	20	15593	11	23183	2018-07-22 23:27:15	40040	1532273235726	406
71	20	20694	11	20390	2018-07-22 23:27:20	40071	1532273240546	407
3	20	29930	10	57229	2018-07-22 23:27:27	40003	1532273247936	408
21	20	32974	10	27816	2018-07-22 23:27:30	40021	1532273250483	409
8	20	34004	10	26979	2018-07-22 23:27:31	40008	1532273251571	410
16	20	35036	10	29217	2018-07-22 23:27:32	40016	1532273252271	411
75	20	34004	11	33783	2018-07-22 23:27:33	40075	1532273253788	412
56	20	35012	11	34858	2018-07-22 23:27:34	40056	1532273254723	413
9	20	38070	10	47281	2018-07-22 23:27:35	40009	1532273255447	414
17	20	38103	10	31603	2018-07-22 23:27:35	40017	1532273255527	415
80	20	36056	10	46060	2018-07-22 23:27:35	40080	1532273255909	416
33	20	37064	11	35077	2018-07-22 23:27:36	40033	1532273256101	417
70	20	40167	11	15535	2018-07-22 23:27:39	40070	1532273259977	418
10	20	43225	10	49778	2018-07-22 23:27:40	40010	1532273260547	419
11	20	44221	10	50614	2018-07-22 23:27:41	40011	1532273261343	420
4	20	45256	10	55990	2018-07-22 23:27:42	40004	1532273262219	421
12	20	45266	10	39373	2018-07-22 23:27:42	40012	1532273262571	422
64	20	43226	10	37203	2018-07-22 23:27:43	40064	1532273263007	423
20	20	46291	10	39750	2018-07-22 23:27:43	40020	1532273263303	424
44	20	46279	10	39684	2018-07-22 23:27:45	40044	1532273265710	425
63	20	47315	11	4903	2018-07-22 23:27:46	40063	1532273266924	426
50	20	51385	10	57988	2018-07-22 23:27:50	40050	1532273270704	427
13	20	56508	11	19960	2018-07-22 23:27:53	40013	1532273273539	428
39	20	55494	10	64068	2018-07-22 23:27:54	40039	1532273274067	429
32	20	57539	10	63619	2018-07-22 23:27:56	40032	1532273276119	430
72	20	57551	10	51692	2018-07-22 23:27:56	40072	1532273276731	431
26	20	58593	10	59087	2018-07-22 23:27:57	40026	1532273277132	432
41	20	61653	10	57328	2018-07-22 23:28:00	40041	1532273280720	433
48	20	61649	10	61122	2018-07-22 23:28:00	40048	1532273280747	434
69	20	62673	11	17399	2018-07-22 23:28:01	40069	1532273281930	435
53	20	63694	11	4961	2018-07-22 23:28:02	40053	1532273282287	436
24	21	207	11	1875	2018-07-22 23:28:03	40024	1532273283771	437
47	21	200	10	63733	2018-07-22 23:28:04	40047	1532273284709	438
43	21	1214	10	59598	2018-07-22 23:28:05	40043	1532273285214	439
67	21	2256	10	61755	2018-07-22 23:28:06	40067	1532273286550	440
52	21	2266	11	23825	2018-07-22 23:28:06	40052	1532273286739	441
66	21	5302	11	295	2018-07-22 23:28:10	40066	1532273290093	442
77	21	7380	11	1343	2018-07-22 23:28:11	40077	1532273291930	443
38	21	8394	11	25841	2018-07-22 23:28:12	40038	1532273292088	444
37	21	9402	11	38710	2018-07-22 23:28:13	40037	1532273293075	445
78	21	9441	11	1909	2018-07-22 23:28:13	40078	1532273293959	446
40	21	11497	11	27047	2018-07-22 23:28:15	40040	1532273295737	447
71	21	16594	11	22913	2018-07-22 23:28:20	40071	1532273300538	448
3	21	25834	10	61911	2018-07-22 23:28:27	40003	1532273307411	449
21	21	28882	10	29607	2018-07-22 23:28:30	40021	1532273310499	450
8	21	29908	10	28208	2018-07-22 23:28:31	40008	1532273311567	451
16	21	30946	10	30616	2018-07-22 23:28:32	40016	1532273312279	452
75	21	29908	11	36242	2018-07-22 23:28:33	40075	1532273313780	453
56	21	30916	11	37961	2018-07-22 23:28:34	40056	1532273314729	454
9	21	33974	10	49681	2018-07-22 23:28:35	40009	1532273315447	455
17	21	34007	10	32901	2018-07-22 23:28:35	40017	1532273315523	456
80	21	31960	10	49228	2018-07-22 23:28:35	40080	1532273315913	457
33	21	32968	11	37343	2018-07-22 23:28:36	40033	1532273316110	458
70	21	36071	11	22143	2018-07-22 23:28:39	40070	1532273319972	459
10	21	39129	10	52350	2018-07-22 23:28:40	40010	1532273320547	460
11	21	40125	10	53062	2018-07-22 23:28:41	40011	1532273321339	461
4	21	41160	10	59176	2018-07-22 23:28:42	40004	1532273322219	462
12	21	41170	10	40613	2018-07-22 23:28:42	40012	1532273322567	463
64	21	39130	10	38448	2018-07-22 23:28:43	40064	1532273323002	464
20	21	42195	10	41148	2018-07-22 23:28:43	40020	1532273323299	465
44	21	42183	10	40878	2018-07-22 23:28:45	40044	1532273325721	466
63	21	43219	11	9001	2018-07-22 23:28:46	40063	1532273326925	467
50	21	47289	10	60483	2018-07-22 23:28:50	40050	1532273330704	468
13	21	52412	11	24647	2018-07-22 23:28:53	40013	1532273333541	469
39	21	51398	11	1401	2018-07-22 23:28:54	40039	1532273334055	470
32	21	53443	11	444	2018-07-22 23:28:56	40032	1532273336123	471
72	21	53455	10	53026	2018-07-22 23:28:56	40072	1532273336734	472
26	21	54497	10	60830	2018-07-22 23:28:57	40026	1532273337125	473
41	21	57557	10	58788	2018-07-22 23:29:00	40041	1532273340717	474
48	21	57553	10	62698	2018-07-22 23:29:00	40048	1532273340747	475
69	21	58577	11	21064	2018-07-22 23:29:01	40069	1532273341931	476
53	21	59598	11	7542	2018-07-22 23:29:02	40053	1532273342287	477
24	21	61647	11	3886	2018-07-22 23:29:03	40024	1532273343781	478
47	21	61640	10	65397	2018-07-22 23:29:04	40047	1532273344710	479
43	21	62654	10	60843	2018-07-22 23:29:05	40043	1532273345213	480
67	21	63696	10	63100	2018-07-22 23:29:06	40067	1532273346550	481
52	21	63706	11	27973	2018-07-22 23:29:06	40052	1532273346732	482
66	22	1206	11	1640	2018-07-22 23:29:09	40066	1532273349786	483
77	22	3284	11	2591	2018-07-22 23:29:11	40077	1532273351933	484
38	22	4306	11	29166	2018-07-22 23:29:12	40038	1532273352110	485
37	22	5306	11	43358	2018-07-22 23:29:13	40037	1532273353076	486
78	22	5345	11	3095	2018-07-22 23:29:13	40078	1532273353962	487
40	22	7401	11	30463	2018-07-22 23:29:15	40040	1532273355731	488
71	22	12498	11	25482	2018-07-22 23:29:20	40071	1532273360545	489
3	22	21738	11	1190	2018-07-22 23:29:27	40003	1532273367453	490
21	22	24782	10	31690	2018-07-22 23:29:30	40021	1532273370484	491
8	22	25812	10	29925	2018-07-22 23:29:31	40008	1532273371568	492
16	22	26844	10	31966	2018-07-22 23:29:32	40016	1532273372272	493
75	22	25812	11	38664	2018-07-22 23:29:33	40075	1532273373789	494
56	22	26820	11	40151	2018-07-22 23:29:34	40056	1532273374720	495
9	22	29878	10	53034	2018-07-22 23:29:35	40009	1532273375448	496
17	22	29911	10	34090	2018-07-22 23:29:35	40017	1532273375524	497
80	22	27864	10	52430	2018-07-22 23:29:35	40080	1532273375915	498
33	22	28872	11	39283	2018-07-22 23:29:36	40033	1532273376104	499
70	22	31975	11	28482	2018-07-22 23:29:39	40070	1532273379966	500
10	22	35033	10	54846	2018-07-22 23:29:40	40010	1532273380544	501
11	22	36029	10	55641	2018-07-22 23:29:41	40011	1532273381340	502
4	22	37064	10	63229	2018-07-22 23:29:42	40004	1532273382217	503
12	22	37074	10	42188	2018-07-22 23:29:42	40012	1532273382568	504
64	22	35034	10	39784	2018-07-22 23:29:42	40064	1532273382998	505
20	22	38099	10	42353	2018-07-22 23:29:43	40020	1532273383300	506
44	22	38087	10	42079	2018-07-22 23:29:45	40044	1532273385715	507
63	22	39123	11	12824	2018-07-22 23:29:46	40063	1532273386927	508
50	22	43193	10	62908	2018-07-22 23:29:50	40050	1532273390704	509
13	22	48316	11	29545	2018-07-22 23:29:53	40013	1532273393536	510
39	22	47302	11	4233	2018-07-22 23:29:54	40039	1532273394059	511
32	22	49347	11	2943	2018-07-22 23:29:56	40032	1532273396111	512
72	22	49359	10	54317	2018-07-22 23:29:56	40072	1532273396724	513
26	22	50401	10	62930	2018-07-22 23:29:57	40026	1532273397135	514
41	22	53461	10	60024	2018-07-22 23:30:00	40041	1532273400714	515
48	22	53457	10	64083	2018-07-22 23:30:00	40048	1532273400746	516
69	22	54481	11	23580	2018-07-22 23:30:01	40069	1532273401915	517
53	22	55502	11	10016	2018-07-22 23:30:02	40053	1532273402274	518
24	22	57551	11	5370	2018-07-22 23:30:03	40024	1532273403775	519
47	22	57544	11	1158	2018-07-22 23:30:04	40047	1532273404712	520
43	22	58558	10	62056	2018-07-22 23:30:05	40043	1532273405213	521
67	22	59600	10	64314	2018-07-22 23:30:06	40067	1532273406551	522
52	22	59610	11	32087	2018-07-22 23:30:06	40052	1532273406724	523
66	22	62646	11	3089	2018-07-22 23:30:10	40066	1532273410419	524
77	22	64724	11	3950	2018-07-22 23:30:11	40077	1532273411936	525
38	23	202	11	33031	2018-07-22 23:30:12	40038	1532273412096	526
37	23	1210	11	48112	2018-07-22 23:30:13	40037	1532273413077	527
78	23	1249	11	4322	2018-07-22 23:30:13	40078	1532273413966	528
40	23	3305	11	33839	2018-07-22 23:30:15	40040	1532273415725	529
71	23	8411	11	27890	2018-07-22 23:30:20	40071	1532273420553	530
3	23	17642	11	5978	2018-07-22 23:30:27	40003	1532273427403	531
21	23	20686	10	33186	2018-07-22 23:30:30	40021	1532273430480	532
8	23	21716	10	31182	2018-07-22 23:30:31	40008	1532273431564	533
16	23	22748	10	33306	2018-07-22 23:30:32	40016	1532273432268	534
75	23	21716	11	41083	2018-07-22 23:30:33	40075	1532273433781	535
56	23	22724	11	42772	2018-07-22 23:30:34	40056	1532273434728	536
9	23	25782	10	56026	2018-07-22 23:30:35	40009	1532273435444	537
17	23	25815	10	35356	2018-07-22 23:30:35	40017	1532273435520	538
80	23	23768	10	55535	2018-07-22 23:30:35	40080	1532273435902	539
33	23	24776	11	41941	2018-07-22 23:30:36	40033	1532273436097	540
70	23	27879	11	34183	2018-07-22 23:30:39	40070	1532273439961	541
10	23	30937	10	57605	2018-07-22 23:30:40	40010	1532273440544	542
11	23	31933	10	58135	2018-07-22 23:30:41	40011	1532273441336	543
4	23	32968	11	877	2018-07-22 23:30:42	40004	1532273442216	544
12	23	32978	10	43465	2018-07-22 23:30:42	40012	1532273442564	545
64	23	30938	10	41045	2018-07-22 23:30:42	40064	1532273442993	546
20	23	34003	10	43653	2018-07-22 23:30:43	40020	1532273443296	547
44	23	33991	10	43288	2018-07-22 23:30:45	40044	1532273445709	548
63	23	35027	11	16847	2018-07-22 23:30:46	40063	1532273446928	549
50	23	39097	10	65430	2018-07-22 23:30:50	40050	1532273450705	550
13	23	44220	11	34233	2018-07-22 23:30:53	40013	1532273453536	551
39	23	43206	11	7028	2018-07-22 23:30:54	40039	1532273454063	552
32	23	45251	11	5389	2018-07-22 23:30:56	40032	1532273456114	553
72	23	45263	10	55690	2018-07-22 23:30:56	40072	1532273456726	554
26	23	46305	10	64475	2018-07-22 23:30:57	40026	1532273457128	555
41	23	49365	10	61340	2018-07-22 23:31:00	40041	1532273460711	556
48	23	49361	11	540	2018-07-22 23:31:00	40048	1532273460747	557
69	23	50385	11	27855	2018-07-22 23:31:01	40069	1532273461916	558
53	23	51406	11	12422	2018-07-22 23:31:02	40053	1532273462276	559
24	23	53455	11	7261	2018-07-22 23:31:03	40024	1532273463769	560
47	23	53448	11	3019	2018-07-22 23:31:04	40047	1532273464713	561
43	23	54462	10	63241	2018-07-22 23:31:05	40043	1532273465212	562
67	23	55504	11	65	2018-07-22 23:31:06	40067	1532273466551	563
52	23	55514	11	36192	2018-07-22 23:31:06	40052	1532273466732	564
66	23	58550	11	4520	2018-07-22 23:31:10	40066	1532273470236	565
77	23	60628	11	5197	2018-07-22 23:31:11	40077	1532273471926	566
38	23	61642	11	36181	2018-07-22 23:31:12	40038	1532273472084	567
37	23	62650	11	53040	2018-07-22 23:31:13	40037	1532273473062	568
78	23	62689	11	5502	2018-07-22 23:31:13	40078	1532273473954	569
40	23	64745	11	37349	2018-07-22 23:31:15	40040	1532273475736	570
71	24	4306	11	30446	2018-07-22 23:31:20	40071	1532273480544	571
3	24	13546	11	10747	2018-07-22 23:31:27	40003	1532273487453	572
21	24	16590	10	35596	2018-07-22 23:31:30	40021	1532273490481	573
8	24	17620	10	33018	2018-07-22 23:31:31	40008	1532273491565	574
16	24	18652	10	34712	2018-07-22 23:31:32	40016	1532273492269	575
75	24	17620	11	43494	2018-07-22 23:31:33	40075	1532273493789	576
56	24	18628	11	45563	2018-07-22 23:31:34	40056	1532273494721	577
9	24	21686	10	59537	2018-07-22 23:31:35	40009	1532273495445	578
17	24	21719	10	36627	2018-07-22 23:31:35	40017	1532273495521	579
80	24	19672	10	58627	2018-07-22 23:31:35	40080	1532273495905	580
33	24	20680	11	44204	2018-07-22 23:31:36	40033	1532273496107	581
70	24	23783	11	40031	2018-07-22 23:31:39	40070	1532273499955	582
10	24	26841	10	60084	2018-07-22 23:31:40	40010	1532273500545	583
11	24	27837	10	60542	2018-07-22 23:31:41	40011	1532273501337	584
4	24	28872	11	5135	2018-07-22 23:31:42	40004	1532273502213	585
12	24	28882	10	45003	2018-07-22 23:31:42	40012	1532273502565	586
64	24	26842	10	42308	2018-07-22 23:31:42	40064	1532273502989	587
20	24	29907	10	44994	2018-07-22 23:31:43	40020	1532273503297	588
44	24	29895	10	44545	2018-07-22 23:31:45	40044	1532273505703	589
63	24	30931	11	22117	2018-07-22 23:31:46	40063	1532273506913	590
50	24	35002	11	2354	2018-07-22 23:31:50	40050	1532273510704	591
13	24	40124	11	39179	2018-07-22 23:31:53	40013	1532273513533	592
39	24	39110	11	9860	2018-07-22 23:31:54	40039	1532273514051	593
32	24	41155	11	7801	2018-07-22 23:31:56	40032	1532273516118	594
72	24	41167	10	56945	2018-07-22 23:31:56	40072	1532273516730	595
26	24	42209	11	1181	2018-07-22 23:31:57	40026	1532273517122	596
41	24	45269	10	62724	2018-07-22 23:32:00	40041	1532273520709	597
48	24	45265	11	2200	2018-07-22 23:32:00	40048	1532273520756	598
69	24	46289	11	32077	2018-07-22 23:32:01	40069	1532273521916	599
53	24	47310	11	14818	2018-07-22 23:32:02	40053	1532273522279	600
24	24	49359	11	9640	2018-07-22 23:32:03	40024	1532273523779	601
47	24	49352	11	4767	2018-07-22 23:32:04	40047	1532273524715	602
43	24	50366	10	64456	2018-07-22 23:32:05	40043	1532273525214	603
67	24	51408	11	1448	2018-07-22 23:32:06	40067	1532273526552	604
52	24	51428	11	40365	2018-07-22 23:32:06	40052	1532273526741	605
66	24	54454	11	5970	2018-07-22 23:32:09	40066	1532273529788	606
77	24	56532	11	6564	2018-07-22 23:32:11	40077	1532273531928	607
38	24	57546	11	40076	2018-07-22 23:32:12	40038	1532273532088	608
37	24	58554	11	57913	2018-07-22 23:32:13	40037	1532273533065	609
78	24	58593	11	6707	2018-07-22 23:32:13	40078	1532273533957	610
40	24	60652	11	40823	2018-07-22 23:32:15	40040	1532273535730	611
71	25	210	11	32977	2018-07-22 23:32:20	40071	1532273540536	612
3	25	9450	11	15470	2018-07-22 23:32:27	40003	1532273547437	613
21	25	12494	10	37330	2018-07-22 23:32:30	40021	1532273550481	614
8	25	13524	10	34420	2018-07-22 23:32:31	40008	1532273551565	615
16	25	14556	10	36257	2018-07-22 23:32:32	40016	1532273552265	616
75	25	13524	11	45886	2018-07-22 23:32:33	40075	1532273553782	617
56	25	14532	11	47818	2018-07-22 23:32:34	40056	1532273554728	618
9	25	17590	10	62516	2018-07-22 23:32:35	40009	1532273555441	619
17	25	17623	10	38117	2018-07-22 23:32:35	40017	1532273555521	620
80	25	15576	10	61737	2018-07-22 23:32:35	40080	1532273555908	621
33	25	16584	11	46837	2018-07-22 23:32:36	40033	1532273556100	622
70	25	19687	11	46094	2018-07-22 23:32:39	40070	1532273559966	623
10	25	22745	10	62544	2018-07-22 23:32:40	40010	1532273560543	624
11	25	23741	10	63151	2018-07-22 23:32:41	40011	1532273561333	625
4	25	24776	11	8655	2018-07-22 23:32:42	40004	1532273562213	626
12	25	24786	10	46716	2018-07-22 23:32:42	40012	1532273562565	627
64	25	22746	10	43652	2018-07-22 23:32:43	40064	1532273563000	628
20	25	25811	10	46345	2018-07-22 23:32:43	40020	1532273563293	629
44	25	25799	10	45892	2018-07-22 23:32:45	40044	1532273565713	630
63	25	26835	11	27967	2018-07-22 23:32:46	40063	1532273566915	631
50	25	30905	11	4851	2018-07-22 23:32:50	40050	1532273570705	632
13	25	36028	11	43962	2018-07-22 23:32:53	40013	1532273573533	633
39	25	35014	11	12698	2018-07-22 23:32:54	40039	1532273574055	634
32	25	37059	11	10213	2018-07-22 23:32:56	40032	1532273576106	635
72	25	37071	10	58172	2018-07-22 23:32:56	40072	1532273576733	636
26	25	38113	11	2668	2018-07-22 23:32:57	40026	1532273577131	637
41	25	41173	10	64152	2018-07-22 23:33:00	40041	1532273580706	638
48	25	41169	11	4273	2018-07-22 23:33:00	40048	1532273580741	639
69	25	42193	11	35679	2018-07-22 23:33:01	40069	1532273581916	640
53	25	43214	11	17339	2018-07-22 23:33:02	40053	1532273582281	641
24	25	45263	11	11990	2018-07-22 23:33:03	40024	1532273583774	642
47	25	45256	11	6516	2018-07-22 23:33:04	40047	1532273584700	643
43	25	46270	11	135	2018-07-22 23:33:05	40043	1532273585213	644
67	25	47312	11	2729	2018-07-22 23:33:06	40067	1532273586552	645
52	25	47322	11	44531	2018-07-22 23:33:06	40052	1532273586717	646
66	25	50358	11	7419	2018-07-22 23:33:09	40066	1532273589747	647
77	25	52436	11	7803	2018-07-22 23:33:11	40077	1532273591931	648
38	25	53450	11	43208	2018-07-22 23:33:12	40038	1532273592092	649
37	25	54458	11	62590	2018-07-22 23:33:13	40037	1532273593064	650
78	25	54497	11	7860	2018-07-22 23:33:13	40078	1532273593961	651
40	25	56553	11	43768	2018-07-22 23:33:15	40040	1532273595724	652
71	25	61650	11	35509	2018-07-22 23:33:20	40071	1532273600528	653
3	26	5354	11	20359	2018-07-22 23:33:27	40003	1532273607402	654
21	26	8398	10	39710	2018-07-22 23:33:30	40021	1532273610478	655
8	26	9428	10	36586	2018-07-22 23:33:31	40008	1532273611562	656
16	26	10460	10	37747	2018-07-22 23:33:32	40016	1532273612266	657
75	26	9428	11	48316	2018-07-22 23:33:33	40075	1532273613775	658
56	26	10436	11	50146	2018-07-22 23:33:34	40056	1532273614721	659
9	26	13494	11	560	2018-07-22 23:33:35	40009	1532273615442	660
17	26	13527	10	39304	2018-07-22 23:33:35	40017	1532273615518	661
80	26	11480	10	64833	2018-07-22 23:33:35	40080	1532273615895	662
33	26	12488	11	49450	2018-07-22 23:33:36	40033	1532273616094	663
70	26	15591	11	51791	2018-07-22 23:33:39	40070	1532273619960	664
10	26	18649	10	65214	2018-07-22 23:33:40	40010	1532273620542	665
11	26	19645	11	105	2018-07-22 23:33:41	40011	1532273621334	666
4	26	20681	11	12688	2018-07-22 23:33:42	40004	1532273622222	667
12	26	20700	10	48215	2018-07-22 23:33:42	40012	1532273622574	668
64	26	18650	10	45014	2018-07-22 23:33:42	40064	1532273622996	669
20	26	21715	10	47682	2018-07-22 23:33:43	40020	1532273623294	670
