Thread[Thread-1,5,main]tree 14 7 0 14 0 0
radio 8 60624
radio 8 60628
radio 8 60644
radio 8 61158
radio 8 61233
radio 8 61747
radio 8 61778
radio 8 62292
radio 8 62309
radio 8 62822
radio 8 62839
radio 8 63352
radio 8 63369
radio 8 63882
radio 8 63914
radio 8 64428
radio 8 64463
radio 8 64977
radio 8 64994
radio 8 65507
radio 9 2
radio 9 515
radio 9 570
radio 9 1083
radio 9 1116
radio 9 1630
radio 9 1666
radio 9 2179
radio 9 2231
radio 9 2745
radio 9 2762
radio 9 3275
radio 9 3331
radio 9 3845
radio 9 3878
radio 9 4392
radio 9 4409
radio 9 4922
radio 9 4973
radio 9 5487
radio 9 5539
radio 9 6053
radio 9 6126
radio 9 6640
radio 9 6674
radio 9 7188
radio 9 7218
radio 9 7732
radio 9 7749
radio 9 8262
radio 9 8315
radio 9 8829
radio 9 8863
radio 9 9377
radio 9 9409
radio 9 9923
radio 9 9955
radio 9 10469
radio 9 10498
radio 9 11012
radio 9 11043
radio 9 11557
radio 9 11612
radio 9 12126
radio 9 12143
radio 9 12656
radio 9 12673
radio 9 13186
radio 9 13203
radio 9 13716
radio 9 13748
radio 9 14262
radio 9 14292
radio 9 14806
radio 9 14838
radio 9 15352
radio 9 15381
radio 9 15895
radio 9 15927
radio 9 16441
radio 9 16476
radio 9 16990
radio 9 17059
radio 9 17573
radio 9 17602
radio 9 18116
radio 9 18152
radio 9 18666
radio 9 18695
radio 9 19209
radio 9 19226
radio 9 19739
radio 9 19756
radio 9 20269
radio 9 20304
radio 9 20818
radio 9 20835
radio 9 21348
radio 9 21365
radio 9 21878
radio 9 21911
radio 9 22425
radio 9 22442
radio 9 22955
radio 9 23004
radio 9 23518
radio 9 23535
radio 9 24048
radio 9 24080
radio 9 24594
radio 9 24629
radio 9 25143
radio 9 25197
radio 9 25711
radio 9 25728
radio 9 26241
radio 9 26258
radio 9 26771
radio 9 26825
radio 9 27339
radio 9 27411
radio 9 27925
radio 9 27979
radio 9 28493
radio 9 28565
radio 9 29079
radio 9 29132
radio 9 29646
radio 9 29720
radio 9 30234
radio 9 30282
radio 9 30796
radio 9 30813
radio 9 31326
radio 9 31343
radio 9 31856
radio 9 31905
radio 9 32419
radio 9 32448
radio 9 32962
radio 9 32992
radio 9 33506
radio 9 33539
radio 9 34053
radio 9 34107
radio 9 34621
radio 9 34656
radio 9 35170
radio 9 35206
radio 9 35720
radio 9 35754
radio 9 36268
radio 9 36323
radio 9 36837
radio 9 36854
radio 9 37367
radio 9 37397
radio 9 37911
radio 9 37941
radio 9 38455
radio 9 38472
radio 9 38985
radio 9 39039
radio 9 39553
radio 9 39570
radio 9 40083
radio 9 40100
radio 9 40613
radio 9 40664
radio 9 41178
radio 9 41195
radio 9 41708
radio 9 41725
radio 9 42238
radio 9 42330
radio 9 42844
radio 9 42915
radio 9 43429
radio 9 43446
radio 9 43959
radio 9 44014
radio 9 44528
radio 9 44616
radio 9 45130
radio 9 45158
radio 9 45672
radio 9 45689
radio 9 46202
radio 9 46219
radio 9 46732
radio 9 46749
radio 9 47262
radio 9 47330
radio 9 47844
radio 9 47896
radio 9 48410
radio 9 48441
radio 9 48955
radio 9 48983
radio 9 49497
radio 9 49514
radio 9 50027
radio 9 50055
radio 9 50569
radio 9 50621
radio 9 51135
radio 9 51168
radio 9 51682
radio 9 51733
radio 9 52247
radio 9 52277
radio 9 52791
radio 9 52847
radio 9 53361
radio 9 53378
radio 9 53891
radio 9 53944
radio 9 54458
radio 9 54509
radio 9 55023
radio 9 55052
radio 9 55566
radio 9 55622
radio 9 56136
radio 9 56186
energy 9 56539 8 63984
radio 9 56700
radio 9 56774
radio 9 57288
radio 9 57320
radio 9 57834
radio 9 57863
radio 9 58377
radio 9 58394
radio 9 58907
radio 9 58958
radio 9 59472
radio 9 59527
radio 9 60041
radio 9 60058
radio 9 60571
radio 9 60588
radio 9 61101
radio 9 61118
radio 9 61631
radio 9 61701
radio 9 62215
radio 9 62249
radio 9 62763
radio 9 62780
radio 9 63293
radio 9 63310
radio 9 63823
radio 9 63857
radio 9 64371
radio 9 64388
radio 9 64901
radio 9 64934
radio 9 65448
radio 9 65465
radio 10 442
radio 10 459
radio 10 972
radio 10 1020
radio 10 1534
radio 10 1551
radio 10 2064
radio 10 2081
radio 10 2594
radio 10 2611
radio 10 3124
radio 10 3232
radio 10 3746
radio 10 3763
radio 10 4276
radio 10 4312
radio 10 4826
radio 10 4843
radio 10 5356
radio 10 5427
radio 10 5941
radio 10 5958
radio 10 6471
radio 10 6499
radio 10 7013
radio 10 7030
radio 10 7543
radio 10 7594
radio 10 8108
radio 10 8181
radio 10 8695
radio 10 8751
radio 10 9265
radio 10 9315
radio 10 9829
radio 10 9846
radio 10 10359
radio 10 10413
radio 10 10927
radio 10 10944
radio 10 11458
radio 10 11487
radio 10 12001
radio 10 12018
radio 10 12531
radio 10 12560
radio 10 13074
radio 10 13109
radio 10 13623
radio 10 13677
radio 10 14191
radio 10 14244
radio 10 14758
radio 10 14787
radio 10 15301
radio 10 15318
radio 10 15831
radio 10 15881
radio 10 16395
radio 10 16464
radio 10 16978
radio 10 17027
radio 10 17541
radio 10 17558
radio 10 18072
radio 10 18124
radio 10 18638
radio 10 18711
radio 10 19225
radio 10 19277
radio 10 19791
radio 10 19847
radio 10 20361
radio 10 20392
radio 10 20906
radio 10 20955
radio 10 21469
radio 10 21486
radio 10 21999
radio 10 22033
radio 10 22547
radio 10 22575
radio 10 23089
radio 10 23117
radio 10 23631
radio 10 23682
radio 10 24196
radio 10 24268
radio 10 24782
radio 10 24835
radio 10 25349
radio 10 25421
radio 10 25935
radio 10 26049
radio 10 26563
radio 10 26618
radio 10 27132
radio 10 27161
radio 10 27675
radio 10 27731
radio 10 28245
radio 10 28293
radio 10 28807
radio 10 28879
radio 10 29393
radio 10 29449
radio 10 29963
radio 10 29995
radio 10 30509
radio 10 30557
radio 10 31071
delay 0 11 10 31324 10 30987 5 7 2 0 333 0 0
radio 10 31332
radio 10 31846
radio 10 31956
radio 10 32469
radio 10 32484
radio 10 32997
radio 10 33037
radio 10 33551
radio 10 33603
radio 10 34117
radio 10 34228
radio 10 34742
radio 10 34797
radio 10 35311
radio 10 35423
radio 10 35937
radio 10 35954
radio 10 36467
radio 10 36523
radio 10 37037
radio 10 37073
radio 10 37587
radio 10 37604
radio 10 38117
radio 10 38134
radio 10 38648
radio 10 38677
radio 10 39191
radio 10 39263
radio 10 39777
radio 10 39826
radio 10 40340
radio 10 40368
radio 10 40882
radio 10 40899
radio 10 41412
radio 10 41461
radio 10 41975
radio 10 42025
radio 10 42539
radio 10 42556
radio 10 43069
radio 10 43086
radio 10 43599
radio 10 43634
radio 10 44148
radio 10 44165
radio 10 44678
radio 10 44695
radio 10 45208
radio 10 45241
radio 10 45755
radio 10 45807
radio 10 46321
radio 10 46392
radio 10 46906
radio 10 46961
radio 10 47475
radio 10 47546
radio 10 48060
radio 10 48114
radio 10 48628
radio 10 48700
radio 10 49214
radio 10 49268
radio 10 49782
radio 10 49855
radio 10 50369
radio 10 50403
radio 10 50917
radio 10 50934
radio 10 51447
delay 1 0 10 51467 10 51455 0 7 7 0 28 0 0
radio 10 51474
radio 10 51988
radio 10 52037
energy 10 52443 9 2634
radio 10 52550
radio 10 52565
radio 10 53078
radio 10 53099
radio 10 53613
radio 10 53688
radio 10 54202
radio 10 54255
radio 10 54769
radio 10 54819
radio 10 55333
radio 10 55350
radio 10 55863
radio 10 55880
radio 10 56393
radio 10 56427
radio 10 56941
radio 10 56975
radio 10 57489
radio 10 57522
radio 10 58036
radio 10 58053
radio 10 58567
radio 10 58599
radio 10 59113
radio 10 59185
radio 10 59699
radio 10 59754
radio 10 60268
radio 10 60298
radio 10 60812
radio 10 60866
radio 10 61380
radio 10 61432
radio 10 61946
radio 10 62016
radio 10 62530
radio 10 62584
radio 10 63098
radio 10 63115
radio 10 63629
radio 10 63679
radio 10 64193
radio 10 64210
radio 10 64723
radio 10 64753
radio 10 65267
radio 10 65303
radio 11 281
radio 11 309
radio 11 822
radio 11 872
radio 11 1385
radio 11 1420
radio 11 1934
radio 11 1951
radio 11 2464
radio 11 2481
radio 11 2994
radio 11 3024
radio 11 3538
radio 11 3555
radio 11 4068
radio 11 4123
radio 11 4637
radio 11 4673
radio 11 5187
radio 11 5215
radio 11 5729
radio 11 5746
radio 11 6259
radio 11 6327
radio 11 6841
delay 2 11 11 6864 11 6527 5 7 2 0 225 0 0
radio 11 6873
radio 11 7386
radio 11 7408
radio 11 7921
radio 11 7964
radio 11 8478
radio 11 8526
radio 11 9040
radio 11 9070
radio 11 9584
radio 11 9632
radio 11 10146
radio 11 10163
radio 11 10676
radio 11 10729
radio 11 11243
radio 11 11260
radio 11 11774
radio 11 11829
radio 11 12343
radio 11 12373
radio 11 12887
radio 11 12904
radio 11 13417
radio 11 13468
radio 11 13982
radio 11 14036
radio 11 14550
radio 11 14624
radio 11 15138
radio 11 15190
radio 11 15704
radio 11 15721
radio 11 16235
radio 11 16303
radio 11 16817
radio 11 16868
radio 11 17382
radio 11 17399
radio 11 17912
radio 11 17961
radio 11 18475
radio 11 18492
radio 11 19005
radio 11 19037
radio 11 19551
radio 11 19580
radio 11 20094
radio 11 20125
radio 11 20639
radio 11 20691
radio 11 21205
radio 11 21241
radio 11 21755
radio 11 21808
radio 11 22322
radio 11 22350
radio 11 22864
radio 11 22896
radio 11 23410
radio 11 23427
radio 11 23940
radio 11 23993
radio 11 24507
radio 11 24622
radio 11 25136
radio 11 25153
radio 11 25666
radio 11 25683
radio 11 26196
radio 11 26228
radio 11 26742
radio 11 26770
radio 11 27284
delay 3 23 11 27648 11 27018 9 7 65535 0 648 0 0
radio 11 27656
radio 11 28170
radio 11 28249
radio 11 28762
radio 11 28779
radio 11 29293
radio 11 29345
radio 11 29859
radio 11 29933
radio 11 30447
radio 11 30482
radio 11 30996
radio 11 31030
radio 11 31544
radio 11 31616
radio 11 32130
radio 11 32158
radio 11 32672
radio 11 32689
radio 11 33202
radio 11 33234
radio 11 33748
radio 11 33799
radio 11 34313
radio 11 34330
radio 11 34843
radio 11 34860
radio 11 35373
radio 11 35428
radio 11 35942
radio 11 35959
radio 11 36472
radio 11 36525
radio 11 37039
radio 11 37072
radio 11 37586
radio 11 37603
radio 11 38116
radio 11 38133
radio 11 38646
radio 11 38663
radio 11 39176
radio 11 39193
radio 11 39706
radio 11 39742
radio 11 40256
radio 11 40286
radio 11 40800
radio 11 40833
radio 11 41347
radio 11 41375
radio 11 41889
radio 11 41977
radio 11 42491
radio 11 42526
radio 11 43040
radio 11 43076
radio 11 43590
radio 11 43607
radio 11 44120
radio 11 44234
radio 11 44748
radio 11 44765
radio 11 45278
radio 11 45371
radio 11 45885
radio 11 45902
radio 11 46415
radio 11 46448
radio 11 46962
radio 11 47011
radio 11 47525
delay 4 3 11 47543 11 47414 7 7 65535 0 148 0 0
radio 11 47551
radio 11 48066
energy 11 48347 9 6484
radio 11 48365
radio 11 48878
radio 11 48894
radio 11 49408
radio 11 49437
radio 11 49951
radio 11 49985
radio 11 50499
radio 11 50529
radio 11 51043
radio 11 51154
radio 11 51668
radio 11 51685
radio 11 52198
radio 11 52250
radio 11 52764
radio 11 52792
radio 11 53306
radio 11 53359
radio 11 53873
radio 11 53890
radio 11 54403
radio 11 54472
radio 11 54986
radio 11 55017
radio 11 55531
radio 11 55564
radio 11 56078
radio 11 56147
radio 11 56661
radio 11 56710
radio 11 57224
radio 11 57298
radio 11 57812
radio 11 57840
radio 11 58354
radio 11 58382
radio 11 58896
radio 11 58926
radio 11 59440
radio 11 59488
radio 11 60002
radio 11 60038
radio 11 60552
radio 11 60569
radio 11 61082
radio 11 61099
radio 11 61612
radio 11 61640
radio 11 62154
radio 11 62183
radio 11 62697
radio 11 62748
radio 11 63262
radio 11 63312
radio 11 63826
radio 11 63843
radio 11 64356
radio 11 64428
radio 11 64942
radio 11 64959
radio 11 65472
radio 11 65523
radio 12 501
radio 12 570
radio 12 1083
radio 12 1100
radio 12 1613
radio 12 1663
radio 12 2177
radio 12 2246
radio 12 2760
delay 5 11 12 2778 12 2441 5 7 2 0 463 0 0
radio 12 2786
radio 12 3300
radio 12 3599
radio 12 4113
radio 12 4184
radio 12 4698
radio 12 4768
radio 12 5282
radio 12 5333
radio 12 5847
radio 12 5920
radio 12 6434
radio 12 6490
radio 12 7004
radio 12 7077
radio 12 7591
radio 12 7641
radio 12 8155
radio 12 8230
radio 12 8744
radio 12 8793
radio 12 9307
radio 12 9324
radio 12 9837
radio 12 9891
radio 12 10405
radio 12 10422
radio 12 10935
radio 12 10988
radio 12 11502
radio 12 11531
radio 12 12045
radio 12 12094
radio 12 12608
radio 12 12636
radio 12 13150
radio 12 13200
radio 12 13714
radio 12 13787
radio 12 14301
radio 12 14369
radio 12 14883
radio 12 14912
radio 12 15426
radio 12 15443
radio 12 15956
radio 12 15973
radio 12 16486
radio 12 16503
radio 12 17016
radio 12 17033
radio 12 17546
radio 12 17598
radio 12 18112
radio 12 18142
radio 12 18656
radio 12 18708
radio 12 19222
radio 12 19277
radio 12 19791
radio 12 19864
radio 12 20378
radio 12 20430
radio 12 20944
radio 12 20961
radio 12 21474
radio 12 21491
radio 12 22004
radio 12 22035
radio 12 22549
radio 12 22577
radio 12 23091
delay 6 11 12 23131 12 22794 5 7 2 0 62 1 0
radio 12 24209
radio 12 24722
radio 12 24797
radio 12 25311
radio 12 25363
radio 12 25877
radio 12 25894
radio 12 26407
radio 12 26459
radio 12 26973
radio 12 27004
radio 12 27518
radio 12 27567
radio 12 28081
radio 12 28137
radio 12 28651
radio 12 28719
radio 12 29233
radio 12 29303
radio 12 29817
radio 12 29834
radio 12 30348
radio 12 30397
radio 12 30911
radio 12 30981
radio 12 31495
radio 12 31551
radio 12 32065
radio 12 32139
radio 12 32653
radio 12 32684
radio 12 33198
radio 12 33246
radio 12 33760
radio 12 33815
radio 12 34329
radio 12 34381
radio 12 34895
radio 12 34923
radio 12 35437
radio 12 35489
radio 12 36003
radio 12 36020
radio 12 36534
radio 12 36565
radio 12 37079
radio 12 37112
radio 12 37626
radio 12 37694
radio 12 38208
radio 12 38225
radio 12 38738
radio 12 38767
radio 12 39281
radio 12 39311
radio 12 39825
radio 12 39881
radio 12 40395
radio 12 40448
radio 12 40962
radio 12 40979
radio 12 41493
radio 12 41522
radio 12 42036
radio 12 42064
radio 12 42578
radio 12 42626
radio 12 43140
radio 12 43235
radio 12 43749
delay 7 10 12 43819 12 43522 9 7 65535 0 415 0 0
radio 12 43827
energy 12 44251 9 12134
radio 12 44341
radio 12 44465
radio 12 44979
radio 12 45107
radio 12 45621
radio 12 45649
radio 12 46163
radio 12 46196
radio 12 46710
radio 12 46741
radio 12 47255
radio 12 47272
radio 12 47785
radio 12 47802
radio 12 48315
radio 12 48332
radio 12 48845
radio 12 48899
radio 12 49413
radio 12 49430
radio 12 49943
radio 12 49996
radio 12 50510
radio 12 50527
radio 12 51040
radio 12 51113
radio 12 51627
radio 12 51677
radio 12 52191
radio 12 52240
radio 12 52754
radio 12 52771
radio 12 53284
radio 12 53332
radio 12 53846
radio 12 53863
radio 12 54376
radio 12 54406
radio 12 54920
radio 12 54949
radio 12 55463
radio 12 55515
radio 12 56029
radio 12 56058
radio 12 56572
radio 12 56601
radio 12 57115
radio 12 57145
radio 12 57659
radio 12 57687
radio 12 58201
radio 12 58229
radio 12 58743
radio 12 58775
radio 12 59289
radio 12 59337
radio 12 59851
radio 12 59868
radio 12 60382
radio 12 60431
radio 12 60945
radio 12 60980
radio 12 61494
radio 12 61522
radio 12 62036
radio 12 62053
radio 12 62566
radio 12 62583
radio 12 63096
radio 12 63113
radio 12 63626
radio 12 63696
radio 12 64210
delay 8 12 12 64226 12 63801 6 7 1 0 450 0 0
radio 12 64234
radio 12 64748
radio 12 64764
radio 12 65277
radio 12 65307
radio 13 284
radio 13 312
radio 13 825
radio 13 895
radio 13 1408
radio 13 1456
radio 13 1970
radio 13 1987
radio 13 2500
radio 13 2569
radio 13 3083
radio 13 3131
radio 13 3645
radio 13 3662
radio 13 4175
radio 13 4243
radio 13 4757
radio 13 4808
radio 13 5322
radio 13 5353
radio 13 5867
radio 13 5921
radio 13 6435
radio 13 6452
radio 13 6965
radio 13 6996
radio 13 7510
radio 13 7542
radio 13 8056
radio 13 8111
radio 13 8625
radio 13 8642
radio 13 9155
radio 13 9172
radio 13 9685
radio 13 9741
radio 13 10255
radio 13 10326
radio 13 10840
radio 13 10876
radio 13 11390
radio 13 11407
radio 13 11920
radio 13 11937
radio 13 12450
radio 13 12467
radio 13 12980
radio 13 13050
radio 13 13564
radio 13 13581
radio 13 14094
radio 13 14142
radio 13 14656
radio 13 14685
radio 13 15199
radio 13 15255
radio 13 15769
radio 13 15839
radio 13 16353
radio 13 16370
radio 13 16883
radio 13 16971
radio 13 17485
radio 13 17559
radio 13 18073
radio 13 18090
radio 13 18603
radio 13 18634
radio 13 19148
delay 9 11 13 19392 13 19055 5 7 2 0 406 0 0
radio 13 19400
radio 13 19914
radio 13 19929
radio 13 20442
radio 13 20798
radio 13 21312
radio 13 21329
radio 13 21842
radio 13 21873
radio 13 22387
radio 13 22404
radio 13 22917
radio 13 22952
radio 13 23466
radio 13 23483
radio 13 23996
radio 13 24065
radio 13 24579
radio 13 24628
radio 13 25142
radio 13 25170
radio 13 25684
radio 13 25713
radio 13 26227
radio 13 26244
radio 13 26757
radio 13 26774
radio 13 27287
radio 13 27317
radio 13 27831
radio 13 27862
radio 13 28376
radio 13 28393
radio 13 28906
radio 13 28941
radio 13 29455
radio 13 29483
radio 13 29997
radio 13 30050
radio 13 30564
radio 13 30597
radio 13 31111
radio 13 31128
radio 13 31641
radio 13 31692
radio 13 32206
radio 13 32234
radio 13 32748
radio 13 32779
radio 13 33293
radio 13 33327
radio 13 33841
radio 13 33858
radio 13 34371
radio 13 34487
radio 13 35001
radio 13 35070
radio 13 35584
radio 13 35635
radio 13 36149
radio 13 36178
radio 13 36692
radio 13 36721
radio 13 37235
radio 13 37252
radio 13 37765
radio 13 37795
radio 13 38309
radio 13 38337
radio 13 38851
radio 13 38879
radio 13 39393
delay 10 2 13 39436 13 39360 6 7 1 0 17 0 0
radio 13 39443
radio 13 39957
radio 13 40056
energy 13 40155 9 16177
radio 13 40569
radio 13 40672
radio 13 41185
radio 13 41202
radio 13 41715
radio 13 41770
radio 13 42284
radio 13 42301
radio 13 42814
radio 13 42831
radio 13 43344
radio 13 43361
radio 13 43874
radio 13 43926
radio 13 44440
radio 13 44550
radio 13 45064
radio 13 45140
radio 13 45654
radio 13 45690
radio 13 46204
radio 13 46232
radio 13 46746
radio 13 46816
radio 13 47330
radio 13 47347
radio 13 47860
radio 13 47909
radio 13 48423
radio 13 48475
radio 13 48989
radio 13 49017
radio 13 49531
radio 13 49548
radio 13 50061
radio 13 50112
radio 13 50626
radio 13 50643
radio 13 51157
radio 13 51187
radio 13 51701
radio 13 51789
radio 13 52303
radio 13 52376
radio 13 52890
radio 13 52944
radio 13 53458
radio 13 53529
radio 13 54043
radio 13 54091
radio 13 54605
radio 13 54638
radio 13 55152
radio 13 55169
radio 13 55682
radio 13 55732
radio 13 56246
radio 13 56297
radio 13 56811
radio 13 56828
radio 13 57341
radio 13 57412
radio 13 57926
radio 13 57978
radio 13 58492
radio 13 58562
radio 13 59076
radio 13 59130
radio 13 59644
delay 11 0 13 59660 13 59648 0 7 7 0 24 1 0
radio 13 60735
radio 13 61249
radio 13 61279
radio 13 61793
radio 13 61824
radio 13 62338
radio 13 62355
radio 13 62868
radio 13 62964
radio 13 63478
radio 13 63528
radio 13 64042
radio 13 64059
radio 13 64572
radio 13 64589
radio 13 65102
radio 13 65152
radio 14 130
radio 14 147
radio 14 660
radio 14 692
radio 14 1205
radio 14 1222
radio 14 1735
radio 14 1768
radio 14 2282
radio 14 2299
radio 14 2812
radio 14 2880
radio 14 3394
radio 14 3423
radio 14 3937
radio 14 3968
radio 14 4482
radio 14 4515
