Thread[Thread-1,5,main]tree 31 7 0 12 0 0
radio 8 54488
radio 8 54492
radio 8 54509
radio 8 55022
radio 8 55052
radio 8 55566
radio 8 55583
radio 8 56096
radio 8 56113
radio 8 56626
radio 8 56678
radio 8 57192
radio 8 57209
radio 8 57722
radio 8 57739
radio 8 58252
radio 8 58269
radio 8 58782
radio 8 58799
radio 8 59312
radio 8 59343
radio 8 59857
radio 8 59874
radio 8 60387
radio 8 60418
radio 8 60932
radio 8 60949
radio 8 61462
radio 8 61479
radio 8 61992
radio 8 62009
radio 8 62522
radio 8 62539
radio 8 63052
radio 8 63069
radio 8 63582
radio 8 63599
radio 8 64112
radio 8 64129
radio 8 64642
radio 8 64659
radio 8 65172
radio 8 65189
radio 9 166
radio 9 182
radio 9 696
radio 9 750
radio 9 1263
radio 9 1280
radio 9 1793
radio 9 1810
radio 9 2323
radio 9 2340
radio 9 2853
radio 9 2888
radio 9 3402
radio 9 3431
radio 9 3945
radio 9 3962
radio 9 4475
radio 9 4492
radio 9 5005
radio 9 5040
radio 9 5554
radio 9 5571
radio 9 6084
radio 9 6101
radio 9 6614
radio 9 6631
radio 9 7144
radio 9 7161
radio 9 7674
radio 9 7691
radio 9 8204
radio 9 8221
radio 9 8734
radio 9 8751
radio 9 9264
radio 9 9298
radio 9 9812
radio 9 9845
radio 9 10359
radio 9 10376
radio 9 10889
radio 9 10918
radio 9 11432
radio 9 11449
radio 9 11962
radio 9 11979
radio 9 12492
radio 9 12509
radio 9 13022
radio 9 13039
radio 9 13552
radio 9 13569
radio 9 14082
radio 9 14115
radio 9 14629
radio 9 14646
radio 9 15159
radio 9 15211
radio 9 15725
radio 9 15742
radio 9 16255
radio 9 16288
radio 9 16802
radio 9 16819
radio 9 17332
radio 9 17349
radio 9 17862
radio 9 17879
radio 9 18392
radio 9 18422
radio 9 18936
radio 9 18953
radio 9 19466
radio 9 19483
radio 9 19996
radio 9 20013
radio 9 20526
radio 9 20562
radio 9 21076
radio 9 21093
radio 9 21606
radio 9 21641
radio 9 22155
radio 9 22172
radio 9 22685
radio 9 22702
radio 9 23215
radio 9 23232
radio 9 23745
radio 9 23762
radio 9 24275
radio 9 24292
radio 9 24805
radio 9 24822
radio 9 25335
radio 9 25364
radio 9 25878
radio 9 25895
radio 9 26408
radio 9 26442
radio 9 26956
radio 9 26992
radio 9 27506
radio 9 27540
radio 9 28054
radio 9 28071
radio 9 28584
radio 9 28615
radio 9 29129
radio 9 29158
radio 9 29672
radio 9 29689
radio 9 30202
radio 9 30219
radio 9 30732
radio 9 30749
radio 9 31262
radio 9 31279
radio 9 31792
radio 9 31809
radio 9 32322
radio 9 32339
radio 9 32852
radio 9 32869
radio 9 33382
radio 9 33413
radio 9 33927
radio 9 33978
radio 9 34492
radio 9 34527
radio 9 35041
radio 9 35058
radio 9 35571
radio 9 35601
radio 9 36115
radio 9 36132
radio 9 36645
radio 9 36701
radio 9 37215
radio 9 37232
radio 9 37745
radio 9 37762
radio 9 38275
radio 9 38304
radio 9 38818
radio 9 38835
radio 9 39348
radio 9 39376
radio 9 39890
radio 9 39907
radio 9 40420
radio 9 40437
radio 9 40950
radio 9 40967
radio 9 41480
radio 9 41512
radio 9 42026
radio 9 42060
radio 9 42574
radio 9 42605
radio 9 43119
radio 9 43136
radio 9 43649
radio 9 43666
radio 9 44179
radio 9 44208
radio 9 44722
radio 9 44739
radio 9 45252
radio 9 45321
radio 9 45835
radio 9 45852
radio 9 46365
radio 9 46382
radio 9 46895
radio 9 46912
radio 9 47425
radio 9 47442
radio 9 47955
radio 9 47972
radio 9 48485
radio 9 48502
radio 9 49015
radio 9 49032
radio 9 49545
radio 9 49562
radio 9 50075
radio 9 50111
energy 9 50403 8 56359
radio 9 50625
radio 9 50656
radio 9 51170
radio 9 51187
radio 9 51700
radio 9 51729
radio 9 52243
radio 9 52260
radio 9 52773
radio 9 52790
radio 9 53303
radio 9 53320
radio 9 53833
radio 9 53850
radio 9 54363
radio 9 54380
radio 9 54893
radio 9 54910
radio 9 55423
radio 9 55440
radio 9 55953
radio 9 55985
radio 9 56499
radio 9 56531
radio 9 57045
radio 9 57062
radio 9 57575
radio 9 57592
radio 9 58105
radio 9 58139
radio 9 58653
radio 9 58670
radio 9 59183
radio 9 59200
radio 9 59713
radio 9 59730
radio 9 60243
radio 9 60260
radio 9 60773
radio 9 60808
radio 9 61322
radio 9 61351
radio 9 61865
radio 9 61882
radio 9 62395
radio 9 62412
radio 9 62925
radio 9 62942
radio 9 63455
radio 9 63489
radio 9 64003
radio 9 64020
radio 9 64533
radio 9 64550
radio 9 65063
radio 9 65080
radio 10 57
radio 10 74
radio 10 587
radio 10 618
radio 10 1132
radio 10 1167
radio 10 1681
radio 10 1709
radio 10 2223
radio 10 2240
radio 10 2753
radio 10 2784
radio 10 3298
radio 10 3315
radio 10 3828
radio 10 3859
radio 10 4373
radio 10 4390
radio 10 4903
radio 10 4920
radio 10 5433
radio 10 5450
radio 10 5963
radio 10 5980
radio 10 6493
radio 10 6523
radio 10 7037
radio 10 7054
radio 10 7567
radio 10 7595
radio 10 8109
radio 10 8126
radio 10 8639
radio 10 8675
radio 10 9189
radio 10 9221
radio 10 9735
radio 10 9765
radio 10 10279
radio 10 10310
radio 10 10824
radio 10 10859
radio 10 11373
radio 10 11390
radio 10 11903
radio 10 11920
radio 10 12433
radio 10 12450
radio 10 12963
radio 10 12980
radio 10 13493
radio 10 13547
radio 10 14061
radio 10 14092
radio 10 14606
radio 10 14623
radio 10 15136
radio 10 15153
radio 10 15666
radio 10 15683
radio 10 16196
radio 10 16213
radio 10 16726
radio 10 16754
radio 10 17268
radio 10 17298
radio 10 17812
radio 10 17829
radio 10 18342
radio 10 18359
radio 10 18872
radio 10 18889
radio 10 19402
radio 10 19437
radio 10 19951
radio 10 19983
radio 10 20497
radio 10 20532
radio 10 21046
radio 10 21074
radio 10 21588
radio 10 21605
radio 10 22118
radio 10 22135
radio 10 22648
radio 10 22665
radio 10 23178
radio 10 23210
radio 10 23724
radio 10 23741
radio 10 24254
radio 10 24271
radio 10 24784
radio 10 24801
radio 10 25314
radio 10 25331
radio 10 25844
radio 10 25861
radio 10 26374
radio 10 26391
radio 10 26904
radio 10 26921
radio 10 27434
radio 10 27451
radio 10 27964
radio 10 28017
radio 10 28531
radio 10 28548
radio 10 29061
radio 10 29078
radio 10 29591
radio 10 29608
radio 10 30121
radio 10 30138
radio 10 30651
delay 0 0 10 30670 10 31206 0 5 5 0 257 0 0
radio 10 30678
radio 10 31192
radio 10 31207
radio 10 31720
radio 10 31743
radio 10 32256
radio 10 32273
radio 10 32786
radio 10 32803
radio 10 33316
radio 10 33333
radio 10 33846
radio 10 33863
radio 10 34376
radio 10 34393
radio 10 34906
radio 10 34923
radio 10 35436
radio 10 35453
radio 10 35966
radio 10 36001
radio 10 36515
radio 10 36545
radio 10 37059
radio 10 37089
radio 10 37603
radio 10 37620
radio 10 38133
radio 10 38150
radio 10 38663
radio 10 38680
radio 10 39193
radio 10 39210
radio 10 39723
radio 10 39740
radio 10 40253
radio 10 40281
radio 10 40795
radio 10 40812
radio 10 41325
radio 10 41342
radio 10 41855
radio 10 41872
radio 10 42385
radio 10 42402
radio 10 42915
radio 10 42932
radio 10 43445
radio 10 43462
radio 10 43975
radio 10 43992
radio 10 44505
radio 10 44522
radio 10 45035
radio 10 45052
radio 10 45565
radio 10 45582
radio 10 46095
radio 10 46128
energy 10 46307 8 58112
radio 10 46642
radio 10 46691
radio 10 47205
radio 10 47253
radio 10 47767
radio 10 47784
radio 10 48297
radio 10 48314
radio 10 48827
radio 10 48844
radio 10 49357
radio 10 49410
radio 10 49924
radio 10 49941
radio 10 50454
radio 10 50471
radio 10 50984
delay 1 0 10 50999 10 51535 0 5 5 0 108 1 0
radio 10 52060
radio 10 52573
radio 10 52646
radio 10 53160
radio 10 53177
radio 10 53690
radio 10 53707
radio 10 54220
radio 10 54237
radio 10 54750
radio 10 54767
radio 10 55280
radio 10 55297
radio 10 55810
radio 10 55827
radio 10 56340
radio 10 56357
radio 10 56870
radio 10 56901
radio 10 57415
radio 10 57432
radio 10 57945
radio 10 57977
radio 10 58491
radio 10 58508
radio 10 59021
radio 10 59038
radio 10 59551
radio 10 59586
radio 10 60100
radio 10 60117
radio 10 60630
radio 10 60647
radio 10 61160
radio 10 61177
radio 10 61690
radio 10 61707
radio 10 62220
radio 10 62237
radio 10 62750
radio 10 62767
radio 10 63280
radio 10 63297
radio 10 63810
radio 10 63827
radio 10 64340
radio 10 64357
radio 10 64870
radio 10 64887
radio 10 65400
radio 10 65417
radio 11 394
radio 11 411
radio 11 924
radio 11 941
radio 11 1454
radio 11 1471
radio 11 1984
radio 11 2001
radio 11 2514
radio 11 2531
radio 11 3044
radio 11 3061
radio 11 3574
radio 11 3591
radio 11 4104
radio 11 4135
radio 11 4649
radio 11 4666
radio 11 5179
radio 11 5196
radio 11 5709
radio 11 5781
radio 11 6295
delay 2 0 11 6313 11 6848 0 5 5 0 477 0 0
radio 11 6320
radio 11 6834
radio 11 6856
radio 11 7370
radio 11 7417
radio 11 7931
radio 11 7960
radio 11 8474
radio 11 8491
radio 11 9004
radio 11 9021
radio 11 9534
radio 11 9551
radio 11 10064
radio 11 10099
radio 11 10613
radio 11 10630
radio 11 11143
radio 11 11160
radio 11 11673
radio 11 11690
radio 11 12203
radio 11 12220
radio 11 12733
radio 11 12750
radio 11 13263
radio 11 13280
radio 11 13793
radio 11 13810
radio 11 14323
radio 11 14340
radio 11 14853
radio 11 14870
radio 11 15383
radio 11 15400
radio 11 15913
radio 11 15930
radio 11 16443
radio 11 16460
radio 11 16973
radio 11 16990
radio 11 17503
radio 11 17535
radio 11 18049
radio 11 18066
radio 11 18579
radio 11 18596
radio 11 19109
radio 11 19140
radio 11 19654
radio 11 19683
radio 11 20197
radio 11 20214
radio 11 20727
radio 11 20744
radio 11 21257
radio 11 21305
radio 11 21819
radio 11 21849
radio 11 22363
radio 11 22391
radio 11 22905
radio 11 22922
radio 11 23435
radio 11 23452
radio 11 23965
radio 11 23995
radio 11 24509
radio 11 24560
radio 11 25074
radio 11 25107
radio 11 25621
radio 11 25638
radio 11 26151
radio 11 26182
radio 11 26696
delay 3 0 11 26835 11 27370 0 5 5 0 516 0 0
radio 11 26842
radio 11 27357
radio 11 27424
radio 11 27937
radio 11 27966
radio 11 28480
radio 11 28509
radio 11 29023
radio 11 29040
radio 11 29553
radio 11 29570
radio 11 30083
radio 11 30100
radio 11 30613
radio 11 30648
radio 11 31162
radio 11 31179
radio 11 31692
radio 11 31724
radio 11 32238
radio 11 32255
radio 11 32768
radio 11 32798
radio 11 33312
radio 11 33366
radio 11 33880
radio 11 33897
radio 11 34410
radio 11 34441
radio 11 34955
radio 11 34972
radio 11 35485
radio 11 35502
radio 11 36015
radio 11 36032
radio 11 36545
radio 11 36562
radio 11 37075
radio 11 37107
radio 11 37621
radio 11 37638
radio 11 38151
radio 11 38184
radio 11 38698
radio 11 38731
radio 11 39245
radio 11 39279
radio 11 39793
radio 11 39810
radio 11 40323
radio 11 40353
radio 11 40867
radio 11 40884
radio 11 41397
radio 11 41414
radio 11 41927
radio 11 41944
energy 11 42211 8 61222
radio 11 42457
radio 11 42474
radio 11 42987
radio 11 43017
radio 11 43531
radio 11 43548
radio 11 44061
radio 11 44078
radio 11 44591
radio 11 44623
radio 11 45137
radio 11 45154
radio 11 45667
radio 11 45684
radio 11 46197
radio 11 46214
radio 11 46727
radio 11 46744
radio 11 47257
delay 4 0 11 47272 11 47807 0 5 5 0 471 0 0
radio 11 47279
radio 11 47794
radio 11 48098
radio 11 48611
radio 11 48663
radio 11 49177
radio 11 49194
radio 11 49707
radio 11 49739
radio 11 50253
radio 11 50270
radio 11 50783
radio 11 50800
radio 11 51313
radio 11 51330
radio 11 51843
radio 11 51860
radio 11 52373
radio 11 52402
radio 11 52916
radio 11 52933
radio 11 53446
radio 11 53463
radio 11 53976
radio 11 53993
radio 11 54506
radio 11 54523
radio 11 55036
radio 11 55053
radio 11 55566
radio 11 55583
radio 11 56096
radio 11 56113
radio 11 56626
radio 11 56654
radio 11 57168
radio 11 57185
radio 11 57698
radio 11 57715
radio 11 58228
radio 11 58245
radio 11 58758
radio 11 58775
radio 11 59288
radio 11 59305
radio 11 59818
radio 11 59835
radio 11 60348
radio 11 60365
radio 11 60878
radio 11 60931
radio 11 61445
radio 11 61462
radio 11 61975
radio 11 62011
radio 11 62525
radio 11 62542
radio 11 63055
radio 11 63072
radio 11 63585
radio 11 63617
radio 11 64131
radio 11 64148
radio 11 64661
radio 11 64678
radio 11 65191
radio 11 65208
radio 12 185
radio 12 202
radio 12 715
radio 12 732
radio 12 1245
radio 12 1262
radio 12 1775
delay 5 0 12 1791 12 2326 0 5 5 0 46 0 0
radio 12 1798
radio 12 2313
radio 12 2399
radio 12 2912
radio 12 2928
radio 12 3442
radio 12 3530
radio 12 4043
radio 12 4060
radio 12 4573
radio 12 4590
radio 12 5103
radio 12 5120
radio 12 5633
radio 12 5685
radio 12 6199
radio 12 6216
radio 12 6729
radio 12 6746
radio 12 7259
radio 12 7276
radio 12 7789
radio 12 7818
radio 12 8332
radio 12 8362
radio 12 8876
radio 12 8893
radio 12 9406
radio 12 9436
radio 12 9950
radio 12 9980
radio 12 10494
radio 12 10511
radio 12 11024
radio 12 11041
radio 12 11554
radio 12 11571
radio 12 12084
radio 12 12115
radio 12 12629
radio 12 12646
radio 12 13159
radio 12 13176
radio 12 13689
radio 12 13706
radio 12 14219
radio 12 14253
radio 12 14767
radio 12 14803
radio 12 15317
radio 12 15334
radio 12 15847
radio 12 15864
radio 12 16377
radio 12 16394
radio 12 16907
radio 12 16924
radio 12 17437
radio 12 17454
radio 12 17967
radio 12 17984
radio 12 18497
radio 12 18514
radio 12 19027
radio 12 19044
radio 12 19557
radio 12 19574
radio 12 20087
radio 12 20117
radio 12 20631
radio 12 20685
radio 12 21199
radio 12 21234
radio 12 21748
radio 12 21765
radio 12 22278
delay 6 0 12 22297 12 22832 0 5 5 0 71 1 0
radio 12 23378
radio 12 23892
radio 12 23927
radio 12 24441
radio 12 24471
radio 12 24985
radio 12 25002
radio 12 25515
radio 12 25532
radio 12 26045
radio 12 26062
radio 12 26575
radio 12 26592
radio 12 27105
radio 12 27122
radio 12 27635
radio 12 27671
radio 12 28185
radio 12 28202
radio 12 28715
radio 12 28732
radio 12 29245
radio 12 29262
radio 12 29775
radio 12 29792
radio 12 30305
radio 12 30322
radio 12 30835
radio 12 30852
radio 12 31365
radio 12 31382
radio 12 31895
radio 12 31912
radio 12 32425
radio 12 32442
radio 12 32955
radio 12 32972
radio 12 33485
radio 12 33502
radio 12 34015
radio 12 34032
radio 12 34545
radio 12 34562
radio 12 35075
radio 12 35092
radio 12 35605
radio 12 35622
radio 12 36135
radio 12 36168
radio 12 36682
radio 12 36699
radio 12 37212
radio 12 37229
radio 12 37742
radio 12 37759
energy 12 38115 8 64332
radio 12 38272
radio 12 38289
radio 12 38802
radio 12 38819
radio 12 39332
radio 12 39349
radio 12 39862
radio 12 39879
radio 12 40392
radio 12 40425
radio 12 40939
radio 12 40956
radio 12 41469
radio 12 41486
radio 12 41999
radio 12 42016
radio 12 42529
radio 12 42599
radio 12 43113
delay 7 10 12 43159 12 43409 9 5 65535 0 302 0 0
radio 12 43167
radio 12 43682
radio 12 43725
radio 12 44238
radio 12 44285
radio 12 44798
radio 12 44815
radio 12 45328
radio 12 45360
radio 12 45874
radio 12 45891
radio 12 46404
radio 12 46436
radio 12 46950
radio 12 46967
radio 12 47480
radio 12 47497
radio 12 48010
radio 12 48027
radio 12 48540
radio 12 48557
radio 12 49070
radio 12 49087
radio 12 49600
radio 12 49617
radio 12 50130
radio 12 50147
radio 12 50660
radio 12 50677
radio 12 51190
radio 12 51207
radio 12 51720
radio 12 51748
radio 12 52262
radio 12 52279
radio 12 52792
radio 12 52809
radio 12 53322
radio 12 53339
radio 12 53852
radio 12 53869
radio 12 54382
radio 12 54413
radio 12 54927
radio 12 54956
radio 12 55470
radio 12 55504
radio 12 56018
radio 12 56035
radio 12 56548
radio 12 56565
radio 12 57078
radio 12 57095
radio 12 57608
radio 12 57625
radio 12 58138
radio 12 58155
radio 12 58668
radio 12 58685
radio 12 59198
radio 12 59215
radio 12 59728
radio 12 59745
radio 12 60258
radio 12 60275
radio 12 60788
radio 12 60805
radio 12 61318
radio 12 61335
radio 12 61848
radio 12 61877
radio 12 62391
radio 12 62408
radio 12 62921
radio 12 62938
radio 12 63451
delay 8 12 12 63470 12 63591 6 5 65535 0 240 0 0
radio 12 63478
radio 12 63992
radio 12 64016
radio 12 64530
radio 12 64601
radio 12 65115
radio 12 65132
radio 13 109
radio 13 126
radio 13 639
radio 13 656
radio 13 1169
radio 13 1199
radio 13 1713
radio 13 1730
radio 13 2243
radio 13 2260
radio 13 2773
radio 13 2801
radio 13 3315
radio 13 3346
radio 13 3860
radio 13 3908
radio 13 4422
radio 13 4439
radio 13 4952
radio 13 4969
radio 13 5482
radio 13 5499
radio 13 6012
radio 13 6029
radio 13 6542
radio 13 6559
radio 13 7072
radio 13 7089
radio 13 7602
radio 13 7636
radio 13 8150
radio 13 8178
radio 13 8692
radio 13 8709
radio 13 9222
radio 13 9239
radio 13 9752
radio 13 9782
radio 13 10296
radio 13 10313
radio 13 10826
radio 13 10843
radio 13 11356
radio 13 11373
radio 13 11886
radio 13 11903
radio 13 12416
radio 13 12444
radio 13 12958
radio 13 12975
radio 13 13488
radio 13 13505
radio 13 14018
radio 13 14035
radio 13 14548
radio 13 14565
radio 13 15078
radio 13 15095
radio 13 15608
radio 13 15625
radio 13 16138
radio 13 16155
radio 13 16668
radio 13 16698
radio 13 17212
radio 13 17242
radio 13 17756
radio 13 17786
radio 13 18300
delay 9 10 13 18394 13 18644 9 5 65535 0 162 1 0
radio 13 19454
radio 13 19968
radio 13 19985
radio 13 20498
radio 13 20531
radio 13 21045
radio 13 21062
radio 13 21575
radio 13 21628
radio 13 22142
radio 13 22159
radio 13 22672
radio 13 22689
radio 13 23202
radio 13 23258
radio 13 23772
radio 13 23802
radio 13 24316
radio 13 24333
radio 13 24846
radio 13 24863
radio 13 25376
radio 13 25393
radio 13 25906
radio 13 25923
radio 13 26436
radio 13 26453
radio 13 26966
radio 13 26983
radio 13 27496
radio 13 27513
radio 13 28026
radio 13 28043
radio 13 28556
radio 13 28573
radio 13 29086
radio 13 29103
radio 13 29616
radio 13 29633
radio 13 30146
radio 13 30182
radio 13 30696
radio 13 30713
radio 13 31226
radio 13 31278
radio 13 31792
radio 13 31821
radio 13 32335
radio 13 32352
radio 13 32865
radio 13 32882
radio 13 33395
radio 13 33425
radio 13 33939
radio 13 33956
energy 13 34019 9 1768
radio 13 34469
radio 13 34486
radio 13 34999
radio 13 35016
radio 13 35529
radio 13 35546
radio 13 36059
radio 13 36076
radio 13 36589
radio 13 36606
radio 13 37119
radio 13 37136
radio 13 37649
radio 13 37666
radio 13 38179
radio 13 38196
radio 13 38709
delay 10 48 13 38751 13 37972 6 5 65535 0 78 1 0
radio 13 39823
radio 13 40337
radio 13 40357
radio 13 40871
radio 13 40888
radio 13 41401
radio 13 41418
radio 13 41931
radio 13 41948
radio 13 42461
radio 13 42478
radio 13 42991
radio 13 43021
radio 13 43535
radio 13 43552
radio 13 44065
radio 13 44082
radio 13 44595
radio 13 44612
radio 13 45125
radio 13 45142
radio 13 45655
radio 13 45685
radio 13 46199
radio 13 46216
radio 13 46729
radio 13 46746
radio 13 47259
radio 13 47276
radio 13 47789
radio 13 47806
radio 13 48319
radio 13 48336
radio 13 48849
radio 13 48866
radio 13 49379
radio 13 49396
radio 13 49909
radio 13 49926
radio 13 50439
radio 13 50456
radio 13 50969
radio 13 50986
radio 13 51499
radio 13 51516
radio 13 52029
radio 13 52046
radio 13 52559
radio 13 52576
radio 13 53089
radio 13 53106
radio 13 53619
radio 13 53636
radio 13 54149
radio 13 54166
radio 13 54679
radio 13 54696
radio 13 55209
radio 13 55226
radio 13 55739
radio 13 55756
radio 13 56269
radio 13 56286
radio 13 56799
radio 13 56816
radio 13 57329
radio 13 57346
radio 13 57860
radio 13 57877
radio 13 58390
radio 13 58407
radio 13 58920
radio 13 58937
radio 13 59450
delay 11 30 13 59465 13 59207 5 5 65535 0 269 0 0
radio 13 59473
radio 13 59987
radio 13 60006
radio 13 60519
radio 13 60597
radio 13 61111
radio 13 61128
radio 13 61641
radio 13 61658
radio 13 62171
radio 13 62188
radio 13 62701
radio 13 62718
radio 13 63231
radio 13 63248
radio 13 63761
radio 13 63778
radio 13 64291
radio 13 64308
radio 13 64821
radio 13 64850
radio 13 65364
radio 13 65393
radio 14 371
radio 14 402
radio 14 915
radio 14 932
radio 14 1445
radio 14 1462
radio 14 1975
radio 14 1992
radio 14 2505
radio 14 2522
radio 14 3035
radio 14 3052
radio 14 3565
radio 14 3582
radio 14 4095
radio 14 4112
