Thread[Thread-1,5,main]tree 9 7 0 14 1 1
radio 8 47299
radio 8 47303
radio 8 47334
radio 8 47848
radio 8 47865
radio 8 48378
radio 8 48454
radio 8 48968
radio 8 49081
radio 8 49595
radio 8 49648
radio 8 50162
radio 8 50218
radio 8 50732
radio 8 50762
radio 8 51276
radio 8 51293
radio 8 51806
radio 8 51823
radio 8 52336
radio 8 52367
radio 8 52881
radio 8 52898
radio 8 53411
radio 8 53428
radio 8 53941
radio 8 53958
radio 8 54471
radio 8 54542
radio 8 55056
radio 8 55087
radio 8 55601
radio 8 55618
radio 8 56131
radio 8 56148
radio 8 56661
radio 8 56689
radio 8 57203
radio 8 57220
radio 8 57733
radio 8 57750
radio 8 58263
radio 8 58280
radio 8 58793
radio 8 58810
radio 8 59323
radio 8 59340
radio 8 59853
radio 8 59870
radio 8 60383
radio 8 60400
radio 8 60913
radio 8 60961
radio 8 61475
radio 8 61492
radio 8 62005
radio 8 62022
radio 8 62535
radio 8 62566
radio 8 63080
radio 8 63097
radio 8 63610
radio 8 63627
radio 8 64140
radio 8 64157
radio 8 64670
radio 8 64687
radio 8 65200
radio 8 65217
radio 9 194
radio 9 225
radio 9 738
radio 9 769
radio 9 1282
radio 9 1299
radio 9 1812
radio 9 1843
radio 9 2357
radio 9 2408
radio 9 2922
radio 9 2954
radio 9 3468
radio 9 3499
radio 9 4013
radio 9 4030
radio 9 4543
radio 9 4560
radio 9 5073
radio 9 5146
radio 9 5660
radio 9 5677
radio 9 6190
radio 9 6207
radio 9 6720
radio 9 6737
radio 9 7250
radio 9 7267
radio 9 7780
radio 9 7797
radio 9 8310
radio 9 8346
radio 9 8860
radio 9 8889
radio 9 9403
radio 9 9434
radio 9 9948
radio 9 9965
radio 9 10478
radio 9 10495
radio 9 11008
radio 9 11057
radio 9 11571
radio 9 11588
radio 9 12101
radio 9 12118
radio 9 12631
radio 9 12664
radio 9 13178
radio 9 13213
radio 9 13727
radio 9 13744
radio 9 14257
radio 9 14311
radio 9 14825
radio 9 14856
radio 9 15370
radio 9 15387
radio 9 15900
radio 9 15932
radio 9 16446
radio 9 16481
radio 9 16995
radio 9 17012
radio 9 17525
radio 9 17542
radio 9 18055
radio 9 18088
radio 9 18602
radio 9 18619
radio 9 19132
radio 9 19185
radio 9 19699
radio 9 19748
radio 9 20262
radio 9 20279
radio 9 20792
radio 9 20823
radio 9 21337
radio 9 21367
radio 9 21881
radio 9 21910
radio 9 22424
radio 9 22441
radio 9 22954
radio 9 22971
radio 9 23484
radio 9 23501
radio 9 24014
radio 9 24031
radio 9 24544
radio 9 24577
radio 9 25091
radio 9 25123
radio 9 25637
radio 9 25686
radio 9 26200
radio 9 26229
radio 9 26743
radio 9 26760
radio 9 27273
radio 9 27290
radio 9 27803
radio 9 27831
radio 9 28345
radio 9 28379
radio 9 28893
radio 9 28910
radio 9 29423
radio 9 29440
radio 9 29953
radio 9 29986
radio 9 30500
radio 9 30517
radio 9 31030
radio 9 31085
radio 9 31599
radio 9 31634
radio 9 32148
radio 9 32165
radio 9 32678
radio 9 32709
radio 9 33223
radio 9 33274
radio 9 33788
radio 9 33805
radio 9 34318
radio 9 34335
radio 9 34848
radio 9 34881
radio 9 35395
radio 9 35412
radio 9 35925
radio 9 35975
radio 9 36489
radio 9 36506
radio 9 37019
radio 9 37036
radio 9 37549
radio 9 37577
radio 9 38091
radio 9 38108
radio 9 38621
radio 9 38638
radio 9 39151
radio 9 39168
radio 9 39681
radio 9 39698
radio 9 40211
radio 9 40262
radio 9 40776
radio 9 40793
radio 9 41306
radio 9 41323
radio 9 41836
radio 9 41853
radio 9 42366
radio 9 42417
radio 9 42931
radio 9 42948
energy 9 43214 8 49713
radio 9 43461
radio 9 43510
radio 9 44024
radio 9 44041
radio 9 44554
radio 9 44582
radio 9 45096
radio 9 45128
radio 9 45642
radio 9 45659
radio 9 46172
radio 9 46203
radio 9 46717
radio 9 46734
radio 9 47247
radio 9 47264
radio 9 47777
radio 9 47826
radio 9 48340
radio 9 48357
radio 9 48870
radio 9 48887
radio 9 49400
radio 9 49417
radio 9 49930
radio 9 49965
radio 9 50479
radio 9 50496
radio 9 51009
radio 9 51062
radio 9 51576
radio 9 51612
radio 9 52126
radio 9 52162
radio 9 52676
radio 9 52693
radio 9 53206
radio 9 53223
radio 9 53736
radio 9 53788
radio 9 54302
radio 9 54337
radio 9 54851
radio 9 54868
radio 9 55381
radio 9 55412
radio 9 55926
radio 9 55943
radio 9 56456
radio 9 56473
radio 9 56986
radio 9 57019
radio 9 57533
radio 9 57550
radio 9 58063
radio 9 58092
radio 9 58606
radio 9 58637
radio 9 59151
radio 9 59168
radio 9 59681
radio 9 59714
radio 9 60228
radio 9 60245
radio 9 60758
radio 9 60794
radio 9 61308
radio 9 61338
radio 9 61852
radio 9 61882
radio 9 62396
radio 9 62413
radio 9 62926
radio 9 62958
radio 9 63472
radio 9 63505
radio 9 64019
radio 9 64073
radio 9 64587
radio 9 64616
radio 9 65130
radio 9 65147
radio 10 124
radio 10 159
radio 10 673
radio 10 741
radio 10 1255
radio 10 1303
radio 10 1817
radio 10 1850
radio 10 2364
radio 10 2417
radio 10 2931
radio 10 2948
radio 10 3461
radio 10 3511
radio 10 4025
radio 10 4054
radio 10 4568
radio 10 4622
radio 10 5136
radio 10 5153
radio 10 5666
radio 10 5700
radio 10 6214
radio 10 6231
radio 10 6744
radio 10 6774
radio 10 7288
radio 10 7336
radio 10 7850
radio 10 7867
radio 10 8380
radio 10 8397
radio 10 8910
radio 10 8927
radio 10 9440
radio 10 9457
radio 10 9970
radio 10 9987
radio 10 10500
radio 10 10517
radio 10 11030
radio 10 11061
radio 10 11575
radio 10 11649
radio 10 12163
radio 10 12211
radio 10 12725
radio 10 12742
radio 10 13256
radio 10 13325
radio 10 13839
radio 10 13856
radio 10 14369
radio 10 14386
radio 10 14899
radio 10 14916
radio 10 15429
radio 10 15446
radio 10 15959
radio 10 15990
radio 10 16504
radio 10 16521
radio 10 17034
radio 10 17085
radio 10 17599
radio 10 17634
radio 10 18148
radio 10 18165
radio 10 18678
radio 10 18714
radio 10 19228
radio 10 19302
radio 10 19816
radio 10 19833
radio 10 20346
radio 10 20395
radio 10 20909
radio 10 20984
radio 10 21498
radio 10 21515
radio 10 22028
radio 10 22084
radio 10 22598
radio 10 22646
radio 10 23160
radio 10 23177
radio 10 23690
radio 10 23720
radio 10 24234
radio 10 24263
radio 10 24777
radio 10 24794
radio 10 25307
radio 10 25324
radio 10 25837
radio 10 25869
radio 10 26383
radio 10 26400
radio 10 26913
radio 10 26947
radio 10 27461
radio 10 27491
radio 10 28005
radio 10 28114
radio 10 28628
radio 10 28645
radio 10 29158
radio 10 29175
radio 10 29688
radio 10 29721
radio 10 30235
radio 10 30252
radio 10 30765
delay 0 19 10 31634 10 31781 15 6 65535 0 764 0 1
radio 10 32711
radio 10 33225
radio 10 33242
radio 10 33755
radio 10 33772
radio 10 34285
radio 10 34336
radio 10 34850
radio 10 34867
radio 10 35380
radio 10 35454
radio 10 35968
radio 10 36000
radio 10 36514
radio 10 36531
radio 10 37044
radio 10 37073
radio 10 37587
radio 10 37641
radio 10 38155
radio 10 38172
radio 10 38685
radio 10 38739
energy 10 39118 8 54358
radio 10 39253
radio 10 39270
radio 10 39783
radio 10 39800
radio 10 40313
radio 10 40367
radio 10 40881
radio 10 40913
radio 10 41427
radio 10 41444
radio 10 41957
radio 10 41974
radio 10 42487
radio 10 42576
radio 10 43090
radio 10 43107
radio 10 43620
radio 10 43670
radio 10 44184
radio 10 44216
radio 10 44730
radio 10 44780
radio 10 45294
radio 10 45311
radio 10 45824
radio 10 45920
radio 10 46434
radio 10 46451
radio 10 46964
radio 10 46981
radio 10 47494
radio 10 47511
radio 10 48024
radio 10 48041
radio 10 48554
radio 10 48571
radio 10 49084
radio 10 49101
radio 10 49614
radio 10 49631
radio 10 50144
radio 10 50192
radio 10 50706
delay 1 0 10 50778 10 51427 0 6 6 0 65535 0 1
radio 10 51852
radio 10 52366
radio 10 52413
radio 10 52926
radio 10 52960
radio 10 53474
radio 10 53528
radio 10 54042
radio 10 54059
radio 10 54572
radio 10 54643
radio 10 55157
radio 10 55174
radio 10 55687
radio 10 55704
radio 10 56217
radio 10 56234
radio 10 56747
radio 10 56783
radio 10 57297
radio 10 57366
radio 10 57880
radio 10 57897
radio 10 58410
radio 10 58442
radio 10 58956
radio 10 59044
radio 10 59558
radio 10 59630
radio 10 60144
radio 10 60193
radio 10 60707
radio 10 60758
radio 10 61272
radio 10 61307
radio 10 61821
radio 10 61872
radio 10 62386
radio 10 62403
radio 10 62916
radio 10 62967
radio 10 63481
radio 10 63498
radio 10 64011
radio 10 64062
radio 10 64576
radio 10 64593
radio 10 65106
radio 10 65123
radio 11 100
radio 11 117
radio 11 630
radio 11 680
radio 11 1193
radio 11 1210
radio 11 1723
radio 11 1740
radio 11 2253
radio 11 2301
radio 11 2815
radio 11 2832
radio 11 3345
radio 11 3362
radio 11 3875
radio 11 3892
radio 11 4405
radio 11 4422
radio 11 4935
radio 11 4952
radio 11 5465
radio 11 5494
radio 11 6008
delay 2 43 11 6042 11 5513 6 6 65535 0 271 0 1
radio 11 7102
radio 11 7615
radio 11 7665
radio 11 8179
radio 11 8196
radio 11 8709
radio 11 8726
radio 11 9239
radio 11 9256
radio 11 9769
radio 11 9802
radio 11 10316
radio 11 10333
radio 11 10846
radio 11 10902
radio 11 11416
radio 11 11433
radio 11 11946
radio 11 11963
radio 11 12476
radio 11 12493
radio 11 13006
radio 11 13023
radio 11 13536
radio 11 13553
radio 11 14066
radio 11 14098
radio 11 14612
radio 11 14644
radio 11 15158
radio 11 15175
radio 11 15688
radio 11 15705
radio 11 16218
radio 11 16235
radio 11 16748
radio 11 16765
radio 11 17278
radio 11 17295
radio 11 17808
radio 11 17825
radio 11 18338
radio 11 18355
radio 11 18868
radio 11 18885
radio 11 19398
radio 11 19415
radio 11 19928
radio 11 19977
radio 11 20491
radio 11 20508
radio 11 21021
radio 11 21073
radio 11 21587
radio 11 21622
radio 11 22136
radio 11 22171
radio 11 22685
radio 11 22702
radio 11 23215
radio 11 23287
radio 11 23801
radio 11 23818
radio 11 24331
radio 11 24348
radio 11 24861
radio 11 24878
radio 11 25391
radio 11 25408
radio 11 25921
radio 11 25938
radio 11 26451
delay 3 44 11 27040 11 26450 11 6 65535 0 658 0 1
radio 11 28124
radio 11 28638
radio 11 28669
radio 11 29183
radio 11 29200
radio 11 29713
radio 11 29730
radio 11 30243
radio 11 30260
radio 11 30773
radio 11 30805
radio 11 31319
radio 11 31336
radio 11 31849
radio 11 31879
radio 11 32393
radio 11 32421
radio 11 32935
radio 11 32952
radio 11 33465
radio 11 33482
radio 11 33995
radio 11 34012
radio 11 34525
radio 11 34555
energy 11 35022 8 60590
radio 11 35069
radio 11 35104
radio 11 35618
radio 11 35635
radio 11 36148
radio 11 36165
radio 11 36678
radio 11 36695
radio 11 37208
radio 11 37225
radio 11 37738
radio 11 37755
radio 11 38269
radio 11 38286
radio 11 38800
radio 11 38817
radio 11 39330
radio 11 39359
radio 11 39873
radio 11 39908
radio 11 40422
radio 11 40471
radio 11 40985
radio 11 41015
radio 11 41529
radio 11 41558
radio 11 42072
radio 11 42089
radio 11 42602
radio 11 42619
radio 11 43132
radio 11 43149
radio 11 43662
radio 11 43679
radio 11 44192
radio 11 44247
radio 11 44761
radio 11 44796
radio 11 45310
radio 11 45342
radio 11 45856
radio 11 45873
radio 11 46386
radio 11 46418
radio 11 46932
delay 4 15 11 47329 11 47526 12 6 65535 0 491 0 1
radio 11 48410
radio 11 48924
radio 11 48952
radio 11 49466
radio 11 49483
radio 11 49996
radio 11 50028
radio 11 50542
radio 11 50577
radio 11 51091
radio 11 51125
radio 11 51639
radio 11 51672
radio 11 52186
radio 11 52203
radio 11 52716
radio 11 52752
radio 11 53266
radio 11 53283
radio 11 53796
radio 11 53832
radio 11 54346
radio 11 54379
radio 11 54893
radio 11 54943
radio 11 55457
radio 11 55491
radio 11 56005
radio 11 56037
radio 11 56551
radio 11 56568
radio 11 57081
radio 11 57110
radio 11 57624
radio 11 57641
radio 11 58154
radio 11 58202
radio 11 58716
radio 11 58733
radio 11 59247
radio 11 59283
radio 11 59797
radio 11 59833
radio 11 60347
radio 11 60395
radio 11 60909
radio 11 60937
radio 11 61451
radio 11 61468
radio 11 61981
radio 11 61998
radio 11 62511
radio 11 62528
radio 11 63041
radio 11 63075
radio 11 63589
radio 11 63606
radio 11 64119
radio 11 64169
radio 11 64683
radio 11 64700
radio 11 65213
radio 11 65243
radio 12 221
radio 12 238
radio 12 751
radio 12 768
radio 12 1281
radio 12 1298
radio 12 1811
delay 5 23 12 1861 12 1897 9 6 65535 0 112 1 1
radio 12 2940
radio 12 3454
radio 12 3471
radio 12 3984
radio 12 4034
radio 12 4548
radio 12 4577
radio 12 5091
radio 12 5121
radio 12 5635
radio 12 5652
radio 12 6165
radio 12 6182
radio 12 6695
radio 12 6731
radio 12 7245
radio 12 7262
radio 12 7775
radio 12 7804
radio 12 8318
radio 12 8335
radio 12 8848
radio 12 8865
radio 12 9378
radio 12 9395
radio 12 9908
radio 12 9939
radio 12 10453
radio 12 10482
radio 12 10996
radio 12 11013
radio 12 11526
radio 12 11543
radio 12 12056
radio 12 12110
radio 12 12624
radio 12 12641
radio 12 13154
radio 12 13209
radio 12 13723
radio 12 13753
radio 12 14267
radio 12 14315
radio 12 14829
radio 12 14846
radio 12 15359
radio 12 15408
radio 12 15922
radio 12 15954
radio 12 16468
radio 12 16485
radio 12 16998
radio 12 17089
radio 12 17603
radio 12 17620
radio 12 18134
radio 12 18151
radio 12 18664
radio 12 18681
radio 12 19194
radio 12 19211
radio 12 19725
radio 12 19742
radio 12 20255
radio 12 20272
radio 12 20785
radio 12 20818
radio 12 21332
radio 12 21443
radio 12 21957
radio 12 22005
radio 12 22519
delay 6 35 12 22537 12 22228 9 6 65535 0 372 0 1
radio 12 23710
radio 12 24224
radio 12 24241
radio 12 24754
radio 12 24785
radio 12 25299
radio 12 25328
radio 12 25842
radio 12 25911
radio 12 26425
radio 12 26442
radio 12 26955
radio 12 26986
radio 12 27500
radio 12 27517
radio 12 28030
radio 12 28047
radio 12 28560
radio 12 28577
radio 12 29090
radio 12 29107
radio 12 29620
radio 12 29670
radio 12 30184
radio 12 30201
radio 12 30714
radio 12 30731
energy 12 30926 9 1121
radio 12 31244
radio 12 31261
radio 12 31774
radio 12 31791
radio 12 32304
radio 12 32334
radio 12 32848
radio 12 32865
radio 12 33378
radio 12 33395
radio 12 33908
radio 12 33925
radio 12 34438
radio 12 34455
radio 12 34968
radio 12 35020
radio 12 35534
radio 12 35569
radio 12 36083
radio 12 36100
radio 12 36613
radio 12 36642
radio 12 37156
radio 12 37189
radio 12 37703
radio 12 37755
radio 12 38269
radio 12 38323
radio 12 38837
radio 12 38870
radio 12 39384
radio 12 39401
radio 12 39914
radio 12 39965
radio 12 40479
radio 12 40528
radio 12 41042
radio 12 41059
radio 12 41572
radio 12 41626
radio 12 42140
radio 12 42172
radio 12 42686
delay 7 44 12 42858 12 42270 11 6 65535 0 66 0 1
radio 12 43929
radio 12 44443
radio 12 44474
radio 12 44988
radio 12 45036
radio 12 45550
radio 12 45567
radio 12 46080
radio 12 46148
radio 12 46662
radio 12 46713
radio 12 47227
radio 12 47244
radio 12 47757
radio 12 47810
radio 12 48324
radio 12 48352
radio 12 48866
radio 12 48883
radio 12 49396
radio 12 49413
radio 12 49926
radio 12 49943
radio 12 50456
radio 12 50473
radio 12 50986
radio 12 51003
radio 12 51516
radio 12 51545
radio 12 52059
radio 12 52109
radio 12 52623
radio 12 52651
radio 12 53165
radio 12 53182
radio 12 53695
radio 12 53723
radio 12 54237
radio 12 54268
radio 12 54782
radio 12 54853
radio 12 55367
radio 12 55384
radio 12 55897
radio 12 55914
radio 12 56427
radio 12 56444
radio 12 56957
radio 12 56989
radio 12 57503
radio 12 57534
radio 12 58048
radio 12 58065
radio 12 58578
radio 12 58595
radio 12 59108
radio 12 59139
radio 12 59653
radio 12 59670
radio 12 60183
radio 12 60235
radio 12 60749
radio 12 60778
radio 12 61292
radio 12 61320
radio 12 61834
radio 12 61868
radio 12 62382
radio 12 62399
radio 12 62912
radio 12 62929
radio 12 63442
delay 8 13 12 63977 12 64199 12 6 65535 0 607 0 1
radio 12 65050
radio 13 28
radio 13 56
radio 13 569
radio 13 586
radio 13 1099
radio 13 1151
radio 13 1665
radio 13 1682
radio 13 2195
radio 13 2212
radio 13 2725
radio 13 2776
radio 13 3290
radio 13 3307
radio 13 3820
radio 13 3891
radio 13 4405
radio 13 4422
radio 13 4935
radio 13 4952
radio 13 5465
radio 13 5482
radio 13 5995
radio 13 6012
radio 13 6525
radio 13 6542
radio 13 7055
radio 13 7086
radio 13 7600
radio 13 7652
radio 13 8166
radio 13 8197
radio 13 8711
radio 13 8728
radio 13 9241
radio 13 9258
radio 13 9771
radio 13 9804
radio 13 10318
radio 13 10335
radio 13 10848
radio 13 10902
radio 13 11416
radio 13 11433
radio 13 11946
radio 13 11963
radio 13 12476
radio 13 12526
radio 13 13040
radio 13 13057
radio 13 13570
radio 13 13644
radio 13 14158
radio 13 14209
radio 13 14723
radio 13 14833
radio 13 15347
radio 13 15423
radio 13 15937
radio 13 15954
radio 13 16467
radio 13 16518
radio 13 17032
radio 13 17049
radio 13 17562
radio 13 17615
radio 13 18129
delay 9 48 13 18203 13 17545 6 6 65535 0 127 1 1
radio 13 19284
radio 13 19798
radio 13 19827
radio 13 20341
radio 13 20375
radio 13 20889
radio 13 20917
radio 13 21431
radio 13 21448
radio 13 21961
radio 13 21978
radio 13 22491
radio 13 22522
radio 13 23036
radio 13 23053
radio 13 23566
radio 13 23583
radio 13 24096
radio 13 24113
radio 13 24626
radio 13 24662
radio 13 25176
radio 13 25193
radio 13 25706
radio 13 25723
radio 13 26236
radio 13 26266
radio 13 26780
radio 13 26811
energy 13 26830 9 7618
radio 13 27325
radio 13 27378
radio 13 27892
radio 13 27966
radio 13 28480
radio 13 28497
radio 13 29010
radio 13 29058
radio 13 29572
radio 13 29622
radio 13 30136
radio 13 30210
radio 13 30724
radio 13 30741
radio 13 31254
radio 13 31290
radio 13 31804
radio 13 31874
radio 13 32388
radio 13 32405
radio 13 32918
radio 13 32949
radio 13 33463
radio 13 33494
radio 13 34008
radio 13 34025
radio 13 34538
radio 13 34555
radio 13 35068
radio 13 35085
radio 13 35598
radio 13 35647
radio 13 36161
radio 13 36178
radio 13 36691
radio 13 36708
radio 13 37221
radio 13 37238
radio 13 37751
radio 13 37768
radio 13 38281
radio 13 38298
radio 13 38811
delay 10 45 13 38894 13 38277 12 6 65535 0 144 0 1
radio 13 39955
radio 13 40468
radio 13 40536
radio 13 41050
radio 13 41102
radio 13 41616
radio 13 41633
radio 13 42146
radio 13 42163
radio 13 42676
radio 13 42693
radio 13 43206
radio 13 43256
radio 13 43770
radio 13 43787
radio 13 44300
radio 13 44351
radio 13 44865
radio 13 44898
radio 13 45412
radio 13 45429
radio 13 45942
radio 13 45959
radio 13 46472
radio 13 46503
radio 13 47017
radio 13 47091
radio 13 47605
radio 13 47659
radio 13 48173
radio 13 48248
radio 13 48762
radio 13 48779
radio 13 49292
radio 13 49309
radio 13 49822
radio 13 49873
radio 13 50387
radio 13 50415
radio 13 50929
radio 13 50963
radio 13 51477
radio 13 51508
radio 13 52022
radio 13 52039
radio 13 52552
radio 13 52569
radio 13 53082
radio 13 53099
radio 13 53612
radio 13 53629
radio 13 54142
radio 13 54176
radio 13 54690
radio 13 54707
radio 13 55220
radio 13 55274
radio 13 55788
radio 13 55805
radio 13 56318
radio 13 56346
radio 13 56860
radio 13 56934
radio 13 57448
radio 13 57516
radio 13 58030
radio 13 58047
radio 13 58560
radio 13 58612
radio 13 59126
delay 11 0 13 59170 13 59826 0 6 6 0 202 0 1
radio 13 60227
radio 13 60741
radio 13 60758
radio 13 61271
radio 13 61288
radio 13 61801
radio 13 61834
radio 13 62348
radio 13 62365
radio 13 62878
radio 13 62895
radio 13 63408
radio 13 63425
radio 13 63938
radio 13 63988
radio 13 64502
radio 13 64519
radio 13 65032
radio 13 65049
radio 14 26
radio 14 60
radio 14 573
radio 14 607
radio 14 1120
radio 14 1150
radio 14 1664
radio 14 1697
radio 14 2211
radio 14 2259
radio 14 2773
radio 14 2809
radio 14 3323
radio 14 3340
radio 14 3853
radio 14 3870
