Thread[Thread-1,5,main]tree 1000 16 48 12 0 0
radio 8 59615
radio 8 59618
radio 8 59635
radio 8 60148
radio 8 60182
radio 8 60696
radio 8 60713
radio 8 61226
radio 8 61256
radio 8 61770
radio 8 61804
radio 8 62318
radio 8 62335
radio 8 62848
radio 8 62865
radio 8 63378
radio 8 63395
radio 8 63908
radio 8 63959
radio 8 64473
radio 8 64490
radio 8 65003
radio 8 65038
radio 9 16
radio 9 64
radio 9 577
radio 9 613
radio 9 1126
radio 9 1158
radio 9 1672
radio 9 1700
radio 9 2214
radio 9 2245
radio 9 2759
radio 9 2791
radio 9 3305
radio 9 3333
radio 9 3847
radio 9 3864
radio 9 4377
radio 9 4407
radio 9 4921
radio 9 4938
radio 9 5451
radio 9 5527
radio 9 6041
radio 9 6058
radio 9 6571
radio 9 6588
radio 9 7101
radio 9 7118
radio 9 7631
radio 9 7679
radio 9 8193
radio 9 8242
radio 9 8756
radio 9 8773
radio 9 9286
radio 9 9303
radio 9 9816
radio 9 9845
radio 9 10359
radio 9 10376
radio 9 10889
radio 9 10920
radio 9 11434
radio 9 11451
radio 9 11964
radio 9 11997
radio 9 12511
radio 9 12528
radio 9 13041
radio 9 13070
radio 9 13584
radio 9 13601
radio 9 14114
radio 9 14148
radio 9 14662
radio 9 14679
radio 9 15192
radio 9 15209
radio 9 15722
radio 9 15739
radio 9 16252
radio 9 16269
radio 9 16782
radio 9 16799
radio 9 17312
radio 9 17345
radio 9 17859
radio 9 17876
radio 9 18389
radio 9 18406
radio 9 18919
radio 9 18936
radio 9 19449
radio 9 19483
radio 9 19997
radio 9 20014
radio 9 20527
radio 9 20557
radio 9 21071
radio 9 21088
radio 9 21601
radio 9 21631
radio 9 22145
radio 9 22197
radio 9 22711
radio 9 22728
radio 9 23241
radio 9 23258
radio 9 23771
radio 9 23788
radio 9 24301
radio 9 24334
radio 9 24848
radio 9 24865
radio 9 25378
radio 9 25408
radio 9 25922
radio 9 25974
radio 9 26488
radio 9 26505
radio 9 27018
radio 9 27048
radio 9 27562
radio 9 27597
radio 9 28111
radio 9 28128
radio 9 28641
radio 9 28669
radio 9 29183
radio 9 29200
radio 9 29713
radio 9 29745
radio 9 30259
radio 9 30276
radio 9 30789
radio 9 30820
radio 9 31334
radio 9 31363
radio 9 31877
radio 9 31972
radio 9 32486
radio 9 32503
radio 9 33016
radio 9 33045
radio 9 33559
radio 9 33576
radio 9 34089
radio 9 34142
radio 9 34656
radio 9 34686
radio 9 35200
radio 9 35230
radio 9 35744
radio 9 35776
radio 9 36290
radio 9 36324
radio 9 36838
radio 9 36855
radio 9 37368
radio 9 37385
radio 9 37898
radio 9 37915
radio 9 38428
radio 9 38457
radio 9 38971
radio 9 39000
radio 9 39514
radio 9 39531
radio 9 40044
radio 9 40073
radio 9 40587
radio 9 40604
radio 9 41117
radio 9 41168
radio 9 41682
radio 9 41699
radio 9 42212
radio 9 42229
radio 9 42742
radio 9 42759
radio 9 43272
radio 9 43289
radio 9 43802
radio 9 43819
radio 9 44332
radio 9 44349
radio 9 44862
radio 9 44890
radio 9 45404
radio 9 45479
radio 9 45993
radio 9 46010
radio 9 46523
radio 9 46555
radio 9 47069
radio 9 47101
radio 9 47615
radio 9 47669
radio 9 48183
radio 9 48211
radio 9 48725
radio 9 48742
radio 9 49255
radio 9 49272
radio 9 49785
radio 9 49818
radio 9 50332
radio 9 50380
radio 9 50894
radio 9 50911
radio 9 51424
radio 9 51441
radio 9 51954
radio 9 51971
radio 9 52484
radio 9 52519
radio 9 53033
radio 9 53050
radio 9 53563
radio 9 53593
radio 9 54107
radio 9 54124
radio 9 54637
radio 9 54728
radio 9 55242
radio 9 55259
energy 9 55530 8 62020
radio 9 55772
radio 9 55807
radio 9 56321
radio 9 56352
radio 9 56866
radio 9 56883
radio 9 57396
radio 9 57431
radio 9 57945
radio 9 57962
radio 9 58475
radio 9 58505
radio 9 59019
radio 9 59055
radio 9 59569
radio 9 59639
radio 9 60153
radio 9 60204
radio 9 60718
radio 9 60747
radio 9 61261
radio 9 61278
radio 9 61791
radio 9 61808
radio 9 62321
radio 9 62338
radio 9 62851
radio 9 62868
radio 9 63381
radio 9 63414
radio 9 63928
radio 9 63945
radio 9 64458
radio 9 64493
radio 9 65007
radio 9 65040
radio 10 18
radio 10 46
radio 10 559
radio 10 588
radio 10 1102
radio 10 1135
radio 10 1649
radio 10 1679
radio 10 2193
radio 10 2226
radio 10 2740
radio 10 2791
radio 10 3305
radio 10 3322
radio 10 3835
radio 10 3852
radio 10 4365
radio 10 4382
radio 10 4895
radio 10 4912
radio 10 5425
radio 10 5442
radio 10 5955
radio 10 5972
radio 10 6485
radio 10 6517
radio 10 7031
radio 10 7087
radio 10 7601
radio 10 7618
radio 10 8131
radio 10 8148
radio 10 8661
radio 10 8678
radio 10 9191
radio 10 9224
radio 10 9738
radio 10 9755
radio 10 10268
radio 10 10285
radio 10 10798
radio 10 10826
radio 10 11340
radio 10 11389
radio 10 11903
radio 10 11935
radio 10 12449
radio 10 12466
radio 10 12980
radio 10 13016
radio 10 13530
radio 10 13547
radio 10 14060
radio 10 14115
radio 10 14629
radio 10 14658
radio 10 15172
radio 10 15204
radio 10 15718
radio 10 15749
radio 10 16263
radio 10 16297
radio 10 16811
radio 10 16828
radio 10 17341
radio 10 17358
radio 10 17871
radio 10 17888
radio 10 18401
radio 10 18431
radio 10 18945
radio 10 18980
radio 10 19494
radio 10 19511
radio 10 20024
radio 10 20055
radio 10 20569
radio 10 20597
radio 10 21111
radio 10 21128
radio 10 21641
radio 10 21658
radio 10 22171
radio 10 22200
radio 10 22714
radio 10 22731
radio 10 23244
radio 10 23261
radio 10 23774
radio 10 23809
radio 10 24323
radio 10 24340
radio 10 24853
radio 10 24882
radio 10 25396
radio 10 25413
radio 10 25926
radio 10 25943
radio 10 26456
radio 10 26487
radio 10 27001
radio 10 27029
radio 10 27543
radio 10 27560
radio 10 28073
radio 10 28103
radio 10 28617
radio 10 28634
radio 10 29147
radio 10 29164
radio 10 29677
radio 10 29752
radio 10 30266
delay 0 38 10 30286 10 29976 12 13 1 0 65535 0 0
radio 10 30294
radio 10 30808
radio 10 30879
radio 10 31393
radio 10 31413
radio 10 31926
radio 10 31943
radio 10 32457
radio 10 32486
radio 10 33000
radio 10 33029
radio 10 33543
radio 10 33578
radio 10 34092
radio 10 34143
radio 10 34657
radio 10 34691
radio 10 35205
radio 10 35241
radio 10 35755
radio 10 35785
radio 10 36299
radio 10 36327
radio 10 36841
radio 10 36870
radio 10 37384
radio 10 37401
radio 10 37914
radio 10 37931
radio 10 38444
radio 10 38473
radio 10 38987
radio 10 39004
radio 10 39517
radio 10 39548
radio 10 40062
radio 10 40079
radio 10 40592
radio 10 40643
radio 10 41157
radio 10 41186
radio 10 41700
radio 10 41717
radio 10 42231
radio 10 42248
radio 10 42761
radio 10 42797
radio 10 43311
radio 10 43328
radio 10 43841
radio 10 43896
radio 10 44410
radio 10 44427
radio 10 44940
radio 10 44957
radio 10 45470
radio 10 45487
radio 10 46001
radio 10 46033
radio 10 46547
radio 10 46564
radio 10 47077
radio 10 47094
radio 10 47608
radio 10 47625
radio 10 48138
radio 10 48207
radio 10 48721
radio 10 48752
radio 10 49266
radio 10 49314
radio 10 49828
radio 10 49845
radio 10 50359
radio 10 50410
radio 10 50924
delay 1 38 10 50997 10 50694 12 13 1 0 183 1 0
energy 10 51434 8 64462
radio 10 52062
radio 10 52576
radio 10 52593
radio 10 53107
radio 10 53143
radio 10 53657
radio 10 53688
radio 10 54202
radio 10 54231
radio 10 54745
radio 10 54801
radio 10 55315
radio 10 55345
radio 10 55859
radio 10 55888
radio 10 56402
radio 10 56438
radio 10 56952
radio 10 57003
radio 10 57517
radio 10 57534
radio 10 58047
radio 10 58064
radio 10 58577
radio 10 58594
radio 10 59107
radio 10 59143
radio 10 59657
radio 10 59674
radio 10 60188
radio 10 60205
radio 10 60718
radio 10 60748
radio 10 61262
radio 10 61315
radio 10 61829
radio 10 61860
radio 10 62374
radio 10 62391
radio 10 62904
radio 10 62921
radio 10 63434
radio 10 63451
radio 10 63965
radio 10 63982
radio 10 64496
radio 10 64550
radio 10 65064
radio 10 65081
radio 11 58
radio 11 75
radio 11 588
radio 11 605
radio 11 1118
radio 11 1153
radio 11 1667
radio 11 1684
radio 11 2197
radio 11 2227
radio 11 2741
radio 11 2772
radio 11 3286
radio 11 3318
radio 11 3832
radio 11 3866
radio 11 4380
radio 11 4409
radio 11 4923
radio 11 4940
radio 11 5453
radio 11 5521
radio 11 6035
delay 2 38 11 6111 11 5808 12 13 1 0 334 0 0
radio 11 6119
radio 11 6633
radio 11 6679
radio 11 7192
radio 11 7209
radio 11 7722
radio 11 7791
radio 11 8305
radio 11 8360
radio 11 8874
radio 11 8905
radio 11 9419
radio 11 9469
radio 11 9983
radio 11 10012
radio 11 10526
radio 11 10543
radio 11 11056
radio 11 11091
radio 11 11605
radio 11 11638
radio 11 12152
radio 11 12187
radio 11 12701
radio 11 12754
radio 11 13268
radio 11 13285
radio 11 13798
radio 11 13815
radio 11 14328
radio 11 14345
radio 11 14858
radio 11 14889
radio 11 15403
radio 11 15437
radio 11 15951
radio 11 16004
radio 11 16518
radio 11 16573
radio 11 17087
radio 11 17118
radio 11 17632
radio 11 17662
radio 11 18176
radio 11 18210
radio 11 18724
radio 11 18758
radio 11 19272
radio 11 19289
radio 11 19802
radio 11 19834
radio 11 20348
radio 11 20422
radio 11 20936
radio 11 20972
radio 11 21486
radio 11 21520
radio 11 22034
radio 11 22066
radio 11 22580
radio 11 22597
radio 11 23110
radio 11 23127
radio 11 23640
radio 11 23713
radio 11 24227
radio 11 24299
radio 11 24813
radio 11 24848
radio 11 25362
radio 11 25391
radio 11 25905
radio 11 25935
radio 11 26449
delay 3 17 11 26647 11 26927 12 13 1 0 158 0 0
radio 11 26655
radio 11 27169
radio 11 27186
radio 11 27700
radio 11 27749
radio 11 28263
radio 11 28280
radio 11 28793
radio 11 28845
radio 11 29359
radio 11 29387
radio 11 29901
radio 11 29951
radio 11 30465
radio 11 30482
radio 11 30995
radio 11 31012
radio 11 31525
radio 11 31542
radio 11 32056
radio 11 32073
radio 11 32586
radio 11 32615
radio 11 33129
radio 11 33146
radio 11 33659
radio 11 33676
radio 11 34189
radio 11 34206
radio 11 34720
radio 11 34774
radio 11 35288
radio 11 35318
radio 11 35832
radio 11 35861
radio 11 36375
radio 11 36407
radio 11 36921
radio 11 36989
radio 11 37503
radio 11 37534
radio 11 38048
radio 11 38082
radio 11 38596
radio 11 38668
radio 11 39182
radio 11 39218
radio 11 39732
radio 11 39768
radio 11 40282
radio 11 40331
radio 11 40845
radio 11 40895
radio 11 41409
radio 11 41438
radio 11 41952
radio 11 42022
radio 11 42536
radio 11 42553
radio 11 43067
radio 11 43084
radio 11 43597
radio 11 43727
radio 11 44241
radio 11 44272
radio 11 44786
radio 11 44838
radio 11 45352
radio 11 45369
radio 11 45882
radio 11 45899
radio 11 46412
radio 11 46445
radio 11 46959
delay 4 19 11 47033 11 47322 15 13 65535 0 444 0 0
radio 11 47041
energy 11 47338 9 3368
radio 11 47556
radio 11 47571
radio 11 48085
radio 11 48166
radio 11 48680
radio 11 48697
radio 11 49210
radio 11 49259
radio 11 49773
radio 11 49790
radio 11 50303
radio 11 50333
radio 11 50847
radio 11 50864
radio 11 51377
radio 11 51394
radio 11 51907
radio 11 51982
radio 11 52496
radio 11 52525
radio 11 53039
radio 11 53073
radio 11 53587
radio 11 53618
radio 11 54132
radio 11 54183
radio 11 54697
radio 11 54714
radio 11 55227
radio 11 55257
radio 11 55771
radio 11 55805
radio 11 56319
radio 11 56387
radio 11 56901
radio 11 56929
radio 11 57443
radio 11 57477
radio 11 57991
radio 11 58008
radio 11 58521
radio 11 58589
radio 11 59103
radio 11 59120
radio 11 59633
radio 11 59666
radio 11 60180
radio 11 60212
radio 11 60726
radio 11 60760
radio 11 61274
radio 11 61302
radio 11 61816
radio 11 61833
radio 11 62346
radio 11 62363
radio 11 62876
radio 11 62893
radio 11 63406
radio 11 63437
radio 11 63951
radio 11 63968
radio 11 64481
radio 11 64516
radio 11 65030
radio 11 65099
radio 12 77
radio 12 108
radio 12 621
radio 12 638
radio 12 1151
radio 12 1168
radio 12 1681
delay 5 23 12 1721 12 1897 9 13 4 0 112 1 0
radio 12 2796
radio 12 3310
radio 12 3331
radio 12 3845
radio 12 3875
radio 12 4389
radio 12 4479
radio 12 4993
radio 12 5025
radio 12 5539
radio 12 5590
radio 12 6104
radio 12 6180
radio 12 6694
radio 12 6711
radio 12 7224
radio 12 7256
radio 12 7770
radio 12 7824
radio 12 8338
radio 12 8369
radio 12 8883
radio 12 8914
radio 12 9428
radio 12 9456
radio 12 9970
radio 12 10043
radio 12 10557
radio 12 10591
radio 12 11105
radio 12 11122
radio 12 11636
radio 12 11667
radio 12 12181
radio 12 12231
radio 12 12745
radio 12 12762
radio 12 13275
radio 12 13306
radio 12 13820
radio 12 13851
radio 12 14365
radio 12 14382
radio 12 14895
radio 12 14912
radio 12 15425
radio 12 15442
radio 12 15955
radio 12 16006
radio 12 16520
radio 12 16537
radio 12 17050
radio 12 17083
radio 12 17597
radio 12 17630
radio 12 18144
radio 12 18161
radio 12 18675
radio 12 18692
radio 12 19205
radio 12 19256
radio 12 19770
radio 12 19806
radio 12 20320
radio 12 20351
radio 12 20865
radio 12 20896
radio 12 21410
radio 12 21459
radio 12 21973
delay 6 0 12 22022 12 22816 0 13 13 1 55 1 0
radio 12 23165
radio 12 23679
radio 12 23733
radio 12 24247
radio 12 24264
radio 12 24777
radio 12 24848
radio 12 25362
radio 12 25394
radio 12 25908
radio 12 25983
radio 12 26497
radio 12 26514
radio 12 27027
radio 12 27058
radio 12 27572
radio 12 27661
radio 12 28175
radio 12 28192
radio 12 28705
radio 12 28722
radio 12 29235
radio 12 29252
radio 12 29765
radio 12 29796
radio 12 30310
radio 12 30327
radio 12 30840
radio 12 30913
radio 12 31427
radio 12 31475
radio 12 31989
radio 12 32006
radio 12 32519
radio 12 32574
radio 12 33088
radio 12 33105
radio 12 33618
radio 12 33635
radio 12 34148
radio 12 34177
radio 12 34691
radio 12 34708
radio 12 35221
radio 12 35252
radio 12 35766
radio 12 35783
radio 12 36296
radio 12 36348
radio 12 36862
radio 12 36892
radio 12 37406
radio 12 37423
radio 12 37936
radio 12 37972
radio 12 38486
radio 12 38503
radio 12 39016
radio 12 39033
radio 12 39546
radio 12 39600
radio 12 40114
radio 12 40131
radio 12 40644
radio 12 40661
radio 12 41174
radio 12 41203
radio 12 41717
radio 12 41734
radio 12 42247
radio 12 42264
radio 12 42777
delay 7 44 12 43118 12 42669 11 13 2 0 465 0 0
radio 12 43126
energy 12 43242 9 8826
radio 12 43640
radio 12 44098
radio 12 44612
radio 12 44629
radio 12 45142
radio 12 45159
radio 12 45672
radio 12 45689
radio 12 46202
radio 12 46237
radio 12 46751
radio 12 46781
radio 12 47295
radio 12 47327
radio 12 47841
radio 12 47858
radio 12 48371
radio 12 48388
radio 12 48901
radio 12 48918
radio 12 49431
radio 12 49448
radio 12 49961
radio 12 49990
radio 12 50504
radio 12 50534
radio 12 51048
radio 12 51104
radio 12 51618
radio 12 51668
radio 12 52182
radio 12 52199
radio 12 52712
radio 12 52740
radio 12 53254
radio 12 53305
radio 12 53819
radio 12 53869
radio 12 54383
radio 12 54434
radio 12 54948
radio 12 54965
radio 12 55478
radio 12 55495
radio 12 56008
radio 12 56043
radio 12 56557
radio 12 56589
radio 12 57103
radio 12 57131
radio 12 57645
radio 12 57662
radio 12 58175
radio 12 58192
radio 12 58705
radio 12 58736
radio 12 59250
radio 12 59267
radio 12 59780
radio 12 59852
radio 12 60366
radio 12 60395
radio 12 60909
radio 12 60926
radio 12 61439
radio 12 61474
radio 12 61988
radio 12 62038
radio 12 62552
radio 12 62586
radio 12 63100
delay 8 38 12 63199 12 62894 12 13 1 0 14 1 0
radio 12 64274
radio 12 64788
radio 12 64817
radio 12 65331
radio 12 65348
radio 13 325
radio 13 342
radio 13 855
radio 13 906
radio 13 1419
radio 13 1436
radio 13 1949
radio 13 1966
radio 13 2479
radio 13 2496
radio 13 3009
radio 13 3042
radio 13 3556
radio 13 3588
radio 13 4102
radio 13 4170
radio 13 4684
radio 13 4701
radio 13 5214
radio 13 5231
radio 13 5744
radio 13 5761
radio 13 6274
radio 13 6308
radio 13 6822
radio 13 6898
radio 13 7412
radio 13 7446
radio 13 7960
radio 13 7977
radio 13 8490
radio 13 8519
radio 13 9033
radio 13 9102
radio 13 9616
radio 13 9633
radio 13 10146
radio 13 10163
radio 13 10676
radio 13 10704
radio 13 11218
radio 13 11246
radio 13 11760
radio 13 11793
radio 13 12307
radio 13 12324
radio 13 12837
radio 13 12854
radio 13 13367
radio 13 13384
radio 13 13897
radio 13 13914
radio 13 14427
radio 13 14462
radio 13 14976
radio 13 14993
radio 13 15506
radio 13 15536
radio 13 16050
radio 13 16082
radio 13 16596
radio 13 16651
radio 13 17165
radio 13 17182
radio 13 17695
radio 13 17712
radio 13 18225
delay 9 47 13 19111 13 18827 12 13 1 0 931 0 0
radio 13 19119
radio 13 19633
radio 13 19655
radio 13 20169
radio 13 20219
radio 13 20733
radio 13 20750
radio 13 21263
radio 13 21298
radio 13 21812
radio 13 21829
radio 13 22342
radio 13 22359
radio 13 22872
radio 13 22941
radio 13 23455
radio 13 23489
radio 13 24003
radio 13 24034
radio 13 24548
radio 13 24565
radio 13 25078
radio 13 25131
radio 13 25645
radio 13 25674
radio 13 26188
radio 13 26205
radio 13 26718
radio 13 26771
radio 13 27285
radio 13 27313
radio 13 27827
radio 13 27844
radio 13 28357
radio 13 28388
radio 13 28902
radio 13 28933
radio 13 29447
radio 13 29464
radio 13 29977
radio 13 30011
radio 13 30525
radio 13 30596
radio 13 31110
radio 13 31143
radio 13 31657
radio 13 31707
radio 13 32221
radio 13 32253
radio 13 32767
radio 13 32799
radio 13 33313
radio 13 33347
radio 13 33861
radio 13 33878
radio 13 34391
radio 13 34421
radio 13 34935
radio 13 34967
radio 13 35481
radio 13 35498
radio 13 36011
radio 13 36028
radio 13 36541
radio 13 36572
radio 13 37086
radio 13 37103
radio 13 37616
radio 13 37633
radio 13 38146
radio 13 38163
radio 13 38676
delay 10 19 13 38723 13 39013 15 13 65535 0 244 0 0
radio 13 38731
energy 13 39146 9 13808
radio 13 39246
radio 13 39340
radio 13 39854
radio 13 39871
radio 13 40384
radio 13 40440
radio 13 40954
radio 13 40984
radio 13 41498
radio 13 41529
radio 13 42043
radio 13 42060
radio 13 42573
radio 13 42607
radio 13 43121
radio 13 43151
radio 13 43665
radio 13 43698
radio 13 44212
radio 13 44246
radio 13 44760
radio 13 44795
radio 13 45309
radio 13 45381
radio 13 45895
radio 13 45912
radio 13 46425
radio 13 46458
radio 13 46972
radio 13 47000
radio 13 47514
radio 13 47587
radio 13 48101
radio 13 48118
radio 13 48631
radio 13 48662
radio 13 49176
radio 13 49206
radio 13 49720
radio 13 49753
radio 13 50267
radio 13 50284
radio 13 50797
radio 13 50826
radio 13 51340
radio 13 51357
radio 13 51870
radio 13 51899
radio 13 52413
radio 13 52447
radio 13 52961
radio 13 52992
radio 13 53506
radio 13 53558
radio 13 54072
radio 13 54089
radio 13 54603
radio 13 54653
radio 13 55167
radio 13 55281
radio 13 55795
radio 13 55868
radio 13 56382
radio 13 56453
radio 13 56967
radio 13 56984
radio 13 57497
radio 13 57514
radio 13 58027
radio 13 58061
radio 13 58575
radio 13 58592
radio 13 59105
delay 11 18 13 59120 13 59391 7 13 6 0 30 1 0
radio 13 60189
radio 13 60702
radio 13 60719
radio 13 61232
radio 13 61265
radio 13 61779
radio 13 61832
radio 13 62346
radio 13 62382
radio 13 62896
radio 13 62913
radio 13 63426
radio 13 63457
radio 13 63971
radio 13 64002
radio 13 64516
radio 13 64544
radio 13 65058
radio 13 65090
radio 14 68
radio 14 84
radio 14 598
radio 14 615
radio 14 1128
radio 14 1157
radio 14 1671
radio 14 1688
radio 14 2201
radio 14 2218
radio 14 2731
radio 14 2760
radio 14 3274
radio 14 3302
radio 14 3816
radio 14 3846
