Thread[Thread-1,5,main]tree 8 7 0 14 18 1
radio 8 41176
radio 8 41180
radio 8 41197
radio 8 41710
radio 8 41727
radio 8 42240
radio 8 42257
radio 8 42770
radio 8 42787
radio 8 43300
radio 8 43332
radio 8 43846
radio 8 43863
radio 8 44376
radio 8 44404
radio 8 44918
radio 8 44935
radio 8 45448
radio 8 45480
radio 8 45994
radio 8 46011
radio 8 46524
radio 8 46541
radio 8 47054
radio 8 47089
radio 8 47603
radio 8 47656
radio 8 48170
radio 8 48187
radio 8 48700
radio 8 48755
radio 8 49269
radio 8 49337
radio 8 49851
radio 8 49923
radio 8 50437
radio 8 50486
radio 8 51000
radio 8 51028
radio 8 51542
radio 8 51559
radio 8 52072
radio 8 52120
radio 8 52634
radio 8 52651
radio 8 53164
radio 8 53181
radio 8 53694
radio 8 53711
radio 8 54224
radio 8 54255
radio 8 54769
radio 8 54798
radio 8 55312
radio 8 55341
radio 8 55855
radio 8 55886
radio 8 56400
radio 8 56430
radio 8 56944
radio 8 56979
radio 8 57493
radio 8 57510
radio 8 58023
radio 8 58053
radio 8 58567
radio 8 58584
radio 8 59097
radio 8 59150
radio 8 59664
radio 8 59699
radio 8 60213
radio 8 60246
radio 8 60760
radio 8 60812
radio 8 61326
radio 8 61358
radio 8 61872
radio 8 61901
radio 8 62415
radio 8 62432
radio 8 62945
radio 8 62981
radio 8 63495
radio 8 63512
radio 8 64025
radio 8 64042
radio 8 64555
radio 8 64572
radio 8 65085
radio 8 65114
radio 9 92
radio 9 120
radio 9 633
radio 9 650
radio 9 1163
radio 9 1180
radio 9 1693
radio 9 1710
radio 9 2223
radio 9 2240
radio 9 2753
radio 9 2783
radio 9 3297
radio 9 3332
radio 9 3846
radio 9 3863
radio 9 4376
radio 9 4393
radio 9 4906
radio 9 4923
radio 9 5436
radio 9 5453
radio 9 5966
radio 9 5983
radio 9 6496
radio 9 6513
radio 9 7026
radio 9 7043
radio 9 7556
radio 9 7586
radio 9 8100
radio 9 8117
radio 9 8630
radio 9 8658
radio 9 9172
radio 9 9243
radio 9 9757
radio 9 9774
radio 9 10287
radio 9 10304
radio 9 10817
radio 9 10847
radio 9 11361
radio 9 11391
radio 9 11905
radio 9 11922
radio 9 12435
radio 9 12452
radio 9 12965
radio 9 12996
radio 9 13510
radio 9 13527
radio 9 14040
radio 9 14072
radio 9 14586
radio 9 14615
radio 9 15129
radio 9 15159
radio 9 15673
radio 9 15724
radio 9 16238
radio 9 16255
radio 9 16768
radio 9 16824
radio 9 17338
radio 9 17355
radio 9 17868
radio 9 17896
radio 9 18410
radio 9 18444
radio 9 18958
radio 9 18975
radio 9 19488
radio 9 19519
radio 9 20033
radio 9 20064
radio 9 20578
radio 9 20595
radio 9 21108
radio 9 21137
radio 9 21651
radio 9 21699
radio 9 22213
radio 9 22249
radio 9 22763
radio 9 22794
radio 9 23308
radio 9 23325
radio 9 23838
radio 9 23886
radio 9 24400
radio 9 24417
radio 9 24930
radio 9 24947
radio 9 25460
radio 9 25477
radio 9 25990
radio 9 26007
radio 9 26520
radio 9 26551
radio 9 27065
radio 9 27095
radio 9 27609
radio 9 27626
radio 9 28139
radio 9 28156
radio 9 28669
radio 9 28725
radio 9 29239
radio 9 29256
radio 9 29769
radio 9 29823
radio 9 30337
radio 9 30354
radio 9 30867
radio 9 30884
radio 9 31397
radio 9 31414
radio 9 31927
radio 9 31979
radio 9 32493
radio 9 32510
radio 9 33023
radio 9 33040
radio 9 33553
radio 9 33604
radio 9 34118
radio 9 34135
radio 9 34648
radio 9 34665
radio 9 35178
radio 9 35211
radio 9 35725
radio 9 35756
radio 9 36270
radio 9 36304
radio 9 36818
radio 9 36849
energy 9 37091 8 43616
radio 9 37363
radio 9 37396
radio 9 37910
radio 9 37927
radio 9 38440
radio 9 38457
radio 9 38970
radio 9 38987
radio 9 39500
radio 9 39531
radio 9 40045
radio 9 40076
radio 9 40590
radio 9 40607
radio 9 41120
radio 9 41137
radio 9 41650
radio 9 41683
radio 9 42197
radio 9 42267
radio 9 42781
radio 9 42798
radio 9 43311
radio 9 43343
radio 9 43857
radio 9 43874
radio 9 44387
radio 9 44404
radio 9 44917
radio 9 44950
radio 9 45464
radio 9 45481
radio 9 45994
radio 9 46046
radio 9 46560
radio 9 46594
radio 9 47108
radio 9 47125
radio 9 47638
radio 9 47673
radio 9 48187
radio 9 48204
radio 9 48717
radio 9 48768
radio 9 49282
radio 9 49299
radio 9 49812
radio 9 49842
radio 9 50356
radio 9 50387
radio 9 50901
radio 9 50973
radio 9 51487
radio 9 51555
radio 9 52069
radio 9 52118
radio 9 52632
radio 9 52649
radio 9 53162
radio 9 53216
radio 9 53730
radio 9 53765
radio 9 54279
radio 9 54296
radio 9 54809
radio 9 54826
radio 9 55339
radio 9 55373
radio 9 55887
radio 9 55904
radio 9 56417
radio 9 56434
radio 9 56947
radio 9 56964
radio 9 57477
radio 9 57527
radio 9 58041
radio 9 58069
radio 9 58583
radio 9 58619
radio 9 59133
radio 9 59150
radio 9 59663
radio 9 59713
radio 9 60227
radio 9 60244
radio 9 60757
radio 9 60774
radio 9 61287
radio 9 61318
radio 9 61832
radio 9 61849
radio 9 62362
radio 9 62398
radio 9 62912
radio 9 62967
radio 9 63481
radio 9 63498
radio 9 64011
radio 9 64046
radio 9 64560
radio 9 64577
radio 9 65090
radio 9 65141
radio 10 119
radio 10 150
radio 10 664
radio 10 681
radio 10 1194
radio 10 1222
radio 10 1736
radio 10 1753
radio 10 2266
radio 10 2316
radio 10 2830
radio 10 2847
radio 10 3360
radio 10 3393
radio 10 3907
radio 10 3924
radio 10 4437
radio 10 4466
radio 10 4980
radio 10 5011
radio 10 5525
radio 10 5560
radio 10 6074
radio 10 6091
radio 10 6604
radio 10 6652
radio 10 7166
radio 10 7183
radio 10 7696
radio 10 7713
radio 10 8226
radio 10 8243
radio 10 8756
radio 10 8786
radio 10 9300
radio 10 9329
radio 10 9843
radio 10 9860
radio 10 10373
radio 10 10390
radio 10 10903
radio 10 10920
radio 10 11434
radio 10 11451
radio 10 11964
radio 10 11981
radio 10 12494
radio 10 12511
radio 10 13024
radio 10 13041
radio 10 13554
radio 10 13571
radio 10 14085
radio 10 14115
radio 10 14629
radio 10 14658
radio 10 15172
radio 10 15189
radio 10 15702
radio 10 15719
radio 10 16232
radio 10 16264
radio 10 16778
radio 10 16795
radio 10 17308
radio 10 17325
radio 10 17838
radio 10 17871
radio 10 18385
radio 10 18418
radio 10 18932
radio 10 18949
radio 10 19462
radio 10 19511
radio 10 20025
radio 10 20042
radio 10 20555
radio 10 20572
radio 10 21085
radio 10 21102
radio 10 21615
radio 10 21632
radio 10 22145
radio 10 22175
radio 10 22689
radio 10 22706
radio 10 23219
radio 10 23275
radio 10 23789
radio 10 23821
radio 10 24335
radio 10 24352
radio 10 24865
radio 10 24897
radio 10 25411
radio 10 25428
radio 10 25941
radio 10 25973
radio 10 26487
radio 10 26504
radio 10 27017
radio 10 27034
radio 10 27548
radio 10 27565
radio 10 28078
radio 10 28109
radio 10 28623
radio 10 28697
radio 10 29211
radio 10 29262
radio 10 29776
delay 0 0 10 29792 10 30968 0 6 6 0 19 1 1
radio 10 30872
radio 10 31386
radio 10 31401
radio 10 31915
radio 10 31931
radio 10 32445
radio 10 32462
radio 10 32975
energy 10 33001 8 47041
radio 10 33009
radio 10 33523
radio 10 33540
radio 10 34053
radio 10 34070
radio 10 34583
radio 10 34614
radio 10 35128
radio 10 35145
radio 10 35658
radio 10 35690
radio 10 36204
radio 10 36221
radio 10 36734
radio 10 36784
radio 10 37298
radio 10 37315
radio 10 37828
radio 10 37845
radio 10 38358
radio 10 38394
radio 10 38908
radio 10 38942
radio 10 39456
radio 10 39473
radio 10 39986
radio 10 40017
radio 10 40531
radio 10 40548
radio 10 41061
radio 10 41078
radio 10 41591
radio 10 41639
radio 10 42153
radio 10 42201
radio 10 42715
radio 10 42748
radio 10 43262
radio 10 43279
radio 10 43792
radio 10 43828
radio 10 44342
radio 10 44359
radio 10 44872
radio 10 44904
radio 10 45418
radio 10 45435
radio 10 45948
radio 10 45965
radio 10 46478
radio 10 46495
radio 10 47008
radio 10 47025
radio 10 47538
radio 10 47574
radio 10 48088
radio 10 48105
radio 10 48618
radio 10 48635
radio 10 49148
radio 10 49165
radio 10 49679
radio 10 49713
radio 10 50227
radio 10 50244
radio 10 50758
delay 1 24 10 50777 10 51293 6 6 65535 0 510 0 1
radio 10 51855
radio 10 52369
radio 10 52386
radio 10 52899
radio 10 52916
radio 10 53429
radio 10 53460
radio 10 53974
radio 10 54003
radio 10 54517
radio 10 54545
radio 10 55059
radio 10 55076
radio 10 55589
radio 10 55606
radio 10 56119
radio 10 56136
radio 10 56649
radio 10 56678
radio 10 57192
radio 10 57209
radio 10 57722
radio 10 57775
radio 10 58289
radio 10 58318
radio 10 58832
radio 10 58862
radio 10 59376
radio 10 59409
radio 10 59923
radio 10 59975
radio 10 60489
radio 10 60540
radio 10 61054
radio 10 61071
radio 10 61584
radio 10 61601
radio 10 62114
radio 10 62131
radio 10 62644
radio 10 62661
radio 10 63174
radio 10 63208
radio 10 63722
radio 10 63739
radio 10 64252
radio 10 64269
radio 10 64782
radio 10 64812
radio 10 65326
radio 10 65343
radio 11 320
radio 11 337
radio 11 850
radio 11 867
radio 11 1380
radio 11 1397
radio 11 1910
radio 11 1941
radio 11 2455
radio 11 2528
radio 11 3042
radio 11 3059
radio 11 3572
radio 11 3603
radio 11 4117
radio 11 4148
radio 11 4662
radio 11 4679
radio 11 5192
delay 2 0 11 5238 11 6413 0 6 6 0 42 1 1
radio 11 6310
radio 11 6824
radio 11 6841
radio 11 7354
radio 11 7390
radio 11 7904
radio 11 7936
radio 11 8450
radio 11 8467
radio 11 8980
radio 11 9029
radio 11 9543
radio 11 9560
radio 11 10073
radio 11 10090
radio 11 10603
radio 11 10620
radio 11 11133
radio 11 11150
radio 11 11663
radio 11 11680
radio 11 12193
radio 11 12229
radio 11 12743
radio 11 12760
radio 11 13273
radio 11 13290
radio 11 13803
radio 11 13831
radio 11 14345
radio 11 14376
radio 11 14890
radio 11 14941
radio 11 15455
radio 11 15472
radio 11 15985
radio 11 16038
radio 11 16552
radio 11 16569
radio 11 17082
radio 11 17118
radio 11 17632
radio 11 17649
radio 11 18162
radio 11 18179
radio 11 18692
radio 11 18709
radio 11 19222
radio 11 19251
radio 11 19765
radio 11 19798
radio 11 20312
radio 11 20329
radio 11 20842
radio 11 20875
radio 11 21389
radio 11 21439
radio 11 21953
radio 11 21970
radio 11 22483
radio 11 22500
radio 11 23013
radio 11 23048
radio 11 23562
radio 11 23579
radio 11 24092
radio 11 24109
radio 11 24622
radio 11 24639
radio 11 25152
radio 11 25182
radio 11 25696
delay 3 0 11 25767 11 26943 0 6 6 0 89 1 1
radio 11 26839
radio 11 27353
radio 11 27372
radio 11 27886
radio 11 27903
radio 11 28416
radio 11 28433
energy 11 28899 8 52386
radio 11 28946
radio 11 28963
radio 11 29476
radio 11 29493
radio 11 30006
radio 11 30038
radio 11 30552
radio 11 30569
radio 11 31082
radio 11 31099
radio 11 31612
radio 11 31647
radio 11 32161
radio 11 32178
radio 11 32691
radio 11 32725
radio 11 33239
radio 11 33256
radio 11 33769
radio 11 33817
radio 11 34331
radio 11 34348
radio 11 34861
radio 11 34878
radio 11 35391
radio 11 35423
radio 11 35937
radio 11 35966
radio 11 36480
radio 11 36497
radio 11 37010
radio 11 37040
radio 11 37554
radio 11 37588
radio 11 38102
radio 11 38130
radio 11 38644
radio 11 38692
radio 11 39206
radio 11 39234
radio 11 39748
radio 11 39779
radio 11 40293
radio 11 40321
radio 11 40835
radio 11 40852
radio 11 41365
radio 11 41382
radio 11 41895
radio 11 41923
radio 11 42437
radio 11 42465
radio 11 42979
radio 11 43035
radio 11 43549
radio 11 43566
radio 11 44079
radio 11 44113
radio 11 44627
radio 11 44644
radio 11 45157
radio 11 45191
radio 11 45705
radio 11 45734
radio 11 46248
delay 4 42 11 46373 11 46375 7 6 65535 0 131 1 1
radio 11 47563
radio 11 48076
radio 11 48105
radio 11 48619
radio 11 48668
radio 11 49182
radio 11 49232
radio 11 49746
radio 11 49776
radio 11 50290
radio 11 50307
radio 11 50820
radio 11 50837
radio 11 51350
radio 11 51367
radio 11 51880
radio 11 51897
radio 11 52410
radio 11 52427
radio 11 52940
radio 11 52969
radio 11 53483
radio 11 53531
radio 11 54045
radio 11 54075
radio 11 54589
radio 11 54642
radio 11 55156
radio 11 55204
radio 11 55718
radio 11 55749
radio 11 56263
radio 11 56280
radio 11 56793
radio 11 56810
radio 11 57323
radio 11 57340
radio 11 57853
radio 11 57870
radio 11 58383
radio 11 58400
radio 11 58913
radio 11 58947
radio 11 59461
radio 11 59494
radio 11 60008
radio 11 60037
radio 11 60551
radio 11 60568
radio 11 61081
radio 11 61112
radio 11 61626
radio 11 61654
radio 11 62168
radio 11 62185
radio 11 62698
radio 11 62728
radio 11 63242
radio 11 63259
radio 11 63772
radio 11 63804
radio 11 64318
radio 11 64335
radio 11 64848
radio 11 64878
radio 11 65392
radio 11 65409
radio 12 386
radio 12 436
radio 12 950
radio 12 982
radio 12 1496
delay 5 24 12 1544 12 2058 6 6 65535 0 192 0 1
radio 12 2621
radio 12 3134
radio 12 3151
radio 12 3664
radio 12 3694
radio 12 4208
radio 12 4239
radio 12 4753
radio 12 4770
radio 12 5283
radio 12 5311
radio 12 5825
radio 12 5853
radio 12 6367
radio 12 6401
radio 12 6915
radio 12 6932
radio 12 7445
radio 12 7499
radio 12 8013
radio 12 8030
radio 12 8543
radio 12 8614
radio 12 9128
radio 12 9179
radio 12 9693
radio 12 9728
radio 12 10242
radio 12 10292
radio 12 10806
radio 12 10823
radio 12 11336
radio 12 11367
radio 12 11881
radio 12 11915
radio 12 12429
radio 12 12459
radio 12 12973
radio 12 13021
radio 12 13535
radio 12 13552
radio 12 14065
radio 12 14082
radio 12 14595
radio 12 14612
radio 12 15125
radio 12 15156
radio 12 15670
radio 12 15687
radio 12 16200
radio 12 16252
radio 12 16766
radio 12 16822
radio 12 17336
radio 12 17364
radio 12 17878
radio 12 17931
radio 12 18445
radio 12 18481
radio 12 18995
radio 12 19023
radio 12 19537
radio 12 19572
radio 12 20086
radio 12 20114
radio 12 20628
radio 12 20659
radio 12 21173
radio 12 21190
radio 12 21703
delay 6 22 12 21722 12 22310 11 6 65535 0 77 1 1
radio 12 22799
radio 12 23313
radio 12 23348
radio 12 23862
radio 12 23879
radio 12 24392
radio 12 24441
energy 12 24803 8 58289
radio 12 24955
radio 12 25007
radio 12 25521
radio 12 25538
radio 12 26052
radio 12 26069
radio 12 26582
radio 12 26614
radio 12 27128
radio 12 27145
radio 12 27658
radio 12 27675
radio 12 28188
radio 12 28205
radio 12 28718
radio 12 28735
radio 12 29248
radio 12 29281
radio 12 29795
radio 12 29812
radio 12 30325
radio 12 30359
radio 12 30873
radio 12 30890
radio 12 31403
radio 12 31455
radio 12 31969
radio 12 31986
radio 12 32499
radio 12 32516
radio 12 33029
radio 12 33083
radio 12 33597
radio 12 33614
radio 12 34128
radio 12 34200
radio 12 34714
radio 12 34765
radio 12 35279
radio 12 35296
radio 12 35809
radio 12 35826
radio 12 36339
radio 12 36367
radio 12 36881
radio 12 36898
radio 12 37411
radio 12 37440
radio 12 37954
radio 12 37985
radio 12 38499
radio 12 38516
radio 12 39029
radio 12 39058
radio 12 39572
radio 12 39589
radio 12 40102
radio 12 40119
radio 12 40632
radio 12 40700
radio 12 41214
radio 12 41231
radio 12 41744
radio 12 41761
radio 12 42274
delay 7 41 12 42673 12 42700 12 6 65535 0 485 0 1
radio 12 43734
radio 12 44248
radio 12 44283
radio 12 44797
radio 12 44814
radio 12 45328
radio 12 45358
radio 12 45872
radio 12 45905
radio 12 46419
radio 12 46436
radio 12 46949
radio 12 46983
radio 12 47497
radio 12 47566
radio 12 48080
radio 12 48131
radio 12 48645
radio 12 48662
radio 12 49175
radio 12 49192
radio 12 49705
radio 12 49722
radio 12 50235
radio 12 50285
radio 12 50799
radio 12 50871
radio 12 51385
radio 12 51433
radio 12 51947
radio 12 52023
radio 12 52537
radio 12 52589
radio 12 53103
radio 12 53177
radio 12 53691
radio 12 53708
radio 12 54221
radio 12 54250
radio 12 54764
radio 12 54794
radio 12 55308
radio 12 55325
radio 12 55838
radio 12 55870
radio 12 56384
radio 12 56401
radio 12 56914
radio 12 56931
radio 12 57444
radio 12 57461
radio 12 57974
radio 12 58005
radio 12 58519
radio 12 58536
radio 12 59049
radio 12 59100
radio 12 59614
radio 12 59631
radio 12 60144
radio 12 60161
radio 12 60674
radio 12 60691
radio 12 61204
radio 12 61237
radio 12 61751
radio 12 61768
radio 12 62281
radio 12 62312
radio 12 62826
delay 8 12 12 62843 12 63605 6 6 65535 0 254 0 1
radio 12 63921
radio 12 64435
radio 12 64452
radio 12 64965
radio 12 65014
radio 12 65528
radio 13 9
radio 13 522
radio 13 556
radio 13 1070
radio 13 1087
radio 13 1600
radio 13 1617
radio 13 2130
radio 13 2160
radio 13 2674
radio 13 2745
radio 13 3259
radio 13 3308
radio 13 3822
radio 13 3839
radio 13 4352
radio 13 4404
radio 13 4918
radio 13 4935
radio 13 5448
radio 13 5478
radio 13 5992
radio 13 6009
radio 13 6522
radio 13 6539
radio 13 7052
radio 13 7069
radio 13 7582
radio 13 7599
radio 13 8112
radio 13 8145
radio 13 8659
radio 13 8693
radio 13 9207
radio 13 9224
radio 13 9737
radio 13 9754
radio 13 10267
radio 13 10295
radio 13 10809
radio 13 10826
radio 13 11339
radio 13 11372
radio 13 11886
radio 13 11920
radio 13 12434
radio 13 12451
radio 13 12964
radio 13 12981
radio 13 13494
radio 13 13543
radio 13 14057
radio 13 14074
radio 13 14587
radio 13 14619
radio 13 15133
radio 13 15150
radio 13 15663
radio 13 15680
radio 13 16193
radio 13 16266
radio 13 16780
radio 13 16810
radio 13 17324
radio 13 17352
radio 13 17866
delay 9 13 13 17911 13 18653 12 6 65535 0 164 0 1
radio 13 18974
radio 13 19488
radio 13 19505
radio 13 20018
radio 13 20035
radio 13 20548
radio 13 20565
energy 13 20707 8 64304
radio 13 21078
radio 13 21095
radio 13 21608
radio 13 21643
radio 13 22157
radio 13 22174
radio 13 22687
radio 13 22704
radio 13 23217
radio 13 23234
radio 13 23747
radio 13 23764
radio 13 24277
radio 13 24294
radio 13 24807
radio 13 24836
radio 13 25350
radio 13 25367
radio 13 25880
radio 13 25897
radio 13 26410
radio 13 26439
radio 13 26953
radio 13 26970
radio 13 27483
radio 13 27500
radio 13 28013
radio 13 28042
radio 13 28556
radio 13 28586
radio 13 29100
radio 13 29153
radio 13 29667
radio 13 29696
radio 13 30210
radio 13 30263
radio 13 30777
radio 13 30794
radio 13 31307
radio 13 31324
radio 13 31837
radio 13 31871
radio 13 32385
radio 13 32417
radio 13 32931
radio 13 32985
radio 13 33499
radio 13 33555
radio 13 34069
radio 13 34086
radio 13 34599
radio 13 34616
radio 13 35129
radio 13 35146
radio 13 35659
radio 13 35676
radio 13 36189
radio 13 36220
radio 13 36734
radio 13 36767
radio 13 37281
radio 13 37312
radio 13 37826
radio 13 37855
radio 13 38369
delay 10 23 13 38750 13 39307 9 6 65535 0 303 0 1
radio 13 39826
radio 13 40340
radio 13 40388
radio 13 40902
radio 13 40919
radio 13 41432
radio 13 41460
radio 13 41974
radio 13 42006
radio 13 42520
radio 13 42555
radio 13 43069
radio 13 43086
radio 13 43599
radio 13 43629
radio 13 44143
radio 13 44176
radio 13 44690
radio 13 44722
radio 13 45236
radio 13 45265
radio 13 45779
radio 13 45810
radio 13 46324
radio 13 46341
radio 13 46854
radio 13 46871
radio 13 47384
radio 13 47401
radio 13 47914
radio 13 47931
radio 13 48444
radio 13 48461
radio 13 48974
radio 13 49028
radio 13 49542
radio 13 49577
radio 13 50091
radio 13 50125
radio 13 50639
radio 13 50656
radio 13 51169
radio 13 51200
radio 13 51714
radio 13 51731
radio 13 52244
radio 13 52274
radio 13 52788
radio 13 52821
radio 13 53335
radio 13 53390
radio 13 53904
radio 13 53958
radio 13 54472
radio 13 54489
radio 13 55002
radio 13 55032
radio 13 55546
radio 13 55579
radio 13 56093
radio 13 56110
radio 13 56623
radio 13 56640
radio 13 57153
radio 13 57209
radio 13 57723
radio 13 57791
radio 13 58305
radio 13 58356
radio 13 58870
delay 11 15 13 58919 13 59634 12 6 65535 0 58 1 1
radio 13 60000
radio 13 60514
radio 13 60545
radio 13 61059
radio 13 61087
radio 13 61601
radio 13 61618
radio 13 62131
radio 13 62183
radio 13 62697
radio 13 62730
radio 13 63244
radio 13 63261
radio 13 63774
radio 13 63791
radio 13 64304
radio 13 64334
radio 13 64848
radio 13 64865
radio 13 65378
radio 13 65434
radio 14 412
radio 14 447
radio 14 960
radio 14 977
radio 14 1490
radio 14 1518
radio 14 2032
radio 14 2049
radio 14 2562
radio 14 2654
radio 14 3168
radio 14 3200
