Thread[Thread-1,5,main]tree 13 0 0 11 16 1
radio 8 32971
radio 8 32975
radio 8 32991
radio 8 33505
radio 8 33522
radio 8 34035
radio 8 34052
radio 8 34565
radio 8 34594
radio 8 35108
radio 8 35125
radio 8 35638
radio 8 35691
radio 8 36205
radio 8 36222
radio 8 36735
radio 8 36764
radio 8 37278
radio 8 37295
radio 8 37808
radio 8 37825
radio 8 38338
radio 8 38355
radio 8 38868
radio 8 38885
radio 8 39398
radio 8 39429
radio 8 39943
radio 8 39995
radio 8 40509
radio 8 40526
radio 8 41039
radio 8 41089
radio 8 41603
radio 8 41620
radio 8 42133
radio 8 42182
radio 8 42696
radio 8 42732
radio 8 43246
radio 8 43263
radio 8 43776
radio 8 43805
radio 8 44319
radio 8 44336
radio 8 44849
radio 8 44881
radio 8 45395
radio 8 45445
radio 8 45959
radio 8 45987
radio 8 46501
radio 8 46529
radio 8 47043
radio 8 47060
radio 8 47573
radio 8 47590
radio 8 48103
radio 8 48120
radio 8 48633
radio 8 48650
radio 8 49163
radio 8 49196
radio 8 49710
radio 8 49727
radio 8 50240
radio 8 50268
radio 8 50782
radio 8 50799
radio 8 51312
radio 8 51329
radio 8 51842
radio 8 51875
radio 8 52389
radio 8 52418
radio 8 52932
radio 8 52949
radio 8 53462
radio 8 53479
radio 8 53992
radio 8 54009
radio 8 54522
radio 8 54553
radio 8 55067
radio 8 55099
radio 8 55613
radio 8 55668
radio 8 56182
radio 8 56214
radio 8 56728
radio 8 56756
radio 8 57270
radio 8 57305
radio 8 57819
radio 8 57869
radio 8 58383
delay 55 18 8 58420 8 55523 6 0 65535 0 65535 0 1
radio 8 59494
radio 8 60008
radio 8 60025
radio 8 60538
radio 8 60571
radio 8 61085
radio 8 61102
radio 8 61615
radio 8 61632
radio 8 62145
radio 8 62162
radio 8 62675
radio 8 62692
radio 8 63205
radio 8 63222
radio 8 63735
radio 8 63752
radio 8 64265
radio 8 64296
radio 8 64810
radio 8 64844
radio 8 65358
radio 8 65375
radio 9 352
radio 9 407
radio 9 920
radio 9 948
radio 9 1461
radio 9 1512
radio 9 2025
radio 9 2042
radio 9 2555
radio 9 2585
radio 9 3099
radio 9 3132
radio 9 3645
radio 9 3662
radio 9 4175
radio 9 4192
radio 9 4705
radio 9 4722
radio 9 5235
radio 9 5271
radio 9 5784
radio 9 5813
radio 9 6326
radio 9 6343
radio 9 6856
radio 9 6908
radio 9 7421
radio 9 7455
radio 9 7968
radio 9 7997
radio 9 8511
radio 9 8528
radio 9 9041
radio 9 9058
radio 9 9571
radio 9 9588
radio 9 10101
radio 9 10133
radio 9 10647
radio 9 10679
radio 9 11193
radio 9 11210
radio 9 11723
radio 9 11753
radio 9 12267
radio 9 12297
radio 9 12811
radio 9 12846
radio 9 13360
radio 9 13409
radio 9 13923
radio 9 13951
radio 9 14465
radio 9 14513
radio 9 15027
radio 9 15044
radio 9 15557
radio 9 15574
radio 9 16087
radio 9 16104
radio 9 16617
radio 9 16634
radio 9 17147
radio 9 17164
radio 9 17677
radio 9 17694
radio 9 18207
radio 9 18235
radio 9 18749
radio 9 18784
radio 9 19298
radio 9 19315
radio 9 19828
radio 9 19845
radio 9 20358
radio 9 20375
radio 9 20888
radio 9 20905
radio 9 21418
radio 9 21435
radio 9 21948
radio 9 21965
radio 9 22478
radio 9 22506
radio 9 23020
radio 9 23051
radio 9 23565
radio 9 23600
radio 9 24114
radio 9 24146
radio 9 24660
radio 9 24677
radio 9 25190
radio 9 25207
radio 9 25720
radio 9 25737
radio 9 26250
radio 9 26267
radio 9 26780
radio 9 26831
radio 9 27345
radio 9 27376
radio 9 27890
radio 9 27962
radio 9 28476
radio 9 28493
energy 9 28886 8 36301
radio 9 29006
radio 9 29023
radio 9 29536
radio 9 29553
radio 9 30066
radio 9 30094
radio 9 30608
radio 9 30625
radio 9 31138
radio 9 31190
radio 9 31704
radio 9 31732
radio 9 32246
radio 9 32263
radio 9 32776
radio 9 32793
radio 9 33306
radio 9 33337
radio 9 33851
radio 9 33924
radio 9 34438
radio 9 34455
radio 9 34968
radio 9 34985
radio 9 35498
radio 9 35515
radio 9 36028
radio 9 36045
radio 9 36558
radio 9 36575
radio 9 37088
radio 9 37118
radio 9 37632
radio 9 37649
radio 9 38162
radio 9 38211
radio 9 38725
radio 9 38742
radio 9 39255
radio 9 39272
radio 9 39785
radio 9 39802
radio 9 40315
radio 9 40332
radio 9 40845
radio 9 40862
radio 9 41375
radio 9 41407
radio 9 41921
radio 9 41938
radio 9 42451
radio 9 42481
radio 9 42995
radio 9 43025
radio 9 43539
radio 9 43556
radio 9 44069
radio 9 44086
radio 9 44599
radio 9 44631
radio 9 45145
radio 9 45178
radio 9 45692
radio 9 45720
radio 9 46234
radio 9 46288
radio 9 46802
radio 9 46819
radio 9 47332
radio 9 47381
radio 9 47895
radio 9 47912
radio 9 48425
radio 9 48442
radio 9 48955
radio 9 48972
radio 9 49485
radio 9 49502
radio 9 50015
radio 9 50065
radio 9 50579
radio 9 50612
radio 9 51126
radio 9 51143
radio 9 51656
radio 9 51686
radio 9 52200
radio 9 52217
radio 9 52730
radio 9 52785
radio 9 53299
radio 9 53316
radio 9 53829
radio 9 53846
radio 9 54359
radio 9 54376
radio 9 54889
radio 9 54906
radio 9 55419
radio 9 55436
radio 9 55949
radio 9 55985
radio 9 56499
radio 9 56532
radio 9 57046
radio 9 57074
radio 9 57588
radio 9 57605
radio 9 58118
radio 9 58135
radio 9 58648
radio 9 58665
radio 9 59178
radio 9 59211
radio 9 59725
radio 9 59755
radio 9 60269
radio 9 60303
radio 9 60817
radio 9 60846
radio 9 61360
radio 9 61377
radio 9 61890
radio 9 61907
radio 9 62420
radio 9 62437
radio 9 62950
radio 9 62967
radio 9 63480
radio 9 63534
radio 9 64048
radio 9 64082
radio 9 64596
radio 9 64613
radio 9 65126
radio 9 65143
radio 10 120
radio 10 156
radio 10 669
radio 10 686
radio 10 1199
radio 10 1234
radio 10 1748
radio 10 1776
radio 10 2290
radio 10 2307
radio 10 2820
radio 10 2837
radio 10 3350
radio 10 3401
radio 10 3915
radio 10 3945
radio 10 4459
radio 10 4492
radio 10 5006
radio 10 5023
radio 10 5536
radio 10 5553
radio 10 6066
radio 10 6083
radio 10 6596
radio 10 6613
radio 10 7126
radio 10 7179
radio 10 7693
radio 10 7749
radio 10 8263
radio 10 8280
radio 10 8793
radio 10 8810
radio 10 9323
radio 10 9374
radio 10 9888
radio 10 9905
radio 10 10418
radio 10 10454
radio 10 10968
radio 10 10985
radio 10 11498
radio 10 11515
radio 10 12028
radio 10 12045
radio 10 12558
radio 10 12575
radio 10 13088
radio 10 13105
radio 10 13618
radio 10 13635
radio 10 14148
radio 10 14184
radio 10 14698
radio 10 14732
radio 10 15246
radio 10 15263
radio 10 15776
radio 10 15827
radio 10 16341
radio 10 16358
radio 10 16871
radio 10 16900
radio 10 17414
radio 10 17446
radio 10 17960
radio 10 17994
radio 10 18508
radio 10 18525
radio 10 19038
radio 10 19055
radio 10 19568
radio 10 19585
radio 10 20098
radio 10 20115
radio 10 20628
radio 10 20645
radio 10 21158
radio 10 21175
radio 10 21688
radio 10 21705
radio 10 22218
radio 10 22235
radio 10 22748
radio 10 22783
radio 10 23297
radio 10 23328
radio 10 23842
radio 10 23876
radio 10 24390
radio 10 24407
flood 0 10 24790
energy 10 24792 8 38471
radio 10 24794
radio 10 25873
radio 10 26387
radio 10 26402
radio 10 26916
radio 10 26945
radio 10 27459
radio 10 27514
radio 10 28028
radio 10 28045
radio 10 28558
radio 10 28575
radio 10 29088
radio 10 29141
radio 10 29655
radio 10 29672
radio 10 30185
radio 10 30202
radio 10 30715
radio 10 30732
radio 10 31245
radio 10 31294
radio 10 31808
radio 10 31825
radio 10 32338
radio 10 32355
radio 10 32868
radio 10 32885
radio 10 33398
radio 10 33426
radio 10 33940
radio 10 33968
radio 10 34482
radio 10 34499
radio 10 35012
radio 10 35029
radio 10 35542
radio 10 35592
radio 10 36106
radio 10 36123
radio 10 36636
radio 10 36665
radio 10 37179
radio 10 37196
radio 10 37709
radio 10 37726
radio 10 38240
radio 10 38270
radio 10 38784
radio 10 38838
radio 10 39352
radio 10 39369
radio 10 39882
radio 10 39917
radio 10 40431
radio 10 40448
radio 10 40961
radio 10 41017
radio 10 41531
radio 10 41566
radio 10 42080
radio 10 42097
radio 10 42610
radio 10 42627
radio 10 43140
radio 10 43157
radio 10 43670
radio 10 43687
radio 10 44200
radio 10 44232
radio 10 44746
radio 10 44763
flood 1 10 45270
radio 10 45272
radio 10 46350
radio 10 46864
radio 10 46880
radio 10 47394
radio 10 47442
radio 10 47956
radio 10 47973
radio 10 48486
radio 10 48541
radio 10 49055
radio 10 49086
radio 10 49600
radio 10 49628
radio 10 50142
radio 10 50159
radio 10 50672
radio 10 50707
radio 10 51221
radio 10 51238
radio 10 51751
radio 10 51787
radio 10 52301
radio 10 52318
radio 10 52831
radio 10 52848
radio 10 53361
radio 10 53378
radio 10 53891
radio 10 53926
radio 10 54440
radio 10 54472
radio 10 54986
radio 10 55021
radio 10 55535
radio 10 55552
radio 10 56065
radio 10 56082
radio 10 56595
radio 10 56612
radio 10 57125
radio 10 57142
radio 10 57655
radio 10 57684
radio 10 58198
radio 10 58226
radio 10 58740
radio 10 58757
radio 10 59270
radio 10 59305
radio 10 59819
radio 10 59836
radio 10 60349
radio 10 60385
radio 10 60899
radio 10 60916
radio 10 61429
radio 10 61446
radio 10 61959
radio 10 61976
radio 10 62489
radio 10 62525
radio 10 63039
radio 10 63056
radio 10 63569
radio 10 63603
radio 10 64117
radio 10 64153
radio 10 64667
radio 10 64684
radio 10 65197
radio 10 65228
radio 11 206
flood 2 11 214
radio 11 221
radio 11 734
radio 11 788
radio 11 1301
radio 11 1318
radio 11 1831
radio 11 1867
radio 11 2381
radio 11 2415
radio 11 2929
radio 11 2946
radio 11 3459
radio 11 3510
radio 11 4024
radio 11 4041
radio 11 4554
radio 11 4571
radio 11 5084
radio 11 5134
radio 11 5648
radio 11 5665
radio 11 6178
radio 11 6195
radio 11 6708
radio 11 6761
radio 11 7275
radio 11 7306
radio 11 7820
radio 11 7837
radio 11 8350
radio 11 8367
radio 11 8880
radio 11 8916
radio 11 9430
radio 11 9447
radio 11 9960
radio 11 9991
radio 11 10505
radio 11 10522
radio 11 11035
radio 11 11052
radio 11 11565
radio 11 11595
radio 11 12109
radio 11 12144
radio 11 12658
radio 11 12675
radio 11 13188
radio 11 13216
radio 11 13730
radio 11 13766
radio 11 14280
radio 11 14297
radio 11 14810
radio 11 14827
radio 11 15340
radio 11 15357
radio 11 15870
radio 11 15887
radio 11 16400
radio 11 16417
radio 11 16930
radio 11 16981
radio 11 17495
radio 11 17512
radio 11 18025
radio 11 18042
radio 11 18555
radio 11 18590
radio 11 19104
radio 11 19121
radio 11 19634
radio 11 19666
radio 11 20180
radio 11 20197
flood 3 11 20694
energy 11 20696 8 42721
radio 11 20698
radio 11 21788
radio 11 22302
radio 11 22327
radio 11 22840
radio 11 22876
radio 11 23390
radio 11 23425
radio 11 23939
radio 11 23956
radio 11 24469
radio 11 24486
radio 11 24999
radio 11 25016
radio 11 25529
radio 11 25584
radio 11 26098
radio 11 26128
radio 11 26642
radio 11 26676
radio 11 27190
radio 11 27207
radio 11 27720
radio 11 27737
radio 11 28250
radio 11 28305
radio 11 28819
radio 11 28849
radio 11 29363
radio 11 29391
radio 11 29905
radio 11 29922
radio 11 30435
radio 11 30452
radio 11 30965
radio 11 30982
radio 11 31495
radio 11 31530
radio 11 32044
radio 11 32072
radio 11 32586
radio 11 32603
radio 11 33116
radio 11 33133
radio 11 33646
radio 11 33674
radio 11 34188
radio 11 34218
radio 11 34732
radio 11 34766
radio 11 35280
radio 11 35297
radio 11 35810
radio 11 35838
radio 11 36352
radio 11 36369
radio 11 36882
radio 11 36899
radio 11 37412
radio 11 37429
radio 11 37942
radio 11 37971
radio 11 38485
radio 11 38513
radio 11 39027
radio 11 39044
radio 11 39557
radio 11 39586
radio 11 40100
radio 11 40117
radio 11 40630
radio 11 40647
radio 11 41160
flood 4 11 41177
radio 11 41180
radio 11 41696
radio 11 41716
radio 11 42229
radio 11 42262
radio 11 42776
radio 11 42812
radio 11 43326
radio 11 43343
radio 11 43856
radio 11 43873
radio 11 44386
radio 11 44403
radio 11 44916
radio 11 44933
radio 11 45446
radio 11 45463
radio 11 45976
radio 11 45993
radio 11 46506
radio 11 46556
radio 11 47070
radio 11 47087
radio 11 47600
radio 11 47656
radio 11 48170
radio 11 48187
radio 11 48700
radio 11 48717
radio 11 49230
radio 11 49282
radio 11 49796
radio 11 49813
radio 11 50326
radio 11 50343
radio 11 50856
radio 11 50887
radio 11 51401
radio 11 51418
radio 11 51931
radio 11 51948
radio 11 52461
radio 11 52478
radio 11 52991
radio 11 53023
radio 11 53537
radio 11 53566
radio 11 54080
radio 11 54097
radio 11 54610
radio 11 54641
radio 11 55155
radio 11 55185
radio 11 55699
radio 11 55732
radio 11 56246
radio 11 56263
radio 11 56776
radio 11 56793
radio 11 57306
radio 11 57338
radio 11 57852
radio 11 57924
radio 11 58438
radio 11 58468
radio 11 58982
radio 11 58999
radio 11 59512
radio 11 59529
radio 11 60042
radio 11 60075
radio 11 60589
radio 11 60606
radio 11 61119
radio 11 61136
radio 11 61649
flood 5 11 61658
radio 11 61664
radio 11 62177
radio 11 62235
radio 11 62749
radio 11 62766
radio 11 63279
radio 11 63296
radio 11 63809
radio 11 63838
radio 11 64352
radio 11 64369
radio 11 64883
radio 11 64912
radio 11 65426
radio 11 65475
radio 12 453
radio 12 483
radio 12 996
radio 12 1025
radio 12 1539
radio 12 1556
radio 12 2069
radio 12 2098
radio 12 2612
radio 12 2629
radio 12 3142
radio 12 3178
radio 12 3692
radio 12 3709
radio 12 4222
radio 12 4257
radio 12 4771
radio 12 4788
radio 12 5301
radio 12 5330
radio 12 5844
radio 12 5872
radio 12 6386
radio 12 6403
radio 12 6916
radio 12 6951
