Thread[Thread-1,5,main]tree 15 13 0 11 3 1
radio 8 43211
radio 8 43215
radio 8 43243
radio 8 43757
radio 8 43774
radio 8 44287
radio 8 44320
radio 8 44834
radio 8 44851
radio 8 45364
radio 8 45393
radio 8 45907
radio 8 45924
radio 8 46437
radio 8 46454
radio 8 46967
radio 8 46984
radio 8 47497
radio 8 47514
radio 8 48027
radio 8 48057
radio 8 48571
radio 8 48588
radio 8 49101
radio 8 49118
radio 8 49631
radio 8 49659
radio 8 50173
radio 8 50223
radio 8 50737
radio 8 50754
radio 8 51267
radio 8 51284
radio 8 51797
radio 8 51826
radio 8 52340
radio 8 52357
radio 8 52870
radio 8 52887
radio 8 53400
radio 8 53428
radio 8 53942
radio 8 53959
radio 8 54472
radio 8 54501
radio 8 55015
radio 8 55032
radio 8 55545
radio 8 55562
radio 8 56075
radio 8 56092
radio 8 56605
radio 8 56622
radio 8 57135
delay 55 25 8 57167 5 55263 12 5 65535 0 65535 0 1
radio 8 58229
radio 8 58742
radio 8 58759
radio 8 59272
radio 8 59289
radio 8 59802
radio 8 59819
radio 8 60332
radio 8 60349
radio 8 60862
radio 8 60892
radio 8 61406
radio 8 61442
radio 8 61956
radio 8 61973
radio 8 62486
radio 8 62503
radio 8 63016
radio 8 63033
radio 8 63546
radio 8 63563
radio 8 64076
radio 8 64168
radio 8 64682
radio 8 64711
radio 8 65225
radio 8 65275
radio 9 253
radio 9 270
radio 9 783
radio 9 813
radio 9 1326
radio 9 1358
radio 9 1872
radio 9 1901
radio 9 2415
radio 9 2432
radio 9 2945
radio 9 2996
radio 9 3510
radio 9 3538
radio 9 4052
radio 9 4069
radio 9 4582
radio 9 4617
radio 9 5131
radio 9 5148
radio 9 5661
radio 9 5715
radio 9 6229
radio 9 6262
radio 9 6776
radio 9 6793
radio 9 7306
radio 9 7342
radio 9 7856
radio 9 7886
radio 9 8400
radio 9 8430
radio 9 8944
radio 9 8961
radio 9 9474
radio 9 9491
radio 9 10004
radio 9 10021
radio 9 10534
radio 9 10564
radio 9 11078
radio 9 11112
radio 9 11626
radio 9 11655
radio 9 12169
radio 9 12205
radio 9 12719
radio 9 12736
radio 9 13249
radio 9 13266
radio 9 13779
radio 9 13796
radio 9 14309
radio 9 14363
radio 9 14877
radio 9 14894
radio 9 15407
radio 9 15424
radio 9 15937
radio 9 15954
radio 9 16467
radio 9 16484
radio 9 16997
radio 9 17089
radio 9 17603
radio 9 17632
radio 9 18146
radio 9 18199
radio 9 18713
radio 9 18730
radio 9 19243
radio 9 19260
radio 9 19773
radio 9 19790
radio 9 20303
radio 9 20320
radio 9 20833
radio 9 20867
radio 9 21381
radio 9 21409
radio 9 21923
radio 9 21957
radio 9 22471
radio 9 22499
radio 9 23013
radio 9 23030
radio 9 23543
radio 9 23572
radio 9 24086
radio 9 24103
radio 9 24616
radio 9 24633
radio 9 25146
radio 9 25163
radio 9 25676
radio 9 25705
radio 9 26219
radio 9 26236
radio 9 26749
radio 9 26800
radio 9 27314
radio 9 27385
radio 9 27899
radio 9 27954
radio 9 28468
radio 9 28485
radio 9 28998
radio 9 29015
radio 9 29528
radio 9 29578
radio 9 30092
radio 9 30148
radio 9 30662
radio 9 30694
radio 9 31208
radio 9 31225
radio 9 31738
radio 9 31755
radio 9 32268
radio 9 32285
radio 9 32798
radio 9 32815
radio 9 33328
radio 9 33360
radio 9 33874
radio 9 33925
radio 9 34439
radio 9 34471
radio 9 34985
radio 9 35002
radio 9 35515
radio 9 35544
radio 9 36058
radio 9 36075
radio 9 36588
radio 9 36605
radio 9 37118
radio 9 37146
radio 9 37660
radio 9 37688
radio 9 38202
radio 9 38219
radio 9 38732
radio 9 38749
energy 9 39126 8 46549
radio 9 39262
radio 9 39298
radio 9 39812
radio 9 39829
radio 9 40342
radio 9 40359
radio 9 40872
radio 9 40889
radio 9 41402
radio 9 41419
radio 9 41932
radio 9 41961
radio 9 42475
radio 9 42509
radio 9 43023
radio 9 43040
radio 9 43553
radio 9 43570
radio 9 44083
radio 9 44100
radio 9 44613
radio 9 44641
radio 9 45155
radio 9 45205
radio 9 45719
radio 9 45736
radio 9 46249
radio 9 46284
radio 9 46798
radio 9 46834
radio 9 47348
radio 9 47365
radio 9 47878
radio 9 47929
radio 9 48443
radio 9 48497
radio 9 49011
radio 9 49028
radio 9 49541
radio 9 49597
radio 9 50111
radio 9 50128
radio 9 50641
radio 9 50673
radio 9 51187
radio 9 51204
radio 9 51717
radio 9 51734
radio 9 52247
radio 9 52264
radio 9 52777
radio 9 52794
radio 9 53307
radio 9 53324
radio 9 53837
radio 9 53854
radio 9 54367
radio 9 54421
radio 9 54935
radio 9 54952
radio 9 55465
radio 9 55482
radio 9 55995
radio 9 56024
radio 9 56538
radio 9 56555
radio 9 57068
radio 9 57085
radio 9 57598
radio 9 57615
radio 9 58128
radio 9 58145
radio 9 58658
radio 9 58693
radio 9 59207
radio 9 59224
radio 9 59737
radio 9 59771
radio 9 60285
radio 9 60302
radio 9 60815
radio 9 60847
radio 9 61361
radio 9 61391
radio 9 61905
radio 9 61974
radio 9 62488
radio 9 62505
radio 9 63018
radio 9 63035
radio 9 63548
radio 9 63576
radio 9 64090
radio 9 64107
radio 9 64620
radio 9 64637
radio 9 65150
radio 9 65185
radio 10 163
radio 10 180
radio 10 693
radio 10 726
radio 10 1239
radio 10 1256
radio 10 1769
radio 10 1786
radio 10 2299
radio 10 2316
radio 10 2829
radio 10 2846
radio 10 3359
radio 10 3376
radio 10 3889
radio 10 3941
radio 10 4455
radio 10 4472
radio 10 4985
radio 10 5002
radio 10 5515
radio 10 5532
radio 10 6045
radio 10 6093
radio 10 6607
radio 10 6663
radio 10 7177
radio 10 7233
radio 10 7747
radio 10 7764
radio 10 8277
radio 10 8294
radio 10 8807
radio 10 8824
radio 10 9337
radio 10 9354
radio 10 9867
radio 10 9919
radio 10 10433
radio 10 10450
radio 10 10963
radio 10 11013
radio 10 11527
radio 10 11558
radio 10 12072
radio 10 12121
radio 10 12635
radio 10 12689
radio 10 13203
radio 10 13220
radio 10 13733
radio 10 13750
radio 10 14263
radio 10 14280
radio 10 14793
radio 10 14862
radio 10 15376
radio 10 15393
radio 10 15906
radio 10 15923
radio 10 16437
radio 10 16468
radio 10 16982
radio 10 16999
radio 10 17512
radio 10 17529
radio 10 18042
radio 10 18093
radio 10 18607
radio 10 18624
radio 10 19137
radio 10 19187
radio 10 19701
radio 10 19731
radio 10 20245
radio 10 20300
radio 10 20814
radio 10 20831
radio 10 21344
radio 10 21361
radio 10 21874
radio 10 21909
radio 10 22423
radio 10 22440
radio 10 22953
radio 10 22970
radio 10 23483
radio 10 23500
radio 10 24013
delay 0 3 10 24076 10 24882 5 5 65535 0 58 1 1
radio 10 25156
radio 10 25670
radio 10 25687
radio 10 26200
radio 10 26217
radio 10 26730
radio 10 26747
radio 10 27261
radio 10 27278
radio 10 27791
radio 10 27846
radio 10 28360
radio 10 28377
radio 10 28890
radio 10 28907
radio 10 29420
radio 10 29475
radio 10 29989
radio 10 30006
radio 10 30519
radio 10 30536
radio 10 31049
radio 10 31080
radio 10 31594
radio 10 31611
radio 10 32124
radio 10 32141
radio 10 32654
radio 10 32671
radio 10 33184
radio 10 33201
radio 10 33714
radio 10 33731
radio 10 34244
radio 10 34261
radio 10 34774
radio 10 34791
energy 10 35030 8 49886
radio 10 35304
radio 10 35321
radio 10 35834
radio 10 35866
radio 10 36380
radio 10 36397
radio 10 36911
radio 10 36928
radio 10 37441
radio 10 37476
radio 10 37990
radio 10 38007
radio 10 38520
radio 10 38537
radio 10 39050
radio 10 39078
radio 10 39592
radio 10 39609
radio 10 40122
radio 10 40139
radio 10 40652
radio 10 40669
radio 10 41182
radio 10 41216
radio 10 41730
radio 10 41747
radio 10 42260
radio 10 42277
radio 10 42790
radio 10 42844
radio 10 43358
radio 10 43407
radio 10 43921
radio 10 43938
radio 10 44451
delay 1 0 10 44468 10 45284 0 5 5 0 1 1 1
radio 10 45542
radio 10 46056
radio 10 46128
radio 10 46641
radio 10 46658
radio 10 47171
radio 10 47188
radio 10 47701
radio 10 47735
radio 10 48249
radio 10 48277
radio 10 48791
radio 10 48808
radio 10 49321
radio 10 49338
radio 10 49851
radio 10 49881
radio 10 50395
radio 10 50412
radio 10 50925
radio 10 50942
radio 10 51455
radio 10 51486
radio 10 52000
radio 10 52017
radio 10 52530
radio 10 52547
radio 10 53060
radio 10 53116
radio 10 53630
radio 10 53647
radio 10 54160
radio 10 54214
radio 10 54728
radio 10 54758
radio 10 55272
radio 10 55321
radio 10 55835
radio 10 55891
radio 10 56405
radio 10 56422
radio 10 56935
radio 10 56952
radio 10 57465
radio 10 57518
radio 10 58032
radio 10 58049
radio 10 58562
radio 10 58579
radio 10 59092
radio 10 59109
radio 10 59622
radio 10 59639
radio 10 60152
radio 10 60169
radio 10 60682
radio 10 60699
radio 10 61212
radio 10 61229
radio 10 61742
radio 10 61794
radio 10 62308
radio 10 62325
radio 10 62838
radio 10 62855
radio 10 63368
radio 10 63402
radio 10 63916
radio 10 63933
radio 10 64446
radio 10 64463
radio 10 64976
radio 10 65007
radio 10 65521
radio 11 20
radio 11 533
radio 11 567
radio 11 1080
radio 11 1097
radio 11 1610
radio 11 1686
radio 11 2200
radio 11 2230
radio 11 2744
radio 11 2779
radio 11 3293
radio 11 3310
radio 11 3823
radio 11 3840
radio 11 4353
radio 11 4402
radio 11 4916
radio 11 4933
radio 11 5446
radio 11 5463
radio 11 5976
radio 11 6008
radio 11 6522
radio 11 6539
radio 11 7052
radio 11 7069
radio 11 7582
radio 11 7612
radio 11 8126
radio 11 8143
radio 11 8656
radio 11 8673
radio 11 9186
radio 11 9203
radio 11 9716
radio 11 9733
radio 11 10246
radio 11 10263
radio 11 10777
radio 11 10794
radio 11 11308
radio 11 11338
radio 11 11852
radio 11 11869
radio 11 12382
radio 11 12416
radio 11 12930
radio 11 12962
radio 11 13476
radio 11 13529
radio 11 14043
radio 11 14060
radio 11 14573
radio 11 14590
radio 11 15103
radio 11 15120
radio 11 15633
radio 11 15687
radio 11 16201
radio 11 16218
radio 11 16731
radio 11 16781
radio 11 17295
radio 11 17312
radio 11 17825
radio 11 17856
radio 11 18370
radio 11 18398
radio 11 18912
radio 11 18929
radio 11 19442
radio 11 19473
radio 11 19987
delay 3 15 11 20123 11 20448 12 5 65535 0 154 1 1
radio 11 21197
radio 11 21711
radio 11 21728
radio 11 22241
radio 11 22273
radio 11 22787
radio 11 22818
radio 11 23332
radio 11 23386
radio 11 23900
radio 11 23917
radio 11 24430
radio 11 24459
radio 11 24973
radio 11 25001
radio 11 25515
radio 11 25547
radio 11 26061
radio 11 26078
radio 11 26591
radio 11 26661
radio 11 27175
radio 11 27192
radio 11 27705
radio 11 27722
radio 11 28235
radio 11 28271
radio 11 28785
radio 11 28802
radio 11 29315
radio 11 29332
radio 11 29845
radio 11 29876
radio 11 30390
radio 11 30407
radio 11 30920
energy 11 30937 8 54356
radio 11 30943
radio 11 31457
radio 11 31474
radio 11 31987
radio 11 32016
radio 11 32530
radio 11 32547
radio 11 33060
radio 11 33077
radio 11 33590
radio 11 33665
radio 11 34179
radio 11 34196
radio 11 34709
radio 11 34765
radio 11 35279
radio 11 35335
radio 11 35849
radio 11 35866
radio 11 36379
radio 11 36396
radio 11 36909
radio 11 36926
radio 11 37439
radio 11 37456
radio 11 37969
radio 11 38002
radio 11 38516
radio 11 38533
radio 11 39046
radio 11 39077
radio 11 39591
radio 11 39608
radio 11 40121
radio 11 40138
radio 11 40651
radio 11 40684
radio 11 41198
radio 11 41215
radio 11 41728
radio 11 41759
radio 11 42273
radio 11 42301
radio 11 42815
radio 11 42832
radio 11 43345
radio 11 43362
radio 11 43875
radio 11 43892
radio 11 44405
radio 11 44422
radio 11 44935
radio 11 44988
radio 11 45502
radio 11 45519
radio 11 46032
radio 11 46049
radio 11 46562
radio 11 46579
radio 11 47092
radio 11 47144
radio 11 47658
radio 11 47675
radio 11 48188
radio 11 48205
radio 11 48718
radio 11 48735
radio 11 49248
radio 11 49278
radio 11 49792
radio 11 49823
radio 11 50337
radio 11 50354
radio 11 50867
radio 11 50919
radio 11 51433
radio 11 51482
radio 11 51996
radio 11 52025
radio 11 52539
radio 11 52592
radio 11 53106
radio 11 53123
radio 11 53636
radio 11 53653
radio 11 54166
radio 11 54218
radio 11 54732
radio 11 54749
radio 11 55262
radio 11 55317
radio 11 55831
radio 11 55848
radio 11 56361
radio 11 56410
radio 11 56924
radio 11 56941
radio 11 57454
radio 11 57471
radio 11 57984
radio 11 58015
radio 11 58529
radio 11 58564
radio 11 59078
radio 11 59095
radio 11 59608
radio 11 59625
radio 11 60138
radio 11 60155
radio 11 60668
radio 11 60718
radio 11 61232
radio 11 61261
radio 11 61775
radio 11 61824
radio 11 62338
radio 11 62355
radio 11 62868
radio 11 62885
radio 11 63398
radio 11 63447
radio 11 63961
radio 11 63995
radio 11 64509
radio 11 64559
radio 11 65073
radio 11 65126
radio 12 104
radio 12 136
radio 12 649
radio 12 666
radio 12 1179
radio 12 1208
radio 12 1722
radio 12 1794
radio 12 2308
radio 12 2325
radio 12 2838
radio 12 2855
radio 12 3368
radio 12 3417
radio 12 3931
radio 12 3948
radio 12 4461
radio 12 4571
radio 12 5085
radio 12 5102
radio 12 5615
radio 12 5670
radio 12 6184
radio 12 6201
