Thread[Thread-1,5,main]tree 55 25 12 11 0 0
radio 9 4311
radio 9 4315
radio 9 4331
radio 9 4845
radio 9 4862
radio 9 5375
radio 9 5392
radio 9 5905
radio 9 5922
radio 9 6435
radio 9 6452
radio 9 6965
radio 9 6982
radio 9 7495
radio 9 7512
radio 9 8025
radio 9 8042
radio 9 8555
radio 9 8572
radio 9 9085
radio 9 9102
radio 9 9615
radio 9 9632
radio 9 10145
radio 9 10162
radio 9 10675
radio 9 10692
radio 9 11205
radio 9 11222
radio 9 11735
radio 9 11752
radio 9 12265
radio 9 12282
radio 9 12795
radio 9 12846
radio 9 13360
radio 9 13377
radio 9 13890
radio 9 13907
radio 9 14420
radio 9 14437
radio 9 14950
radio 9 14967
radio 9 15480
radio 9 15529
radio 9 16043
radio 9 16060
radio 9 16573
radio 9 16602
radio 9 17116
radio 9 17133
radio 9 17646
radio 9 17663
radio 9 18176
radio 9 18204
radio 9 18718
radio 9 18735
radio 9 19248
radio 9 19265
radio 9 19778
radio 9 19795
radio 9 20308
radio 9 20343
radio 9 20857
radio 9 20874
radio 9 21387
radio 9 21404
radio 9 21917
radio 9 21934
radio 9 22447
radio 9 22477
radio 9 22991
radio 9 23008
radio 9 23521
radio 9 23552
radio 9 24066
radio 9 24083
radio 9 24596
radio 9 24613
radio 9 25126
radio 9 25143
radio 9 25656
radio 9 25673
radio 9 26186
radio 9 26203
radio 9 26716
radio 9 26764
radio 9 27278
radio 9 27307
radio 9 27821
radio 9 27838
radio 9 28351
radio 9 28368
radio 9 28881
radio 9 28911
radio 9 29425
radio 9 29442
radio 9 29955
radio 9 29972
radio 9 30485
radio 9 30502
radio 9 31015
radio 9 31032
radio 9 31545
radio 9 31562
radio 9 32075
radio 9 32110
radio 9 32624
radio 9 32641
radio 9 33154
radio 9 33171
radio 9 33684
radio 9 33701
radio 9 34214
radio 9 34231
radio 9 34744
radio 9 34761
radio 9 35274
radio 9 35291
radio 9 35804
radio 9 35821
radio 9 36334
radio 9 36351
radio 9 36864
radio 9 36896
radio 9 37410
radio 9 37427
radio 9 37940
radio 9 37957
radio 9 38470
radio 9 38487
radio 9 39000
radio 9 39017
radio 9 39530
radio 9 39547
radio 9 40060
radio 9 40092
radio 9 40606
radio 9 40623
radio 9 41136
radio 9 41153
radio 9 41666
radio 9 41683
radio 9 42196
radio 9 42213
radio 9 42726
radio 9 42743
radio 9 43256
radio 9 43273
radio 9 43786
radio 9 43834
radio 9 44348
radio 9 44365
radio 9 44878
radio 9 44895
radio 9 45408
radio 9 45425
radio 9 45938
radio 9 45967
radio 9 46481
radio 9 46517
radio 9 47031
radio 9 47048
radio 9 47561
radio 9 47592
radio 9 48106
radio 9 48137
radio 9 48651
radio 9 48668
radio 9 49181
radio 9 49214
radio 9 49728
radio 9 49745
radio 9 50258
radio 9 50275
radio 9 50788
radio 9 50805
radio 9 51318
radio 9 51354
radio 9 51868
radio 9 51885
radio 9 52398
radio 9 52415
radio 9 52928
radio 9 52957
radio 9 53471
radio 9 53502
radio 9 54016
radio 9 54033
radio 9 54546
radio 9 54579
radio 9 55093
radio 9 55110
radio 9 55623
radio 9 55640
radio 9 56153
radio 9 56170
radio 9 56683
radio 9 56700
radio 9 57213
radio 9 57230
radio 9 57743
radio 9 57760
radio 9 58273
radio 9 58308
radio 9 58822
radio 9 58839
radio 9 59352
radio 9 59388
radio 9 59902
radio 9 59919
radio 9 60432
radio 9 60449
radio 9 60962
radio 9 60979
radio 9 61492
radio 9 61509
radio 9 62022
radio 9 62076
radio 9 62590
radio 9 62607
radio 9 63120
radio 9 63137
radio 9 63650
radio 9 63667
radio 9 64180
radio 9 64211
radio 9 64725
radio 9 64742
radio 9 65255
radio 9 65272
energy 10 226 9 5986
radio 10 249
radio 10 266
radio 10 779
radio 10 796
radio 10 1309
radio 10 1326
radio 10 1839
radio 10 1856
radio 10 2369
radio 10 2386
radio 10 2899
radio 10 2916
radio 10 3429
radio 10 3446
radio 10 3959
radio 10 3992
radio 10 4506
radio 10 4523
radio 10 5036
radio 10 5053
radio 10 5566
radio 10 5596
radio 10 6110
radio 10 6127
radio 10 6640
radio 10 6657
radio 10 7170
radio 10 7187
radio 10 7700
radio 10 7717
radio 10 8230
radio 10 8247
radio 10 8760
radio 10 8813
radio 10 9327
radio 10 9382
radio 10 9896
radio 10 9913
radio 10 10426
radio 10 10443
radio 10 10956
radio 10 10973
radio 10 11486
radio 10 11503
radio 10 12016
radio 10 12033
radio 10 12546
radio 10 12579
radio 10 13093
radio 10 13110
radio 10 13623
radio 10 13640
radio 10 14153
radio 10 14170
radio 10 14683
radio 10 14700
radio 10 15213
radio 10 15230
radio 10 15743
radio 10 15760
radio 10 16273
radio 10 16302
radio 10 16816
radio 10 16833
radio 10 17346
radio 10 17363
radio 10 17876
radio 10 17893
radio 10 18406
radio 10 18423
radio 10 18936
radio 10 18953
radio 10 19466
radio 10 19519
radio 10 20033
radio 10 20050
radio 10 20563
radio 10 20591
radio 10 21105
radio 10 21122
radio 10 21635
radio 10 21652
radio 10 22165
radio 10 22182
radio 10 22695
radio 10 22712
radio 10 23225
radio 10 23242
radio 10 23755
delay 0 12 10 23801 10 24899 6 11 5 0 105 1 0
radio 10 24870
radio 10 25383
radio 10 25434
radio 10 25948
radio 10 25965
radio 10 26478
radio 10 26530
radio 10 27044
radio 10 27072
radio 10 27586
radio 10 27635
radio 10 28149
radio 10 28166
radio 10 28679
radio 10 28696
radio 10 29209
radio 10 29226
radio 10 29739
radio 10 29756
radio 10 30269
radio 10 30286
radio 10 30799
radio 10 30816
radio 10 31329
radio 10 31346
radio 10 31859
radio 10 31876
radio 10 32389
radio 10 32424
radio 10 32938
radio 10 32966
radio 10 33480
radio 10 33497
radio 10 34010
radio 10 34041
radio 10 34555
radio 10 34572
radio 10 35085
radio 10 35102
radio 10 35615
radio 10 35632
radio 10 36145
radio 10 36162
radio 10 36675
radio 10 36692
radio 10 37205
radio 10 37233
radio 10 37747
radio 10 37764
radio 10 38277
radio 10 38331
radio 10 38845
radio 10 38862
radio 10 39375
radio 10 39392
radio 10 39905
radio 10 39922
radio 10 40435
radio 10 40452
radio 10 40965
radio 10 40996
radio 10 41510
radio 10 41527
radio 10 42040
radio 10 42057
radio 10 42570
radio 10 42623
radio 10 43137
radio 10 43154
radio 10 43667
radio 10 43684
radio 10 44197
delay 1 42 10 44215 10 44177 11 11 65535 0 208 0 0
radio 10 44223
radio 10 44737
radio 10 44753
radio 10 45266
radio 10 45282
radio 10 45795
radio 10 45827
radio 10 46341
radio 10 46358
radio 10 46871
radio 10 46888
radio 10 47401
radio 10 47453
radio 10 47967
radio 10 47984
radio 10 48497
radio 10 48514
radio 10 49027
radio 10 49044
radio 10 49557
radio 10 49574
radio 10 50087
radio 10 50104
radio 10 50617
radio 10 50634
radio 10 51147
radio 10 51164
radio 10 51677
radio 10 51694
radio 10 52207
radio 10 52224
radio 10 52737
radio 10 52768
radio 10 53282
radio 10 53299
radio 10 53812
radio 10 53829
radio 10 54342
radio 10 54372
radio 10 54886
radio 10 54921
radio 10 55435
radio 10 55452
radio 10 55965
radio 10 55982
radio 10 56495
radio 10 56512
radio 10 57025
radio 10 57042
radio 10 57555
radio 10 57572
radio 10 58085
radio 10 58116
radio 10 58630
radio 10 58647
radio 10 59160
radio 10 59177
radio 10 59690
radio 10 59707
radio 10 60220
radio 10 60254
radio 10 60768
radio 10 60785
radio 10 61298
radio 10 61347
energy 10 61666 9 8838
radio 10 61861
radio 10 61878
radio 10 62391
radio 10 62442
radio 10 62956
radio 10 62991
radio 10 63505
radio 10 63522
radio 10 64035
radio 10 64052
radio 10 64565
radio 10 64582
radio 10 65095
radio 10 65126
radio 11 104
radio 11 135
radio 11 648
radio 11 665
radio 11 1178
radio 11 1195
radio 11 1708
radio 11 1725
radio 11 2238
radio 11 2255
radio 11 2768
radio 11 2801
radio 11 3315
radio 11 3332
radio 11 3845
radio 11 3862
radio 11 4375
radio 11 4392
radio 11 4905
radio 11 4922
radio 11 5435
radio 11 5452
radio 11 5965
radio 11 5982
radio 11 6495
radio 11 6548
radio 11 7062
radio 11 7079
radio 11 7592
radio 11 7609
radio 11 8122
radio 11 8139
radio 11 8652
radio 11 8707
radio 11 9221
radio 11 9238
radio 11 9751
radio 11 9768
radio 11 10281
radio 11 10335
radio 11 10849
radio 11 10878
radio 11 11392
radio 11 11421
radio 11 11935
radio 11 11969
radio 11 12483
radio 11 12538
radio 11 13052
radio 11 13069
radio 11 13582
radio 11 13599
radio 11 14112
radio 11 14129
radio 11 14642
radio 11 14659
radio 11 15172
radio 11 15189
radio 11 15702
radio 11 15719
radio 11 16232
radio 11 16249
radio 11 16762
radio 11 16779
radio 11 17292
radio 11 17322
radio 11 17836
radio 11 17853
radio 11 18366
radio 11 18383
radio 11 18896
radio 11 18913
radio 11 19426
delay 3 15 11 19502 11 20459 12 11 65535 0 165 0 0
radio 11 19510
radio 11 20024
radio 11 20077
radio 11 20590
radio 11 20606
radio 11 21120
radio 11 21173
radio 11 21687
radio 11 21704
radio 11 22217
radio 11 22234
radio 11 22747
radio 11 22764
radio 11 23277
radio 11 23294
radio 11 23807
radio 11 23824
radio 11 24337
radio 11 24387
radio 11 24901
radio 11 24931
radio 11 25445
radio 11 25462
radio 11 25975
radio 11 25992
radio 11 26505
radio 11 26522
radio 11 27035
radio 11 27064
radio 11 27578
radio 11 27608
radio 11 28122
radio 11 28139
radio 11 28652
radio 11 28669
radio 11 29182
radio 11 29199
radio 11 29712
radio 11 29729
radio 11 30242
radio 11 30259
radio 11 30772
radio 11 30789
radio 11 31302
radio 11 31331
radio 11 31845
radio 11 31875
radio 11 32389
radio 11 32417
radio 11 32931
radio 11 32965
radio 11 33479
radio 11 33532
radio 11 34046
radio 11 34076
radio 11 34590
radio 11 34621
radio 11 35135
radio 11 35187
radio 11 35701
radio 11 35718
radio 11 36231
radio 11 36248
radio 11 36761
radio 11 36813
radio 11 37327
radio 11 37344
radio 11 37857
radio 11 37874
radio 11 38387
radio 11 38418
radio 11 38932
radio 11 38949
radio 11 39462
radio 11 39479
radio 11 39992
radio 11 40060
radio 11 40574
radio 11 40591
radio 11 41104
radio 11 41121
radio 11 41634
radio 11 41668
radio 11 42182
radio 11 42199
radio 11 42712
radio 11 42729
radio 11 43242
radio 11 43259
radio 11 43772
radio 11 43789
radio 11 44302
radio 11 44319
radio 11 44832
radio 11 44883
radio 11 45397
radio 11 45414
radio 11 45927
radio 11 45944
radio 11 46457
radio 11 46474
radio 11 46987
radio 11 47017
radio 11 47531
radio 11 47548
radio 11 48061
radio 11 48078
radio 11 48591
radio 11 48608
radio 11 49121
radio 11 49138
radio 11 49651
radio 11 49668
radio 11 50181
radio 11 50198
radio 11 50711
radio 11 50746
radio 11 51260
radio 11 51291
radio 11 51805
radio 11 51860
radio 11 52374
radio 11 52391
radio 11 52904
radio 11 52921
radio 11 53434
radio 11 53451
radio 11 53964
radio 11 53981
radio 11 54494
radio 11 54511
radio 11 55024
radio 11 55041
radio 11 55554
radio 11 55571
radio 11 56084
radio 11 56101
radio 11 56614
radio 11 56631
radio 11 57144
radio 11 57161
energy 11 57570 9 10907
radio 11 57674
radio 11 57691
radio 11 58204
radio 11 58237
radio 11 58751
radio 11 58768
radio 11 59281
radio 11 59316
radio 11 59830
radio 11 59847
radio 11 60360
radio 11 60388
radio 11 60902
radio 11 60919
radio 11 61432
radio 11 61463
radio 11 61977
radio 11 61994
radio 11 62507
radio 11 62539
radio 11 63053
radio 11 63070
radio 11 63583
radio 11 63600
radio 11 64113
radio 11 64141
radio 11 64655
radio 11 64672
radio 11 65185
radio 11 65202
radio 12 179
radio 12 214
radio 12 727
radio 12 759
radio 12 1272
radio 12 1289
radio 12 1802
radio 12 1819
radio 12 2332
radio 12 2349
radio 12 2862
radio 12 2879
radio 12 3392
radio 12 3409
radio 12 3922
radio 12 3939
radio 12 4452
radio 12 4469
radio 12 4982
radio 12 4999
radio 12 5512
radio 12 5529
