Thread[Thread-1,5,main]tree 1000 24 18 10 0 0
radio 8 47307
radio 8 47310
radio 8 47338
radio 8 47852
radio 8 47869
radio 8 48382
radio 8 48399
radio 8 48912
radio 8 48944
radio 8 49458
radio 8 49475
radio 8 49988
radio 8 50005
radio 8 50518
radio 8 50551
radio 8 51065
radio 8 51082
radio 8 51595
radio 8 51612
radio 8 52125
radio 8 52142
radio 8 52655
radio 8 52672
radio 8 53185
radio 8 53202
radio 8 53715
radio 8 53732
radio 8 54245
radio 8 54279
radio 8 54793
radio 8 54810
radio 8 55323
radio 8 55340
radio 8 55853
radio 8 55870
radio 8 56383
radio 8 56411
radio 8 56925
delay 55 16 8 56937 8 54501 11 12 1 0 65535 0 0
radio 8 56944
radio 8 57459
radio 8 57471
radio 8 57984
radio 8 58001
radio 8 58514
radio 8 58531
radio 8 59044
radio 8 59061
radio 8 59574
radio 8 59591
radio 8 60104
radio 8 60121
radio 8 60634
radio 8 60651
radio 8 61164
radio 8 61181
radio 8 61694
radio 8 61711
radio 8 62224
radio 8 62254
radio 8 62768
radio 8 62802
radio 8 63316
radio 8 63333
radio 8 63846
radio 8 63899
radio 8 64413
radio 8 64430
radio 8 64943
radio 8 64979
radio 8 65493
radio 8 65510
radio 9 487
radio 9 504
radio 9 1017
radio 9 1045
radio 9 1558
radio 9 1611
radio 9 2124
radio 9 2141
radio 9 2654
radio 9 2671
radio 9 3184
radio 9 3220
radio 9 3733
radio 9 3765
radio 9 4279
radio 9 4296
radio 9 4809
radio 9 4864
radio 9 5377
radio 9 5394
radio 9 5907
radio 9 5924
radio 9 6437
radio 9 6454
radio 9 6967
radio 9 6984
radio 9 7497
radio 9 7514
radio 9 8027
radio 9 8044
radio 9 8557
radio 9 8574
radio 9 9087
radio 9 9117
radio 9 9631
radio 9 9648
radio 9 10161
radio 9 10212
radio 9 10726
radio 9 10743
radio 9 11256
radio 9 11273
radio 9 11786
radio 9 11803
radio 9 12316
radio 9 12333
radio 9 12846
radio 9 12863
radio 9 13376
radio 9 13393
radio 9 13906
radio 9 13923
radio 9 14436
radio 9 14453
radio 9 14966
radio 9 14983
radio 9 15496
radio 9 15513
radio 9 16026
radio 9 16043
radio 9 16556
radio 9 16588
radio 9 17102
radio 9 17119
radio 9 17632
radio 9 17649
radio 9 18162
radio 9 18179
radio 9 18692
radio 9 18709
radio 9 19222
radio 9 19239
radio 9 19752
radio 9 19769
radio 9 20282
radio 9 20299
radio 9 20812
radio 9 20829
radio 9 21342
radio 9 21377
radio 9 21891
radio 9 21908
radio 9 22421
radio 9 22438
radio 9 22951
radio 9 23004
radio 9 23518
radio 9 23535
radio 9 24048
radio 9 24065
radio 9 24578
radio 9 24595
radio 9 25108
radio 9 25125
radio 9 25638
radio 9 25655
radio 9 26168
radio 9 26220
radio 9 26734
radio 9 26766
radio 9 27280
radio 9 27297
radio 9 27810
radio 9 27827
radio 9 28340
radio 9 28357
radio 9 28870
radio 9 28887
radio 9 29400
radio 9 29417
radio 9 29930
radio 9 29966
radio 9 30480
radio 9 30512
radio 9 31026
radio 9 31079
radio 9 31593
radio 9 31622
radio 9 32136
radio 9 32169
radio 9 32683
radio 9 32717
radio 9 33231
radio 9 33281
radio 9 33795
radio 9 33812
radio 9 34325
radio 9 34376
radio 9 34890
radio 9 34907
radio 9 35420
radio 9 35437
radio 9 35950
radio 9 35967
radio 9 36480
radio 9 36513
radio 9 37027
radio 9 37056
radio 9 37570
radio 9 37587
radio 9 38100
radio 9 38151
radio 9 38665
radio 9 38682
radio 9 39195
radio 9 39212
radio 9 39725
radio 9 39742
radio 9 40255
radio 9 40306
radio 9 40820
radio 9 40837
radio 9 41350
radio 9 41367
radio 9 41880
radio 9 41897
radio 9 42410
radio 9 42427
radio 9 42940
radio 9 42957
energy 9 43222 8 49204
radio 9 43470
radio 9 43487
radio 9 44000
radio 9 44017
radio 9 44530
radio 9 44547
radio 9 45060
radio 9 45077
radio 9 45590
radio 9 45607
radio 9 46120
radio 9 46137
radio 9 46650
radio 9 46703
radio 9 47217
radio 9 47234
radio 9 47747
radio 9 47764
radio 9 48277
radio 9 48294
radio 9 48807
radio 9 48824
radio 9 49337
radio 9 49354
radio 9 49867
radio 9 49884
radio 9 50397
radio 9 50414
radio 9 50927
radio 9 50944
radio 9 51457
radio 9 51474
radio 9 51987
radio 9 52004
radio 9 52517
radio 9 52545
radio 9 53059
radio 9 53076
radio 9 53589
radio 9 53606
radio 9 54119
radio 9 54148
radio 9 54662
radio 9 54693
radio 9 55207
radio 9 55224
radio 9 55737
radio 9 55765
radio 9 56279
radio 9 56296
radio 9 56809
radio 9 56826
radio 9 57339
radio 9 57356
radio 9 57869
radio 9 57923
radio 9 58437
radio 9 58468
radio 9 58982
radio 9 58999
radio 9 59512
radio 9 59529
radio 9 60042
radio 9 60059
radio 9 60572
radio 9 60589
radio 9 61102
radio 9 61119
radio 9 61632
radio 9 61649
radio 9 62162
radio 9 62216
radio 9 62730
radio 9 62747
radio 9 63260
radio 9 63291
radio 9 63805
radio 9 63822
radio 9 64335
radio 9 64352
radio 9 64865
radio 9 64882
radio 9 65395
radio 9 65412
radio 10 389
radio 10 406
radio 10 919
radio 10 936
radio 10 1449
radio 10 1503
radio 10 2017
radio 10 2045
radio 10 2559
radio 10 2576
radio 10 3089
radio 10 3117
radio 10 3631
radio 10 3648
radio 10 4161
radio 10 4178
radio 10 4691
radio 10 4708
radio 10 5221
radio 10 5238
radio 10 5751
radio 10 5768
radio 10 6281
radio 10 6333
radio 10 6847
radio 10 6864
radio 10 7377
radio 10 7394
radio 10 7907
radio 10 7924
radio 10 8437
radio 10 8454
radio 10 8967
radio 10 8984
radio 10 9497
radio 10 9514
radio 10 10027
radio 10 10044
radio 10 10557
radio 10 10574
radio 10 11087
radio 10 11104
radio 10 11617
radio 10 11634
radio 10 12147
radio 10 12202
radio 10 12716
radio 10 12733
radio 10 13246
radio 10 13276
radio 10 13790
radio 10 13807
radio 10 14320
radio 10 14337
radio 10 14850
radio 10 14867
radio 10 15380
radio 10 15397
radio 10 15910
radio 10 15927
radio 10 16440
radio 10 16457
radio 10 16970
radio 10 17000
radio 10 17514
radio 10 17546
radio 10 18060
radio 10 18092
radio 10 18606
radio 10 18623
radio 10 19136
radio 10 19153
radio 10 19666
radio 10 19683
radio 10 20196
radio 10 20213
radio 10 20726
radio 10 20743
radio 10 21256
radio 10 21273
radio 10 21786
radio 10 21820
radio 10 22334
radio 10 22368
radio 10 22882
radio 10 22915
radio 10 23429
delay 0 18 10 23445 10 24445 6 12 6 0 82 1 0
radio 10 24011
radio 10 24525
radio 10 24579
radio 10 25093
radio 10 25122
radio 10 25636
radio 10 25669
radio 10 26183
radio 10 26200
radio 10 26713
radio 10 26762
radio 10 27276
radio 10 27293
radio 10 27806
radio 10 27823
radio 10 28336
radio 10 28353
radio 10 28866
radio 10 28883
radio 10 29396
radio 10 29413
radio 10 29926
radio 10 29943
radio 10 30456
radio 10 30473
radio 10 30986
radio 10 31003
radio 10 31516
radio 10 31550
radio 10 32064
radio 10 32120
radio 10 32634
radio 10 32651
radio 10 33164
radio 10 33181
radio 10 33694
radio 10 33711
radio 10 34224
radio 10 34241
radio 10 34754
radio 10 34771
radio 10 35284
radio 10 35301
radio 10 35814
radio 10 35831
radio 10 36344
radio 10 36361
radio 10 36874
radio 10 36891
radio 10 37405
radio 10 37422
radio 10 37935
radio 10 37963
radio 10 38477
radio 10 38505
radio 10 39019
radio 10 39055
energy 10 39126 8 51558
radio 10 39569
radio 10 39586
radio 10 40099
radio 10 40134
radio 10 40648
radio 10 40665
radio 10 41178
radio 10 41195
radio 10 41708
radio 10 41736
radio 10 42250
radio 10 42280
radio 10 42794
radio 10 42828
radio 10 43342
radio 10 43359
radio 10 43872
delay 1 18 10 43887 10 44887 6 12 6 0 266 0 0
radio 10 43894
radio 10 44409
radio 10 44569
radio 10 45082
radio 10 45159
radio 10 45672
radio 10 45702
radio 10 46216
radio 10 46233
radio 10 46746
radio 10 46763
radio 10 47276
radio 10 47293
radio 10 47806
radio 10 47837
radio 10 48351
radio 10 48368
radio 10 48881
radio 10 48898
radio 10 49411
radio 10 49428
radio 10 49941
radio 10 49976
radio 10 50490
radio 10 50507
radio 10 51020
radio 10 51037
radio 10 51550
radio 10 51567
radio 10 52080
radio 10 52097
radio 10 52610
radio 10 52627
radio 10 53140
radio 10 53157
radio 10 53670
radio 10 53687
radio 10 54200
radio 10 54254
radio 10 54768
radio 10 54799
radio 10 55313
radio 10 55330
radio 10 55843
radio 10 55860
radio 10 56373
radio 10 56390
radio 10 56903
radio 10 56920
radio 10 57433
radio 10 57450
radio 10 57963
radio 10 57980
radio 10 58493
radio 10 58510
radio 10 59023
radio 10 59057
radio 10 59571
radio 10 59588
radio 10 60101
radio 10 60135
radio 10 60649
radio 10 60685
radio 10 61199
radio 10 61216
radio 10 61729
radio 10 61765
radio 10 62279
radio 10 62308
radio 10 62822
radio 10 62855
radio 10 63369
radio 10 63386
radio 10 63899
radio 10 63916
radio 10 64429
radio 10 64446
radio 10 64959
radio 10 64976
radio 10 65489
radio 10 65506
radio 11 483
radio 11 513
radio 11 1026
radio 11 1057
radio 11 1571
radio 11 1588
radio 11 2101
radio 11 2156
radio 11 2670
radio 11 2687
radio 11 3200
radio 11 3231
radio 11 3745
radio 11 3762
radio 11 4275
radio 11 4292
radio 11 4805
radio 11 4822
radio 11 5335
radio 11 5371
radio 11 5885
radio 11 5902
radio 11 6415
radio 11 6432
radio 11 6945
radio 11 6962
radio 11 7475
radio 11 7509
radio 11 8023
radio 11 8040
radio 11 8553
radio 11 8570
radio 11 9083
radio 11 9100
radio 11 9613
radio 11 9630
radio 11 10143
radio 11 10160
radio 11 10673
radio 11 10690
radio 11 11203
radio 11 11220
radio 11 11733
radio 11 11781
radio 11 12295
radio 11 12312
radio 11 12825
radio 11 12842
radio 11 13355
radio 11 13372
radio 11 13885
radio 11 13902
radio 11 14416
radio 11 14433
radio 11 14946
radio 11 14963
radio 11 15476
radio 11 15493
radio 11 16006
radio 11 16037
radio 11 16551
radio 11 16568
radio 11 17081
radio 11 17115
radio 11 17629
radio 11 17646
radio 11 18159
radio 11 18195
radio 11 18709
radio 11 18740
radio 11 19254
delay 3 15 11 19270 11 20454 12 12 65535 0 160 0 0
radio 11 19278
radio 11 19793
radio 11 19948
radio 11 20461
radio 11 20480
radio 11 20994
radio 11 21011
radio 11 21524
radio 11 21541
radio 11 22054
radio 11 22071
radio 11 22584
radio 11 22601
radio 11 23114
radio 11 23131
radio 11 23644
radio 11 23661
radio 11 24174
radio 11 24191
radio 11 24704
radio 11 24721
radio 11 25234
radio 11 25251
radio 11 25764
radio 11 25781
radio 11 26294
radio 11 26323
radio 11 26837
radio 11 26867
radio 11 27381
radio 11 27398
radio 11 27911
radio 11 27928
radio 11 28441
radio 11 28458
radio 11 28971
radio 11 28988
radio 11 29501
radio 11 29518
radio 11 30031
radio 11 30064
radio 11 30578
radio 11 30595
radio 11 31108
radio 11 31125
radio 11 31638
radio 11 31670
radio 11 32184
radio 11 32235
radio 11 32749
radio 11 32766
radio 11 33279
radio 11 33296
radio 11 33809
radio 11 33826
radio 11 34339
radio 11 34356
radio 11 34869
radio 11 34886
energy 11 35030 8 53643
radio 11 35399
radio 11 35416
radio 11 35929
radio 11 35946
radio 11 36459
radio 11 36476
radio 11 36989
radio 11 37057
radio 11 37571
radio 11 37588
radio 11 38101
radio 11 38118
radio 11 38632
radio 11 38649
radio 11 39162
radio 11 39179
radio 11 39692
radio 11 39723
radio 11 40237
radio 11 40254
radio 11 40767
radio 11 40784
radio 11 41297
radio 11 41314
radio 11 41827
radio 11 41861
radio 11 42375
radio 11 42410
radio 11 42924
radio 11 42972
radio 11 43486
radio 11 43503
radio 11 44016
radio 11 44033
radio 11 44546
radio 11 44563
radio 11 45076
radio 11 45112
radio 11 45626
radio 11 45657
radio 11 46171
radio 11 46188
radio 11 46701
radio 11 46718
radio 11 47231
radio 11 47248
radio 11 47761
radio 11 47854
radio 11 48368
radio 11 48385
radio 11 48899
radio 11 48916
radio 11 49429
radio 11 49446
radio 11 49959
radio 11 49976
radio 11 50489
radio 11 50519
radio 11 51033
radio 11 51064
radio 11 51578
radio 11 51633
radio 11 52147
radio 11 52164
radio 11 52677
radio 11 52694
radio 11 53207
radio 11 53224
radio 11 53737
radio 11 53767
radio 11 54281
radio 11 54317
radio 11 54831
radio 11 54864
radio 11 55378
radio 11 55395
radio 11 55908
radio 11 55942
radio 11 56456
radio 11 56473
radio 11 56986
radio 11 57003
radio 11 57516
radio 11 57552
radio 11 58066
radio 11 58083
radio 11 58596
radio 11 58613
radio 11 59126
radio 11 59143
radio 11 59656
radio 11 59708
radio 11 60222
radio 11 60239
radio 11 60752
radio 11 60806
radio 11 61320
radio 11 61337
radio 11 61850
radio 11 61867
radio 11 62380
radio 11 62434
radio 11 62948
radio 11 62982
radio 11 63496
radio 11 63513
radio 11 64026
radio 11 64043
radio 11 64556
radio 11 64573
radio 11 65086
radio 11 65103
radio 12 80
radio 12 96
radio 12 610
radio 12 627
radio 12 1140
radio 12 1196
radio 12 1710
radio 12 1727
radio 12 2240
radio 12 2276
radio 12 2790
radio 12 2823
radio 12 3337
radio 12 3354
radio 12 3867
radio 12 3916
radio 12 4430
radio 12 4447
radio 12 4960
radio 12 4977
radio 12 5490
radio 12 5507
