Thread[Thread-1,5,main]tree 31 25 24 12 0 0
radio 9 3276
radio 9 3279
radio 9 3328
radio 9 3842
radio 9 3871
radio 9 4385
radio 9 4402
radio 9 4915
radio 9 4932
radio 9 5445
radio 9 5480
radio 9 5994
radio 9 6030
radio 9 6544
radio 9 6561
radio 9 7074
radio 9 7091
radio 9 7604
radio 9 7621
radio 9 8134
radio 9 8162
radio 9 8676
radio 9 8693
radio 9 9206
radio 9 9223
radio 9 9736
radio 9 9753
radio 9 10266
radio 9 10294
radio 9 10808
radio 9 10843
radio 9 11357
radio 9 11407
radio 9 11921
radio 9 11952
radio 9 12466
radio 9 12483
radio 9 12997
radio 9 13014
radio 9 13528
radio 9 13545
radio 9 14059
radio 9 14076
radio 9 14590
radio 9 14622
radio 9 15136
radio 9 15164
radio 9 15678
radio 9 15695
radio 9 16209
radio 9 16226
radio 9 16739
radio 9 16756
radio 9 17270
radio 9 17304
radio 9 17818
radio 9 17835
radio 9 18349
radio 9 18366
radio 9 18880
delay 100 34 9 18929 9 56792 11 12 1 0 38000 0 0
radio 9 18937
radio 9 19452
radio 9 19464
radio 9 19978
radio 9 20019
radio 9 20532
radio 9 20568
radio 9 21082
radio 9 21099
radio 9 21613
radio 9 21644
radio 9 22158
radio 9 22188
radio 9 22702
radio 9 22731
radio 9 23245
radio 9 23262
radio 9 23776
radio 9 23824
radio 9 24338
radio 9 24355
radio 9 24869
radio 9 24886
radio 9 25399
radio 9 25452
radio 9 25966
radio 9 25983
radio 9 26497
radio 9 26528
radio 9 27042
radio 9 27059
radio 9 27573
radio 9 27590
radio 9 28104
radio 9 28121
radio 9 28635
radio 9 28652
radio 9 29166
radio 9 29183
radio 9 29697
radio 9 29714
radio 9 30228
radio 9 30282
radio 9 30796
radio 9 30813
radio 9 31327
radio 9 31344
radio 9 31858
radio 9 31875
radio 9 32389
radio 9 32406
radio 9 32920
radio 9 32937
radio 9 33450
radio 9 33498
radio 9 34012
radio 9 34029
radio 9 34543
radio 9 34560
radio 9 35074
radio 9 35091
radio 9 35605
radio 9 35622
radio 9 36136
radio 9 36153
radio 9 36667
radio 9 36696
radio 9 37210
radio 9 37227
radio 9 37741
radio 9 37797
radio 9 38311
radio 9 38347
radio 9 38861
radio 9 38878
radio 9 39392
radio 9 39423
radio 9 39937
radio 9 39954
radio 9 40468
radio 9 40485
radio 9 40999
radio 9 41016
radio 9 41530
radio 9 41600
radio 9 42114
radio 9 42147
radio 9 42661
radio 9 42730
radio 9 43244
radio 9 43276
radio 9 43790
radio 9 43824
radio 9 44338
radio 9 44355
radio 9 44868
radio 9 44902
radio 9 45416
radio 9 45486
radio 9 46000
radio 9 46111
radio 9 46625
radio 9 46660
radio 9 47174
radio 9 47227
radio 9 47741
radio 9 47774
radio 9 48288
radio 9 48305
radio 9 48819
radio 9 48875
radio 9 49389
radio 9 49584
radio 9 50098
radio 9 50115
radio 9 50629
radio 9 50721
radio 9 51235
radio 9 51252
radio 9 51766
radio 9 51783
radio 9 52297
radio 9 52351
radio 9 52865
radio 9 52882
radio 9 53396
radio 9 53425
radio 9 53939
radio 9 53969
radio 9 54483
radio 9 54500
radio 9 55014
radio 9 55031
radio 9 55545
radio 9 55562
radio 9 56076
radio 9 56093
radio 9 56607
radio 9 56624
radio 9 57138
radio 9 57193
radio 9 57707
radio 9 57755
radio 9 58269
radio 9 58299
radio 9 58813
radio 9 58842
radio 9 59356
radio 9 59373
radio 9 59886
radio 9 59918
radio 9 60432
radio 9 60482
radio 9 60996
radio 9 61013
radio 9 61527
radio 9 61544
radio 9 62057
radio 9 62091
radio 9 62605
radio 9 62622
radio 9 63136
radio 9 63167
radio 9 63681
radio 9 63732
radio 9 64246
radio 9 64277
energy 9 64727 9 6006
radio 9 64791
radio 9 64824
radio 9 65338
radio 9 65368
radio 10 346
radio 10 398
radio 10 912
radio 10 944
radio 10 1458
radio 10 1475
radio 10 1989
radio 10 2006
radio 10 2519
radio 10 2592
radio 10 3106
radio 10 3123
radio 10 3637
radio 10 3654
radio 10 4168
radio 10 4218
radio 10 4732
radio 10 4760
radio 10 5274
radio 10 5324
radio 10 5838
radio 10 5870
radio 10 6384
radio 10 6417
radio 10 6931
radio 10 6999
radio 10 7513
radio 10 7530
radio 10 8043
radio 10 8079
radio 10 8593
radio 10 8629
radio 10 9143
radio 10 9160
radio 10 9674
radio 10 9691
radio 10 10205
radio 10 10235
radio 10 10749
radio 10 10783
radio 10 11297
radio 10 11314
radio 10 11828
radio 10 11845
radio 10 12359
radio 10 12376
radio 10 12890
radio 10 12907
radio 10 13421
radio 10 13438
radio 10 13952
radio 10 14022
radio 10 14536
radio 10 14553
radio 10 15067
radio 10 15103
radio 10 15617
radio 10 15634
radio 10 16148
radio 10 16178
radio 10 16692
radio 10 16709
radio 10 17223
radio 10 17240
radio 10 17754
radio 10 17805
radio 10 18319
radio 10 18336
radio 10 18850
radio 10 18867
radio 10 19381
radio 10 19398
radio 10 19912
radio 10 19929
radio 10 20443
radio 10 20495
radio 10 21009
radio 10 21037
radio 10 21551
radio 10 21584
radio 10 22098
delay 0 15 10 22382 10 22915 12 12 65535 0 21 1 0
radio 10 23445
radio 10 23958
radio 10 23973
radio 10 24486
radio 10 24503
radio 10 25017
radio 10 25034
radio 10 25548
radio 10 25565
radio 10 26079
radio 10 26109
radio 10 26623
radio 10 26640
radio 10 27154
radio 10 27171
radio 10 27685
radio 10 27738
radio 10 28252
radio 10 28285
radio 10 28799
radio 10 28830
radio 10 29344
radio 10 29376
radio 10 29890
radio 10 29966
radio 10 30480
radio 10 30497
radio 10 31011
radio 10 31063
radio 10 31577
radio 10 31594
radio 10 32108
radio 10 32125
radio 10 32639
radio 10 32715
radio 10 33229
radio 10 33262
radio 10 33776
radio 10 33793
radio 10 34307
radio 10 34324
radio 10 34838
radio 10 34855
radio 10 35369
radio 10 35422
radio 10 35936
radio 10 35953
radio 10 36467
radio 10 36484
radio 10 36998
radio 10 37046
radio 10 37560
radio 10 37616
radio 10 38130
radio 10 38158
radio 10 38672
radio 10 38724
radio 10 39238
radio 10 39271
radio 10 39785
radio 10 39802
radio 10 40316
radio 10 40346
radio 10 40860
radio 10 40894
radio 10 41408
radio 10 41437
radio 10 41951
radio 10 42081
radio 10 42595
delay 1 15 10 42610 10 43142 12 12 65535 0 254 0 0
radio 10 42618
radio 10 43133
radio 10 43212
radio 10 43725
radio 10 43807
radio 10 44321
radio 10 44371
radio 10 44885
radio 10 44902
radio 10 45416
radio 10 45504
radio 10 46018
radio 10 46035
radio 10 46549
radio 10 46584
radio 10 47098
radio 10 47115
radio 10 47629
radio 10 47658
radio 10 48172
radio 10 48207
radio 10 48721
radio 10 48752
radio 10 49266
radio 10 49298
radio 10 49812
radio 10 49829
radio 10 50343
radio 10 50360
radio 10 50874
radio 10 50908
radio 10 51422
radio 10 51439
radio 10 51953
radio 10 51970
radio 10 52484
radio 10 52513
radio 10 53027
radio 10 53044
radio 10 53558
radio 10 53575
radio 10 54089
radio 10 54124
radio 10 54638
radio 10 54708
radio 10 55222
radio 10 55239
radio 10 55753
radio 10 55770
radio 10 56284
radio 10 56334
radio 10 56848
radio 10 56879
radio 10 57393
radio 10 57422
radio 10 57936
radio 10 57964
radio 10 58478
radio 10 58495
radio 10 59009
radio 10 59026
radio 10 59540
radio 10 59574
radio 10 60088
radio 10 60105
radio 10 60619
energy 10 60636 9 10166
radio 10 60642
radio 10 61156
radio 10 61173
radio 10 61687
radio 10 61739
radio 10 62253
radio 10 62270
radio 10 62784
delay 2 18 10 62801 10 63217 20 12 65535 0 80 1 0
radio 10 63876
radio 10 64390
radio 10 64468
radio 10 64981
radio 10 64998
radio 10 65512
radio 11 26
radio 11 539
radio 11 627
radio 11 1141
radio 11 1169
radio 11 1683
radio 11 1700
radio 11 2214
radio 11 2284
radio 11 2798
radio 11 2815
radio 11 3329
radio 11 3346
radio 11 3859
radio 11 3909
radio 11 4423
radio 11 4459
radio 11 4973
radio 11 5006
radio 11 5520
radio 11 5537
radio 11 6050
radio 11 6080
radio 11 6594
radio 11 6611
radio 11 7125
radio 11 7155
radio 11 7669
radio 11 7739
radio 11 8253
radio 11 8270
radio 11 8784
radio 11 8801
radio 11 9314
radio 11 9385
radio 11 9899
radio 11 9916
radio 11 10429
radio 11 10446
radio 11 10960
radio 11 10994
radio 11 11508
radio 11 11561
radio 11 12075
radio 11 12092
radio 11 12606
radio 11 12623
radio 11 13137
radio 11 13193
radio 11 13707
radio 11 13724
radio 11 14238
radio 11 14287
radio 11 14801
radio 11 14818
radio 11 15332
radio 11 15349
radio 11 15863
radio 11 15919
radio 11 16433
radio 11 16461
radio 11 16975
radio 11 16992
radio 11 17506
radio 11 17536
radio 11 18050
delay 3 25 11 18067 11 18043 10 12 2 0 426 0 0
radio 11 18075
radio 11 18590
radio 11 18606
radio 11 19120
radio 11 19140
radio 11 19654
radio 11 19669
radio 11 20183
radio 11 20212
radio 11 20726
radio 11 20743
radio 11 21257
radio 11 21288
radio 11 21802
radio 11 21833
radio 11 22347
radio 11 22364
radio 11 22878
radio 11 22895
radio 11 23409
radio 11 23462
radio 11 23976
radio 11 23993
radio 11 24507
radio 11 24524
radio 11 25038
radio 11 25055
radio 11 25569
radio 11 25619
radio 11 26133
radio 11 26150
radio 11 26664
radio 11 26719
radio 11 27233
radio 11 27265
radio 11 27779
radio 11 27813
radio 11 28327
radio 11 28395
radio 11 28909
radio 11 28926
radio 11 29440
radio 11 29457
radio 11 29971
radio 11 30006
radio 11 30520
radio 11 30590
radio 11 31104
radio 11 31132
radio 11 31646
radio 11 31698
radio 11 32212
radio 11 32229
radio 11 32743
radio 11 32793
radio 11 33307
radio 11 33336
radio 11 33850
radio 11 33902
radio 11 34416
radio 11 34433
radio 11 34947
radio 11 35003
radio 11 35517
radio 11 35534
radio 11 36048
radio 11 36099
radio 11 36613
radio 11 36663
radio 11 37177
radio 11 37194
radio 11 37708
radio 11 37725
radio 11 38239
delay 4 46 11 38256 11 37945 13 12 65535 0 17 1 0
radio 11 39336
radio 11 39850
radio 11 39907
radio 11 40421
radio 11 40438
