Thread[Thread-1,5,main]tree 1000 83 16 12 0 0
radio 9 37091
radio 9 37095
radio 9 37111
radio 9 37625
radio 9 37642
radio 9 38156
radio 9 38250
radio 9 38764
radio 9 38812
radio 9 39326
radio 9 39343
radio 9 39857
radio 9 39874
radio 9 40388
radio 9 40504
radio 9 41018
radio 9 41047
radio 9 41561
radio 9 41594
radio 9 42108
radio 9 42125
radio 9 42639
radio 9 42732
radio 9 43246
radio 9 43263
radio 9 43777
radio 9 43866
radio 9 44380
radio 9 44533
radio 9 45047
radio 9 45064
radio 9 45578
radio 9 45628
radio 9 46142
radio 9 46159
radio 9 46673
radio 9 46745
radio 9 47259
radio 9 47307
radio 9 47821
radio 9 47838
radio 9 48352
radio 9 48406
radio 9 48920
radio 9 48969
radio 9 49483
radio 9 49577
radio 9 50091
radio 9 50120
radio 9 50634
radio 9 50670
radio 9 51184
radio 9 51201
radio 9 51715
radio 9 51764
radio 9 52278
radio 9 52295
radio 9 52809
radio 9 52877
radio 9 53391
radio 9 53408
radio 9 53922
radio 9 53971
radio 9 54485
radio 9 54537
radio 9 55051
radio 9 55068
radio 9 55582
radio 9 55652
radio 9 56166
radio 9 56259
radio 9 56773
radio 9 56807
radio 9 57321
radio 9 57393
radio 9 57907
radio 9 57939
radio 9 58453
radio 9 58470
radio 9 58983
radio 9 59033
radio 9 59547
radio 9 59564
radio 9 60078
radio 9 60095
radio 9 60609
radio 9 60626
radio 9 61140
radio 9 61170
radio 9 61684
radio 9 61734
radio 9 62248
radio 9 62301
radio 9 62815
radio 9 62832
radio 9 63346
radio 9 63363
radio 9 63877
radio 9 63894
radio 9 64408
radio 9 64440
radio 9 64954
radio 9 65023
radio 10 1
radio 10 18
radio 10 531
radio 10 548
radio 10 1061
radio 10 1078
radio 10 1592
radio 10 1609
radio 10 2123
radio 10 2154
radio 10 2668
radio 10 2701
radio 10 3215
radio 10 3266
radio 10 3780
radio 10 3797
radio 10 4311
radio 10 4328
radio 10 4842
radio 10 4859
radio 10 5373
radio 10 5390
radio 10 5904
radio 10 5921
radio 10 6435
radio 10 6452
radio 10 6966
radio 10 6983
radio 10 7497
radio 10 7529
radio 10 8043
radio 10 8071
radio 10 8585
radio 10 8602
radio 10 9116
radio 10 9144
radio 10 9658
radio 10 9675
radio 10 10189
radio 10 10239
radio 10 10753
radio 10 10787
radio 10 11301
radio 10 11318
radio 10 11832
radio 10 11862
radio 10 12376
radio 10 12393
radio 10 12907
radio 10 12924
radio 10 13438
radio 10 13471
radio 10 13985
radio 10 14002
radio 10 14516
radio 10 14533
radio 10 15047
radio 10 15078
radio 10 15592
radio 10 15640
radio 10 16154
radio 10 16185
radio 10 16699
radio 10 16716
radio 10 17230
radio 10 17259
radio 10 17773
radio 10 17790
radio 10 18304
radio 10 18321
radio 10 18835
radio 10 18870
radio 10 19384
radio 10 19417
radio 10 19931
radio 10 19948
radio 10 20462
radio 10 20479
radio 10 20993
radio 10 21010
radio 10 21524
radio 10 21541
radio 10 22055
delay 0 16 10 22080 10 22258 19 25 6 0 22 1 0
radio 10 23272
radio 10 23785
radio 10 23924
radio 10 24438
radio 10 24455
radio 10 24969
radio 10 25024
radio 10 25538
radio 10 25555
radio 10 26069
radio 10 26086
radio 10 26600
radio 10 26630
radio 10 27144
radio 10 27176
radio 10 27690
radio 10 27707
radio 10 28221
radio 10 28238
radio 10 28752
radio 10 28769
radio 10 29283
radio 10 29300
radio 10 29814
radio 10 29843
radio 10 30357
radio 10 30374
radio 10 30888
radio 10 30919
radio 10 31433
radio 10 31468
radio 10 31982
radio 10 32015
radio 10 32529
radio 10 32546
energy 10 33006 9 41392
radio 10 33060
radio 10 33077
radio 10 33591
radio 10 33624
radio 10 34138
radio 10 34155
radio 10 34669
radio 10 34704
radio 10 35218
radio 10 35286
radio 10 35800
radio 10 35830
radio 10 36344
radio 10 36361
radio 10 36875
radio 10 36926
radio 10 37440
radio 10 37457
radio 10 37971
radio 10 37988
radio 10 38502
radio 10 38537
radio 10 39051
radio 10 39083
radio 10 39597
radio 10 39673
radio 10 40187
radio 10 40204
radio 10 40718
radio 10 40735
radio 10 41249
radio 10 41266
radio 10 41780
radio 10 41814
radio 10 42328
radio 10 42377
radio 10 42891
delay 1 18 10 42906 10 42970 20 25 5 0 237 0 0
radio 10 42914
radio 10 43428
radio 10 43449
radio 10 43963
radio 10 43981
radio 10 44495
radio 10 44525
radio 10 45039
radio 10 45067
radio 10 45581
radio 10 45630
radio 10 46144
radio 10 46193
radio 10 46707
radio 10 46742
radio 10 47256
radio 10 47305
radio 10 47819
radio 10 47836
radio 10 48350
radio 10 48367
radio 10 48881
radio 10 48933
radio 10 49447
radio 10 49478
radio 10 49992
radio 10 50029
radio 10 50543
radio 10 50578
radio 10 51092
radio 10 51109
radio 10 51623
radio 10 51657
radio 10 52171
radio 10 52188
radio 10 52702
radio 10 52731
radio 10 53245
radio 10 53262
radio 10 53776
radio 10 53809
radio 10 54323
radio 10 54340
radio 10 54854
radio 10 54871
radio 10 55385
radio 10 55402
radio 10 55916
radio 10 55933
radio 10 56447
radio 10 56501
radio 10 57015
radio 10 57085
radio 10 57599
radio 10 57629
radio 10 58143
radio 10 58176
radio 10 58690
radio 10 58758
radio 10 59272
radio 10 59303
radio 10 59817
radio 10 59834
radio 10 60348
radio 10 60459
radio 10 60973
radio 10 60990
radio 10 61504
radio 10 61521
radio 10 62035
radio 10 62091
radio 10 62605
radio 10 62622
radio 10 63136
delay 2 18 10 63153 10 63217 20 25 5 0 80 1 0
radio 10 64211
radio 10 64725
radio 10 64942
radio 10 65455
radio 11 33
radio 11 546
radio 11 563
radio 11 1076
radio 11 1186
radio 11 1700
radio 11 1729
radio 11 2243
radio 11 2316
radio 11 2830
radio 11 2847
radio 11 3361
radio 11 3378
radio 11 3892
radio 11 3961
radio 11 4475
radio 11 4566
radio 11 5080
radio 11 5228
radio 11 5742
radio 11 5776
radio 11 6290
radio 11 6319
radio 11 6833
radio 11 6850
radio 11 7364
radio 11 7400
radio 11 7914
radio 11 7931
radio 11 8445
radio 11 8462
radio 11 8976
radio 11 8993
radio 11 9507
radio 11 9540
radio 11 10054
radio 11 10071
radio 11 10585
radio 11 10602
radio 11 11116
radio 11 11133
radio 11 11647
radio 11 11664
radio 11 12178
radio 11 12195
radio 11 12709
radio 11 12760
radio 11 13274
radio 11 13291
radio 11 13805
radio 11 13839
radio 11 14353
radio 11 14382
radio 11 14896
radio 11 14913
radio 11 15427
radio 11 15444
radio 11 15958
radio 11 15993
radio 11 16507
radio 11 16555
radio 11 17069
radio 11 17086
radio 11 17600
radio 11 17617
radio 11 18131
delay 3 29 11 18147 11 17661 26 25 65535 0 186 0 0
radio 11 18156
radio 11 18670
radio 11 18746
radio 11 19259
radio 11 19447
radio 11 19960
radio 11 20005
radio 11 20519
radio 11 20570
radio 11 21084
radio 11 21116
radio 11 21630
radio 11 21647
radio 11 22161
radio 11 22178
radio 11 22692
radio 11 22783
radio 11 23297
radio 11 23348
radio 11 23862
radio 11 23891
radio 11 24405
radio 11 24438
radio 11 24952
radio 11 24969
radio 11 25483
radio 11 25500
radio 11 26014
radio 11 26044
radio 11 26558
radio 11 26590
radio 11 27104
radio 11 27121
radio 11 27635
radio 11 27652
radio 11 28166
radio 11 28183
radio 11 28697
radio 11 28809
energy 11 28910 9 45988
radio 11 29323
radio 11 29398
radio 11 29912
radio 11 30023
radio 11 30537
radio 11 30567
radio 11 31081
radio 11 31212
radio 11 31726
radio 11 31743
radio 11 32257
radio 11 32326
radio 11 32840
radio 11 32869
radio 11 33383
radio 11 33451
radio 11 33965
radio 11 34040
radio 11 34554
radio 11 34585
radio 11 35099
radio 11 35171
radio 11 35685
radio 11 35702
radio 11 36216
radio 11 36245
radio 11 36759
radio 11 36776
radio 11 37290
radio 11 37540
radio 11 38054
radio 11 38087
radio 11 38601
delay 4 18 11 39067 11 39132 20 25 5 0 619 0 0
radio 11 39075
radio 11 39590
radio 11 39633
radio 11 40147
radio 11 40259
radio 11 40773
radio 11 40790
