Thread[Thread-1,5,main]tree 1000 69 18 12 0 0
radio 9 11461
radio 9 11465
radio 9 11496
radio 9 12010
radio 9 12059
radio 9 12573
radio 9 12624
radio 9 13138
radio 9 13169
radio 9 13683
radio 9 13777
radio 9 14291
radio 9 14308
radio 9 14822
radio 9 14858
radio 9 15372
radio 9 15448
radio 9 15962
radio 9 15997
radio 9 16511
radio 9 16528
radio 9 17042
radio 9 17094
radio 9 17608
radio 9 17659
radio 9 18173
radio 9 18190
radio 9 18704
radio 9 18721
radio 9 19235
delay 100 19 9 19248 9 57830 25 27 2 0 38306 0 0
radio 9 19256
radio 9 19771
radio 9 19811
radio 9 20325
radio 9 20337
radio 9 20851
radio 9 20868
radio 9 21382
radio 9 21434
radio 9 21948
radio 9 21965
radio 9 22479
radio 9 22531
radio 9 23045
radio 9 23062
radio 9 23576
radio 9 23628
radio 9 24142
radio 9 24173
radio 9 24687
radio 9 24704
radio 9 25218
radio 9 25308
radio 9 25822
radio 9 25839
radio 9 26353
radio 9 26382
radio 9 26896
radio 9 26929
radio 9 27443
radio 9 27514
radio 9 28028
radio 9 28045
radio 9 28559
radio 9 28594
radio 9 29108
radio 9 29138
radio 9 29652
radio 9 29669
radio 9 30183
radio 9 30200
radio 9 30714
radio 9 30747
radio 9 31261
radio 9 31278
radio 9 31792
radio 9 31809
radio 9 32323
radio 9 32355
radio 9 32869
radio 9 32937
radio 9 33451
radio 9 33542
radio 9 34056
radio 9 34073
radio 9 34587
radio 9 34604
radio 9 35118
radio 9 35171
radio 9 35685
radio 9 35799
radio 9 36313
radio 9 36424
radio 9 36938
radio 9 36955
radio 9 37469
radio 9 37502
radio 9 38016
radio 9 38033
radio 9 38547
radio 9 38578
radio 9 39092
radio 9 39109
radio 9 39623
radio 9 39640
radio 9 40154
radio 9 40204
radio 9 40718
radio 9 40768
radio 9 41282
radio 9 41398
radio 9 41912
radio 9 41980
radio 9 42494
radio 9 42607
radio 9 43121
radio 9 43138
radio 9 43652
radio 9 43682
radio 9 44196
radio 9 44232
radio 9 44746
radio 9 44799
radio 9 45313
radio 9 45349
radio 9 45863
radio 9 45880
radio 9 46394
radio 9 46488
radio 9 47002
radio 9 47032
radio 9 47546
radio 9 47563
radio 9 48077
radio 9 48094
radio 9 48608
radio 9 48625
radio 9 49139
radio 9 49193
radio 9 49707
radio 9 49724
radio 9 50238
radio 9 50293
radio 9 50807
radio 9 50838
radio 9 51352
radio 9 51369
radio 9 51883
radio 9 51979
radio 9 52493
radio 9 52585
radio 9 53099
radio 9 53116
radio 9 53630
radio 9 53701
radio 9 54215
radio 9 54243
radio 9 54757
radio 9 54774
radio 9 55288
radio 9 55319
radio 9 55833
radio 9 55881
radio 9 56395
radio 9 56424
radio 9 56938
radio 9 56970
radio 9 57484
radio 9 57519
radio 9 58033
radio 9 58050
radio 9 58564
radio 9 58593
radio 9 59107
radio 9 59124
radio 9 59638
radio 9 59667
radio 9 60181
radio 9 60233
radio 9 60747
radio 9 60779
radio 9 61293
radio 9 61310
radio 9 61824
radio 9 61853
radio 9 62367
radio 9 62384
radio 9 62898
radio 9 62915
radio 9 63429
radio 9 63483
radio 9 63997
radio 9 64026
radio 9 64540
radio 9 64574
radio 9 65088
radio 9 65105
radio 10 83
radio 10 117
radio 10 631
radio 10 662
radio 10 1176
radio 10 1209
radio 10 1723
radio 10 1773
radio 10 2287
radio 10 2320
radio 10 2834
radio 10 2851
radio 10 3365
radio 10 3382
radio 10 3896
radio 10 3913
radio 10 4427
radio 10 4444
radio 10 4958
radio 10 4975
radio 10 5489
radio 10 5506
radio 10 6020
radio 10 6055
radio 10 6569
radio 10 6643
radio 10 7157
radio 10 7188
energy 10 7376 9 14994
radio 10 7702
radio 10 7719
radio 10 8233
radio 10 8262
radio 10 8776
radio 10 8846
radio 10 9360
radio 10 9393
radio 10 9907
radio 10 9941
radio 10 10455
radio 10 10472
radio 10 10986
radio 10 11016
radio 10 11530
radio 10 11559
radio 10 12073
radio 10 12090
radio 10 12604
radio 10 12621
radio 10 13135
radio 10 13167
radio 10 13681
radio 10 13712
radio 10 14226
radio 10 14243
radio 10 14757
radio 10 14774
radio 10 15288
radio 10 15321
radio 10 15835
radio 10 15852
radio 10 16366
radio 10 16383
radio 10 16897
radio 10 16926
radio 10 17440
radio 10 17473
radio 10 17987
radio 10 18077
radio 10 18591
radio 10 18626
radio 10 19140
radio 10 19157
radio 10 19671
radio 10 19701
radio 10 20215
radio 10 20244
radio 10 20758
radio 10 20807
radio 10 21321
radio 10 21338
radio 10 21852
radio 10 21869
radio 10 22383
delay 0 18 10 22482 10 22517 20 27 7 0 322 0 0
radio 10 22490
radio 10 23004
radio 10 23052
radio 10 23565
radio 10 23614
radio 10 24128
radio 10 24173
radio 10 24687
radio 10 24704
radio 10 25218
radio 10 25235
radio 10 25749
radio 10 25766
radio 10 26280
radio 10 26297
radio 10 26811
radio 10 26880
radio 10 27394
radio 10 27411
radio 10 27925
radio 10 27957
radio 10 28471
radio 10 28488
radio 10 29002
radio 10 29032
radio 10 29546
radio 10 29563
radio 10 30077
radio 10 30094
radio 10 30608
radio 10 30657
radio 10 31171
radio 10 31200
radio 10 31714
radio 10 31746
radio 10 32260
radio 10 32311
radio 10 32825
radio 10 32842
radio 10 33356
radio 10 33373
radio 10 33887
radio 10 33904
radio 10 34418
radio 10 34435
radio 10 34949
radio 10 34966
radio 10 35480
radio 10 35497
radio 10 36011
radio 10 36028
radio 10 36542
radio 10 36570
radio 10 37084
radio 10 37101
radio 10 37615
radio 10 37632
radio 10 38146
radio 10 38178
radio 10 38692
radio 10 38709
radio 10 39223
radio 10 39240
radio 10 39754
radio 10 39784
radio 10 40298
radio 10 40331
radio 10 40845
radio 10 40874
radio 10 41388
radio 10 41405
radio 10 41919
radio 10 41936
radio 10 42450
radio 10 42467
radio 10 42981
delay 1 19 10 42997 10 43301 25 27 2 0 300 0 0
radio 10 43005
radio 10 43520
radio 10 43575
radio 10 44088
radio 10 44262
radio 10 44776
radio 10 44793
radio 10 45307
radio 10 45324
radio 10 45838
radio 10 45855
radio 10 46369
radio 10 46502
radio 10 47016
radio 10 47052
radio 10 47566
radio 10 47594
radio 10 48108
radio 10 48144
radio 10 48658
radio 10 48688
radio 10 49202
radio 10 49219
radio 10 49733
radio 10 49767
radio 10 50281
radio 10 50298
radio 10 50812
radio 10 50861
radio 10 51375
radio 10 51426
radio 10 51940
radio 10 51957
radio 10 52471
radio 10 52523
radio 10 53037
radio 10 53054
radio 10 53568
radio 10 53585
radio 10 54099
radio 10 54152
radio 10 54666
radio 10 54699
radio 10 55213
radio 10 55304
radio 10 55818
radio 10 55835
radio 10 56349
radio 10 56366
radio 10 56880
radio 10 56897
radio 10 57411
radio 10 57522
radio 10 58036
radio 10 58065
radio 10 58579
radio 10 58652
radio 10 59166
radio 10 59183
radio 10 59697
radio 10 59714
radio 10 60228
radio 10 60264
radio 10 60778
radio 10 60809
radio 10 61323
radio 10 61340
radio 10 61854
radio 10 61871
radio 10 62385
radio 10 62454
radio 10 62968
delay 2 18 10 63124 10 63160 20 27 7 0 23 0 0
radio 10 63132
radio 10 63647
radio 10 63694
radio 10 64207
radio 10 64333
radio 10 64847
radio 10 64942
radio 10 65456
radio 10 65493
radio 11 471
radio 11 488
radio 11 1001
radio 11 1090
radio 11 1604
radio 11 1621
radio 11 2135
radio 11 2168
radio 11 2682
radio 11 2710
radio 11 3224
radio 11 3241
energy 11 3280 9 18342
radio 11 3755
radio 11 3772
radio 11 4286
radio 11 4357
radio 11 4871
radio 11 4942
radio 11 5456
radio 11 5473
radio 11 5987
radio 11 6004
radio 11 6518
radio 11 6549
radio 11 7063
radio 11 7080
radio 11 7594
radio 11 7611
radio 11 8125
radio 11 8293
radio 11 8807
radio 11 8835
radio 11 9349
radio 11 9378
radio 11 9892
radio 11 10021
radio 11 10535
radio 11 10571
radio 11 11085
radio 11 11119
radio 11 11633
radio 11 11723
radio 11 12237
radio 11 12254
radio 11 12768
radio 11 12785
radio 11 13299
radio 11 13316
radio 11 13830
radio 11 13847
radio 11 14361
radio 11 14432
radio 11 14946
radio 11 14980
radio 11 15494
radio 11 15524
radio 11 16038
radio 11 16090
radio 11 16604
radio 11 16641
radio 11 17155
radio 11 17190
radio 11 17704
radio 11 17721
radio 11 18235
delay 3 9 11 18254 11 19057 18 27 9 0 58 1 0
radio 11 19321
radio 11 19835
radio 11 19853
radio 11 20366
radio 11 20383
radio 11 20897
radio 11 20931
radio 11 21445
radio 11 21479
radio 11 21993
radio 11 22065
radio 11 22579
radio 11 22612
radio 11 23126
radio 11 23155
radio 11 23669
radio 11 23819
radio 11 24333
radio 11 24350
radio 11 24864
radio 11 24892
radio 11 25406
radio 11 25423
radio 11 25937
radio 11 25970
radio 11 26484
radio 11 26501
radio 11 27015
radio 11 27032
radio 11 27546
radio 11 27594
radio 11 28108
radio 11 28125
radio 11 28639
radio 11 28656
radio 11 29170
radio 11 29187
radio 11 29701
radio 11 29718
radio 11 30232
radio 11 30262
radio 11 30776
radio 11 30949
radio 11 31463
radio 11 31519
radio 11 32033
radio 11 32050
radio 11 32564
radio 11 32657
radio 11 33171
radio 11 33188
radio 11 33702
radio 11 33733
radio 11 34247
radio 11 34283
radio 11 34797
radio 11 34828
radio 11 35342
radio 11 35359
radio 11 35873
radio 11 35903
radio 11 36417
radio 11 36434
radio 11 36948
radio 11 36965
radio 11 37479
radio 11 37496
radio 11 38010
radio 11 38079
radio 11 38593
delay 4 18 11 38641 11 38677 20 27 7 0 164 1 0
radio 11 39719
radio 11 40233
radio 11 40310
radio 11 40824
radio 11 40841
