Thread[Thread-1,5,main]tree 1000 59 49 0 0 0
radio 9 3277
radio 9 3281
radio 9 3311
radio 9 3825
radio 9 3842
radio 9 4355
radio 9 4426
radio 9 4940
radio 9 4957
radio 9 5470
radio 9 5498
radio 9 6012
radio 9 6046
radio 9 6560
radio 9 6630
radio 9 7144
radio 9 7178
radio 9 7692
radio 9 7709
radio 9 8222
radio 9 8250
radio 9 8764
radio 9 8781
radio 9 9294
radio 9 9311
radio 9 9824
radio 9 9841
radio 9 10354
radio 9 10408
radio 9 10922
radio 9 10939
radio 9 11452
radio 9 11546
radio 9 12060
radio 9 12077
radio 9 12590
radio 9 12642
radio 9 13156
radio 9 13173
radio 9 13686
radio 9 13875
radio 9 14389
radio 9 14406
radio 9 14919
radio 9 15013
radio 9 15527
radio 9 15582
radio 9 16096
radio 9 16113
radio 9 16626
radio 9 16643
radio 9 17156
radio 9 17184
radio 9 17698
radio 9 17748
radio 9 18262
radio 9 18279
radio 9 18792
delay 100 48 9 18936 9 56798 19 25 6 0 38236 0 0
radio 9 18944
radio 9 19459
radio 9 19548
radio 9 20062
radio 9 20087
radio 9 20600
radio 9 20649
radio 9 21163
radio 9 21217
radio 9 21731
radio 9 21748
radio 9 22261
radio 9 22278
radio 9 22791
radio 9 22821
radio 9 23335
radio 9 23405
radio 9 23919
radio 9 23953
radio 9 24467
radio 9 24520
radio 9 25034
radio 9 25088
radio 9 25602
radio 9 25619
radio 9 26132
radio 9 26149
radio 9 26662
radio 9 26731
radio 9 27245
radio 9 27262
radio 9 27775
radio 9 27811
radio 9 28325
radio 9 28355
radio 9 28869
radio 9 28900
radio 9 29414
radio 9 29431
radio 9 29944
radio 9 29976
radio 9 30490
radio 9 30521
radio 9 31035
radio 9 31163
radio 9 31677
radio 9 31694
radio 9 32207
radio 9 32224
radio 9 32737
radio 9 32790
radio 9 33304
radio 9 33321
radio 9 33834
radio 9 33944
radio 9 34458
radio 9 34489
radio 9 35003
radio 9 35051
radio 9 35565
radio 9 35582
radio 9 36095
radio 9 36150
radio 9 36664
radio 9 36773
radio 9 37287
radio 9 37338
radio 9 37852
radio 9 37869
radio 9 38383
radio 9 38400
radio 9 38913
radio 9 38930
radio 9 39443
radio 9 39460
radio 9 39973
radio 9 39990
radio 9 40503
radio 9 40520
radio 9 41034
radio 9 41062
radio 9 41576
radio 9 41593
radio 9 42106
radio 9 42123
radio 9 42636
radio 9 42665
radio 9 43179
radio 9 43229
radio 9 43743
radio 9 43760
radio 9 44273
radio 9 44290
radio 9 44803
radio 9 44820
radio 9 45333
radio 9 45368
radio 9 45882
radio 9 45950
radio 9 46464
radio 9 46579
radio 9 47093
radio 9 47167
radio 9 47681
radio 9 47698
radio 9 48211
radio 9 48382
radio 9 48896
radio 9 48987
radio 9 49501
radio 9 49530
radio 9 50044
radio 9 50061
radio 9 50574
radio 9 50725
radio 9 51239
radio 9 51273
radio 9 51787
radio 9 51816
radio 9 52330
radio 9 52360
radio 9 52874
radio 9 52891
radio 9 53404
radio 9 53493
radio 9 54007
radio 9 54080
radio 9 54594
radio 9 54611
radio 9 55124
radio 9 55141
radio 9 55654
radio 9 55726
radio 9 56240
radio 9 56273
radio 9 56787
radio 9 56977
radio 9 57491
radio 9 57508
radio 9 58021
radio 9 58051
radio 9 58565
radio 9 58582
radio 9 59095
radio 9 59127
radio 9 59641
radio 9 59732
radio 9 60246
radio 9 60282
radio 9 60796
radio 9 60845
radio 9 61359
radio 9 61376
radio 9 61889
radio 9 61942
radio 9 62456
radio 9 62473
radio 9 62986
radio 9 63018
radio 9 63532
radio 9 63549
radio 9 64062
radio 9 64079
radio 9 64592
radio 9 64621
energy 9 64729 9 7406
radio 9 65135
radio 9 65191
radio 10 169
radio 10 186
radio 10 699
radio 10 716
radio 10 1229
radio 10 1246
radio 10 1759
radio 10 1810
radio 10 2324
radio 10 2341
radio 10 2854
radio 10 2871
radio 10 3384
radio 10 3401
radio 10 3914
radio 10 3945
radio 10 4459
radio 10 4476
radio 10 4989
radio 10 5006
radio 10 5519
radio 10 5536
radio 10 6049
radio 10 6066
radio 10 6579
radio 10 6635
radio 10 7149
radio 10 7177
radio 10 7691
radio 10 7708
radio 10 8221
radio 10 8254
radio 10 8768
radio 10 8803
radio 10 9317
radio 10 9365
radio 10 9879
radio 10 9953
radio 10 10467
radio 10 10495
radio 10 11009
radio 10 11041
radio 10 11555
radio 10 11606
radio 10 12120
radio 10 12152
radio 10 12666
radio 10 12696
radio 10 13210
radio 10 13239
radio 10 13753
radio 10 13770
radio 10 14284
radio 10 14301
radio 10 14815
radio 10 14848
radio 10 15362
radio 10 15379
radio 10 15893
radio 10 15910
radio 10 16424
radio 10 16441
radio 10 16955
radio 10 16972
radio 10 17486
radio 10 17539
radio 10 18053
radio 10 18070
radio 10 18584
radio 10 18601
radio 10 19115
radio 10 19163
radio 10 19677
radio 10 19694
radio 10 20208
radio 10 20259
radio 10 20773
radio 10 20790
radio 10 21304
radio 10 21358
radio 10 21872
delay 0 49 10 22077 10 21367 19 25 6 0 23 0 0
radio 10 22085
radio 10 22599
radio 10 22618
radio 10 23132
radio 10 23148
radio 10 23662
radio 10 23679
radio 10 24192
radio 10 24209
radio 10 24723
radio 10 24774
radio 10 25288
radio 10 25344
radio 10 25858
radio 10 25890
radio 10 26404
radio 10 26452
radio 10 26966
radio 10 27022
radio 10 27536
radio 10 27553
radio 10 28067
radio 10 28098
radio 10 28612
radio 10 28641
radio 10 29155
radio 10 29172
radio 10 29686
radio 10 29703
radio 10 30217
radio 10 30246
radio 10 30760
radio 10 30794
radio 10 31308
radio 10 31325
radio 10 31839
radio 10 31856
radio 10 32370
radio 10 32399
radio 10 32913
radio 10 32946
radio 10 33460
radio 10 33477
radio 10 33990
radio 10 34007
radio 10 34521
radio 10 34538
radio 10 35052
radio 10 35103
radio 10 35617
radio 10 35634
radio 10 36148
radio 10 36204
radio 10 36718
radio 10 36735
radio 10 37249
radio 10 37266
radio 10 37780
radio 10 37828
radio 10 38342
radio 10 38376
radio 10 38890
radio 10 38907
radio 10 39421
radio 10 39453
radio 10 39967
radio 10 39984
radio 10 40498
radio 10 40554
radio 10 41068
radio 10 41085
radio 10 41599
radio 10 41647
radio 10 42161
delay 1 42 10 42191 10 42015 11 25 14 1 65 1 0
radio 10 43265
radio 10 43779
radio 10 43796
radio 10 44310
radio 10 44419
radio 10 44933
radio 10 44950
radio 10 45464
radio 10 45534
radio 10 46048
radio 10 46082
radio 10 46596
radio 10 46613
radio 10 47127
radio 10 47175
radio 10 47689
radio 10 47739
radio 10 48253
radio 10 48270
radio 10 48784
radio 10 48839
radio 10 49353
radio 10 49370
radio 10 49884
radio 10 49935
radio 10 50449
radio 10 50500
radio 10 51014
radio 10 51048
radio 10 51562
radio 10 51598
radio 10 52112
radio 10 52144
radio 10 52658
radio 10 52675
radio 10 53189
radio 10 53206
radio 10 53720
radio 10 53754
radio 10 54268
radio 10 54285
radio 10 54799
radio 10 54868
radio 10 55382
radio 10 55399
radio 10 55913
radio 10 55930
radio 10 56444
radio 10 56461
radio 10 56975
radio 10 57085
radio 10 57599
radio 10 57693
radio 10 58207
radio 10 58224
radio 10 58738
radio 10 58755
radio 10 59269
radio 10 59286
radio 10 59800
radio 10 59817
radio 10 60331
radio 10 60348
energy 10 60633 9 11464
radio 10 60862
radio 10 60898
radio 10 61412
radio 10 61429
radio 10 61943
radio 10 62017
radio 10 62531
delay 2 8 10 62737 10 63658 7 25 18 1 177 0 0
radio 10 63808
radio 10 64322
radio 10 64429
radio 10 64943
radio 10 65156
radio 11 134
radio 11 151
radio 11 664
radio 11 693
radio 11 1207
radio 11 1255
radio 11 1769
radio 11 1786
radio 11 2299
radio 11 2493
radio 11 3007
radio 11 3055
radio 11 3569
radio 11 3586
radio 11 4099
radio 11 4129
radio 11 4643
radio 11 4660
radio 11 5173
radio 11 5208
radio 11 5722
radio 11 5739
radio 11 6252
radio 11 6280
radio 11 6794
radio 11 6845
radio 11 7359
radio 11 7376
radio 11 7890
radio 11 7944
radio 11 8458
radio 11 8488
radio 11 9002
radio 11 9019
radio 11 9532
radio 11 9549
radio 11 10062
radio 11 10079
radio 11 10593
radio 11 10687
radio 11 11201
radio 11 11289
radio 11 11803
radio 11 11878
radio 11 12392
radio 11 12524
radio 11 13038
radio 11 13072
radio 11 13586
radio 11 13603
radio 11 14117
radio 11 14134
radio 11 14648
radio 11 14698
radio 11 15212
radio 11 15246
radio 11 15760
radio 11 15777
radio 11 16291
radio 11 16308
radio 11 16822
radio 11 16857
radio 11 17371
radio 11 17388
radio 11 17902
delay 3 48 11 17954 11 17658 19 25 6 0 34 1 0
radio 11 19028
radio 11 19542
radio 11 19629
radio 11 20143
radio 11 20160
radio 11 20674
radio 11 20708
radio 11 21222
radio 11 21239
radio 11 21753
radio 11 21770
radio 11 22284
radio 11 22334
radio 11 22848
radio 11 22880
radio 11 23394
radio 11 23411
radio 11 23925
radio 11 23942
radio 11 24456
radio 11 24473
radio 11 24987
radio 11 25004
radio 11 25518
radio 11 25535
radio 11 26049
radio 11 26126
radio 11 26640
radio 11 26736
radio 11 27250
radio 11 27267
radio 11 27781
radio 11 27798
radio 11 28312
radio 11 28348
radio 11 28862
radio 11 28912
radio 11 29426
radio 11 29458
radio 11 29972
radio 11 30020
radio 11 30534
radio 11 30643
radio 11 31157
radio 11 31174
radio 11 31688
radio 11 31741
radio 11 32255
radio 11 32369
radio 11 32883
radio 11 32951
radio 11 33465
radio 11 33576
radio 11 34090
radio 11 34158
radio 11 34672
radio 11 34722
radio 11 35236
radio 11 35304
radio 11 35818
radio 11 35835
radio 11 36349
radio 11 36366
radio 11 36880
radio 11 36930
radio 11 37444
radio 11 37692
radio 11 38206
delay 4 49 11 38326 11 37609 19 25 6 0 65535 0 0
radio 11 38334
radio 11 38849
radio 11 39205
radio 11 39719
radio 11 39873
radio 11 40387
radio 11 40404
