Thread[Thread-1,5,main]tree 1000 66 34 12 0 0
radio 8 50391
radio 8 50395
radio 8 50411
radio 8 50925
radio 8 50942
radio 8 51456
radio 8 51473
radio 8 51987
radio 8 52018
radio 8 52532
radio 8 52549
radio 8 53063
radio 8 53098
radio 8 53612
radio 8 53629
radio 8 54143
delay 55 48 8 54182 8 54495 19 18 65535 0 1817 0 0
radio 8 54191
radio 8 54705
radio 8 54797
radio 8 55311
radio 8 55344
radio 8 55858
radio 8 55889
radio 8 56403
radio 8 56497
radio 8 57011
radio 8 57028
radio 8 57542
delay 41 46 8 57582 8 55531 13 18 5 0 65535 0 0
radio 8 57590
radio 8 58105
radio 8 58326
radio 8 58839
radio 8 58856
radio 8 59370
radio 8 59438
radio 8 59952
radio 8 59969
radio 8 60483
radio 8 60500
radio 8 61014
radio 8 61031
radio 8 61545
radio 8 61562
radio 8 62076
radio 8 62147
radio 8 62661
radio 8 62678
radio 8 63192
radio 8 63268
radio 8 63782
radio 8 63799
radio 8 64313
radio 8 64369
radio 8 64883
radio 8 64974
radio 8 65488
radio 8 65524
radio 9 502
radio 9 535
radio 9 1048
radio 9 1065
radio 9 1578
radio 9 1595
radio 9 2108
delay 1000 18 9 2122 9 58347 20 18 65535 0 57022 0 0
radio 9 2131
radio 9 2645
radio 9 2659
radio 9 3172
radio 9 3184
radio 9 3697
radio 9 3729
radio 9 4243
radio 9 4272
radio 9 4786
radio 9 4803
radio 9 5317
radio 9 5407
radio 9 5921
radio 9 5938
radio 9 6451
radio 9 6486
radio 9 7000
radio 9 7017
radio 9 7530
radio 9 7564
radio 9 8078
radio 9 8108
radio 9 8622
radio 9 8650
radio 9 9164
radio 9 9181
radio 9 9694
radio 9 9729
radio 9 10243
radio 9 10260
radio 9 10774
radio 9 10809
radio 9 11323
radio 9 11340
radio 9 11854
radio 9 11887
radio 9 12401
radio 9 12438
radio 9 12952
radio 9 12969
radio 9 13483
radio 9 13511
radio 9 14025
radio 9 14042
radio 9 14556
radio 9 14610
radio 9 15124
radio 9 15152
radio 9 15666
radio 9 15700
radio 9 16214
radio 9 16231
radio 9 16745
radio 9 16762
radio 9 17276
radio 9 17293
radio 9 17807
radio 9 17824
radio 9 18338
radio 9 18369
radio 9 18883
radio 9 18900
radio 9 19414
radio 9 19470
radio 9 19984
delay 100 18 9 20045 9 58346 20 18 65535 0 38939 0 0
radio 9 20054
radio 9 20568
radio 9 20582
radio 9 21096
radio 9 21138
radio 9 21651
radio 9 21683
radio 9 22197
radio 9 22214
radio 9 22728
radio 9 22763
radio 9 23277
radio 9 23294
radio 9 23808
radio 9 23825
radio 9 24339
radio 9 24390
radio 9 24904
radio 9 24935
radio 9 25449
radio 9 25466
radio 9 25980
radio 9 26071
radio 9 26585
radio 9 26602
radio 9 27116
radio 9 27133
radio 9 27647
radio 9 27699
radio 9 28213
radio 9 28230
radio 9 28744
radio 9 28797
radio 9 29311
radio 9 29343
radio 9 29857
radio 9 29874
radio 9 30388
radio 9 30405
radio 9 30919
radio 9 30995
radio 9 31509
radio 9 31526
radio 9 32040
radio 9 32057
radio 9 32571
radio 9 32588
radio 9 33102
radio 9 33119
radio 9 33633
radio 9 33650
radio 9 34164
radio 9 34198
radio 9 34712
radio 9 34745
radio 9 35259
radio 9 35276
radio 9 35790
radio 9 35843
radio 9 36357
radio 9 36374
radio 9 36888
radio 9 36905
radio 9 37419
radio 9 37448
radio 9 37962
radio 9 37979
radio 9 38493
radio 9 38510
radio 9 39024
radio 9 39099
radio 9 39613
radio 9 39630
radio 9 40144
radio 9 40161
radio 9 40675
radio 9 40724
radio 9 41238
radio 9 41255
radio 9 41769
radio 9 41825
radio 9 42339
radio 9 42356
radio 9 42870
radio 9 42887
radio 9 43401
radio 9 43474
radio 9 43988
radio 9 44005
radio 9 44519
radio 9 44595
radio 9 45109
radio 9 45180
radio 9 45694
radio 9 45711
radio 9 46225
radio 9 46253
energy 9 46306 8 53542
radio 9 46767
radio 9 46784
radio 9 47298
radio 9 47315
radio 9 47829
radio 9 47846
radio 9 48360
radio 9 48391
radio 9 48905
radio 9 48922
radio 9 49436
radio 9 49464
radio 9 49978
radio 9 49995
radio 9 50509
radio 9 50579
radio 9 51093
radio 9 51144
radio 9 51658
radio 9 51675
radio 9 52189
radio 9 52221
radio 9 52735
radio 9 52808
radio 9 53322
radio 9 53339
radio 9 53853
radio 9 53870
radio 9 54384
radio 9 54401
radio 9 54915
radio 9 54988
radio 9 55502
radio 9 55519
radio 9 56033
radio 9 56050
radio 9 56564
radio 9 56581
radio 9 57095
radio 9 57112
radio 9 57626
radio 9 57643
radio 9 58157
radio 9 58174
radio 9 58688
radio 9 58705
radio 9 59219
radio 9 59236
radio 9 59750
radio 9 59785
radio 9 60299
radio 9 60316
radio 9 60830
radio 9 60847
radio 9 61361
radio 9 61414
radio 9 61928
radio 9 61945
radio 9 62459
radio 9 62476
radio 9 62990
radio 9 63023
radio 9 63537
radio 9 63554
radio 9 64068
radio 9 64099
radio 9 64613
radio 9 64664
radio 9 65178
radio 9 65209
radio 10 187
radio 10 204
radio 10 717
radio 10 734
radio 10 1247
radio 10 1298
radio 10 1812
radio 10 1829
radio 10 2343
radio 10 2360
radio 10 2874
radio 10 2891
radio 10 3405
radio 10 3422
radio 10 3936
radio 10 3953
radio 10 4467
radio 10 4522
radio 10 5036
radio 10 5053
radio 10 5567
radio 10 5597
radio 10 6111
radio 10 6128
radio 10 6642
radio 10 6659
radio 10 7173
radio 10 7190
radio 10 7704
radio 10 7740
radio 10 8254
radio 10 8271
radio 10 8785
radio 10 8817
radio 10 9331
radio 10 9348
radio 10 9862
radio 10 9879
radio 10 10393
radio 10 10410
radio 10 10924
radio 10 10973
radio 10 11487
radio 10 11518
radio 10 12032
radio 10 12049
radio 10 12563
radio 10 12597
radio 10 13111
radio 10 13140
radio 10 13654
radio 10 13684
radio 10 14198
radio 10 14215
radio 10 14729
radio 10 14760
radio 10 15274
radio 10 15291
radio 10 15805
radio 10 15836
radio 10 16350
radio 10 16367
radio 10 16881
radio 10 16898
radio 10 17412
radio 10 17429
radio 10 17943
radio 10 17960
radio 10 18474
radio 10 18527
radio 10 19041
radio 10 19058
radio 10 19572
radio 10 19589
radio 10 20103
radio 10 20152
radio 10 20666
radio 10 20683
radio 10 21197
radio 10 21247
radio 10 21761
radio 10 21778
radio 10 22292
radio 10 22346
radio 10 22860
delay 0 18 10 22882 10 22366 20 18 65535 0 171 1 0
radio 10 23942
radio 10 24455
radio 10 24505
radio 10 25018
radio 10 25035
radio 10 25549
radio 10 25566
radio 10 26080
radio 10 26097
radio 10 26611
radio 10 26642
radio 10 27156
radio 10 27173
radio 10 27687
radio 10 27704
radio 10 28218
radio 10 28235
radio 10 28749
radio 10 28783
radio 10 29297
radio 10 29314
radio 10 29828
radio 10 29845
radio 10 30359
radio 10 30376
radio 10 30890
radio 10 30920
radio 10 31434
radio 10 31451
radio 10 31965
radio 10 31982
radio 10 32496
radio 10 32513
radio 10 33027
radio 10 33097
radio 10 33611
radio 10 33628
radio 10 34142
radio 10 34159
radio 10 34673
radio 10 34721
radio 10 35235
radio 10 35252
radio 10 35766
radio 10 35783
radio 10 36297
radio 10 36348
radio 10 36862
radio 10 36879
radio 10 37393
radio 10 37410
radio 10 37924
radio 10 37978
radio 10 38492
radio 10 38509
radio 10 39023
radio 10 39077
radio 10 39591
radio 10 39608
radio 10 40122
radio 10 40176
radio 10 40690
radio 10 40707
radio 10 41221
radio 10 41275
radio 10 41789
radio 10 41819
energy 10 42210 8 56924
radio 10 42333
radio 10 42365
radio 10 42879
radio 10 43012
radio 10 43526
delay 1 18 10 43574 10 43058 20 18 65535 0 325 0 0
radio 10 43582
radio 10 44097
radio 10 44113
radio 10 44627
radio 10 44644
radio 10 45158
radio 10 45211
radio 10 45725
radio 10 45797
radio 10 46311
radio 10 46328
radio 10 46842
radio 10 46937
radio 10 47451
radio 10 47468
radio 10 47982
radio 10 47999
radio 10 48513
radio 10 48530
radio 10 49044
radio 10 49061
radio 10 49575
radio 10 49592
radio 10 50106
radio 10 50123
radio 10 50637
radio 10 50654
radio 10 51168
radio 10 51240
radio 10 51754
radio 10 51790
radio 10 52304
radio 10 52321
radio 10 52835
radio 10 52852
radio 10 53366
radio 10 53383
radio 10 53897
radio 10 53914
radio 10 54428
radio 10 54445
radio 10 54959
radio 10 54976
radio 10 55490
radio 10 55542
radio 10 56056
radio 10 56087
radio 10 56601
radio 10 56634
radio 10 57148
radio 10 57165
radio 10 57679
radio 10 57696
radio 10 58210
radio 10 58227
radio 10 58741
radio 10 58793
radio 10 59307
radio 10 59356
radio 10 59870
radio 10 59887
radio 10 60401
radio 10 60418
radio 10 60932
radio 10 60949
radio 10 61463
radio 10 61518
radio 10 62032
radio 10 62064
radio 10 62578
radio 10 62608
radio 10 63122
radio 10 63139
radio 10 63653
delay 2 18 10 63668 10 63153 20 18 65535 0 16 1 0
radio 10 64750
radio 10 65264
radio 10 65400
radio 11 377
radio 11 394
radio 11 907
radio 11 957
radio 11 1471
radio 11 1488
radio 11 2002
radio 11 2019
radio 11 2533
radio 11 2588
radio 11 3102
radio 11 3119
radio 11 3633
radio 11 3650
radio 11 4164
radio 11 4237
radio 11 4751
radio 11 4768
radio 11 5282
radio 11 5299
radio 11 5813
radio 11 5830
radio 11 6344
radio 11 6378
radio 11 6892
radio 11 6909
radio 11 7423
radio 11 7440
radio 11 7954
radio 11 7971
radio 11 8485
radio 11 8502
radio 11 9016
radio 11 9033
radio 11 9547
radio 11 9564
radio 11 10078
radio 11 10095
radio 11 10609
radio 11 10644
radio 11 11158
radio 11 11175
radio 11 11689
radio 11 11706
radio 11 12220
radio 11 12250
radio 11 12764
radio 11 12781
radio 11 13295
radio 11 13324
radio 11 13838
radio 11 13855
radio 11 14369
radio 11 14386
radio 11 14900
radio 11 14954
radio 11 15468
radio 11 15485
radio 11 15999
radio 11 16016
radio 11 16530
radio 11 16547
radio 11 17061
radio 11 17110
radio 11 17624
radio 11 17641
radio 11 18155
radio 11 18211
radio 11 18725
delay 3 34 11 18858 11 17983 11 18 7 0 195 0 0
radio 11 18867
radio 11 19380
radio 11 19480
radio 11 19994
radio 11 20036
radio 11 20550
radio 11 20567
radio 11 21081
radio 11 21098
radio 11 21612
radio 11 21629
radio 11 22143
radio 11 22198
radio 11 22712
radio 11 22767
radio 11 23281
radio 11 23298
radio 11 23812
radio 11 23829
radio 11 24343
radio 11 24394
radio 11 24908
radio 11 24925
radio 11 25439
radio 11 25457
radio 11 25970
radio 11 25987
radio 11 26501
radio 11 26518
radio 11 27032
radio 11 27049
radio 11 27563
radio 11 27594
radio 11 28108
radio 11 28126
radio 11 28639
radio 11 28692
radio 11 29206
radio 11 29223
radio 11 29737
radio 11 29754
radio 11 30268
radio 11 30285
radio 11 30799
radio 11 30850
radio 11 31364
radio 11 31381
radio 11 31895
radio 11 31950
radio 11 32464
radio 11 32481
radio 11 32995
radio 11 33012
radio 11 33526
radio 11 33543
radio 11 34057
radio 11 34074
radio 11 34588
radio 11 34605
radio 11 35119
radio 11 35136
radio 11 35650
radio 11 35667
radio 11 36181
radio 11 36198
radio 11 36712
radio 11 36729
radio 11 37243
radio 11 37318
radio 11 37832
radio 11 37849
energy 11 38114 8 60770
radio 11 38363
radio 11 38380
radio 11 38894
radio 11 38911
radio 11 39425
delay 4 18 11 39498 11 38983 20 18 65535 0 470 0 0
radio 11 39506
radio 11 40021
radio 11 40113
radio 11 40626
radio 11 40839
radio 11 41352
radio 11 41369
