nodeid	clock_time_h	clock_time_l	dc_time_h	dc_time_l	insert_time	motelabMoteID	milli_time	motelabSeqNo
3	0	61463	0	2656	2018-06-08 16:43:29	40003	1528447409369	1
16	0	61461	0	3966	2018-06-08 16:43:29	40016	1528447409573	2
12	0	61461	0	2748	2018-06-08 16:43:29	40012	1528447409603	3
20	0	61461	0	4056	2018-06-08 16:43:29	40020	1528447409695	4
9	0	61461	0	1098	2018-06-08 16:43:29	40009	1528447409728	5
13	0	61461	0	3841	2018-06-08 16:43:29	40013	1528447409762	6
11	0	61461	0	4079	2018-06-08 16:43:29	40011	1528447409795	7
17	0	61461	0	4154	2018-06-08 16:43:29	40017	1528447409878	8
10	0	61461	0	4456	2018-06-08 16:43:29	40010	1528447409912	9
21	0	61461	0	2611	2018-06-08 16:43:29	40021	1528447409979	10
8	0	61461	0	2685	2018-06-08 16:43:30	40008	1528447410179	11
77	0	61461	0	2708	2018-06-08 16:43:31	40077	1528447411189	12
32	0	61461	0	1075	2018-06-08 16:43:31	40032	1528447411356	13
38	0	61461	0	3233	2018-06-08 16:43:31	40038	1528447411398	14
39	0	61461	0	1085	2018-06-08 16:43:31	40039	1528447411444	15
64	0	61461	0	3497	2018-06-08 16:43:31	40064	1528447411481	16
70	0	61461	0	5162	2018-06-08 16:43:31	40070	1528447411514	17
119	0	61461	0	2436	2018-06-08 16:43:31	40119	1528447411648	18
75	0	61461	0	2680	2018-06-08 16:43:31	40075	1528447411681	19
40	0	61461	0	2783	2018-06-08 16:43:31	40040	1528447411748	20
56	0	61461	0	2561	2018-06-08 16:43:31	40056	1528447411782	21
76	0	61461	0	1178	2018-06-08 16:43:31	40076	1528447411883	22
117	0	61461	0	1406	2018-06-08 16:43:31	40117	1528447411948	23
80	0	61461	0	4817	2018-06-08 16:43:31	40080	1528447411982	24
71	0	61461	0	4217	2018-06-08 16:43:32	40071	1528447412049	25
121	0	61461	0	4721	2018-06-08 16:43:32	40121	1528447412082	26
53	0	61461	0	1143	2018-06-08 16:43:32	40053	1528447412116	27
120	0	61461	0	1324	2018-06-08 16:43:32	40120	1528447412207	28
123	0	61461	0	1466	2018-06-08 16:43:32	40123	1528447412241	29
26	0	61461	0	2343	2018-06-08 16:43:32	40026	1528447412274	30
43	0	61461	0	2864	2018-06-08 16:43:32	40043	1528447412307	31
78	0	61461	0	1083	2018-06-08 16:43:32	40078	1528447412341	32
115	0	61461	0	3578	2018-06-08 16:43:32	40115	1528447412432	33
52	0	61461	0	1177	2018-06-08 16:43:32	40052	1528447412466	34
67	0	61461	0	3312	2018-06-08 16:43:32	40067	1528447412566	35
63	0	61461	0	1163	2018-06-08 16:43:32	40063	1528447412599	36
47	0	61461	0	3027	2018-06-08 16:43:32	40047	1528447412733	37
33	0	61461	0	1561	2018-06-08 16:43:32	40033	1528447412766	38
124	0	61461	0	4953	2018-06-08 16:43:32	40124	1528447412800	39
50	0	61461	0	2679	2018-06-08 16:43:32	40050	1528447412867	40
69	0	61461	0	2696	2018-06-08 16:43:33	40069	1528447413033	41
72	0	61461	0	2469	2018-06-08 16:43:33	40072	1528447413101	42
66	0	61461	0	1283	2018-06-08 16:43:33	40066	1528447413168	43
139	0	61461	0	4878	2018-06-08 16:43:33	40139	1528447413202	44
48	0	61461	0	2579	2018-06-08 16:43:33	40048	1528447413235	45
127	0	61461	0	1675	2018-06-08 16:43:33	40127	1528447413302	46
41	0	61461	0	2845	2018-06-08 16:43:33	40041	1528447413335	47
118	0	61461	0	3443	2018-06-08 16:43:33	40118	1528447413369	48
37	0	61461	0	3706	2018-06-08 16:43:33	40037	1528447413460	49
44	0	61461	0	3209	2018-06-08 16:43:33	40044	1528447413494	50
132	0	61464	0	2791	2018-06-08 16:43:33	40132	1528447413560	51
24	0	61461	0	1216	2018-06-08 16:43:33	40024	1528447413627	52
131	0	61461	0	3495	2018-06-08 16:43:33	40131	1528447413719	53
129	0	61461	0	1320	2018-06-08 16:43:33	40129	1528447413786	54
135	0	61461	0	1266	2018-06-08 16:43:33	40135	1528447413853	55
122	0	61461	0	2991	2018-06-08 16:43:33	40122	1528447413886	56
3	1	57367	0	6298	2018-06-08 16:44:29	40003	1528447469341	57
11	1	57365	0	8737	2018-06-08 16:44:29	40011	1528447469624	58
17	1	57365	0	9215	2018-06-08 16:44:29	40017	1528447469658	59
9	1	57365	0	2193	2018-06-08 16:44:29	40009	1528447469716	60
21	1	57365	0	5128	2018-06-08 16:44:29	40021	1528447469917	61
13	1	57365	0	8968	2018-06-08 16:44:29	40013	1528447469983	62
10	1	57365	0	9950	2018-06-08 16:44:30	40010	1528447470185	63
12	1	57365	0	5669	2018-06-08 16:44:30	40012	1528447470477	64
20	1	57365	0	7737	2018-06-08 16:44:30	40020	1528447470869	65
16	1	57365	0	7442	2018-06-08 16:44:31	40016	1528447471019	66
119	1	57365	0	5071	2018-06-08 16:44:31	40119	1528447471119	67
118	1	57365	0	6513	2018-06-08 16:44:31	40118	1528447471186	68
75	1	57365	0	5601	2018-06-08 16:44:31	40075	1528447471286	69
32	1	57365	0	2143	2018-06-08 16:44:31	40032	1528447471353	70
80	1	57365	0	9570	2018-06-08 16:44:31	40080	1528447471487	71
47	1	57365	0	7155	2018-06-08 16:44:31	40047	1528447471620	72
124	1	57365	0	9607	2018-06-08 16:44:31	40124	1528447471787	73
121	1	57365	0	8888	2018-06-08 16:44:31	40121	1528447471821	74
76	1	57365	0	2316	2018-06-08 16:44:31	40076	1528447471854	75
122	1	57365	0	7486	2018-06-08 16:44:31	40122	1528447471888	76
139	1	57365	0	8648	2018-06-08 16:44:31	40139	1528447471988	77
8	1	57365	0	6537	2018-06-08 16:44:32	40008	1528447472079	78
117	1	57365	0	2845	2018-06-08 16:44:32	40117	1528447472180	79
63	1	57365	0	2614	2018-06-08 16:44:32	40063	1528447472213	80
24	1	57365	0	2377	2018-06-08 16:44:32	40024	1528447472280	81
115	1	57365	0	6579	2018-06-08 16:44:32	40115	1528447472347	82
127	1	57365	0	4047	2018-06-08 16:44:32	40127	1528447472413	83
69	1	57365	0	5454	2018-06-08 16:44:32	40069	1528447472480	84
132	1	57365	0	5957	2018-06-08 16:44:32	40132	1528447472580	85
129	1	57365	0	2596	2018-06-08 16:44:32	40129	1528447472647	86
37	1	57365	0	8025	2018-06-08 16:44:32	40037	1528447472714	87
131	1	57365	0	6811	2018-06-08 16:44:32	40131	1528447472747	88
39	1	57365	0	2169	2018-06-08 16:44:32	40039	1528447472781	89
71	1	57368	0	8220	2018-06-08 16:44:32	40071	1528447472850	90
135	1	57365	0	3490	2018-06-08 16:44:32	40135	1528447472881	91
66	1	57365	0	2572	2018-06-08 16:44:33	40066	1528447473081	92
77	1	57365	0	6052	2018-06-08 16:44:33	40077	1528447473248	93
120	1	57365	0	2913	2018-06-08 16:44:33	40120	1528447473373	94
70	1	57365	0	10113	2018-06-08 16:44:33	40070	1528447473473	95
38	1	57365	0	7081	2018-06-08 16:44:33	40038	1528447473540	96
43	1	57365	0	6224	2018-06-08 16:44:33	40043	1528447473907	97
78	1	57365	0	2159	2018-06-08 16:44:34	40078	1528447474041	98
67	1	57365	0	6842	2018-06-08 16:44:34	40067	1528447474074	99
50	1	57365	0	6516	2018-06-08 16:44:34	40050	1528447474408	100
26	1	57365	0	5607	2018-06-08 16:44:34	40026	1528447474508	101
56	1	57365	0	6557	2018-06-08 16:44:34	40056	1528447474544	102
40	1	57365	0	6680	2018-06-08 16:44:34	40040	1528447474725	103
72	1	57365	0	4958	2018-06-08 16:44:34	40072	1528447474817	104
123	1	57365	0	3289	2018-06-08 16:44:34	40123	1528447474851	105
52	1	57365	0	2395	2018-06-08 16:44:34	40052	1528447474917	106
44	1	57365	0	7677	2018-06-08 16:44:34	40044	1528447474984	107
64	1	57365	0	7860	2018-06-08 16:44:35	40064	1528447475118	108
48	1	57365	0	5061	2018-06-08 16:44:35	40048	1528447475151	109
53	1	57365	0	2289	2018-06-08 16:44:35	40053	1528447475186	110
41	1	57365	0	6832	2018-06-08 16:44:35	40041	1528447475227	111
33	1	57365	0	3216	2018-06-08 16:44:35	40033	1528447475386	112
3	2	53271	0	9639	2018-06-08 16:45:29	40003	1528447529357	113
16	2	53269	0	11039	2018-06-08 16:45:29	40016	1528447529582	114
17	2	53269	0	14374	2018-06-08 16:45:29	40017	1528447529649	115
9	2	53269	0	3294	2018-06-08 16:45:29	40009	1528447529683	116
10	2	53269	0	15249	2018-06-08 16:45:29	40010	1528447529716	117
21	2	53269	0	7928	2018-06-08 16:45:29	40021	1528447529783	118
11	2	53269	0	13457	2018-06-08 16:45:29	40011	1528447529816	119
13	2	53269	0	13666	2018-06-08 16:45:29	40013	1528447529900	120
8	2	53269	0	9879	2018-06-08 16:45:30	40008	1528447530634	121
115	2	53269	0	8853	2018-06-08 16:45:30	40115	1528447530976	122
78	2	53269	0	3273	2018-06-08 16:45:31	40078	1528447531311	123
75	2	53269	0	8137	2018-06-08 16:45:31	40075	1528447531411	124
72	2	53269	0	7414	2018-06-08 16:45:31	40072	1528447531445	125
118	2	53269	0	9554	2018-06-08 16:45:31	40118	1528447531545	126
120	2	53269	0	4613	2018-06-08 16:45:31	40120	1528447531578	127
77	2	53269	0	9336	2018-06-08 16:45:31	40077	1528447531612	128
71	2	53269	0	11935	2018-06-08 16:45:31	40071	1528447531645	129
43	2	53269	0	10278	2018-06-08 16:45:31	40043	1528447531779	130
117	2	53269	0	4403	2018-06-08 16:45:31	40117	1528447531812	131
122	2	53277	0	10062	2018-06-08 16:45:32	40122	1528447532138	132
76	2	53269	0	3461	2018-06-08 16:45:32	40076	1528447532271	133
39	2	53269	0	3374	2018-06-08 16:45:32	40039	1528447532405	134
52	2	53269	0	3701	2018-06-08 16:45:32	40052	1528447532438	135
64	2	53269	0	10947	2018-06-08 16:45:32	40064	1528447532572	136
124	2	53269	0	13682	2018-06-08 16:45:32	40124	1528447532672	137
67	2	53269	0	9229	2018-06-08 16:45:32	40067	1528447532739	138
38	2	53269	0	11264	2018-06-08 16:45:32	40038	1528447532839	139
37	2	53269	0	12033	2018-06-08 16:45:32	40037	1528447532906	140
53	2	53272	0	3378	2018-06-08 16:45:33	40053	1528447533106	141
66	2	53269	0	3815	2018-06-08 16:45:33	40066	1528447533198	142
47	2	53269	0	10652	2018-06-08 16:45:33	40047	1528447533298	143
119	2	53269	0	7511	2018-06-08 16:45:33	40119	1528447533456	144
56	2	53269	0	10215	2018-06-08 16:45:33	40056	1528447533590	145
20	2	53269	0	11296	2018-06-08 16:45:33	40020	1528447533690	146
26	2	53269	0	9000	2018-06-08 16:45:34	40026	1528447534057	147
32	2	53269	0	3207	2018-06-08 16:45:34	40032	1528447534316	148
132	2	53269	0	8877	2018-06-08 16:45:34	40132	1528447534592	149
70	2	53269	0	15548	2018-06-08 16:45:34	40070	1528447534658	150
12	2	53269	0	8412	2018-06-08 16:45:34	40012	1528447534783	151
135	2	53269	0	5055	2018-06-08 16:45:34	40135	1528447534825	152
139	2	53269	0	12711	2018-06-08 16:45:35	40139	1528447535076	153
80	2	53269	0	14968	2018-06-08 16:45:35	40080	1528447535109	154
41	2	53269	0	10230	2018-06-08 16:45:35	40041	1528447535243	155
63	2	53269	0	4050	2018-06-08 16:45:35	40063	1528447535411	156
33	2	53269	0	4665	2018-06-08 16:45:35	40033	1528447535476	157
24	2	53269	0	3865	2018-06-08 16:45:35	40024	1528447535543	158
50	2	53269	0	9838	2018-06-08 16:45:35	40050	1528447535643	159
48	2	53269	0	7624	2018-06-08 16:45:35	40048	1528447535743	160
40	2	53269	0	10047	2018-06-08 16:45:36	40040	1528447536044	161
121	2	53269	0	12970	2018-06-08 16:45:36	40121	1528447536379	162
44	2	53269	0	11752	2018-06-08 16:45:36	40044	1528447536512	163
127	2	53269	0	5588	2018-06-08 16:45:37	40127	1528447537072	164
69	2	53269	0	8090	2018-06-08 16:45:37	40069	1528447537138	165
123	2	53269	0	4628	2018-06-08 16:45:37	40123	1528447537197	166
131	2	53269	0	9633	2018-06-08 16:45:37	40131	1528447537664	167
129	2	53269	0	3834	2018-06-08 16:45:37	40129	1528447537731	168
3	3	49175	0	13424	2018-06-08 16:46:29	40003	1528447589367	169
12	3	49173	0	11042	2018-06-08 16:46:29	40012	1528447589583	170
17	3	49173	0	19085	2018-06-08 16:46:29	40017	1528447589650	171
20	3	49173	0	15415	2018-06-08 16:46:29	40020	1528447589684	172
11	3	49173	0	18625	2018-06-08 16:46:29	40011	1528447589717	173
16	3	49173	0	15089	2018-06-08 16:46:29	40016	1528447589750	174
21	3	49173	0	10810	2018-06-08 16:46:29	40021	1528447589784	175
10	3	49173	0	19974	2018-06-08 16:46:29	40010	1528447589817	176
13	3	49173	0	17899	2018-06-08 16:46:29	40013	1528447589917	177
8	3	49173	0	12721	2018-06-08 16:46:30	40008	1528447590051	178
9	3	49173	0	4375	2018-06-08 16:46:30	40009	1528447590118	179
123	3	49173	0	6510	2018-06-08 16:46:30	40123	1528447590970	180
118	3	49173	0	11945	2018-06-08 16:46:31	40118	1528447591104	181
78	3	49173	0	4365	2018-06-08 16:46:31	40078	1528447591204	182
67	3	49173	0	12523	2018-06-08 16:46:31	40067	1528447591237	183
33	3	49173	0	6362	2018-06-08 16:46:31	40033	1528447591304	184
37	3	49173	0	16304	2018-06-08 16:46:31	40037	1528447591371	185
77	3	49173	0	12358	2018-06-08 16:46:31	40077	1528447591480	186
80	3	49173	0	19608	2018-06-08 16:46:31	40080	1528447591521	187
39	3	49173	0	4539	2018-06-08 16:46:31	40039	1528447591605	188
69	3	49173	0	11158	2018-06-08 16:46:31	40069	1528447591647	189
70	3	49173	0	21959	2018-06-08 16:46:31	40070	1528447591688	190
76	3	49173	0	4639	2018-06-08 16:46:31	40076	1528447591797	191
121	3	49173	0	16765	2018-06-08 16:46:31	40121	1528447591838	192
135	3	49173	0	6896	2018-06-08 16:46:31	40135	1528447591922	193
40	3	49173	0	12946	2018-06-08 16:46:31	40040	1528447591988	194
129	3	49173	0	5204	2018-06-08 16:46:32	40129	1528447592030	195
131	3	49173	0	14623	2018-06-08 16:46:32	40131	1528447592072	196
47	3	49173	0	13586	2018-06-08 16:46:32	40047	1528447592155	197
75	3	49173	0	12046	2018-06-08 16:46:32	40075	1528447592197	198
115	3	49173	0	11856	2018-06-08 16:46:32	40115	1528447592281	199
38	3	49173	0	15045	2018-06-08 16:46:32	40038	1528447592356	200
71	3	49173	0	15726	2018-06-08 16:46:32	40071	1528447592389	201
56	3	49173	0	13713	2018-06-08 16:46:32	40056	1528447592422	202
120	3	49173	0	6261	2018-06-08 16:46:32	40120	1528447592456	203
117	3	49173	0	5835	2018-06-08 16:46:32	40117	1528447592523	204
132	3	49173	0	13709	2018-06-08 16:46:32	40132	1528447592623	205
72	3	49173	0	9893	2018-06-08 16:46:32	40072	1528447592656	206
52	3	49173	0	4945	2018-06-08 16:46:32	40052	1528447592690	207
139	3	49173	0	17474	2018-06-08 16:46:32	40139	1528447592723	208
26	3	49173	0	11750	2018-06-08 16:46:32	40026	1528447592823	209
44	3	49173	0	15375	2018-06-08 16:46:32	40044	1528447592856	210
66	3	49173	0	4983	2018-06-08 16:46:32	40066	1528447592923	211
127	3	49178	0	7674	2018-06-08 16:46:32	40127	1528447592957	212
124	3	49173	0	19154	2018-06-08 16:46:33	40124	1528447593090	213
24	3	49173	0	5178	2018-06-08 16:46:33	40024	1528447593124	214
50	3	49173	0	12767	2018-06-08 16:46:33	40050	1528447593157	215
48	3	49174	0	10135	2018-06-08 16:46:33	40048	1528447593190	216
43	3	49173	0	13058	2018-06-08 16:46:33	40043	1528447593257	217
63	3	49173	0	5232	2018-06-08 16:46:33	40063	1528447593324	218
53	3	49173	0	4459	2018-06-08 16:46:33	40053	1528447593357	219
119	3	49173	0	9973	2018-06-08 16:46:33	40119	1528447593391	220
64	3	49173	0	13979	2018-06-08 16:46:33	40064	1528447593457	221
32	3	49173	0	4282	2018-06-08 16:46:33	40032	1528447593491	222
122	3	49173	0	11733	2018-06-08 16:46:33	40122	1528447593524	223
41	3	49173	0	13025	2018-06-08 16:46:33	40041	1528447593558	224
3	4	45086	0	17578	2018-06-08 16:47:29	40003	1528447649360	225
16	4	45077	0	18200	2018-06-08 16:47:29	40016	1528447649569	226
20	4	45077	0	18387	2018-06-08 16:47:29	40020	1528447649652	227
13	4	45077	0	22828	2018-06-08 16:47:29	40013	1528447649735	228
8	4	45077	0	16688	2018-06-08 16:47:29	40008	1528447649777	229
11	4	45077	0	22168	2018-06-08 16:47:30	40011	1528447650112	230
17	4	45077	0	23700	2018-06-08 16:47:30	40017	1528447650580	231
77	4	45077	0	16956	2018-06-08 16:47:30	40077	1528447650780	232
21	4	45077	0	13632	2018-06-08 16:47:30	40021	1528447650813	233
10	4	45077	0	25584	2018-06-08 16:47:30	40010	1528447650847	234
119	4	45077	0	12456	2018-06-08 16:47:31	40119	1528447651147	235
78	4	45077	0	5458	2018-06-08 16:47:31	40078	1528447651214	236
71	4	45077	0	19904	2018-06-08 16:47:31	40071	1528447651248	237
24	4	45077	0	6462	2018-06-08 16:47:31	40024	1528447651281	238
33	4	45077	0	8069	2018-06-08 16:47:31	40033	1528447651314	239
39	4	45077	0	5722	2018-06-08 16:47:31	40039	1528447651348	240
80	4	45077	0	24841	2018-06-08 16:47:31	40080	1528447651481	241
70	4	45077	0	26456	2018-06-08 16:47:31	40070	1528447651515	242
69	4	45077	0	14143	2018-06-08 16:47:31	40069	1528447651548	243
117	4	45077	0	7358	2018-06-08 16:47:31	40117	1528447651807	244
132	4	45077	0	18539	2018-06-08 16:47:31	40132	1528447651899	245
52	4	45077	0	6357	2018-06-08 16:47:31	40052	1528447651965	246
76	4	45077	0	5838	2018-06-08 16:47:31	40076	1528447651999	247
124	4	45077	0	25813	2018-06-08 16:47:32	40124	1528447652032	248
43	4	45077	0	17592	2018-06-08 16:47:32	40043	1528447652166	249
123	4	45077	0	8585	2018-06-08 16:47:32	40123	1528447652266	250
121	4	45077	0	22034	2018-06-08 16:47:32	40121	1528447652399	251
115	4	45077	0	15893	2018-06-08 16:47:32	40115	1528447652433	252
75	4	45077	0	14746	2018-06-08 16:47:32	40075	1528447652466	253
50	4	45077	0	17162	2018-06-08 16:47:32	40050	1528447652500	254
135	4	45077	0	9052	2018-06-08 16:47:32	40135	1528447652633	255
118	4	45077	0	16073	2018-06-08 16:47:32	40118	1528447652666	256
9	4	45077	0	5635	2018-06-08 16:47:32	40009	1528447652733	257
122	4	45077	0	14665	2018-06-08 16:47:32	40122	1528447652834	258
41	4	45077	0	17563	2018-06-08 16:47:32	40041	1528447652925	259
63	4	45077	0	6591	2018-06-08 16:47:32	40063	1528447652992	260
120	4	45078	0	7810	2018-06-08 16:47:33	40120	1528447653025	261
47	4	45077	0	18297	2018-06-08 16:47:33	40047	1528447653117	262
139	4	45077	0	22834	2018-06-08 16:47:33	40139	1528447653251	263
67	4	45077	0	15774	2018-06-08 16:47:33	40067	1528447653284	264
129	4	45077	0	6731	2018-06-08 16:47:33	40129	1528447653351	265
56	4	45077	0	17925	2018-06-08 16:47:33	40056	1528447653418	266
66	4	45077	0	6502	2018-06-08 16:47:33	40066	1528447653485	267
53	4	45077	0	5574	2018-06-08 16:47:33	40053	1528447653601	268
72	4	45077	0	12550	2018-06-08 16:47:33	40072	1528447653685	269
32	4	45077	0	5355	2018-06-08 16:47:33	40032	1528447653726	270
127	4	45077	0	10062	2018-06-08 16:47:33	40127	1528447653810	271
64	4	45077	0	18304	2018-06-08 16:47:33	40064	1528447653893	272
44	4	45077	0	20264	2018-06-08 16:47:33	40044	1528447653977	273
37	4	45077	0	20814	2018-06-08 16:47:34	40037	1528447654060	274
12	4	45077	0	13719	2018-06-08 16:47:34	40012	1528447654527	275
40	4	45077	0	17453	2018-06-08 16:47:34	40040	1528447654561	276
48	4	45077	0	12866	2018-06-08 16:47:34	40048	1528447654627	277
38	4	45077	0	19910	2018-06-08 16:47:34	40038	1528447654661	278
26	4	45077	0	15687	2018-06-08 16:47:34	40026	1528447654694	279
131	4	45077	0	18795	2018-06-08 16:47:34	40131	1528447654828	280
3	5	40983	0	21372	2018-06-08 16:48:29	40003	1528447709476	281
16	5	40981	0	23432	2018-06-08 16:48:29	40016	1528447709567	282
12	5	40981	0	16208	2018-06-08 16:48:29	40012	1528447709601	283
17	5	40981	0	28208	2018-06-08 16:48:29	40017	1528447709634	284
20	5	40981	0	23649	2018-06-08 16:48:29	40020	1528447709701	285
13	5	40981	0	27561	2018-06-08 16:48:29	40013	1528447709735	286
21	5	40981	0	16372	2018-06-08 16:48:29	40021	1528447709768	287
8	5	40981	0	19496	2018-06-08 16:48:29	40008	1528447709801	288
10	5	40981	0	30566	2018-06-08 16:48:29	40010	1528447709835	289
11	5	40981	0	29290	2018-06-08 16:48:29	40011	1528447709868	290
67	5	40981	0	19083	2018-06-08 16:48:30	40067	1528447710820	291
120	5	40981	0	9266	2018-06-08 16:48:30	40120	1528447710953	292
118	5	40981	0	19504	2018-06-08 16:48:31	40118	1528447711088	293
71	5	40981	0	22507	2018-06-08 16:48:31	40071	1528447711255	294
77	5	40981	0	20899	2018-06-08 16:48:31	40077	1528447711289	295
76	5	40981	0	7003	2018-06-08 16:48:31	40076	1528447711422	296
9	5	40981	0	6816	2018-06-08 16:48:31	40009	1528447711514	297
32	5	40981	0	6431	2018-06-08 16:48:31	40032	1528447711739	298
132	5	40981	0	21340	2018-06-08 16:48:31	40132	1528447711773	299
26	5	40981	0	19649	2018-06-08 16:48:31	40026	1528447711840	300
56	5	40981	0	22696	2018-06-08 16:48:32	40056	1528447712040	301
37	5	40981	0	25129	2018-06-08 16:48:32	40037	1528447712207	302
40	5	40981	0	21243	2018-06-08 16:48:32	40040	1528447712499	303
52	5	40981	0	7771	2018-06-08 16:48:32	40052	1528447712584	304
43	5	40981	0	21447	2018-06-08 16:48:32	40043	1528447712624	305
80	5	40981	0	29741	2018-06-08 16:48:32	40080	1528447712816	306
78	5	40981	0	6538	2018-06-08 16:48:32	40078	1528447712925	307
69	5	40981	0	16642	2018-06-08 16:48:33	40069	1528447713024	308
124	5	40981	0	28978	2018-06-08 16:48:33	40124	1528447713091	309
115	5	40981	0	18767	2018-06-08 16:48:33	40115	1528447713158	310
63	5	40981	0	8045	2018-06-08 16:48:33	40063	1528447713225	311
70	5	40981	0	31442	2018-06-08 16:48:33	40070	1528447713258	312
50	5	40981	0	21024	2018-06-08 16:48:33	40050	1528447713325	313
121	5	40981	0	26994	2018-06-08 16:48:33	40121	1528447713358	314
129	5	40981	0	8075	2018-06-08 16:48:33	40129	1528447713392	315
44	5	40981	0	24805	2018-06-08 16:48:33	40044	1528447713559	316
48	5	40981	0	15145	2018-06-08 16:48:33	40048	1528447713625	317
38	5	40981	0	24686	2018-06-08 16:48:33	40038	1528447713692	318
75	5	40981	0	17295	2018-06-08 16:48:33	40075	1528447713792	319
123	5	40981	0	10282	2018-06-08 16:48:33	40123	1528447713826	320
127	5	40981	0	12240	2018-06-08 16:48:33	40127	1528447713859	321
41	5	40981	0	21424	2018-06-08 16:48:33	40041	1528447713926	322
119	5	40981	0	14962	2018-06-08 16:48:33	40119	1528447713993	323
39	5	40981	0	6808	2018-06-08 16:48:34	40039	1528447714059	324
47	5	40981	0	22334	2018-06-08 16:48:34	40047	1528447714093	325
135	5	40981	0	10941	2018-06-08 16:48:34	40135	1528447714160	326
122	5	40981	0	15860	2018-06-08 16:48:34	40122	1528447714251	327
131	5	40981	0	22272	2018-06-08 16:48:34	40131	1528447714318	328
72	5	40981	0	15164	2018-06-08 16:48:34	40072	1528447714352	329
33	5	40981	0	9647	2018-06-08 16:48:34	40033	1528447714385	330
66	5	40981	0	7788	2018-06-08 16:48:34	40066	1528447714418	331
139	5	40981	0	25401	2018-06-08 16:48:34	40139	1528447714454	332
53	5	40989	0	6697	2018-06-08 16:48:34	40053	1528447714485	333
24	5	40981	0	7745	2018-06-08 16:48:34	40024	1528447714552	334
117	5	40981	0	8671	2018-06-08 16:48:34	40117	1528447714585	335
64	5	40981	0	21869	2018-06-08 16:48:34	40064	1528447714619	336
3	6	36887	0	25391	2018-06-08 16:49:29	40003	1528447769372	337
16	6	36885	0	27514	2018-06-08 16:49:29	40016	1528447769564	338
11	6	36885	0	33546	2018-06-08 16:49:29	40011	1528447769632	339
20	6	36885	0	27880	2018-06-08 16:49:29	40020	1528447769665	340
13	6	36885	0	31879	2018-06-08 16:49:29	40013	1528447769732	341
8	6	36885	0	22845	2018-06-08 16:49:29	40008	1528447769765	342
17	6	36887	0	32917	2018-06-08 16:49:29	40017	1528447769932	343
9	6	36885	0	8021	2018-06-08 16:49:29	40009	1528447769966	344
10	6	36885	0	35319	2018-06-08 16:49:30	40010	1528447770032	345
21	6	36885	0	19150	2018-06-08 16:49:30	40021	1528447770224	346
12	6	36885	0	19499	2018-06-08 16:49:30	40012	1528447770516	347
77	6	36885	0	24173	2018-06-08 16:49:30	40077	1528447770817	348
67	6	36885	0	22414	2018-06-08 16:49:30	40067	1528447770850	349
120	6	36885	0	10797	2018-06-08 16:49:30	40120	1528447770984	350
118	6	36885	0	23032	2018-06-08 16:49:31	40118	1528447771084	351
123	6	36885	0	11791	2018-06-08 16:49:31	40123	1528447771218	352
71	6	36885	0	25019	2018-06-08 16:49:31	40071	1528447771251	353
24	6	36885	0	8954	2018-06-08 16:49:31	40024	1528447771284	354
39	6	36885	0	7896	2018-06-08 16:49:31	40039	1528447771410	355
75	6	36885	0	19792	2018-06-08 16:49:31	40075	1528447771443	356
115	6	36885	0	22960	2018-06-08 16:49:31	40115	1528447771735	357
43	6	36885	0	24565	2018-06-08 16:49:31	40043	1528447771768	358
129	6	36885	0	9444	2018-06-08 16:49:31	40129	1528447771835	359
64	6	36885	0	25341	2018-06-08 16:49:31	40064	1528447771902	360
135	6	36885	0	13100	2018-06-08 16:49:31	40135	1528447771935	361
48	6	36885	0	17788	2018-06-08 16:49:31	40048	1528447771969	362
32	6	36885	0	7505	2018-06-08 16:49:32	40032	1528447772002	363
47	6	36885	0	25757	2018-06-08 16:49:32	40047	1528447772036	364
119	6	36885	0	17364	2018-06-08 16:49:32	40119	1528447772102	365
41	6	36885	0	24279	2018-06-08 16:49:32	40041	1528447772236	366
78	6	36885	0	7617	2018-06-08 16:49:32	40078	1528447772269	367
121	6	36885	0	31958	2018-06-08 16:49:32	40121	1528447772303	368
139	6	36885	0	29758	2018-06-08 16:49:32	40139	1528447772369	369
80	6	36885	0	34514	2018-06-08 16:49:32	40080	1528447772471	370
52	6	36885	0	9092	2018-06-08 16:49:32	40052	1528447772645	371
50	6	36885	0	23710	2018-06-08 16:49:32	40050	1528447772687	372
26	6	36887	0	22377	2018-06-08 16:49:32	40026	1528447772920	373
127	6	36885	0	14323	2018-06-08 16:49:32	40127	1528447772962	374
124	6	36885	0	33500	2018-06-08 16:49:33	40124	1528447773004	375
122	6	36885	0	17525	2018-06-08 16:49:33	40122	1528447773045	376
132	6	36885	0	25762	2018-06-08 16:49:33	40132	1528447773087	377
56	6	36885	0	25663	2018-06-08 16:49:33	40056	1528447773212	378
76	6	36885	0	8208	2018-06-08 16:49:33	40076	1528447773296	379
70	6	36885	0	36415	2018-06-08 16:49:33	40070	1528447773462	380
66	6	36885	0	8969	2018-06-08 16:49:33	40066	1528447773529	381
117	6	36885	0	10132	2018-06-08 16:49:33	40117	1528447773563	382
63	6	36885	0	9287	2018-06-08 16:49:33	40063	1528447773797	383
131	6	36885	0	25821	2018-06-08 16:49:33	40131	1528447773930	384
37	6	36885	0	28537	2018-06-08 16:49:33	40037	1528447773997	385
44	6	36885	0	27699	2018-06-08 16:49:34	40044	1528447774164	386
38	6	36885	0	27836	2018-06-08 16:49:34	40038	1528447774230	387
53	6	36885	0	7894	2018-06-08 16:49:34	40053	1528447774331	388
33	6	36885	0	11184	2018-06-08 16:49:34	40033	1528447774397	389
69	6	36885	0	19301	2018-06-08 16:49:34	40069	1528447774466	390
72	6	36885	0	17682	2018-06-08 16:49:34	40072	1528447774564	391
40	6	36885	0	24055	2018-06-08 16:49:34	40040	1528447774598	392
3	7	32791	0	28911	2018-06-08 16:50:29	40003	1528447829329	393
16	7	32789	0	31570	2018-06-08 16:50:29	40016	1528447829564	394
12	7	32789	0	22270	2018-06-08 16:50:29	40012	1528447829596	395
9	7	32789	0	9138	2018-06-08 16:50:29	40009	1528447829696	396
13	7	32789	0	36625	2018-06-08 16:50:29	40013	1528447829730	397
17	7	32789	0	37770	2018-06-08 16:50:29	40017	1528447829763	398
20	7	32789	0	31949	2018-06-08 16:50:29	40020	1528447829797	399
11	7	32789	0	37838	2018-06-08 16:50:29	40011	1528447829830	400
10	7	32789	0	40245	2018-06-08 16:50:29	40010	1528447829863	401
8	7	32789	0	26823	2018-06-08 16:50:29	40008	1528447829897	402
21	7	32789	0	21726	2018-06-08 16:50:30	40021	1528447830055	403
77	7	32789	0	27423	2018-06-08 16:50:30	40077	1528447830816	404
123	7	32789	0	13616	2018-06-08 16:50:31	40123	1528447831075	405
78	7	32789	0	8712	2018-06-08 16:50:31	40078	1528447831267	406
66	7	32789	0	10617	2018-06-08 16:50:31	40066	1528447831308	407
67	7	32789	0	27031	2018-06-08 16:50:31	40067	1528447831350	408
69	7	32789	0	22030	2018-06-08 16:50:31	40069	1528447831459	409
33	7	32789	0	12798	2018-06-08 16:50:31	40033	1528447831501	410
115	7	32789	0	26659	2018-06-08 16:50:31	40115	1528447831542	411
32	7	32789	0	8580	2018-06-08 16:50:31	40032	1528447831584	412
26	7	32789	0	25932	2018-06-08 16:50:31	40026	1528447831626	413
24	7	32789	0	10178	2018-06-08 16:50:31	40024	1528447831709	414
56	7	32789	0	29235	2018-06-08 16:50:31	40056	1528447831751	415
121	7	32789	0	36786	2018-06-08 16:50:31	40121	1528447831793	416
72	7	32789	0	20071	2018-06-08 16:50:31	40072	1528447831834	417
122	7	32789	0	20261	2018-06-08 16:50:31	40122	1528447831876	418
129	7	32789	0	10795	2018-06-08 16:50:31	40129	1528447831943	419
118	7	32789	0	26473	2018-06-08 16:50:31	40118	1528447831978	420
132	7	32789	0	29762	2018-06-08 16:50:32	40132	1528447832010	421
41	7	32789	0	28293	2018-06-08 16:50:32	40041	1528447832076	422
52	7	32789	0	10294	2018-06-08 16:50:32	40052	1528447832110	423
127	7	32789	0	16234	2018-06-08 16:50:32	40127	1528447832143	424
48	7	32789	0	20316	2018-06-08 16:50:32	40048	1528447832177	425
40	7	32789	0	27486	2018-06-08 16:50:32	40040	1528447832277	426
119	7	32789	0	19866	2018-06-08 16:50:32	40119	1528447832310	427
53	7	32789	0	8977	2018-06-08 16:50:32	40053	1528447832377	428
38	7	32789	0	32090	2018-06-08 16:50:32	40038	1528447832410	429
71	7	32789	0	28188	2018-06-08 16:50:32	40071	1528447832702	430
80	7	32789	0	39138	2018-06-08 16:50:32	40080	1528447832836	431
131	7	32789	0	31499	2018-06-08 16:50:32	40131	1528447832869	432
117	7	32789	0	11649	2018-06-08 16:50:33	40117	1528447833036	433
63	7	32789	0	10560	2018-06-08 16:50:33	40063	1528447833070	434
50	7	32789	0	27049	2018-06-08 16:50:33	40050	1528447833170	435
47	7	32789	0	29924	2018-06-08 16:50:33	40047	1528447833203	436
37	7	32789	0	33489	2018-06-08 16:50:33	40037	1528447833337	437
64	7	32789	0	29333	2018-06-08 16:50:33	40064	1528447833955	438
139	7	32789	0	33759	2018-06-08 16:50:34	40139	1528447834188	439
124	7	32789	0	41053	2018-06-08 16:50:34	40124	1528447834255	440
75	7	32789	0	22598	2018-06-08 16:50:34	40075	1528447834689	441
76	7	32789	0	9346	2018-06-08 16:50:34	40076	1528447834822	442
120	7	32789	0	12534	2018-06-08 16:50:35	40120	1528447835240	443
43	7	32789	0	28468	2018-06-08 16:50:35	40043	1528447835307	444
39	7	32789	0	9057	2018-06-08 16:50:35	40039	1528447835440	445
70	7	33778	0	40958	2018-06-08 16:50:35	40070	1528447835574	446
44	7	32789	0	31421	2018-06-08 16:50:35	40044	1528447835650	447
135	7	32789	0	14859	2018-06-08 16:50:36	40135	1528447836151	448
3	8	28695	0	32750	2018-06-08 16:51:29	40003	1528447889363	449
16	8	28693	0	35142	2018-06-08 16:51:29	40016	1528447889561	450
12	8	28693	0	25081	2018-06-08 16:51:29	40012	1528447889621	451
11	8	28693	0	42007	2018-06-08 16:51:29	40011	1528447889655	452
17	8	28693	0	42419	2018-06-08 16:51:29	40017	1528447889721	453
20	8	28693	0	35405	2018-06-08 16:51:29	40020	1528447889755	454
21	8	28695	0	24591	2018-06-08 16:51:29	40021	1528447889822	455
13	8	28693	0	41146	2018-06-08 16:51:29	40013	1528447889863	456
8	8	28693	0	30131	2018-06-08 16:51:29	40008	1528447889905	457
10	8	28693	0	45034	2018-06-08 16:51:30	40010	1528447890222	458
9	8	28693	0	10381	2018-06-08 16:51:30	40009	1528447890431	459
77	8	28693	0	30125	2018-06-08 16:51:30	40077	1528447890958	460
119	8	28693	0	22315	2018-06-08 16:51:31	40119	1528447891125	461
39	8	28693	0	10126	2018-06-08 16:51:31	40039	1528447891316	462
32	8	28696	0	9654	2018-06-08 16:51:31	40032	1528447891350	463
120	8	28693	0	14190	2018-06-08 16:51:31	40120	1528447891450	464
72	8	28693	0	22475	2018-06-08 16:51:31	40072	1528447891517	465
63	8	28693	0	11821	2018-06-08 16:51:31	40063	1528447891550	466
24	8	28693	0	11421	2018-06-08 16:51:31	40024	1528447891650	467
41	8	28693	0	31108	2018-06-08 16:51:31	40041	1528447891751	468
139	8	28693	0	38367	2018-06-08 16:51:31	40139	1528447891784	469
52	8	28693	0	11583	2018-06-08 16:51:31	40052	1528447891918	470
38	8	28693	0	35408	2018-06-08 16:51:32	40038	1528447892018	471
37	8	28693	0	36568	2018-06-08 16:51:32	40037	1528447892051	472
33	8	28693	0	14474	2018-06-08 16:51:32	40033	1528447892118	473
40	8	28693	0	30301	2018-06-08 16:51:32	40040	1528447892251	474
115	8	28693	0	29720	2018-06-08 16:51:32	40115	1528447892410	475
48	8	28693	0	22753	2018-06-08 16:51:32	40048	1528447892443	476
71	8	28693	0	31204	2018-06-08 16:51:32	40071	1528447892671	477
135	8	28693	0	16615	2018-06-08 16:51:32	40135	1528447892869	478
123	8	28693	0	15221	2018-06-08 16:51:32	40123	1528447892969	479
56	8	28693	0	32306	2018-06-08 16:51:33	40056	1528447893136	480
121	8	28693	0	40955	2018-06-08 16:51:33	40121	1528447893303	481
47	8	28693	0	33332	2018-06-08 16:51:33	40047	1528447893336	482
122	8	28693	0	22292	2018-06-08 16:51:33	40122	1528447893437	483
67	8	28693	0	29771	2018-06-08 16:51:33	40067	1528447893470	484
76	8	28693	0	10449	2018-06-08 16:51:33	40076	1528447893503	485
64	8	28693	0	32106	2018-06-08 16:51:33	40064	1528447893570	486
131	8	28693	0	34881	2018-06-08 16:51:33	40131	1528447893695	487
80	8	28693	0	43797	2018-06-08 16:51:33	40080	1528447893796	488
78	8	28693	0	9774	2018-06-08 16:51:34	40078	1528447894021	489
75	8	28693	0	25105	2018-06-08 16:51:34	40075	1528447894054	490
26	8	28693	0	29187	2018-06-08 16:51:34	40026	1528447894155	491
129	8	28693	0	12162	2018-06-08 16:51:34	40129	1528447894305	492
50	8	28693	0	29750	2018-06-08 16:51:34	40050	1528447894388	493
124	8	28693	0	46759	2018-06-08 16:51:34	40124	1528447894513	494
127	8	28698	0	18336	2018-06-08 16:51:34	40127	1528447894555	495
44	8	28693	0	34871	2018-06-08 16:51:34	40044	1528447894638	496
70	8	28693	0	48941	2018-06-08 16:51:35	40070	1528447895231	497
53	8	28693	0	10180	2018-06-08 16:51:35	40053	1528447895498	498
43	8	28693	0	31945	2018-06-08 16:51:35	40043	1528447895899	499
117	8	28693	0	13284	2018-06-08 16:51:36	40117	1528447896167	500
69	8	28693	0	24612	2018-06-08 16:51:36	40069	1528447896261	501
118	8	28693	0	29592	2018-06-08 16:51:36	40118	1528447896985	502
132	8	28693	0	34987	2018-06-08 16:51:37	40132	1528447897252	503
66	8	28693	0	12069	2018-06-08 16:51:37	40066	1528447897611	504
3	9	24599	0	36283	2018-06-08 16:52:29	40003	1528447949328	505
16	9	24597	0	39695	2018-06-08 16:52:29	40016	1528447949595	506
10	9	24597	0	50209	2018-06-08 16:52:29	40010	1528447949695	507
13	9	24597	0	45980	2018-06-08 16:52:29	40013	1528447949862	508
8	9	24597	0	33959	2018-06-08 16:52:29	40008	1528447949996	509
20	9	24597	0	40032	2018-06-08 16:52:30	40020	1528447950029	510
21	9	24605	0	27568	2018-06-08 16:52:30	40021	1528447950455	511
9	9	24597	0	11508	2018-06-08 16:52:31	40009	1528447951022	512
118	9	24597	0	32999	2018-06-08 16:52:31	40118	1528447951056	513
66	9	24597	0	13356	2018-06-08 16:52:31	40066	1528447951256	514
39	9	24597	0	11263	2018-06-08 16:52:31	40039	1528447951323	515
75	9	24597	0	27832	2018-06-08 16:52:31	40075	1528447951481	516
72	9	24597	0	25041	2018-06-08 16:52:31	40072	1528447951515	517
11	9	24601	0	47261	2018-06-08 16:52:31	40011	1528447951640	518
63	9	24597	0	13164	2018-06-08 16:52:31	40063	1528447951707	519
80	9	24597	0	48898	2018-06-08 16:52:31	40080	1528447951740	520
139	9	24597	0	42640	2018-06-08 16:52:31	40139	1528447951774	521
131	9	24597	0	38455	2018-06-08 16:52:31	40131	1528447951807	522
12	9	24597	0	28103	2018-06-08 16:52:31	40012	1528447951840	523
47	9	24597	0	36962	2018-06-08 16:52:31	40047	1528447951874	524
115	9	24597	0	33033	2018-06-08 16:52:31	40115	1528447951940	525
117	9	24597	0	14698	2018-06-08 16:52:31	40117	1528447951974	526
38	9	24597	0	39497	2018-06-08 16:52:32	40038	1528447952007	527
43	9	24597	0	34692	2018-06-08 16:52:32	40043	1528447952075	528
123	9	24597	0	16906	2018-06-08 16:52:32	40123	1528447952175	529
121	9	24597	0	45828	2018-06-08 16:52:32	40121	1528447952209	530
119	9	24597	0	24754	2018-06-08 16:52:32	40119	1528447952242	531
135	9	24597	0	18437	2018-06-08 16:52:32	40135	1528447952276	532
71	9	24597	0	35137	2018-06-08 16:52:32	40071	1528447952309	533
129	9	24597	0	13656	2018-06-08 16:52:32	40129	1528447952442	534
24	9	24597	0	12602	2018-06-08 16:52:32	40024	1528447952509	535
17	9	24597	0	47626	2018-06-08 16:52:32	40017	1528447952635	536
33	9	24597	0	15970	2018-06-08 16:52:32	40033	1528447952760	537
78	9	24597	0	10877	2018-06-08 16:52:32	40078	1528447952793	538
64	9	24597	0	36737	2018-06-08 16:52:32	40064	1528447952893	539
26	9	24597	0	32532	2018-06-08 16:52:32	40026	1528447952976	540
124	9	24597	0	51804	2018-06-08 16:52:33	40124	1528447953018	541
122	9	24597	0	24584	2018-06-08 16:52:33	40122	1528447953102	542
32	9	24597	0	10718	2018-06-08 16:52:33	40032	1528447953143	543
77	9	24597	0	33425	2018-06-08 16:52:33	40077	1528447953185	544
132	9	24597	0	38586	2018-06-08 16:52:33	40132	1528447953269	545
67	9	24597	0	34492	2018-06-08 16:52:33	40067	1528447953310	546
127	9	24597	0	20356	2018-06-08 16:52:33	40127	1528447953394	547
40	9	24597	0	33781	2018-06-08 16:52:33	40040	1528447953644	548
41	9	24597	0	34514	2018-06-08 16:52:33	40041	1528447953686	549
50	9	24597	0	33068	2018-06-08 16:52:33	40050	1528447953727	550
70	9	24597	0	54605	2018-06-08 16:52:33	40070	1528447953845	551
76	9	24597	0	11587	2018-06-08 16:52:33	40076	1528447953878	552
52	9	24597	0	12782	2018-06-08 16:52:33	40052	1528447953911	553
37	9	24597	0	39941	2018-06-08 16:52:33	40037	1528447953978	554
48	9	24597	0	24755	2018-06-08 16:52:34	40048	1528447954011	555
69	9	24597	0	27364	2018-06-08 16:52:34	40069	1528447954045	556
53	9	24597	0	11301	2018-06-08 16:52:34	40053	1528447954078	557
56	9	24597	0	35850	2018-06-08 16:52:34	40056	1528447954113	558
44	9	24597	0	38793	2018-06-08 16:52:34	40044	1528447954170	559
120	9	24597	0	15791	2018-06-08 16:52:34	40120	1528447954203	560
3	10	20503	0	39812	2018-06-08 16:53:29	40003	1528448009357	561
16	10	20501	0	43258	2018-06-08 16:53:29	40016	1528448009599	562
12	10	20501	0	30973	2018-06-08 16:53:29	40012	1528448009633	563
17	10	20501	0	52445	2018-06-08 16:53:29	40017	1528448009667	564
20	10	20501	0	44156	2018-06-08 16:53:29	40020	1528448009700	565
10	10	20501	0	55824	2018-06-08 16:53:29	40010	1528448009734	566
8	10	20501	0	37477	2018-06-08 16:53:29	40008	1528448009767	567
21	10	20501	0	30354	2018-06-08 16:53:29	40021	1528448009800	568
13	10	20501	0	51164	2018-06-08 16:53:29	40013	1528448009834	569
11	10	20501	0	52459	2018-06-08 16:53:29	40011	1528448009867	570
9	10	20501	0	12672	2018-06-08 16:53:29	40009	1528448009901	571
67	10	20501	0	37408	2018-06-08 16:53:30	40067	1528448010735	572
77	10	20501	0	36110	2018-06-08 16:53:30	40077	1528448010768	573
123	10	20501	0	18399	2018-06-08 16:53:30	40123	1528448010936	574
120	10	20501	0	17226	2018-06-08 16:53:30	40120	1528448010968	575
115	10	20501	0	36352	2018-06-08 16:53:31	40115	1528448011002	576
118	10	20501	0	36096	2018-06-08 16:53:31	40118	1528448011052	577
119	10	20501	0	27099	2018-06-08 16:53:31	40119	1528448011118	578
78	10	20501	0	11939	2018-06-08 16:53:31	40078	1528448011192	579
75	10	20501	0	30317	2018-06-08 16:53:31	40075	1528448011227	580
71	10	20501	0	39149	2018-06-08 16:53:31	40071	1528448011260	581
52	10	20501	0	14075	2018-06-08 16:53:31	40052	1528448011294	582
24	10	20501	0	13773	2018-06-08 16:53:31	40024	1528448011327	583
32	10	20501	0	11778	2018-06-08 16:53:31	40032	1528448011361	584
26	10	20501	0	35326	2018-06-08 16:53:31	40026	1528448011394	585
135	10	20501	0	20325	2018-06-08 16:53:31	40135	1528448011427	586
64	10	20501	0	39950	2018-06-08 16:53:31	40064	1528448011461	587
63	10	20501	0	14491	2018-06-08 16:53:31	40063	1528448011494	588
76	10	20501	0	12860	2018-06-08 16:53:31	40076	1528448011528	589
33	10	20501	0	17498	2018-06-08 16:53:31	40033	1528448011561	590
80	10	20510	0	53824	2018-06-08 16:53:31	40080	1528448011594	591
72	10	20501	0	27647	2018-06-08 16:53:31	40072	1528448011628	592
47	10	20501	0	39800	2018-06-08 16:53:31	40047	1528448011686	593
69	10	20501	0	29918	2018-06-08 16:53:31	40069	1528448011719	594
44	10	20501	0	41877	2018-06-08 16:53:31	40044	1528448011753	595
132	10	20501	0	41071	2018-06-08 16:53:31	40132	1528448011786	596
117	10	20501	0	16106	2018-06-08 16:53:31	40117	1528448011820	597
40	10	20501	0	36512	2018-06-08 16:53:31	40040	1528448011853	598
121	10	20501	0	50239	2018-06-08 16:53:31	40121	1528448011911	599
122	10	20501	0	27442	2018-06-08 16:53:31	40122	1528448011945	600
38	10	20501	0	42718	2018-06-08 16:53:31	40038	1528448011978	601
43	10	20501	0	37405	2018-06-08 16:53:32	40043	1528448012012	602
127	10	20501	0	22139	2018-06-08 16:53:32	40127	1528448012045	603
129	10	20501	0	14958	2018-06-08 16:53:32	40129	1528448012078	604
131	10	20502	0	41560	2018-06-08 16:53:32	40131	1528448012112	605
139	10	20507	0	46369	2018-06-08 16:53:32	40139	1528448012145	606
48	10	20501	0	26987	2018-06-08 16:53:32	40048	1528448012179	607
39	10	20501	0	12373	2018-06-08 16:53:32	40039	1528448012212	608
53	10	20501	0	12419	2018-06-08 16:53:32	40053	1528448012245	609
56	10	20501	0	38271	2018-06-08 16:53:32	40056	1528448012279	610
50	10	20501	0	35800	2018-06-08 16:53:32	40050	1528448012312	611
124	10	20501	0	55970	2018-06-08 16:53:32	40124	1528448012345	612
41	10	20501	0	37387	2018-06-08 16:53:32	40041	1528448012379	613
37	10	20501	0	43092	2018-06-08 16:53:32	40037	1528448012412	614
70	10	20501	0	60567	2018-06-08 16:53:32	40070	1528448012446	615
66	10	20501	0	14666	2018-06-08 16:53:32	40066	1528448012479	616
3	11	16407	0	43132	2018-06-08 16:54:29	40003	1528448069360	617
16	11	16405	0	46728	2018-06-08 16:54:29	40016	1528448069558	618
12	11	16405	0	33591	2018-06-08 16:54:29	40012	1528448069594	619
11	11	16405	0	57024	2018-06-08 16:54:29	40011	1528448069719	620
17	11	16405	0	58093	2018-06-08 16:54:29	40017	1528448069752	621
20	11	16405	0	48034	2018-06-08 16:54:29	40020	1528448069785	622
10	11	16405	0	60920	2018-06-08 16:54:29	40010	1528448069819	623
8	11	16405	0	40202	2018-06-08 16:54:30	40008	1528448070177	624
13	11	16405	0	54896	2018-06-08 16:54:30	40013	1528448070278	625
9	11	16405	0	13806	2018-06-08 16:54:30	40009	1528448070311	626
21	11	16405	0	32934	2018-06-08 16:54:30	40021	1528448070378	627
77	11	16405	0	38802	2018-06-08 16:54:30	40077	1528448070820	628
67	11	16405	0	40212	2018-06-08 16:54:30	40067	1528448070862	629
123	11	16405	0	19737	2018-06-08 16:54:30	40123	1528448070929	630
120	11	16405	0	18695	2018-06-08 16:54:30	40120	1528448070970	631
115	11	16405	0	39362	2018-06-08 16:54:31	40115	1528448071012	632
118	11	16405	0	39046	2018-06-08 16:54:31	40118	1528448071054	633
119	11	16405	0	29395	2018-06-08 16:54:31	40119	1528448071115	634
78	11	16405	0	13037	2018-06-08 16:54:31	40078	1528448071196	635
71	11	16405	0	42974	2018-06-08 16:54:31	40071	1528448071237	636
75	11	16405	0	32850	2018-06-08 16:54:31	40075	1528448071279	637
39	11	16405	0	13501	2018-06-08 16:54:31	40039	1528448071321	638
33	11	16405	0	19044	2018-06-08 16:54:31	40033	1528448071362	639
38	11	16405	0	46304	2018-06-08 16:54:31	40038	1528448071404	640
37	11	16405	0	46257	2018-06-08 16:54:31	40037	1528448071446	641
32	11	16405	0	12875	2018-06-08 16:54:31	40032	1528448071488	642
70	11	16405	1	792	2018-06-08 16:54:31	40070	1528448071529	643
64	11	16405	0	42762	2018-06-08 16:54:31	40064	1528448071571	644
47	11	16405	0	43187	2018-06-08 16:54:31	40047	1528448071604	645
72	11	16405	0	30328	2018-06-08 16:54:31	40072	1528448071638	646
76	11	16405	0	14096	2018-06-08 16:54:31	40076	1528448071671	647
63	11	16405	0	15826	2018-06-08 16:54:31	40063	1528448071705	648
132	11	16405	0	45282	2018-06-08 16:54:31	40132	1528448071771	649
135	11	16405	0	21962	2018-06-08 16:54:31	40135	1528448071805	650
80	11	16405	0	58973	2018-06-08 16:54:31	40080	1528448071838	651
48	11	16405	0	29414	2018-06-08 16:54:31	40048	1528448071872	652
24	11	16405	0	14921	2018-06-08 16:54:31	40024	1528448071905	653
117	11	16405	0	17692	2018-06-08 16:54:31	40117	1528448071938	654
43	11	16405	0	40252	2018-06-08 16:54:32	40043	1528448072005	655
50	11	16405	0	38530	2018-06-08 16:54:32	40050	1528448072038	656
129	11	16405	0	16175	2018-06-08 16:54:32	40129	1528448072072	657
56	11	16405	0	41196	2018-06-08 16:54:32	40056	1528448072105	658
121	11	16405	0	54751	2018-06-08 16:54:32	40121	1528448072139	659
52	11	16405	0	15411	2018-06-08 16:54:32	40052	1528448072197	660
66	11	16405	0	16079	2018-06-08 16:54:32	40066	1528448072230	661
122	11	16405	0	29679	2018-06-08 16:54:32	40122	1528448072264	662
41	11	16405	0	40209	2018-06-08 16:54:32	40041	1528448072297	663
124	11	16405	0	63280	2018-06-08 16:54:32	40124	1528448072331	664
127	11	16405	0	24057	2018-06-08 16:54:32	40127	1528448072364	665
139	11	16405	0	49901	2018-06-08 16:54:32	40139	1528448072397	666
53	11	16405	0	13503	2018-06-08 16:54:32	40053	1528448072431	667
44	11	16405	0	45225	2018-06-08 16:54:32	40044	1528448072464	668
26	11	16405	0	38062	2018-06-08 16:54:32	40026	1528448072498	669
131	11	16405	0	44593	2018-06-08 16:54:32	40131	1528448072531	670
40	11	16405	0	39433	2018-06-08 16:54:32	40040	1528448072564	671
69	11	16405	0	32650	2018-06-08 16:54:32	40069	1528448072598	672
3	12	12311	0	46536	2018-06-08 16:55:29	40003	1528448129427	673
16	12	12309	0	50261	2018-06-08 16:55:29	40016	1528448129585	674
10	12	12309	1	640	2018-06-08 16:55:29	40010	1528448129686	675
9	12	12309	0	14884	2018-06-08 16:55:29	40009	1528448129719	676
12	12	12309	0	36175	2018-06-08 16:55:29	40012	1528448129752	677
17	12	12309	0	63384	2018-06-08 16:55:29	40017	1528448129786	678
8	12	12309	0	43022	2018-06-08 16:55:29	40008	1528448129819	679
21	12	12309	0	35941	2018-06-08 16:55:29	40021	1528448129853	680
11	12	12309	0	60727	2018-06-08 16:55:29	40011	1528448129978	681
20	12	12309	0	51623	2018-06-08 16:55:30	40020	1528448130011	682
13	12	12309	0	58509	2018-06-08 16:55:30	40013	1528448130437	683
67	12	12309	0	43080	2018-06-08 16:55:30	40067	1528448130779	684
24	12	12309	0	16033	2018-06-08 16:55:31	40024	1528448131272	685
52	12	12309	0	16756	2018-06-08 16:55:31	40052	1528448131305	686
32	12	12309	0	13937	2018-06-08 16:55:31	40032	1528448131338	687
38	12	12309	0	49512	2018-06-08 16:55:31	40038	1528448131414	688
37	12	12309	0	49313	2018-06-08 16:55:31	40037	1528448131480	689
26	12	12309	0	40852	2018-06-08 16:55:31	40026	1528448131514	690
70	12	12309	1	6404	2018-06-08 16:55:31	40070	1528448131547	691
47	12	12309	0	46249	2018-06-08 16:55:31	40047	1528448131614	692
66	12	12309	0	17298	2018-06-08 16:55:31	40066	1528448131647	693
40	12	12309	0	42159	2018-06-08 16:55:31	40040	1528448131747	694
132	12	12309	0	47788	2018-06-08 16:55:31	40132	1528448131781	695
129	12	12309	0	17556	2018-06-08 16:55:31	40129	1528448131814	696
77	12	12309	0	41484	2018-06-08 16:55:31	40077	1528448131881	697
118	12	12309	0	41971	2018-06-08 16:55:31	40118	1528448131914	698
75	12	12309	0	35333	2018-06-08 16:55:31	40075	1528448131981	699
139	12	12309	0	52923	2018-06-08 16:55:32	40139	1528448132248	700
121	12	12309	0	59662	2018-06-08 16:55:32	40121	1528448132282	701
43	12	12309	0	43018	2018-06-08 16:55:32	40043	1528448132315	702
131	12	12309	0	48080	2018-06-08 16:55:32	40131	1528448132574	703
123	12	12309	0	21100	2018-06-08 16:55:32	40123	1528448132607	704
135	12	12309	0	23443	2018-06-08 16:55:32	40135	1528448132766	705
76	12	12309	0	15205	2018-06-08 16:55:32	40076	1528448132866	706
63	12	12309	0	17229	2018-06-08 16:55:32	40063	1528448132899	707
64	12	12309	0	46284	2018-06-08 16:55:32	40064	1528448132966	708
124	12	12309	1	924	2018-06-08 16:55:33	40124	1528448132999	709
53	12	12309	0	14714	2018-06-08 16:55:33	40053	1528448133068	710
78	12	12309	0	14106	2018-06-08 16:55:33	40078	1528448133191	711
127	12	12309	0	26346	2018-06-08 16:55:33	40127	1528448133301	712
122	12	12309	0	31465	2018-06-08 16:55:33	40122	1528448133435	713
41	12	12309	0	43086	2018-06-08 16:55:33	40041	1528448133468	714
44	12	12309	0	48399	2018-06-08 16:55:33	40044	1528448133501	715
56	12	12309	0	44168	2018-06-08 16:55:33	40056	1528448133668	716
120	12	12309	0	20254	2018-06-08 16:55:33	40120	1528448133727	717
72	12	12309	0	32888	2018-06-08 16:55:33	40072	1528448133760	718
80	12	12309	0	64179	2018-06-08 16:55:33	40080	1528448133988	719
71	12	12309	0	46341	2018-06-08 16:55:34	40071	1528448134055	720
69	12	12309	0	35657	2018-06-08 16:55:34	40069	1528448134189	721
39	12	12309	0	14633	2018-06-08 16:55:34	40039	1528448134222	722
48	12	12309	0	31265	2018-06-08 16:55:34	40048	1528448134289	723
33	12	12310	0	20583	2018-06-08 16:55:34	40033	1528448134356	724
117	12	12310	0	19159	2018-06-08 16:55:34	40117	1528448134489	725
50	12	12309	0	41884	2018-06-08 16:55:34	40050	1528448134522	726
115	12	12309	0	42861	2018-06-08 16:55:34	40115	1528448134556	727
119	12	12309	0	31939	2018-06-08 16:55:34	40119	1528448134589	728
