Thread[Thread-1,5,main]tree 1000 21 20 14 0 0
radio 7 8379
radio 7 8382
radio 7 8434
radio 7 8948
radio 7 8965
radio 7 9478
radio 7 9506
radio 7 10020
radio 7 10048
radio 7 10562
radio 7 10579
radio 7 11092
radio 7 11144
radio 7 11658
radio 7 11711
radio 7 12225
radio 7 12274
radio 7 12788
radio 7 12824
radio 7 13338
radio 7 13366
radio 7 13880
radio 7 13908
radio 7 14422
radio 7 14450
radio 7 14964
radio 7 15033
radio 7 15547
radio 7 15576
radio 7 16090
radio 7 16122
radio 7 16636
radio 7 16684
radio 7 17198
radio 7 17226
radio 7 17740
radio 7 17768
radio 7 18282
radio 7 18311
radio 7 18825
radio 7 18881
radio 7 19395
radio 7 19412
radio 7 19926
radio 7 19981
radio 7 20495
radio 7 20512
radio 7 21026
radio 7 21058
radio 7 21572
radio 7 21604
radio 7 22118
radio 7 22135
radio 7 22648
radio 7 22665
radio 7 23178
radio 7 23214
radio 7 23728
radio 7 23764
radio 7 24278
radio 7 24306
radio 7 24820
radio 7 24851
radio 7 25365
radio 7 25394
radio 7 25908
radio 7 25936
radio 7 26450
radio 7 26482
radio 7 26996
radio 7 27024
radio 7 27538
radio 7 27586
radio 7 28100
radio 7 28133
radio 7 28647
radio 7 28675
radio 7 29189
radio 7 29225
radio 7 29739
radio 7 29788
radio 7 30302
radio 7 30350
radio 7 30864
radio 7 30881
radio 7 31394
radio 7 31427
radio 7 31941
radio 7 31974
radio 7 32488
radio 7 32505
radio 7 33019
radio 7 33036
radio 7 33550
radio 7 33598
radio 7 34112
radio 7 34129
radio 7 34642
radio 7 34659
radio 7 35172
radio 7 35240
radio 7 35754
radio 7 35771
radio 7 36285
radio 7 36302
radio 7 36815
radio 7 36832
radio 7 37345
radio 7 37362
radio 7 37875
radio 7 37907
radio 7 38421
radio 7 38438
radio 7 38952
radio 7 38969
radio 7 39483
radio 7 39500
radio 7 40013
radio 7 40048
radio 7 40562
radio 7 40579
radio 7 41093
radio 7 41110
radio 7 41623
radio 7 41673
radio 7 42187
radio 7 42204
radio 7 42717
radio 7 42734
radio 7 43247
radio 7 43264
radio 7 43777
radio 7 43794
radio 7 44307
radio 7 44324
radio 7 44837
radio 7 44872
radio 7 45386
radio 7 45403
radio 7 45917
radio 7 45934
radio 7 46447
radio 7 46464
radio 7 46977
radio 7 47010
radio 7 47524
radio 7 47541
radio 7 48054
radio 7 48084
radio 7 48598
radio 7 48629
radio 7 49143
radio 7 49191
radio 7 49705
radio 7 49734
radio 7 50248
radio 7 50277
radio 7 50791
radio 7 50819
radio 7 51333
radio 7 51350
radio 7 51863
radio 7 51913
radio 7 52427
radio 7 52444
radio 7 52957
radio 7 52974
radio 7 53487
radio 7 53504
radio 7 54017
radio 7 54034
radio 7 54547
radio 7 54579
radio 7 55093
radio 7 55125
radio 7 55639
radio 7 55673
radio 7 56187
radio 7 56218
radio 7 56732
radio 7 56749
radio 7 57263
radio 7 57280
radio 7 57793
radio 7 57810
radio 7 58324
radio 7 58341
radio 7 58854
radio 7 58882
radio 7 59396
radio 7 59424
radio 7 59938
radio 7 59986
radio 7 60500
radio 7 60517
radio 7 61030
radio 7 61079
radio 7 61593
radio 7 61621
radio 7 62135
radio 7 62187
radio 7 62701
radio 7 62718
radio 7 63231
radio 7 63260
radio 7 63774
radio 7 63810
radio 7 64324
radio 7 64360
radio 7 64874
radio 7 64902
radio 7 65416
radio 7 65444
radio 8 422
radio 8 439
radio 8 952
radio 8 984
radio 8 1497
radio 8 1526
radio 8 2040
radio 8 2108
radio 8 2622
radio 8 2639
radio 8 3152
radio 8 3185
radio 8 3699
radio 8 3727
radio 8 4241
radio 8 4269
energy 8 4294 7 11028
radio 8 4783
radio 8 4831
radio 8 5345
radio 8 5362
radio 8 5875
radio 8 5906
radio 8 6420
radio 8 6454
radio 8 6968
radio 8 7038
radio 8 7552
radio 8 7607
radio 8 8121
radio 8 8174
radio 8 8688
radio 8 8720
radio 8 9234
radio 8 9263
radio 8 9777
radio 8 9813
radio 8 10327
radio 8 10375
radio 8 10889
radio 8 10957
radio 8 11471
radio 8 11501
radio 8 12015
radio 8 12064
radio 8 12578
radio 8 12632
radio 8 13146
radio 8 13180
radio 8 13694
radio 8 13803
radio 8 14317
radio 8 14334
radio 8 14847
radio 8 14899
radio 8 15413
radio 8 15430
radio 8 15943
radio 8 15960
radio 8 16473
radio 8 16503
radio 8 17017
radio 8 17034
radio 8 17548
radio 8 17565
radio 8 18078
radio 8 18095
radio 8 18608
radio 8 18636
radio 8 19150
radio 8 19183
radio 8 19697
radio 8 19714
radio 8 20228
radio 8 20245
radio 8 20758
radio 8 20807
radio 8 21321
radio 8 21338
radio 8 21852
radio 8 21869
radio 8 22383
radio 8 22400
radio 8 22914
radio 8 22945
radio 8 23459
radio 8 23489
radio 8 24003
radio 8 24020
radio 8 24534
radio 8 24583
radio 8 25097
radio 8 25114
radio 8 25628
radio 8 25659
radio 8 26173
radio 8 26223
radio 8 26737
radio 8 26773
radio 8 27287
radio 8 27317
radio 8 27831
radio 8 27865
radio 8 28379
radio 8 28411
radio 8 28925
radio 8 28957
radio 8 29471
radio 8 29499
radio 8 30013
radio 8 30041
radio 8 30555
radio 8 30583
radio 8 31097
radio 8 31126
radio 8 31640
radio 8 31676
radio 8 32190
radio 8 32226
radio 8 32740
radio 8 32769
radio 8 33283
radio 8 33318
radio 8 33832
radio 8 33880
radio 8 34394
radio 8 34502
radio 8 35016
radio 8 35071
radio 8 35585
radio 8 35618
radio 8 36132
radio 8 36188
radio 8 36702
radio 8 36735
radio 8 37249
radio 8 37278
radio 8 37792
radio 8 37809
radio 8 38323
radio 8 38392
radio 8 38906
radio 8 38923
radio 8 39436
radio 8 39453
radio 8 39966
radio 8 40021
radio 8 40535
radio 8 40586
radio 8 41100
radio 8 41149
radio 8 41663
radio 8 41694
radio 8 42208
radio 8 42225
radio 8 42738
radio 8 42791
radio 8 43305
radio 8 43322
radio 8 43835
radio 8 43852
radio 8 44365
radio 8 44382
radio 8 44895
radio 8 44923
radio 8 45437
radio 8 45473
radio 8 45987
delay 0 1 8 46198 8 46792 15 13 65535 0 436 0 0
radio 8 46206
radio 8 46720
radio 8 46805
radio 8 47318
radio 8 47335
radio 8 47848
radio 8 47865
radio 8 48378
radio 8 48429
radio 8 48943
radio 8 49012
radio 8 49526
radio 8 49555
radio 8 50069
radio 8 50097
radio 8 50611
radio 8 50659
radio 8 51173
radio 8 51206
radio 8 51720
radio 8 51756
radio 8 52270
radio 8 52338
radio 8 52852
radio 8 52881
radio 8 53395
radio 8 53424
radio 8 53938
radio 8 53968
radio 8 54482
radio 8 54532
radio 8 55046
radio 8 55063
radio 8 55576
radio 8 55593
radio 8 56106
radio 8 56123
radio 8 56636
radio 8 56668
radio 8 57182
radio 8 57218
radio 8 57732
radio 8 57786
radio 8 58300
radio 8 58335
radio 8 58849
radio 8 58885
radio 8 59399
radio 8 59427
radio 8 59941
radio 8 59994
radio 8 60508
radio 8 60544
radio 8 61058
radio 8 61094
radio 8 61608
radio 8 61636
radio 8 62150
radio 8 62178
radio 8 62692
radio 8 62721
radio 8 63235
radio 8 63270
radio 8 63784
radio 8 63813
radio 8 64327
radio 8 64357
radio 8 64871
radio 8 64902
radio 8 65416
radio 8 65433
energy 9 198 7 14459
radio 9 410
delay 1 0 9 466 9 1267 0 13 13 1 49 1 0
radio 9 1529
radio 9 2043
radio 9 2130
radio 9 2644
radio 9 2676
radio 9 3190
radio 9 3221
radio 9 3735
radio 9 3783
radio 9 4297
radio 9 4347
radio 9 4861
radio 9 4896
radio 9 5410
radio 9 5460
radio 9 5974
radio 9 6028
radio 9 6542
radio 9 6573
radio 9 7087
radio 9 7104
radio 9 7617
radio 9 7650
radio 9 8164
radio 9 8181
radio 9 8694
radio 9 8711
radio 9 9224
radio 9 9273
radio 9 9787
radio 9 9818
radio 9 10332
radio 9 10349
radio 9 10862
radio 9 10912
radio 9 11426
radio 9 11479
radio 9 11993
radio 9 12025
radio 9 12539
radio 9 12587
radio 9 13101
radio 9 13129
radio 9 13643
radio 9 13671
radio 9 14185
radio 9 14218
radio 9 14732
radio 9 14788
radio 9 15302
radio 9 15355
radio 9 15869
radio 9 15902
radio 9 16416
radio 9 16449
radio 9 16963
radio 9 16994
radio 9 17508
radio 9 17556
radio 9 18070
radio 9 18103
radio 9 18617
radio 9 18649
radio 9 19163
radio 9 19195
radio 9 19709
radio 9 19757
radio 9 20271
radio 9 20304
radio 9 20818
radio 9 20847
radio 9 21361
delay 2 20 9 21629 9 21190 7 13 6 0 595 0 0
radio 9 21637
radio 9 22151
radio 9 22197
radio 9 22711
radio 9 22757
radio 9 23271
radio 9 23301
radio 9 23815
radio 9 23844
radio 9 24358
radio 9 24392
radio 9 24906
radio 9 24936
radio 9 25450
radio 9 25486
radio 9 26000
radio 9 26048
radio 9 26562
radio 9 26595
radio 9 27109
radio 9 27142
radio 9 27656
radio 9 27687
radio 9 28201
radio 9 28229
radio 9 28743
radio 9 28771
radio 9 29285
radio 9 29313
radio 9 29827
radio 9 29935
radio 9 30449
radio 9 30560
radio 9 31074
radio 9 31102
radio 9 31616
radio 9 31686
radio 9 32200
radio 9 32229
radio 9 32743
radio 9 32779
radio 9 33293
radio 9 33321
radio 9 33835
radio 9 33883
radio 9 34397
radio 9 34450
radio 9 34964
radio 9 35037
radio 9 35551
radio 9 35602
radio 9 36116
radio 9 36146
radio 9 36660
radio 9 36708
radio 9 37222
radio 9 37295
radio 9 37809
radio 9 37838
radio 9 38352
radio 9 38380
radio 9 38894
radio 9 38922
radio 9 39436
radio 9 39464
radio 9 39978
radio 9 40007
radio 9 40521
radio 9 40557
radio 9 41071
radio 9 41120
radio 9 41634
delay 3 1 9 41853 9 42447 15 13 65535 0 355 0 0
radio 9 41861
radio 9 42375
radio 9 42395
radio 9 42908
radio 9 42925
radio 9 43438
radio 9 43472
radio 9 43986
radio 9 44014
radio 9 44528
radio 9 44576
radio 9 45090
radio 9 45107
radio 9 45620
radio 9 45649
radio 9 46163
radio 9 46199
radio 9 46713
radio 9 46741
