Thread[Thread-1,5,main]tree 71 17 12 14 0 0
radio 7 15528
radio 7 15532
radio 7 15561
radio 7 16075
radio 7 16108
radio 7 16622
radio 7 16650
radio 7 17164
radio 7 17232
radio 7 17746
radio 7 17775
radio 7 18289
radio 7 18317
radio 7 18831
radio 7 18859
radio 7 19373
radio 7 19402
radio 7 19916
radio 7 19952
radio 7 20466
radio 7 20502
radio 7 21016
radio 7 21045
radio 7 21559
radio 7 21635
radio 7 22149
radio 7 22177
radio 7 22691
radio 7 22719
radio 7 23233
radio 7 23262
radio 7 23776
radio 7 23804
radio 7 24318
radio 7 24350
radio 7 24864
radio 7 24920
radio 7 25434
radio 7 25507
radio 7 26021
radio 7 26071
radio 7 26585
radio 7 26602
radio 7 27115
radio 7 27186
radio 7 27700
radio 7 27749
radio 7 28263
radio 7 28297
radio 7 28811
radio 7 28866
radio 7 29380
radio 7 29413
radio 7 29927
radio 7 29944
radio 7 30458
radio 7 30487
radio 7 31001
radio 7 31071
radio 7 31585
radio 7 31602
radio 7 32115
radio 7 32143
radio 7 32657
radio 7 32690
radio 7 33204
radio 7 33275
radio 7 33789
radio 7 33823
radio 7 34337
radio 7 34373
radio 7 34887
radio 7 34915
radio 7 35429
radio 7 35477
radio 7 35991
radio 7 36024
radio 7 36538
radio 7 36566
radio 7 37080
radio 7 37148
radio 7 37662
radio 7 37691
radio 7 38205
radio 7 38233
radio 7 38747
radio 7 38775
radio 7 39289
radio 7 39357
radio 7 39871
radio 7 39900
radio 7 40414
radio 7 40443
radio 7 40957
radio 7 41030
radio 7 41544
radio 7 41632
radio 7 42146
radio 7 42175
radio 7 42689
radio 7 42758
radio 7 43272
radio 7 43341
radio 7 43855
radio 7 44044
radio 7 44558
radio 7 44588
radio 7 45102
radio 7 45270
radio 7 45784
radio 7 45858
radio 7 46372
radio 7 46402
radio 7 46916
radio 7 46947
radio 7 47461
radio 7 47516
radio 7 48030
radio 7 48064
radio 7 48578
radio 7 48614
radio 7 49128
radio 7 49156
radio 7 49670
radio 7 49718
radio 7 50232
radio 7 50265
radio 7 50779
radio 7 50815
radio 7 51329
radio 7 51357
radio 7 51871
radio 7 51939
radio 7 52453
radio 7 52482
radio 7 52996
radio 7 53025
radio 7 53539
radio 7 53615
radio 7 54129
radio 7 54178
radio 7 54692
radio 7 54765
radio 7 55279
radio 7 55328
radio 7 55842
radio 7 55874
radio 7 56388
radio 7 56416
radio 7 56930
radio 7 56958
radio 7 57472
radio 7 57500
radio 7 58014
radio 7 58042
radio 7 58556
radio 7 58585
radio 7 59099
radio 7 59170
radio 7 59684
radio 7 59732
radio 7 60246
radio 7 60276
radio 7 60790
radio 7 60818
radio 7 61332
radio 7 61360
radio 7 61874
radio 7 61902
radio 7 62416
radio 7 62445
radio 7 62959
radio 7 62991
radio 7 63505
radio 7 63577
radio 7 64091
radio 7 64108
radio 7 64621
radio 7 64652
radio 7 65166
radio 7 65196
radio 8 174
radio 8 245
radio 8 758
radio 8 793
radio 8 1306
radio 8 1335
radio 8 1849
radio 8 1957
radio 8 2471
radio 8 2501
radio 8 3015
radio 8 3043
radio 8 3557
radio 8 3605
radio 8 4119
radio 8 4152
radio 8 4666
radio 8 4694
radio 8 5208
radio 8 5276
radio 8 5790
radio 8 5807
radio 8 6320
radio 8 6353
radio 8 6867
radio 8 6895
radio 8 7409
radio 8 7477
radio 8 7991
radio 8 8039
radio 8 8553
radio 8 8627
radio 8 9141
radio 8 9190
radio 8 9704
radio 8 9737
radio 8 10251
radio 8 10306
radio 8 10820
radio 8 10837
radio 8 11351
radio 8 11399
energy 8 11444 7 19713
radio 8 11913
radio 8 11982
radio 8 12496
radio 8 12549
radio 8 13063
radio 8 13136
radio 8 13650
radio 8 13699
radio 8 14213
radio 8 14265
radio 8 14779
radio 8 14852
radio 8 15366
radio 8 15395
radio 8 15909
radio 8 15937
radio 8 16451
radio 8 16479
radio 8 16993
radio 8 17022
radio 8 17536
radio 8 17565
radio 8 18079
radio 8 18114
radio 8 18628
radio 8 18699
radio 8 19213
radio 8 19247
radio 8 19761
radio 8 19797
radio 8 20311
radio 8 20359
radio 8 20873
radio 8 20902
radio 8 21416
radio 8 21445
radio 8 21959
radio 8 21990
radio 8 22504
radio 8 22600
radio 8 23114
radio 8 23145
radio 8 23659
radio 8 23730
radio 8 24244
radio 8 24293
radio 8 24807
radio 8 24824
radio 8 25337
radio 8 25406
radio 8 25920
radio 8 25969
radio 8 26483
radio 8 26515
radio 8 27029
radio 8 27057
radio 8 27571
radio 8 27600
radio 8 28114
radio 8 28166
radio 8 28680
radio 8 28716
radio 8 29230
radio 8 29258
radio 8 29772
radio 8 29801
radio 8 30315
radio 8 30371
radio 8 30885
radio 8 30917
radio 8 31431
radio 8 31459
radio 8 31973
radio 8 32002
radio 8 32516
radio 8 32572
radio 8 33086
radio 8 33118
radio 8 33632
radio 8 33661
radio 8 34175
radio 8 34250
radio 8 34764
radio 8 34834
radio 8 35348
radio 8 35476
radio 8 35990
radio 8 36046
radio 8 36560
radio 8 36631
radio 8 37145
radio 8 37176
radio 8 37690
radio 8 37726
radio 8 38240
radio 8 38289
radio 8 38803
radio 8 38835
radio 8 39349
radio 8 39462
radio 8 39976
radio 8 40006
radio 8 40520
radio 8 40551
radio 8 41065
radio 8 41193
radio 8 41707
radio 8 41762
radio 8 42276
radio 8 42329
radio 8 42843
radio 8 42874
radio 8 43388
radio 8 43417
radio 8 43931
radio 8 43959
radio 8 44473
radio 8 44501
radio 8 45015
radio 8 45032
radio 8 45546
radio 8 45577
radio 8 46091
delay 0 30 8 46131 8 45447 18 15 65535 0 100 1 0
radio 8 47209
radio 8 47723
radio 8 47751
radio 8 48265
radio 8 48296
radio 8 48810
radio 8 48881
radio 8 49395
radio 8 49447
radio 8 49961
radio 8 49996
radio 8 50510
radio 8 50538
radio 8 51052
radio 8 51101
radio 8 51615
radio 8 51632
radio 8 52146
radio 8 52163
radio 8 52676
radio 8 52706
radio 8 53220
radio 8 53296
radio 8 53810
radio 8 53859
radio 8 54373
radio 8 54406
radio 8 54920
radio 8 54974
radio 8 55488
radio 8 55505
radio 8 56019
radio 8 56048
radio 8 56562
radio 8 56590
radio 8 57104
radio 8 57132
radio 8 57646
radio 8 57674
radio 8 58188
radio 8 58217
radio 8 58731
radio 8 58760
radio 8 59274
radio 8 59309
radio 8 59823
radio 8 59875
radio 8 60389
radio 8 60418
radio 8 60932
radio 8 60988
radio 8 61502
radio 8 61535
radio 8 62049
radio 8 62078
radio 8 62592
radio 8 62627
radio 8 63141
radio 8 63193
radio 8 63707
radio 8 63739
radio 8 64253
radio 8 64306
radio 8 64820
radio 8 64873
radio 8 65387
radio 8 65459
radio 9 437
radio 9 486
radio 9 999
delay 1 18 9 1197 9 366 18 15 65535 0 116 1 0
radio 9 2264
radio 9 2777
radio 9 2807
radio 9 3321
radio 9 3392
radio 9 3906
radio 9 3940
radio 9 4454
radio 9 4482
radio 9 4996
radio 9 5050
radio 9 5564
radio 9 5599
radio 9 6113
radio 9 6141
radio 9 6655
radio 9 6683
radio 9 7197
radio 9 7305
energy 9 7348 7 26024
radio 9 7819
radio 9 7850
radio 9 8364
radio 9 8420
radio 9 8934
radio 9 8982
radio 9 9496
radio 9 9545
radio 9 10059
radio 9 10207
radio 9 10721
radio 9 10769
radio 9 11283
radio 9 11300
radio 9 11813
radio 9 11884
radio 9 12398
radio 9 12432
radio 9 12946
radio 9 12974
radio 9 13488
radio 9 13556
radio 9 14070
radio 9 14119
radio 9 14633
radio 9 14650
radio 9 15163
radio 9 15235
radio 9 15749
radio 9 15783
radio 9 16297
radio 9 16333
radio 9 16847
radio 9 16915
radio 9 17429
radio 9 17478
radio 9 17992
radio 9 18065
radio 9 18579
radio 9 18630
radio 9 19144
radio 9 19219
radio 9 19733
radio 9 19781
radio 9 20295
radio 9 20325
radio 9 20839
radio 9 20871
radio 9 21385
delay 2 11 9 21462 9 21087 15 15 65535 0 54 1 0
radio 9 22543
radio 9 23057
radio 9 23138
radio 9 23651
radio 9 23683
radio 9 24197
radio 9 24226
radio 9 24740
radio 9 24776
radio 9 25290
radio 9 25326
radio 9 25840
radio 9 25868
radio 9 26382
radio 9 26410
radio 9 26924
radio 9 26952
radio 9 27466
radio 9 27534
radio 9 28048
radio 9 28136
radio 9 28650
radio 9 28685
radio 9 29199
radio 9 29227
radio 9 29741
radio 9 29809
radio 9 30323
radio 9 30392
radio 9 30906
radio 9 30975
radio 9 31489
radio 9 31517
radio 9 32031
radio 9 32061
radio 9 32575
radio 9 32628
radio 9 33142
radio 9 33215
radio 9 33729
radio 9 33781
radio 9 34295
radio 9 34312
radio 9 34825
radio 9 34861
radio 9 35375
radio 9 35425
radio 9 35939
radio 9 36047
radio 9 36561
radio 9 36793
radio 9 37307
radio 9 37361
radio 9 37875
radio 9 37908
radio 9 38422
radio 9 38450
radio 9 38964
radio 9 39040
radio 9 39554
radio 9 39603
radio 9 40117
radio 9 40147
radio 9 40661
radio 9 40712
radio 9 41226
radio 9 41298
radio 9 41812
delay 3 0 9 41830 9 42191 0 15 15 1 11 1 0
radio 9 42902
radio 9 43416
radio 9 43447
radio 9 43960
radio 9 43983
radio 9 44497
radio 9 44528
radio 9 45042
radio 9 45059
radio 9 45573
radio 9 45590
radio 9 46104
radio 9 46155
radio 9 46669
radio 9 46698
radio 9 47212
radio 9 47246
