Thread[Thread-1,5,main]tree 11 16 32 14 0 0
radio 7 33939
radio 7 33943
radio 7 33960
radio 7 34474
radio 7 34491
radio 7 35004
radio 7 35039
radio 7 35553
radio 7 35570
radio 7 36084
radio 7 36101
radio 7 36614
radio 7 36642
radio 7 37156
radio 7 37173
radio 7 37686
radio 7 37779
radio 7 38293
radio 7 38361
radio 7 38875
radio 7 38892
radio 7 39405
radio 7 39422
radio 7 39935
radio 7 39968
radio 7 40482
radio 7 40499
radio 7 41012
radio 7 41029
radio 7 41542
radio 7 41576
radio 7 42090
radio 7 42107
radio 7 42620
radio 7 42713
radio 7 43227
radio 7 43244
radio 7 43758
radio 7 43775
radio 7 44288
radio 7 44322
radio 7 44836
radio 7 44853
radio 7 45367
radio 7 45397
radio 7 45911
radio 7 45945
radio 7 46459
radio 7 46476
radio 7 46990
radio 7 47007
radio 7 47520
radio 7 47537
radio 7 48051
radio 7 48068
radio 7 48581
radio 7 48610
radio 7 49124
radio 7 49141
radio 7 49655
radio 7 49672
radio 7 50186
radio 7 50214
radio 7 50728
radio 7 50745
radio 7 51258
radio 7 51292
radio 7 51806
radio 7 51834
radio 7 52348
radio 7 52377
radio 7 52891
radio 7 52908
radio 7 53422
radio 7 53453
radio 7 53967
radio 7 53984
radio 7 54497
radio 7 54514
radio 7 55027
radio 7 55044
radio 7 55557
radio 7 55610
radio 7 56124
radio 7 56152
radio 7 56666
radio 7 56701
radio 7 57215
radio 7 57232
radio 7 57746
radio 7 57781
radio 7 58295
radio 7 58312
radio 7 58825
radio 7 58842
radio 7 59355
radio 7 59386
radio 7 59900
radio 7 59936
radio 7 60450
radio 7 60467
radio 7 60980
radio 7 61013
radio 7 61527
radio 7 61580
radio 7 62094
radio 7 62111
radio 7 62624
radio 7 62641
radio 7 63155
radio 7 63188
radio 7 63702
radio 7 63736
radio 7 64250
radio 7 64267
radio 7 64780
radio 7 64797
radio 7 65310
radio 7 65327
radio 8 304
radio 8 321
radio 8 834
radio 8 851
radio 8 1364
radio 8 1381
radio 8 1894
radio 8 1911
radio 8 2424
radio 8 2441
radio 8 2954
radio 8 2971
radio 8 3484
radio 8 3516
radio 8 4030
radio 8 4047
radio 8 4560
radio 8 4577
radio 8 5090
radio 8 5107
radio 8 5620
radio 8 5637
radio 8 6150
radio 8 6180
radio 8 6694
radio 8 6765
radio 8 7279
radio 8 7314
radio 8 7828
radio 8 7845
radio 8 8358
radio 8 8375
radio 8 8888
radio 8 8905
radio 8 9418
radio 8 9435
radio 8 9948
radio 8 9965
radio 8 10478
radio 8 10507
radio 8 11021
radio 8 11074
radio 8 11588
radio 8 11605
radio 8 12118
radio 8 12135
radio 8 12649
radio 8 12720
radio 8 13234
radio 8 13266
radio 8 13780
radio 8 13813
radio 8 14327
radio 8 14344
radio 8 14857
radio 8 14874
radio 8 15387
radio 8 15404
radio 8 15917
radio 8 15934
radio 8 16447
radio 8 16464
radio 8 16977
radio 8 16994
radio 8 17507
radio 8 17524
radio 8 18037
radio 8 18054
radio 8 18567
radio 8 18584
radio 8 19098
radio 8 19150
radio 8 19664
radio 8 19693
radio 8 20207
radio 8 20224
radio 8 20737
radio 8 20832
radio 8 21346
radio 8 21380
radio 8 21894
radio 8 21944
radio 8 22458
radio 8 22475
radio 8 22988
radio 8 23017
radio 8 23531
radio 8 23548
radio 8 24061
radio 8 24093
radio 8 24607
radio 8 24624
radio 8 25138
radio 8 25155
radio 8 25668
radio 8 25685
radio 8 26198
radio 8 26234
radio 8 26748
radio 8 26783
radio 8 27297
radio 8 27314
radio 8 27828
radio 8 27861
radio 8 28375
radio 8 28392
radio 8 28905
radio 8 28937
radio 8 29451
radio 8 29468
energy 8 29855 7 36226
radio 8 29981
radio 8 29998
radio 8 30512
radio 8 30541
radio 8 31055
radio 8 31111
radio 8 31625
radio 8 31642
radio 8 32155
radio 8 32186
radio 8 32700
radio 8 32753
radio 8 33267
radio 8 33315
radio 8 33829
radio 8 33899
radio 8 34413
radio 8 34447
radio 8 34961
radio 8 34978
radio 8 35492
radio 8 35542
radio 8 36056
radio 8 36105
radio 8 36619
radio 8 36649
radio 8 37163
radio 8 37180
radio 8 37694
radio 8 37711
radio 8 38224
radio 8 38241
radio 8 38755
radio 8 38789
radio 8 39303
radio 8 39413
radio 8 39927
radio 8 39944
radio 8 40458
radio 8 40512
radio 8 41026
radio 8 41043
radio 8 41557
radio 8 41574
radio 8 42088
radio 8 42120
radio 8 42634
radio 8 42669
radio 8 43183
radio 8 43200
radio 8 43714
radio 8 43731
radio 8 44245
radio 8 44274
radio 8 44788
radio 8 44805
radio 8 45319
delay 0 30 8 45343 8 45706 18 18 65535 0 359 0 0
radio 8 45353
radio 8 45866
radio 8 46157
radio 8 46670
radio 8 46701
radio 8 47215
radio 8 47232
radio 8 47746
radio 8 47763
radio 8 48277
radio 8 48294
radio 8 48807
radio 8 48824
radio 8 49338
radio 8 49355
radio 8 49868
radio 8 49885
radio 8 50399
radio 8 50429
radio 8 50943
radio 8 50960
radio 8 51474
radio 8 51491
radio 8 52005
radio 8 52022
radio 8 52535
radio 8 52565
radio 8 53079
radio 8 53127
radio 8 53641
radio 8 53672
radio 8 54186
radio 8 54203
radio 8 54716
radio 8 54770
radio 8 55284
radio 8 55314
radio 8 55828
radio 8 55845
radio 8 56358
radio 8 56375
radio 8 56888
radio 8 56905
radio 8 57419
radio 8 57436
radio 8 57949
radio 8 57966
radio 8 58479
radio 8 58509
radio 8 59023
radio 8 59054
radio 8 59568
radio 8 59585
radio 8 60099
radio 8 60153
radio 8 60667
radio 8 60684
radio 8 61197
radio 8 61229
radio 8 61743
radio 8 61797
radio 8 62311
radio 8 62342
radio 8 62856
radio 8 62873
radio 8 63387
radio 8 63404
radio 8 63917
radio 8 63950
radio 8 64464
radio 8 64492
radio 8 65006
radio 8 65023
radio 9 1
delay 1 22 9 17 9 205 18 18 65535 0 37 1 0
radio 9 1086
radio 9 1600
radio 9 1629
radio 9 2143
radio 9 2175
radio 9 2689
radio 9 2723
radio 9 3237
radio 9 3254
radio 9 3767
radio 9 3797
radio 9 4311
radio 9 4342
radio 9 4856
radio 9 4885
radio 9 5399
radio 9 5428
radio 9 5942
radio 9 5959
radio 9 6472
radio 9 6489
radio 9 7002
radio 9 7057
radio 9 7571
radio 9 7624
radio 9 8138
radio 9 8155
radio 9 8668
radio 9 8685
radio 9 9198
radio 9 9229
radio 9 9743
radio 9 9760
radio 9 10273
radio 9 10290
radio 9 10803
radio 9 10820
radio 9 11333
radio 9 11350
radio 9 11864
radio 9 11881
radio 9 12395
radio 9 12430
radio 9 12944
radio 9 12961
radio 9 13474
radio 9 13491
radio 9 14005
radio 9 14022
radio 9 14535
radio 9 14552
radio 9 15066
radio 9 15083
radio 9 15597
radio 9 15614
radio 9 16127
radio 9 16182
radio 9 16696
radio 9 16746
radio 9 17260
radio 9 17291
radio 9 17805
radio 9 17835
radio 9 18349
radio 9 18366
radio 9 18879
radio 9 18896
radio 9 19409
radio 9 19437
radio 9 19951
radio 9 19985
radio 9 20499
delay 2 11 9 20516 9 21187 15 18 3 0 154 0 0
radio 9 20524
radio 9 21039
radio 9 21166
radio 9 21679
radio 9 21698
radio 9 22211
radio 9 22228
radio 9 22741
radio 9 22758
radio 9 23271
radio 9 23306
radio 9 23820
radio 9 23837
radio 9 24350
radio 9 24382
radio 9 24896
radio 9 24928
radio 9 25442
radio 9 25474
energy 9 25759 7 40025
radio 9 25988
radio 9 26043
radio 9 26557
radio 9 26585
radio 9 27099
radio 9 27116
radio 9 27629
radio 9 27657
radio 9 28171
radio 9 28202
radio 9 28716
radio 9 28765
radio 9 29279
radio 9 29331
radio 9 29845
radio 9 29953
radio 9 30467
radio 9 30496
radio 9 31010
radio 9 31084
radio 9 31598
radio 9 31631
radio 9 32145
radio 9 32175
radio 9 32689
radio 9 32706
radio 9 33220
radio 9 33237
radio 9 33750
radio 9 33783
radio 9 34297
radio 9 34314
radio 9 34828
radio 9 34882
radio 9 35396
radio 9 35413
radio 9 35927
radio 9 35957
radio 9 36471
radio 9 36565
radio 9 37079
radio 9 37096
radio 9 37609
radio 9 37626
radio 9 38139
radio 9 38172
radio 9 38686
radio 9 38703
radio 9 39216
radio 9 39233
radio 9 39746
radio 9 39782
radio 9 40296
radio 9 40324
radio 9 40838
delay 3 48 9 40857 9 40756 25 18 65535 0 20 1 0
radio 9 42080
radio 9 42593
radio 9 42652
radio 9 43165
radio 9 43215
radio 9 43728
radio 9 43745
radio 9 44259
radio 9 44276
radio 9 44789
radio 9 44806
radio 9 45320
radio 9 45369
radio 9 45883
radio 9 45916
