Thread[Thread-1,5,main]tree 35 17 12 14 0 0
radio 7 6327
radio 7 6331
radio 7 6362
radio 7 6876
radio 7 6904
radio 7 7418
radio 7 7446
radio 7 7960
radio 7 7988
radio 7 8502
radio 7 8519
radio 7 9032
radio 7 9049
radio 7 9562
radio 7 9596
radio 7 10110
radio 7 10138
radio 7 10652
radio 7 10669
radio 7 11183
radio 7 11200
radio 7 11714
radio 7 11731
radio 7 12245
radio 7 12262
radio 7 12776
radio 7 12793
radio 7 13307
radio 7 13324
radio 7 13838
radio 7 13855
radio 7 14368
radio 7 14385
radio 7 14899
radio 7 14928
radio 7 15442
radio 7 15470
radio 7 15984
radio 7 16019
radio 7 16533
radio 7 16582
radio 7 17096
radio 7 17113
radio 7 17627
radio 7 17644
radio 7 18158
radio 7 18189
radio 7 18703
radio 7 18755
radio 7 19269
radio 7 19297
radio 7 19811
radio 7 19828
radio 7 20341
radio 7 20389
radio 7 20903
radio 7 20952
radio 7 21466
radio 7 21498
radio 7 22012
radio 7 22040
radio 7 22554
radio 7 22584
radio 7 23098
radio 7 23115
radio 7 23628
radio 7 23680
radio 7 24194
radio 7 24225
radio 7 24739
radio 7 24756
radio 7 25270
radio 7 25321
radio 7 25835
radio 7 25885
radio 7 26399
radio 7 26416
radio 7 26930
radio 7 26960
radio 7 27474
radio 7 27491
radio 7 28004
radio 7 28036
radio 7 28550
radio 7 28580
radio 7 29094
radio 7 29122
radio 7 29636
radio 7 29689
radio 7 30203
radio 7 30232
radio 7 30746
radio 7 30763
radio 7 31277
radio 7 31294
radio 7 31807
radio 7 31856
radio 7 32370
radio 7 32387
radio 7 32901
radio 7 32931
radio 7 33445
radio 7 33481
radio 7 33995
radio 7 34012
radio 7 34525
radio 7 34542
radio 7 35056
radio 7 35073
radio 7 35587
radio 7 35617
radio 7 36131
radio 7 36148
radio 7 36662
radio 7 36693
radio 7 37207
radio 7 37224
radio 7 37738
radio 7 37786
radio 7 38300
radio 7 38317
radio 7 38831
radio 7 38848
radio 7 39362
radio 7 39411
radio 7 39925
radio 7 39955
radio 7 40469
radio 7 40500
radio 7 41014
radio 7 41031
radio 7 41545
radio 7 41718
radio 7 42232
radio 7 42280
radio 7 42794
radio 7 42942
radio 7 43456
radio 7 43490
radio 7 44004
radio 7 44072
radio 7 44586
radio 7 44619
radio 7 45133
radio 7 45150
radio 7 45664
radio 7 45681
radio 7 46194
radio 7 46211
radio 7 46725
radio 7 46742
radio 7 47256
radio 7 47273
radio 7 47787
radio 7 47822
radio 7 48336
radio 7 48353
radio 7 48866
radio 7 48883
radio 7 49397
radio 7 49433
radio 7 49947
radio 7 50002
radio 7 50516
radio 7 50533
radio 7 51046
radio 7 51063
radio 7 51576
radio 7 51593
radio 7 52107
radio 7 52143
radio 7 52657
radio 7 52674
radio 7 53188
radio 7 53223
radio 7 53737
radio 7 53767
radio 7 54281
radio 7 54329
radio 7 54843
radio 7 54872
radio 7 55386
radio 7 55417
radio 7 55931
radio 7 55960
radio 7 56474
radio 7 56491
radio 7 57005
radio 7 57055
radio 7 57569
radio 7 57586
radio 7 58100
radio 7 58132
radio 7 58646
radio 7 58675
radio 7 59189
radio 7 59219
radio 7 59733
radio 7 59781
radio 7 60295
radio 7 60330
radio 7 60844
radio 7 60861
radio 7 61375
radio 7 61425
radio 7 61939
radio 7 61988
radio 7 62502
radio 7 62534
radio 7 63048
radio 7 63065
radio 7 63579
radio 7 63629
radio 7 64143
radio 7 64192
radio 7 64706
radio 7 64735
radio 7 65249
radio 7 65279
radio 8 257
radio 8 274
radio 8 787
radio 8 804
radio 8 1317
radio 8 1353
radio 8 1867
radio 8 1884
energy 8 2243 7 9151
radio 8 2397
radio 8 2414
radio 8 2927
radio 8 2944
radio 8 3457
radio 8 3474
radio 8 3987
radio 8 4017
radio 8 4531
radio 8 4567
radio 8 5081
radio 8 5098
radio 8 5611
radio 8 5643
radio 8 6157
radio 8 6174
radio 8 6687
radio 8 6704
radio 8 7217
radio 8 7248
radio 8 7762
radio 8 7792
radio 8 8306
radio 8 8341
radio 8 8855
radio 8 8885
radio 8 9399
radio 8 9416
radio 8 9929
radio 8 9981
radio 8 10495
radio 8 10527
radio 8 11041
radio 8 11070
radio 8 11584
radio 8 11601
radio 8 12115
radio 8 12147
radio 8 12661
radio 8 12678
radio 8 13192
radio 8 13243
radio 8 13757
radio 8 13774
radio 8 14288
radio 8 14317
radio 8 14831
radio 8 14863
radio 8 15377
radio 8 15406
radio 8 15920
radio 8 15937
radio 8 16451
radio 8 16479
radio 8 16993
radio 8 17010
radio 8 17523
radio 8 17540
radio 8 18053
radio 8 18070
radio 8 18583
radio 8 18600
radio 8 19114
radio 8 19143
radio 8 19657
radio 8 19674
radio 8 20188
radio 8 20205
radio 8 20719
radio 8 20749
radio 8 21263
radio 8 21280
radio 8 21793
radio 8 21828
radio 8 22342
radio 8 22392
radio 8 22906
radio 8 22923
radio 8 23436
radio 8 23453
radio 8 23967
radio 8 23984
radio 8 24498
radio 8 24550
radio 8 25064
radio 8 25094
radio 8 25608
radio 8 25625
radio 8 26138
radio 8 26155
radio 8 26669
radio 8 26719
radio 8 27233
radio 8 27283
radio 8 27797
radio 8 27845
radio 8 28359
radio 8 28388
radio 8 28902
radio 8 28919
radio 8 29433
radio 8 29486
radio 8 30000
radio 8 30017
radio 8 30531
radio 8 30586
radio 8 31100
radio 8 31132
radio 8 31646
radio 8 31679
radio 8 32193
radio 8 32210
radio 8 32723
radio 8 32751
radio 8 33265
radio 8 33282
radio 8 33796
radio 8 33847
radio 8 34361
radio 8 34378
radio 8 34892
radio 8 34909
radio 8 35422
radio 8 35451
radio 8 35965
radio 8 35982
radio 8 36495
radio 8 36512
radio 8 37025
radio 8 37042
radio 8 37556
radio 8 37585
radio 8 38099
radio 8 38191
radio 8 38705
radio 8 38722
radio 8 39235
radio 8 39266
radio 8 39780
radio 8 39812
radio 8 40326
radio 8 40360
radio 8 40874
radio 8 40908
radio 8 41422
radio 8 41439
radio 8 41952
radio 8 41969
radio 8 42482
radio 8 42510
radio 8 43024
radio 8 43041
radio 8 43554
radio 8 43587
radio 8 44101
radio 8 44134
radio 8 44648
radio 8 44679
radio 8 45193
delay 0 24 8 45239 8 45838 16 18 2 0 366 0 0
radio 8 45246
radio 8 45761
radio 8 45780
radio 8 46293
radio 8 46309
radio 8 46822
radio 8 46855
radio 8 47369
radio 8 47405
radio 8 47919
radio 8 47936
radio 8 48449
radio 8 48466
radio 8 48980
radio 8 49014
radio 8 49528
radio 8 49577
radio 8 50091
radio 8 50144
radio 8 50658
radio 8 50675
radio 8 51189
radio 8 51206
radio 8 51720
radio 8 51756
radio 8 52270
radio 8 52306
radio 8 52820
radio 8 52870
radio 8 53384
radio 8 53417
radio 8 53931
radio 8 53980
radio 8 54494
radio 8 54530
radio 8 55044
radio 8 55078
radio 8 55592
radio 8 55624
radio 8 56138
radio 8 56171
radio 8 56685
radio 8 56702
radio 8 57215
radio 8 57267
radio 8 57781
radio 8 57798
radio 8 58312
radio 8 58329
radio 8 58843
radio 8 58916
radio 8 59430
radio 8 59459
radio 8 59973
radio 8 60005
radio 8 60519
radio 8 60551
radio 8 61065
radio 8 61118
radio 8 61632
radio 8 61649
radio 8 62162
radio 8 62179
radio 8 62692
radio 8 62721
radio 8 63235
radio 8 63252
energy 8 63683 7 11738
radio 8 63765
radio 8 63795
radio 8 64309
radio 8 64326
radio 8 64839
radio 8 64892
radio 8 65406
delay 1 46 9 30 9 20 16 18 2 0 21 1 0
radio 9 1091
radio 9 1604
radio 9 1632
radio 9 2146
radio 9 2163
radio 9 2676
radio 9 2711
radio 9 3225
radio 9 3242
radio 9 3755
radio 9 3787
radio 9 4301
radio 9 4318
radio 9 4831
radio 9 4848
radio 9 5361
radio 9 5397
radio 9 5911
radio 9 5963
radio 9 6477
radio 9 6508
radio 9 7022
radio 9 7056
radio 9 7570
radio 9 7599
radio 9 8113
radio 9 8164
radio 9 8678
radio 9 8707
radio 9 9221
radio 9 9238
radio 9 9751
radio 9 9785
radio 9 10299
radio 9 10332
radio 9 10846
radio 9 10882
radio 9 11396
radio 9 11449
radio 9 11963
radio 9 11980
radio 9 12493
radio 9 12522
radio 9 13036
radio 9 13053
radio 9 13566
radio 9 13598
radio 9 14112
radio 9 14141
radio 9 14655
radio 9 14672
radio 9 15185
radio 9 15202
radio 9 15716
radio 9 15744
radio 9 16258
radio 9 16289
radio 9 16803
radio 9 16820
radio 9 17333
radio 9 17350
radio 9 17863
radio 9 17897
radio 9 18411
radio 9 18428
radio 9 18941
radio 9 18971
radio 9 19485
radio 9 19502
radio 9 20016
radio 9 20052
radio 9 20566
delay 2 43 9 20984 9 21016 16 18 2 0 412 0 0
radio 9 20992
radio 9 21506
radio 9 21606
radio 9 22120
radio 9 22137
radio 9 22650
radio 9 22679
radio 9 23193
radio 9 23228
radio 9 23742
radio 9 23770
radio 9 24284
radio 9 24301
radio 9 24814
radio 9 24831
radio 9 25345
radio 9 25362
radio 9 25875
radio 9 25892
radio 9 26406
radio 9 26437
radio 9 26951
radio 9 26980
radio 9 27494
radio 9 27511
radio 9 28025
radio 9 28042
radio 9 28556
radio 9 28647
radio 9 29161
radio 9 29178
radio 9 29691
radio 9 29726
radio 9 30240
radio 9 30310
radio 9 30824
radio 9 30874
radio 9 31388
radio 9 31484
radio 9 31998
radio 9 32015
radio 9 32528
radio 9 32562
radio 9 33076
radio 9 33108
radio 9 33622
radio 9 33639
radio 9 34153
radio 9 34202
radio 9 34716
radio 9 34750
radio 9 35264
radio 9 35281
radio 9 35794
radio 9 35828
radio 9 36342
radio 9 36376
radio 9 36890
radio 9 36919
radio 9 37433
radio 9 37450
radio 9 37963
radio 9 37994
radio 9 38508
radio 9 38525
radio 9 39038
radio 9 39090
radio 9 39604
radio 9 39621
radio 9 40134
radio 9 40151
radio 9 40665
radio 9 40682
radio 9 41195
delay 3 12 9 41968 9 42539 9 18 9 0 838 0 0
radio 9 41976
radio 9 42490
radio 9 42837
radio 9 43350
radio 9 43378
radio 9 43892
radio 9 43922
radio 9 44436
radio 9 44464
radio 9 44978
radio 9 45006
radio 9 45520
radio 9 45548
radio 9 46062
radio 9 46090
