Thread[Thread-1,5,main]tree 18 14 0 20 0 0
radio 8 56539
radio 8 56543
radio 8 56560
radio 8 57073
radio 8 57090
radio 8 57603
radio 8 57620
radio 8 58133
radio 8 58150
radio 8 58663
radio 8 58695
radio 8 59209
radio 8 59323
radio 8 59837
radio 8 59932
radio 8 60446
radio 8 60463
radio 8 60976
radio 8 60993
radio 8 61506
radio 8 61523
radio 8 62036
delay 125 18 8 62049 8 56041 11 9 65535 0 65535 0 0
radio 8 62057
radio 8 62571
radio 8 62606
radio 8 63120
radio 8 63164
radio 8 63677
radio 8 63706
radio 8 64220
radio 8 64272
radio 8 64786
radio 8 64842
radio 8 65356
radio 8 65373
radio 9 350
radio 9 367
radio 9 880
radio 9 909
radio 9 1422
radio 9 1439
radio 9 1952
radio 9 1987
radio 9 2500
radio 9 2517
radio 9 3030
radio 9 3085
radio 9 3599
radio 9 3616
radio 9 4129
radio 9 4146
radio 9 4659
radio 9 4691
radio 9 5205
radio 9 5254
radio 9 5767
radio 9 5795
radio 9 6309
radio 9 6357
radio 9 6871
radio 9 6902
radio 9 7416
radio 9 7446
radio 9 7960
radio 9 7996
radio 9 8510
radio 9 8527
radio 9 9040
radio 9 9057
radio 9 9570
radio 9 9587
radio 9 10100
radio 9 10117
radio 9 10630
radio 9 10647
radio 9 11160
radio 9 11235
radio 9 11749
radio 9 11766
radio 9 12279
radio 9 12296
radio 9 12809
radio 9 12840
radio 9 13354
radio 9 13404
radio 9 13918
radio 9 14006
radio 9 14520
radio 9 14537
radio 9 15050
radio 9 15160
radio 9 15674
radio 9 15709
radio 9 16223
radio 9 16240
radio 9 16753
radio 9 16785
radio 9 17299
radio 9 17368
radio 9 17882
radio 9 17899
radio 9 18412
radio 9 18448
radio 9 18962
radio 9 18979
radio 9 19492
radio 9 19509
radio 9 20022
radio 9 20073
radio 9 20587
radio 9 20604
radio 9 21117
radio 9 21134
radio 9 21647
radio 9 21664
radio 9 22177
radio 9 22208
radio 9 22722
radio 9 22772
radio 9 23286
radio 9 23319
radio 9 23833
radio 9 23850
radio 9 24363
radio 9 24399
radio 9 24913
radio 9 24930
radio 9 25443
radio 9 25460
radio 9 25973
radio 9 25990
radio 9 26503
radio 9 26535
radio 9 27049
radio 9 27066
radio 9 27579
radio 9 27608
radio 9 28122
radio 9 28152
radio 9 28666
radio 9 28698
radio 9 29212
radio 9 29229
radio 9 29742
radio 9 29772
radio 9 30286
radio 9 30303
radio 9 30816
radio 9 30833
radio 9 31346
radio 9 31396
radio 9 31910
radio 9 31938
radio 9 32452
radio 9 32469
radio 9 32982
radio 9 33013
radio 9 33527
radio 9 33560
radio 9 34074
radio 9 34091
radio 9 34604
radio 9 34621
radio 9 35134
radio 9 35164
radio 9 35678
radio 9 35695
radio 9 36208
radio 9 36239
radio 9 36753
radio 9 36787
radio 9 37301
radio 9 37337
radio 9 37851
radio 9 37881
radio 9 38395
radio 9 38412
radio 9 38925
radio 9 38942
radio 9 39455
radio 9 39472
radio 9 39985
radio 9 40019
radio 9 40533
radio 9 40568
radio 9 41082
radio 9 41118
radio 9 41632
radio 9 41668
radio 9 42182
radio 9 42199
radio 9 42712
radio 9 42743
radio 9 43257
radio 9 43274
radio 9 43787
radio 9 43804
radio 9 44317
radio 9 44346
radio 9 44860
radio 9 44893
radio 9 45407
radio 9 45424
radio 9 45937
radio 9 45990
radio 9 46504
radio 9 46534
radio 9 47048
radio 9 47065
radio 9 47578
radio 9 47612
radio 9 48126
radio 9 48143
radio 9 48656
radio 9 48673
radio 9 49186
radio 9 49239
radio 9 49753
radio 9 49782
radio 9 50296
radio 9 50313
radio 9 50826
radio 9 50843
radio 9 51356
radio 9 51373
radio 9 51886
radio 9 51918
radio 9 52432
energy 9 52454 8 59201
radio 9 52500
radio 9 53014
radio 9 53031
radio 9 53544
radio 9 53592
radio 9 54106
radio 9 54123
radio 9 54636
radio 9 54653
radio 9 55166
radio 9 55183
radio 9 55696
radio 9 55730
radio 9 56244
radio 9 56261
radio 9 56774
radio 9 56791
radio 9 57304
radio 9 57321
radio 9 57834
radio 9 57851
radio 9 58364
radio 9 58393
radio 9 58907
radio 9 58955
radio 9 59469
radio 9 59486
radio 9 59999
radio 9 60016
radio 9 60529
radio 9 60562
radio 9 61076
radio 9 61093
radio 9 61606
radio 9 61623
radio 9 62136
radio 9 62153
radio 9 62666
radio 9 62683
radio 9 63196
radio 9 63292
radio 9 63806
radio 9 63842
radio 9 64356
radio 9 64373
radio 9 64886
radio 9 64903
radio 9 65416
radio 9 65433
radio 10 410
radio 10 427
radio 10 940
radio 10 991
radio 10 1504
radio 10 1521
radio 10 2034
radio 10 2051
radio 10 2564
radio 10 2593
radio 10 3107
radio 10 3141
radio 10 3655
radio 10 3672
radio 10 4185
radio 10 4202
radio 10 4715
radio 10 4732
radio 10 5245
radio 10 5278
radio 10 5792
radio 10 5809
radio 10 6322
radio 10 6339
radio 10 6852
radio 10 6885
radio 10 7399
radio 10 7433
radio 10 7947
radio 10 7964
radio 10 8477
radio 10 8494
radio 10 9007
radio 10 9024
radio 10 9537
radio 10 9570
radio 10 10084
radio 10 10101
radio 10 10614
radio 10 10643
radio 10 11157
radio 10 11174
radio 10 11687
radio 10 11717
radio 10 12231
radio 10 12248
radio 10 12761
radio 10 12855
radio 10 13369
radio 10 13386
radio 10 13899
delay 0 12 10 14026 10 14516 9 9 65535 0 22 1 0
radio 10 15100
radio 10 15614
radio 10 15631
radio 10 16144
radio 10 16292
radio 10 16806
radio 10 16823
radio 10 17336
radio 10 17370
radio 10 17884
radio 10 17916
radio 10 18430
radio 10 18502
radio 10 19016
radio 10 19065
radio 10 19579
radio 10 19615
radio 10 20129
radio 10 20181
radio 10 20695
radio 10 20712
radio 10 21225
radio 10 21242
radio 10 21755
radio 10 21789
radio 10 22303
radio 10 22320
radio 10 22833
radio 10 22850
radio 10 23363
radio 10 23393
radio 10 23907
radio 10 23956
radio 10 24470
radio 10 24487
radio 10 25000
radio 10 25036
radio 10 25550
radio 10 25567
radio 10 26080
radio 10 26128
radio 10 26642
radio 10 26659
radio 10 27172
radio 10 27189
radio 10 27702
radio 10 27731
radio 10 28245
radio 10 28275
radio 10 28789
radio 10 28819
radio 10 29333
radio 10 29350
radio 10 29863
radio 10 29880
radio 10 30394
radio 10 30450
radio 10 30964
radio 10 30993
radio 10 31507
radio 10 31524
radio 10 32037
radio 10 32054
radio 10 32567
radio 10 32584
radio 10 33097
radio 10 33114
radio 10 33627
radio 10 33644
radio 10 34157
radio 10 34245
radio 10 34759
delay 1 34 10 35414 10 35361 20 9 65535 0 739 0 0
radio 10 35422
radio 10 35937
radio 10 36009
radio 10 36523
radio 10 36539
radio 10 37053
radio 10 37070
radio 10 37583
radio 10 37617
radio 10 38131
radio 10 38148
radio 10 38662
radio 10 38679
radio 10 39192
radio 10 39262
radio 10 39776
radio 10 39865
radio 10 40379
radio 10 40396
radio 10 40909
radio 10 40926
radio 10 41439
radio 10 41470
radio 10 41984
radio 10 42001
radio 10 42514
radio 10 42531
radio 10 43044
radio 10 43073
radio 10 43587
radio 10 43604
radio 10 44117
radio 10 44134
radio 10 44647
radio 10 44681
radio 10 45195
radio 10 45243
radio 10 45757
radio 10 45786
radio 10 46300
radio 10 46317
radio 10 46830
radio 10 46879
radio 10 47393
radio 10 47444
radio 10 47958
radio 10 47975
energy 10 48358 8 63592
radio 10 48488
radio 10 48505
radio 10 49018
radio 10 49049
radio 10 49563
radio 10 49580
radio 10 50093
radio 10 50110
radio 10 50623
radio 10 50640
radio 10 51153
radio 10 51187
radio 10 51701
radio 10 51736
radio 10 52250
radio 10 52267
radio 10 52780
radio 10 52809
radio 10 53323
radio 10 53354
radio 10 53868
radio 10 53885
radio 10 54398
radio 10 54486
radio 10 55000
delay 2 22 10 55104 10 55375 16 9 65535 0 155 1 0
radio 10 56172
radio 10 56685
radio 10 56717
radio 10 57231
radio 10 57260
radio 10 57774
radio 10 57825
radio 10 58339
radio 10 58356
radio 10 58869
radio 10 58886
radio 10 59399
radio 10 59416
radio 10 59929
radio 10 59963
radio 10 60477
radio 10 60494
radio 10 61007
radio 10 61037
radio 10 61551
radio 10 61581
radio 10 62095
radio 10 62112
radio 10 62625
radio 10 62642
radio 10 63155
radio 10 63186
radio 10 63700
radio 10 63717
radio 10 64230
radio 10 64247
radio 10 64760
radio 10 64777
radio 10 65290
radio 10 65322
radio 11 300
radio 11 333
radio 11 846
radio 11 875
radio 11 1388
radio 11 1405
radio 11 1918
radio 11 1935
radio 11 2448
radio 11 2481
radio 11 2995
radio 11 3012
radio 11 3525
radio 11 3542
radio 11 4055
radio 11 4086
radio 11 4600
radio 11 4630
radio 11 5144
radio 11 5161
radio 11 5674
radio 11 5691
radio 11 6204
radio 11 6252
radio 11 6766
radio 11 6783
radio 11 7296
radio 11 7330
radio 11 7844
radio 11 7874
radio 11 8388
radio 11 8457
radio 11 8971
radio 11 8988
radio 11 9501
radio 11 9518
radio 11 10031
delay 3 42 11 10073 11 9882 9 9 65535 0 345 0 0
radio 11 10081
radio 11 10596
radio 11 10639
radio 11 11152
radio 11 11315
radio 11 11828
radio 11 11845
radio 11 12358
radio 11 12386
radio 11 12900
radio 11 12931
radio 11 13445
radio 11 13480
radio 11 13994
radio 11 14030
radio 11 14544
radio 11 14561
radio 11 15074
radio 11 15108
radio 11 15622
radio 11 15656
radio 11 16170
radio 11 16187
radio 11 16700
radio 11 16717
radio 11 17230
radio 11 17261
radio 11 17775
radio 11 17867
radio 11 18381
radio 11 18429
radio 11 18943
radio 11 18973
radio 11 19487
radio 11 19504
radio 11 20017
radio 11 20047
radio 11 20561
radio 11 20595
radio 11 21109
radio 11 21126
radio 11 21639
radio 11 21668
radio 11 22182
radio 11 22199
radio 11 22712
radio 11 22741
radio 11 23255
radio 11 23272
radio 11 23785
radio 11 23802
radio 11 24315
radio 11 24332
radio 11 24845
radio 11 24920
radio 11 25434
radio 11 25465
radio 11 25979
radio 11 26090
radio 11 26604
radio 11 26696
radio 11 27210
radio 11 27245
radio 11 27759
radio 11 27855
radio 11 28369
radio 11 28417
radio 11 28931
radio 11 28960
radio 11 29474
radio 11 29491
radio 11 30004
radio 11 30021
radio 11 30534
delay 4 22 11 31640 11 31911 16 9 65535 0 1026 0 0
radio 11 31648
radio 11 32162
radio 11 32184
radio 11 32697
radio 11 32714
radio 11 33227
radio 11 33302
radio 11 33816
radio 11 33833
radio 11 34346
radio 11 34378
radio 11 34892
radio 11 34928
