Thread[Thread-1,5,main]tree 47 15 3 14 0 0
radio 3 37960
radio 3 37964
radio 3 37998
radio 3 38512
radio 3 38540
radio 3 39054
radio 3 39126
radio 3 39640
radio 3 39657
radio 3 40171
radio 3 40279
radio 3 40793
delay 1000 46 3 40837 3 54494 15 14 65535 0 14623 0 0
radio 3 40846
radio 3 41360
radio 3 41376
radio 3 41890
radio 3 41905
radio 3 42419
radio 3 42471
radio 3 42985
radio 3 43021
radio 3 43535
radio 3 43552
radio 3 44066
delay 28 8 3 44090 3 54487 15 14 65535 0 10340 0 0
radio 3 44100
radio 3 44613
radio 3 44652
radio 3 45166
radio 3 45206
radio 3 45719
radio 3 45733
radio 3 46247
radio 3 46264
radio 3 46778
radio 3 46827
radio 3 47341
radio 3 47396
radio 3 47910
delay 142 24 3 47928 3 55522 9 14 5 0 8490 0 0
radio 3 47936
radio 3 48451
radio 3 48542
radio 3 49056
radio 3 49073
radio 3 49587
radio 3 49604
radio 3 50118
radio 3 50135
radio 3 50649
radio 3 50666
radio 3 51179
delay 71 44 3 51269 3 56788 15 14 65535 0 6674 0 0
radio 3 51277
radio 3 51791
radio 3 51826
radio 3 52339
radio 3 52361
radio 3 52874
radio 3 52922
radio 3 53436
radio 3 53484
radio 3 53998
radio 3 54034
radio 3 54548
radio 3 54582
radio 3 55096
radio 3 55127
radio 3 55641
radio 3 55658
radio 3 56172
radio 3 56189
radio 3 56703
radio 3 56736
radio 3 57250
radio 3 57283
radio 3 57797
radio 3 57847
radio 3 58361
radio 3 58409
radio 3 58923
radio 3 58940
radio 3 59454
radio 3 59471
radio 3 59985
radio 3 60002
radio 3 60516
radio 3 60533
radio 3 61047
radio 3 61083
radio 3 61597
radio 3 61669
radio 3 62183
radio 3 62200
radio 3 62714
radio 3 62746
radio 3 63260
radio 3 63277
radio 3 63791
radio 3 63808
radio 3 64322
radio 3 64353
radio 3 64867
radio 3 64884
radio 3 65398
radio 3 65428
radio 4 406
radio 4 441
radio 4 954
radio 4 971
radio 4 1484
radio 4 1536
radio 4 2050
radio 4 2100
radio 4 2614
radio 4 2631
radio 4 3144
radio 4 3161
radio 4 3674
radio 4 3708
radio 4 4222
radio 4 4271
radio 4 4785
radio 4 4802
radio 4 5315
radio 4 5332
radio 4 5845
radio 4 5862
radio 4 6375
radio 4 6392
radio 4 6905
radio 4 6922
radio 4 7435
radio 4 7452
radio 4 7965
radio 4 7997
radio 4 8511
radio 4 8567
radio 4 9081
radio 4 9129
radio 4 9643
radio 4 9660
radio 4 10173
radio 4 10202
radio 4 10716
radio 4 10770
radio 4 11284
radio 4 11332
radio 4 11846
radio 4 11878
radio 4 12392
radio 4 12409
radio 4 12923
radio 4 12954
radio 4 13468
radio 4 13497
radio 4 14011
radio 4 14028
radio 4 14542
radio 4 14574
radio 4 15088
radio 4 15121
radio 4 15635
radio 4 15652
radio 4 16166
radio 4 16220
radio 4 16734
radio 4 16803
radio 4 17317
radio 4 17369
radio 4 17883
radio 4 17934
radio 4 18448
radio 4 18481
radio 4 18995
radio 4 19051
radio 4 19565
radio 4 19634
radio 4 20148
radio 4 20165
radio 4 20679
radio 4 20733
radio 4 21247
radio 4 21275
radio 4 21789
radio 4 21806
radio 4 22320
radio 4 22350
radio 4 22864
radio 4 22881
radio 4 23395
radio 4 23423
radio 4 23937
radio 4 23965
radio 4 24479
radio 4 24535
radio 4 25049
radio 4 25066
radio 4 25580
radio 4 25616
radio 4 26130
radio 4 26186
radio 4 26700
radio 4 26717
radio 4 27231
radio 4 27248
radio 4 27762
radio 4 27797
radio 4 28311
radio 4 28328
radio 4 28842
radio 4 28859
radio 4 29373
radio 4 29429
radio 4 29943
radio 4 29991
radio 4 30505
radio 4 30522
radio 4 31036
radio 4 31053
radio 4 31567
radio 4 31584
radio 4 32098
radio 4 32115
radio 4 32629
radio 4 32681
radio 4 33195
radio 4 33244
radio 4 33758
radio 4 33792
energy 4 33876 3 41071
radio 4 34306
radio 4 34356
radio 4 34870
radio 4 34919
radio 4 35433
radio 4 35502
radio 4 36016
radio 4 36033
radio 4 36547
radio 4 36597
radio 4 37111
radio 4 37128
radio 4 37642
radio 4 37659
radio 4 38173
radio 4 38243
radio 4 38757
radio 4 38806
radio 4 39320
radio 4 39357
radio 4 39871
radio 4 39919
radio 4 40433
radio 4 40462
radio 4 40976
radio 4 41106
radio 4 41620
radio 4 41653
radio 4 42167
radio 4 42255
radio 4 42769
radio 4 42797
radio 4 43311
radio 4 43328
radio 4 43842
radio 4 43859
radio 4 44373
radio 4 44390
radio 4 44904
radio 4 44956
radio 4 45470
radio 4 45502
radio 4 46016
radio 4 46046
radio 4 46560
radio 4 46595
radio 4 47109
radio 4 47138
radio 4 47652
radio 4 47669
radio 4 48183
radio 4 48236
radio 4 48750
radio 4 48781
radio 4 49295
radio 4 49351
radio 4 49865
radio 4 49914
radio 4 50428
radio 4 50445
radio 4 50959
radio 4 51007
radio 4 51521
radio 4 51595
radio 4 52109
radio 4 52139
radio 4 52653
radio 4 52670
radio 4 53184
radio 4 53220
radio 4 53734
radio 4 53751
radio 4 54265
radio 4 54318
radio 4 54832
radio 4 54860
radio 4 55374
radio 4 55391
radio 4 55905
radio 4 55956
radio 4 56470
radio 4 56521
radio 4 57035
radio 4 57052
radio 4 57566
radio 4 57594
radio 4 58108
radio 4 58125
radio 4 58639
radio 4 58692
radio 4 59206
radio 4 59236
radio 4 59750
radio 4 59767
radio 4 60281
radio 4 60298
radio 4 60812
radio 4 60848
radio 4 61362
radio 4 61411
radio 4 61925
radio 4 61974
radio 4 62488
radio 4 62521
radio 4 63035
radio 4 63084
radio 4 63598
radio 4 63650
radio 4 64164
radio 4 64181
radio 4 64695
radio 4 64723
radio 4 65237
radio 4 65254
radio 5 232
radio 5 281
radio 5 794
radio 5 842
radio 5 1355
radio 5 1372
radio 5 1885
radio 5 1902
radio 5 2415
radio 5 2446
radio 5 2960
delay 0 2 5 3006 5 3372 14 14 65535 0 262 0 0
radio 5 3014
radio 5 3529
radio 5 3702
radio 5 4216
radio 5 4231
radio 5 4745
radio 5 4815
radio 5 5329
radio 5 5346
radio 5 5859
radio 5 5876
radio 5 6389
radio 5 6420
radio 5 6934
radio 5 6951
radio 5 7464
radio 5 7481
radio 5 7994
radio 5 8026
radio 5 8540
radio 5 8557
radio 5 9070
radio 5 9124
radio 5 9638
radio 5 9655
radio 5 10168
radio 5 10199
radio 5 10713
radio 5 10766
radio 5 11280
radio 5 11312
radio 5 11826
radio 5 11843
radio 5 12357
radio 5 12387
radio 5 12901
radio 5 12969
radio 5 13483
radio 5 13552
radio 5 14066
radio 5 14083
radio 5 14597
radio 5 14652
radio 5 15166
radio 5 15183
radio 5 15697
radio 5 15728
radio 5 16242
radio 5 16259
radio 5 16773
radio 5 16790
radio 5 17304
radio 5 17337
radio 5 17851
radio 5 17901
radio 5 18415
radio 5 18443
radio 5 18957
radio 5 18989
radio 5 19503
radio 5 19520
radio 5 20034
radio 5 20051
radio 5 20565
radio 5 20620
radio 5 21134
radio 5 21184
radio 5 21698
radio 5 21715
radio 5 22229
radio 5 22259
radio 5 22773
radio 5 22828
radio 5 23342
delay 1 43 5 23389 5 22807 14 14 65535 0 51 1 0
radio 5 24465
radio 5 24979
radio 5 25050
radio 5 25564
radio 5 25592
radio 5 26106
radio 5 26137
radio 5 26651
radio 5 26705
radio 5 27219
radio 5 27270
radio 5 27784
radio 5 27801
radio 5 28315
radio 5 28332
radio 5 28846
radio 5 28880
radio 5 29394
radio 5 29465
energy 5 29780 3 45588
radio 5 29979
radio 5 30009
radio 5 30523
radio 5 30557
radio 5 31071
radio 5 31101
radio 5 31615
radio 5 31670
radio 5 32184
radio 5 32201
radio 5 32715
radio 5 32848
radio 5 33362
radio 5 33450
radio 5 33964
radio 5 33998
radio 5 34512
radio 5 34568
radio 5 35082
radio 5 35150
radio 5 35664
radio 5 35681
radio 5 36195
radio 5 36249
radio 5 36763
radio 5 36813
radio 5 37327
radio 5 37443
radio 5 37957
radio 5 37974
radio 5 38488
radio 5 38505
radio 5 39019
radio 5 39036
radio 5 39550
radio 5 39602
radio 5 40116
radio 5 40166
radio 5 40680
radio 5 40697
radio 5 41211
radio 5 41228
radio 5 41742
radio 5 41759
radio 5 42273
radio 5 42290
radio 5 42804
radio 5 42859
radio 5 43373
radio 5 43521
radio 5 44035
delay 2 2 5 44049 5 44415 14 14 65535 0 313 0 0
radio 5 44057
radio 5 44572
radio 5 44722
radio 5 45235
radio 5 45252
radio 5 45765
radio 5 45781
radio 5 46294
radio 5 46350
radio 5 46864
radio 5 46881
radio 5 47395
radio 5 47427
radio 5 47941
radio 5 47990
radio 5 48504
radio 5 48552
radio 5 49066
radio 5 49083
radio 5 49597
radio 5 49614
radio 5 50128
radio 5 50156
radio 5 50670
radio 5 50703
radio 5 51217
radio 5 51234
radio 5 51748
radio 5 51801
radio 5 52315
radio 5 52332
radio 5 52846
radio 5 52863
radio 5 53377
radio 5 53394
radio 5 53908
radio 5 53941
radio 5 54455
radio 5 54472
radio 5 54986
radio 5 55017
radio 5 55531
radio 5 55561
radio 5 56075
radio 5 56092
radio 5 56606
radio 5 56623
radio 5 57137
radio 5 57154
radio 5 57668
radio 5 57702
radio 5 58216
radio 5 58233
radio 5 58747
radio 5 58777
radio 5 59291
radio 5 59343
radio 5 59857
radio 5 59874
radio 5 60388
radio 5 60417
radio 5 60931
radio 5 60948
radio 5 61462
radio 5 61492
radio 5 62006
radio 5 62023
radio 5 62537
radio 5 62554
radio 5 63068
radio 5 63085
radio 5 63599
radio 5 63650
radio 5 64164
delay 3 1 5 64232 5 64974 14 14 65535 0 71 0 0
radio 5 64240
radio 5 64754
radio 5 64799
radio 5 65312
radio 5 65410
radio 6 388
radio 6 422
radio 6 935
radio 6 967
radio 6 1480
radio 6 1497
