Thread[Thread-1,5,main]tree 142 15 3 14 0 0
radio 3 56393
radio 3 56397
radio 3 56414
radio 3 56928
radio 3 56981
radio 3 57495
radio 3 57512
radio 3 58026
radio 3 58043
radio 3 58557
radio 3 58588
radio 3 59102
radio 3 59119
radio 3 59633
radio 3 59650
radio 3 60164
radio 3 60181
radio 3 60695
radio 3 60712
radio 3 61226
radio 3 61280
radio 3 61794
radio 3 61827
radio 3 62341
radio 3 62358
radio 3 62872
radio 3 62926
radio 3 63440
radio 3 63457
radio 3 63971
radio 3 63988
radio 3 64502
radio 3 64531
radio 3 65045
radio 3 65062
radio 4 40
radio 4 69
radio 4 582
radio 4 599
radio 4 1112
radio 4 1162
radio 4 1676
radio 4 1693
radio 4 2206
radio 4 2223
radio 4 2736
radio 4 2753
radio 4 3266
radio 4 3283
radio 4 3796
radio 4 3813
radio 4 4326
radio 4 4343
radio 4 4856
radio 4 4890
radio 4 5404
radio 4 5421
radio 4 5934
radio 4 5951
radio 4 6464
radio 4 6498
radio 4 7012
radio 4 7029
radio 4 7542
radio 4 7593
radio 4 8107
radio 4 8135
radio 4 8649
radio 4 8682
radio 4 9196
radio 4 9213
radio 4 9726
radio 4 9743
radio 4 10256
radio 4 10311
radio 4 10825
radio 4 10859
radio 4 11373
radio 4 11390
radio 4 11904
radio 4 11921
radio 4 12435
radio 4 12488
radio 4 13002
radio 4 13030
radio 4 13544
radio 4 13561
radio 4 14075
radio 4 14104
radio 4 14618
radio 4 14635
radio 4 15149
radio 4 15199
radio 4 15713
radio 4 15764
radio 4 16278
radio 4 16295
radio 4 16809
radio 4 16826
radio 4 17340
radio 4 17376
radio 4 17890
radio 4 17907
radio 4 18421
radio 4 18438
radio 4 18952
radio 4 18969
radio 4 19483
radio 4 19511
radio 4 20025
radio 4 20075
radio 4 20589
radio 4 20606
radio 4 21120
radio 4 21137
radio 4 21651
radio 4 21685
radio 4 22199
radio 4 22216
radio 4 22730
radio 4 22766
radio 4 23280
radio 4 23309
radio 4 23823
radio 4 23840
radio 4 24354
radio 4 24371
radio 4 24885
radio 4 24902
radio 4 25416
radio 4 25433
radio 4 25947
radio 4 25964
radio 4 26477
radio 4 26507
radio 4 27021
radio 4 27038
radio 4 27552
radio 4 27569
radio 4 28083
radio 4 28100
radio 4 28614
radio 4 28667
radio 4 29181
radio 4 29209
radio 4 29723
radio 4 29740
radio 4 30254
radio 4 30271
radio 4 30785
radio 4 30802
radio 4 31316
radio 4 31349
radio 4 31863
radio 4 31915
radio 4 32429
radio 4 32446
radio 4 32960
radio 4 32977
radio 4 33491
radio 4 33508
radio 4 34022
radio 4 34039
radio 4 34553
radio 4 34570
radio 4 35084
radio 4 35101
radio 4 35615
radio 4 35665
radio 4 36179
radio 4 36196
radio 4 36710
radio 4 36865
radio 4 37379
radio 4 37413
radio 4 37927
radio 4 37944
radio 4 38458
radio 4 38475
radio 4 38989
radio 4 39006
radio 4 39520
radio 4 39570
radio 4 40084
radio 4 40112
radio 4 40626
radio 4 40660
radio 4 41174
radio 4 41324
radio 4 41838
radio 4 41855
radio 4 42369
radio 4 42386
radio 4 42900
radio 4 42969
radio 4 43483
radio 4 43500
radio 4 44014
radio 4 44046
radio 4 44560
radio 4 44577
radio 4 45091
radio 4 45108
radio 4 45622
radio 4 45639
radio 4 46153
radio 4 46170
radio 4 46684
radio 4 46701
radio 4 47215
radio 4 47289
radio 4 47803
radio 4 47820
radio 4 48334
radio 4 48351
radio 4 48865
radio 4 48882
radio 4 49396
radio 4 49426
radio 4 49940
radio 4 49957
radio 4 50471
radio 4 50488
radio 4 51002
radio 4 51019
radio 4 51533
radio 4 51550
radio 4 52064
radio 4 52097
energy 4 52309 3 58857
radio 4 52611
radio 4 52628
radio 4 53142
radio 4 53159
radio 4 53673
radio 4 53690
radio 4 54204
radio 4 54276
radio 4 54790
radio 4 54823
radio 4 55337
radio 4 55369
radio 4 55883
radio 4 55900
radio 4 56414
radio 4 56445
radio 4 56959
radio 4 56976
radio 4 57490
radio 4 57507
radio 4 58021
radio 4 58053
radio 4 58567
radio 4 58584
radio 4 59098
radio 4 59152
radio 4 59666
radio 4 59683
radio 4 60197
radio 4 60214
radio 4 60728
radio 4 60761
radio 4 61275
radio 4 61292
radio 4 61806
radio 4 61823
radio 4 62337
radio 4 62354
radio 4 62868
radio 4 62885
radio 4 63399
radio 4 63416
radio 4 63930
radio 4 63947
radio 4 64461
radio 4 64478
radio 4 64992
radio 4 65009
radio 4 65523
radio 5 4
radio 5 517
radio 5 534
radio 5 1047
radio 5 1064
radio 5 1577
radio 5 1632
radio 5 2146
radio 5 2163
radio 5 2676
delay 0 3 5 2771 5 3212 9 15 6 0 91 0 0
radio 5 2778
radio 5 3292
radio 5 3542
radio 5 4056
radio 5 4072
radio 5 4585
radio 5 4636
radio 5 5149
radio 5 5166
radio 5 5679
radio 5 5708
radio 5 6222
radio 5 6239
radio 5 6752
radio 5 6783
radio 5 7297
radio 5 7314
radio 5 7827
radio 5 7876
radio 5 8390
radio 5 8407
radio 5 8920
radio 5 8937
radio 5 9450
radio 5 9484
radio 5 9998
radio 5 10029
radio 5 10543
radio 5 10573
radio 5 11087
radio 5 11104
radio 5 11618
radio 5 11653
radio 5 12167
radio 5 12184
radio 5 12698
radio 5 12728
radio 5 13242
radio 5 13277
radio 5 13791
radio 5 13808
radio 5 14322
radio 5 14339
radio 5 14853
radio 5 14870
radio 5 15384
radio 5 15401
radio 5 15915
radio 5 15943
radio 5 16457
radio 5 16474
radio 5 16988
radio 5 17005
radio 5 17519
radio 5 17536
radio 5 18050
radio 5 18084
radio 5 18598
radio 5 18628
radio 5 19142
radio 5 19197
radio 5 19711
radio 5 19743
radio 5 20257
radio 5 20274
radio 5 20788
radio 5 20805
radio 5 21319
radio 5 21354
radio 5 21868
radio 5 21885
radio 5 22399
radio 5 22416
radio 5 22930
radio 5 22947
radio 5 23461
delay 1 10 5 24087 5 24537 15 15 65535 0 878 0 0
radio 5 24095
radio 5 24609
radio 5 24626
radio 5 25140
radio 5 25168
radio 5 25682
radio 5 25734
radio 5 26248
radio 5 26265
radio 5 26779
radio 5 26796
radio 5 27310
radio 5 27327
radio 5 27841
radio 5 27858
radio 5 28372
radio 5 28389
radio 5 28903
radio 5 28920
radio 5 29434
radio 5 29451
radio 5 29965
radio 5 29982
radio 5 30496
radio 5 30552
radio 5 31066
radio 5 31083
radio 5 31597
radio 5 31614
radio 5 32128
radio 5 32145
radio 5 32659
radio 5 32770
radio 5 33284
radio 5 33318
radio 5 33832
radio 5 33908
radio 5 34422
radio 5 34439
radio 5 34953
radio 5 34970
radio 5 35484
radio 5 35520
radio 5 36034
radio 5 36107
radio 5 36621
radio 5 36674
radio 5 37188
radio 5 37261
radio 5 37775
radio 5 37792
radio 5 38306
radio 5 38323
radio 5 38837
radio 5 38886
radio 5 39400
radio 5 39417
radio 5 39931
radio 5 39948
radio 5 40462
radio 5 40515
radio 5 41029
radio 5 41059
radio 5 41573
radio 5 41590
radio 5 42104
radio 5 42121
radio 5 42635
radio 5 42652
radio 5 43166
radio 5 43183
radio 5 43697
delay 2 6 5 44176 5 44705 16 15 65535 0 746 0 0
radio 5 44184
radio 5 44699
radio 5 44787
radio 5 45301
radio 5 45380
radio 5 45894
radio 5 45911
radio 5 46425
radio 5 46442
radio 5 46956
radio 5 46987
radio 5 47501
radio 5 47518
radio 5 48032
radio 5 48049
energy 5 48213 3 62609
radio 5 48563
radio 5 48592
radio 5 49106
radio 5 49123
radio 5 49637
radio 5 49654
radio 5 50168
radio 5 50185
radio 5 50699
radio 5 50716
radio 5 51230
radio 5 51258
radio 5 51772
radio 5 51804
radio 5 52318
radio 5 52368
radio 5 52882
radio 5 52899
radio 5 53413
radio 5 53430
radio 5 53944
radio 5 53961
radio 5 54475
radio 5 54510
radio 5 55024
radio 5 55041
radio 5 55555
radio 5 55610
radio 5 56124
radio 5 56141
radio 5 56655
radio 5 56685
radio 5 57199
radio 5 57216
radio 5 57730
radio 5 57747
radio 5 58261
radio 5 58278
radio 5 58792
radio 5 58809
radio 5 59323
radio 5 59340
radio 5 59854
radio 5 59871
radio 5 60385
radio 5 60402
radio 5 60916
radio 5 60966
radio 5 61480
radio 5 61515
radio 5 62029
radio 5 62083
radio 5 62597
radio 5 62648
radio 5 63162
radio 5 63179
radio 5 63693
radio 5 63724
radio 5 64238
delay 3 41 5 64650 5 64388 15 15 65535 0 661 0 0
radio 5 64658
radio 5 65172
radio 5 65212
radio 6 189
radio 6 206
radio 6 719
radio 6 736
radio 6 1249
radio 6 1302
