Thread[Thread-1,5,main]tree 31 15 3 12 0 0
radio 3 58454
radio 3 58458
radio 3 58475
radio 3 58988
radio 3 59005
radio 3 59519
radio 3 59536
radio 3 60049
radio 3 60081
radio 3 60595
radio 3 60631
radio 3 61145
radio 3 61199
radio 3 61713
radio 3 61745
radio 3 62259
radio 3 62276
radio 3 62789
radio 3 62806
radio 3 63319
radio 3 63336
radio 3 63849
radio 3 63866
radio 3 64379
radio 3 64396
radio 3 64909
radio 3 64926
radio 3 65439
radio 3 65471
radio 4 449
radio 4 466
radio 4 979
radio 4 1007
radio 4 1521
radio 4 1538
radio 4 2051
radio 4 2085
radio 4 2599
radio 4 2616
radio 4 3129
radio 4 3180
radio 4 3694
radio 4 3762
radio 4 4276
radio 4 4307
radio 4 4821
radio 4 4850
radio 4 5364
radio 4 5419
radio 4 5933
radio 4 5950
radio 4 6463
radio 4 6480
radio 4 6993
radio 4 7028
radio 4 7542
radio 4 7559
radio 4 8072
radio 4 8089
radio 4 8602
radio 4 8637
radio 4 9151
radio 4 9168
radio 4 9681
radio 4 9698
radio 4 10211
radio 4 10228
radio 4 10741
radio 4 10758
radio 4 11271
radio 4 11288
radio 4 11801
radio 4 11818
radio 4 12331
radio 4 12365
radio 4 12879
radio 4 12896
radio 4 13409
radio 4 13426
radio 4 13939
radio 4 13967
radio 4 14481
radio 4 14510
radio 4 15024
radio 4 15041
radio 4 15554
radio 4 15571
radio 4 16084
radio 4 16101
radio 4 16614
radio 4 16631
radio 4 17144
radio 4 17173
radio 4 17687
radio 4 17704
radio 4 18217
radio 4 18246
radio 4 18760
radio 4 18811
radio 4 19325
radio 4 19342
radio 4 19855
radio 4 19886
radio 4 20400
radio 4 20430
radio 4 20944
radio 4 20977
radio 4 21491
radio 4 21508
radio 4 22021
radio 4 22052
radio 4 22566
radio 4 22616
radio 4 23130
radio 4 23147
radio 4 23660
radio 4 23677
radio 4 24190
radio 4 24207
radio 4 24720
radio 4 24753
radio 4 25267
radio 4 25284
radio 4 25797
radio 4 25828
radio 4 26342
radio 4 26393
radio 4 26907
radio 4 26924
radio 4 27437
radio 4 27454
radio 4 27967
radio 4 27984
radio 4 28497
radio 4 28514
radio 4 29027
radio 4 29044
radio 4 29557
radio 4 29608
radio 4 30122
radio 4 30139
radio 4 30652
radio 4 30669
radio 4 31182
radio 4 31199
radio 4 31712
radio 4 31741
radio 4 32255
radio 4 32272
radio 4 32785
radio 4 32813
radio 4 33327
radio 4 33344
radio 4 33857
radio 4 33874
radio 4 34387
radio 4 34422
radio 4 34936
radio 4 34990
radio 4 35504
radio 4 35535
radio 4 36049
radio 4 36177
radio 4 36691
radio 4 36740
radio 4 37254
radio 4 37271
radio 4 37784
radio 4 37815
radio 4 38329
radio 4 38382
radio 4 38896
radio 4 38913
radio 4 39426
radio 4 39443
radio 4 39956
radio 4 39989
radio 4 40503
radio 4 40539
radio 4 41053
radio 4 41070
radio 4 41583
radio 4 41611
radio 4 42125
radio 4 42142
radio 4 42655
radio 4 42672
radio 4 43185
radio 4 43202
radio 4 43715
radio 4 43732
radio 4 44245
radio 4 44276
radio 4 44790
radio 4 44846
radio 4 45360
radio 4 45377
radio 4 45890
radio 4 45923
radio 4 46437
radio 4 46454
radio 4 46967
radio 4 46984
radio 4 47497
radio 4 47526
radio 4 48040
radio 4 48057
radio 4 48570
radio 4 48621
radio 4 49135
radio 4 49152
radio 4 49665
radio 4 49699
radio 4 50213
radio 4 50230
radio 4 50743
radio 4 50777
radio 4 51291
radio 4 51308
radio 4 51821
radio 4 51870
radio 4 52384
radio 4 52417
radio 4 52931
radio 4 52987
radio 4 53501
radio 4 53550
radio 4 54064
radio 4 54094
energy 4 54370 3 60854
radio 4 54608
radio 4 54643
radio 4 55157
radio 4 55185
radio 4 55699
radio 4 55752
radio 4 56266
radio 4 56283
radio 4 56796
radio 4 56813
radio 4 57326
radio 4 57343
radio 4 57856
radio 4 57885
radio 4 58399
radio 4 58431
radio 4 58945
radio 4 58993
radio 4 59507
radio 4 59535
radio 4 60049
radio 4 60066
radio 4 60579
radio 4 60614
radio 4 61128
radio 4 61145
radio 4 61658
radio 4 61675
radio 4 62188
radio 4 62216
radio 4 62730
radio 4 62778
radio 4 63292
radio 4 63309
radio 4 63822
radio 4 63852
radio 4 64366
radio 4 64383
radio 4 64896
radio 4 64950
radio 4 65464
radio 4 65481
radio 5 458
radio 5 475
radio 5 988
radio 5 1018
radio 5 1532
radio 5 1561
radio 5 2075
radio 5 2092
radio 5 2605
delay 0 44 5 2773 5 2670 15 14 65535 0 460 0 0
radio 5 2781
radio 5 3296
radio 5 3315
radio 5 3828
radio 5 3846
radio 5 4360
radio 5 4384
radio 5 4898
radio 5 4915
radio 5 5428
radio 5 5445
radio 5 5958
radio 5 5990
radio 5 6504
radio 5 6521
radio 5 7034
radio 5 7066
radio 5 7580
radio 5 7597
radio 5 8110
radio 5 8142
radio 5 8656
radio 5 8673
radio 5 9186
radio 5 9214
radio 5 9728
radio 5 9745
radio 5 10258
radio 5 10287
radio 5 10801
radio 5 10818
radio 5 11331
radio 5 11367
radio 5 11881
radio 5 11934
radio 5 12448
radio 5 12477
radio 5 12991
radio 5 13008
radio 5 13521
radio 5 13538
radio 5 14051
radio 5 14068
radio 5 14581
radio 5 14615
radio 5 15129
radio 5 15157
radio 5 15671
radio 5 15688
radio 5 16201
radio 5 16232
radio 5 16746
radio 5 16763
radio 5 17276
radio 5 17307
radio 5 17821
radio 5 17838
radio 5 18351
radio 5 18384
radio 5 18898
radio 5 18946
radio 5 19460
radio 5 19490
radio 5 20004
radio 5 20036
radio 5 20550
radio 5 20582
radio 5 21096
radio 5 21149
radio 5 21663
radio 5 21680
radio 5 22193
radio 5 22224
radio 5 22738
radio 5 22768
radio 5 23282
delay 1 43 5 23336 5 23312 14 14 65535 0 556 0 0
radio 5 23344
radio 5 23858
radio 5 23903
radio 5 24416
radio 5 24433
radio 5 24946
radio 5 24963
radio 5 25477
radio 5 25494
radio 5 26007
radio 5 26037
radio 5 26551
radio 5 26602
radio 5 27116
radio 5 27133
radio 5 27646
radio 5 27663
radio 5 28176
radio 5 28193
radio 5 28706
radio 5 28736
radio 5 29250
radio 5 29280
radio 5 29794
radio 5 29823
radio 5 30337
radio 5 30354
radio 5 30867
radio 5 30902
radio 5 31416
radio 5 31464
radio 5 31978
radio 5 32154
radio 5 32668
radio 5 32700
radio 5 33214
radio 5 33265
radio 5 33779
radio 5 33808
radio 5 34322
radio 5 34351
radio 5 34865
radio 5 34882
radio 5 35395
radio 5 35425
radio 5 35939
radio 5 35956
radio 5 36469
radio 5 36486
radio 5 36999
radio 5 37016
radio 5 37529
radio 5 37546
radio 5 38059
radio 5 38089
radio 5 38603
radio 5 38620
radio 5 39133
radio 5 39185
radio 5 39699
radio 5 39716
radio 5 40229
radio 5 40280
radio 5 40794
radio 5 40811
radio 5 41324
radio 5 41341
radio 5 41854
radio 5 41871
radio 5 42384
radio 5 42436
radio 5 42950
radio 5 42967
radio 5 43480
delay 2 32 5 43498 5 43697 15 14 65535 0 292 0 0
radio 5 43506
radio 5 44020
radio 5 44148
radio 5 44661
radio 5 44737
radio 5 45250
radio 5 45273
radio 5 45786
radio 5 45818
radio 5 46332
radio 5 46349
radio 5 46862
radio 5 46913
radio 5 47427
radio 5 47444
radio 5 47957
radio 5 47974
radio 5 48487
radio 5 48517
radio 5 49031
radio 5 49048
radio 5 49561
radio 5 49594
radio 5 50108
radio 5 50159
energy 5 50274 3 63688
radio 5 50673
radio 5 50701
radio 5 51215
radio 5 51232
radio 5 51745
radio 5 51762
radio 5 52275
radio 5 52306
radio 5 52820
radio 5 52848
radio 5 53362
radio 5 53379
radio 5 53892
radio 5 53909
radio 5 54422
radio 5 54439
radio 5 54952
radio 5 54980
radio 5 55494
radio 5 55543
radio 5 56057
radio 5 56074
radio 5 56587
radio 5 56617
radio 5 57131
radio 5 57159
radio 5 57673
radio 5 57690
radio 5 58203
radio 5 58238
radio 5 58752
radio 5 58769
radio 5 59282
radio 5 59299
radio 5 59812
radio 5 59829
radio 5 60342
radio 5 60378
radio 5 60892
radio 5 60909
radio 5 61422
radio 5 61456
radio 5 61970
radio 5 61987
radio 5 62500
radio 5 62517
radio 5 63030
radio 5 63047
radio 5 63560
delay 3 15 5 63637 5 64125 16 14 65535 0 15 1 0
radio 5 64699
radio 5 65212
radio 5 65229
radio 6 206
radio 6 223
radio 6 736
radio 6 753
radio 6 1266
radio 6 1283
