Thread[Thread-1,5,main]tree 28 16 24 14 1 1
radio 3 33862
radio 3 33866
radio 3 33916
radio 3 34430
radio 3 34447
radio 3 34961
radio 3 34995
radio 3 35509
radio 3 35541
radio 3 36055
radio 3 36183
radio 3 36697
radio 3 36793
radio 3 37307
radio 3 37324
radio 3 37838
radio 3 37855
radio 3 38369
radio 3 38386
radio 3 38900
radio 3 39008
radio 3 39522
radio 3 39711
radio 3 40225
delay 1000 46 3 40239 3 57835 15 15 65535 0 17964 0 1
radio 3 41310
radio 3 41824
radio 3 41841
radio 3 42354
radio 3 42444
radio 3 42958
radio 3 42986
radio 3 43500
delay 28 24 3 43514 3 58089 9 15 6 0 14438 0 1
radio 3 44586
radio 3 45100
radio 3 45293
radio 3 45807
radio 3 45824
radio 3 46338
radio 3 46394
radio 3 46908
delay 142 4 3 46921 3 55010 14 15 1 0 7367 0 1
radio 3 47993
radio 3 48507
radio 3 48524
radio 3 49037
radio 3 49054
radio 3 49567
radio 3 49584
radio 3 50098
delay 71 24 3 50109 3 58345 9 15 6 0 8046 0 1
radio 3 51166
radio 3 51680
radio 3 51736
radio 3 52250
radio 3 52318
radio 3 52832
radio 3 52861
radio 3 53375
radio 3 53392
radio 3 53906
radio 3 53937
radio 3 54451
radio 3 54539
radio 3 55053
radio 3 55085
radio 3 55599
radio 3 55669
radio 3 56183
radio 3 56235
radio 3 56749
radio 3 56818
radio 3 57332
radio 3 57364
radio 3 57878
radio 3 57895
radio 3 58408
radio 3 58437
radio 3 58951
radio 3 59020
radio 3 59534
radio 3 59551
radio 3 60065
radio 3 60082
radio 3 60595
radio 3 60711
radio 3 61225
radio 3 61242
radio 3 61756
radio 3 61773
radio 3 62286
radio 3 62315
radio 3 62829
radio 3 62846
radio 3 63359
radio 3 63409
radio 3 63923
radio 3 63952
radio 3 64466
radio 3 64483
radio 3 64996
radio 3 65052
radio 4 30
radio 4 78
radio 4 591
radio 4 608
radio 4 1121
radio 4 1138
radio 4 1651
radio 4 1680
radio 4 2194
radio 4 2243
radio 4 2757
radio 4 2805
radio 4 3319
radio 4 3355
radio 4 3869
radio 4 3899
radio 4 4413
radio 4 4430
radio 4 4943
radio 4 4960
radio 4 5473
radio 4 5490
radio 4 6003
radio 4 6052
radio 4 6566
radio 4 6583
radio 4 7096
radio 4 7125
radio 4 7639
radio 4 7670
radio 4 8184
radio 4 8201
radio 4 8714
radio 4 8787
radio 4 9301
radio 4 9318
radio 4 9831
radio 4 9848
radio 4 10361
radio 4 10378
radio 4 10891
radio 4 10908
radio 4 11421
radio 4 11438
radio 4 11951
radio 4 11968
radio 4 12481
radio 4 12549
radio 4 13063
radio 4 13091
radio 4 13605
radio 4 13622
radio 4 14135
radio 4 14152
radio 4 14665
radio 4 14682
radio 4 15195
radio 4 15287
radio 4 15801
radio 4 15818
radio 4 16331
radio 4 16359
radio 4 16873
radio 4 16890
radio 4 17404
radio 4 17421
radio 4 17934
radio 4 17963
radio 4 18477
radio 4 18494
radio 4 19007
radio 4 19057
radio 4 19571
radio 4 19588
radio 4 20102
radio 4 20119
radio 4 20632
radio 4 20649
radio 4 21162
radio 4 21179
radio 4 21692
radio 4 21709
radio 4 22222
radio 4 22239
radio 4 22752
radio 4 22769
radio 4 23282
radio 4 23315
radio 4 23829
radio 4 23878
radio 4 24392
radio 4 24420
radio 4 24934
radio 4 24951
radio 4 25464
radio 4 25494
radio 4 26008
radio 4 26037
radio 4 26551
radio 4 26568
radio 4 27081
radio 4 27133
radio 4 27647
radio 4 27664
radio 4 28178
radio 4 28195
radio 4 28708
radio 4 28725
radio 4 29239
radio 4 29256
radio 4 29769
energy 4 29781 3 41208
radio 4 29820
radio 4 30334
radio 4 30423
radio 4 30937
radio 4 30966
radio 4 31480
radio 4 31532
radio 4 32046
radio 4 32063
radio 4 32576
radio 4 32593
radio 4 33106
radio 4 33136
radio 4 33650
radio 4 33700
radio 4 34214
radio 4 34263
radio 4 34777
radio 4 34846
radio 4 35360
radio 4 35449
radio 4 35963
radio 4 36051
radio 4 36565
radio 4 36593
radio 4 37107
radio 4 37156
radio 4 37670
radio 4 37718
radio 4 38232
radio 4 38285
radio 4 38799
radio 4 38816
radio 4 39330
radio 4 39347
radio 4 39860
radio 4 39892
radio 4 40406
radio 4 40456
radio 4 40970
radio 4 41000
radio 4 41514
radio 4 41667
radio 4 42181
radio 4 42229
radio 4 42743
radio 4 42772
radio 4 43286
radio 4 43303
radio 4 43817
radio 4 43848
radio 4 44362
radio 4 44392
radio 4 44906
radio 4 44957
radio 4 45471
radio 4 45488
radio 4 46001
radio 4 46018
radio 4 46531
radio 4 46548
radio 4 47061
radio 4 47093
radio 4 47607
radio 4 47642
radio 4 48156
radio 4 48210
radio 4 48724
radio 4 48755
radio 4 49269
radio 4 49286
radio 4 49799
radio 4 49816
radio 4 50329
radio 4 50346
radio 4 50859
radio 4 50888
radio 4 51402
radio 4 51419
radio 4 51932
radio 4 51985
radio 4 52499
radio 4 52527
radio 4 53041
radio 4 53072
radio 4 53586
radio 4 53618
radio 4 54132
radio 4 54185
radio 4 54699
radio 4 54716
radio 4 55230
radio 4 55260
radio 4 55774
radio 4 55805
radio 4 56319
radio 4 56349
radio 4 56863
radio 4 56913
radio 4 57427
radio 4 57444
radio 4 57957
radio 4 57974
radio 4 58488
radio 4 58519
radio 4 59033
radio 4 59066
radio 4 59580
radio 4 59597
radio 4 60111
radio 4 60164
radio 4 60678
radio 4 60695
radio 4 61209
radio 4 61226
radio 4 61739
radio 4 61769
radio 4 62283
radio 4 62319
radio 4 62833
radio 4 62882
radio 4 63396
radio 4 63429
radio 4 63943
radio 4 63960
radio 4 64474
radio 4 64504
radio 4 65018
radio 4 65035
radio 5 13
radio 5 30
radio 5 543
radio 5 560
radio 5 1073
radio 5 1129
radio 5 1643
radio 5 1675
radio 5 2189
delay 0 24 5 2205 5 2394 9 15 6 0 70 1 1
radio 5 3265
radio 5 3778
radio 5 3793
radio 5 4307
radio 5 4332
radio 5 4845
radio 5 4862
radio 5 5375
radio 5 5429
radio 5 5943
radio 5 5960
radio 5 6473
radio 5 6490
radio 5 7003
radio 5 7020
radio 5 7533
radio 5 7567
radio 5 8081
radio 5 8115
radio 5 8629
radio 5 8679
radio 5 9193
radio 5 9222
radio 5 9736
radio 5 9753
radio 5 10266
radio 5 10283
radio 5 10797
radio 5 10814
radio 5 11327
radio 5 11361
radio 5 11875
radio 5 11926
radio 5 12440
radio 5 12470
radio 5 12984
radio 5 13015
radio 5 13529
radio 5 13577
radio 5 14091
radio 5 14108
radio 5 14621
radio 5 14638
radio 5 15151
radio 5 15168
radio 5 15681
radio 5 15713
radio 5 16227
radio 5 16258
radio 5 16772
radio 5 16789
radio 5 17303
radio 5 17352
radio 5 17866
radio 5 17900
radio 5 18414
radio 5 18444
radio 5 18958
radio 5 18991
radio 5 19505
radio 5 19522
radio 5 20035
radio 5 20052
radio 5 20566
radio 5 20583
radio 5 21096
radio 5 21150
radio 5 21664
radio 5 21699
radio 5 22213
radio 5 22230
radio 5 22744
delay 1 43 5 22790 5 22862 14 15 1 0 106 0 1
radio 5 23862
radio 5 24376
radio 5 24396
radio 5 24909
radio 5 24938
radio 5 25452
radio 5 25482
energy 5 25682 3 46275
radio 5 25996
radio 5 26013
radio 5 26526
radio 5 26575
radio 5 27089
radio 5 27122
radio 5 27636
radio 5 27690
radio 5 28204
radio 5 28221
radio 5 28734
radio 5 28782
radio 5 29296
radio 5 29313
radio 5 29826
radio 5 29843
radio 5 30356
radio 5 30388
radio 5 30902
radio 5 30919
radio 5 31433
radio 5 31464
radio 5 31978
radio 5 32093
radio 5 32607
radio 5 32837
radio 5 33351
radio 5 33368
radio 5 33882
radio 5 33899
radio 5 34413
radio 5 34430
radio 5 34943
radio 5 34996
radio 5 35510
radio 5 35527
radio 5 36041
radio 5 36070
radio 5 36584
radio 5 36601
radio 5 37114
radio 5 37131
radio 5 37644
radio 5 37716
radio 5 38230
radio 5 38247
radio 5 38761
radio 5 38793
radio 5 39307
radio 5 39324
radio 5 39837
radio 5 39890
radio 5 40404
radio 5 40452
radio 5 40966
radio 5 40983
radio 5 41496
radio 5 41513
radio 5 42026
radio 5 42056
radio 5 42570
radio 5 42619
radio 5 43133
delay 2 23 5 43149 5 43758 15 15 65535 0 39 1 1
radio 5 44213
radio 5 44726
radio 5 44748
radio 5 45262
radio 5 45305
radio 5 45819
radio 5 45836
radio 5 46349
radio 5 46366
radio 5 46880
radio 5 46908
radio 5 47422
radio 5 47476
radio 5 47990
radio 5 48007
radio 5 48520
radio 5 48537
radio 5 49050
radio 5 49067
radio 5 49580
radio 5 49691
radio 5 50205
radio 5 50222
radio 5 50735
radio 5 50752
radio 5 51266
radio 5 51283
radio 5 51796
radio 5 51813
radio 5 52326
radio 5 52343
radio 5 52857
radio 5 52886
radio 5 53400
radio 5 53455
radio 5 53969
radio 5 54002
radio 5 54516
radio 5 54571
radio 5 55085
radio 5 55133
radio 5 55647
radio 5 55664
radio 5 56177
radio 5 56194
radio 5 56708
radio 5 56725
radio 5 57238
radio 5 57294
radio 5 57808
radio 5 57859
radio 5 58373
radio 5 58390
radio 5 58903
radio 5 58939
radio 5 59453
radio 5 59503
radio 5 60017
radio 5 60048
radio 5 60562
radio 5 60579
radio 5 61092
radio 5 61109
radio 5 61622
radio 5 61639
radio 5 62152
radio 5 62186
radio 5 62700
radio 5 62796
radio 5 63310
radio 5 63422
radio 5 63936
delay 3 42 5 63955 5 64044 14 15 1 0 401 0 1
radio 5 65029
radio 6 7
radio 6 24
radio 6 537
radio 6 554
radio 6 1067
radio 6 1100
