Thread[Thread-1,5,main]tree 10 15 3 14 0 0
radio 3 35924
radio 3 35928
radio 3 35945
radio 3 36459
radio 3 36494
radio 3 37008
radio 3 37100
radio 3 37614
radio 3 37702
radio 3 38216
radio 3 38233
radio 3 38746
radio 3 38763
radio 3 39277
radio 3 39308
radio 3 39822
radio 3 39912
radio 3 40426
radio 3 40557
radio 3 41071
delay 1000 46 3 41098 3 55784 15 16 1 0 15913 0 0
radio 3 41108
radio 3 41621
radio 3 41635
radio 3 42149
radio 3 42189
radio 3 42703
radio 3 42720
radio 3 43234
radio 3 43263
radio 3 43777
radio 3 43808
radio 3 44322
delay 28 8 3 44338 3 55778 15 16 1 0 11631 0 0
radio 3 44345
radio 3 44860
radio 3 44874
radio 3 45388
radio 3 45401
radio 3 45915
radio 3 45939
radio 3 46452
radio 3 46565
radio 3 47079
radio 3 47247
radio 3 47761
delay 142 4 3 47773 3 57066 14 16 2 0 9423 0 0
radio 3 47780
radio 3 48295
radio 3 48358
radio 3 48871
radio 3 48886
radio 3 49399
radio 3 49416
radio 3 49929
radio 3 49946
radio 3 50460
radio 3 50489
radio 3 51003
delay 71 5 3 51017 3 57322 14 16 2 0 6399 0 0
radio 3 51025
radio 3 51539
radio 3 51552
radio 3 52065
radio 3 52083
radio 3 52596
radio 3 52613
radio 3 53126
radio 3 53143
radio 3 53656
radio 3 53692
radio 3 54206
radio 3 54223
radio 3 54736
radio 3 54809
radio 3 55323
radio 3 55340
radio 3 55854
radio 3 55871
radio 3 56384
radio 3 56401
radio 3 56914
radio 3 56931
radio 3 57444
radio 3 57515
radio 3 58029
radio 3 58046
radio 3 58559
radio 3 58576
radio 3 59090
radio 3 59123
radio 3 59637
radio 3 59667
radio 3 60181
radio 3 60198
radio 3 60711
radio 3 60766
radio 3 61280
radio 3 61297
radio 3 61811
radio 3 61828
radio 3 62342
radio 3 62359
radio 3 62873
radio 3 62890
radio 3 63403
radio 3 63420
radio 3 63933
radio 3 63950
radio 3 64464
radio 3 64481
radio 3 64994
radio 3 65030
radio 4 8
radio 4 25
radio 4 538
radio 4 588
radio 4 1101
radio 4 1134
radio 4 1648
radio 4 1677
radio 4 2191
radio 4 2208
radio 4 2721
radio 4 2793
radio 4 3307
radio 4 3324
radio 4 3837
radio 4 3854
radio 4 4367
radio 4 4384
radio 4 4897
radio 4 4925
radio 4 5439
radio 4 5474
radio 4 5988
radio 4 6063
radio 4 6577
radio 4 6594
radio 4 7107
radio 4 7124
radio 4 7637
radio 4 7667
radio 4 8181
radio 4 8232
radio 4 8746
radio 4 8777
radio 4 9291
radio 4 9325
radio 4 9839
radio 4 9856
radio 4 10369
radio 4 10397
radio 4 10911
radio 4 10959
radio 4 11473
radio 4 11502
radio 4 12016
radio 4 12044
radio 4 12558
radio 4 12594
radio 4 13108
radio 4 13161
radio 4 13675
radio 4 13692
radio 4 14206
radio 4 14223
radio 4 14736
radio 4 14753
radio 4 15266
radio 4 15283
radio 4 15797
radio 4 15814
radio 4 16327
radio 4 16357
radio 4 16871
radio 4 16888
radio 4 17401
radio 4 17418
radio 4 17932
radio 4 17984
radio 4 18498
radio 4 18515
radio 4 19028
radio 4 19057
radio 4 19571
radio 4 19588
radio 4 20101
radio 4 20118
radio 4 20632
radio 4 20668
radio 4 21182
radio 4 21235
radio 4 21749
radio 4 21766
radio 4 22279
radio 4 22329
radio 4 22843
radio 4 22873
radio 4 23387
radio 4 23437
radio 4 23951
radio 4 23982
radio 4 24496
radio 4 24513
radio 4 25027
radio 4 25044
radio 4 25558
radio 4 25575
radio 4 26088
radio 4 26105
radio 4 26619
radio 4 26636
radio 4 27150
radio 4 27167
radio 4 27680
radio 4 27735
radio 4 28249
radio 4 28266
radio 4 28779
radio 4 28796
radio 4 29310
radio 4 29327
radio 4 29841
radio 4 29870
radio 4 30384
radio 4 30432
radio 4 30946
radio 4 30963
radio 4 31476
radio 4 31493
energy 4 31840 3 38771
radio 4 32007
radio 4 32024
radio 4 32538
radio 4 32555
radio 4 33068
radio 4 33085
radio 4 33598
radio 4 33627
radio 4 34141
radio 4 34169
radio 4 34683
radio 4 34700
radio 4 35213
radio 4 35242
radio 4 35756
radio 4 35811
radio 4 36325
radio 4 36342
radio 4 36856
radio 4 36969
radio 4 37483
radio 4 37500
radio 4 38014
radio 4 38031
radio 4 38544
radio 4 38572
radio 4 39086
radio 4 39114
radio 4 39628
radio 4 39645
radio 4 40159
radio 4 40235
radio 4 40749
radio 4 40766
radio 4 41279
radio 4 41309
radio 4 41823
radio 4 41911
radio 4 42425
radio 4 42515
radio 4 43029
radio 4 43137
radio 4 43651
radio 4 43668
radio 4 44181
radio 4 44211
radio 4 44725
radio 4 44755
radio 4 45269
radio 4 45318
radio 4 45832
radio 4 45881
radio 4 46395
radio 4 46412
radio 4 46926
radio 4 46975
radio 4 47489
radio 4 47506
radio 4 48019
radio 4 48036
radio 4 48549
radio 4 48603
radio 4 49117
radio 4 49150
radio 4 49664
radio 4 49697
radio 4 50211
radio 4 50239
radio 4 50753
radio 4 50806
radio 4 51320
radio 4 51337
radio 4 51851
radio 4 51868
radio 4 52381
radio 4 52398
radio 4 52912
radio 4 52929
radio 4 53443
radio 4 53460
radio 4 53974
radio 4 53991
radio 4 54505
radio 4 54522
radio 4 55035
radio 4 55052
radio 4 55566
radio 4 55583
radio 4 56096
radio 4 56113
radio 4 56626
radio 4 56677
radio 4 57191
radio 4 57208
radio 4 57722
radio 4 57752
radio 4 58266
radio 4 58283
radio 4 58796
radio 4 58827
radio 4 59341
radio 4 59410
radio 4 59924
radio 4 59959
radio 4 60473
radio 4 60501
radio 4 61015
radio 4 61049
radio 4 61563
radio 4 61591
radio 4 62105
radio 4 62122
radio 4 62636
radio 4 62667
radio 4 63181
radio 4 63230
radio 4 63744
radio 4 63799
radio 4 64313
radio 4 64346
radio 4 64860
radio 4 64877
radio 4 65390
radio 4 65419
radio 5 397
radio 5 426
radio 5 939
radio 5 967
radio 5 1480
radio 5 1497
radio 5 2010
radio 5 2040
radio 5 2554
radio 5 2584
radio 5 3098
delay 0 17 5 3219 5 2825 15 16 1 0 46 1 0
radio 5 4295
radio 5 4808
radio 5 4826
radio 5 5340
radio 5 5372
radio 5 5886
radio 5 5941
radio 5 6455
radio 5 6487
radio 5 7001
radio 5 7018
radio 5 7531
radio 5 7548
radio 5 8061
radio 5 8096
radio 5 8610
radio 5 8643
radio 5 9157
radio 5 9174
radio 5 9687
radio 5 9704
radio 5 10217
radio 5 10234
radio 5 10748
radio 5 10765
radio 5 11278
radio 5 11327
radio 5 11841
radio 5 11858
radio 5 12371
radio 5 12388
radio 5 12901
radio 5 12972
radio 5 13486
radio 5 13521
radio 5 14035
radio 5 14052
radio 5 14566
radio 5 14595
radio 5 15109
radio 5 15126
radio 5 15639
radio 5 15670
radio 5 16184
radio 5 16201
radio 5 16714
radio 5 16731
radio 5 17244
radio 5 17272
radio 5 17786
radio 5 17803
radio 5 18317
radio 5 18346
radio 5 18860
radio 5 18892
radio 5 19406
radio 5 19454
radio 5 19968
radio 5 19985
radio 5 20498
radio 5 20515
radio 5 21028
radio 5 21045
radio 5 21559
radio 5 21576
radio 5 22089
radio 5 22118
radio 5 22632
radio 5 22649
radio 5 23163
radio 5 23196
radio 5 23710
delay 1 12 5 23749 5 23479 14 16 2 0 85 1 0
radio 5 24820
radio 5 25333
radio 5 25350
radio 5 25863
radio 5 25880
radio 5 26394
radio 5 26411
radio 5 26924
radio 5 26941
radio 5 27454
radio 5 27471
energy 5 27744 3 43585
radio 5 27984
radio 5 28014
radio 5 28528
radio 5 28576
radio 5 29090
radio 5 29120
radio 5 29634
radio 5 29651
radio 5 30164
radio 5 30181
radio 5 30695
radio 5 30712
radio 5 31225
radio 5 31259
radio 5 31773
radio 5 31848
radio 5 32362
radio 5 32518
radio 5 33032
radio 5 33082
radio 5 33596
radio 5 33728
radio 5 34242
radio 5 34259
radio 5 34772
radio 5 34789
radio 5 35302
radio 5 35319
radio 5 35832
radio 5 35865
radio 5 36379
radio 5 36396
radio 5 36909
radio 5 36980
radio 5 37494
radio 5 37523
radio 5 38037
radio 5 38089
radio 5 38603
radio 5 38620
radio 5 39133
radio 5 39168
radio 5 39682
radio 5 39699
radio 5 40212
radio 5 40229
radio 5 40742
radio 5 40759
radio 5 41272
radio 5 41289
radio 5 41802
radio 5 41834
radio 5 42348
radio 5 42365
radio 5 42878
radio 5 42895
radio 5 43408
radio 5 43425
radio 5 43938
delay 2 0 5 43954 5 44192 0 16 16 1 56 1 0
radio 5 45028
radio 5 45542
radio 5 45598
radio 5 46112
radio 5 46129
radio 5 46642
radio 5 46676
radio 5 47190
radio 5 47241
radio 5 47755
radio 5 47772
radio 5 48285
radio 5 48315
radio 5 48829
radio 5 48863
radio 5 49377
radio 5 49394
radio 5 49908
radio 5 49925
radio 5 50438
radio 5 50489
radio 5 51003
radio 5 51020
radio 5 51534
radio 5 51569
radio 5 52083
radio 5 52114
radio 5 52628
radio 5 52645
radio 5 53159
radio 5 53207
radio 5 53721
radio 5 53750
radio 5 54264
radio 5 54281
radio 5 54794
radio 5 54811
radio 5 55324
radio 5 55341
radio 5 55854
radio 5 55871
radio 5 56384
radio 5 56414
radio 5 56928
radio 5 56959
radio 5 57473
radio 5 57490
radio 5 58003
radio 5 58020
radio 5 58533
radio 5 58550
radio 5 59064
radio 5 59081
radio 5 59595
radio 5 59612
radio 5 60125
radio 5 60160
radio 5 60674
radio 5 60706
radio 5 61220
radio 5 61249
radio 5 61763
radio 5 61812
radio 5 62326
radio 5 62343
radio 5 62856
radio 5 62873
radio 5 63387
radio 5 63404
radio 5 63917
radio 5 63934
radio 5 64447
delay 3 18 5 64569 5 64464 15 16 1 0 96 1 0
radio 6 93
radio 6 606
radio 6 623
radio 6 1136
radio 6 1165
radio 6 1679
radio 6 1733
