Thread[Thread-1,5,main]tree 20 15 3 14 0 0
radio 3 42058
radio 3 42062
delay 1000 15 3 42081 3 53969 16 16 65535 0 13005 0 0
radio 3 42089
radio 3 42604
radio 3 42621
radio 3 43135
radio 3 43209
radio 3 43723
radio 3 43757
radio 3 44271
delay 28 24 3 44285 3 54992 9 16 7 0 11341 0 0
radio 3 44293
radio 3 44807
radio 3 44828
radio 3 45341
radio 3 45396
radio 3 45909
radio 3 45923
radio 3 46436
radio 3 46453
radio 3 46967
radio 3 46984
radio 3 47498
radio 3 47515
radio 3 48029
delay 142 24 3 48041 3 55267 9 16 7 0 8235 0 0
radio 3 48048
radio 3 48563
radio 3 48606
radio 3 49119
radio 3 49136
radio 3 49650
radio 3 49667
radio 3 50181
radio 3 50236
radio 3 50750
radio 3 50784
radio 3 51298
delay 71 5 3 51314 3 55528 14 16 2 0 4605 0 0
radio 3 51321
radio 3 51836
radio 3 51876
radio 3 52389
radio 3 52409
radio 3 52922
radio 3 52972
radio 3 53486
radio 3 53515
radio 3 54029
radio 3 54084
radio 3 54598
radio 3 54629
radio 3 55143
radio 3 55173
radio 3 55687
radio 3 55704
radio 3 56218
radio 3 56235
radio 3 56749
radio 3 56766
radio 3 57280
radio 3 57297
radio 3 57811
radio 3 57828
radio 3 58342
radio 3 58359
radio 3 58873
radio 3 58890
radio 3 59404
radio 3 59421
radio 3 59935
radio 3 59988
radio 3 60502
radio 3 60519
radio 3 61033
radio 3 61050
radio 3 61564
radio 3 61581
radio 3 62095
radio 3 62112
radio 3 62626
radio 3 62655
radio 3 63169
radio 3 63186
radio 3 63700
radio 3 63717
radio 3 64231
radio 3 64287
radio 3 64801
radio 3 64818
radio 3 65332
radio 3 65349
radio 4 327
radio 4 344
radio 4 857
radio 4 874
radio 4 1387
radio 4 1404
radio 4 1917
radio 4 1950
radio 4 2464
radio 4 2481
radio 4 2994
radio 4 3051
radio 4 3565
radio 4 3595
radio 4 4109
radio 4 4140
radio 4 4654
radio 4 4671
radio 4 5184
radio 4 5201
radio 4 5714
radio 4 5731
radio 4 6244
radio 4 6261
radio 4 6774
radio 4 6822
radio 4 7336
radio 4 7353
radio 4 7866
radio 4 7883
radio 4 8396
radio 4 8413
radio 4 8926
radio 4 8958
radio 4 9472
radio 4 9489
radio 4 10002
radio 4 10019
radio 4 10533
radio 4 10567
radio 4 11081
radio 4 11098
radio 4 11612
radio 4 11644
radio 4 12158
radio 4 12175
radio 4 12689
radio 4 12706
radio 4 13220
radio 4 13289
radio 4 13803
radio 4 13871
radio 4 14385
radio 4 14402
radio 4 14916
radio 4 14933
radio 4 15447
radio 4 15464
radio 4 15978
radio 4 15995
radio 4 16509
radio 4 16526
radio 4 17040
radio 4 17057
radio 4 17571
radio 4 17623
radio 4 18137
radio 4 18170
radio 4 18684
radio 4 18717
radio 4 19231
radio 4 19248
radio 4 19762
radio 4 19793
radio 4 20307
radio 4 20338
radio 4 20852
radio 4 20869
radio 4 21382
radio 4 21399
radio 4 21913
radio 4 21930
radio 4 22444
radio 4 22461
radio 4 22974
radio 4 23002
radio 4 23516
radio 4 23533
radio 4 24047
radio 4 24064
radio 4 24578
radio 4 24595
radio 4 25109
radio 4 25126
radio 4 25640
radio 4 25694
radio 4 26208
radio 4 26225
radio 4 26739
radio 4 26756
radio 4 27270
radio 4 27300
radio 4 27814
radio 4 27831
radio 4 28345
radio 4 28362
radio 4 28876
radio 4 28893
radio 4 29407
radio 4 29438
radio 4 29952
radio 4 30000
radio 4 30514
radio 4 30531
radio 4 31045
radio 4 31062
radio 4 31575
radio 4 31643
radio 4 32157
radio 4 32174
radio 4 32688
radio 4 32705
radio 4 33219
radio 4 33236
radio 4 33750
radio 4 33785
radio 4 34299
radio 4 34316
radio 4 34829
radio 4 34846
radio 4 35360
radio 4 35377
radio 4 35890
radio 4 35907
radio 4 36420
radio 4 36508
radio 4 37022
radio 4 37039
radio 4 37553
radio 4 37570
energy 4 37974 3 44319
radio 4 38084
radio 4 38133
radio 4 38647
radio 4 38703
radio 4 39217
radio 4 39234
radio 4 39748
radio 4 39804
radio 4 40318
radio 4 40335
radio 4 40849
radio 4 41005
radio 4 41519
radio 4 41536
radio 4 42050
radio 4 42079
radio 4 42593
radio 4 42627
radio 4 43141
radio 4 43158
radio 4 43672
radio 4 43704
radio 4 44218
radio 4 44235
radio 4 44749
radio 4 44777
radio 4 45291
radio 4 45308
radio 4 45822
radio 4 45854
radio 4 46368
radio 4 46385
radio 4 46899
radio 4 46916
radio 4 47430
radio 4 47447
radio 4 47961
radio 4 47992
radio 4 48506
radio 4 48576
radio 4 49090
radio 4 49123
radio 4 49637
radio 4 49654
radio 4 50168
radio 4 50185
radio 4 50699
radio 4 50728
radio 4 51242
radio 4 51274
radio 4 51788
radio 4 51805
radio 4 52319
radio 4 52336
radio 4 52849
radio 4 52866
radio 4 53380
radio 4 53450
radio 4 53964
radio 4 54012
radio 4 54526
radio 4 54543
radio 4 55057
radio 4 55074
radio 4 55588
radio 4 55605
radio 4 56119
radio 4 56136
radio 4 56650
radio 4 56679
radio 4 57193
radio 4 57228
radio 4 57742
radio 4 57792
radio 4 58306
radio 4 58323
radio 4 58837
radio 4 58854
radio 4 59368
radio 4 59458
radio 4 59972
radio 4 60008
radio 4 60522
radio 4 60556
radio 4 61070
radio 4 61104
radio 4 61618
radio 4 61667
radio 4 62181
radio 4 62215
radio 4 62729
radio 4 62746
radio 4 63260
radio 4 63314
radio 4 63828
radio 4 63845
radio 4 64358
radio 4 64375
radio 4 64889
radio 4 64906
radio 4 65420
radio 4 65437
radio 5 415
radio 5 444
radio 5 957
radio 5 974
radio 5 1487
radio 5 1504
radio 5 2017
radio 5 2051
radio 5 2565
radio 5 2599
radio 5 3113
delay 0 17 5 3149 5 2904 15 16 1 0 125 0 0
radio 5 3157
radio 5 3671
radio 5 3693
radio 5 4206
radio 5 4225
radio 5 4738
radio 5 4758
radio 5 5271
radio 5 5301
radio 5 5815
radio 5 5832
radio 5 6345
radio 5 6362
radio 5 6875
radio 5 6927
radio 5 7441
radio 5 7477
radio 5 7991
radio 5 8008
radio 5 8521
radio 5 8538
radio 5 9051
radio 5 9068
radio 5 9581
radio 5 9613
radio 5 10127
radio 5 10182
radio 5 10696
radio 5 10713
radio 5 11226
radio 5 11243
radio 5 11756
radio 5 11773
radio 5 12287
radio 5 12304
radio 5 12818
radio 5 12835
radio 5 13349
radio 5 13366
radio 5 13880
radio 5 13928
radio 5 14442
radio 5 14459
radio 5 14973
radio 5 14990
radio 5 15504
radio 5 15534
radio 5 16048
radio 5 16065
radio 5 16579
radio 5 16608
radio 5 17122
radio 5 17139
radio 5 17653
radio 5 17682
radio 5 18196
radio 5 18226
radio 5 18740
radio 5 18770
radio 5 19284
radio 5 19316
radio 5 19830
radio 5 19847
radio 5 20361
radio 5 20378
radio 5 20892
radio 5 20909
radio 5 21422
radio 5 21439
radio 5 21953
radio 5 21970
radio 5 22484
radio 5 22501
radio 5 23015
radio 5 23032
radio 5 23546
delay 1 34 5 23592 5 23096 15 16 1 0 22 1 0
radio 5 24664
radio 5 25177
radio 5 25194
radio 5 25708
radio 5 25725
radio 5 26239
radio 5 26271
radio 5 26785
radio 5 26802
radio 5 27316
radio 5 27345
radio 5 27859
radio 5 27876
radio 5 28390
radio 5 28423
radio 5 28937
radio 5 28972
radio 5 29486
radio 5 29583
radio 5 30097
radio 5 30114
radio 5 30628
radio 5 30683
radio 5 31197
radio 5 31270
radio 5 31784
radio 5 31801
radio 5 32315
radio 5 32405
radio 5 32919
radio 5 32936
radio 5 33449
radio 5 33601
energy 5 33878 3 48147
radio 5 34115
radio 5 34146
radio 5 34660
radio 5 34710
radio 5 35224
radio 5 35241
radio 5 35755
radio 5 35772
radio 5 36285
radio 5 36319
radio 5 36833
radio 5 36850
radio 5 37364
radio 5 37678
radio 5 38192
radio 5 38223
radio 5 38737
radio 5 38766
radio 5 39280
radio 5 39333
radio 5 39847
radio 5 39864
radio 5 40378
radio 5 40395
radio 5 40909
radio 5 40926
radio 5 41439
radio 5 41456
radio 5 41970
radio 5 41987
radio 5 42501
radio 5 42518
radio 5 43032
radio 5 43049
radio 5 43563
radio 5 43580
radio 5 44094
delay 2 6 5 44186 5 44328 16 16 65535 0 369 0 0
radio 5 44194
radio 5 44708
radio 5 44754
radio 5 45268
radio 5 45313
radio 5 45826
radio 5 45847
radio 5 46360
radio 5 46377
radio 5 46891
radio 5 46908
radio 5 47422
radio 5 47439
radio 5 47953
radio 5 48007
radio 5 48521
radio 5 48538
radio 5 49051
radio 5 49068
radio 5 49582
radio 5 49599
radio 5 50113
radio 5 50130
radio 5 50644
radio 5 50661
radio 5 51175
radio 5 51192
radio 5 51706
radio 5 51738
radio 5 52252
radio 5 52269
radio 5 52783
radio 5 52800
radio 5 53314
radio 5 53348
radio 5 53862
radio 5 53879
radio 5 54393
radio 5 54410
radio 5 54924
radio 5 54941
radio 5 55455
radio 5 55491
radio 5 56005
radio 5 56022
radio 5 56536
radio 5 56566
radio 5 57080
radio 5 57109
radio 5 57623
radio 5 57673
radio 5 58187
radio 5 58220
radio 5 58734
radio 5 58751
radio 5 59265
radio 5 59282
radio 5 59796
radio 5 59813
radio 5 60327
radio 5 60363
radio 5 60877
radio 5 60934
radio 5 61448
radio 5 61479
radio 5 61993
radio 5 62023
radio 5 62537
radio 5 62554
radio 5 63068
radio 5 63085
radio 5 63599
radio 5 63616
radio 5 64130
radio 5 64180
radio 5 64694
delay 3 18 5 64710 5 64754 15 16 1 0 386 0 0
radio 5 64718
radio 5 65232
radio 5 65247
radio 6 225
radio 6 282
radio 6 795
radio 6 850
radio 6 1363
radio 6 1380
radio 6 1893
