Thread[Thread-1,5,main]tree 1000 19 43 14 0 0
radio 8 60630
radio 8 60633
radio 8 60663
radio 8 61177
radio 8 61229
radio 8 61743
radio 8 61760
radio 8 62273
radio 8 62304
radio 8 62818
radio 8 62835
radio 8 63348
radio 8 63398
radio 8 63912
radio 8 64061
radio 8 64575
radio 8 64606
radio 8 65120
radio 8 65137
radio 9 114
radio 9 164
radio 9 677
radio 9 727
radio 9 1240
radio 9 1269
radio 9 1783
radio 9 1816
radio 9 2330
radio 9 2360
radio 9 2874
radio 9 2902
radio 9 3416
radio 9 3433
radio 9 3946
radio 9 3975
radio 9 4489
radio 9 4506
radio 9 5019
radio 9 5047
radio 9 5561
radio 9 5592
radio 9 6106
radio 9 6176
radio 9 6690
radio 9 6722
radio 9 7236
radio 9 7272
radio 9 7786
radio 9 7816
radio 9 8330
radio 9 8402
radio 9 8916
radio 9 8972
radio 9 9486
radio 9 9555
radio 9 10069
radio 9 10098
radio 9 10612
radio 9 10641
radio 9 11155
radio 9 11188
radio 9 11702
radio 9 11736
radio 9 12250
radio 9 12284
radio 9 12798
radio 9 12827
radio 9 13341
radio 9 13372
radio 9 13886
radio 9 13936
radio 9 14450
radio 9 14478
radio 9 14992
radio 9 15024
radio 9 15538
radio 9 15568
radio 9 16082
radio 9 16116
radio 9 16630
radio 9 16661
radio 9 17175
radio 9 17192
radio 9 17705
radio 9 17734
radio 9 18248
radio 9 18265
radio 9 18778
radio 9 18795
radio 9 19308
radio 9 19325
radio 9 19838
radio 9 19894
radio 9 20408
radio 9 20438
radio 9 20952
radio 9 20981
radio 9 21495
radio 9 21512
radio 9 22025
radio 9 22080
radio 9 22594
radio 9 22669
radio 9 23183
radio 9 23238
radio 9 23752
radio 9 23823
radio 9 24337
radio 9 24385
radio 9 24899
radio 9 24916
radio 9 25429
radio 9 25460
radio 9 25974
radio 9 26030
radio 9 26544
radio 9 26592
radio 9 27106
radio 9 27138
radio 9 27652
radio 9 27743
radio 9 28257
radio 9 28308
radio 9 28822
radio 9 28853
radio 9 29367
radio 9 29422
radio 9 29936
radio 9 30009
radio 9 30523
radio 9 30540
radio 9 31053
radio 9 31087
radio 9 31601
radio 9 31631
radio 9 32145
radio 9 32162
radio 9 32675
radio 9 32705
radio 9 33219
radio 9 33236
radio 9 33749
radio 9 33780
radio 9 34294
radio 9 34311
radio 9 34824
radio 9 34872
radio 9 35386
radio 9 35462
radio 9 35976
radio 9 35993
radio 9 36506
radio 9 36555
radio 9 37069
radio 9 37100
radio 9 37614
radio 9 37631
radio 9 38144
radio 9 38175
radio 9 38689
radio 9 38719
radio 9 39233
radio 9 39285
radio 9 39799
radio 9 39827
radio 9 40341
radio 9 40393
radio 9 40907
radio 9 40958
radio 9 41472
radio 9 41561
radio 9 42075
radio 9 42092
radio 9 42605
radio 9 42660
radio 9 43174
radio 9 43225
radio 9 43739
radio 9 43792
radio 9 44306
radio 9 44375
radio 9 44889
radio 9 44906
radio 9 45419
radio 9 45467
radio 9 45981
radio 9 46049
radio 9 46563
radio 9 46619
radio 9 47133
radio 9 47204
radio 9 47718
radio 9 47735
radio 9 48248
radio 9 48303
radio 9 48817
radio 9 48845
radio 9 49359
radio 9 49415
radio 9 49929
radio 9 49962
radio 9 50476
radio 9 50506
radio 9 51020
radio 9 51049
radio 9 51563
radio 9 51651
radio 9 52165
radio 9 52215
radio 9 52729
radio 9 52759
radio 9 53273
radio 9 53304
radio 9 53818
radio 9 53851
radio 9 54365
radio 9 54481
radio 9 54995
radio 9 55045
radio 9 55559
radio 9 55588
radio 9 56102
radio 9 56119
energy 9 56545 8 64434
radio 9 56632
radio 9 56688
radio 9 57202
radio 9 57272
radio 9 57786
radio 9 57803
radio 9 58316
radio 9 58365
radio 9 58879
radio 9 58950
radio 9 59464
radio 9 59517
radio 9 60031
radio 9 60079
radio 9 60593
radio 9 60643
radio 9 61157
radio 9 61174
radio 9 61687
radio 9 61718
radio 9 62232
radio 9 62305
radio 9 62819
radio 9 62872
radio 9 63386
radio 9 63459
radio 9 63973
radio 9 64029
radio 9 64543
radio 9 64652
radio 9 65166
radio 9 65201
radio 10 179
radio 10 196
radio 10 709
radio 10 726
radio 10 1239
radio 10 1267
radio 10 1781
radio 10 1798
radio 10 2311
radio 10 2365
radio 10 2879
radio 10 2896
radio 10 3409
radio 10 3480
radio 10 3994
radio 10 4106
radio 10 4620
radio 10 4651
radio 10 5165
radio 10 5200
radio 10 5714
radio 10 5787
radio 10 6301
radio 10 6330
radio 10 6844
radio 10 6878
radio 10 7392
radio 10 7461
radio 10 7975
radio 10 7992
radio 10 8505
radio 10 8522
radio 10 9035
radio 10 9066
radio 10 9580
radio 10 9597
radio 10 10110
radio 10 10127
radio 10 10641
radio 10 10675
radio 10 11189
radio 10 11238
radio 10 11752
radio 10 11769
radio 10 12283
radio 10 12333
radio 10 12847
radio 10 12917
radio 10 13431
radio 10 13448
radio 10 13961
radio 10 14011
radio 10 14525
radio 10 14555
radio 10 15069
radio 10 15120
radio 10 15634
radio 10 15688
radio 10 16202
radio 10 16273
radio 10 16787
radio 10 16839
radio 10 17353
radio 10 17402
radio 10 17916
radio 10 17946
radio 10 18460
radio 10 18493
radio 10 19007
radio 10 19041
radio 10 19555
radio 10 19628
radio 10 20142
radio 10 20159
radio 10 20673
radio 10 20721
radio 10 21235
radio 10 21266
radio 10 21780
radio 10 21833
radio 10 22347
radio 10 22398
radio 10 22912
radio 10 22981
radio 10 23495
radio 10 23549
radio 10 24063
radio 10 24113
radio 10 24627
radio 10 24644
radio 10 25157
radio 10 25190
radio 10 25704
radio 10 25754
radio 10 26268
radio 10 26339
radio 10 26853
radio 10 26881
radio 10 27395
radio 10 27412
radio 10 27925
delay 0 46 10 28160 10 27420 13 12 65535 0 608 0 0
radio 10 28168
radio 10 28683
radio 10 28701
radio 10 29215
radio 10 29232
radio 10 29746
radio 10 29775
radio 10 30289
radio 10 30319
radio 10 30833
radio 10 30862
radio 10 31376
radio 10 31407
radio 10 31921
radio 10 31977
radio 10 32491
radio 10 32508
radio 10 33021
radio 10 33038
radio 10 33551
radio 10 33584
radio 10 34098
radio 10 34128
radio 10 34642
radio 10 34659
radio 10 35172
radio 10 35200
radio 10 35714
radio 10 35731
radio 10 36244
radio 10 36261
radio 10 36775
radio 10 36825
radio 10 37339
radio 10 37394
radio 10 37908
radio 10 37978
radio 10 38492
radio 10 38509
radio 10 39023
radio 10 39071
radio 10 39585
radio 10 39656
radio 10 40170
radio 10 40220
radio 10 40734
radio 10 40809
radio 10 41323
radio 10 41375
radio 10 41889
radio 10 41940
radio 10 42454
radio 10 42471
radio 10 42984
radio 10 43001
radio 10 43514
radio 10 43545
radio 10 44059
radio 10 44093
radio 10 44607
radio 10 44661
radio 10 45175
radio 10 45204
radio 10 45718
radio 10 45751
radio 10 46265
radio 10 46295
radio 10 46809
radio 10 46863
radio 10 47377
radio 10 47394
radio 10 47908
radio 10 47925
radio 10 48439
delay 1 26 10 48534 10 48288 13 12 65535 0 338 0 0
radio 10 48542
radio 10 49057
radio 10 49131
radio 10 49645
radio 10 49699
radio 10 50213
radio 10 50246
radio 10 50760
radio 10 50777
radio 10 51290
radio 10 51339
radio 10 51853
radio 10 51922
radio 10 52436
energy 10 52453 9 3036
radio 10 52459
radio 10 52972
radio 10 52989
radio 10 53503
radio 10 53535
radio 10 54049
radio 10 54099
radio 10 54613
radio 10 54644
radio 10 55158
radio 10 55192
radio 10 55706
radio 10 55738
radio 10 56252
radio 10 56302
radio 10 56816
radio 10 56847
radio 10 57361
radio 10 57417
radio 10 57931
radio 10 57982
radio 10 58496
radio 10 58527
radio 10 59041
radio 10 59092
radio 10 59606
radio 10 59657
radio 10 60171
radio 10 60188
radio 10 60701
radio 10 60718
radio 10 61231
radio 10 61248
radio 10 61762
radio 10 61797
radio 10 62311
radio 10 62328
radio 10 62841
radio 10 62872
radio 10 63386
radio 10 63434
radio 10 63948
radio 10 63984
radio 10 64498
radio 10 64548
radio 10 65062
radio 10 65134
radio 11 112
radio 11 129
radio 11 642
radio 11 718
radio 11 1232
radio 11 1282
radio 11 1796
radio 11 1846
radio 11 2360
radio 11 2472
radio 11 2986
delay 2 26 11 3012 11 2766 13 12 65535 0 53 1 0
radio 11 4093
radio 11 4607
radio 11 4679
radio 11 5193
radio 11 5303
radio 11 5817
radio 11 5865
radio 11 6379
radio 11 6411
radio 11 6925
radio 11 6942
radio 11 7455
radio 11 7484
radio 11 7998
radio 11 8026
radio 11 8540
radio 11 8594
radio 11 9108
radio 11 9125
radio 11 9638
radio 11 9655
radio 11 10168
radio 11 10185
radio 11 10698
radio 11 10728
radio 11 11242
radio 11 11259
radio 11 11772
radio 11 11802
radio 11 12316
radio 11 12392
radio 11 12906
radio 11 12935
radio 11 13449
radio 11 13466
radio 11 13979
radio 11 13996
radio 11 14509
radio 11 14541
radio 11 15055
radio 11 15072
radio 11 15585
radio 11 15602
radio 11 16115
radio 11 16144
radio 11 16658
radio 11 16687
radio 11 17201
radio 11 17218
radio 11 17731
radio 11 17748
radio 11 18261
radio 11 18311
radio 11 18825
radio 11 18855
radio 11 19369
radio 11 19425
radio 11 19939
radio 11 19987
radio 11 20501
radio 11 20532
radio 11 21046
radio 11 21098
radio 11 21612
radio 11 21662
radio 11 22176
radio 11 22247
radio 11 22761
radio 11 22778
radio 11 23292
radio 11 23342
radio 11 23856
delay 3 5 11 23871 11 24084 14 12 65535 0 121 0 0
radio 11 23879
radio 11 24394
radio 11 24513
radio 11 25027
radio 11 25240
radio 11 25753
radio 11 25789
radio 11 26303
radio 11 26320
radio 11 26834
radio 11 26851
radio 11 27364
radio 11 27394
radio 11 27908
radio 11 27958
radio 11 28472
radio 11 28541
radio 11 29055
radio 11 29106
radio 11 29620
radio 11 29671
radio 11 30185
radio 11 30202
radio 11 30716
radio 11 30733
radio 11 31246
radio 11 31276
radio 11 31790
radio 11 31839
radio 11 32353
radio 11 32381
radio 11 32895
radio 11 32912
radio 11 33425
radio 11 33461
radio 11 33975
radio 11 34006
radio 11 34520
radio 11 34568
radio 11 35082
radio 11 35114
radio 11 35628
radio 11 35660
radio 11 36174
radio 11 36203
radio 11 36717
radio 11 36769
radio 11 37283
radio 11 37300
radio 11 37813
radio 11 37830
radio 11 38344
radio 11 38399
radio 11 38913
radio 11 38966
radio 11 39480
radio 11 39551
radio 11 40065
radio 11 40117
radio 11 40631
radio 11 40705
radio 11 41219
radio 11 41269
radio 11 41783
radio 11 41818
radio 11 42332
radio 11 42349
radio 11 42862
radio 11 42879
radio 11 43393
radio 11 43410
radio 11 43923
delay 4 4 11 43941 11 44268 13 12 65535 0 18 1 0
radio 11 45015
radio 11 45529
radio 11 45577
radio 11 46091
radio 11 46108
radio 11 46621
radio 11 46638
radio 11 47152
radio 11 47182
radio 11 47696
radio 11 47713
radio 11 48227
radio 11 48244
energy 11 48353 9 8729
radio 11 48758
radio 11 48790
radio 11 49304
radio 11 49336
radio 11 49850
radio 11 49867
radio 11 50380
radio 11 50432
radio 11 50946
radio 11 50976
radio 11 51490
radio 11 51507
radio 11 52020
radio 11 52074
radio 11 52588
radio 11 52638
radio 11 53152
radio 11 53169
radio 11 53682
radio 11 53699
radio 11 54213
radio 11 54230
radio 11 54743
radio 11 54760
radio 11 55273
radio 11 55290
radio 11 55803
radio 11 55820
radio 11 56334
radio 11 56351
radio 11 56864
radio 11 56881
radio 11 57394
radio 11 57429
radio 11 57943
radio 11 57973
radio 11 58487
radio 11 58520
radio 11 59034
radio 11 59068
radio 11 59582
radio 11 59618
radio 11 60132
radio 11 60184
radio 11 60698
radio 11 60729
radio 11 61243
radio 11 61272
radio 11 61786
radio 11 61815
radio 11 62329
radio 11 62346
radio 11 62859
radio 11 62934
radio 11 63448
radio 11 63465
radio 11 63979
radio 11 64029
radio 11 64543
delay 5 9 11 64860 11 65004 11 12 1 0 406 0 0
radio 11 64869
radio 11 65382
radio 11 65487
radio 12 464
radio 12 532
radio 12 1046
radio 12 1063
radio 12 1576
radio 12 1611
radio 12 2125
radio 12 2158
radio 12 2672
radio 12 2765
radio 12 3279
radio 12 3296
radio 12 3809
radio 12 3826
radio 12 4339
radio 12 4374
