Thread[Thread-1,5,main]tree 25 17 49 12 0 0
radio 8 57548
radio 8 57552
radio 8 57569
radio 8 58082
radio 8 58157
radio 8 58671
radio 8 58700
radio 8 59214
radio 8 59231
radio 8 59744
radio 8 59834
radio 8 60348
radio 8 60365
radio 8 60878
radio 8 60895
radio 8 61408
radio 8 61443
radio 8 61957
radio 8 61986
radio 8 62500
radio 8 62517
radio 8 63030
radio 8 63047
radio 8 63560
radio 8 63613
radio 8 64127
radio 8 64161
radio 8 64675
radio 8 64704
radio 8 65218
radio 8 65247
radio 9 225
radio 9 279
radio 9 792
radio 9 821
radio 9 1334
radio 9 1363
radio 9 1877
radio 9 1952
radio 9 2466
radio 9 2483
radio 9 2996
radio 9 3025
radio 9 3539
radio 9 3571
radio 9 4085
radio 9 4155
radio 9 4669
radio 9 4697
radio 9 5211
radio 9 5228
radio 9 5741
radio 9 5775
radio 9 6289
radio 9 6357
radio 9 6871
radio 9 6888
radio 9 7401
radio 9 7450
radio 9 7964
radio 9 8055
radio 9 8569
radio 9 8586
radio 9 9099
radio 9 9128
radio 9 9642
radio 9 9713
radio 9 10227
radio 9 10255
radio 9 10769
radio 9 10798
radio 9 11312
radio 9 11329
radio 9 11842
radio 9 11875
radio 9 12389
radio 9 12406
radio 9 12919
radio 9 12968
radio 9 13482
radio 9 13499
radio 9 14012
radio 9 14029
radio 9 14542
radio 9 14571
radio 9 15085
radio 9 15102
radio 9 15615
radio 9 15651
radio 9 16165
radio 9 16182
radio 9 16695
radio 9 16712
radio 9 17225
radio 9 17242
radio 9 17755
radio 9 17788
radio 9 18302
radio 9 18331
radio 9 18845
radio 9 18874
radio 9 19388
radio 9 19405
radio 9 19918
radio 9 19989
radio 9 20503
radio 9 20532
radio 9 21046
radio 9 21063
radio 9 21576
radio 9 21611
radio 9 22125
radio 9 22159
radio 9 22673
radio 9 22690
radio 9 23203
radio 9 23237
radio 9 23751
radio 9 23800
radio 9 24314
radio 9 24366
radio 9 24880
radio 9 24911
radio 9 25425
radio 9 25442
radio 9 25955
radio 9 25972
radio 9 26485
radio 9 26534
radio 9 27048
radio 9 27079
radio 9 27593
radio 9 27684
radio 9 28198
radio 9 28253
radio 9 28767
radio 9 28784
radio 9 29297
radio 9 29314
radio 9 29827
radio 9 29844
radio 9 30357
radio 9 30374
radio 9 30887
radio 9 30918
radio 9 31432
radio 9 31449
radio 9 31962
radio 9 31994
radio 9 32508
radio 9 32525
radio 9 33038
radio 9 33073
radio 9 33587
radio 9 33620
radio 9 34134
radio 9 34162
radio 9 34676
radio 9 34705
radio 9 35219
radio 9 35248
radio 9 35762
radio 9 35779
radio 9 36292
radio 9 36309
radio 9 36822
radio 9 36839
radio 9 37352
radio 9 37369
radio 9 37882
radio 9 37899
radio 9 38412
radio 9 38429
radio 9 38942
radio 9 38971
radio 9 39485
radio 9 39537
radio 9 40051
radio 9 40121
radio 9 40635
radio 9 40652
radio 9 41165
radio 9 41219
radio 9 41733
radio 9 41801
radio 9 42315
radio 9 42345
radio 9 42859
radio 9 42876
radio 9 43389
radio 9 43424
radio 9 43938
radio 9 43968
radio 9 44482
radio 9 44512
radio 9 45026
radio 9 45056
radio 9 45570
radio 9 45680
radio 9 46194
radio 9 46211
radio 9 46724
radio 9 46773
radio 9 47287
radio 9 47356
radio 9 47870
radio 9 47906
radio 9 48420
radio 9 48453
radio 9 48967
radio 9 48995
radio 9 49509
radio 9 49560
radio 9 50074
radio 9 50126
radio 9 50640
radio 9 50713
radio 9 51227
radio 9 51258
radio 9 51772
radio 9 51789
radio 9 52302
radio 9 52336
radio 9 52850
radio 9 52879
radio 9 53393
radio 9 53427
energy 9 53464 8 60705
radio 9 53941
radio 9 53958
radio 9 54471
radio 9 54541
radio 9 55055
radio 9 55072
radio 9 55585
radio 9 55616
radio 9 56130
radio 9 56147
radio 9 56660
radio 9 56693
radio 9 57207
radio 9 57237
radio 9 57751
radio 9 57768
radio 9 58281
radio 9 58298
radio 9 58811
radio 9 58828
radio 9 59341
radio 9 59416
radio 9 59930
radio 9 59947
radio 9 60460
radio 9 60530
radio 9 61044
radio 9 61092
radio 9 61606
radio 9 61639
radio 9 62153
radio 9 62188
radio 9 62702
radio 9 62770
radio 9 63284
radio 9 63319
radio 9 63833
radio 9 63865
radio 9 64379
radio 9 64449
radio 9 64963
radio 9 64994
radio 9 65508
radio 10 2
radio 10 515
radio 10 590
radio 10 1104
radio 10 1121
radio 10 1634
radio 10 1663
radio 10 2177
radio 10 2206
radio 10 2720
radio 10 2792
radio 10 3306
radio 10 3323
radio 10 3836
radio 10 3853
radio 10 4366
radio 10 4396
radio 10 4910
radio 10 4927
radio 10 5440
radio 10 5469
radio 10 5983
radio 10 6014
radio 10 6528
radio 10 6560
radio 10 7074
radio 10 7108
radio 10 7622
radio 10 7653
radio 10 8167
radio 10 8184
radio 10 8697
radio 10 8790
radio 10 9304
radio 10 9321
radio 10 9834
radio 10 9902
radio 10 10416
radio 10 10433
radio 10 10947
radio 10 10980
radio 10 11494
radio 10 11530
radio 10 12044
radio 10 12061
radio 10 12575
radio 10 12650
radio 10 13164
radio 10 13213
radio 10 13727
radio 10 13779
radio 10 14293
radio 10 14342
radio 10 14856
radio 10 14889
radio 10 15403
radio 10 15474
radio 10 15988
radio 10 16005
radio 10 16519
radio 10 16549
radio 10 17063
radio 10 17080
radio 10 17593
radio 10 17684
radio 10 18198
radio 10 18215
radio 10 18729
radio 10 18761
radio 10 19275
radio 10 19292
radio 10 19805
radio 10 19822
radio 10 20336
radio 10 20369
radio 10 20883
radio 10 20938
radio 10 21452
radio 10 21484
radio 10 21998
radio 10 22028
radio 10 22542
radio 10 22611
radio 10 23125
radio 10 23161
radio 10 23675
radio 10 23711
radio 10 24225
radio 10 24242
radio 10 24756
radio 10 24785
radio 10 25299
radio 10 25328
radio 10 25842
radio 10 25859
radio 10 26373
radio 10 26421
radio 10 26935
radio 10 26952
radio 10 27466
delay 0 12 10 27482 10 27598 7 15 8 0 48 0 0
radio 10 27490
radio 10 28004
radio 10 28629
radio 10 29142
radio 10 29191
radio 10 29705
radio 10 29722
radio 10 30236
radio 10 30270
radio 10 30784
radio 10 30834
radio 10 31348
radio 10 31417
radio 10 31931
radio 10 31960
radio 10 32474
radio 10 32509
radio 10 33023
radio 10 33096
radio 10 33610
radio 10 33627
radio 10 34141
radio 10 34214
radio 10 34728
radio 10 34780
radio 10 35294
radio 10 35329
radio 10 35843
radio 10 35860
radio 10 36373
radio 10 36390
radio 10 36904
radio 10 36937
radio 10 37451
radio 10 37503
radio 10 38017
radio 10 38047
radio 10 38561
radio 10 38594
radio 10 39108
radio 10 39179
radio 10 39693
radio 10 39722
radio 10 40236
radio 10 40304
radio 10 40818
radio 10 40847
radio 10 41361
radio 10 41378
radio 10 41892
radio 10 41922
radio 10 42436
radio 10 42453
radio 10 42967
radio 10 42996
radio 10 43510
radio 10 43583
radio 10 44097
radio 10 44133
radio 10 44647
radio 10 44678
radio 10 45192
radio 10 45261
radio 10 45775
radio 10 45804
radio 10 46318
radio 10 46347
radio 10 46861
radio 10 46910
radio 10 47424
radio 10 47441
radio 10 47954
delay 1 47 10 48076 10 47364 11 15 4 0 120 1 0
radio 10 49147
energy 10 49368 9 258
radio 10 49661
radio 10 49678
radio 10 50192
radio 10 50225
radio 10 50739
radio 10 50756
radio 10 51270
radio 10 51303
radio 10 51817
radio 10 51892
radio 10 52406
radio 10 52441
radio 10 52955
radio 10 52991
radio 10 53505
radio 10 53522
radio 10 54036
radio 10 54071
radio 10 54585
radio 10 54602
radio 10 55116
radio 10 55166
radio 10 55680
radio 10 55708
radio 10 56222
radio 10 56239
radio 10 56752
radio 10 56769
radio 10 57283
radio 10 57300
radio 10 57814
radio 10 57842
radio 10 58356
radio 10 58373
radio 10 58887
radio 10 58904
radio 10 59418
radio 10 59452
radio 10 59966
radio 10 60019
radio 10 60533
radio 10 60550
radio 10 61064
radio 10 61097
radio 10 61611
radio 10 61628
radio 10 62142
radio 10 62159
radio 10 62672
radio 10 62689
radio 10 63203
radio 10 63235
radio 10 63749
radio 10 63821
radio 10 64335
radio 10 64364
radio 10 64878
radio 10 64907
radio 10 65421
radio 10 65475
radio 11 453
radio 11 481
radio 11 995
radio 11 1012
radio 11 1525
radio 11 1542
radio 11 2055
radio 11 2072
radio 11 2585
radio 11 2602
radio 11 3115
delay 2 27 11 3551 11 3312 12 15 3 0 212 0 0
radio 11 3558
radio 11 4073
radio 11 4090
radio 11 4603
radio 11 4654
radio 11 5168
radio 11 5185
radio 11 5698
radio 11 5734
radio 11 6248
radio 11 6280
radio 11 6794
radio 11 6827
radio 11 7341
radio 11 7369
radio 11 7883
radio 11 7900
radio 11 8413
radio 11 8443
radio 11 8957
radio 11 8988
radio 11 9502
radio 11 9535
radio 11 10049
radio 11 10066
radio 11 10579
radio 11 10596
radio 11 11110
radio 11 11142
radio 11 11656
radio 11 11712
radio 11 12226
radio 11 12257
radio 11 12771
radio 11 12788
radio 11 13302
radio 11 13319
radio 11 13832
radio 11 13905
radio 11 14419
radio 11 14452
radio 11 14966
radio 11 14983
radio 11 15497
radio 11 15526
radio 11 16040
radio 11 16111
radio 11 16625
radio 11 16642
radio 11 17156
radio 11 17173
radio 11 17687
radio 11 17717
radio 11 18231
radio 11 18248
radio 11 18762
radio 11 18838
radio 11 19352
radio 11 19387
radio 11 19901
radio 11 19931
radio 11 20445
radio 11 20474
radio 11 20988
radio 11 21041
radio 11 21555
radio 11 21585
radio 11 22099
radio 11 22116
radio 11 22630
radio 11 22647
radio 11 23161
radio 11 23191
radio 11 23705
delay 3 47 11 23750 11 23032 11 15 4 0 65535 0 0
radio 11 23758
radio 11 24272
radio 11 24559
radio 11 25073
radio 11 25089
radio 11 25602
radio 11 25619
radio 11 26132
radio 11 26185
radio 11 26699
radio 11 26734
radio 11 27248
radio 11 27279
radio 11 27793
radio 11 27822
radio 11 28336
radio 11 28371
radio 11 28885
radio 11 28915
radio 11 29429
radio 11 29463
radio 11 29977
radio 11 30007
radio 11 30521
radio 11 30557
radio 11 31071
radio 11 31088
radio 11 31602
radio 11 31632
radio 11 32146
radio 11 32177
radio 11 32691
radio 11 32708
radio 11 33221
radio 11 33238
radio 11 33751
radio 11 33782
radio 11 34296
radio 11 34313
radio 11 34827
radio 11 34880
radio 11 35394
radio 11 35411
radio 11 35924
radio 11 35978
radio 11 36492
radio 11 36527
radio 11 37041
radio 11 37070
radio 11 37584
radio 11 37601
radio 11 38115
radio 11 38144
radio 11 38658
radio 11 38688
radio 11 39202
radio 11 39231
radio 11 39745
radio 11 39776
radio 11 40290
radio 11 40307
radio 11 40821
radio 11 40856
radio 11 41370
radio 11 41387
radio 11 41901
radio 11 41918
radio 11 42432
radio 11 42481
radio 11 42995
radio 11 43031
radio 11 43545
radio 11 43562
radio 11 44076
delay 4 49 11 44153 11 43403 6 15 9 0 62 1 0
radio 11 45234
energy 11 45272 9 4672
radio 11 45748
radio 11 45780
radio 11 46294
radio 11 46311
radio 11 46824
radio 11 46855
radio 11 47369
radio 11 47386
radio 11 47900
radio 11 47931
radio 11 48445
radio 11 48473
radio 11 48987
radio 11 49038
radio 11 49552
radio 11 49569
radio 11 50082
radio 11 50099
radio 11 50613
radio 11 50643
radio 11 51157
radio 11 51174
radio 11 51688
radio 11 51743
radio 11 52257
radio 11 52287
radio 11 52801
radio 11 52834
radio 11 53348
radio 11 53380
radio 11 53894
radio 11 53925
radio 11 54439
radio 11 54456
radio 11 54970
radio 11 54987
radio 11 55500
radio 11 55517
radio 11 56030
radio 11 56063
radio 11 56577
radio 11 56594
radio 11 57107
radio 11 57135
radio 11 57649
radio 11 57678
radio 11 58192
radio 11 58264
radio 11 58778
radio 11 58807
radio 11 59321
radio 11 59338
radio 11 59851
radio 11 59880
radio 11 60394
radio 11 60466
radio 11 60980
radio 11 61031
radio 11 61545
radio 11 61619
radio 11 62133
radio 11 62166
radio 11 62680
radio 11 62752
radio 11 63266
radio 11 63283
radio 11 63796
radio 11 63827
radio 11 64341
delay 5 9 11 64430 11 64631 11 15 4 0 33 1 0
radio 11 65495
radio 12 472
radio 12 500
radio 12 1014
radio 12 1067
radio 12 1581
radio 12 1616
radio 12 2130
radio 12 2164
radio 12 2678
radio 12 2695
radio 12 3208
radio 12 3241
radio 12 3755
radio 12 3772
radio 12 4285
radio 12 4317
