Thread[Thread-1,5,main]tree 10 9 0 14 3 1
radio 8 49358
radio 8 49362
radio 8 49397
radio 8 49911
radio 8 49979
radio 8 50493
radio 8 50542
radio 8 51056
radio 8 51130
radio 8 51644
radio 8 51661
radio 8 52174
radio 8 52225
radio 8 52739
radio 8 52807
radio 8 53321
radio 8 53338
radio 8 53851
radio 8 53903
radio 8 54417
radio 8 54465
radio 8 54979
radio 8 55011
radio 8 55525
radio 8 55575
radio 8 56089
radio 8 56160
radio 8 56674
radio 8 56691
radio 8 57204
radio 8 57254
radio 8 57768
radio 8 57841
radio 8 58355
radio 8 58372
radio 8 58885
radio 8 58936
radio 8 59450
radio 8 59480
radio 8 59994
radio 8 60011
radio 8 60524
radio 8 60672
radio 8 61186
radio 8 61203
radio 8 61716
radio 8 61766
radio 8 62280
radio 8 62350
radio 8 62864
radio 8 62881
radio 8 63394
radio 8 63446
radio 8 63960
radio 8 64028
radio 8 64542
radio 8 64653
radio 8 65167
radio 8 65197
radio 9 175
radio 9 192
radio 9 705
radio 9 722
radio 9 1235
radio 9 1287
radio 9 1801
radio 9 1818
radio 9 2331
radio 9 2348
radio 9 2861
radio 9 2878
radio 9 3391
radio 9 3408
radio 9 3921
radio 9 3938
radio 9 4451
radio 9 4468
radio 9 4981
radio 9 5071
radio 9 5585
radio 9 5614
radio 9 6128
radio 9 6159
radio 9 6673
radio 9 6721
radio 9 7235
radio 9 7252
radio 9 7765
radio 9 7782
radio 9 8295
radio 9 8347
radio 9 8861
radio 9 8977
radio 9 9491
radio 9 9545
radio 9 10059
radio 9 10132
radio 9 10646
radio 9 10694
radio 9 11208
radio 9 11257
radio 9 11771
radio 9 11799
radio 9 12313
radio 9 12330
radio 9 12843
radio 9 12911
radio 9 13425
radio 9 13480
radio 9 13994
radio 9 14011
radio 9 14524
radio 9 14577
radio 9 15091
radio 9 15164
radio 9 15678
radio 9 15706
radio 9 16220
radio 9 16268
radio 9 16782
radio 9 16816
radio 9 17330
radio 9 17360
radio 9 17874
radio 9 17891
radio 9 18404
radio 9 18421
radio 9 18934
radio 9 18986
radio 9 19500
radio 9 19609
radio 9 20123
radio 9 20198
radio 9 20712
radio 9 20761
radio 9 21275
radio 9 21324
radio 9 21838
radio 9 21867
radio 9 22381
radio 9 22398
radio 9 22911
radio 9 22928
radio 9 23441
radio 9 23516
radio 9 24030
radio 9 24079
radio 9 24593
radio 9 24643
radio 9 25157
radio 9 25191
radio 9 25705
radio 9 25759
radio 9 26273
radio 9 26322
radio 9 26836
radio 9 26949
radio 9 27463
radio 9 27538
radio 9 28052
radio 9 28108
radio 9 28622
radio 9 28692
radio 9 29206
radio 9 29258
radio 9 29772
radio 9 29805
radio 9 30319
radio 9 30336
radio 9 30849
radio 9 30866
radio 9 31379
radio 9 31409
radio 9 31923
radio 9 31974
radio 9 32488
radio 9 32544
radio 9 33058
radio 9 33075
radio 9 33588
radio 9 33619
radio 9 34133
radio 9 34162
radio 9 34676
radio 9 34693
radio 9 35206
radio 9 35238
radio 9 35752
radio 9 35820
radio 9 36334
radio 9 36351
radio 9 36864
radio 9 36917
radio 9 37431
radio 9 37500
radio 9 38014
radio 9 38066
radio 9 38580
radio 9 38653
radio 9 39167
radio 9 39184
radio 9 39697
radio 9 39751
radio 9 40265
radio 9 40301
radio 9 40815
radio 9 40846
radio 9 41360
radio 9 41393
radio 9 41907
radio 9 41924
radio 9 42437
radio 9 42468
radio 9 42982
radio 9 43033
radio 9 43547
radio 9 43577
radio 9 44091
radio 9 44108
radio 9 44621
radio 9 44638
radio 9 45151
radio 9 45202
energy 9 45273 8 53526
radio 9 45716
radio 9 45744
radio 9 46258
radio 9 46275
radio 9 46788
radio 9 46837
radio 9 47351
radio 9 47403
radio 9 47917
radio 9 47986
radio 9 48500
radio 9 48551
radio 9 49065
radio 9 49216
radio 9 49730
radio 9 49760
radio 9 50274
radio 9 50303
radio 9 50817
radio 9 50865
radio 9 51379
radio 9 51407
radio 9 51921
radio 9 51938
radio 9 52451
radio 9 52468
radio 9 52981
radio 9 52998
radio 9 53511
radio 9 53541
radio 9 54055
radio 9 54107
radio 9 54621
radio 9 54669
radio 9 55183
radio 9 55200
radio 9 55713
radio 9 55741
radio 9 56255
radio 9 56310
radio 9 56824
radio 9 56875
radio 9 57389
radio 9 57423
radio 9 57937
radio 9 57954
radio 9 58467
radio 9 58516
radio 9 59030
radio 9 59121
radio 9 59635
radio 9 59652
radio 9 60165
radio 9 60253
radio 9 60767
radio 9 60795
radio 9 61309
radio 9 61338
radio 9 61852
radio 9 61880
radio 9 62394
radio 9 62411
radio 9 62924
radio 9 62941
radio 9 63454
radio 9 63504
radio 9 64018
radio 9 64047
radio 9 64561
radio 9 64595
radio 9 65109
radio 9 65143
radio 10 121
radio 10 176
radio 10 689
radio 10 744
radio 10 1258
radio 10 1326
radio 10 1840
radio 10 1857
radio 10 2370
radio 10 2421
radio 10 2935
radio 10 2963
radio 10 3477
radio 10 3532
radio 10 4046
radio 10 4099
radio 10 4613
radio 10 4641
radio 10 5155
radio 10 5205
radio 10 5719
radio 10 5772
radio 10 6286
radio 10 6358
radio 10 6872
radio 10 6923
radio 10 7437
radio 10 7512
radio 10 8026
radio 10 8080
radio 10 8594
radio 10 8705
radio 10 9219
radio 10 9254
radio 10 9768
radio 10 9819
radio 10 10333
radio 10 10350
radio 10 10863
radio 10 10914
radio 10 11428
radio 10 11496
radio 10 12010
radio 10 12027
radio 10 12540
radio 10 12593
radio 10 13107
radio 10 13135
radio 10 13649
radio 10 13666
radio 10 14180
radio 10 14197
radio 10 14710
radio 10 14739
radio 10 15253
radio 10 15285
radio 10 15799
radio 10 15835
radio 10 16349
radio 10 16400
radio 10 16914
radio 10 16944
radio 10 17458
radio 10 17506
radio 10 18020
radio 10 18037
radio 10 18551
radio 10 18603
radio 10 19117
radio 10 19149
radio 10 19663
radio 10 19717
radio 10 20231
radio 10 20301
radio 10 20815
radio 10 20867
radio 10 21381
radio 10 21433
radio 10 21947
radio 10 21964
radio 10 22477
radio 10 22547
radio 10 23061
radio 10 23112
radio 10 23626
radio 10 23656
radio 10 24170
radio 10 24224
radio 10 24738
radio 10 24788
radio 10 25302
radio 10 25331
radio 10 25845
radio 10 25876
radio 10 26390
radio 10 26419
radio 10 26933
radio 10 26988
radio 10 27502
delay 0 26 10 27518 10 27329 13 7 65535 0 24 1 1
radio 10 28587
radio 10 29101
radio 10 29118
radio 10 29631
radio 10 29685
radio 10 30199
radio 10 30227
radio 10 30741
radio 10 30758
radio 10 31272
radio 10 31321
radio 10 31835
radio 10 31869
radio 10 32383
radio 10 32418
radio 10 32932
radio 10 32949
radio 10 33462
radio 10 33493
radio 10 34007
radio 10 34039
radio 10 34553
radio 10 34607
radio 10 35121
radio 10 35172
radio 10 35686
radio 10 35717
radio 10 36231
radio 10 36248
radio 10 36761
radio 10 36809
radio 10 37323
radio 10 37396
radio 10 37910
radio 10 37938
radio 10 38452
radio 10 38485
radio 10 38999
radio 10 39048
radio 10 39562
radio 10 39593
radio 10 40107
radio 10 40158
radio 10 40672
radio 10 40700
energy 10 41177 8 58396
radio 10 41214
radio 10 41249
radio 10 41763
radio 10 41798
radio 10 42312
radio 10 42342
radio 10 42856
radio 10 42891
radio 10 43405
radio 10 43520
radio 10 44034
radio 10 44083
radio 10 44597
radio 10 44627
radio 10 45141
radio 10 45197
radio 10 45711
radio 10 45760
radio 10 46274
radio 10 46302
radio 10 46816
radio 10 46865
radio 10 47379
radio 10 47396
radio 10 47909
delay 1 0 10 47958 10 48477 0 7 7 0 82 1 1
radio 10 49025
radio 10 49539
radio 10 49573
radio 10 50087
radio 10 50104
radio 10 50618
radio 10 50647
radio 10 51161
radio 10 51236
radio 10 51750
radio 10 51804
radio 10 52318
radio 10 52387
radio 10 52901
radio 10 52932
radio 10 53446
radio 10 53478
radio 10 53992
radio 10 54043
radio 10 54557
radio 10 54574
radio 10 55087
radio 10 55119
radio 10 55633
radio 10 55689
radio 10 56203
radio 10 56273
radio 10 56787
radio 10 56836
radio 10 57350
radio 10 57398
radio 10 57912
radio 10 57942
radio 10 58456
radio 10 58473
radio 10 58986
radio 10 59035
radio 10 59549
radio 10 59603
radio 10 60117
radio 10 60153
radio 10 60667
radio 10 60684
radio 10 61197
radio 10 61248
radio 10 61762
radio 10 61790
radio 10 62304
radio 10 62357
radio 10 62871
radio 10 62927
radio 10 63441
radio 10 63469
radio 10 63983
radio 10 64018
radio 10 64532
radio 10 64564
radio 10 65078
radio 10 65128
radio 11 106
radio 11 174
radio 11 687
radio 11 704
radio 11 1217
radio 11 1269
radio 11 1783
radio 11 1931
radio 11 2445
radio 11 2462
radio 11 2975
delay 2 8 11 3141 11 3396 7 7 65535 0 29 1 1
radio 11 4212
radio 11 4725
radio 11 4759
radio 11 5273
radio 11 5306
radio 11 5820
radio 11 5837
radio 11 6350
radio 11 6400
radio 11 6914
radio 11 6965
radio 11 7479
radio 11 7527
radio 11 8041
radio 11 8074
radio 11 8588
radio 11 8605
radio 11 9118
radio 11 9152
radio 11 9666
radio 11 9718
radio 11 10232
radio 11 10281
radio 11 10795
radio 11 10844
radio 11 11358
radio 11 11375
radio 11 11888
radio 11 11920
radio 11 12434
radio 11 12451
radio 11 12965
radio 11 13015
radio 11 13529
radio 11 13577
radio 11 14091
radio 11 14122
radio 11 14636
radio 11 14653
radio 11 15166
radio 11 15218
radio 11 15732
radio 11 15768
radio 11 16282
radio 11 16311
radio 11 16825
radio 11 16842
radio 11 17355
radio 11 17372
radio 11 17885
radio 11 17902
radio 11 18415
radio 11 18468
radio 11 18982
radio 11 19010
radio 11 19524
radio 11 19541
radio 11 20054
radio 11 20105
radio 11 20619
radio 11 20667
radio 11 21181
radio 11 21251
radio 11 21765
radio 11 21782
radio 11 22295
radio 11 22405
radio 11 22919
radio 11 22936
radio 11 23449
radio 11 23530
radio 11 24044
delay 3 16 11 24064 11 24101 15 7 65535 0 363 0 1
radio 11 25135
radio 11 25649
radio 11 25704
radio 11 26218
radio 11 26235
radio 11 26748
radio 11 26783
radio 11 27297
radio 11 27331
radio 11 27845
radio 11 27897
radio 11 28411
radio 11 28486
radio 11 29000
radio 11 29091
radio 11 29605
radio 11 29641
radio 11 30155
radio 11 30183
radio 11 30697
radio 11 30733
radio 11 31247
radio 11 31277
radio 11 31791
radio 11 31839
radio 11 32353
radio 11 32386
radio 11 32900
radio 11 32917
radio 11 33430
radio 11 33461
radio 11 33975
radio 11 34044
radio 11 34558
radio 11 34608
radio 11 35122
radio 11 35271
radio 11 35785
radio 11 35802
radio 11 36315
radio 11 36332
radio 11 36846
radio 11 36877
energy 11 37081 8 65509
radio 11 37391
radio 11 37408
radio 11 37921
radio 11 37972
radio 11 38486
radio 11 38514
radio 11 39028
radio 11 39079
radio 11 39593
radio 11 39610
radio 11 40123
radio 11 40172
radio 11 40686
radio 11 40735
radio 11 41249
radio 11 41266
radio 11 41779
radio 11 41807
radio 11 42321
radio 11 42373
radio 11 42887
radio 11 42957
radio 11 43471
radio 11 43522
radio 11 44036
delay 4 7 11 44079 11 44337 12 7 65535 0 58 0 1
radio 11 45146
radio 11 45660
radio 11 45695
radio 11 46209
radio 11 46257
radio 11 46771
radio 11 46804
radio 11 47318
radio 11 47335
radio 11 47848
radio 11 47865
radio 11 48378
radio 11 48395
radio 11 48908
radio 11 48925
radio 11 49439
radio 11 49492
radio 11 50006
radio 11 50034
radio 11 50548
radio 11 50578
radio 11 51092
radio 11 51126
radio 11 51640
radio 11 51668
radio 11 52182
radio 11 52235
radio 11 52749
radio 11 52779
radio 11 53293
radio 11 53310
radio 11 53823
radio 11 53859
radio 11 54373
radio 11 54390
radio 11 54903
radio 11 54920
radio 11 55433
radio 11 55483
radio 11 55997
radio 11 56025
radio 11 56539
radio 11 56593
radio 11 57107
radio 11 57158
radio 11 57672
radio 11 57742
radio 11 58256
radio 11 58273
radio 11 58786
radio 11 58860
radio 11 59374
radio 11 59391
radio 11 59905
radio 11 59934
radio 11 60448
radio 11 60480
radio 11 60994
radio 11 61043
radio 11 61557
radio 11 61574
radio 11 62087
radio 11 62116
radio 11 62630
radio 11 62678
radio 11 63192
radio 11 63247
radio 11 63761
radio 11 63792
radio 11 64306
delay 5 9 11 64416 11 64614 11 7 65535 0 16 1 1
radio 11 65490
radio 12 467
radio 12 501
radio 12 1014
radio 12 1064
radio 12 1578
radio 12 1747
radio 12 2261
radio 12 2315
radio 12 2829
radio 12 2902
radio 12 3416
radio 12 3468
radio 12 3982
radio 12 4031
radio 12 4545
radio 12 4580
