Thread[Thread-1,5,main]tree 12 9 0 12 0 0
radio 8 50353
radio 8 50357
radio 8 50413
radio 8 50927
radio 8 51000
radio 8 51514
radio 8 51604
radio 8 52118
radio 8 52149
radio 8 52663
radio 8 52694
radio 8 53208
radio 8 53238
radio 8 53752
radio 8 53844
radio 8 54358
radio 8 54391
radio 8 54905
radio 8 54935
radio 8 55449
radio 8 55466
radio 8 55979
radio 8 55996
radio 8 56509
radio 8 56526
radio 8 57039
radio 8 57087
radio 8 57601
radio 8 57652
radio 8 58166
radio 8 58234
radio 8 58748
radio 8 58799
radio 8 59313
radio 8 59330
radio 8 59843
radio 8 59873
radio 8 60387
radio 8 60443
radio 8 60957
radio 8 60992
radio 8 61506
radio 8 61523
radio 8 62036
radio 8 62108
radio 8 62622
radio 8 62652
radio 8 63166
radio 8 63199
radio 8 63713
radio 8 63730
radio 8 64243
radio 8 64315
radio 8 64829
radio 8 64884
radio 8 65398
radio 8 65471
radio 9 449
radio 9 498
radio 9 1011
radio 9 1028
radio 9 1541
radio 9 1573
radio 9 2087
radio 9 2104
radio 9 2617
radio 9 2634
radio 9 3147
radio 9 3196
radio 9 3710
radio 9 3758
radio 9 4272
radio 9 4300
radio 9 4814
radio 9 4863
radio 9 5377
radio 9 5426
radio 9 5940
radio 9 5989
radio 9 6503
radio 9 6532
radio 9 7046
radio 9 7063
radio 9 7576
radio 9 7593
radio 9 8106
radio 9 8123
radio 9 8636
radio 9 8653
radio 9 9166
radio 9 9183
radio 9 9696
radio 9 9713
radio 9 10226
radio 9 10261
radio 9 10775
radio 9 10810
radio 9 11324
radio 9 11341
radio 9 11854
radio 9 11871
radio 9 12384
radio 9 12416
radio 9 12930
radio 9 12985
radio 9 13499
radio 9 13567
radio 9 14081
radio 9 14170
radio 9 14684
radio 9 14717
radio 9 15231
radio 9 15248
radio 9 15761
radio 9 15814
radio 9 16328
radio 9 16358
radio 9 16872
radio 9 16922
radio 9 17436
radio 9 17485
radio 9 17999
radio 9 18073
radio 9 18587
radio 9 18617
radio 9 19131
radio 9 19164
radio 9 19678
radio 9 19714
radio 9 20228
radio 9 20277
radio 9 20791
radio 9 20808
radio 9 21321
radio 9 21338
radio 9 21851
radio 9 21882
radio 9 22396
radio 9 22413
radio 9 22926
radio 9 23001
radio 9 23515
radio 9 23569
radio 9 24083
radio 9 24133
radio 9 24647
radio 9 24716
radio 9 25230
radio 9 25284
radio 9 25798
radio 9 25815
radio 9 26328
radio 9 26358
radio 9 26872
radio 9 26924
radio 9 27438
radio 9 27487
radio 9 28001
radio 9 28018
radio 9 28531
radio 9 28563
radio 9 29077
radio 9 29094
radio 9 29607
radio 9 29658
radio 9 30172
radio 9 30200
radio 9 30714
radio 9 30764
radio 9 31278
radio 9 31327
radio 9 31841
radio 9 31891
radio 9 32405
radio 9 32422
radio 9 32935
radio 9 32967
radio 9 33481
radio 9 33498
radio 9 34011
radio 9 34061
radio 9 34575
radio 9 34644
radio 9 35158
radio 9 35175
radio 9 35688
radio 9 35720
radio 9 36234
radio 9 36251
radio 9 36764
radio 9 36817
radio 9 37331
radio 9 37364
radio 9 37878
radio 9 37912
radio 9 38426
radio 9 38457
radio 9 38971
radio 9 39019
radio 9 39533
radio 9 39562
radio 9 40076
radio 9 40152
radio 9 40666
radio 9 40722
radio 9 41236
radio 9 41291
radio 9 41805
radio 9 41839
radio 9 42353
radio 9 42370
radio 9 42883
radio 9 42914
radio 9 43428
radio 9 43445
radio 9 43958
radio 9 43975
radio 9 44488
radio 9 44516
radio 9 45030
radio 9 45058
radio 9 45572
radio 9 45628
radio 9 46142
radio 9 46173
energy 9 46268 8 53977
radio 9 46687
radio 9 46704
radio 9 47217
radio 9 47266
radio 9 47780
radio 9 47828
radio 9 48342
radio 9 48377
radio 9 48891
radio 9 48945
radio 9 49459
radio 9 49494
radio 9 50008
radio 9 50061
radio 9 50575
radio 9 50625
radio 9 51139
radio 9 51212
radio 9 51726
radio 9 51777
radio 9 52291
radio 9 52339
radio 9 52853
radio 9 52870
radio 9 53383
radio 9 53413
radio 9 53927
radio 9 53977
radio 9 54491
radio 9 54541
radio 9 55055
radio 9 55072
radio 9 55585
radio 9 55620
radio 9 56134
radio 9 56182
radio 9 56696
radio 9 56745
radio 9 57259
radio 9 57276
radio 9 57789
radio 9 57806
radio 9 58319
radio 9 58354
radio 9 58868
radio 9 58898
radio 9 59412
radio 9 59429
radio 9 59942
radio 9 59993
radio 9 60507
radio 9 60524
radio 9 61037
radio 9 61054
radio 9 61567
radio 9 61584
radio 9 62097
radio 9 62126
radio 9 62640
radio 9 62689
radio 9 63203
radio 9 63231
radio 9 63745
radio 9 63800
radio 9 64314
radio 9 64424
radio 9 64938
radio 9 64967
radio 9 65481
radio 9 65498
radio 10 475
radio 10 510
radio 10 1024
radio 10 1056
radio 10 1570
radio 10 1600
radio 10 2114
radio 10 2147
radio 10 2661
radio 10 2678
radio 10 3191
radio 10 3208
radio 10 3721
radio 10 3754
radio 10 4268
radio 10 4339
radio 10 4853
radio 10 4881
radio 10 5395
radio 10 5412
radio 10 5925
radio 10 5942
radio 10 6455
radio 10 6484
radio 10 6998
radio 10 7027
radio 10 7541
radio 10 7589
radio 10 8103
radio 10 8158
radio 10 8672
radio 10 8745
radio 10 9259
radio 10 9276
radio 10 9789
radio 10 9822
radio 10 10336
radio 10 10365
radio 10 10879
radio 10 10907
radio 10 11421
radio 10 11438
radio 10 11951
radio 10 11985
radio 10 12499
radio 10 12516
radio 10 13029
radio 10 13061
radio 10 13575
radio 10 13609
radio 10 14123
radio 10 14172
radio 10 14686
radio 10 14717
radio 10 15231
radio 10 15260
radio 10 15774
radio 10 15804
radio 10 16318
radio 10 16335
radio 10 16848
radio 10 16924
radio 10 17438
radio 10 17455
radio 10 17968
radio 10 18017
radio 10 18531
radio 10 18562
radio 10 19076
radio 10 19131
radio 10 19645
radio 10 19681
radio 10 20195
radio 10 20212
radio 10 20725
radio 10 20753
radio 10 21267
radio 10 21284
radio 10 21797
radio 10 21828
radio 10 22342
radio 10 22377
radio 10 22891
radio 10 22908
radio 10 23421
radio 10 23473
radio 10 23987
radio 10 24095
radio 10 24609
radio 10 24685
radio 10 25199
radio 10 25216
radio 10 25729
radio 10 25780
radio 10 26294
radio 10 26322
radio 10 26836
radio 10 26872
radio 10 27386
delay 0 12 10 27471 10 27716 7 7 65535 0 166 0 0
radio 10 27479
radio 10 27993
radio 10 28008
radio 10 28522
radio 10 28541
radio 10 29054
radio 10 29086
radio 10 29600
radio 10 29652
radio 10 30166
radio 10 30216
radio 10 30730
radio 10 30747
radio 10 31260
radio 10 31290
radio 10 31804
radio 10 31856
radio 10 32370
radio 10 32443
radio 10 32957
radio 10 33011
radio 10 33525
radio 10 33597
radio 10 34111
radio 10 34165
radio 10 34679
radio 10 34750
radio 10 35264
radio 10 35281
radio 10 35794
radio 10 35811
radio 10 36324
radio 10 36353
radio 10 36867
radio 10 36895
radio 10 37409
radio 10 37437
radio 10 37951
radio 10 37968
radio 10 38481
radio 10 38530
radio 10 39044
radio 10 39099
radio 10 39613
radio 10 39642
radio 10 40156
radio 10 40205
radio 10 40719
radio 10 40770
radio 10 41284
radio 10 41357
radio 10 41871
radio 10 41926
energy 10 42172 8 57544
radio 10 42440
radio 10 42510
radio 10 43024
radio 10 43076
radio 10 43590
radio 10 43663
radio 10 44177
radio 10 44194
radio 10 44708
radio 10 44760
radio 10 45274
radio 10 45342
radio 10 45856
radio 10 45873
radio 10 46387
radio 10 46404
radio 10 46917
radio 10 46934
radio 10 47447
radio 10 47476
radio 10 47990
delay 1 43 10 48009 10 47559 6 7 1 0 211 0 0
radio 10 48016
radio 10 48531
radio 10 48630
radio 10 49143
radio 10 49160
radio 10 49673
radio 10 49785
radio 10 50299
radio 10 50350
radio 10 50864
radio 10 50894
radio 10 51408
radio 10 51439
radio 10 51953
radio 10 51984
radio 10 52498
radio 10 52574
radio 10 53088
radio 10 53105
radio 10 53619
radio 10 53674
radio 10 54188
radio 10 54216
radio 10 54730
radio 10 54747
radio 10 55260
radio 10 55277
radio 10 55790
radio 10 55818
radio 10 56332
radio 10 56388
radio 10 56902
radio 10 56919
radio 10 57432
radio 10 57503
radio 10 58017
radio 10 58034
radio 10 58547
radio 10 58564
radio 10 59077
radio 10 59107
radio 10 59621
radio 10 59638
radio 10 60151
radio 10 60205
radio 10 60719
radio 10 60736
radio 10 61249
radio 10 61284
radio 10 61798
radio 10 61815
radio 10 62328
radio 10 62345
radio 10 62858
radio 10 62888
radio 10 63402
radio 10 63454
radio 10 63968
radio 10 63985
radio 10 64498
radio 10 64528
radio 10 65042
radio 10 65059
radio 11 36
radio 11 90
radio 11 603
radio 11 632
radio 11 1146
radio 11 1197
radio 11 1711
radio 11 1825
radio 11 2339
radio 11 2356
radio 11 2869
delay 2 43 11 2912 11 2462 6 7 1 0 27 1 0
radio 11 3984
radio 11 4498
radio 11 4515
radio 11 5028
radio 11 5045
radio 11 5558
radio 11 5575
radio 11 6088
radio 11 6118
radio 11 6632
radio 11 6684
radio 11 7198
radio 11 7215
radio 11 7728
radio 11 7763
radio 11 8277
radio 11 8294
radio 11 8807
radio 11 8824
radio 11 9337
radio 11 9354
radio 11 9867
radio 11 9899
radio 11 10413
radio 11 10443
radio 11 10957
radio 11 10974
radio 11 11487
radio 11 11504
radio 11 12017
radio 11 12048
radio 11 12562
radio 11 12579
radio 11 13092
radio 11 13122
radio 11 13636
radio 11 13670
radio 11 14184
radio 11 14201
radio 11 14714
radio 11 14743
radio 11 15257
radio 11 15274
radio 11 15787
radio 11 15804
radio 11 16317
radio 11 16345
radio 11 16859
radio 11 16887
radio 11 17401
radio 11 17418
radio 11 17931
radio 11 17979
radio 11 18493
radio 11 18548
radio 11 19062
radio 11 19079
radio 11 19592
radio 11 19624
radio 11 20138
radio 11 20155
radio 11 20669
radio 11 20700
radio 11 21214
radio 11 21269
radio 11 21783
radio 11 21852
radio 11 22366
radio 11 22394
radio 11 22908
radio 11 22940
radio 11 23454
delay 3 10 11 23552 11 23856 7 7 65535 0 357 0 0
radio 11 23560
radio 11 24074
radio 11 24097
radio 11 24611
radio 11 24785
radio 11 25298
radio 11 25367
radio 11 25881
radio 11 25898
radio 11 26411
radio 11 26441
radio 11 26955
radio 11 26986
radio 11 27500
radio 11 27517
radio 11 28030
radio 11 28080
radio 11 28594
radio 11 28646
radio 11 29160
radio 11 29189
radio 11 29703
radio 11 29737
radio 11 30251
radio 11 30285
radio 11 30799
radio 11 30867
radio 11 31381
radio 11 31411
radio 11 31925
radio 11 31942
radio 11 32455
radio 11 32472
radio 11 32986
radio 11 33003
radio 11 33516
radio 11 33544
radio 11 34058
radio 11 34087
radio 11 34601
radio 11 34653
radio 11 35167
radio 11 35216
radio 11 35730
radio 11 35801
radio 11 36315
radio 11 36365
radio 11 36879
radio 11 36896
radio 11 37409
radio 11 37439
radio 11 37953
radio 11 37970
energy 11 38076 8 61920
radio 11 38483
radio 11 38500
radio 11 39013
radio 11 39030
radio 11 39543
radio 11 39560
radio 11 40073
radio 11 40090
radio 11 40603
radio 11 40620
radio 11 41133
radio 11 41150
radio 11 41663
radio 11 41712
radio 11 42226
radio 11 42276
radio 11 42790
radio 11 42807
radio 11 43320
radio 11 43354
radio 11 43868
delay 4 12 11 44043 11 44280 7 7 65535 0 65535 0 0
radio 11 44051
radio 11 44566
radio 11 44611
radio 11 45125
radio 11 45141
radio 11 45654
radio 11 45706
radio 11 46220
radio 11 46248
radio 11 46762
radio 11 46779
radio 11 47292
radio 11 47324
radio 11 47838
radio 11 47874
radio 11 48388
radio 11 48417
radio 11 48931
radio 11 48964
radio 11 49478
radio 11 49512
radio 11 50026
radio 11 50043
radio 11 50556
radio 11 50587
radio 11 51101
radio 11 51118
radio 11 51631
radio 11 51665
radio 11 52179
radio 11 52208
radio 11 52722
radio 11 52755
radio 11 53269
radio 11 53300
radio 11 53814
radio 11 53831
radio 11 54344
radio 11 54361
radio 11 54874
radio 11 54903
radio 11 55417
radio 11 55446
radio 11 55960
radio 11 55977
radio 11 56490
radio 11 56523
radio 11 57037
radio 11 57054
radio 11 57567
radio 11 57600
radio 11 58114
radio 11 58131
radio 11 58645
radio 11 58679
radio 11 59193
radio 11 59210
radio 11 59723
radio 11 59753
radio 11 60267
radio 11 60284
radio 11 60797
radio 11 60814
radio 11 61327
radio 11 61344
radio 11 61857
radio 11 61908
radio 11 62422
radio 11 62478
radio 11 62992
radio 11 63042
radio 11 63556
radio 11 63573
radio 11 64086
radio 11 64117
radio 11 64631
delay 5 43 11 64728 11 64278 6 7 1 0 582 0 0
radio 11 64736
radio 11 65250
radio 11 65435
radio 12 413
radio 12 546
radio 12 1060
radio 12 1093
radio 12 1607
radio 12 1624
radio 12 2137
radio 12 2192
radio 12 2706
radio 12 2737
radio 12 3251
radio 12 3366
radio 12 3880
radio 12 3928
radio 12 4442
radio 12 4459
