Thread[Thread-1,5,main]tree 11 9 0 14 0 0
radio 8 62667
radio 8 62671
radio 8 62704
radio 8 63218
radio 8 63249
radio 8 63763
radio 8 63813
radio 8 64327
radio 8 64360
radio 8 64874
radio 8 64928
radio 8 65442
radio 8 65491
radio 9 469
radio 9 498
radio 9 1011
radio 9 1028
radio 9 1541
radio 9 1634
radio 9 2148
radio 9 2201
radio 9 2715
radio 9 2732
radio 9 3245
radio 9 3273
radio 9 3787
radio 9 3860
radio 9 4374
radio 9 4391
radio 9 4904
radio 9 4959
radio 9 5473
radio 9 5501
radio 9 6015
radio 9 6069
radio 9 6583
radio 9 6634
radio 9 7148
radio 9 7216
radio 9 7730
radio 9 7747
radio 9 8260
radio 9 8296
radio 9 8810
radio 9 8845
radio 9 9359
radio 9 9376
radio 9 9889
radio 9 9942
radio 9 10456
radio 9 10505
radio 9 11019
radio 9 11036
radio 9 11549
radio 9 11582
radio 9 12096
radio 9 12146
radio 9 12660
radio 9 12714
radio 9 13228
radio 9 13298
radio 9 13812
radio 9 13829
radio 9 14342
radio 9 14377
radio 9 14891
radio 9 14923
radio 9 15437
radio 9 15454
radio 9 15967
radio 9 16001
radio 9 16515
radio 9 16532
radio 9 17045
radio 9 17062
radio 9 17575
radio 9 17607
radio 9 18121
radio 9 18138
radio 9 18651
radio 9 18685
radio 9 19199
radio 9 19216
radio 9 19729
radio 9 19761
radio 9 20275
radio 9 20330
radio 9 20844
radio 9 20861
radio 9 21374
radio 9 21406
radio 9 21920
radio 9 21949
radio 9 22463
radio 9 22492
radio 9 23006
radio 9 23036
radio 9 23550
radio 9 23567
radio 9 24080
radio 9 24112
radio 9 24626
radio 9 24643
radio 9 25156
radio 9 25189
radio 9 25703
radio 9 25775
radio 9 26289
radio 9 26341
radio 9 26855
radio 9 26904
radio 9 27418
radio 9 27471
radio 9 27985
radio 9 28002
radio 9 28515
radio 9 28550
radio 9 29064
radio 9 29093
radio 9 29607
radio 9 29656
radio 9 30170
radio 9 30187
radio 9 30700
radio 9 30749
radio 9 31263
radio 9 31335
radio 9 31849
radio 9 31900
radio 9 32414
radio 9 32488
radio 9 33002
radio 9 33019
radio 9 33532
radio 9 33584
radio 9 34098
radio 9 34166
radio 9 34680
radio 9 34697
radio 9 35210
radio 9 35227
radio 9 35740
radio 9 35757
radio 9 36270
radio 9 36287
radio 9 36800
radio 9 36829
radio 9 37343
radio 9 37393
radio 9 37907
radio 9 37924
radio 9 38437
radio 9 38469
radio 9 38983
radio 9 39019
radio 9 39533
radio 9 39569
radio 9 40083
radio 9 40113
radio 9 40627
radio 9 40644
radio 9 41157
radio 9 41207
radio 9 41721
radio 9 41738
radio 9 42251
radio 9 42280
radio 9 42794
radio 9 42845
radio 9 43359
radio 9 43390
radio 9 43904
radio 9 43921
radio 9 44434
radio 9 44451
radio 9 44964
radio 9 45014
radio 9 45528
radio 9 45556
radio 9 46070
radio 9 46106
radio 9 46620
radio 9 46637
radio 9 47150
radio 9 47167
radio 9 47680
radio 9 47709
radio 9 48223
radio 9 48240
radio 9 48753
radio 9 48770
radio 9 49283
radio 9 49300
radio 9 49813
radio 9 49830
radio 9 50343
radio 9 50419
radio 9 50933
radio 9 50983
radio 9 51497
radio 9 51533
radio 9 52047
radio 9 52064
radio 9 52577
radio 9 52625
radio 9 53139
radio 9 53156
radio 9 53669
radio 9 53718
radio 9 54232
radio 9 54260
radio 9 54774
radio 9 54824
radio 9 55338
radio 9 55388
radio 9 55902
radio 9 55937
radio 9 56451
radio 9 56487
radio 9 57001
radio 9 57032
radio 9 57546
radio 9 57598
radio 9 58112
radio 9 58140
energy 9 58582 9 403
radio 9 58654
radio 9 58703
radio 9 59217
radio 9 59270
radio 9 59784
radio 9 59832
radio 9 60346
radio 9 60396
radio 9 60910
radio 9 60927
radio 9 61440
radio 9 61471
radio 9 61985
radio 9 62057
radio 9 62571
radio 9 62588
radio 9 63101
radio 9 63152
radio 9 63666
radio 9 63696
radio 9 64210
radio 9 64261
radio 9 64775
radio 9 64803
radio 9 65317
radio 9 65347
radio 10 325
radio 10 421
radio 10 935
radio 10 963
radio 10 1477
radio 10 1531
radio 10 2045
radio 10 2075
radio 10 2589
radio 10 2606
radio 10 3119
radio 10 3136
radio 10 3649
radio 10 3682
radio 10 4196
radio 10 4213
radio 10 4726
radio 10 4743
radio 10 5256
radio 10 5331
radio 10 5845
radio 10 5862
radio 10 6375
radio 10 6424
radio 10 6938
radio 10 7007
radio 10 7521
radio 10 7551
radio 10 8065
radio 10 8093
radio 10 8607
radio 10 8624
radio 10 9137
radio 10 9186
radio 10 9700
radio 10 9717
radio 10 10230
radio 10 10265
radio 10 10779
radio 10 10832
radio 10 11346
radio 10 11363
radio 10 11876
radio 10 11893
radio 10 12407
radio 10 12438
radio 10 12952
radio 10 12969
radio 10 13483
radio 10 13514
radio 10 14028
radio 10 14045
radio 10 14558
radio 10 14575
radio 10 15088
radio 10 15105
radio 10 15618
radio 10 15654
radio 10 16168
radio 10 16196
radio 10 16710
radio 10 16727
radio 10 17240
radio 10 17257
radio 10 17770
radio 10 17800
radio 10 18314
radio 10 18343
radio 10 18857
radio 10 18874
radio 10 19388
radio 10 19417
radio 10 19931
radio 10 19960
radio 10 20474
radio 10 20491
radio 10 21004
radio 10 21021
radio 10 21535
radio 10 21586
radio 10 22100
radio 10 22132
radio 10 22646
radio 10 22678
radio 10 23192
radio 10 23261
radio 10 23775
radio 10 23792
radio 10 24305
radio 10 24355
radio 10 24869
radio 10 24899
radio 10 25413
radio 10 25482
radio 10 25996
radio 10 26013
radio 10 26526
radio 10 26543
radio 10 27056
radio 10 27073
radio 10 27586
delay 0 45 10 27648 10 27191 11 6 65535 0 154 0 0
radio 10 27656
radio 10 28170
radio 10 28186
radio 10 28699
radio 10 28718
radio 10 29232
radio 10 29249
radio 10 29762
radio 10 29795
radio 10 30309
radio 10 30341
radio 10 30855
radio 10 30872
radio 10 31385
radio 10 31402
radio 10 31915
radio 10 31964
radio 10 32478
radio 10 32529
radio 10 33043
radio 10 33116
radio 10 33630
radio 10 33682
radio 10 34196
radio 10 34311
radio 10 34825
radio 10 34901
radio 10 35415
radio 10 35432
radio 10 35945
radio 10 35997
radio 10 36511
radio 10 36539
radio 10 37053
radio 10 37108
radio 10 37622
radio 10 37656
radio 10 38170
radio 10 38201
radio 10 38715
radio 10 38732
radio 10 39246
radio 10 39278
radio 10 39792
radio 10 39809
radio 10 40322
radio 10 40339
radio 10 40852
radio 10 40886
radio 10 41400
radio 10 41417
radio 10 41931
radio 10 41948
radio 10 42461
radio 10 42478
radio 10 42991
radio 10 43008
radio 10 43522
radio 10 43539
radio 10 44052
radio 10 44088
radio 10 44602
radio 10 44619
radio 10 45132
radio 10 45149
radio 10 45662
radio 10 45679
radio 10 46192
radio 10 46209
radio 10 46722
radio 10 46752
radio 10 47266
radio 10 47316
radio 10 47830
delay 1 44 10 48180 10 47757 15 6 65535 0 71 0 0
radio 10 48189
radio 10 48703
radio 10 48718
radio 10 49232
radio 10 49265
radio 10 49779
radio 10 49833
radio 10 50347
radio 10 50460
radio 10 50974
radio 10 51049
radio 10 51563
radio 10 51614
radio 10 52128
radio 10 52202
radio 10 52716
radio 10 52733
radio 10 53246
radio 10 53281
radio 10 53795
radio 10 53884
radio 10 54398
radio 10 54448
energy 10 54486 9 4000
radio 10 54962
radio 10 55031
radio 10 55545
radio 10 55562
radio 10 56075
radio 10 56092
radio 10 56605
radio 10 56622
radio 10 57135
radio 10 57164
radio 10 57678
radio 10 57731
radio 10 58245
radio 10 58281
radio 10 58795
radio 10 58845
radio 10 59359
radio 10 59413
radio 10 59927
radio 10 59963
radio 10 60477
radio 10 60494
radio 10 61007
radio 10 61058
radio 10 61572
radio 10 61600
radio 10 62114
radio 10 62169
radio 10 62683
radio 10 62719
radio 10 63233
radio 10 63250
radio 10 63763
radio 10 63815
radio 10 64329
radio 10 64364
radio 10 64878
radio 10 64895
radio 10 65408
radio 10 65425
radio 11 403
radio 11 432
radio 11 946
radio 11 1000
radio 11 1514
radio 11 1543
radio 11 2057
radio 11 2128
radio 11 2642
delay 2 0 11 2704 11 3414 0 6 6 0 75 0 0
radio 11 2712
radio 11 3226
radio 11 3678
radio 11 4192
radio 11 4227
radio 11 4741
radio 11 4772
radio 11 5286
radio 11 5321
radio 11 5835
radio 11 5852
radio 11 6365
radio 11 6382
radio 11 6895
radio 11 6912
radio 11 7425
radio 11 7442
radio 11 7955
radio 11 8003
radio 11 8517
radio 11 8534
radio 11 9047
radio 11 9077
radio 11 9591
radio 11 9623
radio 11 10137
radio 11 10166
radio 11 10680
radio 11 10710
radio 11 11224
radio 11 11253
radio 11 11767
radio 11 11784
radio 11 12297
radio 11 12328
radio 11 12842
radio 11 12875
radio 11 13389
radio 11 13419
radio 11 13933
radio 11 13967
radio 11 14481
radio 11 14498
radio 11 15011
radio 11 15083
radio 11 15597
radio 11 15653
radio 11 16167
radio 11 16236
radio 11 16750
radio 11 16778
radio 11 17292
radio 11 17309
radio 11 17822
radio 11 17852
radio 11 18366
radio 11 18415
radio 11 18929
radio 11 18963
radio 11 19477
radio 11 19528
radio 11 20042
radio 11 20095
radio 11 20609
radio 11 20639
radio 11 21153
radio 11 21208
radio 11 21722
radio 11 21791
radio 11 22305
radio 11 22322
radio 11 22835
radio 11 22852
radio 11 23365
radio 11 23382
radio 11 23895
delay 3 45 11 24639 11 24183 11 6 65535 0 1013 0 0
radio 11 24648
radio 11 25162
radio 11 25194
radio 11 25708
radio 11 25776
radio 11 26290
radio 11 26307
radio 11 26821
radio 11 26870
radio 11 27384
radio 11 27453
radio 11 27967
radio 11 28019
radio 11 28533
radio 11 28582
radio 11 29096
radio 11 29128
radio 11 29642
radio 11 29676
radio 11 30190
radio 11 30224
radio 11 30738
radio 11 30811
radio 11 31325
radio 11 31342
radio 11 31856
radio 11 31909
radio 11 32423
radio 11 32455
radio 11 32969
radio 11 32998
radio 11 33512
radio 11 33529
radio 11 34042
radio 11 34071
radio 11 34585
radio 11 34633
radio 11 35147
radio 11 35215
radio 11 35729
radio 11 35779
radio 11 36293
radio 11 36369
radio 11 36883
radio 11 36935
radio 11 37449
radio 11 37498
radio 11 38012
radio 11 38029
radio 11 38542
radio 11 38559
radio 11 39072
radio 11 39089
radio 11 39602
radio 11 39650
radio 11 40164
radio 11 40181
radio 11 40694
radio 11 40711
radio 11 41225
radio 11 41297
radio 11 41811
radio 11 41863
radio 11 42377
radio 11 42448
radio 11 42962
radio 11 42991
radio 11 43505
radio 11 43537
radio 11 44051
delay 4 0 11 44068 11 44778 0 6 6 0 479 0 0
radio 11 44075
radio 11 44590
radio 11 44870
radio 11 45384
radio 11 45401
radio 11 45914
radio 11 45931
radio 11 46444
radio 11 46476
radio 11 46990
radio 11 47024
radio 11 47538
radio 11 47555
radio 11 48069
radio 11 48086
radio 11 48599
radio 11 48616
radio 11 49130
radio 11 49158
radio 11 49672
radio 11 49726
radio 11 50240
radio 11 50315
energy 11 50390 9 8716
radio 11 50829
radio 11 50885
radio 11 51399
radio 11 51428
radio 11 51942
radio 11 51959
radio 11 52472
radio 11 52489
radio 11 53002
radio 11 53019
radio 11 53532
radio 11 53567
radio 11 54081
radio 11 54098
radio 11 54611
radio 11 54628
radio 11 55141
radio 11 55176
radio 11 55690
radio 11 55707
radio 11 56220
radio 11 56252
radio 11 56766
radio 11 56783
radio 11 57296
radio 11 57313
radio 11 57827
radio 11 57844
radio 11 58358
radio 11 58375
radio 11 58888
radio 11 58905
radio 11 59418
radio 11 59435
radio 11 59949
radio 11 60002
radio 11 60516
radio 11 60564
radio 11 61078
radio 11 61095
radio 11 61608
radio 11 61637
radio 11 62151
radio 11 62168
radio 11 62681
radio 11 62730
radio 11 63244
radio 11 63336
radio 11 63850
radio 11 63867
radio 11 64380
delay 5 0 11 64398 11 65108 0 6 6 0 329 0 0
radio 11 64405
radio 11 64920
radio 11 65330
radio 12 308
radio 12 342
radio 12 856
radio 12 927
radio 12 1441
radio 12 1556
radio 12 2070
radio 12 2087
radio 12 2600
radio 12 2653
radio 12 3167
radio 12 3195
radio 12 3709
radio 12 3726
radio 12 4239
radio 12 4290
