Thread[Thread-1,5,main]tree 62 17 49 12 0 0
radio 9 17618
radio 9 17622
radio 9 17639
radio 9 18152
radio 9 18203
radio 9 18717
radio 9 18734
radio 9 19247
radio 9 19303
radio 9 19817
radio 9 19848
radio 9 20362
radio 9 20397
radio 9 20911
radio 9 20965
radio 9 21479
radio 9 21514
radio 9 22028
radio 9 22045
radio 9 22558
radio 9 22591
radio 9 23105
radio 9 23139
radio 9 23653
radio 9 23688
radio 9 24202
radio 9 24231
radio 9 24745
radio 9 24780
radio 9 25294
radio 9 25325
radio 9 25839
radio 9 25892
radio 9 26406
radio 9 26423
radio 9 26936
radio 9 27007
radio 9 27521
radio 9 27577
radio 9 28091
radio 9 28160
radio 9 28674
radio 9 28691
radio 9 29204
radio 9 29221
radio 9 29734
radio 9 29764
radio 9 30278
radio 9 30295
radio 9 30808
radio 9 30825
radio 9 31338
radio 9 31371
radio 9 31885
radio 9 31936
radio 9 32450
radio 9 32467
radio 9 32980
radio 9 33031
radio 9 33545
radio 9 33573
radio 9 34087
radio 9 34136
radio 9 34650
radio 9 34667
radio 9 35180
radio 9 35197
radio 9 35710
radio 9 35744
radio 9 36258
radio 9 36275
radio 9 36788
radio 9 36839
radio 9 37353
radio 9 37387
radio 9 37901
radio 9 37918
radio 9 38431
radio 9 38448
radio 9 38961
radio 9 38993
radio 9 39507
radio 9 39524
radio 9 40037
radio 9 40086
radio 9 40600
radio 9 40634
radio 9 41148
radio 9 41177
radio 9 41691
radio 9 41720
radio 9 42234
radio 9 42262
radio 9 42776
radio 9 42806
radio 9 43320
radio 9 43370
radio 9 43884
radio 9 43935
radio 9 44449
radio 9 44518
radio 9 45032
radio 9 45147
radio 9 45661
radio 9 45678
radio 9 46191
radio 9 46241
radio 9 46755
radio 9 46825
radio 9 47339
radio 9 47394
radio 9 47908
radio 9 47979
radio 9 48493
radio 9 48510
radio 9 49023
radio 9 49073
radio 9 49587
radio 9 49656
radio 9 50170
radio 9 50224
radio 9 50738
radio 9 50810
radio 9 51324
radio 9 51375
radio 9 51889
radio 9 51940
radio 9 52454
radio 9 52471
radio 9 52984
radio 9 53016
radio 9 53530
radio 9 53547
radio 9 54060
radio 9 54077
radio 9 54590
radio 9 54607
radio 9 55120
radio 9 55152
radio 9 55666
radio 9 55737
radio 9 56251
radio 9 56268
radio 9 56781
radio 9 56832
radio 9 57346
radio 9 57416
radio 9 57930
radio 9 57985
radio 9 58499
radio 9 58610
radio 9 59124
radio 9 59239
radio 9 59753
radio 9 59828
radio 9 60342
radio 9 60396
radio 9 60910
radio 9 60981
radio 9 61495
radio 9 61512
radio 9 62025
radio 9 62042
radio 9 62555
radio 9 62603
radio 9 63117
radio 9 63134
radio 9 63647
radio 9 63664
radio 9 64177
radio 9 64194
radio 9 64707
radio 9 64724
radio 9 65237
radio 9 65254
radio 10 231
radio 10 248
radio 10 761
radio 10 790
radio 10 1304
radio 10 1321
radio 10 1834
radio 10 1882
radio 10 2396
radio 10 2471
radio 10 2985
radio 10 3036
radio 10 3550
radio 10 3584
radio 10 4098
radio 10 4150
radio 10 4664
radio 10 4713
radio 10 5227
radio 10 5302
radio 10 5816
radio 10 5833
radio 10 6346
radio 10 6363
radio 10 6876
radio 10 6927
radio 10 7441
radio 10 7458
radio 10 7971
radio 10 7988
radio 10 8501
radio 10 8553
radio 10 9067
radio 10 9084
radio 10 9597
radio 10 9648
radio 10 10162
radio 10 10190
radio 10 10704
radio 10 10800
radio 10 11314
radio 10 11344
radio 10 11858
radio 10 11911
radio 10 12425
radio 10 12480
radio 10 12994
radio 10 13022
energy 10 13534 9 21352
radio 10 13540
radio 10 13575
radio 10 14089
radio 10 14119
radio 10 14633
radio 10 14650
radio 10 15164
radio 10 15272
radio 10 15786
radio 10 15835
radio 10 16349
radio 10 16377
radio 10 16891
radio 10 16908
radio 10 17421
radio 10 17438
radio 10 17951
radio 10 17968
radio 10 18481
radio 10 18515
radio 10 19029
radio 10 19046
radio 10 19559
radio 10 19576
radio 10 20089
radio 10 20106
radio 10 20619
radio 10 20647
radio 10 21161
radio 10 21189
radio 10 21703
radio 10 21720
radio 10 22233
radio 10 22250
radio 10 22764
radio 10 22793
radio 10 23307
radio 10 23324
radio 10 23837
radio 10 23865
radio 10 24379
radio 10 24429
radio 10 24943
radio 10 24995
radio 10 25509
radio 10 25537
radio 10 26051
radio 10 26068
radio 10 26581
radio 10 26632
radio 10 27146
delay 0 48 10 27214 10 27038 11 11 65535 0 183 1 0
radio 10 28291
radio 10 28805
radio 10 28822
radio 10 29335
radio 10 29352
radio 10 29865
radio 10 29882
radio 10 30395
radio 10 30429
radio 10 30943
radio 10 30960
radio 10 31473
radio 10 31505
radio 10 32019
radio 10 32036
radio 10 32549
radio 10 32566
radio 10 33079
radio 10 33096
radio 10 33609
radio 10 33697
radio 10 34211
radio 10 34242
radio 10 34756
radio 10 34773
radio 10 35286
radio 10 35322
radio 10 35836
radio 10 35853
radio 10 36366
radio 10 36383
radio 10 36896
radio 10 36949
radio 10 37463
radio 10 37480
radio 10 37993
radio 10 38025
radio 10 38539
radio 10 38556
radio 10 39069
radio 10 39086
radio 10 39599
radio 10 39616
radio 10 40129
radio 10 40160
radio 10 40674
radio 10 40704
radio 10 41218
radio 10 41235
radio 10 41748
radio 10 41765
radio 10 42278
radio 10 42295
radio 10 42808
radio 10 42837
radio 10 43351
radio 10 43368
radio 10 43881
radio 10 43898
radio 10 44411
radio 10 44428
radio 10 44941
radio 10 44991
radio 10 45505
radio 10 45522
radio 10 46035
radio 10 46052
radio 10 46565
radio 10 46582
radio 10 47095
radio 10 47112
radio 10 47625
delay 1 48 10 47727 10 47551 11 11 65535 0 240 0 0
radio 10 47735
radio 10 48250
radio 10 48272
radio 10 48785
radio 10 48820
radio 10 49334
radio 10 49387
radio 10 49901
radio 10 49932
radio 10 50446
radio 10 50498
radio 10 51012
radio 10 51029
radio 10 51542
radio 10 51591
radio 10 52105
radio 10 52154
radio 10 52668
radio 10 52685
radio 10 53198
radio 10 53215
radio 10 53728
radio 10 53745
radio 10 54258
radio 10 54288
radio 10 54802
radio 10 54819
radio 10 55332
radio 10 55364
radio 10 55878
radio 10 55929
radio 10 56443
radio 10 56460
radio 10 56973
radio 10 56990
radio 10 57503
radio 10 57538
radio 10 58052
radio 10 58087
radio 10 58601
radio 10 58653
radio 10 59167
radio 10 59197
radio 10 59711
radio 10 59728
radio 10 60241
radio 10 60295
radio 10 60809
radio 10 60857
radio 10 61371
radio 10 61404
radio 10 61918
radio 10 61969
radio 10 62483
radio 10 62535
radio 10 63049
radio 10 63066
radio 10 63579
radio 10 63612
radio 10 64126
radio 10 64159
radio 10 64673
radio 10 64702
radio 10 65216
radio 10 65252
radio 11 230
radio 11 263
radio 11 777
radio 11 794
radio 11 1307
radio 11 1422
radio 11 1936
radio 11 1953
radio 11 2466
delay 2 46 11 2513 11 2362 13 11 65535 0 108 0 0
radio 11 2521
radio 11 3035
radio 11 3304
radio 11 3817
radio 11 3870
radio 11 4384
radio 11 4415
radio 11 4929
radio 11 4958
radio 11 5472
radio 11 5500
radio 11 6014
radio 11 6043
radio 11 6557
radio 11 6574
radio 11 7087
radio 11 7104
radio 11 7617
radio 11 7646
radio 11 8160
radio 11 8177
radio 11 8690
radio 11 8739
radio 11 9253
radio 11 9270
energy 11 9438 9 25410
radio 11 9783
radio 11 9800
radio 11 10313
radio 11 10330
radio 11 10843
radio 11 10873
radio 11 11387
radio 11 11404
radio 11 11917
radio 11 11948
radio 11 12462
radio 11 12512
radio 11 13026
radio 11 13043
radio 11 13556
radio 11 13589
radio 11 14103
radio 11 14120
radio 11 14633
radio 11 14650
radio 11 15163
radio 11 15180
radio 11 15693
radio 11 15728
radio 11 16242
radio 11 16310
radio 11 16824
radio 11 16879
radio 11 17393
radio 11 17467
radio 11 17981
radio 11 18035
radio 11 18549
radio 11 18580
radio 11 19094
radio 11 19125
radio 11 19639
radio 11 19656
radio 11 20169
radio 11 20186
radio 11 20699
radio 11 20716
radio 11 21229
radio 11 21246
radio 11 21759
radio 11 21871
radio 11 22385
radio 11 22402
radio 11 22915
radio 11 22932
radio 11 23445
delay 3 8 11 23681 11 24469 7 11 4 0 92 1 0
radio 11 24758
radio 11 25272
radio 11 25307
radio 11 25821
radio 11 25838
radio 11 26351
radio 11 26379
radio 11 26893
radio 11 26944
radio 11 27458
radio 11 27493
radio 11 28007
radio 11 28024
radio 11 28537
radio 11 28554
radio 11 29067
radio 11 29084
radio 11 29597
radio 11 29614
radio 11 30127
radio 11 30144
radio 11 30657
radio 11 30687
radio 11 31201
radio 11 31233
radio 11 31747
radio 11 31782
radio 11 32296
radio 11 32313
radio 11 32826
radio 11 32843
radio 11 33356
radio 11 33405
radio 11 33919
radio 11 33936
radio 11 34449
radio 11 34466
radio 11 34979
radio 11 34996
radio 11 35509
radio 11 35539
radio 11 36053
radio 11 36070
radio 11 36583
radio 11 36616
radio 11 37130
radio 11 37183
radio 11 37697
radio 11 37748
radio 11 38262
radio 11 38294
radio 11 38808
radio 11 38825
radio 11 39338
radio 11 39355
radio 11 39868
radio 11 39902
radio 11 40416
radio 11 40447
radio 11 40961
radio 11 40991
radio 11 41505
radio 11 41578
radio 11 42092
radio 11 42109
radio 11 42622
radio 11 42674
radio 11 43188
radio 11 43242
radio 11 43756
delay 4 49 11 43774 11 43555 6 11 5 0 214 1 0
radio 11 44850
radio 11 45364
radio 11 45397
radio 11 45911
radio 11 45928
radio 11 46441
radio 11 46473
radio 11 46987
radio 11 47004
radio 11 47517
radio 11 47547
radio 11 48061
radio 11 48091
radio 11 48605
radio 11 48622
radio 11 49135
radio 11 49152
radio 11 49665
radio 11 49682
radio 11 50195
radio 11 50212
radio 11 50725
radio 11 50742
radio 11 51255
radio 11 51310
radio 11 51824
radio 11 51841
radio 11 52355
radio 11 52389
radio 11 52903
radio 11 52920
radio 11 53433
radio 11 53465
radio 11 53979
radio 11 54013
radio 11 54527
radio 11 54556
radio 11 55070
radio 11 55087
radio 11 55600
radio 11 55617
radio 11 56130
radio 11 56147
radio 11 56661
radio 11 56678
radio 11 57191
radio 11 57208
radio 11 57721
radio 11 57775
radio 11 58289
radio 11 58362
radio 11 58876
radio 11 58893
radio 11 59406
radio 11 59455
radio 11 59969
radio 11 60020
radio 11 60534
radio 11 60563
radio 11 61077
radio 11 61094
radio 11 61607
radio 11 61663
radio 11 62177
radio 11 62194
radio 11 62707
radio 11 62740
radio 11 63254
radio 11 63271
radio 11 63784
delay 5 42 11 63827 11 63752 6 11 5 0 85 1 0
radio 11 64895
radio 11 65408
radio 11 65425
radio 12 402
radio 12 419
radio 12 932
radio 12 1002
radio 12 1516
radio 12 1546
radio 12 2060
radio 12 2077
radio 12 2590
radio 12 2607
radio 12 3120
radio 12 3137
radio 12 3650
radio 12 3701
