Thread[Thread-1,5,main]tree 20 17 49 12 0 0
radio 8 62681
radio 8 62685
radio 8 62714
radio 8 63228
radio 8 63245
radio 8 63758
radio 8 63775
radio 8 64288
radio 8 64320
radio 8 64834
radio 8 64851
radio 8 65364
radio 8 65397
radio 9 375
radio 9 392
radio 9 905
radio 9 922
radio 9 1435
radio 9 1452
radio 9 1965
radio 9 1982
radio 9 2495
radio 9 2512
radio 9 3025
radio 9 3042
radio 9 3555
radio 9 3572
radio 9 4085
radio 9 4102
radio 9 4615
radio 9 4651
radio 9 5165
radio 9 5213
radio 9 5727
radio 9 5744
radio 9 6257
radio 9 6274
radio 9 6787
radio 9 6804
radio 9 7317
radio 9 7334
radio 9 7847
radio 9 7864
radio 9 8377
radio 9 8411
radio 9 8925
radio 9 8942
radio 9 9455
radio 9 9472
radio 9 9985
radio 9 10002
radio 9 10515
radio 9 10532
radio 9 11045
radio 9 11062
radio 9 11575
radio 9 11609
radio 9 12123
radio 9 12172
radio 9 12686
radio 9 12703
radio 9 13216
radio 9 13233
radio 9 13746
radio 9 13780
radio 9 14294
radio 9 14311
radio 9 14824
radio 9 14841
radio 9 15354
radio 9 15371
radio 9 15884
radio 9 15901
radio 9 16414
radio 9 16431
radio 9 16944
radio 9 16961
radio 9 17474
radio 9 17491
radio 9 18004
radio 9 18021
radio 9 18534
radio 9 18551
radio 9 19064
radio 9 19081
radio 9 19594
radio 9 19611
radio 9 20124
radio 9 20141
radio 9 20654
radio 9 20671
radio 9 21184
radio 9 21201
radio 9 21714
radio 9 21745
radio 9 22259
radio 9 22276
radio 9 22789
radio 9 22806
radio 9 23319
radio 9 23353
radio 9 23867
radio 9 23884
radio 9 24397
radio 9 24414
radio 9 24927
radio 9 24962
radio 9 25476
radio 9 25507
radio 9 26021
radio 9 26038
radio 9 26551
radio 9 26584
radio 9 27098
radio 9 27153
radio 9 27667
radio 9 27684
radio 9 28197
radio 9 28214
radio 9 28727
radio 9 28744
radio 9 29257
radio 9 29274
radio 9 29787
radio 9 29822
radio 9 30336
radio 9 30353
radio 9 30866
radio 9 30883
radio 9 31396
radio 9 31426
radio 9 31940
radio 9 31957
radio 9 32470
radio 9 32487
radio 9 33000
radio 9 33017
radio 9 33530
radio 9 33547
radio 9 34060
radio 9 34089
radio 9 34603
radio 9 34620
radio 9 35133
radio 9 35150
radio 9 35663
radio 9 35680
radio 9 36193
radio 9 36249
radio 9 36763
radio 9 36780
radio 9 37293
radio 9 37326
radio 9 37840
radio 9 37857
radio 9 38370
radio 9 38387
radio 9 38900
radio 9 38917
radio 9 39430
radio 9 39447
radio 9 39960
radio 9 39977
radio 9 40490
radio 9 40507
radio 9 41020
radio 9 41037
radio 9 41550
radio 9 41579
radio 9 42093
radio 9 42110
radio 9 42623
radio 9 42640
radio 9 43153
radio 9 43170
radio 9 43683
radio 9 43700
radio 9 44213
radio 9 44242
radio 9 44756
radio 9 44792
radio 9 45306
radio 9 45323
radio 9 45836
radio 9 45853
radio 9 46366
radio 9 46383
radio 9 46896
radio 9 46927
radio 9 47441
radio 9 47458
radio 9 47971
radio 9 47988
radio 9 48501
radio 9 48518
radio 9 49031
radio 9 49048
radio 9 49561
radio 9 49578
radio 9 50091
radio 9 50108
radio 9 50621
radio 9 50638
radio 9 51151
radio 9 51168
radio 9 51681
radio 9 51698
radio 9 52211
radio 9 52245
radio 9 52759
radio 9 52776
radio 9 53289
radio 9 53323
radio 9 53837
radio 9 53854
radio 9 54367
radio 9 54384
radio 9 54897
radio 9 54914
radio 9 55427
radio 9 55444
radio 9 55957
radio 9 55989
radio 9 56503
radio 9 56520
radio 9 57033
radio 9 57062
radio 9 57576
radio 9 57593
radio 9 58106
radio 9 58123
energy 9 58597 8 64371
radio 9 58636
radio 9 58671
radio 9 59185
radio 9 59202
radio 9 59715
radio 9 59732
radio 9 60245
radio 9 60279
radio 9 60793
radio 9 60810
radio 9 61323
radio 9 61340
radio 9 61853
radio 9 61870
radio 9 62383
radio 9 62400
radio 9 62913
radio 9 62944
radio 9 63458
radio 9 63475
radio 9 63988
radio 9 64038
radio 9 64552
radio 9 64569
radio 9 65082
radio 9 65099
radio 10 76
radio 10 93
radio 10 606
radio 10 637
radio 10 1151
radio 10 1182
radio 10 1696
radio 10 1713
radio 10 2226
radio 10 2243
radio 10 2756
radio 10 2773
radio 10 3286
radio 10 3303
radio 10 3816
radio 10 3844
radio 10 4358
radio 10 4375
radio 10 4888
radio 10 4905
radio 10 5418
radio 10 5435
radio 10 5948
radio 10 5965
radio 10 6478
radio 10 6495
radio 10 7008
radio 10 7043
radio 10 7557
radio 10 7574
radio 10 8087
radio 10 8104
radio 10 8617
radio 10 8670
radio 10 9184
radio 10 9201
radio 10 9714
radio 10 9750
radio 10 10264
radio 10 10292
radio 10 10806
radio 10 10834
radio 10 11348
radio 10 11381
radio 10 11895
radio 10 11912
radio 10 12425
radio 10 12442
radio 10 12955
radio 10 12972
radio 10 13485
radio 10 13502
radio 10 14016
radio 10 14033
radio 10 14546
radio 10 14563
radio 10 15076
radio 10 15093
radio 10 15606
radio 10 15623
radio 10 16136
radio 10 16171
radio 10 16685
radio 10 16702
radio 10 17215
radio 10 17232
radio 10 17745
radio 10 17777
radio 10 18291
radio 10 18308
radio 10 18821
radio 10 18838
radio 10 19351
radio 10 19368
radio 10 19881
radio 10 19898
radio 10 20411
radio 10 20428
radio 10 20941
radio 10 20958
radio 10 21471
radio 10 21488
radio 10 22001
radio 10 22018
radio 10 22531
radio 10 22585
radio 10 23099
radio 10 23128
radio 10 23642
radio 10 23659
radio 10 24172
radio 10 24205
radio 10 24719
radio 10 24754
radio 10 25268
radio 10 25285
radio 10 25798
radio 10 25815
radio 10 26328
radio 10 26345
radio 10 26858
delay 0 48 10 26902 10 26899 11 11 65535 0 44 1 0
radio 10 27982
radio 10 28495
radio 10 28512
radio 10 29025
radio 10 29057
radio 10 29571
radio 10 29620
radio 10 30134
radio 10 30151
radio 10 30664
radio 10 30681
radio 10 31194
radio 10 31211
radio 10 31724
radio 10 31741
radio 10 32254
radio 10 32271
radio 10 32784
radio 10 32801
radio 10 33314
radio 10 33331
radio 10 33844
radio 10 33861
radio 10 34374
radio 10 34391
radio 10 34904
radio 10 34921
radio 10 35434
radio 10 35470
radio 10 35984
radio 10 36001
radio 10 36514
radio 10 36547
radio 10 37061
radio 10 37078
radio 10 37591
radio 10 37608
radio 10 38121
radio 10 38157
radio 10 38671
radio 10 38700
radio 10 39214
radio 10 39231
radio 10 39744
radio 10 39761
radio 10 40274
radio 10 40305
radio 10 40819
radio 10 40847
radio 10 41361
radio 10 41378
radio 10 41891
radio 10 41908
radio 10 42421
radio 10 42438
radio 10 42951
radio 10 42968
radio 10 43481
radio 10 43498
radio 10 44011
radio 10 44028
radio 10 44541
radio 10 44558
radio 10 45071
radio 10 45088
radio 10 45601
radio 10 45618
radio 10 46132
radio 10 46149
radio 10 46662
radio 10 46692
radio 10 47206
delay 1 43 10 47239 10 47365 6 11 5 0 17 1 0
radio 10 48343
radio 10 48856
radio 10 48888
radio 10 49402
radio 10 49419
radio 10 49932
radio 10 49949
radio 10 50462
radio 10 50479
radio 10 50992
radio 10 51009
radio 10 51522
radio 10 51539
radio 10 52052
radio 10 52069
radio 10 52582
radio 10 52599
radio 10 53112
radio 10 53129
radio 10 53642
radio 10 53674
radio 10 54188
radio 10 54205
energy 10 54501 9 2731
radio 10 54718
radio 10 54735
radio 10 55248
radio 10 55265
radio 10 55778
radio 10 55814
radio 10 56328
radio 10 56345
radio 10 56858
radio 10 56889
radio 10 57403
radio 10 57420
radio 10 57933
radio 10 57950
radio 10 58463
radio 10 58480
radio 10 58993
radio 10 59022
radio 10 59536
radio 10 59553
radio 10 60066
radio 10 60083
radio 10 60596
radio 10 60613
radio 10 61126
radio 10 61143
radio 10 61656
radio 10 61673
radio 10 62186
radio 10 62203
radio 10 62716
radio 10 62733
radio 10 63246
radio 10 63263
radio 10 63776
radio 10 63793
radio 10 64306
radio 10 64323
radio 10 64836
radio 10 64853
radio 10 65366
radio 10 65402
radio 11 380
radio 11 397
radio 11 910
radio 11 927
radio 11 1440
radio 11 1471
radio 11 1985
radio 11 2002
radio 11 2515
delay 2 18 11 2532 11 3231 7 11 4 0 85 1 0
radio 11 3606
radio 11 4120
radio 11 4172
radio 11 4686
radio 11 4719
radio 11 5233
radio 11 5283
radio 11 5797
radio 11 5814
radio 11 6327
radio 11 6344
radio 11 6857
radio 11 6874
radio 11 7387
radio 11 7404
radio 11 7917
radio 11 7934
radio 11 8447
radio 11 8464
radio 11 8977
radio 11 8994
radio 11 9507
radio 11 9524
radio 11 10037
radio 11 10054
radio 11 10567
radio 11 10584
radio 11 11097
radio 11 11114
radio 11 11627
radio 11 11659
radio 11 12173
radio 11 12207
radio 11 12721
radio 11 12738
radio 11 13251
radio 11 13268
radio 11 13781
radio 11 13798
radio 11 14311
radio 11 14328
radio 11 14841
radio 11 14858
radio 11 15371
radio 11 15388
radio 11 15901
radio 11 15918
radio 11 16431
radio 11 16464
radio 11 16978
radio 11 16995
radio 11 17508
radio 11 17537
radio 11 18051
radio 11 18068
radio 11 18581
radio 11 18635
radio 11 19149
radio 11 19166
radio 11 19679
radio 11 19696
radio 11 20209
radio 11 20226
radio 11 20739
radio 11 20774
radio 11 21288
radio 11 21305
radio 11 21818
radio 11 21835
radio 11 22348
radio 11 22420
radio 11 22934
delay 3 16 11 23026 11 23770 15 11 65535 0 32 1 0
radio 11 24101
radio 11 24615
radio 11 24632
radio 11 25145
radio 11 25162
radio 11 25675
radio 11 25708
radio 11 26222
radio 11 26239
radio 11 26752
radio 11 26781
radio 11 27295
radio 11 27312
radio 11 27825
radio 11 27857
radio 11 28371
radio 11 28404
radio 11 28918
radio 11 28935
radio 11 29448
radio 11 29477
radio 11 29991
radio 11 30026
radio 11 30540
radio 11 30557
radio 11 31070
radio 11 31106
radio 11 31620
radio 11 31653
radio 11 32167
radio 11 32184
radio 11 32697
radio 11 32714
radio 11 33227
radio 11 33244
radio 11 33757
radio 11 33774
radio 11 34287
radio 11 34317
radio 11 34831
radio 11 34864
radio 11 35378
radio 11 35395
radio 11 35908
radio 11 35925
radio 11 36438
radio 11 36455
radio 11 36968
radio 11 36985
radio 11 37498
radio 11 37515
radio 11 38028
radio 11 38045
radio 11 38559
radio 11 38576
radio 11 39089
radio 11 39106
radio 11 39619
radio 11 39636
radio 11 40149
radio 11 40166
radio 11 40679
radio 11 40715
radio 11 41229
radio 11 41246
radio 11 41760
radio 11 41777
radio 11 42290
radio 11 42307
radio 11 42820
radio 11 42837
radio 11 43350
delay 4 15 11 43403 11 44158 12 11 65535 0 211 0 0
radio 11 43412
radio 11 43926
radio 11 44210
radio 11 44723
radio 11 44753
radio 11 45267
radio 11 45284
radio 11 45797
radio 11 45814
radio 11 46327
radio 11 46344
radio 11 46857
radio 11 46874
radio 11 47387
radio 11 47404
radio 11 47917
radio 11 47945
radio 11 48459
radio 11 48476
radio 11 48989
radio 11 49006
radio 11 49519
radio 11 49536
radio 11 50049
radio 11 50066
energy 11 50405 9 6927
radio 11 50579
radio 11 50596
radio 11 51109
radio 11 51141
radio 11 51655
radio 11 51672
radio 11 52185
radio 11 52215
radio 11 52729
radio 11 52746
radio 11 53259
radio 11 53293
radio 11 53807
radio 11 53824
radio 11 54337
radio 11 54354
radio 11 54867
radio 11 54898
radio 11 55412
radio 11 55429
radio 11 55942
radio 11 55959
radio 11 56472
radio 11 56489
radio 11 57002
radio 11 57019
radio 11 57532
radio 11 57549
radio 11 58062
radio 11 58079
radio 11 58592
radio 11 58609
radio 11 59122
radio 11 59139
radio 11 59653
radio 11 59670
radio 11 60183
radio 11 60200
radio 11 60713
radio 11 60730
radio 11 61243
radio 11 61260
radio 11 61773
radio 11 61790
radio 11 62303
radio 11 62320
radio 11 62833
radio 11 62850
radio 11 63363
radio 11 63393
radio 11 63907
delay 5 42 11 64056 11 64154 6 11 5 0 487 0 0
radio 11 64063
radio 11 64578
radio 11 64593
radio 11 65106
radio 11 65123
radio 12 100
radio 12 117
radio 12 630
radio 12 647
radio 12 1160
radio 12 1177
radio 12 1690
radio 12 1721
radio 12 2235
radio 12 2269
radio 12 2783
radio 12 2800
radio 12 3313
radio 12 3330
radio 12 3843
radio 12 3860
