Thread[Thread-1,5,main]tree 1000 16 23 11 0 0
radio 6 59551
radio 6 59555
radio 6 59610
radio 6 60124
radio 6 60141
radio 6 60655
radio 6 60706
radio 6 61220
radio 6 61296
radio 6 61810
radio 6 61827
radio 6 62341
radio 6 62358
radio 6 62872
radio 6 62889
radio 6 63403
radio 6 63432
radio 6 63946
radio 6 63963
radio 6 64477
radio 6 64494
radio 6 65008
radio 6 65059
radio 7 37
radio 7 65
radio 7 578
radio 7 595
radio 7 1108
radio 7 1144
radio 7 1658
radio 7 1772
radio 7 2286
radio 7 2374
radio 7 2888
radio 7 2919
radio 7 3433
radio 7 3547
radio 7 4061
radio 7 4078
radio 7 4591
radio 7 4700
radio 7 5214
radio 7 5231
radio 7 5744
radio 7 5761
radio 7 6274
radio 7 6291
radio 7 6804
radio 7 6834
radio 7 7348
radio 7 7397
radio 7 7911
radio 7 7928
radio 7 8441
radio 7 8458
radio 7 8971
radio 7 8988
radio 7 9501
radio 7 9532
radio 7 10046
radio 7 10063
radio 7 10577
radio 7 10594
radio 7 11108
radio 7 11156
radio 7 11670
radio 7 11687
radio 7 12201
radio 7 12253
radio 7 12767
radio 7 12798
radio 7 13312
radio 7 13362
radio 7 13876
radio 7 13893
radio 7 14407
radio 7 14438
radio 7 14952
radio 7 14986
radio 7 15500
radio 7 15536
radio 7 16050
radio 7 16101
radio 7 16615
radio 7 16648
radio 7 17162
radio 7 17193
radio 7 17707
radio 7 17738
radio 7 18252
radio 7 18302
radio 7 18816
radio 7 18848
radio 7 19362
radio 7 19392
radio 7 19906
radio 7 19975
radio 7 20489
radio 7 20518
radio 7 21032
radio 7 21060
radio 7 21574
radio 7 21591
radio 7 22105
radio 7 22156
radio 7 22670
radio 7 22703
radio 7 23217
radio 7 23234
radio 7 23748
radio 7 23765
radio 7 24279
radio 7 24312
radio 7 24826
radio 7 24921
radio 7 25435
radio 7 25484
radio 7 25998
radio 7 26034
radio 7 26548
radio 7 26577
radio 7 27091
radio 7 27108
radio 7 27622
radio 7 27639
radio 7 28153
radio 7 28170
radio 7 28684
radio 7 28701
radio 7 29215
radio 7 29232
radio 7 29746
radio 7 29763
radio 7 30277
radio 7 30294
radio 7 30808
radio 7 30878
radio 7 31392
radio 7 31427
radio 7 31941
radio 7 31972
radio 7 32486
radio 7 32503
radio 7 33017
radio 7 33087
radio 7 33601
radio 7 33618
radio 7 34132
radio 7 34149
radio 7 34663
radio 7 34680
radio 7 35194
radio 7 35211
radio 7 35725
radio 7 35753
radio 7 36267
radio 7 36322
radio 7 36836
radio 7 36853
radio 7 37367
radio 7 37384
radio 7 37898
radio 7 37926
radio 7 38440
radio 7 38457
radio 7 38971
radio 7 38988
radio 7 39502
radio 7 39519
radio 7 40033
radio 7 40050
radio 7 40564
radio 7 40597
radio 7 41111
radio 7 41164
radio 7 41678
radio 7 41708
radio 7 42222
radio 7 42252
radio 7 42766
radio 7 42801
radio 7 43315
radio 7 43346
radio 7 43860
radio 7 43877
radio 7 44391
radio 7 44422
radio 7 44936
radio 7 44953
radio 7 45467
radio 7 45484
radio 7 45998
radio 7 46015
radio 7 46529
radio 7 46546
radio 7 47060
radio 7 47077
radio 7 47591
radio 7 47623
radio 7 48137
radio 7 48185
radio 7 48699
radio 7 48716
radio 7 49230
radio 7 49247
radio 7 49761
radio 7 49791
radio 7 50305
radio 7 50322
radio 7 50836
radio 7 50853
radio 7 51367
radio 7 51384
radio 7 51898
radio 7 51954
radio 7 52468
radio 7 52485
radio 7 52999
radio 7 53016
radio 7 53530
radio 7 53547
radio 7 54061
radio 7 54078
radio 7 54592
radio 7 54609
radio 7 55123
radio 7 55159
energy 7 55466 6 62449
radio 7 55673
radio 7 55729
radio 7 56243
radio 7 56260
radio 7 56774
radio 7 56803
radio 7 57317
radio 7 57349
radio 7 57863
radio 7 57880
radio 7 58394
radio 7 58449
radio 7 58963
radio 7 59012
radio 7 59526
radio 7 59562
radio 7 60076
radio 7 60124
radio 7 60638
radio 7 60690
radio 7 61204
radio 7 61221
radio 7 61735
radio 7 61770
radio 7 62284
radio 7 62335
radio 7 62849
radio 7 62885
radio 7 63399
radio 7 63515
radio 7 64029
radio 7 64063
radio 7 64577
radio 7 64691
radio 7 65205
radio 7 65222
radio 8 200
radio 8 273
radio 8 786
radio 8 821
radio 8 1334
radio 8 1364
radio 8 1878
radio 8 1895
radio 8 2408
radio 8 2464
radio 8 2978
radio 8 2995
radio 8 3508
radio 8 3525
radio 8 4038
radio 8 4055
radio 8 4568
radio 8 4601
radio 8 5115
radio 8 5188
radio 8 5702
radio 8 5752
radio 8 6266
radio 8 6342
radio 8 6856
radio 8 6884
radio 8 7398
radio 8 7429
radio 8 7943
radio 8 7960
radio 8 8473
radio 8 8543
radio 8 9057
radio 8 9092
radio 8 9606
radio 8 9623
radio 8 10136
radio 8 10153
radio 8 10667
radio 8 10701
radio 8 11215
radio 8 11265
radio 8 11779
radio 8 11847
radio 8 12361
radio 8 12430
radio 8 12944
radio 8 12961
radio 8 13475
radio 8 13507
radio 8 14021
radio 8 14056
radio 8 14570
radio 8 14619
radio 8 15133
radio 8 15150
radio 8 15664
radio 8 15694
radio 8 16208
radio 8 16225
radio 8 16739
radio 8 16756
radio 8 17270
radio 8 17287
radio 8 17801
radio 8 17895
radio 8 18409
radio 8 18426
radio 8 18940
radio 8 18957
radio 8 19471
radio 8 19506
radio 8 20020
radio 8 20037
radio 8 20551
radio 8 20602
radio 8 21116
radio 8 21152
radio 8 21666
radio 8 21683
radio 8 22197
radio 8 22214
radio 8 22728
radio 8 22745
radio 8 23259
radio 8 23276
radio 8 23790
radio 8 23823
radio 8 24337
radio 8 24368
radio 8 24882
radio 8 24899
radio 8 25413
radio 8 25449
radio 8 25963
radio 8 25995
radio 8 26509
radio 8 26581
radio 8 27095
radio 8 27128
radio 8 27642
radio 8 27674
radio 8 28188
radio 8 28205
radio 8 28719
radio 8 28736
radio 8 29250
radio 8 29306
radio 8 29820
radio 8 29853
radio 8 30367
radio 8 30384
radio 8 30898
radio 8 30915
radio 8 31429
radio 8 31446
radio 8 31960
radio 8 32036
radio 8 32550
radio 8 32567
radio 8 33081
radio 8 33098
radio 8 33612
radio 8 33629
radio 8 34143
radio 8 34160
radio 8 34674
radio 8 34762
radio 8 35276
radio 8 35293
radio 8 35807
radio 8 35824
radio 8 36338
radio 8 36367
radio 8 36881
radio 8 36953
radio 8 37467
radio 8 37498
radio 8 38012
radio 8 38041
radio 8 38555
radio 8 38572
radio 8 39086
radio 8 39103
radio 8 39617
radio 8 39634
radio 8 40148
radio 8 40165
radio 8 40679
radio 8 40736
radio 8 41250
radio 8 41267
radio 8 41781
radio 8 41809
radio 8 42323
radio 8 42340
radio 8 42854
radio 8 42871
radio 8 43385
radio 8 43414
radio 8 43928
radio 8 43982
radio 8 44496
radio 8 44513
radio 8 45027
radio 8 45044
radio 8 45558
radio 8 45611
radio 8 46125
radio 8 46158
radio 8 46672
radio 8 46721
radio 8 47235
radio 8 47270
radio 8 47784
radio 8 47801
radio 8 48315
delay 0 42 8 48332 8 47529 7 14 7 0 65535 0 0
radio 8 48340
radio 8 48854
radio 8 49006
radio 8 49519
radio 8 49536
radio 8 50050
radio 8 50067
radio 8 50581
radio 8 50598
radio 8 51112
radio 8 51129
energy 8 51370 7 179
radio 8 51643
radio 8 51660
radio 8 52174
radio 8 52191
radio 8 52705
radio 8 52740
radio 8 53254
radio 8 53271
radio 8 53785
radio 8 53802
radio 8 54316
radio 8 54368
radio 8 54882
radio 8 54914
radio 8 55428
radio 8 55463
radio 8 55977
radio 8 55994
radio 8 56508
radio 8 56538
radio 8 57052
radio 8 57104
radio 8 57618
radio 8 57647
radio 8 58161
radio 8 58178
radio 8 58692
radio 8 58781
radio 8 59295
radio 8 59312
radio 8 59826
radio 8 59857
radio 8 60371
radio 8 60440
radio 8 60954
radio 8 60986
radio 8 61500
radio 8 61528
radio 8 62042
radio 8 62059
radio 8 62573
radio 8 62590
radio 8 63104
radio 8 63174
radio 8 63688
radio 8 63718
radio 8 64232
radio 8 64260
radio 8 64774
radio 8 64808
radio 8 65322
radio 8 65378
radio 9 356
radio 9 391
radio 9 904
radio 9 933
radio 9 1446
radio 9 1474
radio 9 1988
radio 9 2040
radio 9 2554
radio 9 2585
radio 9 3099
radio 9 3116
radio 9 3629
delay 1 1 9 3762 9 4637 7 14 7 0 313 0 0
radio 9 3770
radio 9 4284
radio 9 4300
radio 9 4813
radio 9 4882
radio 9 5396
radio 9 5413
radio 9 5926
radio 9 5943
radio 9 6456
radio 9 6486
radio 9 7000
radio 9 7017
radio 9 7530
radio 9 7547
radio 9 8060
radio 9 8131
radio 9 8645
radio 9 8662
radio 9 9175
radio 9 9204
radio 9 9718
radio 9 9747
radio 9 10261
radio 9 10330
radio 9 10844
radio 9 10873
radio 9 11387
radio 9 11416
radio 9 11930
radio 9 11963
radio 9 12477
radio 9 12531
radio 9 13045
radio 9 13062
radio 9 13576
radio 9 13609
radio 9 14123
radio 9 14151
radio 9 14665
radio 9 14734
radio 9 15248
radio 9 15278
radio 9 15792
radio 9 15821
radio 9 16335
radio 9 16352
radio 9 16866
radio 9 16883
radio 9 17397
radio 9 17414
radio 9 17928
radio 9 17984
radio 9 18498
radio 9 18531
radio 9 19045
radio 9 19062
radio 9 19576
radio 9 19607
radio 9 20121
radio 9 20152
radio 9 20666
radio 9 20715
radio 9 21229
radio 9 21259
radio 9 21773
radio 9 21790
radio 9 22304
radio 9 22321
radio 9 22835
radio 9 22865
radio 9 23379
radio 9 23428
radio 9 23942
radio 9 23977
radio 9 24491
delay 2 43 9 24507 9 24138 7 14 7 0 510 0 0
radio 9 24515
radio 9 25029
radio 9 25150
radio 9 25664
radio 9 25681
radio 9 26195
radio 9 26224
radio 9 26738
radio 9 26791
radio 9 27305
radio 9 27336
radio 9 27850
radio 9 27867
radio 9 28381
radio 9 28489
radio 9 29003
radio 9 29020
radio 9 29534
radio 9 29551
radio 9 30065
radio 9 30098
radio 9 30612
radio 9 30662
radio 9 31176
radio 9 31193
radio 9 31707
radio 9 31724
radio 9 32238
radio 9 32255
radio 9 32769
radio 9 32801
radio 9 33315
radio 9 33332
radio 9 33846
radio 9 33876
radio 9 34390
radio 9 34445
radio 9 34959
radio 9 34976
radio 9 35490
radio 9 35507
radio 9 36021
radio 9 36075
radio 9 36589
radio 9 36606
radio 9 37120
radio 9 37173
radio 9 37687
radio 9 37718
radio 9 38232
radio 9 38249
radio 9 38763
radio 9 38780
radio 9 39294
radio 9 39330
radio 9 39844
radio 9 39913
radio 9 40427
radio 9 40456
radio 9 40970
radio 9 40987
radio 9 41501
radio 9 41531
radio 9 42045
radio 9 42096
radio 9 42610
radio 9 42627
radio 9 43141
radio 9 43158
radio 9 43672
radio 9 43701
radio 9 44215
radio 9 44232
radio 9 44746
delay 3 43 9 44764 9 44395 7 14 7 0 271 0 0
radio 9 44772
radio 9 45286
radio 9 45330
radio 9 45844
radio 9 45875
radio 9 46389
radio 9 46418
radio 9 46932
radio 9 46961
energy 9 47274 7 3303
radio 9 47475
radio 9 47511
radio 9 48025
radio 9 48079
radio 9 48593
radio 9 48621
radio 9 49135
radio 9 49152
radio 9 49666
radio 9 49683
radio 9 50197
radio 9 50214
radio 9 50728
radio 9 50745
radio 9 51259
radio 9 51327
radio 9 51841
radio 9 51858
radio 9 52372
radio 9 52389
radio 9 52903
radio 9 52935
radio 9 53449
radio 9 53466
radio 9 53980
radio 9 54009
radio 9 54523
radio 9 54580
radio 9 55094
radio 9 55111
radio 9 55625
radio 9 55657
radio 9 56171
radio 9 56284
radio 9 56798
radio 9 56886
radio 9 57400
radio 9 57474
radio 9 57988
radio 9 58040
radio 9 58554
radio 9 58584
radio 9 59098
radio 9 59115
radio 9 59629
radio 9 59660
radio 9 60174
radio 9 60191
radio 9 60705
radio 9 60722
radio 9 61236
radio 9 61285
radio 9 61799
radio 9 61833
radio 9 62347
radio 9 62364
radio 9 62878
radio 9 62895
radio 9 63409
radio 9 63426
radio 9 63940
radio 9 64015
radio 9 64529
radio 9 64546
radio 9 65060
delay 4 29 9 65158 9 65373 15 14 65535 0 162 0 0
radio 9 65166
radio 10 144
radio 10 330
radio 10 843
radio 10 897
radio 10 1411
radio 10 1428
radio 10 1942
radio 10 1959
radio 10 2473
radio 10 2504
radio 10 3018
radio 10 3048
radio 10 3562
radio 10 3612
radio 10 4126
radio 10 4143
radio 10 4657
radio 10 4687
radio 10 5201
radio 10 5230
radio 10 5744
radio 10 5818
radio 10 6332
radio 10 6349
radio 10 6863
radio 10 6880
radio 10 7394
radio 10 7424
radio 10 7938
radio 10 7955
radio 10 8469
radio 10 8486
radio 10 9000
radio 10 9070
radio 10 9584
radio 10 9601
radio 10 10115
radio 10 10132
radio 10 10646
radio 10 10663
radio 10 11177
radio 10 11210
radio 10 11724
radio 10 11796
radio 10 12310
radio 10 12327
radio 10 12841
radio 10 12871
radio 10 13385
radio 10 13416
radio 10 13930
radio 10 13947
radio 10 14461
radio 10 14478
radio 10 14992
radio 10 15022
radio 10 15536
radio 10 15568
radio 10 16082
radio 10 16137
radio 10 16651
radio 10 16668
radio 10 17182
radio 10 17199
radio 10 17713
radio 10 17783
radio 10 18297
radio 10 18314
radio 10 18828
radio 10 18845
radio 10 19359
radio 10 19395
radio 10 19909
delay 5 23 10 19933 10 20243 9 14 5 0 84 0 0
radio 10 19942
radio 10 20456
radio 10 20499
radio 10 21013
radio 10 21039
radio 10 21553
radio 10 21570
radio 10 22084
radio 10 22113
radio 10 22627
radio 10 22644
radio 10 23158
radio 10 23228
radio 10 23742
radio 10 23759
radio 10 24273
radio 10 24290
radio 10 24804
radio 10 24836
radio 10 25350
radio 10 25386
radio 10 25900
radio 10 25955
radio 10 26469
radio 10 26502
radio 10 27016
radio 10 27051
radio 10 27565
radio 10 27601
radio 10 28115
radio 10 28145
radio 10 28659
radio 10 28695
radio 10 29209
radio 10 29226
radio 10 29740
radio 10 29757
radio 10 30271
radio 10 30288
radio 10 30802
radio 10 30819
radio 10 31333
radio 10 31350
radio 10 31864
radio 10 31933
radio 10 32447
radio 10 32481
radio 10 32995
radio 10 33086
radio 10 33600
radio 10 33628
radio 10 34142
radio 10 34171
radio 10 34685
radio 10 34702
radio 10 35216
radio 10 35233
radio 10 35747
radio 10 35800
radio 10 36314
radio 10 36350
radio 10 36864
radio 10 36881
radio 10 37395
radio 10 37443
radio 10 37957
radio 10 38013
radio 10 38527
radio 10 38544
radio 10 39058
radio 10 39075
radio 10 39589
radio 10 39623
radio 10 40137
radio 10 40166
radio 10 40680
delay 6 43 10 40696 10 40327 7 14 7 0 385 0 0
radio 10 40703
radio 10 41218
radio 10 41234
radio 10 41747
radio 10 41816
radio 10 42330
radio 10 42347
radio 10 42861
radio 10 42878
energy 10 43178 7 6512
radio 10 43392
radio 10 43409
radio 10 43923
radio 10 43940
radio 10 44454
radio 10 44510
radio 10 45024
radio 10 45041
radio 10 45555
radio 10 45607
radio 10 46121
radio 10 46193
radio 10 46707
radio 10 46724
radio 10 47238
radio 10 47266
radio 10 47780
radio 10 47813
radio 10 48327
radio 10 48362
radio 10 48876
radio 10 48907
radio 10 49421
radio 10 49450
radio 10 49964
radio 10 49981
radio 10 50495
radio 10 50527
radio 10 51041
radio 10 51070
radio 10 51584
radio 10 51601
radio 10 52115
radio 10 52303
radio 10 52817
radio 10 52926
radio 10 53440
radio 10 53489
radio 10 54003
radio 10 54020
radio 10 54534
radio 10 54585
radio 10 55099
radio 10 55128
radio 10 55642
radio 10 55659
radio 10 56173
radio 10 56208
radio 10 56722
radio 10 56739
radio 10 57253
radio 10 57303
radio 10 57817
radio 10 57834
radio 10 58348
radio 10 58365
radio 10 58879
radio 10 58896
radio 10 59410
radio 10 59440
radio 10 59954
radio 10 60030
radio 10 60544
radio 10 60573
radio 10 61087
delay 7 43 10 61181 10 60813 7 14 7 0 283 0 0
radio 10 61189
radio 10 61704
radio 10 61774
radio 10 62287
radio 10 62340
radio 10 62854
radio 10 62871
radio 10 63385
radio 10 63420
radio 10 63934
radio 10 63966
radio 10 64480
radio 10 64497
radio 10 65011
radio 10 65067
radio 11 45
radio 11 74
radio 11 587
radio 11 604
radio 11 1117
radio 11 1134
radio 11 1648
radio 11 1665
radio 11 2179
radio 11 2196
radio 11 2710
radio 11 2781
radio 11 3295
radio 11 3312
radio 11 3826
radio 11 3843
radio 11 4357
radio 11 4374
radio 11 4888
radio 11 4917
radio 11 5431
radio 11 5463
radio 11 5977
radio 11 6032
radio 11 6546
radio 11 6578
radio 11 7092
radio 11 7127
radio 11 7641
radio 11 7715
radio 11 8229
radio 11 8246
radio 11 8760
radio 11 8777
radio 11 9291
radio 11 9308
radio 11 9822
radio 11 9858
radio 11 10372
radio 11 10389
radio 11 10903
radio 11 10952
radio 11 11466
radio 11 11497
radio 11 12011
radio 11 12039
radio 11 12553
radio 11 12586
radio 11 13100
radio 11 13172
radio 11 13686
radio 11 13735
radio 11 14249
radio 11 14323
radio 11 14837
radio 11 14871
radio 11 15385
radio 11 15421
radio 11 15935
delay 8 43 11 15979 11 15611 7 14 7 0 206 0 0
radio 11 15987
radio 11 16502
radio 11 16646
radio 11 17160
radio 11 17177
radio 11 17691
radio 11 17708
radio 11 18222
radio 11 18251
radio 11 18765
radio 11 18782
radio 11 19296
radio 11 19350
radio 11 19864
radio 11 19881
radio 11 20395
radio 11 20412
radio 11 20926
radio 11 20943
radio 11 21457
radio 11 21487
radio 11 22001
radio 11 22018
radio 11 22532
radio 11 22603
radio 11 23117
radio 11 23134
radio 11 23648
radio 11 23682
radio 11 24196
radio 11 24213
radio 11 24727
radio 11 24744
radio 11 25258
radio 11 25275
radio 11 25789
radio 11 25806
radio 11 26320
radio 11 26375
radio 11 26889
radio 11 26918
radio 11 27432
radio 11 27461
radio 11 27975
radio 11 28009
radio 11 28523
radio 11 28577
radio 11 29091
radio 11 29108
radio 11 29622
radio 11 29639
radio 11 30153
radio 11 30170
radio 11 30684
radio 11 30701
radio 11 31215
radio 11 31232
radio 11 31746
radio 11 31779
radio 11 32293
radio 11 32310
radio 11 32824
radio 11 32876
radio 11 33390
radio 11 33426
radio 11 33940
radio 11 33957
radio 11 34471
radio 11 34488
radio 11 35002
radio 11 35019
radio 11 35533
radio 11 35550
radio 11 36064
radio 11 36081
radio 11 36595
delay 9 24 11 36610 11 36913 7 14 7 0 335 0 0
radio 11 36618
radio 11 37133
radio 11 37175
radio 11 37688
radio 11 37705
radio 11 38219
radio 11 38236
radio 11 38750
radio 11 38767
energy 11 39082 7 9696
radio 11 39281
radio 11 39316
radio 11 39830
radio 11 39847
radio 11 40361
radio 11 40433
radio 11 40947
radio 11 40964
radio 11 41478
radio 11 41506
radio 11 42020
radio 11 42131
radio 11 42645
radio 11 42673
radio 11 43187
radio 11 43204
radio 11 43718
radio 11 43735
radio 11 44249
radio 11 44277
radio 11 44791
radio 11 44819
radio 11 45333
radio 11 45367
radio 11 45881
radio 11 45898
radio 11 46412
radio 11 46429
radio 11 46943
radio 11 46974
radio 11 47488
radio 11 47617
radio 11 48131
radio 11 48185
radio 11 48699
radio 11 48716
radio 11 49230
radio 11 49247
radio 11 49761
radio 11 49778
radio 11 50292
radio 11 50322
radio 11 50836
radio 11 50865
radio 11 51379
radio 11 51396
radio 11 51910
radio 11 51963
radio 11 52477
radio 11 52494
radio 11 53008
radio 11 53038
radio 11 53552
radio 11 53569
radio 11 54083
radio 11 54115
radio 11 54629
radio 11 54646
radio 11 55160
radio 11 55212
radio 11 55726
radio 11 55754
radio 11 56268
radio 11 56285
radio 11 56799
delay 10 12 11 56840 11 57271 7 14 7 0 322 0 0
radio 11 56848
radio 11 57362
radio 11 57377
radio 11 57891
radio 11 57973
radio 11 58487
radio 11 58518
radio 11 59032
radio 11 59049
radio 11 59563
radio 11 59618
radio 11 60132
radio 11 60165
radio 11 60679
radio 11 60711
radio 11 61225
radio 11 61242
radio 11 61756
radio 11 61785
radio 11 62299
radio 11 62329
radio 11 62843
radio 11 62860
radio 11 63374
radio 11 63404
radio 11 63918
radio 11 63935
radio 11 64449
radio 11 64466
radio 11 64980
radio 11 65011
radio 11 65525
radio 12 6
radio 12 519
radio 12 552
radio 12 1066
radio 12 1094
radio 12 1608
radio 12 1625
radio 12 2139
radio 12 2156
radio 12 2670
radio 12 2687
radio 12 3201
radio 12 3236
radio 12 3750
radio 12 3767
radio 12 4281
radio 12 4352
radio 12 4866
radio 12 4896
radio 12 5410
radio 12 5438
radio 12 5952
radio 12 5969
radio 12 6483
radio 12 6511
radio 12 7025
radio 12 7042
radio 12 7556
radio 12 7606
radio 12 8120
radio 12 8137
radio 12 8651
radio 12 8668
radio 12 9182
radio 12 9199
radio 12 9713
radio 12 9746
radio 12 10260
radio 12 10277
radio 12 10791
radio 12 10808
radio 12 11322
radio 12 11339
radio 12 11853
delay 11 43 12 11954 12 11586 7 14 7 0 110 0 0
radio 12 11962
radio 12 12476
radio 12 12491
radio 12 13005
radio 12 13060
radio 12 13574
radio 12 13606
radio 12 14120
radio 12 14150
radio 12 14664
radio 12 14681
radio 12 15195
radio 12 15265
radio 12 15779
radio 12 15796
radio 12 16310
radio 12 16327
radio 12 16841
radio 12 16858
radio 12 17372
radio 12 17406
radio 12 17920
radio 12 17990
radio 12 18504
radio 12 18537
radio 12 19051
radio 12 19068
radio 12 19582
radio 12 19618
radio 12 20132
radio 12 20149
radio 12 20663
radio 12 20714
radio 12 21228
radio 12 21245
radio 12 21759
radio 12 21789
radio 12 22303
radio 12 22320
radio 12 22834
radio 12 22851
radio 12 23365
radio 12 23382
radio 12 23896
radio 12 23967
radio 12 24481
radio 12 24514
radio 12 25028
radio 12 25058
radio 12 25572
radio 12 25665
radio 12 26179
radio 12 26209
radio 12 26723
radio 12 26820
radio 12 27334
radio 12 27351
radio 12 27865
radio 12 27895
radio 12 28409
radio 12 28426
radio 12 28940
radio 12 28957
radio 12 29471
radio 12 29522
radio 12 30036
radio 12 30053
radio 12 30567
radio 12 30584
radio 12 31098
radio 12 31146
radio 12 31660
radio 12 31693
radio 12 32207
delay 12 23 12 32224 12 32534 9 14 5 0 151 0 0
radio 12 32232
radio 12 32747
radio 12 33110
radio 12 33624
radio 12 33674
radio 12 34187
radio 12 34242
radio 12 34756
radio 12 34773
energy 12 34986 7 12997
radio 12 35287
radio 12 35304
radio 12 35818
radio 12 35835
radio 12 36349
radio 12 36381
radio 12 36895
radio 12 36912
radio 12 37426
radio 12 37494
radio 12 38008
radio 12 38025
radio 12 38539
radio 12 38652
radio 12 39166
radio 12 39183
radio 12 39697
radio 12 39732
radio 12 40246
radio 12 40263
radio 12 40777
radio 12 40794
radio 12 41308
radio 12 41341
radio 12 41855
radio 12 41883
radio 12 42397
radio 12 42414
radio 12 42928
radio 12 43079
radio 12 43593
radio 12 43825
radio 12 44339
radio 12 44571
radio 12 45085
radio 12 45102
radio 12 45616
radio 12 45672
radio 12 46186
radio 12 46203
radio 12 46717
radio 12 46749
radio 12 47263
radio 12 47280
radio 12 47794
radio 12 47822
radio 12 48336
radio 12 48364
radio 12 48878
radio 12 48967
radio 12 49481
radio 12 49557
radio 12 50071
radio 12 50088
radio 12 50602
radio 12 50638
radio 12 51152
radio 12 51183
radio 12 51697
radio 12 51754
radio 12 52268
radio 12 52285
radio 12 52799
delay 13 44 12 52815 12 52482 14 14 65535 0 37 0 0
radio 12 52823
radio 12 53338
radio 12 53414
radio 12 53928
radio 12 53950
radio 12 54464
radio 12 54481
radio 12 54995
radio 12 55012
radio 12 55526
radio 12 55556
radio 12 56070
radio 12 56087
radio 12 56601
radio 12 56618
radio 12 57132
radio 12 57149
radio 12 57663
radio 12 57734
radio 12 58248
radio 12 58283
radio 12 58797
radio 12 58814
radio 12 59328
radio 12 59359
radio 12 59873
radio 12 59890
radio 12 60404
radio 12 60460
radio 12 60974
radio 12 60991
radio 12 61505
radio 12 61542
radio 12 62056
radio 12 62087
radio 12 62601
radio 12 62618
radio 12 63132
radio 12 63184
radio 12 63698
radio 12 63726
radio 12 64240
radio 12 64268
radio 12 64782
radio 12 64799
radio 12 65313
radio 12 65330
radio 13 308
radio 13 325
radio 13 838
radio 13 855
radio 13 1368
radio 13 1421
radio 13 1935
radio 13 1952
radio 13 2466
radio 13 2497
radio 13 3011
radio 13 3039
radio 13 3553
radio 13 3629
radio 13 4143
radio 13 4172
radio 13 4686
radio 13 4714
radio 13 5228
radio 13 5256
radio 13 5770
radio 13 5825
radio 13 6339
radio 13 6371
radio 13 6885
radio 13 6902
radio 13 7416
radio 13 7433
radio 13 7947
delay 14 43 13 8005 13 7638 7 14 7 0 195 0 0
radio 13 8015
radio 13 8528
radio 13 8596
radio 13 9109
radio 13 9126
radio 13 9640
radio 13 9657
radio 13 10171
radio 13 10223
radio 13 10737
radio 13 10754
radio 13 11268
radio 13 11285
radio 13 11799
radio 13 11828
radio 13 12342
radio 13 12373
radio 13 12887
radio 13 12904
radio 13 13418
radio 13 13435
radio 13 13949
radio 13 14004
radio 13 14518
radio 13 14535
radio 13 15049
radio 13 15078
radio 13 15592
radio 13 15609
radio 13 16123
radio 13 16153
radio 13 16667
radio 13 16736
radio 13 17250
radio 13 17278
radio 13 17792
radio 13 17809
radio 13 18323
radio 13 18356
radio 13 18870
radio 13 18887
radio 13 19401
radio 13 19450
radio 13 19964
radio 13 19981
radio 13 20495
radio 13 20512
radio 13 21026
radio 13 21043
radio 13 21557
radio 13 21585
radio 13 22099
radio 13 22116
radio 13 22630
radio 13 22647
radio 13 23161
radio 13 23238
radio 13 23752
radio 13 23786
radio 13 24300
radio 13 24317
radio 13 24831
radio 13 24861
radio 13 25375
radio 13 25392
radio 13 25906
radio 13 25957
radio 13 26471
radio 13 26501
radio 13 27015
radio 13 27051
radio 13 27565
radio 13 27582
radio 13 28096
delay 15 24 13 28139 13 28440 7 14 7 0 36 0 0
radio 13 28146
radio 13 28661
radio 13 28710
radio 13 29223
radio 13 29326
radio 13 29839
radio 13 29856
radio 13 30370
radio 13 30387
energy 13 30890 7 16427
radio 13 30901
radio 13 30932
radio 13 31446
radio 13 31463
radio 13 31977
radio 13 32008
radio 13 32522
radio 13 32571
radio 13 33085
radio 13 33115
radio 13 33629
radio 13 33677
radio 13 34191
radio 13 34239
radio 13 34753
radio 13 34786
radio 13 35300
radio 13 35317
radio 13 35831
radio 13 35848
radio 13 36362
radio 13 36450
radio 13 36964
radio 13 36981
radio 13 37495
radio 13 37524
radio 13 38038
radio 13 38055
radio 13 38569
radio 13 38586
radio 13 39100
radio 13 39128
radio 13 39642
radio 13 39696
radio 13 40210
radio 13 40227
radio 13 40741
radio 13 40789
radio 13 41303
radio 13 41320
radio 13 41834
radio 13 41902
radio 13 42416
radio 13 42451
radio 13 42965
radio 13 43053
radio 13 43567
radio 13 43584
radio 13 44098
radio 13 44134
radio 13 44648
radio 13 44680
radio 13 45194
radio 13 45243
radio 13 45757
radio 13 45790
radio 13 46304
radio 13 46321
radio 13 46835
radio 13 46871
radio 13 47385
radio 13 47456
radio 13 47970
radio 13 47987
radio 13 48501
delay 16 24 13 48518 13 48819 7 14 7 0 54 0 0
radio 13 48526
radio 13 49040
radio 13 49149
radio 13 49663
radio 13 49707
radio 13 50220
radio 13 50292
radio 13 50806
radio 13 50854
radio 13 51368
radio 13 51385
radio 13 51899
radio 13 51916
radio 13 52430
radio 13 52479
radio 13 52993
radio 13 53029
radio 13 53543
radio 13 53560
radio 13 54074
radio 13 54102
radio 13 54616
radio 13 54633
radio 13 55147
radio 13 55164
radio 13 55678
radio 13 55706
radio 13 56220
radio 13 56270
radio 13 56784
radio 13 56814
radio 13 57328
radio 13 57361
radio 13 57875
radio 13 57943
radio 13 58457
radio 13 58474
radio 13 58988
radio 13 59005
radio 13 59519
radio 13 59536
radio 13 60050
radio 13 60067
radio 13 60581
radio 13 60598
radio 13 61112
radio 13 61143
radio 13 61657
radio 13 61674
radio 13 62188
radio 13 62243
radio 13 62757
radio 13 62774
radio 13 63288
radio 13 63317
radio 13 63831
radio 13 63848
radio 13 64362
radio 13 64390
radio 13 64904
radio 13 64921
radio 13 65435
radio 14 7
radio 14 520
radio 14 554
radio 14 1068
radio 14 1096
radio 14 1610
radio 14 1638
radio 14 2152
radio 14 2185
radio 14 2699
radio 14 2734
radio 14 3248
radio 14 3278
radio 14 3792
delay 17 43 14 3811 14 3444 7 14 7 0 149 0 0
radio 14 3819
radio 14 4333
radio 14 4406
radio 14 4920
radio 14 4946
radio 14 5459
radio 14 5508
radio 14 6022
radio 14 6052
radio 14 6566
radio 14 6583
radio 14 7097
radio 14 7132
radio 14 7646
radio 14 7718
radio 14 8232
radio 14 8249
radio 14 8763
radio 14 8795
radio 14 9309
radio 14 9326
radio 14 9840
radio 14 9872
radio 14 10386
radio 14 10435
radio 14 10949
radio 14 10966
radio 14 11480
radio 14 11497
radio 14 12011
radio 14 12040
radio 14 12554
radio 14 12586
radio 14 13100
radio 14 13171
radio 14 13685
radio 14 13740
radio 14 14254
radio 14 14323
radio 14 14837
radio 14 14867
radio 14 15381
radio 14 15411
radio 14 15925
radio 14 15942
radio 14 16456
radio 14 16529
radio 14 17043
radio 14 17078
radio 14 17592
radio 14 17624
radio 14 18138
radio 14 18206
radio 14 18720
radio 14 18755
radio 14 19269
radio 14 19286
radio 14 19800
radio 14 19830
radio 14 20344
radio 14 20361
radio 14 20875
radio 14 20926
radio 14 21440
radio 14 21457
radio 14 21971
radio 14 22001
radio 14 22515
radio 14 22549
radio 14 23063
radio 14 23080
radio 14 23594
radio 14 23644
radio 14 24158
delay 18 43 14 24365 14 23998 7 14 7 0 249 0 0
radio 14 24373
radio 14 24888
radio 14 24959
radio 14 25473
radio 14 25502
radio 14 26016
radio 14 26086
radio 14 26600
radio 14 26617
energy 14 26794 7 19951
radio 14 27131
radio 14 27148
radio 14 27662
radio 14 27692
radio 14 28206
radio 14 28223
radio 14 28737
radio 14 28789
radio 14 29303
radio 14 29357
radio 14 29871
radio 14 29947
radio 14 30461
radio 14 30478
radio 14 30992
radio 14 31023
radio 14 31537
radio 14 31570
radio 14 32084
radio 14 32117
radio 14 32631
radio 14 32648
radio 14 33162
radio 14 33214
radio 14 33728
radio 14 33759
radio 14 34273
radio 14 34363
radio 14 34877
radio 14 34894
radio 14 35408
radio 14 35425
radio 14 35939
radio 14 36032
radio 14 36546
radio 14 36563
radio 14 37077
radio 14 37186
radio 14 37700
radio 14 37729
radio 14 38243
radio 14 38278
radio 14 38792
radio 14 38809
radio 14 39323
radio 14 39372
radio 14 39886
radio 14 39920
radio 14 40434
radio 14 40463
radio 14 40977
radio 14 40994
radio 14 41508
radio 14 41525
radio 14 42039
radio 14 42056
radio 14 42570
radio 14 42587
radio 14 43101
radio 14 43157
radio 14 43671
radio 14 43688
radio 14 44202
delay 19 10 14 44219 14 44756 9 14 5 0 65535 0 0
radio 14 44227
radio 14 44742
radio 14 44791
radio 14 45305
radio 14 45374
radio 14 45887
radio 14 45920
radio 14 46434
radio 14 46466
radio 14 46980
radio 14 47037
radio 14 47551
radio 14 47580
radio 14 48094
radio 14 48124
radio 14 48638
radio 14 48655
radio 14 49169
radio 14 49242
radio 14 49756
radio 14 49773
radio 14 50287
radio 14 50322
radio 14 50836
radio 14 50873
radio 14 51387
radio 14 51436
radio 14 51950
radio 14 51967
radio 14 52481
radio 14 52517
radio 14 53031
radio 14 53062
radio 14 53576
radio 14 53645
radio 14 54159
radio 14 54188
radio 14 54702
radio 14 54737
radio 14 55251
radio 14 55302
radio 14 55816
radio 14 55833
radio 14 56347
radio 14 56364
radio 14 56878
radio 14 56895
radio 14 57409
radio 14 57443
radio 14 57957
radio 14 57974
radio 14 58488
radio 14 58505
radio 14 59019
radio 14 59048
radio 14 59562
radio 14 59612
radio 14 60126
radio 14 60155
radio 14 60669
radio 14 60717
radio 14 61231
radio 14 61248
radio 14 61762
radio 14 61818
radio 14 62332
radio 14 62363
radio 14 62877
radio 14 62894
radio 14 63408
radio 14 63442
radio 14 63956
radio 14 63973
radio 14 64487
radio 14 64515
radio 14 65029
delay 20 42 14 65049 14 64254 7 14 7 0 70 0 0
radio 14 65057
radio 15 36
radio 15 77
radio 15 590
radio 15 610
radio 15 1123
radio 15 1157
radio 15 1671
radio 15 1740
radio 15 2254
radio 15 2309
radio 15 2823
radio 15 2892
radio 15 3406
radio 15 3440
radio 15 3954
radio 15 3971
radio 15 4485
radio 15 4502
radio 15 5016
radio 15 5033
radio 15 5547
radio 15 5576
radio 15 6090
radio 15 6138
radio 15 6652
radio 15 6682
radio 15 7196
radio 15 7213
radio 15 7727
radio 15 7758
radio 15 8272
radio 15 8289
radio 15 8803
radio 15 8820
radio 15 9334
radio 15 9388
radio 15 9902
radio 15 9938
radio 15 10452
radio 15 10469
radio 15 10983
radio 15 11000
radio 15 11514
radio 15 11531
radio 15 12045
radio 15 12120
radio 15 12634
radio 15 12667
radio 15 13181
radio 15 13198
radio 15 13712
radio 15 13729
radio 15 14243
radio 15 14272
radio 15 14786
radio 15 14803
radio 15 15317
radio 15 15371
radio 15 15885
radio 15 15902
radio 15 16416
radio 15 16433
radio 15 16947
radio 15 16976
radio 15 17490
radio 15 17521
radio 15 18035
radio 15 18126
radio 15 18640
radio 15 18675
radio 15 19189
radio 15 19206
radio 15 19720
delay 21 3 15 19762 15 20565 7 14 7 0 75 0 0
radio 15 19770
radio 15 20284
radio 15 20305
radio 15 20819
radio 15 21273
radio 15 21786
radio 15 21803
radio 15 22317
radio 15 22353
energy 15 22698 7 23503
radio 15 22867
radio 15 22921
radio 15 23435
radio 15 23452
radio 15 23966
radio 15 24023
radio 15 24537
radio 15 24629
radio 15 25143
radio 15 25160
radio 15 25674
radio 15 25691
radio 15 26205
radio 15 26222
radio 15 26736
radio 15 26753
radio 15 27267
radio 15 27284
radio 15 27798
radio 15 27848
radio 15 28362
radio 15 28379
radio 15 28893
radio 15 28922
radio 15 29436
radio 15 29532
radio 15 30046
radio 15 30075
radio 15 30589
radio 15 30606
radio 15 31120
radio 15 31209
radio 15 31723
radio 15 31740
radio 15 32254
radio 15 32271
radio 15 32785
radio 15 32802
radio 15 33316
radio 15 33333
radio 15 33847
radio 15 33876
radio 15 34390
radio 15 34407
radio 15 34921
radio 15 34990
radio 15 35504
radio 15 35558
radio 15 36072
radio 15 36089
radio 15 36603
radio 15 36655
radio 15 37169
radio 15 37203
radio 15 37717
radio 15 37748
radio 15 38262
radio 15 38334
radio 15 38848
radio 15 38865
radio 15 39379
radio 15 39396
radio 15 39910
radio 15 39944
radio 15 40458
delay 22 43 15 40476 15 40109 7 14 7 0 53 0 0
radio 15 40483
radio 15 40998
radio 15 41074
radio 15 41588
radio 15 41609
radio 15 42122
radio 15 42139
radio 15 42653
radio 15 42670
radio 15 43184
radio 15 43217
radio 15 43731
radio 15 43780
radio 15 44294
radio 15 44323
radio 15 44837
radio 15 44854
radio 15 45368
radio 15 45385
radio 15 45899
radio 15 45916
radio 15 46430
radio 15 46459
radio 15 46973
radio 15 46990
radio 15 47504
radio 15 47521
radio 15 48035
radio 15 48087
radio 15 48601
radio 15 48634
radio 15 49148
radio 15 49165
radio 15 49679
radio 15 49707
radio 15 50221
radio 15 50256
radio 15 50770
radio 15 50819
radio 15 51333
radio 15 51363
radio 15 51877
radio 15 51908
radio 15 52422
radio 15 52439
radio 15 52953
radio 15 53007
radio 15 53521
radio 15 53538
radio 15 54052
radio 15 54082
radio 15 54596
radio 15 54613
radio 15 55127
radio 15 55158
radio 15 55672
radio 15 55728
radio 15 56242
radio 15 56277
radio 15 56791
radio 15 56824
radio 15 57338
radio 15 57367
radio 15 57881
radio 15 57898
radio 15 58412
radio 15 58469
radio 15 58983
radio 15 59000
radio 15 59514
radio 15 59531
radio 15 60045
radio 15 60080
radio 15 60594
delay 23 1 15 60712 15 61589 7 14 7 0 108 0 0
radio 15 60720
radio 15 61234
radio 15 61257
radio 15 61770
radio 15 61841
radio 15 62354
radio 15 62454
radio 15 62968
radio 15 62985
radio 15 63499
radio 15 63516
radio 15 64030
radio 15 64047
radio 15 64561
radio 15 64591
radio 15 65105
radio 15 65122
radio 16 100
radio 16 117
radio 16 630
radio 16 661
radio 16 1175
radio 16 1192
radio 16 1706
radio 16 1742
radio 16 2256
radio 16 2273
radio 16 2787
radio 16 2804
radio 16 3318
radio 16 3351
radio 16 3865
radio 16 3900
radio 16 4414
radio 16 4466
radio 16 4980
radio 16 5015
radio 16 5529
radio 16 5546
radio 16 6060
radio 16 6131
radio 16 6645
radio 16 6680
radio 16 7194
radio 16 7211
radio 16 7725
radio 16 7762
radio 16 8276
radio 16 8307
radio 16 8821
radio 16 8871
radio 16 9385
radio 16 9402
radio 16 9916
radio 16 9951
radio 16 10465
radio 16 10499
radio 16 11013
radio 16 11065
radio 16 11579
radio 16 11614
radio 16 12128
radio 16 12145
radio 16 12659
radio 16 12690
radio 16 13204
radio 16 13275
radio 16 13789
radio 16 13821
radio 16 14335
radio 16 14352
radio 16 14866
radio 16 14883
radio 16 15397
radio 16 15414
radio 16 15928
delay 24 43 16 16027 16 15661 7 14 7 0 88 0 0
radio 16 16035
radio 16 16550
radio 16 16737
radio 16 17251
radio 16 17268
radio 16 17782
radio 16 17799
radio 16 18313
radio 16 18344
energy 16 18602 7 26787
radio 16 18858
radio 16 18933
radio 16 19447
radio 16 19477
radio 16 19991
radio 16 20019
radio 16 20533
radio 16 20550
radio 16 21064
radio 16 21081
radio 16 21595
radio 16 21650
radio 16 22164
radio 16 22193
radio 16 22707
radio 16 22724
radio 16 23238
radio 16 23268
radio 16 23782
radio 16 23799
radio 16 24313
radio 16 24343
radio 16 24857
radio 16 24874
radio 16 25388
radio 16 25439
radio 16 25953
radio 16 25970
radio 16 26484
radio 16 26501
radio 16 27015
radio 16 27110
radio 16 27624
radio 16 27716
radio 16 28230
radio 16 28247
radio 16 28761
radio 16 28832
radio 16 29346
radio 16 29378
radio 16 29892
radio 16 29944
radio 16 30458
radio 16 30492
radio 16 31006
radio 16 31038
radio 16 31552
radio 16 31620
radio 16 32134
radio 16 32151
radio 16 32665
radio 16 32693
radio 16 33207
radio 16 33224
radio 16 33738
radio 16 33770
radio 16 34284
radio 16 34301
radio 16 34815
radio 16 34868
radio 16 35382
radio 16 35399
radio 16 35913
radio 16 35947
radio 16 36461
delay 25 43 16 36512 16 36146 7 14 7 0 486 0 0
radio 16 36520
radio 16 37035
radio 16 37081
radio 16 37595
radio 16 37610
radio 16 38124
radio 16 38141
radio 16 38655
radio 16 38683
radio 16 39197
radio 16 39228
radio 16 39742
radio 16 39791
radio 16 40305
radio 16 40339
radio 16 40853
radio 16 40882
radio 16 41396
radio 16 41428
radio 16 41942
radio 16 41959
radio 16 42473
radio 16 42490
radio 16 43004
radio 16 43075
radio 16 43589
radio 16 43623
radio 16 44137
radio 16 44208
radio 16 44722
radio 16 44739
radio 16 45253
radio 16 45270
radio 16 45784
radio 16 45813
radio 16 46327
radio 16 46362
radio 16 46876
radio 16 46909
radio 16 47423
radio 16 47440
radio 16 47954
radio 16 47971
radio 16 48485
radio 16 48519
radio 16 49033
radio 16 49050
radio 16 49564
radio 16 49594
radio 16 50108
radio 16 50184
radio 16 50698
radio 16 50715
radio 16 51229
radio 16 51246
radio 16 51760
radio 16 51777
radio 16 52291
radio 16 52320
radio 16 52834
radio 16 52851
radio 16 53365
radio 16 53434
radio 16 53948
radio 16 53983
radio 16 54497
radio 16 54528
radio 16 55042
radio 16 55115
radio 16 55629
radio 16 55661
radio 16 56175
radio 16 56266
radio 16 56780
delay 26 43 16 56795 16 56429 7 14 7 0 266 0 0
radio 16 56803
radio 16 57317
radio 16 57337
radio 16 57851
radio 16 57904
radio 16 58418
radio 16 58471
radio 16 58985
radio 16 59014
radio 16 59528
radio 16 59563
radio 16 60077
radio 16 60094
radio 16 60608
radio 16 60664
radio 16 61178
radio 16 61212
radio 16 61726
radio 16 61743
radio 16 62257
radio 16 62286
radio 16 62800
radio 16 62817
radio 16 63331
radio 16 63383
radio 16 63897
radio 16 63914
radio 16 64428
radio 16 64445
radio 16 64959
radio 16 64976
radio 16 65490
radio 16 65507
radio 17 485
radio 17 502
radio 17 1016
radio 17 1033
radio 17 1547
radio 17 1564
radio 17 2078
radio 17 2095
radio 17 2609
radio 17 2626
radio 17 3140
radio 17 3157
radio 17 3671
radio 17 3688
radio 17 4202
radio 17 4251
radio 17 4765
radio 17 4795
radio 17 5309
radio 17 5326
radio 17 5840
radio 17 5857
radio 17 6371
radio 17 6388
radio 17 6902
radio 17 6919
radio 17 7433
radio 17 7450
radio 17 7964
radio 17 8033
radio 17 8547
radio 17 8581
radio 17 9095
radio 17 9127
radio 17 9641
radio 17 9658
radio 17 10172
radio 17 10224
radio 17 10738
radio 17 10755
radio 17 11269
radio 17 11286
radio 17 11800
delay 27 43 17 11869 17 11503 7 14 7 0 431 0 0
radio 17 11877
radio 17 12391
radio 17 12516
radio 17 13030
radio 17 13046
radio 17 13559
radio 17 13593
radio 17 14107
radio 17 14124
energy 17 14506 7 29862
radio 17 14638
radio 17 14655
radio 17 15169
radio 17 15198
radio 17 15712
radio 17 15742
radio 17 16256
radio 17 16287
radio 17 16801
radio 17 16836
radio 17 17350
radio 17 17381
radio 17 17895
radio 17 17927
radio 17 18441
radio 17 18458
radio 17 18972
radio 17 18989
radio 17 19503
radio 17 19554
radio 17 20068
radio 17 20085
radio 17 20599
radio 17 20616
radio 17 21130
radio 17 21147
radio 17 21661
radio 17 21678
radio 17 22192
radio 17 22222
radio 17 22736
radio 17 22804
radio 17 23318
radio 17 23354
radio 17 23868
radio 17 23921
radio 17 24435
radio 17 24503
radio 17 25017
radio 17 25034
radio 17 25548
radio 17 25565
radio 17 26079
radio 17 26096
radio 17 26610
radio 17 26627
radio 17 27141
radio 17 27177
radio 17 27691
radio 17 27746
radio 17 28260
radio 17 28290
radio 17 28804
radio 17 28821
radio 17 29335
radio 17 29364
radio 17 29878
radio 17 29951
radio 17 30465
radio 17 30482
radio 17 30996
radio 17 31030
radio 17 31544
radio 17 31561
radio 17 32075
radio 17 32170
radio 17 32684
delay 28 42 17 33052 17 32257 7 14 7 0 564 0 0
radio 17 33060
radio 17 33574
radio 17 33655
radio 17 34169
radio 17 34186
radio 17 34700
radio 17 34776
radio 17 35290
radio 17 35319
radio 17 35833
radio 17 35850
radio 17 36364
radio 17 36381
radio 17 36895
radio 17 36912
radio 17 37426
radio 17 37443
radio 17 37957
radio 17 37994
radio 17 38508
radio 17 38544
radio 17 39058
radio 17 39088
radio 17 39602
radio 17 39619
radio 17 40133
radio 17 40164
radio 17 40678
radio 17 40695
radio 17 41209
radio 17 41263
radio 17 41777
radio 17 41805
radio 17 42319
radio 17 42336
radio 17 42850
radio 17 42879
radio 17 43393
radio 17 43422
radio 17 43936
radio 17 43969
radio 17 44483
radio 17 44513
radio 17 45027
radio 17 45044
radio 17 45558
radio 17 45575
radio 17 46089
radio 17 46106
radio 17 46620
radio 17 46637
radio 17 47151
radio 17 47168
radio 17 47682
radio 17 47699
radio 17 48213
radio 17 48230
radio 17 48744
radio 17 48761
radio 17 49275
radio 17 49351
radio 17 49865
radio 17 49882
radio 17 50396
radio 17 50413
radio 17 50927
radio 17 50944
radio 17 51458
radio 17 51493
radio 17 52007
radio 17 52042
radio 17 52556
delay 29 43 17 52573 17 52207 7 14 7 0 75 0 0
radio 17 52580
radio 17 53095
radio 17 53110
radio 17 53624
radio 17 53696
radio 17 54210
radio 17 54264
radio 17 54778
radio 17 54795
radio 17 55309
radio 17 55339
radio 17 55853
radio 17 55870
