Thread[Thread-1,5,main]tree 1000 16 43 11 0 0
radio 7 9379
radio 7 9382
radio 7 9399
radio 7 9913
radio 7 9945
radio 7 10459
radio 7 10530
radio 7 11044
radio 7 11061
radio 7 11575
radio 7 11610
radio 7 12124
radio 7 12141
radio 7 12655
radio 7 12672
radio 7 13186
radio 7 13217
radio 7 13731
radio 7 13748
radio 7 14262
radio 7 14279
radio 7 14793
radio 7 14822
radio 7 15336
radio 7 15353
radio 7 15867
radio 7 15884
radio 7 16398
radio 7 16451
radio 7 16965
radio 7 16995
radio 7 17509
radio 7 17538
radio 7 18052
radio 7 18120
radio 7 18634
radio 7 18664
radio 7 19178
radio 7 19210
radio 7 19724
radio 7 19756
radio 7 20270
radio 7 20324
radio 7 20838
radio 7 20868
radio 7 21382
radio 7 21412
radio 7 21926
radio 7 21956
radio 7 22470
radio 7 22487
radio 7 23001
radio 7 23049
radio 7 23563
radio 7 23599
radio 7 24113
radio 7 24130
radio 7 24644
radio 7 24675
radio 7 25189
radio 7 25224
radio 7 25738
radio 7 25766
radio 7 26280
radio 7 26297
radio 7 26811
radio 7 26847
radio 7 27361
radio 7 27396
radio 7 27910
radio 7 27927
radio 7 28441
radio 7 28472
radio 7 28986
radio 7 29017
radio 7 29531
radio 7 29548
radio 7 30062
radio 7 30097
radio 7 30611
radio 7 30628
radio 7 31142
radio 7 31175
radio 7 31689
radio 7 31706
radio 7 32220
radio 7 32271
radio 7 32785
radio 7 32817
radio 7 33331
radio 7 33366
radio 7 33880
radio 7 33911
radio 7 34425
radio 7 34442
radio 7 34956
radio 7 34973
radio 7 35487
radio 7 35536
radio 7 36050
radio 7 36067
radio 7 36581
radio 7 36617
radio 7 37131
radio 7 37148
radio 7 37662
radio 7 37690
radio 7 38204
radio 7 38221
radio 7 38735
radio 7 38789
radio 7 39303
radio 7 39332
radio 7 39846
radio 7 39902
radio 7 40416
radio 7 40466
radio 7 40980
radio 7 40997
radio 7 41511
radio 7 41528
radio 7 42042
radio 7 42059
radio 7 42573
radio 7 42604
radio 7 43118
radio 7 43135
radio 7 43649
radio 7 43666
radio 7 44179
radio 7 44196
radio 7 44710
radio 7 44746
radio 7 45260
radio 7 45277
radio 7 45791
radio 7 45822
radio 7 46336
radio 7 46353
radio 7 46867
radio 7 46884
radio 7 47398
radio 7 47415
radio 7 47929
radio 7 48003
radio 7 48517
radio 7 48554
radio 7 49068
radio 7 49096
radio 7 49610
radio 7 49627
radio 7 50141
radio 7 50174
radio 7 50688
radio 7 50738
radio 7 51252
radio 7 51269
radio 7 51783
radio 7 51800
radio 7 52314
radio 7 52343
radio 7 52857
radio 7 52874
radio 7 53387
radio 7 53415
radio 7 53929
radio 7 53946
radio 7 54460
radio 7 54477
radio 7 54991
radio 7 55022
radio 7 55536
radio 7 55570
radio 7 56084
radio 7 56115
radio 7 56629
radio 7 56659
radio 7 57173
radio 7 57190
radio 7 57704
radio 7 57721
radio 7 58235
radio 7 58252
radio 7 58766
radio 7 58815
radio 7 59329
radio 7 59400
radio 7 59914
radio 7 59970
radio 7 60484
radio 7 60517
radio 7 61031
radio 7 61048
radio 7 61562
radio 7 61579
radio 7 62093
radio 7 62110
radio 7 62624
radio 7 62641
radio 7 63155
radio 7 63172
radio 7 63686
radio 7 63734
radio 7 64248
radio 7 64279
radio 7 64793
radio 7 64846
radio 7 65360
radio 7 65454
radio 8 432
radio 8 449
radio 8 962
radio 8 979
radio 8 1492
radio 8 1548
radio 8 2062
radio 8 2090
radio 8 2604
radio 8 2621
radio 8 3134
radio 8 3163
radio 8 3677
radio 8 3708
radio 8 4222
radio 8 4239
radio 8 4752
radio 8 4803
energy 8 5294 7 12079
radio 8 5317
radio 8 5334
radio 8 5847
radio 8 5864
radio 8 6377
radio 8 6448
radio 8 6962
radio 8 7018
radio 8 7532
radio 8 7561
radio 8 8075
radio 8 8092
radio 8 8605
radio 8 8639
radio 8 9153
radio 8 9170
radio 8 9683
radio 8 9700
radio 8 10213
radio 8 10248
radio 8 10762
radio 8 10779
radio 8 11293
radio 8 11328
radio 8 11842
radio 8 11878
radio 8 12392
radio 8 12409
radio 8 12923
radio 8 12940
radio 8 13454
radio 8 13509
radio 8 14023
radio 8 14052
radio 8 14566
radio 8 14583
radio 8 15097
radio 8 15130
radio 8 15644
radio 8 15673
radio 8 16187
radio 8 16204
radio 8 16718
radio 8 16768
radio 8 17282
radio 8 17313
radio 8 17827
radio 8 17855
radio 8 18369
radio 8 18479
radio 8 18993
radio 8 19024
radio 8 19538
radio 8 19592
radio 8 20106
radio 8 20138
radio 8 20652
radio 8 20669
radio 8 21183
radio 8 21200
radio 8 21714
radio 8 21742
radio 8 22256
radio 8 22287
radio 8 22801
radio 8 22852
radio 8 23366
radio 8 23383
radio 8 23897
radio 8 23925
radio 8 24439
radio 8 24456
radio 8 24970
radio 8 24987
radio 8 25501
radio 8 25518
radio 8 26032
radio 8 26049
radio 8 26563
radio 8 26580
radio 8 27094
radio 8 27144
radio 8 27658
radio 8 27689
radio 8 28203
radio 8 28235
radio 8 28749
radio 8 28766
radio 8 29280
radio 8 29310
radio 8 29824
radio 8 29857
radio 8 30371
radio 8 30407
radio 8 30921
radio 8 30953
radio 8 31467
radio 8 31484
radio 8 31998
radio 8 32034
radio 8 32548
radio 8 32624
radio 8 33138
radio 8 33155
radio 8 33669
radio 8 33686
radio 8 34200
radio 8 34217
radio 8 34731
radio 8 34748
radio 8 35261
radio 8 35289
radio 8 35803
radio 8 35852
radio 8 36366
radio 8 36383
radio 8 36897
radio 8 36928
radio 8 37442
radio 8 37474
radio 8 37988
radio 8 38038
radio 8 38552
radio 8 38580
radio 8 39094
radio 8 39127
radio 8 39641
radio 8 39658
radio 8 40172
radio 8 40203
radio 8 40717
radio 8 40734
radio 8 41248
radio 8 41265
radio 8 41779
radio 8 41812
radio 8 42326
radio 8 42375
radio 8 42889
radio 8 42919
radio 8 43433
radio 8 43463
radio 8 43977
radio 8 43994
radio 8 44508
radio 8 44556
radio 8 45070
radio 8 45101
radio 8 45615
radio 8 45643
radio 8 46157
radio 8 46193
radio 8 46707
radio 8 46756
radio 8 47270
radio 8 47302
radio 8 47816
radio 8 47846
radio 8 48360
radio 8 48388
radio 8 48902
delay 0 40 8 48984 8 48153 14 13 65535 0 72 0 0
radio 8 48992
radio 8 49507
radio 8 49608
radio 8 50121
radio 8 50138
radio 8 50652
radio 8 50669
radio 8 51183
radio 8 51254
radio 8 51768
radio 8 51800
radio 8 52314
radio 8 52347
radio 8 52861
radio 8 52878
radio 8 53392
radio 8 53409
radio 8 53922
radio 8 53939
radio 8 54453
radio 8 54470
radio 8 54984
radio 8 55001
radio 8 55515
radio 8 55588
radio 8 56102
radio 8 56136
radio 8 56650
radio 8 56667
radio 8 57180
radio 8 57197
radio 8 57711
radio 8 57759
radio 8 58273
radio 8 58302
radio 8 58816
radio 8 58844
radio 8 59358
radio 8 59375
radio 8 59889
radio 8 59918
radio 8 60432
radio 8 60528
radio 8 61042
radio 8 61154
radio 8 61668
radio 8 61685
radio 8 62199
radio 8 62292
radio 8 62806
radio 8 62823
radio 8 63336
radio 8 63353
radio 8 63867
radio 8 63898
radio 8 64412
radio 8 64441
radio 8 64955
radio 8 64986
radio 8 65500
radio 8 65531
radio 9 509
radio 9 538
radio 9 1051
radio 9 1087
energy 9 1198 7 15123
radio 9 1601
radio 9 1630
radio 9 2144
radio 9 2176
radio 9 2690
radio 9 2719
radio 9 3233
radio 9 3261
radio 9 3775
radio 9 3792
radio 9 4305
delay 1 49 9 4428 9 2940 9 13 4 0 146 0 0
radio 9 4435
radio 9 4950
radio 9 5052
radio 9 5566
radio 9 5583
radio 9 6096
radio 9 6124
radio 9 6638
radio 9 6655
radio 9 7168
radio 9 7185
radio 9 7698
radio 9 7750
radio 9 8264
radio 9 8294
radio 9 8808
radio 9 8844
radio 9 9358
radio 9 9391
radio 9 9905
radio 9 9956
radio 9 10470
radio 9 10504
radio 9 11018
radio 9 11035
radio 9 11549
radio 9 11566
radio 9 12080
radio 9 12113
radio 9 12627
radio 9 12662
radio 9 13176
radio 9 13213
radio 9 13727
radio 9 13756
radio 9 14270
radio 9 14287
radio 9 14800
radio 9 14817
radio 9 15331
radio 9 15359
radio 9 15873
radio 9 15928
radio 9 16442
radio 9 16459
radio 9 16973
radio 9 17002
radio 9 17516
radio 9 17533
radio 9 18047
radio 9 18078
radio 9 18592
radio 9 18609
radio 9 19122
radio 9 19139
radio 9 19653
radio 9 19688
radio 9 20202
radio 9 20230
radio 9 20744
radio 9 20761
radio 9 21275
radio 9 21309
radio 9 21823
radio 9 21854
radio 9 22368
radio 9 22385
radio 9 22899
radio 9 22951
radio 9 23465
radio 9 23482
radio 9 23996
radio 9 24030
radio 9 24544
delay 2 26 9 24644 9 23840 14 13 65535 0 55 1 0
radio 9 25720
radio 9 26234
radio 9 26270
radio 9 26784
radio 9 26837
radio 9 27351
radio 9 27384
radio 9 27898
radio 9 27915
radio 9 28429
radio 9 28446
radio 9 28960
radio 9 28977
radio 9 29491
radio 9 29526
radio 9 30040
radio 9 30088
radio 9 30602
radio 9 30619
radio 9 31133
radio 9 31181
radio 9 31695
radio 9 31727
radio 9 32241
radio 9 32271
radio 9 32785
radio 9 32815
radio 9 33329
radio 9 33364
radio 9 33878
radio 9 33895
radio 9 34409
radio 9 34426
radio 9 34939
radio 9 35011
radio 9 35525
radio 9 35542
radio 9 36056
radio 9 36073
radio 9 36586
radio 9 36678
radio 9 37192
radio 9 37209
radio 9 37723
radio 9 37754
radio 9 38268
radio 9 38318
radio 9 38832
radio 9 38849
radio 9 39362
radio 9 39379
radio 9 39893
radio 9 39926
radio 9 40440
radio 9 40469
radio 9 40983
radio 9 41018
radio 9 41532
radio 9 41549
radio 9 42063
radio 9 42093
radio 9 42607
radio 9 42624
radio 9 43138
radio 9 43193
radio 9 43707
radio 9 43724
radio 9 44238
radio 9 44255
radio 9 44769
radio 9 44786
radio 9 45300
delay 3 49 9 45317 9 43828 9 13 4 0 468 0 0
radio 9 45324
radio 9 45838
radio 9 45857
radio 9 46370
radio 9 46465
radio 9 46979
radio 9 46996
radio 9 47510
radio 9 47545
radio 9 48059
radio 9 48076
radio 9 48590
radio 9 48607
radio 9 49121
radio 9 49174
radio 9 49688
radio 9 49705
radio 9 50219
radio 9 50236
radio 9 50750
radio 9 50767
radio 9 51281
radio 9 51298
radio 9 51812
radio 9 51840
radio 9 52354
radio 9 52408
radio 9 52922
radio 9 52939
radio 9 53452
radio 9 53469
radio 9 53983
radio 9 54000
radio 9 54514
radio 9 54531
radio 9 55045
radio 9 55073
radio 9 55587
radio 9 55604
radio 9 56118
radio 9 56135
radio 9 56649
radio 9 56843
radio 9 57357
radio 9 57409
radio 9 57923
radio 9 58031
radio 9 58545
radio 9 58594
radio 9 59108
radio 9 59125
radio 9 59639
radio 9 59656
radio 9 60170
radio 9 60200
radio 9 60714
radio 9 60750
radio 9 61264
radio 9 61281
radio 9 61795
radio 9 61812
radio 9 62326
radio 9 62379
energy 9 62638 7 19195
radio 9 62893
radio 9 62910
radio 9 63423
radio 9 63440
radio 9 63954
radio 9 63985
radio 9 64499
radio 9 64527
radio 9 65041
radio 9 65075
radio 10 53
delay 4 18 10 99 9 65254 7 13 6 0 138 0 0
radio 10 106
radio 10 620
radio 10 661
radio 10 1174
radio 10 1190
radio 10 1703
radio 10 1720
radio 10 2234
radio 10 2284
radio 10 2798
radio 10 2826
radio 10 3340
radio 10 3372
radio 10 3886
radio 10 3903
radio 10 4416
radio 10 4433
radio 10 4947
radio 10 4977
radio 10 5491
radio 10 5508
radio 10 6022
radio 10 6071
radio 10 6585
radio 10 6602
radio 10 7116
radio 10 7133
radio 10 7646
radio 10 7696
radio 10 8210
radio 10 8240
radio 10 8754
radio 10 8784
radio 10 9298
radio 10 9315
radio 10 9828
radio 10 9862
radio 10 10376
radio 10 10425
radio 10 10939
radio 10 10995
radio 10 11509
radio 10 11526
radio 10 12040
radio 10 12070
radio 10 12584
radio 10 12619
radio 10 13133
radio 10 13161
radio 10 13675
radio 10 13746
radio 10 14260
radio 10 14277
radio 10 14791
radio 10 14820
radio 10 15334
radio 10 15351
radio 10 15865
radio 10 15898
radio 10 16412
radio 10 16440
radio 10 16954
radio 10 17050
radio 10 17564
radio 10 17613
radio 10 18127
radio 10 18161
radio 10 18675
radio 10 18703
radio 10 19217
radio 10 19234
radio 10 19748
radio 10 19804
radio 10 20318
delay 5 15 10 20339 10 20141 14 13 65535 0 146 0 0
radio 10 20348
radio 10 20862
radio 10 20902
radio 10 21415
radio 10 21432
radio 10 21946
radio 10 21963
radio 10 22477
radio 10 22529
radio 10 23043
radio 10 23078
radio 10 23592
radio 10 23609
radio 10 24123
radio 10 24140
radio 10 24654
radio 10 24671
radio 10 25185
radio 10 25213
radio 10 25727
radio 10 25781
radio 10 26295
radio 10 26312
radio 10 26826
radio 10 26856
radio 10 27370
radio 10 27387
radio 10 27901
radio 10 27918
radio 10 28432
radio 10 28449
radio 10 28963
radio 10 28992
radio 10 29506
radio 10 29554
radio 10 30068
radio 10 30097
radio 10 30611
radio 10 30628
radio 10 31142
radio 10 31159
radio 10 31673
radio 10 31703
radio 10 32217
radio 10 32246
radio 10 32760
radio 10 32812
radio 10 33326
radio 10 33343
radio 10 33857
radio 10 33886
radio 10 34400
radio 10 34417
radio 10 34931
radio 10 34964
radio 10 35478
radio 10 35495
radio 10 36009
radio 10 36062
radio 10 36576
radio 10 36610
radio 10 37124
radio 10 37141
radio 10 37655
radio 10 37672
radio 10 38186
radio 10 38203
radio 10 38717
radio 10 38734
radio 10 39248
radio 10 39265
radio 10 39779
radio 10 39796
radio 10 40310
radio 10 40327
radio 10 40841
radio 10 40872
radio 10 41386
delay 6 49 10 41540 10 40051 9 13 4 0 294 0 0
radio 10 41548
radio 10 42063
radio 10 42084
radio 10 42597
radio 10 42630
radio 10 43144
radio 10 43199
radio 10 43713
radio 10 43730
radio 10 44244
radio 10 44261
radio 10 44775
radio 10 44792
radio 10 45306
radio 10 45323
radio 10 45837
radio 10 45866
radio 10 46380
radio 10 46397
radio 10 46911
radio 10 46961
radio 10 47475
radio 10 47509
radio 10 48023
radio 10 48055
radio 10 48569
radio 10 48599
radio 10 49113
radio 10 49130
radio 10 49644
radio 10 49680
radio 10 50194
radio 10 50224
radio 10 50738
radio 10 50755
radio 10 51269
radio 10 51298
radio 10 51812
radio 10 51829
radio 10 52343
radio 10 52360
radio 10 52874
radio 10 52891
radio 10 53405
radio 10 53481
radio 10 53995
radio 10 54110
radio 10 54624
radio 10 54641
radio 10 55155
radio 10 55172
radio 10 55686
radio 10 55716
radio 10 56230
radio 10 56247
radio 10 56761
radio 10 56778
radio 10 57292
radio 10 57309
radio 10 57823
radio 10 57876
radio 10 58390
radio 10 58407
energy 10 58542 7 21997
radio 10 58921
radio 10 58938
radio 10 59452
radio 10 59469
radio 10 59983
radio 10 60012
radio 10 60526
radio 10 60555
radio 10 61069
radio 10 61118
radio 10 61632
delay 7 24 10 61676 10 61415 7 13 6 0 214 0 0
radio 10 61684
radio 10 62198
radio 10 62213
radio 10 62727
radio 10 62806
radio 10 63320
radio 10 63354
radio 10 63868
radio 10 63885
radio 10 64399
radio 10 64416
radio 10 64930
radio 10 64947
radio 10 65461
radio 10 65478
radio 11 456
radio 11 473
radio 11 986
radio 11 1036
radio 11 1550
radio 11 1581
radio 11 2095
radio 11 2125
radio 11 2639
radio 11 2656
radio 11 3170
radio 11 3187
radio 11 3701
radio 11 3730
radio 11 4244
radio 11 4277
radio 11 4791
radio 11 4822
radio 11 5336
radio 11 5367
radio 11 5881
radio 11 5912
radio 11 6426
radio 11 6443
radio 11 6957
radio 11 6974
radio 11 7488
radio 11 7505
radio 11 8019
radio 11 8052
radio 11 8566
radio 11 8595
radio 11 9109
radio 11 9144
radio 11 9658
radio 11 9675
radio 11 10189
radio 11 10206
radio 11 10720
radio 11 10737
radio 11 11251
radio 11 11282
radio 11 11796
radio 11 11847
radio 11 12361
radio 11 12378
radio 11 12892
radio 11 12909
radio 11 13423
radio 11 13452
radio 11 13966
radio 11 13983
radio 11 14497
radio 11 14514
radio 11 15028
radio 11 15045
radio 11 15559
radio 11 15576
radio 11 16090
radio 11 16145
radio 11 16659
delay 8 49 11 16706 11 15216 9 13 4 0 31 1 0
radio 11 17777
radio 11 18291
radio 11 18341
radio 11 18855
radio 11 18872
radio 11 19386
radio 11 19403
radio 11 19917
radio 11 19934
radio 11 20448
radio 11 20480
radio 11 20994
radio 11 21011
radio 11 21525
radio 11 21542
radio 11 22056
radio 11 22073
radio 11 22587
radio 11 22635
radio 11 23149
radio 11 23184
radio 11 23698
radio 11 23727
radio 11 24241
radio 11 24269
radio 11 24783
radio 11 24831
radio 11 25345
radio 11 25362
radio 11 25876
radio 11 25907
radio 11 26421
radio 11 26471
radio 11 26985
radio 11 27002
radio 11 27516
radio 11 27569
radio 11 28083
radio 11 28114
radio 11 28628
radio 11 28658
radio 11 29172
radio 11 29189
radio 11 29703
radio 11 29720
radio 11 30234
radio 11 30251
radio 11 30765
radio 11 30782
radio 11 31296
radio 11 31349
radio 11 31863
radio 11 31880
radio 11 32394
radio 11 32411
radio 11 32925
radio 11 32957
radio 11 33471
radio 11 33488
radio 11 34002
radio 11 34019
radio 11 34533
radio 11 34550
radio 11 35064
radio 11 35081
radio 11 35595
radio 11 35645
radio 11 36159
radio 11 36176
radio 11 36690
delay 9 49 11 36712 11 35222 9 13 4 0 61 0 0
radio 11 36720
radio 11 37234
radio 11 37388
radio 11 37901
radio 11 37958
radio 11 38472
radio 11 38507
radio 11 39021
radio 11 39053
radio 11 39567
radio 11 39584
radio 11 40098
radio 11 40174
radio 11 40688
radio 11 40705
radio 11 41219
radio 11 41236
radio 11 41750
radio 11 41778
radio 11 42292
radio 11 42323
radio 11 42837
radio 11 42866
radio 11 43380
radio 11 43416
radio 11 43930
radio 11 43959
radio 11 44473
radio 11 44490
radio 11 45004
radio 11 45034
radio 11 45548
radio 11 45565
radio 11 46079
radio 11 46130
radio 11 46644
radio 11 46661
radio 11 47175
radio 11 47192
radio 11 47706
radio 11 47740
radio 11 48254
radio 11 48271
radio 11 48785
radio 11 48901
radio 11 49415
radio 11 49445
radio 11 49959
radio 11 50028
radio 11 50542
radio 11 50574
radio 11 51088
radio 11 51105
radio 11 51619
radio 11 51636
radio 11 52150
radio 11 52167
radio 11 52681
radio 11 52732
radio 11 53246
radio 11 53277
radio 11 53791
radio 11 53808
radio 11 54322
radio 11 54339
energy 11 54446 7 25742
radio 11 54853
radio 11 54870
radio 11 55384
radio 11 55401
radio 11 55915
radio 11 55946
radio 11 56460
radio 11 56513
radio 11 57027
radio 11 57044
radio 11 57558
delay 10 27 11 57781 11 57013 12 13 1 0 319 0 0
radio 11 57789
radio 11 58303
radio 11 58401
radio 11 58914
radio 11 58949
radio 11 59463
radio 11 59480
radio 11 59994
radio 11 60011
radio 11 60525
radio 11 60560
radio 11 61074
radio 11 61091
radio 11 61605
radio 11 61656
radio 11 62170
radio 11 62187
radio 11 62701
radio 11 62718
radio 11 63232
radio 11 63262
radio 11 63776
radio 11 63793
radio 11 64307
radio 11 64335
radio 11 64849
radio 11 64902
radio 11 65416
radio 11 65464
radio 12 442
radio 12 470
radio 12 984
radio 12 1001
radio 12 1515
radio 12 1532
radio 12 2045
radio 12 2097
radio 12 2611
radio 12 2646
radio 12 3160
radio 12 3177
radio 12 3691
radio 12 3727
radio 12 4241
radio 12 4293
radio 12 4807
radio 12 4824
radio 12 5338
radio 12 5368
radio 12 5882
radio 12 5899
radio 12 6412
radio 12 6429
radio 12 6943
radio 12 6978
radio 12 7492
radio 12 7509
radio 12 8023
radio 12 8054
radio 12 8568
radio 12 8585
radio 12 9099
radio 12 9148
radio 12 9662
radio 12 9679
radio 12 10192
radio 12 10221
radio 12 10735
radio 12 10752
radio 12 11266
radio 12 11316
radio 12 11830
radio 12 11859
radio 12 12373
delay 11 42 12 12390 12 11029 7 13 6 0 17 1 0
radio 12 13466
radio 12 13980
radio 12 14013
radio 12 14527
radio 12 14576
radio 12 15090
radio 12 15126
radio 12 15640
radio 12 15657
radio 12 16171
radio 12 16188
radio 12 16702
radio 12 16719
radio 12 17233
radio 12 17250
radio 12 17764
radio 12 17815
radio 12 18329
radio 12 18359
radio 12 18873
radio 12 18906
radio 12 19420
radio 12 19449
radio 12 19963
radio 12 20016
radio 12 20530
radio 12 20547
radio 12 21061
radio 12 21094
radio 12 21608
radio 12 21644
radio 12 22158
radio 12 22189
radio 12 22703
radio 12 22755
radio 12 23269
radio 12 23286
radio 12 23800
radio 12 23834
radio 12 24348
radio 12 24365
radio 12 24879
radio 12 24909
radio 12 25423
radio 12 25475
radio 12 25989
radio 12 26006
radio 12 26520
radio 12 26555
radio 12 27069
radio 12 27086
radio 12 27600
radio 12 27617
radio 12 28131
radio 12 28167
radio 12 28681
radio 12 28712
radio 12 29226
radio 12 29261
radio 12 29775
radio 12 29803
radio 12 30317
radio 12 30350
radio 12 30864
radio 12 30896
radio 12 31410
radio 12 31458
radio 12 31972
radio 12 32003
radio 12 32517
radio 12 32534
radio 12 33048
delay 12 3 12 33117 12 33355 7 13 6 0 164 0 0
radio 12 33125
radio 12 33639
radio 12 33814
radio 12 34327
radio 12 34344
radio 12 34858
radio 12 34910
radio 12 35424
radio 12 35441
radio 12 35955
radio 12 35986
radio 12 36500
radio 12 36530
radio 12 37044
radio 12 37074
radio 12 37588
radio 12 37605
radio 12 38119
radio 12 38169
radio 12 38683
radio 12 38700
radio 12 39214
radio 12 39249
radio 12 39763
radio 12 39792
radio 12 40306
radio 12 40361
radio 12 40875
radio 12 40908
radio 12 41422
radio 12 41439
radio 12 41953
radio 12 41970
radio 12 42484
radio 12 42501
radio 12 43015
radio 12 43032
radio 12 43546
radio 12 43574
radio 12 44088
radio 12 44163
radio 12 44677
radio 12 44708
radio 12 45222
radio 12 45239
radio 12 45753
radio 12 45770
radio 12 46284
radio 12 46301
radio 12 46815
radio 12 46832
radio 12 47346
radio 12 47377
radio 12 47891
radio 12 47908
radio 12 48422
radio 12 48439
radio 12 48953
radio 12 48970
radio 12 49484
radio 12 49533
radio 12 50047
radio 12 50121
energy 12 50350 7 29855
radio 12 50635
radio 12 50667
radio 12 51181
radio 12 51198
radio 12 51712
radio 12 51729
radio 12 52243
radio 12 52275
radio 12 52789
radio 12 52880
radio 12 53394
delay 13 38 12 53521 12 52733 18 13 65535 0 210 0 0
radio 12 53529
radio 12 54043
radio 12 54114
radio 12 54627
radio 12 54652
radio 12 55166
radio 12 55197
radio 12 55711
radio 12 55782
radio 12 56296
radio 12 56313
radio 12 56827
radio 12 56861
radio 12 57375
radio 12 57392
radio 12 57906
radio 12 57923
radio 12 58437
radio 12 58466
radio 12 58980
radio 12 58997
radio 12 59511
radio 12 59541
radio 12 60055
radio 12 60072
radio 12 60586
radio 12 60603
radio 12 61117
radio 12 61134
radio 12 61648
radio 12 61679
radio 12 62193
radio 12 62210
radio 12 62724
radio 12 62741
radio 12 63255
radio 12 63272
radio 12 63786
radio 12 63820
radio 12 64334
radio 12 64365
radio 12 64879
radio 12 64896
radio 12 65410
radio 12 65444
radio 13 422
radio 13 439
radio 13 952
radio 13 981
radio 13 1495
radio 13 1529
radio 13 2043
radio 13 2094
radio 13 2608
radio 13 2625
radio 13 3138
radio 13 3167
radio 13 3681
radio 13 3698
radio 13 4212
radio 13 4243
radio 13 4757
radio 13 4786
radio 13 5300
radio 13 5330
radio 13 5844
radio 13 5861
radio 13 6374
radio 13 6391
radio 13 6905
radio 13 6937
radio 13 7451
radio 13 7468
radio 13 7982
radio 13 7999
radio 13 8513
delay 14 15 13 8553 13 8349 14 13 65535 0 50 0 0
radio 13 8562
radio 13 9076
radio 13 9361
radio 13 9875
radio 13 9892
radio 13 10406
radio 13 10441
radio 13 10955
radio 13 11008
radio 13 11522
radio 13 11553
radio 13 12067
radio 13 12095
radio 13 12609
radio 13 12626
radio 13 13140
radio 13 13157
radio 13 13671
radio 13 13726
radio 13 14240
radio 13 14272
radio 13 14786
radio 13 14822
radio 13 15336
radio 13 15353
radio 13 15867
radio 13 15921
radio 13 16435
radio 13 16452
radio 13 16966
radio 13 16996
radio 13 17510
radio 13 17539
radio 13 18053
radio 13 18083
radio 13 18597
radio 13 18614
radio 13 19128
radio 13 19145
radio 13 19659
radio 13 19676
radio 13 20190
radio 13 20240
radio 13 20754
radio 13 20783
radio 13 21297
radio 13 21314
radio 13 21828
radio 13 21845
radio 13 22359
radio 13 22394
radio 13 22908
radio 13 22959
radio 13 23473
radio 13 23506
radio 13 24020
radio 13 24071
radio 13 24585
radio 13 24602
radio 13 25116
radio 13 25169
radio 13 25683
radio 13 25718
radio 13 26232
radio 13 26249
radio 13 26763
radio 13 26780
radio 13 27294
radio 13 27330
radio 13 27844
radio 13 27915
radio 13 28429
delay 15 3 13 28446 13 28683 7 13 6 0 14 1 0
radio 13 29517
radio 13 30030
radio 13 30059
radio 13 30573
radio 13 30621
radio 13 31135
radio 13 31152
radio 13 31666
radio 13 31702
radio 13 32216
radio 13 32246
radio 13 32760
radio 13 32809
radio 13 33323
radio 13 33354
radio 13 33868
radio 13 33903
radio 13 34417
radio 13 34434
radio 13 34948
radio 13 34979
radio 13 35493
radio 13 35564
radio 13 36078
radio 13 36095
radio 13 36609
radio 13 36626
radio 13 37140
radio 13 37171
radio 13 37685
radio 13 37717
radio 13 38231
radio 13 38263
radio 13 38777
radio 13 38807
radio 13 39321
radio 13 39338
radio 13 39852
radio 13 39963
radio 13 40477
radio 13 40494
radio 13 41008
radio 13 41025
radio 13 41539
radio 13 41589
radio 13 42103
radio 13 42136
radio 13 42650
radio 13 42667
radio 13 43181
radio 13 43233
radio 13 43747
radio 13 43764
radio 13 44278
radio 13 44307
radio 13 44821
radio 13 44838
radio 13 45352
radio 13 45427
radio 13 45941
radio 13 45958
energy 13 46254 7 34025
radio 13 46472
radio 13 46504
radio 13 47018
radio 13 47035
radio 13 47549
radio 13 47599
radio 13 48113
radio 13 48147
radio 13 48661
radio 13 48678
radio 13 49192
delay 16 49 13 49407 13 47915 9 13 4 0 93 0 0
radio 13 49415
radio 13 49930
radio 13 49970
radio 13 50484
radio 13 50521
radio 13 51035
radio 13 51052
radio 13 51566
radio 13 51583
radio 13 52097
radio 13 52131
radio 13 52645
radio 13 52677
radio 13 53191
radio 13 53226
radio 13 53740
radio 13 53796
radio 13 54310
radio 13 54327
radio 13 54841
radio 13 54875
radio 13 55389
radio 13 55417
radio 13 55931
radio 13 55948
radio 13 56462
radio 13 56479
radio 13 56993
radio 13 57026
radio 13 57540
radio 13 57557
radio 13 58071
radio 13 58088
radio 13 58602
radio 13 58631
radio 13 59145
radio 13 59196
radio 13 59710
radio 13 59727
radio 13 60241
radio 13 60291
radio 13 60805
radio 13 60822
radio 13 61336
radio 13 61353
radio 13 61867
radio 13 61904
radio 13 62418
radio 13 62448
radio 13 62962
radio 13 63033
radio 13 63547
radio 13 63581
radio 13 64095
radio 13 64112
radio 13 64626
radio 13 64695
radio 13 65209
radio 13 65240
radio 14 218
radio 14 253
radio 14 767
radio 14 798
radio 14 1312
radio 14 1364
radio 14 1878
radio 14 1909
radio 14 2423
radio 14 2453
radio 14 2967
radio 14 2984
radio 14 3497
radio 14 3529
radio 14 4043
delay 17 42 14 4128 14 2765 7 13 6 0 53 0 0
radio 14 4136
radio 14 4650
radio 14 4697
radio 14 5210
radio 14 5255
radio 14 5768
radio 14 5786
radio 14 6300
radio 14 6336
radio 14 6850
radio 14 6867
radio 14 7381
radio 14 7398
radio 14 7912
radio 14 7929
radio 14 8443
radio 14 8518
radio 14 9032
radio 14 9049
radio 14 9563
radio 14 9580
radio 14 10094
radio 14 10123
radio 14 10637
radio 14 10654
radio 14 11168
radio 14 11204
radio 14 11718
radio 14 11750
radio 14 12264
radio 14 12300
radio 14 12814
radio 14 12831
radio 14 13345
radio 14 13362
radio 14 13876
radio 14 13893
radio 14 14407
radio 14 14424
radio 14 14938
radio 14 14955
radio 14 15469
radio 14 15523
radio 14 16037
radio 14 16072
radio 14 16586
radio 14 16614
radio 14 17128
radio 14 17162
radio 14 17676
radio 14 17725
radio 14 18239
radio 14 18268
radio 14 18782
radio 14 18833
radio 14 19347
radio 14 19383
radio 14 19897
radio 14 19927
radio 14 20441
radio 14 20471
radio 14 20985
radio 14 21002
radio 14 21516
radio 14 21533
radio 14 22047
radio 14 22080
radio 14 22594
radio 14 22643
radio 14 23157
radio 14 23187
radio 14 23701
radio 14 23737
radio 14 24251
radio 14 24320
radio 14 24834
delay 18 15 14 24934 14 24727 14 13 65535 0 325 0 0
radio 14 24942
radio 14 25457
radio 14 25617
radio 14 26131
radio 14 26164
radio 14 26678
radio 14 26707
radio 14 27221
radio 14 27249
radio 14 27763
radio 14 27794
radio 14 28308
radio 14 28336
radio 14 28850
radio 14 28867
radio 14 29381
radio 14 29398
radio 14 29912
radio 14 29948
radio 14 30462
radio 14 30510
radio 14 31024
radio 14 31041
radio 14 31555
radio 14 31591
radio 14 32105
radio 14 32137
radio 14 32651
radio 14 32685
radio 14 33199
radio 14 33233
radio 14 33747
radio 14 33779
radio 14 34293
radio 14 34329
radio 14 34843
radio 14 34871
radio 14 35385
radio 14 35436
radio 14 35950
radio 14 35984
radio 14 36498
radio 14 36515
radio 14 37029
radio 14 37061
radio 14 37575
radio 14 37609
radio 14 38123
radio 14 38172
radio 14 38686
radio 14 38716
radio 14 39230
radio 14 39323
radio 14 39837
radio 14 39868
radio 14 40382
radio 14 40399
radio 14 40913
radio 14 40941
radio 14 41455
radio 14 41472
radio 14 41986
radio 14 42039
energy 14 42158 7 37397
radio 14 42553
radio 14 42584
radio 14 43098
radio 14 43132
radio 14 43646
radio 14 43674
radio 14 44188
radio 14 44243
radio 14 44757
radio 14 44787
radio 14 45301
delay 19 38 14 45346 14 44556 18 13 65535 0 287 0 0
radio 14 45354
radio 14 45868
radio 14 45966
radio 14 46480
radio 14 46516
radio 14 47030
radio 14 47087
radio 14 47601
radio 14 47632
radio 14 48146
radio 14 48180
radio 14 48694
radio 14 48750
radio 14 49264
radio 14 49292
radio 14 49806
radio 14 49823
radio 14 50337
radio 14 50368
radio 14 50882
radio 14 50917
radio 14 51431
radio 14 51448
radio 14 51962
radio 14 52015
radio 14 52529
radio 14 52562
radio 14 53076
radio 14 53106
radio 14 53620
radio 14 53656
radio 14 54170
radio 14 54198
radio 14 54712
radio 14 54744
radio 14 55258
radio 14 55287
radio 14 55801
radio 14 55836
radio 14 56350
radio 14 56378
radio 14 56892
radio 14 56923
radio 14 57437
radio 14 57454
radio 14 57968
radio 14 58001
radio 14 58515
radio 14 58543
radio 14 59057
radio 14 59074
radio 14 59588
radio 14 59616
radio 14 60130
radio 14 60180
radio 14 60694
radio 14 60723
radio 14 61237
radio 14 61271
radio 14 61785
radio 14 61814
radio 14 62328
radio 14 62345
radio 14 62859
radio 14 62876
radio 14 63390
radio 14 63440
radio 14 63954
radio 14 63987
radio 14 64501
radio 14 64518
radio 14 65032
radio 14 65049
radio 15 27
delay 20 47 15 116 14 64601 14 13 65535 0 60 0 0
radio 15 125
radio 15 639
radio 15 681
radio 15 1194
radio 15 1235
radio 15 1748
radio 15 1776
radio 15 2290
radio 15 2307
radio 15 2820
radio 15 2837
radio 15 3350
radio 15 3386
radio 15 3900
radio 15 3929
radio 15 4443
radio 15 4460
radio 15 4973
radio 15 5002
radio 15 5516
radio 15 5544
radio 15 6058
radio 15 6088
radio 15 6602
radio 15 6631
radio 15 7145
radio 15 7177
radio 15 7691
radio 15 7719
radio 15 8233
radio 15 8250
radio 15 8764
radio 15 8812
radio 15 9326
radio 15 9355
radio 15 9869
radio 15 9886
radio 15 10399
radio 15 10416
radio 15 10930
radio 15 10947
radio 15 11461
radio 15 11478
radio 15 11992
radio 15 12009
radio 15 12523
radio 15 12556
radio 15 13070
radio 15 13099
radio 15 13613
radio 15 13630
radio 15 14144
radio 15 14172
radio 15 14686
radio 15 14716
radio 15 15230
radio 15 15305
radio 15 15819
radio 15 15836
radio 15 16350
radio 15 16367
radio 15 16881
radio 15 16912
radio 15 17426
radio 15 17443
radio 15 17957
radio 15 17974
radio 15 18488
radio 15 18561
radio 15 19075
radio 15 19104
radio 15 19618
radio 15 19635
radio 15 20149
radio 15 20184
radio 15 20698
delay 21 3 15 20714 15 20948 7 13 6 0 458 0 0
radio 15 20722
radio 15 21236
radio 15 21308
radio 15 21822
radio 15 21841
radio 15 22355
radio 15 22372
radio 15 22886
radio 15 22922
radio 15 23436
radio 15 23453
radio 15 23967
radio 15 24017
radio 15 24531
radio 15 24548
radio 15 25062
radio 15 25092
radio 15 25606
radio 15 25623
radio 15 26137
radio 15 26172
radio 15 26686
radio 15 26703
radio 15 27217
radio 15 27266
radio 15 27780
radio 15 27813
radio 15 28327
radio 15 28357
radio 15 28871
radio 15 28901
radio 15 29415
radio 15 29467
radio 15 29981
radio 15 30011
radio 15 30525
radio 15 30574
radio 15 31088
radio 15 31105
radio 15 31619
radio 15 31673
radio 15 32187
radio 15 32204
radio 15 32718
radio 15 32752
radio 15 33266
radio 15 33283
radio 15 33797
radio 15 33827
radio 15 34341
radio 15 34358
radio 15 34872
radio 15 34922
radio 15 35436
radio 15 35453
radio 15 35967
radio 15 35984
radio 15 36498
radio 15 36515
radio 15 37029
radio 15 37061
radio 15 37575
radio 15 37592
energy 15 38062 7 40245
radio 15 38106
radio 15 38162
radio 15 38676
radio 15 38705
radio 15 39219
radio 15 39267
radio 15 39781
radio 15 39817
radio 15 40331
radio 15 40359
radio 15 40873
delay 22 25 15 40953 15 40671 14 13 65535 0 65535 0 0
radio 15 40961
radio 15 41476
radio 15 41622
radio 15 42135
radio 15 42152
radio 15 42665
radio 15 42696
radio 15 43210
radio 15 43239
radio 15 43753
radio 15 43786
radio 15 44300
radio 15 44349
radio 15 44863
radio 15 44892
radio 15 45406
radio 15 45440
radio 15 45954
radio 15 45985
radio 15 46499
radio 15 46516
radio 15 47030
radio 15 47081
radio 15 47595
radio 15 47612
radio 15 48126
radio 15 48143
radio 15 48657
radio 15 48674
radio 15 49188
radio 15 49205
radio 15 49719
radio 15 49736
radio 15 50250
radio 15 50267
radio 15 50781
radio 15 50798
radio 15 51312
radio 15 51349
radio 15 51863
radio 15 51912
radio 15 52426
radio 15 52443
radio 15 52957
radio 15 52994
radio 15 53508
radio 15 53542
radio 15 54056
radio 15 54109
radio 15 54623
radio 15 54654
radio 15 55168
radio 15 55185
radio 15 55699
radio 15 55728
radio 15 56242
radio 15 56277
radio 15 56791
radio 15 56841
radio 15 57355
radio 15 57372
radio 15 57886
radio 15 57915
radio 15 58429
radio 15 58446
radio 15 58960
radio 15 58977
radio 15 59491
radio 15 59525
radio 15 60039
radio 15 60091
radio 15 60605
radio 15 60622
radio 15 61136
radio 15 61169
radio 15 61683
delay 23 49 15 61752 15 60258 9 13 4 0 88 0 0
radio 15 61760
radio 15 62274
radio 15 62316
radio 15 62829
radio 15 62906
radio 15 63420
radio 15 63437
radio 15 63951
radio 15 63968
radio 15 64482
radio 15 64515
radio 15 65029
radio 15 65065
radio 16 43
radio 16 71
radio 16 584
radio 16 637
radio 16 1151
radio 16 1199
radio 16 1713
radio 16 1730
radio 16 2244
radio 16 2261
radio 16 2775
radio 16 2829
radio 16 3343
radio 16 3378
radio 16 3892
radio 16 3920
radio 16 4434
radio 16 4451
radio 16 4964
radio 16 5033
radio 16 5547
radio 16 5580
radio 16 6094
radio 16 6111
radio 16 6624
radio 16 6674
radio 16 7188
radio 16 7243
radio 16 7757
radio 16 7774
radio 16 8288
radio 16 8305
radio 16 8819
radio 16 8852
radio 16 9366
radio 16 9383
radio 16 9896
radio 16 9966
radio 16 10480
radio 16 10497
radio 16 11011
radio 16 11061
radio 16 11575
radio 16 11605
radio 16 12119
radio 16 12172
radio 16 12686
radio 16 12719
radio 16 13233
radio 16 13250
radio 16 13764
radio 16 13793
radio 16 14307
radio 16 14361
radio 16 14875
radio 16 14892
radio 16 15406
radio 16 15459
radio 16 15973
radio 16 15990
radio 16 16504
delay 24 29 16 16525 16 16174 15 13 65535 0 72 0 0
radio 16 16533
radio 16 17048
radio 16 17202
radio 16 17716
radio 16 17749
radio 16 18263
radio 16 18280
radio 16 18794
radio 16 18824
radio 16 19338
radio 16 19355
radio 16 19869
radio 16 19919
radio 16 20433
radio 16 20466
radio 16 20980
radio 16 20997
radio 16 21511
radio 16 21544
radio 16 22058
radio 16 22075
radio 16 22589
radio 16 22606
radio 16 23120
radio 16 23137
radio 16 23651
radio 16 23687
radio 16 24201
radio 16 24218
radio 16 24732
radio 16 24769
radio 16 25283
radio 16 25314
radio 16 25828
radio 16 25845
radio 16 26359
radio 16 26376
radio 16 26890
radio 16 26907
radio 16 27421
radio 16 27470
radio 16 27984
radio 16 28018
radio 16 28532
radio 16 28586
radio 16 29100
radio 16 29117
radio 16 29631
radio 16 29664
radio 16 30178
radio 16 30195
radio 16 30709
radio 16 30743
radio 16 31257
radio 16 31289
radio 16 31803
radio 16 31836
radio 16 32350
radio 16 32406
radio 16 32920
radio 16 32937
radio 16 33451
radio 16 33468
energy 16 33966 7 43413
radio 16 33982
radio 16 33999
radio 16 34513
radio 16 34667
radio 16 35181
radio 16 35198
radio 16 35712
radio 16 35746
radio 16 36260
radio 16 36294
radio 16 36808
radio 16 36825
radio 16 37339
delay 25 38 16 37357 16 36566 18 13 65535 0 142 0 0
radio 16 37366
radio 16 37880
radio 16 37898
radio 16 38411
radio 16 38428
radio 16 38942
radio 16 38977
radio 16 39491
radio 16 39541
radio 16 40055
radio 16 40086
radio 16 40600
radio 16 40675
radio 16 41189
radio 16 41206
radio 16 41720
radio 16 41737
radio 16 42251
radio 16 42268
radio 16 42782
radio 16 42799
radio 16 43313
radio 16 43330
radio 16 43844
radio 16 43879
radio 16 44393
radio 16 44410
radio 16 44924
radio 16 44941
radio 16 45455
radio 16 45472
radio 16 45986
radio 16 46036
radio 16 46550
radio 16 46567
radio 16 47081
radio 16 47098
radio 16 47612
radio 16 47629
radio 16 48143
radio 16 48172
radio 16 48686
radio 16 48715
radio 16 49229
radio 16 49246
radio 16 49760
radio 16 49777
radio 16 50291
radio 16 50321
radio 16 50835
radio 16 50866
radio 16 51380
radio 16 51397
radio 16 51911
radio 16 51928
radio 16 52442
radio 16 52472
radio 16 52986
radio 16 53003
radio 16 53517
radio 16 53548
radio 16 54062
radio 16 54115
radio 16 54629
radio 16 54664
radio 16 55178
radio 16 55208
radio 16 55722
radio 16 55739
radio 16 56253
radio 16 56282
radio 16 56796
radio 16 56824
radio 16 57338
delay 26 48 16 57354 16 56288 9 13 4 0 245 0 0
radio 16 57362
radio 16 57877
radio 16 57898
radio 16 58412
radio 16 58429
radio 16 58942
radio 16 58970
radio 16 59484
radio 16 59501
radio 16 60015
radio 16 60043
radio 16 60557
radio 16 60609
radio 16 61123
radio 16 61155
radio 16 61669
radio 16 61686
radio 16 62200
radio 16 62217
radio 16 62731
radio 16 62760
radio 16 63274
radio 16 63291
radio 16 63805
radio 16 63822
radio 16 64336
radio 16 64390
radio 16 64904
radio 16 64935
radio 16 65449
radio 16 65466
radio 17 444
radio 17 472
radio 17 986
radio 17 1018
radio 17 1532
radio 17 1563
radio 17 2077
radio 17 2109
radio 17 2623
radio 17 2640
radio 17 3153
radio 17 3170
radio 17 3683
radio 17 3719
radio 17 4233
radio 17 4265
radio 17 4779
radio 17 4834
radio 17 5348
radio 17 5365
radio 17 5878
radio 17 5907
radio 17 6421
radio 17 6456
radio 17 6970
radio 17 7023
radio 17 7537
radio 17 7566
radio 17 8080
radio 17 8109
radio 17 8623
radio 17 8658
radio 17 9172
radio 17 9200
radio 17 9714
radio 17 9762
radio 17 10276
radio 17 10293
radio 17 10807
radio 17 10824
radio 17 11338
radio 17 11355
radio 17 11869
radio 17 11898
radio 17 12412
delay 27 42 17 12459 17 11093 7 13 6 0 33 1 0
radio 17 13532
radio 17 14046
radio 17 14075
radio 17 14589
radio 17 14622
radio 17 15136
radio 17 15172
radio 17 15686
radio 17 15719
radio 17 16233
radio 17 16263
radio 17 16777
radio 17 16809
radio 17 17323
radio 17 17340
radio 17 17854
radio 17 17885
radio 17 18399
radio 17 18416
radio 17 18930
radio 17 18947
radio 17 19461
radio 17 19494
radio 17 20008
radio 17 20025
radio 17 20539
radio 17 20573
radio 17 21087
radio 17 21120
radio 17 21634
radio 17 21651
radio 17 22165
radio 17 22201
radio 17 22715
radio 17 22746
radio 17 23260
radio 17 23277
radio 17 23791
radio 17 23923
radio 17 24437
radio 17 24492
radio 17 25006
radio 17 25055
radio 17 25569
radio 17 25586
radio 17 26100
radio 17 26129
radio 17 26643
radio 17 26660
radio 17 27174
radio 17 27206
radio 17 27720
radio 17 27748
radio 17 28262
radio 17 28317
radio 17 28831
radio 17 28862
radio 17 29376
radio 17 29409
energy 17 29870 7 47169
radio 17 29923
radio 17 29952
radio 17 30466
radio 17 30517
radio 17 31031
radio 17 31061
radio 17 31575
radio 17 31592
radio 17 32106
radio 17 32138
radio 17 32652
radio 17 32681
radio 17 33195
delay 28 42 17 33210 17 31844 7 13 6 0 151 0 0
radio 17 33218
radio 17 33732
radio 17 33778
radio 17 34291
radio 17 34325
radio 17 34839
radio 17 34868
radio 17 35382
radio 17 35399
radio 17 35913
radio 17 35930
radio 17 36444
radio 17 36500
radio 17 37014
radio 17 37044
radio 17 37558
radio 17 37590
radio 17 38104
radio 17 38135
radio 17 38649
radio 17 38704
radio 17 39218
radio 17 39246
radio 17 39760
radio 17 39777
radio 17 40291
radio 17 40308
radio 17 40822
radio 17 40853
radio 17 41367
radio 17 41384
radio 17 41898
radio 17 41952
radio 17 42466
radio 17 42495
radio 17 43009
radio 17 43045
radio 17 43559
radio 17 43595
radio 17 44109
radio 17 44157
radio 17 44671
radio 17 44705
radio 17 45219
radio 17 45248
radio 17 45762
radio 17 45790
radio 17 46304
radio 17 46353
radio 17 46867
radio 17 46898
radio 17 47412
radio 17 47443
radio 17 47957
radio 17 47974
radio 17 48488
radio 17 48518
radio 17 49032
radio 17 49084
radio 17 49598
radio 17 49633
radio 17 50147
radio 17 50164
radio 17 50678
radio 17 50711
radio 17 51225
radio 17 51242
radio 17 51756
radio 17 51791
radio 17 52305
radio 17 52322
radio 17 52836
radio 17 52872
radio 17 53386
delay 29 38 17 53463 17 52670 18 13 65535 0 82 0 0
radio 17 53471
radio 17 53986
radio 17 54221
radio 17 54735
radio 17 54765
radio 17 55279
radio 17 55313
radio 17 55827
radio 17 55862
radio 17 56376
radio 17 56425
