Thread[Thread-1,5,main]tree 7 0 0 14 21 1
radio 6 52384
radio 6 52388
radio 6 52404
radio 6 52918
radio 6 52935
radio 6 53448
radio 6 53480
radio 6 53994
radio 6 54026
radio 6 54540
radio 6 54557
radio 6 55070
radio 6 55125
radio 6 55639
radio 6 55672
radio 6 56186
radio 6 56217
radio 6 56731
radio 6 56748
radio 6 57261
delay 9 7 6 57273 4 56811 0 0 65535 0 65535 0 1
radio 6 58344
radio 6 58858
radio 6 58908
radio 6 59422
radio 6 59458
radio 6 59972
radio 6 60007
radio 6 60521
radio 6 60538
radio 6 61051
radio 6 61068
radio 6 61581
radio 6 61635
radio 6 62149
radio 6 62185
radio 6 62699
radio 6 62729
radio 6 63243
radio 6 63260
radio 6 63773
radio 6 63807
radio 6 64321
radio 6 64338
radio 6 64851
radio 6 64880
radio 6 65394
radio 6 65411
radio 7 388
radio 7 419
radio 7 932
radio 7 986
radio 7 1499
radio 7 1551
radio 7 2065
radio 7 2082
radio 7 2595
radio 7 2612
radio 7 3125
radio 7 3142
radio 7 3655
radio 7 3672
radio 7 4185
radio 7 4280
radio 7 4794
radio 7 4826
radio 7 5340
radio 7 5368
radio 7 5882
radio 7 5899
radio 7 6412
radio 7 6429
radio 7 6942
radio 7 6998
radio 7 7512
radio 7 7529
radio 7 8042
radio 7 8059
radio 7 8572
radio 7 8603
radio 7 9117
radio 7 9134
radio 7 9647
radio 7 9681
radio 7 10195
radio 7 10212
radio 7 10725
radio 7 10759
radio 7 11273
radio 7 11290
radio 7 11803
radio 7 11836
radio 7 12350
radio 7 12367
radio 7 12880
radio 7 12913
radio 7 13427
radio 7 13444
radio 7 13957
radio 7 13988
radio 7 14502
radio 7 14554
radio 7 15068
radio 7 15096
radio 7 15610
radio 7 15659
radio 7 16173
radio 7 16229
radio 7 16743
radio 7 16777
radio 7 17291
radio 7 17327
radio 7 17841
radio 7 17858
radio 7 18371
radio 7 18388
radio 7 18901
radio 7 18918
radio 7 19431
radio 7 19482
radio 7 19996
radio 7 20013
radio 7 20526
radio 7 20543
radio 7 21056
radio 7 21073
radio 7 21586
radio 7 21615
radio 7 22129
radio 7 22164
radio 7 22678
radio 7 22733
radio 7 23247
radio 7 23264
radio 7 23777
radio 7 23794
radio 7 24307
radio 7 24324
radio 7 24837
radio 7 24890
radio 7 25404
radio 7 25452
radio 7 25966
radio 7 25983
radio 7 26496
radio 7 26513
radio 7 27026
radio 7 27043
radio 7 27556
radio 7 27573
radio 7 28086
radio 7 28137
radio 7 28651
radio 7 28703
radio 7 29217
radio 7 29234
radio 7 29747
radio 7 29780
radio 7 30294
radio 7 30328
radio 7 30842
radio 7 30859
radio 7 31372
radio 7 31404
radio 7 31918
radio 7 31935
radio 7 32448
radio 7 32481
radio 7 32995
radio 7 33012
radio 7 33525
radio 7 33597
radio 7 34111
radio 7 34163
radio 7 34677
radio 7 34694
radio 7 35207
radio 7 35243
radio 7 35757
radio 7 35786
radio 7 36300
radio 7 36333
radio 7 36847
radio 7 36864
radio 7 37377
radio 7 37394
radio 7 37907
radio 7 37924
radio 7 38437
radio 7 38454
radio 7 38967
radio 7 38984
radio 7 39497
radio 7 39530
radio 7 40044
radio 7 40061
radio 7 40574
radio 7 40591
radio 7 41104
radio 7 41137
radio 7 41651
radio 7 41681
radio 7 42195
radio 7 42263
radio 7 42777
radio 7 42811
radio 7 43325
radio 7 43396
radio 7 43910
radio 7 43927
radio 7 44440
radio 7 44457
radio 7 44970
radio 7 44987
radio 7 45500
radio 7 45517
radio 7 46030
radio 7 46047
radio 7 46560
radio 7 46593
radio 7 47107
radio 7 47159
radio 7 47673
radio 7 47690
radio 7 48203
radio 7 48234
energy 7 48299 6 56038
radio 7 48748
radio 7 48765
radio 7 49278
radio 7 49312
radio 7 49826
radio 7 49843
radio 7 50356
radio 7 50373
radio 7 50886
radio 7 50938
radio 7 51452
radio 7 51469
radio 7 51982
radio 7 51999
radio 7 52512
radio 7 52540
radio 7 53054
radio 7 53071
radio 7 53584
radio 7 53601
radio 7 54114
radio 7 54131
radio 7 54644
radio 7 54661
radio 7 55174
radio 7 55191
radio 7 55704
radio 7 55721
radio 7 56234
radio 7 56268
radio 7 56782
radio 7 56799
radio 7 57312
radio 7 57329
radio 7 57842
radio 7 57877
radio 7 58391
radio 7 58408
radio 7 58921
radio 7 58938
radio 7 59451
radio 7 59468
radio 7 59981
radio 7 60013
radio 7 60527
radio 7 60544
radio 7 61057
radio 7 61108
radio 7 61622
radio 7 61639
radio 7 62152
radio 7 62187
radio 7 62701
radio 7 62718
radio 7 63231
radio 7 63248
radio 7 63761
radio 7 63778
radio 7 64291
radio 7 64308
radio 7 64821
radio 7 64838
radio 7 65351
radio 7 65368
radio 8 345
radio 8 379
radio 8 892
radio 8 909
radio 8 1422
radio 8 1439
radio 8 1952
radio 8 1969
radio 8 2482
radio 8 2499
radio 8 3012
radio 8 3044
radio 8 3558
radio 8 3575
radio 8 4088
radio 8 4105
radio 8 4618
radio 8 4654
radio 8 5168
radio 8 5202
radio 8 5715
radio 8 5745
radio 8 6259
radio 8 6276
radio 8 6789
radio 8 6806
radio 8 7319
radio 8 7336
radio 8 7849
radio 8 7866
radio 8 8379
radio 8 8396
radio 8 8909
radio 8 8926
radio 8 9439
radio 8 9456
radio 8 9969
radio 8 9997
radio 8 10511
radio 8 10567
radio 8 11081
radio 8 11098
radio 8 11611
radio 8 11643
radio 8 12157
radio 8 12186
radio 8 12700
radio 8 12717
radio 8 13230
radio 8 13247
radio 8 13760
radio 8 13816
radio 8 14330
radio 8 14360
radio 8 14874
radio 8 14891
radio 8 15404
radio 8 15421
radio 8 15934
radio 8 15965
radio 8 16479
radio 8 16496
radio 8 17009
radio 8 17026
radio 8 17539
radio 8 17556
radio 8 18069
radio 8 18100
radio 8 18614
radio 8 18648
radio 8 19162
radio 8 19197
radio 8 19711
radio 8 19728
radio 8 20241
radio 8 20258
radio 8 20771
radio 8 20788
radio 8 21301
radio 8 21332
radio 8 21846
radio 8 21875
radio 8 22389
radio 8 22406
radio 8 22919
radio 8 22936
radio 8 23449
radio 8 23466
radio 8 23979
radio 8 24011
radio 8 24525
radio 8 24542
radio 8 25055
radio 8 25084
radio 8 25598
radio 8 25615
radio 8 26128
radio 8 26145
radio 8 26658
radio 8 26675
radio 8 27188
radio 8 27243
radio 8 27757
radio 8 27774
radio 8 28287
radio 8 28304
radio 8 28817
radio 8 28834
radio 8 29347
radio 8 29395
radio 8 29909
radio 8 29926
radio 8 30439
radio 8 30473
radio 8 30987
radio 8 31004
radio 8 31517
radio 8 31534
radio 8 32047
radio 8 32075
radio 8 32589
radio 8 32606
radio 8 33119
radio 8 33172
radio 8 33686
radio 8 33742
radio 8 34256
radio 8 34284
radio 8 34798
radio 8 34815
radio 8 35328
radio 8 35345
radio 8 35858
radio 8 35875
radio 8 36388
radio 8 36416
radio 8 36930
radio 8 36947
radio 8 37460
radio 8 37477
radio 8 37990
radio 8 38023
radio 8 38537
radio 8 38586
radio 8 39100
radio 8 39149
radio 8 39663
radio 8 39680
radio 8 40193
radio 8 40225
radio 8 40739
radio 8 40772
radio 8 41286
radio 8 41315
radio 8 41829
radio 8 41846
radio 8 42359
radio 8 42376
radio 8 42889
radio 8 42906
radio 8 43419
radio 8 43436
radio 8 43949
radio 8 43966
flood 0 8 44203
energy 8 44205 6 58021
radio 8 44207
radio 8 45425
radio 8 45939
radio 8 45961
radio 8 46475
radio 8 46492
radio 8 47005
radio 8 47055
radio 8 47569
radio 8 47586
radio 8 48099
radio 8 48116
radio 8 48629
radio 8 48663
radio 8 49177
radio 8 49194
radio 8 49707
radio 8 49756
radio 8 50270
radio 8 50287
radio 8 50800
radio 8 50830
radio 8 51344
radio 8 51361
radio 8 51874
radio 8 51891
radio 8 52404
radio 8 52454
radio 8 52968
radio 8 52997
radio 8 53511
radio 8 53543
radio 8 54057
radio 8 54074
radio 8 54587
radio 8 54604
radio 8 55117
radio 8 55147
radio 8 55661
radio 8 55678
radio 8 56191
radio 8 56208
radio 8 56721
radio 8 56771
radio 8 57285
radio 8 57317
radio 8 57831
radio 8 57862
radio 8 58376
radio 8 58393
radio 8 58906
radio 8 58923
radio 8 59436
radio 8 59453
radio 8 59966
radio 8 59983
radio 8 60496
radio 8 60546
radio 8 61060
radio 8 61092
radio 8 61606
radio 8 61623
radio 8 62136
radio 8 62153
radio 8 62666
radio 8 62716
radio 8 63230
radio 8 63247
radio 8 63760
radio 8 63796
radio 8 64310
radio 8 64363
flood 1 8 64683
radio 8 64685
radio 9 228
radio 9 741
radio 9 760
radio 9 1273
radio 9 1290
radio 9 1803
radio 9 1838
radio 9 2351
radio 9 2368
radio 9 2881
radio 9 2913
radio 9 3426
radio 9 3458
radio 9 3971
radio 9 3988
radio 9 4501
radio 9 4518
radio 9 5031
radio 9 5087
radio 9 5601
radio 9 5618
radio 9 6131
radio 9 6160
radio 9 6674
radio 9 6702
radio 9 7216
radio 9 7233
radio 9 7746
radio 9 7763
radio 9 8276
radio 9 8311
radio 9 8825
radio 9 8854
radio 9 9368
radio 9 9417
radio 9 9931
radio 9 9948
radio 9 10461
radio 9 10493
radio 9 11007
radio 9 11039
radio 9 11553
radio 9 11570
radio 9 12083
radio 9 12100
radio 9 12613
radio 9 12648
radio 9 13162
radio 9 13179
radio 9 13692
radio 9 13745
radio 9 14259
radio 9 14290
radio 9 14804
radio 9 14833
radio 9 15347
radio 9 15375
radio 9 15889
radio 9 15919
radio 9 16433
radio 9 16450
radio 9 16963
radio 9 16980
radio 9 17493
radio 9 17549
radio 9 18063
radio 9 18080
radio 9 18593
radio 9 18645
radio 9 19159
radio 9 19191
flood 2 9 19627
radio 9 19629
radio 9 20708
radio 9 21222
radio 9 21237
radio 9 21751
radio 9 21768
radio 9 22281
radio 9 22315
radio 9 22829
radio 9 22860
radio 9 23374
radio 9 23426
radio 9 23940
radio 9 23989
radio 9 24503
radio 9 24520
radio 9 25033
radio 9 25063
radio 9 25577
radio 9 25594
radio 9 26107
radio 9 26140
radio 9 26654
radio 9 26671
radio 9 27184
radio 9 27201
radio 9 27714
radio 9 27762
radio 9 28276
radio 9 28293
radio 9 28806
radio 9 28823
radio 9 29336
radio 9 29353
radio 9 29866
radio 9 29883
radio 9 30396
radio 9 30452
radio 9 30966
radio 9 31019
radio 9 31533
radio 9 31563
radio 9 32077
radio 9 32125
radio 9 32639
radio 9 32656
radio 9 33169
radio 9 33281
radio 9 33795
radio 9 33843
radio 9 34357
radio 9 34374
radio 9 34887
radio 9 34904
radio 9 35417
radio 9 35434
radio 9 35947
radio 9 35964
radio 9 36477
radio 9 36533
radio 9 37047
radio 9 37097
radio 9 37611
radio 9 37628
radio 9 38141
radio 9 38171
radio 9 38685
radio 9 38702
radio 9 39215
radio 9 39232
radio 9 39745
radio 9 39773
flood 3 9 40107
energy 9 40109 6 63733
radio 9 40111
radio 9 41183
radio 9 41696
radio 9 41711
radio 9 42224
radio 9 42259
radio 9 42773
radio 9 42790
radio 9 43303
radio 9 43336
radio 9 43850
radio 9 43867
radio 9 44380
radio 9 44397
radio 9 44910
radio 9 44945
radio 9 45459
radio 9 45495
radio 9 46009
radio 9 46026
radio 9 46539
radio 9 46571
radio 9 47085
radio 9 47102
radio 9 47615
radio 9 47644
radio 9 48158
radio 9 48175
radio 9 48688
radio 9 48720
radio 9 49234
radio 9 49251
radio 9 49764
radio 9 49781
radio 9 50294
radio 9 50311
radio 9 50824
radio 9 50841
radio 9 51354
radio 9 51371
radio 9 51884
radio 9 51901
radio 9 52414
radio 9 52431
radio 9 52944
radio 9 52961
radio 9 53474
radio 9 53505
radio 9 54019
radio 9 54036
radio 9 54549
radio 9 54566
radio 9 55079
radio 9 55133
radio 9 55647
radio 9 55664
radio 9 56177
radio 9 56194
radio 9 56707
radio 9 56724
radio 9 57237
radio 9 57254
radio 9 57767
radio 9 57823
radio 9 58337
radio 9 58367
radio 9 58881
radio 9 58910
radio 9 59424
radio 9 59441
radio 9 59954
radio 9 59971
radio 9 60484
radio 9 60501
flood 4 9 60587
radio 9 60589
radio 9 61667
radio 9 62181
radio 9 62198
radio 9 62711
radio 9 62739
radio 9 63253
radio 9 63270
radio 9 63783
radio 9 63800
radio 9 64313
radio 9 64363
radio 9 64877
radio 9 64894
radio 9 65407
radio 9 65424
radio 10 401
radio 10 418
radio 10 931
radio 10 984
radio 10 1497
radio 10 1550
radio 10 2064
radio 10 2081
radio 10 2594
radio 10 2622
radio 10 3136
radio 10 3153
radio 10 3666
radio 10 3719
radio 10 4233
radio 10 4281
radio 10 4795
radio 10 4823
radio 10 5337
radio 10 5354
radio 10 5867
radio 10 5884
radio 10 6397
radio 10 6426
radio 10 6940
radio 10 6957
radio 10 7470
radio 10 7523
radio 10 8037
radio 10 8054
radio 10 8567
radio 10 8584
radio 10 9097
radio 10 9129
radio 10 9643
radio 10 9693
radio 10 10207
radio 10 10258
radio 10 10772
radio 10 10789
radio 10 11302
radio 10 11334
radio 10 11848
radio 10 11865
radio 10 12378
radio 10 12395
radio 10 12909
radio 10 12945
radio 10 13459
radio 10 13528
radio 10 14042
radio 10 14095
radio 10 14609
radio 10 14642
radio 10 15156
radio 10 15173
flood 5 10 15531
radio 10 15533
radio 10 16600
radio 10 17114
radio 10 17131
radio 10 17644
radio 10 17661
radio 10 18174
radio 10 18227
radio 10 18741
radio 10 18758
radio 10 19271
radio 10 19303
radio 10 19817
radio 10 19834
radio 10 20347
radio 10 20376
radio 10 20890
radio 10 20918
radio 10 21432
radio 10 21460
radio 10 21974
radio 10 21991
radio 10 22504
radio 10 22521
radio 10 23034
radio 10 23051
radio 10 23564
radio 10 23581
radio 10 24094
radio 10 24128
radio 10 24642
radio 10 24673
radio 10 25187
radio 10 25236
radio 10 25750
radio 10 25780
radio 10 26294
radio 10 26311
radio 10 26824
radio 10 26841
radio 10 27354
radio 10 27371
radio 10 27884
radio 10 27901
radio 10 28414
radio 10 28431
radio 10 28944
radio 10 28961
radio 10 29474
radio 10 29508
radio 10 30022
radio 10 30135
radio 10 30649
radio 10 30699
radio 10 31213
radio 10 31248
radio 10 31762
radio 10 31779
radio 10 32292
radio 10 32325
radio 10 32839
radio 10 32873
radio 10 33387
radio 10 33404
radio 10 33917
radio 10 33946
radio 10 34460
radio 10 34477
radio 10 34990
radio 10 35024
radio 10 35538
radio 10 35586
flood 6 10 36011
energy 10 36013 7 3613
radio 10 36015
radio 10 37094
radio 10 37608
radio 10 37625
radio 10 38138
radio 10 38173
radio 10 38687
radio 10 38704
radio 10 39217
radio 10 39247
radio 10 39761
radio 10 39778
radio 10 40291
radio 10 40308
radio 10 40821
radio 10 40873
radio 10 41387
radio 10 41421
radio 10 41935
radio 10 41952
radio 10 42465
radio 10 42536
radio 10 43050
radio 10 43067
radio 10 43580
radio 10 43597
radio 10 44110
radio 10 44127
radio 10 44641
radio 10 44658
radio 10 45171
radio 10 45202
radio 10 45716
radio 10 45771
radio 10 46285
radio 10 46315
radio 10 46829
radio 10 46846
radio 10 47359
radio 10 47408
radio 10 47922
radio 10 47939
radio 10 48452
radio 10 48485
radio 10 48999
radio 10 49016
radio 10 49529
radio 10 49580
radio 10 50094
radio 10 50111
radio 10 50624
radio 10 50641
radio 10 51155
radio 10 51172
radio 10 51685
radio 10 51702
radio 10 52215
radio 10 52232
radio 10 52745
radio 10 52762
radio 10 53275
radio 10 53325
radio 10 53839
radio 10 53856
radio 10 54369
radio 10 54386
radio 10 54899
radio 10 54916
radio 10 55429
radio 10 55446
radio 10 55959
radio 10 55976
radio 10 56489
flood 7 10 56494
radio 10 56496
radio 10 57580
radio 10 58093
radio 10 58141
radio 10 58654
radio 10 58703
radio 10 59217
radio 10 59246
radio 10 59760
radio 10 59777
radio 10 60290
radio 10 60340
radio 10 60854
radio 10 60905
radio 10 61419
radio 10 61436
radio 10 61949
radio 10 61966
radio 10 62479
radio 10 62510
radio 10 63024
radio 10 63041
radio 10 63554
radio 10 63571
radio 10 64084
radio 10 64156
radio 10 64670
radio 10 64687
radio 10 65200
radio 10 65217
radio 11 194
radio 11 211
radio 11 724
radio 11 741
radio 11 1254
radio 11 1271
radio 11 1784
radio 11 1818
radio 11 2332
radio 11 2387
radio 11 2901
radio 11 2918
radio 11 3431
radio 11 3448
radio 11 3961
radio 11 3993
radio 11 4507
radio 11 4540
radio 11 5054
radio 11 5085
radio 11 5599
radio 11 5633
radio 11 6147
radio 11 6182
radio 11 6696
radio 11 6713
radio 11 7226
radio 11 7317
radio 11 7831
radio 11 7848
radio 11 8361
radio 11 8378
radio 11 8891
radio 11 8922
radio 11 9436
radio 11 9485
radio 11 9999
radio 11 10048
radio 11 10562
radio 11 10579
radio 11 11092
radio 11 11123
flood 8 11 11438
radio 11 11440
radio 11 12519
radio 11 13033
radio 11 13048
radio 11 13562
radio 11 13609
radio 11 14123
radio 11 14172
radio 11 14686
radio 11 14703
radio 11 15216
radio 11 15233
radio 11 15747
radio 11 15778
radio 11 16292
radio 11 16321
radio 11 16835
radio 11 16867
radio 11 17381
radio 11 17416
radio 11 17930
radio 11 17960
radio 11 18474
radio 11 18502
radio 11 19016
radio 11 19065
radio 11 19579
radio 11 19596
radio 11 20109
radio 11 20126
radio 11 20639
radio 11 20668
radio 11 21182
radio 11 21199
radio 11 21712
radio 11 21729
radio 11 22242
radio 11 22270
radio 11 22784
radio 11 22801
radio 11 23314
radio 11 23365
radio 11 23879
radio 11 23896
radio 11 24409
radio 11 24426
radio 11 24939
radio 11 25007
radio 11 25521
radio 11 25549
radio 11 26063
radio 11 26153
radio 11 26667
radio 11 26722
radio 11 27236
radio 11 27269
radio 11 27783
radio 11 27800
radio 11 28313
radio 11 28330
radio 11 28843
radio 11 28875
radio 11 29389
radio 11 29406
radio 11 29919
radio 11 29952
radio 11 30466
radio 11 30483
radio 11 30996
radio 11 31013
radio 11 31526
radio 11 31543
energy 11 31915 7 9214
flood 9 11 31921
radio 11 31923
radio 11 33006
radio 11 33519
radio 11 33539
radio 11 34053
radio 11 34070
radio 11 34583
radio 11 34618
radio 11 35132
radio 11 35149
radio 11 35663
radio 11 35680
radio 11 36193
radio 11 36222
radio 11 36736
radio 11 36788
radio 11 37302
radio 11 37334
radio 11 37848
radio 11 37865
radio 11 38378
radio 11 38409
radio 11 38923
radio 11 38940
radio 11 39453
radio 11 39470
radio 11 39983
radio 11 40036
radio 11 40550
radio 11 40567
radio 11 41080
radio 11 41109
radio 11 41623
radio 11 41654
radio 11 42168
radio 11 42185
radio 11 42699
radio 11 42732
radio 11 43246
radio 11 43263
radio 11 43776
radio 11 43793
radio 11 44306
radio 11 44323
radio 11 44836
radio 11 44853
radio 11 45366
radio 11 45383
radio 11 45896
radio 11 45913
radio 11 46426
radio 11 46443
radio 11 46956
radio 11 46990
radio 11 47504
radio 11 47521
radio 11 48035
radio 11 48052
radio 11 48565
radio 11 48656
radio 11 49170
radio 11 49282
radio 11 49796
radio 11 49813
radio 11 50326
radio 11 50354
radio 11 50868
radio 11 50897
radio 11 51411
radio 11 51462
radio 11 51976
radio 11 51993
flood 10 11 52401
radio 11 52403
radio 11 53467
radio 11 53980
radio 11 53996
radio 11 54509
radio 11 54541
radio 11 55055
radio 11 55072
radio 11 55585
radio 11 55619
radio 11 56133
radio 11 56207
radio 11 56721
radio 11 56738
radio 11 57251
radio 11 57268
radio 11 57781
radio 11 57798
radio 11 58311
radio 11 58343
radio 11 58857
radio 11 58927
radio 11 59441
radio 11 59458
radio 11 59971
radio 11 59988
radio 11 60501
radio 11 60518
radio 11 61031
radio 11 61080
radio 11 61594
radio 11 61611
radio 11 62124
radio 11 62141
radio 11 62654
radio 11 62682
radio 11 63196
radio 11 63213
radio 11 63726
radio 11 63796
radio 11 64310
radio 11 64366
radio 11 64880
radio 11 64908
radio 11 65422
radio 11 65452
radio 12 430
radio 12 464
radio 12 977
radio 12 1012
radio 12 1526
radio 12 1543
radio 12 2056
radio 12 2073
radio 12 2586
radio 12 2603
radio 12 3116
radio 12 3152
radio 12 3666
radio 12 3698
radio 12 4212
radio 12 4229
radio 12 4742
radio 12 4775
radio 12 5289
radio 12 5306
radio 12 5819
radio 12 5836
radio 12 6349
radio 12 6366
radio 12 6879
radio 12 6896
flood 11 12 7345
radio 12 7347
radio 12 8428
radio 12 8941
radio 12 8958
radio 12 9471
radio 12 9526
radio 12 10040
radio 12 10057
radio 12 10570
radio 12 10587
radio 12 11100
radio 12 11152
radio 12 11666
radio 12 11683
radio 12 12196
radio 12 12252
radio 12 12766
radio 12 12796
radio 12 13310
radio 12 13343
radio 12 13857
radio 12 13874
radio 12 14387
radio 12 14404
radio 12 14917
radio 12 14934
radio 12 15447
radio 12 15498
radio 12 16012
radio 12 16029
radio 12 16542
radio 12 16559
radio 12 17072
radio 12 17103
radio 12 17617
radio 12 17634
radio 12 18147
radio 12 18176
radio 12 18690
radio 12 18707
radio 12 19220
radio 12 19276
radio 12 19790
radio 12 19826
radio 12 20340
radio 12 20370
radio 12 20884
radio 12 20901
radio 12 21414
radio 12 21443
radio 12 21957
radio 12 22105
radio 12 22619
radio 12 22730
radio 12 23244
radio 12 23334
radio 12 23848
radio 12 23865
radio 12 24378
radio 12 24395
radio 12 24908
radio 12 24925
radio 12 25438
radio 12 25455
radio 12 25968
radio 12 26003
radio 12 26517
radio 12 26534
radio 12 27047
radio 12 27136
radio 12 27650
radio 12 27667
energy 12 27819 7 15003
flood 12 12 27825
radio 12 27827
radio 12 28904
radio 12 29417
radio 12 29434
radio 12 29947
radio 12 29964
radio 12 30477
radio 12 30494
radio 12 31007
radio 12 31024
radio 12 31537
radio 12 31568
radio 12 32082
radio 12 32131
radio 12 32645
radio 12 32700
radio 12 33214
radio 12 33231
radio 12 33744
radio 12 33761
radio 12 34274
radio 12 34291
radio 12 34804
radio 12 34821
radio 12 35334
radio 12 35351
radio 12 35864
radio 12 35881
radio 12 36394
radio 12 36425
radio 12 36939
radio 12 37012
radio 12 37526
radio 12 37543
radio 12 38056
radio 12 38073
radio 12 38586
radio 12 38639
radio 12 39153
radio 12 39181
radio 12 39695
radio 12 39731
radio 12 40245
radio 12 40277
radio 12 40791
radio 12 40808
radio 12 41321
radio 12 41349
radio 12 41863
radio 12 41898
radio 12 42412
radio 12 42445
radio 12 42959
radio 12 42976
radio 12 43489
radio 12 43540
radio 12 44054
radio 12 44071
radio 12 44584
radio 12 44601
radio 12 45114
radio 12 45147
radio 12 45661
radio 12 45678
radio 12 46191
radio 12 46222
radio 12 46736
radio 12 46753
radio 12 47266
radio 12 47322
radio 12 47836
radio 12 47867
flood 13 12 48305
radio 12 48307
radio 12 49473
radio 12 49987
radio 12 50006
radio 12 50519
radio 12 50553
radio 12 51067
radio 12 51084
radio 12 51597
radio 12 51628
radio 12 52142
radio 12 52159
radio 12 52672
radio 12 52708
radio 12 53222
radio 12 53250
radio 12 53764
radio 12 53781
radio 12 54294
radio 12 54311
radio 12 54824
radio 12 54855
radio 12 55369
radio 12 55405
radio 12 55919
radio 12 55936
radio 12 56449
radio 12 56503
radio 12 57017
radio 12 57034
radio 12 57547
radio 12 57564
radio 12 58077
radio 12 58094
radio 12 58607
radio 12 58655
radio 12 59169
radio 12 59186
radio 12 59699
radio 12 59753
radio 12 60267
radio 12 60284
radio 12 60797
radio 12 60814
radio 12 61327
radio 12 61380
radio 12 61894
radio 12 61925
radio 12 62439
radio 12 62470
radio 12 62984
radio 12 63001
radio 12 63514
radio 12 63531
radio 12 64044
radio 12 64078
radio 12 64592
radio 12 64609
radio 12 65123
radio 12 65152
radio 13 130
radio 13 147
radio 13 660
radio 13 677
radio 13 1190
radio 13 1243
radio 13 1757
radio 13 1786
radio 13 2300
radio 13 2317
radio 13 2830
radio 13 2847
flood 14 13 3249
radio 13 3251
radio 13 4331
radio 13 4845
radio 13 4878
radio 13 5392
radio 13 5424
radio 13 5938
radio 13 5972
radio 13 6486
radio 13 6538
radio 13 7052
radio 13 7069
radio 13 7582
radio 13 7599
radio 13 8112
radio 13 8160
radio 13 8674
radio 13 8702
radio 13 9216
radio 13 9244
radio 13 9758
radio 13 9806
radio 13 10320
radio 13 10349
radio 13 10863
radio 13 10891
radio 13 11405
radio 13 11422
radio 13 11935
radio 13 12004
radio 13 12518
radio 13 12548
radio 13 13062
radio 13 13090
radio 13 13604
radio 13 13621
radio 13 14134
radio 13 14151
radio 13 14664
radio 13 14697
radio 13 15211
radio 13 15228
radio 13 15741
radio 13 15758
radio 13 16271
radio 13 16327
radio 13 16841
radio 13 16858
radio 13 17371
radio 13 17388
radio 13 17901
radio 13 17918
radio 13 18431
radio 13 18448
radio 13 18961
radio 13 18978
radio 13 19491
radio 13 19508
radio 13 20021
radio 13 20051
radio 13 20565
radio 13 20598
radio 13 21112
radio 13 21166
radio 13 21680
radio 13 21711
radio 13 22225
radio 13 22254
radio 13 22768
radio 13 22801
radio 13 23315
radio 13 23364
energy 13 23723 7 20605
flood 15 13 23729
radio 13 23731
radio 13 24810
radio 13 25324
radio 13 25345
radio 13 25859
radio 13 25876
radio 13 26389
radio 13 26406
radio 13 26919
radio 13 26936
radio 13 27449
radio 13 27466
radio 13 27979
radio 13 27996
radio 13 28509
radio 13 28539
radio 13 29053
radio 13 29084
radio 13 29598
radio 13 29615
radio 13 30128
radio 13 30184
radio 13 30698
radio 13 30734
radio 13 31248
radio 13 31277
radio 13 31791
radio 13 31808
radio 13 32321
radio 13 32351
radio 13 32865
radio 13 32916
radio 13 33430
radio 13 33447
radio 13 33960
radio 13 33977
radio 13 34490
radio 13 34541
radio 13 35055
radio 13 35083
radio 13 35597
radio 13 35630
radio 13 36144
radio 13 36161
radio 13 36674
radio 13 36706
radio 13 37220
radio 13 37269
radio 13 37783
radio 13 37800
radio 13 38313
radio 13 38363
radio 13 38877
radio 13 38894
radio 13 39407
radio 13 39440
radio 13 39954
radio 13 39971
radio 13 40484
radio 13 40501
radio 13 41014
radio 13 41043
radio 13 41557
radio 13 41610
radio 13 42124
radio 13 42141
radio 13 42654
radio 13 42671
radio 13 43184
radio 13 43217
radio 13 43731
radio 13 43748
flood 16 13 44209
radio 13 44211
radio 13 45297
radio 13 45810
radio 13 45831
radio 13 46344
radio 13 46374
radio 13 46888
radio 13 46905
radio 13 47418
radio 13 47435
radio 13 47948
radio 13 47965
radio 13 48478
radio 13 48495
radio 13 49008
radio 13 49039
radio 13 49553
radio 13 49570
radio 13 50083
radio 13 50100
radio 13 50613
radio 13 50643
radio 13 51157
radio 13 51209
radio 13 51723
radio 13 51754
radio 13 52268
radio 13 52285
radio 13 52798
radio 13 52850
radio 13 53364
radio 13 53393
radio 13 53907
radio 13 53924
radio 13 54437
radio 13 54469
radio 13 54983
radio 13 55036
radio 13 55550
radio 13 55567
radio 13 56080
radio 13 56114
radio 13 56628
radio 13 56664
radio 13 57178
radio 13 57195
radio 13 57708
radio 13 57758
radio 13 58272
radio 13 58308
radio 13 58822
radio 13 58839
radio 13 59352
radio 13 59369
radio 13 59882
radio 13 59899
radio 13 60412
radio 13 60441
radio 13 60955
radio 13 60972
radio 13 61485
radio 13 61517
radio 13 62031
radio 13 62059
radio 13 62573
radio 13 62590
radio 13 63103
radio 13 63120
radio 13 63633
radio 13 63650
radio 13 64163
radio 13 64180
flood 17 13 64689
radio 13 64691
radio 14 345
radio 14 858
radio 14 875
radio 14 1388
radio 14 1405
radio 14 1918
radio 14 1947
radio 14 2461
radio 14 2493
radio 14 3007
radio 14 3082
radio 14 3596
radio 14 3613
radio 14 4126
radio 14 4180
radio 14 4694
radio 14 4711
radio 14 5224
radio 14 5241
radio 14 5754
radio 14 5771
radio 14 6284
radio 14 6336
radio 14 6850
radio 14 6899
radio 14 7413
radio 14 7430
radio 14 7943
radio 14 7975
radio 14 8489
radio 14 8506
radio 14 9019
radio 14 9074
radio 14 9588
radio 14 9605
radio 14 10118
radio 14 10135
radio 14 10648
radio 14 10665
radio 14 11178
radio 14 11195
radio 14 11708
radio 14 11725
radio 14 12238
radio 14 12255
radio 14 12768
radio 14 12880
radio 14 13394
radio 14 13467
radio 14 13981
radio 14 14030
radio 14 14544
radio 14 14561
radio 14 15074
radio 14 15122
radio 14 15636
radio 14 15653
radio 14 16166
radio 14 16202
radio 14 16716
radio 14 16744
radio 14 17258
radio 14 17275
radio 14 17788
radio 14 17837
radio 14 18351
radio 14 18368
radio 14 18881
radio 14 18898
radio 14 19411
radio 14 19440
energy 14 19627 7 26248
flood 18 14 19633
radio 14 19635
radio 14 20717
radio 14 21231
radio 14 21248
radio 14 21762
radio 14 21779
radio 14 22292
radio 14 22309
radio 14 22822
radio 14 22839
radio 14 23352
radio 14 23369
radio 14 23882
radio 14 23912
radio 14 24426
radio 14 24443
radio 14 24957
radio 14 25009
radio 14 25523
radio 14 25551
radio 14 26065
radio 14 26082
radio 14 26595
radio 14 26630
radio 14 27144
radio 14 27174
radio 14 27688
radio 14 27705
radio 14 28218
radio 14 28253
radio 14 28767
radio 14 28816
radio 14 29330
radio 14 29347
radio 14 29860
radio 14 29932
radio 14 30446
radio 14 30499
radio 14 31013
radio 14 31030
radio 14 31543
radio 14 31560
radio 14 32073
radio 14 32090
radio 14 32603
radio 14 32632
radio 14 33146
radio 14 33175
radio 14 33689
radio 14 33718
radio 14 34232
radio 14 34249
radio 14 34762
radio 14 34812
radio 14 35326
radio 14 35380
radio 14 35894
radio 14 35948
radio 14 36462
radio 14 36493
radio 14 37007
radio 14 37024
radio 14 37537
radio 14 37554
radio 14 38067
radio 14 38084
radio 14 38597
radio 14 38614
radio 14 39127
radio 14 39144
radio 14 39657
radio 14 39674
flood 19 14 40113
radio 14 40115
radio 14 41190
radio 14 41704
radio 14 41724
radio 14 42237
radio 14 42265
radio 14 42779
radio 14 42870
radio 14 43384
radio 14 43420
radio 14 43934
radio 14 43963
radio 14 44477
radio 14 44508
radio 14 45022
radio 14 45055
radio 14 45569
radio 14 45622
radio 14 46136
radio 14 46184
radio 14 46698
radio 14 46753
radio 14 47267
radio 14 47284
radio 14 47797
radio 14 47825
radio 14 48339
radio 14 48356
radio 14 48869
radio 14 48886
radio 14 49399
radio 14 49428
radio 14 49942
radio 14 49959
radio 14 50472
radio 14 50508
radio 14 51022
radio 14 51055
radio 14 51569
radio 14 51599
radio 14 52113
radio 14 52147
radio 14 52661
radio 14 52678
radio 14 53191
radio 14 53208
radio 14 53722
radio 14 53771
radio 14 54285
radio 14 54302
radio 14 54815
radio 14 54844
radio 14 55358
radio 14 55375
radio 14 55888
radio 14 55937
radio 14 56451
radio 14 56468
radio 14 56981
radio 14 57029
radio 14 57543
radio 14 57573
radio 14 58087
radio 14 58104
radio 14 58617
radio 14 58634
radio 14 59147
radio 14 59178
radio 14 59692
radio 14 59709
radio 14 60222
radio 14 60277
flood 20 14 60593
radio 14 60595
radio 14 61741
radio 14 62255
radio 14 62285
radio 14 62799
radio 14 62827
radio 14 63341
radio 14 63358
radio 14 63871
radio 14 63888
radio 14 64401
radio 14 64418
radio 14 64931
radio 14 64985
radio 14 65499
radio 14 65529
radio 15 507
radio 15 535
radio 15 1048
radio 15 1065
radio 15 1578
radio 15 1626
radio 15 2140
radio 15 2169
radio 15 2683
radio 15 2717
radio 15 3231
radio 15 3248
radio 15 3761
radio 15 3778
radio 15 4291
radio 15 4308
radio 15 4821
radio 15 4838
radio 15 5351
radio 15 5368
radio 15 5881
radio 15 5898
radio 15 6411
radio 15 6428
radio 15 6941
radio 15 6958
radio 15 7471
radio 15 7488
radio 15 8001
radio 15 8030
radio 15 8544
radio 15 8577
radio 15 9091
radio 15 9108
radio 15 9621
radio 15 9670
radio 15 10184
radio 15 10218
radio 15 10732
radio 15 10767
radio 15 11281
radio 15 11298
radio 15 11811
radio 15 11828
radio 15 12341
radio 15 12358
radio 15 12871
radio 15 12888
radio 15 13401
radio 15 13418
radio 15 13931
radio 15 13966
radio 15 14480
radio 15 14511
radio 15 15025
radio 15 15042
energy 15 15531 7 31804
flood 21 15 15537
radio 15 15539
radio 15 16617
radio 15 17131
radio 15 17181
radio 15 17695
radio 15 17723
radio 15 18237
radio 15 18254
radio 15 18767
radio 15 18784
radio 15 19297
radio 15 19314
radio 15 19827
radio 15 19844
radio 15 20357
radio 15 20374
radio 15 20887
radio 15 20920
radio 15 21434
radio 15 21463
radio 15 21977
radio 15 22011
radio 15 22525
radio 15 22542
radio 15 23055
radio 15 23072
radio 15 23585
radio 15 23639
radio 15 24153
radio 15 24209
radio 15 24723
radio 15 24740
radio 15 25253
radio 15 25270
radio 15 25783
radio 15 25813
radio 15 26327
radio 15 26344
radio 15 26857
radio 15 26886
radio 15 27400
radio 15 27429
radio 15 27943
radio 15 27960
radio 15 28473
radio 15 28490
radio 15 29003
radio 15 29020
radio 15 29533
radio 15 29550
radio 15 30063
radio 15 30093
radio 15 30607
radio 15 30624
radio 15 31137
radio 15 31154
radio 15 31667
radio 15 31684
radio 15 32197
radio 15 32214
radio 15 32727
radio 15 32744
radio 15 33257
radio 15 33287
radio 15 33801
radio 15 33851
radio 15 34365
radio 15 34397
radio 15 34911
radio 15 34928
radio 15 35441
radio 15 35458
radio 15 35971
flood 22 15 36017
radio 15 37093
radio 15 37607
radio 15 37687
radio 15 38200
radio 15 38231
radio 15 38745
radio 15 38762
radio 15 39275
radio 15 39307
radio 15 39821
radio 15 39838
radio 15 40351
radio 15 40368
radio 15 40881
radio 15 40937
radio 15 41451
radio 15 41468
radio 15 41981
radio 15 42015
radio 15 42529
radio 15 42546
radio 15 43059
radio 15 43089
radio 15 43603
radio 15 43620
radio 15 44133
radio 15 44150
radio 15 44663
radio 15 44680
radio 15 45193
radio 15 45284
radio 15 45798
radio 15 45826
radio 15 46340
radio 15 46357
radio 15 46870
radio 15 46899
radio 15 47413
radio 15 47430
radio 15 47943
radio 15 47960
radio 15 48473
radio 15 48490
radio 15 49003
radio 15 49056
radio 15 49570
radio 15 49587
radio 15 50100
radio 15 50117
radio 15 50630
radio 15 50661
radio 15 51175
radio 15 51225
radio 15 51739
radio 15 51767
radio 15 52281
radio 15 52311
radio 15 52825
radio 15 52842
radio 15 53355
radio 15 53386
radio 15 53900
radio 15 53931
radio 15 54445
radio 15 54476
radio 15 54990
radio 15 55038
radio 15 55552
radio 15 55569
radio 15 56082
radio 15 56114
flood 23 15 56497
radio 15 56499
radio 15 57618
radio 15 58132
radio 15 58184
radio 15 58698
radio 15 58726
radio 15 59240
radio 15 59271
radio 15 59785
radio 15 59802
radio 15 60315
radio 15 60332
radio 15 60845
radio 15 60875
radio 15 61389
radio 15 61417
radio 15 61931
radio 15 61965
radio 15 62479
radio 15 62496
radio 15 63009
radio 15 63026
radio 15 63539
radio 15 63556
radio 15 64069
radio 15 64122
radio 15 64636
radio 15 64685
radio 15 65199
radio 15 65228
radio 16 206
radio 16 257
radio 16 770
radio 16 787
radio 16 1300
radio 16 1331
radio 16 1845
radio 16 1862
radio 16 2375
radio 16 2409
radio 16 2923
radio 16 2940
radio 16 3453
radio 16 3470
radio 16 3983
radio 16 4013
radio 16 4527
radio 16 4556
radio 16 5070
radio 16 5122
radio 16 5636
radio 16 5684
radio 16 6198
radio 16 6229
radio 16 6743
radio 16 6819
radio 16 7333
radio 16 7350
radio 16 7863
radio 16 7911
radio 16 8425
radio 16 8442
radio 16 8955
radio 16 9003
radio 16 9517
radio 16 9534
radio 16 10047
radio 16 10064
radio 16 10577
radio 16 10594
radio 16 11107
radio 16 11124
energy 16 11435 7 37402
flood 24 16 11441
radio 16 11443
radio 16 12526
radio 16 13039
radio 16 13095
radio 16 13609
radio 16 13640
radio 16 14154
radio 16 14203
radio 16 14717
radio 16 14753
radio 16 15267
radio 16 15295
radio 16 15809
radio 16 15826
radio 16 16339
radio 16 16356
radio 16 16869
radio 16 16886
radio 16 17399
radio 16 17416
radio 16 17930
radio 16 17962
radio 16 18476
radio 16 18493
radio 16 19006
radio 16 19035
radio 16 19549
radio 16 19577
radio 16 20091
radio 16 20108
radio 16 20621
radio 16 20656
radio 16 21170
radio 16 21187
radio 16 21700
radio 16 21717
radio 16 22230
radio 16 22259
radio 16 22773
radio 16 22808
radio 16 23322
radio 16 23351
radio 16 23865
radio 16 23898
radio 16 24412
radio 16 24440
radio 16 24954
radio 16 24984
radio 16 25498
radio 16 25515
radio 16 26028
radio 16 26045
radio 16 26558
radio 16 26575
radio 16 27088
radio 16 27158
radio 16 27672
radio 16 27703
radio 16 28217
radio 16 28247
radio 16 28761
radio 16 28778
radio 16 29291
radio 16 29308
radio 16 29822
radio 16 29871
radio 16 30385
radio 16 30415
radio 16 30929
radio 16 30960
radio 16 31474
radio 16 31491
flood 25 16 31921
radio 16 31923
radio 16 33034
radio 16 33547
radio 16 33578
radio 16 34092
radio 16 34109
radio 16 34622
radio 16 34639
radio 16 35152
radio 16 35186
radio 16 35700
radio 16 35733
radio 16 36247
radio 16 36264
radio 16 36777
radio 16 36794
radio 16 37307
radio 16 37324
radio 16 37837
radio 16 37854
radio 16 38367
radio 16 38384
radio 16 38897
radio 16 38929
radio 16 39443
radio 16 39472
radio 16 39986
radio 16 40003
radio 16 40516
radio 16 40566
radio 16 41080
radio 16 41108
radio 16 41622
radio 16 41639
radio 16 42152
radio 16 42201
radio 16 42715
radio 16 42770
radio 16 43284
radio 16 43314
radio 16 43828
radio 16 43856
radio 16 44370
radio 16 44399
radio 16 44913
radio 16 44930
radio 16 45443
radio 16 45477
radio 16 45991
radio 16 46008
radio 16 46521
radio 16 46538
radio 16 47051
radio 16 47068
radio 16 47581
radio 16 47616
radio 16 48130
radio 16 48147
radio 16 48660
radio 16 48690
radio 16 49204
radio 16 49221
radio 16 49734
radio 16 49751
radio 16 50264
radio 16 50300
radio 16 50814
radio 16 50848
radio 16 51362
radio 16 51394
radio 16 51908
radio 16 51925
flood 26 16 52401
radio 16 52403
radio 16 53482
radio 16 53996
radio 16 54017
radio 16 54530
radio 16 54547
radio 16 55060
radio 16 55091
radio 16 55605
radio 16 55622
radio 16 56135
radio 16 56152
radio 16 56665
radio 16 56697
radio 16 57211
radio 16 57246
radio 16 57760
radio 16 57790
radio 16 58304
radio 16 58355
radio 16 58869
radio 16 58899
radio 16 59413
radio 16 59430
radio 16 59943
radio 16 59976
radio 16 60490
radio 16 60507
radio 16 61020
radio 16 61037
radio 16 61550
radio 16 61659
radio 16 62173
radio 16 62227
radio 16 62741
radio 16 62797
radio 16 63311
radio 16 63328
radio 16 63841
radio 16 63858
radio 16 64371
radio 16 64406
radio 16 64920
radio 16 64937
radio 16 65450
radio 16 65467
radio 17 444
radio 17 537
radio 17 1050
radio 17 1099
radio 17 1613
radio 17 1666
radio 17 2180
radio 17 2329
radio 17 2843
radio 17 2879
radio 17 3393
radio 17 3410
radio 17 3923
radio 17 3953
radio 17 4467
radio 17 4500
radio 17 5014
radio 17 5050
radio 17 5564
radio 17 5581
radio 17 6094
radio 17 6143
radio 17 6657
radio 17 6687
radio 17 7201
radio 17 7235
energy 17 7339 7 43193
flood 27 17 7345
radio 17 7347
radio 17 8428
radio 17 8941
radio 17 8958
radio 17 9471
radio 17 9488
radio 17 10001
radio 17 10035
radio 17 10549
radio 17 10566
radio 17 11079
radio 17 11108
radio 17 11622
radio 17 11639
radio 17 12152
radio 17 12169
radio 17 12682
radio 17 12699
radio 17 13212
radio 17 13229
radio 17 13742
radio 17 13792
radio 17 14306
radio 17 14354
radio 17 14868
radio 17 14885
radio 17 15398
radio 17 15415
radio 17 15928
radio 17 15958
radio 17 16472
radio 17 16506
radio 17 17020
radio 17 17074
radio 17 17588
radio 17 17605
radio 17 18118
radio 17 18135
radio 17 18648
radio 17 18679
radio 17 19193
radio 17 19210
radio 17 19723
radio 17 19740
radio 17 20253
radio 17 20287
radio 17 20801
radio 17 20854
radio 17 21368
radio 17 21385
radio 17 21898
radio 17 21915
radio 17 22428
radio 17 22478
radio 17 22992
radio 17 23020
radio 17 23534
radio 17 23582
radio 17 24096
radio 17 24113
radio 17 24626
radio 17 24643
radio 17 25156
radio 17 25187
radio 17 25701
radio 17 25718
radio 17 26231
radio 17 26248
radio 17 26761
radio 17 26792
radio 17 27306
radio 17 27355
flood 28 17 27825
radio 17 27827
radio 17 28904
radio 17 29418
radio 17 29438
radio 17 29952
radio 17 29984
radio 17 30498
radio 17 30515
radio 17 31028
radio 17 31058
radio 17 31572
radio 17 31624
radio 17 32138
radio 17 32170
radio 17 32684
radio 17 32701
radio 17 33214
radio 17 33248
radio 17 33762
radio 17 33779
radio 17 34292
radio 17 34343
radio 17 34857
radio 17 34887
radio 17 35401
radio 17 35430
radio 17 35944
radio 17 35961
radio 17 36474
radio 17 36491
radio 17 37004
radio 17 37038
radio 17 37552
radio 17 37582
radio 17 38096
radio 17 38127
radio 17 38641
radio 17 38658
radio 17 39171
radio 17 39188
radio 17 39701
radio 17 39730
radio 17 40244
radio 17 40261
radio 17 40774
radio 17 40791
radio 17 41304
radio 17 41321
radio 17 41834
radio 17 41888
radio 17 42402
radio 17 42477
radio 17 42991
radio 17 43008
radio 17 43521
radio 17 43552
radio 17 44066
radio 17 44098
radio 17 44612
radio 17 44640
radio 17 45154
radio 17 45171
radio 17 45684
radio 17 45701
radio 17 46214
radio 17 46250
radio 17 46764
radio 17 46781
radio 17 47294
radio 17 47311
radio 17 47824
radio 17 47841
flood 29 17 48305
radio 17 48307
radio 17 49379
radio 17 49893
radio 17 49928
radio 17 50442
radio 17 50459
radio 17 50972
radio 17 50989
radio 17 51502
radio 17 51533
radio 17 52047
radio 17 52064
radio 17 52577
radio 17 52608
radio 17 53122
radio 17 53139
radio 17 53652
radio 17 53669
radio 17 54182
radio 17 54199
radio 17 54712
radio 17 54729
radio 17 55242
radio 17 55259
radio 17 55772
radio 17 55804
radio 17 56318
radio 17 56371
radio 17 56885
radio 17 56902
radio 17 57415
radio 17 57444
radio 17 57958
radio 17 57975
radio 17 58488
radio 17 58523
radio 17 59037
radio 17 59067
radio 17 59581
radio 17 59615
radio 17 60129
radio 17 60158
radio 17 60672
radio 17 60700
radio 17 61214
radio 17 61231
radio 17 61744
radio 17 61761
radio 17 62274
radio 17 62291
radio 17 62804
radio 17 62821
radio 17 63334
radio 17 63409
radio 17 63923
radio 17 63954
radio 17 64468
radio 17 64500
radio 17 65014
radio 17 65031
radio 18 8
radio 18 58
radio 18 571
radio 18 599
radio 18 1112
radio 18 1129
radio 18 1642
radio 18 1693
radio 18 2207
radio 18 2224
radio 18 2737
radio 18 2754
energy 18 3243 7 48572
flood 30 18 3249
radio 18 3251
radio 18 4339
radio 18 4852
radio 18 4869
radio 18 5382
radio 18 5399
radio 18 5912
radio 18 5947
radio 18 6461
radio 18 6478
radio 18 6991
radio 18 7008
radio 18 7521
radio 18 7550
radio 18 8064
radio 18 8095
radio 18 8609
radio 18 8662
radio 18 9176
radio 18 9193
radio 18 9706
radio 18 9735
radio 18 10249
radio 18 10266
radio 18 10779
radio 18 10812
radio 18 11326
radio 18 11343
radio 18 11856
radio 18 11873
radio 18 12386
radio 18 12434
radio 18 12948
radio 18 12981
radio 18 13495
radio 18 13529
radio 18 14043
radio 18 14076
radio 18 14590
radio 18 14607
radio 18 15120
radio 18 15137
radio 18 15650
radio 18 15667
radio 18 16180
radio 18 16213
radio 18 16727
radio 18 16758
radio 18 17272
radio 18 17289
radio 18 17802
radio 18 17819
radio 18 18333
radio 18 18350
radio 18 18863
radio 18 18880
radio 18 19393
radio 18 19423
radio 18 19937
radio 18 19987
radio 18 20501
radio 18 20518
radio 18 21031
radio 18 21063
radio 18 21577
radio 18 21608
radio 18 22122
radio 18 22173
radio 18 22687
radio 18 22704
radio 18 23217
radio 18 23269
flood 31 18 23729
radio 18 23731
radio 18 24811
radio 18 25325
radio 18 25339
radio 18 25853
radio 18 25870
radio 18 26383
radio 18 26412
radio 18 26926
radio 18 26955
radio 18 27469
radio 18 27486
radio 18 27999
radio 18 28029
radio 18 28543
radio 18 28560
radio 18 29073
radio 18 29090
radio 18 29603
radio 18 29657
radio 18 30171
radio 18 30199
radio 18 30713
radio 18 30747
radio 18 31261
radio 18 31278
radio 18 31791
radio 18 31808
radio 18 32321
radio 18 32338
radio 18 32851
radio 18 32868
radio 18 33381
radio 18 33437
radio 18 33951
radio 18 33968
radio 18 34481
radio 18 34498
radio 18 35011
radio 18 35028
radio 18 35541
radio 18 35596
radio 18 36110
radio 18 36158
radio 18 36672
radio 18 36689
radio 18 37202
radio 18 37235
radio 18 37749
radio 18 37802
radio 18 38316
radio 18 38348
radio 18 38862
radio 18 38879
radio 18 39392
radio 18 39409
radio 18 39922
radio 18 39939
radio 18 40452
radio 18 40469
radio 18 40982
radio 18 40999
radio 18 41512
radio 18 41529
radio 18 42042
radio 18 42059
radio 18 42572
radio 18 42605
radio 18 43119
radio 18 43136
radio 18 43649
radio 18 43679
radio 18 44193
flood 32 18 44213
radio 18 45274
radio 18 45788
radio 18 45812
radio 18 46326
radio 18 46397
radio 18 46911
radio 18 46967
radio 18 47481
radio 18 47498
radio 18 48011
radio 18 48042
radio 18 48556
radio 18 48610
radio 18 49124
radio 18 49141
radio 18 49655
radio 18 49672
radio 18 50185
radio 18 50202
radio 18 50715
radio 18 50743
radio 18 51257
radio 18 51274
radio 18 51787
radio 18 51821
radio 18 52335
radio 18 52389
radio 18 52903
radio 18 52920
radio 18 53433
radio 18 53450
radio 18 53963
radio 18 54011
radio 18 54525
radio 18 54579
radio 18 55093
radio 18 55143
radio 18 55657
radio 18 55674
radio 18 56187
radio 18 56204
radio 18 56717
radio 18 56734
radio 18 57248
radio 18 57265
radio 18 57778
radio 18 57795
radio 18 58308
radio 18 58362
radio 18 58876
radio 18 58907
radio 18 59421
radio 18 59438
radio 18 59951
radio 18 59968
radio 18 60481
radio 18 60498
radio 18 61011
radio 18 61028
radio 18 61541
radio 18 61570
radio 18 62084
radio 18 62139
radio 18 62653
radio 18 62688
radio 18 63202
radio 18 63230
radio 18 63744
radio 18 63792
radio 18 64306
radio 18 64323
energy 18 64683 7 54042
flood 33 18 64693
radio 18 64695
radio 19 235
radio 19 749
radio 19 766
radio 19 1279
radio 19 1296
radio 19 1809
radio 19 1826
radio 19 2339
radio 19 2367
radio 19 2881
radio 19 2898
radio 19 3411
radio 19 3442
radio 19 3956
radio 19 3973
radio 19 4486
radio 19 4521
radio 19 5035
radio 19 5086
radio 19 5600
radio 19 5633
radio 19 6147
radio 19 6181
radio 19 6695
radio 19 6712
radio 19 7225
radio 19 7255
radio 19 7769
radio 19 7798
radio 19 8312
radio 19 8343
radio 19 8857
radio 19 8885
radio 19 9399
radio 19 9416
radio 19 9929
radio 19 9946
radio 19 10459
radio 19 10476
radio 19 10989
radio 19 11006
radio 19 11519
radio 19 11536
radio 19 12049
radio 19 12066
radio 19 12579
radio 19 12596
radio 19 13109
radio 19 13143
radio 19 13657
radio 19 13687
radio 19 14201
radio 19 14232
radio 19 14746
radio 19 14774
radio 19 15288
radio 19 15305
radio 19 15818
radio 19 15849
radio 19 16363
radio 19 16413
radio 19 16927
radio 19 16976
radio 19 17490
radio 19 17507
radio 19 18020
radio 19 18037
radio 19 18550
radio 19 18567
radio 19 19080
radio 19 19097
radio 19 19610
flood 34 19 19637
radio 19 20746
radio 19 21260
radio 19 21281
radio 19 21795
radio 19 21869
radio 19 22383
radio 19 22431
radio 19 22945
radio 19 22962
radio 19 23475
radio 19 23505
radio 19 24019
radio 19 24036
radio 19 24549
radio 19 24579
radio 19 25093
radio 19 25110
radio 19 25623
radio 19 25672
radio 19 26186
radio 19 26219
radio 19 26733
radio 19 26750
radio 19 27263
radio 19 27280
radio 19 27793
radio 19 27810
radio 19 28323
radio 19 28340
radio 19 28853
radio 19 28870
radio 19 29383
radio 19 29400
radio 19 29913
radio 19 29930
radio 19 30443
radio 19 30460
radio 19 30973
radio 19 31029
radio 19 31543
radio 19 31560
radio 19 32073
radio 19 32102
radio 19 32616
radio 19 32665
radio 19 33179
radio 19 33211
radio 19 33725
radio 19 33742
radio 19 34255
radio 19 34272
radio 19 34785
radio 19 34802
radio 19 35315
radio 19 35332
radio 19 35845
radio 19 35881
radio 19 36395
radio 19 36412
radio 19 36925
radio 19 36976
radio 19 37490
radio 19 37520
radio 19 38034
radio 19 38051
radio 19 38564
radio 19 38593
radio 19 39107
radio 19 39136
radio 19 39650
radio 19 39725
flood 35 19 40117
radio 19 40119
radio 19 41195
radio 19 41708
radio 19 41737
radio 19 42251
radio 19 42286
radio 19 42800
radio 19 42817
radio 19 43330
radio 19 43347
radio 19 43860
radio 19 43890
radio 19 44404
radio 19 44432
radio 19 44946
radio 19 44979
radio 19 45493
radio 19 45525
radio 19 46039
radio 19 46090
radio 19 46604
radio 19 46653
radio 19 47167
radio 19 47184
radio 19 47697
radio 19 47725
radio 19 48239
radio 19 48256
radio 19 48769
radio 19 48786
radio 19 49299
radio 19 49316
radio 19 49829
radio 19 49846
radio 19 50359
radio 19 50376
radio 19 50889
radio 19 50906
radio 19 51419
radio 19 51436
radio 19 51949
radio 19 51981
radio 19 52495
radio 19 52526
radio 19 53040
radio 19 53072
radio 19 53586
radio 19 53603
radio 19 54116
radio 19 54167
radio 19 54681
radio 19 54735
radio 19 55249
radio 19 55266
radio 19 55779
radio 19 55809
radio 19 56323
radio 19 56371
radio 19 56885
radio 19 56917
radio 19 57431
radio 19 57460
radio 19 57974
radio 19 58004
radio 19 58518
radio 19 58547
radio 19 59061
radio 19 59078
radio 19 59591
radio 19 59608
radio 19 60121
radio 19 60170
energy 19 60587 7 59522
flood 36 19 60597
radio 19 60599
radio 19 61679
radio 19 62193
radio 19 62210
radio 19 62723
radio 19 62755
radio 19 63269
radio 19 63322
radio 19 63836
radio 19 63853
radio 19 64366
radio 19 64397
radio 19 64911
radio 19 64928
radio 19 65441
radio 19 65458
radio 20 435
radio 20 452
radio 20 965
radio 20 1000
radio 20 1514
radio 20 1563
radio 20 2077
radio 20 2105
radio 20 2619
radio 20 2636
radio 20 3149
radio 20 3166
radio 20 3679
radio 20 3696
radio 20 4209
radio 20 4284
radio 20 4798
radio 20 4829
radio 20 5343
radio 20 5360
radio 20 5873
radio 20 5890
radio 20 6403
radio 20 6420
radio 20 6933
radio 20 6950
radio 20 7463
radio 20 7480
radio 20 7993
radio 20 8027
radio 20 8541
radio 20 8570
radio 20 9084
radio 20 9101
radio 20 9614
radio 20 9631
radio 20 10144
radio 20 10161
radio 20 10674
radio 20 10705
radio 20 11219
radio 20 11236
radio 20 11749
radio 20 11800
radio 20 12314
radio 20 12345
radio 20 12859
radio 20 12891
radio 20 13405
radio 20 13422
radio 20 13935
radio 20 13970
radio 20 14484
radio 20 14501
radio 20 15014
radio 20 15083
flood 37 20 15541
radio 20 15543
radio 20 16620
radio 20 17134
radio 20 17169
radio 20 17683
radio 20 17700
radio 20 18213
radio 20 18230
radio 20 18743
radio 20 18774
radio 20 19288
radio 20 19344
radio 20 19858
radio 20 19908
radio 20 20422
radio 20 20439
radio 20 20952
radio 20 20985
radio 20 21499
radio 20 21516
radio 20 22029
radio 20 22046
radio 20 22559
radio 20 22576
radio 20 23089
radio 20 23121
radio 20 23635
radio 20 23688
radio 20 24202
radio 20 24219
radio 20 24732
radio 20 24749
radio 20 25262
radio 20 25279
radio 20 25792
radio 20 25846
radio 20 26360
radio 20 26415
radio 20 26929
radio 20 26946
radio 20 27459
radio 20 27493
radio 20 28007
radio 20 28040
radio 20 28554
radio 20 28571
radio 20 29084
radio 20 29101
radio 20 29614
radio 20 29663
radio 20 30177
radio 20 30194
radio 20 30707
radio 20 30736
radio 20 31250
radio 20 31267
radio 20 31780
radio 20 31797
radio 20 32310
radio 20 32327
radio 20 32840
radio 20 32857
radio 20 33370
radio 20 33387
radio 20 33900
radio 20 33933
radio 20 34447
radio 20 34464
radio 20 34977
radio 20 35009
radio 20 35523
radio 20 35553
flood 38 20 36021
radio 20 36023
radio 20 37102
radio 20 37616
radio 20 37651
radio 20 38165
radio 20 38182
radio 20 38695
radio 20 38712
radio 20 39225
radio 20 39275
radio 20 39789
radio 20 39818
radio 20 40332
radio 20 40368
radio 20 40882
radio 20 40899
radio 20 41412
radio 20 41429
radio 20 41942
radio 20 41959
radio 20 42472
radio 20 42489
radio 20 43002
radio 20 43052
radio 20 43566
radio 20 43614
radio 20 44128
radio 20 44158
radio 20 44672
radio 20 44689
radio 20 45202
radio 20 45219
radio 20 45732
radio 20 45763
radio 20 46277
radio 20 46333
radio 20 46847
radio 20 46876
radio 20 47390
radio 20 47407
radio 20 47920
radio 20 47937
radio 20 48450
radio 20 48503
radio 20 49017
radio 20 49066
radio 20 49580
radio 20 49597
radio 20 50110
radio 20 50127
radio 20 50640
radio 20 50670
radio 20 51184
radio 20 51216
radio 20 51730
radio 20 51747
radio 20 52260
radio 20 52277
