Thread[Thread-1,5,main]tree 62 15 18 12 0 0
radio 7 14524
radio 7 14528
radio 7 14560
radio 7 15074
radio 7 15108
radio 7 15622
radio 7 15653
radio 7 16167
radio 7 16184
radio 7 16697
radio 7 16747
radio 7 17261
radio 7 17278
radio 7 17791
radio 7 17825
radio 7 18339
radio 7 18374
radio 7 18888
radio 7 18905
radio 7 19418
radio 7 19469
radio 7 19983
radio 7 20016
radio 7 20530
radio 7 20560
radio 7 21074
radio 7 21104
radio 7 21618
radio 7 21672
radio 7 22186
radio 7 22203
radio 7 22716
radio 7 22733
radio 7 23246
radio 7 23277
radio 7 23791
radio 7 23808
radio 7 24321
radio 7 24349
radio 7 24863
radio 7 24894
radio 7 25408
radio 7 25425
radio 7 25938
radio 7 25955
radio 7 26468
radio 7 26502
radio 7 27016
radio 7 27033
radio 7 27546
radio 7 27577
radio 7 28091
radio 7 28125
radio 7 28639
radio 7 28656
radio 7 29169
radio 7 29186
radio 7 29699
radio 7 29716
radio 7 30229
radio 7 30246
radio 7 30759
radio 7 30787
radio 7 31301
radio 7 31318
radio 7 31831
radio 7 31848
radio 7 32361
radio 7 32378
radio 7 32891
radio 7 32964
radio 7 33478
radio 7 33573
radio 7 34087
radio 7 34104
radio 7 34617
radio 7 34634
radio 7 35147
radio 7 35202
radio 7 35716
radio 7 35733
radio 7 36246
radio 7 36300
radio 7 36814
radio 7 36843
radio 7 37357
radio 7 37374
radio 7 37887
radio 7 37904
radio 7 38417
radio 7 38434
radio 7 38947
radio 7 38964
radio 7 39477
radio 7 39494
radio 7 40007
radio 7 40024
radio 7 40537
radio 7 40554
radio 7 41067
radio 7 41084
radio 7 41597
radio 7 41708
radio 7 42222
radio 7 42257
radio 7 42771
radio 7 42824
radio 7 43338
radio 7 43355
radio 7 43868
radio 7 43885
radio 7 44398
radio 7 44415
radio 7 44928
radio 7 44945
radio 7 45458
radio 7 45475
radio 7 45988
radio 7 46005
radio 7 46518
radio 7 46535
radio 7 47048
radio 7 47081
radio 7 47595
radio 7 47612
radio 7 48125
radio 7 48142
radio 7 48655
radio 7 48703
radio 7 49217
radio 7 49246
radio 7 49760
radio 7 49777
radio 7 50290
radio 7 50307
radio 7 50820
radio 7 50876
radio 7 51390
radio 7 51407
radio 7 51920
radio 7 51937
radio 7 52450
radio 7 52503
radio 7 53017
radio 7 53034
radio 7 53547
radio 7 53598
radio 7 54112
radio 7 54146
radio 7 54660
radio 7 54677
radio 7 55190
radio 7 55207
radio 7 55720
radio 7 55737
radio 7 56250
radio 7 56281
radio 7 56795
radio 7 56845
radio 7 57359
radio 7 57376
radio 7 57889
radio 7 57906
radio 7 58419
radio 7 58436
radio 7 58949
radio 7 59002
radio 7 59516
radio 7 59533
radio 7 60046
radio 7 60063
radio 7 60576
radio 7 60628
radio 7 61142
radio 7 61159
radio 7 61672
radio 7 61689
radio 7 62202
radio 7 62219
radio 7 62732
radio 7 62749
radio 7 63262
radio 7 63279
radio 7 63792
radio 7 63809
radio 7 64322
radio 7 64352
radio 7 64866
radio 7 64883
radio 7 65396
radio 7 65445
radio 8 423
radio 8 440
radio 8 953
radio 8 969
radio 8 1483
radio 8 1518
radio 8 2032
radio 8 2101
radio 8 2615
radio 8 2632
radio 8 3145
radio 8 3173
radio 8 3687
radio 8 3704
radio 8 4217
radio 8 4234
radio 8 4747
radio 8 4764
radio 8 5277
radio 8 5294
radio 8 5807
radio 8 5824
radio 8 6337
radio 8 6354
radio 8 6867
radio 8 6901
radio 8 7415
radio 8 7445
radio 8 7959
radio 8 7976
radio 8 8489
radio 8 8519
radio 8 9033
radio 8 9050
radio 8 9563
radio 8 9615
radio 8 10128
radio 8 10182
energy 8 10439 7 16948
radio 8 10696
radio 8 10713
radio 8 11226
radio 8 11243
radio 8 11756
radio 8 11785
radio 8 12299
radio 8 12316
radio 8 12829
radio 8 12846
radio 8 13359
radio 8 13388
radio 8 13902
radio 8 13934
radio 8 14448
radio 8 14465
radio 8 14978
radio 8 14995
radio 8 15508
radio 8 15538
radio 8 16052
radio 8 16069
radio 8 16582
radio 8 16610
radio 8 17124
radio 8 17141
radio 8 17654
radio 8 17690
radio 8 18204
radio 8 18221
radio 8 18734
radio 8 18786
radio 8 19300
radio 8 19330
radio 8 19844
radio 8 19861
radio 8 20374
radio 8 20391
radio 8 20904
radio 8 20939
radio 8 21453
radio 8 21470
radio 8 21983
radio 8 22036
radio 8 22550
radio 8 22567
radio 8 23080
radio 8 23108
radio 8 23622
radio 8 23673
radio 8 24187
radio 8 24223
radio 8 24737
radio 8 24754
radio 8 25267
radio 8 25284
radio 8 25797
radio 8 25869
radio 8 26383
radio 8 26435
radio 8 26949
radio 8 26982
radio 8 27496
radio 8 27545
radio 8 28059
radio 8 28092
radio 8 28606
radio 8 28623
radio 8 29136
radio 8 29184
radio 8 29698
radio 8 29715
radio 8 30228
radio 8 30279
radio 8 30793
radio 8 30829
radio 8 31343
radio 8 31379
radio 8 31893
radio 8 31927
radio 8 32441
radio 8 32458
radio 8 32971
radio 8 33002
radio 8 33516
radio 8 33533
radio 8 34046
radio 8 34120
radio 8 34634
radio 8 34683
radio 8 35197
radio 8 35253
radio 8 35767
radio 8 35784
radio 8 36297
radio 8 36314
radio 8 36827
radio 8 36844
radio 8 37357
radio 8 37486
radio 8 38000
radio 8 38048
radio 8 38562
radio 8 38630
radio 8 39144
radio 8 39192
radio 8 39706
radio 8 39758
radio 8 40272
radio 8 40305
radio 8 40819
radio 8 40870
radio 8 41384
radio 8 41440
radio 8 41954
radio 8 41971
radio 8 42484
radio 8 42501
radio 8 43014
radio 8 43042
radio 8 43556
delay 0 18 8 43602 8 43949 9 18 9 0 148 0 0
radio 8 43610
radio 8 44124
radio 8 44140
radio 8 44653
radio 8 44673
radio 8 45186
radio 8 45203
radio 8 45716
radio 8 45733
radio 8 46246
radio 8 46263
radio 8 46776
radio 8 46793
radio 8 47306
radio 8 47340
radio 8 47854
radio 8 47871
radio 8 48384
radio 8 48401
radio 8 48914
radio 8 48947
radio 8 49461
radio 8 49509
radio 8 50023
radio 8 50040
radio 8 50553
radio 8 50570
radio 8 51083
radio 8 51100
radio 8 51613
radio 8 51630
radio 8 52143
radio 8 52195
radio 8 52709
radio 8 52745
radio 8 53259
radio 8 53290
radio 8 53804
radio 8 53834
radio 8 54348
radio 8 54378
radio 8 54892
radio 8 54925
radio 8 55439
radio 8 55487
radio 8 56001
radio 8 56032
radio 8 56546
radio 8 56599
radio 8 57113
radio 8 57149
radio 8 57663
radio 8 57680
radio 8 58193
radio 8 58210
radio 8 58723
radio 8 58754
radio 8 59268
radio 8 59285
radio 8 59798
radio 8 59830
radio 8 60344
radio 8 60361
radio 8 60874
radio 8 60891
radio 8 61404
radio 8 61421
radio 8 61934
radio 8 61951
radio 8 62464
radio 8 62497
radio 8 63011
radio 8 63028
radio 8 63541
radio 8 63577
radio 8 64091
delay 1 19 8 64106 8 64409 18 18 65535 0 206 0 0
radio 8 64114
radio 8 64628
radio 8 64671
radio 8 65185
radio 8 65203
radio 9 181
radio 9 231
radio 9 744
radio 9 775
radio 9 1288
radio 9 1337
radio 9 1850
radio 9 1867
radio 9 2380
radio 9 2413
radio 9 2927
radio 9 2956
radio 9 3470
radio 9 3504
radio 9 4018
radio 9 4035
radio 9 4548
radio 9 4565
radio 9 5078
radio 9 5110
radio 9 5624
radio 9 5678
radio 9 6191
radio 9 6226
energy 9 6343 7 19763
radio 9 6740
radio 9 6790
radio 9 7304
radio 9 7321
radio 9 7834
radio 9 7886
radio 9 8399
radio 9 8416
radio 9 8929
radio 9 8946
radio 9 9459
radio 9 9476
radio 9 9989
radio 9 10040
radio 9 10554
radio 9 10608
radio 9 11122
radio 9 11139
radio 9 11652
radio 9 11669
radio 9 12182
radio 9 12231
radio 9 12745
radio 9 12762
radio 9 13275
radio 9 13292
radio 9 13805
radio 9 13822
radio 9 14335
radio 9 14407
radio 9 14921
radio 9 14971
radio 9 15485
radio 9 15521
radio 9 16035
radio 9 16052
radio 9 16565
radio 9 16582
radio 9 17095
radio 9 17112
radio 9 17625
radio 9 17659
radio 9 18173
radio 9 18204
radio 9 18718
radio 9 18735
radio 9 19248
delay 2 18 9 19292 9 19639 9 18 9 0 321 0 0
radio 9 19299
radio 9 19814
radio 9 19857
radio 9 20370
radio 9 20387
radio 9 20900
radio 9 20930
radio 9 21444
radio 9 21461
radio 9 21974
radio 9 22003
radio 9 22517
radio 9 22627
radio 9 23141
radio 9 23216
radio 9 23730
radio 9 23761
radio 9 24275
radio 9 24364
radio 9 24878
radio 9 24926
radio 9 25440
radio 9 25472
radio 9 25986
radio 9 26003
radio 9 26516
radio 9 26565
radio 9 27079
radio 9 27130
radio 9 27644
radio 9 27661
radio 9 28174
radio 9 28209
radio 9 28723
radio 9 28751
radio 9 29265
radio 9 29282
radio 9 29795
radio 9 29812
radio 9 30325
radio 9 30342
radio 9 30855
radio 9 30909
radio 9 31423
radio 9 31440
radio 9 31953
radio 9 32022
radio 9 32536
radio 9 32591
radio 9 33105
radio 9 33257
radio 9 33771
radio 9 33880
radio 9 34394
radio 9 34424
radio 9 34938
radio 9 34966
radio 9 35480
radio 9 35511
radio 9 36025
radio 9 36042
radio 9 36555
radio 9 36585
radio 9 37099
radio 9 37131
radio 9 37645
radio 9 37662
radio 9 38175
radio 9 38192
radio 9 38705
radio 9 38722
radio 9 39235
delay 3 0 9 39252 9 40147 0 18 18 1 25 0 0
radio 9 40333
radio 9 40847
radio 9 40927
radio 9 41441
radio 9 41472
radio 9 41986
radio 9 42003
radio 9 42516
radio 9 42533
radio 9 43046
radio 9 43080
radio 9 43594
radio 9 43643
radio 9 44157
radio 9 44174
radio 9 44687
radio 9 44704
radio 9 45217
radio 9 45247
radio 9 45761
radio 9 45790
radio 9 46304
radio 9 46334
radio 9 46848
radio 9 46865
radio 9 47378
radio 9 47407
radio 9 47921
radio 9 47938
radio 9 48451
radio 9 48468
radio 9 48981
radio 9 48998
radio 9 49511
radio 9 49540
radio 9 50054
radio 9 50071
radio 9 50584
radio 9 50601
radio 9 51114
radio 9 51131
radio 9 51644
radio 9 51674
radio 9 52188
radio 9 52242
radio 9 52756
radio 9 52773
radio 9 53286
radio 9 53316
radio 9 53830
radio 9 53859
radio 9 54373
radio 9 54390
radio 9 54903
radio 9 54920
radio 9 55433
radio 9 55450
radio 9 55963
radio 9 55997
radio 9 56511
radio 9 56528
radio 9 57041
radio 9 57073
radio 9 57587
radio 9 57604
radio 9 58117
radio 9 58172
radio 9 58686
radio 9 58703
radio 9 59216
radio 9 59248
radio 9 59762
delay 4 19 9 59780 9 60084 18 18 65535 0 28 1 0
radio 9 60852
radio 9 61365
radio 9 61385
radio 9 61898
radio 9 61950
radio 9 62464
radio 9 62498
radio 9 63012
radio 9 63029
radio 9 63542
radio 9 63570
radio 9 64084
radio 9 64101
radio 9 64614
radio 9 64631
radio 9 65144
radio 9 65195
radio 10 173
radio 10 202
radio 10 715
radio 10 751
radio 10 1264
radio 10 1281
radio 10 1794
radio 10 1826
energy 10 2247 7 24738
radio 10 2340
radio 10 2390
radio 10 2904
radio 10 2973
radio 10 3487
radio 10 3538
radio 10 4052
radio 10 4069
radio 10 4582
radio 10 4635
radio 10 5149
radio 10 5166
radio 10 5679
radio 10 5696
radio 10 6209
radio 10 6226
radio 10 6739
radio 10 6792
radio 10 7306
radio 10 7323
radio 10 7836
radio 10 7868
radio 10 8382
radio 10 8413
radio 10 8927
radio 10 8956
radio 10 9470
radio 10 9561
radio 10 10075
radio 10 10145
radio 10 10659
radio 10 10713
radio 10 11227
radio 10 11244
radio 10 11757
radio 10 11774
radio 10 12287
radio 10 12321
radio 10 12835
radio 10 12852
radio 10 13365
radio 10 13382
radio 10 13895
radio 10 13925
radio 10 14439
radio 10 14494
radio 10 15008
delay 5 18 10 15056 10 15398 9 18 9 0 65535 0 0
radio 10 15064
radio 10 15579
radio 10 15595
radio 10 16109
radio 10 16126
radio 10 16640
radio 10 16676
radio 10 17190
radio 10 17207
radio 10 17720
radio 10 17754
radio 10 18268
radio 10 18285
radio 10 18799
radio 10 18816
radio 10 19329
radio 10 19359
radio 10 19873
radio 10 19890
radio 10 20403
radio 10 20420
radio 10 20933
radio 10 20950
radio 10 21463
radio 10 21480
radio 10 21993
radio 10 22044
radio 10 22558
radio 10 22594
radio 10 23108
radio 10 23158
radio 10 23672
radio 10 23702
radio 10 24216
radio 10 24233
radio 10 24746
radio 10 24777
radio 10 25291
radio 10 25326
radio 10 25840
radio 10 25857
radio 10 26370
radio 10 26387
radio 10 26900
radio 10 26917
radio 10 27430
radio 10 27465
radio 10 27979
radio 10 27996
radio 10 28509
radio 10 28601
radio 10 29115
radio 10 29143
radio 10 29657
radio 10 29674
radio 10 30187
radio 10 30217
radio 10 30731
radio 10 30765
radio 10 31279
radio 10 31330
radio 10 31844
radio 10 31932
radio 10 32446
radio 10 32475
radio 10 32989
radio 10 33024
radio 10 33538
radio 10 33555
radio 10 34068
radio 10 34085
radio 10 34598
radio 10 34630
radio 10 35144
delay 6 48 10 35278 10 34838 16 18 2 0 40 0 0
radio 10 35286
radio 10 35801
radio 10 35845
radio 10 36359
radio 10 36383
radio 10 36897
radio 10 36914
radio 10 37427
radio 10 37457
radio 10 37971
radio 10 37988
radio 10 38501
radio 10 38533
radio 10 39047
radio 10 39064
radio 10 39577
radio 10 39594
radio 10 40107
radio 10 40124
radio 10 40637
radio 10 40673
radio 10 41187
radio 10 41204
radio 10 41717
radio 10 41748
radio 10 42262
radio 10 42279
radio 10 42792
radio 10 42822
radio 10 43336
radio 10 43391
radio 10 43905
radio 10 43960
radio 10 44474
radio 10 44491
radio 10 45004
radio 10 45021
radio 10 45534
radio 10 45589
radio 10 46103
radio 10 46132
radio 10 46646
radio 10 46663
radio 10 47176
radio 10 47193
radio 10 47706
radio 10 47738
radio 10 48252
radio 10 48269
radio 10 48782
radio 10 48813
radio 10 49327
radio 10 49360
radio 10 49874
radio 10 49891
radio 10 50404
radio 10 50452
radio 10 50966
radio 10 50995
radio 10 51509
radio 10 51565
radio 10 52079
radio 10 52134
radio 10 52648
radio 10 52665
radio 10 53178
radio 10 53211
radio 10 53725
radio 10 53742
radio 10 54255
radio 10 54288
radio 10 54802
radio 10 54856
radio 10 55370
radio 10 55387
radio 10 55900
delay 7 19 10 55944 10 56248 18 18 65535 0 170 0 0
radio 10 55952
radio 10 56466
radio 10 56485
radio 10 56999
radio 10 57022
radio 10 57536
radio 10 57589
radio 10 58103
radio 10 58120
radio 10 58633
radio 10 58650
radio 10 59163
radio 10 59180
radio 10 59693
radio 10 59710
radio 10 60223
radio 10 60258
radio 10 60772
radio 10 60840
radio 10 61354
radio 10 61371
radio 10 61885
radio 10 61902
radio 10 62415
radio 10 62432
radio 10 62945
radio 10 62996
radio 10 63510
radio 10 63559
energy 10 63687 7 27710
radio 10 64073
radio 10 64090
radio 10 64603
radio 10 64635
radio 10 65149
radio 10 65183
radio 11 161
radio 11 178
radio 11 691
radio 11 708
radio 11 1221
radio 11 1238
radio 11 1751
radio 11 1803
radio 11 2317
radio 11 2334
radio 11 2847
radio 11 2883
radio 11 3397
radio 11 3451
radio 11 3965
radio 11 3993
radio 11 4507
radio 11 4537
radio 11 5051
radio 11 5068
radio 11 5581
radio 11 5598
radio 11 6111
radio 11 6128
radio 11 6641
radio 11 6732
radio 11 7246
radio 11 7263
radio 11 7776
radio 11 7808
radio 11 8322
radio 11 8370
radio 11 8884
radio 11 8938
radio 11 9452
radio 11 9520
radio 11 10034
radio 11 10051
radio 11 10564
delay 8 19 11 10904 11 11209 18 18 65535 0 31 1 0
radio 11 11982
radio 11 12496
radio 11 12532
radio 11 13046
radio 11 13076
radio 11 13590
radio 11 13621
radio 11 14135
radio 11 14152
radio 11 14665
radio 11 14682
radio 11 15195
radio 11 15212
radio 11 15725
radio 11 15755
radio 11 16269
radio 11 16301
radio 11 16815
radio 11 16843
radio 11 17357
radio 11 17386
radio 11 17900
radio 11 17936
radio 11 18450
radio 11 18480
radio 11 18994
radio 11 19063
radio 11 19577
radio 11 19594
radio 11 20107
radio 11 20216
radio 11 20730
radio 11 20781
radio 11 21295
radio 11 21312
radio 11 21825
radio 11 21854
radio 11 22368
radio 11 22385
radio 11 22898
radio 11 22915
radio 11 23428
radio 11 23445
radio 11 23959
radio 11 23987
radio 11 24501
radio 11 24615
radio 11 25129
radio 11 25160
radio 11 25674
radio 11 25727
radio 11 26241
radio 11 26258
radio 11 26771
radio 11 26865
radio 11 27379
radio 11 27396
radio 11 27909
radio 11 27978
radio 11 28492
radio 11 28527
radio 11 29041
radio 11 29058
radio 11 29571
radio 11 29588
radio 11 30101
radio 11 30118
radio 11 30631
radio 11 30648
radio 11 31161
delay 9 0 11 31180 11 32074 0 18 18 1 140 0 0
radio 11 32258
radio 11 32771
radio 11 32806
radio 11 33320
radio 11 33369
radio 11 33883
radio 11 33900
radio 11 34413
radio 11 34430
radio 11 34943
radio 11 34960
radio 11 35473
radio 11 35521
radio 11 36035
radio 11 36064
radio 11 36578
radio 11 36595
radio 11 37108
radio 11 37137
radio 11 37651
radio 11 37668
radio 11 38181
radio 11 38198
radio 11 38711
radio 11 38739
radio 11 39253
radio 11 39304
radio 11 39818
radio 11 39872
radio 11 40386
radio 11 40403
radio 11 40916
radio 11 40933
radio 11 41446
radio 11 41463
radio 11 41976
radio 11 41993
radio 11 42506
radio 11 42523
radio 11 43036
radio 11 43065
radio 11 43579
radio 11 43609
radio 11 44123
radio 11 44151
radio 11 44665
radio 11 44695
radio 11 45209
radio 11 45226
radio 11 45739
radio 11 45788
radio 11 46302
radio 11 46331
radio 11 46845
radio 11 46897
radio 11 47411
radio 11 47483
radio 11 47997
radio 11 48046
radio 11 48560
radio 11 48577
radio 11 49090
radio 11 49107
radio 11 49620
radio 11 49649
radio 11 50163
radio 11 50192
radio 11 50706
radio 11 50735
radio 11 51249
radio 11 51301
radio 11 51815
delay 10 18 11 51936 11 52285 9 18 9 0 17 1 0
radio 11 52993
radio 11 53507
radio 11 53663
radio 11 54177
radio 11 54233
radio 11 54747
radio 11 54764
radio 11 55278
radio 11 55295
radio 11 55808
radio 11 55837
radio 11 56351
radio 11 56368
radio 11 56881
radio 11 56912
radio 11 57426
radio 11 57443
radio 11 57956
radio 11 58026
radio 11 58540
radio 11 58557
radio 11 59070
radio 11 59087
energy 11 59591 7 34171
radio 11 59600
radio 11 59617
radio 11 60131
radio 11 60179
radio 11 60693
radio 11 60710
radio 11 61223
radio 11 61240
radio 11 61753
radio 11 61781
radio 11 62295
radio 11 62312
radio 11 62825
radio 11 62895
radio 11 63409
radio 11 63459
radio 11 63973
radio 11 64007
radio 11 64521
radio 11 64571
radio 11 65085
radio 11 65102
radio 12 79
radio 12 111
radio 12 624
radio 12 641
radio 12 1154
radio 12 1171
radio 12 1684
radio 12 1701
radio 12 2214
radio 12 2231
radio 12 2744
radio 12 2773
radio 12 3287
radio 12 3304
radio 12 3817
radio 12 3891
radio 12 4405
radio 12 4422
radio 12 4935
radio 12 4952
radio 12 5465
radio 12 5482
radio 12 5995
radio 12 6012
radio 12 6525
radio 12 6542
radio 12 7055
delay 11 18 12 7069 12 7418 9 18 9 0 514 0 0
radio 12 7077
radio 12 7591
radio 12 7719
radio 12 8232
radio 12 8249
radio 12 8762
radio 12 8779
radio 12 9292
radio 12 9309
radio 12 9822
radio 12 9876
radio 12 10390
radio 12 10407
radio 12 10920
radio 12 10937
radio 12 11451
radio 12 11468
radio 12 11982
radio 12 11999
radio 12 12512
radio 12 12529
radio 12 13043
radio 12 13093
radio 12 13607
radio 12 13638
radio 12 14152
radio 12 14169
radio 12 14682
radio 12 14699
radio 12 15212
radio 12 15229
radio 12 15742
radio 12 15759
radio 12 16272
radio 12 16302
radio 12 16816
radio 12 16833
radio 12 17346
radio 12 17363
radio 12 17876
radio 12 17949
radio 12 18463
radio 12 18493
radio 12 19007
radio 12 19061
radio 12 19575
radio 12 19628
radio 12 20142
radio 12 20159
radio 12 20672
radio 12 20689
radio 12 21202
radio 12 21372
radio 12 21886
radio 12 22018
radio 12 22532
radio 12 22549
radio 12 23062
radio 12 23079
radio 12 23592
radio 12 23609
radio 12 24122
radio 12 24139
radio 12 24652
radio 12 24669
radio 12 25182
radio 12 25199
radio 12 25712
radio 12 25748
radio 12 26262
radio 12 26297
radio 12 26811
radio 12 26840
radio 12 27354
delay 12 18 12 27509 12 27858 9 18 9 0 197 0 0
radio 12 27517
radio 12 28031
radio 12 28079
radio 12 28593
radio 12 28647
radio 12 29161
radio 12 29191
radio 12 29705
radio 12 29758
radio 12 30272
radio 12 30289
radio 12 30802
radio 12 30851
radio 12 31365
radio 12 31394
radio 12 31908
radio 12 31925
radio 12 32438
radio 12 32455
radio 12 32968
radio 12 32985
radio 12 33498
radio 12 33515
radio 12 34028
radio 12 34045
radio 12 34558
radio 12 34591
radio 12 35105
radio 12 35135
radio 12 35649
radio 12 35666
radio 12 36179
radio 12 36209
radio 12 36723
radio 12 36740
radio 12 37253
radio 12 37307
radio 12 37821
radio 12 37874
radio 12 38388
radio 12 38421
radio 12 38935
radio 12 38952
radio 12 39466
radio 12 39499
radio 12 40013
radio 12 40044
radio 12 40558
radio 12 40587
radio 12 41101
radio 12 41118
radio 12 41631
radio 12 41648
radio 12 42161
radio 12 42178
radio 12 42691
radio 12 42708
radio 12 43222
radio 12 43253
radio 12 43767
radio 12 43784
radio 12 44297
radio 12 44314
radio 12 44827
radio 12 44856
radio 12 45370
radio 12 45398
radio 12 45912
radio 12 45929
radio 12 46442
radio 12 46472
radio 12 46986
radio 12 47003
radio 12 47516
delay 13 19 12 47586 12 47891 18 18 65535 0 63 0 0
radio 12 47594
radio 12 48108
radio 12 48128
radio 12 48641
radio 12 48936
radio 12 49450
radio 12 49467
radio 12 49980
radio 12 50011
radio 12 50525
radio 12 50542
radio 12 51055
radio 12 51083
radio 12 51597
radio 12 51614
radio 12 52127
radio 12 52144
radio 12 52657
radio 12 52685
radio 12 53199
radio 12 53251
radio 12 53765
radio 12 53820
radio 12 54334
radio 12 54365
radio 12 54879
radio 12 54928
radio 12 55442
radio 12 55477
energy 12 55495 7 37333
radio 12 55991
radio 12 56082
radio 12 56596
radio 12 56651
radio 12 57165
radio 12 57182
radio 12 57695
radio 12 57725
radio 12 58239
radio 12 58256
radio 12 58769
radio 12 58786
radio 12 59299
radio 12 59316
radio 12 59829
radio 12 59846
radio 12 60359
radio 12 60389
radio 12 60903
radio 12 60931
radio 12 61445
radio 12 61462
radio 12 61975
radio 12 61992
radio 12 62505
radio 12 62522
radio 12 63035
radio 12 63068
radio 12 63582
radio 12 63630
radio 12 64144
radio 12 64161
radio 12 64674
radio 12 64705
radio 12 65219
radio 12 65236
radio 13 213
radio 13 230
radio 13 743
radio 13 774
radio 13 1287
radio 13 1317
radio 13 1831
radio 13 1904
radio 13 2418
radio 13 2435
radio 13 2948
delay 14 18 13 3044 13 3393 9 18 9 0 261 0 0
radio 13 3051
radio 13 3566
radio 13 3581
radio 13 4094
radio 13 4111
radio 13 4624
radio 13 4658
radio 13 5172
radio 13 5263
radio 13 5777
radio 13 5808
radio 13 6322
radio 13 6350
radio 13 6864
radio 13 6881
radio 13 7394
radio 13 7425
radio 13 7939
radio 13 7995
radio 13 8509
radio 13 8526
radio 13 9039
radio 13 9056
radio 13 9569
radio 13 9586
radio 13 10099
radio 13 10193
radio 13 10707
radio 13 10724
radio 13 11237
radio 13 11254
radio 13 11767
radio 13 11784
radio 13 12298
radio 13 12328
radio 13 12842
radio 13 12859
radio 13 13372
radio 13 13446
radio 13 13960
radio 13 13977
radio 13 14490
radio 13 14507
radio 13 15020
radio 13 15051
radio 13 15565
radio 13 15582
radio 13 16095
radio 13 16112
radio 13 16625
radio 13 16642
radio 13 17155
radio 13 17283
radio 13 17797
radio 13 17913
radio 13 18427
radio 13 18444
radio 13 18957
radio 13 18988
radio 13 19502
radio 13 19519
radio 13 20032
radio 13 20063
radio 13 20577
radio 13 20594
radio 13 21107
radio 13 21160
radio 13 21674
radio 13 21691
radio 13 22205
radio 13 22256
radio 13 22770
radio 13 22787
radio 13 23300
delay 15 48 13 23353 13 22912 16 18 2 0 462 0 0
radio 13 23363
radio 13 23876
radio 13 23924
radio 13 24437
radio 13 24473
radio 13 24987
radio 13 25004
radio 13 25517
radio 13 25534
radio 13 26048
radio 13 26077
radio 13 26591
radio 13 26608
radio 13 27121
radio 13 27152
radio 13 27666
radio 13 27683
radio 13 28196
radio 13 28226
radio 13 28740
radio 13 28771
radio 13 29285
radio 13 29358
radio 13 29872
radio 13 29889
radio 13 30402
radio 13 30419
radio 13 30932
radio 13 30962
radio 13 31476
radio 13 31493
radio 13 32006
radio 13 32023
radio 13 32536
radio 13 32567
radio 13 33081
radio 13 33112
radio 13 33626
radio 13 33643
radio 13 34156
radio 13 34173
radio 13 34686
radio 13 34737
radio 13 35251
radio 13 35281
radio 13 35795
radio 13 35812
radio 13 36326
radio 13 36343
radio 13 36857
radio 13 36874
radio 13 37387
radio 13 37404
radio 13 37917
radio 13 37951
radio 13 38465
radio 13 38493
radio 13 39007
radio 13 39035
radio 13 39549
radio 13 39566
radio 13 40079
radio 13 40096
radio 13 40609
radio 13 40626
radio 13 41139
radio 13 41156
radio 13 41670
radio 13 41687
radio 13 42200
radio 13 42217
radio 13 42730
radio 13 42747
radio 13 43260
delay 16 0 13 43332 13 44222 0 18 18 1 65535 0 0
radio 13 44392
radio 13 44905
radio 13 44922
radio 13 45435
radio 13 45452
radio 13 45965
radio 13 45982
radio 13 46496
radio 13 46513
radio 13 47026
radio 13 47056
radio 13 47570
radio 13 47587
radio 13 48100
radio 13 48117
radio 13 48630
radio 13 48678
radio 13 49192
radio 13 49209
radio 13 49722
radio 13 49739
radio 13 50252
radio 13 50269
radio 13 50782
radio 13 50834
radio 13 51348
radio 13 51365
energy 13 51399 7 41032
radio 13 51878
radio 13 51954
radio 13 52468
radio 13 52485
radio 13 52998
radio 13 53047
radio 13 53561
radio 13 53592
radio 13 54106
radio 13 54137
radio 13 54651
radio 13 54668
radio 13 55181
radio 13 55198
radio 13 55711
radio 13 55763
radio 13 56277
radio 13 56294
radio 13 56807
radio 13 56858
radio 13 57372
radio 13 57408
radio 13 57922
radio 13 57939
radio 13 58452
radio 13 58469
radio 13 58982
radio 13 58999
radio 13 59512
radio 13 59581
radio 13 60095
radio 13 60127
radio 13 60641
radio 13 60658
radio 13 61171
radio 13 61188
radio 13 61701
radio 13 61718
radio 13 62231
radio 13 62263
radio 13 62777
radio 13 62832
radio 13 63346
radio 13 63363
radio 13 63876
delay 17 19 13 64007 13 64313 18 18 65535 0 89 0 0
radio 13 64015
radio 13 64529
radio 13 64545
radio 13 65058
radio 13 65187
radio 14 165
radio 14 182
radio 14 695
radio 14 724
radio 14 1237
radio 14 1268
radio 14 1782
radio 14 1799
radio 14 2312
radio 14 2348
radio 14 2862
radio 14 2879
radio 14 3392
radio 14 3448
radio 14 3962
radio 14 3994
radio 14 4508
radio 14 4541
radio 14 5055
radio 14 5086
radio 14 5600
radio 14 5617
radio 14 6130
radio 14 6147
radio 14 6660
radio 14 6677
radio 14 7190
radio 14 7207
radio 14 7720
radio 14 7749
radio 14 8263
radio 14 8294
radio 14 8808
radio 14 8836
radio 14 9350
radio 14 9383
radio 14 9897
radio 14 9953
radio 14 10467
radio 14 10496
radio 14 11010
radio 14 11044
radio 14 11558
radio 14 11575
radio 14 12088
radio 14 12105
radio 14 12618
radio 14 12635
radio 14 13148
radio 14 13181
radio 14 13695
radio 14 13712
radio 14 14225
radio 14 14242
radio 14 14755
radio 14 14785
radio 14 15299
radio 14 15328
radio 14 15842
radio 14 15859
radio 14 16372
radio 14 16408
radio 14 16922
radio 14 16958
radio 14 17472
radio 14 17541
radio 14 18055
radio 14 18090
radio 14 18604
radio 14 18634
radio 14 19148
delay 18 48 14 19163 14 18721 16 18 2 0 52 1 0
radio 14 20235
radio 14 20749
radio 14 20766
radio 14 21279
radio 14 21315
radio 14 21829
radio 14 21846
radio 14 22359
radio 14 22387
radio 14 22901
radio 14 22918
radio 14 23431
radio 14 23448
radio 14 23961
radio 14 23993
radio 14 24507
radio 14 24535
radio 14 25049
radio 14 25085
radio 14 25599
radio 14 25631
radio 14 26145
radio 14 26162
radio 14 26675
radio 14 26726
radio 14 27240
radio 14 27273
radio 14 27787
radio 14 27816
radio 14 28330
radio 14 28398
radio 14 28912
radio 14 28942
radio 14 29456
radio 14 29488
radio 14 30002
radio 14 30019
radio 14 30532
radio 14 30564
radio 14 31078
radio 14 31112
radio 14 31626
radio 14 31643
radio 14 32156
radio 14 32173
radio 14 32686
radio 14 32742
radio 14 33256
radio 14 33273
radio 14 33786
radio 14 33803
radio 14 34316
radio 14 34333
radio 14 34846
radio 14 34901
radio 14 35415
radio 14 35432
radio 14 35945
radio 14 36017
radio 14 36531
radio 14 36548
radio 14 37061
radio 14 37078
radio 14 37591
radio 14 37608
radio 14 38121
radio 14 38138
radio 14 38651
radio 14 38668
radio 14 39181
radio 14 39211
radio 14 39725
delay 19 19 14 39822 14 40129 18 18 65535 0 502 0 0
radio 14 39831
radio 14 40345
radio 14 40361
radio 14 40875
radio 14 40894
radio 14 41408
radio 14 41425
radio 14 41938
radio 14 41955
radio 14 42468
radio 14 42485
radio 14 42998
radio 14 43032
radio 14 43546
radio 14 43563
radio 14 44076
radio 14 44126
radio 14 44640
radio 14 44657
radio 14 45170
radio 14 45220
radio 14 45734
radio 14 45751
radio 14 46264
radio 14 46293
radio 14 46807
radio 14 46856
energy 14 47303 7 44860
radio 14 47370
radio 14 47387
radio 14 47900
radio 14 47931
radio 14 48445
radio 14 48473
radio 14 48987
radio 14 49022
radio 14 49536
radio 14 49553
radio 14 50066
radio 14 50083
radio 14 50596
radio 14 50613
radio 14 51126
radio 14 51143
radio 14 51656
radio 14 51673
radio 14 52186
radio 14 52203
radio 14 52716
radio 14 52766
radio 14 53280
radio 14 53312
radio 14 53826
radio 14 53843
radio 14 54356
radio 14 54446
radio 14 54960
radio 14 54977
radio 14 55490
radio 14 55519
radio 14 56033
radio 14 56088
radio 14 56602
radio 14 56653
radio 14 57167
radio 14 57197
radio 14 57711
radio 14 57728
radio 14 58241
radio 14 58271
radio 14 58785
radio 14 58814
radio 14 59328
radio 14 59378
radio 14 59892
delay 20 19 14 59936 14 60243 18 18 65535 0 33 1 0
radio 14 61013
radio 14 61527
radio 14 61577
radio 14 62091
radio 14 62108
radio 14 62621
radio 14 62638
radio 14 63151
radio 14 63168
radio 14 63681
radio 14 63734
radio 14 64248
radio 14 64301
radio 14 64815
radio 14 64847
radio 14 65361
radio 14 65378
radio 15 355
radio 15 372
radio 15 885
radio 15 902
radio 15 1415
radio 15 1445
radio 15 1959
radio 15 1992
radio 15 2506
radio 15 2535
radio 15 3049
radio 15 3066
radio 15 3579
radio 15 3607
radio 15 4121
radio 15 4153
radio 15 4667
radio 15 4684
radio 15 5197
radio 15 5228
radio 15 5742
radio 15 5759
radio 15 6272
radio 15 6303
radio 15 6817
radio 15 6834
radio 15 7347
radio 15 7379
radio 15 7893
radio 15 7922
radio 15 8436
radio 15 8453
radio 15 8966
radio 15 8983
radio 15 9496
radio 15 9544
radio 15 10058
radio 15 10112
radio 15 10626
radio 15 10643
radio 15 11156
radio 15 11173
radio 15 11686
radio 15 11703
radio 15 12216
radio 15 12233
radio 15 12746
radio 15 12763
radio 15 13276
radio 15 13293
radio 15 13806
radio 15 13823
radio 15 14336
radio 15 14368
radio 15 14882
delay 21 22 15 14989 15 15253 15 18 3 0 113 0 0
radio 15 14997
radio 15 15512
radio 15 15557
radio 15 16070
radio 15 16268
radio 15 16782
radio 15 16834
radio 15 17348
radio 15 17383
radio 15 17897
radio 15 17914
radio 15 18427
radio 15 18481
radio 15 18995
radio 15 19024
radio 15 19538
radio 15 19589
radio 15 20103
radio 15 20120
radio 15 20633
radio 15 20669
radio 15 21183
radio 15 21214
radio 15 21728
radio 15 21758
radio 15 22272
radio 15 22320
radio 15 22834
radio 15 22851
radio 15 23364
radio 15 23395
radio 15 23909
radio 15 23926
radio 15 24439
radio 15 24456
radio 15 24969
radio 15 24997
radio 15 25511
radio 15 25540
radio 15 26054
radio 15 26087
radio 15 26601
radio 15 26635
radio 15 27149
radio 15 27220
radio 15 27734
radio 15 27762
radio 15 28276
radio 15 28306
radio 15 28820
radio 15 28848
radio 15 29362
radio 15 29397
radio 15 29911
radio 15 29944
radio 15 30458
radio 15 30486
radio 15 31000
radio 15 31017
radio 15 31530
radio 15 31559
radio 15 32073
radio 15 32090
radio 15 32603
radio 15 32620
radio 15 33133
radio 15 33150
radio 15 33663
radio 15 33680
radio 15 34193
radio 15 34210
radio 15 34723
radio 15 34740
radio 15 35253
delay 22 0 15 35325 15 36217 0 18 18 1 198 0 0
radio 15 36399
radio 15 36912
radio 15 36929
radio 15 37442
radio 15 37494
radio 15 38008
radio 15 38025
radio 15 38538
radio 15 38566
radio 15 39080
radio 15 39097
radio 15 39610
radio 15 39639
radio 15 40153
radio 15 40187
radio 15 40701
radio 15 40718
radio 15 41231
radio 15 41304
radio 15 41818
radio 15 41866
radio 15 42380
radio 15 42397
radio 15 42910
radio 15 42927
energy 15 43207 7 49785
radio 15 43440
radio 15 43457
radio 15 43970
radio 15 44019
radio 15 44533
radio 15 44562
radio 15 45076
radio 15 45108
radio 15 45622
radio 15 45639
radio 15 46152
radio 15 46184
radio 15 46698
radio 15 46715
radio 15 47229
radio 15 47246
radio 15 47759
radio 15 47794
radio 15 48308
radio 15 48338
radio 15 48852
radio 15 48884
radio 15 49398
radio 15 49434
radio 15 49948
radio 15 50001
radio 15 50515
radio 15 50532
radio 15 51045
radio 15 51118
radio 15 51632
radio 15 51685
radio 15 52199
radio 15 52232
radio 15 52746
radio 15 52763
radio 15 53276
radio 15 53293
radio 15 53806
radio 15 53823
radio 15 54336
radio 15 54353
radio 15 54866
radio 15 54883
radio 15 55396
radio 15 55424
radio 15 55938
delay 23 48 15 55984 15 55542 16 18 2 0 332 0 0
radio 15 55992
radio 15 56507
radio 15 56552
radio 15 57065
radio 15 57087
radio 15 57600
radio 15 57629
radio 15 58143
radio 15 58160
radio 15 58673
radio 15 58706
radio 15 59220
radio 15 59269
radio 15 59783
radio 15 59812
radio 15 60326
radio 15 60343
radio 15 60856
radio 15 60907
radio 15 61421
radio 15 61438
radio 15 61951
radio 15 62004
radio 15 62518
radio 15 62535
radio 15 63048
radio 15 63065
radio 15 63578
radio 15 63606
radio 15 64120
radio 15 64137
radio 15 64650
radio 15 64667
radio 15 65180
radio 15 65209
radio 16 187
radio 16 243
radio 16 756
radio 16 773
radio 16 1286
radio 16 1303
radio 16 1816
radio 16 1833
radio 16 2346
radio 16 2363
radio 16 2876
radio 16 2893
radio 16 3406
radio 16 3423
radio 16 3936
radio 16 3966
radio 16 4480
radio 16 4568
radio 16 5082
radio 16 5152
radio 16 5666
radio 16 5683
radio 16 6196
radio 16 6213
radio 16 6726
radio 16 6743
radio 16 7256
radio 16 7365
radio 16 7879
radio 16 7896
radio 16 8409
radio 16 8444
radio 16 8958
radio 16 9008
radio 16 9522
radio 16 9555
radio 16 10069
radio 16 10122
radio 16 10636
delay 24 35 16 10677 16 10512 9 18 9 0 99 0 0
radio 16 10685
radio 16 11200
radio 16 11242
radio 16 11756
radio 16 11777
radio 16 12291
radio 16 12321
radio 16 12835
radio 16 12887
radio 16 13401
radio 16 13435
radio 16 13949
radio 16 13966
radio 16 14479
radio 16 14496
radio 16 15009
radio 16 15041
radio 16 15555
radio 16 15572
radio 16 16085
radio 16 16102
radio 16 16615
radio 16 16632
radio 16 17145
radio 16 17162
radio 16 17675
radio 16 17692
radio 16 18205
radio 16 18222
radio 16 18735
radio 16 18771
radio 16 19285
radio 16 19317
radio 16 19831
radio 16 19848
radio 16 20361
radio 16 20389
radio 16 20903
radio 16 20920
radio 16 21433
radio 16 21482
radio 16 21996
radio 16 22013
radio 16 22526
radio 16 22598
radio 16 23112
radio 16 23148
radio 16 23662
radio 16 23696
radio 16 24210
radio 16 24261
radio 16 24775
radio 16 24804
radio 16 25318
radio 16 25335
radio 16 25848
radio 16 25883
radio 16 26397
radio 16 26425
radio 16 26939
radio 16 26956
radio 16 27469
radio 16 27498
radio 16 28012
radio 16 28029
radio 16 28542
radio 16 28559
radio 16 29072
radio 16 29143
radio 16 29657
radio 16 29688
radio 16 30202
radio 16 30290
radio 16 30804
radio 16 30821
radio 16 31334
delay 25 18 16 31357 16 31708 9 18 9 0 144 0 0
radio 16 31365
radio 16 31879
radio 16 31895
radio 16 32408
radio 16 32424
radio 16 32937
radio 16 32968
radio 16 33482
radio 16 33499
radio 16 34012
radio 16 34064
radio 16 34578
radio 16 34629
radio 16 35143
radio 16 35160
radio 16 35673
radio 16 35690
radio 16 36203
radio 16 36233
radio 16 36747
radio 16 36764
radio 16 37277
radio 16 37328
radio 16 37842
radio 16 37859
radio 16 38372
radio 16 38440
radio 16 38954
radio 16 38971
energy 16 39111 7 52603
radio 16 39484
radio 16 39512
radio 16 40026
radio 16 40056
radio 16 40570
radio 16 40599
radio 16 41113
radio 16 41147
radio 16 41661
radio 16 41691
radio 16 42205
radio 16 42236
radio 16 42750
radio 16 42767
radio 16 43280
radio 16 43297
radio 16 43810
radio 16 43864
radio 16 44378
radio 16 44395
radio 16 44908
radio 16 44925
radio 16 45438
radio 16 45455
radio 16 45968
radio 16 46022
radio 16 46536
radio 16 46591
radio 16 47105
radio 16 47138
radio 16 47652
radio 16 47686
radio 16 48200
radio 16 48232
radio 16 48746
radio 16 48774
radio 16 49288
radio 16 49322
radio 16 49836
radio 16 49853
radio 16 50366
radio 16 50395
radio 16 50909
radio 16 50926
radio 16 51439
radio 16 51456
radio 16 51970
delay 26 18 16 52018 16 52369 9 18 9 0 54 0 0
radio 16 52025
radio 16 52540
radio 16 52586
radio 16 53100
radio 16 53117
radio 16 53630
radio 16 53647
radio 16 54160
radio 16 54193
radio 16 54707
radio 16 54724
radio 16 55237
radio 16 55254
radio 16 55767
radio 16 55818
radio 16 56332
radio 16 56349
radio 16 56862
radio 16 56892
radio 16 57406
radio 16 57436
radio 16 57950
radio 16 57967
radio 16 58480
radio 16 58497
radio 16 59010
radio 16 59027
radio 16 59540
radio 16 59593
radio 16 60107
radio 16 60124
radio 16 60637
radio 16 60654
radio 16 61167
radio 16 61198
radio 16 61712
radio 16 61740
radio 16 62254
radio 16 62271
radio 16 62784
radio 16 62801
radio 16 63314
radio 16 63368
radio 16 63882
radio 16 63899
radio 16 64412
radio 16 64441
radio 16 64955
radio 16 64972
radio 16 65485
radio 16 65502
radio 17 479
radio 17 570
radio 17 1083
radio 17 1100
radio 17 1613
radio 17 1630
radio 17 2143
radio 17 2160
radio 17 2673
radio 17 2690
radio 17 3203
radio 17 3253
radio 17 3767
radio 17 3799
radio 17 4313
radio 17 4330
radio 17 4843
radio 17 4878
radio 17 5392
radio 17 5409
radio 17 5922
radio 17 5939
radio 17 6452
radio 17 6500
radio 17 7014
delay 27 18 17 7034 17 7385 9 18 9 0 160 0 0
radio 17 7041
radio 17 7555
radio 17 7599
radio 17 8112
radio 17 8126
radio 17 8640
radio 17 8689
radio 17 9203
radio 17 9220
radio 17 9733
radio 17 9766
radio 17 10280
radio 17 10309
radio 17 10823
radio 17 10840
radio 17 11353
radio 17 11423
radio 17 11937
radio 17 11968
radio 17 12482
radio 17 12499
radio 17 13012
radio 17 13029
radio 17 13542
radio 17 13575
radio 17 14089
radio 17 14118
radio 17 14632
radio 17 14649
radio 17 15162
radio 17 15238
radio 17 15752
radio 17 15769
radio 17 16282
radio 17 16314
radio 17 16828
radio 17 16876
radio 17 17390
radio 17 17421
radio 17 17935
radio 17 17952
radio 17 18465
radio 17 18482
radio 17 18995
radio 17 19012
radio 17 19525
radio 17 19555
radio 17 20069
radio 17 20086
radio 17 20599
radio 17 20688
radio 17 21202
radio 17 21237
radio 17 21751
radio 17 21807
radio 17 22321
radio 17 22370
radio 17 22884
radio 17 22901
radio 17 23414
radio 17 23431
radio 17 23944
radio 17 23973
radio 17 24487
radio 17 24520
radio 17 25034
radio 17 25051
radio 17 25564
radio 17 25617
radio 17 26131
radio 17 26166
radio 17 26680
radio 17 26771
radio 17 27285
delay 28 18 17 27409 17 27761 9 18 9 0 104 0 0
radio 17 27417
radio 17 27932
radio 17 27973
radio 17 28486
radio 17 28509
radio 17 29022
radio 17 29077
radio 17 29591
radio 17 29608
radio 17 30121
radio 17 30138
radio 17 30651
radio 17 30668
radio 17 31181
radio 17 31236
radio 17 31750
radio 17 31799
radio 17 32313
radio 17 32330
radio 17 32843
radio 17 32877
radio 17 33391
radio 17 33425
radio 17 33939
radio 17 33956
radio 17 34469
radio 17 34486
radio 17 34999
energy 17 35019 7 55413
radio 17 35027
radio 17 35541
radio 17 35595
radio 17 36109
radio 17 36163
radio 17 36677
radio 17 36749
radio 17 37263
radio 17 37280
radio 17 37793
radio 17 37846
radio 17 38360
radio 17 38411
radio 17 38925
radio 17 38942
radio 17 39455
radio 17 39486
radio 17 40000
radio 17 40032
radio 17 40546
radio 17 40581
radio 17 41095
radio 17 41124
radio 17 41638
radio 17 41655
radio 17 42168
radio 17 42197
radio 17 42711
radio 17 42728
radio 17 43241
radio 17 43312
radio 17 43826
radio 17 43854
radio 17 44368
radio 17 44397
radio 17 44911
radio 17 44939
radio 17 45453
radio 17 45470
radio 17 45983
radio 17 46018
radio 17 46532
radio 17 46549
radio 17 47062
radio 17 47112
radio 17 47626
delay 29 9 17 47730 17 48259 16 18 2 0 60 0 0
radio 17 47738
radio 17 48252
radio 17 48330
radio 17 48844
radio 17 48895
radio 17 49409
radio 17 49426
radio 17 49939
radio 17 49975
radio 17 50489
radio 17 50525
radio 17 51039
radio 17 51056
radio 17 51569
radio 17 51625
radio 17 52139
radio 17 52156
radio 17 52669
radio 17 52705
radio 17 53219
radio 17 53250
radio 17 53764
radio 17 53794
radio 17 54308
radio 17 54325
radio 17 54838
radio 17 54869
radio 17 55383
radio 17 55472
radio 17 55986
radio 17 56003
radio 17 56516
radio 17 56547
radio 17 57061
radio 17 57078
radio 17 57591
radio 17 57626
radio 17 58140
radio 17 58189
radio 17 58703
radio 17 58751
radio 17 59265
radio 17 59296
radio 17 59810
radio 17 59863
radio 17 60377
radio 17 60427
radio 17 60941
radio 17 60970
radio 17 61484
radio 17 61537
radio 17 62051
radio 17 62267
radio 17 62781
radio 17 63015
radio 17 63529
radio 17 63600
radio 17 64114
radio 17 64131
radio 17 64644
radio 17 64697
radio 17 65211
radio 17 65239
radio 18 217
radio 18 245
radio 18 758
radio 18 775
radio 18 1288
radio 18 1320
radio 18 1834
radio 18 1863
radio 18 2377
delay 30 0 18 2462 18 3353 0 18 18 1 91 0 0
radio 18 3520
radio 18 4034
radio 18 4051
radio 18 4564
radio 18 4581
radio 18 5094
radio 18 5126
radio 18 5640
radio 18 5690
radio 18 6204
radio 18 6240
radio 18 6754
radio 18 6783
radio 18 7297
radio 18 7314
radio 18 7827
radio 18 7844
radio 18 8357
radio 18 8389
radio 18 8903
radio 18 8920
radio 18 9433
radio 18 9462
radio 18 9976
radio 18 9993
radio 18 10506
radio 18 10523
radio 18 11037
radio 18 11072
radio 18 11586
radio 18 11603
radio 18 12116
radio 18 12149
radio 18 12663
radio 18 12680
radio 18 13193
radio 18 13247
radio 18 13761
radio 18 13778
radio 18 14291
radio 18 14361
radio 18 14875
radio 18 14923
radio 18 15437
radio 18 15467
radio 18 15981
radio 18 15998
radio 18 16511
radio 18 16528
radio 18 17041
radio 18 17058
radio 18 17571
radio 18 17621
radio 18 18135
radio 18 18164
radio 18 18678
radio 18 18695
radio 18 19208
radio 18 19236
radio 18 19750
radio 18 19785
radio 18 20299
radio 18 20331
radio 18 20845
radio 18 20862
radio 18 21375
radio 18 21427
radio 18 21941
radio 18 21958
radio 18 22471
radio 18 22501
radio 18 23015
delay 31 18 18 23465 18 23817 9 18 9 0 57 0 0
radio 18 23473
radio 18 23987
radio 18 24002
radio 18 24516
radio 18 24566
radio 18 25080
radio 18 25097
radio 18 25610
radio 18 25720
radio 18 26234
radio 18 26251
radio 18 26764
radio 18 26795
radio 18 27309
radio 18 27326
radio 18 27839
radio 18 27875
radio 18 28389
radio 18 28406
radio 18 28919
radio 18 28948
radio 18 29462
radio 18 29479
radio 18 29992
radio 18 30009
radio 18 30522
radio 18 30539
energy 18 30919 7 60321
radio 18 31052
radio 18 31103
radio 18 31617
radio 18 31634
radio 18 32147
radio 18 32164
radio 18 32677
radio 18 32705
radio 18 33219
radio 18 33236
radio 18 33749
radio 18 33781
radio 18 34295
radio 18 34312
radio 18 34825
radio 18 34842
radio 18 35355
radio 18 35384
radio 18 35898
radio 18 35915
radio 18 36428
radio 18 36445
radio 18 36958
radio 18 37049
radio 18 37563
radio 18 37580
radio 18 38093
radio 18 38110
radio 18 38623
radio 18 38640
radio 18 39153
radio 18 39170
radio 18 39683
radio 18 39700
radio 18 40213
radio 18 40248
radio 18 40762
radio 18 40779
radio 18 41292
radio 18 41309
radio 18 41822
radio 18 41875
radio 18 42389
radio 18 42423
radio 18 42937
radio 18 43047
radio 18 43561
delay 32 19 18 43602 18 43911 18 18 65535 0 86 0 0
radio 18 43610
radio 18 44124
radio 18 44143
radio 18 44657
radio 18 44677
radio 18 45191
radio 18 45278
radio 18 45792
radio 18 45823
radio 18 46337
radio 18 46365
radio 18 46879
radio 18 46912
radio 18 47426
radio 18 47457
radio 18 47971
radio 18 48022
radio 18 48536
radio 18 48566
radio 18 49080
radio 18 49097
radio 18 49610
radio 18 49627
radio 18 50140
radio 18 50157
radio 18 50671
radio 18 50688
radio 18 51201
radio 18 51233
radio 18 51747
radio 18 51780
radio 18 52294
radio 18 52311
radio 18 52824
radio 18 52841
radio 18 53354
radio 18 53410
radio 18 53924
radio 18 53941
radio 18 54454
radio 18 54471
radio 18 54984
radio 18 55001
radio 18 55514
radio 18 55568
radio 18 56082
radio 18 56131
radio 18 56645
radio 18 56676
radio 18 57190
radio 18 57207
radio 18 57720
radio 18 57737
radio 18 58250
radio 18 58283
radio 18 58797
radio 18 58865
radio 18 59379
radio 18 59407
radio 18 59921
radio 18 59970
radio 18 60484
radio 18 60560
radio 18 61074
radio 18 61091
radio 18 61604
radio 18 61621
radio 18 62134
radio 18 62167
radio 18 62681
radio 18 62698
radio 18 63211
radio 18 63260
radio 18 63774
radio 18 63808
radio 18 64322
delay 33 18 18 64370 18 64722 9 18 9 0 131 0 0
radio 18 64377
radio 18 64892
radio 18 64937
radio 18 65450
radio 18 65467
radio 19 444
radio 19 461
radio 19 974
radio 19 991
radio 19 1504
radio 19 1521
radio 19 2034
radio 19 2065
radio 19 2579
radio 19 2615
radio 19 3129
radio 19 3163
radio 19 3677
radio 19 3694
radio 19 4207
radio 19 4224
radio 19 4737
radio 19 4754
radio 19 5267
radio 19 5284
radio 19 5797
radio 19 5814
radio 19 6327
radio 19 6358
radio 19 6872
radio 19 6901
radio 19 7415
radio 19 7446
radio 19 7960
radio 19 7988
radio 19 8502
radio 19 8534
radio 19 9048
radio 19 9065
radio 19 9578
radio 19 9610
radio 19 10124
radio 19 10141
radio 19 10655
radio 19 10684
radio 19 11198
radio 19 11252
radio 19 11766
radio 19 11783
radio 19 12296
radio 19 12325
radio 19 12839
radio 19 12928
radio 19 13442
radio 19 13472
radio 19 13986
radio 19 14003
radio 19 14516
radio 19 14565
radio 19 15079
radio 19 15096
radio 19 15609
radio 19 15642
radio 19 16156
radio 19 16173
radio 19 16686
radio 19 16703
radio 19 17216
radio 19 17252
radio 19 17766
radio 19 17858
radio 19 18372
radio 19 18401
radio 19 18915
delay 34 18 19 18931 19 19284 9 18 9 0 138 0 0
radio 19 18939
radio 19 19454
radio 19 19517
radio 19 20030
radio 19 20049
radio 19 20562
radio 19 20579
radio 19 21092
radio 19 21125
radio 19 21639
radio 19 21656
radio 19 22169
radio 19 22200
radio 19 22714
radio 19 22731
radio 19 23244
radio 19 23275
radio 19 23789
radio 19 23821
radio 19 24335
radio 19 24352
radio 19 24865
radio 19 24882
radio 19 25395
radio 19 25412
radio 19 25925
radio 19 25942
radio 19 26455
radio 19 26490
energy 19 26823 7 63047
radio 19 27004
radio 19 27021
radio 19 27534
radio 19 27563
radio 19 28077
radio 19 28094
radio 19 28607
radio 19 28658
radio 19 29172
radio 19 29189
radio 19 29702
radio 19 29734
radio 19 30248
radio 19 30265
radio 19 30778
radio 19 30795
radio 19 31308
radio 19 31336
radio 19 31850
radio 19 31867
radio 19 32380
radio 19 32397
radio 19 32910
radio 19 32944
radio 19 33458
radio 19 33486
radio 19 34000
radio 19 34030
radio 19 34544
radio 19 34561
radio 19 35074
radio 19 35091
radio 19 35604
radio 19 35621
radio 19 36134
radio 19 36151
radio 19 36664
radio 19 36694
radio 19 37208
radio 19 37260
radio 19 37774
radio 19 37806
radio 19 38320
radio 19 38337
radio 19 38850
radio 19 38867
radio 19 39380
radio 19 39433
radio 19 39947
delay 35 18 19 39961 19 40314 9 18 9 0 340 0 0
radio 19 39969
radio 19 40483
radio 19 40555
radio 19 41069
radio 19 41138
radio 19 41652
radio 19 41669
radio 19 42182
radio 19 42213
radio 19 42727
radio 19 42763
radio 19 43277
radio 19 43307
radio 19 43821
radio 19 43849
radio 19 44363
radio 19 44396
radio 19 44910
radio 19 44927
radio 19 45440
radio 19 45476
radio 19 45990
radio 19 46042
radio 19 46556
radio 19 46573
radio 19 47086
radio 19 47118
radio 19 47632
radio 19 47649
radio 19 48162
radio 19 48192
radio 19 48706
radio 19 48723
radio 19 49236
radio 19 49270
radio 19 49784
radio 19 49801
radio 19 50314
radio 19 50331
radio 19 50844
radio 19 50875
radio 19 51389
radio 19 51406
radio 19 51919
radio 19 51967
radio 19 52481
radio 19 52498
radio 19 53011
radio 19 53127
radio 19 53641
radio 19 53713
radio 19 54227
radio 19 54260
radio 19 54774
radio 19 54826
radio 19 55340
radio 19 55357
radio 19 55870
radio 19 55887
radio 19 56400
radio 19 56432
radio 19 56946
radio 19 56980
radio 19 57494
radio 19 57522
radio 19 58036
radio 19 58086
radio 19 58600
radio 19 58654
radio 19 59168
radio 19 59185
radio 19 59698
radio 19 59715
radio 19 60228
delay 36 18 19 60262 19 60615 9 18 9 0 148 0 0
radio 19 60270
radio 19 60784
radio 19 60800
radio 19 61314
radio 19 61372
radio 19 61886
radio 19 61920
radio 19 62434
radio 19 62526
radio 19 63040
radio 19 63074
radio 19 63588
radio 19 63640
radio 19 64154
radio 19 64171
radio 19 64684
radio 19 64716
radio 19 65230
radio 19 65262
radio 20 240
radio 20 272
radio 20 785
radio 20 840
radio 20 1353
radio 20 1402
radio 20 1916
radio 20 1933
radio 20 2446
radio 20 2463
radio 20 2976
radio 20 3010
radio 20 3524
radio 20 3541
radio 20 4054
radio 20 4071
radio 20 4584
radio 20 4619
radio 20 5133
radio 20 5150
radio 20 5663
radio 20 5694
radio 20 6208
radio 20 6225
radio 20 6738
radio 20 6766
radio 20 7280
radio 20 7297
radio 20 7810
radio 20 7859
radio 20 8373
radio 20 8425
radio 20 8939
radio 20 8956
radio 20 9469
radio 20 9486
radio 20 9999
radio 20 10016
radio 20 10529
radio 20 10546
radio 20 11059
radio 20 11076
radio 20 11589
radio 20 11624
radio 20 12138
radio 20 12193
radio 20 12707
radio 20 12724
radio 20 13237
radio 20 13265
radio 20 13779
radio 20 13796
radio 20 14309
radio 20 14326
radio 20 14839
delay 37 18 20 14854 20 15207 9 18 9 0 64 0 0
radio 20 14862
radio 20 15376
radio 20 15397
radio 20 15911
radio 20 15929
radio 20 16443
radio 20 16460
radio 20 16973
radio 20 17024
radio 20 17538
radio 20 17555
radio 20 18068
radio 20 18102
radio 20 18616
radio 20 18646
radio 20 19160
radio 20 19196
radio 20 19710
radio 20 19727
radio 20 20240
radio 20 20269
radio 20 20783
radio 20 20800
radio 20 21313
radio 20 21330
radio 20 21843
radio 20 21860
radio 20 22373
radio 20 22390
energy 20 22727 8 186
radio 20 22903
radio 20 22920
radio 20 23433
radio 20 23450
radio 20 23963
radio 20 23980
radio 20 24493
radio 20 24522
radio 20 25036
radio 20 25053
radio 20 25566
radio 20 25621
radio 20 26135
radio 20 26152
radio 20 26665
radio 20 26693
radio 20 27207
radio 20 27224
radio 20 27737
radio 20 27754
radio 20 28267
radio 20 28284
radio 20 28797
radio 20 28827
radio 20 29341
radio 20 29358
radio 20 29871
radio 20 29921
radio 20 30435
radio 20 30452
radio 20 30965
radio 20 30982
radio 20 31495
radio 20 31531
radio 20 32045
radio 20 32062
radio 20 32575
radio 20 32606
radio 20 33120
radio 20 33170
radio 20 33684
radio 20 33719
radio 20 34233
radio 20 34284
radio 20 34798
radio 20 34853
radio 20 35367
delay 38 49 20 35567 20 35107 15 18 3 0 382 0 0
radio 20 35574
radio 20 36089
radio 20 36112
radio 20 36626
radio 20 36644
radio 20 37158
radio 20 37191
radio 20 37705
radio 20 37740
radio 20 38254
radio 20 38271
radio 20 38784
radio 20 38837
radio 20 39351
radio 20 39379
radio 20 39893
radio 20 39910
radio 20 40423
radio 20 40471
radio 20 40985
radio 20 41020
radio 20 41534
radio 20 41566
radio 20 42080
radio 20 42097
radio 20 42610
radio 20 42640
radio 20 43154
radio 20 43203
radio 20 43717
radio 20 43766
radio 20 44280
radio 20 44297
radio 20 44810
radio 20 44827
radio 20 45340
radio 20 45357
radio 20 45870
radio 20 45900
radio 20 46414
radio 20 46431
radio 20 46944
radio 20 46977
radio 20 47491
radio 20 47541
radio 20 48055
radio 20 48072
radio 20 48585
radio 20 48602
radio 20 49115
radio 20 49143
radio 20 49657
radio 20 49807
radio 20 50321
radio 20 50392
radio 20 50906
radio 20 50923
radio 20 51436
radio 20 51484
