Thread[Thread-1,5,main]tree 11 7 0 14 0 0
radio 7 15523
radio 7 15527
radio 7 15575
radio 7 16089
radio 7 16125
radio 7 16639
radio 7 16672
radio 7 17186
radio 7 17203
radio 7 17716
radio 7 17744
radio 7 18258
radio 7 18275
radio 7 18788
radio 7 18805
radio 7 19318
radio 7 19335
radio 7 19848
radio 7 19876
radio 7 20390
radio 7 20445
radio 7 20959
radio 7 20976
radio 7 21489
radio 7 21506
radio 7 22019
radio 7 22036
radio 7 22549
radio 7 22566
radio 7 23079
radio 7 23115
radio 7 23629
radio 7 23646
radio 7 24159
radio 7 24176
radio 7 24689
radio 7 24744
radio 7 25258
radio 7 25327
radio 7 25841
radio 7 25877
radio 7 26391
radio 7 26408
radio 7 26921
radio 7 26938
radio 7 27451
radio 7 27468
radio 7 27981
radio 7 28013
radio 7 28527
radio 7 28544
radio 7 29057
radio 7 29108
radio 7 29622
radio 7 29672
radio 7 30186
radio 7 30216
radio 7 30730
radio 7 30747
radio 7 31260
radio 7 31292
radio 7 31806
radio 7 31823
radio 7 32336
radio 7 32367
radio 7 32881
radio 7 32898
radio 7 33411
radio 7 33445
radio 7 33959
radio 7 33987
radio 7 34501
radio 7 34518
radio 7 35031
radio 7 35079
radio 7 35593
radio 7 35643
radio 7 36157
radio 7 36190
radio 7 36704
radio 7 36721
radio 7 37234
radio 7 37251
radio 7 37764
radio 7 37781
radio 7 38294
radio 7 38311
radio 7 38824
radio 7 38841
radio 7 39354
radio 7 39371
radio 7 39884
radio 7 39901
radio 7 40414
radio 7 40431
radio 7 40944
radio 7 40992
radio 7 41506
radio 7 41554
radio 7 42068
radio 7 42179
radio 7 42693
radio 7 42765
radio 7 43279
radio 7 43296
radio 7 43809
radio 7 43838
radio 7 44352
radio 7 44369
radio 7 44882
radio 7 44913
radio 7 45427
radio 7 45458
radio 7 45972
radio 7 46001
radio 7 46515
radio 7 46532
radio 7 47045
radio 7 47075
radio 7 47589
radio 7 47622
radio 7 48136
radio 7 48153
radio 7 48666
radio 7 48683
radio 7 49196
radio 7 49213
radio 7 49726
radio 7 49743
radio 7 50256
radio 7 50285
radio 7 50799
radio 7 50834
radio 7 51348
radio 7 51365
radio 7 51878
radio 7 51906
radio 7 52420
radio 7 52437
radio 7 52950
radio 7 52983
radio 7 53497
radio 7 53527
radio 7 54041
radio 7 54058
radio 7 54571
radio 7 54588
radio 7 55101
radio 7 55133
radio 7 55647
radio 7 55682
radio 7 56196
radio 7 56227
radio 7 56741
radio 7 56758
radio 7 57271
radio 7 57288
radio 7 57801
radio 7 57818
radio 7 58331
radio 7 58348
radio 7 58861
radio 7 58913
radio 7 59427
radio 7 59460
radio 7 59974
radio 7 59991
radio 7 60504
radio 7 60535
radio 7 61049
radio 7 61066
radio 7 61579
radio 7 61596
radio 7 62109
radio 7 62126
radio 7 62639
radio 7 62656
radio 7 63169
radio 7 63220
radio 7 63734
radio 7 63751
radio 7 64264
radio 7 64281
radio 7 64794
radio 7 64828
radio 7 65342
radio 7 65377
radio 8 355
radio 8 371
radio 8 885
radio 8 901
radio 8 1415
radio 8 1446
radio 8 1959
radio 8 1988
radio 8 2501
radio 8 2532
radio 8 3045
radio 8 3062
radio 8 3575
radio 8 3592
radio 8 4105
radio 8 4122
radio 8 4635
radio 8 4652
radio 8 5165
radio 8 5182
radio 8 5695
radio 8 5712
radio 8 6225
radio 8 6255
radio 8 6768
radio 8 6803
radio 8 7316
radio 8 7364
radio 8 7877
radio 8 7909
radio 8 8422
radio 8 8439
radio 8 8952
radio 8 8986
radio 8 9499
radio 8 9516
radio 8 10029
radio 8 10046
radio 8 10559
radio 8 10576
radio 8 11089
radio 8 11123
energy 8 11438 7 17896
radio 8 11637
radio 8 11654
radio 8 12167
radio 8 12197
radio 8 12711
radio 8 12728
radio 8 13241
radio 8 13277
radio 8 13791
radio 8 13820
radio 8 14334
radio 8 14351
radio 8 14864
radio 8 14881
radio 8 15394
radio 8 15411
radio 8 15924
radio 8 15941
radio 8 16454
radio 8 16471
radio 8 16984
radio 8 17013
radio 8 17527
radio 8 17544
radio 8 18057
radio 8 18074
radio 8 18587
radio 8 18604
radio 8 19117
radio 8 19147
radio 8 19661
radio 8 19712
radio 8 20226
radio 8 20255
radio 8 20769
radio 8 20822
radio 8 21336
radio 8 21369
radio 8 21883
radio 8 21911
radio 8 22425
radio 8 22442
radio 8 22955
radio 8 22972
radio 8 23485
radio 8 23514
radio 8 24028
radio 8 24116
radio 8 24630
radio 8 24664
radio 8 25178
radio 8 25195
radio 8 25708
radio 8 25725
radio 8 26238
radio 8 26255
radio 8 26768
radio 8 26803
radio 8 27317
radio 8 27366
radio 8 27880
radio 8 27914
radio 8 28428
radio 8 28477
radio 8 28991
radio 8 29044
radio 8 29558
radio 8 29593
radio 8 30107
radio 8 30124
radio 8 30637
radio 8 30666
radio 8 31180
radio 8 31197
radio 8 31710
radio 8 31727
radio 8 32240
radio 8 32275
radio 8 32789
radio 8 32806
radio 8 33319
radio 8 33336
radio 8 33849
radio 8 33866
radio 8 34379
radio 8 34396
radio 8 34909
radio 8 34926
radio 8 35439
radio 8 35456
radio 8 35969
radio 8 35986
radio 8 36499
radio 8 36516
radio 8 37029
radio 8 37046
radio 8 37559
radio 8 37576
radio 8 38089
radio 8 38106
radio 8 38619
radio 8 38647
radio 8 39161
radio 8 39210
radio 8 39724
radio 8 39753
radio 8 40267
radio 8 40296
radio 8 40810
radio 8 40827
radio 8 41340
radio 8 41357
radio 8 41870
radio 8 41887
radio 8 42400
radio 8 42417
radio 8 42930
radio 8 42981
radio 8 43495
delay 0 35 8 43740 8 43806 9 6 65535 0 32 1 0
radio 8 44811
radio 8 45325
radio 8 45342
radio 8 45855
radio 8 45872
radio 8 46385
radio 8 46413
radio 8 46927
radio 8 46975
radio 8 47489
radio 8 47506
radio 8 48019
radio 8 48049
radio 8 48563
radio 8 48580
radio 8 49093
radio 8 49110
radio 8 49623
radio 8 49640
radio 8 50153
radio 8 50221
radio 8 50735
radio 8 50752
radio 8 51265
radio 8 51299
radio 8 51813
radio 8 51830
radio 8 52343
radio 8 52360
radio 8 52873
radio 8 52890
radio 8 53403
radio 8 53420
radio 8 53933
radio 8 53967
radio 8 54481
radio 8 54509
radio 8 55023
radio 8 55052
radio 8 55566
radio 8 55583
radio 8 56096
radio 8 56127
radio 8 56641
radio 8 56677
radio 8 57191
radio 8 57208
radio 8 57721
radio 8 57756
radio 8 58270
radio 8 58287
radio 8 58800
radio 8 58831
radio 8 59345
radio 8 59362
radio 8 59875
radio 8 59892
radio 8 60405
radio 8 60433
radio 8 60947
radio 8 60983
radio 8 61497
radio 8 61545
radio 8 62059
radio 8 62076
radio 8 62589
radio 8 62606
radio 8 63119
radio 8 63148
radio 8 63662
delay 1 39 8 63678 8 63652 16 6 65535 0 38 1 0
radio 8 64753
radio 8 65267
radio 8 65317
radio 9 295
radio 9 311
radio 9 825
radio 9 841
radio 9 1355
radio 9 1424
radio 9 1937
radio 9 2011
radio 9 2524
radio 9 2541
radio 9 3054
radio 9 3104
radio 9 3617
radio 9 3649
radio 9 4162
radio 9 4179
radio 9 4692
radio 9 4724
radio 9 5237
radio 9 5306
radio 9 5820
radio 9 5871
radio 9 6384
radio 9 6413
radio 9 6926
radio 9 6943
energy 9 7342 7 22572
radio 9 7456
radio 9 7508
radio 9 8021
radio 9 8054
radio 9 8567
radio 9 8597
radio 9 9110
radio 9 9146
radio 9 9659
radio 9 9710
radio 9 10223
radio 9 10274
radio 9 10788
radio 9 10820
radio 9 11334
radio 9 11384
radio 9 11898
radio 9 11933
radio 9 12447
radio 9 12464
radio 9 12977
radio 9 13006
radio 9 13520
radio 9 13537
radio 9 14050
radio 9 14067
radio 9 14580
radio 9 14597
radio 9 15110
radio 9 15127
radio 9 15640
radio 9 15657
radio 9 16170
radio 9 16187
radio 9 16700
radio 9 16717
radio 9 17230
radio 9 17260
radio 9 17774
radio 9 17805
radio 9 18319
radio 9 18336
radio 9 18849
delay 2 35 9 18869 9 18935 9 6 65535 0 144 0 0
radio 9 18876
radio 9 19391
radio 9 19408
radio 9 19921
radio 9 19971
radio 9 20484
radio 9 20501
radio 9 21014
radio 9 21042
radio 9 21556
radio 9 21573
radio 9 22086
radio 9 22119
radio 9 22633
radio 9 22650
radio 9 23163
radio 9 23238
radio 9 23752
radio 9 23802
radio 9 24316
radio 9 24333
radio 9 24846
radio 9 24880
radio 9 25394
radio 9 25411
radio 9 25924
radio 9 25953
radio 9 26467
radio 9 26496
radio 9 27010
radio 9 27040
radio 9 27554
radio 9 27571
radio 9 28084
radio 9 28101
radio 9 28614
radio 9 28650
radio 9 29164
radio 9 29212
radio 9 29726
radio 9 29777
radio 9 30291
radio 9 30322
radio 9 30836
radio 9 30885
radio 9 31399
radio 9 31416
radio 9 31929
radio 9 31962
radio 9 32476
radio 9 32510
radio 9 33024
radio 9 33041
radio 9 33554
radio 9 33571
radio 9 34084
radio 9 34132
radio 9 34646
radio 9 34675
radio 9 35189
radio 9 35206
radio 9 35719
radio 9 35749
radio 9 36263
radio 9 36280
radio 9 36793
radio 9 36829
radio 9 37343
radio 9 37360
radio 9 37873
radio 9 37921
radio 9 38435
radio 9 38463
radio 9 38977
delay 3 0 9 39028 9 40156 0 6 6 0 34 0 0
radio 9 39035
radio 9 39550
radio 9 39618
radio 9 40131
radio 9 40147
radio 9 40660
radio 9 40685
radio 9 41198
radio 9 41215
radio 9 41728
radio 9 41757
radio 9 42271
radio 9 42322
radio 9 42836
radio 9 42867
radio 9 43381
radio 9 43409
radio 9 43923
radio 9 43951
radio 9 44465
radio 9 44482
radio 9 44995
radio 9 45012
radio 9 45525
radio 9 45557
radio 9 46071
radio 9 46101
radio 9 46615
radio 9 46643
radio 9 47157
radio 9 47174
radio 9 47687
radio 9 47704
radio 9 48217
radio 9 48234
radio 9 48747
radio 9 48764
radio 9 49277
radio 9 49307
radio 9 49821
radio 9 49838
radio 9 50351
radio 9 50381
radio 9 50895
radio 9 50912
radio 9 51425
radio 9 51442
radio 9 51955
radio 9 52010
radio 9 52524
radio 9 52559
radio 9 53073
radio 9 53090
radio 9 53603
radio 9 53638
radio 9 54152
radio 9 54182
radio 9 54696
radio 9 54713
radio 9 55226
radio 9 55243
radio 9 55756
radio 9 55784
radio 9 56298
radio 9 56315
radio 9 56828
radio 9 56857
radio 9 57371
radio 9 57388
radio 9 57901
radio 9 57918
radio 9 58431
radio 9 58448
radio 9 58961
radio 9 58991
radio 9 59505
delay 4 0 9 59521 9 60649 0 6 6 0 49 1 0
radio 9 60586
radio 9 61099
radio 9 61184
radio 9 61698
radio 9 61753
radio 9 62267
radio 9 62284
radio 9 62797
radio 9 62832
radio 9 63346
radio 9 63363
radio 9 63876
radio 9 63924
radio 9 64438
radio 9 64488
radio 9 65002
radio 9 65033
radio 10 11
radio 10 65
radio 10 578
radio 10 610
radio 10 1123
radio 10 1153
radio 10 1667
radio 10 1684
radio 10 2197
radio 10 2214
radio 10 2727
radio 10 2761
energy 10 3246 7 26208
radio 10 3275
radio 10 3305
radio 10 3819
radio 10 3873
radio 10 4387
radio 10 4404
radio 10 4917
radio 10 4934
radio 10 5447
radio 10 5464
radio 10 5977
radio 10 5994
radio 10 6507
radio 10 6524
radio 10 7037
radio 10 7054
radio 10 7567
radio 10 7584
radio 10 8097
radio 10 8114
radio 10 8627
radio 10 8655
radio 10 9169
radio 10 9186
radio 10 9699
radio 10 9752
radio 10 10266
radio 10 10283
radio 10 10796
radio 10 10813
radio 10 11326
radio 10 11343
radio 10 11856
radio 10 11873
radio 10 12386
radio 10 12435
radio 10 12949
radio 10 13003
radio 10 13517
radio 10 13534
radio 10 14047
radio 10 14077
radio 10 14591
delay 5 35 10 14660 10 14727 9 6 65535 0 113 0 0
radio 10 14668
radio 10 15183
radio 10 15424
radio 10 15937
radio 10 16107
radio 10 16621
radio 10 16673
radio 10 17187
radio 10 17204
radio 10 17717
radio 10 17734
radio 10 18247
radio 10 18264
radio 10 18777
radio 10 18833
radio 10 19347
radio 10 19380
radio 10 19894
radio 10 19923
radio 10 20437
radio 10 20470
radio 10 20984
radio 10 21037
radio 10 21551
radio 10 21622
radio 10 22136
radio 10 22153
radio 10 22666
radio 10 22699
radio 10 23213
radio 10 23248
radio 10 23762
radio 10 23779
radio 10 24292
radio 10 24322
radio 10 24836
radio 10 24853
radio 10 25366
radio 10 25383
radio 10 25896
radio 10 25913
radio 10 26426
radio 10 26443
radio 10 26956
radio 10 26973
radio 10 27486
radio 10 27503
radio 10 28016
radio 10 28033
radio 10 28546
radio 10 28576
radio 10 29090
radio 10 29121
radio 10 29635
radio 10 29667
radio 10 30181
radio 10 30209
radio 10 30723
radio 10 30740
radio 10 31253
radio 10 31282
radio 10 31796
radio 10 31813
radio 10 32326
radio 10 32362
radio 10 32876
radio 10 32926
radio 10 33440
radio 10 33457
radio 10 33970
radio 10 34003
radio 10 34517
radio 10 34551
radio 10 35065
delay 6 39 10 35132 10 35106 16 6 65535 0 74 0 0
radio 10 35140
radio 10 35655
radio 10 35858
radio 10 36372
radio 10 36414
radio 10 36928
radio 10 36945
radio 10 37458
radio 10 37475
radio 10 37988
radio 10 38018
radio 10 38532
radio 10 38587
radio 10 39101
radio 10 39118
radio 10 39631
radio 10 39648
radio 10 40161
radio 10 40178
radio 10 40691
radio 10 40708
radio 10 41221
radio 10 41276
radio 10 41790
radio 10 41840
radio 10 42354
radio 10 42387
radio 10 42901
radio 10 42956
radio 10 43470
radio 10 43498
radio 10 44012
radio 10 44044
radio 10 44558
radio 10 44591
radio 10 45105
radio 10 45138
radio 10 45652
radio 10 45682
radio 10 46196
radio 10 46224
radio 10 46738
radio 10 46755
radio 10 47268
radio 10 47285
radio 10 47798
radio 10 47827
radio 10 48341
radio 10 48358
radio 10 48871
radio 10 48900
radio 10 49414
radio 10 49431
radio 10 49944
radio 10 49979
radio 10 50493
radio 10 50543
radio 10 51057
radio 10 51087
radio 10 51601
radio 10 51618
radio 10 52131
radio 10 52148
radio 10 52661
radio 10 52695
radio 10 53209
radio 10 53258
radio 10 53772
radio 10 53789
radio 10 54302
radio 10 54319
radio 10 54832
radio 10 54862
radio 10 55376
delay 7 0 10 55420 10 56547 0 6 6 0 43 1 0
radio 10 56483
radio 10 56997
radio 10 57045
radio 10 57558
radio 10 57587
radio 10 58101
radio 10 58118
radio 10 58631
radio 10 58685
radio 10 59199
radio 10 59227
radio 10 59741
radio 10 59769
radio 10 60283
radio 10 60311
radio 10 60825
radio 10 60842
radio 10 61355
radio 10 61404
radio 10 61918
radio 10 61968
radio 10 62482
radio 10 62511
radio 10 63025
radio 10 63058
radio 10 63572
radio 10 63589
radio 10 64102
radio 10 64138
radio 10 64652
radio 10 64680
energy 10 64686 7 30407
radio 10 65194
radio 10 65227
radio 11 205
radio 11 234
radio 11 747
radio 11 764
radio 11 1277
radio 11 1294
radio 11 1807
radio 11 1839
radio 11 2353
radio 11 2370
radio 11 2883
radio 11 2918
radio 11 3432
radio 11 3462
radio 11 3976
radio 11 3993
radio 11 4506
radio 11 4523
radio 11 5036
radio 11 5065
radio 11 5579
radio 11 5596
radio 11 6109
radio 11 6126
radio 11 6639
radio 11 6656
radio 11 7169
radio 11 7186
radio 11 7699
radio 11 7728
radio 11 8242
radio 11 8259
radio 11 8772
radio 11 8808
radio 11 9322
radio 11 9339
radio 11 9852
radio 11 9881
radio 11 10395
delay 8 25 11 10438 11 10796 14 6 65535 0 28 1 0
radio 11 11507
radio 11 12020
radio 11 12054
radio 11 12568
radio 11 12599
radio 11 13113
radio 11 13209
radio 11 13723
radio 11 13759
radio 11 14273
radio 11 14302
radio 11 14816
radio 11 14845
radio 11 15359
radio 11 15376
radio 11 15889
radio 11 15920
radio 11 16434
radio 11 16451
radio 11 16964
radio 11 16998
radio 11 17512
radio 11 17529
radio 11 18042
radio 11 18071
radio 11 18585
radio 11 18602
radio 11 19115
radio 11 19132
radio 11 19645
radio 11 19662
radio 11 20175
radio 11 20192
radio 11 20705
radio 11 20722
radio 11 21235
radio 11 21288
radio 11 21802
radio 11 21819
radio 11 22332
radio 11 22368
radio 11 22882
radio 11 22899
radio 11 23412
radio 11 23440
radio 11 23954
radio 11 24008
radio 11 24522
radio 11 24539
radio 11 25052
radio 11 25069
radio 11 25582
radio 11 25599
radio 11 26112
radio 11 26129
radio 11 26642
radio 11 26659
radio 11 27172
radio 11 27226
radio 11 27740
radio 11 27790
radio 11 28304
radio 11 28335
radio 11 28849
radio 11 28866
radio 11 29379
radio 11 29396
radio 11 29909
radio 11 29926
radio 11 30439
radio 11 30456
radio 11 30969
delay 9 0 11 31114 11 32241 0 6 6 0 307 0 0
radio 11 31121
radio 11 31636
radio 11 31826
radio 11 32340
radio 11 32358
radio 11 32872
radio 11 32921
radio 11 33435
radio 11 33452
radio 11 33965
radio 11 33982
radio 11 34495
radio 11 34527
radio 11 35041
radio 11 35058
radio 11 35571
radio 11 35588
radio 11 36101
radio 11 36118
radio 11 36631
radio 11 36663
radio 11 37177
radio 11 37207
radio 11 37721
radio 11 37738
radio 11 38251
radio 11 38268
radio 11 38781
radio 11 38811
radio 11 39325
radio 11 39356
radio 11 39870
radio 11 39902
radio 11 40416
radio 11 40472
radio 11 40986
radio 11 41019
radio 11 41533
radio 11 41550
radio 11 42063
radio 11 42080
radio 11 42593
radio 11 42610
radio 11 43123
radio 11 43154
radio 11 43668
radio 11 43724
radio 11 44238
radio 11 44270
radio 11 44784
radio 11 44801
radio 11 45314
radio 11 45331
radio 11 45844
radio 11 45880
radio 11 46394
radio 11 46422
radio 11 46936
radio 11 46953
radio 11 47466
radio 11 47483
radio 11 47996
radio 11 48013
radio 11 48526
radio 11 48543
radio 11 49056
radio 11 49090
radio 11 49604
radio 11 49621
radio 11 50134
radio 11 50185
radio 11 50699
radio 11 50751
radio 11 51265
delay 10 0 11 51290 11 52414 0 6 6 0 65535 0 0
radio 11 51300
radio 11 51813
radio 11 51887
radio 11 52401
radio 11 52450
radio 11 52964
radio 11 52981
radio 11 53494
radio 11 53511
radio 11 54025
radio 11 54042
radio 11 54555
radio 11 54572
radio 11 55085
radio 11 55102
radio 11 55615
radio 11 55632
radio 11 56145
radio 11 56177
radio 11 56691
radio 11 56708
radio 11 57221
radio 11 57238
radio 11 57751
radio 11 57800
radio 11 58314
radio 11 58331
radio 11 58844
radio 11 58861
radio 11 59374
radio 11 59410
radio 11 59924
radio 11 59941
radio 11 60454
radio 11 60486
energy 11 60590 7 34026
radio 11 61000
radio 11 61029
radio 11 61543
radio 11 61571
radio 11 62085
radio 11 62102
radio 11 62615
radio 11 62691
radio 11 63205
radio 11 63233
radio 11 63747
radio 11 63776
radio 11 64290
radio 11 64318
radio 11 64832
radio 11 64866
radio 11 65380
radio 11 65414
radio 12 392
radio 12 409
radio 12 922
radio 12 939
radio 12 1452
radio 12 1469
radio 12 1982
radio 12 2018
radio 12 2532
radio 12 2584
radio 12 3098
radio 12 3131
radio 12 3645
radio 12 3662
radio 12 4175
radio 12 4192
radio 12 4705
radio 12 4733
radio 12 5247
radio 12 5283
radio 12 5797
radio 12 5826
radio 12 6340
delay 11 18 12 6358 12 6940 9 6 65535 0 36 1 0
radio 12 7426
radio 12 7940
radio 12 8078
radio 12 8592
radio 12 8626
radio 12 9140
radio 12 9157
radio 12 9670
radio 12 9687
radio 12 10200
radio 12 10217
radio 12 10730
radio 12 10763
radio 12 11277
radio 12 11308
radio 12 11822
radio 12 11911
radio 12 12425
radio 12 12442
radio 12 12955
radio 12 13006
radio 12 13520
radio 12 13556
radio 12 14070
radio 12 14087
radio 12 14600
radio 12 14617
radio 12 15130
radio 12 15147
radio 12 15660
radio 12 15677
radio 12 16190
radio 12 16219
radio 12 16733
radio 12 16761
radio 12 17275
radio 12 17323
radio 12 17837
radio 12 17854
radio 12 18367
radio 12 18384
radio 12 18897
radio 12 18946
radio 12 19460
radio 12 19488
radio 12 20002
radio 12 20019
radio 12 20532
radio 12 20549
radio 12 21062
radio 12 21079
radio 12 21592
radio 12 21609
radio 12 22122
radio 12 22139
radio 12 22652
radio 12 22681
radio 12 23195
radio 12 23212
radio 12 23725
radio 12 23759
radio 12 24273
radio 12 24290
radio 12 24803
radio 12 24855
radio 12 25369
radio 12 25386
radio 12 25899
radio 12 25969
radio 12 26483
radio 12 26513
radio 12 27027
delay 12 35 12 27042 12 27110 9 6 65535 0 141 0 0
radio 12 27051
radio 12 27565
radio 12 27641
radio 12 28154
radio 12 28246
radio 12 28760
radio 12 28777
radio 12 29290
radio 12 29326
radio 12 29840
radio 12 29868
radio 12 30382
radio 12 30412
radio 12 30926
radio 12 30943
radio 12 31456
radio 12 31488
radio 12 32002
radio 12 32037
radio 12 32551
radio 12 32580
radio 12 33094
radio 12 33111
radio 12 33624
radio 12 33641
radio 12 34154
radio 12 34171
radio 12 34684
radio 12 34701
radio 12 35214
radio 12 35231
radio 12 35744
radio 12 35761
radio 12 36274
radio 12 36291
radio 12 36804
radio 12 36821
radio 12 37334
radio 12 37363
radio 12 37877
radio 12 37894
radio 12 38407
radio 12 38435
radio 12 38949
radio 12 38982
radio 12 39496
radio 12 39513
radio 12 40026
radio 12 40043
radio 12 40556
radio 12 40573
radio 12 41086
radio 12 41103
radio 12 41616
radio 12 41633
radio 12 42146
radio 12 42176
radio 12 42690
radio 12 42744
radio 12 43258
radio 12 43310
radio 12 43824
radio 12 43860
radio 12 44374
radio 12 44391
radio 12 44905
radio 12 44939
radio 12 45453
radio 12 45470
radio 12 45983
radio 12 46031
radio 12 46545
radio 12 46594
radio 12 47108
radio 12 47143
radio 12 47657
delay 13 26 12 47764 12 48057 18 6 65535 0 45 0 0
radio 12 47772
radio 12 48286
radio 12 48301
radio 12 48815
radio 12 48848
radio 12 49362
radio 12 49395
radio 12 49909
radio 12 49926
radio 12 50439
radio 12 50469
radio 12 50983
radio 12 51032
radio 12 51546
radio 12 51574
radio 12 52088
radio 12 52116
radio 12 52630
radio 12 52647
radio 12 53160
radio 12 53177
radio 12 53690
radio 12 53721
radio 12 54235
radio 12 54252
radio 12 54765
radio 12 54801
radio 12 55315
radio 12 55369
radio 12 55883
radio 12 55900
radio 12 56413
radio 12 56430
energy 12 56494 7 37784
radio 12 56943
radio 12 56960
radio 12 57473
radio 12 57501
radio 12 58015
radio 12 58048
radio 12 58562
radio 12 58611
radio 12 59125
radio 12 59154
radio 12 59668
radio 12 59685
radio 12 60198
radio 12 60226
radio 12 60740
radio 12 60771
radio 12 61285
radio 12 61302
radio 12 61815
radio 12 61870
radio 12 62384
radio 12 62401
radio 12 62914
radio 12 62944
radio 12 63458
radio 12 63475
radio 12 63988
radio 12 64005
radio 12 64518
radio 12 64535
radio 12 65048
radio 12 65082
radio 13 60
radio 13 109
radio 13 622
radio 13 652
radio 13 1165
radio 13 1199
radio 13 1713
radio 13 1730
radio 13 2243
delay 14 35 13 2259 13 2321 9 6 65535 0 65535 0 0
radio 13 2267
radio 13 2782
radio 13 2809
radio 13 3323
radio 13 3460
radio 13 3973
radio 13 3990
radio 13 4503
radio 13 4533
radio 13 5047
radio 13 5064
radio 13 5577
radio 13 5594
radio 13 6107
radio 13 6124
radio 13 6637
radio 13 6654
radio 13 7167
radio 13 7184
radio 13 7697
radio 13 7731
radio 13 8245
radio 13 8262
radio 13 8775
radio 13 8792
radio 13 9305
radio 13 9322
radio 13 9835
radio 13 9868
radio 13 10382
radio 13 10414
radio 13 10928
radio 13 10945
radio 13 11458
radio 13 11487
radio 13 12001
radio 13 12018
radio 13 12531
radio 13 12705
radio 13 13219
radio 13 13247
radio 13 13761
radio 13 13778
radio 13 14291
radio 13 14362
radio 13 14876
radio 13 14893
radio 13 15406
radio 13 15423
radio 13 15936
radio 13 15968
radio 13 16482
radio 13 16610
radio 13 17124
radio 13 17141
radio 13 17654
radio 13 17684
radio 13 18198
radio 13 18250
radio 13 18764
radio 13 18792
radio 13 19306
radio 13 19323
radio 13 19836
radio 13 19887
radio 13 20401
radio 13 20450
radio 13 20964
radio 13 20981
radio 13 21494
radio 13 21511
radio 13 22024
radio 13 22059
radio 13 22573
radio 13 22604
radio 13 23118
delay 15 35 13 23162 13 23230 9 6 65535 0 281 0 0
radio 13 23170
radio 13 23685
radio 13 23752
radio 13 24266
radio 13 24387
radio 13 24901
radio 13 24955
radio 13 25469
radio 13 25486
radio 13 25999
radio 13 26016
radio 13 26529
radio 13 26546
radio 13 27059
radio 13 27076
radio 13 27589
radio 13 27606
radio 13 28119
radio 13 28173
radio 13 28687
radio 13 28736
radio 13 29250
radio 13 29283
radio 13 29797
radio 13 29814
radio 13 30327
radio 13 30379
radio 13 30893
radio 13 30921
radio 13 31435
radio 13 31452
radio 13 31965
radio 13 31982
radio 13 32495
radio 13 32512
radio 13 33025
radio 13 33042
radio 13 33555
radio 13 33572
radio 13 34085
radio 13 34102
radio 13 34615
radio 13 34632
radio 13 35145
radio 13 35162
radio 13 35675
radio 13 35708
radio 13 36222
radio 13 36254
radio 13 36768
radio 13 36803
radio 13 37317
radio 13 37334
radio 13 37847
radio 13 37875
radio 13 38389
radio 13 38406
radio 13 38919
radio 13 38936
radio 13 39449
radio 13 39466
radio 13 39979
radio 13 40014
radio 13 40528
radio 13 40556
radio 13 41070
radio 13 41105
radio 13 41619
radio 13 41636
radio 13 42149
radio 13 42166
radio 13 42679
radio 13 42696
radio 13 43209
delay 16 15 13 43251 13 43820 16 6 65535 0 125 0 0
radio 13 43259
radio 13 43774
radio 13 43792
radio 13 44306
radio 13 44334
radio 13 44848
radio 13 44865
radio 13 45378
radio 13 45406
radio 13 45920
radio 13 45937
radio 13 46450
radio 13 46467
radio 13 46980
radio 13 46997
radio 13 47510
radio 13 47527
radio 13 48040
radio 13 48095
radio 13 48609
radio 13 48659
radio 13 49173
radio 13 49203
radio 13 49717
radio 13 49734
radio 13 50248
radio 13 50265
radio 13 50778
radio 13 50795
radio 13 51308
radio 13 51339
radio 13 51853
radio 13 51870
radio 13 52383
energy 13 52406 7 40519
radio 13 52415
radio 13 52929
radio 13 52958
radio 13 53472
radio 13 53504
radio 13 54018
radio 13 54035
radio 13 54548
radio 13 54565
radio 13 55078
radio 13 55095
radio 13 55608
radio 13 55639
radio 13 56153
radio 13 56204
radio 13 56718
radio 13 56735
radio 13 57248
radio 13 57265
radio 13 57778
radio 13 57808
radio 13 58322
radio 13 58339
radio 13 58852
radio 13 58869
radio 13 59382
radio 13 59410
radio 13 59924
radio 13 59941
radio 13 60454
radio 13 60488
radio 13 61002
radio 13 61034
radio 13 61548
radio 13 61565
radio 13 62078
radio 13 62095
radio 13 62608
radio 13 62625
radio 13 63138
radio 13 63155
radio 13 63668
delay 17 44 13 63744 13 63624 15 6 65535 0 71 0 0
radio 13 63754
radio 13 64267
radio 13 64402
radio 13 64916
radio 13 64934
radio 13 65448
radio 13 65499
radio 14 477
radio 14 510
radio 14 1023
radio 14 1040
radio 14 1553
radio 14 1585
radio 14 2099
radio 14 2116
radio 14 2629
radio 14 2659
radio 14 3173
radio 14 3205
radio 14 3719
radio 14 3736
radio 14 4249
radio 14 4298
radio 14 4812
radio 14 4829
radio 14 5342
radio 14 5359
radio 14 5872
radio 14 5889
radio 14 6402
radio 14 6419
radio 14 6932
radio 14 6966
radio 14 7480
radio 14 7515
radio 14 8029
radio 14 8060
radio 14 8574
radio 14 8602
radio 14 9116
radio 14 9151
radio 14 9665
radio 14 9719
radio 14 10233
radio 14 10262
radio 14 10776
radio 14 10810
radio 14 11324
radio 14 11341
radio 14 11854
radio 14 11871
radio 14 12384
radio 14 12401
radio 14 12914
radio 14 12931
radio 14 13444
radio 14 13572
radio 14 14086
radio 14 14116
radio 14 14630
radio 14 14706
radio 14 15220
radio 14 15237
radio 14 15750
radio 14 15801
radio 14 16315
radio 14 16364
radio 14 16878
radio 14 16914
radio 14 17428
radio 14 17479
radio 14 17993
radio 14 18021
radio 14 18535
delay 18 0 14 18550 14 19677 0 6 6 0 30 0 0
radio 14 18558
radio 14 19072
radio 14 19112
radio 14 19626
radio 14 19645
radio 14 20159
radio 14 20184
radio 14 20697
radio 14 20749
radio 14 21263
radio 14 21291
radio 14 21805
radio 14 21822
radio 14 22335
radio 14 22369
radio 14 22883
radio 14 22931
radio 14 23445
radio 14 23494
radio 14 24008
radio 14 24042
radio 14 24556
radio 14 24573
radio 14 25086
radio 14 25103
radio 14 25616
radio 14 25633
radio 14 26146
radio 14 26163
radio 14 26676
radio 14 26710
radio 14 27224
radio 14 27241
radio 14 27754
radio 14 27789
radio 14 28303
radio 14 28320
radio 14 28833
radio 14 28850
radio 14 29363
radio 14 29380
radio 14 29893
radio 14 29910
radio 14 30423
radio 14 30451
radio 14 30965
radio 14 30982
radio 14 31495
radio 14 31512
radio 14 32025
radio 14 32042
radio 14 32555
radio 14 32584
radio 14 33098
radio 14 33115
radio 14 33628
radio 14 33699
radio 14 34213
radio 14 34230
radio 14 34743
radio 14 34774
radio 14 35288
radio 14 35343
radio 14 35857
radio 14 35889
radio 14 36403
radio 14 36420
radio 14 36933
radio 14 36983
radio 14 37497
radio 14 37525
radio 14 38039
radio 14 38056
radio 14 38569
radio 14 38597
radio 14 39111
delay 19 35 14 39196 14 39264 9 6 65535 0 16 1 0
radio 14 40260
radio 14 40773
radio 14 40792
radio 14 41306
radio 14 41323
radio 14 41836
radio 14 41870
radio 14 42384
radio 14 42401
radio 14 42914
radio 14 42945
radio 14 43459
radio 14 43489
radio 14 44003
radio 14 44020
radio 14 44533
radio 14 44563
radio 14 45077
radio 14 45094
radio 14 45607
radio 14 45636
radio 14 46150
radio 14 46167
radio 14 46680
radio 14 46697
radio 14 47210
radio 14 47263
radio 14 47777
radio 14 47852
energy 14 48302 7 44318
radio 14 48366
radio 14 48383
radio 14 48897
radio 14 48930
radio 14 49444
radio 14 49498
radio 14 50012
radio 14 50047
radio 14 50561
radio 14 50578
radio 14 51091
radio 14 51108
radio 14 51621
radio 14 51638
radio 14 52151
radio 14 52168
radio 14 52681
radio 14 52698
radio 14 53211
radio 14 53228
radio 14 53741
radio 14 53758
radio 14 54271
radio 14 54323
radio 14 54837
radio 14 54870
radio 14 55384
radio 14 55435
radio 14 55949
radio 14 55981
radio 14 56495
radio 14 56512
radio 14 57025
radio 14 57042
radio 14 57555
radio 14 57572
radio 14 58085
radio 14 58102
radio 14 58615
radio 14 58646
radio 14 59160
radio 14 59177
radio 14 59690
delay 20 35 14 59712 14 59780 9 6 65535 0 42 0 0
radio 14 59719
radio 14 60234
radio 14 60304
radio 14 60817
radio 14 60924
radio 14 61438
radio 14 61455
radio 14 61968
radio 14 61996
radio 14 62510
radio 14 62527
radio 14 63040
radio 14 63095
radio 14 63609
radio 14 63626
radio 14 64139
radio 14 64170
radio 14 64684
radio 14 64701
radio 14 65214
radio 14 65242
radio 15 220
radio 15 237
radio 15 750
radio 15 778
radio 15 1291
radio 15 1320
radio 15 1834
radio 15 1885
radio 15 2399
radio 15 2416
radio 15 2929
radio 15 2963
radio 15 3477
radio 15 3494
radio 15 4007
radio 15 4024
radio 15 4537
radio 15 4567
radio 15 5081
radio 15 5115
radio 15 5629
radio 15 5646
radio 15 6159
radio 15 6176
radio 15 6689
radio 15 6723
radio 15 7237
radio 15 7254
radio 15 7767
radio 15 7796
radio 15 8310
radio 15 8327
radio 15 8840
radio 15 8857
radio 15 9370
radio 15 9480
radio 15 9994
radio 15 10023
radio 15 10537
radio 15 10554
radio 15 11067
radio 15 11122
radio 15 11636
radio 15 11653
radio 15 12166
radio 15 12183
radio 15 12696
radio 15 12731
radio 15 13245
radio 15 13262
radio 15 13775
radio 15 13806
radio 15 14320
radio 15 14370
radio 15 14884
delay 21 0 15 14984 15 16111 0 6 6 0 560 0 0
radio 15 14992
radio 15 15506
radio 15 15555
radio 15 16068
radio 15 16158
radio 15 16672
radio 15 16689
radio 15 17202
radio 15 17234
radio 15 17748
radio 15 17783
radio 15 18297
radio 15 18365
radio 15 18879
radio 15 18896
radio 15 19409
radio 15 19442
radio 15 19956
radio 15 19988
radio 15 20502
radio 15 20519
radio 15 21032
radio 15 21064
radio 15 21578
radio 15 21595
radio 15 22108
radio 15 22125
radio 15 22638
radio 15 22655
radio 15 23168
radio 15 23185
radio 15 23698
radio 15 23715
radio 15 24228
radio 15 24245
radio 15 24758
radio 15 24788
radio 15 25302
radio 15 25319
radio 15 25832
radio 15 25849
radio 15 26362
radio 15 26379
radio 15 26892
radio 15 26980
radio 15 27494
radio 15 27548
radio 15 28062
radio 15 28110
radio 15 28624
radio 15 28659
radio 15 29173
radio 15 29190
radio 15 29703
radio 15 29720
radio 15 30233
radio 15 30250
radio 15 30763
radio 15 30780
radio 15 31293
radio 15 31310
radio 15 31823
radio 15 31840
radio 15 32353
radio 15 32408
radio 15 32922
radio 15 32939
radio 15 33452
radio 15 33469
radio 15 33982
radio 15 34014
radio 15 34528
radio 15 34545
radio 15 35058
delay 22 0 15 35075 15 36201 0 6 6 0 182 0 0
radio 15 35082
radio 15 35596
radio 15 35799
radio 15 36313
radio 15 36333
radio 15 36847
radio 15 36864
radio 15 37377
radio 15 37394
radio 15 37907
radio 15 37960
radio 15 38474
radio 15 38491
radio 15 39004
radio 15 39021
radio 15 39534
radio 15 39568
radio 15 40082
radio 15 40099
radio 15 40612
radio 15 40629
radio 15 41142
radio 15 41171
radio 15 41685
radio 15 41741
radio 15 42255
radio 15 42272
radio 15 42785
radio 15 42816
radio 15 43330
radio 15 43379
radio 15 43893
radio 15 43943
energy 15 44206 7 47184
radio 15 44457
radio 15 44487
radio 15 45001
radio 15 45018
radio 15 45531
radio 15 45548
radio 15 46061
radio 15 46078
radio 15 46591
radio 15 46608
radio 15 47122
radio 15 47139
radio 15 47652
radio 15 47669
radio 15 48182
radio 15 48211
radio 15 48725
radio 15 48756
radio 15 49270
radio 15 49322
radio 15 49836
radio 15 49886
radio 15 50400
radio 15 50429
radio 15 50943
radio 15 50978
radio 15 51492
radio 15 51509
radio 15 52022
radio 15 52078
radio 15 52592
radio 15 52646
radio 15 53160
radio 15 53177
radio 15 53690
radio 15 53707
radio 15 54220
radio 15 54237
radio 15 54750
radio 15 54767
radio 15 55280
radio 15 55297
radio 15 55810
delay 23 35 15 55827 15 55896 9 6 65535 0 62 0 0
radio 15 55835
radio 15 56350
radio 15 56367
radio 15 56881
radio 15 56898
radio 15 57411
radio 15 57428
radio 15 57941
radio 15 57974
radio 15 58488
radio 15 58518
radio 15 59032
radio 15 59049
radio 15 59562
radio 15 59579
radio 15 60092
radio 15 60123
radio 15 60637
radio 15 60654
radio 15 61167
radio 15 61203
radio 15 61717
radio 15 61769
radio 15 62283
radio 15 62300
radio 15 62813
radio 15 62849
radio 15 63363
radio 15 63380
radio 15 63893
radio 15 63910
radio 15 64423
radio 15 64452
radio 15 64966
radio 15 65000
radio 15 65514
radio 16 9
radio 16 522
radio 16 539
radio 16 1052
radio 16 1069
radio 16 1582
radio 16 1599
radio 16 2112
radio 16 2129
radio 16 2642
radio 16 2659
radio 16 3172
radio 16 3189
radio 16 3702
radio 16 3731
radio 16 4245
radio 16 4333
radio 16 4847
radio 16 4977
radio 16 5491
radio 16 5559
radio 16 6073
radio 16 6090
radio 16 6603
radio 16 6636
radio 16 7150
radio 16 7167
radio 16 7680
radio 16 7731
radio 16 8245
radio 16 8293
radio 16 8807
radio 16 8836
radio 16 9350
radio 16 9367
radio 16 9880
radio 16 9897
radio 16 10410
delay 24 35 16 10454 16 10523 9 6 65535 0 110 0 0
radio 16 10462
radio 16 10976
radio 16 11145
radio 16 11658
radio 16 11675
radio 16 12188
radio 16 12239
radio 16 12753
radio 16 12781
radio 16 13295
radio 16 13325
radio 16 13839
radio 16 13869
radio 16 14383
radio 16 14411
radio 16 14925
radio 16 14942
radio 16 15455
radio 16 15472
radio 16 15985
radio 16 16002
radio 16 16515
radio 16 16544
radio 16 17058
radio 16 17087
radio 16 17601
radio 16 17631
radio 16 18145
radio 16 18180
radio 16 18694
radio 16 18730
radio 16 19244
radio 16 19261
radio 16 19774
radio 16 19807
radio 16 20321
radio 16 20355
radio 16 20869
radio 16 20886
radio 16 21399
radio 16 21427
radio 16 21941
radio 16 21958
radio 16 22471
radio 16 22488
radio 16 23001
radio 16 23018
radio 16 23531
radio 16 23548
radio 16 24061
radio 16 24078
radio 16 24591
radio 16 24619
radio 16 25133
radio 16 25164
radio 16 25678
radio 16 25711
radio 16 26225
radio 16 26255
radio 16 26769
radio 16 26817
radio 16 27331
radio 16 27348
radio 16 27861
radio 16 27893
radio 16 28407
radio 16 28437
radio 16 28951
radio 16 28968
radio 16 29481
radio 16 29498
radio 16 30011
radio 16 30064
radio 16 30578
radio 16 30627
radio 16 31141
delay 25 35 16 31156 16 31225 9 6 65535 0 295 0 0
radio 16 31164
radio 16 31678
radio 16 31721
radio 16 32235
radio 16 32292
radio 16 32806
radio 16 32823
radio 16 33336
radio 16 33367
radio 16 33881
radio 16 33911
radio 16 34425
radio 16 34473
radio 16 34987
radio 16 35019
radio 16 35533
radio 16 35564
radio 16 36078
radio 16 36114
radio 16 36628
radio 16 36645
radio 16 37158
radio 16 37189
radio 16 37703
radio 16 37755
radio 16 38269
radio 16 38320
radio 16 38834
radio 16 38851
radio 16 39364
radio 16 39381
radio 16 39894
radio 16 39930
energy 16 40110 7 49945
radio 16 40444
radio 16 40476
radio 16 40990
radio 16 41007
radio 16 41520
radio 16 41537
radio 16 42050
radio 16 42083
radio 16 42597
radio 16 42614
radio 16 43127
radio 16 43144
radio 16 43657
radio 16 43674
radio 16 44187
radio 16 44204
radio 16 44717
radio 16 44734
radio 16 45247
radio 16 45264
radio 16 45777
radio 16 45829
radio 16 46343
radio 16 46360
radio 16 46873
radio 16 46890
radio 16 47403
radio 16 47420
radio 16 47933
radio 16 47950
radio 16 48463
radio 16 48480
radio 16 48993
radio 16 49049
radio 16 49563
radio 16 49591
radio 16 50105
radio 16 50122
radio 16 50635
radio 16 50652
radio 16 51166
radio 16 51183
radio 16 51696
delay 26 35 16 51712 16 51781 9 6 65535 0 328 0 0
radio 16 51720
radio 16 52234
radio 16 52251
radio 16 52764
radio 16 52817
radio 16 53331
radio 16 53379
radio 16 53893
radio 16 53928
radio 16 54442
radio 16 54498
radio 16 55012
radio 16 55040
radio 16 55554
radio 16 55571
radio 16 56084
radio 16 56113
radio 16 56627
radio 16 56644
radio 16 57157
radio 16 57193
radio 16 57707
radio 16 57737
radio 16 58251
radio 16 58268
radio 16 58781
radio 16 58814
radio 16 59328
radio 16 59364
radio 16 59878
radio 16 59913
radio 16 60427
radio 16 60444
radio 16 60957
radio 16 60990
radio 16 61504
radio 16 61521
radio 16 62034
radio 16 62065
radio 16 62579
radio 16 62612
radio 16 63126
radio 16 63143
radio 16 63656
radio 16 63673
radio 16 64186
radio 16 64203
radio 16 64716
radio 16 64733
radio 16 65246
radio 16 65263
radio 17 240
radio 17 290
radio 17 803
radio 17 913
radio 17 1426
radio 17 1477
radio 17 1991
radio 17 2100
radio 17 2614
radio 17 2631
radio 17 3144
radio 17 3161
radio 17 3674
radio 17 3703
radio 17 4217
radio 17 4271
radio 17 4785
radio 17 4813
radio 17 5327
radio 17 5344
radio 17 5857
radio 17 5874
radio 17 6387
delay 27 35 17 6535 17 6604 9 6 65535 0 139 0 0
radio 17 6542
radio 17 7057
radio 17 7185
radio 17 7698
radio 17 7715
radio 17 8228
radio 17 8349
radio 17 8863
radio 17 8914
radio 17 9428
radio 17 9445
radio 17 9958
radio 17 9975
radio 17 10488
radio 17 10505
radio 17 11018
radio 17 11051
radio 17 11565
radio 17 11582
radio 17 12095
radio 17 12130
radio 17 12644
radio 17 12695
radio 17 13209
radio 17 13226
radio 17 13739
radio 17 13770
radio 17 14284
radio 17 14301
radio 17 14814
radio 17 14831
radio 17 15345
radio 17 15373
radio 17 15887
radio 17 15941
radio 17 16455
radio 17 16472
radio 17 16985
radio 17 17002
radio 17 17515
radio 17 17546
radio 17 18060
radio 17 18077
radio 17 18590
radio 17 18641
radio 17 19155
radio 17 19172
radio 17 19685
radio 17 19702
radio 17 20216
radio 17 20233
radio 17 20746
radio 17 20775
radio 17 21289
radio 17 21325
radio 17 21839
radio 17 21856
radio 17 22369
radio 17 22386
radio 17 22899
radio 17 22916
radio 17 23430
radio 17 23458
radio 17 23972
radio 17 24022
radio 17 24536
radio 17 24564
radio 17 25078
radio 17 25106
radio 17 25620
radio 17 25668
radio 17 26182
radio 17 26199
radio 17 26712
delay 28 0 17 26727 17 27853 0 6 6 0 15 1 0
radio 17 27789
radio 17 28303
radio 17 28340
radio 17 28853
radio 17 28882
radio 17 29396
radio 17 29464
radio 17 29978
radio 17 29995
radio 17 30508
radio 17 30525
radio 17 31038
radio 17 31055
radio 17 31568
radio 17 31597
radio 17 32111
radio 17 32128
radio 17 32641
radio 17 32693
radio 17 33207
radio 17 33224
radio 17 33737
radio 17 33754
radio 17 34267
radio 17 34297
radio 17 34811
radio 17 34828
radio 17 35341
radio 17 35358
radio 17 35871
radio 17 35888
energy 17 36014 7 53716
radio 17 36401
radio 17 36418
radio 17 36931
radio 17 36948
radio 17 37461
radio 17 37478
radio 17 37991
radio 17 38008
radio 17 38521
radio 17 38538
radio 17 39051
radio 17 39068
radio 17 39581
radio 17 39598
radio 17 40111
radio 17 40128
radio 17 40641
radio 17 40695
radio 17 41209
radio 17 41226
radio 17 41739
radio 17 41771
radio 17 42285
radio 17 42302
radio 17 42815
radio 17 42832
radio 17 43345
radio 17 43378
radio 17 43892
radio 17 43945
radio 17 44459
radio 17 44488
radio 17 45002
radio 17 45032
radio 17 45546
radio 17 45580
radio 17 46094
radio 17 46144
radio 17 46658
radio 17 46675
radio 17 47188
delay 29 0 17 47240 17 48366 0 6 6 0 48 0 0
radio 17 47249
radio 17 47762
radio 17 47781
radio 17 48294
radio 17 48425
radio 17 48939
radio 17 48956
radio 17 49469
radio 17 49505
radio 17 50019
radio 17 50048
radio 17 50562
radio 17 50618
radio 17 51132
radio 17 51181
radio 17 51695
radio 17 51712
radio 17 52225
radio 17 52255
radio 17 52769
radio 17 52786
radio 17 53299
radio 17 53316
radio 17 53829
radio 17 53858
radio 17 54372
radio 17 54389
radio 17 54902
radio 17 54936
radio 17 55450
radio 17 55467
radio 17 55980
radio 17 55997
radio 17 56510
radio 17 56527
radio 17 57040
radio 17 57057
radio 17 57570
radio 17 57639
radio 17 58153
radio 17 58206
radio 17 58720
radio 17 58753
radio 17 59267
radio 17 59284
radio 17 59797
radio 17 59814
radio 17 60327
radio 17 60344
radio 17 60857
radio 17 60888
radio 17 61402
radio 17 61457
radio 17 61971
radio 17 61988
radio 17 62501
radio 17 62549
radio 17 63063
radio 17 63080
radio 17 63593
radio 17 63624
radio 17 64138
radio 17 64155
radio 17 64668
radio 17 64685
radio 17 65198
radio 17 65233
radio 18 211
radio 18 228
radio 18 741
radio 18 769
radio 18 1282
radio 18 1336
radio 18 1850
radio 18 1898
radio 18 2412
delay 30 15 18 2496 18 3059 16 6 65535 0 158 0 0
radio 18 2505
radio 18 3019
radio 18 3475
radio 18 3989
radio 18 4006
radio 18 4519
radio 18 4536
radio 18 5049
radio 18 5079
radio 18 5593
radio 18 5610
radio 18 6123
radio 18 6140
radio 18 6653
radio 18 6670
radio 18 7183
radio 18 7200
radio 18 7713
radio 18 7730
radio 18 8243
radio 18 8274
radio 18 8788
radio 18 8816
radio 18 9330
radio 18 9347
radio 18 9860
radio 18 9877
radio 18 10390
radio 18 10407
radio 18 10920
radio 18 10951
radio 18 11465
radio 18 11482
radio 18 11995
radio 18 12028
radio 18 12542
radio 18 12574
radio 18 13088
radio 18 13118
radio 18 13632
radio 18 13649
radio 18 14162
radio 18 14179
radio 18 14692
radio 18 14709
radio 18 15222
radio 18 15239
radio 18 15752
radio 18 15769
radio 18 16282
radio 18 16299
radio 18 16812
radio 18 16829
radio 18 17342
radio 18 17412
radio 18 17926
radio 18 17955
radio 18 18469
radio 18 18498
radio 18 19012
radio 18 19029
radio 18 19542
radio 18 19559
radio 18 20072
radio 18 20089
radio 18 20602
radio 18 20619
radio 18 21132
radio 18 21186
radio 18 21700
radio 18 21750
radio 18 22264
radio 18 22281
radio 18 22794
delay 31 0 18 22866 18 23992 0 6 6 0 250 0 0
radio 18 22874
radio 18 23388
radio 18 23550
radio 18 24064
radio 18 24085
radio 18 24599
radio 18 24633
radio 18 25147
radio 18 25178
radio 18 25692
radio 18 25709
radio 18 26222
radio 18 26239
radio 18 26752
radio 18 26769
radio 18 27282
radio 18 27317
radio 18 27831
radio 18 27848
radio 18 28361
radio 18 28390
radio 18 28904
radio 18 28952
radio 18 29466
radio 18 29483
radio 18 29996
radio 18 30013
radio 18 30526
radio 18 30543
radio 18 31056
radio 18 31073
radio 18 31586
radio 18 31616
energy 18 31918 7 56741
radio 18 32130
radio 18 32164
radio 18 32678
radio 18 32707
radio 18 33221
radio 18 33238
radio 18 33751
radio 18 33784
radio 18 34298
radio 18 34330
radio 18 34844
radio 18 34900
radio 18 35414
radio 18 35431
radio 18 35944
radio 18 35961
radio 18 36474
radio 18 36504
radio 18 37018
radio 18 37035
radio 18 37548
radio 18 37565
radio 18 38078
radio 18 38095
radio 18 38608
radio 18 38643
radio 18 39157
radio 18 39174
radio 18 39687
radio 18 39704
radio 18 40217
radio 18 40247
radio 18 40761
radio 18 40796
radio 18 41310
radio 18 41327
radio 18 41840
radio 18 41874
radio 18 42388
radio 18 42417
radio 18 42931
radio 18 42961
radio 18 43475
delay 32 0 18 43526 18 44652 0 6 6 0 437 0 0
radio 18 43534
radio 18 44048
radio 18 44092
radio 18 44606
radio 18 44658
radio 18 45172
radio 18 45202
radio 18 45716
radio 18 45747
radio 18 46261
radio 18 46296
radio 18 46810
radio 18 46845
radio 18 47359
radio 18 47387
radio 18 47901
radio 18 47918
radio 18 48431
radio 18 48448
radio 18 48961
radio 18 48990
radio 18 49504
radio 18 49535
radio 18 50049
radio 18 50066
radio 18 50579
radio 18 50596
radio 18 51109
radio 18 51126
radio 18 51639
radio 18 51656
radio 18 52169
radio 18 52198
radio 18 52712
radio 18 52741
radio 18 53255
radio 18 53287
radio 18 53801
radio 18 53818
radio 18 54331
radio 18 54361
radio 18 54875
radio 18 54908
radio 18 55422
radio 18 55439
radio 18 55952
radio 18 56003
radio 18 56517
radio 18 56534
radio 18 57047
radio 18 57076
radio 18 57590
radio 18 57619
radio 18 58133
radio 18 58165
radio 18 58679
radio 18 58712
radio 18 59226
radio 18 59243
radio 18 59756
radio 18 59848
radio 18 60362
radio 18 60390
radio 18 60904
radio 18 60935
radio 18 61449
radio 18 61466
radio 18 61979
radio 18 61996
radio 18 62509
radio 18 62526
radio 18 63039
radio 18 63089
radio 18 63603
delay 33 35 18 63620 18 63690 9 6 65535 0 24 1 0
radio 18 64691
radio 18 65204
radio 18 65221
radio 19 198
radio 19 215
radio 19 728
radio 19 758
radio 19 1271
radio 19 1300
radio 19 1814
radio 19 1831
radio 19 2344
radio 19 2380
radio 19 2894
radio 19 2928
radio 19 3442
radio 19 3459
radio 19 3972
radio 19 3989
radio 19 4502
radio 19 4519
radio 19 5032
radio 19 5049
radio 19 5562
radio 19 5579
radio 19 6092
radio 19 6122
radio 19 6636
radio 19 6685
radio 19 7199
radio 19 7227
radio 19 7741
radio 19 7772
radio 19 8286
radio 19 8318
radio 19 8832
radio 19 8861
radio 19 9375
radio 19 9403
radio 19 9917
radio 19 9934
radio 19 10447
radio 19 10497
radio 19 11011
radio 19 11044
radio 19 11558
radio 19 11575
radio 19 12088
radio 19 12139
radio 19 12653
radio 19 12701
radio 19 13215
radio 19 13232
radio 19 13745
radio 19 13775
radio 19 14289
radio 19 14341
radio 19 14855
radio 19 14883
radio 19 15397
radio 19 15414
radio 19 15927
radio 19 15962
radio 19 16476
radio 19 16507
radio 19 17021
radio 19 17038
radio 19 17552
radio 19 17624
radio 19 18138
radio 19 18155
radio 19 18668
delay 34 35 19 18715 19 18785 9 6 65535 0 86 0 0
radio 19 18723
radio 19 19237
radio 19 19252
radio 19 19765
radio 19 19781
radio 19 20295
radio 19 20323
radio 19 20837
radio 19 20866
radio 19 21380
radio 19 21411
radio 19 21925
radio 19 21957
radio 19 22471
radio 19 22525
radio 19 23039
radio 19 23147
radio 19 23661
radio 19 23690
radio 19 24204
radio 19 24237
radio 19 24751
radio 19 24768
radio 19 25281
radio 19 25316
radio 19 25830
radio 19 25847
radio 19 26360
radio 19 26377
radio 19 26890
radio 19 26923
radio 19 27437
radio 19 27465
energy 19 27822 7 60406
radio 19 27979
radio 19 27996
radio 19 28509
radio 19 28526
radio 19 29039
radio 19 29067
radio 19 29581
radio 19 29598
radio 19 30111
radio 19 30144
radio 19 30658
radio 19 30689
radio 19 31203
radio 19 31253
radio 19 31767
radio 19 31801
radio 19 32315
radio 19 32344
radio 19 32858
radio 19 32894
radio 19 33408
radio 19 33442
radio 19 33956
radio 19 33990
radio 19 34504
radio 19 34538
radio 19 35052
radio 19 35069
radio 19 35582
radio 19 35617
radio 19 36131
radio 19 36148
radio 19 36661
radio 19 36693
radio 19 37207
radio 19 37224
radio 19 37737
radio 19 37771
radio 19 38285
radio 19 38320
radio 19 38834
radio 19 38851
radio 19 39364
delay 35 35 19 39379 19 39449 9 6 65535 0 198 0 0
radio 19 39386
radio 19 39901
radio 19 40050
radio 19 40563
radio 19 40597
radio 19 41111
radio 19 41128
radio 19 41641
radio 19 41658
radio 19 42171
radio 19 42188
radio 19 42701
radio 19 42732
radio 19 43246
radio 19 43275
radio 19 43789
radio 19 43840
radio 19 44354
radio 19 44371
radio 19 44884
radio 19 44916
radio 19 45430
radio 19 45447
radio 19 45960
radio 19 45977
radio 19 46490
radio 19 46507
radio 19 47020
radio 19 47037
radio 19 47550
radio 19 47603
radio 19 48117
radio 19 48134
radio 19 48647
radio 19 48664
radio 19 49177
radio 19 49207
radio 19 49721
radio 19 49754
radio 19 50268
radio 19 50303
radio 19 50817
radio 19 50849
radio 19 51363
radio 19 51394
radio 19 51908
radio 19 51939
radio 19 52453
radio 19 52481
radio 19 52995
radio 19 53012
radio 19 53525
radio 19 53542
radio 19 54055
radio 19 54190
radio 19 54704
radio 19 54734
radio 19 55248
radio 19 55277
radio 19 55791
radio 19 55840
radio 19 56354
radio 19 56371
radio 19 56884
radio 19 56901
radio 19 57414
radio 19 57431
radio 19 57944
radio 19 57979
radio 19 58493
radio 19 58510
radio 19 59023
radio 19 59040
radio 19 59553
delay 36 0 19 59608 19 60733 0 6 6 0 123 0 0
radio 19 59615
radio 19 60129
radio 19 60468
radio 19 60982
radio 19 61002
radio 19 61515
radio 19 61584
radio 19 62098
radio 19 62115
radio 19 62628
radio 19 62658
radio 19 63172
radio 19 63201
radio 19 63715
radio 19 63767
radio 19 64281
radio 19 64312
radio 19 64826
radio 19 64914
radio 19 65428
radio 19 65461
radio 20 439
radio 20 456
radio 20 969
radio 20 986
radio 20 1499
radio 20 1516
radio 20 2029
radio 20 2059
radio 20 2573
radio 20 2590
radio 20 3103
radio 20 3159
radio 20 3673
radio 20 3690
radio 20 4203
radio 20 4233
radio 20 4747
radio 20 4764
radio 20 5277
radio 20 5327
radio 20 5841
radio 20 5877
radio 20 6391
radio 20 6425
radio 20 6939
radio 20 6956
radio 20 7469
radio 20 7498
radio 20 8012
radio 20 8029
radio 20 8542
radio 20 8559
radio 20 9072
radio 20 9089
radio 20 9602
radio 20 9619
radio 20 10132
radio 20 10164
radio 20 10678
radio 20 10695
radio 20 11208
radio 20 11244
radio 20 11758
radio 20 11775
radio 20 12288
radio 20 12305
radio 20 12818
radio 20 12847
radio 20 13361
radio 20 13390
radio 20 13904
radio 20 13954
radio 20 14468
delay 37 0 20 14483 20 15608 0 6 6 0 54 0 0
radio 20 14490
radio 20 15004
radio 20 15112
radio 20 15626
radio 20 15674
radio 20 16188
radio 20 16218
radio 20 16732
radio 20 16788
radio 20 17302
radio 20 17319
radio 20 17832
radio 20 17866
radio 20 18380
radio 20 18410
radio 20 18924
radio 20 18957
radio 20 19471
radio 20 19503
radio 20 20017
radio 20 20046
radio 20 20560
radio 20 20596
radio 20 21110
radio 20 21127
radio 20 21640
radio 20 21657
radio 20 22170
radio 20 22187
radio 20 22700
radio 20 22717
radio 20 23230
radio 20 23286
energy 20 23726 7 63523
radio 20 23800
radio 20 23817
radio 20 24330
radio 20 24347
radio 20 24860
radio 20 24877
radio 20 25390
radio 20 25407
radio 20 25920
radio 20 25937
radio 20 26450
radio 20 26483
radio 20 26997
radio 20 27014
radio 20 27527
radio 20 27544
radio 20 28057
radio 20 28074
radio 20 28587
radio 20 28620
radio 20 29134
radio 20 29166
radio 20 29680
radio 20 29697
radio 20 30210
radio 20 30227
radio 20 30740
radio 20 30757
radio 20 31270
radio 20 31287
radio 20 31800
radio 20 31829
radio 20 32343
radio 20 32360
radio 20 32873
radio 20 32890
radio 20 33403
radio 20 33420
radio 20 33933
radio 20 33981
radio 20 34495
radio 20 34512
radio 20 35025
delay 38 35 20 35120 20 35191 9 6 65535 0 46 0 0
radio 20 35128
radio 20 35643
radio 20 35753
radio 20 36267
radio 20 36289
radio 20 36803
radio 20 36820
radio 20 37333
radio 20 37361
radio 20 37875
radio 20 37892
radio 20 38405
radio 20 38422
radio 20 38935
radio 20 38990
radio 20 39504
radio 20 39521
radio 20 40034
radio 20 40064
radio 20 40578
radio 20 40595
radio 20 41108
radio 20 41141
radio 20 41655
radio 20 41672
radio 20 42185
radio 20 42236
radio 20 42750
radio 20 42767
radio 20 43280
radio 20 43310
radio 20 43824
radio 20 43854
radio 20 44368
radio 20 44401
radio 20 44915
radio 20 44966
radio 20 45480
radio 20 45497
radio 20 46010
radio 20 46041
radio 20 46555
radio 20 46588
radio 20 47102
radio 20 47138
radio 20 47652
radio 20 47684
radio 20 48198
radio 20 48228
radio 20 48742
radio 20 48759
radio 20 49272
radio 20 49289
radio 20 49802
radio 20 49858
radio 20 50372
radio 20 50521
radio 20 51035
radio 20 51088
