Thread[Thread-1,5,main]tree 31 15 42 12 0 0
radio 7 14489
radio 7 14493
radio 7 14510
radio 7 15023
radio 7 15040
radio 7 15553
radio 7 15570
radio 7 16083
radio 7 16100
radio 7 16613
radio 7 16645
radio 7 17159
radio 7 17189
radio 7 17703
radio 7 17720
radio 7 18233
radio 7 18264
radio 7 18778
radio 7 18806
radio 7 19320
radio 7 19356
radio 7 19870
radio 7 19887
radio 7 20400
radio 7 20417
radio 7 20930
radio 7 20947
radio 7 21460
radio 7 21477
radio 7 21990
radio 7 22007
radio 7 22520
radio 7 22537
radio 7 23050
radio 7 23067
radio 7 23580
radio 7 23614
radio 7 24128
radio 7 24145
radio 7 24658
radio 7 24686
radio 7 25200
radio 7 25234
radio 7 25748
radio 7 25779
radio 7 26293
radio 7 26310
radio 7 26823
radio 7 26840
radio 7 27353
radio 7 27370
radio 7 27883
radio 7 27900
radio 7 28413
radio 7 28445
radio 7 28959
radio 7 28976
radio 7 29489
radio 7 29506
radio 7 30019
radio 7 30036
radio 7 30549
radio 7 30566
radio 7 31079
radio 7 31096
radio 7 31609
radio 7 31660
radio 7 32174
radio 7 32227
radio 7 32741
radio 7 32758
radio 7 33271
radio 7 33301
radio 7 33815
radio 7 33843
radio 7 34357
radio 7 34374
radio 7 34887
radio 7 34904
radio 7 35417
radio 7 35434
radio 7 35947
radio 7 35964
radio 7 36477
radio 7 36511
radio 7 37025
radio 7 37061
radio 7 37575
radio 7 37605
radio 7 38119
radio 7 38136
radio 7 38649
radio 7 38666
radio 7 39179
radio 7 39214
radio 7 39728
radio 7 39745
radio 7 40258
radio 7 40275
radio 7 40788
radio 7 40921
radio 7 41435
radio 7 41452
radio 7 41965
radio 7 42034
radio 7 42548
radio 7 42565
radio 7 43078
radio 7 43108
radio 7 43622
radio 7 43639
radio 7 44152
radio 7 44169
radio 7 44682
radio 7 44718
radio 7 45232
radio 7 45249
radio 7 45762
radio 7 45796
radio 7 46310
radio 7 46340
radio 7 46854
radio 7 46885
radio 7 47399
radio 7 47416
radio 7 47929
radio 7 47946
radio 7 48459
radio 7 48476
radio 7 48989
radio 7 49006
radio 7 49519
radio 7 49551
radio 7 50065
radio 7 50136
radio 7 50650
radio 7 50667
radio 7 51180
radio 7 51197
radio 7 51710
radio 7 51727
radio 7 52240
radio 7 52257
radio 7 52770
radio 7 52787
radio 7 53300
radio 7 53335
radio 7 53849
radio 7 53866
radio 7 54379
radio 7 54408
radio 7 54922
radio 7 54958
radio 7 55472
radio 7 55489
radio 7 56002
radio 7 56019
radio 7 56532
radio 7 56549
radio 7 57062
radio 7 57079
radio 7 57592
radio 7 57609
radio 7 58122
radio 7 58156
radio 7 58670
radio 7 58687
radio 7 59200
radio 7 59233
radio 7 59747
radio 7 59764
radio 7 60277
radio 7 60294
radio 7 60807
radio 7 60824
radio 7 61337
radio 7 61354
radio 7 61867
radio 7 61918
radio 7 62432
radio 7 62488
radio 7 63002
radio 7 63019
radio 7 63532
radio 7 63565
radio 7 64079
radio 7 64096
radio 7 64609
radio 7 64626
radio 7 65139
radio 7 65156
radio 8 133
radio 8 162
radio 8 675
radio 8 727
radio 8 1240
radio 8 1257
radio 8 1770
radio 8 1800
radio 8 2314
radio 8 2331
radio 8 2844
radio 8 2872
radio 8 3386
radio 8 3414
radio 8 3928
radio 8 3958
radio 8 4472
radio 8 4506
radio 8 5020
radio 8 5055
radio 8 5569
radio 8 5603
radio 8 6117
radio 8 6149
radio 8 6663
radio 8 6680
radio 8 7193
radio 8 7227
radio 8 7741
radio 8 7769
radio 8 8283
radio 8 8311
radio 8 8825
radio 8 8842
radio 8 9355
radio 8 9383
radio 8 9897
radio 8 9914
energy 8 10405 7 16675
radio 8 10427
radio 8 10479
radio 8 10993
radio 8 11010
radio 8 11523
radio 8 11540
radio 8 12053
radio 8 12070
radio 8 12583
radio 8 12600
radio 8 13113
radio 8 13130
radio 8 13643
radio 8 13679
radio 8 14193
radio 8 14222
radio 8 14736
radio 8 14753
radio 8 15266
radio 8 15283
radio 8 15796
radio 8 15827
radio 8 16341
radio 8 16373
radio 8 16887
radio 8 16904
radio 8 17417
radio 8 17448
radio 8 17962
radio 8 17994
radio 8 18508
radio 8 18525
radio 8 19038
radio 8 19055
radio 8 19568
radio 8 19585
radio 8 20098
radio 8 20115
radio 8 20628
radio 8 20661
radio 8 21175
radio 8 21192
radio 8 21705
radio 8 21759
radio 8 22273
radio 8 22328
radio 8 22842
radio 8 22859
radio 8 23372
radio 8 23389
radio 8 23902
radio 8 23933
radio 8 24447
radio 8 24464
radio 8 24977
radio 8 24994
radio 8 25507
radio 8 25524
radio 8 26037
radio 8 26054
radio 8 26567
radio 8 26584
radio 8 27097
radio 8 27146
radio 8 27660
radio 8 27677
radio 8 28190
radio 8 28207
radio 8 28720
radio 8 28737
radio 8 29250
radio 8 29267
radio 8 29780
radio 8 29797
radio 8 30310
radio 8 30327
radio 8 30840
radio 8 30857
radio 8 31370
radio 8 31387
radio 8 31900
radio 8 31917
radio 8 32430
radio 8 32447
radio 8 32960
radio 8 32992
radio 8 33506
radio 8 33523
radio 8 34036
radio 8 34053
radio 8 34566
radio 8 34583
radio 8 35096
radio 8 35113
radio 8 35626
radio 8 35643
radio 8 36156
radio 8 36173
radio 8 36686
radio 8 36703
radio 8 37216
radio 8 37248
radio 8 37762
radio 8 37779
radio 8 38292
radio 8 38322
radio 8 38836
radio 8 38853
radio 8 39366
radio 8 39420
radio 8 39934
radio 8 39966
radio 8 40480
radio 8 40497
radio 8 41010
radio 8 41042
radio 8 41556
radio 8 41587
radio 8 42101
radio 8 42118
radio 8 42631
radio 8 42648
radio 8 43161
delay 0 18 8 43365 8 44158 9 15 6 0 357 0 0
radio 8 43372
radio 8 43886
radio 8 43901
radio 8 44415
radio 8 44430
radio 8 44944
radio 8 44974
radio 8 45488
radio 8 45518
radio 8 46032
radio 8 46063
radio 8 46577
radio 8 46606
radio 8 47120
radio 8 47137
radio 8 47650
radio 8 47684
radio 8 48198
radio 8 48230
radio 8 48744
radio 8 48761
radio 8 49274
radio 8 49310
radio 8 49824
radio 8 49841
radio 8 50354
radio 8 50422
radio 8 50936
radio 8 50953
radio 8 51466
radio 8 51498
radio 8 52012
radio 8 52029
radio 8 52542
radio 8 52559
radio 8 53072
radio 8 53089
radio 8 53602
radio 8 53619
radio 8 54132
radio 8 54162
radio 8 54676
radio 8 54730
radio 8 55244
radio 8 55261
radio 8 55774
radio 8 55791
radio 8 56304
radio 8 56321
radio 8 56834
radio 8 56851
radio 8 57364
radio 8 57398
radio 8 57912
radio 8 57929
radio 8 58442
radio 8 58472
radio 8 58986
radio 8 59003
radio 8 59516
radio 8 59533
radio 8 60046
radio 8 60063
radio 8 60576
radio 8 60593
radio 8 61106
radio 8 61140
radio 8 61654
radio 8 61671
radio 8 62184
radio 8 62212
radio 8 62726
radio 8 62743
radio 8 63256
radio 8 63284
radio 8 63798
delay 1 39 8 63813 8 64002 16 15 65535 0 388 0 0
radio 8 63821
radio 8 64336
radio 8 64354
radio 8 64868
radio 8 64884
radio 8 65397
radio 8 65524
radio 9 502
radio 9 534
radio 9 1047
radio 9 1064
radio 9 1577
radio 9 1594
radio 9 2107
radio 9 2124
radio 9 2637
radio 9 2654
radio 9 3167
radio 9 3199
radio 9 3713
radio 9 3730
radio 9 4243
radio 9 4274
radio 9 4788
radio 9 4821
radio 9 5335
radio 9 5352
radio 9 5865
radio 9 5882
energy 9 6309 7 18896
radio 9 6395
radio 9 6412
radio 9 6925
radio 9 6958
radio 9 7472
radio 9 7489
radio 9 8002
radio 9 8033
radio 9 8547
radio 9 8580
radio 9 9094
radio 9 9129
radio 9 9643
radio 9 9660
radio 9 10173
radio 9 10190
radio 9 10703
radio 9 10732
radio 9 11246
radio 9 11282
radio 9 11796
radio 9 11824
radio 9 12338
radio 9 12355
radio 9 12868
radio 9 12885
radio 9 13398
radio 9 13415
radio 9 13928
radio 9 13945
radio 9 14458
radio 9 14475
radio 9 14988
radio 9 15023
radio 9 15537
radio 9 15554
radio 9 16067
radio 9 16084
radio 9 16597
radio 9 16614
radio 9 17127
radio 9 17144
radio 9 17657
radio 9 17709
radio 9 18223
radio 9 18240
radio 9 18753
delay 2 48 9 18769 9 18776 16 15 65535 0 215 0 0
radio 9 18777
radio 9 19291
radio 9 19308
radio 9 19822
radio 9 19953
radio 9 20467
radio 9 20484
radio 9 20997
radio 9 21026
radio 9 21540
radio 9 21575
radio 9 22089
radio 9 22142
radio 9 22656
radio 9 22707
radio 9 23221
radio 9 23253
radio 9 23767
radio 9 23784
radio 9 24297
radio 9 24328
radio 9 24842
radio 9 24877
radio 9 25391
radio 9 25408
radio 9 25921
radio 9 25938
radio 9 26451
radio 9 26468
radio 9 26981
radio 9 26998
radio 9 27511
radio 9 27567
radio 9 28081
radio 9 28098
radio 9 28611
radio 9 28628
radio 9 29141
radio 9 29158
radio 9 29671
radio 9 29700
radio 9 30214
radio 9 30231
radio 9 30744
radio 9 30775
radio 9 31289
radio 9 31306
radio 9 31819
radio 9 31912
radio 9 32426
radio 9 32443
radio 9 32956
radio 9 32988
radio 9 33502
radio 9 33550
radio 9 34064
radio 9 34081
radio 9 34594
radio 9 34611
radio 9 35124
radio 9 35141
radio 9 35654
radio 9 35671
radio 9 36184
radio 9 36212
radio 9 36726
radio 9 36762
radio 9 37276
radio 9 37324
radio 9 37838
radio 9 37855
radio 9 38368
radio 9 38404
radio 9 38918
delay 3 18 9 38935 9 39729 9 15 6 0 119 0 0
radio 9 38942
radio 9 39456
radio 9 39473
radio 9 39986
radio 9 40005
radio 9 40519
radio 9 40555
radio 9 41069
radio 9 41105
radio 9 41619
radio 9 41636
radio 9 42149
radio 9 42184
radio 9 42698
radio 9 42715
radio 9 43228
radio 9 43245
radio 9 43758
radio 9 43775
radio 9 44288
radio 9 44343
radio 9 44857
radio 9 44874
radio 9 45387
radio 9 45404
radio 9 45917
radio 9 45934
radio 9 46447
radio 9 46464
radio 9 46977
radio 9 47005
radio 9 47519
radio 9 47551
radio 9 48065
radio 9 48116
radio 9 48630
radio 9 48647
radio 9 49160
radio 9 49177
radio 9 49690
radio 9 49723
radio 9 50237
radio 9 50272
radio 9 50786
radio 9 50803
radio 9 51316
radio 9 51333
radio 9 51846
radio 9 51880
radio 9 52394
radio 9 52411
radio 9 52924
radio 9 52972
radio 9 53486
radio 9 53516
radio 9 54030
radio 9 54062
radio 9 54576
radio 9 54626
radio 9 55140
radio 9 55174
radio 9 55688
radio 9 55737
radio 9 56251
radio 9 56284
radio 9 56798
radio 9 56834
radio 9 57348
radio 9 57380
radio 9 57894
radio 9 57927
radio 9 58441
radio 9 58473
radio 9 58987
radio 9 59004
radio 9 59517
delay 4 18 9 59651 9 60446 9 15 6 0 152 0 0
radio 9 59659
radio 9 60173
radio 9 60188
radio 9 60701
radio 9 60718
radio 9 61231
radio 9 61248
radio 9 61761
radio 9 61778
radio 9 62291
radio 9 62308
radio 9 62821
radio 9 62850
radio 9 63364
radio 9 63381
radio 9 63894
radio 9 63911
radio 9 64424
radio 9 64441
radio 9 64954
radio 9 65007
radio 9 65521
radio 10 2
radio 10 515
radio 10 549
radio 10 1062
radio 10 1079
radio 10 1592
radio 10 1609
radio 10 2122
radio 10 2139
energy 10 2213 7 21405
radio 10 2652
radio 10 2669
radio 10 3182
radio 10 3199
radio 10 3712
radio 10 3729
radio 10 4242
radio 10 4275
radio 10 4789
radio 10 4823
radio 10 5337
radio 10 5354
radio 10 5867
radio 10 5884
radio 10 6397
radio 10 6414
radio 10 6927
radio 10 6944
radio 10 7457
radio 10 7474
radio 10 7987
radio 10 8004
radio 10 8517
radio 10 8534
radio 10 9047
radio 10 9081
radio 10 9595
radio 10 9623
radio 10 10137
radio 10 10168
radio 10 10682
radio 10 10699
radio 10 11212
radio 10 11229
radio 10 11742
radio 10 11773
radio 10 12287
radio 10 12319
radio 10 12833
radio 10 12904
radio 10 13418
radio 10 13435
radio 10 13949
radio 10 13966
radio 10 14479
delay 5 42 10 14520 10 14653 9 15 6 0 117 0 0
radio 10 14528
radio 10 15042
radio 10 15139
radio 10 15653
radio 10 15728
radio 10 16241
radio 10 16274
radio 10 16788
radio 10 16805
radio 10 17318
radio 10 17351
radio 10 17865
radio 10 17882
radio 10 18395
radio 10 18449
radio 10 18963
radio 10 18994
radio 10 19508
radio 10 19525
radio 10 20038
radio 10 20055
radio 10 20568
radio 10 20585
radio 10 21098
radio 10 21115
radio 10 21629
radio 10 21646
radio 10 22159
radio 10 22191
radio 10 22705
radio 10 22738
radio 10 23252
radio 10 23269
radio 10 23782
radio 10 23813
radio 10 24327
radio 10 24344
radio 10 24857
radio 10 24874
radio 10 25387
radio 10 25404
radio 10 25917
radio 10 25934
radio 10 26448
radio 10 26465
radio 10 26978
radio 10 26995
radio 10 27508
radio 10 27525
radio 10 28038
radio 10 28055
radio 10 28568
radio 10 28622
radio 10 29136
radio 10 29153
radio 10 29666
radio 10 29683
radio 10 30196
radio 10 30230
radio 10 30744
radio 10 30761
radio 10 31274
radio 10 31291
radio 10 31805
radio 10 31822
radio 10 32335
radio 10 32390
radio 10 32904
radio 10 32932
radio 10 33446
radio 10 33463
radio 10 33976
radio 10 33993
radio 10 34506
radio 10 34523
radio 10 35036
delay 6 15 10 35116 10 35904 16 15 65535 0 390 0 0
radio 10 35126
radio 10 35639
radio 10 35789
radio 10 36302
radio 10 36319
radio 10 36833
radio 10 36850
radio 10 37363
radio 10 37380
radio 10 37893
radio 10 37948
radio 10 38462
radio 10 38479
radio 10 38992
radio 10 39009
radio 10 39522
radio 10 39555
radio 10 40069
radio 10 40086
radio 10 40599
radio 10 40616
radio 10 41130
radio 10 41147
radio 10 41660
radio 10 41691
radio 10 42205
radio 10 42234
radio 10 42748
radio 10 42781
radio 10 43295
radio 10 43312
radio 10 43825
radio 10 43854
radio 10 44368
radio 10 44385
radio 10 44898
radio 10 44915
radio 10 45428
radio 10 45458
radio 10 45972
radio 10 45989
radio 10 46502
radio 10 46533
radio 10 47047
radio 10 47078
radio 10 47592
radio 10 47609
radio 10 48122
radio 10 48139
radio 10 48652
radio 10 48669
radio 10 49182
radio 10 49199
radio 10 49712
radio 10 49741
radio 10 50255
radio 10 50272
radio 10 50785
radio 10 50802
radio 10 51315
radio 10 51332
radio 10 51845
radio 10 51881
radio 10 52395
radio 10 52412
radio 10 52925
radio 10 52942
radio 10 53455
radio 10 53472
radio 10 53985
radio 10 54002
radio 10 54515
radio 10 54543
radio 10 55057
radio 10 55074
radio 10 55587
delay 7 48 10 55720 10 55727 16 15 65535 0 394 0 0
radio 10 55729
radio 10 56243
radio 10 56259
radio 10 56772
radio 10 56789
radio 10 57302
radio 10 57353
radio 10 57867
radio 10 57897
radio 10 58411
radio 10 58428
radio 10 58941
radio 10 58958
radio 10 59471
radio 10 59502
radio 10 60016
radio 10 60050
radio 10 60564
radio 10 60581
radio 10 61094
radio 10 61111
radio 10 61624
radio 10 61641
radio 10 62154
radio 10 62183
radio 10 62697
radio 10 62714
radio 10 63227
radio 10 63244
energy 10 63653 7 23748
radio 10 63757
radio 10 63774
radio 10 64287
radio 10 64304
radio 10 64817
radio 10 64834
radio 10 65347
radio 10 65364
radio 11 341
radio 11 358
radio 11 871
radio 11 899
radio 11 1412
radio 11 1464
radio 11 1978
radio 11 1995
radio 11 2508
radio 11 2541
radio 11 3055
radio 11 3072
radio 11 3585
radio 11 3602
radio 11 4115
radio 11 4132
radio 11 4645
radio 11 4681
radio 11 5195
radio 11 5212
radio 11 5725
radio 11 5742
radio 11 6255
radio 11 6272
radio 11 6785
radio 11 6814
radio 11 7328
radio 11 7345
radio 11 7858
radio 11 7875
radio 11 8388
radio 11 8421
radio 11 8935
radio 11 8952
radio 11 9465
radio 11 9482
radio 11 9995
radio 11 10012
radio 11 10525
delay 8 47 11 10542 11 10571 15 15 65535 0 176 0 0
radio 11 10551
radio 11 11065
radio 11 11087
radio 11 11600
radio 11 11616
radio 11 12130
radio 11 12147
radio 11 12660
radio 11 12677
radio 11 13190
radio 11 13207
radio 11 13720
radio 11 13737
radio 11 14250
radio 11 14267
radio 11 14780
radio 11 14797
radio 11 15310
radio 11 15344
radio 11 15858
radio 11 15875
radio 11 16388
radio 11 16405
radio 11 16918
radio 11 16952
radio 11 17466
radio 11 17483
radio 11 17996
radio 11 18032
radio 11 18546
radio 11 18563
radio 11 19076
radio 11 19093
radio 11 19606
radio 11 19623
radio 11 20136
radio 11 20184
radio 11 20698
radio 11 20715
radio 11 21228
radio 11 21263
radio 11 21777
radio 11 21794
radio 11 22307
radio 11 22336
radio 11 22850
radio 11 22867
radio 11 23380
radio 11 23408
radio 11 23922
radio 11 23939
radio 11 24453
radio 11 24489
radio 11 25003
radio 11 25038
radio 11 25552
radio 11 25583
radio 11 26097
radio 11 26131
radio 11 26645
radio 11 26662
radio 11 27175
radio 11 27192
radio 11 27705
radio 11 27735
radio 11 28249
radio 11 28266
radio 11 28779
radio 11 28813
radio 11 29327
radio 11 29344
radio 11 29857
radio 11 29874
radio 11 30387
radio 11 30404
radio 11 30917
delay 9 15 11 30932 11 31719 16 15 65535 0 289 0 0
radio 11 30940
radio 11 31455
radio 11 31503
radio 11 32017
radio 11 32065
radio 11 32578
radio 11 32608
radio 11 33122
radio 11 33139
radio 11 33653
radio 11 33683
radio 11 34197
radio 11 34227
radio 11 34741
radio 11 34770
radio 11 35284
radio 11 35334
radio 11 35848
radio 11 35865
radio 11 36378
radio 11 36411
radio 11 36925
radio 11 36960
radio 11 37474
radio 11 37528
radio 11 38042
radio 11 38059
radio 11 38573
radio 11 38590
radio 11 39103
radio 11 39120
radio 11 39633
radio 11 39650
radio 11 40163
radio 11 40180
radio 11 40693
radio 11 40743
radio 11 41257
radio 11 41307
radio 11 41821
radio 11 41838
radio 11 42351
radio 11 42368
radio 11 42881
radio 11 42911
radio 11 43425
radio 11 43442
radio 11 43955
radio 11 43972
radio 11 44485
radio 11 44502
radio 11 45016
radio 11 45033
radio 11 45547
radio 11 45581
radio 11 46095
radio 11 46125
radio 11 46639
radio 11 46656
radio 11 47169
radio 11 47186
radio 11 47699
radio 11 47728
radio 11 48242
radio 11 48259
radio 11 48772
radio 11 48789
radio 11 49302
radio 11 49319
radio 11 49832
radio 11 49849
radio 11 50362
radio 11 50379
radio 11 50892
radio 11 50909
radio 11 51422
delay 10 18 11 51517 11 52314 9 15 6 0 46 1 0
radio 11 52579
radio 11 53092
radio 11 53109
radio 11 53622
radio 11 53678
radio 11 54192
radio 11 54225
radio 11 54739
radio 11 54756
radio 11 55269
radio 11 55286
radio 11 55800
radio 11 55817
radio 11 56330
radio 11 56347
radio 11 56860
radio 11 56877
radio 11 57390
radio 11 57407
radio 11 57920
radio 11 57937
radio 11 58450
radio 11 58467
radio 11 58980
radio 11 59012
radio 11 59526
radio 11 59543
energy 11 59557 7 26821
radio 11 60056
radio 11 60088
radio 11 60602
radio 11 60619
radio 11 61132
radio 11 61160
radio 11 61674
radio 11 61691
radio 11 62204
radio 11 62221
radio 11 62734
radio 11 62751
radio 11 63264
radio 11 63281
radio 11 63794
radio 11 63811
radio 11 64324
radio 11 64380
radio 11 64894
radio 11 64926
radio 11 65440
radio 11 65474
radio 12 452
radio 12 486
radio 12 999
radio 12 1027
radio 12 1541
radio 12 1558
radio 12 2071
radio 12 2088
radio 12 2601
radio 12 2630
radio 12 3144
radio 12 3179
radio 12 3693
radio 12 3723
radio 12 4237
radio 12 4254
radio 12 4767
radio 12 4820
radio 12 5334
radio 12 5363
radio 12 5877
radio 12 5894
radio 12 6407
delay 11 12 12 6425 12 7345 9 15 6 0 215 0 0
radio 12 6432
radio 12 6946
radio 12 7016
radio 12 7530
radio 12 7559
radio 12 8073
radio 12 8090
radio 12 8603
radio 12 8620
radio 12 9133
radio 12 9150
radio 12 9663
radio 12 9680
radio 12 10193
radio 12 10210
radio 12 10723
radio 12 10740
radio 12 11253
radio 12 11270
radio 12 11783
radio 12 11800
radio 12 12313
radio 12 12330
radio 12 12843
radio 12 12894
radio 12 13408
radio 12 13425
radio 12 13938
radio 12 13955
radio 12 14468
radio 12 14485
radio 12 14998
radio 12 15015
radio 12 15528
radio 12 15545
radio 12 16058
radio 12 16094
radio 12 16608
radio 12 16637
radio 12 17151
radio 12 17168
radio 12 17681
radio 12 17716
radio 12 18230
radio 12 18260
radio 12 18774
radio 12 18806
radio 12 19320
radio 12 19337
radio 12 19850
radio 12 19879
radio 12 20393
radio 12 20426
radio 12 20940
radio 12 20957
radio 12 21470
radio 12 21487
radio 12 22001
radio 12 22018
radio 12 22531
radio 12 22560
radio 12 23074
radio 12 23091
radio 12 23605
radio 12 23640
radio 12 24154
radio 12 24171
radio 12 24684
radio 12 24739
radio 12 25253
radio 12 25282
radio 12 25796
radio 12 25813
radio 12 26326
radio 12 26355
radio 12 26869
delay 12 18 12 26884 12 27681 9 15 6 0 20 1 0
radio 12 27941
radio 12 28454
radio 12 28486
radio 12 29000
radio 12 29031
radio 12 29545
radio 12 29562
radio 12 30075
radio 12 30092
radio 12 30605
radio 12 30638
radio 12 31152
radio 12 31169
radio 12 31682
radio 12 31736
radio 12 32250
radio 12 32280
radio 12 32794
radio 12 32811
radio 12 33324
radio 12 33341
radio 12 33854
radio 12 33871
radio 12 34384
radio 12 34419
radio 12 34933
radio 12 34984
radio 12 35498
radio 12 35526
radio 12 36040
radio 12 36057
radio 12 36570
radio 12 36587
radio 12 37101
radio 12 37118
radio 12 37631
radio 12 37648
radio 12 38161
radio 12 38190
radio 12 38704
radio 12 38721
radio 12 39234
radio 12 39270
radio 12 39784
radio 12 39801
radio 12 40315
radio 12 40368
radio 12 40882
radio 12 40899
radio 12 41412
radio 12 41448
radio 12 41962
radio 12 42011
radio 12 42525
radio 12 42559
radio 12 43073
radio 12 43129
radio 12 43643
radio 12 43674
radio 12 44188
radio 12 44205
radio 12 44718
radio 12 44772
radio 12 45286
radio 12 45303
radio 12 45816
radio 12 45833
radio 12 46346
radio 12 46363
radio 12 46876
radio 12 46893
radio 12 47407
delay 13 47 12 47426 12 47454 15 15 65535 0 321 0 0
radio 12 47434
radio 12 47948
radio 12 48075
radio 12 48589
radio 12 48607
radio 12 49120
radio 12 49157
radio 12 49671
radio 12 49688
radio 12 50201
radio 12 50230
radio 12 50744
radio 12 50776
radio 12 51290
radio 12 51307
radio 12 51820
radio 12 51837
radio 12 52350
radio 12 52385
radio 12 52899
radio 12 52931
radio 12 53445
radio 12 53462
radio 12 53976
radio 12 53993
radio 12 54506
radio 12 54534
radio 12 55048
radio 12 55065
energy 12 55461 7 30156
radio 12 55578
radio 12 55632
radio 12 56146
radio 12 56202
radio 12 56716
radio 12 56749
radio 12 57263
radio 12 57280
radio 12 57793
radio 12 57826
radio 12 58340
radio 12 58372
radio 12 58886
radio 12 58915
radio 12 59429
radio 12 59446
radio 12 59959
radio 12 59976
radio 12 60489
radio 12 60506
radio 12 61019
radio 12 61036
radio 12 61549
radio 12 61566
radio 12 62079
radio 12 62096
radio 12 62609
radio 12 62638
radio 12 63152
radio 12 63169
radio 12 63682
radio 12 63699
radio 12 64212
radio 12 64229
radio 12 64742
radio 12 64759
radio 12 65272
radio 12 65325
radio 13 303
radio 13 339
radio 13 852
radio 13 882
radio 13 1395
radio 13 1412
radio 13 1925
radio 13 1942
radio 13 2455
delay 14 18 13 2473 13 3271 9 15 6 0 139 0 0
radio 13 2480
radio 13 2995
radio 13 3093
radio 13 3606
radio 13 3623
radio 13 4136
radio 13 4153
radio 13 4666
radio 13 4717
radio 13 5231
radio 13 5248
radio 13 5761
radio 13 5797
radio 13 6311
radio 13 6328
radio 13 6841
radio 13 6858
radio 13 7371
radio 13 7388
radio 13 7901
radio 13 7956
radio 13 8470
radio 13 8487
radio 13 9000
radio 13 9017
radio 13 9530
radio 13 9559
radio 13 10073
radio 13 10090
radio 13 10603
radio 13 10620
radio 13 11133
radio 13 11187
radio 13 11701
radio 13 11718
radio 13 12231
radio 13 12248
radio 13 12761
radio 13 12778
radio 13 13291
radio 13 13308
radio 13 13821
radio 13 13838
radio 13 14351
radio 13 14368
radio 13 14881
radio 13 14898
radio 13 15411
radio 13 15442
radio 13 15956
radio 13 15988
radio 13 16502
radio 13 16519
radio 13 17032
radio 13 17084
radio 13 17598
radio 13 17615
radio 13 18128
radio 13 18156
radio 13 18670
radio 13 18701
radio 13 19215
radio 13 19249
radio 13 19763
radio 13 19817
radio 13 20331
radio 13 20362
radio 13 20876
radio 13 20905
radio 13 21419
radio 13 21452
radio 13 21966
radio 13 22015
radio 13 22529
delay 15 48 13 22544 13 22552 16 15 65535 0 102 0 0
radio 13 22553
radio 13 23067
radio 13 23082
radio 13 23596
radio 13 23697
radio 13 24210
radio 13 24227
radio 13 24740
radio 13 24757
radio 13 25270
radio 13 25287
radio 13 25800
radio 13 25835
radio 13 26349
radio 13 26366
radio 13 26879
radio 13 26896
radio 13 27409
radio 13 27464
radio 13 27978
radio 13 27995
radio 13 28508
radio 13 28525
radio 13 29038
radio 13 29067
radio 13 29581
radio 13 29598
radio 13 30111
radio 13 30144
radio 13 30658
radio 13 30675
radio 13 31188
radio 13 31205
radio 13 31718
radio 13 31768
radio 13 32282
radio 13 32318
radio 13 32832
radio 13 32849
radio 13 33362
radio 13 33390
radio 13 33904
radio 13 33938
radio 13 34452
radio 13 34469
radio 13 34982
radio 13 34999
radio 13 35512
radio 13 35548
radio 13 36062
radio 13 36079
radio 13 36592
radio 13 36625
radio 13 37139
radio 13 37173
radio 13 37687
radio 13 37704
radio 13 38217
radio 13 38272
radio 13 38786
radio 13 38803
radio 13 39316
radio 13 39345
radio 13 39859
radio 13 39876
radio 13 40389
radio 13 40406
radio 13 40919
radio 13 40948
radio 13 41462
radio 13 41479
radio 13 41992
radio 13 42027
radio 13 42541
radio 13 42558
radio 13 43071
delay 16 18 13 43088 13 43887 9 15 6 0 174 0 0
radio 13 43096
radio 13 43610
radio 13 43633
radio 13 44146
radio 13 44163
radio 13 44676
radio 13 44693
radio 13 45206
radio 13 45255
radio 13 45769
radio 13 45821
radio 13 46335
radio 13 46368
radio 13 46882
radio 13 46899
radio 13 47412
radio 13 47429
radio 13 47942
radio 13 47959
radio 13 48472
radio 13 48504
radio 13 49018
radio 13 49053
radio 13 49567
radio 13 49584
radio 13 50097
radio 13 50114
radio 13 50627
radio 13 50644
radio 13 51157
radio 13 51174
energy 13 51365 7 32521
radio 13 51687
radio 13 51704
radio 13 52217
radio 13 52246
radio 13 52760
radio 13 52789
radio 13 53303
radio 13 53320
radio 13 53833
radio 13 53850
radio 13 54363
radio 13 54380
radio 13 54893
radio 13 54925
radio 13 55439
radio 13 55456
radio 13 55969
radio 13 55986
radio 13 56499
radio 13 56516
radio 13 57029
radio 13 57046
radio 13 57559
radio 13 57592
radio 13 58106
radio 13 58123
radio 13 58636
radio 13 58653
radio 13 59167
radio 13 59184
radio 13 59697
radio 13 59714
radio 13 60227
radio 13 60244
radio 13 60757
radio 13 60774
radio 13 61287
radio 13 61341
radio 13 61855
radio 13 61872
radio 13 62385
radio 13 62402
radio 13 62915
radio 13 62950
radio 13 63464
delay 17 44 13 63593 13 63688 15 15 65535 0 135 0 0
radio 13 63601
radio 13 64116
radio 13 64194
radio 13 64707
radio 13 64752
radio 13 65266
radio 13 65321
radio 14 299
radio 14 316
radio 14 829
radio 14 846
radio 14 1359
radio 14 1390
radio 14 1904
radio 14 1921
radio 14 2434
radio 14 2451
radio 14 2964
radio 14 2981
radio 14 3494
radio 14 3511
radio 14 4024
radio 14 4041
radio 14 4554
radio 14 4571
radio 14 5084
radio 14 5138
radio 14 5652
radio 14 5669
radio 14 6182
radio 14 6199
radio 14 6712
radio 14 6729
radio 14 7242
radio 14 7259
radio 14 7772
radio 14 7800
radio 14 8314
radio 14 8349
radio 14 8863
radio 14 8912
radio 14 9426
radio 14 9458
radio 14 9972
radio 14 10005
radio 14 10519
radio 14 10536
radio 14 11049
radio 14 11066
radio 14 11579
radio 14 11596
radio 14 12109
radio 14 12163
radio 14 12677
radio 14 12694
radio 14 13207
radio 14 13299
radio 14 13813
radio 14 13830
radio 14 14343
radio 14 14371
radio 14 14885
radio 14 14902
radio 14 15415
radio 14 15447
radio 14 15961
radio 14 15994
radio 14 16508
radio 14 16539
radio 14 17053
radio 14 17081
radio 14 17595
radio 14 17625
radio 14 18139
radio 14 18173
radio 14 18687
delay 18 12 14 18766 14 19684 9 15 6 0 77 0 0
radio 14 18775
radio 14 19288
radio 14 19305
radio 14 19818
radio 14 19833
radio 14 20346
radio 14 20363
radio 14 20876
radio 14 20905
radio 14 21419
radio 14 21436
radio 14 21949
radio 14 21984
radio 14 22498
radio 14 22526
radio 14 23040
radio 14 23071
radio 14 23585
radio 14 23602
radio 14 24115
radio 14 24132
radio 14 24645
radio 14 24675
radio 14 25189
radio 14 25221
radio 14 25735
radio 14 25765
radio 14 26279
radio 14 26296
radio 14 26809
radio 14 26840
radio 14 27354
radio 14 27388
radio 14 27902
radio 14 27919
radio 14 28432
radio 14 28449
radio 14 28962
radio 14 28995
radio 14 29509
radio 14 29526
radio 14 30039
radio 14 30091
radio 14 30605
radio 14 30639
radio 14 31153
radio 14 31170
radio 14 31683
radio 14 31713
radio 14 32227
radio 14 32244
radio 14 32757
radio 14 32774
radio 14 33287
radio 14 33304
radio 14 33817
radio 14 33849
radio 14 34363
radio 14 34380
radio 14 34893
radio 14 34910
radio 14 35423
radio 14 35440
radio 14 35953
radio 14 35970
radio 14 36483
radio 14 36500
radio 14 37013
radio 14 37044
radio 14 37558
radio 14 37575
radio 14 38088
radio 14 38117
radio 14 38631
radio 14 38648
radio 14 39161
delay 19 42 14 39537 14 39670 9 15 6 0 548 0 0
radio 14 39545
radio 14 40059
radio 14 40081
radio 14 40594
radio 14 40609
radio 14 41122
radio 14 41156
radio 14 41670
radio 14 41703
radio 14 42217
radio 14 42251
radio 14 42765
radio 14 42782
radio 14 43295
radio 14 43312
radio 14 43825
radio 14 43842
radio 14 44355
radio 14 44386
radio 14 44900
radio 14 44917
radio 14 45430
radio 14 45466
radio 14 45980
radio 14 46013
radio 14 46527
radio 14 46544
radio 14 47057
radio 14 47089
energy 14 47269 7 35213
radio 14 47603
radio 14 47620
radio 14 48133
radio 14 48161
radio 14 48675
radio 14 48692
radio 14 49206
radio 14 49223
radio 14 49736
radio 14 49753
radio 14 50266
radio 14 50283
radio 14 50796
radio 14 50813
radio 14 51326
radio 14 51376
radio 14 51890
radio 14 51925
radio 14 52439
radio 14 52469
radio 14 52983
radio 14 53000
radio 14 53513
radio 14 53542
radio 14 54056
radio 14 54107
radio 14 54621
radio 14 54654
radio 14 55168
radio 14 55221
radio 14 55735
radio 14 55765
radio 14 56279
radio 14 56296
radio 14 56809
radio 14 56826
radio 14 57339
radio 14 57356
radio 14 57869
radio 14 57886
radio 14 58399
radio 14 58416
radio 14 58929
radio 14 58946
radio 14 59459
delay 20 9 14 59505 14 60477 16 15 65535 0 65535 0 0
radio 14 59514
radio 14 60028
radio 14 60043
radio 14 60557
radio 14 60626
radio 14 61140
radio 14 61157
radio 14 61670
radio 14 61687
radio 14 62200
radio 14 62217
radio 14 62730
radio 14 62747
radio 14 63260
radio 14 63291
radio 14 63805
radio 14 63854
radio 14 64368
radio 14 64385
radio 14 64898
radio 14 64915
radio 14 65428
radio 14 65445
radio 15 422
radio 15 454
radio 15 967
radio 15 984
radio 15 1497
radio 15 1566
radio 15 2080
radio 15 2097
radio 15 2610
radio 15 2644
radio 15 3158
radio 15 3175
radio 15 3688
radio 15 3722
radio 15 4236
radio 15 4253
radio 15 4766
radio 15 4821
radio 15 5335
radio 15 5352
radio 15 5865
radio 15 5896
radio 15 6410
radio 15 6427
radio 15 6940
radio 15 6957
radio 15 7470
radio 15 7518
radio 15 8032
radio 15 8065
radio 15 8579
radio 15 8596
radio 15 9109
radio 15 9157
radio 15 9671
radio 15 9688
radio 15 10201
radio 15 10218
radio 15 10731
radio 15 10748
radio 15 11261
radio 15 11295
radio 15 11809
radio 15 11842
radio 15 12356
radio 15 12386
radio 15 12900
radio 15 12934
radio 15 13448
radio 15 13479
radio 15 13993
radio 15 14010
radio 15 14524
delay 21 22 15 14539 15 15253 15 15 65535 0 113 0 0
radio 15 14547
radio 15 15062
radio 15 15107
radio 15 15620
radio 15 15770
radio 15 16284
radio 15 16383
radio 15 16897
radio 15 16933
radio 15 17447
radio 15 17464
radio 15 17977
radio 15 17994
radio 15 18507
radio 15 18541
radio 15 19055
radio 15 19072
radio 15 19585
radio 15 19602
radio 15 20115
radio 15 20132
radio 15 20645
radio 15 20680
radio 15 21194
radio 15 21229
radio 15 21743
radio 15 21772
radio 15 22286
radio 15 22334
radio 15 22848
radio 15 22865
radio 15 23378
radio 15 23395
radio 15 23908
radio 15 23925
radio 15 24438
radio 15 24467
radio 15 24981
radio 15 24998
radio 15 25511
radio 15 25528
radio 15 26042
radio 15 26059
radio 15 26573
radio 15 26590
radio 15 27103
radio 15 27139
radio 15 27653
radio 15 27670
radio 15 28183
radio 15 28211
radio 15 28725
radio 15 28742
radio 15 29255
radio 15 29272
radio 15 29785
radio 15 29802
radio 15 30315
radio 15 30332
radio 15 30845
radio 15 30862
radio 15 31375
radio 15 31392
radio 15 31905
radio 15 31937
radio 15 32451
radio 15 32507
radio 15 33021
radio 15 33038
radio 15 33551
radio 15 33568
radio 15 34081
radio 15 34098
radio 15 34611
radio 15 34628
radio 15 35141
delay 22 29 15 35164 15 35539 16 15 65535 0 352 0 0
radio 15 35172
radio 15 35686
radio 15 35840
radio 15 36353
radio 15 36372
radio 15 36885
radio 15 36921
radio 15 37435
radio 15 37471
radio 15 37985
radio 15 38002
radio 15 38515
radio 15 38532
radio 15 39045
radio 15 39062
radio 15 39575
radio 15 39592
radio 15 40105
radio 15 40122
radio 15 40635
radio 15 40666
radio 15 41180
radio 15 41197
radio 15 41710
radio 15 41727
radio 15 42240
radio 15 42269
radio 15 42783
radio 15 42800
energy 15 43173 7 37698
radio 15 43313
radio 15 43330
radio 15 43843
radio 15 43875
radio 15 44389
radio 15 44406
radio 15 44919
radio 15 44949
radio 15 45463
radio 15 45491
radio 15 46005
radio 15 46041
radio 15 46555
radio 15 46590
radio 15 47104
radio 15 47135
radio 15 47649
radio 15 47666
radio 15 48179
radio 15 48235
radio 15 48749
radio 15 48766
radio 15 49279
radio 15 49296
radio 15 49809
radio 15 49826
radio 15 50339
radio 15 50371
radio 15 50885
radio 15 50902
radio 15 51415
radio 15 51432
radio 15 51945
radio 15 51962
radio 15 52475
radio 15 52492
radio 15 53005
radio 15 53040
radio 15 53554
radio 15 53571
radio 15 54084
radio 15 54116
radio 15 54630
radio 15 54647
radio 15 55160
radio 15 55177
radio 15 55690
delay 23 18 15 55705 15 56506 9 15 6 0 104 0 0
radio 15 55713
radio 15 56227
radio 15 56279
radio 15 56793
radio 15 56810
radio 15 57324
radio 15 57341
radio 15 57854
radio 15 57888
radio 15 58402
radio 15 58419
radio 15 58932
radio 15 58949
radio 15 59462
radio 15 59495
radio 15 60009
radio 15 60026
radio 15 60539
radio 15 60556
radio 15 61069
radio 15 61098
radio 15 61612
radio 15 61643
radio 15 62157
radio 15 62188
radio 15 62702
radio 15 62719
radio 15 63232
radio 15 63249
radio 15 63762
radio 15 63779
radio 15 64292
radio 15 64309
radio 15 64822
radio 15 64858
radio 15 65372
radio 15 65389
radio 16 366
radio 16 401
radio 16 914
radio 16 944
radio 16 1458
radio 16 1475
radio 16 1988
radio 16 2005
radio 16 2518
radio 16 2554
radio 16 3068
radio 16 3085
radio 16 3598
radio 16 3615
radio 16 4128
radio 16 4236
radio 16 4750
radio 16 4767
radio 16 5280
radio 16 5297
radio 16 5810
radio 16 5827
radio 16 6340
radio 16 6393
radio 16 6907
radio 16 6943
radio 16 7457
radio 16 7487
radio 16 8001
radio 16 8030
radio 16 8544
radio 16 8561
radio 16 9074
radio 16 9125
radio 16 9639
radio 16 9656
radio 16 10169
delay 24 42 16 10188 16 10321 9 15 6 0 60 0 0
radio 16 10196
radio 16 10710
radio 16 10779
radio 16 11292
radio 16 11456
radio 16 11969
radio 16 11997
radio 16 12511
radio 16 12528
radio 16 13041
radio 16 13058
radio 16 13571
radio 16 13626
radio 16 14140
radio 16 14157
radio 16 14670
radio 16 14699
radio 16 15213
radio 16 15249
radio 16 15763
radio 16 15780
radio 16 16293
radio 16 16343
radio 16 16857
radio 16 16908
radio 16 17422
radio 16 17439
radio 16 17952
radio 16 17969
radio 16 18482
radio 16 18514
radio 16 19028
radio 16 19045
radio 16 19558
radio 16 19591
radio 16 20105
radio 16 20139
radio 16 20653
radio 16 20670
radio 16 21183
radio 16 21200
radio 16 21714
radio 16 21748
radio 16 22262
radio 16 22279
radio 16 22792
radio 16 22809
radio 16 23322
radio 16 23339
radio 16 23852
radio 16 23902
radio 16 24416
radio 16 24448
radio 16 24962
radio 16 24994
radio 16 25508
radio 16 25525
radio 16 26038
radio 16 26055
radio 16 26568
radio 16 26585
radio 16 27098
radio 16 27115
radio 16 27628
radio 16 27678
radio 16 28192
radio 16 28221
radio 16 28735
radio 16 28752
radio 16 29265
radio 16 29282
radio 16 29795
radio 16 29828
radio 16 30342
radio 16 30359
radio 16 30873
delay 25 18 16 30894 16 31696 9 15 6 0 132 0 0
radio 16 30902
radio 16 31416
radio 16 31537
radio 16 32051
radio 16 32069
radio 16 32583
radio 16 32611
radio 16 33125
radio 16 33142
radio 16 33655
radio 16 33687
radio 16 34201
radio 16 34249
radio 16 34763
radio 16 34815
radio 16 35329
radio 16 35346
radio 16 35859
radio 16 35876
radio 16 36389
radio 16 36406
radio 16 36919
radio 16 36936
radio 16 37449
radio 16 37466
radio 16 37979
radio 16 37996
radio 16 38509
radio 16 38539
radio 16 39053
radio 16 39070
energy 16 39077 7 40222
radio 16 39583
radio 16 39639
radio 16 40153
radio 16 40187
radio 16 40701
radio 16 40718
radio 16 41231
radio 16 41265
radio 16 41779
radio 16 41796
radio 16 42309
radio 16 42345
radio 16 42859
radio 16 42876
radio 16 43389
radio 16 43406
radio 16 43919
radio 16 43950
radio 16 44464
radio 16 44497
radio 16 45011
radio 16 45028
radio 16 45541
radio 16 45558
radio 16 46071
radio 16 46088
radio 16 46601
radio 16 46618
radio 16 47131
radio 16 47148
radio 16 47661
radio 16 47713
radio 16 48227
radio 16 48244
radio 16 48758
radio 16 48775
radio 16 49288
radio 16 49358
radio 16 49872
radio 16 49889
radio 16 50402
radio 16 50419
radio 16 50932
radio 16 50962
radio 16 51476
delay 26 18 16 51554 16 52356 9 15 6 0 41 0 0
radio 16 51562
radio 16 52076
radio 16 52092
radio 16 52606
radio 16 52738
radio 16 53252
radio 16 53269
radio 16 53782
radio 16 53813
radio 16 54327
radio 16 54344
radio 16 54857
radio 16 54889
radio 16 55403
radio 16 55437
radio 16 55951
radio 16 55968
radio 16 56481
radio 16 56513
radio 16 57027
radio 16 57044
radio 16 57558
radio 16 57590
radio 16 58104
radio 16 58121
radio 16 58634
radio 16 58651
radio 16 59164
radio 16 59197
radio 16 59711
radio 16 59765
radio 16 60279
radio 16 60309
radio 16 60823
radio 16 60840
radio 16 61353
radio 16 61370
radio 16 61884
radio 16 61901
radio 16 62414
radio 16 62431
radio 16 62944
radio 16 62961
radio 16 63474
radio 16 63506
radio 16 64020
radio 16 64071
radio 16 64585
radio 16 64618
radio 16 65132
radio 16 65149
radio 17 126
radio 17 143
radio 17 656
radio 17 704
radio 17 1217
radio 17 1234
radio 17 1747
radio 17 1778
radio 17 2292
radio 17 2309
radio 17 2822
radio 17 2839
radio 17 3352
radio 17 3369
radio 17 3882
radio 17 3912
radio 17 4426
radio 17 4443
radio 17 4956
radio 17 4973
radio 17 5486
radio 17 5515
radio 17 6029
delay 27 0 17 6080 17 7422 0 15 15 1 64 0 0
radio 17 7157
radio 17 7671
radio 17 7688
radio 17 8201
radio 17 8218
radio 17 8731
radio 17 8748
radio 17 9261
radio 17 9290
radio 17 9804
radio 17 9855
radio 17 10369
radio 17 10386
radio 17 10899
radio 17 10916
radio 17 11429
radio 17 11446
radio 17 11959
radio 17 11976
radio 17 12489
radio 17 12506
radio 17 13019
radio 17 13036
radio 17 13549
radio 17 13566
radio 17 14079
radio 17 14096
radio 17 14609
radio 17 14626
radio 17 15139
radio 17 15156
radio 17 15669
radio 17 15725
radio 17 16239
radio 17 16256
radio 17 16769
radio 17 16786
radio 17 17299
radio 17 17330
radio 17 17844
radio 17 17861
radio 17 18374
radio 17 18406
radio 17 18920
radio 17 18937
radio 17 19450
radio 17 19505
radio 17 20019
radio 17 20036
radio 17 20549
radio 17 20566
radio 17 21079
radio 17 21096
radio 17 21609
radio 17 21626
radio 17 22139
radio 17 22156
radio 17 22669
radio 17 22686
radio 17 23199
radio 17 23216
radio 17 23729
radio 17 23746
radio 17 24259
radio 17 24290
radio 17 24804
radio 17 24855
radio 17 25369
radio 17 25386
radio 17 25899
radio 17 25916
radio 17 26429
radio 17 26464
radio 17 26978
delay 28 18 17 26992 17 27795 9 15 6 0 138 0 0
radio 17 27000
radio 17 27514
radio 17 27531
radio 17 28044
radio 17 28061
radio 17 28574
radio 17 28628
radio 17 29142
radio 17 29171
radio 17 29685
radio 17 29714
radio 17 30228
radio 17 30245
radio 17 30758
radio 17 30775
radio 17 31288
radio 17 31305
radio 17 31818
radio 17 31835
radio 17 32348
radio 17 32404
radio 17 32918
radio 17 32935
radio 17 33448
radio 17 33477
radio 17 33991
radio 17 34020
radio 17 34534
radio 17 34551
energy 17 34981 7 43517
radio 17 35064
radio 17 35081
radio 17 35594
radio 17 35611
radio 17 36124
radio 17 36175
radio 17 36689
radio 17 36706
radio 17 37219
radio 17 37236
radio 17 37749
radio 17 37766
radio 17 38279
radio 17 38296
radio 17 38809
radio 17 38826
radio 17 39339
radio 17 39373
radio 17 39887
radio 17 39922
radio 17 40436
radio 17 40453
radio 17 40966
radio 17 40983
radio 17 41496
radio 17 41513
radio 17 42026
radio 17 42043
radio 17 42556
radio 17 42573
radio 17 43086
radio 17 43103
radio 17 43616
radio 17 43633
radio 17 44146
radio 17 44163
radio 17 44676
radio 17 44693
radio 17 45206
radio 17 45223
radio 17 45736
radio 17 45753
radio 17 46266
radio 17 46283
radio 17 46796
radio 17 46813
radio 17 47326
delay 29 9 17 47341 17 48321 16 15 65535 0 122 0 0
radio 17 47349
radio 17 47863
radio 17 47906
radio 17 48420
radio 17 48451
radio 17 48965
radio 17 48996
radio 17 49510
radio 17 49527
radio 17 50040
radio 17 50057
radio 17 50570
radio 17 50599
radio 17 51113
radio 17 51130
radio 17 51643
radio 17 51696
radio 17 52210
radio 17 52227
radio 17 52740
radio 17 52757
radio 17 53270
radio 17 53287
radio 17 53800
radio 17 53817
radio 17 54330
radio 17 54347
radio 17 54860
radio 17 54893
radio 17 55407
radio 17 55424
radio 17 55937
radio 17 55954
radio 17 56467
radio 17 56518
radio 17 57032
radio 17 57049
radio 17 57562
radio 17 57595
radio 17 58109
radio 17 58158
radio 17 58672
radio 17 58721
radio 17 59235
radio 17 59266
radio 17 59780
radio 17 59797
radio 17 60310
radio 17 60327
radio 17 60840
radio 17 60857
radio 17 61370
radio 17 61387
radio 17 61900
radio 17 61917
radio 17 62430
radio 17 62447
radio 17 62960
radio 17 62977
radio 17 63490
radio 17 63507
radio 17 64020
radio 17 64052
radio 17 64566
radio 17 64583
radio 17 65096
radio 17 65113
radio 18 90
radio 18 107
radio 18 620
radio 18 637
radio 18 1150
radio 18 1167
radio 18 1680
radio 18 1697
radio 18 2210
delay 30 15 18 2251 18 3031 16 15 65535 0 130 0 0
radio 18 2260
radio 18 2774
radio 18 2790
radio 18 3304
radio 18 3346
radio 18 3859
radio 18 3876
radio 18 4389
radio 18 4417
radio 18 4931
radio 18 4959
radio 18 5473
radio 18 5490
radio 18 6003
radio 18 6020
radio 18 6533
radio 18 6550
radio 18 7063
radio 18 7080
radio 18 7593
radio 18 7622
radio 18 8136
radio 18 8164
radio 18 8678
radio 18 8695
radio 18 9208
radio 18 9225
radio 18 9738
radio 18 9755
radio 18 10268
radio 18 10285
radio 18 10798
radio 18 10831
radio 18 11345
radio 18 11395
radio 18 11909
radio 18 11938
radio 18 12452
radio 18 12484
radio 18 12998
radio 18 13026
radio 18 13540
radio 18 13572
radio 18 14086
radio 18 14103
radio 18 14616
radio 18 14650
radio 18 15164
radio 18 15181
radio 18 15694
radio 18 15711
radio 18 16224
radio 18 16241
radio 18 16754
radio 18 16771
radio 18 17284
radio 18 17318
radio 18 17832
radio 18 17862
radio 18 18376
radio 18 18405
radio 18 18919
radio 18 18936
radio 18 19449
radio 18 19466
radio 18 19979
radio 18 20027
radio 18 20541
radio 18 20571
radio 18 21085
radio 18 21102
radio 18 21615
radio 18 21632
radio 18 22145
radio 18 22162
radio 18 22675
delay 31 42 18 22690 18 22823 9 15 6 0 14 1 0
radio 18 23761
radio 18 24274
radio 18 24291
radio 18 24804
radio 18 24836
radio 18 25350
radio 18 25367
radio 18 25880
radio 18 25897
radio 18 26410
radio 18 26427
radio 18 26940
radio 18 26957
radio 18 27470
radio 18 27500
radio 18 28014
radio 18 28031
radio 18 28544
radio 18 28593
radio 18 29107
radio 18 29135
radio 18 29649
radio 18 29666
radio 18 30179
radio 18 30196
radio 18 30709
radio 18 30739
energy 18 30885 7 46482
radio 18 31253
radio 18 31286
radio 18 31800
radio 18 31817
radio 18 32330
radio 18 32365
radio 18 32879
radio 18 32910
radio 18 33424
radio 18 33441
radio 18 33954
radio 18 33971
radio 18 34484
radio 18 34501
radio 18 35014
radio 18 35050
radio 18 35564
radio 18 35581
radio 18 36094
radio 18 36130
radio 18 36644
radio 18 36661
radio 18 37174
radio 18 37209
radio 18 37723
radio 18 37758
radio 18 38272
radio 18 38303
radio 18 38817
radio 18 38834
radio 18 39347
radio 18 39381
radio 18 39895
radio 18 39950
radio 18 40464
radio 18 40481
radio 18 40994
radio 18 41026
radio 18 41540
radio 18 41557
radio 18 42070
radio 18 42098
radio 18 42612
radio 18 42642
radio 18 43156
delay 32 47 18 43263 18 43290 15 15 65535 0 165 0 0
radio 18 43271
radio 18 43786
radio 18 43827
radio 18 44341
radio 18 44424
radio 18 44938
radio 18 44969
radio 18 45483
radio 18 45518
radio 18 46032
radio 18 46049
radio 18 46562
radio 18 46595
radio 18 47109
radio 18 47126
radio 18 47639
radio 18 47656
radio 18 48169
radio 18 48186
radio 18 48699
radio 18 48727
radio 18 49241
radio 18 49269
radio 18 49783
radio 18 49800
radio 18 50314
radio 18 50331
radio 18 50844
radio 18 50861
radio 18 51374
radio 18 51391
radio 18 51904
radio 18 51921
radio 18 52434
radio 18 52468
radio 18 52982
radio 18 52999
radio 18 53512
radio 18 53529
radio 18 54042
radio 18 54059
radio 18 54572
radio 18 54603
radio 18 55117
radio 18 55134
radio 18 55647
radio 18 55677
radio 18 56191
radio 18 56224
radio 18 56738
radio 18 56755
radio 18 57268
radio 18 57297
radio 18 57811
radio 18 57840
radio 18 58354
radio 18 58443
radio 18 58957
radio 18 58974
radio 18 59487
radio 18 59520
radio 18 60034
radio 18 60088
radio 18 60602
radio 18 60619
radio 18 61132
radio 18 61165
radio 18 61679
radio 18 61715
radio 18 62229
radio 18 62246
radio 18 62759
radio 18 62808
radio 18 63322
radio 18 63339
radio 18 63852
delay 33 18 18 63872 18 64676 9 15 6 0 85 0 0
radio 18 63879
radio 18 64394
radio 18 64441
radio 18 64954
radio 18 64974
radio 18 65487
radio 19 1
radio 19 514
radio 19 549
radio 19 1062
radio 19 1079
radio 19 1592
radio 19 1621
radio 19 2135
radio 19 2163
radio 19 2677
radio 19 2711
radio 19 3225
radio 19 3242
radio 19 3755
radio 19 3772
radio 19 4285
radio 19 4302
radio 19 4815
radio 19 4850
radio 19 5364
radio 19 5381
radio 19 5894
radio 19 5911
radio 19 6424
radio 19 6441
radio 19 6954
radio 19 6990
radio 19 7504
radio 19 7535
radio 19 8049
radio 19 8082
radio 19 8596
radio 19 8613
radio 19 9126
radio 19 9158
radio 19 9672
radio 19 9704
radio 19 10218
radio 19 10235
radio 19 10748
radio 19 10800
radio 19 11314
radio 19 11331
radio 19 11845
radio 19 11873
radio 19 12387
radio 19 12404
radio 19 12917
radio 19 12934
radio 19 13447
radio 19 13464
radio 19 13977
radio 19 13994
radio 19 14507
radio 19 14524
radio 19 15037
radio 19 15070
radio 19 15584
radio 19 15601
radio 19 16114
radio 19 16131
radio 19 16644
radio 19 16661
radio 19 17174
radio 19 17210
radio 19 17724
radio 19 17741
radio 19 18254
radio 19 18285
radio 19 18799
delay 34 18 19 18813 19 19618 9 15 6 0 472 0 0
radio 19 18821
radio 19 19335
radio 19 19352
radio 19 19865
radio 19 19907
radio 19 20421
radio 19 20456
radio 19 20970
radio 19 20987
radio 19 21500
radio 19 21517
radio 19 22030
radio 19 22065
radio 19 22579
radio 19 22596
radio 19 23109
radio 19 23126
radio 19 23639
radio 19 23656
radio 19 24169
radio 19 24186
radio 19 24699
radio 19 24752
radio 19 25266
radio 19 25283
radio 19 25796
radio 19 25844
radio 19 26358
radio 19 26375
energy 19 26789 7 48891
radio 19 26888
radio 19 26917
radio 19 27431
radio 19 27459
radio 19 27973
radio 19 27990
radio 19 28503
radio 19 28520
radio 19 29033
radio 19 29050
radio 19 29563
radio 19 29580
radio 19 30093
radio 19 30110
radio 19 30623
radio 19 30640
radio 19 31153
radio 19 31170
radio 19 31683
radio 19 31700
radio 19 32213
radio 19 32230
radio 19 32743
radio 19 32777
radio 19 33291
radio 19 33308
radio 19 33821
radio 19 33875
radio 19 34389
radio 19 34406
radio 19 34919
radio 19 34950
radio 19 35464
radio 19 35481
radio 19 35994
radio 19 36011
radio 19 36524
radio 19 36541
radio 19 37054
radio 19 37071
radio 19 37584
radio 19 37612
radio 19 38126
radio 19 38154
radio 19 38668
radio 19 38685
radio 19 39198
delay 35 18 19 39242 19 40047 9 15 6 0 73 0 0
radio 19 39250
radio 19 39764
radio 19 39969
radio 19 40483
radio 19 40500
radio 19 41013
radio 19 41030
radio 19 41543
radio 19 41560
radio 19 42073
radio 19 42123
radio 19 42637
radio 19 42668
radio 19 43182
radio 19 43199
radio 19 43712
radio 19 43729
radio 19 44242
radio 19 44259
radio 19 44772
radio 19 44789
radio 19 45302
radio 19 45319
radio 19 45832
radio 19 45849
radio 19 46362
radio 19 46390
radio 19 46904
radio 19 46921
radio 19 47434
radio 19 47465
radio 19 47979
radio 19 48011
radio 19 48525
radio 19 48542
radio 19 49055
radio 19 49072
radio 19 49585
radio 19 49602
radio 19 50115
radio 19 50132
radio 19 50645
radio 19 50662
radio 19 51175
radio 19 51207
radio 19 51721
radio 19 51750
radio 19 52264
radio 19 52299
radio 19 52813
radio 19 52830
radio 19 53343
radio 19 53360
radio 19 53873
radio 19 53890
radio 19 54403
radio 19 54420
radio 19 54933
radio 19 54950
radio 19 55463
radio 19 55480
radio 19 55993
radio 19 56027
radio 19 56541
radio 19 56572
radio 19 57086
radio 19 57103
radio 19 57617
radio 19 57634
radio 19 58147
radio 19 58202
radio 19 58716
radio 19 58733
radio 19 59246
radio 19 59263
radio 19 59776
delay 36 47 19 59795 19 59822 15 15 65535 0 227 0 0
radio 19 59803
radio 19 60318
radio 19 60391
radio 19 60904
radio 19 60921
radio 19 61434
radio 19 61467
radio 19 61981
radio 19 62035
radio 19 62549
radio 19 62566
radio 19 63079
radio 19 63130
radio 19 63644
radio 19 63661
radio 19 64174
radio 19 64191
radio 19 64704
radio 19 64721
radio 19 65234
radio 19 65251
radio 20 228
radio 20 245
radio 20 758
radio 20 790
radio 20 1303
radio 20 1339
radio 20 1853
radio 20 1870
radio 20 2383
radio 20 2400
radio 20 2913
radio 20 2930
radio 20 3443
radio 20 3472
radio 20 3986
radio 20 4003
radio 20 4516
radio 20 4533
radio 20 5046
radio 20 5077
radio 20 5591
radio 20 5608
radio 20 6121
radio 20 6151
radio 20 6665
radio 20 6714
radio 20 7228
radio 20 7245
radio 20 7758
radio 20 7775
radio 20 8288
radio 20 8318
radio 20 8832
radio 20 8849
radio 20 9362
radio 20 9396
radio 20 9910
radio 20 9927
radio 20 10440
radio 20 10491
radio 20 11005
radio 20 11035
radio 20 11549
radio 20 11566
radio 20 12079
radio 20 12108
radio 20 12622
radio 20 12639
radio 20 13152
radio 20 13169
radio 20 13682
radio 20 13737
radio 20 14251
delay 37 0 20 14266 20 15608 0 15 15 1 54 0 0
radio 20 15325
radio 20 15839
radio 20 15874
radio 20 16388
radio 20 16405
radio 20 16918
radio 20 16935
radio 20 17448
radio 20 17479
radio 20 17993
radio 20 18042
radio 20 18556
radio 20 18573
radio 20 19086
radio 20 19103
radio 20 19616
radio 20 19646
radio 20 20160
radio 20 20177
radio 20 20690
radio 20 20707
radio 20 21220
radio 20 21252
radio 20 21766
radio 20 21797
radio 20 22311
radio 20 22328
energy 20 22693 7 52139
radio 20 22841
radio 20 22873
radio 20 23387
radio 20 23421
radio 20 23935
radio 20 23963
radio 20 24477
radio 20 24494
radio 20 25007
radio 20 25024
radio 20 25537
radio 20 25572
radio 20 26086
radio 20 26120
radio 20 26634
radio 20 26651
radio 20 27164
radio 20 27198
radio 20 27712
radio 20 27746
radio 20 28260
radio 20 28277
radio 20 28790
radio 20 28842
radio 20 29356
radio 20 29387
radio 20 29901
radio 20 29918
radio 20 30431
radio 20 30448
radio 20 30961
radio 20 30978
radio 20 31491
radio 20 31508
radio 20 32021
radio 20 32038
radio 20 32551
radio 20 32568
radio 20 33081
radio 20 33098
radio 20 33611
radio 20 33646
radio 20 34160
radio 20 34191
radio 20 34705
delay 38 0 20 34720 20 36062 0 15 15 1 28 1 0
radio 20 35790
radio 20 36304
radio 20 36334
radio 20 36848
radio 20 36865
radio 20 37378
radio 20 37432
radio 20 37946
radio 20 37963
radio 20 38476
radio 20 38504
radio 20 39018
radio 20 39053
radio 20 39567
radio 20 39584
radio 20 40097
radio 20 40129
radio 20 40643
radio 20 40692
radio 20 41206
radio 20 41223
radio 20 41737
radio 20 41754
radio 20 42267
radio 20 42301
radio 20 42815
radio 20 42832
radio 20 43345
radio 20 43362
radio 20 43875
radio 20 43892
radio 20 44405
radio 20 44474
radio 20 44988
radio 20 45005
radio 20 45518
radio 20 45535
radio 20 46048
radio 20 46081
radio 20 46595
radio 20 46612
radio 20 47125
radio 20 47142
radio 20 47655
radio 20 47683
radio 20 48197
radio 20 48226
radio 20 48740
radio 20 48831
radio 20 49345
radio 20 49415
radio 20 49929
radio 20 49946
radio 20 50459
radio 20 50493
radio 20 51007
radio 20 51024
