Thread[Thread-1,5,main]tree 111 19 48 11 0 0
radio 8 51420
radio 8 51423
radio 8 51494
radio 8 52008
radio 8 52037
radio 8 52551
radio 8 52583
radio 8 53097
radio 8 53146
radio 8 53660
radio 8 53677
radio 8 54190
radio 8 54207
radio 8 54720
radio 8 54737
radio 8 55250
radio 8 55280
radio 8 55794
radio 8 55823
radio 8 56337
radio 8 56354
radio 8 56867
radio 8 56898
radio 8 57412
radio 8 57429
radio 8 57942
radio 8 57977
radio 8 58491
radio 8 58525
radio 8 59039
radio 8 59068
radio 8 59582
radio 8 59612
radio 8 60126
radio 8 60174
radio 8 60688
radio 8 60717
radio 8 61231
radio 8 61260
radio 8 61774
radio 8 61791
radio 8 62304
radio 8 62334
radio 8 62848
radio 8 62865
radio 8 63378
radio 8 63449
radio 8 63963
radio 8 63980
radio 8 64493
radio 8 64510
radio 8 65023
radio 8 65040
radio 9 17
radio 9 34
radio 9 547
radio 9 564
radio 9 1077
radio 9 1127
radio 9 1641
radio 9 1695
radio 9 2209
radio 9 2226
radio 9 2739
radio 9 2767
radio 9 3281
radio 9 3331
radio 9 3845
radio 9 3896
radio 9 4410
radio 9 4427
radio 9 4940
radio 9 4975
radio 9 5489
radio 9 5506
radio 9 6019
radio 9 6067
radio 9 6581
radio 9 6598
radio 9 7111
radio 9 7141
radio 9 7655
radio 9 7672
radio 9 8185
radio 9 8218
radio 9 8732
radio 9 8788
radio 9 9302
radio 9 9351
radio 9 9865
radio 9 9893
radio 9 10407
radio 9 10495
radio 9 11009
radio 9 11043
radio 9 11557
radio 9 11585
radio 9 12099
radio 9 12167
radio 9 12681
radio 9 12729
radio 9 13243
radio 9 13277
radio 9 13791
radio 9 13825
radio 9 14339
radio 9 14387
radio 9 14901
radio 9 14936
radio 9 15450
radio 9 15479
radio 9 15993
radio 9 16028
radio 9 16542
radio 9 16573
radio 9 17087
radio 9 17104
radio 9 17617
radio 9 17653
radio 9 18167
radio 9 18184
radio 9 18697
radio 9 18746
radio 9 19260
radio 9 19291
radio 9 19805
radio 9 19837
radio 9 20351
radio 9 20380
radio 9 20894
radio 9 20944
radio 9 21458
radio 9 21513
radio 9 22027
radio 9 22044
radio 9 22557
radio 9 22585
radio 9 23099
radio 9 23135
radio 9 23649
radio 9 23677
radio 9 24191
radio 9 24240
radio 9 24754
radio 9 24771
radio 9 25284
radio 9 25313
radio 9 25827
radio 9 25878
radio 9 26392
radio 9 26442
radio 9 26956
radio 9 26988
radio 9 27502
radio 9 27550
radio 9 28064
radio 9 28120
radio 9 28634
radio 9 28668
radio 9 29182
radio 9 29231
radio 9 29745
radio 9 29799
radio 9 30313
radio 9 30343
radio 9 30857
radio 9 30874
radio 9 31387
radio 9 31436
radio 9 31950
radio 9 31982
radio 9 32496
radio 9 32513
radio 9 33026
radio 9 33057
radio 9 33571
radio 9 33601
radio 9 34115
radio 9 34144
radio 9 34658
radio 9 34693
radio 9 35207
radio 9 35239
radio 9 35753
radio 9 35787
radio 9 36301
radio 9 36331
radio 9 36845
radio 9 36862
radio 9 37375
radio 9 37464
radio 9 37978
radio 9 38053
radio 9 38567
radio 9 38599
radio 9 39113
radio 9 39130
radio 9 39643
radio 9 39660
radio 9 40173
radio 9 40190
radio 9 40703
radio 9 40720
radio 9 41233
radio 9 41250
radio 9 41763
radio 9 41855
radio 9 42369
radio 9 42402
radio 9 42916
radio 9 42933
radio 9 43446
radio 9 43463
radio 9 43976
radio 9 44029
radio 9 44543
radio 9 44560
radio 9 45073
radio 9 45090
radio 9 45603
radio 9 45651
radio 9 46165
radio 9 46182
radio 9 46695
radio 9 46728
radio 9 47242
radio 9 47259
energy 9 47335 8 54538
radio 9 47772
radio 9 47801
radio 9 48315
radio 9 48351
radio 9 48865
radio 9 48882
radio 9 49395
radio 9 49425
radio 9 49939
radio 9 50010
radio 9 50524
radio 9 50554
radio 9 51068
radio 9 51085
radio 9 51598
radio 9 51629
radio 9 52143
radio 9 52193
radio 9 52707
radio 9 52757
radio 9 53271
radio 9 53300
radio 9 53814
radio 9 53843
radio 9 54357
radio 9 54374
radio 9 54887
radio 9 54904
radio 9 55417
radio 9 55448
radio 9 55962
radio 9 56030
radio 9 56544
radio 9 56634
radio 9 57148
radio 9 57181
radio 9 57695
radio 9 57723
radio 9 58237
radio 9 58305
radio 9 58819
radio 9 58848
radio 9 59362
radio 9 59391
radio 9 59905
radio 9 59961
radio 9 60475
radio 9 60503
radio 9 61017
radio 9 61049
radio 9 61563
radio 9 61631
radio 9 62145
radio 9 62195
radio 9 62709
radio 9 62741
radio 9 63255
radio 9 63323
radio 9 63837
radio 9 63866
radio 9 64380
radio 9 64408
radio 9 64922
radio 9 64951
radio 9 65465
radio 9 65516
radio 10 494
radio 10 543
radio 10 1057
radio 10 1088
radio 10 1602
radio 10 1652
radio 10 2166
radio 10 2219
radio 10 2733
radio 10 2843
radio 10 3357
radio 10 3389
radio 10 3903
radio 10 3931
radio 10 4445
radio 10 4473
radio 10 4987
radio 10 5016
radio 10 5530
radio 10 5565
radio 10 6079
radio 10 6108
radio 10 6622
radio 10 6658
radio 10 7172
radio 10 7220
radio 10 7734
radio 10 7767
radio 10 8281
radio 10 8317
radio 10 8831
radio 10 8859
radio 10 9373
radio 10 9421
radio 10 9935
radio 10 9964
radio 10 10478
radio 10 10508
radio 10 11022
radio 10 11052
radio 10 11566
radio 10 11602
radio 10 12116
radio 10 12152
radio 10 12666
radio 10 12694
radio 10 13208
radio 10 13239
radio 10 13753
radio 10 13770
radio 10 14284
radio 10 14339
radio 10 14853
radio 10 14883
radio 10 15397
radio 10 15426
radio 10 15940
radio 10 15969
radio 10 16483
radio 10 16517
radio 10 17031
radio 10 17104
radio 10 17618
radio 10 17649
radio 10 18163
radio 10 18258
radio 10 18772
radio 10 18789
radio 10 19303
radio 10 19320
radio 10 19833
radio 10 19862
radio 10 20376
radio 10 20426
radio 10 20940
radio 10 20957
radio 10 21471
radio 10 21488
radio 10 22002
radio 10 22052
radio 10 22566
radio 10 22583
radio 10 23097
radio 10 23192
radio 10 23706
radio 10 23736
radio 10 24250
radio 10 24267
radio 10 24781
radio 10 24813
radio 10 25327
radio 10 25344
radio 10 25858
radio 10 25889
radio 10 26403
radio 10 26438
radio 10 26952
radio 10 26969
radio 10 27483
radio 10 27500
radio 10 28014
delay 0 27 10 28034 10 27657 20 18 65535 0 280 0 0
radio 10 28042
radio 10 28557
radio 10 28735
radio 10 29248
radio 10 29266
radio 10 29779
radio 10 29813
radio 10 30327
radio 10 30356
radio 10 30870
radio 10 30905
radio 10 31419
radio 10 31447
radio 10 31961
radio 10 31996
radio 10 32510
radio 10 32539
radio 10 33053
radio 10 33070
radio 10 33584
radio 10 33634
radio 10 34148
radio 10 34264
radio 10 34778
radio 10 34813
radio 10 35327
radio 10 35361
radio 10 35875
radio 10 35892
radio 10 36406
radio 10 36439
radio 10 36953
radio 10 37003
radio 10 37517
radio 10 37550
radio 10 38064
radio 10 38096
radio 10 38610
radio 10 38627
radio 10 39141
radio 10 39193
radio 10 39707
radio 10 39757
radio 10 40271
radio 10 40288
radio 10 40802
radio 10 40833
radio 10 41347
radio 10 41437
radio 10 41951
radio 10 41983
radio 10 42497
radio 10 42547
radio 10 43061
radio 10 43130
energy 10 43239 8 58220
radio 10 43644
radio 10 43674
radio 10 44188
radio 10 44236
radio 10 44750
radio 10 44783
radio 10 45297
radio 10 45329
radio 10 45843
radio 10 45874
radio 10 46388
radio 10 46440
radio 10 46954
radio 10 47062
radio 10 47576
radio 10 47629
radio 10 48143
delay 1 26 10 48316 10 48055 20 18 65535 0 39 1 0
radio 10 49388
radio 10 49902
radio 10 49919
radio 10 50433
radio 10 50450
radio 10 50963
radio 10 50996
radio 10 51510
radio 10 51527
radio 10 52041
radio 10 52095
radio 10 52609
radio 10 52657
radio 10 53171
radio 10 53202
radio 10 53716
radio 10 53733
radio 10 54247
radio 10 54264
radio 10 54778
radio 10 54853
radio 10 55367
radio 10 55400
radio 10 55914
radio 10 55990
radio 10 56504
radio 10 56553
radio 10 57067
radio 10 57084
radio 10 57597
radio 10 57645
radio 10 58159
radio 10 58209
radio 10 58723
radio 10 58755
radio 10 59269
radio 10 59324
radio 10 59838
radio 10 59889
radio 10 60403
radio 10 60431
radio 10 60945
radio 10 60975
radio 10 61489
radio 10 61540
radio 10 62054
radio 10 62089
radio 10 62603
radio 10 62633
radio 10 63147
radio 10 63179
radio 10 63693
radio 10 63766
radio 10 64280
radio 10 64309
radio 10 64823
radio 10 64892
radio 10 65406
radio 10 65436
radio 11 414
radio 11 506
radio 11 1020
radio 11 1050
radio 11 1564
radio 11 1581
radio 11 2094
radio 11 2111
radio 11 2624
radio 11 2641
radio 11 3154
delay 2 27 11 3196 11 2814 20 18 65535 0 1 1 0
radio 11 4269
radio 11 4783
radio 11 4830
radio 11 5344
radio 11 5377
radio 11 5891
radio 11 5920
radio 11 6434
radio 11 6451
radio 11 6964
radio 11 7038
radio 11 7552
radio 11 7569
radio 11 8082
radio 11 8112
radio 11 8626
radio 11 8694
radio 11 9208
radio 11 9242
radio 11 9756
radio 11 9773
radio 11 10286
radio 11 10322
radio 11 10836
radio 11 10865
radio 11 11379
radio 11 11396
radio 11 11910
radio 11 11939
radio 11 12453
radio 11 12485
radio 11 12999
radio 11 13034
radio 11 13548
radio 11 13565
radio 11 14079
radio 11 14129
radio 11 14643
radio 11 14694
radio 11 15208
radio 11 15239
radio 11 15753
radio 11 15824
radio 11 16338
radio 11 16372
radio 11 16886
radio 11 16915
radio 11 17429
radio 11 17459
radio 11 17973
radio 11 18023
radio 11 18537
radio 11 18569
radio 11 19083
radio 11 19116
