Thread[Thread-1,5,main]tree 100 19 48 20 0 0
radio 8 52419
radio 8 52422
radio 8 52450
radio 8 52964
radio 8 52992
radio 8 53506
radio 8 53558
radio 8 54072
radio 8 54122
radio 8 54636
radio 8 54685
radio 8 55199
radio 8 55251
radio 8 55765
radio 8 55795
radio 8 56309
radio 8 56358
radio 8 56872
radio 8 56903
radio 8 57417
radio 8 57445
radio 8 57959
radio 8 57976
radio 8 58489
radio 8 58537
radio 8 59051
radio 8 59068
radio 8 59581
radio 8 59612
radio 8 60126
radio 8 60143
radio 8 60656
radio 8 60673
radio 8 61186
radio 8 61222
radio 8 61736
radio 8 61770
radio 8 62284
radio 8 62313
radio 8 62827
radio 8 62856
radio 8 63370
radio 8 63401
radio 8 63915
radio 8 63946
radio 8 64460
radio 8 64489
radio 8 65003
radio 8 65038
radio 9 16
radio 9 33
radio 9 546
radio 9 563
radio 9 1076
radio 9 1110
radio 9 1624
radio 9 1660
radio 9 2174
radio 9 2206
radio 9 2720
radio 9 2770
radio 9 3284
radio 9 3332
radio 9 3846
radio 9 3875
radio 9 4389
radio 9 4418
radio 9 4932
radio 9 4980
radio 9 5494
radio 9 5527
radio 9 6041
radio 9 6077
radio 9 6591
radio 9 6619
radio 9 7133
radio 9 7181
radio 9 7695
radio 9 7728
radio 9 8242
radio 9 8259
radio 9 8772
radio 9 8789
radio 9 9302
radio 9 9331
radio 9 9845
radio 9 9862
radio 9 10375
radio 9 10392
radio 9 10906
radio 9 10960
radio 9 11474
radio 9 11509
radio 9 12023
radio 9 12053
radio 9 12567
radio 9 12584
radio 9 13098
radio 9 13132
radio 9 13646
radio 9 13675
radio 9 14189
radio 9 14220
radio 9 14734
radio 9 14762
radio 9 15276
radio 9 15293
radio 9 15806
radio 9 15823
radio 9 16336
radio 9 16353
radio 9 16866
radio 9 16897
radio 9 17411
radio 9 17459
radio 9 17973
radio 9 18007
radio 9 18521
radio 9 18538
radio 9 19051
radio 9 19081
radio 9 19595
radio 9 19624
radio 9 20138
radio 9 20189
radio 9 20703
radio 9 20734
radio 9 21248
radio 9 21283
radio 9 21797
radio 9 21826
radio 9 22340
radio 9 22414
radio 9 22928
radio 9 22959
radio 9 23473
radio 9 23501
radio 9 24015
radio 9 24085
radio 9 24599
radio 9 24628
radio 9 25142
radio 9 25178
radio 9 25692
radio 9 25709
radio 9 26222
radio 9 26293
radio 9 26807
radio 9 26841
radio 9 27355
radio 9 27372
radio 9 27885
radio 9 27937
radio 9 28451
radio 9 28503
radio 9 29017
radio 9 29053
radio 9 29567
radio 9 29622
radio 9 30136
radio 9 30172
radio 9 30686
radio 9 30715
radio 9 31229
radio 9 31246
radio 9 31759
radio 9 31812
radio 9 32326
radio 9 32355
radio 9 32869
radio 9 32901
radio 9 33415
radio 9 33466
radio 9 33980
radio 9 34053
radio 9 34567
radio 9 34599
radio 9 35113
radio 9 35130
radio 9 35643
radio 9 35672
radio 9 36186
radio 9 36215
radio 9 36729
radio 9 36757
radio 9 37271
radio 9 37307
radio 9 37821
radio 9 37838
radio 9 38351
radio 9 38368
radio 9 38881
radio 9 38910
radio 9 39424
radio 9 39441
radio 9 39954
radio 9 40030
radio 9 40544
radio 9 40561
radio 9 41074
radio 9 41109
radio 9 41623
radio 9 41656
radio 9 42170
radio 9 42218
radio 9 42732
radio 9 42749
radio 9 43262
radio 9 43294
radio 9 43808
radio 9 43825
radio 9 44338
radio 9 44371
radio 9 44885
radio 9 44959
radio 9 45473
radio 9 45490
radio 9 46003
radio 9 46036
radio 9 46550
radio 9 46581
radio 9 47095
radio 9 47112
radio 9 47625
radio 9 47653
radio 9 48167
radio 9 48223
energy 9 48334 8 55497
radio 9 48737
radio 9 48771
radio 9 49285
radio 9 49334
radio 9 49848
radio 9 49865
radio 9 50378
radio 9 50408
radio 9 50922
radio 9 50955
radio 9 51469
radio 9 51499
radio 9 52013
radio 9 52064
radio 9 52578
radio 9 52595
radio 9 53108
radio 9 53137
radio 9 53651
radio 9 53687
radio 9 54201
radio 9 54232
radio 9 54746
radio 9 54796
radio 9 55310
radio 9 55327
radio 9 55840
radio 9 55857
radio 9 56370
radio 9 56387
radio 9 56900
radio 9 56935
radio 9 57449
radio 9 57482
radio 9 57996
radio 9 58026
radio 9 58540
radio 9 58572
radio 9 59086
radio 9 59117
radio 9 59631
radio 9 59648
radio 9 60162
radio 9 60196
radio 9 60710
radio 9 60740
radio 9 61254
radio 9 61287
radio 9 61801
radio 9 61833
radio 9 62347
radio 9 62379
radio 9 62893
radio 9 62926
radio 9 63440
radio 9 63457
radio 9 63970
radio 9 64018
radio 9 64532
radio 9 64549
radio 9 65062
radio 9 65079
radio 10 56
radio 10 73
radio 10 586
radio 10 614
radio 10 1128
radio 10 1159
radio 10 1673
radio 10 1702
radio 10 2216
radio 10 2244
radio 10 2758
radio 10 2794
radio 10 3308
radio 10 3337
radio 10 3851
radio 10 3900
radio 10 4414
radio 10 4469
radio 10 4983
radio 10 5019
radio 10 5533
radio 10 5550
radio 10 6063
radio 10 6093
radio 10 6607
radio 10 6635
radio 10 7149
radio 10 7166
radio 10 7679
radio 10 7708
radio 10 8222
radio 10 8239
radio 10 8752
radio 10 8786
radio 10 9300
radio 10 9336
radio 10 9850
radio 10 9882
radio 10 10396
radio 10 10425
radio 10 10939
radio 10 10956
radio 10 11470
radio 10 11499
radio 10 12013
radio 10 12042
radio 10 12556
radio 10 12591
radio 10 13105
radio 10 13134
radio 10 13648
radio 10 13678
radio 10 14192
radio 10 14241
radio 10 14755
radio 10 14788
radio 10 15302
radio 10 15319
radio 10 15833
radio 10 15862
radio 10 16376
radio 10 16393
radio 10 16907
radio 10 16924
radio 10 17438
radio 10 17455
radio 10 17969
radio 10 18022
radio 10 18536
radio 10 18567
radio 10 19081
radio 10 19110
radio 10 19624
radio 10 19656
radio 10 20170
radio 10 20206
radio 10 20720
radio 10 20756
radio 10 21270
radio 10 21298
radio 10 21812
radio 10 21921
radio 10 22435
radio 10 22524
radio 10 23038
radio 10 23072
radio 10 23586
radio 10 23642
radio 10 24156
radio 10 24189
radio 10 24703
radio 10 24732
radio 10 25246
radio 10 25281
radio 10 25795
radio 10 25812
radio 10 26326
radio 10 26401
radio 10 26915
radio 10 26932
radio 10 27446
radio 10 27503
radio 10 28017
delay 0 9 10 28060 10 28269 20 18 65535 0 332 0 0
radio 10 28068
radio 10 28582
radio 10 28683
radio 10 29197
radio 10 29218
radio 10 29731
radio 10 29761
radio 10 30275
radio 10 30309
radio 10 30823
radio 10 30852
radio 10 31366
radio 10 31394
radio 10 31908
radio 10 31925
radio 10 32439
radio 10 32475
radio 10 32989
radio 10 33006
radio 10 33520
radio 10 33537
radio 10 34051
radio 10 34068
radio 10 34582
radio 10 34618
radio 10 35132
radio 10 35208
radio 10 35722
radio 10 35739
radio 10 36253
radio 10 36282
radio 10 36796
radio 10 36825
radio 10 37339
radio 10 37391
radio 10 37905
radio 10 37934
radio 10 38448
radio 10 38483
radio 10 38997
radio 10 39026
radio 10 39540
radio 10 39591
radio 10 40105
radio 10 40135
radio 10 40649
radio 10 40698
radio 10 41212
radio 10 41229
radio 10 41743
radio 10 41835
radio 10 42349
radio 10 42382
radio 10 42896
radio 10 42969
radio 10 43483
radio 10 43532
radio 10 44046
radio 10 44095
energy 10 44238 8 58662
radio 10 44609
radio 10 44637
radio 10 45151
radio 10 45168
radio 10 45682
radio 10 45717
radio 10 46231
radio 10 46265
radio 10 46779
radio 10 46848
radio 10 47362
radio 10 47379
radio 10 47893
radio 10 47922
radio 10 48436
delay 1 15 10 48456 10 48529 20 18 65535 0 119 1 0
radio 10 49535
radio 10 50048
radio 10 50077
radio 10 50591
radio 10 50622
radio 10 51136
radio 10 51164
radio 10 51678
radio 10 51708
radio 10 52222
radio 10 52276
radio 10 52790
radio 10 52838
radio 10 53352
radio 10 53403
radio 10 53917
radio 10 53950
radio 10 54464
radio 10 54493
radio 10 55007
radio 10 55037
radio 10 55551
radio 10 55584
radio 10 56098
radio 10 56147
radio 10 56661
radio 10 56691
radio 10 57205
radio 10 57236
radio 10 57750
radio 10 57780
radio 10 58294
radio 10 58324
radio 10 58838
radio 10 58868
radio 10 59382
radio 10 59432
radio 10 59946
radio 10 59981
radio 10 60495
radio 10 60587
radio 10 61101
radio 10 61131
radio 10 61645
radio 10 61681
radio 10 62195
radio 10 62223
radio 10 62737
radio 10 62805
radio 10 63319
radio 10 63336
radio 10 63850
radio 10 63919
radio 10 64433
radio 10 64462
radio 10 64976
radio 10 65007
radio 10 65521
radio 11 21
radio 11 534
radio 11 582
radio 11 1096
radio 11 1144
radio 11 1658
radio 11 1687
radio 11 2201
radio 11 2231
radio 11 2745
radio 11 2774
radio 11 3288
delay 2 8 11 3571 11 3767 9 18 9 0 30 1 0
radio 11 4629
radio 11 5142
radio 11 5170
radio 11 5684
radio 11 5715
radio 11 6229
radio 11 6257
radio 11 6771
radio 11 6788
radio 11 7301
radio 11 7318
radio 11 7831
radio 11 7848
radio 11 8361
radio 11 8392
radio 11 8906
radio 11 8938
radio 11 9452
radio 11 9500
radio 11 10014
radio 11 10046
radio 11 10560
radio 11 10590
radio 11 11104
radio 11 11134
radio 11 11648
radio 11 11722
radio 11 12236
radio 11 12271
radio 11 12785
radio 11 12814
radio 11 13328
radio 11 13380
radio 11 13894
radio 11 13923
radio 11 14437
radio 11 14467
radio 11 14981
radio 11 14998
radio 11 15512
radio 11 15542
radio 11 16056
radio 11 16106
radio 11 16620
radio 11 16637
radio 11 17151
radio 11 17185
radio 11 17699
radio 11 17727
radio 11 18241
radio 11 18291
radio 11 18805
radio 11 18822
