Thread[Thread-1,5,main]tree 20 9 0 20 0 0
radio 8 43247
radio 8 43251
radio 8 43268
radio 8 43781
radio 8 43853
radio 8 44367
radio 8 44398
radio 8 44912
radio 8 44929
radio 8 45442
radio 8 45459
radio 8 45972
radio 8 46027
radio 8 46541
radio 8 46558
radio 8 47071
radio 8 47088
radio 8 47602
radio 8 47619
radio 8 48132
radio 8 48181
radio 8 48695
radio 8 48745
radio 8 49259
radio 8 49293
radio 8 49807
radio 8 49824
radio 8 50337
radio 8 50372
radio 8 50886
radio 8 50903
radio 8 51416
radio 8 51433
radio 8 51946
radio 8 51963
radio 8 52476
radio 8 52548
radio 8 53062
radio 8 53091
radio 8 53605
radio 8 53622
radio 8 54135
radio 8 54152
radio 8 54665
radio 8 54682
radio 8 55195
radio 8 55212
radio 8 55725
radio 8 55742
radio 8 56255
radio 8 56331
radio 8 56845
radio 8 56875
radio 8 57389
radio 8 57420
radio 8 57934
radio 8 57988
radio 8 58502
radio 8 58519
radio 8 59032
radio 8 59049
radio 8 59562
radio 8 59593
radio 8 60107
radio 8 60124
radio 8 60637
radio 8 60654
radio 8 61167
radio 8 61195
radio 8 61709
radio 8 61744
radio 8 62258
radio 8 62275
radio 8 62788
radio 8 62840
radio 8 63354
radio 8 63371
radio 8 63884
radio 8 63913
radio 8 64427
radio 8 64444
radio 8 64957
radio 8 64974
radio 8 65487
radio 8 65504
radio 9 481
radio 9 509
radio 9 1022
radio 9 1078
radio 9 1592
radio 9 1627
radio 9 2141
radio 9 2191
radio 9 2705
radio 9 2756
radio 9 3270
radio 9 3287
radio 9 3800
radio 9 3830
radio 9 4344
radio 9 4361
radio 9 4874
radio 9 4891
radio 9 5404
radio 9 5421
radio 9 5934
radio 9 5968
radio 9 6482
radio 9 6531
radio 9 7045
radio 9 7073
radio 9 7587
radio 9 7619
radio 9 8133
radio 9 8201
radio 9 8715
radio 9 8732
radio 9 9245
radio 9 9262
radio 9 9775
radio 9 9806
radio 9 10320
radio 9 10337
radio 9 10850
radio 9 10867
radio 9 11380
radio 9 11413
radio 9 11927
radio 9 11944
radio 9 12457
radio 9 12508
radio 9 13022
radio 9 13039
radio 9 13552
radio 9 13569
radio 9 14082
radio 9 14099
radio 9 14612
radio 9 14629
radio 9 15142
radio 9 15159
radio 9 15672
radio 9 15689
radio 9 16202
radio 9 16219
radio 9 16732
radio 9 16800
radio 9 17314
radio 9 17331
radio 9 17844
radio 9 17861
radio 9 18374
radio 9 18391
radio 9 18904
radio 9 18921
radio 9 19434
radio 9 19451
radio 9 19964
radio 9 20073
radio 9 20587
radio 9 20604
radio 9 21117
radio 9 21134
radio 9 21647
radio 9 21675
radio 9 22189
radio 9 22225
radio 9 22739
radio 9 22756
radio 9 23269
radio 9 23286
radio 9 23799
radio 9 23816
radio 9 24329
radio 9 24346
radio 9 24859
radio 9 24887
radio 9 25401
radio 9 25432
radio 9 25946
radio 9 25963
radio 9 26476
radio 9 26493
radio 9 27006
radio 9 27077
radio 9 27591
radio 9 27608
radio 9 28121
radio 9 28138
radio 9 28651
radio 9 28668
radio 9 29181
radio 9 29198
radio 9 29711
radio 9 29766
radio 9 30280
radio 9 30334
radio 9 30848
radio 9 30881
radio 9 31395
radio 9 31428
radio 9 31942
radio 9 31959
radio 9 32472
radio 9 32506
radio 9 33020
radio 9 33037
radio 9 33550
radio 9 33567
radio 9 34080
radio 9 34097
radio 9 34610
radio 9 34641
radio 9 35155
radio 9 35172
radio 9 35685
radio 9 35713
radio 9 36227
radio 9 36244
radio 9 36757
radio 9 36847
radio 9 37361
radio 9 37395
radio 9 37909
radio 9 37978
radio 9 38492
radio 9 38509
radio 9 39022
radio 9 39050
energy 9 39162 8 45810
radio 9 39564
radio 9 39581
radio 9 40094
radio 9 40111
radio 9 40624
radio 9 40656
radio 9 41170
radio 9 41204
radio 9 41718
radio 9 41735
radio 9 42248
radio 9 42265
radio 9 42778
radio 9 42795
radio 9 43308
radio 9 43325
radio 9 43838
radio 9 43855
radio 9 44368
radio 9 44385
radio 9 44898
radio 9 44915
radio 9 45428
radio 9 45456
radio 9 45970
radio 9 46021
radio 9 46535
radio 9 46569
radio 9 47083
radio 9 47100
radio 9 47613
radio 9 47630
radio 9 48143
radio 9 48174
radio 9 48688
radio 9 48705
radio 9 49218
radio 9 49312
radio 9 49826
radio 9 49855
radio 9 50369
radio 9 50424
radio 9 50938
radio 9 50972
radio 9 51486
radio 9 51503
radio 9 52016
radio 9 52044
radio 9 52558
radio 9 52575
radio 9 53088
radio 9 53105
radio 9 53618
radio 9 53711
radio 9 54225
radio 9 54242
radio 9 54755
radio 9 54772
radio 9 55285
radio 9 55318
radio 9 55832
radio 9 55920
radio 9 56434
radio 9 56466
radio 9 56980
radio 9 57014
radio 9 57528
radio 9 57558
radio 9 58072
radio 9 58121
radio 9 58635
radio 9 58652
radio 9 59165
radio 9 59182
radio 9 59695
radio 9 59712
radio 9 60225
radio 9 60242
radio 9 60755
radio 9 60772
radio 9 61285
radio 9 61302
radio 9 61815
radio 9 61890
radio 9 62404
radio 9 62421
radio 9 62934
radio 9 62951
radio 9 63464
radio 9 63481
radio 9 63994
radio 9 64011
radio 9 64524
radio 9 64541
radio 9 65054
radio 9 65071
radio 10 48
radio 10 65
radio 10 578
radio 10 653
radio 10 1167
radio 10 1199
radio 10 1713
radio 10 1744
radio 10 2258
radio 10 2291
radio 10 2805
radio 10 2822
radio 10 3335
radio 10 3368
radio 10 3882
radio 10 3899
radio 10 4412
radio 10 4444
radio 10 4958
radio 10 4975
radio 10 5488
radio 10 5505
radio 10 6018
radio 10 6053
radio 10 6567
radio 10 6584
radio 10 7097
radio 10 7127
radio 10 7641
radio 10 7658
radio 10 8171
radio 10 8188
radio 10 8701
radio 10 8718
radio 10 9231
radio 10 9248
radio 10 9761
radio 10 9778
radio 10 10291
radio 10 10308
radio 10 10822
radio 10 10853
radio 10 11367
radio 10 11398
radio 10 11912
radio 10 11940
radio 10 12454
radio 10 12510
radio 10 13024
radio 10 13058
radio 10 13572
radio 10 13589
radio 10 14103
radio 10 14152
radio 10 14666
radio 10 14715
radio 10 15229
radio 10 15246
radio 10 15760
radio 10 15777
radio 10 16291
radio 10 16308
radio 10 16822
radio 10 16839
radio 10 17353
radio 10 17402
radio 10 17916
radio 10 17933
radio 10 18447
radio 10 18464
radio 10 18978
radio 10 19007
radio 10 19521
radio 10 19555
radio 10 20069
radio 10 20101
radio 10 20615
radio 10 20632
radio 10 21146
radio 10 21163
radio 10 21677
radio 10 21694
radio 10 22208
radio 10 22242
radio 10 22756
radio 10 22773
radio 10 23287
radio 10 23304
radio 10 23818
radio 10 23835
radio 10 24349
radio 10 24366
radio 10 24880
radio 10 24897
radio 10 25411
radio 10 25428
radio 10 25942
radio 10 25959
radio 10 26473
radio 10 26524
radio 10 27038
delay 0 42 10 27171 10 27161 15 11 65535 0 215 0 0
radio 10 27179
radio 10 27693
radio 10 27770
radio 10 28283
radio 10 28329
radio 10 28843
radio 10 28860
radio 10 29374
radio 10 29406
radio 10 29920
radio 10 29948
radio 10 30462
radio 10 30498
radio 10 31012
radio 10 31029
radio 10 31543
radio 10 31575
radio 10 32089
radio 10 32106
radio 10 32620
radio 10 32637
radio 10 33151
radio 10 33168
radio 10 33682
radio 10 33699
radio 10 34213
radio 10 34244
radio 10 34758
radio 10 34775
energy 10 35066 8 48309
radio 10 35289
radio 10 35322
radio 10 35836
radio 10 35891
radio 10 36405
radio 10 36436
radio 10 36950
radio 10 37003
radio 10 37517
radio 10 37572
radio 10 38086
radio 10 38103
radio 10 38617
radio 10 38634
radio 10 39148
radio 10 39165
radio 10 39679
radio 10 39696
radio 10 40210
radio 10 40261
radio 10 40775
radio 10 40805
radio 10 41319
radio 10 41336
radio 10 41850
radio 10 41880
radio 10 42394
radio 10 42411
radio 10 42925
radio 10 42942
radio 10 43456
radio 10 43473
radio 10 43987
radio 10 44004
radio 10 44518
radio 10 44549
radio 10 45063
radio 10 45092
radio 10 45606
radio 10 45637
radio 10 46151
radio 10 46204
radio 10 46718
radio 10 46811
radio 10 47325
radio 10 47342
radio 10 47856
delay 1 31 10 47871 10 48038 9 11 2 0 379 0 0
radio 10 47879
radio 10 48393
radio 10 48438
radio 10 48952
radio 10 48970
radio 10 49484
radio 10 49501
radio 10 50015
radio 10 50048
radio 10 50562
radio 10 50591
radio 10 51105
radio 10 51122
radio 10 51636
radio 10 51653
radio 10 52167
radio 10 52220
radio 10 52734
radio 10 52769
radio 10 53283
radio 10 53300
radio 10 53814
radio 10 53831
radio 10 54345
radio 10 54362
radio 10 54876
radio 10 54893
radio 10 55407
radio 10 55460
radio 10 55974
radio 10 56024
radio 10 56538
radio 10 56555
radio 10 57069
radio 10 57101
radio 10 57615
radio 10 57632
radio 10 58146
radio 10 58181
radio 10 58695
radio 10 58712
radio 10 59226
radio 10 59257
radio 10 59771
radio 10 59799
radio 10 60313
radio 10 60330
radio 10 60844
radio 10 60861
radio 10 61375
radio 10 61392
radio 10 61906
radio 10 61923
radio 10 62437
radio 10 62454
radio 10 62968
radio 10 63004
radio 10 63518
radio 10 63535
radio 10 64049
radio 10 64101
radio 10 64615
radio 10 64645
radio 10 65159
radio 10 65190
radio 11 168
radio 11 196
radio 11 710
radio 11 727
radio 11 1240
radio 11 1272
radio 11 1786
radio 11 1803
radio 11 2316
radio 11 2333
radio 11 2846
delay 2 43 11 2900 11 2757 9 11 2 0 290 0 0
radio 11 2909
radio 11 3422
radio 11 3441
radio 11 3955
radio 11 4055
radio 11 4568
radio 11 4639
radio 11 5153
radio 11 5170
radio 11 5683
radio 11 5712
radio 11 6226
radio 11 6243
radio 11 6756
radio 11 6804
radio 11 7318
radio 11 7367
radio 11 7881
radio 11 7898
radio 11 8411
radio 11 8428
radio 11 8941
radio 11 8958
radio 11 9471
radio 11 9488
radio 11 10001
radio 11 10018
radio 11 10532
radio 11 10549
radio 11 11063
radio 11 11111
radio 11 11625
radio 11 11653
radio 11 12167
radio 11 12198
radio 11 12712
radio 11 12729
radio 11 13243
radio 11 13274
radio 11 13788
radio 11 13840
radio 11 14354
radio 11 14387
radio 11 14901
radio 11 14918
radio 11 15432
radio 11 15462
radio 11 15976
radio 11 15993
radio 11 16507
radio 11 16524
radio 11 17038
radio 11 17055
radio 11 17569
radio 11 17641
radio 11 18155
radio 11 18184
