Thread[Thread-1,5,main]tree 15 17 2 14 0 0
radio 4 86
radio 4 90
radio 4 119
radio 4 632
radio 4 649
radio 4 1162
radio 4 1192
radio 4 1706
radio 4 1723
radio 4 2236
radio 4 2253
radio 4 2766
radio 4 2783
radio 4 3296
radio 4 3367
radio 4 3881
radio 4 3898
radio 4 4411
radio 4 4442
radio 4 4956
radio 4 4973
radio 4 5486
radio 4 5503
radio 4 6016
radio 4 6047
radio 4 6561
radio 4 6578
radio 4 7091
radio 4 7145
radio 4 7659
radio 4 7867
radio 4 8381
radio 4 8515
radio 4 9029
radio 4 9046
radio 4 9559
radio 4 9688
radio 4 10202
radio 4 10219
radio 4 10733
radio 4 10750
radio 4 11264
radio 4 11320
radio 4 11834
radio 4 11851
radio 4 12365
radio 4 12382
radio 4 12896
radio 4 12913
radio 4 13427
radio 4 13535
radio 4 14049
radio 4 14137
radio 4 14651
radio 4 14699
radio 4 15213
radio 4 15230
radio 4 15744
radio 4 15761
radio 4 16275
radio 4 16323
radio 4 16837
radio 4 16854
radio 4 17368
radio 4 17421
radio 4 17935
radio 4 17952
radio 4 18465
radio 4 18482
radio 4 18996
radio 4 19013
radio 4 19527
radio 4 19559
radio 4 20073
radio 4 20090
radio 4 20604
radio 4 20632
radio 4 21146
radio 4 21176
radio 4 21690
radio 4 21707
radio 4 22221
radio 4 22253
radio 4 22767
radio 4 22784
radio 4 23298
radio 4 23407
radio 4 23921
radio 4 23971
radio 4 24485
radio 4 24516
radio 4 25030
radio 4 25062
radio 4 25576
radio 4 25593
radio 4 26107
radio 4 26124
radio 4 26638
radio 4 26655
radio 4 27169
radio 4 27186
radio 4 27700
radio 4 27717
radio 4 28231
radio 4 28259
radio 4 28773
radio 4 28790
radio 4 29304
radio 4 29355
radio 4 29869
radio 4 29886
radio 4 30400
radio 4 30417
radio 4 30931
radio 4 30963
radio 4 31477
radio 4 31494
radio 4 32008
radio 4 32117
radio 4 32631
radio 4 32699
radio 4 33213
radio 4 33244
radio 4 33758
radio 4 33790
radio 4 34304
radio 4 34321
radio 4 34835
radio 4 34867
radio 4 35381
radio 4 35437
radio 4 35951
radio 4 35968
radio 4 36482
radio 4 36499
radio 4 37012
radio 4 37029
radio 4 37543
radio 4 37560
radio 4 38074
radio 4 38091
radio 4 38605
radio 4 38622
radio 4 39136
radio 4 39167
radio 4 39681
radio 4 39737
radio 4 40251
radio 4 40268
radio 4 40782
radio 4 40799
radio 4 41313
radio 4 41330
radio 4 41844
radio 4 41861
radio 4 42375
radio 4 42392
radio 4 42906
radio 4 42923
radio 4 43437
radio 4 43454
radio 4 43968
radio 4 43985
radio 4 44499
radio 4 44528
radio 4 45042
radio 4 45059
radio 4 45573
radio 4 45627
radio 4 46141
radio 4 46158
radio 4 46672
radio 4 46689
radio 4 47203
radio 4 47220
radio 4 47734
radio 4 47751
radio 4 48265
radio 4 48282
radio 4 48795
radio 4 48812
radio 4 49326
radio 4 49400
radio 4 49914
radio 4 49942
radio 4 50456
radio 4 50473
radio 4 50987
radio 4 51004
radio 4 51518
radio 4 51547
radio 4 52061
radio 4 52091
radio 4 52605
radio 4 52634
radio 4 53148
radio 4 53165
radio 4 53679
radio 4 53696
radio 4 54210
radio 4 54239
radio 4 54753
radio 4 54789
radio 4 55303
radio 4 55372
radio 4 55886
radio 4 55903
radio 4 56417
radio 4 56434
radio 4 56948
radio 4 56965
radio 4 57479
radio 4 57527
radio 4 58041
radio 4 58058
radio 4 58571
radio 4 58588
radio 4 59102
radio 4 59119
radio 4 59633
radio 4 59650
radio 4 60164
radio 4 60181
radio 4 60695
radio 4 60712
radio 4 61226
radio 4 61243
energy 4 61537 4 2984
radio 4 61757
radio 4 61774
radio 4 62288
radio 4 62305
radio 4 62818
radio 4 62835
radio 4 63349
radio 4 63366
radio 4 63880
radio 4 63897
radio 4 64411
radio 4 64481
radio 4 64995
radio 4 65012
radio 4 65526
radio 5 20
radio 5 533
radio 5 563
radio 5 1076
radio 5 1093
radio 5 1606
radio 5 1623
radio 5 2136
radio 5 2153
radio 5 2666
radio 5 2683
radio 5 3196
delay 0 18 5 3268 5 2877 16 15 65535 0 154 1 0
radio 5 4343
radio 5 4857
radio 5 4911
radio 5 5425
radio 5 5493
radio 5 6007
radio 5 6024
radio 5 6537
radio 5 6554
radio 5 7067
radio 5 7084
radio 5 7597
radio 5 7632
radio 5 8146
radio 5 8174
radio 5 8688
radio 5 8705
radio 5 9218
radio 5 9235
radio 5 9748
radio 5 9917
radio 5 10431
radio 5 10448
radio 5 10962
radio 5 11010
radio 5 11524
radio 5 11541
radio 5 12055
radio 5 12086
radio 5 12600
radio 5 12651
radio 5 13165
radio 5 13194
radio 5 13708
radio 5 13743
radio 5 14257
radio 5 14274
radio 5 14788
radio 5 14805
radio 5 15319
radio 5 15349
radio 5 15863
radio 5 15880
radio 5 16394
radio 5 16411
radio 5 16925
radio 5 16998
radio 5 17512
radio 5 17529
radio 5 18043
radio 5 18099
radio 5 18613
radio 5 18644
radio 5 19158
radio 5 19187
radio 5 19701
radio 5 19733
radio 5 20247
radio 5 20264
radio 5 20778
radio 5 20795
radio 5 21309
radio 5 21357
radio 5 21871
radio 5 21888
radio 5 22402
radio 5 22434
radio 5 22948
radio 5 23002
radio 5 23516
delay 1 5 5 23559 5 23630 14 15 1 0 164 0 0
radio 5 23567
radio 5 24081
radio 5 24171
radio 5 24685
radio 5 24810
radio 5 25324
radio 5 25353
radio 5 25867
radio 5 25896
radio 5 26410
radio 5 26445
radio 5 26959
radio 5 26976
radio 5 27490
radio 5 27507
radio 5 28021
radio 5 28038
radio 5 28551
radio 5 28568
radio 5 29082
radio 5 29099
radio 5 29613
radio 5 29630
radio 5 30144
radio 5 30212
radio 5 30726
radio 5 30743
radio 5 31256
radio 5 31273
radio 5 31787
radio 5 31843
radio 5 32357
radio 5 32374
radio 5 32887
radio 5 32904
radio 5 33418
radio 5 33451
radio 5 33965
radio 5 33982
radio 5 34495
radio 5 34512
radio 5 35026
radio 5 35043
radio 5 35557
radio 5 35586
radio 5 36100
radio 5 36117
radio 5 36631
radio 5 36648
radio 5 37162
radio 5 37179
radio 5 37692
radio 5 37709
radio 5 38223
radio 5 38254
radio 5 38768
radio 5 38785
radio 5 39299
radio 5 39316
radio 5 39830
radio 5 39847
radio 5 40361
radio 5 40378
radio 5 40892
radio 5 40909
radio 5 41423
radio 5 41440
radio 5 41954
radio 5 41971
radio 5 42485
radio 5 42502
radio 5 43016
radio 5 43051
radio 5 43565
radio 5 43582
radio 5 44096
delay 2 18 5 44139 5 43742 16 15 65535 0 65535 0 0
radio 5 44147
radio 5 44661
radio 5 44677
radio 5 45190
radio 5 45211
radio 5 45725
radio 5 45743
radio 5 46257
radio 5 46274
radio 5 46788
radio 5 46805
radio 5 47319
radio 5 47336
radio 5 47850
radio 5 47867
radio 5 48381
radio 5 48455
radio 5 48969
radio 5 48986
radio 5 49500
radio 5 49530
radio 5 50044
radio 5 50061
radio 5 50575
radio 5 50592
radio 5 51106
radio 5 51123
radio 5 51637
radio 5 51711
radio 5 52225
radio 5 52242
radio 5 52755
radio 5 52772
radio 5 53285
radio 5 53359
radio 5 53873
radio 5 53904
radio 5 54418
radio 5 54435
radio 5 54949
radio 5 54980
radio 5 55494
radio 5 55511
radio 5 56025
radio 5 56054
radio 5 56568
radio 5 56585
radio 5 57099
radio 5 57116
energy 5 57441 4 6654
radio 5 57630
radio 5 57647
radio 5 58161
radio 5 58217
radio 5 58731
radio 5 58847
radio 5 59361
radio 5 59378
radio 5 59892
radio 5 59909
radio 5 60423
radio 5 60440
radio 5 60954
radio 5 60971
radio 5 61485
radio 5 61502
radio 5 62015
radio 5 62085
radio 5 62599
radio 5 62616
radio 5 63130
radio 5 63163
radio 5 63677
radio 5 63709
radio 5 64223
radio 5 64256
radio 5 64770
delay 3 46 5 65041 5 64201 14 15 1 0 609 0 0
radio 5 65048
radio 6 27
radio 6 72
radio 6 586
radio 6 666
radio 6 1179
radio 6 1196
radio 6 1709
radio 6 1726
radio 6 2239
radio 6 2373
radio 6 2887
radio 6 2917
radio 6 3431
radio 6 3448
radio 6 3961
radio 6 3992
radio 6 4506
radio 6 4621
radio 6 5135
radio 6 5167
