Thread[Thread-1,5,main]tree 31 21 47 12 0 0
radio 4 9296
radio 4 9300
radio 4 9368
radio 4 9882
radio 4 10012
radio 4 10526
radio 4 10578
radio 4 11092
radio 4 11121
radio 4 11635
radio 4 11671
radio 4 12185
radio 4 12215
radio 4 12729
radio 4 12746
radio 4 13260
radio 4 13277
radio 4 13791
radio 4 13867
radio 4 14381
radio 4 14398
radio 4 14912
radio 4 14984
radio 4 15498
radio 4 15515
radio 4 16029
radio 4 16082
radio 4 16596
radio 4 16613
radio 4 17127
radio 4 17144
radio 4 17658
radio 4 17728
radio 4 18242
radio 4 18271
radio 4 18785
radio 4 18802
radio 4 19316
radio 4 19333
radio 4 19847
radio 4 19878
radio 4 20392
radio 4 20409
radio 4 20923
radio 4 20940
radio 4 21454
radio 4 21471
radio 4 21985
radio 4 22002
radio 4 22516
radio 4 22550
radio 4 23064
radio 4 23081
radio 4 23595
radio 4 23612
radio 4 24126
radio 4 24143
radio 4 24657
radio 4 24688
radio 4 25202
radio 4 25219
radio 4 25733
radio 4 25781
radio 4 26295
radio 4 26312
radio 4 26826
radio 4 26861
radio 4 27375
radio 4 27410
radio 4 27924
radio 4 27953
radio 4 28467
radio 4 28484
radio 4 28998
radio 4 29015
radio 4 29529
radio 4 29546
radio 4 30060
radio 4 30093
radio 4 30607
radio 4 30656
radio 4 31170
radio 4 31187
radio 4 31701
radio 4 31754
radio 4 32268
radio 4 32302
radio 4 32816
radio 4 32849
radio 4 33363
radio 4 33380
radio 4 33894
radio 4 33923
radio 4 34437
radio 4 34454
radio 4 34968
radio 4 34985
radio 4 35499
radio 4 35527
radio 4 36041
radio 4 36072
radio 4 36586
radio 4 36617
radio 4 37131
radio 4 37148
radio 4 37662
radio 4 37679
radio 4 38193
radio 4 38210
radio 4 38724
radio 4 38741
radio 4 39255
radio 4 39272
radio 4 39786
radio 4 39803
radio 4 40317
radio 4 40347
radio 4 40861
radio 4 40878
radio 4 41392
radio 4 41421
radio 4 41935
radio 4 41968
radio 4 42482
radio 4 42511
radio 4 43025
radio 4 43078
radio 4 43592
radio 4 43640
radio 4 44154
radio 4 44186
radio 4 44700
radio 4 44733
radio 4 45247
radio 4 45280
radio 4 45794
radio 4 45811
radio 4 46325
radio 4 46376
radio 4 46890
radio 4 46924
radio 4 47438
radio 4 47455
radio 4 47969
radio 4 48001
radio 4 48515
radio 4 48548
radio 4 49062
radio 4 49091
radio 4 49605
radio 4 49634
radio 4 50148
radio 4 50165
radio 4 50679
radio 4 50709
radio 4 51223
radio 4 51256
radio 4 51770
radio 4 51787
radio 4 52301
radio 4 52332
radio 4 52846
radio 4 52863
radio 4 53377
radio 4 53411
radio 4 53925
radio 4 53955
radio 4 54469
radio 4 54500
radio 4 55014
radio 4 55044
radio 4 55558
radio 4 55611
radio 4 56125
radio 4 56142
radio 4 56656
radio 4 56707
radio 4 57221
radio 4 57271
radio 4 57785
radio 4 57802
radio 4 58316
radio 4 58348
radio 4 58862
radio 4 58912
radio 4 59426
radio 4 59443
radio 4 59957
radio 4 60009
radio 4 60523
radio 4 60551
radio 4 61065
radio 4 61115
radio 4 61629
radio 4 61661
radio 4 62175
radio 4 62209
radio 4 62723
radio 4 62817
radio 4 63331
radio 4 63348
radio 4 63862
radio 4 63893
radio 4 64407
radio 4 64435
radio 4 64949
radio 4 64998
radio 4 65512
radio 5 6
radio 5 519
radio 5 567
radio 5 1080
radio 5 1097
radio 5 1610
radio 5 1627
radio 5 2140
radio 5 2157
radio 5 2670
radio 5 2687
radio 5 3200
delay 0 27 5 3343 5 2886 21 21 65535 0 129 0 0
radio 5 3352
radio 5 3865
radio 5 4336
radio 5 4849
radio 5 4886
energy 5 5212 4 12695
radio 5 5400
radio 5 5452
radio 5 5966
radio 5 6014
radio 5 6528
radio 5 6557
radio 5 7071
radio 5 7103
radio 5 7617
radio 5 7691
radio 5 8205
radio 5 8222
radio 5 8735
radio 5 8849
radio 5 9363
radio 5 9516
radio 5 10030
radio 5 10102
radio 5 10616
radio 5 10729
radio 5 11243
radio 5 11314
radio 5 11828
radio 5 11845
radio 5 12359
radio 5 12411
radio 5 12925
radio 5 12956
radio 5 13470
radio 5 13487
radio 5 14001
radio 5 14030
radio 5 14544
radio 5 14577
radio 5 15091
radio 5 15122
radio 5 15636
radio 5 15669
radio 5 16183
radio 5 16211
radio 5 16725
radio 5 16754
radio 5 17268
radio 5 17338
radio 5 17852
radio 5 17869
radio 5 18383
radio 5 18413
radio 5 18927
radio 5 18944
radio 5 19458
radio 5 19475
radio 5 19989
radio 5 20006
radio 5 20520
radio 5 20549
radio 5 21063
radio 5 21112
radio 5 21626
radio 5 21643
radio 5 22157
radio 5 22189
radio 5 22703
radio 5 22737
radio 5 23251
radio 5 23284
radio 5 23798
delay 1 48 5 24060 5 23195 20 21 1 0 594 0 0
radio 5 24068
radio 5 24582
radio 5 24707
radio 5 25220
radio 5 25255
radio 5 25769
radio 5 25799
radio 5 26313
radio 5 26330
radio 5 26844
radio 5 26861
radio 5 27375
radio 5 27392
radio 5 27906
radio 5 27923
radio 5 28437
radio 5 28471
radio 5 28985
radio 5 29055
radio 5 29569
radio 5 29586
radio 5 30100
radio 5 30117
radio 5 30631
radio 5 30660
radio 5 31174
radio 5 31191
radio 5 31705
radio 5 31756
radio 5 32270
radio 5 32287
radio 5 32801
radio 5 32849
radio 5 33363
radio 5 33380
radio 5 33894
radio 5 33922
radio 5 34436
radio 5 34530
radio 5 35044
radio 5 35061
radio 5 35575
radio 5 35683
radio 5 36197
radio 5 36231
radio 5 36745
radio 5 36762
radio 5 37276
radio 5 37293
radio 5 37807
radio 5 37838
radio 5 38352
radio 5 38369
radio 5 38883
radio 5 38900
radio 5 39414
radio 5 39462
radio 5 39976
radio 5 40010
radio 5 40524
radio 5 40541
radio 5 41055
radio 5 41084
radio 5 41598
radio 5 41632
radio 5 42146
radio 5 42177
radio 5 42691
radio 5 42724
radio 5 43238
radio 5 43255
radio 5 43769
radio 5 43786
radio 5 44300
delay 2 6 5 44363 5 44305 14 21 7 0 465 0 0
radio 5 44371
radio 5 44885
radio 5 45088
radio 5 45601
radio 5 45628
radio 5 46141
radio 5 46158
radio 5 46672
radio 5 46721
radio 5 47235
radio 5 47252
radio 5 47766
radio 5 47783
radio 5 48297
radio 5 48329
radio 5 48843
radio 5 48860
radio 5 49374
radio 5 49406
radio 5 49920
radio 5 49950
radio 5 50464
radio 5 50494
radio 5 51008
radio 5 51025
radio 5 51539
radio 5 51568
radio 5 52082
radio 5 52099
radio 5 52613
radio 5 52642
radio 5 53156
radio 5 53209
radio 5 53723
radio 5 53740
radio 5 54254
radio 5 54350
radio 5 54864
radio 5 54896
radio 5 55410
radio 5 55444
radio 5 55958
radio 5 55994
radio 5 56508
radio 5 56537
radio 5 57051
radio 5 57099
radio 5 57613
radio 5 57702
radio 5 58216
radio 5 58233
radio 5 58747
radio 5 58764
radio 5 59278
radio 5 59313
radio 5 59827
radio 5 59857
radio 5 60371
radio 5 60401
radio 5 60915
radio 5 60951
radio 5 61465
radio 5 61496
radio 5 62010
radio 5 62027
radio 5 62541
radio 5 62635
radio 5 63149
radio 5 63181
radio 5 63695
radio 5 63712
radio 5 64226
radio 5 64243
radio 5 64757
delay 3 46 5 64800 5 63937 14 21 7 0 345 0 0
radio 5 64808
radio 5 65323
radio 5 65340
radio 6 318
radio 6 338
radio 6 852
radio 6 871
energy 6 1116 4 16495
radio 6 1384
radio 6 1519
radio 6 2033
radio 6 2128
radio 6 2642
radio 6 2671
radio 6 3185
radio 6 3202
radio 6 3715
radio 6 3763
radio 6 4277
radio 6 4308
radio 6 4822
radio 6 4870
