Thread[Thread-1,5,main]tree 125 20 14 12 0 0
radio 3 55374
radio 3 55377
radio 3 55394
radio 3 55908
radio 3 55925
radio 3 56438
radio 3 56455
radio 3 56969
radio 3 56986
radio 3 57500
radio 3 57517
radio 3 58031
radio 3 58048
radio 3 58562
radio 3 58610
radio 3 59124
radio 3 59160
radio 3 59674
radio 3 59691
radio 3 60205
radio 3 60222
radio 3 60735
radio 3 60752
radio 3 61266
radio 3 61414
radio 3 61928
radio 3 61977
radio 3 62491
radio 3 62508
radio 3 63021
radio 3 63070
radio 3 63584
radio 3 63601
radio 3 64114
radio 3 64131
radio 3 64645
radio 3 64694
radio 3 65208
radio 3 65260
radio 4 238
radio 4 255
radio 4 768
radio 4 803
radio 4 1316
radio 4 1367
radio 4 1881
radio 4 1913
radio 4 2427
radio 4 2444
radio 4 2957
radio 4 2974
radio 4 3487
radio 4 3504
radio 4 4017
radio 4 4034
radio 4 4547
radio 4 4582
radio 4 5096
radio 4 5144
radio 4 5658
radio 4 5675
radio 4 6188
radio 4 6240
radio 4 6754
radio 4 6771
radio 4 7284
radio 4 7492
radio 4 8006
radio 4 8038
radio 4 8552
radio 4 8700
radio 4 9214
radio 4 9270
radio 4 9784
radio 4 9812
radio 4 10326
radio 4 10343
radio 4 10856
radio 4 10905
radio 4 11419
radio 4 11436
radio 4 11950
radio 4 11967
radio 4 12481
radio 4 12535
radio 4 13049
radio 4 13157
radio 4 13671
radio 4 13760
radio 4 14274
radio 4 14422
radio 4 14936
radio 4 14953
radio 4 15466
radio 4 15520
radio 4 16034
radio 4 16082
radio 4 16596
radio 4 16613
radio 4 17126
radio 4 17143
radio 4 17656
radio 4 17689
radio 4 18203
radio 4 18296
radio 4 18810
radio 4 18827
radio 4 19341
radio 4 19375
radio 4 19889
radio 4 19906
radio 4 20419
radio 4 20436
radio 4 20949
radio 4 20966
radio 4 21480
radio 4 21515
radio 4 22029
radio 4 22057
radio 4 22571
radio 4 22601
radio 4 23115
radio 4 23132
radio 4 23645
radio 4 23662
radio 4 24175
radio 4 24192
radio 4 24706
radio 4 24755
radio 4 25269
radio 4 25320
radio 4 25834
radio 4 25851
radio 4 26365
radio 4 26382
radio 4 26896
radio 4 26927
radio 4 27441
radio 4 27469
radio 4 27983
radio 4 28053
radio 4 28567
radio 4 28600
radio 4 29114
radio 4 29148
radio 4 29662
radio 4 29679
radio 4 30193
radio 4 30222
radio 4 30736
radio 4 30765
radio 4 31279
radio 4 31296
radio 4 31810
radio 4 31827
radio 4 32341
radio 4 32373
radio 4 32887
radio 4 32935
radio 4 33449
radio 4 33505
radio 4 34019
radio 4 34036
radio 4 34550
radio 4 34578
radio 4 35092
radio 4 35121
radio 4 35635
radio 4 35652
radio 4 36165
radio 4 36233
radio 4 36747
radio 4 36779
radio 4 37293
radio 4 37322
radio 4 37836
radio 4 37853
radio 4 38367
radio 4 38384
radio 4 38897
radio 4 38914
radio 4 39428
radio 4 39482
radio 4 39996
radio 4 40013
radio 4 40526
radio 4 40543
radio 4 41057
radio 4 41113
radio 4 41627
radio 4 41644
radio 4 42158
radio 4 42190
radio 4 42704
radio 4 42736
radio 4 43250
radio 4 43278
radio 4 43792
radio 4 43881
radio 4 44395
radio 4 44412
radio 4 44926
radio 4 44960
radio 4 45474
radio 4 45491
radio 4 46005
radio 4 46022
radio 4 46536
radio 4 46553
radio 4 47067
radio 4 47121
radio 4 47635
radio 4 47666
radio 4 48180
radio 4 48215
radio 4 48729
radio 4 48746
radio 4 49260
radio 4 49291
radio 4 49805
radio 4 49822
radio 4 50336
radio 4 50369
radio 4 50883
radio 4 50900
energy 4 51289 3 58693
radio 4 51414
radio 4 51442
radio 4 51956
radio 4 51990
radio 4 52504
radio 4 52521
radio 4 53035
radio 4 53111
radio 4 53625
radio 4 53653
radio 4 54167
radio 4 54222
radio 4 54736
radio 4 54753
radio 4 55267
radio 4 55335
radio 4 55849
radio 4 55940
radio 4 56454
radio 4 56488
radio 4 57002
radio 4 57053
radio 4 57567
radio 4 57584
radio 4 58098
radio 4 58129
radio 4 58643
radio 4 58660
radio 4 59174
radio 4 59191
radio 4 59704
radio 4 59721
radio 4 60235
radio 4 60271
radio 4 60785
radio 4 60802
radio 4 61315
radio 4 61332
radio 4 61846
radio 4 61917
radio 4 62431
radio 4 62448
radio 4 62961
radio 4 62994
radio 4 63508
radio 4 63525
radio 4 64039
radio 4 64056
radio 4 64570
radio 4 64587
radio 4 65101
radio 4 65176
radio 5 154
radio 5 182
radio 5 695
radio 5 725
radio 5 1238
radio 5 1255
radio 5 1768
radio 5 1785
radio 5 2298
delay 0 43 5 2388 5 2230 14 16 2 0 56 1 0
radio 5 3463
radio 5 3977
radio 5 3994
radio 5 4507
radio 5 4619
radio 5 5133
radio 5 5150
radio 5 5663
radio 5 5731
radio 5 6245
radio 5 6299
radio 5 6813
radio 5 6830
radio 5 7343
radio 5 7378
radio 5 7892
radio 5 7943
radio 5 8457
radio 5 8545
radio 5 9059
radio 5 9128
radio 5 9642
radio 5 9696
radio 5 10210
radio 5 10300
radio 5 10814
radio 5 10831
radio 5 11345
radio 5 11362
radio 5 11875
radio 5 11892
radio 5 12406
radio 5 12438
radio 5 12952
radio 5 12969
radio 5 13482
radio 5 13518
radio 5 14032
radio 5 14049
radio 5 14562
radio 5 14579
radio 5 15092
radio 5 15121
radio 5 15635
radio 5 15663
radio 5 16177
radio 5 16194
radio 5 16708
radio 5 16725
radio 5 17239
radio 5 17256
radio 5 17770
radio 5 17802
radio 5 18316
radio 5 18344
radio 5 18858
radio 5 18934
radio 5 19448
radio 5 19481
radio 5 19995
radio 5 20028
radio 5 20542
radio 5 20559
radio 5 21072
radio 5 21101
radio 5 21615
radio 5 21632
radio 5 22145
radio 5 22180
radio 5 22694
radio 5 22711
radio 5 23224
delay 1 42 5 23241 5 23067 14 16 2 0 308 0 0
radio 5 23249
radio 5 23763
radio 5 23780
radio 5 24293
radio 5 24320
radio 5 24833
radio 5 24850
radio 5 25363
radio 5 25380
radio 5 25894
radio 5 25929
radio 5 26443
radio 5 26460
radio 5 26974
radio 5 27010
radio 5 27524
radio 5 27541
radio 5 28055
radio 5 28084
radio 5 28598
radio 5 28615
radio 5 29129
radio 5 29202
radio 5 29716
radio 5 29747
radio 5 30261
radio 5 30296
radio 5 30810
radio 5 30827
radio 5 31340
radio 5 31374
radio 5 31888
radio 5 31936
radio 5 32450
radio 5 32480
radio 5 32994
radio 5 33022
radio 5 33536
radio 5 33553
radio 5 34066
radio 5 34120
radio 5 34634
radio 5 34664
radio 5 35178
radio 5 35195
radio 5 35709
radio 5 35726
radio 5 36240
radio 5 36292
radio 5 36806
radio 5 36823
radio 5 37336
radio 5 37388
radio 5 37902
radio 5 37935
radio 5 38449
radio 5 38537
radio 5 39051
radio 5 39085
radio 5 39599
radio 5 39629
radio 5 40143
radio 5 40160
radio 5 40673
radio 5 40690
radio 5 41204
radio 5 41221
radio 5 41734
radio 5 41751
radio 5 42264
radio 5 42316
radio 5 42830
radio 5 42847
radio 5 43361
delay 2 11 5 43590 5 44453 7 16 9 0 292 0 0
radio 5 43598
radio 5 44112
radio 5 44156
radio 5 44670
radio 5 44742
radio 5 45255
radio 5 45296
radio 5 45809
radio 5 45826
radio 5 46340
radio 5 46357
radio 5 46870
radio 5 46887
energy 5 47193 3 63003
radio 5 47400
radio 5 47435
radio 5 47949
radio 5 47982
radio 5 48496
radio 5 48513
radio 5 49027
radio 5 49044
radio 5 49558
radio 5 49609
radio 5 50123
radio 5 50140
radio 5 50654
radio 5 50686
radio 5 51200
radio 5 51217
radio 5 51731
radio 5 51748
radio 5 52261
radio 5 52333
radio 5 52847
radio 5 52878
radio 5 53392
radio 5 53409
radio 5 53922
radio 5 53956
radio 5 54470
radio 5 54525
radio 5 55039
radio 5 55056
radio 5 55570
radio 5 55601
radio 5 56115
radio 5 56132
radio 5 56646
radio 5 56663
radio 5 57177
radio 5 57209
radio 5 57723
radio 5 57740
radio 5 58254
radio 5 58305
radio 5 58819
radio 5 58869
radio 5 59383
radio 5 59411
radio 5 59925
radio 5 59942
radio 5 60455
radio 5 60483
radio 5 60997
radio 5 61014
radio 5 61528
radio 5 61545
radio 5 62058
radio 5 62210
radio 5 62724
radio 5 62741
radio 5 63254
radio 5 63289
radio 5 63803
delay 3 13 5 63844 5 64270 14 16 2 0 1 1 0
radio 5 64976
radio 5 65489
radio 6 2
radio 6 515
radio 6 600
radio 6 1113
radio 6 1241
radio 6 1755
radio 6 1772
radio 6 2285
radio 6 2318
radio 6 2832
radio 6 2861
radio 6 3375
radio 6 3409
radio 6 3923
radio 6 4037
radio 6 4551
radio 6 4623
