Thread[Thread-1,5,main]tree 23 17 2 14 0 0
radio 3 54350
radio 3 54354
radio 3 54387
radio 3 54901
radio 3 54918
radio 3 55432
radio 3 55460
radio 3 55974
radio 3 55991
radio 3 56504
radio 3 56540
radio 3 57054
radio 3 57103
radio 3 57617
radio 3 57652
radio 3 58166
radio 3 58256
radio 3 58770
radio 3 58787
radio 3 59300
radio 3 59317
radio 3 59830
radio 3 59860
radio 3 60374
radio 3 60391
radio 3 60904
radio 3 60921
radio 3 61434
radio 3 61451
radio 3 61964
radio 3 61981
radio 3 62494
radio 3 62511
radio 3 63024
radio 3 63054
radio 3 63568
radio 3 63585
radio 3 64098
radio 3 64115
radio 3 64628
radio 3 64645
radio 3 65158
radio 3 65189
radio 4 167
radio 4 184
radio 4 697
radio 4 725
radio 4 1238
radio 4 1255
radio 4 1768
radio 4 1785
radio 4 2298
radio 4 2330
radio 4 2844
radio 4 2954
radio 4 3468
radio 4 3485
radio 4 3998
radio 4 4050
radio 4 4564
radio 4 4581
radio 4 5094
radio 4 5202
radio 4 5716
radio 4 5748
radio 4 6262
radio 4 6313
radio 4 6827
radio 4 6844
radio 4 7357
radio 4 7468
radio 4 7982
radio 4 8030
radio 4 8544
radio 4 8575
radio 4 9089
radio 4 9106
radio 4 9619
radio 4 9648
radio 4 10162
radio 4 10194
radio 4 10708
radio 4 10761
radio 4 11275
radio 4 11311
radio 4 11825
radio 4 11854
radio 4 12368
radio 4 12385
radio 4 12899
radio 4 12948
radio 4 13462
radio 4 13494
radio 4 14008
radio 4 14025
radio 4 14538
radio 4 14590
radio 4 15104
radio 4 15133
radio 4 15647
radio 4 15678
radio 4 16192
radio 4 16222
radio 4 16736
radio 4 16753
radio 4 17267
radio 4 17321
radio 4 17835
radio 4 17864
radio 4 18378
radio 4 18395
radio 4 18908
radio 4 18925
radio 4 19438
radio 4 19455
radio 4 19968
radio 4 20000
radio 4 20514
radio 4 20569
radio 4 21083
radio 4 21138
radio 4 21652
radio 4 21687
radio 4 22201
radio 4 22218
radio 4 22732
radio 4 22749
radio 4 23262
radio 4 23279
radio 4 23792
radio 4 23809
radio 4 24322
radio 4 24353
radio 4 24867
radio 4 24917
radio 4 25431
radio 4 25448
radio 4 25961
radio 4 25989
radio 4 26503
radio 4 26535
radio 4 27049
radio 4 27084
radio 4 27598
radio 4 27626
radio 4 28140
radio 4 28157
radio 4 28670
radio 4 28706
radio 4 29220
radio 4 29273
radio 4 29787
radio 4 29804
radio 4 30317
radio 4 30372
radio 4 30886
radio 4 30903
radio 4 31416
radio 4 31470
radio 4 31984
radio 4 32019
radio 4 32533
radio 4 32550
radio 4 33064
radio 4 33096
radio 4 33610
radio 4 33627
radio 4 34141
radio 4 34158
radio 4 34671
radio 4 34688
radio 4 35201
radio 4 35218
radio 4 35731
radio 4 35748
radio 4 36261
radio 4 36278
radio 4 36792
radio 4 36809
radio 4 37322
radio 4 37339
radio 4 37852
radio 4 37888
radio 4 38402
radio 4 38419
radio 4 38932
radio 4 38949
radio 4 39462
radio 4 39498
radio 4 40012
radio 4 40029
radio 4 40542
radio 4 40593
radio 4 41107
radio 4 41137
radio 4 41651
radio 4 41700
radio 4 42214
radio 4 42270
radio 4 42784
radio 4 42801
radio 4 43314
radio 4 43331
radio 4 43844
radio 4 43895
radio 4 44409
radio 4 44444
radio 4 44958
radio 4 44989
radio 4 45503
radio 4 45537
radio 4 46051
radio 4 46081
radio 4 46595
radio 4 46624
radio 4 47138
radio 4 47173
radio 4 47687
radio 4 47717
radio 4 48231
radio 4 48263
radio 4 48777
radio 4 48827
radio 4 49341
radio 4 49371
radio 4 49885
radio 4 49913
energy 4 50266 3 57191
radio 4 50427
radio 4 50456
radio 4 50970
radio 4 50987
radio 4 51501
radio 4 51534
radio 4 52048
radio 4 52065
radio 4 52579
radio 4 52612
radio 4 53126
radio 4 53143
radio 4 53656
radio 4 53673
radio 4 54186
radio 4 54203
radio 4 54716
radio 4 54733
radio 4 55246
radio 4 55277
radio 4 55791
radio 4 55808
radio 4 56321
radio 4 56372
radio 4 56886
radio 4 56916
radio 4 57430
radio 4 57479
radio 4 57993
radio 4 58010
radio 4 58523
radio 4 58577
radio 4 59091
radio 4 59120
radio 4 59634
radio 4 59666
radio 4 60180
radio 4 60197
radio 4 60710
radio 4 60740
radio 4 61254
radio 4 61305
radio 4 61819
radio 4 61847
radio 4 62361
radio 4 62410
radio 4 62924
radio 4 62978
radio 4 63492
radio 4 63521
radio 4 64035
radio 4 64052
radio 4 64565
radio 4 64582
radio 4 65095
radio 4 65112
radio 5 89
radio 5 106
radio 5 619
radio 5 654
radio 5 1167
radio 5 1222
radio 5 1736
radio 5 1768
radio 5 2282
radio 5 2313
radio 5 2827
delay 0 34 5 3100 5 2788 14 16 2 0 334 0 0
radio 5 3107
radio 5 3622
radio 5 3954
radio 5 4467
radio 5 4484
radio 5 4997
radio 5 5045
radio 5 5559
radio 5 5630
radio 5 6144
radio 5 6214
radio 5 6728
radio 5 6779
radio 5 7293
radio 5 7310
radio 5 7823
radio 5 7840
radio 5 8353
radio 5 8370
radio 5 8883
radio 5 8900
radio 5 9413
radio 5 9430
radio 5 9943
radio 5 9960
radio 5 10473
radio 5 10490
radio 5 11003
radio 5 11037
radio 5 11551
radio 5 11583
radio 5 12097
radio 5 12126
radio 5 12640
radio 5 12672
radio 5 13186
radio 5 13203
radio 5 13716
radio 5 13745
radio 5 14259
radio 5 14276
radio 5 14790
radio 5 14807
radio 5 15320
radio 5 15337
radio 5 15850
radio 5 15882
radio 5 16396
radio 5 16429
radio 5 16943
radio 5 16960
radio 5 17473
radio 5 17529
radio 5 18043
radio 5 18060
radio 5 18573
radio 5 18622
radio 5 19136
radio 5 19166
radio 5 19680
radio 5 19731
radio 5 20245
radio 5 20274
radio 5 20788
radio 5 20805
radio 5 21318
radio 5 21335
radio 5 21848
radio 5 21865
radio 5 22378
radio 5 22395
radio 5 22908
radio 5 22925
radio 5 23438
delay 1 39 5 24270 5 23870 20 16 65535 0 486 0 0
radio 5 24278
radio 5 24792
radio 5 24872
radio 5 25386
radio 5 25403
radio 5 25916
radio 5 25948
radio 5 26462
radio 5 26479
radio 5 26992
radio 5 27009
radio 5 27522
radio 5 27539
radio 5 28052
radio 5 28069
radio 5 28583
radio 5 28612
radio 5 29126
radio 5 29143
radio 5 29657
radio 5 29686
radio 5 30200
radio 5 30217
radio 5 30730
radio 5 30760
radio 5 31274
radio 5 31291
radio 5 31804
radio 5 31832
radio 5 32346
radio 5 32377
radio 5 32891
radio 5 32939
radio 5 33453
radio 5 33470
radio 5 33983
radio 5 34033
radio 5 34547
radio 5 34564
radio 5 35077
radio 5 35112
radio 5 35626
radio 5 35643
radio 5 36156
radio 5 36173
radio 5 36686
radio 5 36703
radio 5 37217
radio 5 37247
radio 5 37761
radio 5 37816
radio 5 38330
radio 5 38347
radio 5 38860
radio 5 38893
radio 5 39407
radio 5 39424
radio 5 39937
radio 5 39966
radio 5 40480
radio 5 40497
radio 5 41010
radio 5 41027
radio 5 41540
radio 5 41572
radio 5 42086
radio 5 42118
radio 5 42632
radio 5 42649
radio 5 43162
radio 5 43191
radio 5 43705
delay 2 14 5 43747 5 43777 9 16 7 0 91 0 0
radio 5 43754
radio 5 44269
radio 5 44426
radio 5 44939
radio 5 44984
radio 5 45497
radio 5 45514
radio 5 46027
radio 5 46062
energy 5 46170 3 61147
radio 5 46576
radio 5 46606
radio 5 47120
radio 5 47137
radio 5 47650
radio 5 47683
radio 5 48197
radio 5 48248
radio 5 48762
radio 5 48779
radio 5 49292
radio 5 49309
radio 5 49822
radio 5 49876
radio 5 50390
radio 5 50426
radio 5 50940
radio 5 50957
radio 5 51470
radio 5 51503
radio 5 52017
radio 5 52073
radio 5 52587
radio 5 52617
radio 5 53131
radio 5 53223
radio 5 53737
radio 5 53768
radio 5 54282
radio 5 54299
radio 5 54812
radio 5 54829
radio 5 55342
radio 5 55370
radio 5 55884
radio 5 55901
radio 5 56415
radio 5 56432
radio 5 56945
radio 5 56962
radio 5 57476
radio 5 57511
radio 5 58025
radio 5 58053
radio 5 58567
radio 5 58584
radio 5 59097
radio 5 59114
radio 5 59627
radio 5 59656
radio 5 60170
radio 5 60187
radio 5 60701
radio 5 60718
radio 5 61231
radio 5 61305
radio 5 61819
radio 5 61836
radio 5 62349
radio 5 62366
radio 5 62879
radio 5 62930
radio 5 63444
radio 5 63474
radio 5 63988
radio 5 64005
radio 5 64518
delay 3 14 5 65148 5 65178 9 16 7 0 462 0 0
radio 5 65155
radio 6 134
radio 6 174
radio 6 687
radio 6 714
radio 6 1227
radio 6 1244
radio 6 1757
radio 6 1788
radio 6 2302
radio 6 2319
radio 6 2832
radio 6 2903
radio 6 3417
radio 6 3434
radio 6 3947
radio 6 3979
radio 6 4493
radio 6 4510
