Thread[Thread-1,5,main]tree 14 17 2 14 2 1
radio 3 33870
radio 3 33874
radio 3 33891
radio 3 34405
radio 3 34477
radio 3 34991
radio 3 35008
radio 3 35522
radio 3 35550
radio 3 36064
radio 3 36081
radio 3 36595
radio 3 36624
radio 3 37138
radio 3 37155
radio 3 37669
radio 3 37725
radio 3 38239
radio 3 38256
radio 3 38770
radio 3 38805
radio 3 39319
radio 3 39336
radio 3 39850
delay 47 18 3 39897 10 54743 21 16 65535 0 65535 0 1
radio 3 40961
radio 3 41475
radio 3 41517
radio 3 42030
radio 3 42080
radio 3 42593
radio 3 42610
radio 3 43124
radio 3 43172
radio 3 43686
radio 3 43703
radio 3 44217
radio 3 44234
radio 3 44748
radio 3 44765
radio 3 45279
radio 3 45296
radio 3 45810
radio 3 45840
radio 3 46354
radio 3 46371
radio 3 46885
radio 3 46953
radio 3 47467
delay 23 2 3 47479 3 54214 9 16 7 0 6239 0 1
radio 3 48542
radio 3 49055
radio 3 49091
radio 3 49605
radio 3 49622
radio 3 50136
radio 3 50167
radio 3 50681
radio 3 50730
radio 3 51244
radio 3 51273
radio 3 51787
radio 3 51804
radio 3 52318
radio 3 52349
radio 3 52863
radio 3 52913
radio 3 53427
radio 3 53444
radio 3 53958
radio 3 53975
radio 3 54489
radio 3 54506
radio 3 55020
radio 3 55037
radio 3 55551
radio 3 55581
radio 3 56095
radio 3 56112
radio 3 56626
radio 3 56643
radio 3 57157
radio 3 57230
radio 3 57744
radio 3 57779
radio 3 58293
radio 3 58325
radio 3 58839
radio 3 58909
radio 3 59423
radio 3 59440
radio 3 59954
radio 3 59986
radio 3 60500
radio 3 60536
radio 3 61050
radio 3 61067
radio 3 61581
radio 3 61616
radio 3 62130
radio 3 62161
radio 3 62675
radio 3 62728
radio 3 63242
radio 3 63311
radio 3 63825
radio 3 63860
radio 3 64374
radio 3 64391
radio 3 64905
radio 3 64939
radio 3 65453
radio 3 65501
radio 4 479
radio 4 496
radio 4 1009
radio 4 1043
radio 4 1557
radio 4 1649
radio 4 2163
radio 4 2180
radio 4 2693
radio 4 2710
radio 4 3223
radio 4 3240
radio 4 3753
radio 4 3770
radio 4 4283
radio 4 4377
radio 4 4891
radio 4 4920
radio 4 5434
radio 4 5451
radio 4 5964
radio 4 5994
radio 4 6508
radio 4 6581
radio 4 7095
radio 4 7151
radio 4 7665
radio 4 7754
radio 4 8268
radio 4 8285
radio 4 8798
radio 4 8967
radio 4 9481
radio 4 9509
radio 4 10023
radio 4 10040
radio 4 10554
radio 4 10588
radio 4 11102
radio 4 11193
radio 4 11707
radio 4 11724
radio 4 12238
radio 4 12272
radio 4 12786
radio 4 12982
radio 4 13496
radio 4 13604
radio 4 14118
radio 4 14207
radio 4 14721
radio 4 14752
radio 4 15266
radio 4 15296
radio 4 15810
radio 4 15843
radio 4 16357
radio 4 16387
radio 4 16901
radio 4 16930
radio 4 17444
radio 4 17472
radio 4 17986
radio 4 18018
radio 4 18532
radio 4 18564
radio 4 19078
radio 4 19108
radio 4 19622
radio 4 19655
radio 4 20169
radio 4 20198
radio 4 20712
radio 4 20729
radio 4 21243
radio 4 21260
radio 4 21774
radio 4 21810
radio 4 22324
radio 4 22358
radio 4 22872
radio 4 22889
radio 4 23403
radio 4 23437
radio 4 23951
radio 4 24001
radio 4 24515
radio 4 24566
radio 4 25080
radio 4 25115
radio 4 25629
radio 4 25663
radio 4 26177
radio 4 26205
radio 4 26719
radio 4 26748
radio 4 27262
radio 4 27279
radio 4 27793
radio 4 27867
radio 4 28381
radio 4 28398
radio 4 28912
radio 4 28929
radio 4 29443
radio 4 29460
energy 4 29786 3 39348
radio 4 29974
radio 4 29991
radio 4 30505
radio 4 30522
radio 4 31036
radio 4 31053
radio 4 31567
radio 4 31639
radio 4 32153
radio 4 32170
radio 4 32684
radio 4 32717
radio 4 33231
radio 4 33265
radio 4 33779
radio 4 33813
radio 4 34327
radio 4 34355
radio 4 34869
radio 4 34886
radio 4 35400
radio 4 35432
radio 4 35946
radio 4 35980
radio 4 36494
radio 4 36524
radio 4 37038
radio 4 37091
radio 4 37605
radio 4 37622
radio 4 38136
radio 4 38153
radio 4 38667
radio 4 38684
radio 4 39198
radio 4 39215
radio 4 39729
radio 4 39757
radio 4 40271
radio 4 40300
radio 4 40814
radio 4 40831
radio 4 41345
radio 4 41380
radio 4 41894
radio 4 41911
radio 4 42425
radio 4 42442
radio 4 42956
radio 4 42973
radio 4 43487
radio 4 43541
radio 4 44055
radio 4 44088
radio 4 44602
radio 4 44650
radio 4 45164
radio 4 45197
radio 4 45711
radio 4 45746
radio 4 46260
radio 4 46309
radio 4 46823
radio 4 46840
radio 4 47354
radio 4 47383
radio 4 47897
radio 4 47914
radio 4 48428
radio 4 48460
radio 4 48974
radio 4 49006
radio 4 49520
radio 4 49537
radio 4 50051
radio 4 50083
radio 4 50597
radio 4 50629
radio 4 51143
radio 4 51173
radio 4 51687
radio 4 51716
radio 4 52230
radio 4 52247
radio 4 52761
radio 4 52794
radio 4 53308
radio 4 53337
radio 4 53851
radio 4 53922
radio 4 54436
radio 4 54470
radio 4 54984
radio 4 55012
radio 4 55526
radio 4 55559
radio 4 56073
radio 4 56090
radio 4 56604
radio 4 56634
radio 4 57148
radio 4 57165
radio 4 57679
radio 4 57696
radio 4 58210
radio 4 58227
radio 4 58741
radio 4 58772
radio 4 59286
radio 4 59303
radio 4 59817
radio 4 59868
radio 4 60382
radio 4 60415
radio 4 60929
radio 4 60946
radio 4 61460
radio 4 61535
radio 4 62049
radio 4 62066
radio 4 62580
radio 4 62615
radio 4 63129
radio 4 63205
radio 4 63719
radio 4 63755
radio 4 64269
radio 4 64286
radio 4 64800
radio 4 64817
radio 4 65331
radio 4 65405
radio 5 383
radio 5 400
radio 5 913
radio 5 941
radio 5 1454
radio 5 1504
radio 5 2018
radio 5 2073
radio 5 2587
delay 0 34 5 2628 5 2823 14 16 2 0 369 0 1
radio 5 3704
radio 5 4218
radio 5 4387
radio 5 4901
radio 5 4918
radio 5 5431
radio 5 5539
radio 5 6053
radio 5 6070
radio 5 6583
radio 5 6619
radio 5 7133
radio 5 7168
radio 5 7682
radio 5 7699
radio 5 8212
radio 5 8285
radio 5 8799
radio 5 8887
radio 5 9401
radio 5 9418
radio 5 9931
radio 5 9948
radio 5 10461
radio 5 10489
radio 5 11003
radio 5 11020
radio 5 11534
radio 5 11551
radio 5 12065
radio 5 12141
radio 5 12655
radio 5 12672
radio 5 13186
radio 5 13203
radio 5 13717
radio 5 13752
radio 5 14266
radio 5 14342
radio 5 14856
radio 5 14886
radio 5 15400
radio 5 15428
radio 5 15942
radio 5 15977
radio 5 16491
radio 5 16541
radio 5 17055
radio 5 17088
radio 5 17602
radio 5 17619
radio 5 18133
radio 5 18164
radio 5 18678
radio 5 18753
radio 5 19267
radio 5 19284
radio 5 19798
radio 5 19829
radio 5 20343
radio 5 20360
radio 5 20874
radio 5 20924
radio 5 21438
radio 5 21469
radio 5 21983
radio 5 22014
radio 5 22528
delay 1 23 5 22591 5 23092 14 16 2 0 65535 0 1
radio 5 23664
radio 5 24178
radio 5 24307
radio 5 24821
radio 5 24851
radio 5 25365
radio 5 25382
energy 5 25690 3 44643
radio 5 25896
radio 5 25924
radio 5 26438
radio 5 26507
radio 5 27021
radio 5 27055
radio 5 27569
radio 5 27677
radio 5 28191
radio 5 28225
radio 5 28739
radio 5 28809
radio 5 29323
radio 5 29358
radio 5 29872
radio 5 29889
radio 5 30403
radio 5 30420
radio 5 30934
radio 5 30951
radio 5 31465
radio 5 31482
radio 5 31996
radio 5 32052
radio 5 32566
radio 5 32598
radio 5 33112
radio 5 33145
radio 5 33659
radio 5 33689
radio 5 34203
radio 5 34253
radio 5 34767
radio 5 34784
radio 5 35298
radio 5 35315
radio 5 35829
radio 5 35862
radio 5 36376
radio 5 36404
radio 5 36918
radio 5 36990
radio 5 37504
radio 5 37536
radio 5 38050
radio 5 38079
radio 5 38593
radio 5 38610
radio 5 39124
radio 5 39194
radio 5 39708
radio 5 39742
radio 5 40256
radio 5 40291
radio 5 40805
radio 5 40841
radio 5 41355
radio 5 41383
radio 5 41897
radio 5 41928
radio 5 42442
radio 5 42477
radio 5 42991
radio 5 43023
radio 5 43537
delay 2 24 5 43555 5 43995 14 16 2 0 301 0 1
radio 5 44624
radio 5 45137
radio 5 45166
radio 5 45680
radio 5 45697
radio 5 46211
radio 5 46228
radio 5 46742
radio 5 46774
radio 5 47288
radio 5 47320
radio 5 47834
radio 5 47885
radio 5 48399
radio 5 48416
radio 5 48930
radio 5 48958
radio 5 49472
radio 5 49489
radio 5 50003
radio 5 50032
radio 5 50546
radio 5 50563
radio 5 51076
radio 5 51106
radio 5 51620
radio 5 51637
radio 5 52151
radio 5 52202
radio 5 52716
radio 5 52733
radio 5 53247
radio 5 53264
radio 5 53778
radio 5 53795
radio 5 54309
radio 5 54345
radio 5 54859
radio 5 54876
radio 5 55390
radio 5 55420
radio 5 55934
radio 5 55951
radio 5 56465
radio 5 56482
radio 5 56996
radio 5 57013
radio 5 57527
radio 5 57544
radio 5 58058
radio 5 58075
radio 5 58589
radio 5 58639
radio 5 59153
radio 5 59228
radio 5 59742
radio 5 59770
radio 5 60284
radio 5 60316
radio 5 60830
radio 5 60847
radio 5 61361
radio 5 61430
radio 5 61944
radio 5 61993
radio 5 62507
radio 5 62524
radio 5 63038
radio 5 63091
radio 5 63605
delay 3 23 5 63634 5 64140 14 16 2 0 78 0 1
radio 5 63644
radio 5 64157
radio 5 64368
radio 5 64881
radio 6 462
radio 6 975
radio 6 1026
radio 6 1540
radio 6 1571
radio 6 2085
radio 6 2133
radio 6 2647
radio 6 2680
radio 6 3194
radio 6 3228
radio 6 3742
radio 6 3796
radio 6 4310
radio 6 4400
