Thread[Thread-1,5,main]tree 23 21 47 14 0 0
radio 4 2122
radio 4 2126
radio 4 2162
radio 4 2676
radio 4 2707
radio 4 3221
radio 4 3238
radio 4 3751
radio 4 3768
radio 4 4281
radio 4 4298
radio 4 4811
radio 4 4828
radio 4 5341
radio 4 5358
radio 4 5871
radio 4 5888
radio 4 6401
radio 4 6469
radio 4 6983
radio 4 7000
radio 4 7513
radio 4 7530
radio 4 8043
radio 4 8253
radio 4 8767
radio 4 8801
radio 4 9315
radio 4 9345
radio 4 9859
radio 4 9876
radio 4 10389
radio 4 10406
radio 4 10920
radio 4 10990
radio 4 11504
radio 4 11534
radio 4 12048
radio 4 12065
radio 4 12579
radio 4 12628
radio 4 13142
radio 4 13159
radio 4 13673
radio 4 13709
radio 4 14223
radio 4 14240
radio 4 14754
radio 4 14771
radio 4 15285
radio 4 15302
radio 4 15815
radio 4 15832
radio 4 16346
radio 4 16376
radio 4 16890
radio 4 16907
radio 4 17421
radio 4 17452
radio 4 17966
radio 4 18002
radio 4 18516
radio 4 18533
radio 4 19047
radio 4 19064
radio 4 19577
radio 4 19594
radio 4 20108
radio 4 20138
radio 4 20652
radio 4 20669
radio 4 21182
radio 4 21199
radio 4 21713
radio 4 21743
radio 4 22257
radio 4 22285
radio 4 22799
radio 4 22835
radio 4 23349
radio 4 23366
radio 4 23880
radio 4 23913
radio 4 24427
radio 4 24477
radio 4 24991
radio 4 25022
radio 4 25536
radio 4 25553
radio 4 26067
radio 4 26084
radio 4 26598
radio 4 26615
radio 4 27129
radio 4 27146
radio 4 27660
radio 4 27753
radio 4 28267
radio 4 28297
radio 4 28811
radio 4 28844
radio 4 29358
radio 4 29375
radio 4 29889
radio 4 29906
radio 4 30420
radio 4 30437
radio 4 30951
radio 4 30968
radio 4 31482
radio 4 31532
radio 4 32046
radio 4 32162
radio 4 32676
radio 4 32693
radio 4 33207
radio 4 33224
radio 4 33738
radio 4 33755
radio 4 34269
radio 4 34303
radio 4 34817
radio 4 34834
radio 4 35348
radio 4 35377
radio 4 35891
radio 4 35927
radio 4 36441
radio 4 36458
radio 4 36972
radio 4 36989
radio 4 37503
radio 4 37554
radio 4 38068
radio 4 38101
radio 4 38615
radio 4 38643
radio 4 39157
radio 4 39174
radio 4 39688
radio 4 39705
radio 4 40219
radio 4 40236
radio 4 40750
radio 4 40781
radio 4 41295
radio 4 41312
radio 4 41826
radio 4 41843
radio 4 42357
radio 4 42393
radio 4 42907
radio 4 42942
radio 4 43456
radio 4 43491
radio 4 44005
radio 4 44034
radio 4 44548
radio 4 44579
radio 4 45093
radio 4 45110
radio 4 45624
radio 4 45641
radio 4 46154
radio 4 46209
radio 4 46723
radio 4 46740
radio 4 47254
radio 4 47271
radio 4 47785
radio 4 47817
radio 4 48331
radio 4 48348
radio 4 48862
radio 4 48879
radio 4 49393
radio 4 49410
radio 4 49924
radio 4 49941
radio 4 50454
radio 4 50471
radio 4 50985
radio 4 51034
radio 4 51548
radio 4 51565
radio 4 52079
radio 4 52110
radio 4 52624
radio 4 52656
radio 4 53170
radio 4 53187
radio 4 53701
radio 4 53718
radio 4 54232
radio 4 54287
radio 4 54801
radio 4 54818
radio 4 55332
radio 4 55366
radio 4 55880
radio 4 55911
radio 4 56425
radio 4 56442
radio 4 56955
radio 4 56972
radio 4 57486
radio 4 57539
radio 4 58053
radio 4 58070
radio 4 58584
radio 4 58601
radio 4 59115
radio 4 59132
radio 4 59646
radio 4 59663
radio 4 60177
radio 4 60194
radio 4 60708
radio 4 60740
radio 4 61254
radio 4 61271
radio 4 61784
radio 4 61835
radio 4 62349
radio 4 62381
radio 4 62895
radio 4 62927
radio 4 63441
radio 4 63514
energy 4 63574 4 4722
radio 4 64028
radio 4 64060
radio 4 64574
radio 4 64591
radio 4 65105
radio 4 65122
radio 5 99
radio 5 116
radio 5 629
radio 5 646
radio 5 1159
radio 5 1176
radio 5 1689
radio 5 1706
radio 5 2219
radio 5 2236
radio 5 2749
radio 5 2802
radio 5 3316
delay 0 18 5 3363 5 3016 16 21 5 0 293 0 0
radio 5 3371
radio 5 3885
radio 5 4161
radio 5 4675
radio 5 4692
radio 5 5205
radio 5 5237
radio 5 5751
radio 5 5842
radio 5 6356
radio 5 6373
radio 5 6886
radio 5 6903
radio 5 7416
radio 5 7433
radio 5 7946
radio 5 7976
radio 5 8490
radio 5 8561
radio 5 9075
radio 5 9092
radio 5 9605
radio 5 9622
radio 5 10135
radio 5 10265
radio 5 10779
radio 5 10867
radio 5 11381
radio 5 11412
radio 5 11926
radio 5 11956
radio 5 12470
radio 5 12502
radio 5 13016
radio 5 13046
radio 5 13560
radio 5 13577
radio 5 14091
radio 5 14123
radio 5 14637
radio 5 14654
radio 5 15168
radio 5 15185
radio 5 15699
radio 5 15728
radio 5 16242
radio 5 16272
radio 5 16786
radio 5 16803
radio 5 17317
radio 5 17334
radio 5 17848
radio 5 17899
radio 5 18413
radio 5 18430
radio 5 18944
radio 5 18961
radio 5 19475
radio 5 19492
radio 5 20005
radio 5 20034
radio 5 20548
radio 5 20579
radio 5 21093
radio 5 21148
radio 5 21662
radio 5 21690
radio 5 22204
radio 5 22237
radio 5 22751
radio 5 22780
radio 5 23294
delay 1 44 5 23340 5 22610 16 21 5 0 14 1 0
radio 5 24583
radio 5 25096
radio 5 25113
radio 5 25627
radio 5 25658
radio 5 26172
radio 5 26207
radio 5 26721
radio 5 26754
radio 5 27268
radio 5 27285
radio 5 27799
radio 5 27816
radio 5 28330
radio 5 28347
radio 5 28861
radio 5 28912
radio 5 29426
radio 5 29457
radio 5 29971
radio 5 29988
radio 5 30501
radio 5 30533
radio 5 31047
radio 5 31064
radio 5 31578
radio 5 31606
radio 5 32120
radio 5 32154
radio 5 32668
radio 5 32700
radio 5 33214
radio 5 33242
radio 5 33756
radio 5 33784
radio 5 34298
radio 5 34315
radio 5 34829
radio 5 34846
radio 5 35360
radio 5 35409
radio 5 35923
radio 5 35953
radio 5 36467
radio 5 36500
radio 5 37014
radio 5 37090
radio 5 37604
radio 5 37637
radio 5 38151
radio 5 38168
radio 5 38682
radio 5 38699
radio 5 39212
radio 5 39229
radio 5 39742
radio 5 39759
radio 5 40273
radio 5 40341
radio 5 40855
radio 5 40884
radio 5 41398
radio 5 41430
radio 5 41944
radio 5 42014
radio 5 42528
radio 5 42545
radio 5 43058
radio 5 43092
radio 5 43606
radio 5 43623
radio 5 44137
delay 2 6 5 44232 5 44240 14 21 7 0 400 0 0
radio 5 44240
radio 5 44754
radio 5 44777
radio 5 45290
radio 5 45495
radio 5 46009
radio 5 46026
radio 5 46540
radio 5 46568
radio 5 47082
radio 5 47150
radio 5 47664
radio 5 47696
radio 5 48210
radio 5 48227
radio 5 48740
radio 5 48757
radio 5 49271
radio 5 49288
radio 5 49802
radio 5 49819
radio 5 50333
radio 5 50350
radio 5 50864
radio 5 50898
radio 5 51412
radio 5 51429
radio 5 51942
radio 5 52055
radio 5 52569
radio 5 52586
radio 5 53099
radio 5 53116
radio 5 53630
radio 5 53647
radio 5 54161
radio 5 54196
radio 5 54710
radio 5 54740
radio 5 55254
radio 5 55271
radio 5 55785
radio 5 55802
radio 5 56316
radio 5 56368
radio 5 56882
radio 5 56899
radio 5 57413
radio 5 57444
radio 5 57958
radio 5 57994
radio 5 58508
radio 5 58641
radio 5 59155
radio 5 59208
energy 5 59478 4 9257
radio 5 59722
radio 5 59757
radio 5 60271
radio 5 60288
radio 5 60802
radio 5 60819
radio 5 61333
radio 5 61350
radio 5 61864
radio 5 61881
radio 5 62395
radio 5 62448
radio 5 62962
radio 5 62979
radio 5 63492
radio 5 63509
radio 5 64023
radio 5 64051
radio 5 64565
delay 3 15 5 64643 5 64671 23 21 65535 0 198 0 0
radio 5 64651
radio 5 65165
radio 5 65185
radio 6 162
radio 6 258
radio 6 771
radio 6 870
radio 6 1383
radio 6 1453
radio 6 1967
radio 6 1984
radio 6 2497
radio 6 2514
radio 6 3027
radio 6 3044
radio 6 3557
radio 6 3574
radio 6 4087
radio 6 4137
radio 6 4651
radio 6 4682
