Thread[Thread-1,5,main]tree 1000 16 18 14 0 0
radio 3 32858
radio 3 32861
radio 3 32878
radio 3 33392
radio 3 33409
radio 3 33922
radio 3 34035
radio 3 34549
radio 3 34761
radio 3 35275
radio 3 35308
radio 3 35822
radio 3 35875
radio 3 36389
radio 3 36477
radio 3 36991
radio 3 37020
radio 3 37534
radio 3 37583
radio 3 38097
radio 3 38127
radio 3 38641
radio 3 38658
radio 3 39171
radio 3 39188
radio 3 39701
radio 3 39718
radio 3 40231
radio 3 40282
radio 3 40796
radio 3 40866
radio 3 41380
radio 3 41410
radio 3 41924
radio 3 41941
radio 3 42454
radio 3 42471
radio 3 42984
radio 3 43012
radio 3 43526
radio 3 43556
radio 3 44070
radio 3 44102
radio 3 44616
radio 3 44633
radio 3 45146
radio 3 45163
radio 3 45676
radio 3 45704
radio 3 46218
radio 3 46246
radio 3 46760
radio 3 46812
radio 3 47326
radio 3 47359
radio 3 47873
radio 3 47905
radio 3 48419
radio 3 48487
radio 3 49001
radio 3 49018
radio 3 49531
radio 3 49548
radio 3 50061
radio 3 50110
radio 3 50624
radio 3 50641
radio 3 51155
radio 3 51188
radio 3 51702
radio 3 51719
radio 3 52232
radio 3 52266
radio 3 52780
radio 3 52797
radio 3 53310
radio 3 53358
radio 3 53872
radio 3 53903
radio 3 54417
radio 3 54467
radio 3 54981
radio 3 54998
radio 3 55511
radio 3 55541
radio 3 56055
radio 3 56090
radio 3 56604
radio 3 56639
radio 3 57153
radio 3 57185
radio 3 57699
radio 3 57716
radio 3 58229
radio 3 58259
radio 3 58773
radio 3 58807
radio 3 59321
radio 3 59338
radio 3 59851
radio 3 59879
radio 3 60393
radio 3 60443
radio 3 60957
radio 3 60974
radio 3 61487
radio 3 61504
radio 3 62017
radio 3 62034
radio 3 62547
radio 3 62595
radio 3 63109
radio 3 63142
radio 3 63656
radio 3 63704
radio 3 64218
radio 3 64235
radio 3 64748
radio 3 64859
radio 3 65373
radio 3 65390
radio 4 367
radio 4 384
radio 4 897
radio 4 914
radio 4 1427
radio 4 1455
radio 4 1969
radio 4 1998
radio 4 2512
radio 4 2560
radio 4 3074
radio 4 3107
radio 4 3621
radio 4 3657
radio 4 4171
radio 4 4239
radio 4 4753
radio 4 4770
radio 4 5283
radio 4 5316
radio 4 5830
radio 4 5847
radio 4 6360
radio 4 6413
radio 4 6927
radio 4 6976
radio 4 7490
radio 4 7520
radio 4 8034
radio 4 8067
radio 4 8581
radio 4 8610
radio 4 9124
radio 4 9174
radio 4 9688
radio 4 9705
radio 4 10218
radio 4 10235
radio 4 10748
radio 4 10765
radio 4 11278
radio 4 11309
radio 4 11823
radio 4 11855
radio 4 12369
radio 4 12420
radio 4 12934
radio 4 12951
radio 4 13465
radio 4 13482
radio 4 13995
radio 4 14028
radio 4 14542
radio 4 14559
radio 4 15072
radio 4 15106
radio 4 15620
radio 4 15670
radio 4 16184
radio 4 16215
radio 4 16729
radio 4 16746
radio 4 17259
radio 4 17289
radio 4 17803
radio 4 17832
radio 4 18346
radio 4 18395
radio 4 18909
radio 4 18926
radio 4 19439
radio 4 19470
radio 4 19984
radio 4 20015
radio 4 20529
radio 4 20599
radio 4 21113
radio 4 21130
radio 4 21643
radio 4 21660
radio 4 22173
radio 4 22190
radio 4 22703
radio 4 22734
radio 4 23248
radio 4 23265
radio 4 23778
radio 4 23808
radio 4 24322
radio 4 24339
radio 4 24852
radio 4 24903
radio 4 25417
radio 4 25450
radio 4 25964
radio 4 25981
radio 4 26494
radio 4 26511
radio 4 27024
radio 4 27133
radio 4 27647
radio 4 27676
radio 4 28190
radio 4 28219
radio 4 28733
energy 4 28773 3 36015
radio 4 28781
radio 4 29295
radio 4 29312
radio 4 29825
radio 4 29874
radio 4 30388
radio 4 30417
radio 4 30931
radio 4 31019
radio 4 31533
radio 4 31605
radio 4 32119
radio 4 32136
radio 4 32649
radio 4 32700
radio 4 33214
radio 4 33285
radio 4 33799
radio 4 33816
radio 4 34329
radio 4 34346
radio 4 34859
radio 4 34889
radio 4 35403
radio 4 35459
radio 4 35973
radio 4 36023
radio 4 36537
radio 4 36554
radio 4 37067
radio 4 37099
radio 4 37613
radio 4 37630
radio 4 38143
radio 4 38175
radio 4 38689
radio 4 38741
radio 4 39255
radio 4 39272
radio 4 39785
radio 4 39802
radio 4 40315
radio 4 40332
radio 4 40845
radio 4 40873
radio 4 41387
radio 4 41481
radio 4 41995
radio 4 42012
radio 4 42525
radio 4 42542
radio 4 43055
radio 4 43072
radio 4 43585
radio 4 43674
radio 4 44188
radio 4 44242
radio 4 44756
radio 4 44773
radio 4 45286
radio 4 45316
radio 4 45830
radio 4 45847
radio 4 46360
radio 4 46393
radio 4 46907
radio 4 46924
radio 4 47437
radio 4 47454
radio 4 47967
radio 4 47998
radio 4 48512
radio 4 48529
radio 4 49042
radio 4 49117
radio 4 49631
radio 4 49648
radio 4 50161
radio 4 50178
radio 4 50691
radio 4 50720
radio 4 51234
radio 4 51264
radio 4 51778
radio 4 51806
radio 4 52320
radio 4 52396
radio 4 52910
radio 4 52927
radio 4 53440
radio 4 53457
radio 4 53970
radio 4 54063
radio 4 54577
radio 4 54607
radio 4 55121
radio 4 55138
radio 4 55651
radio 4 55686
radio 4 56200
radio 4 56253
radio 4 56767
radio 4 56784
radio 4 57297
radio 4 57314
radio 4 57827
radio 4 57844
radio 4 58357
radio 4 58386
radio 4 58900
radio 4 58949
radio 4 59463
radio 4 59480
radio 4 59993
radio 4 60023
radio 4 60537
radio 4 60625
radio 4 61139
radio 4 61191
radio 4 61705
radio 4 61740
radio 4 62254
radio 4 62328
radio 4 62842
radio 4 62859
radio 4 63372
radio 4 63400
radio 4 63914
radio 4 63931
radio 4 64445
radio 4 64462
radio 4 64975
radio 4 65004
radio 4 65518
radio 5 15
radio 5 528
radio 5 557
radio 5 1070
radio 5 1101
radio 5 1615
radio 5 1632
radio 5 2145
radio 5 2220
radio 5 2734
radio 5 2751
radio 5 3264
radio 5 3281
radio 5 3794
radio 5 3828
radio 5 4342
radio 5 4359
radio 5 4872
radio 5 4902
radio 5 5416
radio 5 5446
radio 5 5960
radio 5 5977
radio 5 6490
radio 5 6507
radio 5 7020
radio 5 7068
radio 5 7582
radio 5 7599
radio 5 8112
radio 5 8147
radio 5 8661
radio 5 8693
radio 5 9207
radio 5 9235
radio 5 9749
radio 5 9824
radio 5 10338
radio 5 10368
radio 5 10882
radio 5 10952
radio 5 11466
radio 5 11483
radio 5 11996
radio 5 12013
radio 5 12526
radio 5 12558
radio 5 13072
radio 5 13089
radio 5 13602
radio 5 13651
radio 5 14165
radio 5 14182
radio 5 14695
radio 5 14730
radio 5 15244
radio 5 15261
radio 5 15774
radio 5 15791
radio 5 16304
radio 5 16321
radio 5 16834
radio 5 16862
radio 5 17376
radio 5 17393
radio 5 17906
radio 5 17978
radio 5 18492
radio 5 18509
radio 5 19022
radio 5 19058
radio 5 19572
radio 5 19605
radio 5 20119
radio 5 20136
radio 5 20649
radio 5 20679
radio 5 21193
delay 0 18 5 21972 5 21999 9 15 6 0 963 0 0
radio 5 21980
radio 5 22494
radio 5 22542
radio 5 23056
radio 5 23087
radio 5 23601
radio 5 23714
radio 5 24228
radio 5 24296
energy 5 24677 3 39897
radio 5 24810
radio 5 24898
radio 5 25412
radio 5 25444
radio 5 25958
radio 5 25987
radio 5 26501
radio 5 26575
radio 5 27089
radio 5 27119
radio 5 27633
radio 5 27661
radio 5 28175
radio 5 28303
radio 5 28817
radio 5 28849
radio 5 29363
radio 5 29412
radio 5 29926
radio 5 29961
radio 5 30475
radio 5 30511
radio 5 31025
radio 5 31055
radio 5 31569
radio 5 31681
radio 5 32195
radio 5 32245
radio 5 32759
radio 5 32794
radio 5 33308
radio 5 33336
radio 5 33850
radio 5 33878
radio 5 34392
radio 5 34440
radio 5 34954
radio 5 34982
radio 5 35496
radio 5 35529
radio 5 36043
radio 5 36093
radio 5 36607
radio 5 36638
radio 5 37152
radio 5 37188
radio 5 37702
radio 5 37738
radio 5 38252
radio 5 38282
radio 5 38796
radio 5 38850
radio 5 39364
radio 5 39477
radio 5 39991
radio 5 40021
radio 5 40535
radio 5 40563
radio 5 41077
radio 5 41125
radio 5 41639
delay 1 18 5 41684 5 41711 9 15 6 0 317 0 0
radio 5 41692
radio 5 42206
radio 5 42226
radio 5 42739
radio 5 42755
radio 5 43268
radio 5 43298
radio 5 43812
radio 5 43887
radio 5 44401
radio 5 44431
radio 5 44945
radio 5 44973
radio 5 45487
radio 5 45555
radio 5 46069
radio 5 46099
radio 5 46613
radio 5 46642
radio 5 47156
radio 5 47210
radio 5 47724
radio 5 47754
radio 5 48268
radio 5 48300
radio 5 48814
radio 5 48850
radio 5 49364
radio 5 49396
radio 5 49910
radio 5 49959
radio 5 50473
radio 5 50523
radio 5 51037
radio 5 51087
radio 5 51601
radio 5 51654
radio 5 52168
radio 5 52201
radio 5 52715
radio 5 52763
radio 5 53277
radio 5 53329
radio 5 53843
radio 5 53875
radio 5 54389
radio 5 54418
radio 5 54932
radio 5 54968
radio 5 55482
radio 5 55530
radio 5 56044
radio 5 56073
radio 5 56587
radio 5 56619
radio 5 57133
radio 5 57169
radio 5 57683
radio 5 57731
radio 5 58245
radio 5 58277
radio 5 58791
radio 5 58820
radio 5 59334
radio 5 59364
radio 5 59878
radio 5 59927
radio 5 60441
radio 5 60471
radio 5 60985
radio 5 61021
radio 5 61535
radio 5 61571
radio 5 62085
delay 2 18 5 62898 5 62925 9 15 6 0 679 0 0
radio 5 62906
radio 5 63420
radio 5 63448
radio 5 63962
radio 5 64034
radio 5 64548
radio 5 64577
radio 5 65091
radio 5 65167
radio 6 145
radio 6 173
radio 6 686
radio 6 716
radio 6 1229
radio 6 1278
radio 6 1792
radio 6 1845
radio 6 2359
radio 6 2392
radio 6 2906
radio 6 2955
radio 6 3469
radio 6 3520
radio 6 4034
radio 6 4062
radio 6 4576
radio 6 4605
radio 6 5119
radio 6 5149
radio 6 5663
radio 6 5713
radio 6 6227
radio 6 6260
radio 6 6774
radio 6 6806
radio 6 7320
radio 6 7350
radio 6 7864
radio 6 7914
radio 6 8428
radio 6 8480
radio 6 8994
radio 6 9027
radio 6 9541
radio 6 9589
radio 6 10103
radio 6 10155
radio 6 10669
radio 6 10718
radio 6 11232
radio 6 11280
radio 6 11794
radio 6 11848
radio 6 12362
radio 6 12395
radio 6 12909
radio 6 12959
radio 6 13473
radio 6 13503
radio 6 14017
radio 6 14045
radio 6 14559
radio 6 14587
radio 6 15101
radio 6 15149
radio 6 15663
radio 6 15696
radio 6 16210
radio 6 16238
radio 6 16752
delay 3 36 6 16808 6 16499 9 15 6 0 86 1 0
radio 6 17873
radio 6 18386
radio 6 18554
radio 6 19068
radio 6 19236
radio 6 19750
radio 6 19782
radio 6 20296
radio 6 20327
