Thread[Thread-1,5,main]tree 9 8 0 14 0 0
radio 3 52312
radio 3 52316
radio 3 52333
radio 3 52846
radio 3 52863
radio 3 53377
radio 3 53408
radio 3 53922
radio 3 53939
radio 3 54453
radio 3 54485
radio 3 54999
radio 3 55072
radio 3 55586
radio 3 55603
radio 3 56116
radio 3 56133
radio 3 56647
radio 3 56678
radio 3 57192
radio 3 57209
radio 3 57723
radio 3 57777
radio 3 58291
radio 3 58323
radio 3 58837
radio 3 58854
radio 3 59368
radio 3 59385
radio 3 59899
radio 3 59916
radio 3 60430
radio 3 60463
radio 3 60977
radio 3 60994
radio 3 61508
radio 3 61597
radio 3 62111
radio 3 62147
radio 3 62661
radio 3 62678
radio 3 63192
radio 3 63223
radio 3 63737
radio 3 63754
radio 3 64268
radio 3 64298
radio 3 64812
radio 3 64829
radio 3 65343
radio 3 65360
radio 4 338
radio 4 355
radio 4 868
radio 4 941
radio 4 1454
radio 4 1488
radio 4 2002
radio 4 2019
radio 4 2532
radio 4 2549
radio 4 3062
radio 4 3079
radio 4 3592
radio 4 3622
radio 4 4136
radio 4 4153
radio 4 4666
radio 4 4683
radio 4 5196
radio 4 5227
radio 4 5741
radio 4 5797
radio 4 6311
radio 4 6328
radio 4 6841
radio 4 6869
radio 4 7383
radio 4 7439
radio 4 7953
radio 4 7970
radio 4 8483
radio 4 8500
radio 4 9013
radio 4 9047
radio 4 9561
radio 4 9594
radio 4 10108
radio 4 10125
radio 4 10638
radio 4 10655
radio 4 11169
radio 4 11243
radio 4 11757
radio 4 11774
radio 4 12288
radio 4 12322
radio 4 12836
radio 4 12853
radio 4 13366
radio 4 13383
radio 4 13897
radio 4 13970
radio 4 14484
radio 4 14501
radio 4 15015
radio 4 15032
radio 4 15546
radio 4 15577
radio 4 16091
radio 4 16119
radio 4 16633
radio 4 16650
radio 4 17163
radio 4 17191
radio 4 17705
radio 4 17722
radio 4 18236
radio 4 18271
radio 4 18785
radio 4 18815
radio 4 19329
radio 4 19363
radio 4 19877
radio 4 19908
radio 4 20422
radio 4 20475
radio 4 20989
radio 4 21018
radio 4 21532
radio 4 21566
radio 4 22080
radio 4 22148
radio 4 22662
radio 4 22692
radio 4 23206
radio 4 23223
radio 4 23737
radio 4 23768
radio 4 24282
radio 4 24299
radio 4 24813
radio 4 24844
radio 4 25358
radio 4 25406
radio 4 25920
radio 4 26031
radio 4 26545
radio 4 26562
radio 4 27076
radio 4 27093
radio 4 27607
radio 4 27640
radio 4 28154
radio 4 28171
radio 4 28685
radio 4 28754
radio 4 29268
radio 4 29298
radio 4 29812
radio 4 29843
radio 4 30357
radio 4 30545
radio 4 31059
radio 4 31187
radio 4 31701
radio 4 31811
radio 4 32325
radio 4 32342
radio 4 32856
radio 4 32873
radio 4 33387
radio 4 33404
radio 4 33918
radio 4 34006
radio 4 34520
radio 4 34551
radio 4 35065
radio 4 35095
radio 4 35609
radio 4 35626
radio 4 36140
radio 4 36171
radio 4 36685
radio 4 36702
radio 4 37216
radio 4 37247
radio 4 37761
radio 4 37778
radio 4 38292
radio 4 38309
radio 4 38823
radio 4 38856
radio 4 39370
radio 4 39387
radio 4 39901
radio 4 39918
radio 4 40432
radio 4 40460
radio 4 40974
radio 4 41090
radio 4 41604
radio 4 41659
radio 4 42173
radio 4 42190
radio 4 42704
radio 4 42721
radio 4 43235
radio 4 43271
radio 4 43785
radio 4 43876
radio 4 44390
radio 4 44498
radio 4 45012
radio 4 45047
radio 4 45561
radio 4 45578
radio 4 46092
radio 4 46109
radio 4 46623
radio 4 46640
radio 4 47154
radio 4 47171
radio 4 47685
radio 4 47741
energy 4 48227 3 55530
radio 4 48255
radio 4 48272
radio 4 48786
radio 4 48803
radio 4 49317
radio 4 49345
radio 4 49859
radio 4 49876
radio 4 50390
radio 4 50407
radio 4 50921
radio 4 50952
radio 4 51466
radio 4 51519
radio 4 52033
radio 4 52065
radio 4 52579
radio 4 52596
radio 4 53110
radio 4 53127
radio 4 53641
radio 4 53712
radio 4 54226
radio 4 54243
radio 4 54757
radio 4 54774
radio 4 55288
radio 4 55337
radio 4 55851
radio 4 55886
radio 4 56400
radio 4 56417
radio 4 56931
radio 4 56948
radio 4 57462
radio 4 57492
radio 4 58006
radio 4 58023
radio 4 58537
radio 4 58554
radio 4 59068
radio 4 59085
radio 4 59599
radio 4 59616
radio 4 60130
radio 4 60147
radio 4 60661
radio 4 60678
radio 4 61192
radio 4 61209
radio 4 61723
radio 4 61753
radio 4 62267
radio 4 62337
radio 4 62851
radio 4 62868
radio 4 63381
radio 4 63413
radio 4 63927
radio 4 63944
radio 4 64457
radio 4 64474
radio 4 64988
radio 4 65043
radio 5 21
radio 5 52
radio 5 565
radio 5 594
radio 5 1107
radio 5 1155
radio 5 1669
radio 5 1686
radio 5 2199
radio 5 2229
radio 5 2743
radio 5 2760
radio 5 3273
radio 5 3290
radio 5 3803
radio 5 3820
radio 5 4333
radio 5 4361
radio 5 4875
radio 5 4892
radio 5 5405
radio 5 5422
radio 5 5935
radio 5 5963
radio 5 6477
radio 5 6513
radio 5 7027
radio 5 7056
radio 5 7570
radio 5 7587
radio 5 8100
radio 5 8117
radio 5 8630
radio 5 8659
radio 5 9173
radio 5 9190
radio 5 9703
radio 5 9738
radio 5 10252
radio 5 10328
radio 5 10842
radio 5 10859
radio 5 11373
radio 5 11390
radio 5 11904
radio 5 11941
radio 5 12455
radio 5 12504
radio 5 13018
radio 5 13047
radio 5 13561
radio 5 13578
radio 5 14092
radio 5 14123
radio 5 14637
radio 5 14654
radio 5 15168
radio 5 15185
radio 5 15699
radio 5 15716
radio 5 16230
radio 5 16285
radio 5 16799
radio 5 16816
radio 5 17329
radio 5 17380
radio 5 17894
radio 5 17929
radio 5 18443
radio 5 18492
radio 5 19006
radio 5 19038
radio 5 19552
radio 5 19569
radio 5 20083
radio 5 20100
radio 5 20614
delay 0 46 5 20660 5 20349 15 9 65535 0 35 1 0
radio 5 21742
radio 5 22256
radio 5 22410
radio 5 22924
radio 5 22941
radio 5 23455
radio 5 23472
radio 5 23986
radio 5 24036
radio 5 24550
radio 5 24567
radio 5 25081
radio 5 25115
radio 5 25629
radio 5 25657
radio 5 26171
radio 5 26227
radio 5 26741
radio 5 26892
radio 5 27406
radio 5 27499
radio 5 28013
radio 5 28141
radio 5 28655
radio 5 28687
radio 5 29201
radio 5 29229
radio 5 29743
radio 5 29771
radio 5 30285
radio 5 30334
radio 5 30848
radio 5 30957
radio 5 31471
radio 5 31504
radio 5 32018
radio 5 32046
radio 5 32560
radio 5 32608
radio 5 33122
radio 5 33175
radio 5 33689
radio 5 33722
radio 5 34236
radio 5 34312
radio 5 34826
radio 5 34855
radio 5 35369
radio 5 35405
radio 5 35919
radio 5 35967
radio 5 36481
radio 5 36514
radio 5 37028
radio 5 37064
radio 5 37578
radio 5 37606
radio 5 38120
radio 5 38168
radio 5 38682
radio 5 38733
radio 5 39247
radio 5 39264
radio 5 39778
radio 5 39807
radio 5 40321
radio 5 40369
radio 5 40883
radio 5 40931
radio 5 41445
delay 1 14 5 41489 5 41814 9 9 65535 0 199 0 0
radio 5 41496
radio 5 42011
radio 5 42055
radio 5 42568
radio 5 42710
radio 5 43224
radio 5 43256
radio 5 43770
radio 5 43799
energy 5 44131 3 59905
radio 5 44313
radio 5 44462
radio 5 44976
radio 5 45026
radio 5 45540
radio 5 45568
radio 5 46082
radio 5 46115
radio 5 46629
radio 5 46665
radio 5 47179
radio 5 47213
radio 5 47727
radio 5 47756
radio 5 48270
radio 5 48299
radio 5 48813
radio 5 48861
radio 5 49375
radio 5 49428
radio 5 49942
radio 5 49975
radio 5 50489
radio 5 50545
radio 5 51059
radio 5 51092
radio 5 51606
radio 5 51636
radio 5 52150
radio 5 52244
radio 5 52758
radio 5 52792
radio 5 53306
radio 5 53338
radio 5 53852
radio 5 53924
radio 5 54438
radio 5 54467
radio 5 54981
radio 5 55017
radio 5 55531
radio 5 55599
radio 5 56113
radio 5 56142
radio 5 56656
radio 5 56684
radio 5 57198
radio 5 57215
radio 5 57729
radio 5 57780
radio 5 58294
radio 5 58327
radio 5 58841
radio 5 58876
radio 5 59390
radio 5 59419
radio 5 59933
radio 5 60003
radio 5 60517
radio 5 60553
radio 5 61067
radio 5 61097
radio 5 61611
delay 2 12 5 61636 5 61999 7 9 2 0 65535 0 0
radio 5 61644
radio 5 62158
radio 5 62971
radio 5 63484
radio 5 63517
radio 5 64031
radio 5 64059
radio 5 64573
radio 5 64621
radio 5 65135
radio 5 65184
radio 6 162
radio 6 211
radio 6 724
radio 6 775
radio 6 1288
radio 6 1324
radio 6 1838
radio 6 1914
radio 6 2428
radio 6 2457
radio 6 2971
radio 6 2999
radio 6 3513
radio 6 3541
radio 6 4055
radio 6 4083
radio 6 4597
radio 6 4645
radio 6 5159
radio 6 5192
radio 6 5706
radio 6 5735
radio 6 6249
radio 6 6284
radio 6 6798
radio 6 6846
radio 6 7360
radio 6 7393
radio 6 7907
radio 6 7935
radio 6 8449
radio 6 8497
radio 6 9011
radio 6 9044
radio 6 9558
radio 6 9673
radio 6 10187
radio 6 10218
radio 6 10732
radio 6 10760
radio 6 11274
radio 6 11302
radio 6 11816
radio 6 11884
radio 6 12398
radio 6 12427
radio 6 12941
radio 6 12969
radio 6 13483
radio 6 13552
radio 6 14066
radio 6 14095
radio 6 14609
radio 6 14644
radio 6 15158
radio 6 15207
radio 6 15721
radio 6 15754
radio 6 16268
radio 6 16298
radio 6 16812
delay 3 45 6 17681 6 17327 15 9 65535 0 973 0 0
radio 6 17689
radio 6 18204
radio 6 18274
radio 6 18788
radio 6 18817
radio 6 19331
radio 6 19399
radio 6 19913
radio 6 19962
