Thread[Thread-1,5,main]tree 1000 16 18 12 0 0
radio 3 37972
radio 3 37976
radio 3 37992
radio 3 38506
radio 3 38523
radio 3 39036
radio 3 39053
radio 3 39566
radio 3 39601
radio 3 40115
radio 3 40148
radio 3 40662
radio 3 40697
radio 3 41211
radio 3 41262
radio 3 41776
radio 3 41793
radio 3 42306
radio 3 42323
radio 3 42836
radio 3 42853
radio 3 43367
radio 3 43399
radio 3 43913
radio 3 43941
radio 3 44455
radio 3 44472
radio 3 44986
radio 3 45003
radio 3 45516
radio 3 45571
radio 3 46085
radio 3 46139
radio 3 46653
radio 3 46689
radio 3 47203
radio 3 47254
radio 3 47768
radio 3 47785
radio 3 48299
radio 3 48348
radio 3 48862
radio 3 48918
radio 3 49432
radio 3 49449
radio 3 49962
radio 3 49979
radio 3 50492
radio 3 50546
radio 3 51060
radio 3 51094
radio 3 51608
radio 3 51625
radio 3 52138
radio 3 52170
radio 3 52684
radio 3 52701
radio 3 53214
radio 3 53243
radio 3 53757
radio 3 53774
radio 3 54288
radio 3 54305
radio 3 54818
radio 3 54835
radio 3 55349
radio 3 55366
radio 3 55879
radio 3 55896
radio 3 56409
radio 3 56426
radio 3 56940
radio 3 56994
radio 3 57508
radio 3 57540
radio 3 58054
radio 3 58071
radio 3 58584
radio 3 58613
radio 3 59127
radio 3 59163
radio 3 59677
radio 3 59827
radio 3 60341
radio 3 60358
radio 3 60872
radio 3 60889
radio 3 61402
radio 3 61432
radio 3 61946
radio 3 61963
radio 3 62476
radio 3 62493
radio 3 63006
radio 3 63023
radio 3 63536
radio 3 63553
radio 3 64066
radio 3 64101
radio 3 64615
radio 3 64648
radio 3 65162
radio 3 65179
radio 4 156
radio 4 190
radio 4 703
radio 4 720
radio 4 1233
radio 4 1261
radio 4 1775
radio 4 1792
radio 4 2305
radio 4 2333
radio 4 2847
radio 4 2895
radio 4 3409
radio 4 3426
radio 4 3939
radio 4 3956
radio 4 4469
radio 4 4498
radio 4 5012
radio 4 5029
radio 4 5542
radio 4 5571
radio 4 6085
radio 4 6102
radio 4 6615
radio 4 6670
radio 4 7184
radio 4 7215
radio 4 7729
radio 4 7778
radio 4 8292
radio 4 8447
radio 4 8961
radio 4 8995
radio 4 9509
radio 4 9526
radio 4 10039
radio 4 10068
radio 4 10582
radio 4 10612
radio 4 11126
radio 4 11176
radio 4 11690
radio 4 11707
radio 4 12221
radio 4 12238
radio 4 12751
radio 4 12785
radio 4 13299
radio 4 13329
radio 4 13843
radio 4 13897
radio 4 14411
radio 4 14428
radio 4 14942
radio 4 14959
radio 4 15472
radio 4 15500
radio 4 16014
radio 4 16047
radio 4 16561
radio 4 16578
radio 4 17092
radio 4 17109
radio 4 17622
radio 4 17673
radio 4 18187
radio 4 18223
radio 4 18737
radio 4 18754
radio 4 19267
radio 4 19301
radio 4 19815
radio 4 19832
radio 4 20345
radio 4 20398
radio 4 20912
radio 4 20929
radio 4 21442
radio 4 21530
radio 4 22044
radio 4 22061
radio 4 22574
radio 4 22602
radio 4 23116
radio 4 23150
radio 4 23664
radio 4 23681
radio 4 24194
radio 4 24211
radio 4 24724
radio 4 24741
radio 4 25254
radio 4 25271
radio 4 25784
radio 4 25801
radio 4 26314
radio 4 26331
radio 4 26844
radio 4 26933
radio 4 27447
radio 4 27464
radio 4 27977
radio 4 28071
radio 4 28585
radio 4 28602
radio 4 29115
radio 4 29132
radio 4 29645
radio 4 29662
radio 4 30175
radio 4 30192
radio 4 30705
radio 4 30722
radio 4 31235
radio 4 31303
radio 4 31817
radio 4 31886
radio 4 32400
radio 4 32417
radio 4 32930
radio 4 33065
radio 4 33579
radio 4 33615
energy 4 33887 3 40888
radio 4 34129
radio 4 34146
radio 4 34659
radio 4 34676
radio 4 35189
radio 4 35206
radio 4 35719
radio 4 35736
radio 4 36249
radio 4 36283
radio 4 36797
radio 4 36827
radio 4 37341
radio 4 37412
radio 4 37926
radio 4 37943
radio 4 38456
radio 4 38487
radio 4 39001
radio 4 39018
radio 4 39531
radio 4 39548
radio 4 40061
radio 4 40111
radio 4 40625
radio 4 40660
radio 4 41174
radio 4 41191
radio 4 41704
radio 4 41721
radio 4 42234
radio 4 42251
radio 4 42764
radio 4 42781
radio 4 43295
radio 4 43312
radio 4 43825
radio 4 43842
radio 4 44355
radio 4 44372
radio 4 44885
radio 4 44902
radio 4 45416
radio 4 45505
radio 4 46019
radio 4 46052
radio 4 46566
radio 4 46621
radio 4 47135
radio 4 47152
radio 4 47665
radio 4 47774
radio 4 48288
radio 4 48305
radio 4 48818
radio 4 48835
radio 4 49348
radio 4 49399
radio 4 49913
radio 4 49930
radio 4 50443
radio 4 50460
radio 4 50973
radio 4 51025
radio 4 51539
radio 4 51556
radio 4 52069
radio 4 52105
radio 4 52619
radio 4 52636
radio 4 53149
radio 4 53179
radio 4 53693
radio 4 53710
radio 4 54223
radio 4 54274
radio 4 54788
radio 4 54843
radio 4 55357
radio 4 55374
radio 4 55887
radio 4 55919
radio 4 56433
radio 4 56450
radio 4 56963
radio 4 56980
radio 4 57493
radio 4 57510
radio 4 58023
radio 4 58053
radio 4 58567
radio 4 58584
radio 4 59097
radio 4 59127
radio 4 59641
radio 4 59670
radio 4 60184
radio 4 60253
radio 4 60767
radio 4 60784
radio 4 61297
radio 4 61325
radio 4 61839
radio 4 61887
radio 4 62401
radio 4 62449
radio 4 62963
radio 4 62999
radio 4 63513
radio 4 63544
radio 4 64058
radio 4 64087
radio 4 64601
radio 4 64653
radio 4 65167
radio 4 65184
radio 5 161
radio 5 193
radio 5 706
radio 5 723
radio 5 1236
radio 5 1269
radio 5 1783
radio 5 1800
radio 5 2313
radio 5 2330
radio 5 2843
radio 5 2896
radio 5 3410
radio 5 3441
radio 5 3955
radio 5 3972
radio 5 4485
radio 5 4513
radio 5 5027
radio 5 5063
radio 5 5577
radio 5 5626
radio 5 6140
radio 5 6192
radio 5 6706
radio 5 6723
radio 5 7236
radio 5 7266
radio 5 7780
radio 5 7797
radio 5 8310
radio 5 8341
radio 5 8855
radio 5 8884
radio 5 9398
radio 5 9447
radio 5 9961
radio 5 10030
radio 5 10544
radio 5 10618
radio 5 11132
radio 5 11180
radio 5 11694
radio 5 11725
radio 5 12239
radio 5 12256
radio 5 12769
radio 5 12799
radio 5 13313
radio 5 13342
radio 5 13856
radio 5 13906
radio 5 14420
radio 5 14454
radio 5 14968
radio 5 14999
radio 5 15513
radio 5 15530
radio 5 16044
radio 5 16061
radio 5 16574
radio 5 16642
radio 5 17156
radio 5 17186
radio 5 17700
radio 5 17751
radio 5 18265
radio 5 18282
radio 5 18795
radio 5 18812
radio 5 19325
radio 5 19356
radio 5 19870
radio 5 19903
radio 5 20417
radio 5 20445
radio 5 20959
radio 5 20987
radio 5 21501
delay 0 17 5 21698 5 21051 16 16 65535 0 260 0 0
radio 5 21707
radio 5 22221
radio 5 22322
radio 5 22835
radio 5 22918
radio 5 23432
radio 5 23449
radio 5 23962
radio 5 24073
radio 5 24587
radio 5 24604
radio 5 25117
radio 5 25226
radio 5 25740
radio 5 25757
radio 5 26270
radio 5 26321
radio 5 26835
radio 5 26907
radio 5 27421
radio 5 27635
radio 5 28149
radio 5 28166
radio 5 28680
radio 5 28731
radio 5 29245
radio 5 29374
energy 5 29791 3 44450
radio 5 29888
radio 5 29943
radio 5 30457
radio 5 30489
radio 5 31003
radio 5 31031
radio 5 31545
radio 5 31573
radio 5 32087
radio 5 32115
radio 5 32629
radio 5 32677
radio 5 33191
radio 5 33264
radio 5 33778
radio 5 33827
radio 5 34341
radio 5 34374
radio 5 34888
radio 5 34924
radio 5 35438
radio 5 35474
radio 5 35988
radio 5 36022
radio 5 36536
radio 5 36567
radio 5 37081
radio 5 37117
radio 5 37631
radio 5 37667
radio 5 38181
radio 5 38230
radio 5 38744
radio 5 38816
radio 5 39330
radio 5 39379
radio 5 39893
radio 5 39926
radio 5 40440
radio 5 40476
radio 5 40990
radio 5 41026
radio 5 41540
radio 5 41589
radio 5 42103
delay 1 5 5 42348 5 42115 16 16 65535 0 82 1 0
radio 5 43429
radio 5 43943
radio 5 43994
radio 5 44508
radio 5 44525
radio 5 45038
radio 5 45087
radio 5 45601
radio 5 45633
radio 5 46147
radio 5 46195
radio 5 46709
radio 5 46742
radio 5 47256
radio 5 47284
radio 5 47798
radio 5 47827
radio 5 48341
radio 5 48436
radio 5 48950
radio 5 48984
radio 5 49498
radio 5 49554
radio 5 50068
radio 5 50101
radio 5 50615
radio 5 50651
radio 5 51165
radio 5 51193
radio 5 51707
radio 5 51755
radio 5 52269
radio 5 52302
radio 5 52816
radio 5 52844
radio 5 53358
radio 5 53432
radio 5 53946
radio 5 53977
radio 5 54491
radio 5 54519
radio 5 55033
radio 5 55061
radio 5 55575
radio 5 55603
radio 5 56117
radio 5 56165
radio 5 56679
radio 5 56732
radio 5 57246
radio 5 57279
radio 5 57793
radio 5 57842
radio 5 58356
radio 5 58388
radio 5 58902
radio 5 58934
radio 5 59448
radio 5 59480
radio 5 59994
radio 5 60064
radio 5 60578
radio 5 60613
radio 5 61127
radio 5 61155
radio 5 61669
radio 5 61717
radio 5 62231
radio 5 62264
radio 5 62778
delay 2 17 5 62793 5 62145 16 16 65535 0 37 1 0
radio 5 63856
radio 5 64369
radio 5 64418
radio 5 64932
radio 5 64983
radio 5 65497
radio 5 65532
radio 6 510
radio 6 559
radio 6 1072
radio 6 1105
radio 6 1619
radio 6 1647
radio 6 2161
radio 6 2209
radio 6 2723
radio 6 2756
radio 6 3270
radio 6 3318
radio 6 3832
radio 6 3865
radio 6 4379
radio 6 4412
radio 6 4926
radio 6 4957
radio 6 5471
radio 6 5519
radio 6 6033
radio 6 6066
radio 6 6580
radio 6 6616
radio 6 7130
radio 6 7206
radio 6 7720
radio 6 7769
radio 6 8283
radio 6 8311
radio 6 8825
radio 6 8874
radio 6 9388
radio 6 9436
radio 6 9950
radio 6 9983
radio 6 10497
radio 6 10565
radio 6 11079
radio 6 11108
radio 6 11622
radio 6 11650
radio 6 12164
radio 6 12192
radio 6 12706
radio 6 12754
radio 6 13268
radio 6 13297
radio 6 13811
radio 6 13843
radio 6 14357
radio 6 14433
radio 6 14947
radio 6 14996
radio 6 15510
radio 6 15543
radio 6 16057
radio 6 16109
radio 6 16623
radio 6 16652
radio 6 17166
radio 6 17202
radio 6 17716
delay 3 16 6 17922 6 17404 15 16 1 0 530 0 0
radio 6 17930
radio 6 18445
radio 6 18736
radio 6 19250
radio 6 19400
radio 6 19914
radio 6 19983
radio 6 20497
radio 6 20528
radio 6 21042
radio 6 21070
