Thread[Thread-1,5,main]delay 0 29 0 10196 0 9961
delay 1 29 0 20527 0 20292
delay 2 29 0 30648 0 30412
delay 3 8 0 41606 0 41879
delay 4 26 0 51576 0 51418
delay 5 29 0 61228 0 60992
energy 0 61466 0 5511
delay 6 29 1 6104 1 5868
delay 7 29 1 16857 1 16621
delay 8 29 1 26549 1 26313
delay 9 29 1 36806 1 36570
delay 10 29 1 47060 1 46824
energy 1 57370 0 11624
delay 11 27 1 57921 1 57707
delay 12 29 2 2053 2 1816
delay 13 29 2 12303 2 12066
delay 14 29 2 22460 2 22223
delay 15 35 2 33831 2 33423
delay 16 49 2 43558 2 42872
delay 17 47 2 53176 2 52444
energy 2 53274 0 17330
delay 18 29 2 63417 2 63180
delay 19 29 3 8138 3 7901
delay 20 29 3 18513 3 18276
delay 21 44 3 28285 3 27644
delay 22 41 3 38555 3 38018
delay 23 47 3 48819 3 48086
energy 3 49178 0 23405
delay 24 17 3 59927 3 59912
delay 25 29 4 4002 4 3764
delay 26 49 4 15081 4 14394
delay 27 46 4 25583 4 24967
delay 29 29 4 44985 4 44747
energy 4 45082 0 29480
delay 30 4 4 56467 4 56701
delay 31 16 5 624 5 640
