Thread[Thread-1,5,main]delay 0 24 0 9629 0 10062
delay 1 42 0 20735 0 20749
delay 2 24 0 29779 0 30212
delay 3 44 0 41178 0 41146
delay 4 47 0 51106 0 50986
energy 0 61468 0 5705
delay 5 44 0 61677 0 61646
delay 6 24 1 5229 1 5662
delay 7 24 1 15440 1 15873
delay 8 24 1 26298 1 26731
delay 9 27 1 35903 1 36294
delay 10 25 1 47236 1 47745
energy 1 57370 0 11635
delay 11 24 1 57495 1 57928
delay 12 15 2 1018 2 1674
delay 13 24 2 11794 2 12227
delay 14 42 2 21981 2 21996
delay 15 15 2 32082 2 32738
delay 16 42 2 42148 2 42163
energy 2 53274 0 17400
delay 17 14 2 53430 2 54094
delay 18 1 2 62491 2 63648
delay 19 24 3 8125 3 8558
delay 20 35 3 17795 3 18001
delay 21 34 3 27922 3 28175
delay 22 24 3 38125 3 38558
delay 23 44 3 48336 3 48310
energy 3 49178 0 23475
delay 24 13 3 58630 3 59353
delay 25 42 4 4357 4 4373
delay 26 44 4 13619 4 13594
delay 27 25 4 23749 4 24258
delay 29 15 4 44125 4 44773
energy 4 45082 0 28675
delay 30 44 4 55294 4 55263
delay 31 44 4 65198 4 65175
