Thread[Thread-1,5,main]tree 1000 14 2 12 0 0
radio 7 2204
radio 7 2207
radio 7 2224
radio 7 2737
radio 7 2754
radio 7 3267
radio 7 3284
radio 7 3797
radio 7 3850
radio 7 4364
radio 7 4397
radio 7 4911
radio 7 4928
radio 7 5441
radio 7 5471
radio 7 5985
radio 7 6018
radio 7 6532
radio 7 6560
radio 7 7074
radio 7 7091
radio 7 7604
radio 7 7656
radio 7 8170
radio 7 8187
radio 7 8700
radio 7 8717
radio 7 9230
radio 7 9247
radio 7 9760
radio 7 9777
radio 7 10290
radio 7 10307
radio 7 10821
radio 7 10870
radio 7 11384
radio 7 11434
radio 7 11948
radio 7 11965
radio 7 12479
radio 7 12507
radio 7 13021
radio 7 13038
radio 7 13552
radio 7 13600
radio 7 14114
radio 7 14131
radio 7 14645
radio 7 14676
radio 7 15190
radio 7 15207
radio 7 15721
radio 7 15738
radio 7 16252
radio 7 16284
radio 7 16798
radio 7 16854
radio 7 17368
radio 7 17401
radio 7 17915
radio 7 17948
radio 7 18462
radio 7 18491
radio 7 19005
radio 7 19075
radio 7 19589
radio 7 19606
radio 7 20120
radio 7 20137
radio 7 20651
radio 7 20687
radio 7 21201
radio 7 21257
radio 7 21771
radio 7 21788
radio 7 22302
radio 7 22336
radio 7 22850
radio 7 22879
radio 7 23393
radio 7 23410
radio 7 23924
radio 7 23980
radio 7 24494
radio 7 24526
radio 7 25040
radio 7 25057
radio 7 25571
radio 7 25599
radio 7 26113
radio 7 26149
radio 7 26663
radio 7 26692
radio 7 27206
radio 7 27223
radio 7 27737
radio 7 27791
radio 7 28305
radio 7 28322
radio 7 28836
radio 7 28865
radio 7 29379
radio 7 29396
radio 7 29910
radio 7 29960
radio 7 30474
radio 7 30509
radio 7 31023
radio 7 31054
radio 7 31568
radio 7 31599
radio 7 32113
radio 7 32161
radio 7 32675
radio 7 32706
radio 7 33220
radio 7 33237
radio 7 33751
radio 7 33785
radio 7 34299
radio 7 34316
radio 7 34830
radio 7 34881
radio 7 35395
radio 7 35445
radio 7 35959
radio 7 35976
radio 7 36490
radio 7 36560
radio 7 37074
radio 7 37123
radio 7 37637
radio 7 37654
radio 7 38168
radio 7 38197
radio 7 38711
radio 7 38728
radio 7 39242
radio 7 39293
radio 7 39807
radio 7 39824
radio 7 40338
radio 7 40369
radio 7 40883
radio 7 40918
radio 7 41432
radio 7 41462
radio 7 41976
radio 7 42011
radio 7 42525
radio 7 42576
radio 7 43090
radio 7 43119
radio 7 43633
radio 7 43650
radio 7 44164
radio 7 44181
radio 7 44695
radio 7 44745
radio 7 45259
radio 7 45276
radio 7 45790
radio 7 45807
radio 7 46321
radio 7 46357
radio 7 46871
radio 7 46888
radio 7 47402
radio 7 47419
radio 7 47933
radio 7 47950
radio 7 48464
radio 7 48520
radio 7 49034
radio 7 49051
radio 7 49565
radio 7 49582
radio 7 50096
radio 7 50113
radio 7 50627
radio 7 50644
radio 7 51158
radio 7 51175
radio 7 51689
radio 7 51724
radio 7 52238
radio 7 52287
radio 7 52801
radio 7 52956
radio 7 53470
radio 7 53586
radio 7 54100
radio 7 54117
radio 7 54631
radio 7 54662
radio 7 55176
radio 7 55224
radio 7 55738
radio 7 55826
radio 7 56340
radio 7 56428
radio 7 56942
radio 7 56977
radio 7 57491
radio 7 57559
radio 7 58073
radio 7 58105
radio 7 58619
radio 7 58651
radio 7 59165
radio 7 59216
radio 7 59730
radio 7 59747
radio 7 60261
radio 7 60292
radio 7 60806
radio 7 60836
radio 7 61350
radio 7 61367
radio 7 61881
radio 7 61898
radio 7 62412
radio 7 62467
radio 7 62981
radio 7 62998
radio 7 63512
radio 7 63542
energy 7 63655 7 5293
radio 7 64056
radio 7 64084
radio 7 64598
radio 7 64628
radio 7 65142
radio 7 65192
radio 8 170
radio 8 198
radio 8 711
radio 8 728
radio 8 1241
radio 8 1274
radio 8 1788
radio 8 1805
radio 8 2318
radio 8 2335
radio 8 2848
radio 8 2865
radio 8 3378
radio 8 3428
radio 8 3942
radio 8 3970
radio 8 4484
radio 8 4518
radio 8 5032
radio 8 5068
radio 8 5582
radio 8 5635
radio 8 6149
radio 8 6166
radio 8 6679
radio 8 6708
radio 8 7222
radio 8 7239
radio 8 7752
radio 8 7786
radio 8 8300
radio 8 8329
radio 8 8843
radio 8 8860
radio 8 9373
radio 8 9390
radio 8 9903
radio 8 9932
radio 8 10446
radio 8 10477
radio 8 10991
radio 8 11022
radio 8 11536
radio 8 11553
radio 8 12067
radio 8 12084
radio 8 12598
radio 8 12615
radio 8 13129
radio 8 13222
radio 8 13736
radio 8 13768
radio 8 14282
radio 8 14331
radio 8 14845
radio 8 14874
radio 8 15388
radio 8 15405
radio 8 15919
radio 8 15947
radio 8 16461
radio 8 16478
radio 8 16992
radio 8 17028
radio 8 17542
radio 8 17570
radio 8 18084
radio 8 18101
radio 8 18615
radio 8 18649
radio 8 19163
radio 8 19180
radio 8 19694
radio 8 19711
radio 8 20225
radio 8 20255
radio 8 20769
radio 8 20802
radio 8 21316
radio 8 21365
radio 8 21879
radio 8 21927
radio 8 22441
radio 8 22471
radio 8 22985
radio 8 23033
radio 8 23547
radio 8 23618
radio 8 24132
radio 8 24149
radio 8 24663
radio 8 24712
radio 8 25226
radio 8 25255
radio 8 25769
radio 8 25786
radio 8 26300
radio 8 26329
radio 8 26843
radio 8 26873
radio 8 27387
radio 8 27404
radio 8 27918
radio 8 27970
radio 8 28484
radio 8 28501
radio 8 29015
radio 8 29044
radio 8 29558
radio 8 29587
radio 8 30101
radio 8 30137
radio 8 30651
radio 8 30679
radio 8 31193
radio 8 31246
radio 8 31760
radio 8 31789
radio 8 32303
radio 8 32332
radio 8 32846
radio 8 32895
radio 8 33409
radio 8 33441
radio 8 33955
radio 8 33989
radio 8 34503
radio 8 34520
radio 8 35034
radio 8 35067
radio 8 35581
radio 8 35610
radio 8 36124
radio 8 36180
radio 8 36694
radio 8 36722
radio 8 37236
radio 8 37270
radio 8 37784
radio 8 37801
radio 8 38315
radio 8 38346
radio 8 38860
radio 8 38888
radio 8 39402
radio 8 39419
radio 8 39933
radio 8 39966
radio 8 40480
radio 8 40510
radio 8 41024
radio 8 41077
radio 8 41591
radio 8 41622
radio 8 42136
radio 8 42165
radio 8 42679
radio 8 42707
radio 8 43221
radio 8 43271
radio 8 43785
radio 8 43816
radio 8 44330
delay 0 12 8 44351 8 44175 9 16 7 0 164 0 0
radio 8 44359
radio 8 44873
radio 8 44891
radio 8 45404
radio 8 45421
radio 8 45934
radio 8 45965
radio 8 46479
radio 8 46531
radio 8 47045
radio 8 47076
radio 8 47590
radio 8 47607
radio 8 48121
radio 8 48153
radio 8 48667
radio 8 48700
radio 8 49214
radio 8 49231
radio 8 49745
radio 8 49762
radio 8 50276
radio 8 50293
radio 8 50807
radio 8 50856
radio 8 51370
radio 8 51403
radio 8 51917
radio 8 52005
radio 8 52519
radio 8 52647
radio 8 53161
radio 8 53178
radio 8 53692
radio 8 53786
radio 8 54300
radio 8 54317
radio 8 54831
radio 8 54848
radio 8 55362
radio 8 55392
radio 8 55906
radio 8 55958
radio 8 56472
radio 8 56503
radio 8 57017
radio 8 57052
radio 8 57566
radio 8 57583
radio 8 58097
radio 8 58114
radio 8 58628
radio 8 58645
radio 8 59159
radio 8 59248
energy 8 59559 7 8293
radio 8 59762
radio 8 59793
radio 8 60307
radio 8 60339
radio 8 60853
radio 8 60887
radio 8 61401
radio 8 61449
radio 8 61963
radio 8 61980
radio 8 62494
radio 8 62523
radio 8 63037
radio 8 63054
radio 8 63568
radio 8 63623
radio 8 64137
radio 8 64154
radio 8 64668
delay 1 12 8 64742 8 64565 9 16 7 0 192 0 0
radio 8 64749
radio 8 65264
radio 8 65359
radio 9 336
radio 9 405
radio 9 918
radio 9 986
radio 9 1499
radio 9 1548
radio 9 2062
radio 9 2079
radio 9 2592
radio 9 2624
radio 9 3138
radio 9 3155
radio 9 3668
radio 9 3704
radio 9 4218
radio 9 4269
radio 9 4783
radio 9 4812
radio 9 5326
radio 9 5359
radio 9 5873
radio 9 5890
radio 9 6403
radio 9 6420
radio 9 6933
radio 9 6965
radio 9 7479
radio 9 7507
radio 9 8021
radio 9 8050
radio 9 8564
radio 9 8598
radio 9 9112
radio 9 9129
radio 9 9642
radio 9 9695
radio 9 10209
radio 9 10240
radio 9 10754
radio 9 10806
radio 9 11320
radio 9 11337
radio 9 11851
radio 9 11883
radio 9 12397
radio 9 12452
radio 9 12966
radio 9 13017
radio 9 13531
radio 9 13564
radio 9 14078
radio 9 14131
radio 9 14645
radio 9 14680
radio 9 15194
radio 9 15222
radio 9 15736
radio 9 15765
radio 9 16279
radio 9 16332
radio 9 16846
radio 9 16863
radio 9 17377
radio 9 17427
radio 9 17941
radio 9 17958
radio 9 18472
radio 9 18525
radio 9 19039
radio 9 19087
radio 9 19601
delay 2 12 9 19681 9 19504 9 16 7 0 99 1 0
radio 9 20752
radio 9 21265
radio 9 21282
radio 9 21796
radio 9 21824
radio 9 22338
radio 9 22355
radio 9 22869
radio 9 22886
radio 9 23400
radio 9 23455
radio 9 23969
radio 9 24038
radio 9 24552
radio 9 24582
radio 9 25096
radio 9 25125
radio 9 25639
radio 9 25687
radio 9 26201
radio 9 26218
radio 9 26732
radio 9 26762
radio 9 27276
radio 9 27305
radio 9 27819
radio 9 27867
radio 9 28381
radio 9 28414
radio 9 28928
radio 9 28962
radio 9 29476
radio 9 29493
radio 9 30007
radio 9 30024
radio 9 30538
radio 9 30593
radio 9 31107
radio 9 31124
radio 9 31638
radio 9 31655
radio 9 32169
radio 9 32200
radio 9 32714
radio 9 32731
radio 9 33245
radio 9 33262
radio 9 33776
radio 9 33793
radio 9 34307
radio 9 34324
radio 9 34838
radio 9 34893
radio 9 35407
radio 9 35443
radio 9 35957
radio 9 35974
radio 9 36488
radio 9 36521
radio 9 37035
radio 9 37065
radio 9 37579
radio 9 37596
radio 9 38110
radio 9 38145
radio 9 38659
radio 9 38693
radio 9 39207
radio 9 39224
radio 9 39738
radio 9 39755
radio 9 40269
delay 3 2 9 40284 9 40145 9 16 7 0 372 0 0
radio 9 40291
radio 9 40805
radio 9 40823
radio 9 41336
radio 9 41356
radio 9 41869
radio 9 41917
radio 9 42431
radio 9 42448
radio 9 42962
radio 9 42997
radio 9 43511
radio 9 43539
radio 9 44053
radio 9 44070
radio 9 44584
radio 9 44633
radio 9 45147
radio 9 45195
radio 9 45709
radio 9 45757
radio 9 46271
radio 9 46339
radio 9 46853
radio 9 46870
radio 9 47384
radio 9 47413
radio 9 47927
radio 9 48015
radio 9 48529
radio 9 48643
radio 9 49157
radio 9 49209
radio 9 49723
radio 9 49740
radio 9 50254
radio 9 50307
radio 9 50821
radio 9 50855
radio 9 51369
radio 9 51386
radio 9 51900
radio 9 51931
radio 9 52445
radio 9 52462
radio 9 52976
radio 9 53026
radio 9 53540
radio 9 53588
radio 9 54102
radio 9 54119
radio 9 54633
radio 9 54650
radio 9 55164
radio 9 55196
energy 9 55463 7 12563
radio 9 55710
radio 9 55759
radio 9 56273
radio 9 56309
radio 9 56823
radio 9 56840
radio 9 57354
radio 9 57402
radio 9 57916
radio 9 57944
radio 9 58458
radio 9 58475
radio 9 58989
radio 9 59040
radio 9 59554
radio 9 59571
radio 9 60085
radio 9 60118
radio 9 60632
delay 4 33 9 60647 9 59784 14 16 2 0 197 0 0
radio 9 60655
radio 9 61169
radio 9 61324
radio 9 61838
radio 9 61853
radio 9 62367
radio 9 62396
radio 9 62910
radio 9 62941
radio 9 63455
radio 9 63472
radio 9 63986
radio 9 64035
radio 9 64549
radio 9 64579
radio 9 65093
radio 9 65128
radio 10 106
radio 10 178
radio 10 692
radio 10 741
radio 10 1255
radio 10 1272
radio 10 1786
radio 10 1814
radio 10 2328
radio 10 2379
radio 10 2893
radio 10 2923
radio 10 3437
radio 10 3468
radio 10 3982
radio 10 4015
radio 10 4529
radio 10 4585
radio 10 5099
radio 10 5147
radio 10 5661
radio 10 5678
radio 10 6192
radio 10 6209
radio 10 6723
radio 10 6815
radio 10 7329
radio 10 7346
radio 10 7860
radio 10 7889
radio 10 8403
radio 10 8436
radio 10 8950
radio 10 8967
radio 10 9481
radio 10 9511
radio 10 10025
radio 10 10053
radio 10 10567
radio 10 10597
radio 10 11111
radio 10 11162
radio 10 11676
radio 10 11693
radio 10 12207
radio 10 12242
radio 10 12756
radio 10 12773
radio 10 13287
radio 10 13323
radio 10 13837
radio 10 13854
radio 10 14368
radio 10 14402
radio 10 14916
radio 10 14990
radio 10 15504
radio 10 15597
radio 10 16111
radio 10 16128
radio 10 16642
radio 10 16677
radio 10 17191
radio 10 17219
radio 10 17733
radio 10 17750
radio 10 18264
radio 10 18281
radio 10 18795
radio 10 18845
radio 10 19359
radio 10 19387
radio 10 19901
radio 10 19918
radio 10 20432
radio 10 20469
radio 10 20983
radio 10 21000
radio 10 21514
radio 10 21545
radio 10 22059
radio 10 22087
radio 10 22601
radio 10 22650
radio 10 23164
radio 10 23192
radio 10 23706
radio 10 23743
radio 10 24257
radio 10 24285
radio 10 24799
radio 10 24853
radio 10 25367
radio 10 25399
radio 10 25913
radio 10 25930
radio 10 26444
radio 10 26461
radio 10 26975
radio 10 27029
radio 10 27543
radio 10 27572
radio 10 28086
radio 10 28118
radio 10 28632
radio 10 28664
radio 10 29178
radio 10 29232
radio 10 29746
radio 10 29763
radio 10 30277
radio 10 30294
radio 10 30808
radio 10 30825
radio 10 31339
radio 10 31373
radio 10 31887
radio 10 31918
radio 10 32432
radio 10 32482
radio 10 32996
radio 10 33013
radio 10 33527
radio 10 33556
radio 10 34070
radio 10 34087
radio 10 34601
radio 10 34618
radio 10 35132
radio 10 35165
radio 10 35679
radio 10 35729
radio 10 36243
delay 6 12 10 36260 10 36081 9 16 7 0 132 1 0
radio 10 37322
radio 10 37836
radio 10 37853
radio 10 38367
radio 10 38396
radio 10 38910
radio 10 38946
radio 10 39460
radio 10 39508
radio 10 40022
radio 10 40039
radio 10 40553
radio 10 40570
radio 10 41084
radio 10 41101
radio 10 41615
radio 10 41710
radio 10 42224
radio 10 42296
radio 10 42810
radio 10 42858
radio 10 43372
radio 10 43420
radio 10 43934
radio 10 43986
radio 10 44500
radio 10 44531
radio 10 45045
radio 10 45134
radio 10 45648
radio 10 45716
radio 10 46230
radio 10 46247
radio 10 46761
radio 10 46778
radio 10 47292
radio 10 47321
radio 10 47835
radio 10 47889
radio 10 48403
radio 10 48452
radio 10 48966
radio 10 48983
radio 10 49497
radio 10 49514
radio 10 50028
radio 10 50063
radio 10 50577
radio 10 50645
radio 10 51159
radio 10 51195
energy 10 51367 7 16895
radio 10 51709
radio 10 51726
radio 10 52240
radio 10 52257
radio 10 52771
radio 10 52823
radio 10 53337
radio 10 53372
radio 10 53886
radio 10 53921
radio 10 54435
radio 10 54463
radio 10 54977
radio 10 55028
radio 10 55542
radio 10 55559
radio 10 56073
radio 10 56090
radio 10 56604
delay 7 12 10 56704 10 56525 9 16 7 0 245 0 0
radio 10 56712
radio 10 57226
radio 10 57270
radio 10 57784
radio 10 57806
radio 10 58319
radio 10 58336
radio 10 58850
radio 10 58903
radio 10 59417
radio 10 59454
radio 10 59968
radio 10 60019
radio 10 60533
radio 10 60581
radio 10 61095
radio 10 61112
radio 10 61626
radio 10 61643
radio 10 62157
radio 10 62188
radio 10 62702
radio 10 62719
radio 10 63233
radio 10 63270
radio 10 63784
radio 10 63856
radio 10 64370
radio 10 64387
radio 10 64901
radio 10 64918
radio 10 65432
radio 10 65449
radio 11 427
radio 11 457
radio 11 971
radio 11 1021
radio 11 1535
radio 11 1651
radio 11 2165
radio 11 2196
radio 11 2710
radio 11 2743
radio 11 3257
radio 11 3286
radio 11 3800
radio 11 3856
radio 11 4370
radio 11 4400
radio 11 4914
radio 11 4931
radio 11 5445
radio 11 5480
radio 11 5994
radio 11 6011
radio 11 6525
radio 11 6542
radio 11 7056
radio 11 7108
radio 11 7622
radio 11 7639
radio 11 8153
radio 11 8184
radio 11 8698
radio 11 8715
radio 11 9229
radio 11 9261
radio 11 9775
radio 11 9804
radio 11 10318
radio 11 10335
radio 11 10849
radio 11 10904
radio 11 11418
radio 11 11435
radio 11 11949
radio 11 11966
radio 11 12480
radio 11 12511
radio 11 13025
radio 11 13042
radio 11 13556
radio 11 13604
radio 11 14118
radio 11 14152
radio 11 14666
radio 11 14683
radio 11 15197
radio 11 15214
radio 11 15728
radio 11 15759
radio 11 16273
radio 11 16290
radio 11 16804
radio 11 16859
radio 11 17373
radio 11 17390
radio 11 17904
radio 11 17936
radio 11 18450
radio 11 18467
radio 11 18981
radio 11 19095
radio 11 19609
radio 11 19626
radio 11 20140
radio 11 20172
radio 11 20686
radio 11 20734
radio 11 21248
radio 11 21277
radio 11 21791
radio 11 21820
radio 11 22334
radio 11 22351
radio 11 22865
radio 11 22900
radio 11 23414
radio 11 23465
radio 11 23979
radio 11 24008
radio 11 24522
radio 11 24539
radio 11 25053
radio 11 25081
radio 11 25595
radio 11 25624
radio 11 26138
radio 11 26190
radio 11 26704
radio 11 26721
radio 11 27235
radio 11 27252
radio 11 27766
radio 11 27796
radio 11 28310
radio 11 28340
radio 11 28854
radio 11 28885
radio 11 29399
radio 11 29433
radio 11 29947
radio 11 29995
radio 11 30509
radio 11 30526
radio 11 31040
radio 11 31071
radio 11 31585
radio 11 31602
radio 11 32116
delay 9 12 11 32245 11 32065 9 16 7 0 445 0 0
radio 11 32252
radio 11 32767
radio 11 32892
radio 11 33405
radio 11 33458
radio 11 33972
radio 11 34001
radio 11 34515
radio 11 34550
radio 11 35064
radio 11 35094
radio 11 35608
radio 11 35660
radio 11 36174
radio 11 36387
radio 11 36901
radio 11 36933
radio 11 37447
radio 11 37478
radio 11 37992
radio 11 38062
radio 11 38576
radio 11 38606
radio 11 39120
radio 11 39137
radio 11 39651
radio 11 39668
radio 11 40182
radio 11 40333
radio 11 40847
radio 11 40883
radio 11 41397
radio 11 41527
radio 11 42041
radio 11 42075
radio 11 42589
radio 11 42606
radio 11 43120
radio 11 43168
radio 11 43682
radio 11 43714
radio 11 44228
radio 11 44245
radio 11 44759
radio 11 44776
radio 11 45290
radio 11 45320
radio 11 45834
radio 11 45851
radio 11 46365
radio 11 46382
radio 11 46896
radio 11 46913
energy 11 47271 7 20427
radio 11 47427
radio 11 47475
radio 11 47989
radio 11 48020
radio 11 48534
radio 11 48566
radio 11 49080
radio 11 49111
radio 11 49625
radio 11 49681
radio 11 50195
radio 11 50212
radio 11 50726
radio 11 50743
radio 11 51257
radio 11 51286
radio 11 51800
radio 11 51829
radio 11 52343
delay 10 3 11 52358 11 52058 14 16 2 0 121 0 0
radio 11 52366
radio 11 52881
radio 11 53025
radio 11 53538
radio 11 53566
radio 11 54080
radio 11 54128
radio 11 54642
radio 11 54671
radio 11 55185
radio 11 55259
radio 11 55773
radio 11 55802
radio 11 56316
radio 11 56351
radio 11 56865
radio 11 56937
radio 11 57451
radio 11 57484
radio 11 57998
radio 11 58027
radio 11 58541
radio 11 58592
radio 11 59106
radio 11 59140
radio 11 59654
radio 11 59685
radio 11 60199
radio 11 60216
radio 11 60730
radio 11 60747
radio 11 61261
radio 11 61312
radio 11 61826
radio 11 61855
radio 11 62369
radio 11 62386
radio 11 62900
radio 11 62934
radio 11 63448
radio 11 63465
radio 11 63979
radio 11 63996
radio 11 64510
radio 11 64527
radio 11 65041
radio 11 65077
radio 12 55
radio 12 83
radio 12 596
radio 12 613
radio 12 1126
radio 12 1158
radio 12 1672
radio 12 1689
radio 12 2203
radio 12 2220
radio 12 2734
radio 12 2765
radio 12 3279
radio 12 3335
radio 12 3849
radio 12 3866
radio 12 4380
radio 12 4397
radio 12 4911
radio 12 4943
radio 12 5457
radio 12 5474
radio 12 5988
radio 12 6018
radio 12 6532
radio 12 6580
radio 12 7094
radio 12 7111
radio 12 7625
delay 11 12 12 7667 12 7487 9 16 7 0 435 0 0
radio 12 7675
radio 12 8190
radio 12 8238
radio 12 8752
radio 12 8781
radio 12 9295
radio 12 9343
radio 12 9857
radio 12 9874
radio 12 10388
radio 12 10417
radio 12 10931
radio 12 10948
radio 12 11462
radio 12 11511
radio 12 12025
radio 12 12053
radio 12 12567
radio 12 12584
radio 12 13098
radio 12 13146
radio 12 13660
radio 12 13716
radio 12 14230
radio 12 14247
radio 12 14761
radio 12 14795
radio 12 15309
radio 12 15326
radio 12 15840
radio 12 15857
radio 12 16371
radio 12 16406
radio 12 16920
radio 12 16948
radio 12 17462
radio 12 17479
radio 12 17993
radio 12 18043
radio 12 18557
radio 12 18586
radio 12 19100
radio 12 19133
radio 12 19647
radio 12 19675
radio 12 20189
radio 12 20244
radio 12 20758
radio 12 20788
radio 12 21302
radio 12 21319
radio 12 21833
radio 12 21889
radio 12 22403
radio 12 22431
radio 12 22945
radio 12 22962
radio 12 23476
radio 12 23493
radio 12 24007
radio 12 24040
radio 12 24554
radio 12 24587
radio 12 25101
radio 12 25132
radio 12 25646
radio 12 25719
radio 12 26233
radio 12 26262
radio 12 26776
radio 12 26844
radio 12 27358
radio 12 27375
radio 12 27889
delay 12 10 12 27909 12 27362 15 16 1 0 50 0 0
radio 12 27917
radio 12 28431
radio 12 28449
radio 12 28963
radio 12 28981
radio 12 29495
radio 12 29543
radio 12 30057
radio 12 30085
radio 12 30599
radio 12 30627
radio 12 31141
radio 12 31250
radio 12 31764
radio 12 31854
radio 12 32368
radio 12 32399
radio 12 32913
radio 12 33001
radio 12 33515
radio 12 33564
radio 12 34078
radio 12 34189
radio 12 34703
radio 12 34812
radio 12 35326
radio 12 35360
radio 12 35874
radio 12 36022
radio 12 36536
radio 12 36553
radio 12 37067
radio 12 37116
radio 12 37630
radio 12 37663
radio 12 38177
radio 12 38287
radio 12 38801
radio 12 38831
radio 12 39345
radio 12 39398
radio 12 39912
radio 12 39961
radio 12 40475
radio 12 40508
radio 12 41022
radio 12 41051
radio 12 41565
radio 12 41600
radio 12 42114
radio 12 42142
radio 12 42656
radio 12 42673
energy 12 43175 7 24001
radio 12 43187
radio 12 43216
radio 12 43730
radio 12 43747
radio 12 44261
radio 12 44296
radio 12 44810
radio 12 44860
radio 12 45374
radio 12 45391
radio 12 45905
radio 12 45940
radio 12 46454
radio 12 46471
radio 12 46985
radio 12 47014
radio 12 47528
radio 12 47545
radio 12 48059
delay 13 12 12 48214 12 48033 9 16 7 0 130 1 0
radio 12 49285
radio 12 49799
radio 12 49829
radio 12 50343
radio 12 50378
radio 12 50892
radio 12 50962
radio 12 51476
radio 12 51508
radio 12 52022
radio 12 52039
radio 12 52553
radio 12 52582
radio 12 53096
radio 12 53164
radio 12 53678
radio 12 53695
radio 12 54209
radio 12 54226
radio 12 54740
radio 12 54813
radio 12 55327
radio 12 55355
radio 12 55869
radio 12 55886
radio 12 56400
radio 12 56417
radio 12 56931
radio 12 56948
radio 12 57462
radio 12 57493
radio 12 58007
radio 12 58035
radio 12 58549
radio 12 58618
radio 12 59132
radio 12 59165
radio 12 59679
radio 12 59747
radio 12 60261
radio 12 60292
radio 12 60806
radio 12 60823
radio 12 61337
radio 12 61372
radio 12 61886
radio 12 61903
radio 12 62417
radio 12 62434
radio 12 62948
radio 12 63000
radio 12 63514
radio 12 63531
radio 12 64045
radio 12 64079
radio 12 64593
radio 12 64610
radio 12 65124
radio 12 65196
radio 13 174
radio 13 202
radio 13 716
radio 13 745
radio 13 1259
radio 13 1289
radio 13 1803
radio 13 1820
radio 13 2334
radio 13 2363
radio 13 2877
radio 13 2913
radio 13 3427
delay 14 11 13 3443 13 2997 9 16 7 0 188 1 0
radio 13 4516
radio 13 5030
radio 13 5047
radio 13 5561
radio 13 5578
radio 13 6092
radio 13 6124
radio 13 6638
radio 13 6712
radio 13 7226
radio 13 7243
radio 13 7757
radio 13 7774
radio 13 8288
radio 13 8305
radio 13 8819
radio 13 8836
radio 13 9350
radio 13 9367
radio 13 9881
radio 13 9911
radio 13 10425
radio 13 10442
radio 13 10956
radio 13 10990
radio 13 11504
radio 13 11535
radio 13 12049
radio 13 12084
radio 13 12598
radio 13 12628
radio 13 13142
radio 13 13192
radio 13 13706
radio 13 13723
radio 13 14237
radio 13 14254
radio 13 14768
radio 13 14785
radio 13 15299
radio 13 15328
radio 13 15842
radio 13 15859
radio 13 16373
radio 13 16390
radio 13 16904
radio 13 16921
radio 13 17435
radio 13 17486
radio 13 18000
radio 13 18017
radio 13 18531
radio 13 18548
radio 13 19062
radio 13 19095
radio 13 19609
radio 13 19626
radio 13 20140
radio 13 20170
radio 13 20684
radio 13 20701
radio 13 21215
radio 13 21265
radio 13 21779
radio 13 21808
radio 13 22322
radio 13 22352
radio 13 22866
radio 13 22896
radio 13 23410
radio 13 23461
radio 13 23975
delay 15 12 13 23993 13 23811 9 16 7 0 353 0 0
radio 13 24001
radio 13 24515
radio 13 24612
radio 13 25126
radio 13 25179
radio 13 25693
radio 13 25710
radio 13 26224
radio 13 26241
radio 13 26755
radio 13 26791
radio 13 27305
radio 13 27375
radio 13 27889
radio 13 27906
radio 13 28420
radio 13 28449
radio 13 28963
radio 13 29171
radio 13 29685
radio 13 29720
radio 13 30234
radio 13 30307
radio 13 30821
radio 13 30870
radio 13 31384
radio 13 31435
radio 13 31949
radio 13 31966
radio 13 32480
radio 13 32497
radio 13 33011
radio 13 33028
radio 13 33542
radio 13 33570
radio 13 34084
radio 13 34101
radio 13 34615
radio 13 34632
radio 13 35146
radio 13 35163
radio 13 35677
radio 13 35694
radio 13 36208
radio 13 36283
radio 13 36797
radio 13 36814
radio 13 37328
radio 13 37345
radio 13 37859
radio 13 37876
radio 13 38390
radio 13 38407
radio 13 38921
radio 13 38955
energy 13 39079 7 29137
radio 13 39469
radio 13 39502
radio 13 40016
radio 13 40066
radio 13 40580
radio 13 40597
radio 13 41111
radio 13 41139
radio 13 41653
radio 13 41670
radio 13 42184
radio 13 42260
radio 13 42774
radio 13 42805
radio 13 43319
radio 13 43336
radio 13 43850
radio 13 43867
radio 13 44381
delay 16 12 13 44401 13 44219 9 16 7 0 152 1 0
radio 13 45478
radio 13 45992
radio 13 46023
radio 13 46537
radio 13 46565
radio 13 47079
radio 13 47111
radio 13 47625
radio 13 47642
radio 13 48156
radio 13 48187
radio 13 48701
radio 13 48718
radio 13 49232
radio 13 49249
radio 13 49763
radio 13 49817
radio 13 50331
radio 13 50348
radio 13 50862
radio 13 50879
radio 13 51393
radio 13 51425
radio 13 51939
radio 13 52012
radio 13 52526
radio 13 52543
radio 13 53057
radio 13 53074
radio 13 53588
radio 13 53605
radio 13 54119
radio 13 54187
radio 13 54701
radio 13 54718
radio 13 55232
radio 13 55249
radio 13 55763
radio 13 55780
radio 13 56294
radio 13 56311
radio 13 56825
radio 13 56861
radio 13 57375
radio 13 57392
radio 13 57906
radio 13 57938
radio 13 58452
radio 13 58484
radio 13 58998
radio 13 59026
radio 13 59540
radio 13 59557
radio 13 60071
radio 13 60088
radio 13 60602
radio 13 60636
radio 13 61150
radio 13 61179
radio 13 61693
radio 13 61743
radio 13 62257
radio 13 62290
radio 13 62804
radio 13 62838
radio 13 63352
radio 13 63381
radio 13 63895
radio 13 63927
radio 13 64441
delay 17 0 13 64482 13 64749 0 16 16 1 41 0 0
radio 13 64490
radio 13 65004
radio 13 65050
radio 14 28
radio 14 72
radio 14 585
radio 14 637
radio 14 1151
radio 14 1168
radio 14 1682
radio 14 1717
radio 14 2231
radio 14 2248
radio 14 2761
radio 14 2834
radio 14 3348
radio 14 3365
radio 14 3879
radio 14 3896
radio 14 4410
radio 14 4439
radio 14 4953
radio 14 4986
radio 14 5500
radio 14 5530
radio 14 6044
radio 14 6093
radio 14 6607
radio 14 6635
radio 14 7149
radio 14 7179
radio 14 7693
radio 14 7763
radio 14 8277
radio 14 8294
radio 14 8808
radio 14 8836
radio 14 9350
radio 14 9367
radio 14 9880
radio 14 9916
radio 14 10430
radio 14 10447
radio 14 10961
radio 14 10978
radio 14 11492
radio 14 11526
radio 14 12040
radio 14 12071
radio 14 12585
radio 14 12616
radio 14 13130
radio 14 13147
radio 14 13661
radio 14 13678
radio 14 14192
radio 14 14264
radio 14 14778
radio 14 14795
radio 14 15309
radio 14 15326
radio 14 15840
radio 14 15870
radio 14 16384
radio 14 16401
radio 14 16915
radio 14 16964
radio 14 17478
radio 14 17495
radio 14 18009
radio 14 18038
radio 14 18552
radio 14 18589
radio 14 19103
radio 14 19138
radio 14 19652
delay 18 0 14 19698 14 19965 0 16 16 1 313 0 0
radio 14 19706
radio 14 20220
radio 14 20240
radio 14 20753
radio 14 20770
radio 14 21284
radio 14 21313
radio 14 21827
radio 14 21859
radio 14 22373
radio 14 22442
radio 14 22956
radio 14 23044
radio 14 23558
radio 14 23586
radio 14 24100
radio 14 24189
radio 14 24703
radio 14 24752
radio 14 25266
radio 14 25379
radio 14 25893
radio 14 26002
radio 14 26516
radio 14 26569
radio 14 27083
radio 14 27131
radio 14 27645
radio 14 27814
radio 14 28328
radio 14 28357
radio 14 28871
radio 14 28964
radio 14 29478
radio 14 29568
radio 14 30082
radio 14 30099
radio 14 30613
radio 14 30630
radio 14 31144
radio 14 31174
radio 14 31688
radio 14 31722
radio 14 32236
radio 14 32253
radio 14 32767
radio 14 32784
radio 14 33298
radio 14 33347
radio 14 33861
radio 14 33878
radio 14 34392
radio 14 34427
radio 14 34941
radio 14 34969
energy 14 34983 7 33486
radio 14 35483
radio 14 35551
radio 14 36065
radio 14 36095
radio 14 36609
radio 14 36626
radio 14 37140
radio 14 37157
radio 14 37671
radio 14 37688
radio 14 38202
radio 14 38277
radio 14 38791
radio 14 38808
radio 14 39322
radio 14 39339
radio 14 39853
delay 19 0 14 39868 14 40132 0 16 16 1 65535 0 0
radio 14 39876
radio 14 40391
radio 14 40415
radio 14 40929
radio 14 41026
radio 14 41540
radio 14 41557
radio 14 42071
radio 14 42088
radio 14 42602
radio 14 42619
radio 14 43133
radio 14 43207
radio 14 43721
radio 14 43756
radio 14 44270
radio 14 44299
radio 14 44813
radio 14 44862
radio 14 45376
radio 14 45409
radio 14 45923
radio 14 45957
radio 14 46471
radio 14 46507
radio 14 47021
radio 14 47038
radio 14 47552
radio 14 47587
radio 14 48101
radio 14 48118
radio 14 48632
radio 14 48649
radio 14 49163
radio 14 49180
radio 14 49694
radio 14 49723
radio 14 50237
radio 14 50254
radio 14 50768
radio 14 50797
radio 14 51311
radio 14 51385
radio 14 51899
radio 14 51934
radio 14 52448
radio 14 52465
radio 14 52979
radio 14 53067
radio 14 53581
radio 14 53609
radio 14 54123
radio 14 54140
radio 14 54654
radio 14 54671
radio 14 55185
radio 14 55202
radio 14 55716
radio 14 55789
radio 14 56303
radio 14 56337
radio 14 56851
radio 14 56868
radio 14 57382
radio 14 57399
radio 14 57913
radio 14 57930
radio 14 58444
radio 14 58515
radio 14 59029
radio 14 59122
radio 14 59636
radio 14 59691
radio 14 60205
radio 14 60222
radio 14 60736
delay 20 4 14 60756 14 60387 15 16 1 0 109 1 0
radio 14 61828
radio 14 62342
radio 14 62361
radio 14 62874
radio 14 62907
radio 14 63421
radio 14 63452
radio 14 63966
radio 14 63983
radio 14 64497
radio 14 64514
radio 14 65028
radio 14 65045
radio 15 23
radio 15 56
radio 15 569
radio 15 586
radio 15 1099
radio 15 1129
radio 15 1643
radio 15 1671
radio 15 2185
radio 15 2202
radio 15 2716
radio 15 2747
radio 15 3261
radio 15 3291
radio 15 3805
radio 15 3833
radio 15 4347
radio 15 4376
radio 15 4890
radio 15 4941
radio 15 5455
radio 15 5486
radio 15 6000
radio 15 6028
radio 15 6542
radio 15 6612
radio 15 7126
radio 15 7163
radio 15 7677
radio 15 7707
radio 15 8221
radio 15 8289
radio 15 8803
radio 15 8820
radio 15 9334
radio 15 9365
radio 15 9879
radio 15 9909
radio 15 10423
radio 15 10491
radio 15 11005
radio 15 11038
radio 15 11552
radio 15 11584
radio 15 12098
radio 15 12170
radio 15 12684
radio 15 12701
radio 15 13215
radio 15 13232
radio 15 13746
radio 15 13821
radio 15 14335
radio 15 14352
radio 15 14866
radio 15 14896
radio 15 15410
delay 21 0 15 15480 15 15747 0 16 16 1 191 0 0
radio 15 15488
radio 15 16003
radio 15 16018
radio 15 16532
radio 15 16550
radio 15 17063
radio 15 17126
radio 15 17640
radio 15 17672
radio 15 18186
radio 15 18203
radio 15 18717
radio 15 18751
radio 15 19265
radio 15 19355
radio 15 19869
radio 15 19917
radio 15 20431
radio 15 20579
radio 15 21093
radio 15 21130
radio 15 21644
radio 15 21732
radio 15 22246
radio 15 22317
radio 15 22831
radio 15 22860
radio 15 23374
radio 15 23423
radio 15 23937
radio 15 24046
radio 15 24560
radio 15 24615
radio 15 25129
radio 15 25179
radio 15 25693
radio 15 25726
radio 15 26240
radio 15 26292
radio 15 26806
radio 15 26856
radio 15 27370
radio 15 27387
radio 15 27901
radio 15 27918
radio 15 28432
radio 15 28504
radio 15 29018
radio 15 29035
radio 15 29549
radio 15 29566
radio 15 30080
radio 15 30109
radio 15 30623
radio 15 30653
energy 15 30887 7 38025
radio 15 31167
radio 15 31204
radio 15 31718
radio 15 31750
radio 15 32264
radio 15 32281
radio 15 32795
radio 15 32812
radio 15 33326
radio 15 33362
radio 15 33876
radio 15 33905
radio 15 34419
radio 15 34436
radio 15 34950
radio 15 35000
radio 15 35514
radio 15 35531
radio 15 36045
delay 22 23 15 36062 15 35537 15 16 1 0 195 0 0
radio 15 36070
radio 15 36585
radio 15 36606
radio 15 37120
radio 15 37327
radio 15 37840
radio 15 37871
radio 15 38385
radio 15 38402
radio 15 38916
radio 15 38933
radio 15 39447
radio 15 39482
radio 15 39996
radio 15 40013
radio 15 40527
radio 15 40544
radio 15 41058
radio 15 41075
radio 15 41589
radio 15 41641
radio 15 42155
radio 15 42189
radio 15 42703
radio 15 42720
radio 15 43234
radio 15 43251
radio 15 43765
radio 15 43836
radio 15 44350
radio 15 44367
radio 15 44881
radio 15 44914
radio 15 45428
radio 15 45462
radio 15 45976
radio 15 46028
radio 15 46542
radio 15 46571
radio 15 47085
radio 15 47102
radio 15 47616
radio 15 47645
radio 15 48159
radio 15 48187
radio 15 48701
radio 15 48731
radio 15 49245
radio 15 49296
radio 15 49810
radio 15 49827
radio 15 50341
radio 15 50358
radio 15 50872
radio 15 50889
radio 15 51403
radio 15 51420
radio 15 51934
radio 15 51962
radio 15 52476
radio 15 52493
radio 15 53007
radio 15 53024
radio 15 53538
radio 15 53567
radio 15 54081
radio 15 54111
radio 15 54625
radio 15 54642
radio 15 55156
radio 15 55173
radio 15 55687
radio 15 55715
radio 15 56229
radio 15 56246
radio 15 56760
delay 23 2 15 56919 15 56773 9 16 7 0 581 0 0
radio 15 56927
radio 15 57442
radio 15 57667
radio 15 58181
radio 15 58209
radio 15 58723
radio 15 58740
radio 15 59254
radio 15 59271
radio 15 59785
radio 15 59815
radio 15 60329
radio 15 60404
radio 15 60918
radio 15 60952
radio 15 61466
radio 15 61496
radio 15 62010
radio 15 62082
radio 15 62596
radio 15 62626
radio 15 63140
radio 15 63169
radio 15 63683
radio 15 63700
radio 15 64214
radio 15 64284
radio 15 64798
radio 15 64827
radio 15 65341
radio 15 65358
radio 16 336
radio 16 353
radio 16 866
radio 16 896
radio 16 1410
radio 16 1441
radio 16 1955
radio 16 2005
radio 16 2519
radio 16 2554
radio 16 3068
radio 16 3099
radio 16 3613
radio 16 3630
radio 16 4144
radio 16 4177
radio 16 4691
radio 16 4722
radio 16 5236
radio 16 5253
radio 16 5767
radio 16 5784
radio 16 6298
radio 16 6330
radio 16 6844
radio 16 6861
radio 16 7375
radio 16 7392
radio 16 7906
radio 16 7976
radio 16 8490
radio 16 8520
radio 16 9034
radio 16 9051
radio 16 9565
radio 16 9596
radio 16 10110
radio 16 10178
radio 16 10692
radio 16 10709
radio 16 11223
radio 16 11240
radio 16 11754
delay 24 12 16 11870 16 11685 9 16 7 0 621 0 0
radio 16 11878
radio 16 12393
radio 16 12436
radio 16 12950
radio 16 12967
radio 16 13481
radio 16 13498
radio 16 14012
radio 16 14065
radio 16 14579
radio 16 14596
radio 16 15110
radio 16 15143
radio 16 15657
radio 16 15674
radio 16 16188
radio 16 16301
radio 16 16815
radio 16 16883
radio 16 17397
radio 16 17429
radio 16 17943
radio 16 17960
radio 16 18474
radio 16 18504
radio 16 19018
radio 16 19167
radio 16 19681
radio 16 19698
radio 16 20212
radio 16 20242
radio 16 20756
radio 16 20773
radio 16 21287
radio 16 21317
radio 16 21831
radio 16 21865
radio 16 22379
radio 16 22447
radio 16 22961
radio 16 22978
radio 16 23492
radio 16 23523
radio 16 24037
radio 16 24054
radio 16 24568
radio 16 24585
radio 16 25099
radio 16 25174
radio 16 25688
radio 16 25705
radio 16 26219
radio 16 26236
radio 16 26750
radio 16 26767
energy 16 26791 7 41432
radio 16 27281
radio 16 27309
radio 16 27823
radio 16 27899
radio 16 28413
radio 16 28430
radio 16 28944
radio 16 28961
radio 16 29475
radio 16 29506
radio 16 30020
radio 16 30037
radio 16 30551
radio 16 30626
radio 16 31140
radio 16 31169
radio 16 31683
delay 25 0 16 31732 16 31999 0 16 16 1 59 1 0
radio 16 32809
radio 16 33323
radio 16 33340
radio 16 33854
radio 16 33884
radio 16 34398
radio 16 34415
radio 16 34929
radio 16 34960
radio 16 35474
radio 16 35491
radio 16 36005
radio 16 36079
radio 16 36593
radio 16 36623
radio 16 37137
radio 16 37154
radio 16 37668
radio 16 37685
radio 16 38199
radio 16 38216
radio 16 38730
radio 16 38779
radio 16 39293
radio 16 39323
radio 16 39837
radio 16 39854
radio 16 40368
radio 16 40399
radio 16 40913
radio 16 40942
radio 16 41456
radio 16 41532
radio 16 42046
radio 16 42063
radio 16 42577
radio 16 42605
radio 16 43119
radio 16 43155
radio 16 43669
radio 16 43686
radio 16 44200
radio 16 44217
radio 16 44731
radio 16 44784
radio 16 45298
radio 16 45327
radio 16 45841
radio 16 45858
radio 16 46372
radio 16 46389
radio 16 46903
radio 16 46958
radio 16 47472
radio 16 47489
radio 16 48003
radio 16 48034
radio 16 48548
radio 16 48565
radio 16 49079
radio 16 49109
radio 16 49623
radio 16 49658
radio 16 50172
radio 16 50200
radio 16 50714
radio 16 50745
radio 16 51259
radio 16 51276
radio 16 51790
radio 16 51824
radio 16 52338
delay 26 12 16 52581 16 52395 9 16 7 0 204 0 0
radio 16 52589
radio 16 53104
radio 16 53121
radio 16 53634
radio 16 53650
radio 16 54164
radio 16 54193
radio 16 54707
radio 16 54724
radio 16 55238
radio 16 55268
radio 16 55782
radio 16 55812
radio 16 56326
radio 16 56343
radio 16 56857
radio 16 56874
radio 16 57388
radio 16 57462
radio 16 57976
radio 16 57993
radio 16 58507
radio 16 58524
radio 16 59038
radio 16 59055
radio 16 59569
radio 16 59598
radio 16 60112
radio 16 60143
radio 16 60657
radio 16 60685
radio 16 61199
radio 16 61231
radio 16 61745
radio 16 61775
radio 16 62289
radio 16 62323
radio 16 62837
radio 16 62872
radio 16 63386
radio 16 63403
radio 16 63917
radio 16 63934
radio 16 64448
radio 16 64496
radio 16 65010
radio 16 65040
radio 17 18
radio 17 35
radio 17 548
radio 17 582
radio 17 1096
radio 17 1124
radio 17 1638
radio 17 1692
radio 17 2206
radio 17 2223
radio 17 2736
radio 17 2753
radio 17 3267
radio 17 3300
radio 17 3814
radio 17 3882
radio 17 4396
radio 17 4427
radio 17 4941
radio 17 4973
radio 17 5487
radio 17 5504
radio 17 6018
radio 17 6090
radio 17 6604
radio 17 6633
radio 17 7147
delay 27 12 17 7334 17 7147 9 16 7 0 221 0 0
radio 17 7341
radio 17 7856
radio 17 8044
radio 17 8558
radio 17 8631
radio 17 9145
radio 17 9176
radio 17 9690
radio 17 9758
radio 17 10272
radio 17 10289
radio 17 10803
radio 17 10820
radio 17 11334
radio 17 11351
radio 17 11865
radio 17 12035
radio 17 12549
radio 17 12662
radio 17 13176
radio 17 13227
radio 17 13741
radio 17 13777
radio 17 14291
radio 17 14308
radio 17 14822
radio 17 14890
radio 17 15404
radio 17 15457
radio 17 15971
radio 17 15988
radio 17 16502
radio 17 16570
radio 17 17084
radio 17 17101
radio 17 17615
radio 17 17632
radio 17 18146
radio 17 18163
radio 17 18677
radio 17 18711
radio 17 19225
radio 17 19242
radio 17 19756
radio 17 19804
radio 17 20318
radio 17 20335
radio 17 20849
radio 17 20879
radio 17 21393
radio 17 21421
radio 17 21935
radio 17 21965
radio 17 22479
radio 17 22528
energy 17 22695 7 46047
radio 17 23042
radio 17 23075
radio 17 23589
radio 17 23624
radio 17 24138
radio 17 24155
radio 17 24669
radio 17 24701
radio 17 25215
radio 17 25243
radio 17 25757
radio 17 25806
radio 17 26320
radio 17 26352
radio 17 26866
radio 17 26883
radio 17 27397
radio 17 27427
radio 17 27941
delay 28 2 17 28017 17 27868 9 16 7 0 137 0 0
radio 17 28024
radio 17 28539
radio 17 28623
radio 17 29137
radio 17 29204
radio 17 29718
radio 17 29789
radio 17 30303
radio 17 30320
radio 17 30834
radio 17 30851
radio 17 31365
radio 17 31382
radio 17 31896
radio 17 31913
radio 17 32427
radio 17 32459
radio 17 32973
radio 17 33001
radio 17 33515
radio 17 33570
radio 17 34084
radio 17 34101
radio 17 34615
radio 17 34643
radio 17 35157
radio 17 35174
radio 17 35688
radio 17 35764
radio 17 36278
radio 17 36295
radio 17 36809
radio 17 36826
radio 17 37340
radio 17 37357
radio 17 37871
radio 17 37940
radio 17 38454
radio 17 38486
radio 17 39000
radio 17 39017
radio 17 39531
radio 17 39561
radio 17 40075
radio 17 40104
radio 17 40618
radio 17 40670
radio 17 41184
radio 17 41213
radio 17 41727
radio 17 41759
radio 17 42273
radio 17 42290
radio 17 42804
radio 17 42821
radio 17 43335
radio 17 43371
radio 17 43885
radio 17 43938
radio 17 44452
radio 17 44487
radio 17 45001
radio 17 45032
radio 17 45546
radio 17 45594
radio 17 46108
radio 17 46125
radio 17 46639
radio 17 46669
radio 17 47183
radio 17 47200
radio 17 47714
radio 17 47746
radio 17 48260
delay 29 2 17 48371 17 48222 9 16 7 0 51 1 0
radio 17 49526
radio 17 50039
radio 17 50076
radio 17 50590
radio 17 50618
radio 17 51132
radio 17 51186
radio 17 51700
radio 17 51736
radio 17 52250
radio 17 52267
radio 17 52781
radio 17 52798
radio 17 53312
radio 17 53383
radio 17 53897
radio 17 53934
radio 17 54448
radio 17 54477
radio 17 54991
radio 17 55061
radio 17 55575
radio 17 55592
radio 17 56106
radio 17 56138
radio 17 56652
radio 17 56687
radio 17 57201
radio 17 57254
radio 17 57768
radio 17 57805
radio 17 58319
radio 17 58336
radio 17 58850
radio 17 58867
radio 17 59381
radio 17 59437
radio 17 59951
radio 17 59968
radio 17 60482
radio 17 60512
radio 17 61026
radio 17 61043
radio 17 61557
radio 17 61605
radio 17 62119
radio 17 62191
radio 17 62705
radio 17 62722
radio 17 63236
radio 17 63265
radio 17 63779
radio 17 63811
radio 17 64325
radio 17 64394
radio 17 64908
radio 17 64939
radio 17 65453
radio 17 65482
radio 18 460
radio 18 509
radio 18 1023
radio 18 1054
radio 18 1568
radio 18 1623
radio 18 2137
radio 18 2187
radio 18 2701
radio 18 2718
radio 18 3232
delay 30 12 18 3423 18 3235 9 16 7 0 199 0 0
radio 18 3432
radio 18 3945
radio 18 3988
radio 18 4501
radio 18 4518
radio 18 5032
radio 18 5049
radio 18 5563
radio 18 5612
radio 18 6126
radio 18 6195
radio 18 6709
radio 18 6726
radio 18 7240
radio 18 7257
radio 18 7770
radio 18 7802
radio 18 8316
radio 18 8333
radio 18 8846
radio 18 9018
radio 18 9532
radio 18 9600
radio 18 10114
radio 18 10202
radio 18 10716
radio 18 10733
radio 18 11247
radio 18 11340
radio 18 11854
radio 18 11871
radio 18 12385
radio 18 12534
radio 18 13048
radio 18 13116
radio 18 13630
radio 18 13647
radio 18 14161
radio 18 14210
radio 18 14724
radio 18 14796
radio 18 15310
radio 18 15343
radio 18 15857
radio 18 15888
radio 18 16402
radio 18 16472
radio 18 16986
radio 18 17003
radio 18 17517
radio 18 17534
radio 18 18048
radio 18 18065
radio 18 18579
energy 18 18603 7 50957
radio 18 18611
radio 18 19125
radio 18 19200
radio 18 19714
radio 18 19731
radio 18 20245
radio 18 20262
radio 18 20776
radio 18 20793
radio 18 21307
radio 18 21336
radio 18 21850
radio 18 21926
radio 18 22440
radio 18 22496
radio 18 23010
radio 18 23080
radio 18 23594
delay 31 12 18 23609 18 23421 9 16 7 0 112 0 0
radio 18 23617
radio 18 24131
radio 18 24200
radio 18 24713
radio 18 24763
radio 18 25276
radio 18 25325
radio 18 25839
radio 18 25911
radio 18 26425
radio 18 26442
radio 18 26956
radio 18 26991
radio 18 27505
radio 18 27522
radio 18 28036
radio 18 28053
radio 18 28567
radio 18 28598
radio 18 29112
radio 18 29147
radio 18 29661
radio 18 29691
radio 18 30205
radio 18 30233
radio 18 30747
radio 18 30764
radio 18 31278
radio 18 31295
radio 18 31809
radio 18 31838
radio 18 32352
radio 18 32369
radio 18 32883
radio 18 32900
radio 18 33414
radio 18 33466
radio 18 33980
radio 18 34014
radio 18 34528
radio 18 34545
radio 18 35059
radio 18 35076
radio 18 35590
radio 18 35663
radio 18 36177
radio 18 36194
radio 18 36708
radio 18 36725
radio 18 37239
radio 18 37272
radio 18 37786
radio 18 37834
radio 18 38348
radio 18 38383
radio 18 38897
radio 18 38928
radio 18 39442
radio 18 39459
radio 18 39973
radio 18 40005
radio 18 40519
radio 18 40589
radio 18 41103
radio 18 41120
radio 18 41634
radio 18 41666
radio 18 42180
radio 18 42197
radio 18 42711
radio 18 42741
radio 18 43255
radio 18 43272
radio 18 43786
radio 18 43816
radio 18 44330
delay 32 12 18 44351 18 44163 9 16 7 0 209 0 0
radio 18 44359
radio 18 44874
radio 18 44980
