Thread[Thread-1,5,main]tree 5 9 0 14 30 1
radio 7 178
radio 7 182
radio 7 212
radio 7 725
radio 7 813
radio 7 1326
radio 7 1376
radio 7 1890
radio 7 1907
radio 7 2420
radio 7 2437
radio 7 2950
radio 7 2967
radio 7 3480
radio 7 3511
radio 7 4025
radio 7 4042
radio 7 4555
radio 7 4588
radio 7 5102
radio 7 5151
radio 7 5665
radio 7 5695
radio 7 6209
radio 7 6226
radio 7 6739
radio 7 6794
radio 7 7308
radio 7 7343
radio 7 7857
radio 7 7893
radio 7 8407
radio 7 8424
radio 7 8937
radio 7 9031
radio 7 9545
radio 7 9562
radio 7 10075
radio 7 10092
radio 7 10606
radio 7 10637
radio 7 11151
radio 7 11202
radio 7 11716
radio 7 11733
radio 7 12247
radio 7 12278
radio 7 12792
radio 7 12809
radio 7 13323
radio 7 13354
radio 7 13868
radio 7 13922
radio 7 14436
radio 7 14464
radio 7 14978
radio 7 15010
radio 7 15524
radio 7 15541
radio 7 16055
radio 7 16085
radio 7 16599
radio 7 16616
radio 7 17130
radio 7 17147
radio 7 17661
radio 7 17717
radio 7 18231
radio 7 18267
radio 7 18781
radio 7 18798
radio 7 19312
radio 7 19340
radio 7 19854
radio 7 19871
radio 7 20385
radio 7 20414
radio 7 20928
radio 7 20945
radio 7 21459
radio 7 21507
radio 7 22021
radio 7 22038
radio 7 22551
radio 7 22581
radio 7 23095
radio 7 23112
radio 7 23626
radio 7 23675
radio 7 24189
radio 7 24206
radio 7 24720
radio 7 24737
radio 7 25251
radio 7 25268
radio 7 25782
radio 7 25813
radio 7 26327
radio 7 26344
radio 7 26857
radio 7 26950
radio 7 27464
radio 7 27498
radio 7 28012
radio 7 28043
radio 7 28557
radio 7 28608
radio 7 29122
radio 7 29139
radio 7 29653
radio 7 29670
radio 7 30184
radio 7 30255
radio 7 30769
radio 7 30801
radio 7 31315
radio 7 31345
radio 7 31859
radio 7 31876
radio 7 32390
radio 7 32443
radio 7 32957
radio 7 33007
radio 7 33521
radio 7 33538
radio 7 34052
radio 7 34086
radio 7 34600
radio 7 34617
radio 7 35131
radio 7 35148
radio 7 35662
radio 7 35693
radio 7 36207
radio 7 36243
radio 7 36757
radio 7 36813
radio 7 37327
radio 7 37344
radio 7 37858
radio 7 37886
radio 7 38400
radio 7 38429
radio 7 38943
radio 7 38975
radio 7 39489
radio 7 39524
radio 7 40038
radio 7 40055
radio 7 40569
radio 7 40600
radio 7 41114
radio 7 41147
radio 7 41661
radio 7 41678
radio 7 42192
radio 7 42224
radio 7 42738
radio 7 42791
radio 7 43305
radio 7 43341
radio 7 43855
radio 7 43907
radio 7 44421
radio 7 44453
radio 7 44967
radio 7 45001
radio 7 45515
radio 7 45532
radio 7 46046
radio 7 46063
radio 7 46576
radio 7 46630
radio 7 47144
radio 7 47199
radio 7 47713
radio 7 47744
radio 7 48258
radio 7 48275
radio 7 48789
radio 7 48806
radio 7 49320
radio 7 49351
radio 7 49865
radio 7 49921
radio 7 50435
radio 7 50452
radio 7 50966
radio 7 50996
radio 7 51510
radio 7 51584
radio 7 52098
radio 7 52115
radio 7 52629
radio 7 52682
radio 7 53196
radio 7 53213
radio 7 53727
radio 7 53761
radio 7 54275
radio 7 54329
radio 7 54843
radio 7 54860
radio 7 55374
radio 7 55465
radio 7 55979
radio 7 55996
radio 7 56510
radio 7 56604
radio 7 57118
radio 7 57135
radio 7 57649
radio 7 57666
radio 7 58179
radio 7 58209
radio 7 58723
radio 7 58759
radio 7 59273
radio 7 59290
radio 7 59803
radio 7 59836
radio 7 60350
radio 7 60379
radio 7 60893
radio 7 60923
radio 7 61437
radio 7 61454
energy 7 61629 7 3188
radio 7 61967
radio 7 61984
radio 7 62498
radio 7 62527
radio 7 63041
radio 7 63069
radio 7 63583
radio 7 63618
radio 7 64132
radio 7 64186
radio 7 64700
radio 7 64735
radio 7 65249
radio 7 65299
radio 8 277
radio 8 308
radio 8 821
radio 8 855
radio 8 1368
radio 8 1385
radio 8 1898
radio 8 1934
radio 8 2448
radio 8 2519
radio 8 3033
radio 8 3063
radio 8 3577
radio 8 3606
radio 8 4120
radio 8 4173
radio 8 4687
radio 8 4723
radio 8 5237
radio 8 5268
radio 8 5782
radio 8 5816
radio 8 6330
radio 8 6379
radio 8 6893
radio 8 6910
radio 8 7423
radio 8 7453
radio 8 7967
radio 8 8002
radio 8 8516
radio 8 8569
radio 8 9083
radio 8 9116
radio 8 9630
radio 8 9647
radio 8 10160
radio 8 10189
radio 8 10703
radio 8 10720
radio 8 11234
radio 8 11251
radio 8 11764
radio 8 11795
radio 8 12309
radio 8 12326
radio 8 12840
radio 8 12857
radio 8 13371
radio 8 13401
radio 8 13915
radio 8 13945
radio 8 14459
radio 8 14476
radio 8 14990
radio 8 15007
radio 8 15521
radio 8 15554
radio 8 16068
radio 8 16085
radio 8 16598
radio 8 16667
radio 8 17181
radio 8 17198
radio 8 17711
radio 8 17728
radio 8 18242
radio 8 18270
radio 8 18784
radio 8 18801
radio 8 19314
radio 8 19346
radio 8 19860
radio 8 19877
radio 8 20390
radio 8 20425
radio 8 20939
radio 8 20990
radio 8 21504
radio 8 21535
radio 8 22049
radio 8 22098
radio 8 22612
radio 8 22662
radio 8 23176
radio 8 23193
radio 8 23706
radio 8 23735
radio 8 24249
radio 8 24303
radio 8 24817
radio 8 24845
radio 8 25359
radio 8 25376
radio 8 25889
radio 8 25906
radio 8 26419
radio 8 26448
radio 8 26962
radio 8 26993
radio 8 27507
radio 8 27560
radio 8 28074
radio 8 28091
radio 8 28605
radio 8 28622
radio 8 29136
radio 8 29153
radio 8 29666
radio 8 29683
radio 8 30196
radio 8 30213
radio 8 30727
radio 8 30744
radio 8 31258
radio 8 31275
radio 8 31788
radio 8 31805
radio 8 32319
radio 8 32336
radio 8 32849
radio 8 32866
radio 8 33379
radio 8 33413
radio 8 33927
radio 8 33979
radio 8 34493
radio 8 34510
radio 8 35023
radio 8 35052
radio 8 35566
radio 8 35583
radio 8 36097
radio 8 36149
radio 8 36663
radio 8 36694
radio 8 37208
radio 8 37243
radio 8 37757
radio 8 37774
radio 8 38288
radio 8 38305
radio 8 38818
radio 8 38852
radio 8 39366
radio 8 39383
radio 8 39896
radio 8 39913
radio 8 40427
radio 8 40475
radio 8 40989
radio 8 41017
radio 8 41531
radio 8 41548
radio 8 42061
radio 8 42078
radio 8 42592
radio 8 42609
radio 8 43123
delay 0 25 8 43141 8 43543 14 9 65535 0 74 1 1
radio 8 44215
radio 8 44729
radio 8 44746
radio 8 45260
radio 8 45292
radio 8 45806
radio 8 45838
radio 8 46352
radio 8 46386
radio 8 46900
radio 8 46917
radio 8 47431
radio 8 47502
radio 8 48016
radio 8 48064
radio 8 48578
radio 8 48595
radio 8 49109
radio 8 49160
radio 8 49674
radio 8 49705
radio 8 50219
radio 8 50236
radio 8 50750
radio 8 50767
radio 8 51280
radio 8 51329
radio 8 51843
radio 8 51878
radio 8 52392
radio 8 52442
radio 8 52956
radio 8 53007
radio 8 53521
radio 8 53538
radio 8 54052
radio 8 54069
radio 8 54582
radio 8 54599
radio 8 55112
radio 8 55162
radio 8 55676
radio 8 55693
radio 8 56207
radio 8 56236
radio 8 56750
radio 8 56767
radio 8 57280
radio 8 57297
energy 8 57533 7 6831
radio 8 57810
radio 8 57885
radio 8 58399
radio 8 58428
radio 8 58942
radio 8 58959
radio 8 59472
radio 8 59489
radio 8 60003
radio 8 60020
radio 8 60533
radio 8 60550
radio 8 61064
radio 8 61115
radio 8 61629
radio 8 61646
radio 8 62159
radio 8 62176
radio 8 62689
radio 8 62706
radio 8 63219
radio 8 63248
radio 8 63762
delay 1 15 8 63781 8 64279 14 9 65535 0 280 0 1
radio 8 64882
radio 8 65395
radio 8 65444
radio 9 422
radio 9 439
radio 9 952
radio 9 1001
radio 9 1515
radio 9 1532
radio 9 2045
radio 9 2062
radio 9 2575
radio 9 2592
radio 9 3105
radio 9 3159
radio 9 3673
radio 9 3707
radio 9 4221
radio 9 4251
radio 9 4765
radio 9 4800
radio 9 5314
radio 9 5342
radio 9 5856
radio 9 5873
radio 9 6386
radio 9 6418
radio 9 6932
radio 9 6949
radio 9 7462
radio 9 7479
radio 9 7992
radio 9 8024
radio 9 8538
radio 9 8609
radio 9 9123
radio 9 9140
radio 9 9653
radio 9 9670
radio 9 10183
radio 9 10217
radio 9 10731
radio 9 10784
radio 9 11298
radio 9 11315
radio 9 11828
radio 9 11845
radio 9 12358
radio 9 12375
radio 9 12888
radio 9 12905
radio 9 13419
radio 9 13467
radio 9 13981
radio 9 14015
radio 9 14529
radio 9 14546
radio 9 15060
radio 9 15112
radio 9 15626
radio 9 15643
radio 9 16156
radio 9 16186
radio 9 16700
radio 9 16729
radio 9 17243
radio 9 17277
radio 9 17791
radio 9 17859
radio 9 18373
delay 2 0 9 18388 9 19697 0 9 9 0 60 1 1
radio 9 19459
radio 9 19973
radio 9 19994
radio 9 20508
radio 9 20525
radio 9 21038
radio 9 21090
radio 9 21604
radio 9 21621
radio 9 22135
radio 9 22152
radio 9 22666
radio 9 22756
radio 9 23270
radio 9 23287
radio 9 23800
radio 9 23834
radio 9 24348
radio 9 24365
radio 9 24879
radio 9 24896
radio 9 25410
radio 9 25464
radio 9 25978
radio 9 26010
radio 9 26524
radio 9 26541
radio 9 27054
radio 9 27071
radio 9 27585
radio 9 27602
radio 9 28115
radio 9 28144
radio 9 28658
radio 9 28712
radio 9 29226
radio 9 29257
radio 9 29771
radio 9 29788
radio 9 30301
radio 9 30332
radio 9 30846
radio 9 30880
radio 9 31394
radio 9 31422
radio 9 31936
radio 9 31953
radio 9 32467
radio 9 32519
radio 9 33033
radio 9 33050
radio 9 33564
radio 9 33581
radio 9 34095
radio 9 34112
radio 9 34626
radio 9 34643
radio 9 35156
radio 9 35173
radio 9 35687
radio 9 35736
radio 9 36250
radio 9 36286
radio 9 36800
radio 9 36817
radio 9 37330
radio 9 37347
radio 9 37861
radio 9 37878
radio 9 38392
radio 9 38409
radio 9 38922
delay 3 2 9 38938 9 39840 9 9 65535 0 67 1 1
radio 9 40002
radio 9 40515
radio 9 40564
radio 9 41078
radio 9 41111
radio 9 41625
radio 9 41658
radio 9 42172
radio 9 42189
radio 9 42703
radio 9 42758
radio 9 43272
radio 9 43320
radio 9 43834
radio 9 43851
radio 9 44365
radio 9 44413
radio 9 44927
radio 9 45039
radio 9 45553
radio 9 45583
radio 9 46097
radio 9 46131
radio 9 46645
radio 9 46662
radio 9 47175
radio 9 47267
radio 9 47781
radio 9 47809
radio 9 48323
radio 9 48340
radio 9 48854
radio 9 48871
radio 9 49385
radio 9 49419
radio 9 49933
radio 9 49966
radio 9 50480
radio 9 50548
radio 9 51062
radio 9 51079
radio 9 51592
radio 9 51626
radio 9 52140
radio 9 52157
radio 9 52671
radio 9 52688
radio 9 53201
radio 9 53232
energy 9 53437 7 12643
radio 9 53746
radio 9 53796
radio 9 54310
radio 9 54340
radio 9 54854
radio 9 54884
radio 9 55398
radio 9 55454
radio 9 55968
radio 9 55985
radio 9 56498
radio 9 56515
radio 9 57029
radio 9 57057
radio 9 57571
radio 9 57600
radio 9 58114
radio 9 58142
radio 9 58656
radio 9 58685
radio 9 59199
radio 9 59253
radio 9 59767
delay 4 44 9 59897 9 59804 14 9 65535 0 196 0 1
radio 9 60969
radio 9 61483
radio 9 61532
radio 9 62046
radio 9 62074
radio 9 62588
radio 9 62605
radio 9 63119
radio 9 63150
radio 9 63664
radio 9 63696
radio 9 64210
radio 9 64242
radio 9 64756
radio 9 64809
radio 9 65323
radio 9 65351
radio 10 329
radio 10 346
radio 10 859
radio 10 891
radio 10 1405
radio 10 1422
radio 10 1936
radio 10 1953
radio 10 2467
radio 10 2518
radio 10 3032
radio 10 3049
radio 10 3563
radio 10 3580
radio 10 4093
radio 10 4127
radio 10 4641
radio 10 4658
radio 10 5172
radio 10 5223
radio 10 5737
radio 10 5754
radio 10 6267
radio 10 6284
radio 10 6797
radio 10 6814
radio 10 7327
radio 10 7344
radio 10 7857
radio 10 7874
radio 10 8388
radio 10 8419
radio 10 8933
radio 10 8950
radio 10 9464
radio 10 9517
radio 10 10031
radio 10 10120
radio 10 10634
radio 10 10651
radio 10 11165
radio 10 11200
radio 10 11714
radio 10 11731
radio 10 12245
radio 10 12262
radio 10 12776
radio 10 12807
radio 10 13321
radio 10 13338
radio 10 13852
radio 10 13882
radio 10 14396
radio 10 14413
radio 10 14927
radio 10 14977
radio 10 15491
radio 10 15521
radio 10 16035
radio 10 16052
radio 10 16566
radio 10 16596
radio 10 17110
radio 10 17138
radio 10 17652
radio 10 17669
radio 10 18183
radio 10 18200
radio 10 18714
radio 10 18731
radio 10 19245
radio 10 19300
radio 10 19814
radio 10 19831
radio 10 20345
radio 10 20362
radio 10 20876
radio 10 20893
radio 10 21407
radio 10 21441
radio 10 21955
radio 10 21985
radio 10 22499
radio 10 22516
radio 10 23030
radio 10 23082
radio 10 23596
radio 10 23613
radio 10 24127
radio 10 24144
radio 10 24658
radio 10 24675
radio 10 25189
radio 10 25206
radio 10 25720
radio 10 25770
radio 10 26284
radio 10 26333
radio 10 26847
radio 10 26880
radio 10 27394
radio 10 27449
radio 10 27963
radio 10 27991
radio 10 28505
radio 10 28522
radio 10 29036
radio 10 29126
radio 10 29640
radio 10 29669
radio 10 30183
radio 10 30200
radio 10 30714
radio 10 30747
radio 10 31261
radio 10 31291
radio 10 31805
radio 10 31882
radio 10 32396
radio 10 32413
radio 10 32927
radio 10 32944
radio 10 33458
radio 10 33475
radio 10 33989
radio 10 34018
radio 10 34532
radio 10 34581
radio 10 35095
delay 6 44 10 35408 10 35316 14 9 65535 0 452 0 1
radio 10 36467
radio 10 36981
radio 10 37009
radio 10 37523
radio 10 37540
radio 10 38054
radio 10 38086
radio 10 38600
radio 10 38617
radio 10 39131
radio 10 39160
radio 10 39674
radio 10 39746
radio 10 40260
radio 10 40277
radio 10 40791
radio 10 40847
radio 10 41361
radio 10 41392
radio 10 41906
radio 10 41957
radio 10 42471
radio 10 42488
radio 10 43002
radio 10 43030
radio 10 43544
radio 10 43572
radio 10 44086
radio 10 44103
radio 10 44617
radio 10 44653
radio 10 45167
radio 10 45184
radio 10 45698
radio 10 45726
radio 10 46240
radio 10 46257
radio 10 46771
radio 10 46788
radio 10 47302
radio 10 47333
radio 10 47847
radio 10 47901
radio 10 48415
radio 10 48451
radio 10 48965
radio 10 48998
energy 10 49341 7 17777
radio 10 49512
radio 10 49548
radio 10 50062
radio 10 50079
radio 10 50593
radio 10 50624
radio 10 51138
radio 10 51166
radio 10 51680
radio 10 51697
radio 10 52211
radio 10 52264
radio 10 52778
radio 10 52813
radio 10 53327
radio 10 53399
radio 10 53913
radio 10 53949
radio 10 54463
radio 10 54491
radio 10 55005
radio 10 55022
radio 10 55536
delay 7 45 10 55606 10 55444 14 9 65535 0 75 1 1
radio 10 56690
radio 10 57204
radio 10 57236
radio 10 57750
radio 10 57799
radio 10 58313
radio 10 58341
radio 10 58855
radio 10 58904
radio 10 59418
radio 10 59448
radio 10 59962
radio 10 59991
radio 10 60505
radio 10 60522
radio 10 61036
radio 10 61066
radio 10 61580
radio 10 61597
radio 10 62111
radio 10 62128
radio 10 62642
radio 10 62710
radio 10 63224
radio 10 63241
radio 10 63755
radio 10 63772
radio 10 64286
radio 10 64303
radio 10 64817
radio 10 64834
radio 10 65348
radio 10 65365
radio 11 343
radio 11 360
radio 11 873
radio 11 926
radio 11 1440
radio 11 1491
radio 11 2005
radio 11 2033
radio 11 2547
radio 11 2564
radio 11 3077
radio 11 3126
radio 11 3640
radio 11 3668
radio 11 4182
radio 11 4199
radio 11 4712
radio 11 4729
radio 11 5242
radio 11 5271
radio 11 5785
radio 11 5802
radio 11 6315
radio 11 6332
radio 11 6845
radio 11 6862
radio 11 7375
radio 11 7423
radio 11 7937
radio 11 7954
radio 11 8467
radio 11 8484
radio 11 8998
radio 11 9015
radio 11 9528
radio 11 9545
radio 11 10058
radio 11 10092
radio 11 10606
radio 11 10623
radio 11 11137
radio 11 11168
radio 11 11682
radio 11 11699
radio 11 12213
radio 11 12242
radio 11 12756
radio 11 12825
radio 11 13339
radio 11 13356
radio 11 13870
radio 11 13887
radio 11 14401
radio 11 14469
radio 11 14983
radio 11 15015
radio 11 15529
radio 11 15546
radio 11 16060
radio 11 16095
radio 11 16609
radio 11 16678
radio 11 17192
radio 11 17227
radio 11 17741
radio 11 17758
radio 11 18272
radio 11 18300
radio 11 18814
radio 11 18842
radio 11 19356
radio 11 19408
radio 11 19922
radio 11 19973
radio 11 20487
radio 11 20518
radio 11 21032
radio 11 21085
radio 11 21599
radio 11 21628
radio 11 22142
radio 11 22159
radio 11 22673
radio 11 22729
radio 11 23243
radio 11 23292
radio 11 23806
radio 11 23834
radio 11 24348
radio 11 24381
radio 11 24895
radio 11 24912
radio 11 25426
radio 11 25495
radio 11 26009
radio 11 26040
radio 11 26554
radio 11 26628
radio 11 27142
radio 11 27159
radio 11 27673
radio 11 27690
radio 11 28204
radio 11 28221
radio 11 28735
radio 11 28752
radio 11 29266
radio 11 29283
radio 11 29797
radio 11 29832
radio 11 30346
radio 11 30374
radio 11 30888
delay 9 44 11 30903 11 30813 14 9 65535 0 33 1 1
radio 11 31972
radio 11 32485
radio 11 32502
radio 11 33016
radio 11 33045
radio 11 33559
radio 11 33576
radio 11 34090
radio 11 34119
radio 11 34633
radio 11 34689
radio 11 35203
radio 11 35220
radio 11 35734
radio 11 35803
radio 11 36317
radio 11 36391
radio 11 36905
radio 11 37016
radio 11 37530
radio 11 37547
radio 11 38061
radio 11 38114
radio 11 38628
radio 11 38697
radio 11 39211
radio 11 39299
radio 11 39813
radio 11 39841
radio 11 40355
radio 11 40484
radio 11 40998
radio 11 41046
radio 11 41560
radio 11 41654
radio 11 42168
radio 11 42201
radio 11 42715
radio 11 42765
radio 11 43279
radio 11 43296
radio 11 43810
radio 11 43839
radio 11 44353
radio 11 44370
radio 11 44884
radio 11 44901
energy 11 45245 7 23054
radio 11 45415
radio 11 45432
radio 11 45946
radio 11 45963
radio 11 46477
radio 11 46494
radio 11 47008
radio 11 47025
radio 11 47539
radio 11 47591
radio 11 48105
radio 11 48134
radio 11 48648
radio 11 48682
radio 11 49196
radio 11 49225
radio 11 49739
radio 11 49792
radio 11 50306
radio 11 50334
radio 11 50848
radio 11 50865
radio 11 51379
delay 10 3 11 51430 11 52173 14 9 65535 0 236 0 1
radio 11 52497
radio 11 53011
radio 11 53085
radio 11 53599
radio 11 53627
radio 11 54141
radio 11 54217
radio 11 54731
radio 11 54748
radio 11 55262
radio 11 55279
radio 11 55793
radio 11 55810
radio 11 56324
radio 11 56359
radio 11 56873
radio 11 56923
radio 11 57437
radio 11 57469
radio 11 57983
radio 11 58000
radio 11 58514
radio 11 58531
radio 11 59045
radio 11 59062
radio 11 59576
radio 11 59593
radio 11 60107
radio 11 60140
radio 11 60654
radio 11 60686
radio 11 61200
radio 11 61251
radio 11 61765
radio 11 61794
radio 11 62308
radio 11 62325
radio 11 62839
radio 11 62868
radio 11 63382
radio 11 63399
radio 11 63913
radio 11 63930
radio 11 64444
radio 11 64493
radio 11 65007
radio 11 65024
radio 12 2
radio 12 30
radio 12 543
radio 12 573
radio 12 1087
radio 12 1120
radio 12 1634
radio 12 1651
radio 12 2164
radio 12 2213
radio 12 2727
radio 12 2757
radio 12 3271
radio 12 3306
radio 12 3820
radio 12 3856
radio 12 4370
radio 12 4398
radio 12 4912
radio 12 4947
radio 12 5461
radio 12 5478
radio 12 5992
radio 12 6009
radio 12 6523
delay 11 44 12 6590 12 6501 14 9 65535 0 131 0 1
radio 12 7667
radio 12 8181
radio 12 8198
radio 12 8711
radio 12 8728
radio 12 9241
radio 12 9270
radio 12 9784
radio 12 9801
radio 12 10314
radio 12 10387
radio 12 10901
radio 12 10957
radio 12 11471
radio 12 11561
radio 12 12075
radio 12 12092
radio 12 12606
radio 12 12636
radio 12 13150
radio 12 13178
radio 12 13692
radio 12 13709
radio 12 14223
radio 12 14297
radio 12 14811
radio 12 14843
radio 12 15357
radio 12 15374
radio 12 15888
radio 12 15919
radio 12 16433
radio 12 16450
radio 12 16964
radio 12 16981
radio 12 17495
radio 12 17528
radio 12 18042
radio 12 18059
radio 12 18573
radio 12 18608
radio 12 19122
radio 12 19171
radio 12 19685
radio 12 19716
radio 12 20230
radio 12 20263
radio 12 20777
radio 12 20794
radio 12 21308
radio 12 21325
radio 12 21839
radio 12 21869
radio 12 22383
radio 12 22400
radio 12 22914
radio 12 22931
radio 12 23445
radio 12 23462
radio 12 23976
radio 12 24027
radio 12 24541
radio 12 24571
radio 12 25085
radio 12 25102
radio 12 25616
radio 12 25669
radio 12 26183
radio 12 26200
radio 12 26714
delay 12 0 12 26922 12 28233 0 9 9 0 389 0 1
radio 12 27994
radio 12 28508
radio 12 28636
radio 12 29149
radio 12 29166
radio 12 29680
radio 12 29708
radio 12 30222
radio 12 30239
radio 12 30753
radio 12 30770
radio 12 31284
radio 12 31319
radio 12 31833
radio 12 31850
radio 12 32364
radio 12 32515
radio 12 33029
radio 12 33046
radio 12 33560
radio 12 33577
radio 12 34091
radio 12 34108
radio 12 34622
radio 12 34639
radio 12 35153
radio 12 35269
radio 12 35783
radio 12 35812
radio 12 36326
radio 12 36394
radio 12 36908
radio 12 36938
radio 12 37452
radio 12 37469
radio 12 37983
radio 12 38033
radio 12 38547
radio 12 38582
radio 12 39096
radio 12 39127
radio 12 39641
radio 12 39658
radio 12 40172
radio 12 40189
radio 12 40703
radio 12 40720
energy 12 41149 7 29287
radio 12 41234
radio 12 41251
radio 12 41765
radio 12 41782
radio 12 42296
radio 12 42367
radio 12 42881
radio 12 42917
radio 12 43431
radio 12 43459
radio 12 43973
radio 12 43990
radio 12 44504
radio 12 44572
radio 12 45086
radio 12 45103
radio 12 45617
radio 12 45634
radio 12 46148
radio 12 46165
radio 12 46679
radio 12 46709
radio 12 47223
delay 13 45 12 47240 12 47078 14 9 65535 0 121 0 1
radio 12 48313
radio 12 48827
radio 12 48878
radio 12 49392
radio 12 49440
radio 12 49954
radio 12 50002
radio 12 50516
radio 12 50533
radio 12 51047
radio 12 51064
radio 12 51578
radio 12 51595
radio 12 52109
radio 12 52144
radio 12 52658
radio 12 52691
radio 12 53205
radio 12 53234
radio 12 53748
radio 12 53802
radio 12 54316
radio 12 54333
radio 12 54847
radio 12 54864
radio 12 55378
radio 12 55409
radio 12 55923
radio 12 55940
radio 12 56454
radio 12 56485
radio 12 56999
radio 12 57016
radio 12 57530
radio 12 57579
radio 12 58093
radio 12 58123
radio 12 58637
radio 12 58654
radio 12 59168
radio 12 59185
radio 12 59699
radio 12 59716
radio 12 60230
radio 12 60260
radio 12 60774
radio 12 60791
radio 12 61305
radio 12 61356
radio 12 61870
radio 12 61903
radio 12 62417
radio 12 62446
radio 12 62960
radio 12 62977
radio 12 63491
radio 12 63508
radio 12 64022
radio 12 64039
radio 12 64553
radio 12 64603
radio 12 65117
radio 12 65134
radio 13 112
radio 13 129
radio 13 642
radio 13 673
radio 13 1187
radio 13 1204
radio 13 1717
radio 13 1787
radio 13 2301
delay 14 0 13 2351 13 3662 0 9 9 0 395 0 1
radio 13 3427
radio 13 3941
radio 13 4003
radio 13 4517
radio 13 4534
radio 13 5047
radio 13 5080
radio 13 5594
radio 13 5669
radio 13 6183
radio 13 6200
radio 13 6713
radio 13 6730
radio 13 7243
radio 13 7260
radio 13 7774
radio 13 7806
radio 13 8320
radio 13 8373
radio 13 8887
radio 13 8904
radio 13 9418
radio 13 9435
radio 13 9949
radio 13 9966
radio 13 10479
radio 13 10496
radio 13 11010
radio 13 11039
radio 13 11553
radio 13 11584
radio 13 12098
radio 13 12148
radio 13 12662
radio 13 12679
radio 13 13193
radio 13 13210
radio 13 13724
radio 13 13760
radio 13 14274
radio 13 14303
radio 13 14817
radio 13 14834
radio 13 15348
radio 13 15421
radio 13 15935
radio 13 15952
radio 13 16466
radio 13 16483
radio 13 16997
radio 13 17033
radio 13 17547
radio 13 17583
radio 13 18097
radio 13 18114
radio 13 18628
radio 13 18679
radio 13 19193
radio 13 19210
radio 13 19724
radio 13 19741
radio 13 20255
radio 13 20272
radio 13 20786
radio 13 20815
radio 13 21329
radio 13 21398
radio 13 21912
radio 13 21929
radio 13 22443
delay 15 0 13 22462 13 23774 0 9 9 0 26 1 1
radio 13 23544
radio 13 24058
radio 13 24088
radio 13 24602
radio 13 24656
radio 13 25170
radio 13 25187
radio 13 25701
radio 13 25718
radio 13 26232
radio 13 26265
radio 13 26779
radio 13 26848
radio 13 27362
radio 13 27393
radio 13 27907
radio 13 28116
radio 13 28630
radio 13 28658
radio 13 29172
radio 13 29189
radio 13 29703
radio 13 29720
radio 13 30234
radio 13 30305
radio 13 30819
radio 13 30889
radio 13 31403
radio 13 31456
radio 13 31970
radio 13 31987
radio 13 32501
radio 13 32518
radio 13 33032
radio 13 33141
radio 13 33655
radio 13 33672
radio 13 34186
radio 13 34219
radio 13 34733
radio 13 34750
radio 13 35264
radio 13 35315
radio 13 35829
radio 13 35857
radio 13 36371
radio 13 36403
radio 13 36917
radio 13 36950
energy 13 37053 7 35409
radio 13 37464
radio 13 37493
radio 13 38007
radio 13 38024
radio 13 38538
radio 13 38566
radio 13 39080
radio 13 39108
radio 13 39622
radio 13 39639
radio 13 40153
radio 13 40221
radio 13 40735
radio 13 40765
radio 13 41279
radio 13 41309
radio 13 41823
radio 13 41859
radio 13 42373
radio 13 42403
radio 13 42917
radio 13 42934
radio 13 43448
delay 16 13 13 43463 13 43883 14 9 65535 0 341 0 1
radio 13 44539
radio 13 45052
radio 13 45103
radio 13 45617
radio 13 45634
radio 13 46148
radio 13 46181
radio 13 46695
radio 13 46712
radio 13 47226
radio 13 47298
radio 13 47812
radio 13 47829
radio 13 48343
radio 13 48360
radio 13 48874
radio 13 48910
radio 13 49424
radio 13 49500
radio 13 50014
radio 13 50044
radio 13 50558
radio 13 50575
radio 13 51089
radio 13 51124
radio 13 51638
radio 13 51655
radio 13 52169
radio 13 52198
radio 13 52712
radio 13 52729
radio 13 53243
radio 13 53260
radio 13 53774
radio 13 53806
radio 13 54320
radio 13 54337
radio 13 54851
radio 13 54868
radio 13 55382
radio 13 55399
radio 13 55913
radio 13 55930
radio 13 56444
radio 13 56461
radio 13 56975
radio 13 57010
radio 13 57524
radio 13 57579
radio 13 58093
radio 13 58129
radio 13 58643
radio 13 58660
radio 13 59174
radio 13 59191
radio 13 59705
radio 13 59778
radio 13 60292
radio 13 60323
radio 13 60837
radio 13 60869
radio 13 61383
radio 13 61454
radio 13 61968
radio 13 61985
radio 13 62499
radio 13 62516
radio 13 63030
radio 13 63047
radio 13 63561
delay 17 15 13 63732 13 64228 14 9 65535 0 128 1 1
radio 13 64805
radio 13 65318
radio 13 65350
radio 14 328
radio 14 362
radio 14 876
radio 14 911
radio 14 1425
radio 14 1442
radio 14 1956
radio 14 2007
radio 14 2521
radio 14 2538
radio 14 3051
radio 14 3068
radio 14 3582
radio 14 3599
radio 14 4112
radio 14 4146
radio 14 4660
radio 14 4688
radio 14 5202
radio 14 5219
radio 14 5733
radio 14 5762
radio 14 6276
radio 14 6304
radio 14 6818
radio 14 6835
radio 14 7348
radio 14 7382
radio 14 7896
radio 14 7927
radio 14 8441
radio 14 8458
radio 14 8971
radio 14 9063
radio 14 9577
radio 14 9594
radio 14 10107
radio 14 10198
radio 14 10712
radio 14 10729
radio 14 11243
radio 14 11260
radio 14 11774
radio 14 11791
radio 14 12305
radio 14 12341
radio 14 12855
radio 14 12872
radio 14 13386
radio 14 13417
radio 14 13931
radio 14 13948
radio 14 14462
radio 14 14494
radio 14 15008
radio 14 15025
radio 14 15539
radio 14 15608
radio 14 16122
radio 14 16155
radio 14 16669
radio 14 16724
radio 14 17238
radio 14 17287
radio 14 17801
radio 14 17831
radio 14 18345
delay 18 0 14 18366 14 19678 0 9 9 0 26 1 1
radio 14 19534
radio 14 20048
radio 14 20077
radio 14 20591
radio 14 20625
radio 14 21139
radio 14 21156
radio 14 21670
radio 14 21720
radio 14 22234
radio 14 22288
radio 14 22802
radio 14 22819
radio 14 23333
radio 14 23381
radio 14 23895
radio 14 23946
radio 14 24460
radio 14 24549
radio 14 25063
radio 14 25080
radio 14 25594
radio 14 25622
radio 14 26136
radio 14 26224
radio 14 26738
radio 14 26755
radio 14 27269
radio 14 27286
radio 14 27800
radio 14 27817
radio 14 28331
radio 14 28360
radio 14 28874
radio 14 28923
radio 14 29437
radio 14 29467
radio 14 29981
radio 14 29998
radio 14 30512
radio 14 30529
radio 14 31043
radio 14 31060
radio 14 31574
radio 14 31591
radio 14 32105
radio 14 32122
radio 14 32636
radio 14 32670
energy 14 32957 7 41541
radio 14 33184
radio 14 33201
radio 14 33715
radio 14 33743
radio 14 34257
radio 14 34285
radio 14 34799
radio 14 34816
radio 14 35330
radio 14 35347
radio 14 35861
radio 14 35916
radio 14 36430
radio 14 36499
radio 14 37013
radio 14 37103
radio 14 37617
radio 14 37651
radio 14 38165
radio 14 38194
radio 14 38708
radio 14 38725
radio 14 39239
delay 19 44 14 39279 14 39195 14 9 65535 0 286 0 1
radio 14 40359
radio 14 40873
radio 14 40890
radio 14 41404
radio 14 41437
radio 14 41951
radio 14 41968
radio 14 42482
radio 14 42499
radio 14 43013
radio 14 43043
radio 14 43557
radio 14 43589
radio 14 44103
radio 14 44120
radio 14 44634
radio 14 44683
radio 14 45197
radio 14 45227
radio 14 45741
radio 14 45758
radio 14 46272
radio 14 46304
radio 14 46818
radio 14 46835
radio 14 47349
radio 14 47379
radio 14 47893
radio 14 47928
radio 14 48442
radio 14 48459
radio 14 48973
radio 14 48990
radio 14 49504
radio 14 49521
radio 14 50035
radio 14 50068
radio 14 50582
radio 14 50655
radio 14 51169
radio 14 51186
radio 14 51700
radio 14 51728
radio 14 52242
radio 14 52277
radio 14 52791
radio 14 52825
radio 14 53339
radio 14 53368
radio 14 53882
radio 14 53918
radio 14 54432
radio 14 54449
radio 14 54963
radio 14 54996
radio 14 55510
radio 14 55543
radio 14 56057
radio 14 56074
radio 14 56588
radio 14 56618
radio 14 57132
radio 14 57164
radio 14 57678
radio 14 57695
radio 14 58209
radio 14 58226
radio 14 58740
radio 14 58757
radio 14 59271
radio 14 59288
radio 14 59802
delay 20 34 14 60305 14 60430 14 9 65535 0 551 0 1
radio 14 61382
radio 14 61896
radio 14 61913
radio 14 62427
radio 14 62481
radio 14 62995
radio 14 63047
radio 14 63561
radio 14 63593
radio 14 64107
radio 14 64158
radio 14 64672
radio 14 64689
radio 14 65203
radio 14 65220
radio 15 198
radio 15 215
radio 15 728
radio 15 745
radio 15 1258
radio 15 1275
radio 15 1788
radio 15 1816
radio 15 2330
radio 15 2362
radio 15 2876
radio 15 2945
radio 15 3459
radio 15 3476
radio 15 3989
radio 15 4019
radio 15 4533
radio 15 4550
radio 15 5063
radio 15 5095
radio 15 5609
radio 15 5639
radio 15 6153
radio 15 6201
radio 15 6715
radio 15 6732
radio 15 7245
radio 15 7262
radio 15 7775
radio 15 7792
radio 15 8305
radio 15 8322
radio 15 8835
radio 15 8864
radio 15 9378
radio 15 9406
radio 15 9920
radio 15 9937
radio 15 10450
radio 15 10501
radio 15 11015
radio 15 11044
radio 15 11558
radio 15 11591
radio 15 12105
radio 15 12134
radio 15 12648
radio 15 12699
radio 15 13213
radio 15 13230
radio 15 13744
radio 15 13761
radio 15 14275
delay 21 35 15 14293 15 14424 14 9 65535 0 65535 0 1
radio 15 15369
radio 15 15883
radio 15 15930
radio 15 16443
radio 15 16465
radio 15 16978
radio 15 16995
radio 15 17509
radio 15 17545
radio 15 18059
radio 15 18076
radio 15 18590
radio 15 18680
radio 15 19194
radio 15 19242
radio 15 19756
radio 15 19926
radio 15 20440
radio 15 20469
radio 15 20983
radio 15 21000
radio 15 21514
radio 15 21531
radio 15 22045
radio 15 22062
radio 15 22576
radio 15 22593
radio 15 23107
radio 15 23222
radio 15 23736
radio 15 23773
radio 15 24287
radio 15 24342
radio 15 24856
radio 15 24873
radio 15 25387
radio 15 25404
radio 15 25918
radio 15 25935
radio 15 26449
radio 15 26478
radio 15 26992
radio 15 27063
radio 15 27577
radio 15 27594
radio 15 28108
radio 15 28125
radio 15 28639
radio 15 28656
energy 15 28861 7 47943
radio 15 29170
radio 15 29264
radio 15 29778
radio 15 29795
radio 15 30309
radio 15 30326
radio 15 30840
radio 15 30934
radio 15 31448
radio 15 31482
radio 15 31996
radio 15 32026
radio 15 32540
radio 15 32557
radio 15 33071
radio 15 33161
radio 15 33675
radio 15 33709
radio 15 34223
radio 15 34296
radio 15 34810
delay 22 23 15 34854 15 35375 15 9 65535 0 33 1 1
radio 15 35934
radio 15 36448
radio 15 36503
radio 15 37017
radio 15 37034
radio 15 37548
radio 15 37600
radio 15 38114
radio 15 38183
radio 15 38697
radio 15 38714
radio 15 39228
radio 15 39245
radio 15 39759
radio 15 39787
radio 15 40301
radio 15 40356
radio 15 40870
radio 15 40899
radio 15 41413
radio 15 41442
radio 15 41956
radio 15 41987
radio 15 42501
radio 15 42518
radio 15 43032
radio 15 43080
radio 15 43594
radio 15 43611
radio 15 44125
radio 15 44142
radio 15 44656
radio 15 44689
radio 15 45203
radio 15 45235
radio 15 45749
radio 15 45766
radio 15 46280
radio 15 46349
radio 15 46863
radio 15 46880
radio 15 47394
radio 15 47411
radio 15 47925
radio 15 47942
radio 15 48456
radio 15 48489
radio 15 49003
radio 15 49054
radio 15 49568
radio 15 49585
radio 15 50099
radio 15 50131
radio 15 50645
radio 15 50694
radio 15 51208
radio 15 51284
radio 15 51798
radio 15 51829
radio 15 52343
radio 15 52375
radio 15 52889
radio 15 52922
radio 15 53436
radio 15 53488
radio 15 54002
radio 15 54031
radio 15 54545
radio 15 54574
radio 15 55088
radio 15 55164
radio 15 55678
delay 23 44 15 55805 15 55724 14 9 65535 0 356 0 1
radio 15 56870
radio 15 57383
radio 15 57400
radio 15 57914
radio 15 57931
radio 15 58445
radio 15 58496
radio 15 59010
radio 15 59027
radio 15 59541
radio 15 59558
radio 15 60072
radio 15 60103
radio 15 60617
radio 15 60645
radio 15 61159
radio 15 61194
radio 15 61708
radio 15 61725
radio 15 62239
radio 15 62289
radio 15 62803
radio 15 62836
radio 15 63350
radio 15 63367
radio 15 63881
radio 15 63898
radio 15 64412
radio 15 64443
radio 15 64957
radio 15 64974
radio 15 65488
radio 15 65516
radio 16 494
radio 16 525
radio 16 1039
radio 16 1056
radio 16 1569
radio 16 1586
radio 16 2099
radio 16 2116
radio 16 2629
radio 16 2646
radio 16 3159
radio 16 3191
radio 16 3705
radio 16 3722
radio 16 4235
radio 16 4309
radio 16 4823
radio 16 4840
radio 16 5353
radio 16 5404
radio 16 5918
radio 16 5986
radio 16 6500
radio 16 6517
radio 16 7030
radio 16 7047
radio 16 7560
radio 16 7589
radio 16 8103
radio 16 8120
radio 16 8633
radio 16 8663
radio 16 9177
radio 16 9194
radio 16 9708
radio 16 9725
radio 16 10238
delay 24 43 16 10310 16 10223 15 9 65535 0 107 0 1
radio 16 11382
radio 16 11896
radio 16 11913
radio 16 12426
radio 16 12443
radio 16 12957
radio 16 12974
radio 16 13488
radio 16 13540
radio 16 14054
radio 16 14087
radio 16 14601
radio 16 14618
radio 16 15132
radio 16 15164
radio 16 15678
radio 16 15695
radio 16 16209
radio 16 16238
radio 16 16752
radio 16 16782
radio 16 17296
radio 16 17327
radio 16 17841
radio 16 17873
radio 16 18387
radio 16 18558
radio 16 19072
radio 16 19089
radio 16 19603
radio 16 19620
radio 16 20134
radio 16 20151
radio 16 20665
radio 16 20693
radio 16 21207
radio 16 21224
radio 16 21738
radio 16 21755
radio 16 22269
radio 16 22344
radio 16 22858
radio 16 22875
radio 16 23389
radio 16 23406
radio 16 23920
radio 16 23937
radio 16 24451
radio 16 24468
energy 16 24765 7 54169
radio 16 24982
radio 16 24999
radio 16 25513
radio 16 25530
radio 16 26044
radio 16 26118
radio 16 26632
radio 16 26767
radio 16 27281
radio 16 27298
radio 16 27812
radio 16 27829
radio 16 28343
radio 16 28360
radio 16 28874
radio 16 28911
radio 16 29425
radio 16 29461
radio 16 29975
radio 16 29992
radio 16 30506
radio 16 30538
radio 16 31052
delay 25 44 16 31068 16 30988 14 9 65535 0 400 0 1
radio 16 32128
radio 16 32641
radio 16 32658
radio 16 33172
radio 16 33222
radio 16 33736
radio 16 33753
radio 16 34267
radio 16 34284
radio 16 34798
radio 16 34815
radio 16 35329
radio 16 35364
radio 16 35878
radio 16 35895
radio 16 36409
radio 16 36426
radio 16 36940
radio 16 36969
radio 16 37483
radio 16 37512
radio 16 38026
radio 16 38079
radio 16 38593
radio 16 38610
radio 16 39124
radio 16 39141
radio 16 39655
radio 16 39685
radio 16 40199
radio 16 40216
radio 16 40730
radio 16 40820
radio 16 41334
radio 16 41404
radio 16 41918
radio 16 41935
radio 16 42449
radio 16 42466
radio 16 42980
radio 16 42997
radio 16 43511
radio 16 43528
radio 16 44042
radio 16 44059
radio 16 44573
radio 16 44621
radio 16 45135
radio 16 45164
radio 16 45678
radio 16 45734
radio 16 46248
radio 16 46283
radio 16 46797
radio 16 46814
radio 16 47328
radio 16 47345
radio 16 47859
radio 16 47930
radio 16 48444
radio 16 48461
radio 16 48975
radio 16 48992
radio 16 49506
radio 16 49523
radio 16 50037
radio 16 50072
radio 16 50586
radio 16 50616
radio 16 51130
delay 26 0 16 51145 16 52459 0 9 9 0 39 0 1
radio 16 52227
radio 16 52741
radio 16 52758
radio 16 53272
radio 16 53289
radio 16 53803
radio 16 53820
radio 16 54334
radio 16 54351
radio 16 54865
radio 16 54882
radio 16 55396
radio 16 55413
radio 16 55927
radio 16 55944
radio 16 56458
radio 16 56528
radio 16 57042
radio 16 57059
radio 16 57573
radio 16 57590
radio 16 58104
radio 16 58121
radio 16 58635
radio 16 58665
radio 16 59179
radio 16 59215
radio 16 59729
radio 16 59781
radio 16 60295
radio 16 60312
radio 16 60826
radio 16 60843
radio 16 61357
radio 16 61386
radio 16 61900
radio 16 61929
radio 16 62443
radio 16 62472
radio 16 62986
radio 16 63055
radio 16 63569
radio 16 63586
radio 16 64100
radio 16 64117
radio 16 64631
radio 16 64648
radio 16 65162
radio 16 65192
radio 17 170
radio 17 223
radio 17 737
radio 17 754
radio 17 1267
radio 17 1284
radio 17 1797
radio 17 1814
radio 17 2327
radio 17 2358
radio 17 2872
radio 17 2921
radio 17 3435
radio 17 3452
radio 17 3965
radio 17 3993
radio 17 4507
radio 17 4621
radio 17 5135
radio 17 5189
radio 17 5703
radio 17 5774
radio 17 6288
delay 27 44 17 6334 17 6255 14 9 65535 0 36 1 1
radio 17 7409
radio 17 7922
radio 17 7939
radio 17 8452
radio 17 8469
radio 17 8982
radio 17 9073
radio 17 9587
radio 17 9676
radio 17 10190
radio 17 10225
radio 17 10739
radio 17 10771
radio 17 11285
radio 17 11340
radio 17 11854
radio 17 11871
radio 17 12385
radio 17 12402
radio 17 12916
radio 17 12952
radio 17 13466
radio 17 13483
radio 17 13997
radio 17 14074
radio 17 14588
radio 17 14605
radio 17 15119
radio 17 15136
radio 17 15650
radio 17 15667
radio 17 16181
radio 17 16230
radio 17 16744
radio 17 16773
radio 17 17287
radio 17 17336
radio 17 17850
radio 17 17867
radio 17 18381
radio 17 18437
radio 17 18951
radio 17 18968
radio 17 19482
radio 17 19499
radio 17 20013
radio 17 20030
radio 17 20544
radio 17 20561
energy 17 20669 7 60157
radio 17 21075
radio 17 21092
radio 17 21606
radio 17 21623
radio 17 22137
radio 17 22154
radio 17 22668
radio 17 22685
radio 17 23199
radio 17 23233
radio 17 23747
radio 17 23764
radio 17 24278
radio 17 24295
radio 17 24809
radio 17 24826
radio 17 25340
radio 17 25391
radio 17 25905
radio 17 25937
radio 17 26451
radio 17 26483
radio 17 26997
delay 28 4 17 27133 17 27813 15 9 65535 0 105 0 1
radio 17 28193
radio 17 28707
radio 17 28724
radio 17 29238
radio 17 29255
radio 17 29769
radio 17 29798
radio 17 30312
radio 17 30329
radio 17 30843
radio 17 30876
radio 17 31390
radio 17 31407
radio 17 31921
radio 17 31992
radio 17 32506
radio 17 32523
radio 17 33037
radio 17 33054
radio 17 33568
radio 17 33599
radio 17 34113
radio 17 34130
radio 17 34644
radio 17 34716
radio 17 35230
radio 17 35247
radio 17 35761
radio 17 35778
radio 17 36292
radio 17 36309
radio 17 36823
radio 17 36858
radio 17 37372
radio 17 37421
radio 17 37935
radio 17 37952
radio 17 38466
radio 17 38515
radio 17 39029
radio 17 39046
radio 17 39560
radio 17 39577
radio 17 40091
radio 17 40108
radio 17 40622
radio 17 40656
radio 17 41170
radio 17 41222
radio 17 41736
radio 17 41753
radio 17 42267
radio 17 42284
radio 17 42798
radio 17 42815
radio 17 43329
radio 17 43346
radio 17 43860
radio 17 43888
radio 17 44402
radio 17 44431
radio 17 44945
radio 17 45000
radio 17 45514
radio 17 45531
radio 17 46045
radio 17 46073
radio 17 46587
radio 17 46617
radio 17 47131
delay 29 0 17 47150 17 48464 0 9 9 0 140 0 1
radio 17 48231
radio 17 48745
radio 17 48764
radio 17 49278
radio 17 49327
radio 17 49841
radio 17 49858
radio 17 50372
radio 17 50408
radio 17 50922
radio 17 50977
radio 17 51491
radio 17 51508
radio 17 52022
radio 17 52055
radio 17 52569
radio 17 52586
radio 17 53100
radio 17 53134
radio 17 53648
radio 17 53683
radio 17 54197
radio 17 54214
radio 17 54728
radio 17 54745
radio 17 55259
radio 17 55292
radio 17 55806
radio 17 55835
radio 17 56349
radio 17 56424
radio 17 56938
radio 17 56970
radio 17 57484
radio 17 57514
radio 17 58028
radio 17 58096
radio 17 58610
radio 17 58643
radio 17 59157
radio 17 59185
radio 17 59699
radio 17 59716
radio 17 60230
radio 17 60304
radio 17 60818
radio 17 60868
radio 17 61382
radio 17 61418
radio 17 61932
radio 17 61967
radio 17 62481
radio 17 62550
radio 17 63064
radio 17 63095
radio 17 63609
radio 17 63665
radio 17 64179
radio 17 64210
radio 17 64724
radio 17 64756
radio 17 65270
radio 17 65338
radio 18 316
radio 18 351
radio 18 865
radio 18 882
radio 18 1395
radio 18 1426
radio 18 1940
delay 30 0 18 1956 18 3267 0 9 9 0 65535 0 1
radio 18 3031
radio 18 3545
radio 18 3576
radio 18 4090
radio 18 4141
radio 18 4655
radio 18 4725
radio 18 5239
radio 18 5274
radio 18 5788
radio 18 5816
radio 18 6330
radio 18 6402
radio 18 6916
radio 18 6972
radio 18 7486
radio 18 7503
radio 18 8016
radio 18 8045
radio 18 8559
radio 18 8610
radio 18 9124
radio 18 9237
radio 18 9751
radio 18 9803
radio 18 10317
radio 18 10413
radio 18 10927
radio 18 10944
radio 18 11458
radio 18 11475
radio 18 11989
radio 18 12044
radio 18 12558
radio 18 12575
radio 18 13089
radio 18 13123
radio 18 13637
radio 18 13654
radio 18 14168
radio 18 14200
radio 18 14714
radio 18 14768
radio 18 15282
radio 18 15299
radio 18 15813
radio 18 15848
radio 18 16362
radio 18 16390
energy 18 16573 8 865
radio 18 16904
radio 18 16959
radio 18 17473
radio 18 17507
radio 18 18021
radio 18 18038
radio 18 18552
radio 18 18569
radio 18 19083
radio 18 19100
radio 18 19614
radio 18 19631
radio 18 20145
radio 18 20179
radio 18 20693
radio 18 20710
radio 18 21224
radio 18 21298
radio 18 21812
radio 18 21829
radio 18 22343
radio 18 22373
radio 18 22887
delay 31 44 18 23079 18 23003 14 9 65535 0 593 0 1
radio 18 24160
radio 18 24674
radio 18 24691
radio 18 25205
radio 18 25222
radio 18 25736
radio 18 25807
radio 18 26321
radio 18 26338
radio 18 26852
radio 18 26901
radio 18 27415
radio 18 27444
radio 18 27958
radio 18 27993
radio 18 28507
radio 18 28543
radio 18 29057
radio 18 29074
radio 18 29588
radio 18 29605
radio 18 30119
radio 18 30172
radio 18 30686
radio 18 30739
radio 18 31253
radio 18 31270
radio 18 31784
radio 18 31801
radio 18 32315
radio 18 32345
radio 18 32859
radio 18 32876
radio 18 33390
radio 18 33458
radio 18 33972
radio 18 34001
radio 18 34515
radio 18 34545
radio 18 35059
radio 18 35076
radio 18 35590
radio 18 35623
radio 18 36137
radio 18 36190
radio 18 36704
radio 18 36734
radio 18 37248
radio 18 37265
radio 18 37779
radio 18 37796
radio 18 38310
radio 18 38327
radio 18 38841
radio 18 38910
radio 18 39424
radio 18 39441
radio 18 39955
radio 18 39972
radio 18 40486
radio 18 40503
radio 18 41017
radio 18 41051
radio 18 41565
radio 18 41642
radio 18 42156
radio 18 42173
radio 18 42687
radio 18 42704
radio 18 43218
delay 32 34 18 43233 18 43360 14 9 65535 0 132 1 1
