Thread[Thread-1,5,main]tree 62 14 24 12 0 0
radio 7 16557
radio 7 16561
radio 7 16578
radio 7 17092
radio 7 17109
radio 7 17623
radio 7 17640
radio 7 18154
radio 7 18202
radio 7 18716
radio 7 18733
radio 7 19247
radio 7 19264
radio 7 19778
radio 7 19795
radio 7 20309
radio 7 20340
radio 7 20854
radio 7 20886
radio 7 21400
radio 7 21453
radio 7 21967
radio 7 21984
radio 7 22498
radio 7 22515
radio 7 23029
radio 7 23046
radio 7 23560
radio 7 23616
radio 7 24130
radio 7 24205
radio 7 24719
radio 7 24736
radio 7 25250
radio 7 25267
radio 7 25781
radio 7 25910
radio 7 26424
radio 7 26441
radio 7 26955
radio 7 26972
radio 7 27486
radio 7 27515
radio 7 28029
radio 7 28083
radio 7 28597
radio 7 28628
radio 7 29142
radio 7 29174
radio 7 29688
radio 7 29705
radio 7 30219
radio 7 30248
radio 7 30762
radio 7 30779
radio 7 31293
radio 7 31321
radio 7 31835
radio 7 31870
radio 7 32384
radio 7 32401
radio 7 32915
radio 7 32946
radio 7 33460
radio 7 33477
radio 7 33991
radio 7 34027
radio 7 34541
radio 7 34591
radio 7 35105
radio 7 35122
radio 7 35636
radio 7 35653
radio 7 36167
radio 7 36184
radio 7 36698
radio 7 36715
radio 7 37229
radio 7 37246
radio 7 37760
radio 7 37791
radio 7 38305
radio 7 38322
radio 7 38836
radio 7 38853
radio 7 39367
radio 7 39396
radio 7 39910
radio 7 39927
radio 7 40441
radio 7 40458
radio 7 40972
radio 7 40989
radio 7 41503
radio 7 41534
radio 7 42048
radio 7 42065
radio 7 42579
radio 7 42634
radio 7 43148
radio 7 43165
radio 7 43679
radio 7 43696
radio 7 44210
radio 7 44227
radio 7 44741
radio 7 44758
radio 7 45272
radio 7 45306
radio 7 45820
radio 7 45837
radio 7 46351
radio 7 46368
radio 7 46882
radio 7 46899
radio 7 47413
radio 7 47444
radio 7 47958
radio 7 48011
radio 7 48525
radio 7 48542
radio 7 49056
radio 7 49073
radio 7 49587
radio 7 49604
radio 7 50118
radio 7 50135
radio 7 50649
radio 7 50666
radio 7 51180
radio 7 51213
radio 7 51727
radio 7 51744
radio 7 52258
radio 7 52293
radio 7 52807
radio 7 52824
radio 7 53338
radio 7 53366
radio 7 53880
radio 7 53952
radio 7 54466
radio 7 54555
radio 7 55069
radio 7 55140
radio 7 55654
radio 7 55685
radio 7 56199
radio 7 56235
radio 7 56749
radio 7 56766
radio 7 57280
radio 7 57297
radio 7 57811
radio 7 57828
radio 7 58342
radio 7 58392
radio 7 58906
radio 7 58941
radio 7 59455
radio 7 59483
radio 7 59997
radio 7 60026
radio 7 60540
radio 7 60596
radio 7 61110
radio 7 61141
radio 7 61655
radio 7 61672
radio 7 62186
radio 7 62203
radio 7 62717
radio 7 62768
radio 7 63282
radio 7 63299
radio 7 63813
radio 7 63830
radio 7 64344
radio 7 64361
radio 7 64875
radio 7 64892
radio 7 65406
radio 7 65423
radio 8 401
radio 8 418
radio 8 931
radio 8 948
radio 8 1461
radio 8 1490
radio 8 2004
radio 8 2055
radio 8 2569
radio 8 2586
radio 8 3099
radio 8 3128
radio 8 3642
radio 8 3659
radio 8 4172
radio 8 4189
radio 8 4702
radio 8 4719
radio 8 5233
radio 8 5250
radio 8 5763
radio 8 5780
radio 8 6293
radio 8 6310
radio 8 6823
radio 8 6878
radio 8 7392
radio 8 7409
radio 8 7923
radio 8 7956
radio 8 8470
radio 8 8487
radio 8 9000
radio 8 9035
radio 8 9549
radio 8 9566
radio 8 10079
radio 8 10110
radio 8 10624
radio 8 10641
radio 8 11155
radio 8 11172
radio 8 11686
radio 8 11722
radio 8 12236
radio 8 12253
energy 8 12473 7 19023
radio 8 12767
radio 8 12784
radio 8 13298
radio 8 13315
radio 8 13829
radio 8 13865
radio 8 14379
radio 8 14428
radio 8 14942
radio 8 14959
radio 8 15473
radio 8 15490
radio 8 16004
radio 8 16021
radio 8 16535
radio 8 16552
radio 8 17066
radio 8 17099
radio 8 17613
radio 8 17665
radio 8 18179
radio 8 18214
radio 8 18728
radio 8 18745
radio 8 19259
radio 8 19292
radio 8 19806
radio 8 19823
radio 8 20337
radio 8 20354
radio 8 20868
radio 8 20885
radio 8 21399
radio 8 21416
radio 8 21930
radio 8 21979
radio 8 22493
radio 8 22510
radio 8 23024
radio 8 23041
radio 8 23555
radio 8 23572
radio 8 24086
radio 8 24103
radio 8 24617
radio 8 24634
radio 8 25148
radio 8 25179
radio 8 25693
radio 8 25710
radio 8 26224
radio 8 26278
radio 8 26792
radio 8 26809
radio 8 27323
radio 8 27340
radio 8 27854
radio 8 27871
radio 8 28385
radio 8 28402
radio 8 28916
radio 8 28933
radio 8 29447
radio 8 29464
radio 8 29978
radio 8 29995
radio 8 30509
radio 8 30545
radio 8 31059
radio 8 31076
radio 8 31590
radio 8 31607
radio 8 32121
radio 8 32138
radio 8 32652
radio 8 32669
radio 8 33183
radio 8 33200
radio 8 33714
radio 8 33745
radio 8 34259
radio 8 34276
radio 8 34790
radio 8 34819
radio 8 35333
radio 8 35350
radio 8 35864
radio 8 35915
radio 8 36429
radio 8 36477
radio 8 36991
radio 8 37008
radio 8 37522
radio 8 37539
radio 8 38053
radio 8 38070
radio 8 38584
radio 8 38601
radio 8 39115
radio 8 39132
radio 8 39646
radio 8 39700
radio 8 40214
radio 8 40246
radio 8 40760
radio 8 40777
radio 8 41291
radio 8 41308
radio 8 41822
radio 8 41839
radio 8 42353
radio 8 42370
radio 8 42884
delay 0 24 8 42991 8 43218 9 14 5 0 72 1 0
radio 8 44057
radio 8 44571
radio 8 44588
radio 8 45102
radio 8 45154
radio 8 45668
radio 8 45685
radio 8 46199
radio 8 46216
radio 8 46730
radio 8 46779
radio 8 47293
radio 8 47310
radio 8 47824
radio 8 47877
radio 8 48391
radio 8 48425
radio 8 48939
radio 8 48971
radio 8 49485
radio 8 49539
radio 8 50053
radio 8 50070
radio 8 50584
radio 8 50616
radio 8 51130
radio 8 51147
radio 8 51661
radio 8 51678
radio 8 52192
radio 8 52209
radio 8 52723
radio 8 53016
radio 8 53530
radio 8 53547
radio 8 54061
radio 8 54090
radio 8 54604
radio 8 54635
radio 8 55149
radio 8 55166
radio 8 55680
radio 8 55697
radio 8 56211
radio 8 56228
radio 8 56742
radio 8 56793
radio 8 57307
radio 8 57341
radio 8 57855
radio 8 57872
radio 8 58386
radio 8 58403
radio 8 58917
radio 8 59007
radio 8 59521
radio 8 59538
radio 8 60052
radio 8 60086
radio 8 60600
radio 8 60617
radio 8 61131
radio 8 61148
radio 8 61662
radio 8 61711
radio 8 62225
radio 8 62258
radio 8 62772
radio 8 62805
radio 8 63319
delay 1 42 8 63471 8 63640 15 14 65535 0 132 0 0
radio 8 63479
radio 8 63994
radio 8 64041
radio 8 64555
radio 8 64572
radio 8 65086
radio 8 65103
radio 9 81
radio 9 98
radio 9 611
radio 9 628
radio 9 1141
radio 9 1212
radio 9 1726
radio 9 1754
radio 9 2268
radio 9 2299
radio 9 2813
radio 9 2830
radio 9 3343
radio 9 3374
radio 9 3888
radio 9 3905
radio 9 4418
radio 9 4469
radio 9 4983
radio 9 5017
radio 9 5531
radio 9 5548
radio 9 6061
radio 9 6078
radio 9 6591
radio 9 6621
radio 9 7135
radio 9 7152
radio 9 7665
radio 9 7714
radio 9 8228
radio 9 8245
energy 9 8377 7 22830
radio 9 8758
radio 9 8787
radio 9 9301
radio 9 9329
radio 9 9843
radio 9 9860
radio 9 10373
radio 9 10390
radio 9 10904
radio 9 10921
radio 9 11435
radio 9 11452
radio 9 11966
radio 9 11999
radio 9 12513
radio 9 12530
radio 9 13044
radio 9 13077
radio 9 13591
radio 9 13626
radio 9 14140
radio 9 14157
radio 9 14671
radio 9 14707
radio 9 15221
radio 9 15250
radio 9 15764
radio 9 15781
radio 9 16295
radio 9 16312
radio 9 16826
radio 9 16843
radio 9 17357
radio 9 17374
radio 9 17888
radio 9 17905
radio 9 18419
delay 2 24 9 18463 9 18689 9 14 5 0 296 0 0
radio 9 18470
radio 9 18985
radio 9 19466
radio 9 19980
radio 9 20016
radio 9 20530
radio 9 20547
radio 9 21061
radio 9 21078
radio 9 21592
radio 9 21623
radio 9 22137
radio 9 22205
radio 9 22719
radio 9 22750
radio 9 23264
radio 9 23281
radio 9 23795
radio 9 23827
radio 9 24341
radio 9 24372
radio 9 24886
radio 9 24903
radio 9 25417
radio 9 25434
radio 9 25948
radio 9 25965
radio 9 26479
radio 9 26508
radio 9 27022
radio 9 27039
radio 9 27553
radio 9 27582
radio 9 28096
radio 9 28124
radio 9 28638
radio 9 28672
radio 9 29186
radio 9 29203
radio 9 29717
radio 9 29734
radio 9 30248
radio 9 30265
radio 9 30779
radio 9 30796
radio 9 31310
radio 9 31344
radio 9 31858
radio 9 31875
radio 9 32389
radio 9 32406
radio 9 32920
radio 9 32988
radio 9 33502
radio 9 33519
radio 9 34033
radio 9 34050
radio 9 34564
radio 9 34581
radio 9 35095
radio 9 35112
radio 9 35626
radio 9 35643
radio 9 36157
radio 9 36174
radio 9 36688
radio 9 36705
radio 9 37219
radio 9 37250
radio 9 37764
radio 9 37812
radio 9 38326
radio 9 38360
radio 9 38874
delay 3 43 9 39006 9 39146 15 14 65535 0 304 0 0
radio 9 39014
radio 9 39528
radio 9 39694
radio 9 40208
radio 9 40260
radio 9 40774
radio 9 40806
radio 9 41320
radio 9 41374
radio 9 41888
radio 9 41920
radio 9 42434
radio 9 42451
radio 9 42965
radio 9 43093
radio 9 43607
radio 9 43624
radio 9 44138
radio 9 44308
radio 9 44822
radio 9 44850
radio 9 45364
radio 9 45395
radio 9 45909
radio 9 45938
radio 9 46452
radio 9 46503
radio 9 47017
radio 9 47053
radio 9 47567
radio 9 47595
radio 9 48109
radio 9 48126
radio 9 48640
radio 9 48657
radio 9 49171
radio 9 49242
radio 9 49756
radio 9 49773
radio 9 50287
radio 9 50304
radio 9 50818
radio 9 50848
radio 9 51362
radio 9 51379
radio 9 51893
radio 9 51910
radio 9 52424
radio 9 52441
radio 9 52955
radio 9 52972
radio 9 53486
radio 9 53503
radio 9 54017
radio 9 54068
radio 9 54582
radio 9 54599
radio 9 55113
radio 9 55141
radio 9 55655
radio 9 55672
radio 9 56186
radio 9 56203
radio 9 56717
radio 9 56748
radio 9 57262
radio 9 57279
radio 9 57793
radio 9 57843
radio 9 58357
radio 9 58374
radio 9 58888
radio 9 58924
radio 9 59438
delay 4 42 9 59453 9 59622 15 14 65535 0 187 0 0
radio 9 59461
radio 9 59976
radio 9 59991
radio 9 60505
radio 9 60572
radio 9 61086
radio 9 61122
radio 9 61636
radio 9 61667
radio 9 62181
radio 9 62198
radio 9 62712
radio 9 62741
radio 9 63255
radio 9 63286
radio 9 63800
radio 9 63849
radio 9 64363
radio 9 64380
radio 9 64894
radio 9 64967
radio 9 65481
radio 9 65529
radio 10 507
radio 10 524
radio 10 1037
radio 10 1054
radio 10 1568
radio 10 1585
radio 10 2099
radio 10 2133
radio 10 2647
radio 10 2664
radio 10 3178
radio 10 3195
radio 10 3709
radio 10 3797
energy 10 4281 7 26198
radio 10 4311
radio 10 4366
radio 10 4880
radio 10 4911
radio 10 5425
radio 10 5453
radio 10 5967
radio 10 5997
radio 10 6511
radio 10 6583
radio 10 7097
radio 10 7114
radio 10 7628
radio 10 7645
radio 10 8159
radio 10 8176
radio 10 8690
radio 10 8707
radio 10 9221
radio 10 9252
radio 10 9766
radio 10 9798
radio 10 10312
radio 10 10366
radio 10 10880
radio 10 10914
radio 10 11428
radio 10 11460
radio 10 11974
radio 10 11991
radio 10 12505
radio 10 12522
radio 10 13036
radio 10 13066
radio 10 13580
radio 10 13597
radio 10 14111
radio 10 14128
radio 10 14642
radio 10 14677
radio 10 15191
radio 10 15220
radio 10 15734
radio 10 15751
radio 10 16265
radio 10 16301
radio 10 16815
radio 10 16864
radio 10 17378
radio 10 17395
radio 10 17909
radio 10 17939
radio 10 18453
radio 10 18483
radio 10 18997
radio 10 19066
radio 10 19580
radio 10 19597
radio 10 20111
radio 10 20128
radio 10 20642
radio 10 20659
radio 10 21173
radio 10 21209
radio 10 21723
radio 10 21752
radio 10 22266
radio 10 22283
radio 10 22797
radio 10 22830
radio 10 23344
radio 10 23361
radio 10 23875
radio 10 23906
radio 10 24420
radio 10 24437
radio 10 24951
radio 10 24968
radio 10 25482
radio 10 25499
radio 10 26013
radio 10 26030
radio 10 26544
radio 10 26593
radio 10 27107
radio 10 27143
radio 10 27657
radio 10 27686
radio 10 28200
radio 10 28217
radio 10 28731
radio 10 28766
radio 10 29280
radio 10 29297
radio 10 29811
radio 10 29841
radio 10 30355
radio 10 30384
radio 10 30898
radio 10 30915
radio 10 31429
radio 10 31462
radio 10 31976
radio 10 31993
radio 10 32507
radio 10 32541
radio 10 33055
radio 10 33083
radio 10 33597
radio 10 33631
radio 10 34145
radio 10 34162
radio 10 34676
delay 6 35 10 34723 10 35087 14 14 65535 0 126 1 0
radio 10 35795
radio 10 36308
radio 10 36325
radio 10 36839
radio 10 36893
radio 10 37407
radio 10 37424
radio 10 37938
radio 10 37955
radio 10 38469
radio 10 38486
radio 10 39000
radio 10 39017
radio 10 39531
radio 10 39560
radio 10 40074
radio 10 40091
radio 10 40605
radio 10 40720
radio 10 41234
radio 10 41251
radio 10 41765
radio 10 41782
radio 10 42296
radio 10 42313
radio 10 42827
radio 10 42863
radio 10 43377
radio 10 43427
radio 10 43941
radio 10 43993
radio 10 44507
radio 10 44556
radio 10 45070
radio 10 45104
radio 10 45618
radio 10 45635
radio 10 46149
radio 10 46225
radio 10 46739
radio 10 46756
radio 10 47270
radio 10 47287
radio 10 47801
radio 10 47837
radio 10 48351
radio 10 48387
radio 10 48901
radio 10 48918
radio 10 49432
radio 10 49484
radio 10 49998
radio 10 50027
radio 10 50541
radio 10 50576
radio 10 51090
radio 10 51107
radio 10 51621
radio 10 51671
radio 10 52185
radio 10 52202
radio 10 52716
radio 10 52733
radio 10 53247
radio 10 53264
radio 10 53778
radio 10 53807
radio 10 54321
radio 10 54338
radio 10 54852
radio 10 54905
radio 10 55419
delay 7 34 10 56367 10 56723 14 14 65535 0 934 0 0
radio 10 56376
radio 10 56890
radio 10 56923
radio 10 57437
radio 10 57454
radio 10 57968
radio 10 57985
radio 10 58499
radio 10 58532
radio 10 59046
radio 10 59083
radio 10 59597
radio 10 59649
radio 10 60163
radio 10 60193
radio 10 60707
radio 10 60724
radio 10 61238
radio 10 61255
radio 10 61769
radio 10 61786
radio 10 62300
radio 10 62333
radio 10 62847
radio 10 62864
radio 10 63378
radio 10 63411
radio 10 63925
radio 10 63942
radio 10 64456
radio 10 64473
radio 10 64987
radio 10 65004
radio 10 65518
radio 10 65535
energy 11 185 7 30736
radio 11 513
radio 11 530
radio 11 1043
radio 11 1139
radio 11 1653
radio 11 1670
radio 11 2184
radio 11 2201
radio 11 2715
radio 11 2732
radio 11 3246
radio 11 3278
radio 11 3792
radio 11 3863
radio 11 4377
radio 11 4406
radio 11 4920
radio 11 4954
radio 11 5468
radio 11 5516
radio 11 6030
radio 11 6047
radio 11 6561
radio 11 6578
radio 11 7092
radio 11 7109
radio 11 7623
radio 11 7640
radio 11 8154
radio 11 8183
radio 11 8697
radio 11 8727
radio 11 9241
radio 11 9276
radio 11 9790
radio 11 9807
radio 11 10321
radio 11 10338
radio 11 10852
radio 11 10869
radio 11 11383
radio 11 11400
radio 11 11914
radio 11 11948
radio 11 12462
radio 11 12479
radio 11 12993
radio 11 13010
radio 11 13524
radio 11 13541
radio 11 14055
radio 11 14072
radio 11 14586
radio 11 14603
radio 11 15117
radio 11 15152
radio 11 15666
radio 11 15720
radio 11 16234
radio 11 16251
radio 11 16765
radio 11 16782
radio 11 17296
radio 11 17313
radio 11 17827
radio 11 17844
radio 11 18358
radio 11 18387
radio 11 18901
radio 11 18918
radio 11 19432
radio 11 19449
radio 11 19963
radio 11 20013
radio 11 20527
radio 11 20561
radio 11 21075
radio 11 21092
radio 11 21606
radio 11 21623
radio 11 22137
radio 11 22190
radio 11 22704
radio 11 22754
radio 11 23268
radio 11 23301
radio 11 23815
radio 11 23891
radio 11 24405
radio 11 24422
radio 11 24936
radio 11 24953
radio 11 25467
radio 11 25484
radio 11 25998
radio 11 26015
radio 11 26529
radio 11 26546
radio 11 27060
radio 11 27089
radio 11 27603
radio 11 27620
radio 11 28134
radio 11 28164
radio 11 28678
radio 11 28695
radio 11 29209
radio 11 29241
radio 11 29755
radio 11 29772
radio 11 30286
radio 11 30303
radio 11 30817
delay 9 42 11 30886 11 31055 15 14 65535 0 236 0 0
radio 11 30894
radio 11 31409
radio 11 31640
radio 11 32154
radio 11 32171
radio 11 32685
radio 11 32702
radio 11 33216
radio 11 33234
radio 11 33747
radio 11 33781
radio 11 34295
radio 11 34312
radio 11 34826
radio 11 34861
radio 11 35375
radio 11 35392
radio 11 35906
radio 11 35996
radio 11 36510
radio 11 36527
radio 11 37041
radio 11 37058
radio 11 37572
radio 11 37589
radio 11 38103
radio 11 38175
radio 11 38689
radio 11 38797
radio 11 39311
radio 11 39328
radio 11 39842
radio 11 39873
radio 11 40387
radio 11 40419
radio 11 40933
radio 11 40950
radio 11 41464
radio 11 41536
radio 11 42050
radio 11 42067
radio 11 42581
radio 11 42657
radio 11 43171
radio 11 43188
radio 11 43702
radio 11 43736
radio 11 44250
radio 11 44267
radio 11 44781
radio 11 44798
radio 11 45312
radio 11 45367
radio 11 45881
radio 11 45910
radio 11 46424
radio 11 46441
radio 11 46955
radio 11 46972
radio 11 47486
radio 11 47522
radio 11 48036
radio 11 48053
radio 11 48567
radio 11 48638
radio 11 49152
radio 11 49169
radio 11 49683
radio 11 49700
radio 11 50214
radio 11 50231
radio 11 50745
radio 11 50818
radio 11 51332
delay 10 12 11 52037 11 53131 9 14 5 0 729 0 0
radio 11 52045
radio 11 52559
radio 11 52639
radio 11 53153
radio 11 53170
radio 11 53684
radio 11 53701
radio 11 54215
radio 11 54244
radio 11 54758
radio 11 54775
radio 11 55289
radio 11 55317
radio 11 55831
radio 11 55865
radio 11 56379
radio 11 56408
radio 11 56922
radio 11 56939
radio 11 57453
radio 11 57470
radio 11 57984
radio 11 58019
radio 11 58533
radio 11 58562
radio 11 59076
radio 11 59093
radio 11 59607
radio 11 59624
radio 11 60138
radio 11 60155
radio 11 60669
radio 11 60686
radio 11 61200
radio 11 61229
energy 11 61625 7 34246
radio 11 61743
radio 11 61760
radio 11 62274
radio 11 62306
radio 11 62820
radio 11 62837
radio 11 63351
radio 11 63422
radio 11 63936
radio 11 63953
radio 11 64467
radio 11 64484
radio 11 64998
radio 11 65015
radio 11 65529
radio 12 10
radio 12 523
radio 12 540
radio 12 1053
radio 12 1070
radio 12 1584
radio 12 1639
radio 12 2153
radio 12 2187
radio 12 2701
radio 12 2718
radio 12 3232
radio 12 3249
radio 12 3763
radio 12 3780
radio 12 4294
radio 12 4330
radio 12 4844
radio 12 4873
radio 12 5387
radio 12 5404
radio 12 5918
delay 11 22 12 6682 12 7037 15 14 65535 0 497 0 0
radio 12 6690
radio 12 7205
radio 12 7221
radio 12 7735
radio 12 7752
radio 12 8266
radio 12 8283
radio 12 8797
radio 12 8814
radio 12 9328
radio 12 9357
radio 12 9871
radio 12 9906
radio 12 10420
radio 12 10437
radio 12 10951
radio 12 10983
radio 12 11497
radio 12 11526
radio 12 12040
radio 12 12057
radio 12 12571
radio 12 12588
radio 12 13102
radio 12 13134
radio 12 13648
radio 12 13681
radio 12 14195
radio 12 14212
radio 12 14726
radio 12 14758
radio 12 15272
radio 12 15305
radio 12 15819
radio 12 15836
radio 12 16350
radio 12 16367
radio 12 16881
radio 12 16898
radio 12 17412
radio 12 17429
radio 12 17943
radio 12 18012
radio 12 18526
radio 12 18543
radio 12 19057
radio 12 19074
radio 12 19588
radio 12 19605
radio 12 20119
radio 12 20136
radio 12 20650
radio 12 20667
radio 12 21181
radio 12 21198
radio 12 21712
radio 12 21786
radio 12 22300
radio 12 22317
radio 12 22831
radio 12 22865
radio 12 23379
radio 12 23396
radio 12 23910
radio 12 23927
radio 12 24441
radio 12 24458
radio 12 24972
radio 12 25006
radio 12 25520
radio 12 25571
radio 12 26085
radio 12 26102
radio 12 26616
delay 12 24 12 26726 12 26950 9 14 5 0 23 1 0
radio 12 27790
radio 12 28303
radio 12 28320
radio 12 28833
radio 12 28850
radio 12 29364
radio 12 29395
radio 12 29909
radio 12 29938
radio 12 30452
radio 12 30487
radio 12 31001
radio 12 31018
radio 12 31532
radio 12 31549
radio 12 32063
radio 12 32080
radio 12 32594
radio 12 32644
radio 12 33158
radio 12 33188
radio 12 33702
radio 12 33795
radio 12 34309
radio 12 34379
radio 12 34893
radio 12 34946
radio 12 35460
radio 12 35492
radio 12 36006
radio 12 36023
radio 12 36537
radio 12 36591
radio 12 37105
radio 12 37122
radio 12 37636
radio 12 37667
radio 12 38181
radio 12 38198
radio 12 38712
radio 12 38743
radio 12 39257
radio 12 39274
radio 12 39788
radio 12 39819
radio 12 40333
radio 12 40350
radio 12 40864
radio 12 40881
radio 12 41395
radio 12 41425
radio 12 41939
radio 12 41968
radio 12 42482
radio 12 42538
radio 12 43052
radio 12 43069
radio 12 43583
radio 12 43600
radio 12 44114
radio 12 44131
radio 12 44645
radio 12 44662
radio 12 45176
radio 12 45193
radio 12 45707
radio 12 45739
radio 12 46253
radio 12 46270
radio 12 46784
delay 13 5 12 46982 12 48024 14 14 65535 0 37 1 0
radio 12 48054
radio 12 48568
radio 12 48600
radio 12 49114
radio 12 49168
radio 12 49682
radio 12 49699
radio 12 50213
radio 12 50230
radio 12 50744
radio 12 50761
radio 12 51275
radio 12 51307
radio 12 51821
radio 12 51890
radio 12 52404
radio 12 52421
radio 12 52935
radio 12 52952
radio 12 53466
radio 12 53502
radio 12 54016
radio 12 54068
radio 12 54582
radio 12 54599
radio 12 55113
radio 12 55142
radio 12 55656
radio 12 55673
radio 12 56187
radio 12 56216
radio 12 56730
radio 12 56761
radio 12 57275
radio 12 57343
energy 12 57529 7 39736
radio 12 57857
radio 12 57892
radio 12 58406
radio 12 58423
radio 12 58937
radio 12 58954
radio 12 59468
radio 12 59485
radio 12 59999
radio 12 60029
radio 12 60543
radio 12 60560
radio 12 61074
radio 12 61110
radio 12 61624
radio 12 61654
radio 12 62168
radio 12 62185
radio 12 62699
radio 12 62716
radio 12 63230
radio 12 63247
radio 12 63761
radio 12 63818
radio 12 64332
radio 12 64365
radio 12 64879
radio 12 64896
radio 12 65410
radio 12 65440
radio 13 418
radio 13 435
radio 13 948
radio 13 977
radio 13 1491
radio 13 1519
radio 13 2033
delay 14 11 13 2052 13 2880 9 14 5 0 71 0 0
radio 13 2059
radio 13 2573
radio 13 2717
radio 13 3230
radio 13 3330
radio 13 3843
radio 13 3860
radio 13 4374
radio 13 4404
radio 13 4918
radio 13 4947
radio 13 5461
radio 13 5478
radio 13 5992
radio 13 6068
radio 13 6582
radio 13 6612
radio 13 7126
radio 13 7143
radio 13 7657
radio 13 7692
radio 13 8206
radio 13 8223
radio 13 8737
radio 13 8754
radio 13 9268
radio 13 9322
radio 13 9836
radio 13 9853
radio 13 10367
radio 13 10403
radio 13 10917
radio 13 10973
radio 13 11487
radio 13 11523
radio 13 12037
radio 13 12054
radio 13 12568
radio 13 12618
radio 13 13132
radio 13 13149
radio 13 13663
radio 13 13693
radio 13 14207
radio 13 14224
radio 13 14738
radio 13 14755
radio 13 15269
radio 13 15286
radio 13 15800
radio 13 15817
radio 13 16331
radio 13 16348
radio 13 16862
radio 13 16910
radio 13 17424
radio 13 17441
radio 13 17955
radio 13 17972
radio 13 18486
radio 13 18503
radio 13 19017
radio 13 19034
radio 13 19548
radio 13 19565
radio 13 20079
radio 13 20096
radio 13 20610
radio 13 20627
radio 13 21141
radio 13 21158
radio 13 21672
radio 13 21689
radio 13 22203
delay 15 0 13 22222 13 23764 0 14 14 1 16 1 0
radio 13 23334
radio 13 23848
radio 13 23865
radio 13 24379
radio 13 24408
radio 13 24922
radio 13 24939
radio 13 25453
radio 13 25470
radio 13 25984
radio 13 26039
radio 13 26553
radio 13 26621
radio 13 27135
radio 13 27171
radio 13 27685
radio 13 27796
radio 13 28310
radio 13 28340
radio 13 28854
radio 13 28928
radio 13 29442
radio 13 29459
radio 13 29973
radio 13 30008
radio 13 30522
radio 13 30610
radio 13 31124
radio 13 31141
radio 13 31655
radio 13 31684
radio 13 32198
radio 13 32233
radio 13 32747
radio 13 32764
radio 13 33278
radio 13 33295
radio 13 33809
radio 13 33826
radio 13 34340
radio 13 34368
radio 13 34882
radio 13 34916
radio 13 35430
radio 13 35447
radio 13 35961
radio 13 35979
radio 13 36492
radio 13 36522
radio 13 37036
radio 13 37066
radio 13 37580
radio 13 37597
radio 13 38111
radio 13 38128
radio 13 38642
radio 13 38659
radio 13 39173
radio 13 39202
radio 13 39716
radio 13 39744
radio 13 40258
radio 13 40275
radio 13 40789
radio 13 40806
radio 13 41320
radio 13 41353
radio 13 41867
radio 13 41884
radio 13 42398
radio 13 42415
radio 13 42929
delay 16 13 13 42944 13 43594 14 14 65535 0 52 1 0
radio 13 44016
radio 13 44530
radio 13 44547
radio 13 45061
radio 13 45078
radio 13 45592
radio 13 45620
radio 13 46134
radio 13 46151
radio 13 46665
radio 13 46682
radio 13 47196
radio 13 47251
radio 13 47765
radio 13 47782
radio 13 48296
radio 13 48313
radio 13 48827
radio 13 48844
radio 13 49358
radio 13 49375
radio 13 49889
radio 13 49922
radio 13 50436
radio 13 50469
radio 13 50983
radio 13 51013
radio 13 51527
radio 13 51544
radio 13 52058
radio 13 52092
radio 13 52606
radio 13 52623
radio 13 53137
radio 13 53154
energy 13 53433 7 44402
radio 13 53668
radio 13 53685
radio 13 54199
radio 13 54235
radio 13 54749
radio 13 54766
radio 13 55280
radio 13 55352
radio 13 55866
radio 13 55883
radio 13 56397
radio 13 56450
radio 13 56964
radio 13 57020
radio 13 57534
radio 13 57551
radio 13 58065
radio 13 58094
radio 13 58608
radio 13 58637
radio 13 59151
radio 13 59168
radio 13 59682
radio 13 59716
radio 13 60230
radio 13 60247
radio 13 60761
radio 13 60810
radio 13 61324
radio 13 61376
radio 13 61890
radio 13 61918
radio 13 62432
radio 13 62461
radio 13 62975
radio 13 62992
radio 13 63506
delay 17 12 13 64117 13 65209 9 14 5 0 797 0 0
radio 13 64125
radio 13 64639
radio 13 64656
radio 13 65170
radio 13 65202
radio 14 180
radio 14 197
radio 14 710
radio 14 727
radio 14 1240
radio 14 1257
radio 14 1771
radio 14 1788
radio 14 2302
radio 14 2319
radio 14 2833
radio 14 2850
radio 14 3364
radio 14 3420
radio 14 3934
radio 14 3964
radio 14 4478
radio 14 4510
radio 14 5024
radio 14 5074
radio 14 5588
radio 14 5617
radio 14 6131
radio 14 6181
radio 14 6695
radio 14 6726
radio 14 7240
radio 14 7269
radio 14 7783
radio 14 7871
radio 14 8385
radio 14 8402
radio 14 8916
radio 14 8933
radio 14 9447
radio 14 9464
radio 14 9978
radio 14 10014
radio 14 10528
radio 14 10545
radio 14 11059
radio 14 11076
radio 14 11590
radio 14 11621
radio 14 12135
radio 14 12152
radio 14 12666
radio 14 12683
radio 14 13197
radio 14 13227
radio 14 13741
radio 14 13758
radio 14 14272
radio 14 14289
radio 14 14803
radio 14 14820
radio 14 15334
radio 14 15362
radio 14 15876
radio 14 15893
radio 14 16407
radio 14 16424
radio 14 16938
radio 14 16955
radio 14 17469
radio 14 17486
radio 14 18000
radio 14 18017
radio 14 18531
delay 18 43 14 18575 14 18716 15 14 65535 0 239 0 0
radio 14 18583
radio 14 19097
radio 14 19516
radio 14 20030
radio 14 20059
radio 14 20573
radio 14 20623
radio 14 21137
radio 14 21154
radio 14 21668
radio 14 21685
radio 14 22199
radio 14 22216
radio 14 22730
radio 14 22820
radio 14 23334
radio 14 23369
radio 14 23883
radio 14 23937
radio 14 24451
radio 14 24523
radio 14 25037
radio 14 25054
radio 14 25568
radio 14 25585
radio 14 26099
radio 14 26116
radio 14 26630
radio 14 26698
radio 14 27212
radio 14 27229
radio 14 27743
radio 14 27779
radio 14 28293
radio 14 28310
radio 14 28824
radio 14 28841
radio 14 29355
radio 14 29384
radio 14 29898
radio 14 29915
radio 14 30429
radio 14 30482
radio 14 30996
radio 14 31013
radio 14 31527
radio 14 31544
radio 14 32058
radio 14 32075
radio 14 32589
radio 14 32606
radio 14 33120
radio 14 33137
radio 14 33651
radio 14 33668
radio 14 34182
radio 14 34199
radio 14 34713
radio 14 34730
radio 14 35244
radio 14 35297
radio 14 35811
radio 14 35844
radio 14 36358
radio 14 36375
radio 14 36889
radio 14 36906
radio 14 37420
radio 14 37453
radio 14 37967
radio 14 37984
radio 14 38498
radio 14 38515
radio 14 39029
delay 19 12 14 39666 14 40758 9 14 5 0 473 0 0
radio 14 39676
radio 14 40189
radio 14 40206
radio 14 40719
radio 14 40736
radio 14 41250
radio 14 41267
radio 14 41781
radio 14 41798
radio 14 42312
radio 14 42342
radio 14 42856
radio 14 42873
radio 14 43387
radio 14 43404
radio 14 43918
radio 14 43935
radio 14 44449
radio 14 44466
radio 14 44980
radio 14 44997
radio 14 45511
radio 14 45528
radio 14 46042
radio 14 46074
radio 14 46588
radio 14 46605
radio 14 47119
radio 14 47136
radio 14 47650
radio 14 47686
radio 14 48200
radio 14 48217
radio 14 48731
radio 14 48748
radio 14 49262
radio 14 49279
energy 14 49337 7 48341
radio 14 49793
radio 14 49810
radio 14 50324
radio 14 50341
radio 14 50855
radio 14 50886
radio 14 51400
radio 14 51435
radio 14 51949
radio 14 51985
radio 14 52499
radio 14 52516
radio 14 53030
radio 14 53047
radio 14 53561
radio 14 53578
radio 14 54092
radio 14 54109
radio 14 54623
radio 14 54640
radio 14 55154
radio 14 55186
radio 14 55700
radio 14 55733
radio 14 56247
radio 14 56264
radio 14 56778
radio 14 56808
radio 14 57322
radio 14 57354
radio 14 57868
radio 14 57885
radio 14 58399
radio 14 58416
radio 14 58930
radio 14 58947
radio 14 59461
delay 20 41 14 59604 14 59837 15 14 65535 0 441 0 0
radio 14 59614
radio 14 60127
radio 14 60366
radio 14 60880
radio 14 60898
radio 14 61411
radio 14 61428
radio 14 61942
radio 14 61959
radio 14 62473
radio 14 62505
radio 14 63019
radio 14 63036
radio 14 63550
radio 14 63567
radio 14 64081
radio 14 64098
radio 14 64612
radio 14 64646
radio 14 65160
radio 14 65215
radio 15 193
radio 15 226
radio 15 740
radio 15 757
radio 15 1270
radio 15 1287
radio 15 1801
radio 15 1818
radio 15 2332
radio 15 2401
radio 15 2915
radio 15 2932
radio 15 3446
radio 15 3463
radio 15 3977
radio 15 3994
radio 15 4508
radio 15 4544
radio 15 5058
radio 15 5075
radio 15 5589
radio 15 5606
radio 15 6120
radio 15 6137
radio 15 6651
radio 15 6707
radio 15 7221
radio 15 7249
radio 15 7763
radio 15 7797
radio 15 8311
radio 15 8342
radio 15 8856
radio 15 8907
radio 15 9421
radio 15 9438
radio 15 9952
radio 15 9969
radio 15 10483
radio 15 10554
radio 15 11068
radio 15 11085
radio 15 11599
radio 15 11616
radio 15 12130
radio 15 12159
radio 15 12673
radio 15 12690
radio 15 13204
radio 15 13221
radio 15 13735
radio 15 13752
radio 15 14266
delay 21 34 15 14341 15 14695 14 14 65535 0 230 0 0
radio 15 14349
radio 15 14864
radio 15 15130
radio 15 15643
radio 15 15700
radio 15 16214
radio 15 16236
radio 15 16749
radio 15 16766
radio 15 17280
radio 15 17297
radio 15 17811
radio 15 17886
radio 15 18400
radio 15 18450
radio 15 18964
radio 15 19016
radio 15 19530
radio 15 19558
radio 15 20072
radio 15 20222
radio 15 20736
radio 15 20753
radio 15 21267
radio 15 21284
radio 15 21798
radio 15 21815
radio 15 22329
radio 15 22346
radio 15 22860
radio 15 22877
radio 15 23391
radio 15 23441
radio 15 23955
radio 15 24008
radio 15 24522
radio 15 24593
radio 15 25107
radio 15 25161
radio 15 25675
radio 15 25692
radio 15 26206
radio 15 26242
radio 15 26756
radio 15 26810
radio 15 27324
radio 15 27352
radio 15 27866
radio 15 27894
radio 15 28408
radio 15 28425
radio 15 28939
radio 15 28956
radio 15 29470
radio 15 29487
radio 15 30001
radio 15 30057
radio 15 30571
radio 15 30588
radio 15 31102
radio 15 31119
radio 15 31633
radio 15 31650
radio 15 32164
radio 15 32181
radio 15 32695
radio 15 32712
radio 15 33226
radio 15 33243
radio 15 33757
radio 15 33774
radio 15 34288
radio 15 34324
radio 15 34838
delay 22 41 15 34860 15 35093 15 14 65535 0 33 1 0
radio 15 35918
radio 15 36431
radio 15 36467
radio 15 36981
radio 15 37012
radio 15 37526
radio 15 37560
radio 15 38074
radio 15 38102
radio 15 38616
radio 15 38633
radio 15 39147
radio 15 39164
radio 15 39678
radio 15 39695
radio 15 40209
radio 15 40246
radio 15 40760
radio 15 40792
radio 15 41306
radio 15 41341
radio 15 41855
radio 15 41872
radio 15 42386
radio 15 42457
radio 15 42971
radio 15 42988
radio 15 43502
radio 15 43519
radio 15 44033
radio 15 44050
radio 15 44564
radio 15 44581
radio 15 45095
radio 15 45112
energy 15 45241 7 52508
radio 15 45626
radio 15 45643
radio 15 46157
radio 15 46207
radio 15 46721
radio 15 46738
radio 15 47252
radio 15 47285
radio 15 47799
radio 15 47816
radio 15 48330
radio 15 48360
radio 15 48874
radio 15 48908
radio 15 49422
radio 15 49439
radio 15 49953
radio 15 49982
radio 15 50496
radio 15 50513
radio 15 51027
radio 15 51044
radio 15 51558
radio 15 51591
radio 15 52105
radio 15 52122
radio 15 52636
radio 15 52664
radio 15 53178
radio 15 53195
radio 15 53709
radio 15 53782
radio 15 54296
radio 15 54313
radio 15 54827
radio 15 54844
radio 15 55358
delay 23 41 15 55428 15 55661 15 14 65535 0 110 1 0
radio 15 56498
radio 15 57012
radio 15 57029
radio 15 57543
radio 15 57575
radio 15 58089
radio 15 58106
radio 15 58620
radio 15 58651
radio 15 59165
radio 15 59235
radio 15 59749
radio 15 59766
radio 15 60280
radio 15 60297
radio 15 60811
radio 15 60844
radio 15 61358
radio 15 61375
radio 15 61889
radio 15 61961
radio 15 62475
radio 15 62507
radio 15 63021
radio 15 63038
radio 15 63552
radio 15 63584
radio 15 64098
radio 15 64115
radio 15 64629
radio 15 64646
radio 15 65160
radio 15 65214
radio 16 192
radio 16 224
radio 16 738
radio 16 755
radio 16 1268
radio 16 1300
radio 16 1814
radio 16 1831
radio 16 2345
radio 16 2362
radio 16 2876
radio 16 2930
radio 16 3444
radio 16 3461
radio 16 3975
radio 16 4009
radio 16 4523
radio 16 4576
radio 16 5090
radio 16 5107
radio 16 5621
radio 16 5638
radio 16 6152
radio 16 6169
radio 16 6683
radio 16 6700
radio 16 7214
radio 16 7245
radio 16 7759
radio 16 7776
radio 16 8290
radio 16 8320
radio 16 8834
radio 16 8904
radio 16 9418
radio 16 9435
radio 16 9949
radio 16 9966
radio 16 10480
delay 24 22 16 10984 16 11342 15 14 65535 0 895 0 0
radio 16 10992
radio 16 11507
radio 16 11524
radio 16 12038
radio 16 12055
radio 16 12569
radio 16 12586
radio 16 13100
radio 16 13129
radio 16 13643
radio 16 13660
radio 16 14174
radio 16 14228
radio 16 14742
radio 16 14831
radio 16 15345
radio 16 15362
radio 16 15876
radio 16 15893
radio 16 16407
radio 16 16439
radio 16 16953
radio 16 16970
radio 16 17484
radio 16 17501
radio 16 18015
radio 16 18032
radio 16 18546
radio 16 18563
radio 16 19077
radio 16 19094
radio 16 19608
radio 16 19625
radio 16 20139
radio 16 20196
radio 16 20710
radio 16 20739
radio 16 21253
radio 16 21270
radio 16 21784
radio 16 21801
radio 16 22315
radio 16 22349
radio 16 22863
radio 16 22880
radio 16 23394
radio 16 23411
radio 16 23925
radio 16 23974
radio 16 24488
radio 16 24519
radio 16 25033
radio 16 25064
radio 16 25578
radio 16 25608
radio 16 26122
radio 16 26150
radio 16 26664
radio 16 26681
radio 16 27195
radio 16 27225
radio 16 27739
radio 16 27788
radio 16 28302
radio 16 28319
radio 16 28833
radio 16 28850
radio 16 29364
radio 16 29381
radio 16 29895
radio 16 29912
radio 16 30426
delay 25 0 16 30441 16 31983 0 14 14 1 43 1 0
radio 16 31520
radio 16 32033
radio 16 32050
radio 16 32564
radio 16 32581
radio 16 33095
radio 16 33126
radio 16 33640
radio 16 33657
radio 16 34171
radio 16 34188
radio 16 34702
radio 16 34719
radio 16 35233
radio 16 35250
radio 16 35764
radio 16 35781
radio 16 36295
radio 16 36312
radio 16 36826
radio 16 36875
radio 16 37389
radio 16 37406
radio 16 37920
radio 16 37937
radio 16 38451
radio 16 38485
radio 16 38999
radio 16 39033
radio 16 39547
radio 16 39564
radio 16 40078
radio 16 40095
radio 16 40609
radio 16 40626
radio 16 41140
energy 16 41146 7 57396
radio 16 41161
radio 16 41676
radio 16 41710
radio 16 42224
radio 16 42260
radio 16 42774
radio 16 42791
radio 16 43305
radio 16 43340
radio 16 43854
radio 16 43903
radio 16 44417
radio 16 44434
radio 16 44948
radio 16 44981
radio 16 45495
radio 16 45512
radio 16 46026
radio 16 46043
radio 16 46557
radio 16 46574
radio 16 47088
radio 16 47105
radio 16 47619
radio 16 47650
radio 16 48164
radio 16 48181
radio 16 48695
radio 16 48750
radio 16 49264
radio 16 49296
radio 16 49810
radio 16 49844
radio 16 50358
radio 16 50388
radio 16 50902
delay 26 0 16 50917 16 52459 0 14 14 1 39 1 0
radio 16 51984
radio 16 52497
radio 16 52514
radio 16 53027
radio 16 53044
radio 16 53558
radio 16 53575
radio 16 54089
radio 16 54106
radio 16 54620
radio 16 54637
radio 16 55151
radio 16 55168
radio 16 55682
radio 16 55719
radio 16 56233
radio 16 56261
radio 16 56775
radio 16 56792
radio 16 57306
radio 16 57323
radio 16 57837
radio 16 57854
radio 16 58368
radio 16 58385
radio 16 58899
radio 16 58934
radio 16 59448
radio 16 59465
radio 16 59979
radio 16 60013
radio 16 60527
radio 16 60600
radio 16 61114
radio 16 61131
radio 16 61645
radio 16 61662
radio 16 62176
radio 16 62204
radio 16 62718
radio 16 62735
radio 16 63249
radio 16 63266
radio 16 63780
radio 16 63810
radio 16 64324
radio 16 64376
radio 16 64890
radio 16 64926
radio 16 65440
radio 16 65470
radio 17 448
radio 17 476
radio 17 990
radio 17 1038
radio 17 1552
radio 17 1569
radio 17 2083
radio 17 2100
radio 17 2614
radio 17 2631
radio 17 3145
radio 17 3162
radio 17 3676
radio 17 3709
radio 17 4223
radio 17 4291
radio 17 4805
radio 17 4836
radio 17 5350
radio 17 5382
radio 17 5896
delay 27 42 17 6154 17 6323 15 14 65535 0 71 1 0
radio 17 7227
radio 17 7741
radio 17 7758
radio 17 8272
radio 17 8303
radio 17 8817
radio 17 8834
radio 17 9348
radio 17 9402
radio 17 9916
radio 17 9951
radio 17 10465
radio 17 10534
radio 17 11048
radio 17 11096
radio 17 11610
radio 17 11727
radio 17 12241
radio 17 12258
radio 17 12772
radio 17 12789
radio 17 13303
radio 17 13320
radio 17 13834
radio 17 13851
radio 17 14365
radio 17 14382
radio 17 14896
radio 17 14913
radio 17 15427
radio 17 15444
radio 17 15958
radio 17 15975
radio 17 16489
radio 17 16577
radio 17 17091
radio 17 17124
radio 17 17638
radio 17 17708
radio 17 18222
radio 17 18239
radio 17 18753
radio 17 18789
radio 17 19303
radio 17 19320
radio 17 19834
radio 17 19890
radio 17 20404
radio 17 20432
radio 17 20946
radio 17 20977
radio 17 21491
radio 17 21524
radio 17 22038
radio 17 22090
radio 17 22604
radio 17 22621
radio 17 23135
radio 17 23165
radio 17 23679
radio 17 23696
radio 17 24210
radio 17 24259
radio 17 24773
radio 17 24845
radio 17 25359
radio 17 25389
radio 17 25903
radio 17 25931
radio 17 26445
delay 28 0 17 26461 17 28003 0 14 14 1 159 0 0
radio 17 26469
radio 17 26984
radio 17 27134
radio 17 27647
radio 17 27664
radio 17 28177
radio 17 28212
radio 17 28726
radio 17 28758
radio 17 29272
radio 17 29328
radio 17 29842
radio 17 29859
radio 17 30373
radio 17 30390
radio 17 30904
radio 17 30921
radio 17 31435
radio 17 31465
radio 17 31979
radio 17 32015
radio 17 32529
radio 17 32546
radio 17 33060
radio 17 33089
radio 17 33603
radio 17 33637
radio 17 34151
radio 17 34168
radio 17 34682
radio 17 34699
radio 17 35213
radio 17 35230
radio 17 35744
radio 17 35761
radio 17 36275
radio 17 36292
radio 17 36806
radio 17 36823
energy 17 37049 7 62445
radio 17 37337
radio 17 37354
radio 17 37868
radio 17 37885
radio 17 38399
radio 17 38451
radio 17 38965
radio 17 38982
radio 17 39496
radio 17 39513
radio 17 40027
radio 17 40056
radio 17 40570
radio 17 40587
radio 17 41101
radio 17 41118
radio 17 41632
radio 17 41666
radio 17 42180
radio 17 42197
radio 17 42711
radio 17 42740
radio 17 43254
radio 17 43284
radio 17 43798
radio 17 43815
radio 17 44329
radio 17 44346
radio 17 44860
radio 17 44891
radio 17 45405
radio 17 45422
radio 17 45936
radio 17 45971
radio 17 46485
radio 17 46502
radio 17 47016
delay 29 24 17 47031 17 47252 9 14 5 0 97 1 0
radio 17 48114
radio 17 48628
radio 17 48645
radio 17 49159
radio 17 49190
radio 17 49704
radio 17 49721
radio 17 50235
radio 17 50266
radio 17 50780
radio 17 50809
radio 17 51323
radio 17 51340
radio 17 51854
radio 17 51903
radio 17 52417
radio 17 52451
radio 17 52965
radio 17 52982
radio 17 53496
radio 17 53546
radio 17 54060
radio 17 54077
radio 17 54591
radio 17 54620
radio 17 55134
radio 17 55164
radio 17 55678
radio 17 55710
radio 17 56224
radio 17 56241
radio 17 56755
radio 17 56786
radio 17 57300
radio 17 57355
radio 17 57869
radio 17 57886
radio 17 58400
radio 17 58417
radio 17 58931
radio 17 58948
radio 17 59462
radio 17 59479
radio 17 59993
radio 17 60027
radio 17 60541
radio 17 60570
radio 17 61084
radio 17 61113
radio 17 61627
radio 17 61644
radio 17 62158
radio 17 62175
radio 17 62689
radio 17 62706
radio 17 63220
radio 17 63250
radio 17 63764
radio 17 63781
radio 17 64295
radio 17 64348
radio 17 64862
radio 17 64879
radio 17 65393
radio 17 65423
radio 18 401
radio 18 433
radio 18 947
radio 18 964
radio 18 1477
radio 18 1509
radio 18 2023
delay 30 22 18 2397 18 2757 15 14 65535 0 384 0 0
radio 18 2406
radio 18 2920
radio 18 2960
radio 18 3474
radio 18 3504
radio 18 4018
radio 18 4035
radio 18 4549
radio 18 4578
radio 18 5092
radio 18 5109
radio 18 5623
radio 18 5653
radio 18 6167
radio 18 6200
radio 18 6714
radio 18 6731
radio 18 7245
radio 18 7376
radio 18 7890
radio 18 7963
radio 18 8477
radio 18 8494
radio 18 9008
radio 18 9044
radio 18 9558
radio 18 9575
radio 18 10089
radio 18 10140
radio 18 10654
radio 18 10689
radio 18 11203
radio 18 11259
radio 18 11773
radio 18 11803
radio 18 12317
radio 18 12334
radio 18 12848
radio 18 12896
radio 18 13410
radio 18 13427
radio 18 13941
radio 18 13958
radio 18 14472
radio 18 14489
radio 18 15003
radio 18 15020
radio 18 15534
radio 18 15551
radio 18 16065
radio 18 16082
radio 18 16596
radio 18 16665
radio 18 17179
radio 18 17196
radio 18 17710
radio 18 17727
radio 18 18241
radio 18 18271
radio 18 18785
radio 18 18802
radio 18 19316
radio 18 19366
radio 18 19880
radio 18 19897
radio 18 20411
radio 18 20428
radio 18 20942
radio 18 20959
radio 18 21473
radio 18 21490
radio 18 22004
radio 18 22021
radio 18 22535
delay 31 2 18 23490 18 24616 9 14 5 0 830 0 0
radio 18 23498
radio 18 24012
radio 18 24061
radio 18 24575
radio 18 24592
radio 18 25106
radio 18 25123
radio 18 25637
radio 18 25689
radio 18 26203
radio 18 26275
radio 18 26789
radio 18 26822
radio 18 27336
radio 18 27390
radio 18 27904
radio 18 27937
radio 18 28451
radio 18 28468
radio 18 28982
radio 18 28999
radio 18 29513
radio 18 29530
radio 18 30044
radio 18 30093
radio 18 30607
radio 18 30624
radio 18 31138
radio 18 31172
radio 18 31686
radio 18 31703
radio 18 32217
radio 18 32251
radio 18 32765
radio 18 32782
energy 18 32953 8 1723
radio 18 33296
radio 18 33313
radio 18 33827
radio 18 33844
radio 18 34358
radio 18 34388
radio 18 34902
radio 18 34919
radio 18 35433
radio 18 35450
radio 18 35964
radio 18 35981
radio 18 36495
radio 18 36525
radio 18 37039
radio 18 37074
radio 18 37588
radio 18 37623
radio 18 38137
radio 18 38154
radio 18 38668
radio 18 38700
radio 18 39214
radio 18 39231
radio 18 39745
radio 18 39762
radio 18 40276
radio 18 40311
radio 18 40825
radio 18 40842
radio 18 41356
radio 18 41410
radio 18 41924
radio 18 41960
radio 18 42474
radio 18 42506
radio 18 43020
delay 32 42 18 43069 18 43238 15 14 65535 0 231 0 0
radio 18 43077
radio 18 43592
radio 18 43761
