Thread[Thread-1,5,main]tree 1000 17 36 14 0 0
radio 8 56549
radio 8 56552
radio 8 56569
radio 8 57082
radio 8 57113
radio 8 57627
radio 8 57695
radio 8 58209
radio 8 58226
radio 8 58739
radio 8 58787
radio 8 59301
radio 8 59330
radio 8 59844
radio 8 59874
radio 8 60388
radio 8 60405
radio 8 60918
radio 8 60935
radio 8 61448
radio 8 61476
radio 8 61990
radio 8 62007
radio 8 62520
radio 8 62552
radio 8 63066
radio 8 63118
radio 8 63632
radio 8 63664
radio 8 64178
radio 8 64195
radio 8 64708
radio 8 64739
radio 8 65253
radio 8 65270
radio 9 247
radio 9 264
radio 9 777
radio 9 794
radio 9 1307
radio 9 1360
radio 9 1874
radio 9 1891
radio 9 2404
radio 9 2421
radio 9 2934
radio 9 3006
radio 9 3520
radio 9 3537
radio 9 4050
radio 9 4081
radio 9 4594
radio 9 4627
radio 9 5141
radio 9 5158
radio 9 5671
radio 9 5688
radio 9 6201
radio 9 6272
radio 9 6786
radio 9 6816
radio 9 7329
radio 9 7363
radio 9 7876
radio 9 7893
radio 9 8406
radio 9 8458
radio 9 8971
radio 9 8988
radio 9 9501
radio 9 9518
radio 9 10031
radio 9 10048
radio 9 10561
radio 9 10613
radio 9 11127
radio 9 11160
radio 9 11674
radio 9 11705
radio 9 12219
radio 9 12247
radio 9 12761
radio 9 12778
radio 9 13291
radio 9 13308
radio 9 13821
radio 9 13854
radio 9 14368
radio 9 14385
radio 9 14898
radio 9 14949
radio 9 15463
radio 9 15496
radio 9 16010
radio 9 16066
radio 9 16580
radio 9 16609
radio 9 17123
radio 9 17159
radio 9 17673
radio 9 17702
radio 9 18216
radio 9 18233
radio 9 18746
radio 9 18796
radio 9 19310
radio 9 19363
radio 9 19877
radio 9 19894
radio 9 20407
radio 9 20424
radio 9 20937
radio 9 20971
radio 9 21485
radio 9 21539
radio 9 22053
radio 9 22070
radio 9 22583
radio 9 22613
radio 9 23127
radio 9 23144
radio 9 23657
radio 9 23686
radio 9 24200
radio 9 24235
radio 9 24749
radio 9 24784
radio 9 25298
radio 9 25329
radio 9 25843
radio 9 25897
radio 9 26411
radio 9 26441
radio 9 26955
radio 9 26987
radio 9 27501
radio 9 27529
radio 9 28043
radio 9 28099
radio 9 28613
radio 9 28630
radio 9 29143
radio 9 29160
radio 9 29673
radio 9 29701
radio 9 30215
radio 9 30245
radio 9 30759
radio 9 30791
radio 9 31305
radio 9 31380
radio 9 31894
radio 9 31966
radio 9 32480
radio 9 32535
radio 9 33049
radio 9 33066
radio 9 33579
radio 9 33627
radio 9 34141
radio 9 34158
radio 9 34671
radio 9 34700
radio 9 35214
radio 9 35263
radio 9 35777
radio 9 35825
radio 9 36339
radio 9 36356
radio 9 36869
radio 9 36903
radio 9 37417
radio 9 37447
radio 9 37961
radio 9 37978
radio 9 38491
radio 9 38520
radio 9 39034
radio 9 39063
radio 9 39577
radio 9 39628
radio 9 40142
radio 9 40159
radio 9 40672
radio 9 40689
radio 9 41202
radio 9 41219
radio 9 41732
radio 9 41760
radio 9 42274
radio 9 42291
radio 9 42804
radio 9 42874
radio 9 43388
radio 9 43423
radio 9 43937
radio 9 43954
radio 9 44467
radio 9 44484
radio 9 44997
radio 9 45026
radio 9 45540
radio 9 45557
radio 9 46070
radio 9 46101
radio 9 46615
radio 9 46649
radio 9 47163
radio 9 47217
radio 9 47731
radio 9 47783
radio 9 48297
radio 9 48314
radio 9 48827
radio 9 48859
radio 9 49373
radio 9 49404
radio 9 49918
radio 9 49971
radio 9 50485
radio 9 50533
radio 9 51047
radio 9 51077
radio 9 51591
radio 9 51608
radio 9 52121
radio 9 52151
energy 9 52464 8 59438
radio 9 52665
radio 9 52697
radio 9 53211
radio 9 53263
radio 9 53777
radio 9 53794
radio 9 54307
radio 9 54324
radio 9 54837
radio 9 54854
radio 9 55367
radio 9 55384
radio 9 55897
radio 9 55928
radio 9 56442
radio 9 56474
radio 9 56988
radio 9 57039
radio 9 57553
radio 9 57585
radio 9 58099
radio 9 58116
radio 9 58629
radio 9 58684
radio 9 59198
radio 9 59273
radio 9 59787
radio 9 59836
radio 9 60350
radio 9 60367
radio 9 60880
radio 9 60912
radio 9 61426
radio 9 61474
radio 9 61988
radio 9 62038
radio 9 62552
radio 9 62600
radio 9 63114
radio 9 63131
radio 9 63644
radio 9 63678
radio 9 64192
radio 9 64209
radio 9 64722
radio 9 64755
radio 9 65269
radio 9 65304
radio 10 282
radio 10 311
radio 10 824
radio 10 857
radio 10 1370
radio 10 1465
radio 10 1979
radio 10 2010
radio 10 2524
radio 10 2557
radio 10 3071
radio 10 3101
radio 10 3615
radio 10 3647
radio 10 4161
radio 10 4191
radio 10 4705
radio 10 4736
radio 10 5250
radio 10 5301
radio 10 5815
radio 10 5865
radio 10 6379
radio 10 6428
radio 10 6942
radio 10 6990
radio 10 7504
radio 10 7521
radio 10 8034
radio 10 8062
radio 10 8576
radio 10 8630
radio 10 9144
radio 10 9193
radio 10 9707
radio 10 9735
radio 10 10249
radio 10 10299
radio 10 10813
radio 10 10844
radio 10 11358
radio 10 11375
radio 10 11888
radio 10 11917
radio 10 12431
radio 10 12460
radio 10 12974
radio 10 12991
radio 10 13504
radio 10 13553
radio 10 14067
radio 10 14084
radio 10 14597
delay 0 5 10 14818 10 15049 13 11 65535 0 675 0 0
radio 10 14826
radio 10 15341
radio 10 15417
radio 10 15930
radio 10 15963
radio 10 16477
radio 10 16494
radio 10 17007
radio 10 17024
radio 10 17537
radio 10 17571
radio 10 18085
radio 10 18135
radio 10 18649
radio 10 18666
radio 10 19179
radio 10 19196
radio 10 19709
radio 10 19739
radio 10 20253
radio 10 20270
radio 10 20783
radio 10 20835
radio 10 21349
radio 10 21379
radio 10 21893
radio 10 21910
radio 10 22423
radio 10 22456
