Thread[Thread-1,5,main]tree 1000 17 43 20 0 0
radio 8 53468
radio 8 53471
radio 8 53506
radio 8 54020
radio 8 54037
radio 8 54550
radio 8 54582
radio 8 55096
radio 8 55113
radio 8 55626
radio 8 55654
radio 8 56168
radio 8 56198
radio 8 56712
radio 8 56764
radio 8 57278
radio 8 57350
radio 8 57864
radio 8 57881
radio 8 58394
radio 8 58411
radio 8 58924
radio 8 58941
radio 8 59454
radio 8 59502
radio 8 60016
radio 8 60044
radio 8 60558
radio 8 60614
radio 8 61128
radio 8 61145
radio 8 61658
radio 8 61675
radio 8 62188
radio 8 62224
radio 8 62738
radio 8 62809
radio 8 63323
radio 8 63340
radio 8 63853
radio 8 63884
radio 8 64398
radio 8 64415
radio 8 64928
radio 8 64945
radio 8 65458
radio 8 65475
radio 9 452
radio 9 469
radio 9 982
radio 9 999
radio 9 1512
radio 9 1540
radio 9 2054
radio 9 2102
radio 9 2616
radio 9 2633
radio 9 3146
radio 9 3194
radio 9 3708
radio 9 3725
radio 9 4238
radio 9 4255
radio 9 4768
radio 9 4822
radio 9 5336
radio 9 5384
radio 9 5898
radio 9 5927
radio 9 6441
radio 9 6458
radio 9 6971
radio 9 7001
radio 9 7515
radio 9 7547
radio 9 8061
radio 9 8111
radio 9 8625
radio 9 8642
radio 9 9155
radio 9 9190
radio 9 9704
radio 9 9752
radio 9 10266
radio 9 10315
radio 9 10829
radio 9 10846
radio 9 11359
radio 9 11376
radio 9 11889
radio 9 11924
radio 9 12438
radio 9 12466
radio 9 12980
radio 9 13010
radio 9 13524
radio 9 13552
radio 9 14066
radio 9 14083
radio 9 14596
radio 9 14613
radio 9 15126
radio 9 15155
radio 9 15669
radio 9 15698
radio 9 16212
radio 9 16240
radio 9 16754
radio 9 16810
radio 9 17324
radio 9 17356
radio 9 17870
radio 9 17899
radio 9 18413
radio 9 18461
radio 9 18975
radio 9 18992
radio 9 19505
radio 9 19522
radio 9 20035
radio 9 20052
radio 9 20565
radio 9 20595
radio 9 21109
radio 9 21143
radio 9 21657
radio 9 21707
radio 9 22221
radio 9 22238
radio 9 22751
radio 9 22768
radio 9 23281
radio 9 23298
radio 9 23811
radio 9 23839
radio 9 24353
radio 9 24370
radio 9 24883
radio 9 24900
radio 9 25413
radio 9 25441
radio 9 25955
radio 9 26003
radio 9 26517
radio 9 26568
radio 9 27082
radio 9 27151
radio 9 27665
radio 9 27682
radio 9 28195
radio 9 28228
radio 9 28742
radio 9 28759
radio 9 29272
radio 9 29289
radio 9 29802
radio 9 29819
radio 9 30332
radio 9 30400
radio 9 30914
radio 9 30985
radio 9 31499
radio 9 31516
radio 9 32029
radio 9 32123
radio 9 32637
radio 9 32665
radio 9 33179
radio 9 33232
radio 9 33746
radio 9 33775
radio 9 34289
radio 9 34318
radio 9 34832
radio 9 34861
radio 9 35375
radio 9 35392
radio 9 35905
radio 9 35934
radio 9 36448
radio 9 36477
radio 9 36991
radio 9 37020
radio 9 37534
radio 9 37565
radio 9 38079
radio 9 38096
radio 9 38609
radio 9 38664
radio 9 39178
radio 9 39195
radio 9 39708
radio 9 39743
radio 9 40257
radio 9 40289
radio 9 40803
radio 9 40820
radio 9 41333
radio 9 41350
radio 9 41863
radio 9 41880
radio 9 42393
radio 9 42441
radio 9 42955
radio 9 42972
radio 9 43485
radio 9 43502
radio 9 44015
radio 9 44032
radio 9 44545
radio 9 44562
radio 9 45075
radio 9 45092
radio 9 45605
radio 9 45622
radio 9 46135
radio 9 46165
radio 9 46679
radio 9 46709
radio 9 47223
radio 9 47259
radio 9 47773
radio 9 47802
radio 9 48316
radio 9 48333
radio 9 48846
radio 9 48896
energy 9 49383 8 56176
radio 9 49410
radio 9 49427
radio 9 49940
radio 9 50016
radio 9 50530
radio 9 50547
radio 9 51060
radio 9 51077
radio 9 51590
radio 9 51622
radio 9 52136
radio 9 52153
radio 9 52666
radio 9 52715
radio 9 53229
radio 9 53246
radio 9 53759
radio 9 53776
radio 9 54289
radio 9 54306
radio 9 54819
radio 9 54893
radio 9 55407
radio 9 55424
radio 9 55937
radio 9 55971
radio 9 56485
radio 9 56516
radio 9 57030
radio 9 57047
radio 9 57560
radio 9 57594
radio 9 58108
radio 9 58125
radio 9 58638
radio 9 58694
radio 9 59208
radio 9 59243
radio 9 59757
radio 9 59808
radio 9 60322
radio 9 60371
radio 9 60885
radio 9 60902
radio 9 61415
radio 9 61446
radio 9 61960
radio 9 61977
radio 9 62490
radio 9 62538
radio 9 63052
radio 9 63100
radio 9 63614
radio 9 63682
radio 9 64196
radio 9 64252
radio 9 64766
radio 9 64783
radio 9 65296
radio 9 65365
radio 10 343
radio 10 360
radio 10 873
radio 10 890
radio 10 1403
radio 10 1455
radio 10 1969
radio 10 2001
radio 10 2515
radio 10 2543
radio 10 3057
radio 10 3087
radio 10 3601
radio 10 3633
radio 10 4147
radio 10 4201
radio 10 4715
radio 10 4746
radio 10 5260
radio 10 5315
radio 10 5829
radio 10 5859
radio 10 6373
radio 10 6390
radio 10 6903
radio 10 6920
radio 10 7433
radio 10 7468
radio 10 7982
radio 10 7999
radio 10 8512
radio 10 8542
radio 10 9056
radio 10 9073
radio 10 9586
radio 10 9615
radio 10 10129
radio 10 10159
radio 10 10673
radio 10 10701
radio 10 11215
radio 10 11232
radio 10 11746
radio 10 11763
radio 10 12277
radio 10 12309
radio 10 12823
radio 10 12840
radio 10 13353
radio 10 13421
radio 10 13935
radio 10 13952
radio 10 14465
delay 0 5 10 14511 10 14732 13 11 65535 0 358 0 0
radio 10 14519
radio 10 15033
radio 10 15302
radio 10 15816
radio 10 15833
radio 10 16346
radio 10 16382
radio 10 16896
radio 10 16930
radio 10 17444
radio 10 17514
radio 10 18028
radio 10 18045
radio 10 18558
radio 10 18575
radio 10 19088
radio 10 19120
radio 10 19634
radio 10 19651
radio 10 20164
radio 10 20199
radio 10 20713
radio 10 20748
radio 10 21262
radio 10 21279
radio 10 21792
radio 10 21809
radio 10 22322
radio 10 22339
radio 10 22852
radio 10 22869
