Thread[Thread-1,5,main]tree 18 8 0 16 0 0
radio 8 61663
radio 8 61667
radio 8 61695
radio 8 62209
radio 8 62263
radio 8 62777
radio 8 62794
radio 8 63307
radio 8 63324
radio 8 63837
radio 8 63866
radio 8 64380
radio 8 64414
radio 8 64928
radio 8 64957
radio 8 65471
radio 8 65520
radio 9 498
radio 9 531
radio 9 1044
radio 9 1061
radio 9 1574
radio 9 1604
radio 9 2117
radio 9 2134
radio 9 2647
radio 9 2676
radio 9 3190
radio 9 3223
radio 9 3737
radio 9 3769
radio 9 4283
radio 9 4313
radio 9 4827
radio 9 4855
radio 9 5369
radio 9 5386
radio 9 5899
radio 9 5916
radio 9 6429
radio 9 6502
radio 9 7016
radio 9 7033
radio 9 7546
radio 9 7582
radio 9 8096
radio 9 8113
radio 9 8626
radio 9 8643
radio 9 9156
radio 9 9208
radio 9 9722
radio 9 9754
radio 9 10268
radio 9 10285
radio 9 10798
radio 9 10848
radio 9 11362
radio 9 11391
radio 9 11905
radio 9 11922
radio 9 12435
radio 9 12470
radio 9 12984
radio 9 13001
radio 9 13514
radio 9 13531
radio 9 14044
radio 9 14061
radio 9 14574
radio 9 14607
radio 9 15121
radio 9 15156
radio 9 15670
radio 9 15699
radio 9 16213
radio 9 16244
radio 9 16758
radio 9 16775
radio 9 17288
radio 9 17305
radio 9 17818
radio 9 17870
radio 9 18384
radio 9 18433
radio 9 18947
radio 9 18978
radio 9 19492
radio 9 19509
radio 9 20022
radio 9 20073
radio 9 20587
radio 9 20638
radio 9 21152
radio 9 21185
radio 9 21699
radio 9 21750
radio 9 22264
radio 9 22314
radio 9 22828
radio 9 22878
radio 9 23392
radio 9 23422
radio 9 23936
radio 9 23953
radio 9 24466
radio 9 24515
radio 9 25029
radio 9 25046
radio 9 25559
radio 9 25593
radio 9 26107
radio 9 26142
radio 9 26656
radio 9 26712
radio 9 27226
radio 9 27258
radio 9 27772
radio 9 27802
radio 9 28316
radio 9 28345
radio 9 28859
radio 9 28887
radio 9 29401
radio 9 29435
radio 9 29949
radio 9 30002
radio 9 30516
radio 9 30565
radio 9 31079
radio 9 31107
radio 9 31621
radio 9 31638
radio 9 32151
radio 9 32181
radio 9 32695
radio 9 32712
radio 9 33225
radio 9 33255
radio 9 33769
radio 9 33798
radio 9 34312
radio 9 34344
radio 9 34858
radio 9 34887
radio 9 35401
radio 9 35418
radio 9 35931
radio 9 35948
radio 9 36461
radio 9 36510
radio 9 37024
radio 9 37099
radio 9 37613
radio 9 37649
radio 9 38163
radio 9 38215
radio 9 38729
radio 9 38779
radio 9 39293
radio 9 39344
radio 9 39858
radio 9 39888
radio 9 40402
radio 9 40437
radio 9 40951
radio 9 40968
radio 9 41481
radio 9 41498
radio 9 42011
radio 9 42028
radio 9 42541
radio 9 42558
radio 9 43071
radio 9 43088
radio 9 43601
radio 9 43636
radio 9 44150
radio 9 44178
radio 9 44692
radio 9 44709
radio 9 45222
radio 9 45277
radio 9 45791
radio 9 45808
radio 9 46321
radio 9 46338
radio 9 46851
radio 9 46885
radio 9 47399
radio 9 47428
radio 9 47942
radio 9 47959
radio 9 48472
radio 9 48522
radio 9 49036
radio 9 49053
radio 9 49566
radio 9 49602
radio 9 50116
radio 9 50167
radio 9 50681
radio 9 50733
radio 9 51247
radio 9 51264
radio 9 51777
radio 9 51805
radio 9 52319
radio 9 52336
radio 9 52849
radio 9 52881
radio 9 53395
radio 9 53412
radio 9 53925
radio 9 53980
radio 9 54494
radio 9 54511
radio 9 55024
radio 9 55041
radio 9 55554
radio 9 55571
radio 9 56084
radio 9 56101
radio 9 56614
radio 9 56631
radio 9 57144
radio 9 57194
energy 9 57578 8 64476
radio 9 57708
radio 9 57758
radio 9 58272
radio 9 58302
radio 9 58816
radio 9 58844
radio 9 59358
radio 9 59391
radio 9 59905
radio 9 59960
radio 9 60474
radio 9 60491
radio 9 61004
radio 9 61021
radio 9 61534
radio 9 61551
radio 9 62064
radio 9 62081
radio 9 62594
radio 9 62622
radio 9 63136
radio 9 63166
radio 9 63680
radio 9 63715
radio 9 64229
radio 9 64246
radio 9 64759
radio 9 64776
radio 9 65289
radio 9 65339
radio 10 317
radio 10 367
radio 10 880
radio 10 908
radio 10 1422
radio 10 1455
radio 10 1969
radio 10 2001
radio 10 2515
radio 10 2603
radio 10 3117
radio 10 3134
radio 10 3647
radio 10 3675
radio 10 4189
radio 10 4206
radio 10 4719
radio 10 4767
radio 10 5281
radio 10 5329
radio 10 5843
radio 10 5860
radio 10 6373
radio 10 6406
radio 10 6920
radio 10 6953
radio 10 7467
radio 10 7484
radio 10 7997
radio 10 8014
radio 10 8527
radio 10 8560
radio 10 9074
radio 10 9109
radio 10 9623
radio 10 9640
radio 10 10153
radio 10 10185
radio 10 10699
radio 10 10728
radio 10 11242
radio 10 11274
radio 10 11788
radio 10 11821
radio 10 12335
radio 10 12352
radio 10 12865
radio 10 12882
radio 10 13396
radio 10 13413
radio 10 13927
delay 0 10 10 13943 10 14406 6 6 65535 0 199 0 0
radio 10 13951
radio 10 14465
radio 10 14484
radio 10 14997
radio 10 15019
radio 10 15533
radio 10 15589
radio 10 16103
radio 10 16135
radio 10 16649
radio 10 16681
radio 10 17195
radio 10 17212
radio 10 17725
radio 10 17754
radio 10 18268
radio 10 18285
radio 10 18798
radio 10 18853
radio 10 19367
radio 10 19384
radio 10 19898
radio 10 19915
radio 10 20429
radio 10 20462
radio 10 20976
radio 10 21004
radio 10 21518
radio 10 21535
radio 10 22048
radio 10 22065
radio 10 22578
