Thread[Thread-1,5,main]tree 1000 17 43 16 0 0
radio 8 58557
radio 8 58560
radio 8 58635
radio 8 59149
radio 8 59199
radio 8 59713
radio 8 59764
radio 8 60278
radio 8 60295
radio 8 60808
radio 8 60825
radio 8 61338
radio 8 61366
radio 8 61880
radio 8 61928
radio 8 62442
radio 8 62476
radio 8 62990
radio 8 63039
radio 8 63553
radio 8 63570
radio 8 64083
radio 8 64100
radio 8 64613
radio 8 64630
radio 8 65143
radio 8 65160
radio 9 137
radio 9 154
radio 9 667
radio 9 695
radio 9 1208
radio 9 1278
radio 9 1792
radio 9 1809
radio 9 2322
radio 9 2339
radio 9 2852
radio 9 2869
radio 9 3382
radio 9 3411
radio 9 3925
radio 9 3942
radio 9 4455
radio 9 4529
radio 9 5043
radio 9 5060
radio 9 5573
radio 9 5590
radio 9 6103
radio 9 6120
radio 9 6633
radio 9 6661
radio 9 7175
radio 9 7228
radio 9 7742
radio 9 7778
radio 9 8292
radio 9 8342
radio 9 8856
radio 9 8873
radio 9 9386
radio 9 9418
radio 9 9932
radio 9 9949
radio 9 10462
radio 9 10493
radio 9 11007
radio 9 11024
radio 9 11537
radio 9 11554
radio 9 12067
radio 9 12084
radio 9 12597
radio 9 12614
radio 9 13127
radio 9 13144
radio 9 13657
radio 9 13674
radio 9 14187
radio 9 14217
radio 9 14731
radio 9 14781
radio 9 15295
radio 9 15323
radio 9 15837
radio 9 15854
radio 9 16367
radio 9 16416
radio 9 16930
radio 9 16982
radio 9 17496
radio 9 17513
radio 9 18026
radio 9 18054
radio 9 18568
radio 9 18585
radio 9 19098
radio 9 19115
radio 9 19628
radio 9 19645
radio 9 20158
radio 9 20175
radio 9 20688
radio 9 20705
radio 9 21218
radio 9 21235
radio 9 21748
radio 9 21765
radio 9 22278
radio 9 22328
radio 9 22842
radio 9 22874
radio 9 23388
radio 9 23405
radio 9 23918
radio 9 23935
radio 9 24448
radio 9 24465
radio 9 24978
radio 9 25007
radio 9 25521
radio 9 25557
radio 9 26071
radio 9 26107
radio 9 26621
radio 9 26638
radio 9 27151
radio 9 27168
radio 9 27681
radio 9 27713
radio 9 28227
radio 9 28244
radio 9 28757
radio 9 28774
radio 9 29287
radio 9 29315
radio 9 29829
radio 9 29877
radio 9 30391
radio 9 30440
radio 9 30954
radio 9 30982
radio 9 31496
radio 9 31513
radio 9 32026
radio 9 32055
radio 9 32569
radio 9 32586
radio 9 33099
radio 9 33129
radio 9 33643
radio 9 33660
radio 9 34173
radio 9 34204
radio 9 34718
radio 9 34754
radio 9 35268
radio 9 35285
radio 9 35798
radio 9 35815
radio 9 36328
radio 9 36381
radio 9 36895
radio 9 36969
radio 9 37483
radio 9 37500
radio 9 38013
radio 9 38084
radio 9 38598
radio 9 38634
radio 9 39148
radio 9 39165
radio 9 39678
radio 9 39733
radio 9 40247
radio 9 40264
radio 9 40777
radio 9 40806
radio 9 41320
radio 9 41337
radio 9 41850
radio 9 41867
radio 9 42380
radio 9 42397
radio 9 42910
radio 9 42927
radio 9 43440
radio 9 43469
radio 9 43983
radio 9 44000
radio 9 44513
radio 9 44547
radio 9 45061
radio 9 45116
radio 9 45630
radio 9 45663
radio 9 46177
radio 9 46194
radio 9 46707
radio 9 46724
radio 9 47237
radio 9 47309
radio 9 47823
radio 9 47876
radio 9 48390
radio 9 48440
radio 9 48954
radio 9 48984
radio 9 49498
radio 9 49515
radio 9 50028
radio 9 50045
radio 9 50558
radio 9 50575
radio 9 51088
radio 9 51118
radio 9 51632
radio 9 51649
radio 9 52162
radio 9 52213
radio 9 52727
radio 9 52763
radio 9 53277
radio 9 53294
radio 9 53807
radio 9 53824
radio 9 54337
radio 9 54354
energy 9 54472 8 61115
radio 9 54867
radio 9 54884
radio 9 55397
radio 9 55414
radio 9 55927
radio 9 55944
radio 9 56457
radio 9 56474
radio 9 56987
radio 9 57004
radio 9 57517
radio 9 57565
radio 9 58079
radio 9 58096
radio 9 58609
radio 9 58643
radio 9 59157
radio 9 59190
radio 9 59704
radio 9 59721
radio 9 60234
radio 9 60263
radio 9 60777
radio 9 60805
radio 9 61319
radio 9 61349
radio 9 61863
radio 9 61880
radio 9 62393
radio 9 62444
radio 9 62958
radio 9 63013
radio 9 63527
radio 9 63544
radio 9 64057
radio 9 64074
radio 9 64587
radio 9 64621
radio 9 65135
radio 9 65167
radio 10 145
radio 10 176
radio 10 690
radio 10 707
radio 10 1220
radio 10 1237
radio 10 1750
radio 10 1780
radio 10 2294
radio 10 2311
radio 10 2824
radio 10 2855
radio 10 3369
radio 10 3458
radio 10 3972
radio 10 4027
radio 10 4541
radio 10 4570
radio 10 5084
radio 10 5160
radio 10 5674
radio 10 5691
radio 10 6204
radio 10 6221
radio 10 6734
radio 10 6751
radio 10 7264
radio 10 7296
radio 10 7810
radio 10 7862
radio 10 8376
radio 10 8412
radio 10 8926
radio 10 8943
radio 10 9456
radio 10 9488
radio 10 10002
radio 10 10032
radio 10 10546
radio 10 10575
radio 10 11089
radio 10 11123
radio 10 11637
radio 10 11670
radio 10 12184
radio 10 12219
radio 10 12733
radio 10 12750
radio 10 13264
radio 10 13313
radio 10 13827
delay 0 24 10 13971 10 14252 6 11 5 0 356 0 0
radio 10 13978
radio 10 14493
radio 10 14700
radio 10 15214
radio 10 15308
radio 10 15822
radio 10 15839
radio 10 16352
radio 10 16369
radio 10 16882
radio 10 16936
radio 10 17450
radio 10 17467
radio 10 17981
radio 10 18034
radio 10 18548
radio 10 18620
radio 10 19134
radio 10 19151
radio 10 19665
radio 10 19735
radio 10 20249
radio 10 20298
radio 10 20812
radio 10 20829
radio 10 21342
radio 10 21413
radio 10 21927
radio 10 21963
