Thread[Thread-1,5,main]tree 14 8 0 14 0 0
radio 7 5304
radio 7 5308
radio 7 5361
radio 7 5874
radio 7 5891
radio 7 6404
radio 7 6436
radio 7 6949
radio 7 6965
radio 7 7479
radio 7 7495
radio 7 8009
radio 7 8025
radio 7 8539
radio 7 8556
radio 7 9069
radio 7 9162
radio 7 9675
radio 7 9692
radio 7 10205
radio 7 10236
radio 7 10750
radio 7 10801
radio 7 11315
radio 7 11364
radio 7 11878
radio 7 11910
radio 7 12424
radio 7 12479
radio 7 12993
radio 7 13046
radio 7 13560
radio 7 13589
radio 7 14103
radio 7 14157
radio 7 14671
radio 7 14704
radio 7 15218
radio 7 15252
radio 7 15766
radio 7 15795
radio 7 16309
radio 7 16359
radio 7 16873
radio 7 16926
radio 7 17440
radio 7 17457
radio 7 17970
radio 7 17999
radio 7 18513
radio 7 18561
radio 7 19075
radio 7 19108
radio 7 19622
radio 7 19639
radio 7 20152
radio 7 20169
radio 7 20682
radio 7 20699
radio 7 21212
radio 7 21244
radio 7 21758
radio 7 21853
radio 7 22367
radio 7 22384
radio 7 22897
radio 7 22926
radio 7 23440
radio 7 23489
radio 7 24003
radio 7 24056
radio 7 24570
radio 7 24587
radio 7 25100
radio 7 25117
radio 7 25630
radio 7 25661
radio 7 26175
radio 7 26226
radio 7 26740
radio 7 26757
radio 7 27270
radio 7 27287
radio 7 27800
radio 7 27848
radio 7 28362
radio 7 28398
radio 7 28912
radio 7 28929
radio 7 29442
radio 7 29459
radio 7 29972
radio 7 29989
radio 7 30502
radio 7 30555
radio 7 31069
radio 7 31140
radio 7 31654
radio 7 31671
radio 7 32184
radio 7 32234
radio 7 32748
radio 7 32765
radio 7 33278
radio 7 33313
radio 7 33827
radio 7 33881
radio 7 34395
radio 7 34428
radio 7 34942
radio 7 34959
radio 7 35472
radio 7 35489
radio 7 36002
radio 7 36032
radio 7 36546
radio 7 36577
radio 7 37091
radio 7 37125
radio 7 37639
radio 7 37668
radio 7 38182
radio 7 38199
radio 7 38712
radio 7 38729
radio 7 39242
radio 7 39259
radio 7 39772
radio 7 39789
radio 7 40302
radio 7 40334
radio 7 40848
radio 7 40876
radio 7 41390
radio 7 41407
radio 7 41920
radio 7 41937
radio 7 42450
radio 7 42502
radio 7 43016
radio 7 43033
radio 7 43546
radio 7 43579
radio 7 44093
radio 7 44142
radio 7 44656
radio 7 44673
radio 7 45186
radio 7 45238
radio 7 45752
radio 7 45769
radio 7 46282
radio 7 46313
radio 7 46827
radio 7 46844
radio 7 47357
radio 7 47410
radio 7 47924
radio 7 47959
radio 7 48473
radio 7 48546
radio 7 49060
radio 7 49108
radio 7 49622
radio 7 49654
radio 7 50168
radio 7 50185
radio 7 50698
radio 7 50752
radio 7 51266
radio 7 51299
radio 7 51813
radio 7 51841
radio 7 52355
radio 7 52383
radio 7 52897
radio 7 52950
radio 7 53464
radio 7 53512
radio 7 54026
radio 7 54043
radio 7 54556
radio 7 54573
radio 7 55086
radio 7 55103
radio 7 55616
radio 7 55633
radio 7 56146
radio 7 56202
radio 7 56716
radio 7 56752
radio 7 57266
radio 7 57283
radio 7 57796
radio 7 57827
radio 7 58341
radio 7 58369
radio 7 58883
radio 7 58931
radio 7 59445
radio 7 59478
radio 7 59992
radio 7 60009
radio 7 60522
radio 7 60552
radio 7 61066
radio 7 61083
radio 7 61596
radio 7 61613
radio 7 62126
radio 7 62182
radio 7 62696
radio 7 62749
radio 7 63263
radio 7 63291
radio 7 63805
radio 7 63858
radio 7 64372
radio 7 64422
radio 7 64936
radio 7 64966
radio 7 65480
radio 7 65532
radio 8 510
radio 8 526
radio 8 1039
radio 8 1072
energy 8 1219 7 8364
radio 8 1585
radio 8 1601
radio 8 2115
radio 8 2131
radio 8 2645
radio 8 2661
radio 8 3175
radio 8 3210
radio 8 3723
radio 8 3776
radio 8 4289
radio 8 4323
radio 8 4836
radio 8 4852
radio 8 5366
radio 8 5382
radio 8 5896
radio 8 5912
radio 8 6426
radio 8 6442
radio 8 6956
radio 8 6987
radio 8 7500
radio 8 7551
radio 8 8064
radio 8 8098
radio 8 8611
radio 8 8627
radio 8 9141
radio 8 9157
radio 8 9671
radio 8 9688
radio 8 10201
radio 8 10231
radio 8 10745
radio 8 10773
radio 8 11287
radio 8 11319
radio 8 11833
radio 8 11850
radio 8 12363
radio 8 12417
radio 8 12931
radio 8 12948
radio 8 13461
radio 8 13492
radio 8 14006
radio 8 14055
radio 8 14569
radio 8 14619
radio 8 15133
radio 8 15150
radio 8 15663
radio 8 15694
radio 8 16208
radio 8 16236
radio 8 16750
radio 8 16767
radio 8 17280
radio 8 17297
radio 8 17810
radio 8 17864
radio 8 18378
radio 8 18395
radio 8 18908
radio 8 18943
radio 8 19457
radio 8 19505
radio 8 20019
radio 8 20069
radio 8 20583
radio 8 20600
radio 8 21113
radio 8 21130
radio 8 21643
radio 8 21660
radio 8 22173
radio 8 22221
radio 8 22735
radio 8 22763
radio 8 23277
radio 8 23311
radio 8 23825
radio 8 23854
radio 8 24368
radio 8 24404
radio 8 24918
radio 8 24950
radio 8 25464
radio 8 25512
radio 8 26026
radio 8 26043
radio 8 26556
radio 8 26590
radio 8 27104
radio 8 27159
radio 8 27673
radio 8 27727
radio 8 28241
radio 8 28258
radio 8 28771
radio 8 28788
radio 8 29301
radio 8 29318
radio 8 29831
radio 8 29926
radio 8 30440
radio 8 30468
radio 8 30982
radio 8 31052
radio 8 31566
radio 8 31583
radio 8 32096
radio 8 32113
radio 8 32626
radio 8 32643
radio 8 33156
radio 8 33173
radio 8 33686
radio 8 33702
radio 8 34216
radio 8 34245
radio 8 34759
radio 8 34776
radio 8 35289
radio 8 35339
radio 8 35853
radio 8 35901
radio 8 36415
radio 8 36432
radio 8 36945
radio 8 36962
radio 8 37475
radio 8 37508
radio 8 38022
radio 8 38076
radio 8 38590
radio 8 38638
radio 8 39152
radio 8 39169
radio 8 39682
radio 8 39699
radio 8 40212
radio 8 40266
radio 8 40780
radio 8 40833
radio 8 41347
radio 8 41382
radio 8 41896
radio 8 41986
radio 8 42500
radio 8 42517
radio 8 43030
radio 8 43047
radio 8 43560
radio 8 43577
radio 8 44090
radio 8 44107
radio 8 44620
radio 8 44671
radio 8 45185
radio 8 45237
radio 8 45751
radio 8 45768
radio 8 46281
delay 0 0 8 46296 8 46406 0 5 5 0 127 1 0
radio 8 47367
radio 8 47881
radio 8 47936
radio 8 48450
radio 8 48478
radio 8 48992
radio 8 49009
radio 8 49522
radio 8 49551
radio 8 50065
radio 8 50082
radio 8 50595
radio 8 50644
radio 8 51158
radio 8 51175
radio 8 51688
radio 8 51736
radio 8 52250
radio 8 52267
radio 8 52780
radio 8 52812
radio 8 53326
radio 8 53414
radio 8 53928
radio 8 53945
radio 8 54458
radio 8 54475
radio 8 54988
radio 8 55017
radio 8 55531
radio 8 55548
radio 8 56061
radio 8 56113
radio 8 56627
radio 8 56656
radio 8 57170
radio 8 57198
radio 8 57712
radio 8 57729
radio 8 58242
radio 8 58259
radio 8 58772
radio 8 58827
radio 8 59341
radio 8 59393
radio 8 59907
radio 8 59924
radio 8 60437
radio 8 60454
radio 8 60967
radio 8 60984
radio 8 61497
radio 8 61514
radio 8 62027
radio 8 62078
radio 8 62592
radio 8 62644
energy 8 62659 7 12228
radio 8 63158
radio 8 63187
radio 8 63701
radio 8 63734
radio 8 64248
radio 8 64284
radio 8 64798
radio 8 64846
radio 8 65360
radio 8 65377
radio 9 354
radio 9 385
radio 9 898
radio 9 946
radio 9 1459
delay 1 3 9 1474 9 1386 5 5 65535 0 86 0 0
radio 9 1481
radio 9 1996
radio 9 2115
radio 9 2629
radio 9 2673
radio 9 3186
radio 9 3202
radio 9 3716
radio 9 3732
radio 9 4246
radio 9 4263
radio 9 4776
radio 9 4825
radio 9 5338
radio 9 5371
radio 9 5884
radio 9 5900
radio 9 6414
radio 9 6430
radio 9 6944
radio 9 6960
radio 9 7474
radio 9 7490
radio 9 8004
radio 9 8036
radio 9 8549
radio 9 8566
radio 9 9079
radio 9 9107
radio 9 9620
radio 9 9636
radio 9 10150
radio 9 10183
radio 9 10697
radio 9 10714
radio 9 11227
radio 9 11244
radio 9 11757
radio 9 11774
radio 9 12287
radio 9 12304
radio 9 12817
radio 9 12834
radio 9 13347
radio 9 13417
radio 9 13931
radio 9 13984
radio 9 14498
radio 9 14514
radio 9 15028
radio 9 15045
radio 9 15558
radio 9 15575
radio 9 16088
radio 9 16117
radio 9 16631
radio 9 16667
radio 9 17181
radio 9 17198
radio 9 17711
radio 9 17765
radio 9 18279
radio 9 18312
radio 9 18826
radio 9 18857
radio 9 19371
radio 9 19403
radio 9 19917
radio 9 19947
radio 9 20461
radio 9 20478
radio 9 20991
radio 9 21008
radio 9 21521
radio 9 21538
radio 9 22051
delay 2 12 9 22070 9 21812 5 5 65535 0 91 1 0
radio 9 23138
radio 9 23652
radio 9 23671
radio 9 24184
radio 9 24201
radio 9 24714
radio 9 24742
radio 9 25256
radio 9 25273
radio 9 25786
radio 9 25839
radio 9 26353
radio 9 26382
radio 9 26896
radio 9 26913
radio 9 27426
radio 9 27475
radio 9 27989
radio 9 28041
radio 9 28555
radio 9 28572
radio 9 29085
radio 9 29102
radio 9 29615
radio 9 29632
radio 9 30145
radio 9 30197
radio 9 30711
radio 9 30762
radio 9 31276
radio 9 31293
radio 9 31806
radio 9 31823
radio 9 32336
radio 9 32353
radio 9 32866
radio 9 32894
radio 9 33408
radio 9 33425
radio 9 33938
radio 9 33988
radio 9 34502
radio 9 34519
radio 9 35032
radio 9 35049
radio 9 35562
radio 9 35597
radio 9 36111
radio 9 36128
radio 9 36641
radio 9 36658
radio 9 37171
radio 9 37267
radio 9 37781
radio 9 37817
radio 9 38331
radio 9 38381
radio 9 38895
radio 9 38946
radio 9 39460
radio 9 39477
radio 9 39990
radio 9 40018
radio 9 40532
radio 9 40583
radio 9 41097
radio 9 41128
radio 9 41642
radio 9 41659
radio 9 42172
delay 3 19 9 42194 9 41824 15 5 65535 0 35 1 0
radio 9 43274
radio 9 43788
radio 9 43844
radio 9 44358
radio 9 44375
radio 9 44888
radio 9 44918
radio 9 45432
radio 9 45449
radio 9 45962
radio 9 45979
radio 9 46492
radio 9 46523
radio 9 47037
radio 9 47065
radio 9 47579
radio 9 47596
radio 9 48109
radio 9 48143
radio 9 48657
radio 9 48686
radio 9 49200
radio 9 49269
radio 9 49783
radio 9 49800
radio 9 50313
radio 9 50330
radio 9 50843
radio 9 50897
radio 9 51411
radio 9 51428
radio 9 51941
radio 9 51958
radio 9 52471
radio 9 52488
radio 9 53001
radio 9 53030
radio 9 53544
radio 9 53595
radio 9 54109
radio 9 54137
radio 9 54651
radio 9 54668
radio 9 55181
radio 9 55270
radio 9 55784
radio 9 55801
radio 9 56314
radio 9 56331
radio 9 56844
radio 9 56861
radio 9 57374
radio 9 57391
radio 9 57904
radio 9 57935
radio 9 58449
radio 9 58466
energy 9 58563 7 16912
radio 9 58979
radio 9 58996
radio 9 59509
radio 9 59542
radio 9 60056
radio 9 60109
radio 9 60623
radio 9 60640
radio 9 61153
radio 9 61201
radio 9 61715
radio 9 61764
radio 9 62278
radio 9 62309
radio 9 62823
delay 4 12 9 62914 9 62656 5 5 65535 0 269 1 0
radio 9 63992
radio 9 64506
radio 9 64523
radio 9 65036
radio 9 65069
radio 10 47
radio 10 63
radio 10 577
radio 10 632
radio 10 1145
radio 10 1177
radio 10 1691
radio 10 1726
radio 10 2240
radio 10 2257
radio 10 2770
radio 10 2803
radio 10 3317
radio 10 3370
radio 10 3884
radio 10 3901
radio 10 4414
radio 10 4431
radio 10 4944
radio 10 4961
radio 10 5474
radio 10 5491
radio 10 6004
radio 10 6039
radio 10 6553
radio 10 6570
radio 10 7083
radio 10 7133
radio 10 7647
radio 10 7698
radio 10 8212
radio 10 8229
radio 10 8742
radio 10 8759
radio 10 9272
radio 10 9289
radio 10 9802
radio 10 9858
radio 10 10372
radio 10 10425
radio 10 10939
radio 10 10956
radio 10 11469
radio 10 11497
radio 10 12011
radio 10 12062
radio 10 12576
radio 10 12626
radio 10 13140
radio 10 13157
radio 10 13670
radio 10 13687
radio 10 14200
radio 10 14217
radio 10 14730
radio 10 14747
radio 10 15260
radio 10 15309
radio 10 15823
radio 10 15872
radio 10 16386
radio 10 16403
radio 10 16916
radio 10 16933
radio 10 17446
radio 10 17463
radio 10 17976
delay 5 12 10 17990 10 17732 5 5 65535 0 89 1 0
radio 10 19066
radio 10 19580
radio 10 19597
radio 10 20110
radio 10 20127
radio 10 20640
radio 10 20657
radio 10 21170
radio 10 21225
radio 10 21739
radio 10 21756
radio 10 22269
radio 10 22337
radio 10 22851
radio 10 22899
radio 10 23413
radio 10 23430
radio 10 23943
radio 10 23975
radio 10 24489
radio 10 24540
radio 10 25054
radio 10 25085
radio 10 25599
radio 10 25616
radio 10 26129
radio 10 26146
radio 10 26659
radio 10 26676
radio 10 27189
radio 10 27206
radio 10 27719
radio 10 27736
radio 10 28249
radio 10 28266
radio 10 28779
radio 10 28807
radio 10 29321
radio 10 29355
radio 10 29869
radio 10 29886
radio 10 30399
radio 10 30447
radio 10 30961
radio 10 30978
radio 10 31491
radio 10 31508
radio 10 32021
radio 10 32050
radio 10 32564
radio 10 32614
radio 10 33128
radio 10 33179
radio 10 33693
radio 10 33726
radio 10 34240
radio 10 34291
radio 10 34805
radio 10 34856
radio 10 35370
radio 10 35399
radio 10 35913
radio 10 35930
radio 10 36443
radio 10 36495
radio 10 37009
radio 10 37038
radio 10 37552
radio 10 37569
radio 10 38082
delay 6 4 10 38124 10 38127 12 5 65535 0 33 1 0
radio 10 39196
radio 10 39710
radio 10 39738
radio 10 40252
radio 10 40269
radio 10 40782
radio 10 40813
radio 10 41327
radio 10 41344
radio 10 41857
radio 10 41890
radio 10 42404
radio 10 42421
radio 10 42934
radio 10 42989
radio 10 43503
radio 10 43520
radio 10 44033
radio 10 44064
radio 10 44578
radio 10 44595
radio 10 45108
radio 10 45159
radio 10 45673
radio 10 45701
radio 10 46215
radio 10 46248
radio 10 46762
radio 10 46790
radio 10 47304
radio 10 47321
radio 10 47834
radio 10 47851
radio 10 48364
radio 10 48381
radio 10 48894
radio 10 48911
radio 10 49424
radio 10 49459
radio 10 49973
radio 10 50001
radio 10 50515
radio 10 50532
radio 10 51045
radio 10 51062
radio 10 51575
radio 10 51592
radio 10 52105
radio 10 52138
radio 10 52652
radio 10 52685
radio 10 53199
radio 10 53216
radio 10 53729
radio 10 53763
radio 10 54277
radio 10 54327
energy 10 54467 7 22671
radio 10 54841
radio 10 54858
radio 10 55371
radio 10 55402
radio 10 55916
radio 10 55933
radio 10 56446
radio 10 56463
radio 10 56976
radio 10 56993
radio 10 57506
radio 10 57523
radio 10 58036
radio 10 58090
radio 10 58604
delay 7 3 10 58706 10 58613 5 5 65535 0 65535 0 0
radio 10 58714
radio 10 59228
radio 10 59563
radio 10 60077
radio 10 60132
radio 10 60646
radio 10 60663
radio 10 61176
radio 10 61193
radio 10 61706
radio 10 61723
radio 10 62236
radio 10 62284
radio 10 62798
radio 10 62853
radio 10 63367
radio 10 63403
radio 10 63917
radio 10 63966
radio 10 64480
radio 10 64511
radio 10 65025
radio 10 65077
radio 11 55
radio 11 88
radio 11 601
radio 11 631
radio 11 1144
radio 11 1197
radio 11 1711
radio 11 1746
radio 11 2260
radio 11 2312
radio 11 2826
radio 11 2875
radio 11 3389
radio 11 3406
radio 11 3919
radio 11 3950
radio 11 4464
radio 11 4512
radio 11 5026
radio 11 5057
radio 11 5571
radio 11 5588
radio 11 6101
radio 11 6118
radio 11 6631
radio 11 6648
radio 11 7161
radio 11 7178
radio 11 7691
radio 11 7722
radio 11 8236
radio 11 8287
radio 11 8801
radio 11 8832
radio 11 9346
radio 11 9362
radio 11 9876
radio 11 9893
radio 11 10406
radio 11 10423
radio 11 10936
radio 11 10969
radio 11 11483
radio 11 11538
radio 11 12052
radio 11 12082
radio 11 12596
radio 11 12613
radio 11 13126
radio 11 13155
radio 11 13669
delay 8 13 11 13684 11 13431 11 5 65535 0 51 1 0
radio 11 14763
radio 11 15276
radio 11 15346
radio 11 15860
radio 11 15896
radio 11 16410
radio 11 16466
radio 11 16980
radio 11 17010
radio 11 17524
radio 11 17541
radio 11 18054
radio 11 18110
radio 11 18624
radio 11 18675
radio 11 19189
radio 11 19206
radio 11 19719
radio 11 19736
radio 11 20249
radio 11 20266
radio 11 20779
radio 11 20809
radio 11 21323
radio 11 21340
radio 11 21853
radio 11 21870
radio 11 22383
radio 11 22400
radio 11 22913
radio 11 22969
radio 11 23483
radio 11 23532
radio 11 24046
radio 11 24063
radio 11 24576
radio 11 24593
radio 11 25106
radio 11 25123
radio 11 25636
radio 11 25687
radio 11 26201
radio 11 26218
radio 11 26731
radio 11 26762
radio 11 27276
radio 11 27293
radio 11 27806
radio 11 27823
radio 11 28336
radio 11 28353
radio 11 28866
radio 11 28898
radio 11 29412
radio 11 29429
radio 11 29942
radio 11 29992
radio 11 30506
radio 11 30537
radio 11 31051
radio 11 31068
radio 11 31581
radio 11 31598
radio 11 32111
radio 11 32128
radio 11 32641
radio 11 32658
radio 11 33171
radio 11 33188
radio 11 33701
radio 11 33729
radio 11 34243
delay 9 12 11 34447 11 34189 5 5 65535 0 170 1 0
radio 11 35520
radio 11 36033
radio 11 36067
radio 11 36581
radio 11 36598
radio 11 37111
radio 11 37163
radio 11 37677
radio 11 37709
radio 11 38223
radio 11 38258
radio 11 38772
radio 11 38789
radio 11 39302
radio 11 39333
radio 11 39847
radio 11 39864
radio 11 40377
radio 11 40394
radio 11 40907
radio 11 40924
radio 11 41437
radio 11 41489
radio 11 42003
radio 11 42052
radio 11 42566
radio 11 42596
radio 11 43110
radio 11 43127
radio 11 43640
radio 11 43657
radio 11 44170
radio 11 44187
radio 11 44700
radio 11 44717
radio 11 45230
radio 11 45247
radio 11 45760
radio 11 45777
radio 11 46290
radio 11 46321
radio 11 46835
radio 11 46868
radio 11 47382
radio 11 47399
radio 11 47912
radio 11 47963
radio 11 48477
radio 11 48507
radio 11 49021
radio 11 49038
radio 11 49551
radio 11 49602
radio 11 50116
radio 11 50145
energy 11 50371 7 27867
radio 11 50659
radio 11 50676
radio 11 51189
radio 11 51217
radio 11 51731
radio 11 51748
radio 11 52261
radio 11 52289
radio 11 52803
radio 11 52852
radio 11 53366
radio 11 53396
radio 11 53910
radio 11 53943
radio 11 54457
delay 10 19 11 54475 11 54110 15 5 65535 0 24 1 0
radio 11 55549
radio 11 56062
radio 11 56078
radio 11 56592
radio 11 56620
radio 11 57134
radio 11 57184
radio 11 57698
radio 11 57731
radio 11 58245
radio 11 58262
radio 11 58775
radio 11 58828
radio 11 59342
radio 11 59373
radio 11 59887
radio 11 59922
radio 11 60436
radio 11 60506
radio 11 61020
radio 11 61051
radio 11 61565
radio 11 61594
radio 11 62108
radio 11 62143
radio 11 62657
radio 11 62705
radio 11 63219
radio 11 63253
radio 11 63767
radio 11 63784
radio 11 64297
radio 11 64314
radio 11 64827
radio 11 64844
radio 11 65357
radio 11 65374
radio 12 351
radio 12 380
radio 12 893
radio 12 968
radio 12 1481
radio 12 1497
radio 12 2011
radio 12 2027
radio 12 2541
radio 12 2558
radio 12 3071
radio 12 3102
radio 12 3616
radio 12 3633
radio 12 4146
radio 12 4198
radio 12 4712
radio 12 4762
radio 12 5276
radio 12 5292
radio 12 5806
radio 12 5837
radio 12 6351
radio 12 6402
radio 12 6916
radio 12 6944
radio 12 7458
radio 12 7475
radio 12 7988
radio 12 8043
radio 12 8557
radio 12 8607
radio 12 9121
radio 12 9138
radio 12 9651
delay 11 12 12 9670 12 9412 5 5 65535 0 151 1 0
radio 12 10752
radio 12 11266
radio 12 11321
radio 12 11835
radio 12 11852
radio 12 12365
radio 12 12415
radio 12 12929
radio 12 12946
radio 12 13459
radio 12 13491
radio 12 14005
radio 12 14056
radio 12 14570
radio 12 14619
radio 12 15133
radio 12 15150
radio 12 15663
radio 12 15697
radio 12 16211
radio 12 16244
radio 12 16758
radio 12 16788
radio 12 17302
radio 12 17319
radio 12 17832
radio 12 17849
radio 12 18362
radio 12 18379
radio 12 18892
radio 12 18921
radio 12 19435
radio 12 19452
radio 12 19965
radio 12 19997
radio 12 20511
radio 12 20563
radio 12 21077
radio 12 21106
radio 12 21620
radio 12 21637
radio 12 22150
radio 12 22184
radio 12 22698
radio 12 22715
radio 12 23228
radio 12 23283
radio 12 23797
radio 12 23846
radio 12 24360
radio 12 24394
radio 12 24908
radio 12 24960
radio 12 25474
radio 12 25504
radio 12 26018
radio 12 26048
radio 12 26562
radio 12 26579
radio 12 27092
radio 12 27109
radio 12 27622
radio 12 27653
radio 12 28167
radio 12 28203
radio 12 28717
radio 12 28734
radio 12 29247
radio 12 29279
radio 12 29793
delay 12 43 12 29814 12 28841 5 5 65535 0 16 1 0
radio 12 30894
radio 12 31408
radio 12 31518
radio 12 32032
radio 12 32049
radio 12 32562
radio 12 32613
radio 12 33127
radio 12 33158
radio 12 33672
radio 12 33701
radio 12 34215
radio 12 34246
radio 12 34760
radio 12 34813
radio 12 35327
radio 12 35376
radio 12 35890
radio 12 35925
radio 12 36439
radio 12 36495
radio 12 37009
radio 12 37058
radio 12 37572
radio 12 37589
radio 12 38102
radio 12 38119
radio 12 38632
radio 12 38649
radio 12 39162
radio 12 39217
radio 12 39731
radio 12 39764
radio 12 40278
radio 12 40309
radio 12 40823
radio 12 40840
radio 12 41353
radio 12 41383
radio 12 41897
radio 12 41945
radio 12 42459
radio 12 42491
radio 12 43005
radio 12 43037
radio 12 43551
radio 12 43568
radio 12 44081
radio 12 44114
radio 12 44628
radio 12 44656
radio 12 45170
radio 12 45187
radio 12 45700
radio 12 45730
radio 12 46244
radio 12 46261
energy 12 46275 7 33878
radio 12 46774
radio 12 46806
radio 12 47320
radio 12 47337
radio 12 47850
radio 12 47881
radio 12 48395
radio 12 48449
radio 12 48963
radio 12 49012
radio 12 49526
radio 12 49558
radio 12 50072
radio 12 50200
radio 12 50714
delay 13 3 12 50763 12 50677 5 5 65535 0 420 0 0
radio 12 50771
radio 12 51285
radio 12 51437
radio 12 51951
radio 12 51982
radio 12 52496
radio 12 52590
radio 12 53104
radio 12 53132
radio 12 53646
radio 12 53701
radio 12 54215
radio 12 54232
radio 12 54745
radio 12 54776
radio 12 55290
radio 12 55326
radio 12 55840
radio 12 55857
radio 12 56370
radio 12 56418
radio 12 56932
radio 12 56961
radio 12 57475
radio 12 57505
radio 12 58019
radio 12 58051
radio 12 58565
radio 12 58620
radio 12 59134
radio 12 59183
radio 12 59697
radio 12 59714
radio 12 60227
radio 12 60263
radio 12 60777
radio 12 60794
radio 12 61307
radio 12 61339
radio 12 61853
radio 12 61870
radio 12 62383
radio 12 62414
radio 12 62928
radio 12 62945
radio 12 63458
radio 12 63475
radio 12 63988
radio 12 64005
radio 12 64518
radio 12 64535
radio 12 65048
radio 12 65065
radio 13 42
radio 13 73
radio 13 586
radio 13 614
radio 13 1127
radio 13 1144
radio 13 1657
radio 13 1689
radio 13 2203
radio 13 2220
radio 13 2733
radio 13 2769
radio 13 3283
radio 13 3299
radio 13 3813
radio 13 3829
radio 13 4343
radio 13 4371
radio 13 4885
radio 13 4935
radio 13 5449
delay 14 12 13 5487 13 5229 5 5 65535 0 22 1 0
radio 13 6551
radio 13 7064
radio 13 7080
radio 13 7594
radio 13 7611
radio 13 8124
radio 13 8140
radio 13 8654
radio 13 8704
radio 13 9218
radio 13 9271
radio 13 9785
radio 13 9813
radio 13 10327
radio 13 10344
radio 13 10857
radio 13 10905
radio 13 11419
radio 13 11453
radio 13 11967
radio 13 11984
radio 13 12497
radio 13 12514
radio 13 13027
radio 13 13061
radio 13 13575
radio 13 13592
radio 13 14105
radio 13 14160
radio 13 14674
radio 13 14703
radio 13 15217
radio 13 15234
radio 13 15747
radio 13 15779
radio 13 16293
radio 13 16310
radio 13 16823
radio 13 16853
radio 13 17367
radio 13 17443
radio 13 17957
radio 13 17986
radio 13 18500
radio 13 18530
radio 13 19044
radio 13 19120
radio 13 19634
radio 13 19651
radio 13 20164
radio 13 20192
radio 13 20706
radio 13 20723
radio 13 21236
radio 13 21289
radio 13 21803
radio 13 21854
radio 13 22368
radio 13 22385
radio 13 22898
radio 13 22915
radio 13 23428
radio 13 23459
radio 13 23973
radio 13 24049
radio 13 24563
radio 13 24580
radio 13 25093
radio 13 25110
radio 13 25623
radio 13 25640
radio 13 26153
delay 15 12 13 26218 13 25960 5 5 65535 0 18 1 0
radio 13 27327
radio 13 27840
radio 13 27857
radio 13 28370
radio 13 28423
radio 13 28937
radio 13 28965
radio 13 29479
radio 13 29496
radio 13 30009
radio 13 30026
radio 13 30539
radio 13 30556
radio 13 31069
radio 13 31100
radio 13 31614
radio 13 31664
radio 13 32178
radio 13 32195
radio 13 32708
radio 13 32739
radio 13 33253
radio 13 33287
radio 13 33801
radio 13 33832
radio 13 34346
radio 13 34394
radio 13 34908
radio 13 34961
radio 13 35475
radio 13 35492
radio 13 36005
radio 13 36022
radio 13 36535
radio 13 36570
radio 13 37084
radio 13 37156
radio 13 37670
radio 13 37687
radio 13 38200
radio 13 38228
radio 13 38742
radio 13 38759
radio 13 39272
radio 13 39327
radio 13 39841
radio 13 39889
radio 13 40403
radio 13 40432
radio 13 40946
radio 13 40963
radio 13 41476
radio 13 41529
radio 13 42043
radio 13 42071
energy 13 42179 7 39067
radio 13 42585
radio 13 42602
radio 13 43115
radio 13 43149
radio 13 43663
radio 13 43731
radio 13 44245
radio 13 44273
radio 13 44787
radio 13 44855
radio 13 45369
radio 13 45440
radio 13 45954
radio 13 45971
radio 13 46484
delay 16 3 13 46530 13 46445 5 5 65535 0 156 1 0
radio 13 47599
radio 13 48113
radio 13 48130
radio 13 48643
radio 13 48677
radio 13 49191
radio 13 49208
radio 13 49721
radio 13 49749
radio 13 50263
radio 13 50292
radio 13 50806
radio 13 50861
radio 13 51375
radio 13 51423
radio 13 51937
radio 13 51972
radio 13 52486
radio 13 52539
radio 13 53053
radio 13 53101
radio 13 53615
radio 13 53632
radio 13 54145
radio 13 54162
radio 13 54675
radio 13 54705
radio 13 55219
radio 13 55267
radio 13 55781
radio 13 55809
radio 13 56323
radio 13 56340
radio 13 56853
radio 13 56870
radio 13 57383
radio 13 57400
radio 13 57913
radio 13 57930
radio 13 58443
radio 13 58460
radio 13 58973
radio 13 58990
radio 13 59503
radio 13 59520
radio 13 60033
radio 13 60084
radio 13 60598
radio 13 60647
radio 13 61161
radio 13 61191
radio 13 61705
radio 13 61722
radio 13 62235
radio 13 62291
radio 13 62805
radio 13 62833
radio 13 63347
radio 13 63364
radio 13 63877
radio 13 63908
radio 13 64422
radio 13 64454
radio 13 64968
radio 13 65017
radio 13 65531
radio 14 104
radio 14 617
radio 14 652
radio 14 1165
delay 17 0 14 1185 14 1301 0 5 5 0 78 1 0
radio 14 2249
radio 14 2762
radio 14 2779
radio 14 3292
radio 14 3309
radio 14 3822
radio 14 3839
radio 14 4352
radio 14 4369
radio 14 4882
radio 14 4933
radio 14 5447
radio 14 5496
radio 14 6010
radio 14 6044
radio 14 6558
radio 14 6574
radio 14 7088
radio 14 7136
radio 14 7650
radio 14 7698
radio 14 8212
radio 14 8246
radio 14 8760
radio 14 8811
radio 14 9325
radio 14 9376
radio 14 9890
radio 14 9907
radio 14 10420
radio 14 10450
radio 14 10964
radio 14 10996
radio 14 11510
radio 14 11539
radio 14 12053
radio 14 12102
radio 14 12616
radio 14 12650
radio 14 13164
radio 14 13218
radio 14 13732
radio 14 13760
radio 14 14274
radio 14 14291
radio 14 14804
radio 14 14821
radio 14 15334
radio 14 15367
radio 14 15881
radio 14 15949
radio 14 16463
radio 14 16497
radio 14 17011
radio 14 17039
radio 14 17553
radio 14 17570
radio 14 18083
radio 14 18100
radio 14 18613
radio 14 18630
radio 14 19143
radio 14 19194
radio 14 19708
radio 14 19736
radio 14 20250
radio 14 20280
radio 14 20794
radio 14 20811
radio 14 21324
radio 14 21352
radio 14 21866
delay 18 3 14 22041 14 21956 5 5 65535 0 282 0 0
radio 14 22049
radio 14 22563
radio 14 22681
radio 14 23195
radio 14 23210
radio 14 23724
radio 14 23741
radio 14 24254
radio 14 24271
radio 14 24784
radio 14 24819
radio 14 25333
radio 14 25383
radio 14 25897
radio 14 25914
radio 14 26427
radio 14 26461
radio 14 26975
radio 14 26992
radio 14 27505
radio 14 27522
radio 14 28035
radio 14 28052
radio 14 28565
radio 14 28582
radio 14 29095
radio 14 29112
radio 14 29625
radio 14 29673
radio 14 30187
radio 14 30222
radio 14 30736
radio 14 30753
radio 14 31266
radio 14 31296
radio 14 31810
radio 14 31839
radio 14 32353
radio 14 32407
radio 14 32921
radio 14 32949
radio 14 33463
radio 14 33480
radio 14 33993
radio 14 34010
radio 14 34523
radio 14 34540
radio 14 35053
radio 14 35070
radio 14 35583
radio 14 35600
radio 14 36113
radio 14 36130
radio 14 36643
radio 14 36660
radio 14 37173
radio 14 37226
radio 14 37740
radio 14 37791
energy 14 38083 7 44162
radio 14 38305
radio 14 38322
radio 14 38835
radio 14 38864
radio 14 39378
radio 14 39429
radio 14 39943
radio 14 39974
radio 14 40488
radio 14 40520
radio 14 41034
radio 14 41051
radio 14 41564
radio 14 41596
radio 14 42110
delay 19 32 14 42168 14 41475 5 5 65535 0 45 1 0
radio 14 42178
radio 14 42691
radio 14 43771
radio 14 44285
radio 14 44302
radio 14 44815
radio 14 44832
radio 14 45345
radio 14 45362
radio 14 45875
radio 14 45892
radio 14 46405
radio 14 46458
radio 14 46972
radio 14 47000
radio 14 47514
radio 14 47531
radio 14 48044
radio 14 48061
radio 14 48574
radio 14 48591
radio 14 49104
radio 14 49135
radio 14 49649
radio 14 49666
radio 14 50179
radio 14 50232
radio 14 50746
radio 14 50795
radio 14 51309
radio 14 51345
radio 14 51859
radio 14 51910
radio 14 52424
radio 14 52452
radio 14 52966
radio 14 52983
radio 14 53496
radio 14 53513
radio 14 54026
radio 14 54043
radio 14 54556
radio 14 54573
radio 14 55086
radio 14 55103
radio 14 55616
radio 14 55645
radio 14 56159
radio 14 56190
radio 14 56704
radio 14 56721
radio 14 57234
radio 14 57251
radio 14 57764
radio 14 57800
radio 14 58314
radio 14 58331
radio 14 58844
radio 14 58861
radio 14 59374
radio 14 59391
radio 14 59904
radio 14 59921
radio 14 60434
radio 14 60451
radio 14 60964
radio 14 61032
radio 14 61546
radio 14 61575
radio 14 62089
radio 14 62117
radio 14 62631
delay 20 12 14 62729 14 62471 5 5 65535 0 53 1 0
radio 14 63804
radio 14 64318
radio 14 64335
radio 14 64848
radio 14 64865
radio 14 65378
radio 14 65395
radio 15 372
radio 15 405
radio 15 918
radio 15 948
radio 15 1461
radio 15 1511
radio 15 2025
radio 15 2073
radio 15 2587
radio 15 2619
radio 15 3133
radio 15 3169
radio 15 3683
radio 15 3699
radio 15 4213
radio 15 4230
radio 15 4743
radio 15 4760
radio 15 5273
radio 15 5307
radio 15 5821
radio 15 5838
radio 15 6351
radio 15 6402
radio 15 6916
radio 15 6964
radio 15 7478
radio 15 7494
radio 15 8008
radio 15 8040
radio 15 8554
radio 15 8605
radio 15 9119
radio 15 9147
radio 15 9661
radio 15 9694
radio 15 10208
radio 15 10276
radio 15 10790
radio 15 10839
radio 15 11353
radio 15 11370
radio 15 11883
radio 15 11900
radio 15 12413
radio 15 12430
radio 15 12943
radio 15 12960
radio 15 13473
radio 15 13490
radio 15 14003
radio 15 14051
radio 15 14565
radio 15 14598
radio 15 15112
radio 15 15140
radio 15 15654
radio 15 15682
radio 15 16196
radio 15 16213
radio 15 16726
radio 15 16743
radio 15 17256
radio 15 17305
radio 15 17819
delay 21 42 15 18038 15 17058 10 5 65535 0 292 0 0
radio 15 18046
radio 15 18560
radio 15 18815
radio 15 19329
radio 15 19397
radio 15 19911
radio 15 19960
radio 15 20474
radio 15 20504
radio 15 21018
radio 15 21047
radio 15 21561
radio 15 21578
radio 15 22091
radio 15 22164
radio 15 22678
radio 15 22695
radio 15 23208
radio 15 23225
radio 15 23738
radio 15 23755
radio 15 24268
radio 15 24299
radio 15 24813
radio 15 24888
radio 15 25402
radio 15 25419
radio 15 25932
radio 15 25949
radio 15 26462
radio 15 26494
radio 15 27008
radio 15 27058
radio 15 27572
radio 15 27601
radio 15 28115
radio 15 28143
radio 15 28657
radio 15 28690
radio 15 29204
radio 15 29256
radio 15 29770
radio 15 29823
radio 15 30337
radio 15 30354
radio 15 30867
radio 15 30884
radio 15 31397
radio 15 31426
radio 15 31940
radio 15 31968
radio 15 32482
radio 15 32499
radio 15 33012
radio 15 33043
radio 15 33557
radio 15 33574
energy 15 33987 7 49321
radio 15 34087
radio 15 34115
radio 15 34629
radio 15 34658
radio 15 35172
radio 15 35189
radio 15 35702
radio 15 35719
radio 15 36232
radio 15 36287
radio 15 36801
radio 15 36829
radio 15 37343
radio 15 37376
radio 15 37890
radio 15 37958
radio 15 38472
delay 22 3 15 38547 15 38463 5 5 65535 0 504 0 0
radio 15 38555
radio 15 39069
radio 15 39240
radio 15 39754
radio 15 39786
radio 15 40300
radio 15 40317
radio 15 40830
radio 15 40864
radio 15 41378
radio 15 41406
radio 15 41920
radio 15 41951
radio 15 42465
radio 15 42482
radio 15 42995
radio 15 43023
radio 15 43537
radio 15 43566
radio 15 44080
radio 15 44097
radio 15 44610
radio 15 44627
radio 15 45140
radio 15 45157
radio 15 45670
radio 15 45725
radio 15 46239
radio 15 46267
radio 15 46781
radio 15 46798
radio 15 47311
radio 15 47328
radio 15 47841
radio 15 47858
radio 15 48371
radio 15 48402
radio 15 48916
radio 15 48946
radio 15 49460
radio 15 49530
radio 15 50044
radio 15 50061
radio 15 50574
radio 15 50622
radio 15 51136
radio 15 51206
radio 15 51720
radio 15 51737
radio 15 52250
radio 15 52267
radio 15 52780
radio 15 52797
radio 15 53310
radio 15 53327
radio 15 53840
radio 15 53857
radio 15 54370
radio 15 54387
radio 15 54900
radio 15 54952
radio 15 55466
radio 15 55494
radio 15 56008
radio 15 56025
radio 15 56538
radio 15 56555
radio 15 57068
radio 15 57085
radio 15 57598
radio 15 57615
radio 15 58128
radio 15 58197
radio 15 58711
delay 23 3 15 58727 15 58643 5 5 65535 0 52 1 0
radio 15 59804
radio 15 60317
radio 15 60334
radio 15 60847
radio 15 60876
radio 15 61390
radio 15 61407
radio 15 61920
radio 15 61973
radio 15 62487
radio 15 62518
radio 15 63032
radio 15 63049
radio 15 63562
radio 15 63579
radio 15 64092
radio 15 64109
radio 15 64622
radio 15 64639
radio 15 65152
radio 15 65169
radio 16 146
radio 16 162
radio 16 676
radio 16 693
radio 16 1206
radio 16 1260
radio 16 1774
radio 16 1826
radio 16 2340
radio 16 2368
radio 16 2882
radio 16 2899
radio 16 3412
radio 16 3447
radio 16 3961
radio 16 3978
radio 16 4491
radio 16 4508
radio 16 5021
radio 16 5056
radio 16 5570
radio 16 5586
radio 16 6100
radio 16 6135
radio 16 6649
radio 16 6665
radio 16 7179
radio 16 7196
radio 16 7709
radio 16 7725
radio 16 8239
radio 16 8270
radio 16 8784
radio 16 8800
radio 16 9314
radio 16 9330
radio 16 9844
radio 16 9893
radio 16 10407
radio 16 10424
radio 16 10937
radio 16 10969
radio 16 11483
radio 16 11500
radio 16 12013
radio 16 12065
radio 16 12579
radio 16 12607
radio 16 13121
radio 16 13138
radio 16 13651
delay 24 1 16 13670 16 13731 5 5 65535 0 205 0 0
radio 16 13678
radio 16 14193
radio 16 14314
radio 16 14828
radio 16 14925
radio 16 15439
radio 16 15467
radio 16 15981
radio 16 15998
radio 16 16511
radio 16 16541
radio 16 17055
radio 16 17130
radio 16 17644
radio 16 17661
radio 16 18174
radio 16 18191
radio 16 18704
radio 16 18721
radio 16 19234
radio 16 19251
radio 16 19764
radio 16 19781
radio 16 20294
radio 16 20348
radio 16 20862
radio 16 20890
radio 16 21404
radio 16 21421
radio 16 21934
radio 16 21951
radio 16 22464
radio 16 22481
radio 16 22994
radio 16 23024
radio 16 23538
radio 16 23555
radio 16 24068
radio 16 24124
radio 16 24638
radio 16 24706
radio 16 25220
radio 16 25237
radio 16 25750
radio 16 25802
radio 16 26316
radio 16 26344
radio 16 26858
radio 16 26875
radio 16 27388
radio 16 27405
radio 16 27918
radio 16 27935
radio 16 28448
radio 16 28465
radio 16 28978
radio 16 28995
radio 16 29508
radio 16 29536
energy 16 29891 7 53100
radio 16 30050
radio 16 30101
radio 16 30615
radio 16 30643
radio 16 31157
radio 16 31174
radio 16 31687
radio 16 31723
radio 16 32237
radio 16 32254
radio 16 32767
radio 16 32784
radio 16 33297
radio 16 33351
radio 16 33865
delay 25 0 16 33881 16 33996 0 5 5 0 65535 0 0
radio 16 33889
radio 16 34403
radio 16 34636
radio 16 35149
radio 16 35190
radio 16 35703
radio 16 35796
radio 16 36310
radio 16 36327
radio 16 36840
radio 16 36857
radio 16 37370
radio 16 37387
radio 16 37900
radio 16 37928
radio 16 38442
radio 16 38470
radio 16 38984
radio 16 39001
radio 16 39514
radio 16 39531
radio 16 40044
radio 16 40099
radio 16 40613
radio 16 40689
radio 16 41203
radio 16 41252
radio 16 41766
radio 16 41783
radio 16 42296
radio 16 42313
radio 16 42826
radio 16 42843
radio 16 43356
radio 16 43373
radio 16 43886
radio 16 43903
radio 16 44416
radio 16 44464
radio 16 44978
radio 16 45007
radio 16 45521
radio 16 45538
radio 16 46051
radio 16 46068
radio 16 46581
radio 16 46630
radio 16 47144
radio 16 47193
radio 16 47707
radio 16 47735
radio 16 48249
radio 16 48266
radio 16 48779
radio 16 48809
radio 16 49323
radio 16 49340
radio 16 49853
radio 16 49888
radio 16 50402
radio 16 50475
radio 16 50989
radio 16 51006
radio 16 51519
radio 16 51554
radio 16 52068
radio 16 52121
radio 16 52635
radio 16 52663
radio 16 53177
radio 16 53206
radio 16 53720
radio 16 53737
radio 16 54250
radio 16 54267
radio 16 54780
delay 26 12 16 54796 16 54538 5 5 65535 0 80 1 0
radio 16 55872
radio 16 56386
radio 16 56415
radio 16 56929
radio 16 56981
radio 16 57495
radio 16 57512
radio 16 58025
radio 16 58056
radio 16 58570
radio 16 58622
radio 16 59136
radio 16 59164
radio 16 59678
radio 16 59713
radio 16 60227
radio 16 60258
radio 16 60772
radio 16 60824
radio 16 61338
radio 16 61366
radio 16 61880
radio 16 61897
radio 16 62410
radio 16 62443
radio 16 62957
radio 16 62986
radio 16 63500
radio 16 63551
radio 16 64065
radio 16 64082
radio 16 64595
radio 16 64623
radio 16 65137
radio 16 65191
radio 17 169
radio 17 217
radio 17 730
radio 17 758
radio 17 1271
radio 17 1287
radio 17 1801
radio 17 1831
radio 17 2345
radio 17 2361
radio 17 2875
radio 17 2903
radio 17 3417
radio 17 3468
radio 17 3982
radio 17 4010
radio 17 4524
radio 17 4556
radio 17 5070
radio 17 5086
radio 17 5600
radio 17 5669
radio 17 6183
radio 17 6211
radio 17 6725
radio 17 6753
radio 17 7267
radio 17 7283
radio 17 7797
radio 17 7814
radio 17 8327
radio 17 8358
radio 17 8872
radio 17 8920
radio 17 9434
delay 27 24 17 9504 17 8936 5 5 65535 0 130 0 0
radio 17 9512
radio 17 10026
radio 17 10066
radio 17 10580
radio 17 10633
radio 17 11146
radio 17 11163
radio 17 11676
radio 17 11693
radio 17 12206
radio 17 12274
radio 17 12788
radio 17 12816
radio 17 13330
radio 17 13362
radio 17 13876
radio 17 13906
radio 17 14420
radio 17 14473
radio 17 14987
radio 17 15035
radio 17 15549
radio 17 15599
radio 17 16113
radio 17 16146
radio 17 16660
radio 17 16711
radio 17 17225
radio 17 17242
radio 17 17755
radio 17 17772
radio 17 18285
radio 17 18340
radio 17 18854
radio 17 18907
radio 17 19421
radio 17 19438
radio 17 19951
radio 17 19968
radio 17 20481
radio 17 20517
radio 17 21031
radio 17 21081
radio 17 21595
radio 17 21624
radio 17 22138
radio 17 22170
radio 17 22684
radio 17 22713
radio 17 23227
radio 17 23281
radio 17 23795
radio 17 23846
radio 17 24360
radio 17 24377
radio 17 24890
radio 17 24907
radio 17 25420
radio 17 25437
energy 17 25795 7 57338
radio 17 25950
radio 17 25979
radio 17 26493
radio 17 26567
radio 17 27081
radio 17 27098
radio 17 27611
radio 17 27642
radio 17 28156
radio 17 28173
radio 17 28686
radio 17 28758
radio 17 29272
radio 17 29289
radio 17 29802
delay 28 0 17 29822 17 29941 0 5 5 0 41 1 0
radio 17 30896
radio 17 31410
radio 17 31465
radio 17 31979
radio 17 31996
radio 17 32509
radio 17 32544
radio 17 33058
radio 17 33089
radio 17 33603
radio 17 33632
radio 17 34146
radio 17 34220
radio 17 34734
radio 17 34751
radio 17 35264
radio 17 35294
radio 17 35808
radio 17 35825
radio 17 36338
radio 17 36387
radio 17 36901
radio 17 36933
radio 17 37447
radio 17 37482
radio 17 37996
radio 17 38013
radio 17 38526
radio 17 38595
radio 17 39109
radio 17 39145
radio 17 39659
radio 17 39689
radio 17 40203
radio 17 40220
radio 17 40733
radio 17 40762
radio 17 41276
radio 17 41325
radio 17 41839
radio 17 41856
radio 17 42369
radio 17 42386
radio 17 42899
radio 17 42916
radio 17 43429
radio 17 43559
radio 17 44073
radio 17 44090
radio 17 44603
radio 17 44620
radio 17 45133
radio 17 45161
radio 17 45675
radio 17 45725
radio 17 46239
radio 17 46268
radio 17 46782
radio 17 46813
radio 17 47327
radio 17 47355
radio 17 47869
radio 17 47959
radio 17 48473
radio 17 48490
radio 17 49003
radio 17 49020
radio 17 49533
radio 17 49550
radio 17 50063
radio 17 50080
radio 17 50593
delay 29 33 17 51129 17 50351 10 5 65535 0 488 0 0
radio 17 51138
radio 17 51652
radio 17 51791
radio 17 52304
radio 17 52334
radio 17 52848
radio 17 52879
radio 17 53393
radio 17 53410
radio 17 53923
radio 17 53957
radio 17 54471
radio 17 54488
radio 17 55001
radio 17 55018
radio 17 55531
radio 17 55582
radio 17 56096
radio 17 56131
radio 17 56645
radio 17 56662
radio 17 57175
radio 17 57192
radio 17 57705
radio 17 57722
radio 17 58235
radio 17 58266
radio 17 58780
radio 17 58833
radio 17 59347
radio 17 59364
radio 17 59877
radio 17 59908
radio 17 60422
radio 17 60439
radio 17 60952
radio 17 60987
radio 17 61501
radio 17 61518
radio 17 62031
radio 17 62083
radio 17 62597
radio 17 62614
radio 17 63127
radio 17 63144
radio 17 63657
radio 17 63687
radio 17 64201
radio 17 64218
radio 17 64731
radio 17 64748
radio 17 65261
radio 17 65278
radio 18 255
radio 18 271
radio 18 785
radio 18 816
radio 18 1329
radio 18 1362
radio 18 1876
radio 18 1930
radio 18 2444
radio 18 2460
radio 18 2974
radio 18 2991
radio 18 3504
radio 18 3536
radio 18 4050
radio 18 4078
radio 18 4592
radio 18 4608
radio 18 5122
radio 18 5138
radio 18 5652
delay 30 13 18 5685 18 5437 11 5 65535 0 99 1 0
radio 18 6755
radio 18 7269
radio 18 7285
radio 18 7799
radio 18 7815
radio 18 8329
radio 18 8357
radio 18 8871
radio 18 8921
radio 18 9435
radio 18 9452
radio 18 9965
radio 18 9993
radio 18 10507
radio 18 10524
radio 18 11037
radio 18 11054
radio 18 11567
radio 18 11682
radio 18 12196
radio 18 12230
radio 18 12744
radio 18 12761
radio 18 13274
radio 18 13325
radio 18 13839
radio 18 13856
radio 18 14369
radio 18 14386
radio 18 14899
radio 18 14916
radio 18 15429
radio 18 15461
radio 18 15975
radio 18 15992
radio 18 16505
radio 18 16522
radio 18 17035
radio 18 17052
radio 18 17565
radio 18 17582
radio 18 18095
radio 18 18148
radio 18 18662
radio 18 18694
radio 18 19208
radio 18 19242
radio 18 19756
radio 18 19786
radio 18 20300
radio 18 20350
radio 18 20864
radio 18 20897
radio 18 21411
radio 18 21443
energy 18 21699 7 62721
radio 18 21957
radio 18 21974
radio 18 22487
radio 18 22517
radio 18 23031
radio 18 23048
radio 18 23561
radio 18 23631
radio 18 24145
radio 18 24175
radio 18 24689
radio 18 24706
radio 18 25219
radio 18 25273
radio 18 25787
delay 31 0 18 25807 18 25927 0 5 5 0 123 1 0
radio 18 26868
radio 18 27381
radio 18 27431
radio 18 27944
radio 18 28036
radio 18 28550
radio 18 28567
radio 18 29080
radio 18 29097
radio 18 29610
radio 18 29627
radio 18 30140
radio 18 30157
radio 18 30670
radio 18 30699
radio 18 31213
radio 18 31287
radio 18 31801
radio 18 31818
radio 18 32331
radio 18 32348
radio 18 32861
radio 18 32889
radio 18 33403
radio 18 33438
radio 18 33952
radio 18 33986
radio 18 34500
radio 18 34517
radio 18 35030
radio 18 35082
radio 18 35596
radio 18 35613
radio 18 36126
radio 18 36143
radio 18 36656
radio 18 36689
radio 18 37203
radio 18 37236
radio 18 37750
radio 18 37767
radio 18 38280
radio 18 38316
radio 18 38830
radio 18 38847
radio 18 39360
radio 18 39394
radio 18 39908
radio 18 39959
radio 18 40473
radio 18 40490
radio 18 41003
radio 18 41020
radio 18 41533
radio 18 41550
radio 18 42063
radio 18 42080
radio 18 42593
radio 18 42629
radio 18 43143
radio 18 43160
radio 18 43673
radio 18 43690
radio 18 44203
radio 18 44258
radio 18 44772
radio 18 44789
radio 18 45302
radio 18 45319
radio 18 45832
radio 18 45849
radio 18 46362
delay 32 12 18 46378 18 46120 5 5 65535 0 22 1 0
radio 18 47452
radio 18 47966
radio 18 47983
radio 18 48496
radio 18 48513
radio 18 49026
radio 18 49081
radio 18 49595
radio 18 49612
radio 18 50125
radio 18 50153
radio 18 50667
radio 18 50684
radio 18 51197
radio 18 51214
radio 18 51727
radio 18 51755
radio 18 52269
radio 18 52299
radio 18 52813
radio 18 52847
radio 18 53361
radio 18 53395
radio 18 53909
radio 18 53926
radio 18 54439
radio 18 54467
radio 18 54981
radio 18 54998
radio 18 55511
radio 18 55528
radio 18 56041
radio 18 56058
radio 18 56571
radio 18 56600
radio 18 57114
radio 18 57186
radio 18 57700
radio 18 57730
radio 18 58244
radio 18 58273
radio 18 58787
radio 18 58815
radio 18 59329
radio 18 59346
radio 18 59859
radio 18 59876
radio 18 60389
radio 18 60441
radio 18 60955
radio 18 60984
radio 18 61498
radio 18 61531
radio 18 62045
radio 18 62116
radio 18 62630
radio 18 62647
radio 18 63160
radio 18 63177
radio 18 63690
radio 18 63718
radio 18 64232
radio 18 64266
radio 18 64780
radio 18 64797
radio 18 65310
radio 18 65327
radio 19 304
radio 19 357
radio 19 870
radio 19 886
radio 19 1400
delay 33 0 19 1418 19 1539 0 5 5 0 311 1 0
radio 19 2498
radio 19 3012
radio 19 3160
radio 19 3674
radio 19 3704
radio 19 4218
radio 19 4248
radio 19 4762
radio 19 4790
radio 19 5304
radio 19 5356
radio 19 5870
radio 19 5886
radio 19 6400
radio 19 6416
radio 19 6930
radio 19 6946
radio 19 7460
radio 19 7489
radio 19 8003
radio 19 8019
radio 19 8533
radio 19 8549
radio 19 9063
radio 19 9079
radio 19 9593
radio 19 9609
radio 19 10123
radio 19 10140
radio 19 10653
radio 19 10701
radio 19 11215
radio 19 11243
radio 19 11757
radio 19 11792
radio 19 12306
radio 19 12337
radio 19 12851
radio 19 12906
radio 19 13420
radio 19 13453
radio 19 13967
radio 19 13984
radio 19 14497
radio 19 14514
radio 19 15027
radio 19 15044
radio 19 15557
radio 19 15574
radio 19 16087
radio 19 16115
radio 19 16629
radio 19 16681
radio 19 17195
radio 19 17229
energy 19 17603 8 2869
radio 19 17743
radio 19 17760
radio 19 18273
radio 19 18290
radio 19 18803
radio 19 18820
radio 19 19333
radio 19 19366
radio 19 19880
radio 19 19931
radio 19 20445
radio 19 20478
radio 19 20992
radio 19 21020
radio 19 21534
radio 19 21551
radio 19 22064
delay 34 3 19 22247 19 22165 5 5 65535 0 459 0 0
radio 19 22255
radio 19 22769
radio 19 22813
radio 19 23327
radio 19 23356
radio 19 23870
radio 19 23898
radio 19 24412
radio 19 24429
radio 19 24942
radio 19 24992
radio 19 25506
radio 19 25523
radio 19 26036
radio 19 26053
radio 19 26566
radio 19 26594
radio 19 27108
radio 19 27125
radio 19 27638
radio 19 27691
radio 19 28205
radio 19 28241
radio 19 28755
radio 19 28785
radio 19 29299
radio 19 29331
radio 19 29845
radio 19 29893
radio 19 30407
radio 19 30424
radio 19 30937
radio 19 30965
radio 19 31479
radio 19 31534
radio 19 32048
radio 19 32076
radio 19 32590
radio 19 32607
radio 19 33120
radio 19 33137
radio 19 33650
radio 19 33702
radio 19 34216
radio 19 34265
radio 19 34779
radio 19 34850
radio 19 35364
radio 19 35381
radio 19 35894
radio 19 35911
radio 19 36424
radio 19 36454
radio 19 36968
radio 19 37023
radio 19 37537
radio 19 37554
radio 19 38067
radio 19 38116
radio 19 38630
radio 19 38647
radio 19 39160
radio 19 39177
radio 19 39690
radio 19 39742
radio 19 40256
radio 19 40288
radio 19 40802
radio 19 40831
radio 19 41345
radio 19 41362
radio 19 41875
radio 19 41892
radio 19 42405
delay 35 12 19 42563 19 42305 5 5 65535 0 278 0 0
radio 19 42571
radio 19 43085
radio 19 43202
radio 19 43716
radio 19 43765
radio 19 44279
radio 19 44296
radio 19 44809
radio 19 44837
radio 19 45351
radio 19 45380
radio 19 45894
radio 19 45927
radio 19 46441
radio 19 46491
radio 19 47005
radio 19 47034
radio 19 47548
radio 19 47578
radio 19 48092
radio 19 48120
radio 19 48634
radio 19 48664
radio 19 49178
radio 19 49194
radio 19 49708
radio 19 49725
radio 19 50238
radio 19 50273
radio 19 50787
radio 19 50821
radio 19 51335
radio 19 51383
radio 19 51897
radio 19 51947
radio 19 52461
radio 19 52478
radio 19 52991
radio 19 53008
radio 19 53521
radio 19 53538
radio 19 54051
radio 19 54079
radio 19 54593
radio 19 54621
radio 19 55135
radio 19 55189
radio 19 55703
radio 19 55720
radio 19 56233
radio 19 56250
radio 19 56763
radio 19 56780
radio 19 57293
radio 19 57310
radio 19 57823
radio 19 57840
radio 19 58353
radio 19 58384
radio 19 58898
radio 19 58967
radio 19 59481
radio 19 59515
radio 19 60029
radio 19 60046
radio 19 60559
radio 19 60576
