Thread[Thread-1,5,main]tree 12 8 0 14 0 0
radio 7 2222
radio 7 2226
radio 7 2242
radio 7 2755
radio 7 2772
radio 7 3285
radio 7 3333
radio 7 3846
radio 7 3874
radio 7 4387
radio 7 4404
radio 7 4917
radio 7 4933
radio 7 5447
radio 7 5478
radio 7 5991
radio 7 6019
radio 7 6532
radio 7 6548
radio 7 7062
radio 7 7112
radio 7 7625
radio 7 7642
radio 7 8155
radio 7 8172
radio 7 8685
radio 7 8701
radio 7 9215
radio 7 9244
radio 7 9757
radio 7 9773
radio 7 10287
radio 7 10304
radio 7 10817
radio 7 10846
radio 7 11360
radio 7 11408
radio 7 11922
radio 7 11950
radio 7 12464
radio 7 12481
radio 7 12994
radio 7 13011
radio 7 13524
radio 7 13541
radio 7 14054
radio 7 14085
radio 7 14599
radio 7 14616
radio 7 15129
radio 7 15146
radio 7 15659
radio 7 15676
radio 7 16189
radio 7 16206
radio 7 16719
radio 7 16736
radio 7 17249
radio 7 17280
radio 7 17794
radio 7 17822
radio 7 18336
radio 7 18365
radio 7 18879
radio 7 18896
radio 7 19409
radio 7 19440
radio 7 19954
radio 7 20009
radio 7 20523
radio 7 20540
radio 7 21053
radio 7 21088
radio 7 21602
radio 7 21631
radio 7 22145
radio 7 22162
radio 7 22675
radio 7 22723
radio 7 23237
radio 7 23288
radio 7 23802
radio 7 23831
radio 7 24345
radio 7 24362
radio 7 24875
radio 7 24892
radio 7 25405
radio 7 25459
radio 7 25973
radio 7 26001
radio 7 26515
radio 7 26551
radio 7 27065
radio 7 27082
radio 7 27595
radio 7 27612
radio 7 28125
radio 7 28175
radio 7 28689
radio 7 28706
radio 7 29219
radio 7 29250
radio 7 29764
radio 7 29781
radio 7 30294
radio 7 30311
radio 7 30824
radio 7 30855
radio 7 31369
radio 7 31386
radio 7 31899
radio 7 31916
radio 7 32429
radio 7 32460
radio 7 32974
radio 7 32991
radio 7 33504
radio 7 33533
radio 7 34047
radio 7 34075
radio 7 34589
radio 7 34618
radio 7 35132
radio 7 35149
radio 7 35662
radio 7 35694
radio 7 36208
radio 7 36263
radio 7 36777
radio 7 36794
radio 7 37307
radio 7 37324
radio 7 37837
radio 7 37869
radio 7 38383
radio 7 38418
radio 7 38932
radio 7 39020
radio 7 39534
radio 7 39562
radio 7 40076
radio 7 40093
radio 7 40606
radio 7 40656
radio 7 41170
radio 7 41224
radio 7 41738
radio 7 41766
radio 7 42280
radio 7 42334
radio 7 42848
radio 7 42882
radio 7 43396
radio 7 43429
radio 7 43943
radio 7 43960
radio 7 44473
radio 7 44501
radio 7 45015
radio 7 45071
radio 7 45585
radio 7 45616
radio 7 46130
radio 7 46147
radio 7 46660
radio 7 46677
radio 7 47190
radio 7 47207
radio 7 47720
radio 7 47737
radio 7 48250
radio 7 48267
radio 7 48780
radio 7 48834
radio 7 49348
radio 7 49404
radio 7 49918
radio 7 49935
radio 7 50448
radio 7 50465
radio 7 50978
radio 7 51032
radio 7 51546
radio 7 51563
radio 7 52076
radio 7 52129
radio 7 52643
radio 7 52660
radio 7 53173
radio 7 53190
radio 7 53703
radio 7 53734
radio 7 54248
radio 7 54296
radio 7 54810
radio 7 54838
radio 7 55352
radio 7 55381
radio 7 55895
radio 7 55931
radio 7 56445
radio 7 56462
radio 7 56975
radio 7 57024
radio 7 57538
radio 7 57555
radio 7 58068
radio 7 58103
radio 7 58617
radio 7 58634
radio 7 59147
radio 7 59164
radio 7 59677
radio 7 59710
radio 7 60224
radio 7 60241
radio 7 60754
radio 7 60771
radio 7 61284
radio 7 61317
radio 7 61831
radio 7 61882
radio 7 62396
radio 7 62413
radio 7 62926
radio 7 62943
radio 7 63456
radio 7 63473
energy 7 63673 7 4707
radio 7 63986
radio 7 64035
radio 7 64549
radio 7 64579
radio 7 65093
radio 7 65110
radio 8 87
radio 8 103
radio 8 616
radio 8 652
radio 8 1165
radio 8 1181
radio 8 1695
radio 8 1726
radio 8 2239
radio 8 2255
radio 8 2769
radio 8 2785
radio 8 3299
radio 8 3327
radio 8 3840
radio 8 3896
radio 8 4409
radio 8 4437
radio 8 4950
radio 8 4966
radio 8 5480
radio 8 5496
radio 8 6010
radio 8 6026
radio 8 6540
radio 8 6557
radio 8 7070
radio 8 7086
radio 8 7600
radio 8 7628
radio 8 8141
radio 8 8175
radio 8 8688
radio 8 8704
radio 8 9218
radio 8 9234
radio 8 9748
radio 8 9778
radio 8 10291
radio 8 10308
radio 8 10821
radio 8 10874
radio 8 11388
radio 8 11405
radio 8 11918
radio 8 11970
radio 8 12484
radio 8 12518
radio 8 13032
radio 8 13064
radio 8 13578
radio 8 13595
radio 8 14108
radio 8 14125
radio 8 14638
radio 8 14655
radio 8 15168
radio 8 15218
radio 8 15732
radio 8 15768
radio 8 16282
radio 8 16312
radio 8 16826
radio 8 16859
radio 8 17373
radio 8 17403
radio 8 17917
radio 8 17948
radio 8 18462
radio 8 18479
radio 8 18992
radio 8 19009
radio 8 19522
radio 8 19539
radio 8 20052
radio 8 20069
radio 8 20582
radio 8 20631
radio 8 21145
radio 8 21198
radio 8 21712
radio 8 21729
radio 8 22242
radio 8 22277
radio 8 22791
radio 8 22841
radio 8 23355
radio 8 23386
radio 8 23900
radio 8 23917
radio 8 24430
radio 8 24447
radio 8 24960
radio 8 24977
radio 8 25490
radio 8 25507
radio 8 26020
radio 8 26037
radio 8 26550
radio 8 26579
radio 8 27093
radio 8 27144
radio 8 27658
radio 8 27707
radio 8 28221
radio 8 28251
radio 8 28765
radio 8 28835
radio 8 29349
radio 8 29400
radio 8 29914
radio 8 29963
radio 8 30477
radio 8 30527
radio 8 31041
radio 8 31070
radio 8 31584
radio 8 31601
radio 8 32114
radio 8 32131
radio 8 32644
radio 8 32661
radio 8 33174
radio 8 33190
radio 8 33704
radio 8 33735
radio 8 34249
radio 8 34266
radio 8 34779
radio 8 34830
radio 8 35344
radio 8 35377
radio 8 35891
radio 8 35924
radio 8 36438
radio 8 36473
radio 8 36987
radio 8 37004
radio 8 37517
radio 8 37534
radio 8 38047
radio 8 38064
radio 8 38577
radio 8 38594
radio 8 39107
radio 8 39124
radio 8 39637
radio 8 39654
radio 8 40167
radio 8 40184
radio 8 40697
radio 8 40746
radio 8 41260
radio 8 41313
radio 8 41827
radio 8 41844
radio 8 42357
radio 8 42374
radio 8 42887
radio 8 42904
radio 8 43417
radio 8 43434
radio 8 43947
radio 8 43964
radio 8 44477
radio 8 44494
radio 8 45007
radio 8 45024
radio 8 45537
delay 0 24 8 45830 8 46019 5 5 65535 0 191 0 0
radio 8 45838
radio 8 46352
radio 8 46428
radio 8 46941
radio 8 46962
radio 8 47476
radio 8 47493
radio 8 48006
radio 8 48023
radio 8 48536
radio 8 48553
radio 8 49066
radio 8 49097
radio 8 49611
radio 8 49628
radio 8 50141
radio 8 50215
radio 8 50729
radio 8 50758
radio 8 51272
radio 8 51303
radio 8 51817
radio 8 51852
radio 8 52366
radio 8 52438
radio 8 52952
radio 8 52983
radio 8 53497
radio 8 53514
radio 8 54027
radio 8 54044
radio 8 54557
radio 8 54574
radio 8 55087
radio 8 55104
radio 8 55617
radio 8 55634
radio 8 56147
radio 8 56181
radio 8 56695
radio 8 56745
radio 8 57259
radio 8 57289
radio 8 57803
radio 8 57837
radio 8 58351
radio 8 58368
radio 8 58881
radio 8 58898
radio 8 59411
radio 8 59428
energy 8 59577 7 7440
radio 8 59941
radio 8 59993
radio 8 60507
radio 8 60524
radio 8 61037
radio 8 61054
radio 8 61567
radio 8 61584
radio 8 62097
radio 8 62128
radio 8 62642
radio 8 62676
radio 8 63190
radio 8 63207
radio 8 63720
radio 8 63751
radio 8 64265
radio 8 64296
radio 8 64810
radio 8 64827
radio 8 65340
radio 8 65357
radio 9 334
delay 1 0 9 384 9 1254 0 5 5 0 33 1 0
radio 9 1702
radio 9 2215
radio 9 2248
radio 9 2761
radio 9 2791
radio 9 3304
radio 9 3333
radio 9 3846
radio 9 3896
radio 9 4409
radio 9 4426
radio 9 4939
radio 9 4970
radio 9 5483
radio 9 5499
radio 9 6013
radio 9 6063
radio 9 6576
radio 9 6604
radio 9 7117
radio 9 7146
radio 9 7659
radio 9 7687
radio 9 8200
radio 9 8217
radio 9 8730
radio 9 8746
radio 9 9260
radio 9 9277
radio 9 9790
radio 9 9806
radio 9 10320
radio 9 10337
radio 9 10850
radio 9 10867
radio 9 11380
radio 9 11416
radio 9 11930
radio 9 11962
radio 9 12476
radio 9 12493
radio 9 13006
radio 9 13023
radio 9 13536
radio 9 13568
radio 9 14082
radio 9 14131
radio 9 14645
radio 9 14694
radio 9 15208
radio 9 15225
radio 9 15738
radio 9 15755
radio 9 16268
radio 9 16285
radio 9 16798
radio 9 16827
radio 9 17341
radio 9 17391
radio 9 17905
radio 9 17922
radio 9 18435
radio 9 18463
radio 9 18977
radio 9 18994
radio 9 19507
radio 9 19538
radio 9 20052
radio 9 20069
radio 9 20582
radio 9 20599
radio 9 21112
delay 2 26 9 21129 9 21301 12 5 65535 0 49 1 0
radio 9 22192
radio 9 22705
radio 9 22726
radio 9 23240
radio 9 23258
radio 9 23772
radio 9 23801
radio 9 24315
radio 9 24345
radio 9 24859
radio 9 24876
radio 9 25389
radio 9 25406
radio 9 25919
radio 9 25947
radio 9 26461
radio 9 26512
radio 9 27026
radio 9 27043
radio 9 27556
radio 9 27573
radio 9 28086
radio 9 28114
radio 9 28628
radio 9 28657
radio 9 29171
radio 9 29188
radio 9 29701
radio 9 29750
radio 9 30264
radio 9 30281
radio 9 30794
radio 9 30827
radio 9 31341
radio 9 31358
radio 9 31871
radio 9 31888
radio 9 32401
radio 9 32418
radio 9 32931
radio 9 32965
radio 9 33479
radio 9 33496
radio 9 34009
radio 9 34026
radio 9 34539
radio 9 34556
radio 9 35069
radio 9 35086
radio 9 35599
radio 9 35616
radio 9 36129
radio 9 36146
radio 9 36659
radio 9 36676
radio 9 37189
radio 9 37223
radio 9 37737
radio 9 37754
radio 9 38267
radio 9 38295
radio 9 38809
radio 9 38826
radio 9 39339
radio 9 39356
radio 9 39869
radio 9 39886
radio 9 40399
radio 9 40447
radio 9 40961
radio 9 40978
radio 9 41491
delay 3 27 9 41630 9 41803 14 5 65535 0 90 1 0
radio 9 42886
radio 9 43399
radio 9 43429
radio 9 43943
radio 9 43971
radio 9 44485
radio 9 44502
radio 9 45015
radio 9 45066
radio 9 45580
radio 9 45629
radio 9 46143
radio 9 46160
radio 9 46673
radio 9 46690
radio 9 47203
radio 9 47236
radio 9 47750
radio 9 47799
radio 9 48313
radio 9 48345
radio 9 48859
radio 9 48876
radio 9 49389
radio 9 49406
radio 9 49919
radio 9 49950
radio 9 50464
radio 9 50558
radio 9 51072
radio 9 51108
radio 9 51622
radio 9 51639
radio 9 52152
radio 9 52169
radio 9 52682
radio 9 52715
radio 9 53229
radio 9 53246
radio 9 53759
radio 9 53810
radio 9 54324
radio 9 54356
radio 9 54870
radio 9 54919
radio 9 55433
energy 9 55481 7 13346
radio 9 55488
radio 9 56001
radio 9 56031
radio 9 56545
radio 9 56562
radio 9 57075
radio 9 57126
radio 9 57640
radio 9 57671
radio 9 58185
radio 9 58216
radio 9 58730
radio 9 58747
radio 9 59260
radio 9 59336
radio 9 59850
radio 9 59886
radio 9 60400
radio 9 60450
radio 9 60964
radio 9 60981
radio 9 61494
radio 9 61523
radio 9 62037
delay 4 46 9 62106 9 61768 10 5 65535 0 144 1 0
radio 9 63177
radio 9 63691
radio 9 63741
radio 9 64255
radio 9 64285
radio 9 64799
radio 9 64833
radio 9 65347
radio 9 65364
radio 10 341
radio 10 393
radio 10 906
radio 10 922
radio 10 1436
radio 10 1487
radio 10 2001
radio 10 2030
radio 10 2544
radio 10 2595
radio 10 3109
radio 10 3126
radio 10 3639
radio 10 3687
radio 10 4201
radio 10 4232
radio 10 4746
radio 10 4814
radio 10 5328
radio 10 5345
radio 10 5858
radio 10 5874
radio 10 6388
radio 10 6405
radio 10 6918
radio 10 6935
radio 10 7448
radio 10 7479
radio 10 7993
radio 10 8085
radio 10 8599
radio 10 8616
radio 10 9129
radio 10 9165
radio 10 9679
radio 10 9728
radio 10 10242
radio 10 10292
radio 10 10806
radio 10 10855
radio 10 11369
radio 10 11404
radio 10 11918
radio 10 11953
radio 10 12467
radio 10 12484
radio 10 12997
radio 10 13014
radio 10 13527
radio 10 13562
radio 10 14076
radio 10 14093
radio 10 14606
radio 10 14623
radio 10 15136
radio 10 15153
radio 10 15666
radio 10 15717
radio 10 16231
radio 10 16248
radio 10 16761
delay 5 0 10 16849 10 17718 0 5 5 0 113 1 0
radio 10 17914
radio 10 18428
radio 10 18456
radio 10 18970
radio 10 18987
radio 10 19500
radio 10 19517
radio 10 20030
radio 10 20047
radio 10 20560
radio 10 20595
radio 10 21109
radio 10 21161
radio 10 21675
radio 10 21723
radio 10 22237
radio 10 22254
radio 10 22767
radio 10 22784
radio 10 23297
radio 10 23314
radio 10 23827
radio 10 23844
radio 10 24357
radio 10 24374
radio 10 24887
radio 10 24943
radio 10 25457
radio 10 25490
radio 10 26004
radio 10 26039
radio 10 26553
radio 10 26570
radio 10 27083
radio 10 27134
radio 10 27648
radio 10 27702
radio 10 28216
radio 10 28246
radio 10 28760
radio 10 28777
radio 10 29290
radio 10 29342
radio 10 29856
radio 10 29884
radio 10 30398
radio 10 30431
radio 10 30945
radio 10 30962
radio 10 31475
radio 10 31505
radio 10 32019
radio 10 32036
radio 10 32549
radio 10 32566
radio 10 33079
radio 10 33096
radio 10 33609
radio 10 33626
radio 10 34139
radio 10 34156
radio 10 34669
radio 10 34686
radio 10 35199
radio 10 35232
radio 10 35746
radio 10 35775
radio 10 36289
radio 10 36320
radio 10 36834
radio 10 36851
radio 10 37364
delay 6 37 10 37460 10 37315 12 5 65535 0 36 1 0
radio 10 38521
radio 10 39034
radio 10 39051
radio 10 39564
radio 10 39616
radio 10 40130
radio 10 40161
radio 10 40675
radio 10 40692
radio 10 41205
radio 10 41234
radio 10 41748
radio 10 41778
radio 10 42292
radio 10 42346
radio 10 42860
radio 10 42888
radio 10 43402
radio 10 43435
radio 10 43949
radio 10 43966
radio 10 44479
radio 10 44496
radio 10 45009
radio 10 45101
radio 10 45615
radio 10 45647
radio 10 46161
radio 10 46195
radio 10 46709
radio 10 46778
radio 10 47292
radio 10 47309
radio 10 47822
radio 10 47839
radio 10 48352
radio 10 48369
radio 10 48882
radio 10 48899
radio 10 49412
radio 10 49440
radio 10 49954
radio 10 49971
radio 10 50484
radio 10 50533
radio 10 51047
radio 10 51076
energy 10 51385 7 19399
radio 10 51590
radio 10 51623
radio 10 52137
radio 10 52166
radio 10 52680
radio 10 52697
radio 10 53210
radio 10 53227
radio 10 53740
radio 10 53757
radio 10 54270
radio 10 54287
radio 10 54800
radio 10 54817
radio 10 55330
radio 10 55365
radio 10 55879
radio 10 55911
radio 10 56425
radio 10 56442
radio 10 56955
radio 10 56972
radio 10 57485
radio 10 57515
radio 10 58029
delay 7 26 10 58046 10 58217 12 5 65535 0 115 1 0
radio 10 59119
radio 10 59633
radio 10 59682
radio 10 60196
radio 10 60213
radio 10 60726
radio 10 60743
radio 10 61256
radio 10 61286
radio 10 61800
radio 10 61817
radio 10 62330
radio 10 62403
radio 10 62917
radio 10 62953
radio 10 63467
radio 10 63522
radio 10 64036
radio 10 64084
radio 10 64598
radio 10 64630
radio 10 65144
radio 10 65161
radio 11 138
radio 11 154
radio 11 668
radio 11 722
radio 11 1235
radio 11 1306
radio 11 1820
radio 11 1851
radio 11 2365
radio 11 2393
radio 11 2907
radio 11 2957
radio 11 3471
radio 11 3488
radio 11 4001
radio 11 4018
radio 11 4531
radio 11 4548
radio 11 5061
radio 11 5116
radio 11 5630
radio 11 5678
radio 11 6192
radio 11 6209
radio 11 6722
radio 11 6754
radio 11 7268
radio 11 7319
radio 11 7833
radio 11 7885
radio 11 8399
radio 11 8431
radio 11 8945
radio 11 8994
radio 11 9508
radio 11 9563
radio 11 10077
radio 11 10109
radio 11 10623
radio 11 10676
radio 11 11190
radio 11 11221
radio 11 11735
radio 11 11752
radio 11 12265
radio 11 12282
radio 11 12795
delay 8 18 11 12811 11 13207 5 5 65535 0 51 1 0
radio 11 13882
radio 11 14396
radio 11 14413
radio 11 14926
radio 11 14943
radio 11 15456
radio 11 15473
radio 11 15986
radio 11 16003
radio 11 16516
radio 11 16533
radio 11 17046
radio 11 17077
radio 11 17591
radio 11 17619
radio 11 18133
radio 11 18164
radio 11 18678
radio 11 18707
radio 11 19221
radio 11 19238
radio 11 19751
radio 11 19768
radio 11 20281
radio 11 20317
radio 11 20831
radio 11 20848
radio 11 21361
radio 11 21392
radio 11 21906
radio 11 21923
radio 11 22436
radio 11 22453
radio 11 22966
radio 11 22983
radio 11 23496
radio 11 23513
radio 11 24026
radio 11 24043
radio 11 24556
radio 11 24573
radio 11 25086
radio 11 25158
radio 11 25672
radio 11 25689
radio 11 26202
radio 11 26219
radio 11 26732
radio 11 26749
radio 11 27262
radio 11 27298
radio 11 27812
radio 11 27840
radio 11 28354
radio 11 28405
radio 11 28919
radio 11 28936
radio 11 29449
radio 11 29466
radio 11 29979
radio 11 29996
radio 11 30509
radio 11 30526
radio 11 31039
radio 11 31070
radio 11 31584
radio 11 31601
radio 11 32114
radio 11 32131
radio 11 32644
radio 11 32693
radio 11 33207
delay 9 18 11 33250 11 33646 5 5 65535 0 110 1 0
radio 11 34313
radio 11 34827
radio 11 34874
radio 11 35388
radio 11 35405
radio 11 35918
radio 11 35935
radio 11 36448
radio 11 36465
radio 11 36978
radio 11 36995
radio 11 37508
radio 11 37561
radio 11 38075
radio 11 38092
radio 11 38605
radio 11 38637
radio 11 39151
radio 11 39204
radio 11 39718
radio 11 39735
radio 11 40248
radio 11 40265
radio 11 40778
radio 11 40795
radio 11 41308
radio 11 41325
radio 11 41838
radio 11 41855
radio 11 42368
radio 11 42385
radio 11 42898
radio 11 42915
radio 11 43428
radio 11 43445
radio 11 43958
radio 11 43975
radio 11 44488
radio 11 44505
radio 11 45018
radio 11 45053
radio 11 45567
radio 11 45597
radio 11 46111
radio 11 46159
radio 11 46673
radio 11 46704
radio 11 47218
radio 11 47271
energy 11 47289 7 24970
radio 11 47785
radio 11 47834
radio 11 48348
radio 11 48377
radio 11 48891
radio 11 48923
radio 11 49437
radio 11 49454
radio 11 49967
radio 11 49984
radio 11 50497
radio 11 50525
radio 11 51039
radio 11 51088
radio 11 51602
radio 11 51632
radio 11 52146
radio 11 52163
radio 11 52676
radio 11 52731
radio 11 53245
radio 11 53262
radio 11 53775
delay 10 24 11 53822 11 54007 5 5 65535 0 190 1 0
radio 11 54897
radio 11 55411
radio 11 55452
radio 11 55965
radio 11 55996
radio 11 56510
radio 11 56527
radio 11 57040
radio 11 57068
radio 11 57582
radio 11 57599
radio 11 58112
radio 11 58142
radio 11 58656
radio 11 58709
radio 11 59223
radio 11 59258
radio 11 59772
radio 11 59789
radio 11 60302
radio 11 60319
radio 11 60832
radio 11 60863
radio 11 61377
radio 11 61430
radio 11 61944
radio 11 61973
radio 11 62487
radio 11 62519
radio 11 63033
radio 11 63064
radio 11 63578
radio 11 63630
radio 11 64144
radio 11 64195
radio 11 64709
radio 11 64742
radio 11 65256
radio 11 65273
radio 12 250
radio 12 267
radio 12 780
radio 12 796
radio 12 1310
radio 12 1327
radio 12 1840
radio 12 1857
radio 12 2370
radio 12 2387
radio 12 2900
radio 12 2929
radio 12 3443
radio 12 3473
radio 12 3987
radio 12 4004
radio 12 4517
radio 12 4534
radio 12 5047
radio 12 5078
radio 12 5592
radio 12 5647
radio 12 6161
radio 12 6189
radio 12 6703
radio 12 6720
radio 12 7233
radio 12 7288
radio 12 7802
radio 12 7854
radio 12 8368
radio 12 8385
radio 12 8898
delay 11 12 12 8916 12 9412 5 5 65535 0 151 1 0
radio 12 9997
radio 12 10511
radio 12 10606
radio 12 11120
radio 12 11152
radio 12 11666
radio 12 11683
radio 12 12196
radio 12 12213
radio 12 12726
radio 12 12758
radio 12 13272
radio 12 13307
radio 12 13821
radio 12 13838
radio 12 14351
radio 12 14368
radio 12 14881
radio 12 14916
radio 12 15430
radio 12 15459
radio 12 15973
radio 12 16022
radio 12 16536
radio 12 16590
radio 12 17104
radio 12 17121
radio 12 17634
radio 12 17663
radio 12 18177
radio 12 18194
radio 12 18707
radio 12 18724
radio 12 19237
radio 12 19254
radio 12 19767
radio 12 19784
radio 12 20297
radio 12 20314
radio 12 20827
radio 12 20859
radio 12 21373
radio 12 21390
radio 12 21903
radio 12 21920
radio 12 22433
radio 12 22450
radio 12 22963
radio 12 22991
radio 12 23505
radio 12 23540
radio 12 24054
radio 12 24105
radio 12 24619
radio 12 24654
radio 12 25168
radio 12 25221
radio 12 25735
radio 12 25811
radio 12 26325
radio 12 26354
radio 12 26868
radio 12 26899
radio 12 27413
radio 12 27430
radio 12 27943
radio 12 27960
radio 12 28473
radio 12 28490
radio 12 29003
delay 12 0 12 29032 12 29896 0 5 5 0 65535 0 0
radio 12 29042
radio 12 29555
radio 12 29627
radio 12 30140
radio 12 30201
radio 12 30715
radio 12 30734
radio 12 31247
radio 12 31264
radio 12 31777
radio 12 31794
radio 12 32307
radio 12 32340
radio 12 32854
radio 12 32908
radio 12 33422
radio 12 33471
radio 12 33985
radio 12 34002
radio 12 34515
radio 12 34551
radio 12 35065
radio 12 35082
radio 12 35595
radio 12 35667
radio 12 36181
radio 12 36232
radio 12 36746
radio 12 36763
radio 12 37276
radio 12 37345
radio 12 37859
radio 12 37876
radio 12 38389
radio 12 38406
radio 12 38919
radio 12 38947
radio 12 39461
radio 12 39515
radio 12 40029
radio 12 40059
radio 12 40573
radio 12 40604
radio 12 41118
radio 12 41135
radio 12 41648
radio 12 41665
radio 12 42178
radio 12 42195
radio 12 42708
radio 12 42725
energy 12 43193 7 29798
radio 12 43238
radio 12 43255
radio 12 43768
radio 12 43785
radio 12 44298
radio 12 44349
radio 12 44863
radio 12 44880
radio 12 45393
radio 12 45410
radio 12 45923
radio 12 45940
radio 12 46453
radio 12 46470
radio 12 46983
radio 12 47015
radio 12 47529
radio 12 47546
radio 12 48059
radio 12 48076
radio 12 48589
radio 12 48606
radio 12 49119
radio 12 49155
radio 12 49669
delay 13 46 12 49826 12 49486 10 5 65535 0 34 1 0
radio 12 50888
radio 12 51401
radio 12 51418
radio 12 51931
radio 12 51959
radio 12 52473
radio 12 52490
radio 12 53003
radio 12 53051
radio 12 53565
radio 12 53595
radio 12 54109
radio 12 54126
radio 12 54639
radio 12 54656
radio 12 55169
radio 12 55198
radio 12 55712
radio 12 55729
radio 12 56242
radio 12 56259
radio 12 56772
radio 12 56789
radio 12 57302
radio 12 57319
radio 12 57832
radio 12 57867
radio 12 58381
radio 12 58429
radio 12 58943
radio 12 58960
radio 12 59473
radio 12 59490
radio 12 60003
radio 12 60032
radio 12 60546
radio 12 60563
radio 12 61076
radio 12 61127
radio 12 61641
radio 12 61658
radio 12 62171
radio 12 62188
radio 12 62701
radio 12 62718
radio 12 63231
radio 12 63248
radio 12 63761
radio 12 63778
radio 12 64291
radio 12 64320
radio 12 64834
radio 12 64851
radio 12 65364
radio 12 65381
radio 13 358
radio 13 413
radio 13 926
radio 13 955
radio 13 1468
radio 13 1485
radio 13 1998
radio 13 2026
radio 13 2540
radio 13 2572
radio 13 3086
radio 13 3139
radio 13 3653
radio 13 3670
radio 13 4183
radio 13 4200
radio 13 4713
delay 14 25 13 4908 13 5100 14 5 65535 0 65535 0 0
radio 13 4916
radio 13 5430
radio 13 5538
radio 13 6051
radio 13 6075
radio 13 6588
radio 13 6604
radio 13 7118
radio 13 7134
radio 13 7648
radio 13 7665
radio 13 8178
radio 13 8206
radio 13 8720
radio 13 8789
radio 13 9303
radio 13 9374
radio 13 9888
radio 13 9917
radio 13 10431
radio 13 10467
radio 13 10981
radio 13 11031
radio 13 11545
radio 13 11562
radio 13 12075
radio 13 12107
radio 13 12621
radio 13 12638
radio 13 13151
radio 13 13202
radio 13 13716
radio 13 13733
radio 13 14246
radio 13 14263
radio 13 14776
radio 13 14804
radio 13 15318
radio 13 15335
radio 13 15848
radio 13 15865
radio 13 16378
radio 13 16410
radio 13 16924
radio 13 16972
radio 13 17486
radio 13 17536
radio 13 18050
radio 13 18082
radio 13 18596
radio 13 18613
radio 13 19126
radio 13 19143
radio 13 19656
radio 13 19673
radio 13 20186
radio 13 20203
radio 13 20716
radio 13 20733
radio 13 21246
radio 13 21296
radio 13 21810
radio 13 21827
radio 13 22340
radio 13 22357
radio 13 22870
radio 13 22887
radio 13 23400
radio 13 23417
radio 13 23930
radio 13 23959
radio 13 24473
radio 13 24490
radio 13 25003
delay 15 25 13 25583 13 25781 14 5 65535 0 169 1 0
radio 13 26646
radio 13 27159
radio 13 27231
radio 13 27745
radio 13 27776
radio 13 28290
radio 13 28318
radio 13 28832
radio 13 28866
radio 13 29380
radio 13 29397
radio 13 29910
radio 13 29940
radio 13 30454
radio 13 30471
radio 13 30984
radio 13 31034
radio 13 31548
radio 13 31565
radio 13 32078
radio 13 32095
radio 13 32608
radio 13 32625
radio 13 33138
radio 13 33155
radio 13 33668
radio 13 33685
radio 13 34198
radio 13 34226
radio 13 34740
radio 13 34757
radio 13 35270
radio 13 35320
radio 13 35834
radio 13 35886
radio 13 36400
radio 13 36435
radio 13 36949
radio 13 36983
radio 13 37497
radio 13 37527
radio 13 38041
radio 13 38089
radio 13 38603
radio 13 38620
energy 13 39097 7 35070
radio 13 39133
radio 13 39166
radio 13 39680
radio 13 39710
radio 13 40224
radio 13 40255
radio 13 40769
radio 13 40786
radio 13 41299
radio 13 41316
radio 13 41829
radio 13 41846
radio 13 42359
radio 13 42376
radio 13 42889
radio 13 42906
radio 13 43419
radio 13 43495
radio 13 44009
radio 13 44026
radio 13 44539
radio 13 44570
radio 13 45084
radio 13 45101
radio 13 45614
delay 16 25 13 45712 13 45910 14 5 65535 0 196 1 0
radio 13 46784
radio 13 47297
radio 13 47314
radio 13 47827
radio 13 47878
radio 13 48392
radio 13 48409
radio 13 48922
radio 13 48955
radio 13 49469
radio 13 49518
radio 13 50032
radio 13 50066
radio 13 50580
radio 13 50633
radio 13 51147
radio 13 51216
radio 13 51730
radio 13 51747
radio 13 52260
radio 13 52294
radio 13 52808
radio 13 52825
radio 13 53338
radio 13 53355
radio 13 53868
radio 13 53941
radio 13 54455
radio 13 54472
radio 13 54985
radio 13 55057
radio 13 55571
radio 13 55588
radio 13 56101
radio 13 56118
radio 13 56631
radio 13 56664
radio 13 57178
radio 13 57210
radio 13 57724
radio 13 57741
radio 13 58254
radio 13 58288
radio 13 58802
radio 13 58851
radio 13 59365
radio 13 59382
radio 13 59895
radio 13 59928
radio 13 60442
radio 13 60459
radio 13 60972
radio 13 60989
radio 13 61502
radio 13 61519
radio 13 62032
radio 13 62066
radio 13 62580
radio 13 62597
radio 13 63110
radio 13 63141
radio 13 63655
radio 13 63686
radio 13 64200
radio 13 64217
radio 13 64730
radio 13 64747
radio 13 65260
radio 13 65277
radio 14 254
radio 14 270
radio 14 784
delay 17 24 14 1024 14 1206 5 5 65535 0 587 0 0
radio 14 1032
radio 14 1546
radio 14 1705
radio 14 2219
radio 14 2251
radio 14 2765
radio 14 2782
radio 14 3295
radio 14 3346
radio 14 3860
radio 14 3877
radio 14 4390
radio 14 4407
radio 14 4920
radio 14 4937
radio 14 5450
radio 14 5480
radio 14 5994
radio 14 6023
radio 14 6537
radio 14 6554
radio 14 7067
radio 14 7118
radio 14 7632
radio 14 7681
radio 14 8195
radio 14 8212
radio 14 8725
radio 14 8742
radio 14 9255
radio 14 9272
radio 14 9785
radio 14 9838
radio 14 10352
radio 14 10407
radio 14 10921
radio 14 10938
radio 14 11451
radio 14 11479
radio 14 11993
radio 14 12067
radio 14 12581
radio 14 12598
radio 14 13111
radio 14 13128
radio 14 13641
radio 14 13658
radio 14 14171
radio 14 14188
radio 14 14701
radio 14 14718
radio 14 15231
radio 14 15248
radio 14 15761
radio 14 15778
radio 14 16291
radio 14 16308
radio 14 16821
radio 14 16838
radio 14 17351
radio 14 17368
radio 14 17881
radio 14 17898
radio 14 18411
radio 14 18428
radio 14 18941
radio 14 18969
radio 14 19483
radio 14 19511
radio 14 20025
radio 14 20042
radio 14 20555
radio 14 20572
radio 14 21085
delay 18 46 14 21101 14 20760 10 5 65535 0 202 1 0
radio 14 22163
radio 14 22677
radio 14 22694
radio 14 23207
radio 14 23236
radio 14 23750
radio 14 23822
radio 14 24336
radio 14 24353
radio 14 24866
radio 14 24883
radio 14 25396
radio 14 25413
radio 14 25926
radio 14 25955
radio 14 26469
radio 14 26499
radio 14 27013
radio 14 27030
radio 14 27543
radio 14 27575
radio 14 28089
radio 14 28106
radio 14 28619
radio 14 28636
radio 14 29149
radio 14 29166
radio 14 29679
radio 14 29696
radio 14 30209
radio 14 30226
radio 14 30739
radio 14 30756
radio 14 31269
radio 14 31301
radio 14 31815
radio 14 31871
radio 14 32385
radio 14 32435
radio 14 32949
radio 14 32966
radio 14 33479
radio 14 33513
radio 14 34027
radio 14 34044
radio 14 34557
radio 14 34574
energy 14 35001 7 39881
radio 14 35087
radio 14 35104
radio 14 35617
radio 14 35634
radio 14 36147
radio 14 36203
radio 14 36717
radio 14 36734
radio 14 37247
radio 14 37264
radio 14 37777
radio 14 37807
radio 14 38321
radio 14 38338
radio 14 38851
radio 14 38868
radio 14 39381
radio 14 39412
radio 14 39926
radio 14 39998
radio 14 40512
radio 14 40562
radio 14 41076
radio 14 41111
radio 14 41625
delay 19 36 14 41708 14 41659 5 5 65535 0 182 0 0
radio 14 41718
radio 14 42231
radio 14 42395
radio 14 42908
radio 14 43042
radio 14 43555
radio 14 43572
radio 14 44085
radio 14 44133
radio 14 44647
radio 14 44676
radio 14 45190
radio 14 45224
radio 14 45738
radio 14 45755
radio 14 46268
radio 14 46300
radio 14 46814
radio 14 46842
radio 14 47356
radio 14 47373
radio 14 47886
radio 14 47903
radio 14 48416
radio 14 48468
radio 14 48982
radio 14 48999
radio 14 49512
radio 14 49529
radio 14 50042
radio 14 50059
radio 14 50572
radio 14 50589
radio 14 51102
radio 14 51119
radio 14 51632
radio 14 51683
radio 14 52197
radio 14 52246
radio 14 52760
radio 14 52777
radio 14 53290
radio 14 53320
radio 14 53834
radio 14 53868
radio 14 54382
radio 14 54399
radio 14 54912
radio 14 54964
radio 14 55478
radio 14 55567
radio 14 56081
radio 14 56098
radio 14 56611
radio 14 56644
radio 14 57158
radio 14 57175
radio 14 57688
radio 14 57705
radio 14 58218
radio 14 58235
radio 14 58748
radio 14 58765
radio 14 59278
radio 14 59295
radio 14 59808
radio 14 59862
radio 14 60376
radio 14 60405
radio 14 60919
radio 14 60947
radio 14 61461
radio 14 61489
radio 14 62003
delay 20 46 14 62022 14 61680 10 5 65535 0 55 1 0
radio 14 63087
radio 14 63601
radio 14 63618
radio 14 64131
radio 14 64187
radio 14 64701
radio 14 64718
radio 14 65231
radio 14 65248
radio 15 225
radio 15 253
radio 15 766
radio 15 782
radio 15 1296
radio 15 1313
radio 15 1826
radio 15 1876
radio 15 2390
radio 15 2419
radio 15 2933
radio 15 2949
radio 15 3463
radio 15 3480
radio 15 3993
radio 15 4010
radio 15 4523
radio 15 4558
radio 15 5072
radio 15 5089
radio 15 5602
radio 15 5634
radio 15 6148
radio 15 6165
radio 15 6678
radio 15 6695
radio 15 7208
radio 15 7263
radio 15 7777
radio 15 7794
radio 15 8307
radio 15 8343
radio 15 8857
radio 15 8874
radio 15 9387
radio 15 9403
radio 15 9917
radio 15 9948
radio 15 10462
radio 15 10513
radio 15 11027
radio 15 11063
radio 15 11577
radio 15 11594
radio 15 12107
radio 15 12124
radio 15 12637
radio 15 12654
radio 15 13167
radio 15 13184
radio 15 13697
radio 15 13714
radio 15 14227
radio 15 14244
radio 15 14757
radio 15 14793
radio 15 15307
radio 15 15324
radio 15 15837
radio 15 15854
radio 15 16367
radio 15 16384
radio 15 16897
delay 21 46 15 17054 15 16712 10 5 65535 0 95 1 0
radio 15 18116
radio 15 18629
radio 15 18659
radio 15 19173
radio 15 19190
radio 15 19703
radio 15 19737
radio 15 20251
radio 15 20286
radio 15 20800
radio 15 20817
radio 15 21330
radio 15 21363
radio 15 21877
radio 15 21894
radio 15 22407
radio 15 22463
radio 15 22977
radio 15 22994
radio 15 23507
radio 15 23524
radio 15 24037
radio 15 24054
radio 15 24567
radio 15 24584
radio 15 25097
radio 15 25114
radio 15 25627
radio 15 25644
radio 15 26157
radio 15 26187
radio 15 26701
radio 15 26718
radio 15 27231
radio 15 27259
radio 15 27773
radio 15 27790
radio 15 28303
radio 15 28337
radio 15 28851
radio 15 28868
radio 15 29381
radio 15 29410
radio 15 29924
radio 15 29941
radio 15 30454
radio 15 30471
energy 15 30905 7 44635
radio 15 30984
radio 15 31037
radio 15 31551
radio 15 31581
radio 15 32095
radio 15 32112
radio 15 32625
radio 15 32655
radio 15 33169
radio 15 33199
radio 15 33713
radio 15 33730
radio 15 34243
radio 15 34260
radio 15 34773
radio 15 34790
radio 15 35303
radio 15 35351
radio 15 35865
radio 15 35898
radio 15 36412
radio 15 36443
radio 15 36957
radio 15 36988
radio 15 37502
delay 22 33 15 38325 15 38294 10 5 65535 0 773 0 0
radio 15 38335
radio 15 38848
radio 15 38865
radio 15 39378
radio 15 39412
radio 15 39926
radio 15 39959
radio 15 40473
radio 15 40490
radio 15 41003
radio 15 41020
radio 15 41533
radio 15 41550
radio 15 42063
radio 15 42080
radio 15 42593
radio 15 42610
radio 15 43123
radio 15 43140
radio 15 43653
radio 15 43685
radio 15 44199
radio 15 44216
radio 15 44729
radio 15 44746
radio 15 45259
radio 15 45276
radio 15 45789
radio 15 45819
radio 15 46333
radio 15 46362
radio 15 46876
radio 15 46893
radio 15 47406
radio 15 47423
radio 15 47936
radio 15 47953
radio 15 48466
radio 15 48483
radio 15 48996
radio 15 49029
radio 15 49543
radio 15 49560
radio 15 50073
radio 15 50090
radio 15 50603
radio 15 50620
radio 15 51133
radio 15 51150
radio 15 51663
radio 15 51680
radio 15 52193
radio 15 52228
radio 15 52742
radio 15 52770
radio 15 53284
radio 15 53301
radio 15 53814
radio 15 53846
radio 15 54360
radio 15 54413
radio 15 54927
radio 15 54955
radio 15 55469
radio 15 55486
radio 15 55999
radio 15 56016
radio 15 56529
radio 15 56546
radio 15 57059
radio 15 57076
radio 15 57589
radio 15 57606
radio 15 58119
delay 23 45 15 58409 15 58152 14 5 65535 0 256 0 0
radio 15 58416
radio 15 58931
radio 15 59173
radio 15 59687
radio 15 59706
radio 15 60220
radio 15 60237
radio 15 60750
radio 15 60767
radio 15 61280
radio 15 61315
radio 15 61829
radio 15 61846
radio 15 62359
radio 15 62376
radio 15 62889
radio 15 62924
radio 15 63438
radio 15 63455
radio 15 63968
radio 15 63985
radio 15 64498
radio 15 64515
radio 15 65028
radio 15 65045
radio 16 22
radio 16 38
radio 16 551
radio 16 582
radio 16 1095
radio 16 1111
radio 16 1625
radio 16 1675
radio 16 2189
radio 16 2221
radio 16 2735
radio 16 2752
radio 16 3265
radio 16 3281
radio 16 3795
radio 16 3830
radio 16 4344
radio 16 4396
radio 16 4910
radio 16 4938
radio 16 5452
radio 16 5486
radio 16 6000
radio 16 6017
radio 16 6530
radio 16 6547
radio 16 7060
radio 16 7076
radio 16 7590
radio 16 7607
radio 16 8120
radio 16 8137
radio 16 8650
radio 16 8725
radio 16 9239
radio 16 9255
radio 16 9769
radio 16 9797
radio 16 10311
radio 16 10366
radio 16 10880
radio 16 10950
radio 16 11464
radio 16 11494
radio 16 12008
radio 16 12082
radio 16 12596
radio 16 12613
radio 16 13126
delay 24 24 16 13358 16 13537 5 5 65535 0 527 0 0
radio 16 13366
radio 16 13880
radio 16 14164
radio 16 14678
radio 16 14713
radio 16 15227
radio 16 15244
radio 16 15757
radio 16 15788
radio 16 16302
radio 16 16332
radio 16 16846
radio 16 16863
radio 16 17376
radio 16 17406
radio 16 17920
radio 16 17937
radio 16 18450
radio 16 18467
radio 16 18980
radio 16 19014
radio 16 19528
radio 16 19557
radio 16 20071
radio 16 20088
radio 16 20601
radio 16 20635
radio 16 21149
radio 16 21177
radio 16 21691
radio 16 21708
radio 16 22221
radio 16 22255
radio 16 22769
radio 16 22802
radio 16 23316
radio 16 23333
radio 16 23846
radio 16 23896
radio 16 24410
radio 16 24442
radio 16 24956
radio 16 24973
radio 16 25486
radio 16 25503
radio 16 26016
radio 16 26033
radio 16 26546
radio 16 26575
energy 16 26809 7 48556
radio 16 27089
radio 16 27120
radio 16 27634
radio 16 27683
radio 16 28197
radio 16 28214
radio 16 28727
radio 16 28757
radio 16 29271
radio 16 29304
radio 16 29818
radio 16 29873
radio 16 30387
radio 16 30419
radio 16 30933
radio 16 30950
radio 16 31463
radio 16 31480
radio 16 31993
radio 16 32010
radio 16 32523
radio 16 32540
radio 16 33053
radio 16 33121
radio 16 33635
delay 25 36 16 34492 16 34442 5 5 65535 0 1029 0 0
radio 16 34500
radio 16 35014
radio 16 35044
radio 16 35558
radio 16 35589
radio 16 36103
radio 16 36175
radio 16 36689
radio 16 36717
radio 16 37231
radio 16 37264
radio 16 37778
radio 16 37812
radio 16 38326
radio 16 38343
radio 16 38856
radio 16 38873
radio 16 39386
radio 16 39403
radio 16 39916
radio 16 39933
radio 16 40446
radio 16 40497
radio 16 41011
radio 16 41042
radio 16 41556
radio 16 41586
radio 16 42100
radio 16 42153
radio 16 42667
radio 16 42695
radio 16 43209
radio 16 43226
radio 16 43739
radio 16 43756
radio 16 44269
radio 16 44286
radio 16 44799
radio 16 44833
radio 16 45347
radio 16 45397
radio 16 45911
radio 16 45939
radio 16 46453
radio 16 46470
radio 16 46983
radio 16 47016
radio 16 47530
radio 16 47598
radio 16 48112
radio 16 48140
radio 16 48654
radio 16 48671
radio 16 49184
radio 16 49201
radio 16 49714
radio 16 49731
radio 16 50244
radio 16 50261
radio 16 50774
radio 16 50807
radio 16 51321
radio 16 51374
radio 16 51888
radio 16 51916
radio 16 52430
radio 16 52458
radio 16 52972
radio 16 52989
radio 16 53502
radio 16 53519
radio 16 54032
delay 26 25 16 54233 16 54426 14 5 65535 0 21 1 0
radio 16 55291
radio 16 55805
radio 16 55822
radio 16 56335
radio 16 56352
radio 16 56865
radio 16 56899
radio 16 57413
radio 16 57486
radio 16 58000
radio 16 58017
radio 16 58530
radio 16 58558
radio 16 59072
radio 16 59103
radio 16 59617
radio 16 59687
radio 16 60201
radio 16 60236
radio 16 60750
radio 16 60767
radio 16 61280
radio 16 61297
radio 16 61810
radio 16 61827
radio 16 62340
radio 16 62357
radio 16 62870
radio 16 62887
radio 16 63400
radio 16 63417
radio 16 63930
radio 16 63947
radio 16 64460
radio 16 64488
radio 16 65002
radio 16 65019
radio 16 65532
radio 17 25
radio 17 538
radio 17 554
radio 17 1068
radio 17 1099
radio 17 1613
radio 17 1630
radio 17 2143
radio 17 2178
radio 17 2692
radio 17 2709
radio 17 3222
radio 17 3277
radio 17 3791
radio 17 3807
radio 17 4321
radio 17 4349
radio 17 4863
radio 17 4879
radio 17 5393
radio 17 5409
radio 17 5923
radio 17 5940
radio 17 6453
radio 17 6527
radio 17 7041
radio 17 7069
radio 17 7583
radio 17 7612
radio 17 8126
radio 17 8177
radio 17 8691
delay 27 25 17 8838 17 9031 14 5 65535 0 135 1 0
radio 17 9912
radio 17 10426
radio 17 10443
radio 17 10956
radio 17 11005
radio 17 11519
radio 17 11547
radio 17 12061
radio 17 12078
radio 17 12591
radio 17 12621
radio 17 13135
radio 17 13169
radio 17 13683
radio 17 13735
radio 17 14249
radio 17 14284
radio 17 14798
radio 17 14815
radio 17 15328
radio 17 15363
radio 17 15877
radio 17 15894
radio 17 16407
radio 17 16424
radio 17 16937
radio 17 16954
radio 17 17467
radio 17 17499
radio 17 18013
radio 17 18047
radio 17 18561
radio 17 18578
radio 17 19091
radio 17 19108
radio 17 19621
radio 17 19638
radio 17 20151
radio 17 20168
radio 17 20681
radio 17 20698
radio 17 21211
radio 17 21242
radio 17 21756
radio 17 21773
radio 17 22286
radio 17 22303
energy 17 22713 7 54179
radio 17 22816
radio 17 22833
radio 17 23346
radio 17 23363
radio 17 23876
radio 17 23893
radio 17 24406
radio 17 24460
radio 17 24974
radio 17 24991
radio 17 25504
radio 17 25521
radio 17 26034
radio 17 26051
radio 17 26564
radio 17 26581
radio 17 27094
radio 17 27122
radio 17 27636
radio 17 27705
radio 17 28219
radio 17 28247
radio 17 28761
radio 17 28778
radio 17 29291
delay 28 25 17 29364 17 29556 14 5 65535 0 65 1 0
radio 17 30438
radio 17 30952
radio 17 31027
radio 17 31541
radio 17 31574
radio 17 32088
radio 17 32117
radio 17 32631
radio 17 32648
radio 17 33161
radio 17 33193
radio 17 33707
radio 17 33724
radio 17 34237
radio 17 34291
radio 17 34805
radio 17 34837
radio 17 35351
radio 17 35385
radio 17 35899
radio 17 35916
radio 17 36429
radio 17 36446
radio 17 36959
radio 17 37010
radio 17 37524
radio 17 37552
radio 17 38066
radio 17 38083
radio 17 38596
radio 17 38630
radio 17 39144
radio 17 39212
radio 17 39726
radio 17 39754
radio 17 40268
radio 17 40285
radio 17 40798
radio 17 40827
radio 17 41341
radio 17 41370
radio 17 41884
radio 17 41935
radio 17 42449
radio 17 42479
radio 17 42993
radio 17 43010
radio 17 43523
radio 17 43572
radio 17 44086
radio 17 44134
radio 17 44648
radio 17 44681
radio 17 45195
radio 17 45224
radio 17 45738
radio 17 45769
radio 17 46283
radio 17 46300
radio 17 46813
radio 17 46830
radio 17 47343
radio 17 47419
radio 17 47933
radio 17 47950
radio 17 48463
radio 17 48480
radio 17 48993
radio 17 49025
radio 17 49539
delay 29 0 17 49590 17 50455 0 5 5 0 75 1 0
radio 17 50664
radio 17 51178
radio 17 51195
radio 17 51708
radio 17 51742
radio 17 52256
radio 17 52273
radio 17 52786
radio 17 52874
radio 17 53388
radio 17 53416
radio 17 53930
radio 17 53947
radio 17 54460
radio 17 54477
radio 17 54990
radio 17 55007
radio 17 55520
radio 17 55537
radio 17 56050
radio 17 56067
radio 17 56580
radio 17 56597
radio 17 57110
radio 17 57141
radio 17 57655
radio 17 57704
radio 17 58218
radio 17 58252
radio 17 58766
radio 17 58783
radio 17 59296
radio 17 59313
radio 17 59826
radio 17 59843
radio 17 60356
radio 17 60389
radio 17 60903
radio 17 60955
radio 17 61469
radio 17 61486
radio 17 61999
radio 17 62035
radio 17 62549
radio 17 62578
radio 17 63092
radio 17 63109
radio 17 63622
radio 17 63651
radio 17 64165
radio 17 64182
radio 17 64695
radio 17 64712
radio 17 65225
radio 17 65258
radio 18 236
radio 18 266
radio 18 779
radio 18 795
radio 18 1309
radio 18 1325
radio 18 1839
radio 18 1915
radio 18 2429
radio 18 2446
radio 18 2959
radio 18 2991
radio 18 3505
radio 18 3555
radio 18 4069
radio 18 4118
radio 18 4632
delay 30 14 18 4648 18 5139 5 5 65535 0 102 1 0
radio 18 5710
radio 18 6223
radio 18 6239
radio 18 6753
radio 18 6805
radio 18 7319
radio 18 7373
radio 18 7887
radio 18 7903
radio 18 8417
radio 18 8453
radio 18 8967
radio 18 8983
radio 18 9497
radio 18 9514
radio 18 10027
radio 18 10056
radio 18 10570
radio 18 10603
radio 18 11117
radio 18 11134
radio 18 11647
radio 18 11664
radio 18 12177
radio 18 12194
radio 18 12707
radio 18 12724
radio 18 13237
radio 18 13254
radio 18 13767
radio 18 13784
radio 18 14297
radio 18 14314
radio 18 14827
radio 18 14844
radio 18 15357
radio 18 15374
radio 18 15887
radio 18 15938
radio 18 16452
radio 18 16469
radio 18 16982
radio 18 17010
radio 18 17524
radio 18 17552
radio 18 18066
radio 18 18097
radio 18 18611
energy 18 18617 7 59871
radio 18 18632
radio 18 19146
radio 18 19163
radio 18 19676
radio 18 19693
radio 18 20206
radio 18 20240
radio 18 20754
radio 18 20771
radio 18 21284
radio 18 21301
radio 18 21814
radio 18 21831
radio 18 22344
radio 18 22397
radio 18 22911
radio 18 22928
radio 18 23441
radio 18 23458
radio 18 23971
radio 18 24004
radio 18 24518
radio 18 24550
radio 18 25064
delay 31 24 18 25108 18 25284 5 5 65535 0 18 1 0
radio 18 26181
radio 18 26695
radio 18 26765
radio 18 27279
radio 18 27296
radio 18 27809
radio 18 27826
radio 18 28339
radio 18 28356
radio 18 28869
radio 18 28902
radio 18 29416
radio 18 29433
radio 18 29946
radio 18 29982
radio 18 30496
radio 18 30527
radio 18 31041
radio 18 31071
radio 18 31585
radio 18 31620
radio 18 32134
radio 18 32187
radio 18 32701
radio 18 32729
radio 18 33243
radio 18 33260
radio 18 33773
radio 18 33790
radio 18 34303
radio 18 34334
radio 18 34848
radio 18 34865
radio 18 35378
radio 18 35395
radio 18 35908
radio 18 35925
radio 18 36438
radio 18 36487
radio 18 37001
radio 18 37029
radio 18 37543
radio 18 37572
radio 18 38086
radio 18 38103
radio 18 38616
radio 18 38651
radio 18 39165
radio 18 39221
radio 18 39735
radio 18 39769
radio 18 40283
radio 18 40300
radio 18 40813
radio 18 40846
radio 18 41360
radio 18 41377
radio 18 41890
radio 18 41945
radio 18 42459
radio 18 42487
radio 18 43001
radio 18 43018
radio 18 43531
radio 18 43561
radio 18 44075
radio 18 44105
radio 18 44619
radio 18 44650
radio 18 45164
radio 18 45181
radio 18 45694
delay 32 25 18 46655 18 46846 14 5 65535 0 845 0 0
radio 18 46664
radio 18 47178
radio 18 47195
radio 18 47708
radio 18 47725
radio 18 48238
radio 18 48273
radio 18 48787
radio 18 48804
radio 18 49317
radio 18 49348
radio 18 49862
radio 18 49893
radio 18 50407
radio 18 50462
radio 18 50976
radio 18 51010
radio 18 51524
radio 18 51541
radio 18 52054
radio 18 52071
radio 18 52584
radio 18 52601
radio 18 53114
radio 18 53166
radio 18 53680
radio 18 53710
radio 18 54224
radio 18 54254
radio 18 54768
radio 18 54785
radio 18 55298
radio 18 55315
radio 18 55828
radio 18 55857
radio 18 56371
radio 18 56443
radio 18 56957
radio 18 56987
radio 18 57501
radio 18 57530
radio 18 58044
radio 18 58061
radio 18 58574
radio 18 58607
radio 18 59121
radio 18 59154
radio 18 59668
radio 18 59701
radio 18 60215
radio 18 60232
radio 18 60745
radio 18 60776
radio 18 61290
radio 18 61307
radio 18 61820
radio 18 61837
radio 18 62350
radio 18 62367
radio 18 62880
radio 18 62914
radio 18 63428
radio 18 63456
radio 18 63970
radio 18 63987
radio 18 64500
radio 18 64535
radio 18 65049
radio 18 65066
radio 19 43
radio 19 98
radio 19 611
delay 33 25 19 1157 19 1347 14 5 65535 0 127 0 0
radio 19 1165
radio 19 1679
radio 19 1726
radio 19 2240
radio 19 2362
radio 19 2875
radio 19 2895
radio 19 3408
radio 19 3440
radio 19 3954
radio 19 3970
radio 19 4484
radio 19 4500
radio 19 5014
radio 19 5047
radio 19 5561
radio 19 5595
radio 19 6109
radio 19 6145
radio 19 6659
radio 19 6675
radio 19 7189
radio 19 7238
radio 19 7752
radio 19 7768
radio 19 8282
radio 19 8298
radio 19 8812
radio 19 8828
radio 19 9342
radio 19 9358
radio 19 9872
radio 19 9905
radio 19 10419
radio 19 10451
radio 19 10965
radio 19 11038
radio 19 11552
radio 19 11584
radio 19 12098
radio 19 12130
radio 19 12644
radio 19 12661
radio 19 13174
radio 19 13191
radio 19 13704
radio 19 13735
radio 19 14249
radio 19 14281
energy 19 14521 7 64911
radio 19 14795
radio 19 14826
radio 19 15340
radio 19 15373
radio 19 15887
radio 19 15936
radio 19 16450
radio 19 16478
radio 19 16992
radio 19 17022
radio 19 17536
radio 19 17553
radio 19 18066
radio 19 18083
radio 19 18596
radio 19 18613
radio 19 19126
radio 19 19143
radio 19 19656
radio 19 19673
radio 19 20186
radio 19 20203
radio 19 20716
radio 19 20792
radio 19 21306
delay 34 25 19 21427 19 21616 14 5 65535 0 376 0 0
radio 19 21435
radio 19 21949
radio 19 21992
radio 19 22505
radio 19 22527
radio 19 23041
radio 19 23058
radio 19 23571
radio 19 23625
radio 19 24139
radio 19 24156
radio 19 24669
radio 19 24697
radio 19 25211
radio 19 25264
radio 19 25778
radio 19 25830
radio 19 26344
radio 19 26361
radio 19 26874
radio 19 26891
radio 19 27404
radio 19 27421
radio 19 27934
radio 19 27964
radio 19 28478
radio 19 28551
radio 19 29065
radio 19 29082
radio 19 29595
radio 19 29612
radio 19 30125
radio 19 30142
radio 19 30655
radio 19 30690
radio 19 31204
radio 19 31278
radio 19 31792
radio 19 31809
radio 19 32322
radio 19 32339
radio 19 32852
radio 19 32883
radio 19 33397
radio 19 33414
radio 19 33927
radio 19 33944
radio 19 34457
radio 19 34490
radio 19 35004
radio 19 35054
radio 19 35568
radio 19 35596
radio 19 36110
radio 19 36127
radio 19 36640
radio 19 36693
radio 19 37207
radio 19 37259
radio 19 37773
radio 19 37790
radio 19 38303
radio 19 38336
radio 19 38850
radio 19 38867
radio 19 39380
radio 19 39397
radio 19 39910
radio 19 39983
radio 19 40497
radio 19 40514
radio 19 41027
radio 19 41044
radio 19 41557
delay 35 25 19 41603 19 41792 14 5 65535 0 17 1 0
radio 19 42674
radio 19 43188
radio 19 43216
radio 19 43730
radio 19 43747
radio 19 44260
radio 19 44277
radio 19 44790
radio 19 44820
radio 19 45334
radio 19 45351
radio 19 45864
radio 19 45892
radio 19 46406
radio 19 46454
radio 19 46968
radio 19 47002
radio 19 47516
radio 19 47533
radio 19 48046
radio 19 48063
radio 19 48576
radio 19 48593
radio 19 49106
radio 19 49141
radio 19 49655
radio 19 49705
radio 19 50219
radio 19 50236
radio 19 50749
radio 19 50766
radio 19 51279
radio 19 51309
radio 19 51823
radio 19 51857
radio 19 52371
radio 19 52388
radio 19 52901
radio 19 52918
radio 19 53431
radio 19 53448
radio 19 53961
radio 19 53995
radio 19 54509
radio 19 54557
radio 19 55071
radio 19 55099
radio 19 55613
radio 19 55630
radio 19 56143
radio 19 56160
radio 19 56673
radio 19 56690
radio 19 57203
radio 19 57220
radio 19 57733
radio 19 57750
radio 19 58263
radio 19 58332
radio 19 58846
radio 19 58863
radio 19 59376
radio 19 59406
radio 19 59920
radio 19 59950
