Thread[Thread-1,5,main]tree 37 16 43 11 0 0
radio 7 13466
radio 7 13470
radio 7 13487
radio 7 14000
radio 7 14017
radio 7 14530
radio 7 14547
radio 7 15060
radio 7 15090
radio 7 15604
radio 7 15621
radio 7 16134
radio 7 16163
radio 7 16677
radio 7 16712
radio 7 17226
radio 7 17257
radio 7 17771
radio 7 17788
radio 7 18301
radio 7 18318
radio 7 18831
radio 7 18860
radio 7 19374
radio 7 19422
radio 7 19936
radio 7 19953
radio 7 20466
radio 7 20494
radio 7 21008
radio 7 21042
radio 7 21556
radio 7 21590
radio 7 22104
radio 7 22121
radio 7 22634
radio 7 22651
radio 7 23164
radio 7 23181
radio 7 23694
radio 7 23711
radio 7 24224
radio 7 24241
radio 7 24754
radio 7 24771
radio 7 25284
radio 7 25301
radio 7 25814
radio 7 25831
radio 7 26344
radio 7 26375
radio 7 26889
radio 7 26918
radio 7 27432
radio 7 27461
radio 7 27975
radio 7 28004
radio 7 28518
radio 7 28567
radio 7 29081
radio 7 29132
radio 7 29646
radio 7 29681
radio 7 30195
radio 7 30229
radio 7 30743
radio 7 30760
radio 7 31273
radio 7 31290
radio 7 31803
radio 7 31820
radio 7 32333
radio 7 32381
radio 7 32895
radio 7 32912
radio 7 33425
radio 7 33442
radio 7 33955
radio 7 33972
radio 7 34485
radio 7 34502
radio 7 35015
radio 7 35044
radio 7 35558
radio 7 35575
radio 7 36088
radio 7 36105
radio 7 36618
radio 7 36635
radio 7 37148
radio 7 37165
radio 7 37678
radio 7 37727
radio 7 38241
radio 7 38258
radio 7 38771
radio 7 38788
radio 7 39301
radio 7 39318
radio 7 39831
radio 7 39848
radio 7 40361
radio 7 40410
radio 7 40924
radio 7 40941
radio 7 41454
radio 7 41490
radio 7 42004
radio 7 42037
radio 7 42551
radio 7 42582
radio 7 43096
radio 7 43128
radio 7 43642
radio 7 43675
radio 7 44189
radio 7 44217
radio 7 44731
radio 7 44748
radio 7 45261
radio 7 45289
radio 7 45803
radio 7 45820
radio 7 46333
radio 7 46350
radio 7 46863
radio 7 46880
radio 7 47393
radio 7 47429
radio 7 47943
radio 7 47960
radio 7 48473
radio 7 48501
radio 7 49015
radio 7 49032
radio 7 49545
radio 7 49562
radio 7 50075
radio 7 50092
radio 7 50605
radio 7 50635
radio 7 51149
radio 7 51180
radio 7 51694
radio 7 51711
radio 7 52224
radio 7 52241
radio 7 52754
radio 7 52771
radio 7 53284
radio 7 53301
radio 7 53814
radio 7 53845
radio 7 54359
radio 7 54387
radio 7 54901
radio 7 54918
radio 7 55431
radio 7 55448
radio 7 55961
radio 7 55978
radio 7 56491
radio 7 56508
radio 7 57021
radio 7 57038
radio 7 57551
radio 7 57568
radio 7 58081
radio 7 58113
radio 7 58627
radio 7 58660
radio 7 59174
radio 7 59226
radio 7 59740
radio 7 59757
radio 7 60270
radio 7 60287
radio 7 60800
radio 7 60817
radio 7 61330
radio 7 61360
radio 7 61874
radio 7 61891
radio 7 62404
radio 7 62421
radio 7 62934
radio 7 62968
radio 7 63482
radio 7 63510
radio 7 64024
radio 7 64052
radio 7 64566
radio 7 64583
radio 7 65096
radio 7 65113
radio 8 90
radio 8 122
radio 8 635
radio 8 666
radio 8 1179
radio 8 1196
radio 8 1709
radio 8 1762
radio 8 2275
radio 8 2305
radio 8 2818
radio 8 2835
radio 8 3348
radio 8 3400
radio 8 3913
radio 8 3969
radio 8 4482
radio 8 4498
radio 8 5012
radio 8 5029
radio 8 5542
radio 8 5594
radio 8 6107
radio 8 6124
radio 8 6637
radio 8 6654
radio 8 7167
radio 8 7221
radio 8 7734
radio 8 7750
radio 8 8264
radio 8 8280
radio 8 8794
radio 8 8811
radio 8 9324
radio 8 9341
energy 8 9381 7 15592
radio 8 9854
radio 8 9871
radio 8 10384
radio 8 10401
radio 8 10914
radio 8 10945
radio 8 11459
radio 8 11476
radio 8 11989
radio 8 12045
radio 8 12559
radio 8 12576
radio 8 13089
radio 8 13118
radio 8 13632
radio 8 13649
radio 8 14162
radio 8 14194
radio 8 14708
radio 8 14725
radio 8 15238
radio 8 15255
radio 8 15768
radio 8 15800
radio 8 16314
radio 8 16331
radio 8 16844
radio 8 16874
radio 8 17388
radio 8 17405
radio 8 17918
radio 8 17935
radio 8 18448
radio 8 18465
radio 8 18978
radio 8 19009
radio 8 19523
radio 8 19540
radio 8 20053
radio 8 20088
radio 8 20602
radio 8 20619
radio 8 21132
radio 8 21163
radio 8 21677
radio 8 21706
radio 8 22220
radio 8 22237
radio 8 22750
radio 8 22767
radio 8 23280
radio 8 23314
radio 8 23828
radio 8 23860
radio 8 24374
radio 8 24402
radio 8 24916
radio 8 24933
radio 8 25446
radio 8 25463
radio 8 25976
radio 8 25993
radio 8 26506
radio 8 26523
radio 8 27036
radio 8 27053
radio 8 27566
radio 8 27583
radio 8 28096
radio 8 28132
radio 8 28646
radio 8 28663
radio 8 29176
radio 8 29193
radio 8 29706
radio 8 29723
radio 8 30236
radio 8 30306
radio 8 30820
radio 8 30851
radio 8 31365
radio 8 31382
radio 8 31895
radio 8 31926
radio 8 32440
radio 8 32472
radio 8 32986
radio 8 33003
radio 8 33516
radio 8 33533
radio 8 34046
radio 8 34076
radio 8 34590
radio 8 34607
radio 8 35120
radio 8 35137
radio 8 35650
radio 8 35667
radio 8 36180
radio 8 36197
radio 8 36710
radio 8 36727
radio 8 37240
radio 8 37271
radio 8 37785
radio 8 37840
radio 8 38354
radio 8 38389
radio 8 38903
radio 8 38920
radio 8 39433
radio 8 39450
radio 8 39963
radio 8 39999
radio 8 40513
radio 8 40566
radio 8 41080
radio 8 41116
radio 8 41630
radio 8 41647
radio 8 42160
radio 8 42177
radio 8 42690
radio 8 42718
radio 8 43232
radio 8 43249
radio 8 43762
radio 8 43810
radio 8 44324
radio 8 44354
radio 8 44868
radio 8 44885
radio 8 45398
radio 8 45490
radio 8 46004
delay 0 27 8 46049 8 46358 14 12 65535 0 372 1 0
radio 8 47128
radio 8 47642
radio 8 47696
radio 8 48210
radio 8 48241
radio 8 48755
radio 8 48784
radio 8 49298
radio 8 49315
radio 8 49828
radio 8 49859
radio 8 50373
radio 8 50423
radio 8 50937
radio 8 50954
radio 8 51467
radio 8 51484
radio 8 51997
radio 8 52014
radio 8 52527
radio 8 52544
radio 8 53057
radio 8 53074
radio 8 53587
radio 8 53616
radio 8 54130
radio 8 54147
radio 8 54660
radio 8 54693
radio 8 55207
radio 8 55224
radio 8 55737
radio 8 55770
radio 8 56284
radio 8 56301
radio 8 56814
radio 8 56831
radio 8 57344
radio 8 57361
radio 8 57874
radio 8 57891
radio 8 58404
radio 8 58421
radio 8 58934
radio 8 58951
radio 8 59464
radio 8 59513
radio 8 60027
radio 8 60057
radio 8 60571
radio 8 60605
radio 8 61119
radio 8 61136
radio 8 61649
radio 8 61666
radio 8 62179
radio 8 62227
radio 8 62741
radio 8 62776
radio 8 63290
radio 8 63307
radio 8 63820
radio 8 63837
radio 8 64350
radio 8 64381
radio 8 64895
radio 8 64912
radio 8 65425
radio 8 65454
radio 9 432
delay 1 25 9 702 9 1043 14 12 65535 0 394 0 0
radio 9 710
radio 9 1224
radio 9 1681
radio 9 2194
radio 9 2211
radio 9 2724
radio 9 2741
radio 9 3254
radio 9 3271
radio 9 3784
radio 9 3800
radio 9 4314
radio 9 4343
radio 9 4856
radio 9 4884
energy 9 5285 7 19472
radio 9 5397
radio 9 5433
radio 9 5946
radio 9 5963
radio 9 6476
radio 9 6508
radio 9 7021
radio 9 7056
radio 9 7569
radio 9 7586
radio 9 8099
radio 9 8116
radio 9 8629
radio 9 8646
radio 9 9159
radio 9 9214
radio 9 9727
radio 9 9755
radio 9 10268
radio 9 10285
radio 9 10798
radio 9 10815
radio 9 11328
radio 9 11361
radio 9 11875
radio 9 11904
radio 9 12418
radio 9 12446
radio 9 12960
radio 9 12996
radio 9 13510
radio 9 13527
radio 9 14040
radio 9 14057
radio 9 14570
radio 9 14587
radio 9 15100
radio 9 15129
radio 9 15643
radio 9 15660
radio 9 16173
radio 9 16190
radio 9 16703
radio 9 16720
radio 9 17233
radio 9 17268
radio 9 17782
radio 9 17813
radio 9 18327
radio 9 18344
radio 9 18857
radio 9 18874
radio 9 19387
radio 9 19404
radio 9 19917
radio 9 19934
radio 9 20447
radio 9 20477
radio 9 20991
delay 2 9 9 22135 9 22896 14 12 65535 0 658 0 0
radio 9 22143
radio 9 22657
radio 9 22681
radio 9 23194
radio 9 23224
radio 9 23738
radio 9 23789
radio 9 24303
radio 9 24320
radio 9 24833
radio 9 24850
radio 9 25363
radio 9 25395
radio 9 25909
radio 9 25926
radio 9 26439
radio 9 26467
radio 9 26981
radio 9 26998
radio 9 27511
radio 9 27562
radio 9 28076
radio 9 28105
radio 9 28619
radio 9 28636
radio 9 29149
radio 9 29166
radio 9 29679
radio 9 29696
radio 9 30209
radio 9 30226
radio 9 30739
radio 9 30769
radio 9 31283
radio 9 31339
radio 9 31853
radio 9 31870
radio 9 32383
radio 9 32400
radio 9 32913
radio 9 32930
radio 9 33443
radio 9 33460
radio 9 33973
radio 9 34008
radio 9 34522
radio 9 34552
radio 9 35066
radio 9 35094
radio 9 35608
radio 9 35664
radio 9 36178
radio 9 36195
radio 9 36708
radio 9 36725
radio 9 37238
radio 9 37272
radio 9 37786
radio 9 37820
radio 9 38334
radio 9 38364
radio 9 38878
radio 9 38908
radio 9 39422
radio 9 39439
radio 9 39952
radio 9 39983
radio 9 40497
radio 9 40514
radio 9 41027
radio 9 41083
radio 9 41597
delay 3 47 9 41611 9 41459 14 12 65535 0 277 0 0
radio 9 41619
radio 9 42133
radio 9 42261
radio 9 42774
radio 9 42802
radio 9 43316
radio 9 43333
radio 9 43846
radio 9 43863
radio 9 44376
radio 9 44393
radio 9 44906
radio 9 44936
radio 9 45450
radio 9 45480
radio 9 45994
radio 9 46028
radio 9 46542
radio 9 46559
radio 9 47072
radio 9 47089
radio 9 47602
radio 9 47630
radio 9 48144
radio 9 48161
radio 9 48674
radio 9 48691
radio 9 49204
radio 9 49221
radio 9 49734
radio 9 49751
radio 9 50264
radio 9 50298
radio 9 50812
radio 9 50842
radio 9 51356
radio 9 51389
radio 9 51903
radio 9 51920
radio 9 52433
radio 9 52450
radio 9 52963
radio 9 52998
radio 9 53512
radio 9 53529
radio 9 54042
radio 9 54073
radio 9 54587
radio 9 54621
radio 9 55135
radio 9 55152
radio 9 55665
radio 9 55693
radio 9 56207
radio 9 56224
radio 9 56737
radio 9 56754
radio 9 57267
radio 9 57284
radio 9 57797
radio 9 57825
radio 9 58339
radio 9 58450
radio 9 58964
radio 9 59015
radio 9 59529
radio 9 59546
radio 9 60059
radio 9 60076
radio 9 60589
radio 9 60606
radio 9 61119
radio 9 61136
radio 9 61649
radio 9 61666
radio 9 62179
delay 4 27 9 62195 9 62506 14 12 65535 0 332 0 0
radio 9 62203
radio 9 62718
radio 9 62736
radio 9 63250
radio 9 63298
radio 9 63812
radio 9 63829
radio 9 64342
radio 9 64374
radio 9 64888
radio 9 64921
radio 9 65435
radio 9 65452
radio 10 429
radio 10 445
radio 10 959
radio 10 976
energy 10 1189 7 22860
radio 10 1489
radio 10 1518
radio 10 2032
radio 10 2064
radio 10 2578
radio 10 2595
radio 10 3108
radio 10 3125
radio 10 3638
radio 10 3669
radio 10 4183
radio 10 4200
radio 10 4713
radio 10 4802
radio 10 5316
radio 10 5351
radio 10 5865
radio 10 5893
radio 10 6407
radio 10 6424
radio 10 6937
radio 10 6954
radio 10 7467
radio 10 7484
radio 10 7997
radio 10 8014
radio 10 8527
radio 10 8544
radio 10 9057
radio 10 9109
radio 10 9623
radio 10 9640
radio 10 10153
radio 10 10170
radio 10 10683
radio 10 10700
radio 10 11213
radio 10 11230
radio 10 11743
radio 10 11778
radio 10 12292
radio 10 12321
radio 10 12835
radio 10 12864
radio 10 13378
radio 10 13395
radio 10 13908
radio 10 13925
radio 10 14438
radio 10 14455
radio 10 14968
radio 10 14997
radio 10 15511
radio 10 15606
radio 10 16120
radio 10 16137
radio 10 16650
radio 10 16685
radio 10 17199
delay 5 27 10 17301 10 17612 14 12 65535 0 525 0 0
radio 10 17309
radio 10 17823
radio 10 17868
radio 10 18382
radio 10 18436
radio 10 18950
radio 10 18979
radio 10 19493
radio 10 19522
radio 10 20036
radio 10 20087
radio 10 20601
radio 10 20630
radio 10 21144
radio 10 21161
radio 10 21674
radio 10 21691
radio 10 22204
radio 10 22221
radio 10 22734
radio 10 22751
radio 10 23264
radio 10 23281
radio 10 23794
radio 10 23811
radio 10 24324
radio 10 24341
radio 10 24854
radio 10 24871
radio 10 25384
radio 10 25401
radio 10 25914
radio 10 25931
radio 10 26444
radio 10 26461
radio 10 26974
radio 10 26991
radio 10 27504
radio 10 27521
radio 10 28034
radio 10 28087
radio 10 28601
radio 10 28631
radio 10 29145
radio 10 29162
radio 10 29675
radio 10 29692
radio 10 30205
radio 10 30239
radio 10 30753
radio 10 30770
radio 10 31283
radio 10 31337
radio 10 31851
radio 10 31868
radio 10 32381
radio 10 32409
radio 10 32923
radio 10 32940
radio 10 33453
radio 10 33481
radio 10 33995
radio 10 34026
radio 10 34540
radio 10 34590
radio 10 35104
radio 10 35134
radio 10 35648
radio 10 35665
radio 10 36178
radio 10 36195
radio 10 36708
radio 10 36743
radio 10 37257
delay 6 27 10 37273 10 37585 14 12 65535 0 40 1 0
radio 10 38351
radio 10 38865
radio 10 38882
radio 10 39395
radio 10 39412
radio 10 39925
radio 10 39953
radio 10 40467
radio 10 40495
radio 10 41009
radio 10 41060
radio 10 41574
radio 10 41610
radio 10 42124
radio 10 42141
radio 10 42654
radio 10 42671
radio 10 43184
radio 10 43201
radio 10 43714
radio 10 43731
radio 10 44244
radio 10 44261
radio 10 44774
radio 10 44807
radio 10 45321
radio 10 45352
radio 10 45866
radio 10 45894
radio 10 46408
radio 10 46425
radio 10 46938
radio 10 46955
radio 10 47468
radio 10 47485
radio 10 47998
radio 10 48027
radio 10 48541
radio 10 48593
radio 10 49107
radio 10 49159
radio 10 49673
radio 10 49690
radio 10 50203
radio 10 50234
radio 10 50748
radio 10 50765
radio 10 51278
radio 10 51295
radio 10 51808
radio 10 51840
radio 10 52354
radio 10 52385
radio 10 52899
radio 10 52934
radio 10 53448
radio 10 53481
radio 10 53995
radio 10 54023
radio 10 54537
radio 10 54554
radio 10 55067
radio 10 55084
radio 10 55597
radio 10 55614
radio 10 56127
radio 10 56155
radio 10 56669
radio 10 56686
radio 10 57199
radio 10 57230
radio 10 57744
delay 7 25 10 57873 10 58214 14 12 65535 0 21 1 0
radio 10 58940
radio 10 59453
radio 10 59470
radio 10 59983
radio 10 60013
radio 10 60527
radio 10 60556
radio 10 61070
radio 10 61119
radio 10 61633
radio 10 61650
radio 10 62163
radio 10 62180
energy 10 62629 7 27383
radio 10 62693
radio 10 62723
radio 10 63237
radio 10 63269
radio 10 63783
radio 10 63838
radio 10 64352
radio 10 64369
radio 10 64882
radio 10 64899
radio 10 65412
radio 10 65448
radio 11 426
radio 11 442
radio 11 956
radio 11 973
radio 11 1486
radio 11 1503
radio 11 2016
radio 11 2033
radio 11 2546
radio 11 2563
radio 11 3076
radio 11 3127
radio 11 3641
radio 11 3658
radio 11 4171
radio 11 4188
radio 11 4701
radio 11 4718
radio 11 5231
radio 11 5265
radio 11 5779
radio 11 5796
radio 11 6309
radio 11 6345
radio 11 6859
radio 11 6887
radio 11 7401
radio 11 7431
radio 11 7945
radio 11 7962
radio 11 8475
radio 11 8525
radio 11 9039
radio 11 9069
radio 11 9583
radio 11 9614
radio 11 10128
radio 11 10145
radio 11 10658
radio 11 10675
radio 11 11188
radio 11 11220
radio 11 11734
radio 11 11751
radio 11 12264
radio 11 12359
radio 11 12873
delay 8 47 11 12926 11 12775 14 12 65535 0 347 1 0
radio 11 14001
radio 11 14514
radio 11 14542
radio 11 15056
radio 11 15073
radio 11 15586
radio 11 15603
radio 11 16116
radio 11 16147
radio 11 16661
radio 11 16678
radio 11 17191
radio 11 17208
radio 11 17721
radio 11 17738
radio 11 18251
radio 11 18286
radio 11 18800
radio 11 18831
radio 11 19345
radio 11 19373
radio 11 19887
radio 11 19904
radio 11 20417
radio 11 20448
radio 11 20962
radio 11 20998
radio 11 21512
radio 11 21542
radio 11 22056
radio 11 22092
radio 11 22606
radio 11 22641
radio 11 23155
radio 11 23172
radio 11 23685
radio 11 23702
radio 11 24215
radio 11 24247
radio 11 24761
radio 11 24796
radio 11 25310
radio 11 25361
radio 11 25875
radio 11 25892
radio 11 26405
radio 11 26422
radio 11 26935
radio 11 26952
radio 11 27465
radio 11 27533
radio 11 28047
radio 11 28078
radio 11 28592
radio 11 28625
radio 11 29139
radio 11 29156
radio 11 29669
radio 11 29698
radio 11 30212
radio 11 30260
radio 11 30774
radio 11 30809
radio 11 31323
radio 11 31340
radio 11 31853
radio 11 31870
radio 11 32383
radio 11 32417
radio 11 32931
radio 11 32967
radio 11 33481
delay 9 46 11 33502 11 33302 10 12 2 0 287 0 0
radio 11 33509
radio 11 34024
radio 11 34082
radio 11 34596
radio 11 34670
radio 11 35184
radio 11 35214
radio 11 35728
radio 11 35745
radio 11 36258
radio 11 36331
radio 11 36845
radio 11 36877
radio 11 37391
radio 11 37420
radio 11 37934
radio 11 37951
radio 11 38464
radio 11 38498
radio 11 39012
radio 11 39067
radio 11 39581
radio 11 39598
radio 11 40111
radio 11 40128
radio 11 40641
radio 11 40658
radio 11 41171
radio 11 41188
radio 11 41701
radio 11 41735
radio 11 42249
radio 11 42266
radio 11 42779
radio 11 42829
radio 11 43343
radio 11 43394
radio 11 43908
radio 11 43937
radio 11 44451
radio 11 44468
radio 11 44981
radio 11 44998
radio 11 45511
radio 11 45560
radio 11 46074
radio 11 46124
radio 11 46638
radio 11 46655
radio 11 47168
radio 11 47197
radio 11 47711
radio 11 47728
radio 11 48241
radio 11 48274
radio 11 48788
radio 11 48817
radio 11 49331
radio 11 49348
radio 11 49861
radio 11 49890
radio 11 50404
radio 11 50421
radio 11 50934
radio 11 50962
radio 11 51476
radio 11 51506
radio 11 52020
radio 11 52037
radio 11 52550
radio 11 52586
radio 11 53100
radio 11 53130
radio 11 53644
delay 10 27 11 53694 11 54007 14 12 65535 0 112 1 0
radio 11 54765
radio 11 55279
radio 11 55336
radio 11 55850
radio 11 55867
radio 11 56380
radio 11 56411
radio 11 56925
radio 11 56942
radio 11 57455
radio 11 57507
radio 11 58021
radio 11 58038
energy 11 58533 7 32097
radio 11 58551
radio 11 58582
radio 11 59096
radio 11 59113
radio 11 59626
radio 11 59643
radio 11 60156
radio 11 60187
radio 11 60701
radio 11 60731
radio 11 61245
radio 11 61294
radio 11 61808
radio 11 61825
radio 11 62338
radio 11 62368
radio 11 62882
radio 11 62899
radio 11 63412
radio 11 63429
radio 11 63942
radio 11 63959
radio 11 64472
radio 11 64489
radio 11 65002
radio 11 65019
radio 11 65532
radio 12 13
radio 12 526
radio 12 614
radio 12 1127
radio 12 1144
radio 12 1657
radio 12 1693
radio 12 2207
radio 12 2260
radio 12 2774
radio 12 2791
radio 12 3304
radio 12 3333
radio 12 3847
radio 12 3864
radio 12 4377
radio 12 4394
radio 12 4907
radio 12 4938
radio 12 5452
radio 12 5469
radio 12 5982
radio 12 5999
radio 12 6512
radio 12 6542
radio 12 7056
radio 12 7073
radio 12 7586
radio 12 7622
radio 12 8136
radio 12 8165
radio 12 8679
delay 11 27 12 8729 12 9043 14 12 65535 0 81 1 0
radio 12 9803
radio 12 10316
radio 12 10348
radio 12 10862
radio 12 10896
radio 12 11410
radio 12 11427
radio 12 11940
radio 12 11968
radio 12 12482
radio 12 12499
radio 12 13012
radio 12 13029
radio 12 13542
radio 12 13559
radio 12 14072
radio 12 14102
radio 12 14616
radio 12 14647
radio 12 15161
radio 12 15178
radio 12 15691
radio 12 15721
radio 12 16235
radio 12 16269
radio 12 16783
radio 12 16800
radio 12 17313
radio 12 17330
radio 12 17843
radio 12 17874
radio 12 18388
radio 12 18442
radio 12 18956
radio 12 18973
radio 12 19486
radio 12 19503
radio 12 20016
radio 12 20045
radio 12 20559
radio 12 20576
radio 12 21089
radio 12 21106
radio 12 21619
radio 12 21692
radio 12 22206
radio 12 22223
radio 12 22736
radio 12 22769
radio 12 23283
radio 12 23316
radio 12 23830
radio 12 23847
radio 12 24360
radio 12 24414
radio 12 24928
radio 12 24956
radio 12 25470
radio 12 25506
radio 12 26020
radio 12 26088
radio 12 26602
radio 12 26619
radio 12 27132
radio 12 27166
radio 12 27680
radio 12 27697
radio 12 28210
radio 12 28240
radio 12 28754
radio 12 28771
radio 12 29284
delay 12 47 12 29402 12 29252 14 12 65535 0 56 1 0
radio 12 30465
radio 12 30978
radio 12 30996
radio 12 31509
radio 12 31537
radio 12 32051
radio 12 32083
radio 12 32597
radio 12 32614
radio 12 33127
radio 12 33156
radio 12 33670
radio 12 33706
radio 12 34220
radio 12 34274
radio 12 34788
radio 12 34805
radio 12 35318
radio 12 35335
radio 12 35848
radio 12 35877
radio 12 36391
radio 12 36408
radio 12 36921
radio 12 36955
radio 12 37469
radio 12 37486
radio 12 37999
radio 12 38048
radio 12 38562
radio 12 38579
radio 12 39092
radio 12 39109
radio 12 39622
radio 12 39639
radio 12 40152
radio 12 40183
radio 12 40697
radio 12 40714
radio 12 41227
radio 12 41259
radio 12 41773
radio 12 41825
radio 12 42339
radio 12 42356
radio 12 42869
radio 12 42886
radio 12 43399
radio 12 43416
radio 12 43929
radio 12 43946
radio 12 44459
radio 12 44489
radio 12 45003
radio 12 45020
radio 12 45533
radio 12 45550
radio 12 46063
radio 12 46092
radio 12 46606
radio 12 46623
radio 12 47136
radio 12 47153
radio 12 47666
radio 12 47683
radio 12 48196
radio 12 48213
radio 12 48726
radio 12 48743
radio 12 49256
radio 12 49273
radio 12 49786
delay 13 17 12 50835 12 51426 18 12 65535 0 803 0 0
radio 12 50844
radio 12 51358
radio 12 51375
radio 12 51888
radio 12 51905
radio 12 52418
radio 12 52452
radio 12 52966
radio 12 52999
radio 12 53513
radio 12 53562
radio 12 54076
radio 12 54109
energy 12 54437 7 37545
radio 12 54623
radio 12 54640
radio 12 55153
radio 12 55170
radio 12 55683
radio 12 55700
radio 12 56213
radio 12 56230
radio 12 56743
radio 12 56760
radio 12 57273
radio 12 57290
radio 12 57803
radio 12 57836
radio 12 58350
radio 12 58383
radio 12 58897
radio 12 58914
radio 12 59427
radio 12 59463
radio 12 59977
radio 12 60028
radio 12 60542
radio 12 60592
radio 12 61106
radio 12 61123
radio 12 61636
radio 12 61653
radio 12 62166
radio 12 62183
radio 12 62696
radio 12 62728
radio 12 63242
radio 12 63274
radio 12 63788
radio 12 63805
radio 12 64318
radio 12 64350
radio 12 64864
radio 12 64881
radio 12 65394
radio 12 65411
radio 13 388
radio 13 405
radio 13 918
radio 13 934
radio 13 1448
radio 13 1479
radio 13 1993
radio 13 2028
radio 13 2542
radio 13 2559
radio 13 3072
radio 13 3089
radio 13 3602
radio 13 3653
radio 13 4167
radio 13 4184
radio 13 4697
delay 14 27 13 4714 13 5029 14 12 65535 0 178 1 0
radio 13 5790
radio 13 6304
radio 13 6335
radio 13 6849
radio 13 6900
radio 13 7414
radio 13 7431
radio 13 7944
radio 13 7974
radio 13 8488
radio 13 8505
radio 13 9018
radio 13 9067
radio 13 9581
radio 13 9634
radio 13 10148
radio 13 10176
radio 13 10690
radio 13 10707
radio 13 11220
radio 13 11237
radio 13 11750
radio 13 11767
radio 13 12280
radio 13 12297
radio 13 12810
radio 13 12827
radio 13 13340
radio 13 13357
radio 13 13870
radio 13 13925
radio 13 14439
radio 13 14456
radio 13 14969
radio 13 15004
radio 13 15518
radio 13 15546
radio 13 16060
radio 13 16095
radio 13 16609
radio 13 16660
radio 13 17174
radio 13 17191
radio 13 17704
radio 13 17721
radio 13 18234
radio 13 18266
radio 13 18780
radio 13 18813
radio 13 19327
radio 13 19357
radio 13 19871
radio 13 19888
radio 13 20401
radio 13 20436
radio 13 20950
radio 13 20967
radio 13 21480
radio 13 21497
radio 13 22010
radio 13 22027
radio 13 22540
radio 13 22590
radio 13 23104
radio 13 23121
radio 13 23634
radio 13 23684
radio 13 24198
radio 13 24227
radio 13 24741
radio 13 24770
radio 13 25284
delay 15 25 13 25306 13 25646 14 12 65535 0 34 1 0
radio 13 26374
radio 13 26888
radio 13 26916
radio 13 27430
radio 13 27447
radio 13 27960
radio 13 27977
radio 13 28490
radio 13 28507
radio 13 29020
radio 13 29037
radio 13 29550
radio 13 29567
radio 13 30080
radio 13 30097
radio 13 30610
radio 13 30639
radio 13 31153
radio 13 31182
radio 13 31696
radio 13 31713
radio 13 32226
radio 13 32279
radio 13 32793
radio 13 32810
radio 13 33323
radio 13 33340
radio 13 33853
radio 13 33882
radio 13 34396
radio 13 34413
radio 13 34926
radio 13 34943
radio 13 35456
radio 13 35473
radio 13 35986
radio 13 36003
radio 13 36516
radio 13 36551
radio 13 37065
radio 13 37118
radio 13 37632
radio 13 37649
radio 13 38162
radio 13 38193
radio 13 38707
radio 13 38742
radio 13 39256
radio 13 39289
radio 13 39803
radio 13 39820
radio 13 40333
radio 13 40367
radio 13 40881
radio 13 40915
radio 13 41429
radio 13 41460
radio 13 41974
radio 13 41991
radio 13 42504
radio 13 42553
radio 13 43067
radio 13 43084
radio 13 43597
radio 13 43614
radio 13 44127
radio 13 44144
radio 13 44657
radio 13 44674
radio 13 45187
radio 13 45218
radio 13 45732
delay 16 27 13 45749 13 46065 14 12 65535 0 326 0 0
radio 13 45757
radio 13 46272
radio 13 46289
radio 13 46803
radio 13 46879
radio 13 47393
radio 13 47441
radio 13 47955
radio 13 47972
radio 13 48485
radio 13 48533
radio 13 49047
radio 13 49064
radio 13 49577
radio 13 49594
radio 13 50107
radio 13 50136
energy 13 50341 7 41908
radio 13 50650
radio 13 50678
radio 13 51192
radio 13 51220
radio 13 51734
radio 13 51787
radio 13 52301
radio 13 52330
radio 13 52844
radio 13 52875
radio 13 53389
radio 13 53418
radio 13 53932
radio 13 53949
radio 13 54462
radio 13 54512
radio 13 55026
radio 13 55043
radio 13 55556
radio 13 55584
radio 13 56098
radio 13 56126
radio 13 56640
radio 13 56672
radio 13 57186
radio 13 57220
radio 13 57734
radio 13 57751
radio 13 58264
radio 13 58294
radio 13 58808
radio 13 58840
radio 13 59354
radio 13 59371
radio 13 59884
radio 13 59936
radio 13 60450
radio 13 60467
radio 13 60980
radio 13 60997
radio 13 61510
radio 13 61542
radio 13 62056
radio 13 62073
radio 13 62586
radio 13 62616
radio 13 63130
radio 13 63147
radio 13 63660
radio 13 63677
radio 13 64190
radio 13 64225
radio 13 64739
radio 13 64770
radio 13 65284
radio 13 65301
radio 14 278
radio 14 295
radio 14 808
delay 17 17 14 828 14 1419 18 12 65535 0 358 0 0
radio 14 836
radio 14 1350
radio 14 1396
radio 14 1909
radio 14 1926
radio 14 2439
radio 14 2469
radio 14 2983
radio 14 3000
radio 14 3513
radio 14 3530
radio 14 4043
radio 14 4060
radio 14 4573
radio 14 4590
radio 14 5103
radio 14 5132
radio 14 5646
radio 14 5679
radio 14 6193
radio 14 6249
radio 14 6763
radio 14 6798
radio 14 7312
radio 14 7329
radio 14 7842
radio 14 7871
radio 14 8385
radio 14 8402
radio 14 8915
radio 14 8932
radio 14 9445
radio 14 9462
radio 14 9975
radio 14 9992
radio 14 10505
radio 14 10522
radio 14 11035
radio 14 11052
radio 14 11565
radio 14 11582
radio 14 12095
radio 14 12131
radio 14 12645
radio 14 12662
radio 14 13175
radio 14 13192
radio 14 13705
radio 14 13734
radio 14 14248
radio 14 14265
radio 14 14778
radio 14 14809
radio 14 15323
radio 14 15354
radio 14 15868
radio 14 15885
radio 14 16398
radio 14 16450
radio 14 16964
radio 14 16997
radio 14 17511
radio 14 17528
radio 14 18041
radio 14 18058
radio 14 18571
radio 14 18588
radio 14 19101
radio 14 19118
radio 14 19631
radio 14 19660
radio 14 20174
radio 14 20205
radio 14 20719
delay 18 15 14 20788 14 21391 12 12 65535 0 42 1 0
radio 14 21862
radio 14 22375
radio 14 22427
radio 14 22940
radio 14 22968
radio 14 23482
radio 14 23499
radio 14 24012
radio 14 24029
radio 14 24542
radio 14 24573
radio 14 25087
radio 14 25115
radio 14 25629
radio 14 25658
radio 14 26172
radio 14 26189
radio 14 26702
radio 14 26719
radio 14 27232
radio 14 27300
radio 14 27814
radio 14 27831
radio 14 28344
radio 14 28372
radio 14 28886
radio 14 28917
radio 14 29431
radio 14 29448
radio 14 29961
radio 14 29978
radio 14 30491
radio 14 30508
radio 14 31021
radio 14 31038
radio 14 31551
radio 14 31568
radio 14 32081
radio 14 32098
radio 14 32611
radio 14 32628
radio 14 33141
radio 14 33172
radio 14 33686
radio 14 33716
radio 14 34230
radio 14 34261
radio 14 34775
radio 14 34806
radio 14 35320
radio 14 35337
radio 14 35850
radio 14 35878
radio 14 36392
radio 14 36422
radio 14 36936
radio 14 37005
radio 14 37519
radio 14 37536
radio 14 38049
radio 14 38066
radio 14 38579
radio 14 38596
radio 14 39109
radio 14 39126
radio 14 39639
radio 14 39656
radio 14 40169
radio 14 40201
radio 14 40715
radio 14 40732
radio 14 41245
radio 14 41262
radio 14 41775
delay 19 47 14 41951 14 41802 14 12 65535 0 650 0 0
radio 14 41959
radio 14 42474
radio 14 42668
radio 14 43182
radio 14 43250
radio 14 43764
radio 14 43798
radio 14 44312
radio 14 44329
radio 14 44842
radio 14 44859
radio 14 45372
radio 14 45389
radio 14 45902
radio 14 45919
energy 14 46245 7 45505
radio 14 46432
radio 14 46449
radio 14 46962
radio 14 46992
radio 14 47506
radio 14 47523
radio 14 48036
radio 14 48053
radio 14 48566
radio 14 48583
radio 14 49096
radio 14 49164
radio 14 49678
radio 14 49695
radio 14 50208
radio 14 50225
radio 14 50738
radio 14 50771
radio 14 51285
radio 14 51302
radio 14 51815
radio 14 51832
radio 14 52345
radio 14 52377
radio 14 52891
radio 14 52941
radio 14 53455
radio 14 53483
radio 14 53997
radio 14 54014
radio 14 54527
radio 14 54544
radio 14 55057
radio 14 55105
radio 14 55619
radio 14 55647
radio 14 56161
radio 14 56192
radio 14 56706
radio 14 56723
radio 14 57236
radio 14 57264
radio 14 57778
radio 14 57795
radio 14 58308
radio 14 58325
radio 14 58838
radio 14 58855
radio 14 59368
radio 14 59397
radio 14 59911
radio 14 59959
radio 14 60473
radio 14 60490
radio 14 61003
radio 14 61020
radio 14 61533
radio 14 61550
radio 14 62063
delay 20 27 14 62160 14 62478 14 12 65535 0 44 1 0
radio 14 63233
radio 14 63747
radio 14 63764
radio 14 64277
radio 14 64294
radio 14 64807
radio 14 64824
radio 14 65337
radio 14 65367
radio 15 345
radio 15 362
radio 15 875
radio 15 891
radio 15 1405
radio 15 1436
radio 15 1950
radio 15 1986
radio 15 2500
radio 15 2517
radio 15 3030
radio 15 3047
radio 15 3560
radio 15 3577
radio 15 4090
radio 15 4143
radio 15 4657
radio 15 4707
radio 15 5221
radio 15 5238
radio 15 5751
radio 15 5768
radio 15 6281
radio 15 6298
radio 15 6811
radio 15 6859
radio 15 7373
radio 15 7390
radio 15 7903
radio 15 7937
radio 15 8451
radio 15 8468
radio 15 8981
radio 15 9013
radio 15 9527
radio 15 9544
radio 15 10057
radio 15 10074
radio 15 10587
radio 15 10617
radio 15 11131
radio 15 11148
radio 15 11661
radio 15 11690
radio 15 12204
radio 15 12257
radio 15 12771
radio 15 12788
radio 15 13301
radio 15 13318
radio 15 13831
radio 15 13848
radio 15 14361
radio 15 14391
radio 15 14905
radio 15 14934
radio 15 15448
radio 15 15465
radio 15 15978
radio 15 16011
radio 15 16525
radio 15 16542
radio 15 17055
delay 21 46 15 17092 15 16895 10 12 2 0 278 0 0
radio 15 17100
radio 15 17614
radio 15 17668
radio 15 18182
radio 15 18302
radio 15 18815
radio 15 18843
radio 15 19357
radio 15 19374
radio 15 19887
radio 15 19904
radio 15 20417
radio 15 20445
radio 15 20959
radio 15 20993
radio 15 21507
radio 15 21524
radio 15 22037
radio 15 22067
radio 15 22581
radio 15 22617
radio 15 23131
radio 15 23148
radio 15 23661
radio 15 23678
radio 15 24191
radio 15 24208
radio 15 24721
radio 15 24750
radio 15 25264
radio 15 25281
radio 15 25794
radio 15 25824
radio 15 26338
radio 15 26355
radio 15 26868
radio 15 26885
radio 15 27398
radio 15 27452
radio 15 27966
radio 15 27998
radio 15 28512
radio 15 28540
radio 15 29054
radio 15 29082
radio 15 29596
radio 15 29613
radio 15 30126
radio 15 30160
radio 15 30674
radio 15 30691
radio 15 31204
radio 15 31221
radio 15 31734
radio 15 31751
radio 15 32264
radio 15 32294
radio 15 32808
radio 15 32825
radio 15 33338
radio 15 33366
radio 15 33880
radio 15 33897
radio 15 34410
radio 15 34484
radio 15 34998
radio 15 35026
radio 15 35540
radio 15 35557
radio 15 36070
radio 15 36102
radio 15 36616
radio 15 36649
radio 15 37163
delay 22 49 15 37201 15 36979 6 12 6 0 54 1 0
radio 15 38267
radio 15 38780
radio 15 38810
radio 15 39324
radio 15 39341
radio 15 39854
radio 15 39883
radio 15 40397
radio 15 40428
radio 15 40942
radio 15 40959
radio 15 41472
radio 15 41505
radio 15 42019
radio 15 42036
energy 15 42149 7 49957
radio 15 42549
radio 15 42566
radio 15 43079
radio 15 43096
radio 15 43609
radio 15 43626
radio 15 44139
radio 15 44156
radio 15 44669
radio 15 44686
radio 15 45199
radio 15 45216
radio 15 45729
radio 15 45746
radio 15 46259
radio 15 46276
radio 15 46789
radio 15 46819
radio 15 47333
radio 15 47381
radio 15 47895
radio 15 47912
radio 15 48425
radio 15 48455
radio 15 48969
radio 15 49000
radio 15 49514
radio 15 49531
radio 15 50044
radio 15 50074
radio 15 50588
radio 15 50616
radio 15 51130
radio 15 51147
radio 15 51660
radio 15 51677
radio 15 52190
radio 15 52225
radio 15 52739
radio 15 52775
radio 15 53289
radio 15 53321
radio 15 53835
radio 15 53885
radio 15 54399
radio 15 54416
radio 15 54929
radio 15 54946
radio 15 55459
radio 15 55476
radio 15 55989
radio 15 56006
radio 15 56519
radio 15 56555
radio 15 57069
radio 15 57086
radio 15 57599
radio 15 57653
radio 15 58167
radio 15 58184
radio 15 58697
delay 23 47 15 58750 15 58602 14 12 65535 0 407 0 0
radio 15 58760
radio 15 59273
radio 15 59290
radio 15 59803
radio 15 59820
radio 15 60333
radio 15 60366
radio 15 60880
radio 15 60909
radio 15 61423
radio 15 61440
radio 15 61953
radio 15 61981
radio 15 62495
radio 15 62526
radio 15 63040
radio 15 63074
radio 15 63588
radio 15 63617
radio 15 64131
radio 15 64148
radio 15 64661
radio 15 64693
radio 15 65207
radio 15 65224
radio 16 201
radio 16 237
radio 16 750
radio 16 781
radio 16 1294
radio 16 1322
radio 16 1836
radio 16 1869
radio 16 2383
radio 16 2400
radio 16 2913
radio 16 2930
radio 16 3443
radio 16 3460
radio 16 3973
radio 16 4008
radio 16 4522
radio 16 4539
radio 16 5052
radio 16 5083
radio 16 5597
radio 16 5648
radio 16 6162
radio 16 6192
radio 16 6706
radio 16 6723
radio 16 7236
radio 16 7253
radio 16 7766
radio 16 7794
radio 16 8308
radio 16 8325
radio 16 8838
radio 16 8890
radio 16 9404
radio 16 9421
radio 16 9934
radio 16 9951
radio 16 10464
radio 16 10481
radio 16 10994
radio 16 11011
radio 16 11524
radio 16 11541
radio 16 12054
radio 16 12071
radio 16 12584
radio 16 12601
radio 16 13114
delay 24 27 16 13157 16 13476 14 12 65535 0 302 1 0
radio 16 14234
radio 16 14748
radio 16 14765
radio 16 15278
radio 16 15295
radio 16 15808
radio 16 15923
radio 16 16437
radio 16 16470
radio 16 16984
radio 16 17001
radio 16 17514
radio 16 17567
radio 16 18081
radio 16 18109
radio 16 18623
radio 16 18640
radio 16 19153
radio 16 19170
radio 16 19683
radio 16 19715
radio 16 20229
radio 16 20260
radio 16 20774
radio 16 20804
radio 16 21318
radio 16 21335
radio 16 21848
radio 16 21883
radio 16 22397
radio 16 22414
radio 16 22927
radio 16 22944
radio 16 23457
radio 16 23474
radio 16 23987
radio 16 24017
radio 16 24531
radio 16 24548
radio 16 25061
radio 16 25092
radio 16 25606
radio 16 25623
radio 16 26136
radio 16 26168
radio 16 26682
radio 16 26716
radio 16 27230
radio 16 27259
radio 16 27773
radio 16 27790
radio 16 28303
radio 16 28339
radio 16 28853
radio 16 28926
radio 16 29440
radio 16 29472
radio 16 29986
radio 16 30018
radio 16 30532
radio 16 30549
radio 16 31062
radio 16 31091
radio 16 31605
radio 16 31635
radio 16 32149
radio 16 32166
radio 16 32679
radio 16 32711
radio 16 33225
delay 25 47 16 33313 16 33165 14 12 65535 0 55 1 0
radio 16 34381
radio 16 34895
radio 16 34925
radio 16 35439
radio 16 35456
radio 16 35969
radio 16 36021
radio 16 36535
radio 16 36584
radio 16 37098
radio 16 37126
radio 16 37640
radio 16 37670
energy 16 38053 7 54448
radio 16 38184
radio 16 38220
radio 16 38734
radio 16 38786
radio 16 39300
radio 16 39330
radio 16 39844
radio 16 39898
radio 16 40412
radio 16 40443
radio 16 40957
radio 16 40974
radio 16 41487
radio 16 41518
radio 16 42032
radio 16 42061
radio 16 42575
radio 16 42592
radio 16 43105
radio 16 43134
radio 16 43648
radio 16 43679
radio 16 44193
radio 16 44210
radio 16 44723
radio 16 44740
radio 16 45253
radio 16 45282
radio 16 45796
radio 16 45813
radio 16 46326
radio 16 46374
radio 16 46888
radio 16 46905
radio 16 47418
radio 16 47449
radio 16 47963
radio 16 48013
radio 16 48527
radio 16 48544
radio 16 49057
radio 16 49074
radio 16 49587
radio 16 49604
radio 16 50117
radio 16 50134
radio 16 50647
radio 16 50664
radio 16 51177
radio 16 51210
radio 16 51724
radio 16 51759
radio 16 52273
radio 16 52308
radio 16 52822
radio 16 52839
radio 16 53352
radio 16 53369
radio 16 53882
delay 26 35 16 55098 16 55238 5 12 7 0 1000 0 0
radio 16 55105
radio 16 55620
radio 16 55648
radio 16 56162
radio 16 56192
radio 16 56706
radio 16 56723
radio 16 57236
radio 16 57266
radio 16 57780
radio 16 57832
radio 16 58346
radio 16 58374
radio 16 58888
radio 16 58920
radio 16 59434
radio 16 59451
radio 16 59964
radio 16 59996
radio 16 60510
radio 16 60558
radio 16 61072
radio 16 61120
radio 16 61634
radio 16 61651
radio 16 62164
radio 16 62195
radio 16 62709
radio 16 62726
radio 16 63239
radio 16 63256
radio 16 63769
radio 16 63797
radio 16 64311
radio 16 64361
radio 16 64875
radio 16 64892
radio 16 65405
radio 16 65436
radio 17 414
radio 17 430
radio 17 944
radio 17 960
radio 17 1474
radio 17 1491
radio 17 2004
radio 17 2034
radio 17 2548
radio 17 2565
radio 17 3078
radio 17 3130
radio 17 3644
radio 17 3661
radio 17 4174
radio 17 4191
radio 17 4704
radio 17 4721
radio 17 5234
radio 17 5251
radio 17 5764
radio 17 5781
radio 17 6294
radio 17 6311
radio 17 6824
radio 17 6853
radio 17 7367
radio 17 7396
radio 17 7910
radio 17 7938
radio 17 8452
radio 17 8469
radio 17 8982
delay 27 27 17 9108 17 9429 14 12 65535 0 56 1 0
radio 17 10169
radio 17 10682
radio 17 10699
radio 17 11212
radio 17 11229
radio 17 11742
radio 17 11771
radio 17 12285
radio 17 12316
radio 17 12830
radio 17 12880
radio 17 13394
radio 17 13411
radio 17 13924
radio 17 13957
radio 17 14471
radio 17 14488
radio 17 15001
radio 17 15018
radio 17 15531
radio 17 15548
radio 17 16061
radio 17 16078
radio 17 16591
radio 17 16608
radio 17 17121
radio 17 17149
radio 17 17663
radio 17 17691
radio 17 18205
radio 17 18222
radio 17 18735
radio 17 18764
radio 17 19278
radio 17 19309
radio 17 19823
radio 17 19840
radio 17 20353
radio 17 20382
radio 17 20896
radio 17 20929
radio 17 21443
radio 17 21460
radio 17 21973
radio 17 21990
radio 17 22503
radio 17 22520
radio 17 23033
radio 17 23050
radio 17 23563
radio 17 23596
radio 17 24110
radio 17 24140
radio 17 24654
radio 17 24687
radio 17 25201
radio 17 25218
radio 17 25731
radio 17 25763
radio 17 26277
radio 17 26294
radio 17 26807
radio 17 26840
radio 17 27354
radio 17 27387
radio 17 27901
radio 17 27918
radio 17 28431
radio 17 28464
radio 17 28978
delay 28 25 17 29795 17 30135 14 12 65535 0 644 0 0
radio 17 29804
radio 17 30318
radio 17 30413
radio 17 30926
radio 17 30943
radio 17 31456
radio 17 31487
radio 17 32001
radio 17 32035
radio 17 32549
radio 17 32599
radio 17 33113
radio 17 33130
radio 17 33643
radio 17 33660
energy 17 33957 7 59813
radio 17 34173
radio 17 34202
radio 17 34716
radio 17 34747
radio 17 35261
radio 17 35278
radio 17 35791
radio 17 35820
radio 17 36334
radio 17 36351
radio 17 36864
radio 17 36881
radio 17 37394
radio 17 37424
radio 17 37938
radio 17 37966
radio 17 38480
radio 17 38533
radio 17 39047
radio 17 39100
radio 17 39614
radio 17 39644
radio 17 40158
radio 17 40188
radio 17 40702
radio 17 40732
radio 17 41246
radio 17 41263
radio 17 41776
radio 17 41807
radio 17 42321
radio 17 42338
radio 17 42851
radio 17 42868
radio 17 43381
radio 17 43415
radio 17 43929
radio 17 43960
radio 17 44474
radio 17 44507
radio 17 45021
radio 17 45038
radio 17 45551
radio 17 45582
radio 17 46096
radio 17 46113
radio 17 46626
radio 17 46643
radio 17 47156
radio 17 47173
radio 17 47686
radio 17 47714
radio 17 48228
radio 17 48257
radio 17 48771
radio 17 48805
radio 17 49319
radio 17 49371
radio 17 49885
delay 29 46 17 50151 17 49956 10 12 2 0 407 0 0
radio 17 50161
radio 17 50674
radio 17 50832
radio 17 51345
radio 17 51362
radio 17 51875
radio 17 51892
radio 17 52405
radio 17 52456
radio 17 52970
radio 17 52987
radio 17 53500
radio 17 53530
radio 17 54044
radio 17 54093
radio 17 54607
radio 17 54643
radio 17 55157
radio 17 55174
radio 17 55687
radio 17 55704
radio 17 56217
radio 17 56250
radio 17 56764
radio 17 56781
radio 17 57294
radio 17 57346
radio 17 57860
radio 17 57891
radio 17 58405
radio 17 58456
radio 17 58970
radio 17 59023
radio 17 59537
radio 17 59554
radio 17 60067
radio 17 60084
radio 17 60597
radio 17 60614
radio 17 61127
radio 17 61144
radio 17 61657
radio 17 61706
radio 17 62220
radio 17 62254
radio 17 62768
radio 17 62785
radio 17 63298
radio 17 63315
radio 17 63828
radio 17 63845
radio 17 64358
radio 17 64386
radio 17 64900
radio 17 64929
radio 17 65443
radio 17 65460
radio 18 437
radio 18 472
radio 18 985
radio 18 1037
radio 18 1551
radio 18 1568
radio 18 2081
radio 18 2098
radio 18 2611
radio 18 2643
radio 18 3157
radio 18 3174
radio 18 3687
radio 18 3720
radio 18 4234
radio 18 4288
radio 18 4802
delay 30 47 18 4907 18 4760 14 12 65535 0 138 1 0
radio 18 5967
radio 18 6480
radio 18 6508
radio 18 7022
radio 18 7039
radio 18 7552
radio 18 7569
radio 18 8082
radio 18 8099
radio 18 8612
radio 18 8643
radio 18 9157
radio 18 9174
radio 18 9687
radio 18 9740
radio 18 10254
radio 18 10271
radio 18 10784
radio 18 10801
radio 18 11314
radio 18 11344
radio 18 11858
radio 18 11875
radio 18 12388
radio 18 12419
radio 18 12933
radio 18 12961
radio 18 13475
radio 18 13492
radio 18 14005
radio 18 14022
radio 18 14535
radio 18 14552
radio 18 15065
radio 18 15082
radio 18 15595
radio 18 15612
radio 18 16125
radio 18 16159
radio 18 16673
radio 18 16704
radio 18 17218
radio 18 17247
radio 18 17761
radio 18 17815
radio 18 18329
radio 18 18346
radio 18 18859
radio 18 18892
radio 18 19406
radio 18 19423
radio 18 19936
radio 18 19969
radio 18 20483
radio 18 20512
radio 18 21026
radio 18 21043
radio 18 21556
radio 18 21573
radio 18 22086
radio 18 22116
radio 18 22630
radio 18 22647
radio 18 23160
radio 18 23189
radio 18 23703
radio 18 23720
radio 18 24233
radio 18 24250
radio 18 24763
radio 18 24780
radio 18 25293
delay 31 27 18 25415 18 25737 14 12 65535 0 199 0 0
radio 18 25423
radio 18 25937
radio 18 26050
radio 18 26563
radio 18 26580
radio 18 27093
radio 18 27142
radio 18 27656
radio 18 27673
radio 18 28186
radio 18 28203
radio 18 28716
radio 18 28733
radio 18 29246
radio 18 29263
radio 18 29776
radio 18 29806
energy 18 29861 7 63776
radio 18 30320
radio 18 30353
radio 18 30867
radio 18 30917
radio 18 31431
radio 18 31459
radio 18 31973
radio 18 31990
radio 18 32503
radio 18 32520
radio 18 33033
radio 18 33084
radio 18 33598
radio 18 33648
radio 18 34162
radio 18 34179
radio 18 34692
radio 18 34709
radio 18 35222
radio 18 35239
radio 18 35752
radio 18 35769
radio 18 36282
radio 18 36299
radio 18 36812
radio 18 36861
radio 18 37375
radio 18 37403
radio 18 37917
radio 18 37948
radio 18 38462
radio 18 38479
radio 18 38992
radio 18 39009
radio 18 39522
radio 18 39557
radio 18 40071
radio 18 40101
radio 18 40615
radio 18 40632
radio 18 41145
radio 18 41198
radio 18 41712
radio 18 41746
radio 18 42260
radio 18 42277
radio 18 42790
radio 18 42840
radio 18 43354
radio 18 43384
radio 18 43898
radio 18 43915
radio 18 44428
radio 18 44462
radio 18 44976
radio 18 44993
radio 18 45506
delay 32 27 18 45848 18 46171 14 12 65535 0 65 1 0
radio 18 46919
radio 18 47433
radio 18 47450
radio 18 47963
radio 18 48012
radio 18 48526
radio 18 48543
radio 18 49056
radio 18 49084
radio 18 49598
radio 18 49615
radio 18 50128
radio 18 50163
radio 18 50677
radio 18 50694
radio 18 51207
radio 18 51224
radio 18 51737
radio 18 51769
radio 18 52283
radio 18 52300
radio 18 52813
radio 18 52830
radio 18 53343
radio 18 53360
radio 18 53873
radio 18 53907
radio 18 54421
radio 18 54438
radio 18 54951
radio 18 54968
radio 18 55481
radio 18 55517
radio 18 56031
radio 18 56048
radio 18 56561
radio 18 56611
radio 18 57125
radio 18 57142
radio 18 57655
radio 18 57672
radio 18 58185
radio 18 58202
radio 18 58715
radio 18 58751
radio 18 59265
radio 18 59282
radio 18 59795
radio 18 59823
radio 18 60337
radio 18 60387
radio 18 60901
radio 18 60918
radio 18 61431
radio 18 61448
radio 18 61961
radio 18 61978
radio 18 62491
radio 18 62523
radio 18 63037
radio 18 63054
radio 18 63567
radio 18 63584
radio 18 64097
radio 18 64126
radio 18 64640
radio 18 64657
radio 18 65170
radio 18 65200
radio 19 178
radio 19 209
radio 19 722
radio 19 738
radio 19 1252
delay 33 25 19 1648 19 1988 14 12 65535 0 768 0 0
radio 19 1656
radio 19 2170
radio 19 2186
radio 19 2699
radio 19 2716
radio 19 3229
radio 19 3246
radio 19 3759
radio 19 3776
radio 19 4289
radio 19 4306
radio 19 4819
radio 19 4836
radio 19 5349
radio 19 5366
radio 19 5879
radio 19 5896
radio 19 6409
radio 19 6440
radio 19 6954
radio 19 6971
radio 19 7484
radio 19 7535
radio 19 8049
radio 19 8066
radio 19 8579
radio 19 8596
radio 19 9109
radio 19 9126
radio 19 9639
radio 19 9656
radio 19 10169
radio 19 10186
radio 19 10699
radio 19 10716
radio 19 11229
radio 19 11246
radio 19 11759
radio 19 11776
radio 19 12289
radio 19 12306
radio 19 12819
radio 19 12836
radio 19 13349
radio 19 13403
radio 19 13917
radio 19 13949
radio 19 14463
radio 19 14493
radio 19 15007
radio 19 15024
radio 19 15537
radio 19 15571
radio 19 16085
radio 19 16137
radio 19 16651
radio 19 16687
radio 19 17201
radio 19 17256
radio 19 17770
radio 19 17787
radio 19 18300
radio 19 18317
radio 19 18830
radio 19 18847
radio 19 19360
radio 19 19377
radio 19 19890
radio 19 19919
radio 19 20433
radio 19 20450
radio 19 20963
delay 34 34 19 21051 19 21114 12 12 65535 0 289 1 0
radio 19 22127
radio 19 22641
radio 19 22658
radio 19 23171
radio 19 23202
radio 19 23716
radio 19 23733
radio 19 24246
radio 19 24263
radio 19 24776
radio 19 24793
radio 19 25306
radio 19 25323
energy 19 25765 8 3132
radio 19 25836
radio 19 25869
radio 19 26383
radio 19 26400
radio 19 26913
radio 19 26946
radio 19 27460
radio 19 27477
radio 19 27990
radio 19 28007
radio 19 28520
radio 19 28537
radio 19 29050
radio 19 29067
radio 19 29580
radio 19 29611
radio 19 30125
radio 19 30142
radio 19 30655
radio 19 30704
radio 19 31218
radio 19 31235
radio 19 31748
radio 19 31765
radio 19 32278
radio 19 32309
radio 19 32823
radio 19 32933
radio 19 33447
radio 19 33464
radio 19 33977
radio 19 33994
radio 19 34507
radio 19 34524
radio 19 35037
radio 19 35054
radio 19 35567
radio 19 35638
radio 19 36152
radio 19 36169
radio 19 36682
radio 19 36717
radio 19 37231
radio 19 37248
radio 19 37761
radio 19 37778
radio 19 38291
radio 19 38308
radio 19 38821
radio 19 38851
radio 19 39365
radio 19 39396
radio 19 39910
radio 19 39927
radio 19 40440
radio 19 40457
radio 19 40970
radio 19 40987
radio 19 41500
delay 35 47 19 41575 19 41428 14 12 65535 0 91 1 0
radio 19 42636
radio 19 43150
radio 19 43167
radio 19 43680
radio 19 43711
radio 19 44225
radio 19 44242
radio 19 44755
radio 19 44791
radio 19 45305
radio 19 45322
radio 19 45835
radio 19 45864
radio 19 46378
radio 19 46395
radio 19 46908
radio 19 46925
radio 19 47438
radio 19 47490
radio 19 48004
radio 19 48021
radio 19 48534
radio 19 48551
radio 19 49064
radio 19 49093
radio 19 49607
radio 19 49624
radio 19 50137
radio 19 50154
radio 19 50667
radio 19 50684
radio 19 51197
radio 19 51214
radio 19 51727
radio 19 51776
radio 19 52290
radio 19 52322
radio 19 52836
radio 19 52908
radio 19 53422
radio 19 53439
radio 19 53952
radio 19 53969
radio 19 54482
radio 19 54514
radio 19 55028
radio 19 55045
radio 19 55558
radio 19 55575
radio 19 56088
radio 19 56116
radio 19 56630
radio 19 56647
radio 19 57160
radio 19 57177
radio 19 57690
radio 19 57722
radio 19 58236
radio 19 58270
radio 19 58784
radio 19 58801
radio 19 59314
radio 19 59331
