Thread[Thread-1,5,main]tree 55 16 43 11 0 0
radio 7 1206
radio 7 1210
radio 7 1226
radio 7 1740
radio 7 1770
radio 7 2283
radio 7 2336
radio 7 2849
radio 7 2866
radio 7 3379
radio 7 3409
radio 7 3922
radio 7 3971
radio 7 4484
radio 7 4513
radio 7 5026
radio 7 5056
radio 7 5569
radio 7 5600
radio 7 6113
radio 7 6129
radio 7 6643
radio 7 6677
radio 7 7190
radio 7 7207
radio 7 7720
radio 7 7737
radio 7 8250
radio 7 8266
radio 7 8780
radio 7 8849
radio 7 9362
radio 7 9378
radio 7 9892
radio 7 9927
radio 7 10440
radio 7 10457
radio 7 10970
radio 7 11005
radio 7 11519
radio 7 11536
radio 7 12049
radio 7 12066
radio 7 12579
radio 7 12608
radio 7 13122
radio 7 13139
radio 7 13652
radio 7 13684
radio 7 14198
radio 7 14226
radio 7 14740
radio 7 14775
radio 7 15289
radio 7 15306
radio 7 15819
radio 7 15836
radio 7 16349
radio 7 16366
radio 7 16879
radio 7 16909
radio 7 17423
radio 7 17440
radio 7 17953
radio 7 17984
radio 7 18498
radio 7 18526
radio 7 19040
radio 7 19057
radio 7 19570
radio 7 19587
radio 7 20100
radio 7 20117
radio 7 20630
radio 7 20647
radio 7 21160
radio 7 21177
radio 7 21690
radio 7 21707
radio 7 22220
radio 7 22237
radio 7 22750
radio 7 22767
radio 7 23280
radio 7 23334
radio 7 23848
radio 7 23920
radio 7 24434
radio 7 24490
radio 7 25004
radio 7 25032
radio 7 25546
radio 7 25563
radio 7 26076
radio 7 26169
radio 7 26683
radio 7 26700
radio 7 27213
radio 7 27244
radio 7 27758
radio 7 27775
radio 7 28288
radio 7 28318
radio 7 28832
radio 7 28849
radio 7 29362
radio 7 29379
radio 7 29892
radio 7 29909
radio 7 30422
radio 7 30451
radio 7 30965
radio 7 30982
radio 7 31495
radio 7 31543
radio 7 32057
radio 7 32093
radio 7 32607
radio 7 32624
radio 7 33137
radio 7 33154
radio 7 33667
radio 7 33684
radio 7 34197
radio 7 34214
radio 7 34727
radio 7 34755
radio 7 35269
radio 7 35323
radio 7 35837
radio 7 35866
radio 7 36380
radio 7 36397
radio 7 36910
radio 7 36927
radio 7 37440
radio 7 37494
radio 7 38008
radio 7 38025
radio 7 38538
radio 7 38593
radio 7 39107
radio 7 39124
radio 7 39637
radio 7 39654
radio 7 40167
radio 7 40202
radio 7 40716
radio 7 40733
radio 7 41246
radio 7 41280
radio 7 41794
radio 7 41811
radio 7 42324
radio 7 42341
radio 7 42854
radio 7 42887
radio 7 43401
radio 7 43418
radio 7 43931
radio 7 43948
radio 7 44461
radio 7 44478
radio 7 44991
radio 7 45008
radio 7 45521
radio 7 45538
radio 7 46051
radio 7 46068
radio 7 46581
radio 7 46598
radio 7 47111
radio 7 47128
radio 7 47641
radio 7 47696
radio 7 48210
radio 7 48245
radio 7 48759
radio 7 48776
radio 7 49289
radio 7 49306
radio 7 49819
radio 7 49836
radio 7 50349
radio 7 50382
radio 7 50896
radio 7 50946
radio 7 51460
radio 7 51477
radio 7 51990
radio 7 52019
radio 7 52533
radio 7 52550
radio 7 53063
radio 7 53080
radio 7 53593
radio 7 53642
radio 7 54156
radio 7 54173
radio 7 54686
radio 7 54759
radio 7 55273
radio 7 55303
radio 7 55817
radio 7 55834
radio 7 56347
radio 7 56397
radio 7 56911
radio 7 56928
radio 7 57441
radio 7 57458
radio 7 57971
radio 7 57988
radio 7 58501
radio 7 58518
radio 7 59031
radio 7 59064
radio 7 59578
radio 7 59608
radio 7 60122
radio 7 60154
radio 7 60668
radio 7 60685
radio 7 61198
radio 7 61215
radio 7 61728
radio 7 61745
radio 7 62258
radio 7 62289
energy 7 62657 7 3523
radio 7 62803
radio 7 62837
radio 7 63351
radio 7 63383
radio 7 63897
radio 7 63945
radio 7 64459
radio 7 64476
radio 7 64989
radio 7 65019
radio 7 65533
radio 8 29
radio 8 542
radio 8 558
radio 8 1072
radio 8 1089
radio 8 1602
radio 8 1631
radio 8 2144
radio 8 2160
radio 8 2674
radio 8 2690
radio 8 3204
radio 8 3238
radio 8 3751
radio 8 3768
radio 8 4281
radio 8 4298
radio 8 4811
radio 8 4828
radio 8 5341
radio 8 5373
radio 8 5886
radio 8 5934
radio 8 6447
radio 8 6476
radio 8 6989
radio 8 7018
radio 8 7531
radio 8 7548
radio 8 8061
radio 8 8077
radio 8 8591
radio 8 8607
radio 8 9121
radio 8 9138
radio 8 9651
radio 8 9668
radio 8 10181
radio 8 10198
radio 8 10711
radio 8 10728
radio 8 11241
radio 8 11258
radio 8 11771
radio 8 11788
radio 8 12301
radio 8 12318
radio 8 12831
radio 8 12884
radio 8 13398
radio 8 13433
radio 8 13947
radio 8 13964
radio 8 14477
radio 8 14494
radio 8 15007
radio 8 15024
radio 8 15537
radio 8 15565
radio 8 16079
radio 8 16114
radio 8 16628
radio 8 16645
radio 8 17158
radio 8 17175
radio 8 17688
radio 8 17705
radio 8 18218
radio 8 18235
radio 8 18748
radio 8 18765
radio 8 19278
radio 8 19295
radio 8 19808
radio 8 19839
radio 8 20353
radio 8 20370
radio 8 20883
radio 8 20900
radio 8 21413
radio 8 21430
radio 8 21943
radio 8 21960
radio 8 22473
radio 8 22524
radio 8 23038
radio 8 23055
radio 8 23568
radio 8 23585
radio 8 24098
radio 8 24129
radio 8 24643
radio 8 24660
radio 8 25173
radio 8 25190
radio 8 25703
radio 8 25720
radio 8 26233
radio 8 26287
radio 8 26801
radio 8 26818
radio 8 27331
radio 8 27348
radio 8 27861
radio 8 27890
radio 8 28404
radio 8 28421
radio 8 28934
radio 8 28967
radio 8 29481
radio 8 29498
radio 8 30011
radio 8 30046
radio 8 30560
radio 8 30577
radio 8 31090
radio 8 31121
radio 8 31635
radio 8 31665
radio 8 32179
radio 8 32196
radio 8 32709
radio 8 32726
radio 8 33239
radio 8 33295
radio 8 33809
radio 8 33837
radio 8 34351
radio 8 34368
radio 8 34881
radio 8 34915
radio 8 35429
radio 8 35446
radio 8 35959
radio 8 35990
radio 8 36504
radio 8 36521
radio 8 37034
radio 8 37066
radio 8 37580
radio 8 37630
radio 8 38144
radio 8 38161
radio 8 38674
radio 8 38691
radio 8 39204
radio 8 39238
radio 8 39752
radio 8 39769
radio 8 40282
radio 8 40299
radio 8 40812
radio 8 40847
radio 8 41361
radio 8 41391
radio 8 41905
radio 8 41922
radio 8 42435
radio 8 42452
radio 8 42965
radio 8 42994
radio 8 43508
radio 8 43525
radio 8 44038
radio 8 44055
radio 8 44568
radio 8 44619
radio 8 45133
radio 8 45161
radio 8 45675
delay 0 24 8 45689 8 46119 5 14 9 0 291 1 0
radio 8 46765
radio 8 47279
radio 8 47296
radio 8 47809
radio 8 47838
radio 8 48352
radio 8 48382
radio 8 48896
radio 8 48949
radio 8 49463
radio 8 49551
radio 8 50065
radio 8 50100
radio 8 50614
radio 8 50631
radio 8 51144
radio 8 51161
radio 8 51674
radio 8 51707
radio 8 52221
radio 8 52238
radio 8 52751
radio 8 52768
radio 8 53281
radio 8 53298
radio 8 53811
radio 8 53828
radio 8 54341
radio 8 54375
radio 8 54889
radio 8 54906
radio 8 55419
radio 8 55436
radio 8 55949
radio 8 55966
radio 8 56479
radio 8 56496
radio 8 57009
radio 8 57038
radio 8 57552
radio 8 57569
radio 8 58082
radio 8 58112
energy 8 58561 7 6643
radio 8 58626
radio 8 58643
radio 8 59156
radio 8 59186
radio 8 59700
radio 8 59752
radio 8 60266
radio 8 60297
radio 8 60811
radio 8 60828
radio 8 61341
radio 8 61358
radio 8 61871
radio 8 61919
radio 8 62433
radio 8 62462
radio 8 62976
radio 8 62993
radio 8 63506
radio 8 63523
radio 8 64036
radio 8 64053
radio 8 64566
radio 8 64583
radio 8 65096
radio 8 65125
radio 9 103
delay 1 35 9 204 9 438 5 14 9 0 50 1 0
radio 9 1261
radio 9 1774
radio 9 1822
radio 9 2336
radio 9 2353
radio 9 2866
radio 9 2883
radio 9 3396
radio 9 3447
radio 9 3960
radio 9 3988
radio 9 4501
radio 9 4518
radio 9 5031
radio 9 5061
radio 9 5574
radio 9 5591
radio 9 6104
radio 9 6120
radio 9 6634
radio 9 6651
radio 9 7164
radio 9 7214
radio 9 7727
radio 9 7755
radio 9 8268
radio 9 8285
radio 9 8798
radio 9 8814
radio 9 9328
radio 9 9360
radio 9 9873
radio 9 9889
radio 9 10403
radio 9 10493
radio 9 11007
radio 9 11024
radio 9 11537
radio 9 11554
radio 9 12067
radio 9 12084
radio 9 12597
radio 9 12614
radio 9 13127
radio 9 13158
radio 9 13672
radio 9 13703
radio 9 14217
radio 9 14234
radio 9 14747
radio 9 14764
radio 9 15277
radio 9 15311
radio 9 15825
radio 9 15842
radio 9 16355
radio 9 16372
radio 9 16885
radio 9 16902
radio 9 17415
radio 9 17449
radio 9 17963
radio 9 17980
radio 9 18493
radio 9 18546
radio 9 19060
radio 9 19091
radio 9 19605
radio 9 19658
radio 9 20172
radio 9 20224
radio 9 20738
delay 2 3 9 20832 9 21745 5 14 9 0 71 1 0
radio 9 21907
radio 9 22421
radio 9 22437
radio 9 22950
radio 9 22965
radio 9 23478
radio 9 23495
radio 9 24008
radio 9 24025
radio 9 24538
radio 9 24570
radio 9 25084
radio 9 25101
radio 9 25614
radio 9 25647
radio 9 26161
radio 9 26178
radio 9 26691
radio 9 26724
radio 9 27238
radio 9 27255
radio 9 27768
radio 9 27785
radio 9 28298
radio 9 28315
radio 9 28828
radio 9 28861
radio 9 29375
radio 9 29392
radio 9 29905
radio 9 29922
radio 9 30435
radio 9 30452
radio 9 30965
radio 9 30982
radio 9 31495
radio 9 31544
radio 9 32058
radio 9 32075
radio 9 32588
radio 9 32605
radio 9 33118
radio 9 33135
radio 9 33648
radio 9 33665
radio 9 34178
radio 9 34208
radio 9 34722
radio 9 34739
radio 9 35252
radio 9 35269
radio 9 35782
radio 9 35799
radio 9 36312
radio 9 36406
radio 9 36920
radio 9 36937
radio 9 37450
radio 9 37479
radio 9 37993
radio 9 38010
radio 9 38523
radio 9 38554
radio 9 39068
radio 9 39085
radio 9 39598
radio 9 39628
radio 9 40142
radio 9 40159
radio 9 40672
radio 9 40704
radio 9 41218
delay 3 29 9 41318 9 41676 16 14 65535 0 114 1 0
radio 9 42389
radio 9 42903
radio 9 42920
radio 9 43433
radio 9 43450
radio 9 43963
radio 9 44011
radio 9 44525
radio 9 44542
radio 9 45055
radio 9 45072
radio 9 45585
radio 9 45602
radio 9 46115
radio 9 46132
radio 9 46645
radio 9 46662
radio 9 47175
radio 9 47266
radio 9 47780
radio 9 47797
radio 9 48310
radio 9 48338
radio 9 48852
radio 9 48869
radio 9 49382
radio 9 49417
radio 9 49931
radio 9 49948
radio 9 50461
radio 9 50513
radio 9 51027
radio 9 51057
radio 9 51571
radio 9 51588
radio 9 52101
radio 9 52118
radio 9 52631
radio 9 52648
radio 9 53161
radio 9 53197
radio 9 53711
radio 9 53744
radio 9 54258
radio 9 54286
energy 9 54465 7 12193
radio 9 54800
radio 9 54817
radio 9 55330
radio 9 55347
radio 9 55860
radio 9 55877
radio 9 56390
radio 9 56407
radio 9 56920
radio 9 56937
radio 9 57450
radio 9 57485
radio 9 57999
radio 9 58048
radio 9 58562
radio 9 58579
radio 9 59092
radio 9 59109
radio 9 59622
radio 9 59655
radio 9 60169
radio 9 60186
radio 9 60699
radio 9 60732
radio 9 61246
radio 9 61297
radio 9 61811
delay 4 15 9 61855 9 62558 12 14 2 0 65535 0 0
radio 9 61863
radio 9 62377
radio 9 62617
radio 9 63131
radio 9 63149
radio 9 63662
radio 9 63692
radio 9 64206
radio 9 64259
radio 9 64773
radio 9 64805
radio 9 65319
radio 9 65336
radio 10 313
radio 10 329
radio 10 843
radio 10 896
radio 10 1409
radio 10 1444
radio 10 1958
radio 10 1986
radio 10 2500
radio 10 2517
radio 10 3030
radio 10 3064
radio 10 3578
radio 10 3595
radio 10 4108
radio 10 4140
radio 10 4654
radio 10 4705
radio 10 5219
radio 10 5236
radio 10 5749
radio 10 5778
radio 10 6292
radio 10 6309
radio 10 6822
radio 10 6872
radio 10 7386
radio 10 7403
radio 10 7916
radio 10 7945
radio 10 8459
radio 10 8476
radio 10 8989
radio 10 9019
radio 10 9533
radio 10 9550
radio 10 10063
radio 10 10080
radio 10 10593
radio 10 10610
radio 10 11123
radio 10 11140
radio 10 11653
radio 10 11683
radio 10 12197
radio 10 12214
radio 10 12727
radio 10 12778
radio 10 13292
radio 10 13322
radio 10 13836
radio 10 13853
radio 10 14366
radio 10 14383
radio 10 14896
radio 10 14913
radio 10 15426
radio 10 15501
radio 10 16015
radio 10 16032
radio 10 16545
radio 10 16581
radio 10 17095
delay 5 42 10 17287 10 17302 10 14 4 0 299 0 0
radio 10 17295
radio 10 17809
radio 10 17905
radio 10 18419
radio 10 18436
radio 10 18949
radio 10 18978
radio 10 19492
radio 10 19509
radio 10 20022
radio 10 20051
radio 10 20565
radio 10 20582
radio 10 21095
radio 10 21112
radio 10 21625
radio 10 21658
radio 10 22172
radio 10 22204
radio 10 22718
radio 10 22735
radio 10 23248
radio 10 23277
radio 10 23791
radio 10 23808
radio 10 24321
radio 10 24338
radio 10 24851
radio 10 24906
radio 10 25420
radio 10 25448
radio 10 25962
radio 10 25979
radio 10 26492
radio 10 26525
radio 10 27039
radio 10 27056
radio 10 27569
radio 10 27586
radio 10 28099
radio 10 28116
radio 10 28629
radio 10 28662
radio 10 29176
radio 10 29208
radio 10 29722
radio 10 29739
radio 10 30252
radio 10 30269
radio 10 30782
radio 10 30816
radio 10 31330
radio 10 31347
radio 10 31860
radio 10 31877
radio 10 32390
radio 10 32423
radio 10 32937
radio 10 32954
radio 10 33467
radio 10 33484
radio 10 33997
radio 10 34014
radio 10 34527
radio 10 34561
radio 10 35075
radio 10 35092
radio 10 35605
radio 10 35634
radio 10 36148
radio 10 36165
radio 10 36678
radio 10 36714
radio 10 37228
delay 6 14 10 37320 10 38062 5 14 9 0 92 1 0
radio 10 38387
radio 10 38901
radio 10 38918
radio 10 39431
radio 10 39486
radio 10 40000
radio 10 40030
radio 10 40544
radio 10 40561
radio 10 41074
radio 10 41103
radio 10 41617
radio 10 41651
radio 10 42165
radio 10 42214
radio 10 42728
radio 10 42745
radio 10 43258
radio 10 43275
radio 10 43788
radio 10 43817
radio 10 44331
radio 10 44348
radio 10 44861
radio 10 44893
radio 10 45407
radio 10 45460
radio 10 45974
radio 10 46002
radio 10 46516
radio 10 46545
radio 10 47059
radio 10 47088
radio 10 47602
radio 10 47619
radio 10 48132
radio 10 48149
radio 10 48662
radio 10 48679
radio 10 49192
radio 10 49209
radio 10 49722
radio 10 49739
radio 10 50252
radio 10 50281
energy 10 50369 7 16003
radio 10 50795
radio 10 50843
radio 10 51357
radio 10 51374
radio 10 51887
radio 10 51919
radio 10 52433
radio 10 52450
radio 10 52963
radio 10 52980
radio 10 53493
radio 10 53510
radio 10 54023
radio 10 54040
radio 10 54553
radio 10 54584
radio 10 55098
radio 10 55115
radio 10 55628
radio 10 55645
radio 10 56158
radio 10 56188
radio 10 56702
radio 10 56719
radio 10 57232
radio 10 57249
radio 10 57762
delay 7 42 10 57802 10 57818 10 14 4 0 83 1 0
radio 10 58877
radio 10 59391
radio 10 59441
radio 10 59955
radio 10 59972
radio 10 60485
radio 10 60502
radio 10 61015
radio 10 61043
radio 10 61557
radio 10 61574
radio 10 62087
radio 10 62122
radio 10 62636
radio 10 62692
radio 10 63206
radio 10 63223
radio 10 63736
radio 10 63753
radio 10 64266
radio 10 64283
radio 10 64796
radio 10 64825
radio 10 65339
radio 10 65410
radio 11 388
radio 11 405
radio 11 918
radio 11 934
radio 11 1448
radio 11 1465
radio 11 1978
radio 11 1995
radio 11 2508
radio 11 2537
radio 11 3051
radio 11 3068
radio 11 3581
radio 11 3610
radio 11 4124
radio 11 4175
radio 11 4689
radio 11 4706
radio 11 5219
radio 11 5236
radio 11 5749
radio 11 5778
radio 11 6292
radio 11 6321
radio 11 6835
radio 11 6852
radio 11 7365
radio 11 7396
radio 11 7910
radio 11 7938
radio 11 8452
radio 11 8485
radio 11 8999
radio 11 9028
radio 11 9542
radio 11 9559
radio 11 10072
radio 11 10089
radio 11 10602
radio 11 10650
radio 11 11164
radio 11 11192
radio 11 11706
radio 11 11723
radio 11 12236
radio 11 12253
radio 11 12766
delay 8 44 11 12940 11 12983 10 14 4 0 340 0 0
radio 11 12947
radio 11 13462
radio 11 13640
radio 11 14153
radio 11 14170
radio 11 14683
radio 11 14738
radio 11 15252
radio 11 15269
radio 11 15782
radio 11 15799
radio 11 16312
radio 11 16329
radio 11 16842
radio 11 16859
radio 11 17372
radio 11 17389
radio 11 17902
radio 11 17919
radio 11 18432
radio 11 18463
radio 11 18977
radio 11 18994
radio 11 19507
radio 11 19524
radio 11 20037
radio 11 20054
radio 11 20567
radio 11 20637
radio 11 21151
radio 11 21168
radio 11 21681
radio 11 21698
radio 11 22211
radio 11 22228
radio 11 22741
radio 11 22758
radio 11 23271
radio 11 23305
radio 11 23819
radio 11 23836
radio 11 24349
radio 11 24379
radio 11 24893
radio 11 24943
radio 11 25457
radio 11 25488
radio 11 26002
radio 11 26019
radio 11 26532
radio 11 26549
radio 11 27062
radio 11 27079
radio 11 27592
radio 11 27640
radio 11 28154
radio 11 28171
radio 11 28684
radio 11 28701
radio 11 29214
radio 11 29231
radio 11 29744
radio 11 29761
radio 11 30274
radio 11 30291
radio 11 30804
radio 11 30821
radio 11 31334
radio 11 31351
radio 11 31864
radio 11 31896
radio 11 32410
radio 11 32427
radio 11 32940
delay 9 48 11 33018 11 32986 14 14 65535 0 86 1 0
radio 11 34095
radio 11 34609
radio 11 34625
radio 11 35138
radio 11 35155
radio 11 35668
radio 11 35685
radio 11 36198
radio 11 36215
radio 11 36728
radio 11 36745
radio 11 37258
radio 11 37275
radio 11 37788
radio 11 37836
radio 11 38350
radio 11 38367
radio 11 38880
radio 11 38897
radio 11 39410
radio 11 39439
radio 11 39953
radio 11 39970
radio 11 40483
radio 11 40500
radio 11 41013
radio 11 41030
radio 11 41543
radio 11 41571
radio 11 42085
radio 11 42120
radio 11 42634
radio 11 42651
radio 11 43164
radio 11 43181
radio 11 43694
radio 11 43711
radio 11 44224
radio 11 44241
radio 11 44754
radio 11 44771
radio 11 45284
radio 11 45317
radio 11 45831
radio 11 45848
energy 11 46273 7 20426
radio 11 46361
radio 11 46378
radio 11 46891
radio 11 46908
radio 11 47421
radio 11 47452
radio 11 47966
radio 11 47983
radio 11 48496
radio 11 48531
radio 11 49045
radio 11 49062
radio 11 49575
radio 11 49592
radio 11 50105
radio 11 50122
radio 11 50635
radio 11 50652
radio 11 51165
radio 11 51182
radio 11 51695
radio 11 51712
radio 11 52225
radio 11 52253
radio 11 52767
radio 11 52784
radio 11 53297
radio 11 53314
radio 11 53827
delay 10 44 11 53844 11 53889 10 14 4 0 427 0 0
radio 11 53852
radio 11 54367
radio 11 54407
radio 11 54920
radio 11 54935
radio 11 55448
radio 11 55465
radio 11 55978
radio 11 56006
radio 11 56520
radio 11 56537
radio 11 57050
radio 11 57102
radio 11 57616
radio 11 57649
radio 11 58163
radio 11 58195
radio 11 58709
radio 11 58726
radio 11 59239
radio 11 59256
radio 11 59769
radio 11 59797
radio 11 60311
radio 11 60328
radio 11 60841
radio 11 60875
radio 11 61389
radio 11 61425
radio 11 61939
radio 11 61974
radio 11 62488
radio 11 62516
radio 11 63030
radio 11 63047
radio 11 63560
radio 11 63595
radio 11 64109
radio 11 64160
radio 11 64674
radio 11 64691
radio 11 65204
radio 11 65221
radio 12 198
radio 12 272
radio 12 785
radio 12 819
radio 12 1332
radio 12 1368
radio 12 1882
radio 12 1916
radio 12 2430
radio 12 2459
radio 12 2973
radio 12 3023
radio 12 3537
radio 12 3570
radio 12 4084
radio 12 4101
radio 12 4614
radio 12 4631
radio 12 5144
radio 12 5173
radio 12 5687
radio 12 5704
radio 12 6217
radio 12 6234
radio 12 6747
radio 12 6764
radio 12 7277
radio 12 7307
radio 12 7821
radio 12 7838
radio 12 8351
radio 12 8368
radio 12 8881
delay 11 24 12 9115 12 9538 5 14 9 0 65535 0 0
radio 12 9122
radio 12 9637
radio 12 9708
radio 12 10221
radio 12 10251
radio 12 10765
radio 12 10782
radio 12 11295
radio 12 11312
radio 12 11825
radio 12 11842
radio 12 12355
radio 12 12383
radio 12 12897
radio 12 12914
radio 12 13427
radio 12 13444
radio 12 13957
radio 12 14005
radio 12 14519
radio 12 14549
radio 12 15063
radio 12 15080
radio 12 15593
radio 12 15610
radio 12 16123
radio 12 16140
radio 12 16653
radio 12 16682
radio 12 17196
radio 12 17213
radio 12 17726
radio 12 17743
radio 12 18256
radio 12 18330
radio 12 18844
radio 12 18861
radio 12 19374
radio 12 19409
radio 12 19923
radio 12 19953
radio 12 20467
radio 12 20497
radio 12 21011
radio 12 21044
radio 12 21558
radio 12 21575
radio 12 22088
radio 12 22105
radio 12 22618
radio 12 22650
radio 12 23164
radio 12 23181
radio 12 23694
radio 12 23730
radio 12 24244
radio 12 24261
radio 12 24774
radio 12 24806
radio 12 25320
radio 12 25353
radio 12 25867
radio 12 25884
radio 12 26397
radio 12 26414
radio 12 26927
radio 12 26944
radio 12 27457
radio 12 27474
radio 12 27987
radio 12 28004
radio 12 28517
radio 12 28546
radio 12 29060
delay 12 46 12 29382 12 29287 10 14 4 0 440 0 0
radio 12 29389
radio 12 29904
radio 12 29921
radio 12 30434
radio 12 30504
radio 12 31018
radio 12 31035
radio 12 31548
radio 12 31565
radio 12 32078
radio 12 32095
radio 12 32608
radio 12 32625
radio 12 33138
radio 12 33194
radio 12 33708
radio 12 33758
radio 12 34272
radio 12 34305
radio 12 34819
radio 12 34873
radio 12 35387
radio 12 35404
radio 12 35917
radio 12 35948
radio 12 36462
radio 12 36494
radio 12 37008
radio 12 37036
radio 12 37550
radio 12 37567
radio 12 38080
radio 12 38097
radio 12 38610
radio 12 38627
radio 12 39140
radio 12 39157
radio 12 39670
radio 12 39687
radio 12 40200
radio 12 40233
radio 12 40747
radio 12 40764
radio 12 41277
radio 12 41294
radio 12 41807
radio 12 41824
energy 12 42177 7 23178
radio 12 42337
radio 12 42354
radio 12 42867
radio 12 42884
radio 12 43397
radio 12 43414
radio 12 43927
radio 12 43956
radio 12 44470
radio 12 44487
radio 12 45000
radio 12 45070
radio 12 45584
radio 12 45634
radio 12 46148
radio 12 46165
radio 12 46678
radio 12 46695
radio 12 47208
radio 12 47239
radio 12 47753
radio 12 47803
radio 12 48317
radio 12 48348
radio 12 48862
radio 12 48879
radio 12 49392
delay 13 24 12 49471 12 49900 5 14 9 0 75 1 0
radio 12 50541
radio 12 51054
radio 12 51071
radio 12 51584
radio 12 51601
radio 12 52114
radio 12 52131
radio 12 52644
radio 12 52674
radio 12 53188
radio 12 53222
radio 12 53736
radio 12 53753
radio 12 54266
radio 12 54283
radio 12 54796
radio 12 54813
radio 12 55326
radio 12 55343
radio 12 55856
radio 12 55884
radio 12 56398
radio 12 56415
radio 12 56928
radio 12 56945
radio 12 57458
radio 12 57550
radio 12 58064
radio 12 58081
radio 12 58594
radio 12 58624
radio 12 59138
radio 12 59155
radio 12 59668
radio 12 59685
radio 12 60198
radio 12 60215
radio 12 60728
radio 12 60745
radio 12 61258
radio 12 61275
radio 12 61788
radio 12 61816
radio 12 62330
radio 12 62378
radio 12 62892
radio 12 62920
radio 12 63434
radio 12 63451
radio 12 63964
radio 12 63981
radio 12 64494
radio 12 64511
radio 12 65024
radio 12 65041
radio 13 18
radio 13 47
radio 13 560
radio 13 576
radio 13 1090
radio 13 1138
radio 13 1652
radio 13 1669
radio 13 2182
radio 13 2199
radio 13 2712
radio 13 2729
radio 13 3242
radio 13 3259
radio 13 3772
radio 13 3803
radio 13 4317
delay 14 15 13 4361 13 5063 12 14 2 0 65535 0 0
radio 13 4369
radio 13 4884
radio 13 4954
radio 13 5467
radio 13 5482
radio 13 5995
radio 13 6025
radio 13 6539
radio 13 6574
radio 13 7088
radio 13 7119
radio 13 7633
radio 13 7702
radio 13 8216
radio 13 8269
radio 13 8783
radio 13 8812
radio 13 9326
radio 13 9343
radio 13 9856
radio 13 9886
radio 13 10400
radio 13 10417
radio 13 10930
radio 13 10959
radio 13 11473
radio 13 11502
radio 13 12016
radio 13 12049
radio 13 12563
radio 13 12593
radio 13 13107
radio 13 13124
radio 13 13637
radio 13 13690
radio 13 14204
radio 13 14221
radio 13 14734
radio 13 14751
radio 13 15264
radio 13 15281
radio 13 15794
radio 13 15811
radio 13 16324
radio 13 16341
radio 13 16854
radio 13 16871
radio 13 17384
radio 13 17413
radio 13 17927
radio 13 17980
radio 13 18494
radio 13 18548
radio 13 19062
radio 13 19079
radio 13 19592
radio 13 19609
radio 13 20122
radio 13 20155
radio 13 20669
radio 13 20686
radio 13 21199
radio 13 21267
radio 13 21781
radio 13 21798
radio 13 22311
radio 13 22328
radio 13 22841
radio 13 22870
radio 13 23384
radio 13 23401
radio 13 23914
radio 13 23970
radio 13 24484
radio 13 24516
radio 13 25030
delay 15 44 13 25076 13 25124 10 14 4 0 219 0 0
radio 13 25084
radio 13 25599
radio 13 26072
radio 13 26585
radio 13 26621
radio 13 27135
radio 13 27152
radio 13 27665
radio 13 27695
radio 13 28209
radio 13 28226
radio 13 28739
radio 13 28768
radio 13 29282
radio 13 29299
radio 13 29812
radio 13 29843
radio 13 30357
radio 13 30374
radio 13 30887
radio 13 30904
radio 13 31417
radio 13 31434
radio 13 31947
radio 13 31964
radio 13 32477
radio 13 32494
radio 13 33007
radio 13 33036
radio 13 33550
radio 13 33567
radio 13 34080
radio 13 34097
radio 13 34610
radio 13 34627
radio 13 35140
radio 13 35157
radio 13 35670
radio 13 35700
radio 13 36214
radio 13 36265
radio 13 36779
radio 13 36796
radio 13 37309
radio 13 37326
radio 13 37839
radio 13 37856
energy 13 38081 7 27026
radio 13 38369
radio 13 38437
radio 13 38951
radio 13 38985
radio 13 39499
radio 13 39516
radio 13 40029
radio 13 40046
radio 13 40559
radio 13 40576
radio 13 41089
radio 13 41122
radio 13 41636
radio 13 41684
radio 13 42198
radio 13 42226
radio 13 42740
radio 13 42757
radio 13 43270
radio 13 43287
radio 13 43800
radio 13 43848
radio 13 44362
radio 13 44379
radio 13 44892
radio 13 44909
radio 13 45422
delay 16 15 13 45628 13 46335 12 14 2 0 314 0 0
radio 13 45636
radio 13 46150
radio 13 46235
radio 13 46748
radio 13 46784
radio 13 47298
radio 13 47315
radio 13 47828
radio 13 47845
radio 13 48358
radio 13 48375
radio 13 48888
radio 13 48905
radio 13 49418
radio 13 49474
radio 13 49988
radio 13 50005
radio 13 50518
radio 13 50535
radio 13 51048
radio 13 51065
radio 13 51578
radio 13 51595
radio 13 52108
radio 13 52141
radio 13 52655
radio 13 52672
radio 13 53185
radio 13 53220
radio 13 53734
radio 13 53765
radio 13 54279
radio 13 54296
radio 13 54809
radio 13 54840
radio 13 55354
radio 13 55390
radio 13 55904
radio 13 55921
radio 13 56434
radio 13 56451
radio 13 56964
radio 13 56981
radio 13 57494
radio 13 57511
radio 13 58024
radio 13 58059
radio 13 58573
radio 13 58590
radio 13 59103
radio 13 59120
radio 13 59633
radio 13 59663
radio 13 60177
radio 13 60210
radio 13 60724
radio 13 60741
radio 13 61254
radio 13 61271
radio 13 61784
radio 13 61819
radio 13 62333
radio 13 62350
radio 13 62863
radio 13 62894
radio 13 63408
radio 13 63442
radio 13 63956
radio 13 63973
radio 13 64486
radio 13 64503
radio 13 65016
radio 13 65033
radio 14 10
radio 14 86
radio 14 599
delay 17 24 14 616 14 1045 5 14 9 0 426 0 0
radio 14 623
radio 14 1137
radio 14 1336
radio 14 1849
radio 14 1879
radio 14 2393
radio 14 2422
radio 14 2936
radio 14 2966
radio 14 3480
radio 14 3497
radio 14 4010
radio 14 4026
radio 14 4540
radio 14 4557
radio 14 5070
radio 14 5124
radio 14 5638
radio 14 5671
radio 14 6185
radio 14 6202
radio 14 6715
radio 14 6732
radio 14 7245
radio 14 7298
radio 14 7812
radio 14 7829
radio 14 8342
radio 14 8376
radio 14 8890
radio 14 8906
radio 14 9420
radio 14 9451
radio 14 9965
radio 14 9982
radio 14 10495
radio 14 10544
radio 14 11058
radio 14 11075
radio 14 11588
radio 14 11605
radio 14 12118
radio 14 12148
radio 14 12662
radio 14 12679
radio 14 13192
radio 14 13209
radio 14 13722
radio 14 13752
radio 14 14266
radio 14 14283
radio 14 14796
radio 14 14847
radio 14 15361
radio 14 15397
radio 14 15911
radio 14 15928
radio 14 16441
radio 14 16458
radio 14 16971
radio 14 16988
radio 14 17501
radio 14 17531
radio 14 18045
radio 14 18116
radio 14 18630
radio 14 18647
radio 14 19160
radio 14 19177
radio 14 19690
radio 14 19707
radio 14 20220
radio 14 20255
radio 14 20769
delay 18 42 14 20840 14 20858 10 14 4 0 152 1 0
radio 14 21910
radio 14 22424
radio 14 22441
radio 14 22954
radio 14 22984
radio 14 23498
radio 14 23574
radio 14 24088
radio 14 24105
radio 14 24618
radio 14 24635
radio 14 25148
radio 14 25165
radio 14 25678
radio 14 25707
radio 14 26221
radio 14 26252
radio 14 26766
radio 14 26783
radio 14 27296
radio 14 27313
radio 14 27826
radio 14 27861
radio 14 28375
radio 14 28392
radio 14 28905
radio 14 28922
radio 14 29435
radio 14 29452
radio 14 29965
radio 14 29982
radio 14 30495
radio 14 30512
radio 14 31025
radio 14 31053
radio 14 31567
radio 14 31622
radio 14 32136
radio 14 32187
radio 14 32701
radio 14 32718
radio 14 33231
radio 14 33265
radio 14 33779
radio 14 33796
energy 14 33985 7 30782
radio 14 34309
radio 14 34343
radio 14 34857
radio 14 34906
radio 14 35420
radio 14 35450
radio 14 35964
radio 14 35992
radio 14 36506
radio 14 36540
radio 14 37054
radio 14 37205
radio 14 37719
radio 14 37736
radio 14 38249
radio 14 38266
radio 14 38779
radio 14 38811
radio 14 39325
radio 14 39376
radio 14 39890
radio 14 39938
radio 14 40452
radio 14 40469
radio 14 40982
radio 14 40999
radio 14 41512
delay 19 24 14 41860 14 42283 5 14 9 0 65535 0 0
radio 14 41868
radio 14 42383
radio 14 42428
radio 14 42941
radio 14 43009
radio 14 43523
radio 14 43540
radio 14 44053
radio 14 44088
radio 14 44602
radio 14 44638
radio 14 45152
radio 14 45169
radio 14 45682
radio 14 45711
radio 14 46225
radio 14 46242
radio 14 46755
radio 14 46772
radio 14 47285
radio 14 47302
radio 14 47815
radio 14 47849
radio 14 48363
radio 14 48392
radio 14 48906
radio 14 48937
radio 14 49451
radio 14 49468
radio 14 49981
radio 14 49998
radio 14 50511
radio 14 50528
radio 14 51041
radio 14 51075
radio 14 51589
radio 14 51624
radio 14 52138
radio 14 52167
radio 14 52681
radio 14 52712
radio 14 53226
radio 14 53243
radio 14 53756
radio 14 53804
radio 14 54318
radio 14 54348
radio 14 54862
radio 14 54879
radio 14 55392
radio 14 55409
radio 14 55922
radio 14 55939
radio 14 56452
radio 14 56487
radio 14 57001
radio 14 57031
radio 14 57545
radio 14 57562
radio 14 58075
radio 14 58107
radio 14 58621
radio 14 58638
radio 14 59151
radio 14 59181
radio 14 59695
radio 14 59724
radio 14 60238
radio 14 60268
radio 14 60782
radio 14 60799
radio 14 61312
radio 14 61329
radio 14 61842
delay 20 46 14 61884 14 61791 10 14 4 0 166 1 0
radio 14 62957
radio 14 63470
radio 14 63487
radio 14 64000
radio 14 64017
radio 14 64530
radio 14 64581
radio 14 65095
radio 14 65112
radio 15 89
radio 15 105
radio 15 619
radio 15 635
radio 15 1149
radio 15 1166
radio 15 1679
radio 15 1733
radio 15 2247
radio 15 2296
radio 15 2810
radio 15 2827
radio 15 3340
radio 15 3357
radio 15 3870
radio 15 3906
radio 15 4420
radio 15 4490
radio 15 5004
radio 15 5021
radio 15 5534
radio 15 5550
radio 15 6064
radio 15 6081
radio 15 6594
radio 15 6611
radio 15 7124
radio 15 7157
radio 15 7671
radio 15 7688
radio 15 8201
radio 15 8231
radio 15 8745
radio 15 8796
radio 15 9310
radio 15 9346
radio 15 9860
radio 15 9895
radio 15 10409
radio 15 10426
radio 15 10939
radio 15 10956
radio 15 11469
radio 15 11523
radio 15 12037
radio 15 12066
radio 15 12580
radio 15 12609
radio 15 13123
radio 15 13140
radio 15 13653
radio 15 13670
radio 15 14183
radio 15 14200
radio 15 14713
radio 15 14730
radio 15 15243
radio 15 15278
radio 15 15792
radio 15 15809
radio 15 16322
radio 15 16339
radio 15 16852
delay 21 46 15 16921 15 16828 10 14 4 0 211 1 0
radio 15 17987
radio 15 18501
radio 15 18529
radio 15 19043
radio 15 19060
radio 15 19573
radio 15 19590
radio 15 20103
radio 15 20131
radio 15 20645
radio 15 20662
radio 15 21175
radio 15 21203
radio 15 21717
radio 15 21734
radio 15 22247
radio 15 22279
radio 15 22793
radio 15 22848
radio 15 23362
radio 15 23391
radio 15 23905
radio 15 23922
radio 15 24435
radio 15 24452
radio 15 24965
radio 15 25015
radio 15 25529
radio 15 25546
radio 15 26059
radio 15 26087
radio 15 26601
radio 15 26618
radio 15 27131
radio 15 27159
radio 15 27673
radio 15 27690
radio 15 28203
radio 15 28238
radio 15 28752
radio 15 28769
radio 15 29282
radio 15 29313
radio 15 29827
radio 15 29844
energy 15 29889 7 35687
radio 15 30357
radio 15 30374
radio 15 30887
radio 15 30904
radio 15 31417
radio 15 31434
radio 15 31947
radio 15 31964
radio 15 32477
radio 15 32509
radio 15 33023
radio 15 33040
radio 15 33553
radio 15 33570
radio 15 34083
radio 15 34115
radio 15 34629
radio 15 34646
radio 15 35159
radio 15 35176
radio 15 35689
radio 15 35706
radio 15 36219
radio 15 36250
radio 15 36764
radio 15 36781
radio 15 37294
delay 22 47 15 37416 15 37371 14 14 65535 0 179 0 0
radio 15 37424
radio 15 37938
radio 15 37982
radio 15 38496
radio 15 38545
radio 15 39059
radio 15 39076
radio 15 39589
radio 15 39606
radio 15 40119
radio 15 40136
radio 15 40649
radio 15 40679
radio 15 41193
radio 15 41222
radio 15 41736
radio 15 41753
radio 15 42266
radio 15 42294
radio 15 42808
radio 15 42825
radio 15 43338
radio 15 43367
radio 15 43881
radio 15 43910
radio 15 44424
radio 15 44456
radio 15 44970
radio 15 44987
radio 15 45500
radio 15 45531
radio 15 46045
radio 15 46062
radio 15 46575
radio 15 46592
radio 15 47105
radio 15 47136
radio 15 47650
radio 15 47679
radio 15 48193
radio 15 48222
radio 15 48736
radio 15 48753
radio 15 49266
radio 15 49283
radio 15 49796
radio 15 49813
radio 15 50326
radio 15 50358
radio 15 50872
radio 15 50889
radio 15 51402
radio 15 51433
radio 15 51947
radio 15 51978
radio 15 52492
radio 15 52521
radio 15 53035
radio 15 53052
radio 15 53565
radio 15 53596
radio 15 54110
radio 15 54143
radio 15 54657
radio 15 54674
radio 15 55187
radio 15 55204
radio 15 55717
radio 15 55734
radio 15 56247
radio 15 56297
radio 15 56811
radio 15 56828
radio 15 57341
radio 15 57358
radio 15 57871
delay 23 14 15 57891 15 58634 5 14 9 0 216 1 0
radio 15 58948
radio 15 59461
radio 15 59529
radio 15 60043
radio 15 60060
radio 15 60573
radio 15 60606
radio 15 61120
radio 15 61137
radio 15 61650
radio 15 61682
radio 15 62196
radio 15 62213
radio 15 62726
radio 15 62743
radio 15 63256
radio 15 63307
radio 15 63821
radio 15 63838
radio 15 64351
radio 15 64383
radio 15 64897
radio 15 64914
radio 15 65427
radio 15 65444
radio 16 421
radio 16 437
radio 16 951
radio 16 981
radio 16 1494
radio 16 1511
radio 16 2024
radio 16 2041
radio 16 2554
radio 16 2571
radio 16 3084
radio 16 3115
radio 16 3629
radio 16 3646
radio 16 4159
radio 16 4176
radio 16 4689
radio 16 4720
radio 16 5234
radio 16 5251
radio 16 5764
radio 16 5793
radio 16 6307
radio 16 6324
radio 16 6837
radio 16 6854
radio 16 7367
radio 16 7397
radio 16 7911
radio 16 7939
radio 16 8453
radio 16 8470
radio 16 8983
radio 16 9000
radio 16 9513
radio 16 9547
radio 16 10061
radio 16 10096
radio 16 10610
radio 16 10627
radio 16 11140
radio 16 11169
radio 16 11683
radio 16 11733
radio 16 12247
radio 16 12264
radio 16 12777
delay 24 15 16 12793 16 13499 12 14 2 0 70 1 0
radio 16 13863
radio 16 14376
radio 16 14393
radio 16 14906
radio 16 14956
radio 16 15470
radio 16 15487
radio 16 16000
radio 16 16030
radio 16 16544
radio 16 16561
radio 16 17074
radio 16 17091
radio 16 17604
radio 16 17621
radio 16 18134
radio 16 18166
radio 16 18680
radio 16 18730
radio 16 19244
radio 16 19261
radio 16 19774
radio 16 19823
radio 16 20337
radio 16 20354
radio 16 20867
radio 16 20884
radio 16 21397
radio 16 21414
radio 16 21927
radio 16 21944
radio 16 22457
radio 16 22492
radio 16 23006
radio 16 23038
radio 16 23552
radio 16 23585
radio 16 24099
radio 16 24116
radio 16 24629
radio 16 24680
radio 16 25194
radio 16 25222
radio 16 25736
radio 16 25764
energy 16 25793 7 39944
radio 16 26278
radio 16 26306
radio 16 26820
radio 16 26855
radio 16 27369
radio 16 27386
radio 16 27899
radio 16 27916
radio 16 28429
radio 16 28502
radio 16 29016
radio 16 29049
radio 16 29563
radio 16 29580
radio 16 30093
radio 16 30110
radio 16 30623
radio 16 30640
radio 16 31153
radio 16 31170
radio 16 31683
radio 16 31700
radio 16 32213
radio 16 32244
radio 16 32758
radio 16 32790
radio 16 33304
delay 25 14 16 33575 16 34318 5 14 9 0 635 0 0
radio 16 33583
radio 16 34097
radio 16 34320
radio 16 34833
radio 16 34866
radio 16 35380
radio 16 35411
radio 16 35925
radio 16 35942
radio 16 36455
radio 16 36488
radio 16 37002
radio 16 37019
radio 16 37532
radio 16 37562
radio 16 38076
radio 16 38093
radio 16 38606
radio 16 38623
radio 16 39136
radio 16 39153
radio 16 39666
radio 16 39683
radio 16 40196
radio 16 40247
radio 16 40761
radio 16 40792
radio 16 41306
radio 16 41336
radio 16 41850
radio 16 41901
radio 16 42415
radio 16 42445
radio 16 42959
radio 16 42976
radio 16 43489
radio 16 43506
radio 16 44019
radio 16 44049
radio 16 44563
radio 16 44580
radio 16 45093
radio 16 45110
radio 16 45623
radio 16 45652
radio 16 46166
radio 16 46183
radio 16 46696
radio 16 46725
radio 16 47239
radio 16 47256
radio 16 47769
radio 16 47786
radio 16 48299
radio 16 48316
radio 16 48829
radio 16 48846
radio 16 49359
radio 16 49394
radio 16 49908
radio 16 49942
radio 16 50456
radio 16 50473
radio 16 50986
radio 16 51020
radio 16 51534
radio 16 51551
radio 16 52064
radio 16 52093
radio 16 52607
radio 16 52624
radio 16 53137
radio 16 53165
radio 16 53679
radio 16 53737
radio 16 54251
delay 26 24 16 54822 16 55251 5 14 9 0 997 0 0
radio 16 54830
radio 16 55344
radio 16 55361
radio 16 55874
radio 16 55891
radio 16 56404
radio 16 56436
radio 16 56950
radio 16 56967
radio 16 57480
radio 16 57515
radio 16 58029
radio 16 58080
radio 16 58594
radio 16 58611
radio 16 59124
radio 16 59141
radio 16 59654
radio 16 59688
radio 16 60202
radio 16 60253
radio 16 60767
radio 16 60803
radio 16 61317
radio 16 61352
radio 16 61866
radio 16 61883
radio 16 62396
radio 16 62430
radio 16 62944
radio 16 62961
radio 16 63474
radio 16 63491
radio 16 64004
radio 16 64037
radio 16 64551
radio 16 64568
radio 16 65081
radio 16 65098
radio 17 75
radio 17 91
radio 17 605
radio 17 621
radio 17 1135
radio 17 1163
radio 17 1677
radio 17 1694
radio 17 2207
radio 17 2224
radio 17 2737
radio 17 2789
radio 17 3303
radio 17 3339
radio 17 3853
radio 17 3870
radio 17 4383
radio 17 4400
radio 17 4913
radio 17 4929
radio 17 5443
radio 17 5493
radio 17 6007
radio 17 6023
radio 17 6537
radio 17 6589
radio 17 7103
radio 17 7158
radio 17 7672
radio 17 7742
radio 17 8256
radio 17 8290
radio 17 8804
delay 27 42 17 8908 17 8928 10 14 4 0 218 0 0
radio 17 8916
radio 17 9430
radio 17 9657
radio 17 10171
radio 17 10188
radio 17 10701
radio 17 10734
radio 17 11248
radio 17 11282
radio 17 11796
radio 17 11813
radio 17 12326
radio 17 12360
radio 17 12874
radio 17 12905
radio 17 13419
radio 17 13436
radio 17 13949
radio 17 13966
radio 17 14479
radio 17 14510
radio 17 15024
radio 17 15041
radio 17 15554
radio 17 15584
radio 17 16098
radio 17 16115
radio 17 16628
radio 17 16645
radio 17 17159
radio 17 17176
radio 17 17689
radio 17 17706
radio 17 18219
radio 17 18273
radio 17 18787
radio 17 18804
radio 17 19317
radio 17 19334
radio 17 19847
radio 17 19864
radio 17 20377
radio 17 20394
radio 17 20907
radio 17 20941
radio 17 21455
radio 17 21472
energy 17 21697 7 43468
radio 17 21985
radio 17 22002
radio 17 22515
radio 17 22532
radio 17 23045
radio 17 23062
radio 17 23575
radio 17 23592
radio 17 24105
radio 17 24135
radio 17 24649
radio 17 24721
radio 17 25235
radio 17 25252
radio 17 25765
radio 17 25782
radio 17 26295
radio 17 26312
radio 17 26825
radio 17 26842
radio 17 27355
radio 17 27384
radio 17 27898
radio 17 27915
radio 17 28428
radio 17 28445
radio 17 28958
delay 28 44 17 28996 17 29051 10 14 4 0 155 1 0
radio 17 30074
radio 17 30588
radio 17 30658
radio 17 31172
radio 17 31189
radio 17 31702
radio 17 31754
radio 17 32268
radio 17 32302
radio 17 32816
radio 17 32850
radio 17 33364
radio 17 33433
radio 17 33947
radio 17 33964
radio 17 34477
radio 17 34494
radio 17 35007
radio 17 35024
radio 17 35537
radio 17 35554
radio 17 36067
radio 17 36084
radio 17 36597
radio 17 36629
radio 17 37143
radio 17 37173
radio 17 37687
radio 17 37738
radio 17 38252
radio 17 38269
radio 17 38782
radio 17 38810
radio 17 39324
radio 17 39341
radio 17 39854
radio 17 39871
radio 17 40384
radio 17 40401
radio 17 40914
radio 17 40931
radio 17 41444
radio 17 41461
radio 17 41974
radio 17 41991
radio 17 42504
radio 17 42552
radio 17 43066
radio 17 43083
radio 17 43596
radio 17 43613
radio 17 44126
radio 17 44143
radio 17 44656
radio 17 44687
radio 17 45201
radio 17 45249
radio 17 45763
radio 17 45812
radio 17 46326
radio 17 46343
radio 17 46856
radio 17 46886
radio 17 47400
radio 17 47417
radio 17 47930
radio 17 47983
radio 17 48497
radio 17 48514
radio 17 49027
radio 17 49079
radio 17 49593
delay 29 24 17 49637 17 50066 5 14 9 0 224 0 0
radio 17 49644
radio 17 50159
radio 17 50267
radio 17 50780
radio 17 50823
radio 17 51337
radio 17 51373
radio 17 51887
radio 17 51904
radio 17 52417
radio 17 52448
radio 17 52962
radio 17 52979
radio 17 53492
radio 17 53509
radio 17 54022
radio 17 54039
radio 17 54552
radio 17 54569
radio 17 55082
radio 17 55099
radio 17 55612
radio 17 55667
radio 17 56181
radio 17 56198
radio 17 56711
radio 17 56728
radio 17 57241
radio 17 57269
radio 17 57783
radio 17 57800
radio 17 58313
radio 17 58341
radio 17 58855
radio 17 58890
radio 17 59404
radio 17 59421
radio 17 59934
radio 17 59951
radio 17 60464
radio 17 60481
radio 17 60994
radio 17 61011
radio 17 61524
radio 17 61541
radio 17 62054
radio 17 62083
radio 17 62597
radio 17 62627
radio 17 63141
radio 17 63213
radio 17 63727
radio 17 63761
radio 17 64275
radio 17 64292
radio 17 64805
radio 17 64822
radio 17 65335
radio 17 65352
radio 18 329
radio 18 379
radio 18 892
radio 18 920
radio 18 1433
radio 18 1462
radio 18 1976
radio 18 1993
radio 18 2506
radio 18 2534
radio 18 3048
radio 18 3065
radio 18 3578
radio 18 3595
radio 18 4108
radio 18 4124
radio 18 4638
delay 30 47 18 4803 18 4760 14 14 65535 0 138 0 0
radio 18 4811
radio 18 5326
radio 18 5696
radio 18 6209
radio 18 6225
radio 18 6739
radio 18 6756
radio 18 7269
radio 18 7286
radio 18 7799
radio 18 7853
radio 18 8367
radio 18 8384
radio 18 8897
radio 18 8927
radio 18 9441
radio 18 9458
radio 18 9971
radio 18 9988
radio 18 10501
radio 18 10550
radio 18 11064
radio 18 11081
radio 18 11594
radio 18 11622
radio 18 12136
radio 18 12153
radio 18 12666
radio 18 12683
radio 18 13196
radio 18 13213
radio 18 13726
radio 18 13755
radio 18 14269
radio 18 14286
radio 18 14799
radio 18 14850
radio 18 15364
radio 18 15381
radio 18 15894
radio 18 15911
radio 18 16424
radio 18 16441
radio 18 16954
radio 18 16971
radio 18 17484
radio 18 17501
energy 18 17601 7 47313
radio 18 18014
radio 18 18031
radio 18 18544
radio 18 18612
radio 18 19126
radio 18 19179
radio 18 19693
radio 18 19726
radio 18 20240
radio 18 20295
radio 18 20809
radio 18 20837
radio 18 21351
radio 18 21368
radio 18 21881
radio 18 21898
radio 18 22411
radio 18 22428
radio 18 22941
radio 18 22958
radio 18 23471
radio 18 23500
radio 18 24014
radio 18 24031
radio 18 24544
radio 18 24561
radio 18 25074
delay 31 24 18 25259 18 25688 5 14 9 0 422 0 0
radio 18 25266
radio 18 25781
radio 18 26127
radio 18 26640
radio 18 26657
radio 18 27170
radio 18 27198
radio 18 27712
radio 18 27743
radio 18 28257
radio 18 28274
radio 18 28787
radio 18 28804
radio 18 29317
radio 18 29334
radio 18 29847
radio 18 29864
radio 18 30377
radio 18 30394
radio 18 30907
radio 18 30924
radio 18 31437
radio 18 31454
radio 18 31967
radio 18 32001
radio 18 32515
radio 18 32532
radio 18 33045
radio 18 33062
radio 18 33575
radio 18 33644
radio 18 34158
radio 18 34175
radio 18 34688
radio 18 34705
radio 18 35218
radio 18 35249
radio 18 35763
radio 18 35780
radio 18 36293
radio 18 36310
radio 18 36823
radio 18 36913
radio 18 37427
radio 18 37462
radio 18 37976
radio 18 37993
radio 18 38506
radio 18 38534
radio 18 39048
radio 18 39102
radio 18 39616
radio 18 39647
radio 18 40161
radio 18 40178
radio 18 40691
radio 18 40708
radio 18 41221
radio 18 41249
radio 18 41763
radio 18 41780
radio 18 42293
radio 18 42310
radio 18 42823
radio 18 42877
radio 18 43391
radio 18 43408
radio 18 43921
radio 18 43956
radio 18 44470
radio 18 44487
radio 18 45000
radio 18 45070
radio 18 45584
delay 32 24 18 45660 18 46089 5 14 9 0 34 1 0
radio 18 46734
radio 18 47248
radio 18 47277
radio 18 47791
radio 18 47820
radio 18 48334
radio 18 48351
radio 18 48864
radio 18 48881
radio 18 49394
radio 18 49424
radio 18 49938
radio 18 49972
radio 18 50486
radio 18 50514
radio 18 51028
radio 18 51045
radio 18 51558
radio 18 51575
radio 18 52088
radio 18 52105
radio 18 52618
radio 18 52650
radio 18 53164
radio 18 53181
radio 18 53694
radio 18 53711
radio 18 54224
radio 18 54276
radio 18 54790
radio 18 54842
radio 18 55356
radio 18 55387
radio 18 55901
radio 18 55929
radio 18 56443
radio 18 56496
radio 18 57010
radio 18 57040
radio 18 57554
radio 18 57571
radio 18 58084
radio 18 58101
radio 18 58614
radio 18 58631
radio 18 59144
radio 18 59180
radio 18 59694
radio 18 59750
radio 18 60264
radio 18 60281
radio 18 60794
radio 18 60824
radio 18 61338
radio 18 61370
radio 18 61884
radio 18 61933
radio 18 62447
radio 18 62482
radio 18 62996
radio 18 63013
radio 18 63526
radio 18 63543
radio 18 64056
radio 18 64073
radio 18 64586
radio 18 64603
radio 18 65116
radio 18 65133
radio 19 110
radio 19 126
radio 19 640
delay 33 44 19 657 19 715 10 14 4 0 349 0 0
radio 19 664
radio 19 1178
radio 19 1386
radio 19 1900
radio 19 2014
radio 19 2527
radio 19 2579
radio 19 3093
radio 19 3109
radio 19 3623
radio 19 3656
radio 19 4170
radio 19 4203
radio 19 4717
radio 19 4734
radio 19 5247
radio 19 5263
radio 19 5777
radio 19 5794
radio 19 6307
radio 19 6357
radio 19 6871
radio 19 6902
radio 19 7416
radio 19 7445
radio 19 7959
radio 19 7976
radio 19 8489
radio 19 8505
radio 19 9019
radio 19 9036
radio 19 9549
radio 19 9566
radio 19 10079
radio 19 10096
radio 19 10609
radio 19 10626
radio 19 11139
radio 19 11156
radio 19 11669
radio 19 11686
radio 19 12199
radio 19 12216
radio 19 12729
radio 19 12783
radio 19 13297
radio 19 13330
energy 19 13505 7 51479
radio 19 13844
radio 19 13861
radio 19 14374
radio 19 14391
radio 19 14904
radio 19 14921
radio 19 15434
radio 19 15467
radio 19 15981
radio 19 16034
radio 19 16548
radio 19 16565
radio 19 17078
radio 19 17095
radio 19 17608
radio 19 17639
radio 19 18153
radio 19 18204
radio 19 18718
radio 19 18754
radio 19 19268
radio 19 19285
radio 19 19798
radio 19 19815
radio 19 20328
radio 19 20345
radio 19 20858
delay 34 42 19 21045 19 21066 10 14 4 0 358 0 0
radio 19 21052
radio 19 21567
radio 19 21809
radio 19 22323
radio 19 22340
radio 19 22853
radio 19 22882
radio 19 23396
radio 19 23471
radio 19 23985
radio 19 24015
radio 19 24529
radio 19 24562
radio 19 25076
radio 19 25093
radio 19 25606
radio 19 25623
radio 19 26136
radio 19 26153
radio 19 26666
radio 19 26699
radio 19 27213
radio 19 27244
radio 19 27758
radio 19 27788
radio 19 28302
radio 19 28335
radio 19 28849
radio 19 28924
radio 19 29438
radio 19 29472
radio 19 29986
radio 19 30003
radio 19 30516
radio 19 30545
radio 19 31059
radio 19 31076
radio 19 31589
radio 19 31621
radio 19 32135
radio 19 32163
radio 19 32677
radio 19 32694
radio 19 33207
radio 19 33236
radio 19 33750
radio 19 33778
radio 19 34292
radio 19 34309
radio 19 34822
radio 19 34839
radio 19 35352
radio 19 35369
radio 19 35882
radio 19 35899
radio 19 36412
radio 19 36429
radio 19 36942
radio 19 36970
radio 19 37484
radio 19 37515
radio 19 38029
radio 19 38061
radio 19 38575
radio 19 38611
radio 19 39125
radio 19 39142
radio 19 39655
radio 19 39729
radio 19 40243
radio 19 40260
radio 19 40773
radio 19 40790
radio 19 41303
delay 35 24 19 41605 19 42034 5 14 9 0 133 0 0
radio 19 41614
radio 19 42127
radio 19 42145
radio 19 42658
radio 19 42675
radio 19 43188
radio 19 43205
radio 19 43718
radio 19 43735
radio 19 44248
radio 19 44283
radio 19 44797
radio 19 44828
radio 19 45342
radio 19 45374
radio 19 45888
radio 19 45905
radio 19 46418
radio 19 46451
radio 19 46965
radio 19 46982
radio 19 47495
radio 19 47512
radio 19 48025
radio 19 48057
radio 19 48571
radio 19 48588
radio 19 49101
radio 19 49118
radio 19 49631
radio 19 49648
radio 19 50161
radio 19 50214
radio 19 50728
radio 19 50763
radio 19 51277
radio 19 51313
radio 19 51827
radio 19 51844
radio 19 52357
radio 19 52410
radio 19 52924
radio 19 52941
radio 19 53454
radio 19 53471
radio 19 53984
radio 19 54014
radio 19 54528
radio 19 54545
radio 19 55058
radio 19 55075
radio 19 55588
radio 19 55605
radio 19 56118
radio 19 56191
radio 19 56705
radio 19 56722
radio 19 57235
radio 19 57252
radio 19 57765
radio 19 57782
radio 19 58295
radio 19 58312
radio 19 58825
radio 19 58916
radio 19 59430
radio 19 59461
