Thread[Thread-1,5,main]tree 111 17 28 11 0 0
radio 7 11460
radio 7 11464
radio 7 11481
radio 7 11994
radio 7 12025
radio 7 12539
radio 7 12556
radio 7 13069
radio 7 13086
radio 7 13599
radio 7 13648
radio 7 14162
radio 7 14197
radio 7 14711
radio 7 14728
radio 7 15241
radio 7 15270
radio 7 15784
radio 7 15813
radio 7 16327
radio 7 16344
radio 7 16857
radio 7 16912
radio 7 17426
radio 7 17458
radio 7 17972
radio 7 18001
radio 7 18515
radio 7 18543
radio 7 19057
radio 7 19074
radio 7 19587
radio 7 19604
radio 7 20117
radio 7 20152
radio 7 20666
radio 7 20699
radio 7 21213
radio 7 21230
radio 7 21743
radio 7 21771
radio 7 22285
radio 7 22319
radio 7 22833
radio 7 22850
radio 7 23363
radio 7 23380
radio 7 23893
radio 7 23927
radio 7 24441
radio 7 24474
radio 7 24988
radio 7 25005
radio 7 25518
radio 7 25535
radio 7 26048
radio 7 26082
radio 7 26596
radio 7 26666
radio 7 27180
radio 7 27197
radio 7 27710
radio 7 27744
radio 7 28258
radio 7 28287
radio 7 28801
radio 7 28850
radio 7 29364
radio 7 29414
radio 7 29928
radio 7 29957
radio 7 30471
radio 7 30488
radio 7 31001
radio 7 31050
radio 7 31564
radio 7 31620
radio 7 32134
radio 7 32246
radio 7 32760
radio 7 32777
radio 7 33290
radio 7 33321
radio 7 33835
radio 7 33852
radio 7 34365
radio 7 34420
radio 7 34934
radio 7 34968
radio 7 35482
radio 7 35511
radio 7 36025
radio 7 36042
radio 7 36555
radio 7 36610
radio 7 37124
radio 7 37141
radio 7 37654
radio 7 37686
radio 7 38200
radio 7 38217
radio 7 38730
radio 7 38747
radio 7 39260
radio 7 39277
radio 7 39790
radio 7 39807
radio 7 40320
radio 7 40352
radio 7 40866
radio 7 40883
radio 7 41396
radio 7 41450
radio 7 41964
radio 7 41992
radio 7 42506
radio 7 42523
radio 7 43036
radio 7 43071
radio 7 43585
radio 7 43639
radio 7 44153
radio 7 44187
radio 7 44701
radio 7 44730
radio 7 45244
radio 7 45272
radio 7 45786
radio 7 45803
radio 7 46316
radio 7 46349
radio 7 46863
radio 7 46880
radio 7 47393
radio 7 47410
radio 7 47923
radio 7 47974
radio 7 48488
radio 7 48505
radio 7 49018
radio 7 49035
radio 7 49548
radio 7 49565
radio 7 50078
radio 7 50095
radio 7 50608
radio 7 50625
radio 7 51138
radio 7 51189
radio 7 51703
radio 7 51757
radio 7 52271
radio 7 52288
radio 7 52801
radio 7 52833
radio 7 53347
radio 7 53364
radio 7 53877
radio 7 53925
radio 7 54439
radio 7 54456
radio 7 54969
radio 7 54986
radio 7 55499
radio 7 55516
radio 7 56029
radio 7 56046
radio 7 56559
radio 7 56576
radio 7 57089
radio 7 57106
radio 7 57619
radio 7 57636
radio 7 58149
radio 7 58166
radio 7 58679
radio 7 58696
radio 7 59209
radio 7 59260
radio 7 59774
radio 7 59791
radio 7 60304
radio 7 60355
radio 7 60869
radio 7 60886
radio 7 61399
radio 7 61429
radio 7 61943
radio 7 61960
radio 7 62473
radio 7 62522
radio 7 63036
radio 7 63064
radio 7 63578
radio 7 63608
radio 7 64122
radio 7 64152
radio 7 64666
radio 7 64700
radio 7 65214
radio 7 65245
radio 8 223
radio 8 252
radio 8 765
radio 8 781
radio 8 1295
radio 8 1324
radio 8 1837
radio 8 1854
radio 8 2367
radio 8 2383
radio 8 2897
radio 8 2927
radio 8 3440
radio 8 3457
radio 8 3970
radio 8 4059
radio 8 4572
radio 8 4603
radio 8 5116
radio 8 5144
radio 8 5657
radio 8 5674
radio 8 6187
radio 8 6204
radio 8 6717
radio 8 6765
radio 8 7278
radio 8 7295
energy 8 7376 7 14066
radio 8 7808
radio 8 7837
radio 8 8350
radio 8 8403
radio 8 8916
radio 8 8933
radio 8 9446
radio 8 9497
radio 8 10010
radio 8 10045
radio 8 10559
radio 8 10576
radio 8 11089
radio 8 11106
radio 8 11619
radio 8 11672
radio 8 12186
radio 8 12219
radio 8 12733
radio 8 12750
radio 8 13263
radio 8 13298
radio 8 13812
radio 8 13829
radio 8 14342
radio 8 14391
radio 8 14905
radio 8 15053
radio 8 15567
radio 8 15595
radio 8 16109
radio 8 16126
radio 8 16639
radio 8 16731
radio 8 17245
radio 8 17275
radio 8 17789
radio 8 17806
radio 8 18319
radio 8 18368
radio 8 18882
radio 8 18937
radio 8 19451
radio 8 19468
radio 8 19981
radio 8 19998
radio 8 20511
radio 8 20566
radio 8 21080
radio 8 21108
radio 8 21622
radio 8 21639
radio 8 22152
radio 8 22169
radio 8 22682
radio 8 22699
radio 8 23212
radio 8 23229
radio 8 23742
radio 8 23774
radio 8 24288
radio 8 24359
radio 8 24873
radio 8 24901
radio 8 25415
radio 8 25444
radio 8 25958
radio 8 25975
radio 8 26488
radio 8 26505
radio 8 27018
radio 8 27035
radio 8 27548
radio 8 27601
radio 8 28115
radio 8 28185
radio 8 28699
radio 8 28716
radio 8 29229
radio 8 29246
radio 8 29759
radio 8 29776
radio 8 30289
radio 8 30306
radio 8 30819
radio 8 30853
radio 8 31367
radio 8 31415
radio 8 31929
radio 8 31964
radio 8 32478
radio 8 32495
radio 8 33008
radio 8 33025
radio 8 33538
radio 8 33555
radio 8 34068
radio 8 34099
radio 8 34613
radio 8 34663
radio 8 35177
radio 8 35194
radio 8 35707
radio 8 35724
radio 8 36237
radio 8 36272
radio 8 36786
radio 8 36822
radio 8 37336
radio 8 37353
radio 8 37866
radio 8 37896
radio 8 38410
radio 8 38427
radio 8 38940
radio 8 38990
radio 8 39504
radio 8 39553
radio 8 40067
radio 8 40099
radio 8 40613
radio 8 40647
radio 8 41161
radio 8 41193
radio 8 41707
radio 8 41761
radio 8 42275
radio 8 42310
radio 8 42824
radio 8 42841
radio 8 43354
radio 8 43371
radio 8 43884
radio 8 43901
radio 8 44414
radio 8 44431
radio 8 44944
radio 8 44974
radio 8 45488
radio 8 45505
radio 8 46018
radio 8 46094
radio 8 46608
delay 0 4 8 46629 8 46609 12 18 6 0 123 0 0
radio 8 46636
radio 8 47150
radio 8 47437
radio 8 47950
radio 8 48055
radio 8 48569
radio 8 48602
radio 8 49116
radio 8 49148
radio 8 49662
radio 8 49692
radio 8 50206
radio 8 50256
radio 8 50770
radio 8 50787
radio 8 51300
radio 8 51317
radio 8 51830
radio 8 51847
radio 8 52360
radio 8 52377
radio 8 52890
radio 8 52907
radio 8 53420
radio 8 53437
radio 8 53950
radio 8 53980
radio 8 54494
radio 8 54547
radio 8 55061
radio 8 55112
radio 8 55626
radio 8 55658
radio 8 56172
radio 8 56223
radio 8 56737
radio 8 56791
radio 8 57305
radio 8 57340
radio 8 57854
radio 8 57909
radio 8 58423
radio 8 58440
radio 8 58953
radio 8 58970
radio 8 59483
radio 8 59513
radio 8 60027
radio 8 60044
radio 8 60557
radio 8 60574
radio 8 61087
radio 8 61121
radio 8 61635
radio 8 61688
radio 8 62202
radio 8 62230
radio 8 62744
radio 8 62777
radio 8 63291
radio 8 63308
radio 8 63821
radio 8 63850
radio 8 64364
radio 8 64381
radio 8 64894
radio 8 64924
radio 8 65438
radio 8 65455
radio 9 432
radio 9 482
radio 9 995
radio 9 1028
radio 9 1541
delay 1 4 9 1634 9 1614 12 18 6 0 226 1 0
radio 9 2704
radio 9 3217
radio 9 3234
energy 9 3280 7 18342
radio 9 3747
radio 9 3764
radio 9 4277
radio 9 4293
radio 9 4807
radio 9 4838
radio 9 5351
radio 9 5379
radio 9 5892
radio 9 5908
radio 9 6422
radio 9 6450
radio 9 6963
radio 9 6980
radio 9 7493
radio 9 7510
radio 9 8023
radio 9 8055
radio 9 8568
radio 9 8584
radio 9 9098
radio 9 9152
radio 9 9665
radio 9 9682
radio 9 10195
radio 9 10231
radio 9 10745
radio 9 10775
radio 9 11289
radio 9 11306
radio 9 11819
radio 9 11867
radio 9 12381
radio 9 12429
radio 9 12943
radio 9 12960
radio 9 13473
radio 9 13506
radio 9 14020
radio 9 14073
radio 9 14587
radio 9 14619
radio 9 15133
radio 9 15150
radio 9 15663
radio 9 15680
radio 9 16193
radio 9 16210
radio 9 16723
radio 9 16752
radio 9 17266
radio 9 17318
radio 9 17832
radio 9 17883
radio 9 18397
radio 9 18426
radio 9 18940
radio 9 18957
radio 9 19470
radio 9 19487
radio 9 20000
radio 9 20053
radio 9 20567
radio 9 20676
radio 9 21190
radio 9 21225
radio 9 21739
radio 9 21769
radio 9 22283
delay 2 3 9 22426 9 22318 5 18 13 1 644 0 0
radio 9 22433
radio 9 22947
radio 9 22967
radio 9 23480
radio 9 23510
radio 9 24024
radio 9 24076
radio 9 24590
radio 9 24607
radio 9 25120
radio 9 25154
radio 9 25668
radio 9 25720
radio 9 26234
radio 9 26251
radio 9 26764
radio 9 26795
radio 9 27309
radio 9 27326
radio 9 27839
radio 9 27856
radio 9 28369
radio 9 28386
radio 9 28899
radio 9 28916
radio 9 29429
radio 9 29446
radio 9 29959
radio 9 30008
radio 9 30522
radio 9 30557
radio 9 31071
radio 9 31088
radio 9 31601
radio 9 31618
radio 9 32131
radio 9 32160
radio 9 32674
radio 9 32707
radio 9 33221
radio 9 33238
radio 9 33751
radio 9 33768
radio 9 34281
radio 9 34298
radio 9 34811
radio 9 34828
radio 9 35341
radio 9 35390
radio 9 35904
radio 9 35921
radio 9 36434
radio 9 36462
radio 9 36976
radio 9 36993
radio 9 37506
radio 9 37556
radio 9 38070
radio 9 38087
radio 9 38600
radio 9 38651
radio 9 39165
radio 9 39182
radio 9 39695
radio 9 39712
radio 9 40225
radio 9 40242
radio 9 40755
radio 9 40772
radio 9 41285
radio 9 41302
radio 9 41815
radio 9 41843
radio 9 42357
delay 3 4 9 43135 9 43116 12 18 6 0 610 0 0
radio 9 43144
radio 9 43657
radio 9 43807
radio 9 44320
radio 9 44337
radio 9 44850
radio 9 44882
radio 9 45396
radio 9 45426
radio 9 45940
radio 9 45992
radio 9 46506
radio 9 46540
radio 9 47054
radio 9 47071
radio 9 47584
radio 9 47601
radio 9 48114
radio 9 48131
radio 9 48644
radio 9 48661
radio 9 49174
radio 9 49191
radio 9 49704
radio 9 49780
radio 9 50294
radio 9 50311
radio 9 50824
radio 9 50841
radio 9 51354
radio 9 51387
radio 9 51901
radio 9 51930
radio 9 52444
radio 9 52473
radio 9 52987
radio 9 53004
radio 9 53517
radio 9 53534
radio 9 54047
radio 9 54076
radio 9 54590
radio 9 54607
radio 9 55120
radio 9 55137
radio 9 55650
radio 9 55699
radio 9 56213
radio 9 56265
radio 9 56779
radio 9 56810
radio 9 57324
radio 9 57341
radio 9 57854
radio 9 57905
radio 9 58419
radio 9 58470
radio 9 58984
radio 9 59001
radio 9 59514
radio 9 59547
radio 9 60061
radio 9 60078
radio 9 60591
radio 9 60626
radio 9 61140
radio 9 61272
radio 9 61786
radio 9 61803
radio 9 62316
radio 9 62349
radio 9 62863
delay 4 16 9 62879 9 62512 14 18 4 0 106 1 0
radio 9 63939
radio 9 64452
radio 9 64503
energy 9 64720 7 22932
radio 9 65017
radio 9 65034
radio 10 11
radio 10 64
radio 10 577
radio 10 606
radio 10 1119
radio 10 1172
radio 10 1686
radio 10 1737
radio 10 2251
radio 10 2281
radio 10 2795
radio 10 2824
radio 10 3338
radio 10 3373
radio 10 3887
radio 10 3904
radio 10 4417
radio 10 4466
radio 10 4980
radio 10 5011
radio 10 5525
radio 10 5593
radio 10 6107
radio 10 6124
radio 10 6637
radio 10 6654
radio 10 7167
radio 10 7184
radio 10 7697
radio 10 7714
radio 10 8227
radio 10 8258
radio 10 8772
radio 10 8789
radio 10 9302
radio 10 9319
radio 10 9832
radio 10 9849
radio 10 10362
radio 10 10379
radio 10 10892
radio 10 10909
radio 10 11422
radio 10 11453
radio 10 11967
radio 10 11998
radio 10 12512
radio 10 12540
radio 10 13054
radio 10 13071
radio 10 13584
radio 10 13617
radio 10 14131
radio 10 14148
radio 10 14661
radio 10 14712
radio 10 15226
radio 10 15243
radio 10 15756
radio 10 15791
radio 10 16305
radio 10 16322
radio 10 16835
radio 10 16852
radio 10 17365
radio 10 17382
radio 10 17895
delay 5 3 10 17911 10 17803 5 18 13 1 173 1 0
radio 10 18981
radio 10 19495
radio 10 19512
radio 10 20025
radio 10 20058
radio 10 20572
radio 10 20589
radio 10 21102
radio 10 21135
radio 10 21649
radio 10 21666
radio 10 22179
radio 10 22211
radio 10 22725
radio 10 22774
radio 10 23288
radio 10 23343
radio 10 23857
radio 10 23886
radio 10 24400
radio 10 24436
radio 10 24950
radio 10 24967
radio 10 25480
radio 10 25497
radio 10 26010
radio 10 26027
radio 10 26540
radio 10 26594
radio 10 27108
radio 10 27125
radio 10 27638
radio 10 27655
radio 10 28168
radio 10 28200
radio 10 28714
radio 10 28731
radio 10 29244
radio 10 29275
radio 10 29789
radio 10 29844
radio 10 30358
radio 10 30392
radio 10 30906
radio 10 30958
radio 10 31472
radio 10 31502
radio 10 32016
radio 10 32049
radio 10 32563
radio 10 32580
radio 10 33093
radio 10 33122
radio 10 33636
radio 10 33653
radio 10 34166
radio 10 34216
radio 10 34730
radio 10 34761
radio 10 35275
radio 10 35292
radio 10 35805
radio 10 35822
radio 10 36335
radio 10 36370
radio 10 36884
radio 10 36901
radio 10 37414
radio 10 37431
radio 10 37944
radio 10 37992
radio 10 38506
delay 6 15 10 38565 10 38252 12 18 6 0 286 1 0
radio 10 39633
radio 10 40146
radio 10 40196
radio 10 40710
radio 10 40727
radio 10 41240
radio 10 41270
radio 10 41784
radio 10 41820
radio 10 42334
radio 10 42383
radio 10 42897
radio 10 42951
radio 10 43465
radio 10 43499
radio 10 44013
radio 10 44068
radio 10 44582
radio 10 44610
radio 10 45124
radio 10 45252
radio 10 45766
radio 10 45795
radio 10 46309
radio 10 46340
radio 10 46854
radio 10 46871
radio 10 47384
radio 10 47416
radio 10 47930
radio 10 47985
radio 10 48499
radio 10 48567
radio 10 49081
radio 10 49132
radio 10 49646
radio 10 49676
radio 10 50190
radio 10 50219
radio 10 50733
radio 10 50750
radio 10 51263
radio 10 51334
radio 10 51848
radio 10 51883
radio 10 52397
radio 10 52452
radio 10 52966
radio 10 53018
radio 10 53532
radio 10 53549
radio 10 54062
radio 10 54079
radio 10 54592
radio 10 54620
radio 10 55134
radio 10 55151
radio 10 55664
radio 10 55696
radio 10 56210
radio 10 56238
radio 10 56752
radio 10 56769
radio 10 57282
radio 10 57314
radio 10 57828
radio 10 57860
radio 10 58374
radio 10 58464
radio 10 58978
delay 7 15 10 59134 10 58820 12 18 6 0 423 0 0
radio 10 59143
radio 10 59656
radio 10 59700
radio 10 60214
radio 10 60272
energy 10 60624 7 28077
radio 10 60786
radio 10 60803
radio 10 61316
radio 10 61349
radio 10 61863
radio 10 61880
radio 10 62393
radio 10 62449
radio 10 62963
radio 10 62991
radio 10 63505
radio 10 63534
radio 10 64048
radio 10 64076
radio 10 64590
radio 10 64619
radio 10 65133
radio 10 65182
radio 11 160
radio 11 192
radio 11 705
radio 11 721
radio 11 1235
radio 11 1289
radio 11 1803
radio 11 1835
radio 11 2349
radio 11 2366
radio 11 2879
radio 11 2911
radio 11 3425
radio 11 3442
radio 11 3955
radio 11 4005
radio 11 4519
radio 11 4554
radio 11 5068
radio 11 5096
radio 11 5610
radio 11 5640
radio 11 6154
radio 11 6182
radio 11 6696
radio 11 6713
radio 11 7226
radio 11 7262
radio 11 7776
radio 11 7805
radio 11 8319
radio 11 8348
radio 11 8862
radio 11 8879
radio 11 9392
radio 11 9422
radio 11 9936
radio 11 9953
radio 11 10466
radio 11 10483
radio 11 10996
radio 11 11013
radio 11 11526
radio 11 11557
radio 11 12071
radio 11 12104
radio 11 12618
radio 11 12652
radio 11 13166
radio 11 13201
radio 11 13715
radio 11 13732
radio 11 14245
delay 8 3 11 14319 11 14210 5 18 13 1 570 0 0
radio 11 14326
radio 11 14840
radio 11 14918
radio 11 15432
radio 11 15460
radio 11 15974
radio 11 15991
radio 11 16504
radio 11 16521
radio 11 17034
radio 11 17064
radio 11 17578
radio 11 17595
radio 11 18108
radio 11 18125
radio 11 18638
radio 11 18655
radio 11 19168
radio 11 19223
radio 11 19737
radio 11 19754
radio 11 20267
radio 11 20284
radio 11 20797
radio 11 20831
radio 11 21345
radio 11 21362
radio 11 21875
radio 11 21892
radio 11 22405
radio 11 22422
radio 11 22935
radio 11 22952
radio 11 23465
radio 11 23495
radio 11 24009
radio 11 24026
radio 11 24539
radio 11 24595
radio 11 25109
radio 11 25126
radio 11 25639
radio 11 25674
radio 11 26188
radio 11 26238
radio 11 26752
radio 11 26784
radio 11 27298
radio 11 27315
radio 11 27828
radio 11 27845
radio 11 28358
radio 11 28375
radio 11 28888
radio 11 28920
radio 11 29434
radio 11 29451
radio 11 29964
radio 11 30014
radio 11 30528
radio 11 30559
radio 11 31073
radio 11 31090
radio 11 31603
radio 11 31620
radio 11 32133
radio 11 32150
radio 11 32663
radio 11 32680
radio 11 33193
radio 11 33210
radio 11 33723
radio 11 33751
radio 11 34265
delay 9 15 11 34475 11 34161 12 18 6 0 438 0 0
radio 11 34482
radio 11 34997
radio 11 35042
radio 11 35556
radio 11 35598
radio 11 36111
radio 11 36142
radio 11 36656
radio 11 36690
radio 11 37204
radio 11 37258
radio 11 37772
radio 11 37802
radio 11 38316
radio 11 38348
radio 11 38862
radio 11 38879
radio 11 39392
radio 11 39427
radio 11 39941
radio 11 39972
radio 11 40486
radio 11 40541
radio 11 41055
radio 11 41088
radio 11 41602
radio 11 41637
radio 11 42151
radio 11 42168
radio 11 42681
radio 11 42698
radio 11 43211
radio 11 43280
radio 11 43794
radio 11 43864
radio 11 44378
radio 11 44450
radio 11 44964
radio 11 44981
radio 11 45494
radio 11 45511
radio 11 46024
radio 11 46041
radio 11 46554
radio 11 46571
radio 11 47084
radio 11 47101
radio 11 47614
radio 11 47631
radio 11 48144
radio 11 48175
radio 11 48689
radio 11 48706
radio 11 49219
radio 11 49236
radio 11 49749
radio 11 49779
radio 11 50293
radio 11 50321
radio 11 50835
radio 11 50906
radio 11 51420
radio 11 51437
radio 11 51950
radio 11 51967
radio 11 52480
radio 11 52497
radio 11 53010
radio 11 53039
radio 11 53553
radio 11 53570
radio 11 54083
radio 11 54131
radio 11 54645
delay 10 7 11 55601 11 55464 10 18 8 0 1049 0 0
radio 11 55609
radio 11 56124
radio 11 56175
energy 11 56528 7 31794
radio 11 56688
radio 11 56721
radio 11 57235
radio 11 57252
radio 11 57765
radio 11 57795
radio 11 58309
radio 11 58360
radio 11 58874
radio 11 58903
radio 11 59417
radio 11 59446
radio 11 59960
radio 11 59977
radio 11 60490
radio 11 60539
radio 11 61053
radio 11 61104
radio 11 61618
radio 11 61649
radio 11 62163
radio 11 62212
radio 11 62726
radio 11 62743
radio 11 63256
radio 11 63286
radio 11 63800
radio 11 63817
radio 11 64330
radio 11 64347
radio 11 64860
radio 11 64877
radio 11 65390
radio 11 65407
radio 12 384
radio 12 400
radio 12 914
radio 12 931
radio 12 1444
radio 12 1532
radio 12 2046
radio 12 2063
radio 12 2576
radio 12 2611
radio 12 3125
radio 12 3178
radio 12 3692
radio 12 3709
radio 12 4222
radio 12 4251
radio 12 4765
radio 12 4782
radio 12 5295
radio 12 5312
radio 12 5825
radio 12 5856
radio 12 6370
radio 12 6424
radio 12 6938
radio 12 6967
radio 12 7481
radio 12 7498
radio 12 8011
radio 12 8028
radio 12 8541
radio 12 8558
radio 12 9071
radio 12 9102
radio 12 9616
delay 11 16 12 9772 12 9404 14 18 4 0 231 1 0
radio 12 10836
radio 12 11350
radio 12 11382
radio 12 11896
radio 12 11929
radio 12 12443
radio 12 12460
radio 12 12973
radio 12 12990
radio 12 13503
radio 12 13552
radio 12 14066
radio 12 14097
radio 12 14611
radio 12 14640
radio 12 15154
radio 12 15189
radio 12 15703
radio 12 15753
radio 12 16267
radio 12 16315
radio 12 16829
radio 12 16846
radio 12 17359
radio 12 17376
radio 12 17889
radio 12 17906
radio 12 18419
radio 12 18450
radio 12 18964
radio 12 19037
radio 12 19551
radio 12 19568
radio 12 20081
radio 12 20098
radio 12 20611
radio 12 20628
radio 12 21141
radio 12 21174
radio 12 21688
radio 12 21740
radio 12 22254
radio 12 22284
radio 12 22798
radio 12 22815
radio 12 23328
radio 12 23378
radio 12 23892
radio 12 23943
radio 12 24457
radio 12 24488
radio 12 25002
radio 12 25033
radio 12 25547
radio 12 25579
radio 12 26093
radio 12 26141
radio 12 26655
radio 12 26688
radio 12 27202
radio 12 27219
radio 12 27732
radio 12 27749
radio 12 28262
radio 12 28279
radio 12 28792
radio 12 28846
radio 12 29360
radio 12 29390
radio 12 29904
delay 12 4 12 30081 12 30064 12 18 6 0 18 1 0
radio 12 31157
radio 12 31671
radio 12 31688
radio 12 32201
radio 12 32218
radio 12 32731
radio 12 32781
radio 12 33295
radio 12 33324
radio 12 33838
radio 12 33930
radio 12 34444
radio 12 34478
radio 12 34992
radio 12 35009
radio 12 35522
radio 12 35557
radio 12 36071
radio 12 36100
radio 12 36614
radio 12 36662
radio 12 37176
radio 12 37205
radio 12 37719
radio 12 37736
radio 12 38249
radio 12 38266
radio 12 38779
radio 12 38796
radio 12 39309
radio 12 39326
radio 12 39839
radio 12 39868
radio 12 40382
radio 12 40417
radio 12 40931
radio 12 40961
radio 12 41475
radio 12 41492
radio 12 42005
radio 12 42033
radio 12 42547
radio 12 42564
radio 12 43077
radio 12 43105
radio 12 43619
radio 12 43636
radio 12 44149
radio 12 44197
radio 12 44711
radio 12 44728
radio 12 45241
radio 12 45258
radio 12 45771
radio 12 45788
radio 12 46301
radio 12 46333
radio 12 46847
radio 12 46895
radio 12 47409
radio 12 47442
radio 12 47956
radio 12 47989
radio 12 48503
radio 12 48520
radio 12 49033
radio 12 49050
radio 12 49563
radio 12 49592
radio 12 50106
radio 12 50123
radio 12 50636
delay 13 15 12 50683 12 50368 12 18 6 0 116 1 0
radio 12 51847
radio 12 52360
radio 12 52394
energy 12 52432 7 37910
radio 12 52908
radio 12 52938
radio 12 53452
radio 12 53501
radio 12 54015
radio 12 54069
radio 12 54583
radio 12 54613
radio 12 55127
radio 12 55177
radio 12 55691
radio 12 55742
radio 12 56256
radio 12 56273
radio 12 56786
radio 12 56803
radio 12 57316
radio 12 57344
radio 12 57858
radio 12 57875
radio 12 58388
radio 12 58405
radio 12 58918
radio 12 58968
radio 12 59482
radio 12 59518
radio 12 60032
radio 12 60049
radio 12 60562
radio 12 60592
radio 12 61106
radio 12 61194
radio 12 61708
radio 12 61736
radio 12 62250
radio 12 62267
radio 12 62780
radio 12 62808
radio 12 63322
radio 12 63339
radio 12 63852
radio 12 63886
radio 12 64400
radio 12 64448
radio 12 64962
radio 12 64990
radio 12 65504
radio 12 65533
radio 13 511
radio 13 546
radio 13 1059
radio 13 1076
radio 13 1589
radio 13 1640
radio 13 2154
radio 13 2171
radio 13 2684
radio 13 2713
radio 13 3227
radio 13 3244
radio 13 3757
radio 13 3813
radio 13 4327
radio 13 4344
radio 13 4857
radio 13 4906
radio 13 5420
delay 14 15 13 5463 13 5148 12 18 6 0 85 1 0
radio 13 6535
radio 13 7049
radio 13 7066
radio 13 7579
radio 13 7612
radio 13 8126
radio 13 8143
radio 13 8656
radio 13 8725
radio 13 9239
radio 13 9292
radio 13 9806
radio 13 9835
radio 13 10349
radio 13 10366
radio 13 10879
radio 13 10929
radio 13 11443
radio 13 11477
radio 13 11991
radio 13 12008
radio 13 12521
radio 13 12538
radio 13 13051
radio 13 13085
radio 13 13599
radio 13 13616
radio 13 14129
radio 13 14146
radio 13 14659
radio 13 14712
radio 13 15226
radio 13 15243
radio 13 15756
radio 13 15773
radio 13 16286
radio 13 16303
radio 13 16816
radio 13 16844
radio 13 17358
radio 13 17391
radio 13 17905
radio 13 17954
radio 13 18468
radio 13 18502
radio 13 19016
radio 13 19049
radio 13 19563
radio 13 19580
radio 13 20093
radio 13 20124
radio 13 20638
radio 13 20655
radio 13 21168
radio 13 21185
radio 13 21698
radio 13 21726
radio 13 22240
radio 13 22257
radio 13 22770
radio 13 22821
radio 13 23335
radio 13 23352
radio 13 23865
radio 13 23893
radio 13 24407
radio 13 24424
radio 13 24937
radio 13 24993
radio 13 25507
radio 13 25539
radio 13 26053
delay 15 19 13 26073 13 25688 15 18 3 0 252 0 0
radio 13 26081
radio 13 26595
radio 13 26709
radio 13 27222
radio 13 27351
radio 13 27864
radio 13 27881
radio 13 28394
radio 13 28411
radio 13 28924
radio 13 28941
radio 13 29454
radio 13 29525
radio 13 30039
radio 13 30056
radio 13 30569
radio 13 30601
radio 13 31115
radio 13 31169
radio 13 31683
radio 13 31731
radio 13 32245
radio 13 32262
radio 13 32775
radio 13 32792
radio 13 33305
radio 13 33340
radio 13 33854
radio 13 33871
radio 13 34384
radio 13 34401
radio 13 34914
radio 13 34931
radio 13 35444
radio 13 35461
radio 13 35974
radio 13 36029
radio 13 36543
radio 13 36560
radio 13 37073
radio 13 37102
radio 13 37616
radio 13 37633
radio 13 38146
radio 13 38178
radio 13 38692
radio 13 38709
radio 13 39222
radio 13 39278
radio 13 39792
radio 13 39820
radio 13 40334
radio 13 40364
radio 13 40878
radio 13 40895
radio 13 41408
radio 13 41425
radio 13 41938
radio 13 42006
radio 13 42520
radio 13 42555
radio 13 43069
radio 13 43086
radio 13 43599
radio 13 43616
radio 13 44129
radio 13 44146
radio 13 44659
radio 13 44676
radio 13 45189
radio 13 45219
radio 13 45733
radio 13 45766
radio 13 46280
delay 16 3 13 46405 13 46289 5 18 13 1 65535 0 0
radio 13 46413
radio 13 46928
radio 13 46978
radio 13 47491
radio 13 47801
radio 13 48315
energy 13 48340 7 42173
radio 13 48368
radio 13 48882
radio 13 48911
radio 13 49425
radio 13 49453
radio 13 49967
radio 13 49984
radio 13 50497
radio 13 50531
radio 13 51045
radio 13 51076
radio 13 51590
radio 13 51620
radio 13 52134
radio 13 52162
radio 13 52676
radio 13 52709
radio 13 53223
radio 13 53240
radio 13 53753
radio 13 53770
radio 13 54283
radio 13 54300
radio 13 54813
radio 13 54865
radio 13 55379
radio 13 55431
radio 13 55945
radio 13 55962
radio 13 56475
radio 13 56504
radio 13 57018
radio 13 57035
radio 13 57548
radio 13 57602
radio 13 58116
radio 13 58151
radio 13 58665
radio 13 58693
radio 13 59207
radio 13 59235
radio 13 59749
radio 13 59780
radio 13 60294
radio 13 60329
radio 13 60843
radio 13 60874
radio 13 61388
radio 13 61419
radio 13 61933
radio 13 61962
radio 13 62476
radio 13 62524
radio 13 63038
radio 13 63067
radio 13 63581
radio 13 63598
radio 13 64111
radio 13 64139
radio 13 64653
radio 13 64684
radio 13 65198
radio 13 65251
radio 14 229
radio 14 278
radio 14 791
radio 14 808
radio 14 1321
delay 17 6 14 1336 14 1211 5 18 13 1 77 1 0
radio 14 2493
radio 14 3006
radio 14 3023
radio 14 3536
radio 14 3553
radio 14 4066
radio 14 4122
radio 14 4636
radio 14 4666
radio 14 5180
radio 14 5211
radio 14 5725
radio 14 5754
radio 14 6268
radio 14 6322
radio 14 6836
radio 14 6864
radio 14 7378
radio 14 7407
radio 14 7921
radio 14 7938
radio 14 8451
radio 14 8484
radio 14 8998
radio 14 9049
radio 14 9563
radio 14 9591
radio 14 10105
radio 14 10156
radio 14 10670
radio 14 10722
radio 14 11236
radio 14 11288
radio 14 11802
radio 14 11819
radio 14 12332
radio 14 12349
radio 14 12862
radio 14 12890
radio 14 13404
radio 14 13421
radio 14 13934
radio 14 13985
radio 14 14499
radio 14 14533
radio 14 15047
radio 14 15064
radio 14 15577
radio 14 15605
radio 14 16119
radio 14 16136
radio 14 16649
radio 14 16666
radio 14 17179
radio 14 17196
radio 14 17709
radio 14 17726
radio 14 18239
radio 14 18273
radio 14 18787
radio 14 18818
radio 14 19332
radio 14 19349
radio 14 19862
radio 14 19879
radio 14 20392
radio 14 20426
radio 14 20940
radio 14 20996
radio 14 21510
radio 14 21559
radio 14 22073
delay 18 15 14 22090 14 21773 12 18 6 0 424 0 0
radio 14 22097
radio 14 22612
radio 14 22629
radio 14 23142
radio 14 23231
radio 14 23744
radio 14 23772
radio 14 24286
radio 14 24303
radio 14 24816
radio 14 24844
radio 14 25358
radio 14 25375
radio 14 25888
radio 14 25905
radio 14 26418
radio 14 26435
radio 14 26948
radio 14 26977
radio 14 27491
radio 14 27541
radio 14 28055
radio 14 28072
radio 14 28585
radio 14 28616
radio 14 29130
radio 14 29147
radio 14 29660
radio 14 29677
radio 14 30190
radio 14 30222
radio 14 30736
radio 14 30785
radio 14 31299
radio 14 31334
radio 14 31848
radio 14 31900
radio 14 32414
radio 14 32463
radio 14 32977
radio 14 32994
radio 14 33507
radio 14 33524
radio 14 34037
radio 14 34054
radio 14 34567
radio 14 34600
radio 14 35114
radio 14 35166
radio 14 35680
radio 14 35710
radio 14 36224
radio 14 36241
radio 14 36754
radio 14 36771
radio 14 37284
radio 14 37301
radio 14 37814
radio 14 37831
radio 14 38344
radio 14 38361
radio 14 38874
radio 14 38891
radio 14 39404
radio 14 39454
radio 14 39968
radio 14 40019
radio 14 40533
radio 14 40550
radio 14 41063
radio 14 41080
radio 14 41593
radio 14 41621
radio 14 42135
delay 19 32 14 42205 14 41487 5 18 13 1 57 1 0
radio 14 43277
radio 14 43790
radio 14 43807
energy 14 44240 7 47034
radio 14 44320
radio 14 44337
radio 14 44850
radio 14 44880
radio 14 45394
radio 14 45411
radio 14 45924
radio 14 45954
radio 14 46468
radio 14 46517
radio 14 47031
radio 14 47063
radio 14 47577
radio 14 47669
radio 14 48183
radio 14 48200
radio 14 48713
radio 14 48730
radio 14 49243
radio 14 49260
radio 14 49773
radio 14 49804
radio 14 50318
radio 14 50335
radio 14 50848
radio 14 50865
radio 14 51378
radio 14 51412
radio 14 51926
radio 14 51954
radio 14 52468
radio 14 52485
radio 14 52998
radio 14 53015
radio 14 53528
radio 14 53545
radio 14 54058
radio 14 54075
radio 14 54588
radio 14 54605
radio 14 55118
radio 14 55154
radio 14 55668
radio 14 55685
radio 14 56198
radio 14 56215
radio 14 56728
radio 14 56745
radio 14 57258
radio 14 57275
radio 14 57788
radio 14 57805
radio 14 58318
radio 14 58350
radio 14 58864
radio 14 58881
radio 14 59394
radio 14 59411
radio 14 59924
radio 14 59941
radio 14 60454
radio 14 60471
radio 14 60984
radio 14 61094
radio 14 61608
radio 14 61625
radio 14 62138
radio 14 62155
radio 14 62668
delay 20 21 14 62689 14 62200 5 18 13 1 58 1 0
radio 14 63760
radio 14 64274
radio 14 64342
radio 14 64856
radio 14 64884
radio 14 65398
radio 14 65415
radio 15 392
radio 15 408
radio 15 922
radio 15 938
radio 15 1452
radio 15 1469
radio 15 1982
radio 15 1999
radio 15 2512
radio 15 2529
radio 15 3042
radio 15 3059
radio 15 3572
radio 15 3589
radio 15 4102
radio 15 4119
radio 15 4632
radio 15 4683
radio 15 5197
radio 15 5232
radio 15 5746
radio 15 5763
radio 15 6276
radio 15 6293
radio 15 6806
radio 15 6855
radio 15 7369
radio 15 7397
radio 15 7911
radio 15 7940
radio 15 8454
radio 15 8530
radio 15 9044
radio 15 9061
radio 15 9574
radio 15 9602
radio 15 10116
radio 15 10145
radio 15 10659
radio 15 10689
radio 15 11203
radio 15 11220
radio 15 11733
radio 15 11806
radio 15 12320
radio 15 12337
radio 15 12850
radio 15 12878
radio 15 13392
radio 15 13424
radio 15 13938
radio 15 13955
radio 15 14468
radio 15 14485
radio 15 14998
radio 15 15015
radio 15 15528
radio 15 15556
radio 15 16070
radio 15 16087
radio 15 16600
radio 15 16617
radio 15 17130
radio 15 17147
radio 15 17660
delay 21 16 15 17786 15 17415 14 18 4 0 177 1 0
radio 15 18854
radio 15 19367
radio 15 19399
radio 15 19913
radio 15 19930
radio 15 20443
radio 15 20511
radio 15 21025
radio 15 21061
radio 15 21575
radio 15 21592
radio 15 22105
radio 15 22122
radio 15 22635
radio 15 22652
radio 15 23165
radio 15 23213
radio 15 23727
radio 15 23744
radio 15 24257
radio 15 24305
radio 15 24819
radio 15 24836
radio 15 25349
radio 15 25366
radio 15 25879
radio 15 25896
radio 15 26409
radio 15 26426
radio 15 26939
radio 15 27010
radio 15 27524
radio 15 27541
radio 15 28054
radio 15 28071
radio 15 28584
radio 15 28613
radio 15 29127
radio 15 29144
radio 15 29657
radio 15 29707
radio 15 30221
radio 15 30249
radio 15 30763
radio 15 30780
radio 15 31293
radio 15 31310
radio 15 31823
radio 15 31840
radio 15 32353
radio 15 32387
radio 15 32901
radio 15 32955
radio 15 33469
radio 15 33499
radio 15 34013
radio 15 34043
radio 15 34557
radio 15 34592
radio 15 35106
radio 15 35159
radio 15 35673
radio 15 35701
radio 15 36215
radio 15 36246
radio 15 36760
radio 15 36788
radio 15 37302
radio 15 37319
radio 15 37832
radio 15 37883
radio 15 38397
delay 22 3 15 38438 15 38327 5 18 13 1 368 0 0
radio 15 38445
radio 15 38960
radio 15 38978
radio 15 39491
radio 15 39559
radio 15 40073
radio 15 40125
energy 15 40144 7 51690
radio 15 40639
radio 15 40673
radio 15 41187
radio 15 41236
radio 15 41750
radio 15 41798
radio 15 42312
radio 15 42347
radio 15 42861
radio 15 42878
radio 15 43391
radio 15 43446
radio 15 43960
radio 15 43977
radio 15 44490
radio 15 44507
radio 15 45020
radio 15 45037
radio 15 45550
radio 15 45567
radio 15 46080
radio 15 46097
radio 15 46610
radio 15 46643
radio 15 47157
radio 15 47174
radio 15 47687
radio 15 47704
radio 15 48217
radio 15 48270
radio 15 48784
radio 15 48819
radio 15 49333
radio 15 49350
radio 15 49863
radio 15 49916
radio 15 50430
radio 15 50460
radio 15 50974
radio 15 50991
radio 15 51504
radio 15 51552
radio 15 52066
radio 15 52101
radio 15 52615
radio 15 52667
radio 15 53181
radio 15 53232
radio 15 53746
radio 15 53763
radio 15 54276
radio 15 54293
radio 15 54806
radio 15 54823
radio 15 55336
radio 15 55367
radio 15 55881
radio 15 55951
radio 15 56465
radio 15 56515
radio 15 57029
radio 15 57046
radio 15 57559
radio 15 57576
radio 15 58089
radio 15 58106
radio 15 58619
delay 23 21 15 58666 15 58177 5 18 13 1 80 1 0
radio 15 59734
radio 15 60247
radio 15 60262
radio 15 60776
radio 15 60793
radio 15 61306
radio 15 61323
radio 15 61836
radio 15 61867
radio 15 62381
radio 15 62398
radio 15 62911
radio 15 62928
radio 15 63441
radio 15 63475
radio 15 63989
radio 15 64006
radio 15 64519
radio 15 64550
radio 15 65064
radio 15 65098
radio 16 76
radio 16 92
radio 16 605
radio 16 621
radio 16 1135
radio 16 1152
radio 16 1665
radio 16 1682
radio 16 2195
radio 16 2212
radio 16 2725
radio 16 2759
radio 16 3273
radio 16 3301
radio 16 3815
radio 16 3848
radio 16 4362
radio 16 4378
radio 16 4892
radio 16 4909
radio 16 5422
radio 16 5439
radio 16 5952
radio 16 5980
radio 16 6494
radio 16 6565
radio 16 7079
radio 16 7113
radio 16 7627
radio 16 7644
radio 16 8157
radio 16 8174
radio 16 8687
radio 16 8704
radio 16 9217
radio 16 9234
radio 16 9747
radio 16 9777
radio 16 10291
radio 16 10342
radio 16 10856
radio 16 10873
radio 16 11386
radio 16 11416
radio 16 11930
radio 16 11981
radio 16 12495
radio 16 12528
radio 16 13042
radio 16 13059
radio 16 13572
delay 24 19 16 13651 16 13269 15 18 3 0 93 1 0
radio 16 14729
radio 16 15243
radio 16 15260
radio 16 15773
radio 16 15803
radio 16 16317
radio 16 16334
radio 16 16847
radio 16 16882
radio 16 17396
radio 16 17413
radio 16 17926
radio 16 17943
radio 16 18456
radio 16 18473
radio 16 18986
radio 16 19003
radio 16 19516
radio 16 19533
radio 16 20046
radio 16 20097
radio 16 20611
radio 16 20639
radio 16 21153
radio 16 21170
radio 16 21683
radio 16 21700
radio 16 22213
radio 16 22230
radio 16 22743
radio 16 22760
radio 16 23273
radio 16 23290
radio 16 23803
radio 16 23820
radio 16 24333
radio 16 24350
radio 16 24863
radio 16 24917
radio 16 25431
radio 16 25448
radio 16 25961
radio 16 25978
radio 16 26491
radio 16 26522
radio 16 27036
radio 16 27053
radio 16 27566
radio 16 27639
radio 16 28153
radio 16 28170
radio 16 28683
radio 16 28716
radio 16 29230
radio 16 29320
radio 16 29834
radio 16 29851
radio 16 30364
radio 16 30392
radio 16 30906
radio 16 30959
radio 16 31473
radio 16 31527
radio 16 32041
radio 16 32075
radio 16 32589
radio 16 32606
radio 16 33119
radio 16 33136
radio 16 33649
radio 16 33666
radio 16 34179
delay 25 3 16 34199 16 34088 5 18 13 1 246 1 0
radio 16 35270
radio 16 35784
radio 16 35818
energy 16 36048 7 57280
radio 16 36332
radio 16 36363
radio 16 36877
radio 16 36911
radio 16 37425
radio 16 37475
radio 16 37989
radio 16 38006
radio 16 38519
radio 16 38552
radio 16 39066
radio 16 39096
radio 16 39610
radio 16 39663
radio 16 40177
radio 16 40211
radio 16 40725
radio 16 40742
radio 16 41255
radio 16 41291
radio 16 41805
radio 16 41838
radio 16 42352
radio 16 42404
radio 16 42918
radio 16 42946
radio 16 43460
radio 16 43477
radio 16 43990
radio 16 44007
radio 16 44520
radio 16 44537
radio 16 45050
radio 16 45083
radio 16 45597
radio 16 45649
radio 16 46163
radio 16 46195
radio 16 46709
radio 16 46726
radio 16 47239
radio 16 47293
radio 16 47807
radio 16 47878
radio 16 48392
radio 16 48409
radio 16 48922
radio 16 48939
radio 16 49452
radio 16 49469
radio 16 49982
radio 16 49999
radio 16 50512
radio 16 50529
radio 16 51042
radio 16 51059
radio 16 51572
radio 16 51589
radio 16 52102
radio 16 52131
radio 16 52645
radio 16 52680
radio 16 53194
radio 16 53229
radio 16 53743
radio 16 53760
radio 16 54273
radio 16 54290
radio 16 54803
delay 26 19 16 54821 16 54440 15 18 3 0 48 1 0
radio 16 55883
radio 16 56397
radio 16 56414
radio 16 56927
radio 16 56979
radio 16 57493
radio 16 57510
radio 16 58023
radio 16 58040
radio 16 58553
radio 16 58583
radio 16 59097
radio 16 59114
radio 16 59627
radio 16 59644
radio 16 60157
radio 16 60191
radio 16 60705
radio 16 60722
radio 16 61235
radio 16 61252
radio 16 61765
radio 16 61782
radio 16 62295
radio 16 62351
radio 16 62865
radio 16 62882
radio 16 63395
radio 16 63428
radio 16 63942
radio 16 63959
radio 16 64472
radio 16 64520
radio 16 65034
radio 16 65062
radio 17 40
radio 17 56
radio 17 569
radio 17 598
radio 17 1111
radio 17 1128
radio 17 1641
radio 17 1658
radio 17 2171
radio 17 2187
radio 17 2701
radio 17 2718
radio 17 3231
radio 17 3248
radio 17 3761
radio 17 3814
radio 17 4328
radio 17 4364
radio 17 4878
radio 17 4895
radio 17 5408
radio 17 5425
radio 17 5938
radio 17 5955
radio 17 6468
radio 17 6536
radio 17 7050
radio 17 7078
radio 17 7592
radio 17 7648
radio 17 8162
radio 17 8179
radio 17 8692
radio 17 8742
radio 17 9256
radio 17 9287
radio 17 9801
delay 27 15 17 9822 17 9502 12 18 6 0 344 0 0
radio 17 9829
radio 17 10343
radio 17 10388
radio 17 10901
radio 17 10971
radio 17 11485
radio 17 11502
radio 17 12015
radio 17 12032
radio 17 12545
radio 17 12562
radio 17 13075
radio 17 13092
radio 17 13605
radio 17 13635
radio 17 14149
radio 17 14184
radio 17 14698
radio 17 14750
radio 17 15264
radio 17 15293
radio 17 15807
radio 17 15824
radio 17 16337
radio 17 16387
radio 17 16901
radio 17 16953
radio 17 17467
radio 17 17498
radio 17 18012
radio 17 18029
radio 17 18542
radio 17 18559
radio 17 19072
radio 17 19124
radio 17 19638
radio 17 19655
radio 17 20168
radio 17 20185
radio 17 20698
radio 17 20729
radio 17 21243
radio 17 21260
radio 17 21773
radio 17 21790
radio 17 22303
radio 17 22334
radio 17 22848
radio 17 22865
radio 17 23378
radio 17 23448
radio 17 23962
radio 17 23979
radio 17 24492
radio 17 24523
radio 17 25037
radio 17 25054
radio 17 25567
radio 17 25615
radio 17 26129
radio 17 26161
radio 17 26675
radio 17 26692
radio 17 27205
radio 17 27222
radio 17 27735
radio 17 27764
radio 17 28278
radio 17 28308
radio 17 28822
radio 17 28839
radio 17 29352
radio 17 29425
radio 17 29939
delay 28 3 17 29953 17 29842 5 18 13 1 43 1 0
radio 17 31021
radio 17 31534
radio 17 31563
energy 17 31952 7 61882
radio 17 32077
radio 17 32094
radio 17 32607
radio 17 32624
radio 17 33137
radio 17 33165
radio 17 33679
radio 17 33711
radio 17 34225
radio 17 34242
radio 17 34755
radio 17 34772
radio 17 35285
radio 17 35302
radio 17 35815
radio 17 35832
radio 17 36345
radio 17 36362
radio 17 36875
radio 17 36928
radio 17 37442
radio 17 37459
radio 17 37972
radio 17 38026
radio 17 38540
radio 17 38615
radio 17 39129
radio 17 39219
radio 17 39733
radio 17 39782
radio 17 40296
radio 17 40328
radio 17 40842
radio 17 40870
radio 17 41384
radio 17 41413
radio 17 41927
radio 17 41975
radio 17 42489
radio 17 42519
radio 17 43033
radio 17 43050
radio 17 43563
radio 17 43580
radio 17 44093
radio 17 44125
radio 17 44639
radio 17 44656
radio 17 45169
radio 17 45199
radio 17 45713
radio 17 45746
radio 17 46260
radio 17 46314
radio 17 46828
radio 17 46857
radio 17 47371
radio 17 47388
radio 17 47901
radio 17 47918
radio 17 48431
radio 17 48448
radio 17 48961
radio 17 48989
radio 17 49503
radio 17 49534
radio 17 50048
radio 17 50101
radio 17 50615
delay 29 4 17 50807 17 50794 12 18 6 0 165 1 0
radio 17 51875
radio 17 52389
radio 17 52406
radio 17 52919
radio 17 52954
radio 17 53468
radio 17 53517
radio 17 54031
radio 17 54048
radio 17 54561
radio 17 54589
radio 17 55103
radio 17 55135
radio 17 55649
radio 17 55719
radio 17 56233
radio 17 56262
radio 17 56776
radio 17 56805
radio 17 57319
radio 17 57336
radio 17 57849
radio 17 57866
radio 17 58379
radio 17 58396
radio 17 58909
radio 17 58926
radio 17 59439
radio 17 59494
radio 17 60008
radio 17 60044
radio 17 60558
radio 17 60575
radio 17 61088
radio 17 61105
radio 17 61618
radio 17 61635
radio 17 62148
radio 17 62177
radio 17 62691
radio 17 62708
radio 17 63221
radio 17 63238
radio 17 63751
radio 17 63783
radio 17 64297
radio 17 64329
radio 17 64843
radio 17 64860
radio 17 65373
radio 17 65409
radio 18 387
radio 18 403
radio 18 917
radio 18 972
radio 18 1485
radio 18 1533
radio 18 2047
radio 18 2064
radio 18 2577
radio 18 2594
radio 18 3107
radio 18 3135
radio 18 3649
radio 18 3699
radio 18 4213
radio 18 4246
radio 18 4760
radio 18 4791
radio 18 5305
delay 30 14 18 5326 18 5037 5 18 13 1 65535 0 0
radio 18 5333
radio 18 5848
radio 18 5881
radio 18 6394
radio 18 6415
radio 18 6928
radio 18 7054
radio 18 7568
radio 18 7622
radio 18 8136
radio 18 8245
radio 18 8759
radio 18 8810
radio 18 9324
radio 18 9373
radio 18 9887
radio 18 9917
radio 18 10431
radio 18 10448
radio 18 10961
radio 18 10989
radio 18 11503
radio 18 11520
radio 18 12033
radio 18 12050
radio 18 12563
radio 18 12580
radio 18 13093
radio 18 13161
radio 18 13675
radio 18 13708
radio 18 14222
radio 18 14255
radio 18 14769
radio 18 14786
radio 18 15299
radio 18 15352
radio 18 15866
radio 18 15898
radio 18 16412
radio 18 16446
radio 18 16960
radio 18 16991
radio 18 17505
radio 18 17522
radio 18 18035
radio 18 18052
radio 18 18565
radio 18 18600
radio 18 19114
radio 18 19144
radio 18 19658
radio 18 19692
radio 18 20206
radio 18 20237
radio 18 20751
radio 18 20768
radio 18 21281
radio 18 21298
radio 18 21811
radio 18 21841
radio 18 22355
radio 18 22387
radio 18 22901
radio 18 22918
radio 18 23431
radio 18 23460
radio 18 23974
radio 18 23991
radio 18 24504
radio 18 24535
radio 18 25049
radio 18 25066
radio 18 25579
radio 18 25596
radio 18 26109
delay 31 3 18 26238 18 26126 5 18 13 1 17 1 0
radio 18 27310
radio 18 27824
radio 18 27841
energy 18 27856 8 1480
radio 18 28354
radio 18 28385
radio 18 28899
radio 18 28916
radio 18 29429
radio 18 29462
radio 18 29976
radio 18 29993
radio 18 30506
radio 18 30577
radio 18 31091
radio 18 31108
radio 18 31621
radio 18 31638
radio 18 32151
radio 18 32186
radio 18 32700
radio 18 32717
radio 18 33230
radio 18 33247
radio 18 33760
radio 18 33777
radio 18 34290
radio 18 34307
radio 18 34820
radio 18 34850
radio 18 35364
radio 18 35392
radio 18 35906
radio 18 35923
radio 18 36436
radio 18 36453
radio 18 36966
radio 18 36983
radio 18 37496
radio 18 37513
radio 18 38026
radio 18 38060
radio 18 38574
radio 18 38625
radio 18 39139
radio 18 39169
radio 18 39683
radio 18 39716
radio 18 40230
radio 18 40262
radio 18 40776
radio 18 40793
radio 18 41306
radio 18 41323
radio 18 41836
radio 18 41906
radio 18 42420
radio 18 42449
radio 18 42963
radio 18 42992
radio 18 43506
radio 18 43535
radio 18 44049
radio 18 44066
radio 18 44579
radio 18 44634
radio 18 45148
radio 18 45165
radio 18 45678
radio 18 45707
radio 18 46221
delay 32 6 18 46241 18 46111 5 18 13 1 1 1 0
radio 18 47322
radio 18 47836
radio 18 47887
radio 18 48401
radio 18 48429
radio 18 48943
radio 18 48972
radio 18 49486
radio 18 49503
radio 18 50016
radio 18 50033
radio 18 50546
radio 18 50563
radio 18 51076
radio 18 51093
radio 18 51606
radio 18 51623
radio 18 52136
radio 18 52187
radio 18 52701
radio 18 52718
radio 18 53231
radio 18 53248
radio 18 53761
radio 18 53830
radio 18 54344
radio 18 54372
radio 18 54886
radio 18 54917
radio 18 55431
radio 18 55448
radio 18 55961
radio 18 55994
radio 18 56508
radio 18 56560
radio 18 57074
radio 18 57105
radio 18 57619
radio 18 57649
radio 18 58163
radio 18 58191
radio 18 58705
radio 18 58722
radio 18 59235
radio 18 59309
radio 18 59823
radio 18 59852
radio 18 60366
radio 18 60398
radio 18 60912
radio 18 60929
radio 18 61442
radio 18 61512
radio 18 62026
radio 18 62043
radio 18 62556
radio 18 62584
radio 18 63098
radio 18 63129
radio 18 63643
radio 18 63660
radio 18 64173
radio 18 64241
radio 18 64755
radio 18 64786
radio 18 65300
radio 18 65317
radio 19 294
radio 19 385
radio 19 898
radio 19 914
radio 19 1428
delay 33 16 19 1528 19 1154 14 18 4 0 73 1 0
radio 19 2598
radio 19 3112
radio 19 3135
radio 19 3648
radio 19 3668
radio 19 4181
radio 19 4214
radio 19 4728
radio 19 4745
radio 19 5258
radio 19 5275
radio 19 5788
radio 19 5820
radio 19 6334
radio 19 6368
radio 19 6882
radio 19 6917
radio 19 7431
radio 19 7483
radio 19 7997
radio 19 8013
radio 19 8527
radio 19 8543
radio 19 9057
radio 19 9074
radio 19 9587
radio 19 9603
radio 19 10117
radio 19 10134
radio 19 10647
radio 19 10678
radio 19 11192
radio 19 11223
radio 19 11737
radio 19 11754
radio 19 12267
radio 19 12284
radio 19 12797
radio 19 12814
radio 19 13327
radio 19 13344
radio 19 13857
radio 19 13874
radio 19 14387
radio 19 14438
radio 19 14952
radio 19 14983
radio 19 15497
radio 19 15514
radio 19 16027
radio 19 16044
radio 19 16557
radio 19 16574
radio 19 17087
radio 19 17104
radio 19 17617
radio 19 17634
radio 19 18147
radio 19 18175
radio 19 18689
radio 19 18717
radio 19 19231
radio 19 19263
radio 19 19777
radio 19 19806
radio 19 20320
radio 19 20337
radio 19 20850
radio 19 20904
radio 19 21418
radio 19 21435
radio 19 21948
delay 34 3 19 21963 19 21851 5 18 13 1 145 1 0
radio 19 23030
radio 19 23544
radio 19 23573
energy 19 23760 8 7110
radio 19 24087
radio 19 24121
radio 19 24635
radio 19 24652
radio 19 25165
radio 19 25182
radio 19 25695
radio 19 25712
radio 19 26225
radio 19 26242
radio 19 26755
radio 19 26772
radio 19 27285
radio 19 27316
radio 19 27830
radio 19 27858
radio 19 28372
radio 19 28389
radio 19 28902
radio 19 28919
radio 19 29432
radio 19 29449
radio 19 29962
radio 19 29979
radio 19 30492
radio 19 30509
radio 19 31022
radio 19 31039
radio 19 31552
radio 19 31600
radio 19 32114
radio 19 32131
radio 19 32644
radio 19 32661
radio 19 33174
radio 19 33191
radio 19 33704
radio 19 33739
radio 19 34253
radio 19 34288
radio 19 34802
radio 19 34855
radio 19 35369
radio 19 35386
radio 19 35899
radio 19 35916
radio 19 36429
radio 19 36446
radio 19 36959
radio 19 36989
radio 19 37503
radio 19 37520
radio 19 38033
radio 19 38063
radio 19 38577
radio 19 38594
radio 19 39107
radio 19 39155
radio 19 39669
radio 19 39686
radio 19 40199
radio 19 40216
radio 19 40729
radio 19 40746
radio 19 41259
radio 19 41276
radio 19 41789
radio 19 41806
radio 19 42319
radio 19 42336
radio 19 42849
delay 35 6 19 43386 19 43263 5 18 13 1 1043 0 0
radio 19 43394
radio 19 43909
radio 19 43926
radio 19 44439
radio 19 44469
radio 19 44983
radio 19 45000
radio 19 45513
radio 19 45530
radio 19 46043
radio 19 46060
radio 19 46573
radio 19 46590
radio 19 47103
radio 19 47154
radio 19 47668
radio 19 47685
radio 19 48198
radio 19 48215
radio 19 48728
radio 19 48745
radio 19 49258
radio 19 49287
radio 19 49801
radio 19 49818
radio 19 50331
radio 19 50400
radio 19 50914
radio 19 50931
radio 19 51444
radio 19 51461
radio 19 51974
radio 19 51991
radio 19 52504
radio 19 52521
radio 19 53034
radio 19 53051
radio 19 53564
radio 19 53581
radio 19 54094
radio 19 54145
radio 19 54659
radio 19 54689
radio 19 55203
radio 19 55239
radio 19 55753
radio 19 55782
radio 19 56296
radio 19 56313
radio 19 56826
radio 19 56843
radio 19 57356
radio 19 57373
radio 19 57886
radio 19 57903
radio 19 58416
radio 19 58450
radio 19 58964
radio 19 58996
radio 19 59510
radio 19 59527
radio 19 60040
radio 19 60057
radio 19 60570
radio 19 60603
