Thread[Thread-1,5,main]tree 23 21 24 14 0 0
radio 5 26736
radio 5 26740
radio 5 26772
radio 5 27286
radio 5 27314
radio 5 27828
radio 5 27858
radio 5 28372
radio 5 28404
radio 5 28918
delay 28 5 5 28931 5 57834 13 16 3 0 28880 0 0
radio 5 28939
radio 5 29454
radio 5 29469
radio 5 29982
radio 5 29996
radio 5 30509
radio 5 30526
radio 5 31040
radio 5 31057
radio 5 31571
delay 100 15 5 31606 5 54481 13 16 3 0 22911 0 0
radio 5 31614
radio 5 32128
radio 5 32192
radio 5 32705
radio 5 32755
radio 5 33268
radio 5 33297
radio 5 33811
radio 5 33828
radio 5 34342
radio 5 34393
radio 5 34907
radio 5 34924
radio 5 35438
radio 5 35455
radio 5 35969
radio 5 36017
radio 5 36531
radio 5 36582
radio 5 37096
radio 5 37113
radio 5 37627
radio 5 37644
radio 5 38158
radio 5 38228
radio 5 38742
radio 5 38796
radio 5 39310
radio 5 39345
radio 5 39859
radio 5 39887
radio 5 40401
radio 5 40418
radio 5 40932
radio 5 40949
radio 5 41463
radio 5 41480
radio 5 41994
radio 5 42047
radio 5 42561
radio 5 42612
radio 5 43126
radio 5 43157
radio 5 43671
radio 5 43724
radio 5 44238
radio 5 44270
radio 5 44784
radio 5 44817
radio 5 45331
radio 5 45364
radio 5 45878
radio 5 45906
radio 5 46420
radio 5 46437
radio 5 46951
radio 5 46968
radio 5 47482
radio 5 47534
radio 5 48048
radio 5 48083
radio 5 48597
radio 5 48633
radio 5 49147
radio 5 49164
radio 5 49678
radio 5 49731
radio 5 50245
radio 5 50262
radio 5 50776
radio 5 50793
radio 5 51307
radio 5 51324
radio 5 51838
radio 5 51855
radio 5 52369
radio 5 52386
radio 5 52900
radio 5 52952
radio 5 53466
radio 5 53495
radio 5 54009
radio 5 54026
radio 5 54540
radio 5 54557
radio 5 55071
radio 5 55088
radio 5 55602
radio 5 55619
radio 5 56133
radio 5 56162
radio 5 56676
radio 5 56727
radio 5 57241
radio 5 57270
radio 5 57784
radio 5 57813
radio 5 58327
radio 5 58396
radio 5 58910
radio 5 58961
radio 5 59475
radio 5 59509
radio 5 60023
radio 5 60040
radio 5 60554
radio 5 60586
radio 5 61100
radio 5 61117
radio 5 61631
radio 5 61648
radio 5 62162
radio 5 62179
radio 5 62693
radio 5 62727
radio 5 63241
radio 5 63271
radio 5 63785
radio 5 63802
radio 5 64316
radio 5 64333
radio 5 64847
radio 5 64895
radio 5 65409
radio 5 65461
radio 6 439
radio 6 456
radio 6 969
radio 6 986
radio 6 1499
radio 6 1516
radio 6 2029
radio 6 2058
radio 6 2572
radio 6 2600
radio 6 3114
radio 6 3163
radio 6 3677
radio 6 3694
radio 6 4207
radio 6 4224
radio 6 4737
radio 6 4754
radio 6 5267
radio 6 5284
radio 6 5797
radio 6 5825
radio 6 6339
radio 6 6375
radio 6 6889
radio 6 6906
radio 6 7419
radio 6 7467
radio 6 7981
radio 6 8012
radio 6 8526
radio 6 8594
radio 6 9108
radio 6 9125
radio 6 9638
radio 6 9666
radio 6 10180
radio 6 10197
radio 6 10711
radio 6 10760
radio 6 11274
radio 6 11304
radio 6 11818
radio 6 11848
radio 6 12362
radio 6 12379
radio 6 12893
radio 6 12924
radio 6 13438
radio 6 13469
radio 6 13983
radio 6 14014
radio 6 14528
radio 6 14562
radio 6 15076
radio 6 15132
radio 6 15646
radio 6 15663
radio 6 16177
radio 6 16194
radio 6 16708
radio 6 16842
radio 6 17356
radio 6 17405
radio 6 17919
radio 6 17936
radio 6 18450
radio 6 18467
radio 6 18981
radio 6 18998
radio 6 19512
radio 6 19529
radio 6 20043
radio 6 20060
radio 6 20574
radio 6 20604
radio 6 21118
radio 6 21135
radio 6 21649
radio 6 21684
radio 6 22198
radio 6 22215
energy 6 22652 5 29491
radio 6 22729
radio 6 22783
radio 6 23297
radio 6 23314
radio 6 23828
radio 6 23845
radio 6 24358
radio 6 24392
radio 6 24906
radio 6 24935
radio 6 25449
radio 6 25466
radio 6 25979
radio 6 25996
radio 6 26510
radio 6 26527
radio 6 27041
radio 6 27076
radio 6 27590
radio 6 27607
radio 6 28121
radio 6 28138
radio 6 28652
radio 6 28669
radio 6 29182
radio 6 29212
radio 6 29726
radio 6 29798
radio 6 30312
radio 6 30349
radio 6 30863
radio 6 30895
radio 6 31409
radio 6 31457
radio 6 31971
radio 6 31988
radio 6 32502
radio 6 32519
radio 6 33033
radio 6 33087
radio 6 33601
radio 6 33755
radio 6 34269
radio 6 34383
radio 6 34897
radio 6 34945
radio 6 35459
radio 6 35491
radio 6 36005
radio 6 36035
radio 6 36549
radio 6 36578
radio 6 37092
radio 6 37109
radio 6 37623
radio 6 37711
radio 6 38225
radio 6 38253
radio 6 38767
radio 6 38784
radio 6 39298
radio 6 39451
radio 6 39965
radio 6 39982
radio 6 40496
radio 6 40513
radio 6 41027
radio 6 41044
radio 6 41557
radio 6 41574
radio 6 42088
radio 6 42144
radio 6 42658
radio 6 42713
radio 6 43227
radio 6 43244
radio 6 43758
radio 6 43775
radio 6 44288
radio 6 44318
radio 6 44832
radio 6 44864
radio 6 45378
radio 6 45410
radio 6 45924
radio 6 45941
radio 6 46454
radio 6 46503
radio 6 47017
radio 6 47034
radio 6 47547
radio 6 47599
radio 6 48113
radio 6 48130
radio 6 48644
radio 6 48677
radio 6 49191
radio 6 49208
radio 6 49722
radio 6 49739
radio 6 50253
delay 0 18 6 50482 6 50493 15 16 1 0 640 0 0
radio 6 50490
radio 6 51004
radio 6 51048
radio 6 51561
radio 6 51719
radio 6 52232
radio 6 52249
radio 6 52763
radio 6 52780
radio 6 53294
radio 6 53328
radio 6 53842
radio 6 53896
radio 6 54410
radio 6 54463
radio 6 54977
radio 6 55006
radio 6 55520
radio 6 55554
radio 6 56068
radio 6 56085
radio 6 56599
radio 6 56648
radio 6 57162
radio 6 57179
radio 6 57693
radio 6 57710
radio 6 58224
radio 6 58241
radio 6 58755
radio 6 58772
radio 6 59285
radio 6 59302
radio 6 59816
radio 6 59833
radio 6 60347
radio 6 60377
radio 6 60891
radio 6 60908
radio 6 61422
radio 6 61439
radio 6 61953
radio 6 61988
radio 6 62502
radio 6 62519
radio 6 63033
radio 6 63070
radio 6 63584
radio 6 63601
radio 6 64115
radio 6 64132
radio 6 64645
radio 6 64696
radio 6 65210
radio 6 65238
radio 7 216
radio 7 252
radio 7 765
radio 7 782
radio 7 1295
radio 7 1326
radio 7 1840
radio 7 1868
radio 7 2382
radio 7 2410
radio 7 2924
radio 7 2941
radio 7 3454
radio 7 3471
radio 7 3984
radio 7 4001
radio 7 4514
radio 7 4531
radio 7 5044
delay 1 12 7 5060 7 5255 7 16 9 0 241 0 0
radio 7 5067
radio 7 5582
radio 7 5857
radio 7 6371
radio 7 6413
radio 7 6927
radio 7 6944
radio 7 7457
radio 7 7474
radio 7 7987
radio 7 8035
radio 7 8549
radio 7 8577
radio 7 9091
radio 7 9108
radio 7 9621
radio 7 9638
radio 7 10151
radio 7 10168
radio 7 10682
radio 7 10734
radio 7 11248
radio 7 11280
radio 7 11794
radio 7 11848
radio 7 12362
radio 7 12379
radio 7 12893
radio 7 12924
radio 7 13438
radio 7 13468
radio 7 13982
radio 7 14016
radio 7 14530
radio 7 14561
radio 7 15075
radio 7 15092
radio 7 15606
radio 7 15657
radio 7 16171
radio 7 16188
radio 7 16702
radio 7 16719
radio 7 17233
radio 7 17266
radio 7 17780
radio 7 17809
radio 7 18323
radio 7 18352
energy 7 18556 5 32907
radio 7 18866
radio 7 18898
radio 7 19412
radio 7 19429
radio 7 19943
radio 7 19971
radio 7 20485
radio 7 20518
radio 7 21032
radio 7 21049
radio 7 21563
radio 7 21593
radio 7 22107
radio 7 22156
radio 7 22670
radio 7 22702
radio 7 23216
radio 7 23233
radio 7 23747
radio 7 23782
radio 7 24296
radio 7 24331
radio 7 24845
radio 7 24862
radio 7 25376
delay 2 47 7 25482 7 24957 12 16 4 0 80 1 0
radio 7 26554
radio 7 27068
radio 7 27087
radio 7 27601
radio 7 27618
radio 7 28132
radio 7 28149
radio 7 28663
radio 7 28773
radio 7 29287
radio 7 29304
radio 7 29817
radio 7 29834
radio 7 30347
radio 7 30364
radio 7 30877
radio 7 30952
radio 7 31466
radio 7 31498
radio 7 32012
radio 7 32029
radio 7 32542
radio 7 32559
radio 7 33073
radio 7 33090
radio 7 33604
radio 7 33792
radio 7 34306
radio 7 34323
radio 7 34837
radio 7 34854
radio 7 35368
radio 7 35423
radio 7 35937
radio 7 35966
radio 7 36480
radio 7 36497
radio 7 37011
radio 7 37028
radio 7 37542
radio 7 37559
radio 7 38073
radio 7 38090
radio 7 38603
radio 7 38634
radio 7 39148
radio 7 39165
radio 7 39679
radio 7 39696
radio 7 40210
radio 7 40245
radio 7 40759
radio 7 40789
radio 7 41303
radio 7 41320
radio 7 41834
radio 7 41851
radio 7 42365
radio 7 42382
radio 7 42896
radio 7 42913
radio 7 43427
radio 7 43457
radio 7 43971
radio 7 44005
radio 7 44519
radio 7 44550
radio 7 45064
radio 7 45096
radio 7 45610
radio 7 45627
radio 7 46141
delay 3 5 7 46158 7 46548 13 16 3 0 116 0 0
radio 7 46165
radio 7 46680
radio 7 46829
radio 7 47342
radio 7 47488
radio 7 48002
radio 7 48155
radio 7 48669
radio 7 48686
radio 7 49200
radio 7 49248
radio 7 49762
radio 7 49791
