Thread[Thread-1,5,main]tree 28 21 24 14 0 0
radio 5 49275
radio 5 49279
radio 5 49296
radio 5 49810
radio 5 49840
radio 5 50354
radio 5 50404
radio 5 50918
radio 5 50946
radio 5 51460
radio 5 51488
radio 5 52002
radio 5 52037
radio 5 52551
radio 5 52603
radio 5 53117
radio 5 53166
radio 5 53680
radio 5 53712
radio 5 54226
radio 5 54274
radio 5 54788
radio 5 54841
radio 5 55355
radio 5 55388
radio 5 55902
radio 5 55956
radio 5 56470
radio 5 56504
radio 5 57018
radio 5 57047
radio 5 57561
radio 5 57597
radio 5 58111
radio 5 58144
radio 5 58658
radio 5 58688
radio 5 59202
radio 5 59230
radio 5 59744
radio 5 59780
radio 5 60294
radio 5 60330
radio 5 60844
radio 5 60878
radio 5 61392
radio 5 61421
radio 5 61935
radio 5 61971
radio 5 62485
radio 5 62515
radio 5 63029
radio 5 63080
radio 5 63594
radio 5 63644
radio 5 64158
radio 5 64189
radio 5 64703
radio 5 64757
radio 5 65271
radio 5 65326
radio 6 304
radio 6 336
radio 6 849
radio 6 898
radio 6 1411
radio 6 1441
radio 6 1955
radio 6 1986
radio 6 2500
radio 6 2517
radio 6 3030
radio 6 3062
radio 6 3576
radio 6 3604
radio 6 4118
radio 6 4149
radio 6 4663
radio 6 4715
radio 6 5229
radio 6 5259
radio 6 5773
radio 6 5790
radio 6 6303
radio 6 6353
radio 6 6867
radio 6 6884
radio 6 7397
radio 6 7449
radio 6 7963
radio 6 7992
radio 6 8506
radio 6 8523
radio 6 9036
radio 6 9091
radio 6 9605
radio 6 9633
radio 6 10147
radio 6 10178
radio 6 10692
radio 6 10709
radio 6 11223
radio 6 11252
radio 6 11766
radio 6 11817
radio 6 12331
radio 6 12360
radio 6 12874
radio 6 12891
radio 6 13405
radio 6 13422
radio 6 13936
radio 6 13966
radio 6 14480
radio 6 14531
radio 6 15045
radio 6 15097
radio 6 15611
radio 6 15643
radio 6 16157
radio 6 16253
radio 6 16767
radio 6 16838
radio 6 17352
radio 6 17369
radio 6 17883
radio 6 17934
radio 6 18448
radio 6 18477
radio 6 18991
radio 6 19040
radio 6 19554
radio 6 19604
radio 6 20118
radio 6 20154
radio 6 20668
radio 6 20685
radio 6 21198
radio 6 21254
radio 6 21768
radio 6 21796
radio 6 22310
radio 6 22327
radio 6 22841
radio 6 22872
radio 6 23386
radio 6 23403
radio 6 23917
radio 6 23948
radio 6 24462
radio 6 24498
radio 6 25012
radio 6 25061
radio 6 25575
radio 6 25605
radio 6 26119
radio 6 26147
radio 6 26661
radio 6 26678
radio 6 27192
radio 6 27225
radio 6 27739
radio 6 27773
radio 6 28287
radio 6 28320
radio 6 28834
radio 6 28867
radio 6 29381
radio 6 29429
radio 6 29943
radio 6 29976
radio 6 30490
radio 6 30526
radio 6 31040
radio 6 31068
radio 6 31582
radio 6 31631
radio 6 32145
radio 6 32196
radio 6 32710
radio 6 32784
radio 6 33298
radio 6 33367
radio 6 33881
radio 6 33930
radio 6 34444
radio 6 34497
radio 6 35011
radio 6 35043
radio 6 35557
radio 6 35585
radio 6 36099
radio 6 36147
radio 6 36661
radio 6 36694
radio 6 37208
radio 6 37225
radio 6 37738
radio 6 37870
radio 6 38384
radio 6 38415
radio 6 38929
radio 6 38957
radio 6 39471
radio 6 39562
radio 6 40076
radio 6 40109
radio 6 40623
radio 6 40659
radio 6 41173
radio 6 41204
radio 6 41718
radio 6 41748
radio 6 42262
radio 6 42292
radio 6 42806
radio 6 42855
radio 6 43369
radio 6 43397
radio 6 43911
radio 6 43940
radio 6 44454
radio 6 44485
radio 6 44999
radio 6 45052
energy 6 45191 5 52855
radio 6 45566
radio 6 45614
radio 6 46128
radio 6 46157
radio 6 46671
radio 6 46700
radio 6 47214
radio 6 47248
radio 6 47762
radio 6 47814
radio 6 48328
radio 6 48364
radio 6 48878
radio 6 48934
radio 6 49448
radio 6 49498
radio 6 50012
delay 0 34 6 50596 6 50472 14 16 2 0 42 0 0
radio 6 50603
radio 6 51118
radio 6 51133
radio 6 51646
radio 6 51697
radio 6 52211
radio 6 52240
radio 6 52754
radio 6 52847
radio 6 53361
radio 6 53389
radio 6 53903
radio 6 53931
radio 6 54445
radio 6 54494
radio 6 55008
radio 6 55038
radio 6 55552
radio 6 55581
radio 6 56095
radio 6 56123
radio 6 56637
radio 6 56706
radio 6 57220
radio 6 57249
radio 6 57763
radio 6 57791
radio 6 58305
radio 6 58374
radio 6 58888
radio 6 58937
radio 6 59451
radio 6 59483
radio 6 59997
radio 6 60046
radio 6 60560
radio 6 60612
radio 6 61126
radio 6 61158
radio 6 61672
radio 6 61721
radio 6 62235
radio 6 62287
radio 6 62801
radio 6 62833
radio 6 63347
radio 6 63396
radio 6 63910
radio 6 63959
radio 6 64473
radio 6 64501
radio 6 65015
radio 6 65043
radio 7 21
radio 7 69
radio 7 582
radio 7 635
radio 7 1148
radio 7 1183
radio 7 1697
radio 7 1751
radio 7 2265
radio 7 2294
radio 7 2808
radio 7 2858
radio 7 3372
radio 7 3420
radio 7 3934
radio 7 3986
radio 7 4500
radio 7 4530
radio 7 5044
delay 1 43 7 5337 7 5047 12 16 4 0 653 0 0
radio 7 5344
radio 7 5858
radio 7 6191
radio 7 6705
radio 7 6772
radio 7 7285
radio 7 7338
radio 7 7852
radio 7 7900
radio 7 8414
radio 7 8462
radio 7 8976
radio 7 9024
radio 7 9538
radio 7 9567
radio 7 10081
radio 7 10129
radio 7 10643
radio 7 10696
radio 7 11210
radio 7 11243
radio 7 11757
radio 7 11813
radio 7 12327
radio 7 12378
radio 7 12892
radio 7 12926
radio 7 13440
radio 7 13488
radio 7 14002
radio 7 14055
radio 7 14569
radio 7 14602
radio 7 15116
radio 7 15165
radio 7 15679
radio 7 15730
radio 7 16244
radio 7 16277
radio 7 16791
radio 7 16846
radio 7 17360
radio 7 17413
radio 7 17927
radio 7 17958
radio 7 18472
radio 7 18523
radio 7 19037
radio 7 19090
radio 7 19604
radio 7 19636
radio 7 20150
radio 7 20198
radio 7 20712
radio 7 20765
radio 7 21279
radio 7 21312
radio 7 21826
radio 7 21882
radio 7 22396
radio 7 22445
radio 7 22959
radio 7 22989
radio 7 23503
radio 7 23555
radio 7 24069
radio 7 24118
radio 7 24632
radio 7 24662
radio 7 25176
delay 2 35 7 25220 7 25042 13 16 3 0 21 1 0
radio 7 26295
radio 7 26809
radio 7 26829
radio 7 27342
radio 7 27372
radio 7 27886
radio 7 27922
radio 7 28436
radio 7 28484
radio 7 28998
radio 7 29050
radio 7 29564
radio 7 29637
radio 7 30151
radio 7 30199
radio 7 30713
radio 7 30743
radio 7 31257
radio 7 31287
radio 7 31801
radio 7 31830
radio 7 32344
radio 7 32378
radio 7 32892
radio 7 32927
radio 7 33441
radio 7 33514
radio 7 34028
radio 7 34080
radio 7 34594
radio 7 34626
radio 7 35140
radio 7 35209
radio 7 35723
radio 7 35773
radio 7 36287
radio 7 36316
radio 7 36830
radio 7 36879
radio 7 37393
radio 7 37441
radio 7 37955
radio 7 37987
radio 7 38501
radio 7 38551
radio 7 39065
radio 7 39117
radio 7 39631
radio 7 39660
radio 7 40174
radio 7 40224
radio 7 40738
radio 7 40791
energy 7 41095 5 59002
radio 7 41305
radio 7 41337
radio 7 41851
radio 7 41906
radio 7 42420
radio 7 42472
radio 7 42986
radio 7 43018
radio 7 43532
radio 7 43587
radio 7 44101
radio 7 44212
radio 7 44726
radio 7 44797
radio 7 45311
radio 7 45360
radio 7 45874
delay 3 1 7 45889 7 46426 12 16 4 0 179 0 0
radio 7 45897
radio 7 46411
radio 7 47026
radio 7 47539
radio 7 47611
radio 7 48125
radio 7 48154
radio 7 48668
radio 7 48723
radio 7 49237
radio 7 49289
radio 7 49803
radio 7 49835
