Thread[Thread-1,5,main]tree 12 21 24 14 3 1
radio 5 41080
radio 5 41084
radio 5 41119
radio 5 41633
radio 5 41650
radio 5 42163
radio 5 42214
radio 5 42728
radio 5 42745
radio 5 43258
radio 5 43306
radio 5 43820
radio 5 43837
radio 5 44350
radio 5 44379
radio 5 44893
radio 5 44922
radio 5 45436
radio 5 45453
radio 5 45966
radio 5 46021
radio 5 46535
radio 5 46566
radio 5 47080
radio 5 47132
radio 5 47646
radio 5 47663
radio 5 48177
radio 5 48208
radio 5 48722
radio 5 48752
radio 5 49266
radio 5 49283
radio 5 49797
radio 5 49814
radio 5 50327
radio 5 50344
radio 5 50857
radio 5 50874
radio 5 51388
radio 5 51405
radio 5 51918
radio 5 51946
radio 5 52460
radio 5 52490
radio 5 53004
radio 5 53021
radio 5 53534
radio 5 53551
radio 5 54064
radio 5 54097
radio 5 54611
radio 5 54628
radio 5 55141
radio 5 55158
radio 5 55671
radio 5 55726
radio 5 56240
radio 5 56257
radio 5 56770
radio 5 56787
radio 5 57300
radio 5 57317
radio 5 57830
radio 5 57847
radio 5 58360
radio 5 58408
radio 5 58922
radio 5 58939
radio 5 59452
radio 5 59469
radio 5 59983
radio 5 60036
radio 5 60550
radio 5 60567
radio 5 61080
radio 5 61111
radio 5 61625
radio 5 61642
radio 5 62156
radio 5 62185
radio 5 62699
radio 5 62754
radio 5 63268
radio 5 63324
radio 5 63838
radio 5 63855
radio 5 64368
radio 5 64385
radio 5 64898
radio 5 64915
radio 5 65428
radio 5 65445
radio 6 422
radio 6 439
radio 6 952
radio 6 969
radio 6 1482
radio 6 1530
radio 6 2044
radio 6 2079
radio 6 2593
radio 6 2610
radio 6 3123
radio 6 3140
radio 6 3653
radio 6 3670
radio 6 4183
radio 6 4215
radio 6 4729
radio 6 4778
radio 6 5292
radio 6 5325
radio 6 5839
radio 6 5874
radio 6 6388
radio 6 6422
radio 6 6936
radio 6 6987
radio 6 7501
radio 6 7530
radio 6 8044
radio 6 8061
radio 6 8574
radio 6 8606
radio 6 9120
radio 6 9137
radio 6 9650
radio 6 9703
radio 6 10217
radio 6 10234
radio 6 10748
radio 6 10765
radio 6 11279
radio 6 11308
radio 6 11822
radio 6 11839
radio 6 12353
radio 6 12370
radio 6 12884
radio 6 12901
radio 6 13415
radio 6 13448
radio 6 13962
radio 6 13979
radio 6 14493
radio 6 14510
radio 6 15023
radio 6 15040
radio 6 15553
radio 6 15570
radio 6 16083
radio 6 16132
radio 6 16646
radio 6 16721
radio 6 17235
radio 6 17252
radio 6 17766
radio 6 17801
radio 6 18315
radio 6 18350
radio 6 18864
radio 6 18881
radio 6 19394
radio 6 19411
radio 6 19925
radio 6 19942
radio 6 20455
radio 6 20489
radio 6 21003
radio 6 21020
radio 6 21534
radio 6 21551
radio 6 22064
radio 6 22081
radio 6 22594
radio 6 22624
radio 6 23138
radio 6 23155
radio 6 23669
radio 6 23686
radio 6 24199
radio 6 24228
radio 6 24742
radio 6 24759
radio 6 25272
radio 6 25320
radio 6 25834
radio 6 25851
radio 6 26364
radio 6 26412
radio 6 26926
radio 6 26943
radio 6 27456
radio 6 27473
radio 6 27987
radio 6 28004
radio 6 28517
radio 6 28565
radio 6 29079
radio 6 29113
radio 6 29627
radio 6 29682
radio 6 30196
radio 6 30213
radio 6 30726
radio 6 30776
radio 6 31290
radio 6 31307
radio 6 31821
radio 6 31870
radio 6 32384
radio 6 32401
radio 6 32914
radio 6 32985
radio 6 33499
radio 6 33531
radio 6 34045
radio 6 34081
radio 6 34595
radio 6 34663
radio 6 35177
radio 6 35246
radio 6 35760
radio 6 35777
radio 6 36290
radio 6 36362
radio 6 36876
radio 6 36925
energy 6 36996 5 43676
radio 6 37439
radio 6 37456
radio 6 37969
radio 6 38000
radio 6 38514
radio 6 38602
radio 6 39116
radio 6 39210
radio 6 39724
radio 6 39797
radio 6 40311
radio 6 40345
radio 6 40859
radio 6 40876
radio 6 41389
radio 6 41406
radio 6 41919
radio 6 41936
radio 6 42449
radio 6 42466
radio 6 42979
radio 6 42996
radio 6 43510
radio 6 43527
radio 6 44040
radio 6 44057
radio 6 44571
radio 6 44623
radio 6 45137
radio 6 45154
radio 6 45668
radio 6 45704
radio 6 46218
radio 6 46235
radio 6 46748
radio 6 46765
radio 6 47278
radio 6 47295
radio 6 47808
radio 6 47837
radio 6 48351
radio 6 48379
radio 6 48893
radio 6 48926
radio 6 49440
radio 6 49470
radio 6 49984
delay 0 24 6 50425 6 50480 7 14 7 0 42 1 1
radio 6 51495
radio 6 52009
radio 6 52026
radio 6 52539
radio 6 52595
radio 6 53109
radio 6 53141
radio 6 53655
radio 6 53690
radio 6 54204
radio 6 54221
radio 6 54734
radio 6 54751
radio 6 55264
radio 6 55313
radio 6 55827
radio 6 55844
radio 6 56357
radio 6 56374
radio 6 56887
radio 6 56904
radio 6 57417
radio 6 57445
radio 6 57959
radio 6 57976
radio 6 58490
radio 6 58507
radio 6 59021
radio 6 59038
radio 6 59552
radio 6 59569
radio 6 60083
radio 6 60100
radio 6 60613
radio 6 60648
radio 6 61162
radio 6 61179
radio 6 61693
radio 6 61710
radio 6 62223
radio 6 62278
radio 6 62792
radio 6 62826
radio 6 63340
radio 6 63395
radio 6 63909
radio 6 63940
radio 6 64454
radio 6 64483
radio 6 64997
radio 6 65014
radio 6 65527
radio 7 23
radio 7 536
radio 7 553
radio 7 1066
radio 7 1099
radio 7 1613
radio 7 1630
radio 7 2143
radio 7 2160
radio 7 2673
radio 7 2690
radio 7 3203
radio 7 3234
radio 7 3748
radio 7 3765
radio 7 4278
radio 7 4295
radio 7 4808
delay 1 44 7 4823 7 4209 13 14 1 0 76 1 1
radio 7 5904
radio 7 6417
radio 7 6434
radio 7 6947
radio 7 6979
radio 7 7493
radio 7 7526
radio 7 8040
radio 7 8075
radio 7 8589
radio 7 8606
radio 7 9119
radio 7 9150
radio 7 9664
radio 7 9697
radio 7 10211
radio 7 10264
radio 7 10778
radio 7 10795
radio 7 11308
radio 7 11325
radio 7 11838
radio 7 11855
radio 7 12368
radio 7 12385
radio 7 12898
radio 7 12948
radio 7 13462
radio 7 13479
radio 7 13992
radio 7 14009
radio 7 14522
radio 7 14551
radio 7 15065
radio 7 15082
radio 7 15596
radio 7 15613
radio 7 16126
radio 7 16160
radio 7 16674
radio 7 16729
radio 7 17243
radio 7 17277
radio 7 17791
radio 7 17808
radio 7 18321
radio 7 18338
radio 7 18852
radio 7 18887
radio 7 19401
radio 7 19457
radio 7 19971
radio 7 20004
radio 7 20518
radio 7 20548
radio 7 21062
radio 7 21092
radio 7 21606
radio 7 21623
radio 7 22136
radio 7 22185
radio 7 22699
radio 7 22730
radio 7 23244
radio 7 23280
radio 7 23794
radio 7 23811
radio 7 24324
radio 7 24353
radio 7 24867
radio 7 24898
radio 7 25412
delay 2 24 7 25885 7 25940 7 14 7 0 17 1 1
radio 7 26943
radio 7 27457
radio 7 27529
radio 7 28043
radio 7 28091
radio 7 28605
radio 7 28622
radio 7 29135
radio 7 29245
radio 7 29759
radio 7 29791
radio 7 30305
radio 7 30353
radio 7 30867
radio 7 30919
radio 7 31433
radio 7 31482
radio 7 31996
radio 7 32024
radio 7 32538
radio 7 32586
energy 7 32900 5 50262
radio 7 33100
radio 7 33131
radio 7 33645
radio 7 33860
radio 7 34374
radio 7 34450
radio 7 34964
radio 7 35093
radio 7 35607
radio 7 35659
radio 7 36173
radio 7 36204
radio 7 36718
radio 7 36748
radio 7 37262
radio 7 37290
radio 7 37804
radio 7 37840
radio 7 38354
radio 7 38382
radio 7 38896
radio 7 38931
radio 7 39445
radio 7 39481
radio 7 39995
radio 7 40050
radio 7 40564
radio 7 40596
radio 7 41110
radio 7 41166
radio 7 41680
radio 7 41712
radio 7 42226
radio 7 42262
radio 7 42776
radio 7 42811
radio 7 43325
radio 7 43361
radio 7 43875
radio 7 43930
radio 7 44444
radio 7 44477
radio 7 44991
radio 7 45046
radio 7 45560
delay 3 12 7 45649 7 46095 7 14 7 0 154 1 1
radio 7 46725
radio 7 47239
radio 7 47274
radio 7 47788
radio 7 47924
radio 7 48438
radio 7 48472
radio 7 48986
radio 7 49021
radio 7 49535
radio 7 49585
