Thread[Thread-1,5,main]tree 100 33 34 10 0 0
radio 5 34940
radio 5 34944
radio 5 34961
radio 5 35475
radio 5 35492
radio 5 36006
radio 5 36036
radio 5 36550
radio 5 36580
radio 5 37094
radio 5 37163
radio 5 37677
radio 5 37708
radio 5 38222
radio 5 38293
radio 5 38807
radio 5 38824
radio 5 39338
radio 5 39355
radio 5 39869
radio 5 39886
radio 5 40400
radio 5 40417
radio 5 40931
radio 5 40948
radio 5 41462
radio 5 41493
radio 5 42007
radio 5 42039
radio 5 42553
radio 5 42570
radio 5 43084
radio 5 43101
radio 5 43615
radio 5 43632
radio 5 44146
radio 5 44202
radio 5 44716
radio 5 44733
radio 5 45247
radio 5 45282
radio 5 45796
radio 5 45847
radio 5 46361
radio 5 46378
radio 5 46892
radio 5 46909
radio 5 47423
radio 5 47455
radio 5 47969
radio 5 47986
radio 5 48500
radio 5 48530
radio 5 49044
radio 5 49078
radio 5 49592
radio 5 49609
radio 5 50123
radio 5 50153
radio 5 50667
radio 5 50697
radio 5 51211
radio 5 51228
radio 5 51742
radio 5 51759
radio 5 52273
radio 5 52290
radio 5 52804
radio 5 52832
radio 5 53346
radio 5 53395
radio 5 53909
radio 5 53941
radio 5 54455
radio 5 54488
radio 5 55002
radio 5 55037
radio 5 55551
radio 5 55579
radio 5 56093
radio 5 56110
radio 5 56624
radio 5 56641
radio 5 57155
radio 5 57172
radio 5 57686
radio 5 57703
radio 5 58217
radio 5 58234
radio 5 58748
radio 5 58765
radio 5 59279
radio 5 59296
radio 5 59810
radio 5 59827
radio 5 60341
radio 5 60369
radio 5 60883
radio 5 60900
radio 5 61414
radio 5 61431
radio 5 61945
radio 5 61994
radio 5 62508
radio 5 62525
radio 5 63039
radio 5 63056
radio 5 63570
radio 5 63587
radio 5 64101
radio 5 64118
radio 5 64632
radio 5 64666
radio 5 65180
radio 5 65197
radio 6 175
radio 6 192
radio 6 705
radio 6 757
radio 6 1270
radio 6 1298
radio 6 1812
radio 6 1829
radio 6 2342
radio 6 2359
radio 6 2872
radio 6 2889
radio 6 3402
radio 6 3419
radio 6 3932
radio 6 3949
radio 6 4462
radio 6 4479
radio 6 4992
radio 6 5022
radio 6 5536
radio 6 5553
radio 6 6066
radio 6 6083
radio 6 6596
radio 6 6613
radio 6 7126
radio 6 7176
radio 6 7690
radio 6 7707
radio 6 8220
radio 6 8276
radio 6 8790
radio 6 8807
radio 6 9320
radio 6 9337
radio 6 9850
radio 6 9867
radio 6 10380
radio 6 10397
radio 6 10911
radio 6 10966
radio 6 11480
radio 6 11509
radio 6 12023
radio 6 12040
radio 6 12554
radio 6 12588
radio 6 13102
radio 6 13119
radio 6 13633
radio 6 13666
radio 6 14180
radio 6 14197
radio 6 14711
radio 6 14728
radio 6 15242
radio 6 15273
radio 6 15787
radio 6 15804
radio 6 16318
radio 6 16335
radio 6 16849
radio 6 17003
radio 6 17517
radio 6 18009
radio 6 18523
radio 6 18540
radio 6 19054
radio 6 19104
radio 6 19618
radio 6 19667
radio 6 20181
radio 6 20198
radio 6 20712
radio 6 20741
radio 6 21255
radio 6 21308
radio 6 21822
radio 6 21839
radio 6 22353
radio 6 22424
radio 6 22938
radio 6 22989
radio 6 23503
radio 6 23520
radio 6 24034
radio 6 24051
radio 6 24565
radio 6 24582
radio 6 25096
radio 6 25125
radio 6 25639
radio 6 25672
radio 6 26186
radio 6 26235
radio 6 26749
radio 6 26778
radio 6 27292
radio 6 27309
radio 6 27823
radio 6 27840
radio 6 28354
radio 6 28371
radio 6 28885
radio 6 28913
radio 6 29427
radio 6 29444
radio 6 29958
radio 6 30014
radio 6 30528
radio 6 30545
energy 6 30856 5 37835
radio 6 31059
radio 6 31088
radio 6 31602
radio 6 31619
radio 6 32133
radio 6 32150
radio 6 32664
radio 6 32701
radio 6 33215
radio 6 33305
radio 6 33819
radio 6 33836
radio 6 34350
radio 6 34367
radio 6 34881
radio 6 34898
radio 6 35412
radio 6 35461
radio 6 35975
radio 6 35992
radio 6 36506
radio 6 36523
radio 6 37037
radio 6 37054
radio 6 37568
radio 6 37585
radio 6 38099
radio 6 38116
radio 6 38630
radio 6 38718
radio 6 39232
radio 6 39249
radio 6 39763
radio 6 39780
radio 6 40294
radio 6 40311
radio 6 40825
radio 6 40842
radio 6 41356
radio 6 41373
radio 6 41887
radio 6 41916
radio 6 42430
radio 6 42459
radio 6 42973
radio 6 43005
radio 6 43519
radio 6 43553
radio 6 44067
radio 6 44084
radio 6 44598
radio 6 44615
radio 6 45129
radio 6 45146
radio 6 45660
radio 6 45677
radio 6 46191
radio 6 46208
radio 6 46722
radio 6 46739
radio 6 47253
radio 6 47270
radio 6 47784
radio 6 47833
radio 6 48347
radio 6 48364
radio 6 48878
radio 6 48895
radio 6 49409
radio 6 49442
radio 6 49956
delay 0 28 6 49971 6 49864 22 23 1 0 394 0 0
radio 6 49978
radio 6 50493
radio 6 50513
radio 6 51026
radio 6 51044
radio 6 51557
radio 6 51651
radio 6 52165
radio 6 52182
radio 6 52696
radio 6 52713
radio 6 53227
radio 6 53244
radio 6 53758
radio 6 53787
radio 6 54301
radio 6 54318
radio 6 54832
radio 6 54849
radio 6 55363
radio 6 55392
radio 6 55906
radio 6 55923
radio 6 56437
radio 6 56454
radio 6 56968
radio 6 56985
radio 6 57499
radio 6 57516
radio 6 58030
radio 6 58101
radio 6 58615
radio 6 58632
radio 6 59146
radio 6 59163
radio 6 59677
radio 6 59706
radio 6 60220
radio 6 60237
radio 6 60751
radio 6 60781
radio 6 61295
radio 6 61312
radio 6 61826
radio 6 61843
radio 6 62357
radio 6 62414
radio 6 62928
radio 6 62945
radio 6 63459
radio 6 63476
radio 6 63990
radio 6 64007
radio 6 64521
radio 6 64554
radio 6 65068
radio 6 65085
radio 7 63
radio 7 92
radio 7 605
radio 7 635
radio 7 1148
radio 7 1184
radio 7 1698
radio 7 1715
radio 7 2229
radio 7 2246
radio 7 2759
radio 7 2793
radio 7 3307
radio 7 3324
radio 7 3837
radio 7 3854
radio 7 4367
radio 7 4384
radio 7 4897
delay 1 29 7 5039 7 4950 18 23 5 0 188 0 0
radio 7 5046
radio 7 5561
radio 7 5602
radio 7 6116
radio 7 6134
radio 7 6647
radio 7 6682
radio 7 7196
radio 7 7213
radio 7 7727
radio 7 7744
radio 7 8258
radio 7 8289
radio 7 8803
radio 7 8820
radio 7 9333
radio 7 9350
radio 7 9863
radio 7 9880
radio 7 10393
radio 7 10427
radio 7 10941
radio 7 10958
radio 7 11472
radio 7 11489
radio 7 12003
radio 7 12035
radio 7 12549
radio 7 12566
radio 7 13080
radio 7 13153
radio 7 13667
radio 7 13684
radio 7 14198
radio 7 14215
radio 7 14729
radio 7 14746
radio 7 15260
radio 7 15277
radio 7 15791
radio 7 15808
radio 7 16322
radio 7 16352
radio 7 16866
radio 7 16896
radio 7 17410
radio 7 17427
radio 7 17941
radio 7 17958
radio 7 18472
radio 7 18489
radio 7 19003
radio 7 19020
radio 7 19534
radio 7 19551
radio 7 20065
radio 7 20101
radio 7 20615
radio 7 20632
radio 7 21146
radio 7 21163
radio 7 21677
radio 7 21711
radio 7 22225
radio 7 22242
radio 7 22756
radio 7 22773
radio 7 23287
radio 7 23304
radio 7 23818
radio 7 23835
radio 7 24349
radio 7 24378
radio 7 24892
radio 7 24909
radio 7 25423
delay 2 9 7 25664 7 26241 18 23 5 0 560 0 0
radio 7 25672
radio 7 26186
radio 7 26240
radio 7 26754
energy 7 26760 5 40304
radio 7 26777
radio 7 27291
radio 7 27308
radio 7 27822
radio 7 27839
radio 7 28353
radio 7 28370
radio 7 28884
radio 7 28901
radio 7 29415
radio 7 29432
radio 7 29946
radio 7 29974
radio 7 30488
radio 7 30537
radio 7 31051
radio 7 31100
radio 7 31614
radio 7 31631
radio 7 32145
radio 7 32162
radio 7 32676
radio 7 32693
radio 7 33207
radio 7 33224
radio 7 33738
radio 7 33831
radio 7 34345
radio 7 34362
radio 7 34876
radio 7 34893
radio 7 35407
radio 7 35455
radio 7 35969
radio 7 35986
radio 7 36500
radio 7 36517
radio 7 37031
radio 7 37048
radio 7 37562
radio 7 37579
radio 7 38093
radio 7 38164
radio 7 38678
radio 7 38695
radio 7 39209
radio 7 39226
radio 7 39740
radio 7 39757
radio 7 40271
radio 7 40288
radio 7 40802
radio 7 40835
radio 7 41349
radio 7 41366
radio 7 41880
radio 7 41897
radio 7 42411
radio 7 42444
radio 7 42958
radio 7 42975
radio 7 43489
radio 7 43542
radio 7 44056
radio 7 44105
radio 7 44619
radio 7 44636
radio 7 45150
radio 7 45167
radio 7 45681
delay 3 29 7 45696 7 45607 18 23 5 0 71 1 0
radio 7 46268
radio 7 46781
radio 7 46798
radio 7 47312
radio 7 47344
radio 7 47858
radio 7 47891
radio 7 48405
radio 7 48422
radio 7 48936
radio 7 48953
radio 7 49467
radio 7 49499
