nodeid	clock_time_h	clock_time_l	dc_time_h	dc_time_l	insert_time	motelabMoteID	milli_time	motelabSeqNo
3	0	61463	0	4378	2018-06-10 19:48:13	40003	1528631293904	1
20	0	61461	0	5038	2018-06-10 19:48:14	40020	1528631294062	2
13	0	61461	0	4437	2018-06-10 19:48:14	40013	1528631294183	3
17	0	61461	0	4956	2018-06-10 19:48:14	40017	1528631294212	4
16	0	61461	0	4954	2018-06-10 19:48:14	40016	1528631294246	5
8	0	61461	0	3900	2018-06-10 19:48:14	40008	1528631294281	6
9	0	61461	0	3793	2018-06-10 19:48:14	40009	1528631294347	7
11	0	61461	0	5254	2018-06-10 19:48:14	40011	1528631294381	8
10	0	61461	0	5035	2018-06-10 19:48:14	40010	1528631294447	9
21	0	61461	0	5268	2018-06-10 19:48:14	40021	1528631294548	10
33	0	61461	0	4354	2018-06-10 19:48:15	40033	1528631295975	11
132	0	61461	0	2954	2018-06-10 19:48:16	40132	1528631296192	12
41	0	61461	0	4793	2018-06-10 19:48:16	40041	1528631296300	13
78	0	61461	0	1193	2018-06-10 19:48:16	40078	1528631296342	14
76	0	61461	0	1397	2018-06-10 19:48:16	40076	1528631296473	15
52	0	61461	0	4389	2018-06-10 19:48:16	40052	1528631296517	16
69	0	61461	0	5740	2018-06-10 19:48:16	40069	1528631296809	17
129	0	61461	0	4720	2018-06-10 19:48:16	40129	1528631296851	18
123	0	61461	0	6555	2018-06-10 19:48:17	40123	1528631297251	19
40	0	61461	0	4482	2018-06-10 19:48:17	40040	1528631297326	20
24	0	61461	0	1247	2018-06-10 19:48:17	40024	1528631297393	21
64	0	61461	0	4517	2018-06-10 19:48:17	40064	1528631297619	22
122	0	61461	0	4491	2018-06-10 19:48:17	40122	1528631297685	23
72	0	61461	0	1168	2018-06-10 19:48:17	40072	1528631297852	24
43	0	61461	0	4730	2018-06-10 19:48:17	40043	1528631297886	25
53	0	61461	0	5762	2018-06-10 19:48:17	40053	1528631297986	26
38	0	61461	0	4896	2018-06-10 19:48:18	40038	1528631298086	27
119	0	61461	0	4421	2018-06-10 19:48:18	40119	1528631298186	28
127	0	61461	0	5037	2018-06-10 19:48:18	40127	1528631298220	29
56	0	61461	0	5430	2018-06-10 19:48:18	40056	1528631298253	30
75	0	61461	0	5661	2018-06-10 19:48:18	40075	1528631298387	31
47	0	61461	0	4720	2018-06-10 19:48:18	40047	1528631298520	32
39	0	61461	0	4499	2018-06-10 19:48:18	40039	1528631298620	33
120	0	61461	0	4919	2018-06-10 19:48:18	40120	1528631298745	34
32	0	61461	0	4347	2018-06-10 19:48:18	40032	1528631298846	35
124	0	61461	0	5183	2018-06-10 19:48:18	40124	1528631298912	36
26	0	61464	0	3350	2018-06-10 19:48:19	40026	1528631299079	37
37	0	61461	0	4457	2018-06-10 19:48:19	40037	1528631299146	38
12	0	61461	0	2778	2018-06-10 19:48:19	40012	1528631299246	39
80	0	61461	0	5507	2018-06-10 19:48:19	40080	1528631299280	40
48	0	61461	0	2634	2018-06-10 19:48:19	40048	1528631299380	41
71	0	61461	0	5857	2018-06-10 19:48:19	40071	1528631299413	42
115	0	61461	0	4644	2018-06-10 19:48:19	40115	1528631299480	43
63	0	61461	0	5051	2018-06-10 19:48:19	40063	1528631299548	44
77	0	61461	0	5759	2018-06-10 19:48:19	40077	1528631299581	45
50	0	61461	0	5723	2018-06-10 19:48:19	40050	1528631299615	46
131	0	61468	0	4825	2018-06-10 19:48:19	40131	1528631299715	47
121	0	61461	0	5010	2018-06-10 19:48:19	40121	1528631299840	48
135	0	61461	0	4844	2018-06-10 19:48:19	40135	1528631299907	49
44	0	61461	0	4982	2018-06-10 19:48:19	40044	1528631299940	50
139	0	61461	0	7700	2018-06-10 19:48:19	40139	1528631299999	51
118	0	61461	0	4679	2018-06-10 19:48:20	40118	1528631300032	52
66	0	61461	0	4500	2018-06-10 19:48:20	40066	1528631300065	53
117	0	61461	0	4676	2018-06-10 19:48:20	40117	1528631300099	54
70	0	61461	0	6131	2018-06-10 19:48:20	40070	1528631300132	55
67	0	61461	0	4550	2018-06-10 19:48:20	40067	1528631300166	56
3	1	57367	0	8200	2018-06-10 19:49:13	40003	1528631353951	57
20	1	57365	0	10177	2018-06-10 19:49:14	40020	1528631354036	58
13	1	57365	0	9251	2018-06-10 19:49:14	40013	1528631354185	59
9	1	57365	0	7591	2018-06-10 19:49:14	40009	1528631354218	60
11	1	57365	0	10327	2018-06-10 19:49:14	40011	1528631354251	61
16	1	57365	0	11549	2018-06-10 19:49:14	40016	1528631354285	62
21	1	57365	0	10489	2018-06-10 19:49:14	40021	1528631354427	63
12	1	57365	0	5182	2018-06-10 19:49:14	40012	1528631354460	64
8	1	57365	0	7835	2018-06-10 19:49:14	40008	1528631354702	65
17	1	57365	0	10005	2018-06-10 19:49:15	40017	1528631355437	66
39	1	57365	0	7905	2018-06-10 19:49:15	40039	1528631355679	67
10	1	57367	0	10129	2018-06-10 19:49:16	40010	1528631356188	68
43	1	57365	0	8867	2018-06-10 19:49:16	40043	1528631356321	69
127	1	57369	0	9791	2018-06-10 19:49:16	40127	1528631356355	70
71	1	57365	0	9803	2018-06-10 19:49:16	40071	1528631356388	71
124	1	57365	0	10196	2018-06-10 19:49:16	40124	1528631356422	72
50	1	57365	0	10766	2018-06-10 19:49:16	40050	1528631356455	73
78	1	57365	0	2353	2018-06-10 19:49:16	40078	1528631356522	74
37	1	57365	0	9135	2018-06-10 19:49:16	40037	1528631356780	75
67	1	57365	0	8401	2018-06-10 19:49:16	40067	1528631356947	76
139	1	57368	0	12058	2018-06-10 19:49:17	40139	1528631357348	77
47	1	57365	0	8925	2018-06-10 19:49:17	40047	1528631357431	78
80	1	57365	0	10971	2018-06-10 19:49:17	40080	1528631357499	79
56	1	57365	0	10418	2018-06-10 19:49:17	40056	1528631357533	80
53	1	57365	0	10944	2018-06-10 19:49:17	40053	1528631357566	81
69	1	57365	0	10443	2018-06-10 19:49:17	40069	1528631357633	82
118	1	57365	0	8736	2018-06-10 19:49:17	40118	1528631357700	83
132	1	57365	0	5683	2018-06-10 19:49:17	40132	1528631357766	84
52	1	57365	0	8571	2018-06-10 19:49:17	40052	1528631357866	85
64	1	57365	0	8501	2018-06-10 19:49:18	40064	1528631358033	86
135	1	57365	0	8952	2018-06-10 19:49:18	40135	1528631358067	87
63	1	57365	0	9009	2018-06-10 19:49:18	40063	1528631358100	88
41	1	57365	0	8949	2018-06-10 19:49:18	40041	1528631358134	89
115	1	57365	0	8741	2018-06-10 19:49:18	40115	1528631358200	90
48	1	57365	0	5120	2018-06-10 19:49:18	40048	1528631358300	91
120	1	57365	0	9376	2018-06-10 19:49:18	40120	1528631358334	92
76	1	57365	0	2542	2018-06-10 19:49:18	40076	1528631358469	93
32	1	57365	0	8215	2018-06-10 19:49:18	40032	1528631358501	94
26	1	57365	0	6932	2018-06-10 19:49:18	40026	1528631358593	95
38	1	57365	0	8600	2018-06-10 19:49:18	40038	1528631358760	96
129	1	57365	0	8756	2018-06-10 19:49:19	40129	1528631359027	97
122	1	57365	0	8419	2018-06-10 19:49:19	40122	1528631359194	98
123	1	57365	0	10725	2018-06-10 19:49:19	40123	1528631359294	99
119	1	57365	0	8321	2018-06-10 19:49:19	40119	1528631359820	100
75	1	57365	0	10267	2018-06-10 19:49:19	40075	1528631359912	101
131	1	57365	0	9075	2018-06-10 19:49:20	40131	1528631360779	102
72	1	57365	0	2393	2018-06-10 19:49:20	40072	1528631360938	103
70	1	57365	0	11499	2018-06-10 19:49:21	40070	1528631361038	104
44	1	57365	0	9469	2018-06-10 19:49:21	40044	1528631361071	105
117	1	57365	0	9099	2018-06-10 19:49:21	40117	1528631361105	106
40	1	57365	0	8430	2018-06-10 19:49:21	40040	1528631361389	107
66	1	57365	0	8497	2018-06-10 19:49:21	40066	1528631361430	108
77	1	57365	0	10951	2018-06-10 19:49:21	40077	1528631361472	109
121	1	57365	0	9639	2018-06-10 19:49:21	40121	1528631361681	110
24	1	57365	0	2696	2018-06-10 19:49:22	40024	1528631362181	111
33	1	57365	0	8137	2018-06-10 19:49:23	40033	1528631363042	112
3	2	53271	0	13325	2018-06-10 19:50:13	40003	1528631413938	113
20	2	53269	0	14367	2018-06-10 19:50:14	40020	1528631414036	114
16	2	53269	0	15134	2018-06-10 19:50:14	40016	1528631414204	115
9	2	53269	0	12543	2018-06-10 19:50:14	40009	1528631414238	116
11	2	53269	0	15526	2018-06-10 19:50:14	40011	1528631414272	117
17	2	53269	0	16062	2018-06-10 19:50:14	40017	1528631414338	118
21	2	53269	0	15452	2018-06-10 19:50:14	40021	1528631414372	119
10	2	53269	0	16308	2018-06-10 19:50:14	40010	1528631414472	120
8	2	53269	0	12863	2018-06-10 19:50:14	40008	1528631414539	121
13	2	53269	0	14804	2018-06-10 19:50:14	40013	1528631414572	122
12	2	53269	0	7608	2018-06-10 19:50:15	40012	1528631415766	123
124	2	53269	0	14308	2018-06-10 19:50:16	40124	1528631416129	124
70	2	53269	0	17781	2018-06-10 19:50:16	40070	1528631416196	125
78	2	53269	0	3503	2018-06-10 19:50:16	40078	1528631416263	126
119	2	53269	0	12726	2018-06-10 19:50:16	40119	1528631416296	127
75	2	53269	0	14732	2018-06-10 19:50:16	40075	1528631416363	128
71	2	53269	0	13765	2018-06-10 19:50:16	40071	1528631416396	129
139	2	53269	0	18409	2018-06-10 19:50:16	40139	1528631416430	130
53	2	53269	0	17214	2018-06-10 19:50:16	40053	1528631416463	131
33	2	53269	0	13126	2018-06-10 19:50:16	40033	1528631416496	132
26	2	53269	0	12174	2018-06-10 19:50:16	40026	1528631416530	133
76	2	53269	0	3709	2018-06-10 19:50:16	40076	1528631416563	134
37	2	53269	0	14349	2018-06-10 19:50:16	40037	1528631416697	135
69	2	53269	0	15021	2018-06-10 19:50:16	40069	1528631416797	136
132	2	53269	0	8438	2018-06-10 19:50:16	40132	1528631416897	137
50	2	53269	0	16891	2018-06-10 19:50:17	40050	1528631417231	138
24	2	53269	0	4029	2018-06-10 19:50:17	40024	1528631417331	139
48	2	53269	0	7432	2018-06-10 19:50:17	40048	1528631417498	140
47	2	53269	0	14246	2018-06-10 19:50:17	40047	1528631417632	141
39	2	53269	0	12771	2018-06-10 19:50:17	40039	1528631417732	142
122	2	53269	0	13560	2018-06-10 19:50:17	40122	1528631417832	143
77	2	53269	0	17293	2018-06-10 19:50:17	40077	1528631417899	144
52	2	53269	0	13557	2018-06-10 19:50:17	40052	1528631417932	145
121	2	53269	0	15199	2018-06-10 19:50:17	40121	1528631417999	146
38	2	53269	0	14738	2018-06-10 19:50:18	40038	1528631418066	147
72	2	53269	0	3586	2018-06-10 19:50:18	40072	1528631418132	148
67	2	53269	0	13385	2018-06-10 19:50:18	40067	1528631418324	149
123	2	53269	0	15923	2018-06-10 19:50:18	40123	1528631418358	150
127	2	53269	0	15057	2018-06-10 19:50:18	40127	1528631418425	151
41	2	53269	0	14148	2018-06-10 19:50:18	40041	1528631418526	152
64	2	53269	0	13494	2018-06-10 19:50:18	40064	1528631418593	153
40	2	53269	0	13357	2018-06-10 19:50:18	40040	1528631418626	154
118	2	53269	0	14013	2018-06-10 19:50:18	40118	1528631418659	155
32	2	53269	0	12549	2018-06-10 19:50:18	40032	1528631418726	156
66	2	53269	0	13546	2018-06-10 19:50:18	40066	1528631418759	157
135	2	53269	0	14185	2018-06-10 19:50:18	40135	1528631418860	158
63	2	53269	0	13970	2018-06-10 19:50:18	40063	1528631418893	159
131	2	53269	0	14398	2018-06-10 19:50:18	40131	1528631418993	160
115	2	53269	0	13901	2018-06-10 19:50:19	40115	1528631419060	161
129	2	55138	0	13460	2018-06-10 19:50:19	40129	1528631419093	162
80	2	53269	0	17150	2018-06-10 19:50:19	40080	1528631419227	163
44	2	53269	0	15097	2018-06-10 19:50:19	40044	1528631419294	164
120	2	53269	0	14695	2018-06-10 19:50:19	40120	1528631419335	165
43	2	53269	0	13937	2018-06-10 19:50:19	40043	1528631419377	166
56	2	53269	0	16438	2018-06-10 19:50:19	40056	1528631419461	167
117	2	53269	0	14177	2018-06-10 19:50:19	40117	1528631419503	168
3	3	49175	0	17295	2018-06-10 19:51:13	40003	1528631473938	169
20	3	49173	0	19509	2018-06-10 19:51:14	40020	1528631474147	170
9	3	49173	0	16356	2018-06-10 19:51:14	40009	1528631474572	171
8	3	49173	0	16703	2018-06-10 19:51:14	40008	1528631474606	172
17	3	49173	0	21036	2018-06-10 19:51:14	40017	1528631474840	173
13	3	49173	0	19843	2018-06-10 19:51:15	40013	1528631475240	174
33	3	49173	0	16926	2018-06-10 19:51:15	40033	1528631475658	175
132	3	49173	0	11296	2018-06-10 19:51:16	40132	1528631476225	176
67	3	49173	0	17343	2018-06-10 19:51:16	40067	1528631476267	177
53	3	49173	0	21799	2018-06-10 19:51:16	40053	1528631476350	178
10	3	49173	0	21476	2018-06-10 19:51:16	40010	1528631476534	179
117	3	49173	0	18260	2018-06-10 19:51:16	40117	1528631476601	180
123	3	49176	0	20108	2018-06-10 19:51:16	40123	1528631476701	181
47	3	49173	0	18674	2018-06-10 19:51:16	40047	1528631476734	182
41	3	49173	0	18296	2018-06-10 19:51:16	40041	1528631476936	183
21	3	49173	0	20684	2018-06-10 19:51:17	40021	1528631477003	184
26	3	49173	0	16635	2018-06-10 19:51:17	40026	1528631477136	185
71	3	49173	0	17792	2018-06-10 19:51:17	40071	1528631477169	186
40	3	49173	0	17242	2018-06-10 19:51:17	40040	1528631477236	187
39	3	49173	0	16577	2018-06-10 19:51:17	40039	1528631477336	188
16	3	49173	0	19878	2018-06-10 19:51:17	40016	1528631477370	189
76	3	49173	0	5024	2018-06-10 19:51:17	40076	1528631477403	190
131	3	49173	0	18406	2018-06-10 19:51:17	40131	1528631477436	191
77	3	49173	0	22536	2018-06-10 19:51:17	40077	1528631477470	192
64	3	49173	0	17490	2018-06-10 19:51:17	40064	1528631477503	193
78	3	49173	0	4654	2018-06-10 19:51:17	40078	1528631477670	194
75	3	49173	0	18662	2018-06-10 19:51:17	40075	1528631477704	195
37	3	49173	0	18220	2018-06-10 19:51:17	40037	1528631477737	196
135	3	49173	0	18446	2018-06-10 19:51:17	40135	1528631477804	197
122	3	49173	0	17453	2018-06-10 19:51:17	40122	1528631477837	198
139	3	49173	0	24024	2018-06-10 19:51:18	40139	1528631478004	199
38	3	49173	0	19406	2018-06-10 19:51:18	40038	1528631478263	200
127	3	49173	0	20397	2018-06-10 19:51:18	40127	1528631478330	201
56	3	49173	0	21246	2018-06-10 19:51:18	40056	1528631478496	202
115	3	49173	0	18105	2018-06-10 19:51:18	40115	1528631478597	203
72	3	49173	0	4784	2018-06-10 19:51:18	40072	1528631478764	204
11	3	49173	0	20763	2018-06-10 19:51:18	40011	1528631478797	205
70	3	49173	0	23387	2018-06-10 19:51:18	40070	1528631478830	206
80	3	49173	0	22235	2018-06-10 19:51:18	40080	1528631478897	207
66	3	49173	0	17482	2018-06-10 19:51:18	40066	1528631478997	208
43	3	49173	0	18101	2018-06-10 19:51:19	40043	1528631479031	209
24	3	49173	0	5352	2018-06-10 19:51:19	40024	1528631479098	210
50	3	49173	0	22046	2018-06-10 19:51:19	40050	1528631479131	211
12	3	49173	0	10077	2018-06-10 19:51:19	40012	1528631479164	212
52	3	49173	0	17465	2018-06-10 19:51:19	40052	1528631479231	213
121	3	49173	0	19426	2018-06-10 19:51:19	40121	1528631479298	214
69	3	49173	0	18972	2018-06-10 19:51:19	40069	1528631479331	215
120	3	49173	0	18979	2018-06-10 19:51:19	40120	1528631479365	216
63	3	49173	0	17780	2018-06-10 19:51:19	40063	1528631479398	217
124	3	49173	0	18963	2018-06-10 19:51:19	40124	1528631479523	218
48	3	49173	0	9890	2018-06-10 19:51:19	40048	1528631479590	219
119	3	49173	0	17384	2018-06-10 19:51:19	40119	1528631479648	220
32	3	49173	0	16459	2018-06-10 19:51:19	40032	1528631479715	221
129	3	50706	0	19535	2018-06-10 19:51:19	40129	1528631479782	222
44	3	49173	0	20016	2018-06-10 19:51:19	40044	1528631479815	223
118	3	49173	0	18286	2018-06-10 19:51:19	40118	1528631479882	224
20	4	45077	0	24577	2018-06-10 19:52:14	40020	1528631534063	225
8	4	45077	0	20002	2018-06-10 19:52:14	40008	1528631534339	226
13	4	45077	0	23395	2018-06-10 19:52:14	40013	1528631534739	227
10	4	45078	0	26703	2018-06-10 19:52:14	40010	1528631534839	228
9	4	45077	0	19604	2018-06-10 19:52:15	40009	1528631535173	229
16	4	45077	0	24910	2018-06-10 19:52:15	40016	1528631535440	230
3	4	45079	0	21506	2018-06-10 19:52:15	40003	1528631535741	231
124	4	45077	0	24212	2018-06-10 19:52:16	40124	1528631536175	232
78	4	45077	0	5803	2018-06-10 19:52:16	40078	1528631536275	233
63	4	45077	0	21135	2018-06-10 19:52:16	40063	1528631536342	234
123	4	45077	0	23568	2018-06-10 19:52:16	40123	1528631536375	235
118	4	45077	0	21944	2018-06-10 19:52:16	40118	1528631536410	236
56	4	45077	0	25665	2018-06-10 19:52:16	40056	1528631536442	237
21	4	45077	0	25750	2018-06-10 19:52:16	40021	1528631536575	238
52	4	45077	0	20774	2018-06-10 19:52:16	40052	1528631536609	239
53	4	45077	0	26382	2018-06-10 19:52:16	40053	1528631536768	240
115	4	45077	0	21474	2018-06-10 19:52:16	40115	1528631536868	241
131	4	45077	0	22038	2018-06-10 19:52:16	40131	1528631536901	242
129	4	45077	0	27832	2018-06-10 19:52:16	40129	1528631536935	243
135	4	45077	0	21936	2018-06-10 19:52:17	40135	1528631537035	244
47	4	45077	0	22259	2018-06-10 19:52:17	40047	1528631537068	245
64	4	45077	0	20913	2018-06-10 19:52:17	40064	1528631537135	246
66	4	45077	0	20823	2018-06-10 19:52:17	40066	1528631537235	247
17	4	45077	0	26028	2018-06-10 19:52:17	40017	1528631537368	248
33	4	45077	0	20265	2018-06-10 19:52:17	40033	1528631537435	249
122	4	45077	0	20721	2018-06-10 19:52:17	40122	1528631537470	250
50	4	45077	0	26682	2018-06-10 19:52:17	40050	1528631537503	251
127	4	45077	0	24435	2018-06-10 19:52:17	40127	1528631537703	252
26	4	45077	0	19959	2018-06-10 19:52:17	40026	1528631537737	253
67	4	45077	0	20797	2018-06-10 19:52:17	40067	1528631537870	254
72	4	45077	0	5914	2018-06-10 19:52:17	40072	1528631537937	255
38	4	45077	0	23487	2018-06-10 19:52:17	40038	1528631537971	256
40	4	45077	0	20514	2018-06-10 19:52:18	40040	1528631538213	257
70	4	45077	0	27794	2018-06-10 19:52:18	40070	1528631538279	258
132	4	45077	0	14012	2018-06-10 19:52:18	40132	1528631538321	259
11	4	45077	0	25633	2018-06-10 19:52:18	40011	1528631538365	260
120	4	45077	0	22624	2018-06-10 19:52:18	40120	1528631538530	261
24	4	45077	0	6545	2018-06-10 19:52:18	40024	1528631538613	262
117	4	45077	0	21786	2018-06-10 19:52:18	40117	1528631538696	263
76	4	45077	0	6223	2018-06-10 19:52:18	40076	1528631538780	264
41	4	45077	0	21707	2018-06-10 19:52:18	40041	1528631538947	265
43	4	45077	0	21540	2018-06-10 19:52:19	40043	1528631539030	266
77	4	45077	0	27274	2018-06-10 19:52:19	40077	1528631539130	267
80	4	45077	0	26950	2018-06-10 19:52:19	40080	1528631539397	268
37	4	45077	0	21559	2018-06-10 19:52:19	40037	1528631539464	269
12	4	45077	0	12490	2018-06-10 19:52:19	40012	1528631539564	270
121	4	45077	0	23322	2018-06-10 19:52:19	40121	1528631539598	271
39	4	45077	0	19872	2018-06-10 19:52:19	40039	1528631539665	272
119	4	45077	0	20791	2018-06-10 19:52:19	40119	1528631539698	273
139	4	45077	0	28568	2018-06-10 19:52:19	40139	1528631539798	274
32	4	45077	0	19729	2018-06-10 19:52:19	40032	1528631539831	275
71	4	45077	0	22929	2018-06-10 19:52:19	40071	1528631539865	276
69	4	45077	0	24137	2018-06-10 19:52:19	40069	1528631539898	277
75	4	45077	0	23741	2018-06-10 19:52:19	40075	1528631539932	278
44	4	45077	0	24244	2018-06-10 19:52:19	40044	1528631539965	279
48	4	45077	0	12396	2018-06-10 19:52:19	40048	1528631539998	280
3	5	40983	0	25767	2018-06-10 19:53:13	40003	1528631593907	281
20	5	40981	0	29816	2018-06-10 19:53:14	40020	1528631594030	282
16	5	40981	0	29965	2018-06-10 19:53:14	40016	1528631594191	283
9	5	40981	0	23438	2018-06-10 19:53:14	40009	1528631594224	284
8	5	40981	0	23845	2018-06-10 19:53:14	40008	1528631594257	285
13	5	40981	0	28695	2018-06-10 19:53:14	40013	1528631594349	286
17	5	40981	0	30977	2018-06-10 19:53:14	40017	1528631594541	287
12	5	40981	0	15012	2018-06-10 19:53:14	40012	1528631594766	288
10	5	40981	0	31897	2018-06-10 19:53:15	40010	1528631595000	289
32	5	40981	0	22452	2018-06-10 19:53:15	40032	1528631595685	290
33	5	40981	0	23520	2018-06-10 19:53:15	40033	1528631595726	291
11	5	40981	0	30908	2018-06-10 19:53:16	40011	1528631596019	292
135	5	40981	0	25828	2018-06-10 19:53:16	40135	1528631596310	293
64	5	40981	0	24303	2018-06-10 19:53:16	40064	1528631596377	294
76	5	40981	0	7333	2018-06-10 19:53:16	40076	1528631596411	295
52	5	40981	0	24029	2018-06-10 19:53:16	40052	1528631596511	296
80	5	40981	0	32154	2018-06-10 19:53:16	40080	1528631596678	297
121	5	40981	0	27664	2018-06-10 19:53:16	40121	1528631596946	298
120	5	40981	0	26855	2018-06-10 19:53:16	40120	1528631596979	299
47	5	40981	0	25914	2018-06-10 19:53:17	40047	1528631597046	300
118	5	40981	0	26182	2018-06-10 19:53:17	40118	1528631597080	301
67	5	40981	0	24655	2018-06-10 19:53:17	40067	1528631597180	302
66	5	40981	0	24069	2018-06-10 19:53:17	40066	1528631597247	303
53	5	40981	0	30895	2018-06-10 19:53:17	40053	1528631597347	304
50	5	40981	0	31327	2018-06-10 19:53:17	40050	1528631597480	305
21	5	40983	0	31026	2018-06-10 19:53:17	40021	1528631597514	306
37	5	40981	0	26205	2018-06-10 19:53:17	40037	1528631597580	307
139	5	40981	0	33464	2018-06-10 19:53:17	40139	1528631597647	308
63	5	40981	0	24450	2018-06-10 19:53:17	40063	1528631597781	309
77	5	40981	0	31727	2018-06-10 19:53:17	40077	1528631597973	310
41	5	40981	0	25267	2018-06-10 19:53:18	40041	1528631598165	311
129	5	40981	0	31764	2018-06-10 19:53:18	40129	1528631598198	312
72	5	40981	0	7099	2018-06-10 19:53:18	40072	1528631598231	313
70	5	40981	0	33103	2018-06-10 19:53:18	40070	1528631598298	314
75	5	40981	0	28187	2018-06-10 19:53:18	40075	1528631598599	315
127	5	40981	0	28529	2018-06-10 19:53:18	40127	1528631598632	316
115	5	40981	0	25622	2018-06-10 19:53:18	40115	1528631598665	317
71	5	40981	0	27418	2018-06-10 19:53:18	40071	1528631598732	318
124	5	40981	0	28853	2018-06-10 19:53:18	40124	1528631598766	319
78	5	40981	0	6956	2018-06-10 19:53:18	40078	1528631598799	320
38	5	40981	0	27239	2018-06-10 19:53:18	40038	1528631598866	321
122	5	40981	0	24534	2018-06-10 19:53:18	40122	1528631598966	322
26	5	40981	0	22135	2018-06-10 19:53:19	40026	1528631599000	323
24	5	40981	0	7817	2018-06-10 19:53:19	40024	1528631599033	324
119	5	40981	0	24945	2018-06-10 19:53:19	40119	1528631599100	325
48	5	40987	0	14906	2018-06-10 19:53:19	40048	1528631599292	326
69	5	40981	0	28724	2018-06-10 19:53:19	40069	1528631599450	327
131	5	40981	0	26068	2018-06-10 19:53:19	40131	1528631599483	328
117	5	40981	0	25927	2018-06-10 19:53:19	40117	1528631599517	329
39	5	40981	0	23096	2018-06-10 19:53:19	40039	1528631599550	330
56	5	40981	0	30292	2018-06-10 19:53:19	40056	1528631599684	331
44	5	40981	0	28060	2018-06-10 19:53:19	40044	1528631599717	332
40	5	40981	0	23842	2018-06-10 19:53:19	40040	1528631599784	333
123	5	40981	0	27625	2018-06-10 19:53:19	40123	1528631599851	334
43	5	40981	0	25144	2018-06-10 19:53:19	40043	1528631599934	335
132	5	40981	0	16413	2018-06-10 19:53:20	40132	1528631600101	336
3	6	36887	0	30152	2018-06-10 19:54:13	40003	1528631653911	337
20	6	36885	0	34880	2018-06-10 19:54:14	40020	1528631654069	338
9	6	36885	0	27790	2018-06-10 19:54:14	40009	1528631654195	339
17	6	36885	0	36632	2018-06-10 19:54:14	40017	1528631654228	340
8	6	36885	0	28228	2018-06-10 19:54:14	40008	1528631654261	341
13	6	36885	0	33310	2018-06-10 19:54:14	40013	1528631654328	342
16	6	36885	0	34983	2018-06-10 19:54:14	40016	1528631654428	343
21	6	36885	0	36747	2018-06-10 19:54:14	40021	1528631654462	344
12	6	36885	0	17578	2018-06-10 19:54:15	40012	1528631655196	345
37	6	36885	0	30571	2018-06-10 19:54:15	40037	1528631655614	346
39	6	36885	0	30048	2018-06-10 19:54:15	40039	1528631655680	347
33	6	36885	0	28470	2018-06-10 19:54:16	40033	1528631656099	348
26	6	36885	0	27167	2018-06-10 19:54:16	40026	1528631656224	349
40	6	36885	0	27908	2018-06-10 19:54:16	40040	1528631656332	350
24	6	36885	0	9226	2018-06-10 19:54:16	40024	1528631656366	351
117	6	36885	0	32636	2018-06-10 19:54:16	40117	1528631656399	352
50	6	36885	0	36451	2018-06-10 19:54:16	40050	1528631656433	353
10	6	36885	0	37636	2018-06-10 19:54:16	40010	1528631656566	354
76	6	36885	0	8812	2018-06-10 19:54:16	40076	1528631656700	355
139	6	36885	0	37923	2018-06-10 19:54:16	40139	1528631656766	356
123	6	36885	0	34721	2018-06-10 19:54:16	40123	1528631656867	357
122	6	36885	0	27764	2018-06-10 19:54:16	40122	1528631656933	358
80	6	36885	0	37891	2018-06-10 19:54:17	40080	1528631657000	359
71	6	36885	0	32388	2018-06-10 19:54:17	40071	1528631657067	360
47	6	36885	0	30786	2018-06-10 19:54:17	40047	1528631657267	361
63	6	36885	0	28912	2018-06-10 19:54:17	40063	1528631657334	362
43	6	36885	0	29202	2018-06-10 19:54:17	40043	1528631657401	363
120	6	36885	0	31600	2018-06-10 19:54:17	40120	1528631657434	364
135	6	36885	0	30952	2018-06-10 19:54:17	40135	1528631657601	365
66	6	36885	0	28445	2018-06-10 19:54:17	40066	1528631657635	366
32	6	36885	0	27315	2018-06-10 19:54:17	40032	1528631657860	367
131	6	36885	0	30828	2018-06-10 19:54:17	40131	1528631657893	368
38	6	36885	0	32152	2018-06-10 19:54:18	40038	1528631658069	369
77	6	36885	0	36899	2018-06-10 19:54:18	40077	1528631658302	370
48	6	36885	0	17695	2018-06-10 19:54:18	40048	1528631658336	371
67	6	36885	0	29008	2018-06-10 19:54:18	40067	1528631658502	372
72	6	36885	0	8221	2018-06-10 19:54:18	40072	1528631658536	373
121	6	36885	0	32657	2018-06-10 19:54:18	40121	1528631658569	374
78	6	36885	0	8095	2018-06-10 19:54:18	40078	1528631658603	375
124	6	36885	0	33384	2018-06-10 19:54:18	40124	1528631658669	376
41	6	36885	0	29951	2018-06-10 19:54:18	40041	1528631658703	377
119	6	36885	0	29460	2018-06-10 19:54:18	40119	1528631658803	378
64	6	36885	0	28961	2018-06-10 19:54:18	40064	1528631658836	379
53	6	36890	0	36040	2018-06-10 19:54:18	40053	1528631658870	380
132	6	36885	0	19104	2018-06-10 19:54:19	40132	1528631659162	381
118	6	36885	0	31095	2018-06-10 19:54:19	40118	1528631659195	382
115	6	36885	0	30106	2018-06-10 19:54:19	40115	1528631659229	383
11	6	36885	0	35499	2018-06-10 19:54:19	40011	1528631659320	384
70	6	36885	0	38891	2018-06-10 19:54:19	40070	1528631659354	385
127	6	36885	0	33721	2018-06-10 19:54:19	40127	1528631659421	386
44	6	36885	0	33079	2018-06-10 19:54:19	40044	1528631659487	387
69	6	36885	0	34287	2018-06-10 19:54:19	40069	1528631659521	388
56	6	36885	0	37124	2018-06-10 19:54:19	40056	1528631659554	389
75	6	36885	0	33170	2018-06-10 19:54:19	40075	1528631659588	390
129	6	36885	0	36500	2018-06-10 19:54:19	40129	1528631659721	391
52	6	36885	0	28531	2018-06-10 19:54:19	40052	1528631659755	392
3	7	32791	0	33514	2018-06-10 19:55:13	40003	1528631713901	393
20	7	32789	0	38960	2018-06-10 19:55:14	40020	1528631714060	394
13	7	32789	0	37376	2018-06-10 19:55:14	40013	1528631714179	395
9	7	32789	0	31041	2018-06-10 19:55:14	40009	1528631714210	396
21	7	32789	0	41355	2018-06-10 19:55:14	40021	1528631714443	397
11	7	32789	0	40046	2018-06-10 19:55:14	40011	1528631714510	398
8	7	32789	0	31538	2018-06-10 19:55:14	40008	1528631714610	399
10	7	32789	0	42384	2018-06-10 19:55:15	40010	1528631715078	400
16	7	32789	0	39157	2018-06-10 19:55:16	40016	1528631716305	401
69	7	32789	0	38353	2018-06-10 19:55:16	40069	1528631716338	402
117	7	32789	0	36086	2018-06-10 19:55:16	40117	1528631716438	403
71	7	32789	0	36508	2018-06-10 19:55:16	40071	1528631716471	404
52	7	32789	0	31790	2018-06-10 19:55:16	40052	1528631716505	405
17	7	32789	0	41217	2018-06-10 19:55:16	40017	1528631716538	406
12	7	32789	0	19891	2018-06-10 19:55:16	40012	1528631716572	407
26	7	32789	0	30716	2018-06-10 19:55:16	40026	1528631716739	408
63	7	32789	0	32355	2018-06-10 19:55:16	40063	1528631716805	409
123	7	32789	0	38292	2018-06-10 19:55:16	40123	1528631716839	410
37	7	32789	0	34280	2018-06-10 19:55:16	40037	1528631716872	411
129	7	32789	0	40085	2018-06-10 19:55:17	40129	1528631717040	412
76	7	32789	0	9968	2018-06-10 19:55:17	40076	1528631717139	413
47	7	32789	0	34613	2018-06-10 19:55:17	40047	1528631717173	414
80	7	32789	0	42507	2018-06-10 19:55:17	40080	1528631717373	415
124	7	32789	0	37027	2018-06-10 19:55:17	40124	1528631717440	416
24	7	32789	0	10395	2018-06-10 19:55:17	40024	1528631717475	417
131	7	32789	0	34294	2018-06-10 19:55:17	40131	1528631717541	418
139	7	32789	0	42206	2018-06-10 19:55:17	40139	1528631717574	419
40	7	32789	0	31763	2018-06-10 19:55:17	40040	1528631717641	420
43	7	32789	0	33354	2018-06-10 19:55:17	40043	1528631717766	421
32	7	32789	0	30622	2018-06-10 19:55:17	40032	1528631717800	422
72	7	32789	0	9439	2018-06-10 19:55:17	40072	1528631717925	423
41	7	32789	0	33634	2018-06-10 19:55:17	40041	1528631717958	424
78	7	32789	0	9217	2018-06-10 19:55:18	40078	1528631718025	425
122	7	32789	0	31204	2018-06-10 19:55:18	40122	1528631718092	426
50	7	32789	0	41825	2018-06-10 19:55:18	40050	1528631718159	427
66	7	32789	0	31770	2018-06-10 19:55:18	40066	1528631718225	428
121	7	32797	0	36702	2018-06-10 19:55:18	40121	1528631718326	429
119	7	32789	0	32944	2018-06-10 19:55:18	40119	1528631718459	430
39	7	32789	0	33368	2018-06-10 19:55:18	40039	1528631718526	431
132	7	32789	0	21672	2018-06-10 19:55:18	40132	1528631718559	432
33	7	32789	0	31727	2018-06-10 19:55:18	40033	1528631718593	433
77	7	32789	0	42079	2018-06-10 19:55:18	40077	1528631718660	434
118	7	32789	0	34727	2018-06-10 19:55:18	40118	1528631718726	435
127	7	32789	0	38057	2018-06-10 19:55:18	40127	1528631718793	436
120	7	32789	0	35417	2018-06-10 19:55:18	40120	1528631718860	437
53	7	32789	0	41491	2018-06-10 19:55:18	40053	1528631718893	438
70	7	32789	0	43279	2018-06-10 19:55:18	40070	1528631718985	439
64	7	32789	0	32334	2018-06-10 19:55:19	40064	1528631719052	440
48	7	32789	0	20081	2018-06-10 19:55:19	40048	1528631719085	441
44	7	32789	0	36844	2018-06-10 19:55:19	40044	1528631719119	442
38	7	32789	0	36220	2018-06-10 19:55:19	40038	1528631719177	443
56	7	32789	0	40595	2018-06-10 19:55:19	40056	1528631719210	444
75	7	32789	0	37146	2018-06-10 19:55:19	40075	1528631719246	445
67	7	32789	0	32274	2018-06-10 19:55:19	40067	1528631719311	446
135	7	32789	0	34853	2018-06-10 19:55:19	40135	1528631719344	447
115	7	32789	0	33434	2018-06-10 19:55:19	40115	1528631719377	448
3	8	28695	0	38249	2018-06-10 19:56:13	40003	1528631773887	449
20	8	28693	0	44079	2018-06-10 19:56:14	40020	1528631774028	450
9	8	28693	0	35393	2018-06-10 19:56:14	40009	1528631774180	451
11	8	28693	0	46086	2018-06-10 19:56:14	40011	1528631774246	452
8	8	28693	0	35927	2018-06-10 19:56:14	40008	1528631774279	453
16	8	28693	0	44288	2018-06-10 19:56:14	40016	1528631774312	454
17	8	28693	0	46870	2018-06-10 19:56:14	40017	1528631774346	455
21	8	28693	0	47148	2018-06-10 19:56:14	40021	1528631774379	456
13	8	28693	0	42836	2018-06-10 19:56:14	40013	1528631774449	457
10	8	28693	0	48015	2018-06-10 19:56:14	40010	1528631774688	458
12	8	28693	0	22639	2018-06-10 19:56:14	40012	1528631774897	459
32	8	28693	0	34524	2018-06-10 19:56:15	40032	1528631775923	460
72	8	28693	0	10674	2018-06-10 19:56:16	40072	1528631776282	461
37	8	28693	0	38578	2018-06-10 19:56:16	40037	1528631776416	462
43	8	28693	0	37959	2018-06-10 19:56:16	40043	1528631776508	463
121	8	28693	0	41330	2018-06-10 19:56:16	40121	1528631776574	464
80	8	28693	0	48281	2018-06-10 19:56:16	40080	1528631776741	465
47	8	28693	0	39412	2018-06-10 19:56:16	40047	1528631776808	466
76	8	28693	0	11108	2018-06-10 19:56:16	40076	1528631776850	467
71	8	28693	0	40974	2018-06-10 19:56:16	40071	1528631776933	468
39	8	28693	0	37161	2018-06-10 19:56:17	40039	1528631777343	469
77	8	28693	0	47857	2018-06-10 19:56:17	40077	1528631777410	470
117	8	28693	0	40608	2018-06-10 19:56:17	40117	1528631777444	471
52	8	28693	0	36292	2018-06-10 19:56:17	40052	1528631777477	472
40	8	28693	0	36230	2018-06-10 19:56:17	40040	1528631777610	473
129	8	28693	0	44845	2018-06-10 19:56:17	40129	1528631777644	474
119	8	28693	0	37448	2018-06-10 19:56:17	40119	1528631777677	475
78	8	28693	0	10370	2018-06-10 19:56:17	40078	1528631777877	476
41	8	28693	0	38145	2018-06-10 19:56:17	40041	1528631777978	477
118	8	28693	0	39457	2018-06-10 19:56:18	40118	1528631778011	478
132	8	28693	0	24298	2018-06-10 19:56:18	40132	1528631778111	479
66	8	28693	0	36174	2018-06-10 19:56:18	40066	1528631778145	480
26	8	28693	0	34750	2018-06-10 19:56:18	40026	1528631778211	481
38	8	28693	0	40304	2018-06-10 19:56:18	40038	1528631778312	482
120	8	28693	0	40305	2018-06-10 19:56:18	40120	1528631778345	483
67	8	28693	0	36654	2018-06-10 19:56:18	40067	1528631778412	484
127	8	28693	0	42828	2018-06-10 19:56:18	40127	1528631778645	485
56	8	28693	0	45743	2018-06-10 19:56:18	40056	1528631778712	486
75	8	28693	0	41672	2018-06-10 19:56:18	40075	1528631778746	487
69	8	28693	0	43076	2018-06-10 19:56:18	40069	1528631778779	488
24	8	28693	0	11915	2018-06-10 19:56:18	40024	1528631778837	489
64	8	28693	0	36897	2018-06-10 19:56:18	40064	1528631778871	490
135	8	28693	0	40103	2018-06-10 19:56:18	40135	1528631778904	491
123	8	28693	0	43499	2018-06-10 19:56:19	40123	1528631779029	492
33	8	28693	0	35580	2018-06-10 19:56:19	40033	1528631779063	493
115	8	28693	0	38136	2018-06-10 19:56:19	40115	1528631779130	494
124	8	28695	0	41635	2018-06-10 19:56:19	40124	1528631779230	495
44	8	28693	0	41809	2018-06-10 19:56:19	40044	1528631779296	496
131	8	28693	0	38859	2018-06-10 19:56:19	40131	1528631779363	497
63	8	28693	0	36899	2018-06-10 19:56:19	40063	1528631779463	498
50	8	28693	0	47445	2018-06-10 19:56:19	40050	1528631779497	499
122	8	28693	0	35821	2018-06-10 19:56:19	40122	1528631779664	500
53	8	28693	0	47185	2018-06-10 19:56:19	40053	1528631779731	501
48	8	28693	0	22607	2018-06-10 19:56:19	40048	1528631779764	502
70	8	28693	0	49428	2018-06-10 19:56:19	40070	1528631779831	503
139	8	28693	0	47834	2018-06-10 19:56:19	40139	1528631779897	504
3	9	24599	0	41776	2018-06-10 19:57:13	40003	1528631833925	505
20	9	24597	0	49262	2018-06-10 19:57:14	40020	1528631834026	506
17	9	24597	0	51968	2018-06-10 19:57:14	40017	1528631834180	507
13	9	24597	0	47774	2018-06-10 19:57:14	40013	1528631834209	508
16	9	24597	0	49434	2018-06-10 19:57:14	40016	1528631834351	509
12	9	24606	0	25403	2018-06-10 19:57:14	40012	1528631834426	510
21	9	24597	0	52331	2018-06-10 19:57:14	40021	1528631834506	511
8	9	24597	0	39786	2018-06-10 19:57:14	40008	1528631834534	512
24	9	24597	0	13435	2018-06-10 19:57:15	40024	1528631835387	513
9	9	24597	0	39230	2018-06-10 19:57:15	40009	1528631835487	514
32	9	24597	0	40364	2018-06-10 19:57:15	40032	1528631835688	515
11	9	24597	0	51251	2018-06-10 19:57:15	40011	1528631835788	516
53	9	24597	0	52399	2018-06-10 19:57:16	40053	1528631836322	517
135	9	24597	0	44811	2018-06-10 19:57:16	40135	1528631836389	518
66	9	24597	0	40033	2018-06-10 19:57:16	40066	1528631836514	519
64	9	24597	0	40916	2018-06-10 19:57:16	40064	1528631836639	520
50	9	24597	0	52668	2018-06-10 19:57:16	40050	1528631836723	521
132	9	24597	0	28025	2018-06-10 19:57:16	40132	1528631836764	522
40	9	24597	0	39543	2018-06-10 19:57:16	40040	1528631836806	523
69	9	24597	0	49494	2018-06-10 19:57:16	40069	1528631836848	524
44	9	24597	0	46619	2018-06-10 19:57:16	40044	1528631836898	525
72	9	24597	0	11863	2018-06-10 19:57:16	40072	1528631836941	526
122	9	24597	0	39777	2018-06-10 19:57:17	40122	1528631837148	527
76	9	24597	0	12291	2018-06-10 19:57:17	40076	1528631837515	528
10	9	24597	0	53520	2018-06-10 19:57:17	40010	1528631837549	529
119	9	24597	0	41349	2018-06-10 19:57:17	40119	1528631837682	530
75	9	24597	0	47709	2018-06-10 19:57:17	40075	1528631837716	531
80	9	24597	0	53619	2018-06-10 19:57:17	40080	1528631837749	532
121	9	24597	0	46383	2018-06-10 19:57:17	40121	1528631837849	533
63	9	24597	0	40918	2018-06-10 19:57:17	40063	1528631837883	534
131	9	24597	0	42860	2018-06-10 19:57:17	40131	1528631837949	535
129	9	24597	0	48936	2018-06-10 19:57:18	40129	1528631838016	536
33	9	24597	0	39360	2018-06-10 19:57:18	40033	1528631838117	537
26	9	24597	0	38651	2018-06-10 19:57:18	40026	1528631838150	538
118	9	24597	0	43545	2018-06-10 19:57:18	40118	1528631838183	539
37	9	24597	0	43633	2018-06-10 19:57:18	40037	1528631838383	540
117	9	24597	0	44824	2018-06-10 19:57:18	40117	1528631838417	541
127	9	24597	0	47728	2018-06-10 19:57:18	40127	1528631838617	542
47	9	24597	0	43393	2018-06-10 19:57:18	40047	1528631838651	543
43	9	24597	0	42334	2018-06-10 19:57:18	40043	1528631838776	544
56	9	24597	0	49636	2018-06-10 19:57:18	40056	1528631838843	545
115	9	24597	0	42310	2018-06-10 19:57:18	40115	1528631838901	546
38	9	24597	0	44368	2018-06-10 19:57:19	40038	1528631839034	547
139	9	25583	0	51786	2018-06-10 19:57:19	40139	1528631839068	548
123	9	24597	0	47503	2018-06-10 19:57:19	40123	1528631839101	549
39	9	24597	0	41029	2018-06-10 19:57:19	40039	1528631839235	550
77	9	24597	0	52967	2018-06-10 19:57:19	40077	1528631839302	551
41	9	24597	0	42250	2018-06-10 19:57:19	40041	1528631839402	552
52	9	24597	0	40380	2018-06-10 19:57:19	40052	1528631839602	553
124	9	24597	0	48172	2018-06-10 19:57:19	40124	1528631839669	554
71	9	24597	0	46881	2018-06-10 19:57:19	40071	1528631839702	555
78	9	24597	0	11570	2018-06-10 19:57:19	40078	1528631839769	556
67	9	24597	0	40520	2018-06-10 19:57:19	40067	1528631839836	557
70	9	24597	0	54898	2018-06-10 19:57:19	40070	1528631839870	558
48	9	24597	0	25055	2018-06-10 19:57:19	40048	1528631839904	559
120	9	24597	0	44621	2018-06-10 19:57:19	40120	1528631839996	560
3	10	20503	0	46944	2018-06-10 19:58:13	40003	1528631893910	561
20	10	20501	0	55524	2018-06-10 19:58:14	40020	1528631894052	562
13	10	20501	0	53368	2018-06-10 19:58:14	40013	1528631894177	563
9	10	20501	0	44308	2018-06-10 19:58:14	40009	1528631894210	564
16	10	20501	0	55162	2018-06-10 19:58:14	40016	1528631894244	565
21	10	20505	0	58619	2018-06-10 19:58:14	40021	1528631894377	566
12	10	20501	0	27848	2018-06-10 19:58:14	40012	1528631894411	567
8	10	20501	0	44868	2018-06-10 19:58:14	40008	1528631894544	568
17	10	20501	0	58065	2018-06-10 19:58:14	40017	1528631894644	569
11	10	20501	0	57691	2018-06-10 19:58:15	40011	1528631895605	570
53	10	20501	0	58160	2018-06-10 19:58:16	40053	1528631896323	571
80	10	20501	0	59988	2018-06-10 19:58:16	40080	1528631896390	572
123	10	20501	0	53260	2018-06-10 19:58:16	40123	1528631896523	573
26	10	20501	0	42215	2018-06-10 19:58:16	40026	1528631896557	574
39	10	20501	0	46106	2018-06-10 19:58:16	40039	1528631896624	575
71	10	20501	0	52869	2018-06-10 19:58:16	40071	1528631896757	576
135	10	20501	0	50609	2018-06-10 19:58:16	40135	1528631896924	577
78	10	20501	0	12696	2018-06-10 19:58:17	40078	1528631897408	578
69	10	20501	0	55649	2018-06-10 19:58:17	40069	1528631897450	579
10	10	20501	0	59068	2018-06-10 19:58:17	40010	1528631897642	580
24	10	20501	0	14886	2018-06-10 19:58:17	40024	1528631897684	581
41	10	20501	0	46837	2018-06-10 19:58:17	40041	1528631897767	582
56	10	20501	0	54885	2018-06-10 19:58:18	40056	1528631898276	583
50	10	20501	0	58292	2018-06-10 19:58:18	40050	1528631898644	584
129	10	20501	0	54230	2018-06-10 19:58:18	40129	1528631898877	585
121	10	20501	0	51746	2018-06-10 19:58:18	40121	1528631898977	586
118	10	20501	0	48855	2018-06-10 19:58:19	40118	1528631899311	587
122	10	20501	0	44726	2018-06-10 19:58:19	40122	1528631899345	588
40	10	20501	0	44541	2018-06-10 19:58:19	40040	1528631899478	589
33	10	20501	0	44982	2018-06-10 19:58:19	40033	1528631899545	590
124	10	21840	0	54136	2018-06-10 19:58:19	40124	1528631899578	591
38	10	20501	0	49321	2018-06-10 19:58:20	40038	1528631900104	592
44	10	20501	0	51346	2018-06-10 19:58:20	40044	1528631900338	593
115	10	20501	0	47498	2018-06-10 19:58:20	40115	1528631900471	594
132	10	20501	0	30906	2018-06-10 19:58:20	40132	1528631900705	595
117	10	20501	0	50003	2018-06-10 19:58:20	40117	1528631900738	596
37	10	20501	0	48893	2018-06-10 19:58:20	40037	1528631900772	597
119	10	20501	0	46286	2018-06-10 19:58:20	40119	1528631900839	598
76	10	20501	0	13375	2018-06-10 19:58:20	40076	1528631900972	599
66	10	20501	0	44975	2018-06-10 19:58:21	40066	1528631901039	600
70	10	20501	0	61437	2018-06-10 19:58:21	40070	1528631901231	601
47	10	20501	0	48619	2018-06-10 19:58:21	40047	1528631901298	602
64	10	20501	0	45659	2018-06-10 19:58:21	40064	1528631901457	603
48	10	20501	0	27397	2018-06-10 19:58:21	40048	1528631901775	604
77	10	20501	0	58265	2018-06-10 19:58:22	40077	1528631902108	605
139	10	20501	0	60434	2018-06-10 19:58:22	40139	1528631902192	606
72	10	20501	0	13026	2018-06-10 19:58:22	40072	1528631902234	607
120	10	20501	0	50302	2018-06-10 19:58:22	40120	1528631902317	608
75	10	20501	0	53702	2018-06-10 19:58:22	40075	1528631902509	609
32	10	20501	0	45898	2018-06-10 19:58:22	40032	1528631902784	610
43	10	20501	0	46974	2018-06-10 19:58:22	40043	1528631902951	611
63	10	20501	0	45403	2018-06-10 19:58:22	40063	1528631902985	612
52	10	20501	0	45471	2018-06-10 19:58:23	40052	1528631903018	613
67	10	20501	0	45452	2018-06-10 19:58:23	40067	1528631903686	614
131	10	20501	0	47952	2018-06-10 19:58:23	40131	1528631903721	615
127	10	20501	0	53041	2018-06-10 19:58:23	40127	1528631903819	616
3	11	16407	0	51071	2018-06-10 19:59:13	40003	1528631953898	617
20	11	16405	0	60254	2018-06-10 19:59:14	40020	1528631954021	618
17	11	16405	0	63072	2018-06-10 19:59:14	40017	1528631954177	619
16	11	16405	0	59664	2018-06-10 19:59:14	40016	1528631954206	620
11	11	16405	0	62215	2018-06-10 19:59:14	40011	1528631954241	621
13	11	16405	0	58057	2018-06-10 19:59:14	40013	1528631954450	622
8	11	16405	0	48762	2018-06-10 19:59:14	40008	1528631954541	623
21	11	16408	0	62813	2018-06-10 19:59:14	40021	1528631954650	624
9	11	16405	0	48098	2018-06-10 19:59:14	40009	1528631954750	625
10	11	16405	0	64346	2018-06-10 19:59:16	40010	1528631956236	626
115	11	16405	0	51561	2018-06-10 19:59:16	40115	1528631956503	627
132	11	16405	0	33513	2018-06-10 19:59:16	40132	1528631956570	628
75	11	16405	0	58106	2018-06-10 19:59:16	40075	1528631956670	629
52	11	16405	0	48922	2018-06-10 19:59:16	40052	1528631956737	630
69	11	16405	0	60084	2018-06-10 19:59:16	40069	1528631956904	631
123	11	16405	0	57339	2018-06-10 19:59:16	40123	1528631956937	632
121	11	16405	0	56360	2018-06-10 19:59:17	40121	1528631957037	633
32	11	16405	0	49817	2018-06-10 19:59:17	40032	1528631957071	634
119	11	16405	0	50351	2018-06-10 19:59:17	40119	1528631957104	635
122	11	16405	0	48011	2018-06-10 19:59:17	40122	1528631957229	636
135	11	16405	0	54977	2018-06-10 19:59:17	40135	1528631957263	637
124	11	16405	0	60816	2018-06-10 19:59:17	40124	1528631957454	638
118	11	16405	0	53038	2018-06-10 19:59:17	40118	1528631957488	639
39	11	16405	0	50064	2018-06-10 19:59:17	40039	1528631957588	640
50	11	16405	0	63626	2018-06-10 19:59:17	40050	1528631957738	641
129	11	16405	0	58284	2018-06-10 19:59:17	40129	1528631957780	642
47	11	16405	0	52911	2018-06-10 19:59:17	40047	1528631957947	643
26	11	16405	0	45548	2018-06-10 19:59:17	40026	1528631957989	644
76	11	16405	0	14543	2018-06-10 19:59:18	40076	1528631958072	645
80	11	16405	0	65160	2018-06-10 19:59:18	40080	1528631958155	646
40	11	16405	0	48633	2018-06-10 19:59:18	40040	1528631958406	647
53	11	16405	0	62810	2018-06-10 19:59:18	40053	1528631958556	648
12	11	16405	0	30337	2018-06-10 19:59:18	40012	1528631958589	649
139	11	16405	0	64966	2018-06-10 19:59:18	40139	1528631958656	650
66	11	16405	0	48847	2018-06-10 19:59:18	40066	1528631958690	651
37	11	16405	0	53083	2018-06-10 19:59:18	40037	1528631958790	652
71	11	16405	0	57358	2018-06-10 19:59:18	40071	1528631958823	653
70	11	16405	1	1538	2018-06-10 19:59:18	40070	1528631958923	654
72	11	16405	0	14160	2018-06-10 19:59:19	40072	1528631959090	655
78	11	16405	0	13813	2018-06-10 19:59:19	40078	1528631959124	656
43	11	16405	0	51152	2018-06-10 19:59:19	40043	1528631959157	657
44	11	16405	0	55687	2018-06-10 19:59:19	40044	1528631959224	658
63	11	16405	0	49296	2018-06-10 19:59:19	40063	1528631959257	659
56	11	16405	0	58934	2018-06-10 19:59:19	40056	1528631959291	660
33	11	16405	0	48852	2018-06-10 19:59:19	40033	1528631959359	661
117	11	16405	0	54108	2018-06-10 19:59:19	40117	1528631959459	662
127	11	16405	0	58053	2018-06-10 19:59:19	40127	1528631959492	663
41	11	16405	0	50934	2018-06-10 19:59:19	40041	1528631959592	664
77	11	16405	0	64198	2018-06-10 19:59:19	40077	1528631959626	665
38	11	16405	0	53448	2018-06-10 19:59:19	40038	1528631959659	666
24	11	16405	0	16462	2018-06-10 19:59:19	40024	1528631959718	667
120	11	16405	0	54510	2018-06-10 19:59:19	40120	1528631959751	668
131	11	16405	0	52067	2018-06-10 19:59:19	40131	1528631959784	669
48	11	16405	0	30124	2018-06-10 19:59:19	40048	1528631959943	670
64	11	16405	0	49615	2018-06-10 19:59:19	40064	1528631959976	671
67	11	16405	0	49455	2018-06-10 19:59:20	40067	1528631960043	672
