Thread[Thread-1,5,main]delay 0 22 0 10173 0 9572
delay 1 1 0 20293 0 20876
delay 2 42 0 30491 0 28103
delay 3 42 0 40751 0 38362
delay 4 22 0 50963 0 50362
delay 5 41 0 61088 0 58686
energy 0 61466 0 4921
delay 6 0 1 5651 1 6226
delay 7 42 1 16348 1 13959
delay 8 43 1 26520 1 24100
delay 9 42 1 36716 1 34327
delay 10 42 1 46864 1 44475
delay 11 34 1 57032 1 55868
energy 1 57370 0 10238
delay 12 0 2 1608 2 2183
delay 13 1 2 12266 2 12849
delay 14 1 2 22410 2 22993
delay 15 22 2 32599 2 31999
delay 16 30 2 42721 2 41939
delay 17 0 2 52844 2 53419
energy 2 53274 0 15438
delay 18 22 2 63531 2 62932
delay 19 1 3 8188 3 8770
delay 20 42 3 18415 3 16026
delay 21 1 3 28487 3 29069
delay 22 13 3 38606 3 38563
delay 23 22 3 48685 3 48086
energy 3 49178 0 20714
delay 24 1 3 59375 3 59957
delay 25 0 4 3942 4 4517
delay 26 25 4 13991 4 13296
delay 27 43 4 24080 4 21661
delay 28 0 4 34754 4 35329
delay 29 25 4 44810 4 44115
energy 4 45082 0 25696
delay 30 21 4 54904 4 54344
delay 31 42 4 65423 4 63034
