Thread[Thread-1,5,main]tree 14 10 0 14 0 0
radio 3 53347
radio 3 53351
radio 3 53382
radio 3 53896
radio 3 53913
radio 3 54426
radio 3 54443
radio 3 54956
radio 3 54973
radio 3 55486
radio 3 55522
radio 3 56036
radio 3 56053
radio 3 56566
radio 3 56616
radio 3 57130
radio 3 57242
radio 3 57756
radio 3 57825
radio 3 58339
radio 3 58370
radio 3 58884
radio 3 58913
radio 3 59427
radio 3 59444
radio 3 59957
radio 3 60006
radio 3 60520
radio 3 60548
radio 3 61062
radio 3 61092
radio 3 61606
radio 3 61636
radio 3 62150
radio 3 62218
radio 3 62732
radio 3 62749
radio 3 63262
radio 3 63279
radio 3 63792
radio 3 63809
radio 3 64322
radio 3 64374
radio 3 64888
radio 3 64941
radio 3 65455
radio 3 65472
radio 4 449
radio 4 466
radio 4 979
radio 4 996
radio 4 1509
radio 4 1583
radio 4 2097
radio 4 2147
radio 4 2661
radio 4 2716
radio 4 3230
radio 4 3247
radio 4 3760
radio 4 3777
radio 4 4290
radio 4 4341
radio 4 4855
radio 4 4872
radio 4 5385
radio 4 5421
radio 4 5935
radio 4 5952
radio 4 6465
radio 4 6496
radio 4 7010
radio 4 7027
radio 4 7540
radio 4 7591
radio 4 8105
radio 4 8122
radio 4 8635
radio 4 8652
radio 4 9165
radio 4 9221
radio 4 9735
radio 4 9752
radio 4 10265
radio 4 10339
radio 4 10853
radio 4 10902
radio 4 11416
radio 4 11452
radio 4 11966
radio 4 12000
radio 4 12514
radio 4 12531
radio 4 13044
radio 4 13100
radio 4 13614
radio 4 13642
radio 4 14156
radio 4 14185
radio 4 14699
radio 4 14716
radio 4 15229
radio 4 15258
radio 4 15772
radio 4 15789
radio 4 16302
radio 4 16355
radio 4 16869
radio 4 16924
radio 4 17438
radio 4 17455
radio 4 17968
radio 4 17985
radio 4 18498
radio 4 18515
radio 4 19028
radio 4 19076
radio 4 19590
radio 4 19619
radio 4 20133
radio 4 20186
radio 4 20700
radio 4 20717
radio 4 21230
radio 4 21247
radio 4 21760
radio 4 21777
radio 4 22290
radio 4 22307
radio 4 22820
radio 4 22856
radio 4 23370
radio 4 23418
radio 4 23932
radio 4 23964
radio 4 24478
radio 4 24531
radio 4 25045
radio 4 25062
radio 4 25575
radio 4 25608
radio 4 26122
radio 4 26172
radio 4 26686
radio 4 26721
radio 4 27235
radio 4 27290
radio 4 27804
radio 4 27859
radio 4 28373
radio 4 28390
radio 4 28903
radio 4 28937
radio 4 29451
radio 4 29468
radio 4 29981
radio 4 30030
radio 4 30544
radio 4 30572
radio 4 31086
radio 4 31140
radio 4 31654
radio 4 31710
radio 4 32224
radio 4 32241
radio 4 32754
radio 4 32771
radio 4 33284
radio 4 33338
radio 4 33852
radio 4 33869
radio 4 34382
radio 4 34416
radio 4 34930
radio 4 34947
radio 4 35460
radio 4 35492
radio 4 36006
radio 4 36037
radio 4 36551
radio 4 36568
radio 4 37081
radio 4 37098
radio 4 37611
radio 4 37628
radio 4 38141
radio 4 38177
radio 4 38691
radio 4 38708
radio 4 39221
radio 4 39270
radio 4 39784
radio 4 39914
radio 4 40428
radio 4 40445
radio 4 40958
radio 4 40986
radio 4 41500
radio 4 41548
radio 4 42062
radio 4 42093
radio 4 42607
radio 4 42624
radio 4 43137
radio 4 43168
radio 4 43682
radio 4 43711
radio 4 44225
radio 4 44242
radio 4 44755
radio 4 44785
radio 4 45299
radio 4 45332
radio 4 45846
radio 4 45863
radio 4 46377
radio 4 46547
radio 4 47061
radio 4 47171
radio 4 47685
radio 4 47702
radio 4 48215
radio 4 48263
radio 4 48777
radio 4 48794
energy 4 49263 3 56596
radio 4 49307
radio 4 49381
radio 4 49895
radio 4 49986
radio 4 50500
radio 4 50517
radio 4 51031
radio 4 51061
radio 4 51575
radio 4 51592
radio 4 52105
radio 4 52176
radio 4 52690
radio 4 52742
radio 4 53256
radio 4 53330
radio 4 53844
radio 4 53920
radio 4 54434
radio 4 54463
radio 4 54977
radio 4 54994
radio 4 55507
radio 4 55537
radio 4 56051
radio 4 56199
radio 4 56713
radio 4 56782
radio 4 57296
radio 4 57313
radio 4 57826
radio 4 57843
radio 4 58356
radio 4 58405
radio 4 58919
radio 4 58973
radio 4 59487
radio 4 59541
radio 4 60055
radio 4 60125
radio 4 60639
radio 4 60711
radio 4 61225
radio 4 61280
radio 4 61794
radio 4 61865
radio 4 62379
radio 4 62413
radio 4 62927
radio 4 62959
radio 4 63473
radio 4 63490
radio 4 64003
radio 4 64032
radio 4 64546
radio 4 64574
radio 4 65088
radio 4 65105
radio 5 82
radio 5 131
radio 5 644
radio 5 673
radio 5 1186
radio 5 1203
radio 5 1716
radio 5 1767
radio 5 2281
radio 5 2298
radio 5 2811
delay 0 30 5 2864 5 2551 6 6 65535 0 70 0 0
radio 5 2873
radio 5 3386
radio 5 4032
radio 5 4546
radio 5 4563
radio 5 5076
radio 5 5093
radio 5 5606
radio 5 5655
radio 5 6169
radio 5 6198
radio 5 6712
radio 5 6740
radio 5 7254
radio 5 7271
radio 5 7784
radio 5 7814
radio 5 8328
radio 5 8345
radio 5 8858
radio 5 8875
radio 5 9388
radio 5 9405
radio 5 9918
radio 5 9935
radio 5 10448
radio 5 10483
radio 5 10997
radio 5 11046
radio 5 11560
radio 5 11577
radio 5 12090
radio 5 12107
radio 5 12620
radio 5 12637
radio 5 13150
radio 5 13183
radio 5 13697
radio 5 13733
radio 5 14247
radio 5 14264
radio 5 14777
radio 5 14828
radio 5 15342
radio 5 15359
radio 5 15872
radio 5 15889
radio 5 16402
radio 5 16456
radio 5 16970
radio 5 16998
radio 5 17512
radio 5 17529
radio 5 18042
radio 5 18059
radio 5 18572
radio 5 18589
radio 5 19102
radio 5 19135
radio 5 19649
radio 5 19679
radio 5 20193
radio 5 20228
radio 5 20742
radio 5 20772
radio 5 21286
radio 5 21303
radio 5 21816
radio 5 21845
radio 5 22359
radio 5 22392
radio 5 22906
radio 5 22961
radio 5 23475
delay 1 43 5 23520 5 22913 6 6 65535 0 161 1 0
radio 5 24583
radio 5 25096
radio 5 25141
radio 5 25654
radio 5 25671
radio 5 26184
radio 5 26215
radio 5 26729
radio 5 26782
radio 5 27296
radio 5 27313
radio 5 27826
radio 5 27843
radio 5 28356
radio 5 28373
radio 5 28886
radio 5 28921
radio 5 29435
radio 5 29490
radio 5 30004
radio 5 30076
radio 5 30590
radio 5 30645
radio 5 31159
radio 5 31188
radio 5 31702
radio 5 31733
radio 5 32247
radio 5 32264
radio 5 32777
radio 5 32845
radio 5 33359
radio 5 33376
radio 5 33889
radio 5 33906
radio 5 34419
radio 5 34452
radio 5 34966
radio 5 35074
radio 5 35588
radio 5 35701
radio 5 36215
radio 5 36232
radio 5 36746
radio 5 36775
radio 5 37289
radio 5 37306
radio 5 37819
radio 5 37836
radio 5 38349
radio 5 38404
radio 5 38918
radio 5 38952
radio 5 39466
radio 5 39574
radio 5 40088
radio 5 40160
radio 5 40674
radio 5 40728
radio 5 41242
radio 5 41277
radio 5 41791
radio 5 41808
radio 5 42321
radio 5 42338
radio 5 42852
radio 5 42880
radio 5 43394
radio 5 43422
radio 5 43936
delay 2 24 5 43966 5 43832 6 6 65535 0 65535 0 0
radio 5 43975
radio 5 44489
radio 5 44630
radio 5 45144
radio 5 45166
energy 5 45168 3 61822
radio 5 45680
radio 5 45712
radio 5 46226
radio 5 46275
radio 5 46789
radio 5 46806
radio 5 47319
radio 5 47336
radio 5 47849
radio 5 47918
radio 5 48432
radio 5 48484
radio 5 48998
radio 5 49026
radio 5 49540
radio 5 49648
radio 5 50162
radio 5 50179
radio 5 50692
radio 5 50709
radio 5 51222
radio 5 51256
radio 5 51770
radio 5 51787
radio 5 52300
radio 5 52351
radio 5 52865
radio 5 52882
radio 5 53395
radio 5 53412
radio 5 53926
radio 5 53943
radio 5 54456
radio 5 54486
radio 5 55000
radio 5 55075
radio 5 55589
radio 5 55677
radio 5 56191
radio 5 56262
radio 5 56776
radio 5 56886
radio 5 57400
radio 5 57454
radio 5 57968
radio 5 58037
radio 5 58551
radio 5 58568
radio 5 59081
radio 5 59129
radio 5 59643
radio 5 59691
radio 5 60205
radio 5 60222
radio 5 60735
radio 5 60768
radio 5 61282
radio 5 61299
radio 5 61812
radio 5 61848
radio 5 62362
radio 5 62415
radio 5 62929
radio 5 62946
radio 5 63459
radio 5 63489
radio 5 64003
radio 5 64033
radio 5 64547
delay 3 43 5 64563 5 63956 6 6 65535 0 63 1 0
radio 6 98
radio 6 611
radio 6 664
radio 6 1177
radio 6 1194
radio 6 1707
radio 6 1724
radio 6 2237
radio 6 2271
radio 6 2785
radio 6 2802
radio 6 3315
radio 6 3346
radio 6 3860
radio 6 3911
radio 6 4425
radio 6 4442
radio 6 4955
radio 6 4972
radio 6 5485
radio 6 5553
radio 6 6067
radio 6 6119
radio 6 6633
radio 6 6662
radio 6 7176
radio 6 7193
radio 6 7706
radio 6 7723
radio 6 8236
radio 6 8269
radio 6 8783
radio 6 8853
radio 6 9367
radio 6 9384
radio 6 9897
radio 6 9914
radio 6 10427
radio 6 10444
radio 6 10957
radio 6 10974
radio 6 11487
radio 6 11515
radio 6 12029
radio 6 12046
radio 6 12559
radio 6 12609
radio 6 13123
radio 6 13140
radio 6 13653
radio 6 13670
radio 6 14183
radio 6 14200
radio 6 14713
radio 6 14730
radio 6 15243
radio 6 15275
radio 6 15789
radio 6 15821
radio 6 16335
radio 6 16404
radio 6 16918
radio 6 16935
radio 6 17448
radio 6 17465
radio 6 17978
radio 6 18031
radio 6 18545
radio 6 18562
radio 6 19075
delay 4 0 6 19104 6 19553 0 6 6 0 65535 0 0
radio 6 19113
radio 6 19627
radio 6 19648
radio 6 20161
radio 6 20179
radio 6 20692
radio 6 20734
radio 6 21248
radio 6 21263
radio 6 21777
radio 6 21809
radio 6 22323
radio 6 22376
radio 6 22890
radio 6 22958
radio 6 23472
radio 6 23489
radio 6 24002
radio 6 24036
radio 6 24550
radio 6 24567
radio 6 25080
radio 6 25097
radio 6 25610
radio 6 25638
radio 6 26152
radio 6 26169
radio 6 26682
radio 6 26736
radio 6 27250
radio 6 27306
radio 6 27820
radio 6 27888
radio 6 28402
radio 6 28455
radio 6 28969
radio 6 29000
radio 6 29514
radio 6 29531
radio 6 30044
radio 6 30093
radio 6 30607
radio 6 30657
radio 6 31171
radio 6 31199
radio 6 31713
radio 6 31767
radio 6 32281
radio 6 32309
radio 6 32823
radio 6 32854
radio 6 33368
radio 6 33397
radio 6 33911
radio 6 33943
radio 6 34457
radio 6 34474
radio 6 34987
radio 6 35004
radio 6 35517
radio 6 35534
radio 6 36047
radio 6 36064
radio 6 36577
radio 6 36607
radio 6 37121
radio 6 37138
radio 6 37651
radio 6 37686
radio 6 38200
radio 6 38217
radio 6 38730
radio 6 38747
radio 6 39260
radio 6 39534
radio 6 40048
delay 5 24 6 40614 6 40486 6 6 65535 0 403 0 0
radio 6 40622
energy 6 41071 4 1109
radio 6 41136
radio 6 41151
radio 6 41665
radio 6 41696
radio 6 42210
radio 6 42258
radio 6 42772
radio 6 42825
radio 6 43339
radio 6 43356
radio 6 43869
radio 6 43937
radio 6 44451
radio 6 44559
radio 6 45073
radio 6 45142
radio 6 45656
radio 6 45784
radio 6 46298
radio 6 46315
radio 6 46828
radio 6 46845
radio 6 47358
radio 6 47386
radio 6 47900
radio 6 47952
radio 6 48466
radio 6 48497
radio 6 49011
radio 6 49028
radio 6 49541
radio 6 49558
radio 6 50071
radio 6 50107
radio 6 50621
radio 6 50638
radio 6 51151
radio 6 51242
radio 6 51756
radio 6 51787
radio 6 52301
radio 6 52354
radio 6 52868
radio 6 52885
radio 6 53398
radio 6 53415
radio 6 53928
radio 6 53956
radio 6 54470
radio 6 54523
radio 6 55037
radio 6 55092
radio 6 55606
radio 6 55639
radio 6 56153
radio 6 56170
radio 6 56683
radio 6 56718
radio 6 57232
radio 6 57281
radio 6 57795
radio 6 57828
radio 6 58342
radio 6 58359
radio 6 58872
radio 6 58902
radio 6 59416
radio 6 59449
radio 6 59963
radio 6 60034
radio 6 60548
delay 6 43 6 61085 6 60479 6 6 65535 0 537 0 0
radio 6 61093
radio 6 61607
radio 6 61632
radio 6 62146
radio 6 62163
radio 6 62676
radio 6 62746
radio 6 63260
radio 6 63290
radio 6 63804
radio 6 63821
radio 6 64334
radio 6 64367
radio 6 64881
radio 6 64935
radio 6 65449
radio 6 65466
radio 7 443
radio 7 460
radio 7 973
radio 7 990
radio 7 1503
radio 7 1598
radio 7 2112
radio 7 2188
radio 7 2702
radio 7 2758
radio 7 3272
radio 7 3301
radio 7 3815
radio 7 3832
radio 7 4345
radio 7 4362
radio 7 4875
radio 7 4929
radio 7 5443
radio 7 5476
radio 7 5990
radio 7 6007
radio 7 6520
radio 7 6551
radio 7 7065
radio 7 7082
radio 7 7595
radio 7 7612
radio 7 8125
radio 7 8142
radio 7 8655
radio 7 8672
radio 7 9185
radio 7 9202
radio 7 9715
radio 7 9732
radio 7 10245
radio 7 10276
radio 7 10790
radio 7 10844
radio 7 11358
radio 7 11390
radio 7 11904
radio 7 11921
radio 7 12434
radio 7 12451
radio 7 12964
radio 7 12981
radio 7 13494
radio 7 13511
radio 7 14024
radio 7 14041
radio 7 14554
radio 7 14589
radio 7 15103
delay 7 23 7 15145 7 15062 12 6 65535 0 78 1 0
radio 7 16204
radio 7 16717
radio 7 16795
radio 7 17308
radio 7 17330
radio 7 17843
radio 7 17860
radio 7 18373
radio 7 18390
radio 7 18903
radio 7 18935
radio 7 19449
radio 7 19466
radio 7 19979
radio 7 19996
radio 7 20509
radio 7 20526
radio 7 21039
radio 7 21056
radio 7 21569
radio 7 21586
radio 7 22099
radio 7 22116
radio 7 22629
radio 7 22677
radio 7 23191
radio 7 23221
radio 7 23735
radio 7 23770
radio 7 24284
radio 7 24301
radio 7 24814
radio 7 24845
