Thread[Thread-1,5,main]tree 142 19 48 14 0 0
radio 3 62538
radio 3 62541
radio 3 62558
radio 3 63072
radio 3 63089
radio 3 63602
radio 3 63619
radio 3 64132
radio 3 64149
radio 3 64662
radio 3 64679
radio 3 65193
radio 3 65245
radio 4 223
radio 4 273
radio 4 786
radio 4 859
radio 4 1372
radio 4 1389
radio 4 1902
radio 4 1955
radio 4 2469
radio 4 2486
radio 4 2999
radio 4 3016
radio 4 3529
radio 4 3546
radio 4 4059
radio 4 4114
radio 4 4628
radio 4 4662
radio 4 5176
radio 4 5193
radio 4 5706
radio 4 5739
radio 4 6253
radio 4 6270
radio 4 6783
radio 4 6834
radio 4 7348
radio 4 7400
radio 4 7914
radio 4 7947
radio 4 8461
radio 4 8514
radio 4 9028
radio 4 9100
radio 4 9614
radio 4 9631
radio 4 10144
radio 4 10176
radio 4 10690
radio 4 10720
radio 4 11234
radio 4 11268
radio 4 11782
radio 4 11813
radio 4 12327
radio 4 12359
radio 4 12873
radio 4 12922
radio 4 13436
radio 4 13489
radio 4 14003
radio 4 14036
radio 4 14550
radio 4 14580
radio 4 15094
radio 4 15125
radio 4 15639
radio 4 15672
radio 4 16186
radio 4 16203
radio 4 16717
radio 4 16734
radio 4 17248
radio 4 17283
radio 4 17797
radio 4 17851
radio 4 18365
radio 4 18399
radio 4 18913
radio 4 18948
radio 4 19462
radio 4 19479
radio 4 19992
radio 4 20009
radio 4 20522
radio 4 20576
radio 4 21090
radio 4 21145
radio 4 21659
radio 4 21676
radio 4 22190
radio 4 22224
radio 4 22738
radio 4 22755
radio 4 23268
radio 4 23285
radio 4 23798
radio 4 23869
radio 4 24383
radio 4 24451
radio 4 24965
radio 4 24995
radio 4 25509
radio 4 25526
radio 4 26039
radio 4 26071
radio 4 26585
radio 4 26602
radio 4 27116
radio 4 27133
radio 4 27646
radio 4 27738
radio 4 28252
radio 4 28269
radio 4 28782
radio 4 28814
radio 4 29328
radio 4 29345
radio 4 29858
radio 4 29951
radio 4 30465
radio 4 30482
radio 4 30996
radio 4 31030
radio 4 31544
radio 4 31580
radio 4 32094
radio 4 32146
radio 4 32660
radio 4 32677
radio 4 33191
radio 4 33208
radio 4 33722
radio 4 33754
radio 4 34268
radio 4 34285
radio 4 34798
radio 4 34826
radio 4 35340
radio 4 35391
radio 4 35905
radio 4 35922
radio 4 36435
radio 4 36464
radio 4 36978
radio 4 37006
radio 4 37520
radio 4 37593
radio 4 38107
radio 4 38124
radio 4 38637
radio 4 38654
radio 4 39167
radio 4 39184
radio 4 39698
radio 4 39729
radio 4 40243
radio 4 40332
radio 4 40846
radio 4 40863
radio 4 41377
radio 4 41394
radio 4 41907
radio 4 41924
radio 4 42437
radio 4 42493
radio 4 43007
radio 4 43081
radio 4 43595
radio 4 43626
radio 4 44140
radio 4 44157
radio 4 44670
radio 4 44745
radio 4 45259
radio 4 45289
radio 4 45803
radio 4 45876
radio 4 46390
radio 4 46421
radio 4 46935
radio 4 47043
radio 4 47557
radio 4 47574
radio 4 48087
radio 4 48104
radio 4 48617
radio 4 48646
radio 4 49160
radio 4 49188
radio 4 49702
radio 4 49775
radio 4 50289
radio 4 50318
radio 4 50832
radio 4 50863
radio 4 51377
radio 4 51394
radio 4 51907
radio 4 51962
radio 4 52476
radio 4 52588
radio 4 53102
radio 4 53153
radio 4 53667
radio 4 53698
radio 4 54212
radio 4 54229
radio 4 54742
radio 4 54759
radio 4 55272
radio 4 55289
radio 4 55802
radio 4 55834
radio 4 56348
radio 4 56365
radio 4 56878
radio 4 56895
radio 4 57408
radio 4 57441
radio 4 57955
radio 4 58007
energy 4 58453 4 271
radio 4 58521
radio 4 58577
radio 4 59091
radio 4 59122
radio 4 59636
radio 4 59691
radio 4 60205
radio 4 60258
radio 4 60772
radio 4 60789
radio 4 61302
radio 4 61319
radio 4 61832
radio 4 61849
radio 4 62362
radio 4 62416
radio 4 62930
radio 4 62964
radio 4 63478
radio 4 63495
radio 4 64008
radio 4 64025
radio 4 64538
radio 4 64566
radio 4 65080
radio 4 65128
radio 5 106
radio 5 123
radio 5 636
radio 5 653
radio 5 1166
radio 5 1236
radio 5 1750
radio 5 1767
radio 5 2280
delay 0 43 5 2376 5 2371 6 16 10 0 157 0 0
radio 5 2384
radio 5 2898
radio 5 3504
radio 5 4017
radio 5 4094
radio 5 4607
radio 5 4624
radio 5 5137
radio 5 5154
radio 5 5667
radio 5 5702
radio 5 6216
radio 5 6310
radio 5 6824
radio 5 6841
radio 5 7354
radio 5 7390
radio 5 7904
radio 5 7939
radio 5 8453
radio 5 8488
radio 5 9002
radio 5 9070
radio 5 9584
radio 5 9601
radio 5 10114
radio 5 10148
radio 5 10662
radio 5 10679
radio 5 11192
radio 5 11247
radio 5 11761
radio 5 11794
radio 5 12308
radio 5 12325
radio 5 12838
radio 5 12855
radio 5 13368
radio 5 13397
radio 5 13911
radio 5 13946
radio 5 14460
radio 5 14477
radio 5 14991
radio 5 15165
radio 5 15679
radio 5 15715
radio 5 16229
radio 5 16260
radio 5 16774
radio 5 16866
radio 5 17380
radio 5 17430
radio 5 17944
radio 5 17961
radio 5 18474
radio 5 18525
radio 5 19039
radio 5 19056
radio 5 19569
radio 5 19586
radio 5 20100
radio 5 20129
radio 5 20643
radio 5 20660
radio 5 21173
radio 5 21190
radio 5 21703
radio 5 21777
radio 5 22291
radio 5 22308
radio 5 22822
delay 1 43 5 23390 5 23385 6 16 10 0 633 0 0
radio 5 23398
radio 5 23912
radio 5 23984
radio 5 24497
radio 5 24539
radio 5 25053
radio 5 25149
radio 5 25663
radio 5 25713
radio 5 26227
radio 5 26244
radio 5 26757
radio 5 26789
radio 5 27303
radio 5 27334
radio 5 27848
radio 5 27865
radio 5 28379
radio 5 28396
radio 5 28910
radio 5 28980
radio 5 29494
radio 5 29511
radio 5 30024
radio 5 30058
radio 5 30572
radio 5 30589
radio 5 31102
radio 5 31130
radio 5 31644
radio 5 31695
radio 5 32209
radio 5 32242
radio 5 32756
radio 5 32773
radio 5 33286
radio 5 33303
radio 5 33816
radio 5 33850
radio 5 34364
radio 5 34456
radio 5 34970
radio 5 34987
radio 5 35500
radio 5 35517
radio 5 36030
radio 5 36047
radio 5 36560
radio 5 36577
radio 5 37091
radio 5 37147
radio 5 37661
radio 5 37714
radio 5 38228
radio 5 38245
radio 5 38758
radio 5 38788
radio 5 39302
radio 5 39330
radio 5 39844
radio 5 39875
radio 5 40389
radio 5 40441
radio 5 40955
radio 5 40987
radio 5 41501
radio 5 41610
radio 5 42124
radio 5 42252
radio 5 42766
radio 5 42877
radio 5 43391
delay 2 24 5 43423 5 43897 6 16 10 0 65 0 0
radio 5 43431
radio 5 43945
radio 5 44016
radio 5 44529
radio 5 44722
radio 5 45235
radio 5 45284
radio 5 45798
radio 5 45831
radio 5 46345
radio 5 46362
radio 5 46876
radio 5 46893
radio 5 47406
radio 5 47521
radio 5 48035
radio 5 48052
radio 5 48566
radio 5 48674
radio 5 49188
radio 5 49262
radio 5 49776
radio 5 49793
radio 5 50306
radio 5 50358
radio 5 50872
radio 5 50926
radio 5 51440
radio 5 51457
radio 5 51970
radio 5 51987
radio 5 52501
radio 5 52518
radio 5 53031
radio 5 53121
radio 5 53635
radio 5 53652
radio 5 54166
radio 5 54183
energy 5 54357 4 5288
radio 5 54696
radio 5 54713
radio 5 55226
radio 5 55256
radio 5 55770
radio 5 55825
radio 5 56339
radio 5 56368
radio 5 56882
radio 5 56899
radio 5 57412
radio 5 57442
radio 5 57956
radio 5 58050
radio 5 58564
radio 5 58581
radio 5 59095
radio 5 59130
radio 5 59644
radio 5 59672
radio 5 60186
radio 5 60203
radio 5 60716
radio 5 60733
radio 5 61247
radio 5 61316
radio 5 61830
radio 5 61847
radio 5 62361
radio 5 62378
radio 5 62891
radio 5 62942
radio 5 63456
radio 5 63527
radio 5 64041
delay 3 43 5 64112 5 64106 6 16 10 0 213 1 0
radio 5 65189
radio 6 167
radio 6 198
radio 6 711
radio 6 763
radio 6 1276
radio 6 1310
radio 6 1824
radio 6 1854
radio 6 2368
radio 6 2398
radio 6 2912
radio 6 2945
radio 6 3459
radio 6 3476
radio 6 3989
radio 6 4006
radio 6 4519
radio 6 4536
radio 6 5049
radio 6 5085
radio 6 5599
radio 6 5655
radio 6 6169
radio 6 6197
radio 6 6711
radio 6 6728
radio 6 7241
radio 6 7290
radio 6 7804
radio 6 7835
radio 6 8349
radio 6 8366
radio 6 8879
radio 6 8968
radio 6 9482
radio 6 9518
radio 6 10032
radio 6 10062
radio 6 10576
radio 6 10605
radio 6 11119
radio 6 11136
radio 6 11649
radio 6 11699
radio 6 12213
radio 6 12263
radio 6 12777
radio 6 12794
radio 6 13307
radio 6 13324
radio 6 13837
radio 6 13854
radio 6 14367
radio 6 14437
radio 6 14951
radio 6 15023
radio 6 15537
radio 6 15571
radio 6 16085
radio 6 16120
radio 6 16634
radio 6 16651
radio 6 17164
radio 6 17181
radio 6 17694
radio 6 17730
radio 6 18244
radio 6 18261
radio 6 18774
delay 4 12 6 18898 6 19535 6 16 10 0 193 1 0
radio 6 19970
radio 6 20484
radio 6 20503
radio 6 21016
radio 6 21033
radio 6 21546
radio 6 21581
radio 6 22095
radio 6 22112
radio 6 22625
radio 6 22659
radio 6 23173
radio 6 23190
radio 6 23703
radio 6 23753
radio 6 24267
radio 6 24284
radio 6 24797
radio 6 24814
radio 6 25327
radio 6 25344
radio 6 25857
radio 6 25874
radio 6 26387
radio 6 26415
radio 6 26929
radio 6 27038
radio 6 27552
radio 6 27587
radio 6 28101
radio 6 28173
radio 6 28687
radio 6 28803
radio 6 29317
radio 6 29334
radio 6 29847
radio 6 29901
radio 6 30415
radio 6 30432
radio 6 30945
radio 6 31014
radio 6 31528
radio 6 31562
radio 6 32076
radio 6 32128
radio 6 32642
radio 6 32694
radio 6 33208
radio 6 33238
radio 6 33752
radio 6 33769
radio 6 34282
radio 6 34317
radio 6 34831
radio 6 34885
radio 6 35399
radio 6 35416
radio 6 35930
radio 6 35958
radio 6 36472
radio 6 36500
radio 6 37014
radio 6 37031
radio 6 37545
radio 6 37595
radio 6 38109
radio 6 38126
radio 6 38640
radio 6 38674
radio 6 39188
delay 5 41 6 39232 6 39239 15 16 1 0 82 1 0
radio 6 40295
radio 6 40809
radio 6 40858
radio 6 41372
radio 6 41407
radio 6 41921
radio 6 41973
radio 6 42487
radio 6 42640
radio 6 43154
radio 6 43182
radio 6 43696
radio 6 43748
radio 6 44262
radio 6 44310
radio 6 44824
radio 6 44841
radio 6 45354
radio 6 45489
radio 6 46003
radio 6 46055
radio 6 46569
radio 6 46662
radio 6 47176
radio 6 47193
radio 6 47706
radio 6 47723
radio 6 48236
radio 6 48292
radio 6 48806
radio 6 48823
radio 6 49336
radio 6 49368
radio 6 49882
radio 6 49899
energy 6 50261 4 11926
radio 6 50413
radio 6 50467
radio 6 50981
radio 6 51093
radio 6 51607
radio 6 51660
radio 6 52174
radio 6 52204
radio 6 52718
radio 6 52809
radio 6 53323
radio 6 53356
radio 6 53870
radio 6 53887
radio 6 54400
radio 6 54474
radio 6 54988
radio 6 55038
radio 6 55552
radio 6 55606
radio 6 56120
radio 6 56152
radio 6 56666
radio 6 56696
radio 6 57210
radio 6 57227
radio 6 57740
radio 6 57769
radio 6 58283
radio 6 58332
radio 6 58846
radio 6 58878
radio 6 59392
radio 6 59409
radio 6 59922
delay 6 41 6 59967 6 59974 15 16 1 0 270 0 0
radio 6 59975
radio 6 60490
radio 6 60536
radio 6 61050
radio 6 61072
radio 6 61586
radio 6 61603
radio 6 62116
radio 6 62144
radio 6 62658
radio 6 62690
radio 6 63204
radio 6 63260
radio 6 63774
radio 6 63806
radio 6 64320
radio 6 64337
radio 6 64850
radio 6 64867
radio 6 65380
radio 6 65397
radio 7 375
radio 7 410
radio 7 923
radio 7 955
radio 7 1468
radio 7 1485
radio 7 1998
radio 7 2015
radio 7 2528
radio 7 2545
radio 7 3058
radio 7 3113
radio 7 3627
radio 7 3656
radio 7 4170
radio 7 4218
radio 7 4732
radio 7 4749
radio 7 5262
radio 7 5351
radio 7 5865
radio 7 5898
radio 7 6412
radio 7 6429
radio 7 6942
radio 7 7014
radio 7 7528
radio 7 7561
radio 7 8075
radio 7 8131
radio 7 8645
radio 7 8675
radio 7 9189
radio 7 9206
radio 7 9719
radio 7 9753
radio 7 10267
radio 7 10284
radio 7 10797
radio 7 10829
radio 7 11343
radio 7 11397
radio 7 11911
radio 7 11941
radio 7 12455
radio 7 12509
radio 7 13023
radio 7 13076
radio 7 13590
radio 7 13607
radio 7 14120
radio 7 14137
radio 7 14650
delay 7 12 7 14666 7 15294 6 16 10 0 65535 0 0
radio 7 14673
radio 7 15188
radio 7 15258
radio 7 15771
radio 7 15790
radio 7 16303
radio 7 16419
radio 7 16932
radio 7 16949
radio 7 17462
radio 7 17479
radio 7 17992
radio 7 18021
radio 7 18535
radio 7 18584
radio 7 19098
radio 7 19146
radio 7 19660
radio 7 19690
radio 7 20204
radio 7 20236
radio 7 20750
radio 7 20767
radio 7 21281
radio 7 21298
radio 7 21811
radio 7 21884
radio 7 22398
radio 7 22431
radio 7 22945
radio 7 22996
radio 7 23510
radio 7 23582
radio 7 24096
radio 7 24129
radio 7 24643
