Thread[Thread-1,5,main]tree 35 18 43 14 0 0
radio 4 8265
radio 4 8269
radio 4 8300
radio 4 8814
radio 4 8831
radio 4 9344
radio 4 9376
radio 4 9890
radio 4 9922
radio 4 10436
radio 4 10504
radio 4 11018
radio 4 11054
radio 4 11568
radio 4 11600
radio 4 12114
radio 4 12131
radio 4 12645
radio 4 12677
radio 4 13191
radio 4 13208
radio 4 13722
radio 4 13739
radio 4 14253
radio 4 14288
radio 4 14802
radio 4 14830
radio 4 15344
radio 4 15380
radio 4 15894
radio 4 15911
radio 4 16425
radio 4 16455
radio 4 16969
radio 4 17018
radio 4 17532
radio 4 17549
radio 4 18063
radio 4 18080
radio 4 18594
radio 4 18630
radio 4 19144
radio 4 19161
radio 4 19675
radio 4 19692
radio 4 20206
radio 4 20241
radio 4 20755
radio 4 20772
radio 4 21286
radio 4 21303
radio 4 21817
radio 4 21834
radio 4 22348
radio 4 22379
radio 4 22893
radio 4 22910
radio 4 23424
radio 4 23441
radio 4 23954
radio 4 23971
radio 4 24485
radio 4 24533
radio 4 25047
radio 4 25076
radio 4 25590
radio 4 25619
radio 4 26133
radio 4 26150
radio 4 26663
radio 4 26680
radio 4 27194
radio 4 27211
radio 4 27725
radio 4 27753
radio 4 28267
radio 4 28297
radio 4 28811
radio 4 28845
radio 4 29359
radio 4 29376
radio 4 29890
radio 4 29918
radio 4 30432
radio 4 30449
radio 4 30962
radio 4 30979
radio 4 31493
radio 4 31510
radio 4 32024
radio 4 32041
radio 4 32555
radio 4 32572
radio 4 33086
radio 4 33103
radio 4 33617
radio 4 33646
radio 4 34160
radio 4 34177
radio 4 34691
radio 4 34708
radio 4 35222
radio 4 35239
radio 4 35753
radio 4 35770
radio 4 36284
radio 4 36301
radio 4 36815
radio 4 36869
radio 4 37383
radio 4 37400
radio 4 37914
radio 4 37931
radio 4 38445
radio 4 38462
radio 4 38976
radio 4 39009
radio 4 39523
radio 4 39540
radio 4 40054
radio 4 40071
radio 4 40585
radio 4 40602
radio 4 41115
radio 4 41148
radio 4 41662
radio 4 41679
radio 4 42192
radio 4 42222
radio 4 42736
radio 4 42769
radio 4 43283
radio 4 43333
radio 4 43847
radio 4 43875
radio 4 44389
radio 4 44425
radio 4 44939
radio 4 44956
radio 4 45470
radio 4 45487
radio 4 46001
radio 4 46050
radio 4 46564
radio 4 46634
radio 4 47148
radio 4 47202
radio 4 47716
radio 4 47766
radio 4 48280
radio 4 48312
radio 4 48826
radio 4 48854
radio 4 49368
radio 4 49439
radio 4 49953
radio 4 49988
radio 4 50502
radio 4 50535
radio 4 51049
radio 4 51079
radio 4 51593
radio 4 51610
radio 4 52124
radio 4 52194
radio 4 52708
radio 4 52725
radio 4 53239
radio 4 53256
radio 4 53770
radio 4 53802
radio 4 54316
radio 4 54349
radio 4 54863
radio 4 54893
radio 4 55407
radio 4 55424
radio 4 55938
radio 4 55955
radio 4 56469
radio 4 56501
radio 4 57015
radio 4 57032
radio 4 57546
radio 4 57594
radio 4 58108
radio 4 58156
radio 4 58670
radio 4 58687
radio 4 59201
radio 4 59218
radio 4 59732
radio 4 59761
radio 4 60275
radio 4 60305
radio 4 60819
radio 4 60836
radio 4 61350
radio 4 61420
radio 4 61934
radio 4 61951
radio 4 62465
radio 4 62521
radio 4 63035
radio 4 63063
radio 4 63577
radio 4 63594
radio 4 64108
radio 4 64125
radio 4 64639
radio 4 64670
radio 4 65184
radio 4 65201
radio 5 179
radio 5 208
radio 5 721
radio 5 738
radio 5 1251
radio 5 1286
radio 5 1800
radio 5 1828
radio 5 2342
delay 0 13 5 2357 5 3061 18 15 65535 0 90 1 0
radio 5 3430
radio 5 3944
radio 5 4029
energy 5 4181 4 11815
radio 5 4543
radio 5 4560
radio 5 5073
radio 5 5090
radio 5 5603
radio 5 5620
radio 5 6133
radio 5 6168
radio 5 6682
radio 5 6699
radio 5 7212
radio 5 7248
radio 5 7762
radio 5 7779
radio 5 8292
radio 5 8328
radio 5 8842
radio 5 8878
radio 5 9392
radio 5 9426
radio 5 9940
radio 5 9990
radio 5 10504
radio 5 10537
radio 5 11051
radio 5 11068
radio 5 11582
radio 5 11599
radio 5 12113
radio 5 12130
radio 5 12644
radio 5 12680
radio 5 13194
radio 5 13230
radio 5 13744
radio 5 13780
radio 5 14294
radio 5 14311
radio 5 14825
radio 5 14874
radio 5 15388
radio 5 15417
radio 5 15931
radio 5 15962
radio 5 16476
radio 5 16527
radio 5 17041
radio 5 17058
radio 5 17572
radio 5 17589
radio 5 18103
radio 5 18120
radio 5 18634
radio 5 18664
radio 5 19178
radio 5 19195
radio 5 19709
radio 5 19742
radio 5 20256
radio 5 20311
radio 5 20825
radio 5 20854
radio 5 21368
radio 5 21440
radio 5 21954
radio 5 21971
radio 5 22485
radio 5 22518
radio 5 23032
delay 1 18 5 23513 5 23725 6 15 9 0 467 0 0
radio 5 23521
radio 5 24035
radio 5 24050
radio 5 24563
radio 5 24580
radio 5 25094
radio 5 25111
radio 5 25625
radio 5 25660
radio 5 26174
radio 5 26205
radio 5 26719
radio 5 26750
radio 5 27264
radio 5 27281
radio 5 27795
radio 5 27866
radio 5 28380
radio 5 28410
radio 5 28924
radio 5 28954
radio 5 29468
radio 5 29485
radio 5 29999
radio 5 30047
radio 5 30561
radio 5 30597
radio 5 31111
radio 5 31128
radio 5 31642
radio 5 31678
radio 5 32192
radio 5 32209
radio 5 32723
radio 5 32780
radio 5 33294
radio 5 33311
radio 5 33825
radio 5 33842
radio 5 34356
radio 5 34373
radio 5 34887
radio 5 34916
radio 5 35430
radio 5 35447
radio 5 35961
radio 5 35978
radio 5 36492
radio 5 36509
radio 5 37023
radio 5 37079
radio 5 37593
radio 5 37610
radio 5 38123
radio 5 38140
radio 5 38654
radio 5 38671
radio 5 39184
radio 5 39239
radio 5 39753
radio 5 39806
radio 5 40320
radio 5 40350
radio 5 40864
radio 5 40881
radio 5 41394
radio 5 41424
radio 5 41938
radio 5 41955
radio 5 42468
radio 5 42584
radio 5 43098
radio 5 43151
radio 5 43665
delay 2 34 5 43681 5 43746 15 15 65535 0 54 1 0
radio 5 44756
radio 5 45270
radio 5 45287
radio 5 45800
radio 5 45849
radio 5 46363
radio 5 46391
radio 5 46905
radio 5 46922
radio 5 47436
radio 5 47490
radio 5 48004
radio 5 48021
radio 5 48534
radio 5 48551
radio 5 49064
radio 5 49135
radio 5 49649
radio 5 49666
radio 5 50180
radio 5 50197
radio 5 50711
radio 5 50728
radio 5 51242
radio 5 51259
radio 5 51772
radio 5 51801
radio 5 52315
radio 5 52348
radio 5 52862
radio 5 52892
radio 5 53406
radio 5 53457
radio 5 53971
radio 5 54000
radio 5 54514
radio 5 54531
radio 5 55045
radio 5 55062
radio 5 55576
radio 5 55593
radio 5 56107
radio 5 56143
radio 5 56657
radio 5 56694
radio 5 57208
radio 5 57237
radio 5 57751
radio 5 57781
radio 5 58295
radio 5 58330
radio 5 58844
radio 5 58873
radio 5 59387
radio 5 59416
radio 5 59930
radio 5 59961
radio 5 60475
radio 5 60492
radio 5 61005
radio 5 61038
radio 5 61552
radio 5 61569
radio 5 62083
radio 5 62151
radio 5 62665
radio 5 62682
radio 5 63196
radio 5 63213
radio 5 63727
radio 5 63756
radio 5 64270
delay 3 17 5 65203 6 265 18 15 65535 0 967 0 0
radio 5 65211
energy 6 85 4 16823
radio 6 189
radio 6 219
radio 6 732
radio 6 763
radio 6 1276
radio 6 1304
radio 6 1818
radio 6 1835
radio 6 2348
radio 6 2383
radio 6 2897
radio 6 2950
radio 6 3464
radio 6 3516
radio 6 4030
radio 6 4065
radio 6 4579
radio 6 4596
radio 6 5109
radio 6 5126
radio 6 5639
radio 6 5667
radio 6 6181
radio 6 6210
radio 6 6724
radio 6 6775
radio 6 7289
radio 6 7306
radio 6 7819
radio 6 7850
radio 6 8364
radio 6 8381
radio 6 8894
radio 6 8926
radio 6 9440
radio 6 9457
radio 6 9970
radio 6 10006
radio 6 10520
radio 6 10550
radio 6 11064
radio 6 11081
radio 6 11594
radio 6 11628
radio 6 12142
radio 6 12159
radio 6 12672
radio 6 12702
radio 6 13216
radio 6 13233
radio 6 13747
radio 6 13780
radio 6 14294
radio 6 14311
radio 6 14824
radio 6 14853
radio 6 15367
radio 6 15384
radio 6 15897
radio 6 15914
radio 6 16428
radio 6 16445
radio 6 16958
radio 6 16975
radio 6 17488
radio 6 17517
radio 6 18031
radio 6 18048
radio 6 18561
radio 6 18593
radio 6 19107
delay 4 47 6 19148 6 18957 15 15 65535 0 276 0 0
radio 6 19156
radio 6 19671
radio 6 19714
radio 6 20227
radio 6 20244
radio 6 20757
radio 6 20774
radio 6 21287
radio 6 21362
radio 6 21876
radio 6 21907
radio 6 22421
radio 6 22438
radio 6 22951
radio 6 22987
radio 6 23501
radio 6 23533
radio 6 24047
radio 6 24065
radio 6 24578
radio 6 24595
radio 6 25108
radio 6 25143
radio 6 25657
radio 6 25686
radio 6 26200
radio 6 26217
radio 6 26731
radio 6 26748
radio 6 27262
radio 6 27331
radio 6 27845
radio 6 27874
radio 6 28388
radio 6 28405
radio 6 28919
radio 6 28936
radio 6 29450
radio 6 29478
radio 6 29992
radio 6 30009
radio 6 30522
radio 6 30612
radio 6 31126
radio 6 31154
radio 6 31668
radio 6 31685
radio 6 32198
radio 6 32215
radio 6 32729
radio 6 32760
radio 6 33274
radio 6 33302
radio 6 33816
radio 6 33833
radio 6 34347
radio 6 34364
radio 6 34878
radio 6 34895
radio 6 35409
radio 6 35426
radio 6 35939
radio 6 35969
radio 6 36483
radio 6 36515
radio 6 37029
radio 6 37079
radio 6 37593
radio 6 37626
radio 6 38140
radio 6 38174
radio 6 38688
radio 6 38705
radio 6 39218
delay 5 35 6 39332 6 39380 6 15 9 0 227 0 0
radio 6 39340
radio 6 39854
radio 6 39919
radio 6 40433
radio 6 40448
radio 6 40961
radio 6 40997
radio 6 41511
radio 6 41528
radio 6 42041
radio 6 42058
radio 6 42572
radio 6 42589
radio 6 43102
radio 6 43131
radio 6 43645
radio 6 43680
radio 6 44194
radio 6 44211
radio 6 44724
radio 6 44776
radio 6 45290
radio 6 45307
radio 6 45821
radio 6 45850
radio 6 46364
radio 6 46392
radio 6 46906
radio 6 46939
radio 6 47453
radio 6 47483
radio 6 47997
radio 6 48026
radio 6 48540
radio 6 48569
radio 6 49083
radio 6 49118
radio 6 49632
radio 6 49649
radio 6 50163
radio 6 50193
radio 6 50707
radio 6 50724
radio 6 51237
radio 6 51254
radio 6 51768
radio 6 51785
radio 6 52299
radio 6 52316
radio 6 52830
radio 6 52847
radio 6 53360
radio 6 53377
radio 6 53891
radio 6 53908
radio 6 54422
radio 6 54494
radio 6 55008
radio 6 55040
radio 6 55554
radio 6 55606
radio 6 56120
radio 6 56171
radio 6 56685
radio 6 56717
radio 6 57231
radio 6 57248
radio 6 57762
radio 6 57779
radio 6 58293
radio 6 58310
radio 6 58824
radio 6 58841
radio 6 59355
radio 6 59408
radio 6 59922
delay 6 46 6 60294 6 60139 15 15 65535 0 515 0 0
radio 6 60302
radio 6 60816
radio 6 61064
energy 6 61525 4 19952
radio 6 61578
radio 6 61595
radio 6 62108
radio 6 62125
radio 6 62638
radio 6 62655
radio 6 63168
radio 6 63197
radio 6 63711
radio 6 63746
radio 6 64260
radio 6 64277
radio 6 64791
radio 6 64820
radio 6 65334
radio 6 65351
radio 7 328
radio 7 379
radio 7 892
radio 7 940
radio 7 1453
radio 7 1487
radio 7 2001
radio 7 2056
radio 7 2570
radio 7 2602
radio 7 3116
radio 7 3148
radio 7 3662
radio 7 3679
radio 7 4192
radio 7 4222
radio 7 4736
radio 7 4764
radio 7 5278
radio 7 5295
radio 7 5808
radio 7 5838
radio 7 6352
radio 7 6369
radio 7 6882
radio 7 6914
radio 7 7428
radio 7 7445
radio 7 7958
radio 7 7988
radio 7 8502
radio 7 8556
radio 7 9070
radio 7 9099
radio 7 9613
radio 7 9630
radio 7 10143
radio 7 10160
radio 7 10674
radio 7 10691
radio 7 11205
radio 7 11222
radio 7 11735
radio 7 11764
radio 7 12278
radio 7 12313
radio 7 12827
radio 7 12856
radio 7 13370
radio 7 13403
radio 7 13917
radio 7 13950
radio 7 14464
radio 7 14481
radio 7 14994
delay 7 46 7 15486 7 15332 15 15 65535 0 667 0 0
radio 7 15496
radio 7 16009
radio 7 16177
radio 7 16690
radio 7 16801
radio 7 17315
radio 7 17366
radio 7 17880
radio 7 17897
radio 7 18411
radio 7 18446
radio 7 18960
radio 7 18977
radio 7 19491
radio 7 19522
radio 7 20036
radio 7 20072
radio 7 20586
radio 7 20622
radio 7 21136
radio 7 21172
radio 7 21686
radio 7 21715
radio 7 22229
radio 7 22260
radio 7 22774
radio 7 22802
radio 7 23316
radio 7 23351
radio 7 23865
radio 7 23882
radio 7 24396
radio 7 24448
