Thread[Thread-1,5,main]tree 62 19 48 12 0 0
radio 3 58455
radio 3 58459
radio 3 58487
radio 3 59001
radio 3 59018
radio 3 59531
radio 3 59548
radio 3 60061
radio 3 60078
radio 3 60591
radio 3 60627
radio 3 61141
radio 3 61158
radio 3 61671
radio 3 61688
radio 3 62201
radio 3 62218
radio 3 62731
radio 3 62762
radio 3 63276
radio 3 63304
radio 3 63818
radio 3 63835
radio 3 64348
radio 3 64365
radio 3 64878
radio 3 64909
radio 3 65423
radio 3 65451
radio 4 429
radio 4 460
radio 4 973
radio 4 990
radio 4 1503
radio 4 1532
radio 4 2046
radio 4 2063
radio 4 2576
radio 4 2606
radio 4 3120
radio 4 3137
radio 4 3650
radio 4 3705
radio 4 4219
radio 4 4236
radio 4 4749
radio 4 4766
radio 4 5279
radio 4 5296
radio 4 5809
radio 4 5826
radio 4 6339
radio 4 6356
radio 4 6869
radio 4 6905
radio 4 7419
radio 4 7436
radio 4 7949
radio 4 8004
radio 4 8518
radio 4 8535
radio 4 9048
radio 4 9065
radio 4 9578
radio 4 9610
radio 4 10124
radio 4 10141
radio 4 10654
radio 4 10671
radio 4 11184
radio 4 11201
radio 4 11714
radio 4 11731
radio 4 12244
radio 4 12261
radio 4 12774
radio 4 12791
radio 4 13304
radio 4 13336
radio 4 13850
radio 4 13867
radio 4 14380
radio 4 14397
radio 4 14910
radio 4 14927
radio 4 15440
radio 4 15457
radio 4 15970
radio 4 15987
radio 4 16500
radio 4 16517
radio 4 17030
radio 4 17062
radio 4 17576
radio 4 17652
radio 4 18166
radio 4 18183
radio 4 18696
radio 4 18713
radio 4 19226
radio 4 19243
radio 4 19756
radio 4 19773
radio 4 20286
radio 4 20303
radio 4 20816
radio 4 20833
radio 4 21346
radio 4 21363
radio 4 21876
radio 4 21893
radio 4 22406
radio 4 22423
radio 4 22936
radio 4 22953
radio 4 23466
radio 4 23534
radio 4 24048
radio 4 24065
radio 4 24578
radio 4 24651
radio 4 25165
radio 4 25182
radio 4 25695
radio 4 25744
radio 4 26258
radio 4 26275
radio 4 26788
radio 4 26805
radio 4 27318
radio 4 27347
radio 4 27861
radio 4 27914
radio 4 28428
radio 4 28445
radio 4 28958
radio 4 28975
radio 4 29488
radio 4 29505
radio 4 30018
radio 4 30048
radio 4 30562
radio 4 30579
radio 4 31092
radio 4 31109
radio 4 31622
radio 4 31639
radio 4 32152
radio 4 32169
radio 4 32683
radio 4 32755
radio 4 33269
radio 4 33286
radio 4 33799
radio 4 33830
radio 4 34344
radio 4 34361
radio 4 34874
radio 4 34891
radio 4 35404
radio 4 35421
radio 4 35934
radio 4 35951
radio 4 36464
radio 4 36481
radio 4 36994
radio 4 37011
radio 4 37524
radio 4 37559
radio 4 38073
radio 4 38090
radio 4 38603
radio 4 38637
radio 4 39151
radio 4 39225
radio 4 39739
radio 4 39756
radio 4 40269
radio 4 40286
radio 4 40799
radio 4 40834
radio 4 41348
radio 4 41365
radio 4 41878
radio 4 41908
radio 4 42422
radio 4 42439
radio 4 42952
radio 4 42969
radio 4 43482
radio 4 43536
radio 4 44050
radio 4 44067
radio 4 44580
radio 4 44597
radio 4 45110
radio 4 45127
radio 4 45640
radio 4 45657
radio 4 46170
radio 4 46198
radio 4 46712
radio 4 46729
radio 4 47242
radio 4 47259
radio 4 47772
radio 4 47960
radio 4 48474
radio 4 48504
radio 4 49018
radio 4 49035
radio 4 49548
radio 4 49565
radio 4 50078
radio 4 50095
radio 4 50608
radio 4 50625
radio 4 51138
radio 4 51155
radio 4 51668
radio 4 51685
radio 4 52198
radio 4 52215
radio 4 52728
radio 4 52803
radio 4 53317
radio 4 53393
radio 4 53907
radio 4 53924
energy 4 54371 3 60688
radio 4 54437
radio 4 54470
radio 4 54984
radio 4 55018
radio 4 55532
radio 4 55549
radio 4 56062
radio 4 56079
radio 4 56592
radio 4 56663
radio 4 57177
radio 4 57194
radio 4 57707
radio 4 57739
radio 4 58253
radio 4 58285
radio 4 58799
radio 4 58816
radio 4 59329
radio 4 59346
radio 4 59859
radio 4 59914
radio 4 60428
radio 4 60461
radio 4 60975
radio 4 60992
radio 4 61505
radio 4 61533
radio 4 62047
radio 4 62064
radio 4 62577
radio 4 62594
radio 4 63107
radio 4 63124
radio 4 63637
radio 4 63689
radio 4 64203
radio 4 64220
radio 4 64733
radio 4 64764
radio 4 65278
radio 4 65295
radio 5 272
radio 5 289
radio 5 802
radio 5 835
radio 5 1348
radio 5 1399
radio 5 1913
radio 5 1930
radio 5 2443
radio 5 2460
radio 5 2973
delay 0 9 5 3044 5 3978 15 15 65535 0 531 0 0
radio 5 3051
radio 5 3566
radio 5 3583
radio 5 4096
radio 5 4113
radio 5 4626
radio 5 4658
radio 5 5172
radio 5 5189
radio 5 5702
radio 5 5719
radio 5 6232
radio 5 6263
radio 5 6777
radio 5 6794
radio 5 7307
radio 5 7324
radio 5 7837
radio 5 7868
radio 5 8382
radio 5 8410
radio 5 8924
radio 5 8941
radio 5 9454
radio 5 9471
radio 5 9984
radio 5 10013
radio 5 10527
radio 5 10544
radio 5 11057
radio 5 11108
radio 5 11622
radio 5 11639
radio 5 12152
radio 5 12202
radio 5 12716
radio 5 12749
radio 5 13263
radio 5 13313
radio 5 13827
radio 5 13880
radio 5 14394
radio 5 14426
radio 5 14940
radio 5 14974
radio 5 15488
radio 5 15505
radio 5 16018
radio 5 16035
radio 5 16548
radio 5 16565
radio 5 17078
radio 5 17112
radio 5 17626
radio 5 17715
radio 5 18229
radio 5 18246
radio 5 18759
radio 5 18790
radio 5 19304
radio 5 19321
radio 5 19834
radio 5 19851
radio 5 20364
radio 5 20393
radio 5 20907
radio 5 20924
radio 5 21437
radio 5 21454
radio 5 21967
radio 5 21997
radio 5 22511
radio 5 22528
radio 5 23041
delay 1 49 5 23174 5 22932 15 15 65535 0 65535 0 0
radio 5 23182
radio 5 23697
radio 5 23738
radio 5 24251
radio 5 24267
radio 5 24780
radio 5 24797
radio 5 25310
radio 5 25327
radio 5 25840
radio 5 25857
radio 5 26370
radio 5 26387
radio 5 26900
radio 5 26917
radio 5 27430
radio 5 27447
radio 5 27960
radio 5 27992
radio 5 28506
radio 5 28542
radio 5 29056
radio 5 29073
radio 5 29586
radio 5 29658
radio 5 30172
radio 5 30189
radio 5 30702
radio 5 30719
radio 5 31232
radio 5 31288
radio 5 31802
radio 5 31819
radio 5 32332
radio 5 32368
radio 5 32882
radio 5 32899
radio 5 33412
radio 5 33446
radio 5 33960
radio 5 33994
radio 5 34508
radio 5 34525
radio 5 35038
radio 5 35055
radio 5 35568
radio 5 35585
radio 5 36098
radio 5 36115
radio 5 36628
radio 5 36661
radio 5 37175
radio 5 37206
radio 5 37720
radio 5 37737
radio 5 38250
radio 5 38325
radio 5 38839
radio 5 38856
radio 5 39369
radio 5 39386
radio 5 39899
radio 5 39916
radio 5 40429
radio 5 40446
radio 5 40959
radio 5 40976
radio 5 41489
radio 5 41577
radio 5 42091
radio 5 42143
radio 5 42657
radio 5 42674
radio 5 43187
radio 5 43402
radio 5 43916
delay 2 48 5 44016 5 43871 9 15 6 0 198 0 0
radio 5 44024
radio 5 44538
radio 5 44626
radio 5 45139
radio 5 45174
radio 5 45688
radio 5 45705
radio 5 46218
radio 5 46235
radio 5 46748
radio 5 46765
radio 5 47278
radio 5 47332
radio 5 47846
radio 5 47898
radio 5 48412
radio 5 48528
radio 5 49042
radio 5 49111
radio 5 49625
radio 5 49642
radio 5 50155
radio 5 50172
energy 5 50275 3 63707
radio 5 50685
radio 5 50713
radio 5 51227
radio 5 51244
radio 5 51757
radio 5 51788
radio 5 52302
radio 5 52319
radio 5 52832
radio 5 52849
radio 5 53362
radio 5 53430
radio 5 53944
radio 5 53976
radio 5 54490
radio 5 54518
radio 5 55032
radio 5 55049
radio 5 55562
radio 5 55596
radio 5 56110
radio 5 56127
radio 5 56640
radio 5 56670
radio 5 57184
radio 5 57201
radio 5 57714
radio 5 57745
radio 5 58259
radio 5 58276
radio 5 58790
radio 5 58807
radio 5 59320
radio 5 59337
radio 5 59850
radio 5 59867
radio 5 60380
radio 5 60397
radio 5 60910
radio 5 60943
radio 5 61457
radio 5 61485
radio 5 61999
radio 5 62032
radio 5 62546
radio 5 62563
radio 5 63076
radio 5 63093
radio 5 63606
radio 5 63642
radio 5 64156
delay 3 25 5 64212 5 64637 12 15 3 0 218 0 0
radio 5 64220
radio 5 64734
radio 5 64839
radio 5 65352
radio 5 65383
radio 6 361
radio 6 378
radio 6 891
radio 6 908
radio 6 1421
radio 6 1438
radio 6 1951
radio 6 1968
radio 6 2481
radio 6 2498
radio 6 3011
radio 6 3028
radio 6 3541
radio 6 3558
radio 6 4071
radio 6 4088
radio 6 4601
radio 6 4655
radio 6 5169
radio 6 5219
radio 6 5733
radio 6 5764
radio 6 6278
radio 6 6332
radio 6 6846
radio 6 6863
radio 6 7376
radio 6 7444
radio 6 7958
radio 6 7990
radio 6 8504
radio 6 8534
radio 6 9048
radio 6 9065
radio 6 9578
radio 6 9609
radio 6 10123
radio 6 10193
radio 6 10707
radio 6 10724
radio 6 11237
radio 6 11267
radio 6 11781
radio 6 11817
radio 6 12331
radio 6 12348
radio 6 12861
radio 6 12878
radio 6 13391
radio 6 13408
radio 6 13921
radio 6 13956
radio 6 14470
radio 6 14487
radio 6 15000
radio 6 15017
radio 6 15530
radio 6 15547
radio 6 16060
radio 6 16091
radio 6 16605
radio 6 16622
radio 6 17135
radio 6 17152
radio 6 17665
radio 6 17682
radio 6 18195
radio 6 18212
radio 6 18725
delay 4 48 6 18931 6 18786 9 15 6 0 123 1 0
radio 6 20002
radio 6 20515
radio 6 20532
radio 6 21045
radio 6 21062
radio 6 21575
radio 6 21648
radio 6 22162
radio 6 22195
radio 6 22709
radio 6 22726
radio 6 23239
radio 6 23271
radio 6 23785
radio 6 23802
radio 6 24315
radio 6 24366
radio 6 24880
radio 6 24897
radio 6 25410
radio 6 25427
radio 6 25940
radio 6 25974
radio 6 26488
radio 6 26524
radio 6 27038
radio 6 27106
radio 6 27620
radio 6 27637
radio 6 28150
radio 6 28186
radio 6 28700
radio 6 28717
radio 6 29231
radio 6 29248
radio 6 29761
radio 6 29778
radio 6 30291
radio 6 30345
radio 6 30859
radio 6 30876
radio 6 31389
radio 6 31423
radio 6 31937
radio 6 31954
radio 6 32467
radio 6 32484
radio 6 32997
radio 6 33014
radio 6 33527
radio 6 33601
radio 6 34115
radio 6 34132
radio 6 34645
radio 6 34680
radio 6 35194
radio 6 35211
radio 6 35724
radio 6 35741
radio 6 36254
radio 6 36330
radio 6 36844
radio 6 36874
radio 6 37388
radio 6 37405
radio 6 37918
radio 6 37935
radio 6 38448
radio 6 38661
radio 6 39175
delay 5 49 6 39283 6 39048 15 15 65535 0 41 1 0
radio 6 40353
radio 6 40867
radio 6 40884
radio 6 41397
radio 6 41414
radio 6 41927
radio 6 41944
radio 6 42457
radio 6 42529
radio 6 43043
radio 6 43060
radio 6 43573
radio 6 43662
radio 6 44176
radio 6 44289
radio 6 44803
radio 6 44834
radio 6 45348
radio 6 45416
radio 6 45930
radio 6 45947
energy 6 46179 4 3312
radio 6 46461
radio 6 46478
radio 6 46991
radio 6 47008
radio 6 47521
radio 6 47553
radio 6 48067
radio 6 48100
radio 6 48614
radio 6 48631
radio 6 49144
radio 6 49177
radio 6 49691
radio 6 49724
radio 6 50238
radio 6 50255
radio 6 50768
radio 6 50785
radio 6 51298
radio 6 51331
radio 6 51845
radio 6 51862
radio 6 52375
radio 6 52427
radio 6 52941
radio 6 52975
radio 6 53489
radio 6 53506
radio 6 54019
radio 6 54036
radio 6 54549
radio 6 54566
radio 6 55079
radio 6 55096
radio 6 55609
radio 6 55680
radio 6 56194
radio 6 56226
radio 6 56740
radio 6 56770
radio 6 57284
radio 6 57301
radio 6 57814
radio 6 57831
radio 6 58344
radio 6 58361
radio 6 58874
radio 6 58922
radio 6 59436
radio 6 59505
radio 6 60019
delay 6 25 6 60327 6 60751 12 15 3 0 438 0 0
radio 6 60334
radio 6 60849
radio 6 60892
radio 6 61405
radio 6 61422
radio 6 61935
radio 6 61952
radio 6 62465
radio 6 62482
radio 6 62995
radio 6 63012
radio 6 63525
radio 6 63542
radio 6 64055
radio 6 64090
radio 6 64604
radio 6 64621
radio 6 65134
radio 6 65169
radio 7 147
radio 7 164
radio 7 677
radio 7 694
radio 7 1207
radio 7 1224
radio 7 1737
radio 7 1754
radio 7 2267
radio 7 2299
radio 7 2813
radio 7 2904
radio 7 3418
radio 7 3435
radio 7 3948
radio 7 3965
radio 7 4478
radio 7 4509
radio 7 5023
radio 7 5055
radio 7 5569
radio 7 5603
radio 7 6117
radio 7 6152
radio 7 6666
radio 7 6683
radio 7 7196
radio 7 7213
radio 7 7726
radio 7 7743
radio 7 8256
radio 7 8273
radio 7 8786
radio 7 8803
radio 7 9316
radio 7 9388
radio 7 9902
radio 7 9936
radio 7 10450
radio 7 10482
radio 7 10996
radio 7 11052
radio 7 11566
radio 7 11583
radio 7 12096
radio 7 12113
radio 7 12626
radio 7 12655
radio 7 13169
radio 7 13186
radio 7 13699
radio 7 13716
radio 7 14229
radio 7 14302
radio 7 14816
delay 7 49 7 15095 7 14860 15 15 65535 0 113 1 0
radio 7 16168
radio 7 16681
radio 7 16753
radio 7 17266
radio 7 17294
radio 7 17808
radio 7 17879
radio 7 18393
radio 7 18410
radio 7 18923
radio 7 18940
radio 7 19453
radio 7 19470
radio 7 19983
radio 7 20000
radio 7 20513
radio 7 20530
radio 7 21043
radio 7 21060
radio 7 21573
radio 7 21590
radio 7 22103
radio 7 22151
radio 7 22665
radio 7 22695
radio 7 23209
radio 7 23226
radio 7 23739
radio 7 23756
radio 7 24269
radio 7 24286
