Thread[Thread-1,5,main]tree 10 10 0 14 12 1
radio 3 53339
radio 3 53343
radio 3 53399
radio 3 53913
radio 3 53930
radio 3 54443
radio 3 54460
radio 3 54973
radio 3 55022
radio 3 55536
radio 3 55689
radio 3 56203
radio 3 56220
radio 3 56733
radio 3 56750
radio 3 57263
radio 3 57280
radio 3 57793
radio 3 57810
radio 3 58323
radio 3 58340
radio 3 58853
radio 3 58870
radio 3 59383
radio 3 59400
radio 3 59914
radio 3 59931
radio 3 60444
radio 3 60461
radio 3 60974
radio 3 61005
radio 3 61519
radio 3 61536
radio 3 62049
radio 3 62066
radio 3 62579
radio 3 62596
radio 3 63109
radio 3 63144
radio 3 63658
radio 3 63690
radio 3 64204
radio 3 64233
radio 3 64747
radio 3 64764
radio 3 65277
radio 3 65294
radio 4 271
radio 4 288
radio 4 801
radio 4 836
radio 4 1349
radio 4 1380
radio 4 1894
radio 4 1911
radio 4 2424
radio 4 2441
radio 4 2954
radio 4 3003
radio 4 3517
radio 4 3534
radio 4 4047
radio 4 4064
radio 4 4577
radio 4 4594
radio 4 5107
radio 4 5163
radio 4 5677
radio 4 5706
radio 4 6220
radio 4 6254
radio 4 6768
radio 4 6785
radio 4 7298
radio 4 7315
radio 4 7828
radio 4 7845
radio 4 8358
radio 4 8375
radio 4 8888
radio 4 8922
radio 4 9436
radio 4 9466
radio 4 9980
radio 4 9997
radio 4 10510
radio 4 10527
radio 4 11041
radio 4 11058
radio 4 11571
radio 4 11603
radio 4 12117
radio 4 12150
radio 4 12664
radio 4 12681
radio 4 13195
radio 4 13212
radio 4 13725
radio 4 13742
radio 4 14256
radio 4 14289
radio 4 14803
radio 4 14820
radio 4 15333
radio 4 15350
radio 4 15863
radio 4 15914
radio 4 16428
radio 4 16445
radio 4 16958
radio 4 17008
radio 4 17522
radio 4 17539
radio 4 18053
radio 4 18070
radio 4 18583
radio 4 18619
radio 4 19133
radio 4 19150
radio 4 19663
radio 4 19680
radio 4 20193
radio 4 20227
radio 4 20741
radio 4 20758
radio 4 21271
radio 4 21288
radio 4 21801
radio 4 21829
radio 4 22343
radio 4 22360
radio 4 22873
radio 4 22890
radio 4 23403
radio 4 23420
radio 4 23933
radio 4 23950
radio 4 24463
radio 4 24480
radio 4 24993
radio 4 25010
radio 4 25523
radio 4 25554
radio 4 26068
radio 4 26085
radio 4 26599
radio 4 26632
radio 4 27146
radio 4 27163
radio 4 27676
radio 4 27705
radio 4 28219
radio 4 28236
radio 4 28749
radio 4 28783
radio 4 29297
radio 4 29314
radio 4 29827
radio 4 29856
radio 4 30370
radio 4 30401
radio 4 30915
radio 4 30932
radio 4 31445
radio 4 31480
radio 4 31994
radio 4 32027
radio 4 32541
radio 4 32558
radio 4 33071
radio 4 33088
radio 4 33601
radio 4 33629
radio 4 34143
radio 4 34173
radio 4 34687
radio 4 34704
radio 4 35217
radio 4 35234
radio 4 35747
radio 4 35764
radio 4 36277
radio 4 36327
radio 4 36841
radio 4 36858
radio 4 37371
radio 4 37388
radio 4 37901
radio 4 37918
radio 4 38431
radio 4 38448
radio 4 38961
radio 4 38992
radio 4 39506
radio 4 39574
radio 4 40088
radio 4 40105
radio 4 40618
radio 4 40652
radio 4 41166
radio 4 41183
radio 4 41697
radio 4 41714
radio 4 42227
radio 4 42244
radio 4 42757
radio 4 42774
radio 4 43287
radio 4 43304
radio 4 43817
radio 4 43834
radio 4 44347
radio 4 44364
radio 4 44877
radio 4 44894
radio 4 45407
radio 4 45424
radio 4 45937
radio 4 46045
radio 4 46559
radio 4 46689
radio 4 47203
radio 4 47220
radio 4 47733
radio 4 47868
radio 4 48382
radio 4 48399
radio 4 48912
radio 4 48941
energy 4 49255 3 55702
radio 4 49455
radio 4 49527
radio 4 50041
radio 4 50069
radio 4 50583
radio 4 50616
radio 4 51130
radio 4 51159
radio 4 51673
radio 4 51690
radio 4 52204
radio 4 52221
radio 4 52734
radio 4 52751
radio 4 53264
radio 4 53281
radio 4 53794
radio 4 53826
radio 4 54340
radio 4 54369
radio 4 54883
radio 4 54915
radio 4 55429
radio 4 55459
radio 4 55973
radio 4 55990
radio 4 56503
radio 4 56520
radio 4 57033
radio 4 57050
radio 4 57563
radio 4 57580
radio 4 58094
radio 4 58111
radio 4 58624
radio 4 58641
radio 4 59154
radio 4 59205
radio 4 59719
radio 4 59754
radio 4 60268
radio 4 60285
radio 4 60798
radio 4 60815
radio 4 61328
radio 4 61345
radio 4 61858
radio 4 61875
radio 4 62388
radio 4 62405
radio 4 62918
radio 4 62935
radio 4 63448
radio 4 63465
radio 4 63978
radio 4 63995
radio 4 64508
radio 4 64525
radio 4 65038
radio 4 65055
radio 5 33
radio 5 50
radio 5 563
radio 5 617
radio 5 1130
radio 5 1147
radio 5 1660
radio 5 1677
radio 5 2190
delay 0 13 5 2209 5 3010 18 6 65535 0 39 1 1
radio 5 3317
radio 5 3830
radio 5 3847
radio 5 4360
radio 5 4377
radio 5 4890
radio 5 4907
radio 5 5420
radio 5 5475
radio 5 5989
radio 5 6006
radio 5 6519
radio 5 6555
radio 5 7069
radio 5 7097
radio 5 7611
radio 5 7647
radio 5 8161
radio 5 8194
radio 5 8708
radio 5 8725
radio 5 9238
radio 5 9255
radio 5 9768
radio 5 9799
radio 5 10313
radio 5 10341
radio 5 10855
radio 5 10872
radio 5 11385
radio 5 11454
radio 5 11968
radio 5 11985
radio 5 12498
radio 5 12515
radio 5 13028
radio 5 13045
radio 5 13558
radio 5 13591
radio 5 14105
radio 5 14122
radio 5 14635
radio 5 14652
radio 5 15165
radio 5 15182
radio 5 15695
radio 5 15725
radio 5 16239
radio 5 16268
radio 5 16782
radio 5 16799
radio 5 17312
radio 5 17340
radio 5 17854
radio 5 17871
radio 5 18384
radio 5 18401
radio 5 18914
radio 5 18931
radio 5 19445
radio 5 19462
radio 5 19975
radio 5 19992
radio 5 20505
radio 5 20540
radio 5 21054
radio 5 21071
radio 5 21584
radio 5 21617
radio 5 22131
radio 5 22164
radio 5 22678
delay 1 42 5 22746 5 22750 6 6 65535 0 65535 0 1
radio 5 23818
radio 5 24332
radio 5 24382
radio 5 24895
radio 5 24927
radio 5 25441
radio 5 25458
radio 5 25971
radio 5 25988
radio 5 26501
radio 5 26518
radio 5 27032
radio 5 27122
radio 5 27636
radio 5 27653
radio 5 28166
radio 5 28202
radio 5 28716
radio 5 28733
radio 5 29246
radio 5 29263
radio 5 29776
radio 5 29793
radio 5 30306
radio 5 30323
radio 5 30837
radio 5 30854
radio 5 31367
radio 5 31384
radio 5 31897
radio 5 31928
radio 5 32442
radio 5 32459
radio 5 32972
radio 5 33021
radio 5 33535
radio 5 33584
radio 5 34098
radio 5 34115
radio 5 34629
radio 5 34646
radio 5 35159
radio 5 35176
radio 5 35689
radio 5 35706
radio 5 36219
radio 5 36248
radio 5 36762
radio 5 36797
radio 5 37311
radio 5 37328
radio 5 37841
radio 5 37858
radio 5 38371
radio 5 38388
radio 5 38901
radio 5 38918
radio 5 39431
radio 5 39448
radio 5 39961
radio 5 39978
radio 5 40491
radio 5 40508
radio 5 41021
radio 5 41038
radio 5 41551
radio 5 41582
radio 5 42096
radio 5 42171
radio 5 42685
radio 5 42702
radio 5 43216
delay 2 0 5 43298 5 44350 0 6 6 0 221 1 1
radio 5 43308
radio 5 43821
radio 5 44901
energy 5 45159 3 61028
radio 5 45415
radio 5 45466
radio 5 45980
radio 5 45997
radio 5 46510
radio 5 46527
radio 5 47040
radio 5 47057
radio 5 47570
radio 5 47599
radio 5 48113
radio 5 48130
radio 5 48643
radio 5 48713
radio 5 49227
radio 5 49259
radio 5 49773
radio 5 49790
radio 5 50304
radio 5 50333
radio 5 50847
radio 5 50877
radio 5 51391
radio 5 51440
radio 5 51954
radio 5 51989
radio 5 52503
radio 5 52520
radio 5 53033
radio 5 53103
radio 5 53617
radio 5 53651
radio 5 54165
radio 5 54182
radio 5 54695
radio 5 54724
radio 5 55238
radio 5 55255
radio 5 55768
radio 5 55785
radio 5 56298
radio 5 56334
radio 5 56848
radio 5 56877
radio 5 57391
radio 5 57408
radio 5 57921
radio 5 57950
radio 5 58464
radio 5 58493
radio 5 59007
radio 5 59024
radio 5 59538
radio 5 59571
radio 5 60085
radio 5 60102
radio 5 60615
radio 5 60632
radio 5 61146
radio 5 61163
radio 5 61676
radio 5 61693
radio 5 62206
radio 5 62223
radio 5 62736
radio 5 62753
radio 5 63266
radio 5 63283
radio 5 63796
delay 3 41 5 63887 5 63893 15 6 65535 0 116 1 1
radio 5 64958
radio 5 65472
radio 5 65506
radio 6 484
radio 6 514
radio 6 1027
radio 6 1063
radio 6 1577
radio 6 1594
radio 6 2107
radio 6 2124
radio 6 2637
radio 6 2654
radio 6 3167
radio 6 3215
radio 6 3729
radio 6 3746
radio 6 4259
radio 6 4290
radio 6 4804
radio 6 4821
radio 6 5334
radio 6 5364
radio 6 5878
radio 6 5895
radio 6 6408
radio 6 6439
radio 6 6953
radio 6 6970
radio 6 7483
radio 6 7500
radio 6 8013
radio 6 8045
radio 6 8559
radio 6 8576
radio 6 9089
radio 6 9106
radio 6 9619
radio 6 9636
radio 6 10149
radio 6 10166
radio 6 10679
radio 6 10696
radio 6 11209
radio 6 11226
radio 6 11739
radio 6 11756
radio 6 12269
radio 6 12286
radio 6 12799
radio 6 12816
radio 6 13329
radio 6 13385
radio 6 13899
radio 6 13916
radio 6 14429
radio 6 14457
radio 6 14971
radio 6 15021
radio 6 15535
radio 6 15584
radio 6 16098
radio 6 16130
radio 6 16644
radio 6 16673
radio 6 17187
radio 6 17216
radio 6 17730
radio 6 17747
radio 6 18260
radio 6 18277
radio 6 18790
delay 4 42 6 18838 6 18848 6 6 65535 0 219 0 1
radio 6 19942
radio 6 20456
radio 6 20480
radio 6 20993
radio 6 21028
radio 6 21542
radio 6 21570
radio 6 22084
radio 6 22115
radio 6 22629
radio 6 22646
radio 6 23159
radio 6 23176
radio 6 23689
radio 6 23717
radio 6 24231
radio 6 24248
radio 6 24761
radio 6 24778
radio 6 25291
radio 6 25308
radio 6 25821
radio 6 25876
radio 6 26390
radio 6 26423
radio 6 26937
radio 6 26972
radio 6 27486
radio 6 27503
radio 6 28016
radio 6 28033
radio 6 28546
radio 6 28575
radio 6 29089
radio 6 29106
radio 6 29619
radio 6 29636
radio 6 30149
radio 6 30166
radio 6 30679
radio 6 30710
radio 6 31224
radio 6 31278
radio 6 31792
radio 6 31809
radio 6 32322
radio 6 32339
radio 6 32852
radio 6 32869
radio 6 33382
radio 6 33399
radio 6 33912
radio 6 33947
radio 6 34461
radio 6 34494
radio 6 35008
radio 6 35025
radio 6 35538
radio 6 35570
radio 6 36084
radio 6 36116
radio 6 36630
radio 6 36660
radio 6 37174
radio 6 37191
radio 6 37704
radio 6 37721
radio 6 38234
radio 6 38251
radio 6 38764
radio 6 38781
radio 6 39294
delay 5 22 6 39339 6 39331 16 6 65535 0 94 1 1
radio 6 40406
radio 6 40920
radio 6 40937
energy 6 41063 4 894
radio 6 41450
radio 6 41478
radio 6 41992
radio 6 42009
radio 6 42522
radio 6 42596
radio 6 43110
radio 6 43127
radio 6 43640
radio 6 43657
radio 6 44170
radio 6 44225
radio 6 44739
radio 6 44791
radio 6 45305
radio 6 45334
radio 6 45848
radio 6 45878
radio 6 46392
radio 6 46409
radio 6 46922
radio 6 46939
radio 6 47452
radio 6 47469
radio 6 47982
radio 6 48012
radio 6 48526
radio 6 48543
radio 6 49056
radio 6 49073
radio 6 49586
radio 6 49616
radio 6 50130
radio 6 50147
radio 6 50661
radio 6 50710
radio 6 51224
radio 6 51258
radio 6 51772
radio 6 51825
radio 6 52339
radio 6 52356
radio 6 52869
radio 6 52886
radio 6 53399
radio 6 53416
radio 6 53929
radio 6 53957
radio 6 54471
radio 6 54488
radio 6 55001
radio 6 55050
radio 6 55564
radio 6 55581
radio 6 56094
radio 6 56111
radio 6 56624
radio 6 56641
radio 6 57154
radio 6 57171
radio 6 57684
radio 6 57701
radio 6 58214
radio 6 58231
radio 6 58744
radio 6 58761
radio 6 59274
radio 6 59291
radio 6 59804
delay 6 40 6 59936 6 59981 10 6 65535 0 382 0 1
radio 6 61009
radio 6 61523
radio 6 61540
radio 6 62053
radio 6 62070
radio 6 62583
radio 6 62617
radio 6 63131
radio 6 63148
radio 6 63661
radio 6 63678
radio 6 64191
radio 6 64208
radio 6 64721
radio 6 64738
radio 6 65251
radio 6 65268
radio 7 246
radio 7 263
radio 7 776
radio 7 793
radio 7 1306
radio 7 1323
radio 7 1836
radio 7 1853
radio 7 2366
radio 7 2383
radio 7 2896
radio 7 2931
radio 7 3445
radio 7 3462
radio 7 3975
radio 7 4003
radio 7 4517
radio 7 4551
radio 7 5065
radio 7 5082
radio 7 5595
radio 7 5612
radio 7 6125
radio 7 6158
radio 7 6672
radio 7 6701
radio 7 7215
radio 7 7232
radio 7 7745
radio 7 7762
radio 7 8275
radio 7 8349
radio 7 8863
radio 7 8894
radio 7 9408
radio 7 9425
radio 7 9938
radio 7 9955
radio 7 10468
radio 7 10485
radio 7 10998
radio 7 11029
radio 7 11543
radio 7 11571
radio 7 12085
radio 7 12102
radio 7 12615
radio 7 12666
radio 7 13180
radio 7 13197
radio 7 13710
radio 7 13739
radio 7 14253
radio 7 14270
radio 7 14783
delay 7 40 7 15235 7 15279 10 6 65535 0 752 0 1
radio 7 16304
radio 7 16818
radio 7 16849
radio 7 17363
radio 7 17398
radio 7 17912
radio 7 17943
radio 7 18457
radio 7 18474
radio 7 18987
radio 7 19019
radio 7 19533
radio 7 19550
radio 7 20063
radio 7 20080
radio 7 20593
radio 7 20628
radio 7 21142
radio 7 21171
radio 7 21685
radio 7 21734
radio 7 22248
radio 7 22296
radio 7 22810
radio 7 22827
radio 7 23340
radio 7 23371
radio 7 23885
radio 7 23902
radio 7 24415
radio 7 24432
