Thread[Thread-1,5,main]tree 1000 32 46 14 0 0
radio 5 56446
radio 5 56449
radio 5 56500
radio 5 57014
radio 5 57031
radio 5 57544
radio 5 57561
radio 5 58075
radio 5 58104
radio 5 58618
radio 5 58635
radio 5 59149
radio 5 59183
radio 5 59697
radio 5 59731
radio 5 60245
radio 5 60262
radio 5 60776
radio 5 60793
radio 5 61306
radio 5 61323
radio 5 61836
radio 5 61853
radio 5 62367
radio 5 62396
radio 5 62910
radio 5 62927
radio 5 63440
radio 5 63457
radio 5 63970
radio 5 63998
radio 5 64512
radio 5 64529
radio 5 65042
radio 5 65112
radio 6 90
radio 6 107
radio 6 620
radio 6 651
radio 6 1164
radio 6 1181
radio 6 1694
radio 6 1711
radio 6 2224
radio 6 2241
radio 6 2754
radio 6 2826
radio 6 3340
radio 6 3389
radio 6 3903
radio 6 3920
radio 6 4433
radio 6 4503
radio 6 5017
radio 6 5069
radio 6 5583
radio 6 5658
radio 6 6172
radio 6 6227
radio 6 6741
radio 6 6812
radio 6 7326
radio 6 7354
radio 6 7868
radio 6 7897
radio 6 8411
radio 6 8441
radio 6 8955
radio 6 8972
radio 6 9485
radio 6 9554
radio 6 10068
radio 6 10085
radio 6 10598
radio 6 10615
radio 6 11129
radio 6 11161
radio 6 11675
radio 6 11726
radio 6 12240
radio 6 12257
radio 6 12770
radio 6 12801
radio 6 13315
radio 6 13332
radio 6 13845
radio 6 13862
radio 6 14375
radio 6 14423
radio 6 14937
radio 6 14985
radio 6 15499
radio 6 15527
radio 6 16041
radio 6 16075
radio 6 16589
radio 6 16665
radio 6 17179
radio 6 17207
radio 6 17721
radio 6 17757
radio 6 18271
radio 6 18345
radio 6 18859
radio 6 18876
radio 6 19389
radio 6 19422
radio 6 19936
radio 6 19953
radio 6 20466
radio 6 20483
radio 6 20996
radio 6 21027
radio 6 21541
radio 6 21592
radio 6 22106
radio 6 22138
radio 6 22652
radio 6 22688
radio 6 23202
radio 6 23278
radio 6 23792
radio 6 23821
radio 6 24335
radio 6 24366
radio 6 24880
radio 6 24953
radio 6 25467
radio 6 25496
radio 6 26010
radio 6 26039
radio 6 26553
radio 6 26629
radio 6 27143
radio 6 27192
radio 6 27706
radio 6 27739
radio 6 28253
radio 6 28309
radio 6 28823
radio 6 28853
radio 6 29367
radio 6 29398
radio 6 29912
radio 6 29988
radio 6 30502
radio 6 30531
radio 6 31045
radio 6 31081
radio 6 31595
radio 6 31650
radio 6 32164
radio 6 32196
radio 6 32710
radio 6 32746
radio 6 33260
radio 6 33277
radio 6 33790
radio 6 33862
radio 6 34376
radio 6 34426
radio 6 34940
radio 6 34972
radio 6 35486
radio 6 35542
radio 6 36056
radio 6 36089
radio 6 36603
radio 6 36637
radio 6 37151
radio 6 37240
radio 6 37754
radio 6 37786
radio 6 38300
radio 6 38331
radio 6 38845
radio 6 38900
radio 6 39414
radio 6 39462
radio 6 39976
radio 6 40006
radio 6 40520
radio 6 40576
radio 6 41090
radio 6 41107
radio 6 41621
radio 6 41656
radio 6 42170
radio 6 42200
radio 6 42714
radio 6 42745
radio 6 43259
radio 6 43290
radio 6 43804
radio 6 43859
radio 6 44373
radio 6 44405
radio 6 44919
radio 6 44947
radio 6 45461
radio 6 45496
radio 6 46010
radio 6 46046
radio 6 46560
radio 6 46596
radio 6 47110
radio 6 47186
radio 6 47700
radio 6 47736
radio 6 48250
radio 6 48285
radio 6 48799
radio 6 48827
radio 6 49341
radio 6 49370
radio 6 49884
radio 6 49914
radio 6 50428
radio 6 50458
radio 6 50972
radio 6 51002
radio 6 51516
radio 6 51533
radio 6 52046
radio 6 52097
energy 6 52361 5 59893
radio 6 52611
radio 6 52628
radio 6 53141
radio 6 53158
radio 6 53671
radio 6 53688
radio 6 54202
radio 6 54219
radio 6 54732
radio 6 54749
radio 6 55262
radio 6 55294
radio 6 55808
radio 6 55825
radio 6 56338
radio 6 56355
radio 6 56868
radio 6 56938
radio 6 57452
radio 6 57469
radio 6 57982
radio 6 58017
radio 6 58531
radio 6 58561
radio 6 59075
radio 6 59103
radio 6 59617
radio 6 59650
radio 6 60164
radio 6 60181
radio 6 60695
radio 6 60712
radio 6 61225
radio 6 61242
radio 6 61755
radio 6 61772
radio 6 62285
radio 6 62321
radio 6 62835
radio 6 62867
radio 6 63381
radio 6 63398
radio 6 63911
radio 6 63928
radio 6 64441
radio 6 64458
radio 6 64971
radio 6 65002
radio 6 65516
radio 7 10
radio 7 523
radio 7 553
radio 7 1066
delay 0 23 7 1086 7 1474 16 24 8 0 64 1 0
radio 7 2157
radio 7 2671
radio 7 2688
radio 7 3201
radio 7 3218
radio 7 3731
radio 7 3748
radio 7 4261
radio 7 4291
radio 7 4805
radio 7 4834
radio 7 5348
radio 7 5499
radio 7 6013
radio 7 6224
radio 7 6738
radio 7 6755
radio 7 7268
radio 7 7323
radio 7 7837
radio 7 7869
radio 7 8383
radio 7 8412
radio 7 8926
radio 7 8943
radio 7 9456
radio 7 9473
radio 7 9986
radio 7 10120
radio 7 10634
radio 7 10722
radio 7 11236
radio 7 11325
radio 7 11839
radio 7 11893
radio 7 12407
radio 7 12475
radio 7 12989
radio 7 13022
radio 7 13536
radio 7 13565
radio 7 14079
radio 7 14107
radio 7 14621
radio 7 14677
radio 7 15191
radio 7 15221
radio 7 15735
radio 7 15766
radio 7 16280
radio 7 16355
radio 7 16869
radio 7 16897
radio 7 17411
radio 7 17428
radio 7 17942
radio 7 17959
radio 7 18472
radio 7 18506
radio 7 19020
radio 7 19048
radio 7 19562
radio 7 19590
radio 7 20104
radio 7 20121
radio 7 20634
radio 7 20669
radio 7 21183
radio 7 21200
radio 7 21713
delay 1 46 7 22479 7 22238 18 24 6 0 513 0 0
radio 7 22487
radio 7 23001
radio 7 23191
radio 7 23704
radio 7 23737
radio 7 24251
radio 7 24326
radio 7 24840
radio 7 24875
radio 7 25389
radio 7 25406
radio 7 25919
radio 7 25949
radio 7 26463
radio 7 26493
radio 7 27007
radio 7 27041
radio 7 27555
radio 7 27572
radio 7 28085
radio 7 28102
radio 7 28615
radio 7 28632
radio 7 29145
radio 7 29162
radio 7 29675
radio 7 29692
radio 7 30205
radio 7 30234
radio 7 30748
radio 7 30799
radio 7 31313
radio 7 31330
radio 7 31843
radio 7 31860
radio 7 32374
radio 7 32404
radio 7 32918
radio 7 32951
radio 7 33465
radio 7 33482
radio 7 33995
radio 7 34026
radio 7 34540
radio 7 34568
radio 7 35082
radio 7 35117
radio 7 35631
radio 7 35648
radio 7 36161
radio 7 36178
radio 7 36691
radio 7 36708
radio 7 37221
radio 7 37269
radio 7 37783
radio 7 37836
radio 7 38350
radio 7 38383
radio 7 38897
radio 7 38926
radio 7 39440
radio 7 39469
radio 7 39983
radio 7 40039
radio 7 40553
radio 7 40585
radio 7 41099
radio 7 41147
radio 7 41661
radio 7 41697
radio 7 42211
delay 2 46 7 42228 7 41986 18 24 6 0 177 0 0
radio 7 42235
radio 7 42750
radio 7 42768
radio 7 43281
radio 7 43480
radio 7 43994
radio 7 44011
radio 7 44524
radio 7 44541
radio 7 45054
radio 7 45071
radio 7 45584
radio 7 45632
radio 7 46146
radio 7 46163
radio 7 46676
radio 7 46693
radio 7 47206
radio 7 47223
radio 7 47736
radio 7 47764
energy 7 48265 5 64924
radio 7 48278
radio 7 48309
radio 7 48823
radio 7 48858
radio 7 49372
radio 7 49407
radio 7 49921
radio 7 49950
radio 7 50464
radio 7 50494
radio 7 51008
radio 7 51057
radio 7 51571
radio 7 51603
radio 7 52117
radio 7 52134
radio 7 52647
radio 7 52681
radio 7 53195
radio 7 53212
radio 7 53725
radio 7 53794
radio 7 54308
radio 7 54325
radio 7 54838
radio 7 54868
radio 7 55382
radio 7 55399
radio 7 55912
radio 7 55929
radio 7 56442
radio 7 56459
radio 7 56973
radio 7 57042
radio 7 57556
radio 7 57587
radio 7 58101
radio 7 58130
radio 7 58644
radio 7 58714
radio 7 59228
radio 7 59245
radio 7 59758
radio 7 59788
radio 7 60302
radio 7 60334
radio 7 60848
radio 7 60865
radio 7 61379
radio 7 61411
radio 7 61925
radio 7 61942
radio 7 62455
delay 3 45 7 62473 7 62254 13 24 11 1 65535 0 0
radio 7 63552
radio 7 64066
radio 7 64093
radio 7 64606
radio 7 64622
radio 7 65135
radio 7 65165
radio 8 143
radio 8 174
radio 8 687
radio 8 756
radio 8 1269
radio 8 1317
radio 8 1831
radio 8 1882
radio 8 2396
radio 8 2413
radio 8 2926
radio 8 2943
radio 8 3456
radio 8 3484
radio 8 3998
radio 8 4015
radio 8 4528
radio 8 4564
radio 8 5078
radio 8 5134
radio 8 5648
radio 8 5676
radio 8 6190
radio 8 6240
radio 8 6754
radio 8 6782
radio 8 7296
radio 8 7324
radio 8 7838
radio 8 7855
radio 8 8368
radio 8 8385
radio 8 8898
radio 8 8933
radio 8 9447
radio 8 9464
radio 8 9977
radio 8 10007
radio 8 10521
radio 8 10591
radio 8 11105
radio 8 11137
radio 8 11651
radio 8 11668
radio 8 12181
radio 8 12252
radio 8 12766
radio 8 12783
radio 8 13296
radio 8 13313
radio 8 13826
radio 8 13857
radio 8 14371
radio 8 14388
radio 8 14901
radio 8 14918
radio 8 15431
radio 8 15448
radio 8 15961
radio 8 15978
radio 8 16491
radio 8 16508
radio 8 17021
radio 8 17077
radio 8 17591
delay 4 46 8 18633 8 18391 18 24 6 0 1018 0 0
radio 8 18640
radio 8 19155
radio 8 19266
radio 8 19780
radio 8 19797
radio 8 20311
radio 8 20341
radio 8 20855
radio 8 20885
radio 8 21399
radio 8 21428
radio 8 21942
radio 8 21959
radio 8 22472
radio 8 22543
radio 8 23057
radio 8 23074
radio 8 23588
radio 8 23618
radio 8 24132
radio 8 24163
radio 8 24677
radio 8 24747
radio 8 25261
radio 8 25278
radio 8 25792
radio 8 25809
radio 8 26322
radio 8 26339
radio 8 26852
radio 8 26869
radio 8 27382
radio 8 27415
radio 8 27929
radio 8 27962
radio 8 28476
radio 8 28509
radio 8 29023
radio 8 29040
radio 8 29553
radio 8 29570
radio 8 30084
radio 8 30121
radio 8 30635
radio 8 30652
radio 8 31165
radio 8 31182
radio 8 31695
radio 8 31768
radio 8 32282
radio 8 32299
radio 8 32812
radio 8 32844
radio 8 33358
radio 8 33375
radio 8 33889
radio 8 33922
radio 8 34436
radio 8 34464
radio 8 34978
radio 8 35007
radio 8 35521
radio 8 35538
radio 8 36051
radio 8 36068
radio 8 36581
radio 8 36614
radio 8 37128
radio 8 37179
radio 8 37693
radio 8 37725
radio 8 38239
delay 5 26 8 38339 8 38630 16 24 8 0 339 0 0
radio 8 38347
radio 8 38861
radio 8 38984
radio 8 39497
radio 8 39517
