Thread[Thread-1,5,main]tree 25 13 43 12 0 0
radio 7 4272
radio 7 4276
radio 7 4312
radio 7 4826
radio 7 4877
radio 7 5391
radio 7 5447
radio 7 5961
radio 7 5997
radio 7 6511
radio 7 6566
radio 7 7080
radio 7 7110
radio 7 7624
radio 7 7655
radio 7 8169
radio 7 8242
radio 7 8756
radio 7 8787
radio 7 9301
radio 7 9318
radio 7 9831
radio 7 9865
radio 7 10379
radio 7 10396
radio 7 10910
radio 7 10927
radio 7 11441
radio 7 11493
radio 7 12007
radio 7 12036
radio 7 12550
radio 7 12584
radio 7 13098
radio 7 13126
radio 7 13640
radio 7 13691
radio 7 14205
radio 7 14238
radio 7 14752
radio 7 14784
radio 7 15298
radio 7 15315
radio 7 15828
radio 7 15896
radio 7 16410
radio 7 16461
radio 7 16975
radio 7 17048
radio 7 17562
radio 7 17579
radio 7 18093
radio 7 18124
radio 7 18638
radio 7 18672
radio 7 19186
radio 7 19203
radio 7 19717
radio 7 19767
radio 7 20281
radio 7 20312
radio 7 20826
radio 7 20860
radio 7 21374
radio 7 21402
radio 7 21916
radio 7 21945
radio 7 22459
radio 7 22535
radio 7 23049
radio 7 23078
radio 7 23592
radio 7 23662
radio 7 24176
radio 7 24193
radio 7 24706
radio 7 24737
radio 7 25251
radio 7 25286
radio 7 25800
radio 7 25850
radio 7 26364
radio 7 26381
radio 7 26895
radio 7 26924
radio 7 27438
radio 7 27455
radio 7 27969
radio 7 27986
radio 7 28499
radio 7 28516
radio 7 29029
radio 7 29065
radio 7 29579
radio 7 29629
radio 7 30143
radio 7 30174
radio 7 30688
radio 7 30705
radio 7 31219
radio 7 31311
radio 7 31825
radio 7 31842
radio 7 32356
radio 7 32373
radio 7 32887
radio 7 32904
radio 7 33417
radio 7 33451
radio 7 33965
radio 7 34038
radio 7 34552
radio 7 34581
radio 7 35095
radio 7 35127
radio 7 35641
radio 7 35669
radio 7 36183
radio 7 36233
radio 7 36747
radio 7 36764
radio 7 37277
radio 7 37294
radio 7 37808
radio 7 37842
radio 7 38356
radio 7 38373
radio 7 38887
radio 7 38915
radio 7 39429
radio 7 39460
radio 7 39974
radio 7 40006
radio 7 40520
radio 7 40549
radio 7 41063
radio 7 41080
radio 7 41594
radio 7 41611
radio 7 42125
radio 7 42158
radio 7 42672
radio 7 42706
radio 7 43220
radio 7 43237
radio 7 43751
radio 7 43786
radio 7 44300
radio 7 44317
radio 7 44831
radio 7 44848
radio 7 45362
radio 7 45392
radio 7 45906
radio 7 45923
radio 7 46437
radio 7 46466
radio 7 46980
radio 7 47008
radio 7 47522
radio 7 47539
radio 7 48053
radio 7 48070
radio 7 48584
radio 7 48613
radio 7 49127
radio 7 49144
radio 7 49658
radio 7 49675
radio 7 50189
radio 7 50206
radio 7 50719
radio 7 50736
radio 7 51250
radio 7 51267
radio 7 51781
radio 7 51798
radio 7 52312
radio 7 52386
radio 7 52900
radio 7 52935
radio 7 53449
radio 7 53466
radio 7 53980
radio 7 53997
radio 7 54511
radio 7 54528
radio 7 55042
radio 7 55116
radio 7 55630
radio 7 55658
radio 7 56172
radio 7 56207
radio 7 56721
radio 7 56789
radio 7 57303
radio 7 57332
radio 7 57846
radio 7 57875
radio 7 58389
radio 7 58406
radio 7 58920
radio 7 58937
radio 7 59451
radio 7 59484
radio 7 59998
radio 7 60015
radio 7 60529
radio 7 60558
radio 7 61072
radio 7 61089
radio 7 61603
radio 7 61620
radio 7 62134
radio 7 62168
radio 7 62682
radio 7 62710
radio 7 63224
radio 7 63241
radio 7 63755
radio 7 63807
radio 7 64321
radio 7 64354
radio 7 64868
radio 7 64899
radio 7 65413
radio 7 65449
energy 8 188 7 7187
radio 8 427
radio 8 444
radio 8 957
radio 8 1006
radio 8 1520
radio 8 1537
radio 8 2050
radio 8 2080
radio 8 2594
radio 8 2628
radio 8 3142
radio 8 3212
radio 8 3726
radio 8 3743
radio 8 4256
radio 8 4273
radio 8 4786
radio 8 4840
radio 8 5354
radio 8 5410
radio 8 5924
radio 8 5957
radio 8 6471
radio 8 6507
radio 8 7021
radio 8 7038
radio 8 7551
radio 8 7568
radio 8 8081
radio 8 8135
radio 8 8649
radio 8 8666
radio 8 9179
radio 8 9196
radio 8 9709
radio 8 9726
radio 8 10239
radio 8 10270
radio 8 10784
radio 8 10801
radio 8 11315
radio 8 11391
radio 8 11905
radio 8 11933
radio 8 12447
radio 8 12464
radio 8 12977
radio 8 13012
radio 8 13526
radio 8 13559
radio 8 14073
radio 8 14104
radio 8 14618
radio 8 14635
radio 8 15148
radio 8 15177
radio 8 15691
radio 8 15708
radio 8 16222
radio 8 16239
radio 8 16753
radio 8 16770
radio 8 17284
radio 8 17314
radio 8 17828
radio 8 17896
radio 8 18410
radio 8 18427
radio 8 18941
radio 8 18976
radio 8 19490
radio 8 19520
radio 8 20034
radio 8 20051
radio 8 20565
radio 8 20615
radio 8 21129
radio 8 21163
radio 8 21677
radio 8 21711
radio 8 22225
radio 8 22242
radio 8 22756
radio 8 22785
radio 8 23299
radio 8 23349
radio 8 23863
radio 8 23895
radio 8 24409
radio 8 24426
radio 8 24940
radio 8 24957
radio 8 25471
radio 8 25488
radio 8 26001
radio 8 26071
radio 8 26585
radio 8 26602
radio 8 27116
radio 8 27148
radio 8 27662
radio 8 27690
radio 8 28204
radio 8 28221
radio 8 28735
radio 8 28786
radio 8 29300
radio 8 29317
radio 8 29831
radio 8 29848
radio 8 30362
radio 8 30393
radio 8 30907
radio 8 30924
radio 8 31438
radio 8 31455
radio 8 31969
radio 8 31986
radio 8 32500
radio 8 32575
radio 8 33089
radio 8 33139
radio 8 33653
radio 8 33670
radio 8 34184
radio 8 34255
radio 8 34769
radio 8 34800
radio 8 35314
radio 8 35331
radio 8 35845
radio 8 35878
radio 8 36392
radio 8 36445
radio 8 36959
radio 8 36987
radio 8 37501
radio 8 37532
radio 8 38046
radio 8 38063
radio 8 38576
radio 8 38593
radio 8 39107
radio 8 39124
radio 8 39638
radio 8 39655
radio 8 40168
radio 8 40223
radio 8 40737
radio 8 40754
radio 8 41268
radio 8 41299
radio 8 41813
radio 8 41830
radio 8 42344
radio 8 42373
radio 8 42887
radio 8 42941
radio 8 43455
radio 8 43472
radio 8 43986
delay 0 14 8 44111 8 44521 7 12 5 0 269 0 0
radio 8 44118
radio 8 44633
radio 8 44760
radio 8 45274
radio 8 45291
radio 8 45805
radio 8 45822
radio 8 46336
radio 8 46366
radio 8 46880
radio 8 46897
radio 8 47411
radio 8 47439
radio 8 47953
radio 8 47970
radio 8 48484
radio 8 48501
radio 8 49015
radio 8 49032
radio 8 49546
radio 8 49580
radio 8 50094
radio 8 50130
radio 8 50644
radio 8 50713
radio 8 51227
radio 8 51259
radio 8 51773
radio 8 51863
radio 8 52377
radio 8 52394
radio 8 52908
radio 8 52938
radio 8 53452
radio 8 53469
radio 8 53983
radio 8 54018
radio 8 54532
radio 8 54586
radio 8 55100
radio 8 55152
radio 8 55666
radio 8 55741
radio 8 56255
radio 8 56272
radio 8 56786
radio 8 56814
radio 8 57328
radio 8 57364
radio 8 57878
radio 8 57895
radio 8 58408
radio 8 58425
radio 8 58939
radio 8 58956
radio 8 59470
radio 8 59521
radio 8 60035
radio 8 60065
radio 8 60579
radio 8 60596
radio 8 61110
radio 8 61127
energy 8 61628 7 10144
radio 8 61641
radio 8 61658
radio 8 62172
radio 8 62189
radio 8 62702
radio 8 62719
radio 8 63233
radio 8 63250
radio 8 63764
radio 8 63815
radio 8 64329
radio 8 64346
radio 8 64859
delay 1 24 8 65072 8 64670 5 12 7 0 379 0 0
radio 8 65079
radio 9 58
radio 9 73
radio 9 586
radio 9 614
radio 9 1127
radio 9 1159
radio 9 1673
radio 9 1748
radio 9 2262
radio 9 2279
radio 9 2792
radio 9 2809
radio 9 3322
radio 9 3339
radio 9 3852
radio 9 3883
radio 9 4397
radio 9 4472
radio 9 4986
radio 9 5020
radio 9 5534
radio 9 5551
radio 9 6064
radio 9 6093
radio 9 6607
radio 9 6624
radio 9 7137
radio 9 7186
radio 9 7700
radio 9 7717
radio 9 8230
radio 9 8247
radio 9 8760
radio 9 8777
radio 9 9290
radio 9 9307
radio 9 9820
radio 9 9837
radio 9 10350
radio 9 10382
radio 9 10896
radio 9 10969
radio 9 11483
radio 9 11500
radio 9 12014
radio 9 12043
radio 9 12557
radio 9 12574
radio 9 13088
radio 9 13105
radio 9 13619
radio 9 13650
radio 9 14164
radio 9 14219
radio 9 14733
radio 9 14764
radio 9 15278
radio 9 15310
radio 9 15824
radio 9 15841
radio 9 16355
radio 9 16372
radio 9 16886
radio 9 16936
radio 9 17450
radio 9 17481
radio 9 17995
radio 9 18028
radio 9 18542
radio 9 18578
radio 9 19092
radio 9 19142
radio 9 19656
delay 2 24 9 19704 9 19302 5 12 7 0 496 0 0
radio 9 19712
radio 9 20226
radio 9 20246
radio 9 20760
radio 9 20807
radio 9 21320
radio 9 21352
radio 9 21866
radio 9 21900
radio 9 22414
radio 9 22447
radio 9 22961
radio 9 22978
radio 9 23492
radio 9 23509
radio 9 24023
radio 9 24077
radio 9 24591
radio 9 24608
radio 9 25122
radio 9 25139
radio 9 25653
radio 9 25670
radio 9 26184
radio 9 26201
radio 9 26715
radio 9 26748
radio 9 27262
radio 9 27294
radio 9 27808
radio 9 27825
radio 9 28339
radio 9 28356
radio 9 28870
radio 9 28898
radio 9 29412
radio 9 29429
radio 9 29943
radio 9 29995
radio 9 30509
radio 9 30526
radio 9 31039
radio 9 31056
radio 9 31570
radio 9 31625
radio 9 32139
radio 9 32175
radio 9 32689
radio 9 32706
radio 9 33219
radio 9 33236
radio 9 33750
radio 9 33767
radio 9 34281
radio 9 34298
radio 9 34812
radio 9 34845
radio 9 35359
radio 9 35376
radio 9 35890
radio 9 35919
radio 9 36433
radio 9 36468
radio 9 36982
radio 9 37010
radio 9 37524
radio 9 37555
radio 9 38069
radio 9 38117
radio 9 38631
radio 9 38680
radio 9 39194
radio 9 39225
radio 9 39739
delay 3 14 9 39817 9 40227 7 12 5 0 49 1 0
radio 9 39824
radio 9 40338
radio 9 40357
radio 9 40870
radio 9 40893
radio 9 41407
radio 9 41436
radio 9 41950
radio 9 41967
radio 9 42481
radio 9 42530
radio 9 43044
radio 9 43061
radio 9 43575
radio 9 43592
radio 9 44106
radio 9 44123
radio 9 44637
radio 9 44732
radio 9 45246
radio 9 45276
radio 9 45790
radio 9 45820
radio 9 46334
radio 9 46363
radio 9 46877
radio 9 46933
radio 9 47447
radio 9 47464
radio 9 47978
radio 9 47995
radio 9 48509
radio 9 48526
radio 9 49039
radio 9 49056
radio 9 49570
radio 9 49587
radio 9 50100
radio 9 50117
radio 9 50631
radio 9 50648
radio 9 51162
radio 9 51179
radio 9 51693
radio 9 51763
radio 9 52277
radio 9 52308
radio 9 52822
radio 9 52851
radio 9 53365
radio 9 53382
radio 9 53896
radio 9 53913
radio 9 54427
radio 9 54482
radio 9 54996
radio 9 55013
radio 9 55527
radio 9 55544
radio 9 56057
radio 9 56087
radio 9 56601
radio 9 56632
radio 9 57146
radio 9 57200
energy 9 57532 7 12975
radio 9 57714
radio 9 57731
radio 9 58244
radio 9 58261
radio 9 58775
radio 9 58792
radio 9 59306
radio 9 59342
radio 9 59856
radio 9 59887
radio 9 60401
radio 9 60418
radio 9 60932
delay 4 43 9 61204 9 60760 6 12 6 0 648 0 0
radio 9 61211
radio 9 61726
radio 9 61759
radio 9 62273
radio 9 62290
radio 9 62803
radio 9 62820
radio 9 63334
radio 9 63351
radio 9 63865
radio 9 63919
radio 9 64433
radio 9 64468
radio 9 64982
radio 9 64999
radio 9 65513
radio 9 65530
radio 10 508
radio 10 538
radio 10 1052
radio 10 1107
radio 10 1621
radio 10 1651
radio 10 2165
radio 10 2182
radio 10 2696
radio 10 2728
radio 10 3242
radio 10 3316
radio 10 3830
radio 10 3880
radio 10 4394
radio 10 4411
radio 10 4924
radio 10 4998
radio 10 5512
radio 10 5529
radio 10 6043
radio 10 6060
radio 10 6573
radio 10 6590
radio 10 7104
radio 10 7139
radio 10 7653
radio 10 7670
radio 10 8183
radio 10 8200
radio 10 8714
radio 10 8766
radio 10 9280
radio 10 9313
radio 10 9827
radio 10 9857
radio 10 10371
radio 10 10388
radio 10 10902
radio 10 10973
radio 10 11487
radio 10 11516
radio 10 12030
radio 10 12064
radio 10 12578
radio 10 12646
radio 10 13160
radio 10 13215
radio 10 13729
radio 10 13758
radio 10 14272
radio 10 14301
radio 10 14815
radio 10 14832
radio 10 15346
delay 5 14 10 15393 10 15804 7 12 5 0 172 0 0
radio 10 15401
radio 10 15916
radio 10 16035
radio 10 16548
radio 10 16565
radio 10 17078
radio 10 17112
radio 10 17626
radio 10 17679
radio 10 18193
radio 10 18210
radio 10 18724
radio 10 18741
radio 10 19255
radio 10 19304
radio 10 19818
radio 10 19887
radio 10 20401
radio 10 20434
radio 10 20948
radio 10 20976
radio 10 21490
radio 10 21507
radio 10 22021
radio 10 22053
radio 10 22567
radio 10 22584
radio 10 23098
radio 10 23115
radio 10 23629
radio 10 23646
radio 10 24160
radio 10 24177
radio 10 24691
radio 10 24723
radio 10 25237
radio 10 25268
radio 10 25782
radio 10 25799
radio 10 26313
radio 10 26382
radio 10 26896
radio 10 26929
radio 10 27443
radio 10 27473
radio 10 27987
radio 10 28017
radio 10 28531
radio 10 28582
radio 10 29096
radio 10 29126
radio 10 29640
radio 10 29668
radio 10 30182
radio 10 30199
radio 10 30713
radio 10 30786
radio 10 31300
radio 10 31317
radio 10 31831
radio 10 31863
radio 10 32377
radio 10 32448
radio 10 32962
radio 10 32996
radio 10 33510
radio 10 33542
radio 10 34056
radio 10 34091
radio 10 34605
radio 10 34635
radio 10 35149
radio 10 35166
radio 10 35680
delay 6 43 10 35737 10 35294 6 12 6 0 65 0 0
radio 10 35745
radio 10 36259
radio 10 36304
radio 10 36818
radio 10 36890
radio 10 37404
radio 10 37421
radio 10 37935
radio 10 37952
radio 10 38466
radio 10 38483
radio 10 38997
radio 10 39025
radio 10 39539
radio 10 39590
radio 10 40104
radio 10 40121
radio 10 40635
radio 10 40652
radio 10 41166
radio 10 41201
radio 10 41715
radio 10 41732
radio 10 42246
radio 10 42278
radio 10 42792
radio 10 42865
radio 10 43379
radio 10 43396
radio 10 43910
radio 10 43927
radio 10 44441
radio 10 44458
radio 10 44972
radio 10 45002
radio 10 45516
radio 10 45569
radio 10 46083
radio 10 46100
radio 10 46614
radio 10 46631
radio 10 47145
radio 10 47179
radio 10 47693
radio 10 47710
radio 10 48224
radio 10 48256
radio 10 48770
radio 10 48818
radio 10 49332
radio 10 49363
radio 10 49877
radio 10 49894
radio 10 50408
radio 10 50440
radio 10 50954
radio 10 51030
radio 10 51544
radio 10 51579
radio 10 52093
radio 10 52110
radio 10 52624
radio 10 52641
radio 10 53155
radio 10 53172
energy 10 53436 7 16234
radio 10 53686
radio 10 53756
radio 10 54270
radio 10 54287
radio 10 54801
radio 10 54834
radio 10 55348
radio 10 55377
radio 10 55891
radio 10 55908
radio 10 56422
delay 7 43 10 56467 10 56024 6 12 6 0 132 1 0
radio 10 56474
radio 10 56989
radio 10 57067
radio 10 57580
radio 10 57630
radio 10 58144
radio 10 58161
radio 10 58675
radio 10 58692
radio 10 59206
radio 10 59223
radio 10 59737
radio 10 59754
radio 10 60268
radio 10 60285
radio 10 60799
radio 10 60816
radio 10 61330
radio 10 61347
radio 10 61861
radio 10 61878
radio 10 62392
radio 10 62462
radio 10 62976
radio 10 62993
radio 10 63507
radio 10 63524
radio 10 64038
radio 10 64055
radio 10 64569
radio 10 64600
radio 10 65114
radio 10 65169
radio 11 147
radio 11 200
radio 11 714
radio 11 747
radio 11 1261
radio 11 1278
radio 11 1792
radio 11 1846
radio 11 2360
radio 11 2377
radio 11 2891
radio 11 2908
radio 11 3421
radio 11 3451
radio 11 3965
radio 11 3982
radio 11 4496
radio 11 4572
radio 11 5086
radio 11 5122
radio 11 5636
radio 11 5653
radio 11 6167
radio 11 6184
radio 11 6698
radio 11 6730
radio 11 7244
radio 11 7261
radio 11 7774
radio 11 7823
radio 11 8337
radio 11 8369
radio 11 8883
radio 11 8915
radio 11 9429
radio 11 9446
radio 11 9959
radio 11 10031
radio 11 10545
radio 11 10562
radio 11 11076
radio 11 11093
radio 11 11607
delay 8 49 11 11654 11 10689 9 12 3 0 401 0 0
radio 11 11661
radio 11 12176
radio 11 12248
radio 11 12761
radio 11 12790
radio 11 13304
radio 11 13332
radio 11 13846
radio 11 13902
radio 11 14416
radio 11 14433
radio 11 14947
radio 11 14964
radio 11 15478
radio 11 15495
radio 11 16009
radio 11 16026
radio 11 16540
radio 11 16570
radio 11 17084
radio 11 17114
radio 11 17628
radio 11 17679
radio 11 18193
radio 11 18210
radio 11 18724
radio 11 18757
radio 11 19271
radio 11 19305
radio 11 19819
radio 11 19889
radio 11 20403
radio 11 20432
radio 11 20946
radio 11 20979
radio 11 21493
radio 11 21549
radio 11 22063
radio 11 22093
radio 11 22607
radio 11 22640
radio 11 23154
radio 11 23171
radio 11 23685
radio 11 23702
radio 11 24216
radio 11 24233
radio 11 24747
radio 11 24803
radio 11 25317
radio 11 25349
radio 11 25863
radio 11 25880
radio 11 26394
radio 11 26411
radio 11 26925
radio 11 26942
radio 11 27456
radio 11 27473
radio 11 27987
radio 11 28004
radio 11 28518
radio 11 28586
radio 11 29100
radio 11 29129
radio 11 29643
radio 11 29693
radio 11 30207
radio 11 30257
radio 11 30771
radio 11 30800
radio 11 31314
radio 11 31343
radio 11 31857
delay 9 14 11 31873 11 32284 7 12 5 0 403 0 0
radio 11 31881
radio 11 32395
radio 11 32522
radio 11 33035
radio 11 33052
radio 11 33566
radio 11 33614
radio 11 34128
radio 11 34160
radio 11 34674
radio 11 34691
radio 11 35205
radio 11 35222
radio 11 35736
radio 11 35766
radio 11 36280
radio 11 36297
radio 11 36811
radio 11 36828
radio 11 37342
radio 11 37393
radio 11 37907
radio 11 37924
radio 11 38438
radio 11 38455
radio 11 38969
radio 11 38998
radio 11 39512
radio 11 39546
radio 11 40060
radio 11 40110
radio 11 40624
radio 11 40659
radio 11 41173
radio 11 41204
radio 11 41718
radio 11 41749
radio 11 42263
radio 11 42333
radio 11 42847
radio 11 42864
radio 11 43378
radio 11 43395
radio 11 43909
radio 11 43926
radio 11 44440
radio 11 44457
radio 11 44971
radio 11 44988
radio 11 45502
radio 11 45519
radio 11 46033
radio 11 46050
radio 11 46564
radio 11 46600
radio 11 47114
radio 11 47131
radio 11 47645
radio 11 47662
radio 11 48176
radio 11 48211
radio 11 48725
radio 11 48742
radio 11 49256
radio 11 49291
energy 11 49340 7 19126
radio 11 49805
radio 11 49875
radio 11 50389
radio 11 50423
radio 11 50937
radio 11 50971
radio 11 51485
radio 11 51555
radio 11 52069
delay 10 49 11 52120 11 51156 9 12 3 0 96 0 0
radio 11 52128
radio 11 52643
radio 11 52695
radio 11 53209
radio 11 53354
radio 11 53867
radio 11 53884
radio 11 54398
radio 11 54415
radio 11 54929
radio 11 54946
radio 11 55460
radio 11 55477
radio 11 55991
radio 11 56063
radio 11 56577
radio 11 56594
radio 11 57108
radio 11 57140
radio 11 57654
radio 11 57682
radio 11 58196
radio 11 58267
radio 11 58781
radio 11 58816
radio 11 59330
radio 11 59347
radio 11 59861
radio 11 59890
radio 11 60404
radio 11 60456
radio 11 60970
radio 11 60987
radio 11 61501
radio 11 61518
radio 11 62032
radio 11 62049
radio 11 62563
radio 11 62580
radio 11 63094
radio 11 63111
radio 11 63625
radio 11 63655
radio 11 64169
radio 11 64186
radio 11 64700
radio 11 64717
radio 11 65231
radio 11 65248
radio 12 226
radio 12 254
radio 12 768
radio 12 800
radio 12 1314
radio 12 1344
radio 12 1858
radio 12 1875
radio 12 2389
radio 12 2419
radio 12 2933
radio 12 3002
radio 12 3516
radio 12 3533
radio 12 4047
radio 12 4064
radio 12 4577
radio 12 4613
radio 12 5127
radio 12 5144
radio 12 5658
radio 12 5731
radio 12 6245
radio 12 6262
radio 12 6776
radio 12 6793
radio 12 7307
delay 11 14 12 7337 12 7748 7 12 5 0 427 0 0
radio 12 7344
radio 12 7859
radio 12 7957
radio 12 8471
radio 12 8499
radio 12 9012
radio 12 9040
radio 12 9554
radio 12 9585
radio 12 10099
radio 12 10129
radio 12 10643
radio 12 10660
radio 12 11174
radio 12 11209
radio 12 11723
radio 12 11757
radio 12 12271
radio 12 12346
radio 12 12860
radio 12 12890
radio 12 13404
radio 12 13437
radio 12 13951
radio 12 14002
radio 12 14516
radio 12 14545
radio 12 15059
radio 12 15076
radio 12 15590
radio 12 15607
radio 12 16121
radio 12 16152
radio 12 16666
radio 12 16739
radio 12 17253
radio 12 17284
radio 12 17798
radio 12 17829
radio 12 18343
radio 12 18373
radio 12 18887
radio 12 18904
radio 12 19418
radio 12 19435
radio 12 19949
radio 12 20000
radio 12 20514
radio 12 20549
radio 12 21063
radio 12 21091
radio 12 21605
radio 12 21654
radio 12 22168
radio 12 22185
radio 12 22699
radio 12 22729
radio 12 23243
radio 12 23273
radio 12 23787
radio 12 23804
radio 12 24318
radio 12 24349
radio 12 24863
radio 12 24915
radio 12 25429
radio 12 25446
radio 12 25960
radio 12 25977
radio 12 26491
radio 12 26508
radio 12 27022
radio 12 27039
radio 12 27553
delay 12 24 12 27575 12 27173 5 12 7 0 128 0 0
radio 12 27583
radio 12 28097
radio 12 28198
radio 12 28711
radio 12 28739
radio 12 29253
radio 12 29322
radio 12 29836
radio 12 29853
radio 12 30367
radio 12 30398
radio 12 30912
radio 12 30929
radio 12 31443
radio 12 31479
radio 12 31993
radio 12 32042
radio 12 32556
radio 12 32573
radio 12 33087
radio 12 33104
radio 12 33618
radio 12 33649
radio 12 34163
radio 12 34180
radio 12 34694
radio 12 34727
radio 12 35241
radio 12 35309
radio 12 35823
radio 12 35877
radio 12 36391
radio 12 36445
radio 12 36959
radio 12 36988
radio 12 37502
radio 12 37533
radio 12 38047
radio 12 38064
radio 12 38578
radio 12 38595
radio 12 39109
radio 12 39181
radio 12 39695
radio 12 39726
radio 12 40240
radio 12 40271
radio 12 40785
radio 12 40802
radio 12 41316
radio 12 41372
radio 12 41886
radio 12 41903
radio 12 42417
radio 12 42434
radio 12 42948
radio 12 42965
radio 12 43479
radio 12 43509
radio 12 44023
radio 12 44057
radio 12 44571
radio 12 44588
radio 12 45102
radio 12 45119
energy 12 45244 7 22246
radio 12 45633
radio 12 45681
radio 12 46195
radio 12 46226
radio 12 46740
radio 12 46757
radio 12 47271
radio 12 47288
radio 12 47802
radio 12 47819
radio 12 48333
delay 13 24 12 48438 12 48036 5 12 7 0 232 0 0
radio 12 48445
radio 12 48960
radio 12 48977
radio 12 49490
radio 12 49564
radio 12 50078
radio 12 50095
radio 12 50609
radio 12 50626
radio 12 51140
radio 12 51170
radio 12 51684
radio 12 51701
radio 12 52215
radio 12 52232
radio 12 52746
radio 12 52799
radio 12 53313
radio 12 53330
radio 12 53844
radio 12 53861
radio 12 54375
radio 12 54392
radio 12 54906
radio 12 54936
radio 12 55450
radio 12 55467
radio 12 55981
radio 12 56014
radio 12 56528
radio 12 56545
radio 12 57059
radio 12 57111
radio 12 57625
radio 12 57642
radio 12 58156
radio 12 58173
radio 12 58687
radio 12 58704
radio 12 59218
radio 12 59250
radio 12 59764
radio 12 59837
radio 12 60351
radio 12 60382
radio 12 60896
radio 12 60924
radio 12 61438
radio 12 61455
radio 12 61969
radio 12 62039
radio 12 62553
radio 12 62570
radio 12 63084
radio 12 63101
radio 12 63615
radio 12 63632
radio 12 64146
radio 12 64163
radio 12 64677
radio 12 64705
radio 12 65219
radio 12 65289
radio 13 267
radio 13 284
radio 13 797
radio 13 825
radio 13 1339
radio 13 1368
radio 13 1882
radio 13 1911
radio 13 2425
radio 13 2495
radio 13 3009
delay 14 14 13 3028 13 3433 7 12 5 0 65535 0 0
radio 13 3036
radio 13 3550
radio 13 3600
radio 13 4114
radio 13 4194
radio 13 4707
radio 13 4741
radio 13 5255
radio 13 5305
radio 13 5819
radio 13 5836
radio 13 6349
radio 13 6366
radio 13 6880
radio 13 6897
radio 13 7410
radio 13 7441
radio 13 7955
radio 13 7986
radio 13 8500
radio 13 8517
radio 13 9031
radio 13 9086
radio 13 9600
radio 13 9630
radio 13 10144
radio 13 10161
radio 13 10675
radio 13 10708
radio 13 11222
radio 13 11239
radio 13 11753
radio 13 11808
radio 13 12322
radio 13 12339
radio 13 12853
radio 13 12870
radio 13 13384
radio 13 13416
radio 13 13930
radio 13 13960
radio 13 14474
radio 13 14491
radio 13 15005
radio 13 15058
radio 13 15572
radio 13 15589
radio 13 16103
radio 13 16137
radio 13 16651
radio 13 16668
radio 13 17182
radio 13 17211
radio 13 17725
radio 13 17742
radio 13 18256
radio 13 18290
radio 13 18804
radio 13 18821
radio 13 19335
radio 13 19352
radio 13 19866
radio 13 19883
radio 13 20397
radio 13 20427
radio 13 20941
radio 13 20975
radio 13 21489
radio 13 21542
radio 13 22056
radio 13 22073
radio 13 22587
radio 13 22604
radio 13 23118
radio 13 23135
radio 13 23649
delay 15 49 13 23682 13 22719 9 12 3 0 187 0 0
radio 13 23691
radio 13 24205
radio 13 24304
radio 13 24818
radio 13 24846
radio 13 25360
radio 13 25388
radio 13 25902
radio 13 25919
radio 13 26433
radio 13 26486
radio 13 27000
radio 13 27017
radio 13 27531
radio 13 27548
radio 13 28062
radio 13 28095
radio 13 28609
radio 13 28638
radio 13 29152
radio 13 29169
radio 13 29683
radio 13 29700
radio 13 30214
radio 13 30263
radio 13 30777
radio 13 30794
radio 13 31308
radio 13 31325
radio 13 31839
radio 13 31856
radio 13 32370
radio 13 32404
radio 13 32918
radio 13 32935
radio 13 33449
radio 13 33466
radio 13 33980
radio 13 34030
radio 13 34544
radio 13 34577
radio 13 35091
radio 13 35122
radio 13 35636
radio 13 35653
radio 13 36167
radio 13 36184
radio 13 36698
radio 13 36715
radio 13 37229
radio 13 37246
radio 13 37760
radio 13 37813
radio 13 38327
radio 13 38361
radio 13 38875
radio 13 38910
radio 13 39424
radio 13 39441
radio 13 39955
radio 13 40023
radio 13 40537
radio 13 40569
radio 13 41083
radio 13 41100
energy 13 41148 7 25002
radio 13 41614
radio 13 41631
radio 13 42145
radio 13 42173
radio 13 42687
radio 13 42741
radio 13 43255
radio 13 43289
radio 13 43803
radio 13 43820
radio 13 44334
delay 16 24 13 44352 13 43951 5 12 7 0 326 0 0
radio 13 44360
radio 13 44875
radio 13 44898
radio 13 45411
radio 13 45430
radio 13 45943
radio 13 45991
radio 13 46505
radio 13 46522
radio 13 47036
radio 13 47064
radio 13 47578
radio 13 47613
radio 13 48127
radio 13 48199
radio 13 48713
radio 13 48744
radio 13 49258
radio 13 49290
radio 13 49804
radio 13 49821
radio 13 50335
radio 13 50385
radio 13 50899
radio 13 50935
radio 13 51449
radio 13 51480
radio 13 51994
radio 13 52011
radio 13 52525
radio 13 52542
radio 13 53056
radio 13 53073
radio 13 53587
radio 13 53604
radio 13 54118
radio 13 54170
radio 13 54684
radio 13 54701
radio 13 55215
radio 13 55243
radio 13 55757
radio 13 55789
radio 13 56303
radio 13 56333
radio 13 56847
radio 13 56897
radio 13 57411
radio 13 57439
radio 13 57953
radio 13 57986
radio 13 58500
radio 13 58572
radio 13 59086
radio 13 59103
radio 13 59617
radio 13 59647
radio 13 60161
radio 13 60178
radio 13 60692
radio 13 60709
radio 13 61223
radio 13 61240
radio 13 61754
radio 13 61771
radio 13 62285
radio 13 62302
radio 13 62816
radio 13 62833
radio 13 63347
radio 13 63364
radio 13 63878
radio 13 63895
radio 13 64409
delay 17 14 13 64426 13 64831 7 12 5 0 65535 0 0
radio 13 64435
radio 13 64949
radio 13 65267
radio 14 244
radio 14 278
radio 14 792
radio 14 809
radio 14 1322
radio 14 1339
radio 14 1852
radio 14 1882
radio 14 2396
radio 14 2413
radio 14 2926
radio 14 2959
radio 14 3473
radio 14 3523
radio 14 4037
radio 14 4054
radio 14 4568
radio 14 4585
radio 14 5098
radio 14 5115
radio 14 5628
radio 14 5645
radio 14 6159
radio 14 6176
radio 14 6689
radio 14 6720
radio 14 7234
radio 14 7251
radio 14 7765
radio 14 7819
radio 14 8333
radio 14 8382
radio 14 8896
radio 14 8913
radio 14 9427
radio 14 9444
radio 14 9958
radio 14 9987
radio 14 10501
radio 14 10518
radio 14 11032
radio 14 11049
radio 14 11563
radio 14 11598
radio 14 12112
radio 14 12144
radio 14 12658
radio 14 12675
radio 14 13189
radio 14 13206
radio 14 13720
radio 14 13749
radio 14 14263
radio 14 14280
radio 14 14794
radio 14 14849
radio 14 15363
radio 14 15392
radio 14 15906
radio 14 15941
radio 14 16455
radio 14 16486
radio 14 17000
radio 14 17071
radio 14 17585
radio 14 17615
radio 14 18129
radio 14 18160
radio 14 18674
radio 14 18722
radio 14 19236
radio 14 19253
radio 14 19767
radio 14 19803
radio 14 20317
radio 14 20334
radio 14 20848
radio 14 20884
radio 14 21398
radio 14 21466
radio 14 21980
radio 14 22014
radio 14 22528
radio 14 22545
radio 14 23059
radio 14 23115
radio 14 23629
radio 14 23663
radio 14 24177
radio 14 24194
radio 14 24708
radio 14 24742
radio 14 25256
radio 14 25287
radio 14 25801
radio 14 25852
radio 14 26366
radio 14 26383
radio 14 26897
radio 14 26914
radio 14 27428
radio 14 27459
radio 14 27973
radio 14 28009
radio 14 28523
radio 14 28592
radio 14 29106
radio 14 29123
radio 14 29637
radio 14 29665
radio 14 30179
radio 14 30196
radio 14 30710
radio 14 30727
radio 14 31241
radio 14 31258
radio 14 31772
radio 14 31841
radio 14 32355
radio 14 32384
radio 14 32898
radio 14 32933
radio 14 33447
radio 14 33520
radio 14 34034
radio 14 34051
radio 14 34565
radio 14 34597
radio 14 35111
radio 14 35142
radio 14 35656
radio 14 35673
radio 14 36187
radio 14 36240
radio 14 36754
radio 14 36771
energy 14 37052 7 27967
radio 14 37285
radio 14 37317
radio 14 37831
radio 14 37861
radio 14 38375
radio 14 38425
radio 14 38939
radio 14 38969
radio 14 39483
radio 14 39513
radio 14 40027
delay 19 43 14 40118 14 39679 6 12 6 0 349 0 0
radio 14 40126
radio 14 40640
radio 14 40795
radio 14 41309
radio 14 41326
radio 14 41840
radio 14 41857
radio 14 42371
radio 14 42388
radio 14 42902
radio 14 42992
radio 14 43506
radio 14 43534
radio 14 44048
radio 14 44104
radio 14 44618
radio 14 44654
radio 14 45168
radio 14 45185
radio 14 45699
radio 14 45735
radio 14 46249
radio 14 46266
radio 14 46780
radio 14 46797
radio 14 47311
radio 14 47328
radio 14 47842
radio 14 47892
radio 14 48406
radio 14 48435
radio 14 48949
radio 14 48966
radio 14 49480
radio 14 49497
radio 14 50011
radio 14 50028
radio 14 50542
radio 14 50597
radio 14 51111
radio 14 51346
radio 14 51860
radio 14 51877
radio 14 52391
radio 14 52427
radio 14 52941
radio 14 52971
radio 14 53485
radio 14 53517
radio 14 54031
radio 14 54184
radio 14 54698
radio 14 54847
radio 14 55361
radio 14 55429
radio 14 55943
radio 14 55960
radio 14 56474
radio 14 56583
radio 14 57097
radio 14 57129
radio 14 57643
radio 14 57674
radio 14 58188
radio 14 58222
radio 14 58736
radio 14 58791
radio 14 59305
radio 14 59322
radio 14 59836
radio 14 60024
radio 14 60538
delay 20 14 14 60555 14 60967 7 12 5 0 367 0 0
radio 14 60563
radio 14 61077
radio 14 61093
radio 14 61607
radio 14 61624
radio 14 62138
radio 14 62155
radio 14 62669
radio 14 62718
radio 14 63232
radio 14 63249
radio 14 63763
radio 14 63818
radio 14 64332
radio 14 64349
radio 14 64863
radio 14 64896
radio 14 65410
radio 14 65427
radio 15 405
radio 15 500
radio 15 1014
radio 15 1044
radio 15 1558
radio 15 1575
radio 15 2089
radio 15 2106
radio 15 2619
radio 15 2636
radio 15 3150
radio 15 3203
radio 15 3717
radio 15 3752
radio 15 4266
radio 15 4283
radio 15 4797
radio 15 4814
radio 15 5328
radio 15 5356
radio 15 5870
radio 15 5941
radio 15 6455
radio 15 6484
radio 15 6998
radio 15 7028
radio 15 7542
radio 15 7559
radio 15 8072
radio 15 8089
radio 15 8603
radio 15 8620
radio 15 9134
radio 15 9207
radio 15 9721
radio 15 9750
radio 15 10264
radio 15 10293
radio 15 10807
radio 15 10857
radio 15 11371
radio 15 11388
radio 15 11902
radio 15 11951
radio 15 12465
radio 15 12497
radio 15 13011
radio 15 13063
radio 15 13577
radio 15 13606
radio 15 14120
radio 15 14153
radio 15 14667
radio 15 14700
radio 15 15214
delay 21 14 15 15287 15 15699 7 12 5 0 34 1 0
radio 15 15295
radio 15 15809
radio 15 15939
radio 15 16453
radio 15 16506
radio 15 17020
radio 15 17036
radio 15 17550
radio 15 17567
radio 15 18081
radio 15 18098
radio 15 18612
radio 15 18665
radio 15 19179
radio 15 19208
radio 15 19722
radio 15 19777
radio 15 20291
radio 15 20323
radio 15 20837
radio 15 20854
radio 15 21368
radio 15 21404
radio 15 21918
radio 15 21935
radio 15 22449
radio 15 22498
radio 15 23012
radio 15 23042
radio 15 23556
radio 15 23573
radio 15 24087
radio 15 24116
radio 15 24630
radio 15 24647
radio 15 25161
radio 15 25235
radio 15 25749
radio 15 25766
radio 15 26280
radio 15 26297
radio 15 26811
radio 15 26828
radio 15 27342
radio 15 27359
radio 15 27873
radio 15 27890
radio 15 28404
radio 15 28421
radio 15 28935
radio 15 28952
radio 15 29466
radio 15 29537
radio 15 30051
radio 15 30068
radio 15 30582
radio 15 30599
radio 15 31113
radio 15 31130
radio 15 31644
radio 15 31661
radio 15 32175
radio 15 32192
radio 15 32706
radio 15 32723
energy 15 32956 7 31734
radio 15 33237
radio 15 33254
radio 15 33768
radio 15 33785
radio 15 34299
radio 15 34351
radio 15 34865
radio 15 34882
radio 15 35396
radio 15 35428
radio 15 35942
delay 22 43 15 36068 15 35630 6 12 6 0 482 0 0
radio 15 36076
radio 15 36590
radio 15 36631
radio 15 37145
radio 15 37164
radio 15 37678
radio 15 37695
radio 15 38209
radio 15 38226
radio 15 38740
radio 15 38757
radio 15 39271
radio 15 39288
radio 15 39802
radio 15 39833
radio 15 40347
radio 15 40364
radio 15 40878
radio 15 40895
radio 15 41409
radio 15 41426
radio 15 41940
radio 15 42012
radio 15 42526
radio 15 42559
radio 15 43073
radio 15 43090
radio 15 43604
radio 15 43621
radio 15 44135
radio 15 44164
radio 15 44678
radio 15 44695
radio 15 45209
radio 15 45260
radio 15 45774
radio 15 45805
radio 15 46319
radio 15 46348
radio 15 46862
radio 15 46879
radio 15 47393
radio 15 47421
radio 15 47935
radio 15 47988
radio 15 48502
radio 15 48533
radio 15 49047
radio 15 49064
radio 15 49578
radio 15 49611
radio 15 50125
radio 15 50142
radio 15 50656
radio 15 50710
radio 15 51224
radio 15 51241
radio 15 51755
radio 15 51790
radio 15 52304
radio 15 52332
radio 15 52846
radio 15 52863
radio 15 53377
radio 15 53491
radio 15 54005
radio 15 54099
radio 15 54613
radio 15 54630
radio 15 55144
radio 15 55161
radio 15 55675
radio 15 55790
radio 15 56304
delay 23 24 15 56353 15 55952 5 12 7 0 159 1 0
radio 15 56361
radio 15 56876
radio 15 57022
radio 15 57535
radio 15 57583
radio 15 58097
radio 15 58186
radio 15 58700
radio 15 58735
radio 15 59249
radio 15 59305
radio 15 59819
radio 15 59836
radio 15 60350
radio 15 60379
radio 15 60893
radio 15 60910
radio 15 61424
radio 15 61441
radio 15 61955
radio 15 61972
radio 15 62486
radio 15 62522
radio 15 63036
radio 15 63084
radio 15 63598
radio 15 63615
radio 15 64129
radio 15 64158
radio 15 64672
radio 15 64768
radio 15 65282
radio 15 65299
radio 16 277
radio 16 305
radio 16 819
radio 16 836
radio 16 1349
radio 16 1379
radio 16 1893
radio 16 1910
radio 16 2423
radio 16 2472
radio 16 2986
radio 16 3003
radio 16 3516
radio 16 3548
radio 16 4062
radio 16 4092
radio 16 4606
radio 16 4623
radio 16 5137
radio 16 5154
radio 16 5667
radio 16 5736
radio 16 6250
radio 16 6267
radio 16 6781
radio 16 6813
radio 16 7327
radio 16 7344
radio 16 7858
radio 16 7932
radio 16 8446
radio 16 8463
radio 16 8976
radio 16 8993
radio 16 9507
radio 16 9524
radio 16 10038
radio 16 10068
radio 16 10582
radio 16 10614
radio 16 11128
radio 16 11179
radio 16 11693
delay 24 49 16 11712 16 10752 9 12 3 0 390 0 0
radio 16 11720
radio 16 12235
radio 16 12281
radio 16 12795
radio 16 12868
radio 16 13382
radio 16 13399
radio 16 13913
radio 16 13945
radio 16 14459
radio 16 14488
radio 16 15002
radio 16 15019
radio 16 15533
radio 16 15588
radio 16 16102
radio 16 16119
radio 16 16633
radio 16 16663
radio 16 17177
radio 16 17194
radio 16 17708
radio 16 17725
radio 16 18239
radio 16 18256
radio 16 18770
radio 16 18787
radio 16 19301
radio 16 19350
radio 16 19864
radio 16 19881
radio 16 20395
radio 16 20412
radio 16 20926
radio 16 20960
radio 16 21474
radio 16 21491
radio 16 22005
radio 16 22033
radio 16 22547
radio 16 22601
radio 16 23115
radio 16 23165
radio 16 23679
radio 16 23754
radio 16 24268
radio 16 24298
radio 16 24812
radio 16 24829
radio 16 25343
radio 16 25379
radio 16 25893
radio 16 25926
radio 16 26440
radio 16 26489
radio 16 27003
radio 16 27032
radio 16 27546
radio 16 27563
radio 16 28077
radio 16 28094
radio 16 28608
radio 16 28625
energy 16 28860 7 34930
radio 16 29139
radio 16 29174
radio 16 29688
radio 16 29705
radio 16 30219
radio 16 30236
radio 16 30750
radio 16 30783
radio 16 31297
radio 16 31328
radio 16 31842
delay 25 24 16 32017 16 31616 5 12 7 0 548 0 0
radio 16 32025
radio 16 32539
radio 16 32559
radio 16 33072
radio 16 33089
radio 16 33603
radio 16 33620
radio 16 34134
radio 16 34151
radio 16 34665
radio 16 34682
radio 16 35196
radio 16 35229
radio 16 35743
radio 16 35760
radio 16 36274
radio 16 36303
radio 16 36817
radio 16 36850
radio 16 37364
radio 16 37414
radio 16 37928
radio 16 37945
radio 16 38459
radio 16 38495
radio 16 39009
radio 16 39026
radio 16 39540
radio 16 39596
radio 16 40110
radio 16 40140
radio 16 40654
radio 16 40671
radio 16 41185
radio 16 41214
radio 16 41728
radio 16 41745
radio 16 42259
radio 16 42333
radio 16 42847
radio 16 42880
radio 16 43394
radio 16 43425
radio 16 43939
radio 16 44011
radio 16 44525
radio 16 44542
radio 16 45056
radio 16 45085
radio 16 45599
radio 16 45635
radio 16 46149
radio 16 46199
radio 16 46713
radio 16 46730
radio 16 47244
radio 16 47280
radio 16 47794
radio 16 47823
radio 16 48337
radio 16 48354
radio 16 48868
radio 16 48957
radio 16 49471
radio 16 49503
radio 16 50017
radio 16 50167
radio 16 50681
radio 16 50698
radio 16 51212
radio 16 51282
radio 16 51796
radio 16 51813
radio 16 52327
radio 16 52344
radio 16 52858
delay 26 43 16 52882 16 52445 6 12 6 0 417 0 0
radio 16 52891
radio 16 53405
radio 16 53533
radio 16 54047
radio 16 54082
radio 16 54596
radio 16 54624
radio 16 55138
radio 16 55174
radio 16 55688
radio 16 55738
radio 16 56252
radio 16 56285
radio 16 56799
radio 16 56831
radio 16 57345
radio 16 57362
radio 16 57876
radio 16 57893
radio 16 58407
radio 16 58424
radio 16 58938
radio 16 58955
radio 16 59469
radio 16 59486
radio 16 60000
radio 16 60017
radio 16 60531
radio 16 60560
radio 16 61074
radio 16 61091
radio 16 61605
radio 16 61654
radio 16 62168
radio 16 62185
radio 16 62699
radio 16 62716
radio 16 63230
radio 16 63247
radio 16 63761
radio 16 63778
radio 16 64292
radio 16 64322
radio 16 64836
radio 16 64866
radio 16 65380
radio 16 65397
radio 17 375
radio 17 392
radio 17 905
radio 17 922
radio 17 1435
radio 17 1452
radio 17 1965
radio 17 1994
radio 17 2508
radio 17 2525
radio 17 3039
radio 17 3056
radio 17 3570
radio 17 3587
radio 17 4101
radio 17 4118
radio 17 4631
radio 17 4648
radio 17 5162
radio 17 5179
radio 17 5693
radio 17 5710
radio 17 6223
radio 17 6253
radio 17 6767
radio 17 6802
radio 17 7316
delay 27 24 17 7357 17 6956 5 12 7 0 464 0 0
radio 17 7365
radio 17 7879
radio 17 7898
radio 17 8411
radio 17 8488
radio 17 9002
radio 17 9019
radio 17 9533
radio 17 9550
radio 17 10064
radio 17 10081
radio 17 10595
radio 17 10612
radio 17 11126
radio 17 11159
radio 17 11673
radio 17 11690
radio 17 12204
radio 17 12221
radio 17 12735
radio 17 12766
radio 17 13280
radio 17 13308
radio 17 13822
radio 17 13854
radio 17 14368
radio 17 14438
radio 17 14952
radio 17 14969
radio 17 15483
radio 17 15500
radio 17 16014
radio 17 16031
radio 17 16545
radio 17 16581
radio 17 17095
radio 17 17165
radio 17 17679
radio 17 17709
radio 17 18223
radio 17 18240
radio 17 18754
radio 17 18771
radio 17 19285
radio 17 19302
radio 17 19816
radio 17 19833
radio 17 20347
radio 17 20364
radio 17 20878
radio 17 20929
radio 17 21443
radio 17 21460
radio 17 21974
radio 17 21991
radio 17 22505
radio 17 22522
radio 17 23036
radio 17 23053
radio 17 23567
radio 17 23598
radio 17 24112
radio 17 24129
radio 17 24643
radio 17 24660
energy 17 24764 7 37735
radio 17 25174
radio 17 25226
radio 17 25740
radio 17 25757
radio 17 26271
radio 17 26303
radio 17 26817
radio 17 26834
radio 17 27348
radio 17 27446
radio 17 27960
delay 28 43 17 27979 17 27543 6 12 6 0 436 0 0
radio 17 27987
radio 17 28501
radio 17 28569
radio 17 29083
radio 17 29100
radio 17 29614
radio 17 29631
radio 17 30145
radio 17 30162
radio 17 30676
radio 17 30693
radio 17 31207
radio 17 31237
radio 17 31751
radio 17 31768
radio 17 32282
radio 17 32299
radio 17 32813
radio 17 32830
radio 17 33344
radio 17 33361
radio 17 33875
radio 17 33892
radio 17 34406
radio 17 34438
radio 17 34952
radio 17 34982
radio 17 35496
radio 17 35513
radio 17 36027
radio 17 36044
radio 17 36558
radio 17 36588
radio 17 37102
radio 17 37136
radio 17 37650
radio 17 37720
radio 17 38234
radio 17 38251
radio 17 38765
radio 17 38794
radio 17 39308
radio 17 39341
radio 17 39855
radio 17 39872
radio 17 40386
radio 17 40435
radio 17 40949
radio 17 40981
radio 17 41495
radio 17 41512
radio 17 42026
radio 17 42043
radio 17 42557
radio 17 42574
radio 17 43088
radio 17 43105
radio 17 43619
radio 17 43636
radio 17 44150
radio 17 44220
radio 17 44734
radio 17 44751
radio 17 45265
radio 17 45298
radio 17 45812
radio 17 45829
radio 17 46343
radio 17 46417
radio 17 46931
radio 17 47000
radio 17 47514
radio 17 47685
radio 17 48199
radio 17 48216
radio 17 48730
radio 17 48747
radio 17 49261
delay 29 43 17 49280 17 48845 6 12 6 0 825 0 0
radio 17 49288
radio 17 49803
radio 17 49820
radio 17 50334
radio 17 50403
radio 17 50917
radio 17 50967
radio 17 51481
radio 17 51498
radio 17 52012
radio 17 52084
radio 17 52598
radio 17 52631
radio 17 53145
radio 17 53174
radio 17 53688
radio 17 53761
radio 17 54275
radio 17 54308
radio 17 54822
radio 17 54855
radio 17 55369
radio 17 55386
radio 17 55900
radio 17 55917
radio 17 56431
radio 17 56448
radio 17 56962
radio 17 56979
radio 17 57493
radio 17 57510
radio 17 58024
radio 17 58041
radio 17 58555
radio 17 58572
radio 17 59086
radio 17 59103
radio 17 59617
radio 17 59634
radio 17 60148
radio 17 60165
radio 17 60679
radio 17 60788
radio 17 61302
radio 17 61319
radio 17 61833
radio 17 61850
radio 17 62364
radio 17 62381
radio 17 62895
radio 17 62926
radio 17 63440
radio 17 63511
radio 17 64025
radio 17 64042
radio 17 64556
radio 17 64591
radio 17 65105
radio 17 65122
radio 18 100
radio 18 133
radio 18 647
radio 18 695
radio 18 1209
radio 18 1242
radio 18 1756
radio 18 1784
radio 18 2298
radio 18 2315
radio 18 2829
radio 18 2846
radio 18 3359
delay 30 14 18 3376 18 3789 7 12 5 0 458 0 0
radio 18 3384
radio 18 3898
radio 18 4052
radio 18 4565
radio 18 4593
radio 18 5107
radio 18 5140
