Thread[Thread-1,5,main]tree 1000 14 49 14 0 0
radio 7 13458
radio 7 13462
radio 7 13493
radio 7 14007
radio 7 14024
radio 7 14538
radio 7 14555
radio 7 15068
radio 7 15098
radio 7 15612
radio 7 15629
radio 7 16143
radio 7 16211
radio 7 16725
radio 7 16759
radio 7 17273
radio 7 17309
radio 7 17823
radio 7 17873
radio 7 18387
radio 7 18415
radio 7 18929
radio 7 18946
radio 7 19459
radio 7 19476
radio 7 19989
radio 7 20023
radio 7 20537
radio 7 20554
radio 7 21067
radio 7 21115
radio 7 21629
radio 7 21659
radio 7 22173
radio 7 22190
radio 7 22703
radio 7 22736
radio 7 23250
radio 7 23282
radio 7 23796
radio 7 23845
radio 7 24359
radio 7 24391
radio 7 24905
radio 7 24938
radio 7 25452
radio 7 25487
radio 7 26001
radio 7 26052
radio 7 26566
radio 7 26583
radio 7 27097
radio 7 27114
radio 7 27627
radio 7 27644
radio 7 28157
radio 7 28188
radio 7 28702
radio 7 28735
radio 7 29249
radio 7 29303
radio 7 29817
radio 7 29847
radio 7 30361
radio 7 30394
radio 7 30908
radio 7 30925
radio 7 31439
radio 7 31492
radio 7 32006
radio 7 32035
radio 7 32549
radio 7 32566
radio 7 33079
radio 7 33096
radio 7 33609
radio 7 33639
radio 7 34153
radio 7 34185
radio 7 34699
radio 7 34716
radio 7 35229
radio 7 35280
radio 7 35794
radio 7 35829
radio 7 36343
radio 7 36360
radio 7 36874
radio 7 36891
radio 7 37405
radio 7 37422
radio 7 37935
radio 7 37952
radio 7 38466
radio 7 38497
radio 7 39011
radio 7 39246
radio 7 39760
radio 7 39788
radio 7 40302
radio 7 40352
radio 7 40866
radio 7 40894
radio 7 41408
radio 7 41496
radio 7 42010
radio 7 42059
radio 7 42573
radio 7 42601
radio 7 43115
radio 7 43132
radio 7 43645
radio 7 43662
radio 7 44176
radio 7 44205
radio 7 44719
radio 7 44736
radio 7 45250
radio 7 45281
radio 7 45795
radio 7 45812
radio 7 46325
radio 7 46497
radio 7 47011
radio 7 47121
radio 7 47635
radio 7 47746
radio 7 48260
radio 7 48291
radio 7 48805
radio 7 48977
radio 7 49491
radio 7 49561
radio 7 50075
radio 7 50108
radio 7 50622
radio 7 50656
radio 7 51170
radio 7 51219
radio 7 51733
radio 7 51750
radio 7 52263
radio 7 52314
radio 7 52828
radio 7 52860
radio 7 53374
radio 7 53402
radio 7 53916
radio 7 53951
radio 7 54465
radio 7 54482
radio 7 54995
radio 7 55026
radio 7 55540
radio 7 55557
radio 7 56070
radio 7 56102
radio 7 56616
radio 7 56667
radio 7 57181
radio 7 57214
radio 7 57728
radio 7 57756
radio 7 58270
radio 7 58287
radio 7 58801
radio 7 58818
radio 7 59332
radio 7 59349
radio 7 59862
radio 7 59891
radio 7 60405
radio 7 60435
radio 7 60949
radio 7 60966
radio 7 61479
radio 7 61512
radio 7 62026
radio 7 62058
radio 7 62572
radio 7 62606
radio 7 63120
radio 7 63173
radio 7 63687
radio 7 63704
radio 7 64218
radio 7 64268
radio 7 64782
radio 7 64817
radio 7 65331
radio 7 65360
radio 8 338
radio 8 369
radio 8 882
radio 8 918
radio 8 1431
radio 8 1448
radio 8 1961
radio 8 1995
radio 8 2509
radio 8 2526
radio 8 3039
radio 8 3090
radio 8 3604
radio 8 3621
radio 8 4134
radio 8 4151
radio 8 4664
radio 8 4694
radio 8 5208
radio 8 5236
radio 8 5750
radio 8 5780
radio 8 6294
radio 8 6342
radio 8 6856
radio 8 6926
radio 8 7440
radio 8 7492
radio 8 8006
radio 8 8034
radio 8 8548
radio 8 8565
radio 8 9078
radio 8 9110
energy 8 9373 7 16906
radio 8 9624
radio 8 9641
radio 8 10154
radio 8 10202
radio 8 10716
radio 8 10733
radio 8 11246
radio 8 11279
radio 8 11793
radio 8 11825
radio 8 12339
radio 8 12368
radio 8 12882
radio 8 12913
radio 8 13427
radio 8 13477
radio 8 13991
radio 8 14027
radio 8 14541
radio 8 14558
radio 8 15072
radio 8 15089
radio 8 15603
radio 8 15620
radio 8 16134
radio 8 16165
radio 8 16679
radio 8 16696
radio 8 17209
radio 8 17243
radio 8 17757
radio 8 17774
radio 8 18287
radio 8 18304
radio 8 18818
radio 8 18835
radio 8 19348
radio 8 19365
radio 8 19878
radio 8 19895
radio 8 20409
radio 8 20426
radio 8 20940
radio 8 20968
radio 8 21482
radio 8 21499
radio 8 22013
radio 8 22069
radio 8 22583
radio 8 22600
radio 8 23113
radio 8 23142
radio 8 23656
radio 8 23673
radio 8 24186
radio 8 24219
radio 8 24733
radio 8 24789
radio 8 25303
radio 8 25335
radio 8 25849
radio 8 25878
radio 8 26392
radio 8 26423
radio 8 26937
radio 8 26954
radio 8 27468
radio 8 27537
radio 8 28051
radio 8 28086
radio 8 28600
radio 8 28617
radio 8 29131
radio 8 29148
radio 8 29661
radio 8 29695
radio 8 30209
radio 8 30245
radio 8 30759
radio 8 30776
radio 8 31290
radio 8 31307
radio 8 31821
radio 8 31854
radio 8 32368
radio 8 32385
radio 8 32899
radio 8 32916
radio 8 33429
radio 8 33446
radio 8 33960
radio 8 33990
radio 8 34504
radio 8 34554
radio 8 35068
radio 8 35085
radio 8 35598
radio 8 35615
radio 8 36129
radio 8 36158
radio 8 36672
radio 8 36689
radio 8 37203
radio 8 37220
radio 8 37734
radio 8 37751
radio 8 38265
radio 8 38282
radio 8 38796
radio 8 38845
radio 8 39359
radio 8 39395
radio 8 39909
radio 8 39926
radio 8 40440
radio 8 40476
radio 8 40990
radio 8 41041
radio 8 41555
radio 8 41572
radio 8 42086
radio 8 42118
radio 8 42632
radio 8 42649
radio 8 43163
radio 8 43196
radio 8 43710
delay 0 0 8 43728 8 44334 0 16 16 0 102 0 0
radio 8 43735
radio 8 44250
radio 8 44322
radio 8 44835
radio 8 44854
radio 8 45367
radio 8 45384
radio 8 45898
radio 8 45915
radio 8 46428
radio 8 46445
radio 8 46959
radio 8 46976
radio 8 47489
radio 8 47506
radio 8 48020
radio 8 48072
radio 8 48586
radio 8 48661
radio 8 49175
radio 8 49209
radio 8 49723
radio 8 49756
radio 8 50270
radio 8 50304
radio 8 50818
radio 8 50849
radio 8 51363
radio 8 51380
radio 8 51894
radio 8 51911
radio 8 52424
radio 8 52479
radio 8 52993
radio 8 53010
radio 8 53524
radio 8 53541
radio 8 54055
radio 8 54087
radio 8 54601
radio 8 54650
radio 8 55164
radio 8 55195
radio 8 55709
radio 8 55726
radio 8 56240
radio 8 56276
radio 8 56790
radio 8 56807
radio 8 57320
radio 8 57337
radio 8 57850
radio 8 57879
radio 8 58393
radio 8 58410
radio 8 58923
radio 8 58940
radio 8 59453
radio 8 59505
radio 8 60019
radio 8 60055
radio 8 60569
radio 8 60586
radio 8 61100
radio 8 61128
radio 8 61642
radio 8 61659
radio 8 62173
radio 8 62190
radio 8 62703
radio 8 62756
radio 8 63270
radio 8 63298
radio 8 63812
radio 8 63829
radio 8 64342
radio 8 64433
radio 8 64947
delay 1 49 8 65166 8 64316 9 16 7 0 415 0 0
radio 8 65173
radio 9 152
radio 9 169
radio 9 682
radio 9 699
radio 9 1212
radio 9 1248
radio 9 1762
radio 9 1790
radio 9 2304
radio 9 2352
radio 9 2866
radio 9 2883
radio 9 3396
radio 9 3413
radio 9 3926
radio 9 3943
radio 9 4456
radio 9 4473
radio 9 4986
radio 9 5016
energy 9 5277 7 19570
radio 9 5530
radio 9 5563
radio 9 6077
radio 9 6127
radio 9 6641
radio 9 6658
radio 9 7171
radio 9 7188
radio 9 7701
radio 9 7733
radio 9 8247
radio 9 8283
radio 9 8797
radio 9 8814
radio 9 9327
radio 9 9344
radio 9 9857
radio 9 9888
radio 9 10402
radio 9 10436
radio 9 10950
radio 9 10967
radio 9 11480
radio 9 11497
radio 9 12010
radio 9 12027
radio 9 12540
radio 9 12576
radio 9 13090
radio 9 13107
radio 9 13621
radio 9 13651
radio 9 14165
radio 9 14182
radio 9 14695
radio 9 14725
radio 9 15239
radio 9 15268
radio 9 15782
radio 9 15799
radio 9 16312
radio 9 16329
radio 9 16842
radio 9 16859
radio 9 17373
radio 9 17409
radio 9 17923
radio 9 17974
radio 9 18488
radio 9 18505
radio 9 19018
radio 9 19035
radio 9 19549
radio 9 19566
radio 9 20079
delay 2 24 9 20130 9 19844 5 16 11 0 1038 0 0
radio 9 20140
radio 9 20653
radio 9 20703
radio 9 21216
radio 9 21250
radio 9 21764
radio 9 21781
radio 9 22294
radio 9 22311
radio 9 22824
radio 9 22860
radio 9 23374
radio 9 23403
radio 9 23917
radio 9 23934
radio 9 24448
radio 9 24465
radio 9 24979
radio 9 25012
radio 9 25526
radio 9 25557
radio 9 26071
radio 9 26088
radio 9 26601
radio 9 26632
radio 9 27146
radio 9 27178
radio 9 27692
radio 9 27709
radio 9 28222
radio 9 28239
radio 9 28753
radio 9 28783
radio 9 29297
radio 9 29314
radio 9 29828
radio 9 29879
radio 9 30393
radio 9 30410
radio 9 30923
radio 9 30940
radio 9 31453
radio 9 31509
radio 9 32023
radio 9 32060
radio 9 32574
radio 9 32591
radio 9 33104
radio 9 33121
radio 9 33634
radio 9 33651
radio 9 34165
radio 9 34182
radio 9 34695
radio 9 34729
radio 9 35243
radio 9 35260
radio 9 35773
radio 9 35790
radio 9 36304
radio 9 36338
radio 9 36852
radio 9 36869
radio 9 37383
radio 9 37400
radio 9 37914
radio 9 37945
radio 9 38459
radio 9 38476
radio 9 38989
radio 9 39006
radio 9 39519
delay 3 49 9 39630 9 38779 9 16 7 0 83 0 0
radio 9 39637
radio 9 40152
radio 9 40623
radio 9 41136
radio 9 41171
radio 9 41685
radio 9 41702
radio 9 42215
radio 9 42247
radio 9 42761
radio 9 42778
radio 9 43292
radio 9 43309
radio 9 43822
radio 9 43852
radio 9 44366
radio 9 44419
radio 9 44933
radio 9 44950
radio 9 45463
radio 9 45495
radio 9 46009
radio 9 46037
radio 9 46551
radio 9 46568
radio 9 47082
radio 9 47132
radio 9 47646
radio 9 47678
radio 9 48192
radio 9 48221
radio 9 48735
radio 9 48763
radio 9 49277
radio 9 49294
radio 9 49808
radio 9 49856
radio 9 50370
radio 9 50387
radio 9 50901
radio 9 50918
radio 9 51432
radio 9 51462
radio 9 51976
radio 9 51993
radio 9 52506
radio 9 52538
radio 9 53052
radio 9 53106
radio 9 53620
radio 9 53637
radio 9 54151
radio 9 54168
radio 9 54682
radio 9 54716
radio 9 55230
radio 9 55261
radio 9 55775
radio 9 55806
radio 9 56320
radio 9 56350
radio 9 56864
radio 9 56895
radio 9 57409
radio 9 57426
radio 9 57940
radio 9 57957
radio 9 58471
radio 9 58500
radio 9 59014
radio 9 59031
radio 9 59545
radio 9 59576
radio 9 60090
delay 4 0 9 60117 9 60722 0 16 16 0 109 1 0
radio 9 60126
radio 9 60640
radio 9 60828
radio 9 61342
radio 9 61387
radio 9 61901
radio 9 61935
radio 9 62449
radio 9 62477
radio 9 62991
radio 9 63026
radio 9 63540
radio 9 63593
radio 9 64107
radio 9 64124
radio 9 64637
radio 9 64654
radio 9 65167
radio 9 65184
radio 10 161
radio 10 196
radio 10 710
radio 10 740
energy 10 1181 7 22573
radio 10 1254
radio 10 1305
radio 10 1819
radio 10 1848
radio 10 2362
radio 10 2392
radio 10 2906
radio 10 2939
radio 10 3453
radio 10 3481
radio 10 3995
radio 10 4025
radio 10 4539
radio 10 4556
radio 10 5069
radio 10 5086
radio 10 5599
radio 10 5632
radio 10 6146
radio 10 6182
radio 10 6696
radio 10 6727
radio 10 7241
radio 10 7269
radio 10 7783
radio 10 7811
radio 10 8325
radio 10 8342
radio 10 8855
radio 10 8886
radio 10 9400
radio 10 9417
radio 10 9930
radio 10 9947
radio 10 10460
radio 10 10489
radio 10 11003
radio 10 11020
radio 10 11534
radio 10 11568
radio 10 12082
radio 10 12110
radio 10 12624
radio 10 12676
radio 10 13190
radio 10 13225
radio 10 13739
radio 10 13788
radio 10 14302
radio 10 14319
radio 10 14833
radio 10 14868
radio 10 15382
delay 5 43 10 15452 10 15123 6 16 10 0 194 0 0
radio 10 15460
radio 10 15975
radio 10 16050
radio 10 16563
radio 10 16579
radio 10 17092
radio 10 17144
radio 10 17658
radio 10 17714
radio 10 18228
radio 10 18245
radio 10 18759
radio 10 18776
radio 10 19290
radio 10 19341
radio 10 19855
radio 10 19928
radio 10 20442
radio 10 20496
radio 10 21010
radio 10 21027
radio 10 21541
radio 10 21590
radio 10 22104
radio 10 22134
radio 10 22648
radio 10 22698
radio 10 23212
radio 10 23244
radio 10 23758
radio 10 23775
radio 10 24289
radio 10 24306
radio 10 24820
radio 10 24854
radio 10 25368
radio 10 25385
radio 10 25899
radio 10 25934
radio 10 26448
radio 10 26465
radio 10 26979
radio 10 27008
radio 10 27522
radio 10 27555
radio 10 28069
radio 10 28099
radio 10 28613
radio 10 28630
radio 10 29144
radio 10 29161
radio 10 29675
radio 10 29726
radio 10 30240
radio 10 30288
radio 10 30802
radio 10 30833
radio 10 31347
radio 10 31364
radio 10 31878
radio 10 31929
radio 10 32443
radio 10 32473
radio 10 32987
radio 10 33018
radio 10 33532
radio 10 33607
radio 10 34121
radio 10 34138
radio 10 34652
radio 10 34702
radio 10 35216
radio 10 35233
radio 10 35747
radio 10 35802
radio 10 36316
delay 6 49 10 36334 10 35482 9 16 7 0 567 0 0
radio 10 36342
radio 10 36856
radio 10 36873
radio 10 37387
radio 10 37404
radio 10 37918
radio 10 37935
radio 10 38449
radio 10 38466
radio 10 38980
radio 10 39009
radio 10 39523
radio 10 39555
radio 10 40069
radio 10 40098
radio 10 40612
radio 10 40629
radio 10 41143
radio 10 41179
radio 10 41693
radio 10 41727
radio 10 42241
radio 10 42258
radio 10 42772
radio 10 42789
radio 10 43303
radio 10 43320
radio 10 43834
radio 10 43865
radio 10 44379
radio 10 44396
radio 10 44910
radio 10 44927
radio 10 45441
radio 10 45458
radio 10 45972
radio 10 45989
radio 10 46503
radio 10 46520
radio 10 47034
radio 10 47066
radio 10 47580
radio 10 47597
radio 10 48111
radio 10 48142
radio 10 48656
radio 10 48705
radio 10 49219
radio 10 49250
radio 10 49764
radio 10 49781
radio 10 50295
radio 10 50327
radio 10 50841
radio 10 50858
radio 10 51372
radio 10 51389
radio 10 51903
radio 10 51940
radio 10 52454
radio 10 52471
radio 10 52985
radio 10 53002
radio 10 53516
radio 10 53533
radio 10 54047
radio 10 54064
radio 10 54578
radio 10 54595
radio 10 55109
radio 10 55126
radio 10 55640
radio 10 55672
radio 10 56186
delay 7 49 10 56207 10 55348 9 16 7 0 65535 0 0
radio 10 56215
radio 10 56729
radio 10 57118
radio 10 57632
radio 10 57661
radio 10 58175
radio 10 58205
radio 10 58719
radio 10 58776
radio 10 59290
radio 10 59307
radio 10 59821
radio 10 59851
radio 10 60365
radio 10 60398
radio 10 60912
radio 10 60941
radio 10 61455
radio 10 61483
radio 10 61997
radio 10 62027
radio 10 62541
radio 10 62558
energy 10 62621 7 25631
radio 10 63072
radio 10 63089
radio 10 63603
radio 10 63620
radio 10 64134
radio 10 64165
radio 10 64679
radio 10 64696
radio 10 65210
radio 10 65227
radio 11 205
radio 11 222
radio 11 735
radio 11 784
radio 11 1298
radio 11 1315
radio 11 1828
radio 11 1857
radio 11 2371
radio 11 2401
radio 11 2915
radio 11 2951
radio 11 3465
radio 11 3516
radio 11 4030
radio 11 4047
radio 11 4561
radio 11 4589
radio 11 5103
radio 11 5132
radio 11 5646
radio 11 5675
radio 11 6189
radio 11 6241
radio 11 6755
radio 11 6789
radio 11 7303
radio 11 7332
radio 11 7846
radio 11 7874
radio 11 8388
radio 11 8444
radio 11 8958
radio 11 9011
radio 11 9525
radio 11 9558
radio 11 10072
radio 11 10122
radio 11 10636
radio 11 10653
radio 11 11167
delay 8 49 11 11296 11 10444 9 16 7 0 156 0 0
radio 11 11304
radio 11 11819
radio 11 11865
radio 11 12378
radio 11 12398
radio 11 12912
radio 11 12929
radio 11 13443
radio 11 13478
radio 11 13992
radio 11 14022
radio 11 14536
radio 11 14553
radio 11 15067
radio 11 15096
radio 11 15610
radio 11 15641
radio 11 16155
radio 11 16204
radio 11 16718
radio 11 16752
radio 11 17266
radio 11 17283
radio 11 17797
radio 11 17814
radio 11 18328
radio 11 18360
radio 11 18874
radio 11 18930
radio 11 19444
radio 11 19461
radio 11 19975
radio 11 20011
radio 11 20525
radio 11 20542
radio 11 21056
radio 11 21091
radio 11 21605
radio 11 21655
radio 11 22169
radio 11 22205
radio 11 22719
radio 11 22736
radio 11 23250
radio 11 23284
radio 11 23798
radio 11 23815
radio 11 24329
radio 11 24378
radio 11 24892
radio 11 24922
radio 11 25436
radio 11 25468
radio 11 25982
radio 11 25999
radio 11 26513
radio 11 26569
radio 11 27083
radio 11 27113
radio 11 27627
radio 11 27661
radio 11 28175
radio 11 28192
radio 11 28706
radio 11 28723
radio 11 29237
radio 11 29254
radio 11 29768
radio 11 29785
radio 11 30299
radio 11 30331
radio 11 30845
radio 11 30882
radio 11 31396
radio 11 31504
radio 11 32018
delay 9 24 11 32035 11 31745 5 16 11 0 223 0 0
radio 11 32043
radio 11 32557
radio 11 32610
radio 11 33124
radio 11 33141
radio 11 33655
radio 11 33672
radio 11 34186
radio 11 34234
radio 11 34748
radio 11 34765
radio 11 35279
radio 11 35309
radio 11 35823
radio 11 35855
radio 11 36369
radio 11 36400
radio 11 36914
radio 11 36965
radio 11 37479
radio 11 37496
radio 11 38010
radio 11 38027
radio 11 38541
radio 11 38558
radio 11 39072
radio 11 39089
radio 11 39603
radio 11 39620
radio 11 40134
radio 11 40151
radio 11 40665
radio 11 40682
radio 11 41196
radio 11 41213
radio 11 41727
radio 11 41744
radio 11 42258
radio 11 42275
radio 11 42789
radio 11 42839
radio 11 43353
radio 11 43370
radio 11 43884
radio 11 43913
radio 11 44427
radio 11 44444
radio 11 44958
radio 11 44975
radio 11 45489
radio 11 45525
radio 11 46039
radio 11 46090
radio 11 46604
radio 11 46635
radio 11 47149
radio 11 47166
radio 11 47680
radio 11 47715
radio 11 48229
radio 11 48258
radio 11 48772
radio 11 48789
radio 11 49303
radio 11 49334
radio 11 49848
radio 11 49925
radio 11 50439
radio 11 50474
radio 11 50988
radio 11 51005
radio 11 51519
radio 11 51552
radio 11 52066
delay 10 49 11 52113 11 51260 9 16 7 0 200 0 0
radio 11 52121
radio 11 52636
radio 11 52970
radio 11 53484
radio 11 53535
radio 11 54049
radio 11 54078
radio 11 54592
radio 11 54609
radio 11 55123
radio 11 55159
radio 11 55673
radio 11 55690
radio 11 56204
radio 11 56221
radio 11 56735
radio 11 56785
radio 11 57299
radio 11 57316
radio 11 57830
radio 11 57847
radio 11 58361
radio 11 58391
energy 11 58525 7 28758
radio 11 58905
radio 11 58922
radio 11 59436
radio 11 59465
radio 11 59979
radio 11 59996
radio 11 60510
radio 11 60559
radio 11 61073
radio 11 61090
radio 11 61604
radio 11 61621
radio 11 62135
radio 11 62152
radio 11 62666
radio 11 62683
radio 11 63197
radio 11 63214
radio 11 63728
radio 11 63745
radio 11 64259
radio 11 64296
radio 11 64810
radio 11 64860
radio 11 65374
radio 11 65391
radio 12 369
radio 12 386
radio 12 899
radio 12 934
radio 12 1448
radio 12 1465
radio 12 1978
radio 12 2008
radio 12 2522
radio 12 2594
radio 12 3108
radio 12 3125
radio 12 3638
radio 12 3655
radio 12 4169
radio 12 4202
radio 12 4716
radio 12 4770
radio 12 5284
radio 12 5301
radio 12 5815
radio 12 5832
radio 12 6345
radio 12 6362
radio 12 6876
radio 12 6979
radio 12 7493
radio 12 7510
radio 12 8023
radio 12 8217
radio 12 8731
radio 12 8748
radio 12 9262
radio 12 9279
radio 12 9792
radio 12 9809
radio 12 10323
radio 12 10340
radio 12 10854
radio 12 10871
radio 12 11385
radio 12 11402
radio 12 11916
radio 12 11933
radio 12 12447
radio 12 12464
radio 12 12978
radio 12 12995
radio 12 13509
radio 12 13526
radio 12 14040
radio 12 14091
radio 12 14605
radio 12 14641
radio 12 15155
radio 12 15187
radio 12 15701
radio 12 15732
radio 12 16246
radio 12 16278
radio 12 16792
radio 12 16860
radio 12 17374
radio 12 17426
radio 12 17940
radio 12 17989
radio 12 18503
radio 12 18520
radio 12 19034
radio 12 19051
radio 12 19565
radio 12 19594
radio 12 20108
radio 12 20125
radio 12 20639
radio 12 20656
radio 12 21170
radio 12 21205
radio 12 21719
radio 12 21736
radio 12 22250
radio 12 22282
radio 12 22796
radio 12 22828
radio 12 23342
radio 12 23373
radio 12 23887
radio 12 23923
radio 12 24437
radio 12 24490
radio 12 25004
radio 12 25034
radio 12 25548
radio 12 25584
radio 12 26098
radio 12 26131
radio 12 26645
radio 12 26693
radio 12 27207
radio 12 27224
radio 12 27738
radio 12 27965
radio 12 28478
radio 12 28508
radio 12 29022
radio 12 29056
radio 12 29570
radio 12 29587
radio 12 30101
radio 12 30153
radio 12 30667
radio 12 30735
radio 12 31249
radio 12 31304
radio 12 31818
radio 12 31848
radio 12 32362
radio 12 32379
radio 12 32893
radio 12 32910
radio 12 33424
radio 12 33441
radio 12 33955
radio 12 33972
radio 12 34486
radio 12 34522
radio 12 35036
radio 12 35069
radio 12 35583
radio 12 35600
radio 12 36114
radio 12 36131
radio 12 36645
radio 12 36662
radio 12 37176
radio 12 37193
radio 12 37707
radio 12 37724
radio 12 38238
radio 12 38255
radio 12 38769
radio 12 38803
radio 12 39317
radio 12 39334
radio 12 39848
radio 12 39902
radio 12 40416
radio 12 40444
radio 12 40958
radio 12 40975
radio 12 41489
radio 12 41506
radio 12 42020
radio 12 42050
radio 12 42564
radio 12 42599
radio 12 43113
radio 12 43142
radio 12 43656
radio 12 43673
radio 12 44187
radio 12 44222
radio 12 44736
radio 12 44753
radio 12 45267
radio 12 45297
radio 12 45811
radio 12 45839
radio 12 46353
radio 12 46386
radio 12 46900
radio 12 46930
radio 12 47444
radio 12 47477
radio 12 47991
radio 12 48047
radio 12 48561
radio 12 48675
radio 12 49189
radio 12 49266
radio 12 49780
radio 12 49814
radio 12 50328
radio 12 50358
radio 12 50872
radio 12 50905
radio 12 51419
radio 12 51452
radio 12 51966
radio 12 51995
radio 12 52509
radio 12 52546
radio 12 53060
radio 12 53077
radio 12 53591
radio 12 53641
radio 12 54155
radio 12 54172
energy 12 54429 7 31833
radio 12 54686
radio 12 54703
radio 12 55217
radio 12 55253
radio 12 55767
radio 12 55784
radio 12 56298
radio 12 56315
radio 12 56829
radio 12 56846
radio 12 57360
radio 12 57397
radio 12 57911
radio 12 57928
radio 12 58442
radio 12 58459
radio 12 58973
radio 12 58990
radio 12 59504
radio 12 59521
radio 12 60035
radio 12 60071
radio 12 60585
radio 12 60602
radio 12 61116
radio 12 61146
radio 12 61660
radio 12 61736
radio 12 62250
radio 12 62304
radio 12 62818
radio 12 62867
radio 12 63381
radio 12 63437
radio 12 63951
radio 12 64140
radio 12 64654
radio 12 64709
radio 12 65223
radio 12 65274
radio 13 252
radio 13 269
radio 13 782
radio 13 799
radio 13 1312
radio 13 1329
radio 13 1842
radio 13 1875
radio 13 2389
radio 13 2437
radio 13 2951
radio 13 2968
radio 13 3482
radio 13 3536
radio 13 4050
delay 14 24 13 4127 13 3834 5 16 11 0 1005 0 0
radio 13 4135
radio 13 4649
radio 13 4666
radio 13 5179
radio 13 5196
radio 13 5709
radio 13 5726
radio 13 6240
radio 13 6257
radio 13 6771
radio 13 6788
radio 13 7302
radio 13 7333
radio 13 7847
radio 13 7877
radio 13 8391
radio 13 8408
radio 13 8921
radio 13 8973
radio 13 9487
radio 13 9522
radio 13 10036
radio 13 10053
radio 13 10567
radio 13 10596
radio 13 11110
radio 13 11127
radio 13 11641
radio 13 11658
radio 13 12172
radio 13 12204
radio 13 12718
radio 13 12735
radio 13 13249
radio 13 13266
radio 13 13780
radio 13 13797
radio 13 14311
radio 13 14346
radio 13 14860
radio 13 14877
radio 13 15391
radio 13 15423
radio 13 15937
radio 13 16011
radio 13 16525
radio 13 16542
radio 13 17056
radio 13 17073
radio 13 17587
radio 13 17619
radio 13 18133
radio 13 18150
radio 13 18664
radio 13 18718
radio 13 19232
radio 13 19265
radio 13 19779
radio 13 19808
radio 13 20322
radio 13 20339
radio 13 20853
radio 13 20870
radio 13 21384
radio 13 21414
radio 13 21928
radio 13 21976
radio 13 22490
radio 13 22524
radio 13 23038
radio 13 23070
radio 13 23584
delay 15 49 13 23601 13 22746 9 16 7 0 214 0 0
radio 13 23609
radio 13 24123
radio 13 24223
radio 13 24737
radio 13 24754
radio 13 25268
radio 13 25296
radio 13 25810
radio 13 25827
radio 13 26341
radio 13 26358
radio 13 26872
radio 13 26889
radio 13 27403
radio 13 27439
radio 13 27953
radio 13 27988
radio 13 28502
radio 13 28530
radio 13 29044
radio 13 29073
radio 13 29587
radio 13 29622
radio 13 30136
radio 13 30165
radio 13 30679
radio 13 30696
radio 13 31210
radio 13 31246
radio 13 31760
radio 13 31777
radio 13 32291
radio 13 32348
radio 13 32862
radio 13 32879
radio 13 33393
radio 13 33410
radio 13 33924
radio 13 33956
radio 13 34470
radio 13 34505
radio 13 35019
radio 13 35067
radio 13 35581
radio 13 35598
radio 13 36112
radio 13 36146
radio 13 36660
radio 13 36677
radio 13 37191
radio 13 37227
radio 13 37741
radio 13 37790
radio 13 38304
radio 13 38333
radio 13 38847
radio 13 38864
radio 13 39378
radio 13 39410
radio 13 39924
radio 13 39961
radio 13 40475
radio 13 40492
radio 13 41006
radio 13 41057
radio 13 41571
radio 13 41604
radio 13 42118
radio 13 42151
radio 13 42665
radio 13 42682
radio 13 43196
radio 13 43213
radio 13 43727
radio 13 43860
radio 13 44374
radio 13 44407
radio 13 44921
delay 16 24 13 44941 13 44647 5 16 11 0 1022 0 0
radio 13 44949
radio 13 45464
radio 13 45499
radio 13 46013
radio 13 46042
radio 13 46556
radio 13 46587
radio 13 47101
radio 13 47118
radio 13 47632
radio 13 47665
radio 13 48179
radio 13 48210
radio 13 48724
radio 13 48741
radio 13 49255
radio 13 49285
radio 13 49799
radio 13 49816
radio 13 50330
energy 13 50336 7 34771
radio 13 50386
radio 13 50900
radio 13 50917
radio 13 51431
radio 13 51466
radio 13 51980
radio 13 52015
radio 13 52529
radio 13 52559
radio 13 53073
radio 13 53101
radio 13 53615
radio 13 53632
radio 13 54146
radio 13 54163
radio 13 54677
radio 13 54694
radio 13 55208
radio 13 55241
radio 13 55755
radio 13 55772
radio 13 56286
radio 13 56303
radio 13 56817
radio 13 56834
radio 13 57348
radio 13 57378
radio 13 57892
radio 13 57943
radio 13 58457
radio 13 58486
radio 13 59000
radio 13 59029
radio 13 59543
radio 13 59560
radio 13 60074
radio 13 60128
radio 13 60642
radio 13 60676
radio 13 61190
radio 13 61207
radio 13 61721
radio 13 61776
radio 13 62290
radio 13 62307
radio 13 62821
radio 13 62872
radio 13 63386
radio 13 63415
radio 13 63929
radio 13 63962
radio 13 64476
delay 17 49 13 65190 13 64334 9 16 7 0 842 0 0
radio 13 65198
radio 14 176
radio 14 193
radio 14 706
radio 14 736
radio 14 1250
radio 14 1280
radio 14 1794
radio 14 1845
radio 14 2359
radio 14 2387
radio 14 2901
radio 14 2918
radio 14 3431
radio 14 3465
radio 14 3979
radio 14 4007
radio 14 4521
radio 14 4551
radio 14 5065
radio 14 5082
radio 14 5596
radio 14 5632
radio 14 6146
radio 14 6177
radio 14 6691
radio 14 6708
radio 14 7222
radio 14 7257
radio 14 7771
radio 14 7802
radio 14 8316
radio 14 8366
radio 14 8880
radio 14 8916
radio 14 9430
radio 14 9466
radio 14 9980
radio 14 9997
radio 14 10511
radio 14 10544
radio 14 11058
radio 14 11075
radio 14 11589
radio 14 11606
radio 14 12120
radio 14 12155
radio 14 12669
radio 14 12701
radio 14 13215
radio 14 13266
radio 14 13780
radio 14 13797
radio 14 14311
radio 14 14340
radio 14 14854
radio 14 14871
radio 14 15385
radio 14 15402
radio 14 15916
radio 14 15933
radio 14 16447
radio 14 16483
radio 14 16997
radio 14 17050
radio 14 17564
radio 14 17594
radio 14 18108
radio 14 18143
radio 14 18657
radio 14 18692
radio 14 19206
radio 14 19260
radio 14 19774
radio 14 19809
radio 14 20323
radio 14 20340
radio 14 20854
radio 14 20871
radio 14 21385
radio 14 21416
radio 14 21930
radio 14 21978
radio 14 22492
radio 14 22509
radio 14 23023
radio 14 23058
radio 14 23572
radio 14 23623
radio 14 24137
radio 14 24154
radio 14 24668
radio 14 24685
radio 14 25199
radio 14 25216
radio 14 25730
radio 14 25760
radio 14 26274
radio 14 26291
radio 14 26805
radio 14 26841
radio 14 27355
radio 14 27387
radio 14 27901
radio 14 27953
radio 14 28467
radio 14 28521
radio 14 29035
radio 14 29066
radio 14 29580
radio 14 29633
radio 14 30147
radio 14 30201
radio 14 30715
radio 14 30732
radio 14 31246
radio 14 31276
radio 14 31790
radio 14 31807
radio 14 32321
radio 14 32349
radio 14 32863
radio 14 32897
radio 14 33411
radio 14 33443
radio 14 33957
radio 14 33974
radio 14 34488
radio 14 34519
radio 14 35033
radio 14 35084
radio 14 35598
radio 14 35629
radio 14 36143
radio 14 36192
radio 14 36706
radio 14 36723
radio 14 37237
radio 14 37286
radio 14 37800
radio 14 37817
radio 14 38331
radio 14 38348
radio 14 38862
radio 14 38891
radio 14 39405
radio 14 39460
radio 14 39974
radio 14 40005
radio 14 40519
delay 19 24 14 40701 14 40405 5 16 11 0 872 0 0
radio 14 40709
radio 14 41223
radio 14 41253
radio 14 41767
radio 14 41800
radio 14 42314
radio 14 42331
radio 14 42845
radio 14 42893
radio 14 43407
radio 14 43424
radio 14 43938
radio 14 43955
radio 14 44469
radio 14 44523
radio 14 45037
radio 14 45054
radio 14 45568
radio 14 45597
radio 14 46111
radio 14 46144
energy 14 46237 7 38387
radio 14 46658
radio 14 46688
radio 14 47202
radio 14 47230
radio 14 47744
radio 14 47773
radio 14 48287
radio 14 48316
radio 14 48830
radio 14 48847
radio 14 49361
radio 14 49378
radio 14 49892
radio 14 49920
radio 14 50434
radio 14 50564
radio 14 51078
radio 14 51288
radio 14 51802
radio 14 51854
radio 14 52368
radio 14 52385
radio 14 52899
radio 14 52916
radio 14 53430
radio 14 53447
radio 14 53961
radio 14 53995
radio 14 54509
radio 14 54542
radio 14 55056
radio 14 55073
radio 14 55587
radio 14 55639
radio 14 56153
radio 14 56224
radio 14 56738
radio 14 56852
radio 14 57366
radio 14 57421
radio 14 57935
radio 14 57952
radio 14 58466
radio 14 58483
radio 14 58997
radio 14 59014
radio 14 59528
radio 14 59616
radio 14 60130
delay 20 24 14 60286 14 59983 5 16 11 0 65535 0 0
radio 14 60296
radio 14 60810
radio 14 60951
radio 14 61464
radio 14 61490
radio 14 62003
radio 14 62020
radio 14 62534
radio 14 62622
radio 14 63136
radio 14 63189
radio 14 63703
radio 14 63737
radio 14 64251
radio 14 64301
radio 14 64815
radio 14 64846
radio 14 65360
radio 14 65495
radio 15 473
radio 15 521
radio 15 1035
radio 15 1052
radio 15 1565
radio 15 1582
radio 15 2096
radio 15 2124
radio 15 2638
radio 15 2666
radio 15 3180
radio 15 3197
radio 15 3710
radio 15 3741
radio 15 4255
radio 15 4290
radio 15 4804
radio 15 4839
radio 15 5353
radio 15 5404
radio 15 5918
radio 15 5947
radio 15 6461
radio 15 6496
radio 15 7010
radio 15 7027
radio 15 7541
radio 15 7571
radio 15 8085
radio 15 8136
radio 15 8650
radio 15 8680
radio 15 9194
radio 15 9211
radio 15 9724
radio 15 9741
radio 15 10255
radio 15 10272
radio 15 10786
radio 15 10803
radio 15 11317
radio 15 11350
radio 15 11864
radio 15 11914
radio 15 12428
radio 15 12500
radio 15 13014
radio 15 13067
radio 15 13581
radio 15 13614
radio 15 14128
radio 15 14160
radio 15 14674
radio 15 14707
radio 15 15221
delay 21 43 15 15316 15 14982 6 16 10 0 121 1 0
radio 15 15324
radio 15 15839
radio 15 16040
radio 15 16554
radio 15 16576
radio 15 17090
radio 15 17107
radio 15 17621
radio 15 17638
radio 15 18152
radio 15 18185
radio 15 18699
radio 15 18732
radio 15 19246
radio 15 19276
radio 15 19790
radio 15 19823
radio 15 20337
radio 15 20391
radio 15 20905
radio 15 20922
radio 15 21436
radio 15 21453
radio 15 21967
radio 15 21984
radio 15 22498
radio 15 22515
radio 15 23029
radio 15 23046
radio 15 23560
radio 15 23577
radio 15 24091
radio 15 24126
radio 15 24640
radio 15 24657
radio 15 25171
radio 15 25200
radio 15 25714
radio 15 25731
radio 15 26245
radio 15 26277
radio 15 26791
radio 15 26808
radio 15 27322
radio 15 27339
radio 15 27853
radio 15 27902
radio 15 28416
radio 15 28452
radio 15 28966
radio 15 28999
radio 15 29513
radio 15 29545
radio 15 30059
radio 15 30107
radio 15 30621
radio 15 30638
radio 15 31152
radio 15 31220
radio 15 31734
radio 15 31764
radio 15 32278
radio 15 32313
radio 15 32827
radio 15 32844
radio 15 33358
radio 15 33390
radio 15 33904
radio 15 33921
radio 15 34435
radio 15 34452
radio 15 34966
radio 15 34983
radio 15 35497
delay 22 43 15 35548 15 35214 6 16 10 0 66 0 0
radio 15 35558
radio 15 36071
radio 15 36395
radio 15 36908
radio 15 36931
radio 15 37444
radio 15 37496
radio 15 38010
radio 15 38059
radio 15 38573
radio 15 38606
radio 15 39120
radio 15 39137
radio 15 39651
radio 15 39699
radio 15 40213
radio 15 40230
radio 15 40744
radio 15 40761
radio 15 41275
radio 15 41292
radio 15 41806
radio 15 41839
energy 15 42141 7 42415
radio 15 42353
radio 15 42370
radio 15 42884
radio 15 42916
radio 15 43430
radio 15 43458
radio 15 43972
radio 15 43989
radio 15 44503
radio 15 44520
radio 15 45034
radio 15 45051
radio 15 45565
radio 15 45582
radio 15 46096
radio 15 46113
radio 15 46627
radio 15 46644
radio 15 47158
radio 15 47189
radio 15 47703
radio 15 47758
radio 15 48272
radio 15 48307
radio 15 48821
radio 15 48854
radio 15 49368
radio 15 49398
radio 15 49912
radio 15 49929
radio 15 50443
radio 15 50472
radio 15 50986
radio 15 51003
radio 15 51517
radio 15 51534
radio 15 52048
radio 15 52081
radio 15 52595
radio 15 52612
radio 15 53126
radio 15 53174
radio 15 53688
radio 15 53823
radio 15 54337
radio 15 54354
radio 15 54868
radio 15 54885
radio 15 55399
radio 15 55416
radio 15 55930
radio 15 55988
radio 15 56502
delay 23 24 15 56720 15 56422 5 16 11 0 629 0 0
radio 15 56728
radio 15 57243
radio 15 57298
radio 15 57811
radio 15 57859
radio 15 58373
radio 15 58404
radio 15 58918
radio 15 58990
radio 15 59504
radio 15 59521
radio 15 60035
radio 15 60052
radio 15 60566
radio 15 60583
radio 15 61097
radio 15 61147
radio 15 61661
radio 15 61678
radio 15 62192
radio 15 62387
radio 15 62901
radio 15 62931
radio 15 63445
radio 15 63560
radio 15 64074
radio 15 64123
radio 15 64637
radio 15 64667
radio 15 65181
radio 15 65198
radio 16 176
radio 16 227
radio 16 741
radio 16 812
radio 16 1326
radio 16 1343
radio 16 1856
radio 16 1892
radio 16 2406
radio 16 2423
radio 16 2936
radio 16 2969
radio 16 3483
radio 16 3515
radio 16 4029
radio 16 4059
radio 16 4573
radio 16 4623
radio 16 5137
radio 16 5154
radio 16 5668
radio 16 5720
radio 16 6234
radio 16 6265
radio 16 6779
radio 16 6796
radio 16 7309
radio 16 7341
radio 16 7855
radio 16 7872
radio 16 8385
radio 16 8402
radio 16 8915
radio 16 8949
radio 16 9463
radio 16 9480
radio 16 9993
radio 16 10045
radio 16 10559
radio 16 10576
radio 16 11090
delay 24 49 16 11227 16 10362 9 16 7 0 65535 0 0
radio 16 11235
radio 16 11750
radio 16 11854
radio 16 12367
radio 16 12384
radio 16 12898
radio 16 12915
radio 16 13429
radio 16 13458
radio 16 13972
radio 16 14023
radio 16 14537
radio 16 14554
radio 16 15068
radio 16 15160
radio 16 15674
radio 16 15708
radio 16 16222
radio 16 16239
radio 16 16753
radio 16 16788
radio 16 17302
radio 16 17319
radio 16 17833
radio 16 17861
radio 16 18375
radio 16 18392
radio 16 18906
radio 16 18935
radio 16 19449
radio 16 19466
radio 16 19980
radio 16 20012
radio 16 20526
radio 16 20543
radio 16 21057
radio 16 21074
radio 16 21588
radio 16 21605
radio 16 22119
radio 16 22148
radio 16 22662
radio 16 22697
radio 16 23211
radio 16 23239
radio 16 23753
radio 16 23809
radio 16 24323
radio 16 24340
radio 16 24854
radio 16 24884
radio 16 25398
radio 16 25449
radio 16 25963
radio 16 25997
radio 16 26511
radio 16 26528
radio 16 27042
radio 16 27059
radio 16 27573
radio 16 27590
radio 16 28104
radio 16 28121
radio 16 28635
radio 16 28690
radio 16 29204
radio 16 29233
radio 16 29747
radio 16 29764
radio 16 30278
radio 16 30295
radio 16 30809
radio 16 30826
radio 16 31340
delay 25 24 16 31443 16 31143 5 16 11 0 75 0 0
radio 16 31450
radio 16 31965
radio 16 32108
radio 16 32622
radio 16 32639
radio 16 33153
radio 16 33183
radio 16 33697
radio 16 33732
radio 16 34246
radio 16 34278
radio 16 34792
radio 16 34809
radio 16 35323
radio 16 35340
radio 16 35854
radio 16 35884
radio 16 36398
radio 16 36434
radio 16 36948
radio 16 36965
radio 16 37479
radio 16 37508
radio 16 38022
energy 16 38049 7 45897
radio 16 38077
radio 16 38591
radio 16 38642
radio 16 39156
radio 16 39173
radio 16 39687
radio 16 39704
radio 16 40218
radio 16 40267
radio 16 40781
radio 16 40812
radio 16 41326
radio 16 41382
radio 16 41896
radio 16 41928
radio 16 42442
radio 16 42459
radio 16 42973
radio 16 42990
radio 16 43504
radio 16 43521
radio 16 44035
radio 16 44052
radio 16 44566
radio 16 44618
radio 16 45132
radio 16 45149
radio 16 45663
radio 16 45680
radio 16 46194
radio 16 46211
radio 16 46725
radio 16 46756
radio 16 47270
radio 16 47300
radio 16 47814
radio 16 47843
radio 16 48357
radio 16 48408
radio 16 48922
radio 16 49030
radio 16 49544
radio 16 49614
radio 16 50128
radio 16 50176
radio 16 50690
radio 16 50758
radio 16 51272
radio 16 51306
radio 16 51820
radio 16 52076
radio 16 52590
radio 16 52741
radio 16 53255
delay 26 24 16 53273 16 52973 5 16 11 0 891 0 0
radio 16 53281
radio 16 53795
radio 16 53812
radio 16 54326
radio 16 54378
radio 16 54892
radio 16 54909
radio 16 55423
radio 16 55440
radio 16 55954
radio 16 55971
radio 16 56485
radio 16 56502
radio 16 57016
radio 16 57033
radio 16 57547
radio 16 57564
radio 16 58078
radio 16 58113
radio 16 58627
radio 16 58678
radio 16 59192
radio 16 59209
radio 16 59723
radio 16 59740
radio 16 60254
radio 16 60271
radio 16 60785
radio 16 60813
radio 16 61327
radio 16 61360
radio 16 61874
radio 16 61891
radio 16 62405
radio 16 62439
radio 16 62953
radio 16 62989
radio 16 63503
radio 16 63533
radio 16 64047
radio 16 64064
radio 16 64578
radio 16 64612
radio 16 65126
radio 16 65154
radio 17 132
radio 17 149
radio 17 662
radio 17 679
radio 17 1192
radio 17 1224
radio 17 1738
radio 17 1755
radio 17 2268
radio 17 2285
radio 17 2798
radio 17 2829
radio 17 3343
radio 17 3374
radio 17 3888
radio 17 3905
radio 17 4419
radio 17 4453
radio 17 4967
radio 17 4984
radio 17 5497
radio 17 5546
radio 17 6060
radio 17 6093
radio 17 6607
radio 17 6624
radio 17 7137
delay 27 49 17 7395 17 6536 9 16 7 0 244 0 0
radio 17 7403
radio 17 7918
radio 17 7941
radio 17 8454
radio 17 8471
radio 17 8984
radio 17 9001
radio 17 9514
radio 17 9531
radio 17 10044
radio 17 10074
radio 17 10588
radio 17 10621
radio 17 11135
radio 17 11164
radio 17 11678
radio 17 11695
radio 17 12209
radio 17 12240
radio 17 12754
radio 17 12782
radio 17 13296
radio 17 13326
radio 17 13840
radio 17 13869
radio 17 14383
radio 17 14435
radio 17 14949
radio 17 14978
radio 17 15492
radio 17 15509
radio 17 16023
radio 17 16040
radio 17 16554
radio 17 16584
radio 17 17098
radio 17 17115
radio 17 17629
radio 17 17646
radio 17 18160
radio 17 18210
radio 17 18724
radio 17 18741
radio 17 19255
radio 17 19272
radio 17 19786
radio 17 19817
radio 17 20331
radio 17 20348
radio 17 20862
radio 17 20879
radio 17 21393
radio 17 21410
radio 17 21924
radio 17 21975
radio 17 22489
radio 17 22538
radio 17 23052
radio 17 23069
radio 17 23583
radio 17 23600
radio 17 24114
radio 17 24143
radio 17 24657
radio 17 24707
radio 17 25221
radio 17 25251
radio 17 25765
radio 17 25801
radio 17 26315
radio 17 26345
radio 17 26859
radio 17 26893
radio 17 27407
delay 28 49 17 27698 17 26838 9 16 7 0 154 0 0
radio 17 27707
radio 17 28220
radio 17 28338
radio 17 28852
radio 17 28901
radio 17 29415
radio 17 29445
radio 17 29959
radio 17 29976
radio 17 30490
radio 17 30520
radio 17 31034
radio 17 31051
radio 17 31565
radio 17 31598
radio 17 32112
radio 17 32161
radio 17 32675
radio 17 32704
radio 17 33218
radio 17 33235
radio 17 33749
radio 17 33782
energy 17 33949 7 49466
radio 17 34296
radio 17 34313
radio 17 34827
radio 17 34863
radio 17 35377
radio 17 35394
radio 17 35908
radio 17 35925
radio 17 36439
radio 17 36472
radio 17 36986
radio 17 37020
radio 17 37534
radio 17 37604
radio 17 38118
radio 17 38151
radio 17 38665
radio 17 38698
radio 17 39212
radio 17 39242
radio 17 39756
radio 17 39811
radio 17 40325
radio 17 40342
radio 17 40856
radio 17 40908
radio 17 41422
radio 17 41439
radio 17 41953
radio 17 41970
radio 17 42484
radio 17 42518
radio 17 43032
radio 17 43049
radio 17 43563
radio 17 43580
radio 17 44094
radio 17 44111
radio 17 44625
radio 17 44642
radio 17 45156
radio 17 45265
radio 17 45779
radio 17 45809
radio 17 46323
radio 17 46340
radio 17 46854
radio 17 46871
radio 17 47385
radio 17 47420
radio 17 47934
delay 29 24 17 48046 17 47744 5 16 11 0 185 0 0
radio 17 48054
radio 17 48568
radio 17 48709
radio 17 49222
radio 17 49239
radio 17 49753
radio 17 49808
radio 17 50322
radio 17 50356
radio 17 50870
radio 17 50927
radio 17 51441
radio 17 51473
radio 17 51987
radio 17 52004
radio 17 52518
radio 17 52535
radio 17 53049
radio 17 53077
radio 17 53591
radio 17 53622
radio 17 54136
radio 17 54153
radio 17 54667
radio 17 54684
radio 17 55198
radio 17 55232
radio 17 55746
radio 17 55778
radio 17 56292
radio 17 56323
radio 17 56837
radio 17 56854
radio 17 57368
radio 17 57423
radio 17 57937
radio 17 57954
radio 17 58468
radio 17 58485
radio 17 58999
radio 17 59016
radio 17 59530
radio 17 59547
radio 17 60061
radio 17 60089
radio 17 60603
radio 17 60620
radio 17 61134
radio 17 61151
radio 17 61665
radio 17 61694
radio 17 62208
radio 17 62241
radio 17 62755
radio 17 62786
radio 17 63300
radio 17 63328
radio 17 63842
radio 17 63859
radio 17 64373
radio 17 64390
radio 17 64904
radio 17 64933
radio 17 65447
radio 17 65496
radio 18 474
radio 18 507
radio 18 1021
radio 18 1052
radio 18 1566
radio 18 1583
radio 18 2096
radio 18 2126
radio 18 2640
radio 18 2688
radio 18 3202
radio 18 3319
radio 18 3833
delay 30 49 18 3940 18 3080 9 16 7 0 712 0 0
radio 18 3948
radio 18 4462
radio 18 4493
radio 18 5007
radio 18 5024
