Thread[Thread-1,5,main]tree 10 6 0 14 0 0
radio 6 61634
radio 6 61638
delay 35 13 6 61649 5 56042 43 5 65535 0 65535 0 0
radio 6 61658
radio 6 62172
radio 6 62189
radio 6 62703
radio 6 62720
radio 6 63234
radio 6 63251
radio 6 63765
radio 6 63837
radio 6 64351
radio 6 64368
radio 6 64882
radio 6 64910
radio 6 65424
radio 6 65441
radio 7 419
radio 7 436
radio 7 949
radio 7 966
radio 7 1479
radio 7 1547
radio 7 2061
radio 7 2110
radio 7 2624
radio 7 2641
radio 7 3154
radio 7 3228
radio 7 3742
radio 7 3759
radio 7 4272
radio 7 4307
radio 7 4821
radio 7 4857
radio 7 5371
radio 7 5425
radio 7 5939
radio 7 5956
radio 7 6469
radio 7 6503
radio 7 7017
radio 7 7047
radio 7 7561
radio 7 7630
radio 7 8144
radio 7 8179
radio 7 8693
radio 7 8722
radio 7 9236
radio 7 9304
radio 7 9818
radio 7 9835
radio 7 10348
radio 7 10365
radio 7 10879
radio 7 10911
radio 7 11425
radio 7 11455
radio 7 11969
radio 7 12000
radio 7 12514
radio 7 12531
radio 7 13045
radio 7 13062
radio 7 13576
radio 7 13605
radio 7 14119
radio 7 14136
radio 7 14650
radio 7 14681
radio 7 15195
radio 7 15212
radio 7 15726
radio 7 15760
radio 7 16274
radio 7 16291
radio 7 16805
radio 7 16855
radio 7 17369
radio 7 17402
radio 7 17916
radio 7 17933
radio 7 18447
radio 7 18477
radio 7 18991
radio 7 19064
radio 7 19578
radio 7 19612
radio 7 20126
radio 7 20159
radio 7 20673
radio 7 20701
radio 7 21215
radio 7 21232
radio 7 21746
radio 7 21763
radio 7 22277
radio 7 22308
radio 7 22822
radio 7 22852
radio 7 23366
radio 7 23383
radio 7 23897
radio 7 23928
radio 7 24442
radio 7 24511
radio 7 25025
radio 7 25054
radio 7 25568
radio 7 25585
radio 7 26099
radio 7 26116
radio 7 26630
radio 7 26666
radio 7 27180
radio 7 27236
radio 7 27750
radio 7 27779
radio 7 28293
radio 7 28310
radio 7 28824
radio 7 28860
radio 7 29374
radio 7 29406
radio 7 29920
radio 7 29970
radio 7 30484
radio 7 30501
radio 7 31015
radio 7 31032
radio 7 31546
radio 7 31575
radio 7 32089
radio 7 32119
radio 7 32633
radio 7 32686
radio 7 33200
radio 7 33217
radio 7 33731
radio 7 33760
radio 7 34274
radio 7 34305
radio 7 34819
radio 7 34893
radio 7 35407
radio 7 35436
radio 7 35950
radio 7 35981
radio 7 36495
radio 7 36512
radio 7 37026
radio 7 37096
radio 7 37610
radio 7 37627
radio 7 38141
radio 7 38158
radio 7 38672
radio 7 38689
radio 7 39203
radio 7 39293
radio 7 39807
radio 7 39824
radio 7 40338
radio 7 40392
radio 7 40906
radio 7 41059
radio 7 41573
radio 7 41590
radio 7 42104
radio 7 42121
radio 7 42635
radio 7 42652
radio 7 43166
radio 7 43183
radio 7 43697
radio 7 43714
radio 7 44228
radio 7 44257
radio 7 44771
radio 7 44788
radio 7 45302
radio 7 45377
radio 7 45891
radio 7 45908
radio 7 46422
radio 7 46458
radio 7 46972
radio 7 47005
radio 7 47519
radio 7 47547
radio 7 48061
radio 7 48096
radio 7 48610
radio 7 48627
radio 7 49141
radio 7 49158
radio 7 49672
radio 7 49781
radio 7 50295
radio 7 50312
radio 7 50826
radio 7 50843
radio 7 51357
radio 7 51385
radio 7 51899
radio 7 51916
radio 7 52430
radio 7 52447
radio 7 52961
radio 7 53034
radio 7 53548
radio 7 53576
radio 7 54090
radio 7 54123
radio 7 54637
radio 7 54654
radio 7 55168
radio 7 55240
radio 7 55754
radio 7 55785
radio 7 56299
radio 7 56327
radio 7 56841
radio 7 56918
radio 7 57432
radio 7 57449
energy 7 57550 6 64739
radio 7 57963
radio 7 57994
radio 7 58508
radio 7 58536
radio 7 59050
radio 7 59080
radio 7 59594
radio 7 59611
radio 7 60125
radio 7 60158
radio 7 60672
radio 7 60689
radio 7 61203
radio 7 61239
radio 7 61753
radio 7 61847
radio 7 62361
radio 7 62378
radio 7 62892
radio 7 62928
radio 7 63442
radio 7 63473
radio 7 63987
radio 7 64041
radio 7 64555
radio 7 64591
radio 7 65105
radio 7 65122
radio 8 100
radio 8 117
radio 8 630
radio 8 647
radio 8 1160
radio 8 1189
radio 8 1703
radio 8 1756
radio 8 2270
radio 8 2305
radio 8 2819
radio 8 2849
radio 8 3363
radio 8 3380
radio 8 3893
radio 8 3965
radio 8 4479
radio 8 4508
radio 8 5022
radio 8 5039
radio 8 5552
radio 8 5604
radio 8 6118
radio 8 6135
radio 8 6648
radio 8 6678
radio 8 7192
radio 8 7241
radio 8 7755
radio 8 7787
radio 8 8301
radio 8 8329
radio 8 8843
radio 8 8878
radio 8 9392
radio 8 9422
radio 8 9936
radio 8 9953
radio 8 10466
radio 8 10483
radio 8 10997
radio 8 11032
radio 8 11546
radio 8 11615
radio 8 12129
radio 8 12164
radio 8 12678
radio 8 12714
radio 8 13228
radio 8 13298
radio 8 13812
radio 8 13829
radio 8 14343
radio 8 14360
radio 8 14874
radio 8 14908
radio 8 15422
radio 8 15439
radio 8 15953
radio 8 15984
radio 8 16498
radio 8 16515
radio 8 17029
radio 8 17062
radio 8 17576
radio 8 17624
radio 8 18138
radio 8 18169
radio 8 18683
radio 8 18712
radio 8 19226
radio 8 19258
radio 8 19772
radio 8 19789
radio 8 20303
radio 8 20331
radio 8 20845
radio 8 20877
radio 8 21391
radio 8 21408
radio 8 21922
radio 8 21939
radio 8 22453
radio 8 22507
radio 8 23021
radio 8 23051
radio 8 23565
radio 8 23595
radio 8 24109
radio 8 24142
radio 8 24656
radio 8 24727
radio 8 25241
radio 8 25258
radio 8 25772
radio 8 25804
radio 8 26318
radio 8 26335
radio 8 26849
radio 8 26866
radio 8 27380
radio 8 27453
radio 8 27967
radio 8 27996
radio 8 28510
radio 8 28545
radio 8 29059
radio 8 29091
radio 8 29605
radio 8 29655
radio 8 30169
radio 8 30204
radio 8 30718
radio 8 30735
radio 8 31249
radio 8 31266
radio 8 31780
radio 8 31855
radio 8 32369
radio 8 32386
radio 8 32900
radio 8 32917
radio 8 33431
radio 8 33466
radio 8 33980
radio 8 33997
radio 8 34511
radio 8 34544
radio 8 35058
radio 8 35075
radio 8 35589
radio 8 35606
radio 8 36120
radio 8 36151
radio 8 36665
radio 8 36699
radio 8 37213
radio 8 37230
radio 8 37744
radio 8 37761
radio 8 38275
radio 8 38292
radio 8 38806
radio 8 38823
radio 8 39337
radio 8 39409
radio 8 39923
radio 8 39940
radio 8 40454
radio 8 40490
radio 8 41004
radio 8 41033
radio 8 41547
radio 8 41598
radio 8 42112
radio 8 42129
radio 8 42643
radio 8 42660
radio 8 43174
radio 8 43191
radio 8 43705
radio 8 43736
radio 8 44250
radio 8 44267
radio 8 44781
delay 0 0 8 44796 8 44430 0 5 5 0 198 1 0
radio 8 44803
radio 8 45318
radio 8 45454
radio 8 45967
radio 8 46061
radio 8 46574
radio 8 46644
radio 8 47158
radio 8 47175
radio 8 47689
radio 8 47706
radio 8 48220
radio 8 48237
radio 8 48751
radio 8 48768
radio 8 49282
radio 8 49299
radio 8 49813
radio 8 49886
radio 8 50400
radio 8 50435
radio 8 50949
radio 8 50985
radio 8 51499
radio 8 51570
radio 8 52084
radio 8 52101
radio 8 52615
radio 8 52632
radio 8 53146
radio 8 53163
energy 8 53454 7 2212
radio 8 53677
radio 8 53694
radio 8 54208
radio 8 54225
radio 8 54739
radio 8 54756
radio 8 55270
radio 8 55340
radio 8 55854
radio 8 55871
radio 8 56385
radio 8 56418
radio 8 56932
radio 8 56967
radio 8 57481
radio 8 57509
radio 8 58023
radio 8 58040
radio 8 58554
radio 8 58586
radio 8 59100
radio 8 59117
radio 8 59631
radio 8 59648
radio 8 60162
radio 8 60179
radio 8 60693
radio 8 60710
radio 8 61224
radio 8 61241
radio 8 61755
radio 8 61783
radio 8 62297
radio 8 62367
radio 8 62881
radio 8 62898
radio 8 63412
radio 8 63429
radio 8 63943
radio 8 63960
radio 8 64474
radio 8 64491
radio 8 65005
radio 8 65022
radio 9 0
delay 1 24 9 18 8 64291 5 5 65535 0 65535 0 0
radio 9 26
radio 9 540
radio 9 562
radio 9 1075
radio 9 1127
radio 9 1641
radio 9 1658
radio 9 2171
radio 9 2188
radio 9 2701
radio 9 2718
radio 9 3231
radio 9 3263
radio 9 3777
radio 9 3853
radio 9 4367
radio 9 4384
radio 9 4897
radio 9 4914
radio 9 5427
radio 9 5444
radio 9 5957
radio 9 5988
radio 9 6502
radio 9 6519
radio 9 7032
radio 9 7061
radio 9 7575
radio 9 7629
radio 9 8143
radio 9 8160
radio 9 8673
radio 9 8704
radio 9 9218
radio 9 9250
radio 9 9764
radio 9 9838
radio 9 10352
radio 9 10369
radio 9 10883
radio 9 10900
radio 9 11414
radio 9 11431
radio 9 11945
radio 9 11974
radio 9 12488
radio 9 12525
radio 9 13039
radio 9 13056
radio 9 13570
radio 9 13587
radio 9 14101
radio 9 14132
radio 9 14646
radio 9 14677
radio 9 15191
radio 9 15220
radio 9 15734
radio 9 15751
radio 9 16265
radio 9 16300
radio 9 16814
radio 9 16864
radio 9 17378
radio 9 17395
radio 9 17909
radio 9 17944
radio 9 18458
radio 9 18475
radio 9 18989
radio 9 19006
radio 9 19520
radio 9 19590
radio 9 20104
delay 2 24 9 20148 9 18891 5 5 65535 0 85 1 0
radio 9 20156
radio 9 20670
radio 9 20714
radio 9 21227
radio 9 21388
radio 9 21901
radio 9 21918
radio 9 22432
radio 9 22464
radio 9 22978
radio 9 23011
radio 9 23525
radio 9 23542
radio 9 24056
radio 9 24073
radio 9 24587
radio 9 24621
radio 9 25135
radio 9 25152
radio 9 25666
radio 9 25683
radio 9 26197
radio 9 26226
radio 9 26740
radio 9 26757
radio 9 27271
radio 9 27288
radio 9 27802
radio 9 27871
radio 9 28385
radio 9 28402
radio 9 28916
radio 9 28945
radio 9 29459
radio 9 29476
radio 9 29990
radio 9 30007
radio 9 30521
radio 9 30538
radio 9 31052
radio 9 31085
radio 9 31599
radio 9 31616
radio 9 32130
radio 9 32147
radio 9 32661
radio 9 32678
radio 9 33192
radio 9 33222
radio 9 33736
radio 9 33753
radio 9 34267
radio 9 34284
radio 9 34798
radio 9 34828
radio 9 35342
radio 9 35373
radio 9 35887
radio 9 35935
radio 9 36449
radio 9 36466
radio 9 36980
radio 9 36997
radio 9 37511
radio 9 37546
radio 9 38060
radio 9 38091
radio 9 38605
radio 9 38674
radio 9 39188
radio 9 39205
radio 9 39719
radio 9 39736
radio 9 40250
radio 9 40267
radio 9 40781
delay 3 0 9 40955 9 40590 0 5 5 0 454 0 0
radio 9 40963
radio 9 41477
radio 9 41572
radio 9 42086
radio 9 42103
radio 9 42617
radio 9 42648
radio 9 43162
radio 9 43193
radio 9 43707
radio 9 43739
radio 9 44253
radio 9 44270
radio 9 44784
radio 9 44880
radio 9 45394
radio 9 45411
radio 9 45925
radio 9 45942
radio 9 46456
radio 9 46485
radio 9 46999
radio 9 47055
radio 9 47569
radio 9 47586
radio 9 48100
radio 9 48117
radio 9 48631
radio 9 48648
radio 9 49162
radio 9 49191
energy 9 49358 7 5015
radio 9 49705
radio 9 49733
radio 9 50247
radio 9 50297
radio 9 50811
radio 9 50828
radio 9 51342
radio 9 51374
radio 9 51888
radio 9 51905
radio 9 52419
radio 9 52436
radio 9 52950
radio 9 52967
radio 9 53481
radio 9 53510
radio 9 54024
radio 9 54041
radio 9 54555
radio 9 54605
radio 9 55119
radio 9 55136
radio 9 55650
radio 9 55703
radio 9 56217
radio 9 56287
radio 9 56801
radio 9 56818
radio 9 57332
radio 9 57363
radio 9 57877
radio 9 57910
radio 9 58424
radio 9 58493
radio 9 59007
radio 9 59024
radio 9 59538
radio 9 59555
radio 9 60069
radio 9 60098
radio 9 60612
radio 9 60629
radio 9 61143
delay 4 0 9 61161 9 60796 0 5 5 0 183 0 0
radio 9 61169
radio 9 61683
radio 9 61729
radio 9 62243
radio 9 62258
radio 9 62771
radio 9 62802
radio 9 63316
radio 9 63333
radio 9 63847
radio 9 63864
radio 9 64378
radio 9 64413
radio 9 64927
radio 9 64955
radio 9 65469
radio 9 65486
radio 10 464
radio 10 498
radio 10 1012
radio 10 1029
radio 10 1543
radio 10 1560
radio 10 2074
radio 10 2109
radio 10 2623
radio 10 2656
radio 10 3170
radio 10 3219
radio 10 3733
radio 10 3768
radio 10 4282
radio 10 4317
radio 10 4831
radio 10 4848
radio 10 5362
radio 10 5395
radio 10 5909
radio 10 5926
radio 10 6440
radio 10 6457
radio 10 6971
radio 10 7005
radio 10 7519
radio 10 7552
radio 10 8066
radio 10 8099
radio 10 8613
radio 10 8646
radio 10 9160
radio 10 9177
radio 10 9691
radio 10 9708
radio 10 10222
radio 10 10254
radio 10 10768
radio 10 10785
radio 10 11299
radio 10 11330
radio 10 11844
radio 10 11879
radio 10 12393
radio 10 12422
radio 10 12936
radio 10 12953
radio 10 13467
radio 10 13484
radio 10 13998
radio 10 14015
radio 10 14529
radio 10 14546
radio 10 15060
radio 10 15092
radio 10 15606
radio 10 15623
radio 10 16137
delay 5 0 10 16152 10 15787 0 5 5 0 229 0 0
radio 10 16160
radio 10 16674
radio 10 16780
radio 10 17293
radio 10 17372
radio 10 17886
radio 10 17917
radio 10 18431
radio 10 18461
radio 10 18975
radio 10 19004
radio 10 19518
radio 10 19551
radio 10 20065
radio 10 20082
radio 10 20596
radio 10 20626
radio 10 21140
radio 10 21157
radio 10 21671
radio 10 21688
radio 10 22202
radio 10 22233
radio 10 22747
radio 10 22781
radio 10 23295
radio 10 23387
radio 10 23901
radio 10 23934
radio 10 24448
radio 10 24520
radio 10 25034
radio 10 25051
radio 10 25565
radio 10 25582
radio 10 26096
radio 10 26131
radio 10 26645
radio 10 26662
radio 10 27176
radio 10 27245
radio 10 27759
radio 10 27788
radio 10 28302
radio 10 28319
radio 10 28833
radio 10 28863
radio 10 29377
radio 10 29430
radio 10 29944
radio 10 29961
radio 10 30475
radio 10 30507
radio 10 31021
radio 10 31038
radio 10 31552
radio 10 31569
radio 10 32083
radio 10 32171
radio 10 32685
radio 10 32719
radio 10 33233
radio 10 33263
radio 10 33777
radio 10 33813
radio 10 34327
radio 10 34344
radio 10 34858
radio 10 34875
radio 10 35389
radio 10 35406
radio 10 35920
radio 10 35937
radio 10 36451
delay 6 0 10 36479 10 36114 0 5 5 0 74 1 0
radio 10 36488
radio 10 37001
radio 10 37021
radio 10 37535
radio 10 37608
radio 10 38121
radio 10 38151
radio 10 38665
radio 10 38697
radio 10 39211
radio 10 39228
radio 10 39742
radio 10 39774
radio 10 40288
radio 10 40305
radio 10 40819
radio 10 40869
radio 10 41383
radio 10 41412
radio 10 41926
radio 10 41943
radio 10 42457
radio 10 42474
radio 10 42988
radio 10 43020
radio 10 43534
radio 10 43604
radio 10 44118
radio 10 44155
radio 10 44669
radio 10 44699
radio 10 45213
radio 10 45242
energy 10 45262 7 7841
radio 10 45756
radio 10 45773
radio 10 46287
radio 10 46304
radio 10 46818
radio 10 46835
radio 10 47349
radio 10 47383
radio 10 47897
radio 10 47914
radio 10 48428
radio 10 48457
radio 10 48971
radio 10 49041
radio 10 49555
radio 10 49590
radio 10 50104
radio 10 50121
radio 10 50635
radio 10 50665
radio 10 51179
radio 10 51196
radio 10 51710
radio 10 51783
radio 10 52297
radio 10 52326
radio 10 52840
radio 10 52857
radio 10 53371
radio 10 53405
radio 10 53919
radio 10 53967
radio 10 54481
radio 10 54498
radio 10 55012
radio 10 55029
radio 10 55543
radio 10 55560
radio 10 56074
radio 10 56091
radio 10 56605
radio 10 56640
radio 10 57154
delay 7 0 10 57172 10 56807 0 5 5 0 289 0 0
radio 10 57179
radio 10 57694
radio 10 57793
radio 10 58307
radio 10 58339
radio 10 58853
radio 10 58905
radio 10 59419
radio 10 59450
radio 10 59964
radio 10 59981
radio 10 60495
radio 10 60512
radio 10 61026
radio 10 61043
radio 10 61557
radio 10 61574
radio 10 62088
radio 10 62162
radio 10 62676
radio 10 62693
radio 10 63207
radio 10 63224
radio 10 63738
radio 10 63755
radio 10 64269
radio 10 64286
radio 10 64800
radio 10 64817
radio 10 65331
radio 10 65348
radio 11 326
radio 11 343
radio 11 856
radio 11 888
radio 11 1402
radio 11 1419
radio 11 1933
radio 11 1984
radio 11 2498
radio 11 2530
radio 11 3044
radio 11 3075
radio 11 3589
radio 11 3637
radio 11 4151
radio 11 4182
radio 11 4696
radio 11 4713
radio 11 5227
radio 11 5244
radio 11 5758
radio 11 5775
radio 11 6289
radio 11 6320
radio 11 6834
radio 11 6885
radio 11 7399
radio 11 7416
radio 11 7930
radio 11 7947
radio 11 8461
radio 11 8495
radio 11 9009
radio 11 9026
radio 11 9540
radio 11 9557
radio 11 10071
radio 11 10088
radio 11 10602
radio 11 10619
radio 11 11133
radio 11 11183
radio 11 11697
radio 11 11730
radio 11 12244
delay 8 0 11 12266 11 11902 0 5 5 0 441 0 0
radio 11 12274
radio 11 12789
radio 11 12835
radio 11 13348
radio 11 13366
radio 11 13880
radio 11 13897
radio 11 14411
radio 11 14446
radio 11 14960
radio 11 14990
radio 11 15504
radio 11 15521
radio 11 16035
radio 11 16064
radio 11 16578
radio 11 16650
radio 11 17164
radio 11 17181
radio 11 17695
radio 11 17712
radio 11 18226
radio 11 18243
radio 11 18757
radio 11 18789
radio 11 19303
radio 11 19320
radio 11 19834
radio 11 19890
radio 11 20404
radio 11 20439
radio 11 20953
radio 11 20970
radio 11 21484
radio 11 21501
radio 11 22015
radio 11 22032
radio 11 22546
radio 11 22577
radio 11 23091
radio 11 23120
radio 11 23634
radio 11 23669
radio 11 24183
radio 11 24213
radio 11 24727
radio 11 24744
radio 11 25258
radio 11 25275
radio 11 25789
radio 11 25821
radio 11 26335
radio 11 26407
radio 11 26921
radio 11 26952
radio 11 27466
radio 11 27483
radio 11 27997
radio 11 28014
radio 11 28528
radio 11 28557
radio 11 29071
radio 11 29126
radio 11 29640
radio 11 29657
radio 11 30171
radio 11 30206
radio 11 30720
radio 11 30750
radio 11 31264
radio 11 31317
radio 11 31831
radio 11 31848
radio 11 32362
delay 9 0 11 32424 11 32060 0 5 5 0 116 0 0
radio 11 32432
radio 11 32946
radio 11 32966
radio 11 33480
radio 11 33499
radio 11 34013
radio 11 34030
radio 11 34544
radio 11 34561
radio 11 35075
radio 11 35092
radio 11 35606
radio 11 35637
radio 11 36151
radio 11 36181
radio 11 36695
radio 11 36712
radio 11 37226
radio 11 37317
radio 11 37831
radio 11 37848
radio 11 38362
radio 11 38379
radio 11 38893
radio 11 38910
radio 11 39424
radio 11 39455
radio 11 39969
radio 11 40000
radio 11 40514
radio 11 40531
radio 11 41045
radio 11 41081
energy 11 41166 7 10456
radio 11 41595
radio 11 41612
radio 11 42126
radio 11 42143
radio 11 42657
radio 11 42674
radio 11 43188
radio 11 43205
radio 11 43719
radio 11 43750
radio 11 44264
radio 11 44321
radio 11 44835
radio 11 44852
radio 11 45366
radio 11 45399
radio 11 45913
radio 11 45930
radio 11 46444
radio 11 46461
radio 11 46975
radio 11 46992
radio 11 47506
radio 11 47523
radio 11 48037
radio 11 48054
radio 11 48568
radio 11 48636
radio 11 49150
radio 11 49167
radio 11 49681
radio 11 49698
radio 11 50212
radio 11 50242
radio 11 50756
radio 11 50773
radio 11 51287
radio 11 51304
radio 11 51818
radio 11 51872
radio 11 52386
radio 11 52419
radio 11 52933
delay 10 0 11 52955 11 52591 0 5 5 0 169 1 0
radio 11 52963
radio 11 53477
radio 11 53548
radio 11 54061
radio 11 54077
radio 11 54590
radio 11 54607
radio 11 55121
radio 11 55152
radio 11 55666
radio 11 55702
radio 11 56216
radio 11 56233
radio 11 56747
radio 11 56798
radio 11 57312
radio 11 57344
radio 11 57858
radio 11 57875
radio 11 58389
radio 11 58421
radio 11 58935
radio 11 58963
radio 11 59477
radio 11 59525
radio 11 60039
radio 11 60073
radio 11 60587
radio 11 60617
radio 11 61131
radio 11 61148
radio 11 61662
radio 11 61737
radio 11 62251
radio 11 62268
radio 11 62782
radio 11 62815
radio 11 63329
radio 11 63359
radio 11 63873
radio 11 63948
radio 11 64462
radio 11 64492
radio 11 65006
radio 11 65035
radio 12 13
radio 12 30
radio 12 543
radio 12 615
radio 12 1129
radio 12 1160
radio 12 1674
radio 12 1691
radio 12 2205
radio 12 2222
radio 12 2736
radio 12 2753
radio 12 3267
radio 12 3319
radio 12 3833
radio 12 3850
radio 12 4364
radio 12 4395
radio 12 4909
radio 12 4941
radio 12 5455
radio 12 5472
radio 12 5986
radio 12 6003
radio 12 6517
radio 12 6587
radio 12 7101
radio 12 7118
radio 12 7632
radio 12 7649
radio 12 8163
delay 11 0 12 8181 12 7817 0 5 5 0 452 0 0
radio 12 8188
radio 12 8703
radio 12 8877
radio 12 9390
radio 12 9407
radio 12 9921
radio 12 9969
radio 12 10483
radio 12 10519
radio 12 11033
radio 12 11086
radio 12 11600
radio 12 11650
radio 12 12164
radio 12 12254
radio 12 12768
radio 12 12805
radio 12 13319
radio 12 13336
radio 12 13850
radio 12 13867
radio 12 14381
radio 12 14476
radio 12 14990
radio 12 15007
radio 12 15521
radio 12 15538
radio 12 16052
radio 12 16069
radio 12 16583
radio 12 16652
radio 12 17166
radio 12 17201
radio 12 17715
radio 12 17745
radio 12 18259
radio 12 18334
radio 12 18848
radio 12 18877
radio 12 19391
radio 12 19408
radio 12 19922
radio 12 19939
radio 12 20453
radio 12 20470
radio 12 20984
radio 12 21001
radio 12 21515
radio 12 21569
radio 12 22083
radio 12 22114
radio 12 22628
radio 12 22645
radio 12 23159
radio 12 23176
radio 12 23690
radio 12 23718
radio 12 24232
radio 12 24261
radio 12 24775
radio 12 24827
radio 12 25341
radio 12 25369
radio 12 25883
radio 12 25900
radio 12 26414
radio 12 26431
radio 12 26945
radio 12 26962
radio 12 27476
radio 12 27512
radio 12 28026
radio 12 28077
radio 12 28591
delay 12 0 12 28697 12 28333 0 5 5 0 485 0 0
radio 12 28705
radio 12 29219
radio 12 29285
radio 12 29798
radio 12 29870
radio 12 30384
radio 12 30401
radio 12 30915
radio 12 30932
radio 12 31446
radio 12 31463
radio 12 31977
radio 12 32008
radio 12 32522
radio 12 32590
radio 12 33104
radio 12 33121
radio 12 33635
radio 12 33690
radio 12 34204
radio 12 34275
radio 12 34789
radio 12 34821
radio 12 35335
radio 12 35370
radio 12 35884
radio 12 35932
radio 12 36446
radio 12 36479
radio 12 36993
radio 12 37022
energy 12 37070 7 13693
radio 12 37536
radio 12 37570
radio 12 38084
radio 12 38135
radio 12 38649
radio 12 38666
radio 12 39180
radio 12 39197
radio 12 39711
radio 12 39728
radio 12 40242
radio 12 40272
radio 12 40786
radio 12 40803
radio 12 41317
radio 12 41334
radio 12 41848
radio 12 41865
radio 12 42379
radio 12 42432
radio 12 42946
radio 12 42975
radio 12 43489
radio 12 43506
radio 12 44020
radio 12 44037
radio 12 44551
radio 12 44568
radio 12 45082
radio 12 45111
radio 12 45625
radio 12 45698
radio 12 46212
radio 12 46248
radio 12 46762
radio 12 46798
radio 12 47312
radio 12 47381
radio 12 47895
radio 12 47929
radio 12 48443
radio 12 48478
radio 12 48992
delay 13 0 12 49011 12 48647 0 5 5 0 321 0 0
radio 12 49018
radio 12 49533
radio 12 49552
radio 12 50065
radio 12 50084
radio 12 50597
radio 12 50626
radio 12 51140
radio 12 51157
radio 12 51671
radio 12 51720
radio 12 52234
radio 12 52290
radio 12 52804
radio 12 52821
radio 12 53335
radio 12 53367
radio 12 53881
radio 12 53915
radio 12 54429
radio 12 54505
radio 12 55019
radio 12 55036
radio 12 55550
radio 12 55584
radio 12 56098
radio 12 56115
radio 12 56629
radio 12 56700
radio 12 57214
radio 12 57243
radio 12 57757
radio 12 57774
radio 12 58288
radio 12 58305
radio 12 58819
radio 12 58836
radio 12 59350
radio 12 59380
radio 12 59894
radio 12 59945
radio 12 60459
radio 12 60493
radio 12 61007
radio 12 61024
radio 12 61538
radio 12 61572
radio 12 62086
radio 12 62158
radio 12 62672
radio 12 62689
radio 12 63203
radio 12 63239
radio 12 63753
radio 12 63770
radio 12 64284
radio 12 64301
radio 12 64815
radio 12 64832
radio 12 65346
radio 12 65419
radio 13 397
radio 13 414
radio 13 927
radio 13 944
radio 13 1457
radio 13 1551
radio 13 2065
radio 13 2097
radio 13 2611
radio 13 2645
radio 13 3159
radio 13 3176
radio 13 3690
delay 14 0 13 3707 13 3343 0 5 5 0 74 1 0
radio 13 3714
radio 13 4228
radio 13 4271
radio 13 4784
radio 13 4833
radio 13 5346
radio 13 5363
radio 13 5877
radio 13 5894
radio 13 6408
radio 13 6425
radio 13 6939
radio 13 6992
radio 13 7506
radio 13 7556
radio 13 8070
radio 13 8101
radio 13 8615
radio 13 8670
radio 13 9184
radio 13 9221
radio 13 9735
radio 13 9752
radio 13 10266
radio 13 10295
radio 13 10809
radio 13 10826
radio 13 11340
radio 13 11396
radio 13 11910
radio 13 11947
radio 13 12461
radio 13 12478
radio 13 12992
radio 13 13021
radio 13 13535
radio 13 13552
radio 13 14066
radio 13 14122
radio 13 14636
radio 13 14666
radio 13 15180
radio 13 15215
radio 13 15729
radio 13 15761
radio 13 16275
radio 13 16345
radio 13 16859
radio 13 16892
radio 13 17406
radio 13 17443
radio 13 17957
radio 13 18012
radio 13 18526
radio 13 18543
radio 13 19057
radio 13 19074
radio 13 19588
radio 13 19605
radio 13 20119
radio 13 20136
radio 13 20650
radio 13 20681
radio 13 21195
radio 13 21268
radio 13 21782
radio 13 21811
radio 13 22325
radio 13 22342
radio 13 22856
radio 13 22889
radio 13 23403
radio 13 23456
radio 13 23970
radio 13 23987
radio 13 24501
delay 15 0 13 24546 13 24183 0 5 5 0 431 0 0
radio 13 24554
radio 13 25069
radio 13 25150
radio 13 25663
radio 13 25714
radio 13 26228
radio 13 26300
radio 13 26814
radio 13 26843
radio 13 27357
radio 13 27388
radio 13 27902
radio 13 27931
radio 13 28445
radio 13 28497
radio 13 29011
radio 13 29028
radio 13 29542
radio 13 29559
radio 13 30073
radio 13 30090
radio 13 30604
radio 13 30621
radio 13 31135
radio 13 31152
radio 13 31666
radio 13 31695
radio 13 32209
radio 13 32263
radio 13 32777
radio 13 32794
energy 13 32974 7 16760
radio 13 33308
radio 13 33325
radio 13 33839
radio 13 33856
radio 13 34370
radio 13 34399
radio 13 34913
radio 13 34942
radio 13 35456
radio 13 35528
radio 13 36042
radio 13 36071
radio 13 36585
radio 13 36619
radio 13 37133
radio 13 37203
radio 13 37717
radio 13 37734
radio 13 38248
radio 13 38280
radio 13 38794
radio 13 38870
radio 13 39384
radio 13 39413
radio 13 39927
radio 13 39944
radio 13 40458
radio 13 40492
radio 13 41006
radio 13 41023
radio 13 41537
radio 13 41554
radio 13 42068
radio 13 42085
radio 13 42599
radio 13 42653
radio 13 43167
radio 13 43184
radio 13 43698
radio 13 43735
radio 13 44249
radio 13 44266
radio 13 44780
delay 16 0 13 44797 13 44434 0 5 5 0 204 0 0
radio 13 44805
radio 13 45319
radio 13 45474
radio 13 45987
radio 13 46006
radio 13 46520
radio 13 46537
radio 13 47051
radio 13 47100
radio 13 47614
radio 13 47644
radio 13 48158
radio 13 48211
radio 13 48725
radio 13 48755
radio 13 49269
radio 13 49298
radio 13 49812
radio 13 49829
radio 13 50343
radio 13 50360
radio 13 50874
radio 13 50928
radio 13 51442
radio 13 51472
radio 13 51986
radio 13 52015
radio 13 52529
radio 13 52546
radio 13 53060
radio 13 53077
radio 13 53591
radio 13 53620
radio 13 54134
radio 13 54188
radio 13 54702
radio 13 54736
radio 13 55250
radio 13 55280
radio 13 55794
radio 13 55811
radio 13 56325
radio 13 56396
radio 13 56910
radio 13 57026
radio 13 57540
radio 13 57569
radio 13 58083
radio 13 58100
radio 13 58614
radio 13 58631
radio 13 59145
radio 13 59162
radio 13 59676
radio 13 59693
radio 13 60207
radio 13 60263
radio 13 60777
radio 13 60826
radio 13 61340
radio 13 61370
radio 13 61884
radio 13 61938
radio 13 62452
radio 13 62469
radio 13 62983
radio 13 63000
radio 13 63514
radio 13 63531
radio 13 64045
radio 13 64062
radio 13 64576
radio 13 64593
radio 13 65107
delay 17 0 13 65194 13 64831 0 5 5 0 121 1 0
radio 13 65202
radio 14 180
radio 14 197
radio 14 710
radio 14 778
radio 14 1291
radio 14 1339
radio 14 1853
radio 14 1882
radio 14 2396
radio 14 2413
radio 14 2927
radio 14 2959
radio 14 3473
radio 14 3545
radio 14 4059
radio 14 4076
radio 14 4590
radio 14 4620
radio 14 5134
radio 14 5165
radio 14 5679
radio 14 5735
radio 14 6249
radio 14 6283
radio 14 6797
radio 14 6814
radio 14 7328
radio 14 7358
radio 14 7872
radio 14 7889
radio 14 8403
radio 14 8420
radio 14 8934
radio 14 8985
radio 14 9499
radio 14 9516
radio 14 10030
radio 14 10065
radio 14 10579
radio 14 10596
radio 14 11110
radio 14 11141
radio 14 11655
radio 14 11712
radio 14 12226
radio 14 12243
radio 14 12757
radio 14 12789
radio 14 13303
radio 14 13320
radio 14 13834
radio 14 13863
radio 14 14377
radio 14 14406
radio 14 14920
radio 14 14968
radio 14 15482
radio 14 15516
radio 14 16030
radio 14 16047
radio 14 16561
radio 14 16594
radio 14 17108
radio 14 17204
radio 14 17718
radio 14 17749
radio 14 18263
radio 14 18318
radio 14 18832
radio 14 18867
radio 14 19381
radio 14 19398
radio 14 19912
radio 14 19929
radio 14 20443
radio 14 20473
radio 14 20987
radio 14 21056
radio 14 21570
radio 14 21602
radio 14 22116
radio 14 22167
radio 14 22681
radio 14 22731
radio 14 23245
radio 14 23274
radio 14 23788
radio 14 23805
radio 14 24319
radio 14 24350
radio 14 24864
radio 14 24881
radio 14 25395
radio 14 25449
radio 14 25963
radio 14 26013
radio 14 26527
radio 14 26558
radio 14 27072
radio 14 27141
radio 14 27655
radio 14 27691
radio 14 28205
radio 14 28236
radio 14 28750
radio 14 28819
energy 14 28878 7 20081
radio 14 29333
radio 14 29350
radio 14 29864
radio 14 29881
radio 14 30395
radio 14 30424
radio 14 30938
radio 14 30955
radio 14 31469
radio 14 31500
radio 14 32014
radio 14 32063
radio 14 32577
radio 14 32646
radio 14 33160
radio 14 33209
radio 14 33723
radio 14 33740
radio 14 34254
radio 14 34271
radio 14 34785
radio 14 34802
radio 14 35316
radio 14 35333
radio 14 35847
radio 14 35880
radio 14 36394
radio 14 36411
radio 14 36925
radio 14 37000
radio 14 37514
radio 14 37543
radio 14 38057
radio 14 38093
radio 14 38607
radio 14 38661
radio 14 39175
radio 14 39204
radio 14 39718
radio 14 39750
radio 14 40264
radio 14 40281
radio 14 40795
delay 19 24 14 40864 14 39606 5 5 65535 0 73 1 0
radio 14 40872
radio 14 41387
radio 14 41454
radio 14 41968
radio 14 41997
radio 14 42511
radio 14 42528
radio 14 43042
radio 14 43078
radio 14 43592
radio 14 43609
radio 14 44123
radio 14 44140
radio 14 44654
radio 14 44671
radio 14 45185
radio 14 45202
radio 14 45716
radio 14 45733
radio 14 46247
radio 14 46281
radio 14 46795
radio 14 46848
radio 14 47362
radio 14 47391
radio 14 47905
radio 14 47934
radio 14 48448
radio 14 48478
radio 14 48992
radio 14 49042
radio 14 49556
radio 14 49573
radio 14 50087
radio 14 50104
radio 14 50618
radio 14 50647
radio 14 51161
radio 14 51211
radio 14 51725
radio 14 51836
radio 14 52350
radio 14 52438
radio 14 52952
radio 14 52982
radio 14 53496
radio 14 53551
radio 14 54065
radio 14 54099
radio 14 54613
radio 14 54630
radio 14 55144
radio 14 55161
radio 14 55675
radio 14 55704
radio 14 56218
radio 14 56286
radio 14 56800
radio 14 56817
radio 14 57331
radio 14 57440
radio 14 57954
radio 14 57985
radio 14 58499
radio 14 58516
radio 14 59030
radio 14 59047
radio 14 59561
radio 14 59578
radio 14 60092
radio 14 60125
radio 14 60639
radio 14 60810
radio 14 61324
delay 20 24 14 61510 14 60252 5 5 65535 0 269 0 0
radio 14 61518
radio 14 62033
radio 14 62050
radio 14 62564
radio 14 62581
radio 14 63095
radio 14 63225
radio 14 63739
radio 14 63756
radio 14 64270
radio 14 64299
radio 14 64813
radio 14 64844
radio 14 65358
radio 14 65408
radio 15 386
radio 15 403
radio 15 916
radio 15 1126
radio 15 1640
radio 15 1657
radio 15 2171
radio 15 2219
radio 15 2733
radio 15 2764
radio 15 3278
radio 15 3330
radio 15 3844
radio 15 3878
radio 15 4392
radio 15 4420
radio 15 4934
radio 15 4951
radio 15 5465
radio 15 5482
radio 15 5996
radio 15 6065
radio 15 6579
radio 15 6609
radio 15 7123
radio 15 7155
radio 15 7669
radio 15 7742
radio 15 8256
radio 15 8287
radio 15 8801
radio 15 8818
radio 15 9332
radio 15 9361
radio 15 9875
radio 15 9930
radio 15 10444
radio 15 10461
radio 15 10975
radio 15 11006
radio 15 11520
radio 15 11550
radio 15 12064
radio 15 12094
radio 15 12608
radio 15 12657
radio 15 13171
radio 15 13207
radio 15 13721
radio 15 13752
radio 15 14266
radio 15 14298
radio 15 14812
radio 15 14860
radio 15 15374
radio 15 15407
radio 15 15921
delay 21 0 15 15965 15 15603 0 5 5 0 38 1 0
radio 15 15973
radio 15 16488
radio 15 16634
radio 15 17148
radio 15 17165
radio 15 17678
radio 15 17712
radio 15 18226
radio 15 18256
radio 15 18770
radio 15 18799
radio 15 19313
radio 15 19421
radio 15 19935
radio 15 19964
radio 15 20478
radio 15 20529
radio 15 21043
radio 15 21077
radio 15 21591
radio 15 21608
radio 15 22122
radio 15 22139
radio 15 22653
radio 15 22670
radio 15 23184
radio 15 23217
radio 15 23731
radio 15 23780
radio 15 24294
radio 15 24323
energy 15 24782 7 23918
radio 15 24837
radio 15 24854
radio 15 25368
radio 15 25385
radio 15 25899
radio 15 25927
radio 15 26441
radio 15 26510
radio 15 27024
radio 15 27055
radio 15 27569
radio 15 27586
radio 15 28100
radio 15 28117
radio 15 28631
radio 15 28659
radio 15 29173
radio 15 29225
radio 15 29739
radio 15 29756
radio 15 30270
radio 15 30323
radio 15 30837
radio 15 30928
radio 15 31442
radio 15 31459
radio 15 31973
radio 15 31990
radio 15 32504
radio 15 32521
radio 15 33035
radio 15 33052
radio 15 33566
radio 15 33583
radio 15 34097
radio 15 34167
radio 15 34681
radio 15 34710
radio 15 35224
radio 15 35252
radio 15 35766
radio 15 35796
radio 15 36310
radio 15 36363
radio 15 36877
delay 22 14 15 36892 15 36447 7 5 65535 0 217 0 0
radio 15 36900
radio 15 37414
radio 15 37429
radio 15 37943
radio 15 37960
radio 15 38474
radio 15 38491
radio 15 39005
radio 15 39036
radio 15 39550
radio 15 39640
radio 15 40154
radio 15 40191
radio 15 40705
radio 15 40774
radio 15 41288
radio 15 41318
radio 15 41832
radio 15 41862
radio 15 42376
radio 15 42393
radio 15 42907
radio 15 42977
radio 15 43491
radio 15 43508
radio 15 44022
radio 15 44058
radio 15 44572
radio 15 44606
radio 15 45120
radio 15 45171
radio 15 45685
radio 15 45713
radio 15 46227
radio 15 46256
radio 15 46770
radio 15 46787
radio 15 47301
radio 15 47392
radio 15 47906
radio 15 47923
radio 15 48437
radio 15 48485
radio 15 48999
radio 15 49071
radio 15 49585
radio 15 49602
radio 15 50116
radio 15 50151
radio 15 50665
radio 15 50736
radio 15 51250
radio 15 51281
radio 15 51795
radio 15 51812
radio 15 52326
radio 15 52358
radio 15 52872
radio 15 52924
radio 15 53438
radio 15 53455
radio 15 53969
radio 15 54040
radio 15 54554
radio 15 54622
radio 15 55136
radio 15 55153
radio 15 55667
radio 15 55804
radio 15 56318
radio 15 56446
radio 15 56960
delay 23 0 15 57008 15 56646 0 5 5 0 121 0 0
radio 15 57017
radio 15 57531
radio 15 57547
radio 15 58061
radio 15 58081
radio 15 58595
radio 15 58612
radio 15 59126
radio 15 59143
radio 15 59657
radio 15 59674
radio 15 60188
radio 15 60205
radio 15 60719
radio 15 60753
radio 15 61267
radio 15 61359
radio 15 61873
radio 15 61903
radio 15 62417
radio 15 62506
radio 15 63020
radio 15 63037
radio 15 63551
radio 15 63587
radio 15 64101
radio 15 64170
radio 15 64684
radio 15 64794
radio 15 65308
radio 15 65325
radio 16 303
radio 16 320
radio 16 833
radio 16 850
radio 16 1363
radio 16 1380
radio 16 1894
radio 16 1911
radio 16 2425
radio 16 2442
radio 16 2956
radio 16 3024
radio 16 3538
radio 16 3555
radio 16 4069
radio 16 4104
radio 16 4618
radio 16 4635
radio 16 5149
radio 16 5166
radio 16 5680
radio 16 5750
radio 16 6264
radio 16 6297
radio 16 6811
radio 16 6828
radio 16 7342
radio 16 7359
radio 16 7873
radio 16 7890
radio 16 8404
radio 16 8475
radio 16 8989
radio 16 9017
radio 16 9531
radio 16 9566
radio 16 10080
radio 16 10176
radio 16 10690
radio 16 10707
radio 16 11221
radio 16 11253
radio 16 11767
radio 16 11819
radio 16 12333
delay 24 0 16 12351 16 11989 0 5 5 0 520 0 0
radio 16 12359
radio 16 12873
radio 16 12895
radio 16 13409
radio 16 13424
radio 16 13938
radio 16 13973
radio 16 14487
radio 16 14560
radio 16 15074
radio 16 15091
radio 16 15605
radio 16 15622
radio 16 16136
radio 16 16153
radio 16 16667
radio 16 16684
radio 16 17198
radio 16 17229
radio 16 17743
radio 16 17817
radio 16 18331
radio 16 18363
radio 16 18877
radio 16 18894
radio 16 19408
radio 16 19425
radio 16 19939
radio 16 19968
radio 16 20482
radio 16 20510
energy 16 20686 7 27401
radio 16 21024
radio 16 21041
radio 16 21555
radio 16 21583
radio 16 22097
radio 16 22114
radio 16 22628
radio 16 22657
radio 16 23171
radio 16 23202
radio 16 23716
radio 16 23733
radio 16 24247
radio 16 24297
radio 16 24811
radio 16 24828
radio 16 25342
radio 16 25394
radio 16 25908
radio 16 25925
radio 16 26439
radio 16 26456
radio 16 26970
radio 16 27043
radio 16 27557
radio 16 27589
radio 16 28103
radio 16 28134
radio 16 28648
radio 16 28701
radio 16 29215
radio 16 29246
radio 16 29760
radio 16 29796
radio 16 30310
radio 16 30327
radio 16 30841
radio 16 30858
radio 16 31372
radio 16 31442
radio 16 31956
radio 16 31986
radio 16 32500
delay 25 43 16 32599 16 31305 6 5 65535 0 186 0 0
radio 16 32607
radio 16 33122
radio 16 33138
radio 16 33651
radio 16 33668
radio 16 34182
radio 16 34199
radio 16 34713
radio 16 34730
radio 16 35244
radio 16 35261
radio 16 35775
radio 16 35792
radio 16 36306
radio 16 36356
radio 16 36870
radio 16 36918
radio 16 37432
radio 16 37466
radio 16 37980
radio 16 38055
radio 16 38569
radio 16 38586
radio 16 39100
radio 16 39117
radio 16 39631
radio 16 39648
radio 16 40162
radio 16 40179
radio 16 40693
radio 16 40710
radio 16 41224
radio 16 41299
radio 16 41813
radio 16 41830
radio 16 42344
radio 16 42361
radio 16 42875
radio 16 42906
radio 16 43420
radio 16 43451
radio 16 43965
radio 16 44013
radio 16 44527
radio 16 44558
radio 16 45072
radio 16 45089
radio 16 45603
radio 16 45620
radio 16 46134
radio 16 46162
radio 16 46676
radio 16 46693
radio 16 47207
radio 16 47261
radio 16 47775
radio 16 47804
radio 16 48318
radio 16 48335
radio 16 48849
radio 16 48866
radio 16 49380
radio 16 49397
radio 16 49911
radio 16 49928
radio 16 50442
radio 16 50459
radio 16 50973
radio 16 51024
radio 16 51538
radio 16 51555
radio 16 52069
radio 16 52137
radio 16 52651
radio 16 52739
radio 16 53253
delay 26 24 16 53355 16 52097 5 5 65535 0 15 1 0
radio 16 53363
radio 16 53878
radio 16 53904
radio 16 54418
radio 16 54435
radio 16 54949
radio 16 54981
radio 16 55495
radio 16 55545
radio 16 56059
radio 16 56076
radio 16 56590
radio 16 56607
radio 16 57121
radio 16 57154
radio 16 57668
radio 16 57704
radio 16 58218
radio 16 58272
radio 16 58786
radio 16 58816
radio 16 59330
radio 16 59361
radio 16 59875
radio 16 59892
radio 16 60406
radio 16 60423
radio 16 60937
radio 16 60966
radio 16 61480
radio 16 61529
radio 16 62043
radio 16 62060
radio 16 62574
radio 16 62591
radio 16 63105
radio 16 63122
radio 16 63636
radio 16 63653
radio 16 64167
radio 16 64200
radio 16 64714
radio 16 64731
radio 16 65245
radio 16 65298
radio 17 276
radio 17 293
radio 17 806
radio 17 823
radio 17 1336
radio 17 1353
radio 17 1867
radio 17 1901
radio 17 2415
radio 17 2432
radio 17 2946
radio 17 2981
radio 17 3495
radio 17 3523
radio 17 4037
radio 17 4054
radio 17 4568
radio 17 4585
radio 17 5099
radio 17 5116
radio 17 5630
radio 17 5647
radio 17 6161
radio 17 6194
radio 17 6708
radio 17 6725
radio 17 7239
radio 17 7256
radio 17 7770
delay 27 0 17 7788 17 7427 0 5 5 0 54 1 0
radio 17 7796
radio 17 8310
radio 17 8470
radio 17 8983
radio 17 9000
radio 17 9514
radio 17 9531
radio 17 10045
radio 17 10062
radio 17 10576
radio 17 10607
radio 17 11121
radio 17 11150
radio 17 11664
radio 17 11715
radio 17 12229
radio 17 12263
radio 17 12777
radio 17 12806
radio 17 13320
radio 17 13354
radio 17 13868
radio 17 13919
radio 17 14433
radio 17 14467
radio 17 14981
radio 17 15012
radio 17 15526
radio 17 15543
radio 17 16057
radio 17 16134
energy 17 16590 7 30320
radio 17 16648
radio 17 16681
radio 17 17195
radio 17 17212
radio 17 17726
radio 17 17743
radio 17 18257
radio 17 18287
radio 17 18801
radio 17 18833
radio 17 19347
radio 17 19364
radio 17 19878
radio 17 19913
radio 17 20427
radio 17 20462
radio 17 20976
radio 17 21010
radio 17 21524
radio 17 21572
radio 17 22086
radio 17 22103
radio 17 22617
radio 17 22666
radio 17 23180
radio 17 23197
radio 17 23711
radio 17 23728
radio 17 24242
radio 17 24259
radio 17 24773
radio 17 24823
radio 17 25337
radio 17 25354
radio 17 25868
radio 17 25918
radio 17 26432
radio 17 26449
radio 17 26963
radio 17 26980
radio 17 27494
radio 17 27548
radio 17 28062
radio 17 28079
radio 17 28593
delay 28 0 17 28742 17 28381 0 5 5 0 528 0 0
radio 17 28750
radio 17 29264
radio 17 29281
radio 17 29795
radio 17 29814
radio 17 30328
radio 17 30380
radio 17 30894
radio 17 30911
radio 17 31425
radio 17 31458
radio 17 31972
radio 17 32004
radio 17 32518
radio 17 32535
radio 17 33049
radio 17 33066
radio 17 33580
radio 17 33631
radio 17 34145
radio 17 34162
radio 17 34676
radio 17 34707
radio 17 35221
radio 17 35251
radio 17 35765
radio 17 35782
radio 17 36296
radio 17 36313
radio 17 36827
radio 17 36882
radio 17 37396
radio 17 37429
radio 17 37943
radio 17 37976
radio 17 38490
radio 17 38580
radio 17 39094
radio 17 39111
radio 17 39625
radio 17 39656
radio 17 40170
radio 17 40199
radio 17 40713
radio 17 40761
radio 17 41275
radio 17 41292
radio 17 41806
radio 17 41839
radio 17 42353
radio 17 42370
radio 17 42884
radio 17 42916
radio 17 43430
radio 17 43502
radio 17 44016
radio 17 44033
radio 17 44547
radio 17 44564
radio 17 45078
radio 17 45107
radio 17 45621
radio 17 45638
radio 17 46152
radio 17 46169
radio 17 46683
radio 17 46772
radio 17 47286
radio 17 47320
radio 17 47834
radio 17 47863
radio 17 48377
radio 17 48468
radio 17 48982
delay 29 24 17 49002 17 47744 5 5 65535 0 185 1 0
radio 17 49011
radio 17 49525
radio 17 49549
radio 17 50063
radio 17 50079
radio 17 50592
radio 17 50609
radio 17 51123
radio 17 51140
radio 17 51654
radio 17 51824
radio 17 52338
radio 17 52413
radio 17 52927
radio 17 52959
radio 17 53473
radio 17 53490
radio 17 54004
radio 17 54035
radio 17 54549
radio 17 54566
radio 17 55080
radio 17 55128
radio 17 55642
radio 17 55670
radio 17 56184
radio 17 56201
radio 17 56715
radio 17 56732
radio 17 57246
radio 17 57279
radio 17 57793
radio 17 57865
radio 17 58379
radio 17 58396
radio 17 58910
radio 17 58927
radio 17 59441
radio 17 59458
radio 17 59972
radio 17 59989
radio 17 60503
radio 17 60520
radio 17 61034
radio 17 61051
radio 17 61565
radio 17 61582
radio 17 62096
radio 17 62113
radio 17 62627
radio 17 62677
radio 17 63191
radio 17 63223
radio 17 63737
radio 17 63772
radio 17 64286
radio 17 64303
radio 17 64817
radio 17 64834
radio 17 65348
radio 17 65417
radio 18 395
radio 18 429
radio 18 943
radio 18 960
radio 18 1473
radio 18 1490
radio 18 2004
radio 18 2021
radio 18 2535
radio 18 2608
radio 18 3122
radio 18 3155
radio 18 3669
delay 30 0 18 3684 18 3323 0 5 5 0 46 1 0
radio 18 3691
radio 18 4206
radio 18 4224
radio 18 4738
radio 18 4812
radio 18 5325
radio 18 5342
radio 18 5856
radio 18 5873
