Thread[Thread-1,5,main]tree 14 6 0 14 0 0
radio 7 4266
radio 7 4270
radio 7 4287
radio 7 4800
radio 7 4834
radio 7 5348
radio 7 5401
radio 7 5915
radio 7 5932
radio 7 6446
radio 7 6516
radio 7 7030
radio 7 7062
radio 7 7576
radio 7 7593
radio 7 8107
radio 7 8124
radio 7 8637
radio 7 8654
radio 7 9167
radio 7 9222
radio 7 9736
radio 7 9753
radio 7 10266
radio 7 10283
radio 7 10797
radio 7 10814
radio 7 11328
radio 7 11345
radio 7 11859
radio 7 11887
radio 7 12401
radio 7 12434
radio 7 12948
radio 7 12977
radio 7 13491
radio 7 13526
radio 7 14040
radio 7 14068
radio 7 14582
radio 7 14599
radio 7 15113
radio 7 15130
radio 7 15644
radio 7 15661
radio 7 16175
radio 7 16205
radio 7 16719
radio 7 16774
radio 7 17288
radio 7 17305
radio 7 17819
radio 7 17869
radio 7 18383
radio 7 18400
radio 7 18914
radio 7 18986
radio 7 19500
radio 7 19517
radio 7 20031
radio 7 20048
radio 7 20562
radio 7 20597
radio 7 21111
radio 7 21128
radio 7 21642
radio 7 21716
radio 7 22230
radio 7 22247
radio 7 22761
radio 7 22778
radio 7 23292
radio 7 23324
radio 7 23838
radio 7 23867
radio 7 24381
radio 7 24430
radio 7 24944
radio 7 24980
radio 7 25494
radio 7 25523
radio 7 26037
radio 7 26067
radio 7 26581
radio 7 26598
radio 7 27112
radio 7 27166
radio 7 27680
radio 7 27711
radio 7 28225
radio 7 28242
radio 7 28756
radio 7 28773
radio 7 29287
radio 7 29319
radio 7 29833
radio 7 29850
radio 7 30364
radio 7 30414
radio 7 30928
radio 7 30945
radio 7 31459
radio 7 31512
radio 7 32026
radio 7 32096
radio 7 32610
radio 7 32627
radio 7 33141
radio 7 33158
radio 7 33672
radio 7 33700
radio 7 34214
radio 7 34250
radio 7 34764
radio 7 34820
radio 7 35334
radio 7 35365
radio 7 35879
radio 7 35909
radio 7 36423
radio 7 36497
radio 7 37011
radio 7 37028
radio 7 37542
radio 7 37572
radio 7 38086
radio 7 38103
radio 7 38617
radio 7 38634
radio 7 39148
radio 7 39179
radio 7 39693
radio 7 39749
radio 7 40263
radio 7 40280
radio 7 40794
radio 7 40811
radio 7 41325
radio 7 41342
radio 7 41856
radio 7 41886
radio 7 42400
radio 7 42417
radio 7 42931
radio 7 42948
radio 7 43462
radio 7 43530
radio 7 44044
radio 7 44077
radio 7 44591
radio 7 44608
radio 7 45122
radio 7 45152
radio 7 45666
radio 7 45717
radio 7 46231
radio 7 46260
radio 7 46774
radio 7 46805
radio 7 47319
radio 7 47349
radio 7 47863
radio 7 47934
radio 7 48448
radio 7 48465
radio 7 48979
radio 7 48996
radio 7 49510
radio 7 49527
radio 7 50041
radio 7 50058
radio 7 50572
radio 7 50607
radio 7 51121
radio 7 51138
radio 7 51652
radio 7 51703
radio 7 52217
radio 7 52248
radio 7 52762
radio 7 52791
radio 7 53305
radio 7 53335
radio 7 53849
radio 7 53905
radio 7 54419
radio 7 54436
radio 7 54950
radio 7 54967
radio 7 55481
radio 7 55498
radio 7 56012
radio 7 56041
radio 7 56555
radio 7 56572
radio 7 57086
radio 7 57158
radio 7 57672
radio 7 57689
radio 7 58203
radio 7 58235
radio 7 58749
radio 7 58766
radio 7 59280
radio 7 59308
radio 7 59822
radio 7 59850
radio 7 60364
radio 7 60414
radio 7 60928
radio 7 60945
radio 7 61459
radio 7 61489
radio 7 62003
radio 7 62054
radio 7 62568
radio 7 62597
radio 7 63111
radio 7 63128
radio 7 63642
radio 7 63659
radio 7 64173
radio 7 64190
radio 7 64704
radio 7 64733
radio 7 65247
radio 7 65264
energy 8 181 7 7018
radio 8 242
radio 8 273
radio 8 786
radio 8 814
radio 8 1327
radio 8 1344
radio 8 1857
radio 8 1874
radio 8 2387
radio 8 2404
radio 8 2917
radio 8 2949
radio 8 3463
radio 8 3480
radio 8 3993
radio 8 4024
radio 8 4538
radio 8 4555
radio 8 5068
radio 8 5102
radio 8 5616
radio 8 5670
radio 8 6184
radio 8 6218
radio 8 6732
radio 8 6749
radio 8 7262
radio 8 7279
radio 8 7792
radio 8 7809
radio 8 8322
radio 8 8351
radio 8 8865
radio 8 8921
radio 8 9435
radio 8 9452
radio 8 9965
radio 8 10000
radio 8 10514
radio 8 10531
radio 8 11045
radio 8 11079
radio 8 11593
radio 8 11647
radio 8 12161
radio 8 12178
radio 8 12692
radio 8 12722
radio 8 13236
radio 8 13253
radio 8 13767
radio 8 13801
radio 8 14315
radio 8 14363
radio 8 14877
radio 8 14907
radio 8 15421
radio 8 15438
radio 8 15952
radio 8 15981
radio 8 16495
radio 8 16512
radio 8 17026
radio 8 17057
radio 8 17571
radio 8 17624
radio 8 18138
radio 8 18155
radio 8 18669
radio 8 18699
radio 8 19213
radio 8 19230
radio 8 19744
radio 8 19761
radio 8 20275
radio 8 20304
radio 8 20818
radio 8 20873
radio 8 21387
radio 8 21416
radio 8 21930
radio 8 21960
radio 8 22474
radio 8 22491
radio 8 23005
radio 8 23022
radio 8 23536
radio 8 23607
radio 8 24121
radio 8 24138
radio 8 24652
radio 8 24669
radio 8 25183
radio 8 25200
radio 8 25714
radio 8 25731
radio 8 26245
radio 8 26262
radio 8 26776
radio 8 26793
radio 8 27307
radio 8 27377
radio 8 27891
radio 8 27908
radio 8 28422
radio 8 28439
radio 8 28953
radio 8 28970
radio 8 29484
radio 8 29501
radio 8 30015
radio 8 30048
radio 8 30562
radio 8 30596
radio 8 31110
radio 8 31142
radio 8 31656
radio 8 31691
radio 8 32205
radio 8 32237
radio 8 32751
radio 8 32779
radio 8 33293
radio 8 33310
radio 8 33824
radio 8 33897
radio 8 34411
radio 8 34447
radio 8 34961
radio 8 35030
radio 8 35544
radio 8 35578
radio 8 36092
radio 8 36109
radio 8 36623
radio 8 36640
radio 8 37154
radio 8 37184
radio 8 37698
radio 8 37726
radio 8 38240
radio 8 38257
radio 8 38771
radio 8 38788
radio 8 39302
radio 8 39319
radio 8 39833
radio 8 39850
radio 8 40364
radio 8 40381
radio 8 40895
radio 8 40927
radio 8 41441
radio 8 41458
radio 8 41972
radio 8 42003
radio 8 42517
radio 8 42548
radio 8 43062
radio 8 43079
radio 8 43593
radio 8 43610
radio 8 44124
delay 0 0 8 44172 8 44715 0 6 6 0 483 0 0
radio 8 44179
radio 8 44693
radio 8 44764
radio 8 45278
radio 8 45295
radio 8 45809
radio 8 45826
radio 8 46340
radio 8 46357
radio 8 46871
radio 8 46888
radio 8 47402
radio 8 47431
radio 8 47945
radio 8 47962
radio 8 48476
radio 8 48493
radio 8 49007
radio 8 49037
radio 8 49551
radio 8 49599
radio 8 50113
radio 8 50144
radio 8 50658
radio 8 50694
radio 8 51208
radio 8 51226
radio 8 51739
radio 8 51756
radio 8 52270
radio 8 52340
radio 8 52854
radio 8 52888
radio 8 53402
radio 8 53419
radio 8 53933
radio 8 53964
radio 8 54478
radio 8 54534
radio 8 55048
radio 8 55098
radio 8 55612
radio 8 55687
radio 8 56201
radio 8 56218
radio 8 56732
radio 8 56749
radio 8 57263
radio 8 57280
radio 8 57794
radio 8 57823
radio 8 58337
radio 8 58354
radio 8 58868
radio 8 58938
radio 8 59452
radio 8 59482
radio 8 59996
radio 8 60013
radio 8 60527
radio 8 60544
radio 8 61058
radio 8 61075
radio 8 61589
energy 8 61621 7 9604
radio 8 61667
radio 8 62181
radio 8 62212
radio 8 62726
radio 8 62758
radio 8 63272
radio 8 63342
radio 8 63856
radio 8 63873
radio 8 64387
delay 1 0 8 64407 8 64950 0 6 6 0 241 0 0
radio 8 64414
radio 8 64928
radio 8 65043
radio 9 20
radio 9 35
radio 9 548
radio 9 579
radio 9 1092
radio 9 1161
radio 9 1675
radio 9 1692
radio 9 2205
radio 9 2222
radio 9 2735
radio 9 2752
radio 9 3265
radio 9 3282
radio 9 3795
radio 9 3825
radio 9 4339
radio 9 4356
radio 9 4870
radio 9 4906
radio 9 5420
radio 9 5437
radio 9 5950
radio 9 5967
radio 9 6480
radio 9 6497
radio 9 7010
radio 9 7041
radio 9 7555
radio 9 7572
radio 9 8085
radio 9 8102
radio 9 8615
radio 9 8632
radio 9 9145
radio 9 9178
radio 9 9692
radio 9 9728
radio 9 10242
radio 9 10259
radio 9 10773
radio 9 10790
radio 9 11304
radio 9 11335
radio 9 11849
radio 9 11880
radio 9 12394
radio 9 12411
radio 9 12925
radio 9 12942
radio 9 13456
radio 9 13491
radio 9 14005
radio 9 14060
radio 9 14574
radio 9 14591
radio 9 15105
radio 9 15133
radio 9 15647
radio 9 15676
radio 9 16190
radio 9 16219
radio 9 16733
radio 9 16786
radio 9 17300
radio 9 17335
radio 9 17849
radio 9 17882
radio 9 18396
radio 9 18471
radio 9 18985
radio 9 19002
radio 9 19516
delay 2 0 9 19537 9 20081 0 6 6 0 428 0 0
radio 9 19545
radio 9 20059
radio 9 20172
radio 9 20686
radio 9 20773
radio 9 21287
radio 9 21304
radio 9 21818
radio 9 21835
radio 9 22349
radio 9 22366
radio 9 22880
radio 9 22897
radio 9 23411
radio 9 23428
radio 9 23942
radio 9 23959
radio 9 24473
radio 9 24490
radio 9 25004
radio 9 25077
radio 9 25591
radio 9 25608
radio 9 26122
radio 9 26139
radio 9 26653
radio 9 26686
radio 9 27200
radio 9 27271
radio 9 27785
radio 9 27820
radio 9 28334
radio 9 28351
radio 9 28865
radio 9 28882
radio 9 29396
radio 9 29413
radio 9 29927
radio 9 30001
radio 9 30515
radio 9 30545
radio 9 31059
radio 9 31096
radio 9 31610
radio 9 31684
radio 9 32198
radio 9 32215
radio 9 32729
radio 9 32746
radio 9 33260
radio 9 33292
radio 9 33806
radio 9 33823
radio 9 34337
radio 9 34406
radio 9 34920
radio 9 34937
radio 9 35451
radio 9 35468
radio 9 35982
radio 9 36017
radio 9 36531
radio 9 36563
radio 9 37077
radio 9 37129
radio 9 37643
radio 9 37660
radio 9 38174
radio 9 38191
radio 9 38705
radio 9 38738
radio 9 39252
radio 9 39282
radio 9 39796
delay 3 14 9 39819 9 40283 7 6 65535 0 105 1 0
radio 9 39826
radio 9 40341
radio 9 40364
radio 9 40877
radio 9 40894
radio 9 41408
radio 9 41425
radio 9 41939
radio 9 41970
radio 9 42484
radio 9 42515
radio 9 43029
radio 9 43098
radio 9 43612
radio 9 43629
radio 9 44143
radio 9 44160
radio 9 44674
radio 9 44705
radio 9 45219
radio 9 45249
radio 9 45763
radio 9 45780
radio 9 46294
radio 9 46325
radio 9 46839
radio 9 46856
radio 9 47370
radio 9 47387
radio 9 47901
radio 9 47918
radio 9 48432
radio 9 48463
radio 9 48977
radio 9 48994
radio 9 49508
radio 9 49538
radio 9 50052
radio 9 50069
radio 9 50583
radio 9 50614
radio 9 51128
radio 9 51179
radio 9 51693
radio 9 51710
radio 9 52224
radio 9 52254
radio 9 52768
radio 9 52797
radio 9 53311
radio 9 53328
radio 9 53842
radio 9 53876
radio 9 54390
radio 9 54407
radio 9 54921
radio 9 54938
radio 9 55452
radio 9 55469
radio 9 55983
radio 9 56000
radio 9 56514
radio 9 56531
radio 9 57045
radio 9 57080
energy 9 57525 7 12383
radio 9 57594
radio 9 57611
radio 9 58125
radio 9 58158
radio 9 58672
radio 9 58726
radio 9 59240
radio 9 59275
radio 9 59789
radio 9 59806
radio 9 60320
delay 4 0 9 60344 9 60888 0 6 6 0 275 0 0
radio 9 60351
radio 9 60866
radio 9 60915
radio 9 61429
radio 9 61486
radio 9 62000
radio 9 62017
radio 9 62531
radio 9 62567
radio 9 63081
radio 9 63153
radio 9 63667
radio 9 63700
radio 9 64214
radio 9 64231
radio 9 64745
radio 9 64817
radio 9 65331
radio 9 65446
radio 10 424
radio 10 441
radio 10 954
radio 10 984
radio 10 1498
radio 10 1515
radio 10 2029
radio 10 2046
radio 10 2560
radio 10 2577
radio 10 3091
radio 10 3163
radio 10 3677
radio 10 3706
radio 10 4220
radio 10 4254
radio 10 4768
radio 10 4843
radio 10 5357
radio 10 5412
radio 10 5926
radio 10 5996
radio 10 6510
radio 10 6527
radio 10 7041
radio 10 7074
radio 10 7588
radio 10 7605
radio 10 8119
radio 10 8191
radio 10 8705
radio 10 8737
radio 10 9251
radio 10 9283
radio 10 9797
radio 10 9814
radio 10 10328
radio 10 10360
radio 10 10874
radio 10 10910
radio 10 11424
radio 10 11459
radio 10 11973
radio 10 11990
radio 10 12504
radio 10 12538
radio 10 13052
radio 10 13122
radio 10 13636
radio 10 13670
radio 10 14184
radio 10 14219
radio 10 14733
radio 10 14802
radio 10 15316
delay 5 0 10 15359 10 15903 0 6 6 0 345 0 0
radio 10 15366
radio 10 15881
radio 10 16016
radio 10 16529
radio 10 16578
radio 10 17092
radio 10 17109
radio 10 17623
radio 10 17655
radio 10 18169
radio 10 18203
radio 10 18717
radio 10 18788
radio 10 19302
radio 10 19332
radio 10 19846
radio 10 19863
radio 10 20377
radio 10 20394
radio 10 20908
radio 10 20925
radio 10 21439
radio 10 21474
radio 10 21988
radio 10 22024
radio 10 22538
radio 10 22594
radio 10 23108
radio 10 23141
radio 10 23655
radio 10 23704
radio 10 24218
radio 10 24247
radio 10 24761
radio 10 24778
radio 10 25292
radio 10 25309
radio 10 25823
radio 10 25860
radio 10 26374
radio 10 26443
radio 10 26957
radio 10 26988
radio 10 27502
radio 10 27538
radio 10 28052
radio 10 28080
radio 10 28594
radio 10 28611
radio 10 29125
radio 10 29142
radio 10 29656
radio 10 29673
radio 10 30187
radio 10 30204
radio 10 30718
radio 10 30735
radio 10 31249
radio 10 31266
radio 10 31780
radio 10 31810
radio 10 32324
radio 10 32356
radio 10 32870
radio 10 32904
radio 10 33418
radio 10 33435
radio 10 33949
radio 10 33966
radio 10 34480
radio 10 34497
radio 10 35011
radio 10 35028
radio 10 35542
delay 6 0 10 35570 10 36114 0 6 6 0 74 1 0
radio 10 35579
radio 10 36092
radio 10 36109
radio 10 36623
radio 10 36745
radio 10 37258
radio 10 37275
radio 10 37789
radio 10 37806
radio 10 38320
radio 10 38337
radio 10 38851
radio 10 38920
radio 10 39434
radio 10 39466
radio 10 39980
radio 10 40013
radio 10 40527
radio 10 40558
radio 10 41072
radio 10 41122
radio 10 41636
radio 10 41665
radio 10 42179
radio 10 42196
radio 10 42710
radio 10 42727
radio 10 43241
radio 10 43258
radio 10 43772
radio 10 43849
radio 10 44363
radio 10 44396
radio 10 44910
radio 10 44940
radio 10 45454
radio 10 45527
radio 10 46041
radio 10 46058
radio 10 46572
radio 10 46589
radio 10 47103
radio 10 47132
radio 10 47646
radio 10 47663
radio 10 48177
radio 10 48252
radio 10 48766
radio 10 48800
radio 10 49314
radio 10 49331
radio 10 49845
radio 10 49862
radio 10 50376
radio 10 50393
radio 10 50907
radio 10 50939
radio 10 51453
radio 10 51470
radio 10 51984
radio 10 52019
radio 10 52533
radio 10 52550
radio 10 53064
radio 10 53081
energy 10 53429 7 15680
radio 10 53595
radio 10 53612
radio 10 54126
radio 10 54143
radio 10 54657
radio 10 54674
radio 10 55188
radio 10 55205
radio 10 55719
radio 10 55736
radio 10 56250
delay 7 0 10 56270 10 56814 0 6 6 0 296 0 0
radio 10 56277
radio 10 56792
radio 10 56879
radio 10 57392
radio 10 57409
radio 10 57923
radio 10 57940
radio 10 58454
radio 10 58525
radio 10 59039
radio 10 59073
radio 10 59587
radio 10 59604
radio 10 60118
radio 10 60135
radio 10 60649
radio 10 60719
radio 10 61233
radio 10 61250
radio 10 61764
radio 10 61781
radio 10 62295
radio 10 62325
radio 10 62839
radio 10 62868
radio 10 63382
radio 10 63452
radio 10 63966
radio 10 63983
radio 10 64497
radio 10 64514
radio 10 65028
radio 10 65057
radio 11 35
radio 11 65
radio 11 578
radio 11 627
radio 11 1141
radio 11 1158
radio 11 1672
radio 11 1701
radio 11 2215
radio 11 2263
radio 11 2777
radio 11 2847
radio 11 3361
radio 11 3378
radio 11 3892
radio 11 3909
radio 11 4423
radio 11 4440
radio 11 4954
radio 11 4983
radio 11 5497
radio 11 5514
radio 11 6028
radio 11 6081
radio 11 6595
radio 11 6612
radio 11 7126
radio 11 7143
radio 11 7657
radio 11 7674
radio 11 8188
radio 11 8205
radio 11 8719
radio 11 8736
radio 11 9250
radio 11 9283
radio 11 9797
radio 11 9814
radio 11 10328
radio 11 10396
radio 11 10910
radio 11 10927
radio 11 11441
radio 11 11671
radio 11 12184
delay 8 14 11 12202 11 12667 7 6 65535 0 851 0 0
radio 11 12211
radio 11 12725
radio 11 12742
radio 11 13256
radio 11 13331
radio 11 13845
radio 11 13881
radio 11 14395
radio 11 14425
radio 11 14939
radio 11 15007
radio 11 15521
radio 11 15538
radio 11 16052
radio 11 16081
radio 11 16595
radio 11 16612
radio 11 17126
radio 11 17143
radio 11 17657
radio 11 17689
radio 11 18203
radio 11 18255
radio 11 18769
radio 11 18786
radio 11 19300
radio 11 19317
radio 11 19831
radio 11 19848
radio 11 20362
radio 11 20379
radio 11 20893
radio 11 20925
radio 11 21439
radio 11 21495
radio 11 22009
radio 11 22039
radio 11 22553
radio 11 22586
radio 11 23100
radio 11 23117
radio 11 23631
radio 11 23659
radio 11 24173
radio 11 24202
radio 11 24716
radio 11 24733
radio 11 25247
radio 11 25264
radio 11 25778
radio 11 25795
radio 11 26309
radio 11 26326
radio 11 26840
radio 11 26857
radio 11 27371
radio 11 27388
radio 11 27902
radio 11 27919
radio 11 28433
radio 11 28464
radio 11 28978
radio 11 29013
radio 11 29527
radio 11 29638
radio 11 30152
radio 11 30200
radio 11 30714
radio 11 30746
radio 11 31260
radio 11 31289
radio 11 31803
delay 9 0 11 31828 11 32373 0 6 6 0 429 0 0
radio 11 31837
radio 11 32351
radio 11 32522
radio 11 33036
radio 11 33053
radio 11 33567
radio 11 33596
radio 11 34110
radio 11 34143
radio 11 34657
radio 11 34707
radio 11 35221
radio 11 35238
radio 11 35752
radio 11 35769
radio 11 36283
radio 11 36315
radio 11 36829
radio 11 36846
radio 11 37360
radio 11 37377
radio 11 37891
radio 11 37920
radio 11 38434
radio 11 38483
radio 11 38997
radio 11 39014
radio 11 39528
radio 11 39545
radio 11 40059
radio 11 40108
radio 11 40622
radio 11 40639
radio 11 41153
radio 11 41170
radio 11 41684
radio 11 41733
radio 11 42247
radio 11 42281
radio 11 42795
radio 11 42812
radio 11 43326
radio 11 43343
radio 11 43857
radio 11 43874
radio 11 44388
radio 11 44405
radio 11 44919
radio 11 44936
radio 11 45450
radio 11 45467
radio 11 45981
radio 11 46034
radio 11 46548
radio 11 46565
radio 11 47079
radio 11 47096
radio 11 47610
radio 11 47639
radio 11 48153
radio 11 48170
radio 11 48684
radio 11 48713
radio 11 49227
radio 11 49282
energy 11 49333 7 18656
radio 11 49796
radio 11 49813
radio 11 50327
radio 11 50359
radio 11 50873
radio 11 50906
radio 11 51420
radio 11 51437
radio 11 51951
radio 11 52012
radio 11 52526
delay 10 0 11 52572 11 53117 0 6 6 0 695 0 0
radio 11 52580
radio 11 53094
radio 11 53125
radio 11 53638
radio 11 53692
radio 11 54206
radio 11 54239
radio 11 54753
radio 11 54770
radio 11 55284
radio 11 55301
radio 11 55815
radio 11 55832
radio 11 56346
radio 11 56363
radio 11 56877
radio 11 56894
radio 11 57408
radio 11 57462
radio 11 57976
radio 11 57993
radio 11 58507
radio 11 58524
radio 11 59038
radio 11 59070
radio 11 59584
radio 11 59621
radio 11 60135
radio 11 60189
radio 11 60703
radio 11 60735
radio 11 61249
radio 11 61266
radio 11 61780
radio 11 61797
radio 11 62311
radio 11 62364
radio 11 62878
radio 11 62895
radio 11 63409
radio 11 63441
radio 11 63955
radio 11 63972
radio 11 64486
radio 11 64503
radio 11 65017
radio 11 65034
radio 12 12
radio 12 29
radio 12 542
radio 12 559
radio 12 1072
radio 12 1089
radio 12 1603
radio 12 1620
radio 12 2134
radio 12 2151
radio 12 2665
radio 12 2682
radio 12 3196
radio 12 3269
radio 12 3783
radio 12 3800
radio 12 4314
radio 12 4367
radio 12 4881
radio 12 4931
radio 12 5445
radio 12 5481
radio 12 5995
radio 12 6030
radio 12 6544
radio 12 6561
radio 12 7075
delay 11 14 12 7176 12 7640 7 6 65535 0 319 0 0
radio 12 7184
radio 12 7698
radio 12 7790
radio 12 8304
radio 12 8321
radio 12 8835
radio 12 8852
radio 12 9366
radio 12 9398
radio 12 9912
radio 12 9962
radio 12 10476
radio 12 10493
radio 12 11007
radio 12 11056
radio 12 11570
radio 12 11587
radio 12 12101
radio 12 12118
radio 12 12632
radio 12 12704
radio 12 13218
radio 12 13235
radio 12 13749
radio 12 13782
radio 12 14296
radio 12 14331
radio 12 14845
radio 12 14894
radio 12 15408
radio 12 15425
radio 12 15939
radio 12 15968
radio 12 16482
radio 12 16499
radio 12 17013
radio 12 17041
radio 12 17555
radio 12 17572
radio 12 18086
radio 12 18142
radio 12 18656
radio 12 18673
radio 12 19187
radio 12 19204
radio 12 19718
radio 12 19735
radio 12 20249
radio 12 20279
radio 12 20793
radio 12 20822
radio 12 21336
radio 12 21412
radio 12 21926
radio 12 21943
radio 12 22457
radio 12 22489
radio 12 23003
radio 12 23036
radio 12 23550
radio 12 23601
radio 12 24115
radio 12 24132
radio 12 24646
radio 12 24681
radio 12 25195
radio 12 25230
radio 12 25744
radio 12 25813
radio 12 26327
radio 12 26360
radio 12 26874
radio 12 26891
radio 12 27405
delay 12 14 12 27500 12 27957 7 6 65535 0 65535 0 0
radio 12 27508
radio 12 28023
radio 12 28119
radio 12 28633
radio 12 28650
radio 12 29164
radio 12 29198
radio 12 29712
radio 12 29748
radio 12 30262
radio 12 30314
radio 12 30828
radio 12 30862
radio 12 31376
radio 12 31407
radio 12 31921
radio 12 31996
radio 12 32510
radio 12 32527
radio 12 33041
radio 12 33058
radio 12 33572
radio 12 33589
radio 12 34103
radio 12 34120
radio 12 34634
radio 12 34667
radio 12 35181
radio 12 35234
radio 12 35748
radio 12 35765
radio 12 36279
radio 12 36296
radio 12 36810
radio 12 36827
radio 12 37341
radio 12 37358
radio 12 37872
radio 12 37921
radio 12 38435
radio 12 38484
radio 12 38998
radio 12 39015
radio 12 39529
radio 12 39561
radio 12 40075
radio 12 40092
radio 12 40606
radio 12 40623
radio 12 41137
radio 12 41154
radio 12 41668
radio 12 41704
radio 12 42218
radio 12 42268
radio 12 42782
radio 12 42799
radio 12 43313
radio 12 43330
radio 12 43844
radio 12 43861
radio 12 44375
radio 12 44404
radio 12 44918
radio 12 44946
energy 12 45237 7 21615
radio 12 45460
radio 12 45510
radio 12 46024
radio 12 46054
radio 12 46568
radio 12 46600
radio 12 47114
radio 12 47143
radio 12 47657
radio 12 47729
radio 12 48243
delay 13 0 12 48346 12 48891 0 6 6 0 565 0 0
radio 12 48353
radio 12 48868
radio 12 48885
radio 12 49398
radio 12 49415
radio 12 49929
radio 12 49964
radio 12 50478
radio 12 50495
radio 12 51009
radio 12 51026
radio 12 51540
radio 12 51613
radio 12 52127
radio 12 52157
radio 12 52671
radio 12 52706
radio 12 53220
radio 12 53269
radio 12 53783
radio 12 53800
radio 12 54314
radio 12 54343
radio 12 54857
radio 12 54894
radio 12 55408
radio 12 55425
radio 12 55939
radio 12 55956
radio 12 56470
radio 12 56520
radio 12 57034
radio 12 57051
radio 12 57565
radio 12 57594
radio 12 58108
radio 12 58142
radio 12 58656
radio 12 58673
radio 12 59187
radio 12 59204
radio 12 59718
radio 12 59771
radio 12 60285
radio 12 60314
radio 12 60828
radio 12 60845
radio 12 61359
radio 12 61389
radio 12 61903
radio 12 61920
radio 12 62434
radio 12 62465
radio 12 62979
radio 12 63047
radio 12 63561
radio 12 63578
radio 12 64092
radio 12 64109
radio 12 64623
radio 12 64653
radio 12 65167
radio 12 65236
radio 13 214
radio 13 231
radio 13 744
radio 13 780
radio 13 1294
radio 13 1311
radio 13 1825
radio 13 1858
radio 13 2372
radio 13 2442
radio 13 2956
delay 14 0 13 2999 13 3545 0 6 6 0 276 0 0
radio 13 3007
radio 13 3521
radio 13 3548
radio 13 4061
radio 13 4141
radio 13 4655
radio 13 4688
radio 13 5202
radio 13 5252
radio 13 5766
radio 13 5802
radio 13 6316
radio 13 6333
radio 13 6847
radio 13 6864
radio 13 7378
radio 13 7395
radio 13 7909
radio 13 7926
radio 13 8440
radio 13 8457
radio 13 8971
radio 13 9020
radio 13 9534
radio 13 9563
radio 13 10077
radio 13 10109
radio 13 10623
radio 13 10655
radio 13 11169
radio 13 11222
radio 13 11736
radio 13 11753
radio 13 12267
radio 13 12296
radio 13 12810
radio 13 12842
radio 13 13356
radio 13 13386
radio 13 13900
radio 13 13949
radio 13 14463
radio 13 14480
radio 13 14994
radio 13 15011
radio 13 15525
radio 13 15542
radio 13 16056
radio 13 16085
radio 13 16599
radio 13 16616
radio 13 17130
radio 13 17147
radio 13 17661
radio 13 17678
radio 13 18192
radio 13 18267
radio 13 18781
radio 13 18798
radio 13 19312
radio 13 19329
radio 13 19843
radio 13 19875
radio 13 20389
radio 13 20418
radio 13 20932
radio 13 20982
radio 13 21496
radio 13 21513
radio 13 22027
radio 13 22044
radio 13 22558
radio 13 22588
radio 13 23102
radio 13 23119
radio 13 23633
delay 15 0 13 23681 13 24227 0 6 6 0 475 0 0
radio 13 23689
radio 13 24204
radio 13 24280
radio 13 24793
radio 13 24810
radio 13 25324
radio 13 25377
radio 13 25891
radio 13 25908
radio 13 26422
radio 13 26456
radio 13 26970
radio 13 26987
radio 13 27501
radio 13 27549
radio 13 28063
radio 13 28113
radio 13 28627
radio 13 28657
radio 13 29171
radio 13 29188
radio 13 29702
radio 13 29737
radio 13 30251
radio 13 30322
radio 13 30836
radio 13 30870
radio 13 31384
radio 13 31418
radio 13 31932
radio 13 31982
radio 13 32496
radio 13 32529
radio 13 33043
radio 13 33060
radio 13 33574
radio 13 33591
radio 13 34105
radio 13 34135
radio 13 34649
radio 13 34679
radio 13 35193
radio 13 35243
radio 13 35757
radio 13 35774
radio 13 36288
radio 13 36305
radio 13 36819
radio 13 36836
radio 13 37350
radio 13 37385
radio 13 37899
radio 13 37916
radio 13 38430
radio 13 38484
radio 13 38998
radio 13 39015
radio 13 39529
radio 13 39546
radio 13 40060
radio 13 40089
radio 13 40603
radio 13 40635
energy 13 41141 7 24598
radio 13 41149
radio 13 41166
radio 13 41680
radio 13 41736
radio 13 42250
radio 13 42267
radio 13 42781
radio 13 42812
radio 13 43326
radio 13 43343
radio 13 43857
delay 16 0 13 43876 13 44422 0 6 6 0 192 0 0
radio 13 43884
radio 13 44398
radio 13 44502
radio 13 45015
radio 13 45038
radio 13 45551
radio 13 45580
radio 13 46094
radio 13 46149
radio 13 46663
radio 13 46680
radio 13 47194
radio 13 47230
radio 13 47744
radio 13 47774
radio 13 48288
radio 13 48360
radio 13 48874
radio 13 48905
radio 13 49419
radio 13 49450
radio 13 49964
radio 13 49981
radio 13 50495
radio 13 50544
radio 13 51058
radio 13 51075
radio 13 51589
radio 13 51620
radio 13 52134
radio 13 52167
radio 13 52681
radio 13 52712
radio 13 53226
radio 13 53279
radio 13 53793
radio 13 53827
radio 13 54341
radio 13 54371
radio 13 54885
radio 13 54920
radio 13 55434
radio 13 55482
radio 13 55996
radio 13 56013
radio 13 56527
radio 13 56561
radio 13 57075
radio 13 57109
radio 13 57623
radio 13 57675
radio 13 58189
radio 13 58206
radio 13 58720
radio 13 58769
radio 13 59283
radio 13 59319
radio 13 59833
radio 13 59885
radio 13 60399
radio 13 60416
radio 13 60930
radio 13 60947
radio 13 61461
radio 13 61493
radio 13 62007
radio 13 62082
radio 13 62596
radio 13 62628
radio 13 63142
radio 13 63159
radio 13 63673
radio 13 63690
radio 13 64204
radio 13 64221
radio 13 64735
delay 17 0 13 64757 13 65303 0 6 6 0 593 0 0
radio 13 64765
radio 13 65279
radio 13 65460
radio 14 438
radio 14 469
radio 14 983
radio 14 1019
radio 14 1533
radio 14 1604
radio 14 2118
radio 14 2147
radio 14 2661
radio 14 2749
radio 14 3263
radio 14 3294
radio 14 3808
radio 14 3837
radio 14 4351
radio 14 4423
radio 14 4937
radio 14 4954
radio 14 5468
radio 14 5485
radio 14 5999
radio 14 6016
radio 14 6530
radio 14 6547
radio 14 7061
radio 14 7078
radio 14 7592
radio 14 7609
radio 14 8123
radio 14 8196
radio 14 8710
radio 14 8727
radio 14 9241
radio 14 9258
radio 14 9772
radio 14 9789
radio 14 10303
radio 14 10320
radio 14 10834
radio 14 10866
radio 14 11380
radio 14 11432
radio 14 11946
radio 14 11963
radio 14 12477
radio 14 12494
radio 14 13008
radio 14 13025
radio 14 13539
radio 14 13568
radio 14 14082
radio 14 14112
radio 14 14626
radio 14 14643
radio 14 15157
radio 14 15227
radio 14 15741
radio 14 15770
radio 14 16284
radio 14 16313
radio 14 16827
radio 14 16899
radio 14 17413
radio 14 17444
radio 14 17958
radio 14 17990
radio 14 18504
radio 14 18521
radio 14 19035
radio 14 19088
radio 14 19602
radio 14 19636
radio 14 20150
radio 14 20186
radio 14 20700
radio 14 20717
radio 14 21231
radio 14 21248
radio 14 21762
radio 14 21813
radio 14 22327
radio 14 22344
radio 14 22858
radio 14 22875
radio 14 23389
radio 14 23423
radio 14 23937
radio 14 23954
radio 14 24468
radio 14 24502
radio 14 25016
radio 14 25112
radio 14 25626
radio 14 25643
radio 14 26157
radio 14 26187
radio 14 26701
radio 14 26750
radio 14 27264
radio 14 27281
radio 14 27795
radio 14 27812
radio 14 28326
radio 14 28343
radio 14 28857
radio 14 28886
radio 14 29400
radio 14 29417
radio 14 29931
radio 14 30006
radio 14 30520
radio 14 30550
radio 14 31064
radio 14 31094
radio 14 31608
radio 14 31638
radio 14 32152
radio 14 32203
radio 14 32717
radio 14 32746
radio 14 33260
radio 14 33289
radio 14 33803
radio 14 33839
radio 14 34353
radio 14 34405
radio 14 34919
radio 14 34947
radio 14 35461
radio 14 35479
radio 14 35992
radio 14 36009
radio 14 36523
radio 14 36540
energy 14 37045 7 27798
radio 14 37054
radio 14 37071
radio 14 37585
radio 14 37614
radio 14 38128
radio 14 38180
radio 14 38694
radio 14 38711
radio 14 39225
radio 14 39242
radio 14 39756
radio 14 39773
radio 14 40287
delay 19 14 14 40310 14 40774 7 6 65535 0 232 0 0
radio 14 40318
radio 14 40833
radio 14 40850
radio 14 41364
radio 14 41437
radio 14 41951
radio 14 41980
radio 14 42494
radio 14 42526
radio 14 43040
radio 14 43110
radio 14 43624
radio 14 43641
radio 14 44155
radio 14 44172
radio 14 44686
radio 14 44703
radio 14 45217
radio 14 45234
radio 14 45748
radio 14 45765
radio 14 46279
radio 14 46315
radio 14 46829
radio 14 46882
radio 14 47396
radio 14 47430
radio 14 47944
radio 14 47976
radio 14 48490
radio 14 48507
radio 14 49021
radio 14 49093
radio 14 49607
radio 14 49624
radio 14 50138
radio 14 50186
radio 14 50700
radio 14 50793
radio 14 51307
radio 14 51341
radio 14 51855
radio 14 51907
radio 14 52421
radio 14 52438
radio 14 52952
radio 14 52969
radio 14 53483
radio 14 53500
radio 14 54014
radio 14 54067
radio 14 54581
radio 14 54791
radio 14 55305
radio 14 55376
radio 14 55890
radio 14 55907
radio 14 56421
radio 14 56531
radio 14 57045
radio 14 57077
radio 14 57591
radio 14 57622
radio 14 58136
radio 14 58210
radio 14 58724
radio 14 58741
radio 14 59255
radio 14 59272
radio 14 59786
radio 14 59835
radio 14 60349
delay 20 0 14 60365 14 60911 0 6 6 0 293 0 0
radio 14 60372
radio 14 60887
radio 14 60965
radio 14 61479
radio 14 61496
radio 14 62010
radio 14 62145
radio 14 62659
radio 14 62829
radio 14 63343
radio 14 63360
radio 14 63874
radio 14 63903
radio 14 64417
radio 14 64434
radio 14 64948
radio 14 64965
radio 14 65479
radio 15 112
radio 15 626
radio 15 677
radio 15 1191
radio 15 1208
radio 15 1722
radio 15 1753
radio 15 2267
radio 15 2316
radio 15 2830
radio 15 2859
radio 15 3373
radio 15 3390
radio 15 3904
radio 15 3937
radio 15 4451
radio 15 4480
radio 15 4994
radio 15 5045
radio 15 5559
radio 15 5588
radio 15 6102
radio 15 6119
radio 15 6633
radio 15 6664
radio 15 7178
radio 15 7252
radio 15 7766
radio 15 7783
radio 15 8297
radio 15 8314
radio 15 8828
radio 15 8860
radio 15 9374
radio 15 9391
radio 15 9905
radio 15 9922
radio 15 10436
radio 15 10492
radio 15 11006
radio 15 11023
radio 15 11537
radio 15 11566
radio 15 12080
radio 15 12110
radio 15 12624
radio 15 12652
radio 15 13166
radio 15 13216
radio 15 13730
radio 15 13758
radio 15 14272
radio 15 14289
radio 15 14803
radio 15 14820
radio 15 15334
delay 21 0 15 15354 15 15900 0 6 6 0 335 0 0
radio 15 15361
radio 15 15876
radio 15 15942
radio 15 16455
radio 15 16472
radio 15 16986
radio 15 17016
radio 15 17530
radio 15 17547
radio 15 18061
radio 15 18078
radio 15 18592
radio 15 18627
radio 15 19141
radio 15 19192
radio 15 19706
radio 15 19723
radio 15 20237
radio 15 20267
radio 15 20781
radio 15 20798
radio 15 21312
radio 15 21329
radio 15 21843
radio 15 21872
radio 15 22386
radio 15 22457
radio 15 22971
radio 15 23000
radio 15 23514
radio 15 23544
radio 15 24058
radio 15 24132
radio 15 24646
radio 15 24682
radio 15 25196
radio 15 25213
radio 15 25727
radio 15 25744
radio 15 26258
radio 15 26289
radio 15 26803
radio 15 26852
radio 15 27366
radio 15 27383
radio 15 27897
radio 15 27953
radio 15 28467
radio 15 28484
radio 15 28998
radio 15 29068
radio 15 29582
radio 15 29612
radio 15 30126
radio 15 30143
radio 15 30657
radio 15 30685
radio 15 31199
radio 15 31252
radio 15 31766
radio 15 31783
radio 15 32297
radio 15 32333
radio 15 32847
radio 15 32878
energy 15 32949 7 31428
radio 15 33392
radio 15 33409
radio 15 33923
radio 15 33978
radio 15 34492
radio 15 34544
radio 15 35058
radio 15 35088
radio 15 35602
delay 22 0 15 35627 15 36173 0 6 6 0 128 1 0
radio 15 35636
radio 15 36149
radio 15 36191
radio 15 36704
radio 15 36720
radio 15 37234
radio 15 37266
radio 15 37780
radio 15 37813
radio 15 38327
radio 15 38396
radio 15 38910
radio 15 38927
radio 15 39441
radio 15 39458
radio 15 39972
radio 15 40008
radio 15 40522
radio 15 40595
radio 15 41109
radio 15 41142
radio 15 41656
radio 15 41687
radio 15 42201
radio 15 42230
radio 15 42744
radio 15 42794
radio 15 43308
radio 15 43325
radio 15 43839
radio 15 43871
radio 15 44385
radio 15 44402
radio 15 44916
radio 15 44946
radio 15 45460
radio 15 45513
radio 15 46027
radio 15 46061
radio 15 46575
radio 15 46606
radio 15 47120
radio 15 47137
radio 15 47651
radio 15 47668
radio 15 48182
radio 15 48199
radio 15 48713
radio 15 48763
radio 15 49277
radio 15 49306
radio 15 49820
radio 15 49855
radio 15 50369
radio 15 50386
radio 15 50900
radio 15 50975
radio 15 51489
radio 15 51519
radio 15 52033
radio 15 52063
radio 15 52577
radio 15 52594
radio 15 53108
radio 15 53125
radio 15 53639
radio 15 53812
radio 15 54326
radio 15 54374
radio 15 54888
radio 15 54905
radio 15 55419
radio 15 55491
radio 15 56005
delay 23 0 15 56025 15 56572 0 6 6 0 47 1 0
radio 15 56033
radio 15 56547
radio 15 56648
radio 15 57162
radio 15 57195
radio 15 57708
radio 15 57725
radio 15 58239
radio 15 58276
radio 15 58790
radio 15 58859
radio 15 59373
radio 15 59390
radio 15 59904
radio 15 59937
radio 15 60451
radio 15 60522
radio 15 61036
radio 15 61053
radio 15 61567
radio 15 61596
radio 15 62110
radio 15 62127
radio 15 62641
radio 15 62658
radio 15 63172
radio 15 63248
radio 15 63762
radio 15 63793
radio 15 64307
radio 15 64343
radio 15 64857
radio 15 64932
radio 15 65446
radio 15 65463
radio 16 441
radio 16 471
radio 16 985
radio 16 1020
radio 16 1534
radio 16 1585
radio 16 2099
radio 16 2116
radio 16 2630
radio 16 2647
radio 16 3161
radio 16 3178
radio 16 3692
radio 16 3724
radio 16 4238
radio 16 4255
radio 16 4769
radio 16 4841
radio 16 5355
radio 16 5388
radio 16 5902
radio 16 5919
radio 16 6433
radio 16 6450
radio 16 6964
radio 16 6981
radio 16 7495
radio 16 7566
radio 16 8080
radio 16 8128
radio 16 8642
radio 16 8675
radio 16 9189
radio 16 9279
radio 16 9793
radio 16 9824
radio 16 10338
radio 16 10387
radio 16 10901
radio 16 10918
radio 16 11432
delay 24 0 16 11452 16 11999 0 6 6 0 530 0 0
radio 16 11460
radio 16 11974
radio 16 11994
radio 16 12508
radio 16 12525
radio 16 13039
radio 16 13068
radio 16 13582
radio 16 13650
radio 16 14164
radio 16 14193
radio 16 14707
radio 16 14724
radio 16 15238
radio 16 15255
radio 16 15769
radio 16 15803
radio 16 16317
radio 16 16368
radio 16 16882
radio 16 16899
radio 16 17413
radio 16 17430
radio 16 17944
radio 16 17979
radio 16 18493
radio 16 18510
radio 16 19024
radio 16 19059
radio 16 19573
radio 16 19622
radio 16 20136
radio 16 20153
radio 16 20667
radio 16 20684
radio 16 21198
radio 16 21231
radio 16 21745
radio 16 21762
radio 16 22276
radio 16 22293
radio 16 22807
radio 16 22824
radio 16 23338
radio 16 23388
radio 16 23902
radio 16 23919
radio 16 24433
radio 16 24465
radio 16 24979
radio 16 24996
radio 16 25510
radio 16 25542
radio 16 26056
radio 16 26146
radio 16 26660
radio 16 26677
radio 16 27191
radio 16 27225
radio 16 27739
radio 16 27794
radio 16 28308
radio 16 28338
radio 16 28852
energy 16 28854 7 34703
radio 16 28893
radio 16 29407
radio 16 29483
radio 16 29997
radio 16 30026
radio 16 30540
radio 16 30575
radio 16 31089
radio 16 31106
radio 16 31620
delay 25 0 16 31636 16 32183 0 6 6 0 234 0 0
radio 16 31644
radio 16 32158
radio 16 32211
radio 16 32725
radio 16 32745
radio 16 33259
radio 16 33295
radio 16 33809
radio 16 33845
radio 16 34359
radio 16 34387
radio 16 34901
radio 16 34918
radio 16 35432
radio 16 35467
radio 16 35981
radio 16 36011
radio 16 36525
radio 16 36557
radio 16 37071
radio 16 37146
radio 16 37660
radio 16 37677
radio 16 38191
radio 16 38208
radio 16 38722
radio 16 38739
radio 16 39253
radio 16 39270
radio 16 39784
radio 16 39801
radio 16 40315
radio 16 40332
radio 16 40846
radio 16 40863
radio 16 41377
radio 16 41427
radio 16 41941
radio 16 41958
radio 16 42472
radio 16 42509
radio 16 43023
radio 16 43040
radio 16 43554
radio 16 43571
radio 16 44085
radio 16 44102
radio 16 44616
radio 16 44688
radio 16 45202
radio 16 45271
radio 16 45785
radio 16 45816
radio 16 46330
radio 16 46347
radio 16 46861
radio 16 46895
radio 16 47409
radio 16 47426
radio 16 47940
radio 16 47957
radio 16 48471
radio 16 48488
radio 16 49002
radio 16 49019
radio 16 49533
radio 16 49550
radio 16 50064
radio 16 50115
radio 16 50629
radio 16 50646
radio 16 51160
radio 16 51228
radio 16 51742
radio 16 51759
radio 16 52273
delay 26 0 16 52291 16 52838 0 6 6 0 409 0 0
radio 16 52298
radio 16 52813
radio 16 52834
radio 16 53348
radio 16 53400
radio 16 53914
radio 16 54024
radio 16 54538
radio 16 54573
radio 16 55087
radio 16 55122
radio 16 55636
radio 16 55686
radio 16 56200
radio 16 56233
radio 16 56747
radio 16 56764
radio 16 57278
radio 16 57295
radio 16 57809
radio 16 57839
radio 16 58353
radio 16 58370
radio 16 58884
radio 16 58934
radio 16 59448
radio 16 59479
radio 16 59993
radio 16 60010
radio 16 60524
radio 16 60541
radio 16 61055
radio 16 61072
radio 16 61586
radio 16 61603
radio 16 62117
radio 16 62134
radio 16 62648
radio 16 62665
radio 16 63179
radio 16 63196
radio 16 63710
radio 16 63763
radio 16 64277
radio 16 64294
radio 16 64808
radio 16 64825
radio 16 65339
radio 16 65356
radio 17 334
radio 17 351
radio 17 864
radio 17 881
radio 17 1394
radio 17 1425
radio 17 1939
radio 17 1956
radio 17 2470
radio 17 2523
radio 17 3037
radio 17 3054
radio 17 3568
radio 17 3597
radio 17 4111
radio 17 4161
radio 17 4675
radio 17 4728
radio 17 5242
radio 17 5273
radio 17 5787
radio 17 5804
radio 17 6318
radio 17 6348
radio 17 6862
delay 27 0 17 6880 17 7427 0 6 6 0 54 1 0
radio 17 6887
radio 17 7401
radio 17 7420
radio 17 7933
radio 17 7970
radio 17 8484
radio 17 8501
radio 17 9015
radio 17 9032
radio 17 9546
radio 17 9563
radio 17 10077
radio 17 10127
radio 17 10641
radio 17 10670
radio 17 11184
radio 17 11213
radio 17 11727
radio 17 11744
radio 17 12258
radio 17 12289
radio 17 12803
radio 17 12833
radio 17 13347
radio 17 13364
radio 17 13878
radio 17 13895
radio 17 14409
radio 17 14441
radio 17 14955
radio 17 15005
radio 17 15519
radio 17 15555
radio 17 16069
radio 17 16086
radio 17 16600
radio 17 16632
radio 17 17146
radio 17 17163
radio 17 17677
radio 17 17727
radio 17 18241
radio 17 18258
radio 17 18772
radio 17 18789
radio 17 19303
radio 17 19320
radio 17 19834
radio 17 19865
radio 17 20379
radio 17 20396
radio 17 20910
radio 17 20927
radio 17 21441
radio 17 21458
radio 17 21972
radio 17 22044
radio 17 22558
radio 17 22575
radio 17 23089
radio 17 23123
radio 17 23637
radio 17 23671
radio 17 24185
radio 17 24215
radio 17 24729
radio 17 24746
energy 17 24757 7 37362
radio 17 25260
radio 17 25277
radio 17 25791
radio 17 25822
radio 17 26336
radio 17 26353
radio 17 26867
radio 17 26896
radio 17 27410
delay 28 0 17 27432 17 27979 0 6 6 0 126 0 0
radio 17 27439
radio 17 27954
radio 17 27980
radio 17 28493
radio 17 28510
radio 17 29024
radio 17 29041
radio 17 29555
radio 17 29572
radio 17 30086
radio 17 30118
radio 17 30632
radio 17 30649
radio 17 31163
radio 17 31195
radio 17 31709
radio 17 31740
radio 17 32254
radio 17 32306
radio 17 32820
radio 17 32837
radio 17 33351
radio 17 33382
radio 17 33896
radio 17 33913
radio 17 34427
radio 17 34458
radio 17 34972
radio 17 34989
radio 17 35503
radio 17 35556
radio 17 36070
radio 17 36101
radio 17 36615
radio 17 36646
radio 17 37160
radio 17 37177
radio 17 37691
radio 17 37720
radio 17 38234
radio 17 38266
radio 17 38780
radio 17 38797
radio 17 39311
radio 17 39328
radio 17 39842
radio 17 39859
radio 17 40373
radio 17 40390
radio 17 40904
radio 17 40921
radio 17 41435
radio 17 41452
radio 17 41966
radio 17 41983
radio 17 42497
radio 17 42528
radio 17 43042
radio 17 43059
radio 17 43573
radio 17 43627
radio 17 44141
radio 17 44159
radio 17 44672
radio 17 44704
radio 17 45218
radio 17 45312
radio 17 45826
radio 17 45857
radio 17 46371
radio 17 46388
radio 17 46902
radio 17 46919
radio 17 47433
radio 17 47608
radio 17 48122
delay 29 0 17 48143 17 48691 0 6 6 0 358 0 0
radio 17 48151
radio 17 48665
radio 17 48742
radio 17 49256
radio 17 49288
radio 17 49802
radio 17 49856
radio 17 50370
radio 17 50404
radio 17 50918
radio 17 50988
radio 17 51502
radio 17 51519
radio 17 52033
radio 17 52062
radio 17 52576
radio 17 52593
radio 17 53107
radio 17 53124
radio 17 53638
radio 17 53710
radio 17 54224
radio 17 54257
radio 17 54771
radio 17 54804
radio 17 55318
radio 17 55386
radio 17 55900
radio 17 55917
radio 17 56431
radio 17 56462
radio 17 56976
radio 17 57005
radio 17 57519
radio 17 57536
radio 17 58050
radio 17 58101
radio 17 58615
radio 17 58632
radio 17 59146
radio 17 59176
radio 17 59690
radio 17 59723
radio 17 60237
radio 17 60267
radio 17 60781
radio 17 60831
radio 17 61345
radio 17 61376
radio 17 61890
radio 17 61907
radio 17 62421
radio 17 62438
radio 17 62952
radio 17 62969
radio 17 63483
radio 17 63513
radio 17 64027
radio 17 64075
radio 17 64589
radio 17 64618
radio 17 65132
radio 17 65166
radio 18 144
radio 18 177
radio 18 691
radio 18 744
radio 18 1258
radio 18 1275
radio 18 1789
radio 18 1823
radio 18 2337
radio 18 2354
radio 18 2868
delay 30 14 18 3114 18 3578 7 6 65535 0 247 0 0
radio 18 3122
radio 18 3636
radio 18 3657
radio 18 4170
radio 18 4201
radio 18 4715
radio 18 4747
radio 18 5261
radio 18 5292
