Thread[Thread-1,5,main]tree 17 13 43 12 0 0
radio 7 11415
radio 7 11419
radio 7 11448
radio 7 11962
radio 7 11991
radio 7 12505
radio 7 12522
radio 7 13036
radio 7 13053
radio 7 13567
radio 7 13602
radio 7 14116
radio 7 14133
radio 7 14647
radio 7 14664
radio 7 15178
radio 7 15229
radio 7 15743
radio 7 15771
radio 7 16285
radio 7 16302
radio 7 16816
radio 7 16833
radio 7 17347
radio 7 17376
radio 7 17890
radio 7 17907
radio 7 18421
radio 7 18494
radio 7 19008
radio 7 19025
radio 7 19539
radio 7 19571
radio 7 20085
radio 7 20113
radio 7 20627
radio 7 20678
radio 7 21192
radio 7 21209
radio 7 21723
radio 7 21740
radio 7 22254
radio 7 22287
radio 7 22801
radio 7 22830
radio 7 23344
radio 7 23377
radio 7 23891
radio 7 23947
radio 7 24461
radio 7 24492
radio 7 25006
radio 7 25039
radio 7 25553
radio 7 25625
radio 7 26139
radio 7 26174
radio 7 26688
radio 7 26705
radio 7 27219
radio 7 27236
radio 7 27750
radio 7 27767
radio 7 28281
radio 7 28298
radio 7 28812
radio 7 28842
radio 7 29356
radio 7 29407
radio 7 29921
radio 7 29938
radio 7 30452
radio 7 30469
radio 7 30983
radio 7 31000
radio 7 31514
radio 7 31531
radio 7 32045
radio 7 32079
radio 7 32593
radio 7 32661
radio 7 33175
radio 7 33192
radio 7 33706
radio 7 33723
radio 7 34237
radio 7 34254
radio 7 34768
radio 7 34785
radio 7 35299
radio 7 35331
radio 7 35845
radio 7 35901
radio 7 36415
radio 7 36432
radio 7 36946
radio 7 36963
radio 7 37477
radio 7 37510
radio 7 38024
radio 7 38041
radio 7 38555
radio 7 38625
radio 7 39139
radio 7 39156
radio 7 39670
radio 7 39687
radio 7 40201
radio 7 40218
radio 7 40732
radio 7 40764
radio 7 41278
radio 7 41306
radio 7 41820
radio 7 41837
radio 7 42351
radio 7 42402
radio 7 42916
radio 7 42948
radio 7 43462
radio 7 43479
radio 7 43993
radio 7 44026
radio 7 44540
radio 7 44557
radio 7 45071
radio 7 45088
radio 7 45602
radio 7 45653
radio 7 46167
radio 7 46196
radio 7 46710
radio 7 46727
radio 7 47241
radio 7 47258
radio 7 47772
radio 7 47805
radio 7 48319
radio 7 48373
radio 7 48887
radio 7 48916
radio 7 49430
radio 7 49458
radio 7 49972
radio 7 50040
radio 7 50554
radio 7 50584
radio 7 51098
radio 7 51115
radio 7 51629
radio 7 51646
radio 7 52160
radio 7 52177
radio 7 52691
radio 7 52708
radio 7 53222
radio 7 53253
radio 7 53767
radio 7 53784
radio 7 54298
radio 7 54353
radio 7 54867
radio 7 54897
radio 7 55411
radio 7 55444
radio 7 55958
radio 7 55989
radio 7 56503
radio 7 56551
radio 7 57065
radio 7 57097
radio 7 57611
radio 7 57628
radio 7 58142
radio 7 58174
radio 7 58688
radio 7 58756
radio 7 59270
radio 7 59287
radio 7 59801
radio 7 59835
radio 7 60349
radio 7 60378
radio 7 60892
radio 7 60945
radio 7 61459
radio 7 61491
radio 7 62005
radio 7 62022
radio 7 62536
radio 7 62553
radio 7 63067
radio 7 63095
radio 7 63609
radio 7 63641
radio 7 64155
radio 7 64210
radio 7 64724
radio 7 64753
radio 7 65267
radio 7 65284
radio 8 262
radio 8 279
radio 8 792
radio 8 809
radio 8 1322
radio 8 1350
radio 8 1864
radio 8 1881
radio 8 2394
radio 8 2411
radio 8 2924
radio 8 2976
radio 8 3490
radio 8 3507
radio 8 4020
radio 8 4055
radio 8 4569
radio 8 4600
radio 8 5114
radio 8 5131
radio 8 5644
radio 8 5661
radio 8 6174
radio 8 6227
radio 8 6741
radio 8 6792
radio 8 7306
energy 8 7331 7 14080
radio 8 7338
radio 8 7851
radio 8 7905
radio 8 8419
radio 8 8449
radio 8 8963
radio 8 8980
radio 8 9493
radio 8 9527
radio 8 10041
radio 8 10058
radio 8 10572
radio 8 10626
radio 8 11140
radio 8 11174
radio 8 11688
radio 8 11717
radio 8 12231
radio 8 12260
radio 8 12774
radio 8 12830
radio 8 13344
radio 8 13372
radio 8 13886
radio 8 13921
radio 8 14435
radio 8 14452
radio 8 14966
radio 8 15019
radio 8 15533
radio 8 15565
radio 8 16079
radio 8 16114
radio 8 16628
radio 8 16645
radio 8 17159
radio 8 17207
radio 8 17721
radio 8 17738
radio 8 18252
radio 8 18284
radio 8 18798
radio 8 18815
radio 8 19329
radio 8 19362
radio 8 19876
radio 8 19893
radio 8 20407
radio 8 20437
radio 8 20951
radio 8 20968
radio 8 21482
radio 8 21535
radio 8 22049
radio 8 22066
radio 8 22580
radio 8 22614
radio 8 23128
radio 8 23161
radio 8 23675
radio 8 23726
radio 8 24240
radio 8 24272
radio 8 24786
radio 8 24803
radio 8 25317
radio 8 25348
radio 8 25862
radio 8 25879
radio 8 26393
radio 8 26410
radio 8 26924
radio 8 26941
radio 8 27455
radio 8 27472
radio 8 27986
radio 8 28035
radio 8 28549
radio 8 28566
radio 8 29080
radio 8 29097
radio 8 29611
radio 8 29641
radio 8 30155
radio 8 30184
radio 8 30698
radio 8 30715
radio 8 31229
radio 8 31246
radio 8 31760
radio 8 31813
radio 8 32327
radio 8 32361
radio 8 32875
radio 8 32892
radio 8 33406
radio 8 33423
radio 8 33937
radio 8 33965
radio 8 34479
radio 8 34496
radio 8 35010
radio 8 35064
radio 8 35578
radio 8 35612
radio 8 36126
radio 8 36143
radio 8 36657
radio 8 36674
radio 8 37188
radio 8 37218
radio 8 37732
radio 8 37783
radio 8 38297
radio 8 38330
radio 8 38844
radio 8 38861
radio 8 39375
radio 8 39392
radio 8 39906
radio 8 39942
radio 8 40456
radio 8 40473
radio 8 40987
radio 8 41021
radio 8 41535
radio 8 41565
radio 8 42079
radio 8 42096
radio 8 42610
radio 8 42645
radio 8 43159
radio 8 43176
radio 8 43690
radio 8 43707
radio 8 44221
delay 0 49 8 44239 8 43083 9 13 4 0 185 0 0
radio 8 44246
radio 8 44761
radio 8 44804
radio 8 45317
radio 8 45340
radio 8 45853
radio 8 45870
radio 8 46384
radio 8 46401
radio 8 46915
radio 8 46932
radio 8 47446
radio 8 47463
radio 8 47977
radio 8 47994
radio 8 48508
radio 8 48537
radio 8 49051
radio 8 49103
radio 8 49617
radio 8 49634
radio 8 50148
radio 8 50165
radio 8 50679
radio 8 50696
radio 8 51210
radio 8 51227
radio 8 51741
radio 8 51791
radio 8 52305
radio 8 52322
radio 8 52836
radio 8 52890
radio 8 53404
radio 8 53438
radio 8 53952
radio 8 53989
radio 8 54503
radio 8 54520
radio 8 55034
radio 8 55051
radio 8 55565
radio 8 55616
radio 8 56130
radio 8 56147
radio 8 56661
radio 8 56678
radio 8 57192
radio 8 57209
radio 8 57723
radio 8 57753
radio 8 58267
radio 8 58284
radio 8 58798
radio 8 58868
radio 8 59382
radio 8 59410
radio 8 59924
radio 8 59953
radio 8 60467
radio 8 60484
radio 8 60998
radio 8 61015
radio 8 61529
radio 8 61578
radio 8 62092
radio 8 62109
radio 8 62623
radio 8 62640
radio 8 63154
radio 8 63171
radio 8 63685
radio 8 63702
radio 8 64216
radio 8 64233
radio 8 64747
radio 8 64764
radio 8 65278
delay 1 49 8 65347 8 64191 9 13 4 0 290 0 0
radio 8 65354
radio 9 333
radio 9 378
radio 9 891
radio 9 921
radio 9 1434
radio 9 1466
radio 9 1980
radio 9 2029
radio 9 2543
radio 9 2560
radio 9 3073
radio 9 3122
energy 9 3235 7 16660
radio 9 3636
radio 9 3665
radio 9 4179
radio 9 4227
radio 9 4741
radio 9 4758
radio 9 5271
radio 9 5288
radio 9 5801
radio 9 5818
radio 9 6331
radio 9 6359
radio 9 6873
radio 9 6890
radio 9 7403
radio 9 7420
radio 9 7933
radio 9 7965
radio 9 8479
radio 9 8531
radio 9 9045
radio 9 9078
radio 9 9592
radio 9 9609
radio 9 10122
radio 9 10156
radio 9 10670
radio 9 10722
radio 9 11236
radio 9 11253
radio 9 11767
radio 9 11784
radio 9 12298
radio 9 12315
radio 9 12829
radio 9 12862
radio 9 13376
radio 9 13393
radio 9 13907
radio 9 13924
radio 9 14438
radio 9 14455
radio 9 14969
radio 9 14986
radio 9 15500
radio 9 15517
radio 9 16031
radio 9 16086
radio 9 16600
radio 9 16630
radio 9 17144
radio 9 17161
radio 9 17675
radio 9 17703
radio 9 18217
radio 9 18234
radio 9 18748
radio 9 18801
radio 9 19315
radio 9 19332
radio 9 19846
delay 2 43 9 19926 9 19292 6 13 7 0 21 1 0
radio 9 19934
radio 9 20448
radio 9 20463
radio 9 20977
radio 9 20996
radio 9 21510
radio 9 21527
radio 9 22041
radio 9 22074
radio 9 22588
radio 9 22605
radio 9 23119
radio 9 23149
radio 9 23663
radio 9 23696
radio 9 24210
radio 9 24265
radio 9 24779
radio 9 24796
radio 9 25310
radio 9 25327
radio 9 25841
radio 9 25858
radio 9 26372
radio 9 26389
radio 9 26903
radio 9 26938
radio 9 27452
radio 9 27484
radio 9 27998
radio 9 28015
radio 9 28529
radio 9 28546
radio 9 29060
radio 9 29088
radio 9 29602
radio 9 29634
radio 9 30148
radio 9 30178
radio 9 30692
radio 9 30709
radio 9 31223
radio 9 31240
radio 9 31754
radio 9 31807
radio 9 32321
radio 9 32338
radio 9 32852
radio 9 32869
radio 9 33383
radio 9 33400
radio 9 33914
radio 9 33931
radio 9 34445
radio 9 34473
radio 9 34987
radio 9 35004
radio 9 35518
radio 9 35587
radio 9 36101
radio 9 36131
radio 9 36645
radio 9 36675
radio 9 37189
radio 9 37219
radio 9 37733
radio 9 37784
radio 9 38298
radio 9 38326
radio 9 38840
radio 9 38857
radio 9 39371
radio 9 39404
radio 9 39918
delay 3 49 9 39935 9 38779 9 13 4 0 83 1 0
radio 9 39943
radio 9 40457
radio 9 40615
radio 9 41128
radio 9 41159
radio 9 41673
radio 9 41690
radio 9 42204
radio 9 42221
radio 9 42735
radio 9 42768
radio 9 43282
radio 9 43299
radio 9 43813
radio 9 43830
radio 9 44344
radio 9 44378
radio 9 44892
radio 9 44909
radio 9 45423
radio 9 45440
radio 9 45954
radio 9 45971
radio 9 46485
radio 9 46502
radio 9 47016
radio 9 47033
radio 9 47547
radio 9 47564
radio 9 48078
radio 9 48095
radio 9 48609
radio 9 48683
radio 9 49197
radio 9 49229
radio 9 49743
radio 9 49773
radio 9 50287
radio 9 50318
radio 9 50832
radio 9 50886
radio 9 51400
radio 9 51430
radio 9 51944
radio 9 51961
radio 9 52475
radio 9 52505
radio 9 53019
radio 9 53048
radio 9 53562
radio 9 53579
radio 9 54093
radio 9 54110
radio 9 54624
radio 9 54655
radio 9 55169
radio 9 55198
radio 9 55712
radio 9 55729
radio 9 56243
radio 9 56271
radio 9 56785
radio 9 56802
radio 9 57316
radio 9 57333
radio 9 57847
radio 9 57864
radio 9 58378
radio 9 58395
radio 9 58909
radio 9 58926
radio 9 59440
radio 9 59492
radio 9 60006
radio 9 60041
radio 9 60555
radio 9 60583
radio 9 61097
delay 4 43 9 61118 9 60484 6 13 7 0 372 0 0
radio 9 61126
radio 9 61641
radio 9 61658
radio 9 62172
radio 9 62223
radio 9 62737
radio 9 62754
radio 9 63268
radio 9 63300
radio 9 63814
radio 9 63842
radio 9 64356
radio 9 64373
energy 9 64675 7 19145
radio 9 64887
radio 9 64904
radio 9 65418
radio 9 65471
radio 10 449
radio 10 482
radio 10 996
radio 10 1027
radio 10 1541
radio 10 1570
radio 10 2084
radio 10 2101
radio 10 2615
radio 10 2646
radio 10 3160
radio 10 3188
radio 10 3702
radio 10 3731
radio 10 4245
radio 10 4281
radio 10 4795
radio 10 4825
radio 10 5339
radio 10 5392
radio 10 5906
radio 10 5937
radio 10 6451
radio 10 6468
radio 10 6982
radio 10 6999
radio 10 7513
radio 10 7530
radio 10 8044
radio 10 8061
radio 10 8575
radio 10 8624
radio 10 9138
radio 10 9173
radio 10 9687
radio 10 9715
radio 10 10229
radio 10 10246
radio 10 10760
radio 10 10777
radio 10 11291
radio 10 11324
radio 10 11838
radio 10 11874
radio 10 12388
radio 10 12424
radio 10 12938
radio 10 12967
radio 10 13481
radio 10 13511
radio 10 14025
radio 10 14042
radio 10 14556
radio 10 14573
radio 10 15087
radio 10 15156
radio 10 15670
delay 5 43 10 15692 10 15057 6 13 7 0 128 0 0
radio 10 15700
radio 10 16214
radio 10 16292
radio 10 16806
radio 10 16822
radio 10 17336
radio 10 17353
radio 10 17867
radio 10 17884
radio 10 18398
radio 10 18435
radio 10 18949
radio 10 19025
radio 10 19539
radio 10 19572
radio 10 20086
radio 10 20103
radio 10 20617
radio 10 20648
radio 10 21162
radio 10 21213
radio 10 21727
radio 10 21758
radio 10 22272
radio 10 22302
radio 10 22816
radio 10 22833
radio 10 23347
radio 10 23377
radio 10 23891
radio 10 23944
radio 10 24458
radio 10 24489
radio 10 25003
radio 10 25020
radio 10 25534
radio 10 25563
radio 10 26077
radio 10 26094
radio 10 26608
radio 10 26625
radio 10 27139
radio 10 27189
radio 10 27703
radio 10 27720
radio 10 28234
radio 10 28264
radio 10 28778
radio 10 28811
radio 10 29325
radio 10 29342
radio 10 29856
radio 10 29873
radio 10 30387
radio 10 30404
radio 10 30918
radio 10 30935
radio 10 31449
radio 10 31482
radio 10 31996
radio 10 32013
radio 10 32527
radio 10 32557
radio 10 33071
radio 10 33088
radio 10 33602
radio 10 33619
radio 10 34133
radio 10 34166
radio 10 34680
radio 10 34711
radio 10 35225
radio 10 35258
radio 10 35772
radio 10 35802
radio 10 36316
delay 6 43 10 36351 10 35716 6 13 7 0 487 0 0
radio 10 36359
radio 10 36873
radio 10 36927
radio 10 37440
radio 10 37457
radio 10 37971
radio 10 38002
radio 10 38516
radio 10 38533
radio 10 39047
radio 10 39076
radio 10 39590
radio 10 39607
radio 10 40121
radio 10 40152
radio 10 40666
radio 10 40715
radio 10 41229
radio 10 41265
radio 10 41779
radio 10 41796
radio 10 42310
radio 10 42342
radio 10 42856
radio 10 42873
radio 10 43387
radio 10 43404
radio 10 43918
radio 10 43935
radio 10 44449
radio 10 44485
radio 10 44999
radio 10 45016
radio 10 45530
radio 10 45585
radio 10 46099
radio 10 46134
radio 10 46648
radio 10 46699
radio 10 47213
radio 10 47230
radio 10 47744
radio 10 47775
radio 10 48289
radio 10 48324
radio 10 48838
radio 10 48867
radio 10 49381
radio 10 49434
radio 10 49948
radio 10 49985
radio 10 50499
radio 10 50530
radio 10 51044
radio 10 51080
radio 10 51594
radio 10 51611
radio 10 52125
radio 10 52142
radio 10 52656
radio 10 52673
radio 10 53187
radio 10 53221
radio 10 53735
radio 10 53752
radio 10 54266
radio 10 54283
radio 10 54797
radio 10 54814
radio 10 55328
radio 10 55345
radio 10 55859
radio 10 55876
radio 10 56390
radio 10 56407
radio 10 56921
delay 7 49 10 56963 10 55805 9 13 4 0 457 0 0
radio 10 56970
radio 10 57485
radio 10 57502
radio 10 58015
radio 10 58032
radio 10 58546
radio 10 58579
radio 10 59093
radio 10 59124
radio 10 59638
radio 10 59655
radio 10 60169
radio 10 60186
energy 10 60579 7 21733
radio 10 60700
radio 10 60728
radio 10 61242
radio 10 61272
radio 10 61786
radio 10 61817
radio 10 62331
radio 10 62348
radio 10 62862
radio 10 62879
radio 10 63393
radio 10 63410
radio 10 63924
radio 10 63957
radio 10 64471
radio 10 64523
radio 10 65037
radio 10 65054
radio 11 32
radio 11 80
radio 11 593
radio 11 623
radio 11 1137
radio 11 1154
radio 11 1668
radio 11 1724
radio 11 2238
radio 11 2268
radio 11 2782
radio 11 2816
radio 11 3330
radio 11 3387
radio 11 3901
radio 11 3918
radio 11 4432
radio 11 4462
radio 11 4976
radio 11 5030
radio 11 5544
radio 11 5598
radio 11 6112
radio 11 6142
radio 11 6656
radio 11 6685
radio 11 7199
radio 11 7216
radio 11 7730
radio 11 7765
radio 11 8279
radio 11 8330
radio 11 8844
radio 11 8861
radio 11 9375
radio 11 9405
radio 11 9919
radio 11 9936
radio 11 10450
radio 11 10479
radio 11 10993
radio 11 11010
radio 11 11524
delay 8 49 11 11554 11 10396 9 13 4 0 108 0 0
radio 11 11562
radio 11 12076
radio 11 12121
radio 11 12635
radio 11 12657
radio 11 13170
radio 11 13198
radio 11 13712
radio 11 13729
radio 11 14243
radio 11 14260
radio 11 14774
radio 11 14791
radio 11 15305
radio 11 15356
radio 11 15870
radio 11 15887
radio 11 16401
radio 11 16418
radio 11 16932
radio 11 16963
radio 11 17477
radio 11 17494
radio 11 18008
radio 11 18025
radio 11 18539
radio 11 18556
radio 11 19070
radio 11 19120
radio 11 19634
radio 11 19668
radio 11 20182
radio 11 20211
radio 11 20725
radio 11 20754
radio 11 21268
radio 11 21317
radio 11 21831
radio 11 21848
radio 11 22362
radio 11 22379
radio 11 22893
radio 11 22910
radio 11 23424
radio 11 23441
radio 11 23955
radio 11 23972
radio 11 24486
radio 11 24503
radio 11 25017
radio 11 25046
radio 11 25560
radio 11 25588
radio 11 26102
radio 11 26137
radio 11 26651
radio 11 26668
radio 11 27182
radio 11 27213
radio 11 27727
radio 11 27744
radio 11 28258
radio 11 28287
radio 11 28801
radio 11 28818
radio 11 29332
radio 11 29349
radio 11 29863
radio 11 29936
radio 11 30450
radio 11 30501
radio 11 31015
radio 11 31032
radio 11 31546
radio 11 31598
radio 11 32112
delay 9 43 11 32191 11 31555 6 13 7 0 527 0 0
radio 11 32198
radio 11 32713
radio 11 32788
radio 11 33301
radio 11 33330
radio 11 33844
radio 11 33861
radio 11 34375
radio 11 34425
radio 11 34939
radio 11 34956
radio 11 35470
radio 11 35487
radio 11 36001
radio 11 36018
radio 11 36532
radio 11 36582
radio 11 37096
radio 11 37167
radio 11 37681
radio 11 37698
radio 11 38212
radio 11 38229
radio 11 38743
radio 11 38760
radio 11 39274
radio 11 39291
radio 11 39805
radio 11 39838
radio 11 40352
radio 11 40404
radio 11 40918
radio 11 40947
radio 11 41461
radio 11 41497
radio 11 42011
radio 11 42043
radio 11 42557
radio 11 42608
radio 11 43122
radio 11 43139
radio 11 43653
radio 11 43670
radio 11 44184
radio 11 44201
radio 11 44715
radio 11 44732
radio 11 45246
radio 11 45263
radio 11 45777
radio 11 45794
radio 11 46308
radio 11 46325
radio 11 46839
radio 11 46856
radio 11 47370
radio 11 47387
radio 11 47901
radio 11 47955
radio 11 48469
radio 11 48498
radio 11 49012
radio 11 49029
radio 11 49543
radio 11 49573
radio 11 50087
radio 11 50120
radio 11 50634
radio 11 50690
radio 11 51204
radio 11 51232
radio 11 51746
radio 11 51763
radio 11 52277
delay 10 49 11 52293 11 51135 9 13 4 0 75 1 0
radio 11 52301
radio 11 52816
radio 11 52868
radio 11 53381
radio 11 53398
radio 11 53912
radio 11 53929
radio 11 54443
radio 11 54477
radio 11 54991
radio 11 55023
radio 11 55537
radio 11 55554
radio 11 56068
radio 11 56085
energy 11 56483 7 24408
radio 11 56599
radio 11 56616
radio 11 57130
radio 11 57186
radio 11 57700
radio 11 57717
radio 11 58231
radio 11 58248
radio 11 58762
radio 11 58779
radio 11 59293
radio 11 59327
radio 11 59841
radio 11 59858
radio 11 60372
radio 11 60405
radio 11 60919
radio 11 60970
radio 11 61484
radio 11 61533
radio 11 62047
radio 11 62064
radio 11 62578
radio 11 62634
radio 11 63148
radio 11 63165
radio 11 63679
radio 11 63696
radio 11 64210
radio 11 64258
radio 11 64772
radio 11 64789
radio 11 65303
radio 11 65320
radio 12 298
radio 12 352
radio 12 866
radio 12 883
radio 12 1396
radio 12 1430
radio 12 1944
radio 12 1974
radio 12 2488
radio 12 2517
radio 12 3031
radio 12 3048
radio 12 3562
radio 12 3611
radio 12 4125
radio 12 4156
radio 12 4670
radio 12 4700
radio 12 5214
radio 12 5231
radio 12 5745
radio 12 5774
radio 12 6288
radio 12 6337
radio 12 6851
radio 12 6882
radio 12 7396
radio 12 7413
radio 12 7927
delay 11 43 12 8107 12 7471 6 13 7 0 264 0 0
radio 12 8115
radio 12 8629
radio 12 8646
radio 12 9160
radio 12 9194
radio 12 9708
radio 12 9739
radio 12 10253
radio 12 10270
radio 12 10784
radio 12 10801
radio 12 11315
radio 12 11332
radio 12 11846
radio 12 11898
radio 12 12412
radio 12 12461
radio 12 12975
radio 12 13010
radio 12 13524
radio 12 13575
radio 12 14089
radio 12 14106
radio 12 14620
radio 12 14637
radio 12 15151
radio 12 15168
radio 12 15682
radio 12 15699
radio 12 16213
radio 12 16248
radio 12 16762
radio 12 16779
radio 12 17293
radio 12 17310
radio 12 17824
radio 12 17875
radio 12 18389
radio 12 18406
radio 12 18920
radio 12 18955
radio 12 19469
radio 12 19486
radio 12 20000
radio 12 20030
radio 12 20544
radio 12 20561
radio 12 21075
radio 12 21125
radio 12 21639
radio 12 21668
radio 12 22182
radio 12 22211
radio 12 22725
radio 12 22742
radio 12 23256
radio 12 23285
radio 12 23799
radio 12 23850
radio 12 24364
radio 12 24381
radio 12 24895
radio 12 24929
radio 12 25443
radio 12 25478
radio 12 25992
radio 12 26009
radio 12 26523
radio 12 26558
radio 12 27072
radio 12 27105
radio 12 27619
radio 12 27636
radio 12 28150
delay 12 43 12 28173 12 27537 6 13 7 0 551 0 0
radio 12 28181
radio 12 28696
radio 12 28713
radio 12 29227
radio 12 29257
radio 12 29771
radio 12 29827
radio 12 30341
radio 12 30358
radio 12 30872
radio 12 30904
radio 12 31418
radio 12 31435
radio 12 31949
radio 12 32025
radio 12 32539
radio 12 32593
radio 12 33107
radio 12 33137
radio 12 33651
radio 12 33704
radio 12 34218
radio 12 34235
radio 12 34749
radio 12 34766
radio 12 35280
radio 12 35297
radio 12 35811
radio 12 35828
radio 12 36342
radio 12 36359
radio 12 36873
radio 12 36909
radio 12 37423
radio 12 37475
radio 12 37989
radio 12 38006
radio 12 38520
radio 12 38537
radio 12 39051
radio 12 39068
radio 12 39582
radio 12 39599
radio 12 40113
radio 12 40130
radio 12 40644
radio 12 40661
radio 12 41175
radio 12 41210
radio 12 41724
radio 12 41796
radio 12 42310
radio 12 42327
radio 12 42841
radio 12 42858
radio 12 43372
radio 12 43389
radio 12 43903
radio 12 43933
radio 12 44447
radio 12 44464
radio 12 44978
radio 12 45030
radio 12 45544
radio 12 45574
radio 12 46088
radio 12 46105
radio 12 46619
radio 12 46655
radio 12 47169
radio 12 47186
radio 12 47700
radio 12 47717
radio 12 48231
radio 12 48282
radio 12 48796
delay 13 43 12 48935 12 48299 6 13 7 0 501 0 0
radio 12 48945
radio 12 49458
radio 12 49538
radio 12 50052
radio 12 50082
radio 12 50596
radio 12 50630
radio 12 51144
radio 12 51161
radio 12 51675
radio 12 51703
radio 12 52217
radio 12 52289
energy 12 52387 7 27386
radio 12 52803
radio 12 52832
radio 12 53346
radio 12 53380
radio 12 53894
radio 12 53943
radio 12 54457
radio 12 54474
radio 12 54988
radio 12 55019
radio 12 55533
radio 12 55565
radio 12 56079
radio 12 56131
radio 12 56645
radio 12 56662
radio 12 57176
radio 12 57250
radio 12 57764
radio 12 57781
radio 12 58295
radio 12 58350
radio 12 58864
radio 12 58900
radio 12 59414
radio 12 59446
radio 12 59960
radio 12 59977
radio 12 60491
radio 12 60508
radio 12 61022
radio 12 61073
radio 12 61587
radio 12 61604
radio 12 62118
radio 12 62135
radio 12 62649
radio 12 62666
radio 12 63180
radio 12 63197
radio 12 63711
radio 12 63728
radio 12 64242
radio 12 64274
radio 12 64788
radio 12 64805
radio 12 65319
radio 12 65336
radio 13 314
radio 13 365
radio 13 879
radio 13 930
radio 13 1444
radio 13 1461
radio 13 1975
radio 13 1992
radio 13 2506
radio 13 2576
radio 13 3090
radio 13 3107
radio 13 3621
delay 14 43 13 3727 13 3090 6 13 7 0 393 0 0
radio 13 3734
radio 13 4249
radio 13 4266
radio 13 4780
radio 13 4814
radio 13 5328
radio 13 5345
radio 13 5859
radio 13 5876
radio 13 6390
radio 13 6407
radio 13 6921
radio 13 6971
radio 13 7485
radio 13 7502
radio 13 8016
radio 13 8033
radio 13 8547
radio 13 8564
radio 13 9078
radio 13 9111
radio 13 9625
radio 13 9642
radio 13 10156
radio 13 10173
radio 13 10687
radio 13 10740
radio 13 11254
radio 13 11287
radio 13 11801
radio 13 11818
radio 13 12332
radio 13 12382
radio 13 12896
radio 13 12928
radio 13 13442
radio 13 13476
radio 13 13990
radio 13 14007
radio 13 14521
radio 13 14538
radio 13 15052
radio 13 15088
radio 13 15602
radio 13 15631
radio 13 16145
radio 13 16179
radio 13 16693
radio 13 16710
radio 13 17224
radio 13 17256
radio 13 17770
radio 13 17805
radio 13 18319
radio 13 18348
radio 13 18862
radio 13 18879
radio 13 19393
radio 13 19441
radio 13 19955
radio 13 19984
radio 13 20498
radio 13 20529
radio 13 21043
radio 13 21060
radio 13 21574
radio 13 21646
radio 13 22160
radio 13 22177
radio 13 22691
radio 13 22708
radio 13 23222
radio 13 23255
radio 13 23769
delay 15 49 13 23785 13 22625 9 13 4 0 93 0 0
radio 13 23793
radio 13 24307
radio 13 24355
radio 13 24869
radio 13 25102
radio 13 25616
radio 13 25633
radio 13 26147
radio 13 26184
radio 13 26698
radio 13 26715
radio 13 27229
radio 13 27246
radio 13 27760
radio 13 27848
radio 13 28362
radio 13 28379
radio 13 28893
radio 13 28924
radio 13 29438
radio 13 29455
radio 13 29969
radio 13 29986
radio 13 30500
radio 13 30572
radio 13 31086
radio 13 31123
radio 13 31637
radio 13 31667
radio 13 32181
radio 13 32230
radio 13 32744
radio 13 32774
radio 13 33288
radio 13 33318
radio 13 33832
radio 13 33864
radio 13 34378
radio 13 34395
radio 13 34909
radio 13 34960
radio 13 35474
radio 13 35504
radio 13 36018
radio 13 36035
radio 13 36549
radio 13 36577
radio 13 37091
radio 13 37123
radio 13 37637
radio 13 37654
radio 13 38168
radio 13 38219
radio 13 38733
radio 13 38761
radio 13 39275
radio 13 39292
radio 13 39806
radio 13 39823
radio 13 40337
radio 13 40367
radio 13 40881
radio 13 40898
radio 13 41412
radio 13 41469
radio 13 41983
radio 13 42014
radio 13 42528
radio 13 42562
radio 13 43076
radio 13 43107
radio 13 43621
radio 13 43671
radio 13 44185
radio 13 44215
radio 13 44729
delay 16 43 13 44882 13 44245 6 13 7 0 228 0 0
radio 13 44890
radio 13 45405
radio 13 45483
radio 13 45997
radio 13 46014
radio 13 46528
radio 13 46545
radio 13 47059
radio 13 47076
radio 13 47590
radio 13 47644
radio 13 48158
radio 13 48175
energy 13 48291 7 30564
radio 13 48689
radio 13 48706
radio 13 49220
radio 13 49253
radio 13 49767
radio 13 49799
radio 13 50313
radio 13 50330
radio 13 50844
radio 13 50894
radio 13 51408
radio 13 51437
radio 13 51951
radio 13 51984
radio 13 52498
radio 13 52533
radio 13 53047
radio 13 53064
radio 13 53578
radio 13 53614
radio 13 54128
radio 13 54162
radio 13 54676
radio 13 54728
radio 13 55242
radio 13 55272
radio 13 55786
radio 13 55836
radio 13 56350
radio 13 56367
radio 13 56881
radio 13 56898
radio 13 57412
radio 13 57441
radio 13 57955
radio 13 57972
radio 13 58486
radio 13 58503
radio 13 59017
radio 13 59034
radio 13 59548
radio 13 59565
radio 13 60079
radio 13 60133
radio 13 60647
radio 13 60664
radio 13 61178
radio 13 61195
radio 13 61709
radio 13 61744
radio 13 62258
radio 13 62333
radio 13 62847
radio 13 62879
radio 13 63393
radio 13 63410
radio 13 63924
radio 13 63941
radio 13 64455
radio 13 64472
radio 13 64986
delay 17 49 13 65088 13 63928 9 13 4 0 436 0 0
radio 13 65096
radio 14 75
radio 14 93
radio 14 606
radio 14 639
radio 14 1153
radio 14 1206
radio 14 1720
radio 14 1737
radio 14 2251
radio 14 2284
radio 14 2798
radio 14 2815
radio 14 3329
radio 14 3346
radio 14 3860
radio 14 3914
radio 14 4428
radio 14 4445
radio 14 4959
radio 14 4990
radio 14 5504
radio 14 5538
radio 14 6052
radio 14 6069
radio 14 6583
radio 14 6615
radio 14 7129
radio 14 7163
radio 14 7677
radio 14 7694
radio 14 8208
radio 14 8225
radio 14 8739
radio 14 8768
radio 14 9282
radio 14 9299
radio 14 9813
radio 14 9830
radio 14 10344
radio 14 10361
radio 14 10875
radio 14 10908
radio 14 11422
radio 14 11474
radio 14 11988
radio 14 12005
radio 14 12519
radio 14 12536
radio 14 13050
radio 14 13067
radio 14 13581
radio 14 13598
radio 14 14112
radio 14 14148
radio 14 14662
radio 14 14691
radio 14 15205
radio 14 15257
radio 14 15771
radio 14 15803
radio 14 16317
radio 14 16349
radio 14 16863
radio 14 16918
radio 14 17432
radio 14 17449
radio 14 17963
radio 14 17980
radio 14 18494
radio 14 18524
radio 14 19038
radio 14 19069
radio 14 19583
radio 14 19617
radio 14 20131
radio 14 20206
radio 14 20720
radio 14 20737
radio 14 21251
radio 14 21268
radio 14 21782
radio 14 21799
radio 14 22313
radio 14 22347
radio 14 22861
radio 14 22912
radio 14 23426
radio 14 23459
radio 14 23973
radio 14 23990
radio 14 24504
radio 14 24541
radio 14 25055
radio 14 25104
radio 14 25618
radio 14 25647
radio 14 26161
radio 14 26190
radio 14 26704
radio 14 26735
radio 14 27249
radio 14 27278
radio 14 27792
radio 14 27840
radio 14 28354
radio 14 28371
radio 14 28885
radio 14 28919
radio 14 29433
radio 14 29450
radio 14 29964
radio 14 29981
radio 14 30495
radio 14 30512
radio 14 31026
radio 14 31043
radio 14 31557
radio 14 31574
radio 14 32088
radio 14 32120
radio 14 32634
radio 14 32651
radio 14 33165
radio 14 33202
radio 14 33716
radio 14 33748
radio 14 34262
radio 14 34298
radio 14 34812
radio 14 34866
radio 14 35380
radio 14 35397
radio 14 35911
radio 14 35928
radio 14 36442
radio 14 36492
radio 14 37006
radio 14 37023
radio 14 37537
radio 14 37591
radio 14 38105
radio 14 38122
radio 14 38636
radio 14 38665
radio 14 39179
radio 14 39196
radio 14 39710
radio 14 39747
radio 14 40261
delay 19 24 14 40366 14 39766 5 13 8 0 233 0 0
radio 14 40374
radio 14 40889
radio 14 41027
radio 14 41540
radio 14 41569
radio 14 42083
radio 14 42114
radio 14 42628
radio 14 42659
radio 14 43173
radio 14 43190
radio 14 43704
radio 14 43734
energy 14 44195 7 33417
radio 14 44248
radio 14 44304
radio 14 44818
radio 14 44853
radio 14 45367
radio 14 45384
radio 14 45898
radio 14 45935
radio 14 46449
radio 14 46502
radio 14 47016
radio 14 47033
radio 14 47547
radio 14 47564
radio 14 48078
radio 14 48095
radio 14 48609
radio 14 48626
radio 14 49140
radio 14 49157
radio 14 49671
radio 14 49700
radio 14 50214
radio 14 50231
radio 14 50745
radio 14 50796
radio 14 51310
radio 14 51545
radio 14 52059
radio 14 52076
radio 14 52590
radio 14 52626
radio 14 53140
radio 14 53157
radio 14 53671
radio 14 53724
radio 14 54238
radio 14 54271
radio 14 54785
radio 14 54897
radio 14 55411
radio 14 55520
radio 14 56034
radio 14 56051
radio 14 56565
radio 14 56674
radio 14 57188
radio 14 57223
radio 14 57737
radio 14 57767
radio 14 58281
radio 14 58314
radio 14 58828
radio 14 58879
radio 14 59393
radio 14 59422
radio 14 59936
radio 14 60025
radio 14 60539
radio 14 60556
radio 14 61070
delay 20 43 14 61089 14 60451 6 13 7 0 224 0 0
radio 14 61097
radio 14 61612
radio 14 61627
radio 14 62141
radio 14 62158
radio 14 62672
radio 14 62689
radio 14 63203
radio 14 63239
radio 14 63753
radio 14 63788
radio 14 64302
radio 14 64319
radio 14 64833
radio 14 64864
radio 14 65378
radio 14 65430
radio 15 408
radio 15 464
radio 15 978
radio 15 1026
radio 15 1540
radio 15 1557
radio 15 2071
radio 15 2088
radio 15 2602
radio 15 2637
radio 15 3151
radio 15 3180
radio 15 3694
radio 15 3711
radio 15 4225
radio 15 4259
radio 15 4773
radio 15 4823
radio 15 5337
radio 15 5389
radio 15 5903
radio 15 5934
radio 15 6448
radio 15 6482
radio 15 6996
radio 15 7013
radio 15 7527
radio 15 7544
radio 15 8058
radio 15 8089
radio 15 8603
radio 15 8633
radio 15 9147
radio 15 9164
radio 15 9678
radio 15 9715
radio 15 10229
radio 15 10262
radio 15 10776
radio 15 10809
radio 15 11323
radio 15 11379
radio 15 11893
radio 15 11924
radio 15 12438
radio 15 12455
radio 15 12969
radio 15 13004
radio 15 13518
radio 15 13535
radio 15 14049
radio 15 14106
radio 15 14620
radio 15 14649
radio 15 15163
radio 15 15180
radio 15 15694
delay 21 43 15 15875 15 15237 6 13 7 0 376 0 0
radio 15 15883
radio 15 16398
radio 15 16447
radio 15 16960
radio 15 16978
radio 15 17491
radio 15 17508
radio 15 18022
radio 15 18039
radio 15 18553
radio 15 18570
radio 15 19084
radio 15 19136
radio 15 19650
radio 15 19683
radio 15 20197
radio 15 20286
radio 15 20800
radio 15 20817
radio 15 21331
radio 15 21348
radio 15 21862
radio 15 21897
radio 15 22411
radio 15 22440
radio 15 22954
radio 15 23008
radio 15 23522
radio 15 23553
radio 15 24067
radio 15 24084
radio 15 24598
radio 15 24627
radio 15 25141
radio 15 25158
radio 15 25672
radio 15 25689
radio 15 26203
radio 15 26220
radio 15 26734
radio 15 26784
radio 15 27298
radio 15 27315
radio 15 27829
radio 15 27846
radio 15 28360
radio 15 28395
radio 15 28909
radio 15 28940
radio 15 29454
radio 15 29506
radio 15 30020
radio 15 30037
radio 15 30551
radio 15 30582
radio 15 31096
radio 15 31130
radio 15 31644
radio 15 31661
radio 15 32175
radio 15 32192
radio 15 32706
radio 15 32723
radio 15 33237
radio 15 33254
radio 15 33768
radio 15 33820
radio 15 34334
radio 15 34351
radio 15 34865
radio 15 34882
radio 15 35396
radio 15 35430
radio 15 35944
delay 22 43 15 35960 15 35321 6 13 7 0 173 1 0
radio 15 35967
radio 15 36482
radio 15 36499
radio 15 37012
radio 15 37053
radio 15 37567
radio 15 37598
radio 15 38112
radio 15 38144
radio 15 38658
radio 15 38691
radio 15 39205
radio 15 39222
radio 15 39736
radio 15 39753
energy 15 40099 7 36730
radio 15 40267
radio 15 40319
radio 15 40833
radio 15 40850
radio 15 41364
radio 15 41381
radio 15 41895
radio 15 41923
radio 15 42437
radio 15 42454
radio 15 42968
radio 15 43002
radio 15 43516
radio 15 43567
radio 15 44081
radio 15 44098
radio 15 44612
radio 15 44629
radio 15 45143
radio 15 45177
radio 15 45691
radio 15 45708
radio 15 46222
radio 15 46251
radio 15 46765
radio 15 46782
radio 15 47296
radio 15 47326
radio 15 47840
radio 15 47857
radio 15 48371
radio 15 48442
radio 15 48956
radio 15 49012
radio 15 49526
radio 15 49556
radio 15 50070
radio 15 50087
radio 15 50601
radio 15 50618
radio 15 51132
radio 15 51149
radio 15 51663
radio 15 51680
radio 15 52194
radio 15 52263
radio 15 52777
radio 15 52794
radio 15 53308
radio 15 53339
radio 15 53853
radio 15 53882
radio 15 54396
radio 15 54426
radio 15 54940
radio 15 54995
radio 15 55509
radio 15 55526
radio 15 56040
radio 15 56076
radio 15 56590
delay 23 49 15 56663 15 55501 9 13 4 0 235 0 0
radio 15 56671
radio 15 57186
radio 15 57204
radio 15 57718
radio 15 57735
radio 15 58249
radio 15 58298
radio 15 58812
radio 15 58840
radio 15 59354
radio 15 59405
radio 15 59919
radio 15 59949
radio 15 60463
radio 15 60492
radio 15 61006
radio 15 61023
radio 15 61537
radio 15 61592
radio 15 62106
radio 15 62123
radio 15 62637
radio 15 62666
radio 15 63180
radio 15 63197
radio 15 63711
radio 15 63742
radio 15 64256
radio 15 64288
radio 15 64802
radio 15 64850
radio 15 65364
radio 15 65395
radio 16 373
radio 16 405
radio 16 919
radio 16 951
radio 16 1465
radio 16 1518
radio 16 2032
radio 16 2061
radio 16 2575
radio 16 2592
radio 16 3106
radio 16 3123
radio 16 3637
radio 16 3668
radio 16 4182
radio 16 4211
radio 16 4725
radio 16 4755
radio 16 5269
radio 16 5299
radio 16 5813
radio 16 5830
radio 16 6344
radio 16 6361
radio 16 6875
radio 16 6911
radio 16 7425
radio 16 7442
radio 16 7956
radio 16 7973
radio 16 8487
radio 16 8504
radio 16 9018
radio 16 9074
radio 16 9588
radio 16 9619
radio 16 10133
radio 16 10167
radio 16 10681
radio 16 10713
radio 16 11227
radio 16 11277
radio 16 11791
delay 24 49 16 11810 16 10648 9 13 4 0 286 0 0
radio 16 11818
radio 16 12333
radio 16 12463
radio 16 12977
radio 16 12994
radio 16 13508
radio 16 13537
radio 16 14051
radio 16 14100
radio 16 14614
radio 16 14670
radio 16 15184
radio 16 15201
radio 16 15715
radio 16 15732
radio 16 16246
radio 16 16298
radio 16 16812
radio 16 16829
radio 16 17343
radio 16 17360
radio 16 17874
radio 16 17909
radio 16 18423
radio 16 18456
radio 16 18970
radio 16 18999
radio 16 19513
radio 16 19541
radio 16 20055
radio 16 20072
radio 16 20586
radio 16 20618
radio 16 21132
radio 16 21162
radio 16 21676
radio 16 21693
radio 16 22207
radio 16 22224
radio 16 22738
radio 16 22767
radio 16 23281
radio 16 23335
radio 16 23849
radio 16 23881
radio 16 24395
radio 16 24424
radio 16 24938
radio 16 24955
radio 16 25469
radio 16 25502
radio 16 26016
radio 16 26065
radio 16 26579
radio 16 26596
radio 16 27110
radio 16 27127
radio 16 27641
radio 16 27692
radio 16 28206
radio 16 28223
radio 16 28737
radio 16 28768
radio 16 29282
radio 16 29299
radio 16 29813
radio 16 29830
radio 16 30344
radio 16 30380
radio 16 30894
radio 16 30911
radio 16 31425
radio 16 31442
radio 16 31956
delay 25 43 16 32031 16 31392 6 13 7 0 273 0 0
radio 16 32039
radio 16 32554
radio 16 32689
radio 16 33203
radio 16 33234
radio 16 33748
radio 16 33765
radio 16 34279
radio 16 34309
radio 16 34823
radio 16 34851
radio 16 35365
radio 16 35382
radio 16 35896
radio 16 35932
energy 16 36003 7 39681
radio 16 36446
radio 16 36478
radio 16 36992
radio 16 37009
radio 16 37523
radio 16 37556
radio 16 38070
radio 16 38121
radio 16 38635
radio 16 38652
radio 16 39166
radio 16 39195
radio 16 39709
radio 16 39726
radio 16 40240
radio 16 40257
radio 16 40771
radio 16 40788
radio 16 41302
radio 16 41359
radio 16 41873
radio 16 41890
radio 16 42404
radio 16 42421
radio 16 42935
radio 16 42952
radio 16 43466
radio 16 43497
radio 16 44011
radio 16 44028
radio 16 44542
radio 16 44559
radio 16 45073
radio 16 45106
radio 16 45620
radio 16 45651
radio 16 46165
radio 16 46182
radio 16 46696
radio 16 46713
radio 16 47227
radio 16 47244
radio 16 47758
radio 16 47775
radio 16 48289
radio 16 48321
radio 16 48835
radio 16 48852
radio 16 49366
radio 16 49383
radio 16 49897
radio 16 49914
radio 16 50428
radio 16 50479
radio 16 50993
radio 16 51010
radio 16 51524
radio 16 51578
radio 16 52092
radio 16 52109
radio 16 52623
delay 26 49 16 52650 16 51487 9 13 4 0 324 0 0
radio 16 52659
radio 16 53173
radio 16 53304
radio 16 53817
radio 16 53891
radio 16 54405
radio 16 54433
radio 16 54947
radio 16 55018
radio 16 55532
radio 16 55549
radio 16 56063
radio 16 56080
radio 16 56594
radio 16 56629
radio 16 57143
radio 16 57193
radio 16 57707
radio 16 57724
radio 16 58238
radio 16 58255
radio 16 58769
radio 16 58802
radio 16 59316
radio 16 59346
radio 16 59860
radio 16 59877
radio 16 60391
radio 16 60442
radio 16 60956
radio 16 60988
radio 16 61502
radio 16 61530
radio 16 62044
radio 16 62061
radio 16 62575
radio 16 62605
radio 16 63119
radio 16 63136
radio 16 63650
radio 16 63700
radio 16 64214
radio 16 64242
radio 16 64756
radio 16 64773
radio 16 65287
radio 16 65304
radio 17 282
radio 17 299
radio 17 812
radio 17 829
radio 17 1342
radio 17 1359
radio 17 1873
radio 17 1890
radio 17 2404
radio 17 2421
radio 17 2935
radio 17 2952
radio 17 3466
radio 17 3499
radio 17 4013
radio 17 4042
radio 17 4556
radio 17 4608
radio 17 5122
radio 17 5151
radio 17 5665
radio 17 5713
radio 17 6227
radio 17 6244
radio 17 6758
radio 17 6791
radio 17 7305
delay 27 43 17 7401 17 6761 6 13 7 0 147 0 0
radio 17 7408
radio 17 7923
radio 17 7944
radio 17 8458
radio 17 8475
radio 17 8989
radio 17 9018
radio 17 9532
radio 17 9608
radio 17 10122
radio 17 10139
radio 17 10653
radio 17 10670
radio 17 11184
radio 17 11201
radio 17 11715
radio 17 11732
radio 17 12246
radio 17 12263
radio 17 12777
radio 17 12794
radio 17 13308
radio 17 13325
radio 17 13839
radio 17 13856
radio 17 14370
radio 17 14404
radio 17 14918
radio 17 14948
radio 17 15462
radio 17 15479
radio 17 15993
radio 17 16022
radio 17 16536
radio 17 16553
radio 17 17067
radio 17 17084
radio 17 17598
radio 17 17632
radio 17 18146
radio 17 18179
radio 17 18693
radio 17 18710
radio 17 19224
radio 17 19259
radio 17 19773
radio 17 19809
radio 17 20323
radio 17 20340
radio 17 20854
radio 17 20887
radio 17 21401
radio 17 21430
radio 17 21944
radio 17 21961
radio 17 22475
radio 17 22492
radio 17 23006
radio 17 23034
radio 17 23548
radio 17 23565
radio 17 24079
radio 17 24109
radio 17 24623
radio 17 24640
radio 17 25154
radio 17 25171
radio 17 25685
radio 17 25702
radio 17 26216
radio 17 26233
radio 17 26747
radio 17 26798
radio 17 27312
radio 17 27329
radio 17 27843
delay 28 49 17 27862 17 26698 9 13 4 0 14 1 0
radio 17 27869
radio 17 28384
radio 17 28430
radio 17 28943
radio 17 28963
radio 17 29477
radio 17 29506
radio 17 30020
radio 17 30037
radio 17 30551
radio 17 30588
radio 17 31102
radio 17 31137
radio 17 31651
radio 17 31684
energy 17 31907 7 42209
radio 17 32198
radio 17 32231
radio 17 32745
radio 17 32762
radio 17 33276
radio 17 33293
radio 17 33807
radio 17 33824
radio 17 34338
radio 17 34366
radio 17 34880
radio 17 34897
radio 17 35411
radio 17 35440
radio 17 35954
radio 17 35971
radio 17 36485
radio 17 36514
radio 17 37028
radio 17 37045
radio 17 37559
radio 17 37576
radio 17 38090
radio 17 38142
radio 17 38656
radio 17 38673
radio 17 39187
radio 17 39219
radio 17 39733
radio 17 39762
radio 17 40276
radio 17 40325
radio 17 40839
radio 17 40892
radio 17 41406
radio 17 41423
radio 17 41937
radio 17 41954
radio 17 42468
radio 17 42521
radio 17 43035
radio 17 43066
radio 17 43580
radio 17 43609
radio 17 44123
radio 17 44140
radio 17 44654
radio 17 44687
radio 17 45201
radio 17 45250
radio 17 45764
radio 17 45832
radio 17 46346
radio 17 46395
radio 17 46909
radio 17 46926
radio 17 47440
radio 17 47488
radio 17 48002
radio 17 48019
radio 17 48533
radio 17 48590
radio 17 49104
delay 29 43 17 49130 17 48490 6 13 7 0 470 0 0
radio 17 49138
radio 17 49652
radio 17 49701
radio 17 50215
radio 17 50244
radio 17 50758
radio 17 50808
radio 17 51322
radio 17 51339
radio 17 51853
radio 17 51870
radio 17 52384
radio 17 52413
radio 17 52927
radio 17 52957
radio 17 53471
radio 17 53501
radio 17 54015
radio 17 54032
radio 17 54546
radio 17 54579
radio 17 55093
radio 17 55110
radio 17 55624
radio 17 55641
radio 17 56155
radio 17 56172
radio 17 56686
radio 17 56718
radio 17 57232
radio 17 57261
radio 17 57775
radio 17 57825
radio 17 58339
radio 17 58356
radio 17 58870
radio 17 58888
radio 17 59401
radio 17 59432
radio 17 59946
radio 17 59974
radio 17 60488
radio 17 60520
radio 17 61034
radio 17 61083
radio 17 61597
radio 17 61614
radio 17 62128
radio 17 62156
radio 17 62670
radio 17 62687
radio 17 63201
radio 17 63232
radio 17 63746
radio 17 63763
radio 17 64277
radio 17 64331
radio 17 64845
radio 17 64875
radio 17 65389
radio 17 65422
radio 18 400
radio 18 433
radio 18 947
radio 18 964
radio 18 1477
radio 18 1508
radio 18 2022
radio 18 2039
radio 18 2553
radio 18 2570
radio 18 3084
radio 18 3115
radio 18 3629
delay 30 49 18 3728 18 2564 9 13 4 0 196 0 0
radio 18 3737
radio 18 4251
radio 18 4266
radio 18 4780
radio 18 4812
radio 18 5326
radio 18 5343
