Thread[Thread-1,5,main]tree 14 9 0 14 0 0
radio 6 64669
radio 6 64673
radio 6 64690
radio 6 65203
radio 6 65252
radio 7 230
radio 7 260
radio 7 773
radio 7 822
radio 7 1335
radio 7 1352
radio 7 1865
radio 7 1882
radio 7 2395
radio 7 2466
radio 7 2980
radio 7 3011
radio 7 3525
radio 7 3555
radio 7 4069
radio 7 4086
radio 7 4599
radio 7 4693
radio 7 5207
radio 7 5224
radio 7 5737
radio 7 5812
radio 7 6326
radio 7 6374
radio 7 6888
radio 7 6920
radio 7 7434
radio 7 7525
radio 7 8039
radio 7 8071
radio 7 8585
radio 7 8654
radio 7 9168
radio 7 9185
radio 7 9698
radio 7 9733
radio 7 10247
radio 7 10278
radio 7 10792
radio 7 10881
radio 7 11395
radio 7 11412
radio 7 11926
radio 7 11956
radio 7 12470
radio 7 12558
radio 7 13072
radio 7 13103
radio 7 13617
radio 7 13690
radio 7 14204
radio 7 14221
radio 7 14735
radio 7 14767
radio 7 15281
radio 7 15316
radio 7 15830
radio 7 15879
radio 7 16393
radio 7 16445
radio 7 16959
radio 7 16988
radio 7 17502
radio 7 17550
radio 7 18064
radio 7 18081
radio 7 18595
radio 7 18644
radio 7 19158
radio 7 19175
radio 7 19689
radio 7 19719
radio 7 20233
radio 7 20265
radio 7 20779
radio 7 20810
radio 7 21324
radio 7 21374
radio 7 21888
radio 7 21919
radio 7 22433
radio 7 22461
radio 7 22975
radio 7 23024
radio 7 23538
radio 7 23646
radio 7 24160
radio 7 24177
radio 7 24691
radio 7 24708
radio 7 25222
radio 7 25253
radio 7 25767
radio 7 25836
radio 7 26350
radio 7 26421
radio 7 26935
radio 7 27128
radio 7 27642
radio 7 27753
radio 7 28267
radio 7 28498
radio 7 29012
radio 7 29029
radio 7 29543
radio 7 29575
radio 7 30089
radio 7 30140
radio 7 30654
radio 7 30765
radio 7 31279
radio 7 31328
radio 7 31842
radio 7 31872
radio 7 32386
radio 7 32454
radio 7 32968
radio 7 33003
radio 7 33517
radio 7 33546
radio 7 34060
radio 7 34088
radio 7 34602
radio 7 34630
radio 7 35144
radio 7 35179
radio 7 35693
radio 7 35741
radio 7 36255
radio 7 36291
radio 7 36805
radio 7 36837
radio 7 37351
radio 7 37381
radio 7 37895
radio 7 37923
radio 7 38437
radio 7 38471
radio 7 38985
radio 7 39013
radio 7 39527
radio 7 39578
radio 7 40092
radio 7 40220
radio 7 40734
radio 7 40767
radio 7 41281
radio 7 41314
radio 7 41828
radio 7 41898
radio 7 42412
radio 7 42429
radio 7 42943
radio 7 42974
radio 7 43488
radio 7 43505
radio 7 44019
radio 7 44051
radio 7 44565
radio 7 44616
radio 7 45130
radio 7 45178
radio 7 45692
radio 7 45709
radio 7 46223
radio 7 46275
radio 7 46789
radio 7 46806
radio 7 47320
radio 7 47337
radio 7 47851
radio 7 47884
radio 7 48398
radio 7 48428
radio 7 48942
radio 7 48978
radio 7 49492
radio 7 49520
radio 7 50034
radio 7 50051
radio 7 50565
radio 7 50600
radio 7 51114
radio 7 51131
radio 7 51645
radio 7 51662
radio 7 52176
radio 7 52207
radio 7 52721
radio 7 52738
radio 7 53252
radio 7 53324
radio 7 53838
radio 7 53855
radio 7 54369
radio 7 54398
radio 7 54912
radio 7 54944
radio 7 55458
radio 7 55551
radio 7 56065
radio 7 56100
radio 7 56614
radio 7 56683
radio 7 57197
radio 7 57251
radio 7 57765
radio 7 57837
radio 7 58351
radio 7 58368
radio 7 58882
radio 7 58912
radio 7 59426
radio 7 59456
radio 7 59970
radio 7 60060
radio 7 60574
energy 7 60591 7 3374
radio 7 60597
radio 7 61111
radio 7 61128
radio 7 61642
radio 7 61659
radio 7 62173
radio 7 62241
radio 7 62755
radio 7 62789
radio 7 63303
radio 7 63320
radio 7 63834
radio 7 63851
radio 7 64365
radio 7 64414
radio 7 64928
radio 7 64945
radio 7 65459
radio 7 65490
radio 8 468
radio 8 499
radio 8 1012
radio 8 1047
radio 8 1561
radio 8 1654
radio 8 2168
radio 8 2204
radio 8 2718
radio 8 2767
radio 8 3281
radio 8 3298
radio 8 3812
radio 8 3845
radio 8 4359
radio 8 4376
radio 8 4890
radio 8 4919
radio 8 5433
radio 8 5450
radio 8 5963
radio 8 6018
radio 8 6532
radio 8 6583
radio 8 7097
radio 8 7125
radio 8 7639
radio 8 7656
radio 8 8169
radio 8 8260
radio 8 8774
radio 8 8791
radio 8 9304
radio 8 9321
radio 8 9834
radio 8 9851
radio 8 10364
radio 8 10381
radio 8 10895
radio 8 10966
radio 8 11480
radio 8 11513
radio 8 12027
radio 8 12222
radio 8 12736
radio 8 12753
radio 8 13267
radio 8 13297
radio 8 13811
radio 8 13828
radio 8 14342
radio 8 14359
radio 8 14873
radio 8 14890
radio 8 15404
radio 8 15515
radio 8 16029
radio 8 16098
radio 8 16612
radio 8 16643
radio 8 17157
radio 8 17188
radio 8 17702
radio 8 17719
radio 8 18233
radio 8 18306
radio 8 18820
radio 8 18871
radio 8 19385
radio 8 19618
radio 8 20132
radio 8 20420
radio 8 20934
radio 8 21028
radio 8 21542
radio 8 21571
radio 8 22085
radio 8 22120
radio 8 22634
radio 8 22809
radio 8 23323
radio 8 23473
radio 8 23987
radio 8 24019
radio 8 24533
radio 8 24624
radio 8 25138
radio 8 25155
radio 8 25669
radio 8 25698
radio 8 26212
radio 8 26261
radio 8 26775
radio 8 26829
radio 8 27343
radio 8 27360
radio 8 27874
radio 8 27949
radio 8 28463
radio 8 28480
radio 8 28994
radio 8 29028
radio 8 29542
radio 8 29571
radio 8 30085
radio 8 30176
radio 8 30690
radio 8 30725
radio 8 31239
radio 8 31309
radio 8 31823
radio 8 31851
radio 8 32365
radio 8 32401
radio 8 32915
radio 8 32984
radio 8 33498
radio 8 33533
radio 8 34047
radio 8 34064
radio 8 34578
radio 8 34606
radio 8 35120
radio 8 35209
radio 8 35723
radio 8 35755
radio 8 36269
radio 8 36342
radio 8 36856
radio 8 36910
radio 8 37424
radio 8 37516
radio 8 38030
radio 8 38139
radio 8 38653
radio 8 38670
radio 8 39184
radio 8 39201
radio 8 39715
radio 8 39745
radio 8 40259
radio 8 40348
radio 8 40862
radio 8 40879
radio 8 41393
radio 8 41428
radio 8 41942
radio 8 42030
radio 8 42544
radio 8 42573
radio 8 43087
radio 8 43178
radio 8 43692
radio 8 43709
radio 8 44223
radio 8 44240
radio 8 44754
radio 8 44771
radio 8 45285
radio 8 45353
radio 8 45867
radio 8 45897
radio 8 46411
radio 8 46441
radio 8 46955
radio 8 47023
radio 8 47537
radio 8 47587
radio 8 48101
radio 8 48118
radio 8 48632
radio 8 48665
radio 8 49179
radio 8 49227
radio 8 49741
delay 0 2 8 49761 8 49687 6 6 65535 0 386 0 0
radio 8 49769
radio 8 50284
radio 8 50303
radio 8 50816
radio 8 50834
radio 8 51348
radio 8 51378
radio 8 51892
radio 8 51943
radio 8 52457
radio 8 52485
radio 8 52999
radio 8 53016
radio 8 53530
radio 8 53547
radio 8 54061
radio 8 54093
radio 8 54607
radio 8 54636
radio 8 55150
radio 8 55198
radio 8 55712
radio 8 55767
radio 8 56281
radio 8 56298
energy 8 56489 7 7946
radio 8 56812
radio 8 56841
radio 8 57355
radio 8 57405
radio 8 57919
radio 8 57968
radio 8 58482
radio 8 58511
radio 8 59025
radio 8 59078
radio 8 59592
radio 8 59644
radio 8 60158
radio 8 60187
radio 8 60701
radio 8 60751
radio 8 61265
radio 8 61318
radio 8 61832
radio 8 61849
radio 8 62363
radio 8 62380
radio 8 62894
radio 8 62950
radio 8 63464
radio 8 63500
radio 8 64014
radio 8 64031
radio 8 64545
radio 8 64562
radio 8 65076
radio 8 65093
radio 9 71
radio 9 88
radio 9 601
radio 9 635
radio 9 1148
radio 9 1196
radio 9 1710
radio 9 1727
radio 9 2240
radio 9 2292
radio 9 2806
radio 9 2839
radio 9 3353
radio 9 3404
radio 9 3918
radio 9 3991
radio 9 4505
delay 1 2 9 4604 9 4529 6 6 65535 0 194 0 0
radio 9 4611
radio 9 5126
radio 9 5271
radio 9 5784
radio 9 5804
radio 9 6318
radio 9 6351
radio 9 6865
radio 9 6882
radio 9 7395
radio 9 7412
radio 9 7925
radio 9 7942
radio 9 8455
radio 9 8487
radio 9 9001
radio 9 9055
radio 9 9569
radio 9 9586
radio 9 10099
radio 9 10151
radio 9 10665
radio 9 10696
radio 9 11210
radio 9 11263
radio 9 11777
radio 9 11805
radio 9 12319
radio 9 12336
radio 9 12850
radio 9 12867
radio 9 13381
radio 9 13398
radio 9 13912
radio 9 13946
radio 9 14460
radio 9 14633
radio 9 15147
radio 9 15164
radio 9 15678
radio 9 15890
radio 9 16404
radio 9 16435
radio 9 16949
radio 9 16966
radio 9 17480
radio 9 17512
radio 9 18026
radio 9 18077
radio 9 18591
radio 9 18608
radio 9 19122
radio 9 19475
radio 9 19989
radio 9 20017
radio 9 20531
radio 9 20548
radio 9 21062
radio 9 21079
radio 9 21593
radio 9 21643
radio 9 22157
radio 9 22207
radio 9 22721
radio 9 22754
radio 9 23268
radio 9 23362
radio 9 23876
radio 9 23893
radio 9 24407
radio 9 24443
radio 9 24957
delay 2 2 9 25030 9 24955 6 6 65535 0 243 0 0
radio 9 25038
radio 9 25552
radio 9 25868
radio 9 26382
radio 9 26399
radio 9 26913
radio 9 26961
radio 9 27475
radio 9 27492
radio 9 28006
radio 9 28023
radio 9 28537
radio 9 28554
radio 9 29068
radio 9 29099
radio 9 29613
radio 9 29661
radio 9 30175
radio 9 30207
radio 9 30721
radio 9 30772
radio 9 31286
radio 9 31336
radio 9 31850
radio 9 31867
radio 9 32381
radio 9 32432
radio 9 32946
radio 9 32963
radio 9 33477
radio 9 33494
radio 9 34008
radio 9 34025
radio 9 34539
radio 9 34590
radio 9 35104
radio 9 35134
radio 9 35648
radio 9 35696
radio 9 36210
radio 9 36227
radio 9 36741
radio 9 36772
radio 9 37286
radio 9 37303
radio 9 37817
radio 9 37847
radio 9 38361
radio 9 38378
radio 9 38892
radio 9 38946
radio 9 39460
radio 9 39489
radio 9 40003
radio 9 40020
radio 9 40534
radio 9 40551
radio 9 41065
radio 9 41082
radio 9 41596
radio 9 41628
radio 9 42142
radio 9 42191
radio 9 42705
radio 9 42758
radio 9 43272
radio 9 43289
radio 9 43803
radio 9 43820
radio 9 44334
radio 9 44362
radio 9 44876
radio 9 44924
radio 9 45438
delay 3 12 9 45483 9 45336 6 6 65535 0 179 0 0
radio 9 45491
radio 9 46006
radio 9 46051
radio 9 46565
radio 9 46744
radio 9 47258
radio 9 47281
radio 9 47794
radio 9 47849
radio 9 48363
radio 9 48393
radio 9 48907
radio 9 48935
radio 9 49449
radio 9 49484
radio 9 49998
radio 9 50052
radio 9 50566
radio 9 50583
radio 9 51097
radio 9 51114
radio 9 51628
radio 9 51682
radio 9 52196
radio 9 52227
energy 9 52393 7 12210
radio 9 52741
radio 9 52789
radio 9 53303
radio 9 53354
radio 9 53868
radio 9 53900
radio 9 54414
radio 9 54465
radio 9 54979
radio 9 55028
radio 9 55542
radio 9 55559
radio 9 56073
radio 9 56141
radio 9 56655
radio 9 56672
radio 9 57186
radio 9 57237
radio 9 57751
radio 9 57768
radio 9 58282
radio 9 58299
radio 9 58813
radio 9 58863
radio 9 59377
radio 9 59409
radio 9 59923
radio 9 59940
radio 9 60454
radio 9 60483
radio 9 60997
radio 9 61033
radio 9 61547
radio 9 61596
radio 9 62110
radio 9 62127
radio 9 62641
radio 9 62691
radio 9 63205
radio 9 63234
radio 9 63748
radio 9 63838
radio 9 64352
radio 9 64382
radio 9 64896
radio 9 64950
radio 9 65464
radio 9 65481
radio 10 459
delay 4 2 10 503 10 427 6 6 65535 0 288 0 0
radio 10 511
radio 10 1025
radio 10 1040
radio 10 1553
radio 10 1739
radio 10 2253
radio 10 2270
radio 10 2784
radio 10 2814
radio 10 3328
radio 10 3345
radio 10 3859
radio 10 3892
radio 10 4406
radio 10 4434
radio 10 4948
radio 10 4965
radio 10 5479
radio 10 5510
radio 10 6024
radio 10 6041
radio 10 6555
radio 10 6572
radio 10 7086
radio 10 7103
radio 10 7617
radio 10 7647
radio 10 8161
radio 10 8189
radio 10 8703
radio 10 8733
radio 10 9247
radio 10 9281
radio 10 9795
radio 10 9824
radio 10 10338
radio 10 10389
radio 10 10903
radio 10 11071
radio 10 11585
radio 10 11616
radio 10 12130
radio 10 12258
radio 10 12772
radio 10 12843
radio 10 13357
radio 10 13409
radio 10 13923
radio 10 13940
radio 10 14454
radio 10 14471
radio 10 14985
radio 10 15079
radio 10 15593
radio 10 15610
radio 10 16124
radio 10 16160
radio 10 16674
radio 10 16703
radio 10 17217
radio 10 17251
radio 10 17765
radio 10 17793
radio 10 18307
radio 10 18362
radio 10 18876
radio 10 18905
radio 10 19419
radio 10 19436
radio 10 19950
radio 10 19978
radio 10 20492
radio 10 20520
radio 10 21034
delay 5 12 10 21159 10 21011 6 6 65535 0 484 0 0
radio 10 21167
radio 10 21682
radio 10 21702
radio 10 22215
radio 10 22231
radio 10 22744
radio 10 22799
radio 10 23313
radio 10 23361
radio 10 23875
radio 10 23907
radio 10 24421
radio 10 24474
radio 10 24988
radio 10 25038
radio 10 25552
radio 10 25586
radio 10 26100
radio 10 26149
radio 10 26663
radio 10 26718
radio 10 27232
radio 10 27249
radio 10 27763
radio 10 27780
radio 10 28294
radio 10 28311
radio 10 28825
radio 10 28878
radio 10 29392
radio 10 29409
radio 10 29923
radio 10 29957
radio 10 30471
radio 10 30524
radio 10 31038
radio 10 31088
radio 10 31602
radio 10 31653
radio 10 32167
radio 10 32184
radio 10 32698
radio 10 32715
radio 10 33229
radio 10 33279
radio 10 33793
radio 10 33826
radio 10 34340
radio 10 34369
radio 10 34883
radio 10 34912
radio 10 35426
radio 10 35443
radio 10 35957
radio 10 36011
radio 10 36525
radio 10 36542
radio 10 37056
radio 10 37087
radio 10 37601
radio 10 37630
radio 10 38144
radio 10 38161
radio 10 38675
radio 10 38692
radio 10 39206
radio 10 39258
radio 10 39772
radio 10 39829
radio 10 40343
radio 10 40360
radio 10 40874
radio 10 40904
radio 10 41418
delay 6 11 10 41461 10 41015 5 6 1 0 21 0 0
radio 10 41469
radio 10 41983
radio 10 41999
radio 10 42512
radio 10 42620
radio 10 43134
radio 10 43183
radio 10 43697
radio 10 43714
radio 10 44228
radio 10 44261
radio 10 44775
radio 10 44825
radio 10 45339
radio 10 45388
radio 10 45902
radio 10 45936
radio 10 46450
radio 10 46499
radio 10 47013
radio 10 47089
radio 10 47603
radio 10 47651
radio 10 48165
radio 10 48220
energy 10 48297 7 16019
radio 10 48734
radio 10 48808
radio 10 49322
radio 10 49373
radio 10 49887
radio 10 49904
radio 10 50418
radio 10 50435
radio 10 50949
radio 10 51025
radio 10 51539
radio 10 51571
radio 10 52085
radio 10 52121
radio 10 52635
radio 10 52685
radio 10 53199
radio 10 53216
radio 10 53730
radio 10 53760
radio 10 54274
radio 10 54305
radio 10 54819
radio 10 54887
radio 10 55401
radio 10 55418
radio 10 55932
radio 10 55962
radio 10 56476
radio 10 56507
radio 10 57021
radio 10 57050
radio 10 57564
radio 10 57613
radio 10 58127
radio 10 58177
radio 10 58691
radio 10 58708
radio 10 59222
radio 10 59239
radio 10 59753
radio 10 59804
radio 10 60318
radio 10 60369
radio 10 60883
radio 10 60900
radio 10 61414
radio 10 61431
radio 10 61945
delay 7 3 10 62015 10 62002 6 6 65535 0 291 0 0
radio 10 62023
radio 10 62537
radio 10 62683
radio 10 63197
radio 10 63216
radio 10 63729
radio 10 63757
radio 10 64271
radio 10 64324
radio 10 64838
radio 10 64887
radio 10 65401
radio 10 65418
radio 11 396
radio 11 413
radio 11 926
radio 11 954
radio 11 1468
radio 11 1557
radio 11 2071
radio 11 2099
radio 11 2613
radio 11 2666
radio 11 3180
radio 11 3197
radio 11 3711
radio 11 3760
radio 11 4274
radio 11 4302
radio 11 4816
radio 11 4884
radio 11 5398
radio 11 5415
radio 11 5929
radio 11 5946
radio 11 6460
radio 11 6495
radio 11 7009
radio 11 7102
radio 11 7616
radio 11 7664
radio 11 8178
radio 11 8266
radio 11 8780
radio 11 8797
radio 11 9311
radio 11 9328
radio 11 9842
radio 11 9859
radio 11 10373
radio 11 10467
radio 11 10981
radio 11 11069
radio 11 11583
radio 11 11679
radio 11 12193
radio 11 12282
radio 11 12796
radio 11 12884
radio 11 13398
radio 11 13415
radio 11 13929
radio 11 13946
radio 11 14460
radio 11 14529
radio 11 15043
radio 11 15060
radio 11 15574
radio 11 15606
radio 11 16120
radio 11 16137
radio 11 16651
delay 8 2 11 16671 11 16593 6 6 65535 0 28 0 0
radio 11 16679
radio 11 17193
radio 11 17264
radio 11 17777
radio 11 17818
radio 11 18332
radio 11 18349
radio 11 18863
radio 11 18914
radio 11 19428
radio 11 19458
radio 11 19972
radio 11 19989
radio 11 20503
radio 11 20520
radio 11 21034
radio 11 21051
radio 11 21565
radio 11 21582
radio 11 22096
radio 11 22113
radio 11 22627
radio 11 22644
radio 11 23158
radio 11 23211
radio 11 23725
radio 11 23756
radio 11 24270
radio 11 24304
radio 11 24818
radio 11 24847
radio 11 25361
radio 11 25378
radio 11 25892
radio 11 25943
radio 11 26457
radio 11 26474
radio 11 26988
radio 11 27037
radio 11 27551
radio 11 27581
radio 11 28095
radio 11 28152
radio 11 28666
radio 11 28716
radio 11 29230
radio 11 29261
radio 11 29775
radio 11 29827
radio 11 30341
radio 11 30378
radio 11 30892
radio 11 30928
radio 11 31442
radio 11 31459
radio 11 31973
radio 11 32026
radio 11 32540
radio 11 32594
radio 11 33108
radio 11 33125
radio 11 33639
radio 11 33656
radio 11 34170
radio 11 34199
radio 11 34713
radio 11 34741
radio 11 35255
radio 11 35284
radio 11 35798
radio 11 35830
radio 11 36344
radio 11 36379
radio 11 36893
radio 11 36927
radio 11 37441
delay 9 2 11 37589 11 37511 6 6 65535 0 47 1 0
radio 11 38666
radio 11 39179
radio 11 39211
radio 11 39725
radio 11 39756
radio 11 40270
radio 11 40298
radio 11 40812
radio 11 40829
radio 11 41343
radio 11 41377
radio 11 41891
radio 11 41908
radio 11 42422
radio 11 42513
radio 11 43027
radio 11 43079
radio 11 43593
radio 11 43625
radio 11 44139
energy 11 44201 7 20800
radio 11 44208
radio 11 44722
radio 11 44739
radio 11 45253
radio 11 45284
radio 11 45798
radio 11 45815
radio 11 46329
radio 11 46346
radio 11 46860
radio 11 46890
radio 11 47404
radio 11 47421
radio 11 47935
radio 11 47966
radio 11 48480
radio 11 48537
radio 11 49051
radio 11 49068
radio 11 49582
radio 11 49614
radio 11 50128
radio 11 50156
radio 11 50670
radio 11 50799
radio 11 51313
radio 11 51389
radio 11 51903
radio 11 51952
radio 11 52466
radio 11 52518
radio 11 53032
radio 11 53049
radio 11 53563
radio 11 53580
radio 11 54094
radio 11 54169
radio 11 54683
radio 11 54716
radio 11 55230
radio 11 55258
radio 11 55772
radio 11 55789
radio 11 56303
radio 11 56355
radio 11 56869
radio 11 56886
radio 11 57400
radio 11 57449
radio 11 57963
delay 10 11 11 58020 11 57574 5 6 1 0 465 0 0
radio 11 58029
radio 11 58543
radio 11 58646
radio 11 59159
radio 11 59196
radio 11 59710
radio 11 59738
radio 11 60252
radio 11 60284
radio 11 60798
radio 11 60830
radio 11 61344
radio 11 61392
radio 11 61906
radio 11 61940
radio 11 62454
radio 11 62483
radio 11 62997
radio 11 63026
radio 11 63540
radio 11 63592
radio 11 64106
radio 11 64160
radio 11 64674
radio 11 64707
radio 11 65221
radio 11 65269
radio 12 247
radio 12 296
radio 12 810
radio 12 838
radio 12 1352
radio 12 1369
radio 12 1883
radio 12 1933
radio 12 2447
radio 12 2476
radio 12 2990
radio 12 3007
radio 12 3521
radio 12 3651
radio 12 4165
radio 12 4182
radio 12 4696
radio 12 4766
radio 12 5280
radio 12 5297
radio 12 5811
radio 12 5860
radio 12 6374
radio 12 6542
radio 12 7056
radio 12 7104
radio 12 7618
radio 12 7635
radio 12 8149
radio 12 8179
radio 12 8693
radio 12 8784
radio 12 9298
radio 12 9327
radio 12 9841
radio 12 9858
radio 12 10372
radio 12 10424
radio 12 10938
radio 12 10955
radio 12 11469
radio 12 11524
radio 12 12038
radio 12 12112
radio 12 12626
delay 11 10 12 12668 12 12267 14 6 65535 0 113 1 0
radio 12 13728
radio 12 14241
radio 12 14273
radio 12 14787
radio 12 14836
radio 12 15350
radio 12 15403
radio 12 15917
radio 12 15934
radio 12 16448
radio 12 16465
radio 12 16979
radio 12 17029
radio 12 17543
radio 12 17560
radio 12 18074
radio 12 18110
radio 12 18624
radio 12 18641
radio 12 19155
radio 12 19172
radio 12 19686
radio 12 19718
radio 12 20232
radio 12 20286
radio 12 20800
radio 12 20850
radio 12 21364
radio 12 21393
radio 12 21907
radio 12 21924
radio 12 22438
radio 12 22528
radio 12 23042
radio 12 23077
radio 12 23591
radio 12 23642
radio 12 24156
radio 12 24205
radio 12 24719
radio 12 24736
radio 12 25250
radio 12 25267
radio 12 25781
radio 12 25798
radio 12 26312
radio 12 26363
radio 12 26877
radio 12 26894
radio 12 27408
radio 12 27443
radio 12 27957
radio 12 27974
radio 12 28488
radio 12 28505
radio 12 29019
radio 12 29054
radio 12 29568
radio 12 29618
radio 12 30132
radio 12 30149
radio 12 30663
radio 12 30693
radio 12 31207
radio 12 31240
radio 12 31754
radio 12 31784
radio 12 32298
radio 12 32346
radio 12 32860
radio 12 32895
radio 12 33409
delay 12 12 12 33460 12 33310 6 6 65535 0 468 0 0
radio 12 33470
radio 12 33984
radio 12 34079
radio 12 34593
radio 12 34649
radio 12 35163
radio 12 35192
radio 12 35706
radio 12 35736
radio 12 36250
radio 12 36283
radio 12 36797
radio 12 36814
radio 12 37328
radio 12 37379
radio 12 37893
radio 12 37944
radio 12 38458
radio 12 38488
radio 12 39002
radio 12 39092
radio 12 39606
radio 12 39623
energy 12 40105 7 25652
radio 12 40137
radio 12 40154
radio 12 40668
radio 12 40698
radio 12 41212
radio 12 41243
radio 12 41757
radio 12 41792
radio 12 42306
radio 12 42334
radio 12 42848
radio 12 42865
radio 12 43379
radio 12 43396
radio 12 43910
radio 12 43940
radio 12 44454
radio 12 44511
radio 12 45025
radio 12 45059
radio 12 45573
radio 12 45590
radio 12 46104
radio 12 46140
radio 12 46654
radio 12 46704
radio 12 47218
radio 12 47268
radio 12 47782
radio 12 47817
radio 12 48331
radio 12 48348
radio 12 48862
radio 12 48953
radio 12 49467
radio 12 49484
radio 12 49998
radio 12 50032
radio 12 50546
radio 12 50596
radio 12 51110
radio 12 51161
radio 12 51675
radio 12 51707
radio 12 52221
radio 12 52310
radio 12 52824
radio 12 52841
radio 12 53355
radio 12 53389
radio 12 53903
delay 13 2 12 54000 12 53920 6 6 65535 0 65 1 0
radio 12 55070
radio 12 55584
radio 12 55601
radio 12 56115
radio 12 56151
radio 12 56665
radio 12 56718
radio 12 57232
radio 12 57249
radio 12 57763
radio 12 57780
radio 12 58294
radio 12 58311
radio 12 58825
radio 12 58875
radio 12 59389
radio 12 59425
radio 12 59939
radio 12 59976
radio 12 60490
radio 12 60520
radio 12 61034
radio 12 61082
radio 12 61596
radio 12 61647
radio 12 62161
radio 12 62190
radio 12 62704
radio 12 62755
radio 12 63269
radio 12 63325
radio 12 63839
radio 12 63872
radio 12 64386
radio 12 64474
radio 12 64988
radio 12 65058
radio 13 36
radio 13 53
radio 13 566
radio 13 615
radio 13 1129
radio 13 1146
radio 13 1660
radio 13 1695
radio 13 2209
radio 13 2357
radio 13 2871
radio 13 3105
radio 13 3619
radio 13 3636
radio 13 4150
radio 13 4167
radio 13 4681
radio 13 4698
radio 13 5212
radio 13 5229
radio 13 5743
radio 13 5760
radio 13 6274
radio 13 6302
radio 13 6816
radio 13 6867
radio 13 7381
radio 13 7430
radio 13 7944
radio 13 7961
radio 13 8475
delay 14 24 13 8491 13 7607 5 6 1 0 40 1 0
radio 13 9573
radio 13 10086
radio 13 10121
radio 13 10635
radio 13 10687
radio 13 11201
radio 13 11218
radio 13 11732
radio 13 11749
radio 13 12263
radio 13 12280
radio 13 12794
radio 13 12883
radio 13 13397
radio 13 13426
radio 13 13940
radio 13 13991
radio 13 14505
radio 13 14522
radio 13 15036
radio 13 15070
radio 13 15584
radio 13 15619
radio 13 16133
radio 13 16150
radio 13 16664
radio 13 16717
radio 13 17231
radio 13 17248
radio 13 17762
radio 13 17811
radio 13 18325
radio 13 18342
radio 13 18856
radio 13 18873
radio 13 19387
radio 13 19415
radio 13 19929
radio 13 19958
radio 13 20472
radio 13 20489
radio 13 21003
radio 13 21059
radio 13 21573
radio 13 21607
radio 13 22121
radio 13 22177
radio 13 22691
radio 13 22725
radio 13 23239
radio 13 23256
radio 13 23770
radio 13 23787
radio 13 24301
radio 13 24318
radio 13 24832
radio 13 24849
radio 13 25363
radio 13 25380
radio 13 25894
radio 13 25949
radio 13 26463
radio 13 26520
radio 13 27034
radio 13 27051
radio 13 27565
radio 13 27595
radio 13 28109
radio 13 28138
radio 13 28652
radio 13 28681
radio 13 29195
delay 15 12 13 29314 13 29162 6 6 65535 0 353 0 0
radio 13 29322
radio 13 29836
radio 13 29852
radio 13 30366
radio 13 30383
radio 13 30896
radio 13 30927
radio 13 31441
radio 13 31477
radio 13 31991
radio 13 32008
radio 13 32522
radio 13 32539
radio 13 33053
radio 13 33070
radio 13 33584
radio 13 33601
radio 13 34115
radio 13 34171
radio 13 34685
radio 13 34702
radio 13 35216
radio 13 35246
radio 13 35760
radio 13 35809
energy 13 36009 7 31213
radio 13 36323
radio 13 36372
radio 13 36886
radio 13 36922
radio 13 37436
radio 13 37485
radio 13 37999
radio 13 38051
radio 13 38565
radio 13 38596
radio 13 39110
radio 13 39159
radio 13 39673
radio 13 39723
radio 13 40237
radio 13 40254
radio 13 40768
radio 13 40785
radio 13 41299
radio 13 41316
radio 13 41830
radio 13 41883
radio 13 42397
radio 13 42414
radio 13 42928
radio 13 42983
radio 13 43497
radio 13 43527
radio 13 44041
radio 13 44092
radio 13 44606
radio 13 44641
radio 13 45155
radio 13 45187
radio 13 45701
radio 13 45718
radio 13 46232
radio 13 46261
radio 13 46775
radio 13 46803
radio 13 47317
radio 13 47354
radio 13 47868
radio 13 47885
radio 13 48399
radio 13 48428
radio 13 48942
radio 13 48971
radio 13 49485
delay 16 3 13 49501 13 49486 6 6 65535 0 103 0 0
radio 13 49509
radio 13 50023
radio 13 50063
radio 13 50577
radio 13 50724
radio 13 51238
radio 13 51260
radio 13 51773
radio 13 51802
radio 13 52316
radio 13 52333
radio 13 52847
radio 13 52896
radio 13 53410
radio 13 53427
radio 13 53941
radio 13 53991
radio 13 54505
radio 13 54522
radio 13 55036
radio 13 55066
radio 13 55580
radio 13 55631
radio 13 56145
radio 13 56175
radio 13 56689
radio 13 56739
radio 13 57253
radio 13 57304
radio 13 57818
radio 13 57893
radio 13 58407
radio 13 58459
radio 13 58973
radio 13 59027
radio 13 59541
radio 13 59575
radio 13 60089
radio 13 60197
radio 13 60711
radio 13 60764
radio 13 61278
radio 13 61330
radio 13 61844
radio 13 61880
radio 13 62394
radio 13 62442
radio 13 62956
radio 13 63011
radio 13 63525
radio 13 63554
radio 13 64068
radio 13 64260
radio 13 64774
radio 13 64822
radio 13 65336
radio 13 65364
radio 14 342
radio 14 373
radio 14 887
radio 14 916
radio 14 1430
radio 14 1460
radio 14 1974
radio 14 1991
radio 14 2505
radio 14 2536
radio 14 3050
radio 14 3079
radio 14 3593
radio 14 3610
radio 14 4124
radio 14 4141
radio 14 4655
delay 17 3 14 4697 14 4682 6 6 65535 0 118 0 0
radio 14 4705
radio 14 5219
radio 14 5318
radio 14 5831
radio 14 5853
radio 14 6367
radio 14 6415
radio 14 6929
radio 14 6957
radio 14 7471
radio 14 7501
radio 14 8015
radio 14 8063
radio 14 8577
radio 14 8594
radio 14 9108
radio 14 9125
radio 14 9639
radio 14 9668
radio 14 10182
radio 14 10217
radio 14 10731
radio 14 10762
radio 14 11276
radio 14 11293
radio 14 11807
radio 14 11824
radio 14 12338
radio 14 12355
radio 14 12869
radio 14 12886
radio 14 13400
radio 14 13434
radio 14 13948
radio 14 13998
radio 14 14512
radio 14 14567
radio 14 15081
radio 14 15109
radio 14 15623
radio 14 15676
radio 14 16190
radio 14 16245
radio 14 16759
radio 14 16789
radio 14 17303
radio 14 17353
radio 14 17867
radio 14 17918
radio 14 18432
radio 14 18465
radio 14 18979
radio 14 19030
radio 14 19544
radio 14 19600
radio 14 20114
radio 14 20131
radio 14 20645
radio 14 20674
radio 14 21188
radio 14 21218
radio 14 21732
radio 14 21749
radio 14 22263
radio 14 22280
radio 14 22794
radio 14 22848
radio 14 23362
radio 14 23379
radio 14 23893
radio 14 23926
radio 14 24440
radio 14 24469
radio 14 24983
delay 18 4 14 25025 14 24972 14 6 65535 0 209 0 0
radio 14 25033
radio 14 25547
radio 14 25654
radio 14 26167
radio 14 26244
radio 14 26757
radio 14 26831
radio 14 27345
radio 14 27362
radio 14 27876
radio 14 27893
radio 14 28407
radio 14 28436
radio 14 28950
radio 14 28978
radio 14 29492
radio 14 29521
radio 14 30035
radio 14 30086
radio 14 30600
radio 14 30630
radio 14 31144
radio 14 31196
radio 14 31710
radio 14 31744
energy 14 31913 7 34963
radio 14 32258
radio 14 32292
radio 14 32806
radio 14 32823
radio 14 33337
radio 14 33366
radio 14 33880
radio 14 33933
radio 14 34447
radio 14 34464
radio 14 34978
radio 14 34995
radio 14 35509
radio 14 35526
radio 14 36040
radio 14 36058
radio 14 36571
radio 14 36588
radio 14 37102
radio 14 37138
radio 14 37652
radio 14 37682
radio 14 38196
radio 14 38213
radio 14 38727
radio 14 38744
radio 14 39258
radio 14 39294
radio 14 39808
radio 14 39825
radio 14 40339
radio 14 40356
radio 14 40870
radio 14 40887
radio 14 41401
radio 14 41438
radio 14 41952
radio 14 42001
radio 14 42515
radio 14 42565
radio 14 43079
radio 14 43115
radio 14 43629
radio 14 43680
radio 14 44194
radio 14 44222
radio 14 44736
radio 14 44753
radio 14 45267
delay 19 24 14 45282 14 44396 5 6 1 0 23 0 0
radio 14 45289
radio 14 45804
radio 14 46015
radio 14 46529
radio 14 46547
radio 14 47061
radio 14 47129
radio 14 47643
radio 14 47660
radio 14 48174
radio 14 48207
radio 14 48721
radio 14 48750
radio 14 49264
radio 14 49281
radio 14 49795
radio 14 49852
radio 14 50366
radio 14 50421
radio 14 50935
radio 14 50952
radio 14 51466
radio 14 51483
radio 14 51997
radio 14 52031
radio 14 52545
radio 14 52573
radio 14 53087
radio 14 53116
radio 14 53630
radio 14 53680
radio 14 54194
radio 14 54224
radio 14 54738
radio 14 54789
radio 14 55303
radio 14 55358
radio 14 55872
radio 14 55889
radio 14 56403
radio 14 56611
radio 14 57125
radio 14 57313
radio 14 57827
radio 14 57876
radio 14 58390
radio 14 58407
radio 14 58921
radio 14 58938
radio 14 59452
radio 14 59521
radio 14 60035
radio 14 60052
radio 14 60566
radio 14 60594
radio 14 61108
radio 14 61196
radio 14 61710
radio 14 61738
radio 14 62252
radio 14 62383
radio 14 62897
radio 14 62914
radio 14 63428
radio 14 63445
radio 14 63959
radio 14 64015
radio 14 64529
radio 14 64585
radio 14 65099
radio 14 65131
radio 15 109
radio 15 157
radio 15 671
delay 20 3 15 855 15 839 6 6 65535 0 169 1 0
radio 15 1926
radio 15 2440
radio 15 2457
radio 15 2971
radio 15 3024
radio 15 3538
radio 15 3555
radio 15 4069
radio 15 4100
radio 15 4614
radio 15 4664
radio 15 5178
radio 15 5228
radio 15 5742
radio 15 5775
radio 15 6289
radio 15 6343
radio 15 6857
radio 15 6930
radio 15 7444
radio 15 7493
radio 15 8007
radio 15 8035
radio 15 8549
radio 15 8580
radio 15 9094
radio 15 9123
radio 15 9637
radio 15 9705
radio 15 10219
radio 15 10269
radio 15 10783
radio 15 10814
radio 15 11328
radio 15 11377
radio 15 11891
radio 15 11946
radio 15 12460
radio 15 12493
radio 15 13007
radio 15 13056
radio 15 13570
radio 15 13605
radio 15 14119
radio 15 14136
radio 15 14650
radio 15 14667
radio 15 15181
radio 15 15212
radio 15 15726
radio 15 15782
radio 15 16296
radio 15 16345
radio 15 16859
radio 15 16888
radio 15 17402
radio 15 17419
radio 15 17933
radio 15 18025
radio 15 18539
radio 15 18569
radio 15 19083
radio 15 19135
radio 15 19649
radio 15 19666
radio 15 20180
radio 15 20229
radio 15 20743
delay 21 0 15 20758 15 20797 0 6 6 0 105 0 0
radio 15 20766
radio 15 21280
radio 15 21450
radio 15 21963
radio 15 22060
radio 15 22574
radio 15 22591
radio 15 23105
radio 15 23122
radio 15 23636
radio 15 23691
radio 15 24205
radio 15 24222
radio 15 24736
radio 15 24764
radio 15 25278
radio 15 25327
radio 15 25841
radio 15 25893
radio 15 26407
radio 15 26537
radio 15 27051
radio 15 27108
radio 15 27622
radio 15 27676
energy 15 27817 7 40269
radio 15 28190
radio 15 28207
radio 15 28721
radio 15 28738
radio 15 29252
radio 15 29308
radio 15 29822
radio 15 29871
radio 15 30385
radio 15 30402
radio 15 30916
radio 15 30933
radio 15 31447
radio 15 31464
radio 15 31978
radio 15 32071
radio 15 32585
radio 15 32602
radio 15 33116
radio 15 33149
radio 15 33663
radio 15 33714
radio 15 34228
radio 15 34262
radio 15 34776
radio 15 34793
radio 15 35307
radio 15 35324
radio 15 35838
radio 15 35855
radio 15 36369
radio 15 36386
radio 15 36900
radio 15 36917
radio 15 37431
radio 15 37480
radio 15 37994
radio 15 38026
radio 15 38540
radio 15 38569
radio 15 39083
radio 15 39100
radio 15 39614
radio 15 39646
radio 15 40160
radio 15 40189
radio 15 40703
radio 15 40720
radio 15 41234
delay 22 21 15 41285 15 40421 5 6 1 0 125 1 0
radio 15 42346
radio 15 42860
radio 15 42877
radio 15 43391
radio 15 43420
radio 15 43934
radio 15 43988
radio 15 44502
radio 15 44558
radio 15 45072
radio 15 45089
radio 15 45603
radio 15 45620
radio 15 46134
radio 15 46189
radio 15 46703
radio 15 46756
radio 15 47270
radio 15 47299
radio 15 47813
radio 15 47831
radio 15 48344
radio 15 48394
radio 15 48908
radio 15 48962
radio 15 49476
radio 15 49509
radio 15 50023
radio 15 50072
radio 15 50586
radio 15 50640
radio 15 51154
radio 15 51369
radio 15 51883
radio 15 52053
radio 15 52567
radio 15 52599
radio 15 53113
radio 15 53168
radio 15 53682
radio 15 53711
radio 15 54225
radio 15 54242
radio 15 54756
radio 15 54825
radio 15 55339
radio 15 55432
radio 15 55946
radio 15 55963
radio 15 56477
radio 15 56494
radio 15 57008
radio 15 57057
radio 15 57571
radio 15 57621
radio 15 58135
radio 15 58204
radio 15 58718
radio 15 58766
radio 15 59280
radio 15 59328
radio 15 59842
radio 15 59859
radio 15 60373
radio 15 60405
radio 15 60919
radio 15 60936
radio 15 61450
radio 15 61502
radio 15 62016
delay 23 12 15 62032 15 61877 6 6 65535 0 92 0 0
radio 15 62040
radio 15 62554
radio 15 62750
radio 15 63263
radio 15 63306
radio 15 63820
radio 15 63837
radio 15 64351
radio 15 64384
radio 15 64898
radio 15 64915
radio 15 65429
radio 15 65520
radio 16 498
radio 16 515
radio 16 1028
radio 16 1045
radio 16 1559
radio 16 1576
radio 16 2090
radio 16 2145
radio 16 2659
radio 16 2676
radio 16 3190
radio 16 3265
radio 16 3779
radio 16 3830
radio 16 4344
radio 16 4378
radio 16 4892
radio 16 4927
radio 16 5441
radio 16 5471
radio 16 5985
radio 16 6033
radio 16 6547
radio 16 6596
radio 16 7110
radio 16 7127
radio 16 7641
radio 16 7658
radio 16 8172
radio 16 8202
radio 16 8716
radio 16 8764
radio 16 9278
radio 16 9327
radio 16 9841
radio 16 9858
radio 16 10372
radio 16 10406
radio 16 10920
radio 16 10950
radio 16 11464
radio 16 11481
radio 16 11995
radio 16 12049
radio 16 12563
radio 16 12580
radio 16 13094
radio 16 13150
radio 16 13664
radio 16 13681
radio 16 14195
radio 16 14247
radio 16 14761
radio 16 14778
radio 16 15292
radio 16 15309
radio 16 15823
radio 16 15840
radio 16 16354
radio 16 16410
radio 16 16924
delay 24 12 16 16941 16 16786 6 6 65535 0 354 0 0
radio 16 16949
radio 16 17464
radio 16 17739
radio 16 18253
radio 16 18313
radio 16 18827
radio 16 18844
radio 16 19358
radio 16 19375
radio 16 19889
radio 16 19906
radio 16 20420
radio 16 20437
radio 16 20951
radio 16 20968
radio 16 21482
radio 16 21510
radio 16 22024
radio 16 22076
radio 16 22590
radio 16 22644
radio 16 23158
radio 16 23175
radio 16 23689
radio 16 23717
energy 16 23723 7 45166
radio 16 24231
radio 16 24280
radio 16 24794
radio 16 24826
radio 16 25340
radio 16 25368
radio 16 25882
radio 16 25917
radio 16 26431
radio 16 26480
radio 16 26994
radio 16 27048
radio 16 27562
radio 16 27594
radio 16 28108
radio 16 28158
radio 16 28672
radio 16 28746
radio 16 29260
radio 16 29311
radio 16 29825
radio 16 29879
radio 16 30393
radio 16 30410
radio 16 30924
radio 16 30941
radio 16 31455
radio 16 31509
radio 16 32023
radio 16 32040
radio 16 32554
radio 16 32585
radio 16 33099
radio 16 33131
radio 16 33645
radio 16 33714
radio 16 34228
radio 16 34278
radio 16 34792
radio 16 34828
radio 16 35342
radio 16 35395
radio 16 35909
radio 16 35941
radio 16 36455
radio 16 36472
radio 16 36986
radio 16 37003
radio 16 37517
delay 25 3 16 37635 16 37618 6 6 65535 0 326 0 0
radio 16 37643
radio 16 38157
radio 16 38174
radio 16 38687
radio 16 38716
radio 16 39230
radio 16 39259
radio 16 39773
radio 16 39790
radio 16 40304
radio 16 40321
radio 16 40835
radio 16 40884
radio 16 41398
radio 16 41428
radio 16 41942
radio 16 41998
radio 16 42512
radio 16 42567
radio 16 43081
radio 16 43098
radio 16 43612
radio 16 43642
radio 16 44156
radio 16 44207
radio 16 44721
radio 16 44769
radio 16 45283
radio 16 45351
radio 16 45865
radio 16 45920
radio 16 46434
radio 16 46468
radio 16 46982
radio 16 47073
radio 16 47587
radio 16 47615
radio 16 48129
radio 16 48177
radio 16 48691
radio 16 48721
radio 16 49235
radio 16 49264
radio 16 49778
radio 16 49795
radio 16 50309
radio 16 50326
radio 16 50840
radio 16 50869
radio 16 51383
radio 16 51512
radio 16 52026
radio 16 52156
radio 16 52670
radio 16 52687
radio 16 53201
radio 16 53218
radio 16 53732
radio 16 53840
radio 16 54354
radio 16 54386
radio 16 54900
radio 16 54934
radio 16 55448
radio 16 55465
radio 16 55979
radio 16 55996
radio 16 56510
radio 16 56539
radio 16 57053
radio 16 57082
radio 16 57596
delay 26 3 16 57615 16 57598 6 6 65535 0 82 0 0
radio 16 57623
radio 16 58138
radio 16 58212
radio 16 58726
radio 16 58900
radio 16 59413
radio 16 59430
radio 16 59944
radio 16 59961
radio 16 60475
radio 16 60505
radio 16 61019
radio 16 61036
radio 16 61550
radio 16 61579
radio 16 62093
radio 16 62128
radio 16 62642
radio 16 62692
radio 16 63206
radio 16 63238
radio 16 63752
radio 16 63769
radio 16 64283
radio 16 64332
radio 16 64846
radio 16 64899
radio 16 65413
radio 16 65482
radio 17 460
radio 17 510
radio 17 1024
radio 17 1053
radio 17 1567
radio 17 1584
radio 17 2098
radio 17 2154
radio 17 2668
radio 17 2722
radio 17 3236
radio 17 3265
radio 17 3779
radio 17 3832
radio 17 4346
radio 17 4395
radio 17 4909
radio 17 4939
radio 17 5453
radio 17 5470
radio 17 5984
radio 17 6034
radio 17 6548
radio 17 6581
radio 17 7095
radio 17 7125
radio 17 7639
radio 17 7667
radio 17 8181
radio 17 8237
radio 17 8751
radio 17 8783
radio 17 9297
radio 17 9314
radio 17 9828
radio 17 9845
radio 17 10359
radio 17 10389
radio 17 10903
radio 17 10920
radio 17 11434
radio 17 11488
radio 17 12002
radio 17 12051
radio 17 12565
delay 27 22 17 12626 17 11798 13 6 65535 0 20 1 0
radio 17 13692
radio 17 14206
radio 17 14256
radio 17 14770
radio 17 14787
radio 17 15301
radio 17 15318
radio 17 15832
radio 17 15849
radio 17 16363
radio 17 16416
radio 17 16930
radio 17 16962
radio 17 17476
radio 17 17524
radio 17 18038
radio 17 18091
radio 17 18605
radio 17 18640
radio 17 19154
radio 17 19208
energy 17 19625 7 50032
radio 17 19722
radio 17 19771
radio 17 20285
radio 17 20338
radio 17 20852
radio 17 20884
radio 17 21398
radio 17 21449
radio 17 21963
radio 17 22016
radio 17 22530
radio 17 22547
radio 17 23061
radio 17 23091
radio 17 23605
radio 17 23655
radio 17 24169
radio 17 24238
radio 17 24752
radio 17 24805
radio 17 25319
radio 17 25367
radio 17 25881
radio 17 25911
radio 17 26425
radio 17 26442
radio 17 26956
radio 17 27007
radio 17 27521
radio 17 27573
radio 17 28087
radio 17 28116
radio 17 28630
radio 17 28684
radio 17 29198
radio 17 29249
radio 17 29763
radio 17 29796
radio 17 30310
radio 17 30359
radio 17 30873
radio 17 30909
radio 17 31423
radio 17 31455
radio 17 31969
radio 17 32003
radio 17 32517
radio 17 32566
radio 17 33080
delay 28 12 17 33157 17 32994 6 6 65535 0 65535 0 0
radio 17 33166
radio 17 33680
radio 17 33858
radio 17 34371
radio 17 34388
radio 17 34901
radio 17 34919
radio 17 35433
radio 17 35450
radio 17 35964
radio 17 35981
radio 17 36495
radio 17 36544
radio 17 37058
radio 17 37109
radio 17 37623
radio 17 37656
radio 17 38170
radio 17 38224
radio 17 38738
radio 17 38773
radio 17 39287
radio 17 39318
radio 17 39832
radio 17 39865
radio 17 40379
radio 17 40427
radio 17 40941
radio 17 40975
radio 17 41489
radio 17 41519
radio 17 42033
radio 17 42050
radio 17 42564
radio 17 42613
radio 17 43127
radio 17 43196
radio 17 43710
radio 17 43727
radio 17 44241
radio 17 44310
radio 17 44824
radio 17 44873
radio 17 45387
radio 17 45416
radio 17 45930
radio 17 45978
radio 17 46492
radio 17 46625
radio 17 47139
radio 17 47210
radio 17 47724
radio 17 47773
radio 17 48287
radio 17 48395
radio 17 48909
radio 17 48964
radio 17 49478
radio 17 49587
radio 17 50101
radio 17 50149
radio 17 50663
radio 17 50694
radio 17 51208
radio 17 51225
radio 17 51739
radio 17 51756
radio 17 52270
radio 17 52320
radio 17 52834
radio 17 52851
radio 17 53365
radio 17 53382
radio 17 53896
delay 29 3 17 53914 17 53896 6 6 65535 0 101 0 0
radio 17 53922
radio 17 54436
radio 17 54482
radio 17 54996
radio 17 55031
radio 17 55544
radio 17 55580
radio 17 56094
radio 17 56148
radio 17 56662
radio 17 56679
radio 17 57193
radio 17 57229
radio 17 57743
radio 17 57760
radio 17 58274
radio 17 58291
radio 17 58805
radio 17 58835
radio 17 59349
radio 17 59380
radio 17 59894
radio 17 59925
radio 17 60439
radio 17 60488
radio 17 61002
radio 17 61050
radio 17 61564
radio 17 61613
radio 17 62127
radio 17 62177
radio 17 62691
radio 17 62708
radio 17 63222
radio 17 63239
radio 17 63753
radio 17 63805
radio 17 64319
radio 17 64336
radio 17 64850
radio 17 64883
radio 17 65397
radio 17 65414
radio 18 392
radio 18 409
radio 18 922
radio 18 952
radio 18 1466
radio 18 1483
radio 18 1997
radio 18 2052
radio 18 2566
radio 18 2635
radio 18 3149
radio 18 3197
radio 18 3711
radio 18 3764
radio 18 4278
radio 18 4310
radio 18 4824
radio 18 4877
radio 18 5391
radio 18 5408
radio 18 5922
radio 18 5973
radio 18 6487
radio 18 6520
radio 18 7034
radio 18 7085
radio 18 7599
radio 18 7631
radio 18 8145
radio 18 8162
radio 18 8676
delay 30 2 18 8741 18 8655 6 6 65535 0 80 1 0
radio 18 9858
radio 18 10371
radio 18 10388
radio 18 10902
radio 18 10919
radio 18 11433
radio 18 11489
radio 18 12003
radio 18 12053
radio 18 12567
radio 18 12596
radio 18 13110
radio 18 13163
radio 18 13677
radio 18 13731
radio 18 14245
radio 18 14280
radio 18 14794
radio 18 14844
radio 18 15358
radio 18 15408
energy 18 15529 7 55088
radio 18 15922
radio 18 15939
