Thread[Thread-1,5,main]tree 10 9 0 14 0 0
radio 7 6325
radio 7 6329
radio 7 6424
radio 7 6938
radio 7 6955
radio 7 7468
radio 7 7485
radio 7 7998
radio 7 8015
radio 7 8528
radio 7 8602
radio 7 9116
radio 7 9146
radio 7 9660
radio 7 9690
radio 7 10204
radio 7 10221
radio 7 10735
radio 7 10803
radio 7 11317
radio 7 11349
radio 7 11863
radio 7 11880
radio 7 12394
radio 7 12430
radio 7 12944
radio 7 13033
radio 7 13547
radio 7 13564
radio 7 14077
radio 7 14094
radio 7 14608
radio 7 14638
radio 7 15152
radio 7 15169
radio 7 15682
radio 7 15714
radio 7 16228
radio 7 16261
radio 7 16775
radio 7 16792
radio 7 17306
radio 7 17336
radio 7 17850
radio 7 17867
radio 7 18381
radio 7 18413
radio 7 18927
radio 7 18955
radio 7 19469
radio 7 19486
radio 7 19999
radio 7 20031
radio 7 20545
radio 7 20574
radio 7 21088
radio 7 21105
radio 7 21619
radio 7 21636
radio 7 22149
radio 7 22166
radio 7 22680
radio 7 22729
radio 7 23243
radio 7 23336
radio 7 23850
radio 7 24019
radio 7 24533
radio 7 24601
radio 7 25115
radio 7 25132
radio 7 25646
radio 7 25696
radio 7 26210
radio 7 26326
radio 7 26840
radio 7 26875
radio 7 27389
radio 7 27465
radio 7 27979
radio 7 28135
radio 7 28649
radio 7 28706
radio 7 29220
radio 7 29249
radio 7 29763
radio 7 29812
radio 7 30326
radio 7 30343
radio 7 30857
radio 7 30874
radio 7 31388
radio 7 31405
radio 7 31919
radio 7 31990
radio 7 32504
radio 7 32536
radio 7 33050
radio 7 33067
radio 7 33581
radio 7 33610
radio 7 34124
radio 7 34213
radio 7 34727
radio 7 34759
radio 7 35273
radio 7 35367
radio 7 35881
radio 7 35898
radio 7 36412
radio 7 36429
radio 7 36943
radio 7 36960
radio 7 37473
radio 7 37546
radio 7 38060
radio 7 38095
radio 7 38609
radio 7 38626
radio 7 39140
radio 7 39169
radio 7 39683
radio 7 39771
radio 7 40285
radio 7 40302
radio 7 40815
radio 7 40832
radio 7 41345
radio 7 41362
radio 7 41876
radio 7 41948
radio 7 42462
radio 7 42492
radio 7 43006
radio 7 43023
radio 7 43537
radio 7 43565
radio 7 44079
radio 7 44096
radio 7 44610
radio 7 44678
radio 7 45192
radio 7 45209
radio 7 45723
radio 7 45754
radio 7 46268
radio 7 46297
radio 7 46811
radio 7 46901
radio 7 47415
radio 7 47432
radio 7 47946
radio 7 47977
radio 7 48491
radio 7 48508
radio 7 49022
radio 7 49051
radio 7 49565
radio 7 49582
radio 7 50096
radio 7 50113
radio 7 50627
radio 7 50676
radio 7 51190
radio 7 51207
radio 7 51721
radio 7 51738
radio 7 52252
radio 7 52269
radio 7 52783
radio 7 52859
radio 7 53373
radio 7 53390
radio 7 53904
radio 7 53935
radio 7 54449
radio 7 54466
radio 7 54980
radio 7 54997
radio 7 55511
radio 7 55605
radio 7 56119
radio 7 56136
radio 7 56650
radio 7 56683
radio 7 57197
radio 7 57214
radio 7 57728
radio 7 57783
radio 7 58297
radio 7 58314
radio 7 58828
radio 7 58861
radio 7 59375
radio 7 59392
radio 7 59906
radio 7 59923
radio 7 60436
radio 7 60472
radio 7 60986
radio 7 61020
radio 7 61534
radio 7 61590
radio 7 62104
radio 7 62174
radio 7 62688
radio 7 62736
radio 7 63250
radio 7 63267
radio 7 63781
radio 7 63812
radio 7 64326
radio 7 64374
radio 7 64888
radio 7 64940
radio 7 65454
radio 7 65488
radio 8 466
radio 8 554
radio 8 1067
radio 8 1084
radio 8 1597
radio 8 1614
radio 8 2127
radio 8 2183
energy 8 2240 7 9978
radio 8 2697
radio 8 2730
radio 8 3244
radio 8 3261
radio 8 3774
radio 8 3791
radio 8 4304
radio 8 4321
radio 8 4834
radio 8 4866
radio 8 5380
radio 8 5397
radio 8 5910
radio 8 5979
radio 8 6493
radio 8 6521
radio 8 7035
radio 8 7052
radio 8 7565
radio 8 7582
radio 8 8095
radio 8 8112
radio 8 8625
radio 8 8642
radio 8 9155
radio 8 9172
radio 8 9685
radio 8 9781
radio 8 10295
radio 8 10312
radio 8 10825
radio 8 10856
radio 8 11370
radio 8 11419
radio 8 11933
radio 8 11950
radio 8 12464
radio 8 12496
radio 8 13010
radio 8 13027
radio 8 13541
radio 8 13637
radio 8 14151
radio 8 14168
radio 8 14682
radio 8 14711
radio 8 15225
radio 8 15242
radio 8 15756
radio 8 15773
radio 8 16287
radio 8 16304
radio 8 16817
radio 8 16889
radio 8 17403
radio 8 17420
radio 8 17934
radio 8 17951
radio 8 18465
radio 8 18482
radio 8 18996
radio 8 19146
radio 8 19660
radio 8 19929
radio 8 20443
radio 8 20554
radio 8 21068
radio 8 21116
radio 8 21630
radio 8 21699
radio 8 22213
radio 8 22281
radio 8 22795
radio 8 22867
radio 8 23381
radio 8 23616
radio 8 24130
radio 8 24226
radio 8 24740
radio 8 24757
radio 8 25271
radio 8 25288
radio 8 25802
radio 8 25819
radio 8 26332
radio 8 26349
radio 8 26863
radio 8 26893
radio 8 27407
radio 8 27478
radio 8 27992
radio 8 28009
radio 8 28523
radio 8 28557
radio 8 29071
radio 8 29088
radio 8 29602
radio 8 29671
radio 8 30185
radio 8 30234
radio 8 30748
radio 8 30783
radio 8 31297
radio 8 31345
radio 8 31859
radio 8 31909
radio 8 32423
radio 8 32440
radio 8 32954
radio 8 32986
radio 8 33500
radio 8 33517
radio 8 34031
radio 8 34048
radio 8 34561
radio 8 34578
radio 8 35092
radio 8 35109
radio 8 35623
radio 8 35640
radio 8 36154
radio 8 36206
radio 8 36720
radio 8 36737
radio 8 37251
radio 8 37268
radio 8 37782
radio 8 37835
radio 8 38349
radio 8 38366
radio 8 38880
radio 8 38897
radio 8 39411
radio 8 39445
radio 8 39959
radio 8 39995
radio 8 40509
radio 8 40584
radio 8 41098
radio 8 41128
radio 8 41642
radio 8 41659
radio 8 42173
radio 8 42190
radio 8 42704
radio 8 42721
radio 8 43235
radio 8 43252
radio 8 43766
radio 8 43861
radio 8 44375
radio 8 44392
radio 8 44905
radio 8 44941
radio 8 45455
radio 8 45472
radio 8 45986
radio 8 46003
radio 8 46517
radio 8 46534
radio 8 47048
radio 8 47065
radio 8 47579
radio 8 47613
radio 8 48127
radio 8 48144
radio 8 48658
radio 8 48675
radio 8 49189
delay 0 43 8 49206 8 48804 7 7 65535 0 243 0 0
radio 8 49214
radio 8 49729
radio 8 49803
radio 8 50317
radio 8 50369
radio 8 50883
radio 8 50915
radio 8 51429
radio 8 51446
radio 8 51959
radio 8 51988
radio 8 52502
radio 8 52534
radio 8 53048
radio 8 53096
radio 8 53610
radio 8 53627
radio 8 54141
radio 8 54193
radio 8 54707
radio 8 54740
radio 8 55254
radio 8 55287
radio 8 55801
radio 8 55818
radio 8 56332
radio 8 56349
radio 8 56862
radio 8 56879
radio 8 57392
radio 8 57409
radio 8 57923
radio 8 57974
radio 8 58488
radio 8 58517
radio 8 59031
radio 8 59048
radio 8 59562
radio 8 59594
radio 8 60108
radio 8 60125
radio 8 60639
radio 8 60675
radio 8 61189
radio 8 61222
radio 8 61736
radio 8 61805
radio 8 62319
radio 8 62350
radio 8 62864
radio 8 62898
radio 8 63412
radio 8 63446
energy 8 63680 7 13498
radio 8 63960
radio 8 63991
radio 8 64505
radio 8 64522
radio 8 65036
radio 8 65065
radio 9 43
radio 9 95
radio 9 608
radio 9 625
radio 9 1138
radio 9 1172
radio 9 1686
radio 9 1719
radio 9 2233
radio 9 2250
radio 9 2763
radio 9 2791
radio 9 3305
radio 9 3322
radio 9 3835
delay 1 42 9 3855 9 3449 14 7 65535 0 34 1 0
radio 9 4927
radio 9 5440
radio 9 5460
radio 9 5974
radio 9 5991
radio 9 6504
radio 9 6521
radio 9 7034
radio 9 7067
radio 9 7581
radio 9 7598
radio 9 8111
radio 9 8128
radio 9 8641
radio 9 8695
radio 9 9209
radio 9 9226
radio 9 9739
radio 9 9770
radio 9 10284
radio 9 10313
radio 9 10827
radio 9 10844
radio 9 11358
radio 9 11388
radio 9 11902
radio 9 11957
radio 9 12471
radio 9 12488
radio 9 13001
radio 9 13033
radio 9 13547
radio 9 13564
radio 9 14077
radio 9 14094
radio 9 14608
radio 9 14676
radio 9 15190
radio 9 15223
radio 9 15737
radio 9 15889
radio 9 16403
radio 9 16471
radio 9 16985
radio 9 17002
radio 9 17516
radio 9 17533
radio 9 18047
radio 9 18076
radio 9 18590
radio 9 18622
radio 9 19136
radio 9 19153
radio 9 19667
radio 9 19815
radio 9 20329
radio 9 20381
radio 9 20895
radio 9 21003
radio 9 21517
radio 9 21547
radio 9 22061
radio 9 22117
radio 9 22631
radio 9 22648
radio 9 23162
radio 9 23210
radio 9 23724
radio 9 23741
radio 9 24254
delay 2 0 9 24303 9 24815 0 7 7 0 34 1 0
radio 9 25386
radio 9 25900
radio 9 25919
radio 9 26433
radio 9 26485
radio 9 26999
radio 9 27016
radio 9 27529
radio 9 27546
radio 9 28059
radio 9 28076
radio 9 28589
radio 9 28606
radio 9 29120
radio 9 29137
radio 9 29650
radio 9 29667
radio 9 30181
radio 9 30235
radio 9 30749
radio 9 30766
radio 9 31280
radio 9 31297
radio 9 31811
radio 9 31865
radio 9 32379
radio 9 32408
radio 9 32922
radio 9 32951
radio 9 33465
radio 9 33494
radio 9 34008
radio 9 34025
radio 9 34538
radio 9 34555
radio 9 35068
radio 9 35118
radio 9 35632
radio 9 35686
radio 9 36200
radio 9 36217
radio 9 36731
radio 9 36748
radio 9 37262
radio 9 37279
radio 9 37793
radio 9 37847
radio 9 38361
radio 9 38409
radio 9 38923
radio 9 38940
radio 9 39454
radio 9 39483
radio 9 39997
radio 9 40051
radio 9 40565
radio 9 40599
radio 9 41113
radio 9 41162
radio 9 41676
radio 9 41725
radio 9 42239
radio 9 42289
radio 9 42803
radio 9 42820
radio 9 43333
radio 9 43350
radio 9 43864
radio 9 43895
radio 9 44409
radio 9 44445
radio 9 44959
delay 3 4 9 45028 9 45445 14 7 65535 0 14 1 0
radio 9 46099
radio 9 46613
radio 9 46669
radio 9 47183
radio 9 47200
radio 9 47714
radio 9 47743
radio 9 48257
radio 9 48274
radio 9 48788
radio 9 48823
radio 9 49337
radio 9 49354
radio 9 49868
radio 9 49901
radio 9 50415
radio 9 50432
radio 9 50945
radio 9 51000
radio 9 51514
radio 9 51549
radio 9 52063
radio 9 52098
radio 9 52612
radio 9 52629
radio 9 53143
radio 9 53219
radio 9 53733
radio 9 53783
radio 9 54297
radio 9 54353
radio 9 54867
radio 9 54898
radio 9 55412
radio 9 55461
radio 9 55975
radio 9 55992
radio 9 56505
radio 9 56557
radio 9 57071
radio 9 57088
radio 9 57602
radio 9 57619
radio 9 58132
radio 9 58186
radio 9 58700
radio 9 58751
radio 9 59265
radio 9 59335
energy 9 59584 7 19793
radio 9 59849
radio 9 59866
radio 9 60379
radio 9 60396
radio 9 60910
radio 9 60960
radio 9 61474
radio 9 61491
radio 9 62004
radio 9 62037
radio 9 62551
radio 9 62586
radio 9 63100
radio 9 63117
radio 9 63631
radio 9 63681
radio 9 64195
radio 9 64265
radio 9 64779
radio 9 64796
radio 9 65309
delay 4 46 10 199 9 65335 14 7 65535 0 357 0 0
radio 10 207
radio 10 721
radio 10 956
radio 10 1469
radio 10 1486
radio 10 1999
radio 10 2016
radio 10 2530
radio 10 2547
radio 10 3061
radio 10 3093
radio 10 3607
radio 10 3662
radio 10 4176
radio 10 4229
radio 10 4743
radio 10 4773
radio 10 5287
radio 10 5341
radio 10 5855
radio 10 5904
radio 10 6418
radio 10 6435
radio 10 6948
radio 10 6965
radio 10 7479
radio 10 7496
radio 10 8010
radio 10 8066
radio 10 8580
radio 10 8630
radio 10 9144
radio 10 9161
radio 10 9674
radio 10 9691
radio 10 10205
radio 10 10222
radio 10 10736
radio 10 10804
radio 10 11318
radio 10 11335
radio 10 11849
radio 10 11884
radio 10 12398
radio 10 12614
radio 10 13128
radio 10 13156
radio 10 13670
radio 10 13724
radio 10 14238
radio 10 14349
radio 10 14863
radio 10 14916
radio 10 15430
radio 10 15480
radio 10 15994
radio 10 16027
radio 10 16541
radio 10 16558
radio 10 17072
radio 10 17089
radio 10 17603
radio 10 17635
radio 10 18149
radio 10 18178
radio 10 18692
radio 10 18727
radio 10 19241
radio 10 19258
radio 10 19772
radio 10 19789
radio 10 20303
delay 5 24 10 20422 10 20012 5 7 2 0 58 1 0
radio 10 21489
radio 10 22003
radio 10 22039
radio 10 22553
radio 10 22570
radio 10 23084
radio 10 23156
radio 10 23670
radio 10 23702
radio 10 24216
radio 10 24248
radio 10 24762
radio 10 24796
radio 10 25310
radio 10 25360
radio 10 25874
radio 10 25891
radio 10 26405
radio 10 26422
radio 10 26936
radio 10 26968
radio 10 27482
radio 10 27499
radio 10 28013
radio 10 28043
radio 10 28557
radio 10 28574
radio 10 29088
radio 10 29137
radio 10 29651
radio 10 29684
radio 10 30198
radio 10 30215
radio 10 30729
radio 10 30765
radio 10 31279
radio 10 31314
radio 10 31828
radio 10 31845
radio 10 32359
radio 10 32376
radio 10 32890
radio 10 32920
radio 10 33434
radio 10 33469
radio 10 33983
radio 10 34012
radio 10 34526
radio 10 34543
radio 10 35057
radio 10 35089
radio 10 35603
radio 10 35632
radio 10 36146
radio 10 36179
radio 10 36693
radio 10 36721
radio 10 37235
radio 10 37252
radio 10 37766
radio 10 37783
radio 10 38297
radio 10 38365
radio 10 38879
radio 10 38909
radio 10 39423
radio 10 39440
radio 10 39954
radio 10 39989
radio 10 40503
radio 10 40520
radio 10 41034
delay 6 42 10 41051 10 40646 14 7 65535 0 145 0 0
radio 10 41059
radio 10 41574
radio 10 41645
radio 10 42159
radio 10 42247
radio 10 42760
radio 10 42808
radio 10 43322
radio 10 43339
radio 10 43853
radio 10 43870
radio 10 44384
radio 10 44416
radio 10 44930
radio 10 44964
radio 10 45478
radio 10 45506
radio 10 46020
radio 10 46069
radio 10 46583
radio 10 46600
radio 10 47114
radio 10 47146
radio 10 47660
radio 10 47677
radio 10 48191
radio 10 48208
radio 10 48722
radio 10 48739
radio 10 49253
radio 10 49270
radio 10 49784
radio 10 49814
radio 10 50328
radio 10 50345
radio 10 50859
radio 10 50888
radio 10 51402
radio 10 51419
radio 10 51933
radio 10 52007
radio 10 52521
radio 10 52573
radio 10 53087
radio 10 53121
radio 10 53635
radio 10 53652
radio 10 54166
radio 10 54220
radio 10 54734
radio 10 54751
radio 10 55265
radio 10 55282
energy 10 55488 7 24591
radio 10 55796
radio 10 55832
radio 10 56346
radio 10 56363
radio 10 56877
radio 10 56930
radio 10 57444
radio 10 57461
radio 10 57975
radio 10 58024
radio 10 58538
radio 10 58569
radio 10 59083
radio 10 59172
radio 10 59686
radio 10 59718
radio 10 60232
radio 10 60286
radio 10 60800
radio 10 60817
radio 10 61331
delay 7 42 10 61377 10 60972 14 7 65535 0 146 0 0
radio 10 61385
radio 10 61900
radio 10 62000
radio 10 62514
radio 10 62533
radio 10 63046
radio 10 63063
radio 10 63577
radio 10 63594
radio 10 64108
radio 10 64159
radio 10 64673
radio 10 64703
radio 10 65217
radio 10 65250
radio 11 228
radio 11 303
radio 11 817
radio 11 834
radio 11 1347
radio 11 1399
radio 11 1913
radio 11 1944
radio 11 2458
radio 11 2509
radio 11 3023
radio 11 3040
radio 11 3554
radio 11 3585
radio 11 4099
radio 11 4133
radio 11 4647
radio 11 4664
radio 11 5178
radio 11 5227
radio 11 5741
radio 11 5758
radio 11 6271
radio 11 6321
radio 11 6835
radio 11 6989
radio 11 7503
radio 11 7578
radio 11 8092
radio 11 8109
radio 11 8622
radio 11 8639
radio 11 9152
radio 11 9169
radio 11 9683
radio 11 9739
radio 11 10253
radio 11 10304
radio 11 10818
radio 11 10835
radio 11 11349
radio 11 11381
radio 11 11895
radio 11 11912
radio 11 12426
radio 11 12475
radio 11 12989
radio 11 13022
radio 11 13536
radio 11 13568
radio 11 14082
radio 11 14099
radio 11 14613
radio 11 14630
radio 11 15144
radio 11 15192
radio 11 15706
radio 11 15723
radio 11 16237
delay 8 21 11 16263 11 15874 5 7 2 0 26 1 0
radio 11 17329
radio 11 17842
radio 11 17859
radio 11 18373
radio 11 18390
radio 11 18904
radio 11 18921
radio 11 19435
radio 11 19452
radio 11 19966
radio 11 20021
radio 11 20535
radio 11 20591
radio 11 21105
radio 11 21135
radio 11 21649
radio 11 21699
radio 11 22213
radio 11 22269
radio 11 22783
radio 11 22800
radio 11 23314
radio 11 23331
radio 11 23845
radio 11 23901
radio 11 24415
radio 11 24470
radio 11 24984
radio 11 25018
radio 11 25532
radio 11 25566
radio 11 26080
radio 11 26097
radio 11 26611
radio 11 26642
radio 11 27156
radio 11 27173
radio 11 27687
radio 11 27704
radio 11 28218
radio 11 28249
radio 11 28763
radio 11 28780
radio 11 29294
radio 11 29311
radio 11 29825
radio 11 29878
radio 11 30392
radio 11 30449
radio 11 30963
radio 11 30980
radio 11 31494
radio 11 31546
radio 11 32060
radio 11 32091
radio 11 32605
radio 11 32633
radio 11 33147
radio 11 33164
radio 11 33678
radio 11 33695
radio 11 34209
radio 11 34226
radio 11 34740
radio 11 34757
radio 11 35271
radio 11 35326
radio 11 35840
radio 11 35894
radio 11 36408
radio 11 36438
radio 11 36952
delay 9 45 11 37024 11 36628 14 7 65535 0 255 0 0
radio 11 37032
radio 11 37547
radio 11 37646
radio 11 38160
radio 11 38203
radio 11 38716
radio 11 38745
radio 11 39259
radio 11 39276
radio 11 39790
radio 11 39839
radio 11 40353
radio 11 40404
radio 11 40918
radio 11 40949
radio 11 41463
radio 11 41518
radio 11 42032
radio 11 42068
radio 11 42582
radio 11 42617
radio 11 43131
radio 11 43162
radio 11 43676
radio 11 43705
radio 11 44219
radio 11 44254
radio 11 44768
radio 11 44800
radio 11 45314
radio 11 45331
radio 11 45845
radio 11 45862
radio 11 46376
radio 11 46393
radio 11 46907
radio 11 46942
radio 11 47456
radio 11 47473
radio 11 47987
radio 11 48017
radio 11 48531
radio 11 48548
radio 11 49062
radio 11 49111
radio 11 49625
radio 11 49741
radio 11 50255
radio 11 50323
radio 11 50837
radio 11 50854
radio 11 51368
energy 11 51392 7 29016
radio 11 51419
radio 11 51933
radio 11 51963
radio 11 52477
radio 11 52568
radio 11 53082
radio 11 53099
radio 11 53613
radio 11 53630
radio 11 54144
radio 11 54161
radio 11 54675
radio 11 54730
radio 11 55244
radio 11 55280
radio 11 55794
radio 11 55829
radio 11 56343
radio 11 56360
radio 11 56874
radio 11 56891
radio 11 57405
delay 10 24 11 57565 11 57155 5 7 2 0 392 0 0
radio 11 57572
radio 11 58087
radio 11 58178
radio 11 58692
radio 11 58722
radio 11 59236
radio 11 59265
radio 11 59779
radio 11 59808
radio 11 60322
radio 11 60339
radio 11 60853
radio 11 60881
radio 11 61395
radio 11 61430
radio 11 61944
radio 11 61961
radio 11 62475
radio 11 62504
radio 11 63018
radio 11 63035
radio 11 63549
radio 11 63577
radio 11 64091
radio 11 64123
radio 11 64637
radio 11 64690
radio 11 65204
radio 11 65256
radio 12 234
radio 12 251
radio 12 764
radio 12 794
radio 12 1308
radio 12 1397
radio 12 1911
radio 12 1940
radio 12 2454
radio 12 2507
radio 12 3021
radio 12 3133
radio 12 3647
radio 12 3664
radio 12 4178
radio 12 4214
radio 12 4728
radio 12 4757
radio 12 5271
radio 12 5288
radio 12 5801
radio 12 5818
radio 12 6332
radio 12 6401
radio 12 6915
radio 12 6947
radio 12 7461
radio 12 7478
radio 12 7991
radio 12 8008
radio 12 8522
radio 12 8539
radio 12 9053
radio 12 9070
radio 12 9583
radio 12 9639
radio 12 10153
radio 12 10182
radio 12 10696
radio 12 10732
radio 12 11246
radio 12 11263
radio 12 11777
radio 12 11810
radio 12 12324
delay 11 25 12 12430 12 12319 14 7 65535 0 178 0 0
radio 12 12438
radio 12 12953
radio 12 13119
radio 12 13632
radio 12 13649
radio 12 14163
radio 12 14195
radio 12 14709
radio 12 14743
radio 12 15257
radio 12 15305
radio 12 15819
radio 12 15874
radio 12 16388
radio 12 16424
radio 12 16938
radio 12 16967
radio 12 17481
radio 12 17498
radio 12 18012
radio 12 18046
radio 12 18560
radio 12 18577
radio 12 19091
radio 12 19120
radio 12 19634
radio 12 19651
radio 12 20165
radio 12 20195
radio 12 20709
radio 12 20757
radio 12 21271
radio 12 21319
radio 12 21833
radio 12 21865
radio 12 22379
radio 12 22432
radio 12 22946
radio 12 22963
radio 12 23477
radio 12 23508
radio 12 24022
radio 12 24039
radio 12 24553
radio 12 24570
radio 12 25084
radio 12 25101
radio 12 25615
radio 12 25687
radio 12 26201
radio 12 26255
radio 12 26769
radio 12 26786
radio 12 27300
radio 12 27355
radio 12 27869
radio 12 27923
radio 12 28437
radio 12 28454
radio 12 28968
radio 12 28985
radio 12 29499
radio 12 29516
radio 12 30030
radio 12 30118
radio 12 30632
radio 12 30649
radio 12 31163
radio 12 31193
radio 12 31707
radio 12 31760
radio 12 32274
radio 12 32291
radio 12 32805
delay 12 24 12 33062 12 32652 5 7 2 0 355 0 0
radio 12 33070
radio 12 33584
radio 12 33707
radio 12 34220
radio 12 34253
radio 12 34767
radio 12 34784
radio 12 35298
radio 12 35328
radio 12 35842
radio 12 35859
radio 12 36373
radio 12 36406
radio 12 36920
radio 12 36952
radio 12 37466
radio 12 37534
radio 12 38048
radio 12 38083
radio 12 38597
radio 12 38614
radio 12 39128
radio 12 39145
radio 12 39659
radio 12 39676
radio 12 40190
radio 12 40224
radio 12 40738
radio 12 40755
radio 12 41269
radio 12 41297
radio 12 41811
radio 12 41840
radio 12 42354
radio 12 42383
radio 12 42897
radio 12 42930
radio 12 43444
radio 12 43461
radio 12 43975
radio 12 44003
radio 12 44517
radio 12 44534
radio 12 45048
radio 12 45065
radio 12 45579
radio 12 45609
radio 12 46123
radio 12 46158
radio 12 46672
radio 12 46701
radio 12 47215
radio 12 47232
energy 12 47296 7 32688
radio 12 47746
radio 12 47763
radio 12 48277
radio 12 48294
radio 12 48808
radio 12 48859
radio 12 49373
radio 12 49408
radio 12 49922
radio 12 49939
radio 12 50453
radio 12 50483
radio 12 50997
radio 12 51014
radio 12 51528
radio 12 51545
radio 12 52059
radio 12 52110
radio 12 52624
radio 12 52679
radio 12 53193
delay 13 24 12 53209 12 52799 5 7 2 0 30 1 0
radio 12 54279
radio 12 54793
radio 12 54810
radio 12 55324
radio 12 55341
radio 12 55855
radio 12 55891
radio 12 56405
radio 12 56454
radio 12 56968
radio 12 56999
radio 12 57513
radio 12 57562
radio 12 58076
radio 12 58132
radio 12 58646
radio 12 58663
radio 12 59177
radio 12 59194
radio 12 59708
radio 12 59764
radio 12 60278
radio 12 60330
radio 12 60844
radio 12 60861
radio 12 61375
radio 12 61410
radio 12 61924
radio 12 61941
radio 12 62455
radio 12 62472
radio 12 62986
radio 12 63003
radio 12 63517
radio 12 63534
radio 12 64048
radio 12 64136
radio 12 64650
radio 12 64667
radio 12 65181
radio 12 65198
radio 13 176
radio 13 209
radio 13 723
radio 13 775
radio 13 1289
radio 13 1306
radio 13 1820
radio 13 1913
radio 13 2427
radio 13 2578
radio 13 3092
radio 13 3202
radio 13 3716
radio 13 3766
radio 13 4280
radio 13 4297
radio 13 4811
radio 13 4844
radio 13 5358
radio 13 5375
radio 13 5888
radio 13 5917
radio 13 6431
radio 13 6448
radio 13 6962
radio 13 6979
radio 13 7493
radio 13 7545
radio 13 8059
delay 14 24 13 8158 13 7748 5 7 2 0 181 0 0
radio 13 8166
radio 13 8680
radio 13 8778
radio 13 9292
radio 13 9372
radio 13 9886
radio 13 9903
radio 13 10416
radio 13 10433
radio 13 10947
radio 13 10964
radio 13 11478
radio 13 11531
radio 13 12045
radio 13 12079
radio 13 12593
radio 13 12625
radio 13 13139
radio 13 13156
radio 13 13670
radio 13 13700
radio 13 14214
radio 13 14250
radio 13 14764
radio 13 14781
radio 13 15295
radio 13 15330
radio 13 15844
radio 13 15861
radio 13 16375
radio 13 16404
radio 13 16918
radio 13 16947
radio 13 17461
radio 13 17478
radio 13 17992
radio 13 18009
radio 13 18523
radio 13 18558
radio 13 19072
radio 13 19125
radio 13 19639
radio 13 19672
radio 13 20186
radio 13 20234
radio 13 20748
radio 13 20799
radio 13 21313
radio 13 21330
radio 13 21844
radio 13 21861
radio 13 22375
radio 13 22429
radio 13 22943
radio 13 22974
radio 13 23488
radio 13 23505
radio 13 24019
radio 13 24036
radio 13 24550
radio 13 24567
radio 13 25081
radio 13 25154
radio 13 25668
radio 13 25723
radio 13 26237
radio 13 26254
radio 13 26768
radio 13 26797
radio 13 27311
radio 13 27328
radio 13 27842
radio 13 27891
radio 13 28405
radio 13 28458
radio 13 28972
delay 15 4 13 29048 13 29470 14 7 65535 0 439 0 0
radio 13 29057
radio 13 29571
radio 13 29587
radio 13 30101
radio 13 30118
radio 13 30632
radio 13 30649
radio 13 31163
radio 13 31180
radio 13 31694
radio 13 31711
radio 13 32225
radio 13 32242
radio 13 32756
radio 13 32807
radio 13 33321
radio 13 33338
radio 13 33852
radio 13 33903
radio 13 34417
radio 13 34446
radio 13 34960
radio 13 35009
radio 13 35523
radio 13 35552
radio 13 36066
radio 13 36083
radio 13 36597
radio 13 36614
radio 13 37128
radio 13 37158
radio 13 37672
radio 13 37701
radio 13 38215
radio 13 38269
radio 13 38783
radio 13 38838
radio 13 39352
radio 13 39380
radio 13 39894
radio 13 39948
radio 13 40462
radio 13 40515
radio 13 41029
radio 13 41046
radio 13 41560
radio 13 41577
radio 13 42091
radio 13 42108
radio 13 42622
radio 13 42673
radio 13 43187
energy 13 43208 7 36980
radio 13 43237
radio 13 43751
radio 13 43783
radio 13 44297
radio 13 44351
radio 13 44865
radio 13 44920
radio 13 45434
radio 13 45451
radio 13 45965
radio 13 45982
radio 13 46496
radio 13 46513
radio 13 47027
radio 13 47078
radio 13 47592
radio 13 47702
radio 13 48216
radio 13 48233
radio 13 48747
radio 13 48780
radio 13 49294
delay 16 3 13 49309 13 49769 6 7 1 0 386 0 0
radio 13 49317
radio 13 49831
radio 13 49960
radio 13 50474
radio 13 50491
radio 13 51005
radio 13 51055
radio 13 51569
radio 13 51586
radio 13 52100
radio 13 52155
radio 13 52669
radio 13 52686
radio 13 53200
radio 13 53256
radio 13 53770
radio 13 53800
radio 13 54314
radio 13 54331
radio 13 54845
radio 13 54876
radio 13 55390
radio 13 55421
radio 13 55935
radio 13 55991
radio 13 56505
radio 13 56539
radio 13 57053
radio 13 57070
radio 13 57584
radio 13 57601
radio 13 58115
radio 13 58132
radio 13 58646
radio 13 58663
radio 13 59177
radio 13 59232
radio 13 59746
radio 13 59777
radio 13 60291
radio 13 60326
radio 13 60840
radio 13 60857
radio 13 61371
radio 13 61388
radio 13 61902
radio 13 61919
radio 13 62433
radio 13 62450
radio 13 62964
radio 13 63020
radio 13 63534
radio 13 63565
radio 13 64079
radio 13 64107
radio 13 64621
radio 13 64638
radio 13 65152
radio 13 65182
radio 14 160
radio 14 177
radio 14 690
radio 14 738
radio 14 1252
radio 14 1280
radio 14 1794
radio 14 1811
radio 14 2324
radio 14 2356
radio 14 2870
radio 14 2887
radio 14 3401
radio 14 3450
radio 14 3964
delay 17 35 14 3981 14 3570 7 7 65535 0 35 1 0
radio 14 5045
radio 14 5558
radio 14 5575
radio 14 6089
radio 14 6106
radio 14 6619
radio 14 6636
radio 14 7149
radio 14 7166
radio 14 7679
radio 14 7696
radio 14 8210
radio 14 8239
radio 14 8753
radio 14 8804
radio 14 9318
radio 14 9373
radio 14 9887
radio 14 9916
radio 14 10430
radio 14 10482
radio 14 10996
radio 14 11031
radio 14 11545
radio 14 11562
radio 14 12076
radio 14 12093
radio 14 12607
radio 14 12635
radio 14 13149
radio 14 13166
radio 14 13680
radio 14 13733
radio 14 14247
radio 14 14282
radio 14 14796
radio 14 14813
radio 14 15327
radio 14 15344
radio 14 15858
radio 14 15875
radio 14 16389
radio 14 16406
radio 14 16920
radio 14 16975
radio 14 17489
radio 14 17506
radio 14 18020
radio 14 18037
radio 14 18551
radio 14 18599
radio 14 19113
radio 14 19130
radio 14 19644
radio 14 19661
radio 14 20175
radio 14 20192
radio 14 20706
radio 14 20758
radio 14 21272
radio 14 21321
radio 14 21835
radio 14 21951
radio 14 22465
radio 14 22482
radio 14 22996
radio 14 23027
radio 14 23541
radio 14 23591
radio 14 24105
radio 14 24156
radio 14 24670
delay 18 4 14 24824 14 25247 14 7 65535 0 484 0 0
radio 14 24833
radio 14 25347
radio 14 25362
radio 14 25875
radio 14 25923
radio 14 26437
radio 14 26454
radio 14 26968
radio 14 26985
radio 14 27499
radio 14 27528
radio 14 28042
radio 14 28059
radio 14 28573
radio 14 28625
radio 14 29139
radio 14 29191
radio 14 29705
radio 14 29722
radio 14 30236
radio 14 30253
radio 14 30767
radio 14 30796
radio 14 31310
radio 14 31327
radio 14 31841
radio 14 31858
radio 14 32372
radio 14 32403
radio 14 32917
radio 14 32947
radio 14 33461
radio 14 33478
radio 14 33992
radio 14 34026
radio 14 34540
radio 14 34557
radio 14 35071
radio 14 35125
radio 14 35639
radio 14 35693
radio 14 36207
radio 14 36236
radio 14 36750
radio 14 36799
radio 14 37313
radio 14 37366
radio 14 37880
radio 14 37897
radio 14 38411
radio 14 38439
radio 14 38953
radio 14 39004
energy 14 39104 7 41126
radio 14 39518
radio 14 39553
radio 14 40067
radio 14 40098
radio 14 40612
radio 14 40629
radio 14 41143
radio 14 41160
radio 14 41674
radio 14 41730
radio 14 42244
radio 14 42293
radio 14 42807
radio 14 42824
radio 14 43338
radio 14 43355
radio 14 43869
radio 14 43898
radio 14 44412
radio 14 44429
radio 14 44943
delay 19 24 14 45172 14 44762 5 7 2 0 389 0 0
radio 14 45180
radio 14 45695
radio 14 45847
radio 14 46361
radio 14 46397
radio 14 46911
radio 14 46928
radio 14 47442
radio 14 47498
radio 14 48012
radio 14 48066
radio 14 48580
radio 14 48609
radio 14 49123
radio 14 49172
radio 14 49686
radio 14 49735
radio 14 50249
radio 14 50285
radio 14 50799
radio 14 50848
radio 14 51362
radio 14 51379
radio 14 51893
radio 14 51926
radio 14 52440
radio 14 52457
radio 14 52971
radio 14 53005
radio 14 53519
radio 14 53536
radio 14 54050
radio 14 54104
radio 14 54618
radio 14 54672
radio 14 55186
radio 14 55220
radio 14 55734
radio 14 55751
radio 14 56265
radio 14 56380
radio 14 56894
radio 14 56911
radio 14 57425
radio 14 57456
radio 14 57970
radio 14 57987
radio 14 58501
radio 14 58532
radio 14 59046
radio 14 59063
radio 14 59577
radio 14 59607
radio 14 60121
radio 14 60138
radio 14 60652
radio 14 60720
radio 14 61234
radio 14 61251
radio 14 61765
radio 14 61899
radio 14 62413
radio 14 62443
radio 14 62957
radio 14 62974
radio 14 63488
radio 14 63540
radio 14 64054
radio 14 64090
radio 14 64604
radio 14 64621
radio 14 65135
radio 14 65152
radio 15 130
delay 20 25 15 145 15 33 14 7 65535 0 340 0 0
radio 15 152
radio 15 667
radio 15 1283
radio 15 1796
radio 15 1826
radio 15 2340
radio 15 2368
radio 15 2882
radio 15 2934
radio 15 3448
radio 15 3499
radio 15 4013
radio 15 4030
radio 15 4543
radio 15 4560
radio 15 5073
radio 15 5105
radio 15 5619
radio 15 5654
radio 15 6168
radio 15 6185
radio 15 6698
radio 15 6753
radio 15 7267
radio 15 7284
radio 15 7798
radio 15 7829
radio 15 8343
radio 15 8360
radio 15 8873
radio 15 8901
radio 15 9415
radio 15 9444
radio 15 9958
radio 15 9975
radio 15 10488
radio 15 10505
radio 15 11019
radio 15 11036
radio 15 11550
radio 15 11567
radio 15 12081
radio 15 12116
radio 15 12630
radio 15 12686
radio 15 13200
radio 15 13235
radio 15 13749
radio 15 13780
radio 15 14294
radio 15 14329
radio 15 14843
radio 15 14877
radio 15 15391
radio 15 15422
radio 15 15936
radio 15 15953
radio 15 16467
radio 15 16484
radio 15 16998
radio 15 17015
radio 15 17529
radio 15 17558
radio 15 18072
radio 15 18108
radio 15 18622
radio 15 18639
radio 15 19153
radio 15 19170
radio 15 19684
radio 15 19701
radio 15 20215
delay 21 48 15 20259 15 19863 12 7 65535 0 32 1 0
radio 15 21331
radio 15 21844
radio 15 21861
radio 15 22375
radio 15 22392
radio 15 22906
radio 15 22955
radio 15 23469
radio 15 23523
radio 15 24037
radio 15 24071
radio 15 24585
radio 15 24634
radio 15 25148
radio 15 25165
radio 15 25679
radio 15 25712
radio 15 26226
radio 15 26243
radio 15 26757
radio 15 26774
radio 15 27288
radio 15 27320
radio 15 27834
radio 15 27883
radio 15 28397
radio 15 28414
radio 15 28928
radio 15 28977
radio 15 29491
radio 15 29526
radio 15 30040
radio 15 30092
radio 15 30606
radio 15 30640
radio 15 31154
radio 15 31171
radio 15 31685
radio 15 31702
radio 15 32216
radio 15 32233
radio 15 32747
radio 15 32781
radio 15 33295
radio 15 33343
radio 15 33857
radio 15 33911
radio 15 34425
radio 15 34442
radio 15 34956
radio 15 34973
energy 15 35008 7 45949
radio 15 35487
radio 15 35539
radio 15 36053
radio 15 36107
radio 15 36621
radio 15 36638
radio 15 37152
radio 15 37169
radio 15 37683
radio 15 37700
radio 15 38214
radio 15 38231
radio 15 38745
radio 15 38797
radio 15 39311
radio 15 39361
radio 15 39875
radio 15 39905
radio 15 40419
radio 15 40474
radio 15 40988
delay 22 24 15 41158 15 40748 5 7 2 0 306 0 0
radio 15 41166
radio 15 41681
radio 15 41723
radio 15 42236
radio 15 42266
radio 15 42780
radio 15 42797
radio 15 43311
radio 15 43366
radio 15 43880
radio 15 43929
radio 15 44443
radio 15 44495
radio 15 45009
radio 15 45039
radio 15 45553
radio 15 45570
radio 15 46084
radio 15 46134
radio 15 46648
radio 15 46700
radio 15 47214
radio 15 47231
radio 15 47745
radio 15 47762
radio 15 48276
radio 15 48293
radio 15 48807
radio 15 48862
radio 15 49376
radio 15 49428
radio 15 49942
radio 15 49959
radio 15 50473
radio 15 50490
radio 15 51004
radio 15 51033
radio 15 51547
radio 15 51577
radio 15 52091
radio 15 52123
radio 15 52637
radio 15 52654
radio 15 53168
radio 15 53185
radio 15 53699
radio 15 53729
radio 15 54243
radio 15 54260
radio 15 54774
radio 15 54791
radio 15 55305
radio 15 55322
radio 15 55836
radio 15 55928
radio 15 56442
radio 15 56459
radio 15 56973
radio 15 57006
radio 15 57520
radio 15 57537
radio 15 58051
radio 15 58068
radio 15 58582
radio 15 58599
radio 15 59113
radio 15 59130
radio 15 59644
radio 15 59661
radio 15 60175
radio 15 60230
radio 15 60744
radio 15 60761
radio 15 61275
delay 23 15 15 61441 15 61396 16 7 65535 0 37 1 0
radio 15 62517
radio 15 63031
radio 15 63048
radio 15 63562
radio 15 63591
radio 15 64105
radio 15 64139
radio 15 64653
radio 15 64670
radio 15 65184
radio 15 65201
radio 16 179
radio 16 196
radio 16 709
radio 16 726
radio 16 1239
radio 16 1256
radio 16 1769
radio 16 1825
radio 16 2339
radio 16 2356
radio 16 2870
radio 16 2887
radio 16 3401
radio 16 3418
radio 16 3931
radio 16 3983
radio 16 4497
radio 16 4547
radio 16 5061
radio 16 5097
radio 16 5611
radio 16 5628
radio 16 6142
radio 16 6159
radio 16 6673
radio 16 6690
radio 16 7204
radio 16 7238
radio 16 7752
radio 16 7801
radio 16 8315
radio 16 8332
radio 16 8845
radio 16 8881
radio 16 9395
radio 16 9412
radio 16 9926
radio 16 9943
radio 16 10456
radio 16 10473
radio 16 10987
radio 16 11004
radio 16 11518
radio 16 11572
radio 16 12086
radio 16 12103
radio 16 12617
radio 16 12634
radio 16 13148
radio 16 13165
radio 16 13679
radio 16 13775
radio 16 14289
radio 16 14306
radio 16 14820
radio 16 14837
radio 16 15351
radio 16 15407
radio 16 15921
radio 16 15976
radio 16 16490
delay 24 4 16 16560 16 16985 14 7 65535 0 352 0 0
radio 16 16568
radio 16 17083
radio 16 17146
radio 16 17659
radio 16 17684
radio 16 18198
radio 16 18229
radio 16 18743
radio 16 18778
radio 16 19292
radio 16 19309
radio 16 19823
radio 16 19840
radio 16 20354
radio 16 20371
radio 16 20885
radio 16 20902
radio 16 21416
radio 16 21449
radio 16 21963
radio 16 22014
radio 16 22528
radio 16 22545
radio 16 23059
radio 16 23091
radio 16 23605
radio 16 23622
radio 16 24136
radio 16 24153
radio 16 24667
radio 16 24741
radio 16 25255
radio 16 25305
radio 16 25819
radio 16 25849
radio 16 26363
radio 16 26380
radio 16 26894
radio 16 26911
radio 16 27425
radio 16 27473
radio 16 27987
radio 16 28039
radio 16 28553
radio 16 28570
radio 16 29084
radio 16 29115
radio 16 29629
radio 16 29646
radio 16 30160
radio 16 30177
radio 16 30691
radio 16 30722
energy 16 30912 7 50030
radio 16 31236
radio 16 31289
radio 16 31803
radio 16 31820
radio 16 32334
radio 16 32351
radio 16 32865
radio 16 32882
radio 16 33396
radio 16 33449
radio 16 33963
radio 16 34016
radio 16 34530
radio 16 34547
radio 16 35061
radio 16 35078
radio 16 35592
radio 16 35609
radio 16 36123
radio 16 36175
radio 16 36689
delay 25 43 16 36734 16 36337 7 7 65535 0 130 0 0
radio 16 36742
radio 16 37256
radio 16 37328
radio 16 37841
radio 16 37860
radio 16 38374
radio 16 38403
radio 16 38917
radio 16 38950
radio 16 39464
radio 16 39493
radio 16 40007
radio 16 40056
radio 16 40570
radio 16 40622
radio 16 41136
radio 16 41172
radio 16 41686
radio 16 41734
radio 16 42248
radio 16 42300
radio 16 42814
radio 16 42831
radio 16 43345
radio 16 43362
radio 16 43876
radio 16 43927
radio 16 44441
radio 16 44458
radio 16 44972
radio 16 45006
radio 16 45520
radio 16 45548
radio 16 46062
radio 16 46079
radio 16 46593
radio 16 46663
radio 16 47177
radio 16 47228
radio 16 47742
radio 16 47873
radio 16 48387
radio 16 48404
radio 16 48918
radio 16 49028
radio 16 49542
radio 16 49598
radio 16 50112
radio 16 50220
radio 16 50734
radio 16 50785
radio 16 51299
radio 16 51387
radio 16 51901
radio 16 51918
radio 16 52432
radio 16 52501
radio 16 53015
radio 16 53032
radio 16 53546
radio 16 53577
radio 16 54091
radio 16 54140
radio 16 54654
radio 16 54682
radio 16 55196
radio 16 55226
radio 16 55740
radio 16 55757
radio 16 56271
radio 16 56305
radio 16 56819
radio 16 56855
radio 16 57369
delay 26 43 16 57414 16 57018 7 7 65535 0 108 0 0
radio 16 57423
radio 16 57937
radio 16 58003
radio 16 58516
radio 16 58552
radio 16 59066
radio 16 59083
radio 16 59597
radio 16 59614
radio 16 60128
radio 16 60145
radio 16 60659
radio 16 60712
radio 16 61226
radio 16 61275
radio 16 61789
radio 16 61806
radio 16 62320
radio 16 62337
radio 16 62851
radio 16 62868
radio 16 63382
radio 16 63399
radio 16 63913
radio 16 63963
radio 16 64477
radio 16 64526
radio 16 65040
radio 16 65057
radio 17 35
radio 17 70
radio 17 583
radio 17 618
radio 17 1132
radio 17 1149
radio 17 1662
radio 17 1679
radio 17 2192
radio 17 2224
radio 17 2738
radio 17 2755
radio 17 3269
radio 17 3286
radio 17 3800
radio 17 3834
radio 17 4348
radio 17 4404
radio 17 4918
radio 17 4971
radio 17 5485
radio 17 5502
radio 17 6016
radio 17 6033
radio 17 6547
radio 17 6564
radio 17 7077
radio 17 7131
radio 17 7645
radio 17 7697
radio 17 8211
radio 17 8228
radio 17 8741
radio 17 8809
radio 17 9323
radio 17 9355
radio 17 9869
radio 17 9902
radio 17 10416
radio 17 10433
radio 17 10947
radio 17 10977
radio 17 11491
radio 17 11508
radio 17 12022
delay 27 0 17 12041 17 12557 0 7 7 0 57 1 0
radio 17 13119
radio 17 13633
radio 17 13650
radio 17 14164
radio 17 14181
radio 17 14695
radio 17 14724
radio 17 15238
radio 17 15307
radio 17 15821
radio 17 15873
radio 17 16387
radio 17 16417
radio 17 16931
radio 17 16987
radio 17 17501
radio 17 17570
radio 17 18084
radio 17 18154
radio 17 18668
radio 17 18685
radio 17 19199
radio 17 19230
radio 17 19744
radio 17 19761
radio 17 20275
radio 17 20292
radio 17 20806
radio 17 20861
radio 17 21375
radio 17 21392
radio 17 21906
radio 17 21958
radio 17 22472
radio 17 22489
radio 17 23003
radio 17 23031
radio 17 23545
radio 17 23594
radio 17 24108
radio 17 24160
radio 17 24674
radio 17 24708
radio 17 25222
radio 17 25271
radio 17 25785
radio 17 25818
radio 17 26332
radio 17 26363
energy 17 26816 7 54523
radio 17 26877
radio 17 26912
radio 17 27426
radio 17 27474
radio 17 27988
radio 17 28040
radio 17 28554
radio 17 28571
radio 17 29085
radio 17 29102
radio 17 29616
radio 17 29633
radio 17 30147
radio 17 30197
radio 17 30711
radio 17 30746
radio 17 31260
radio 17 31294
radio 17 31808
radio 17 31843
radio 17 32357
radio 17 32390
radio 17 32904
delay 28 44 17 33076 17 32702 13 7 65535 0 289 0 0
radio 17 33084
radio 17 33599
radio 17 33760
radio 17 34274
radio 17 34327
radio 17 34841
radio 17 34858
radio 17 35372
radio 17 35389
radio 17 35903
radio 17 35920
radio 17 36434
radio 17 36451
radio 17 36965
radio 17 37016
radio 17 37530
radio 17 37562
radio 17 38076
radio 17 38108
radio 17 38622
radio 17 38651
radio 17 39165
radio 17 39218
radio 17 39732
radio 17 39764
radio 17 40278
radio 17 40310
radio 17 40824
radio 17 40855
radio 17 41369
radio 17 41419
radio 17 41933
radio 17 41986
radio 17 42500
radio 17 42576
radio 17 43090
radio 17 43119
radio 17 43633
radio 17 43684
radio 17 44198
radio 17 44251
radio 17 44765
radio 17 44834
radio 17 45348
radio 17 45396
radio 17 45910
radio 17 45927
radio 17 46441
radio 17 46495
radio 17 47009
radio 17 47026
radio 17 47540
radio 17 47748
radio 17 48262
radio 17 48279
radio 17 48793
radio 17 48810
radio 17 49324
radio 17 49380
radio 17 49894
radio 17 49948
radio 17 50462
radio 17 50495
radio 17 51009
radio 17 51026
radio 17 51540
radio 17 51592
radio 17 52106
radio 17 52157
radio 17 52671
radio 17 52688
radio 17 53202
delay 29 46 17 53357 17 52961 14 7 65535 0 204 0 0
radio 17 53366
radio 17 53880
radio 17 54081
radio 17 54594
radio 17 54638
radio 17 55152
radio 17 55169
radio 17 55683
radio 17 55714
radio 17 56228
radio 17 56245
radio 17 56759
radio 17 56776
radio 17 57290
radio 17 57320
radio 17 57834
radio 17 57883
radio 17 58397
radio 17 58429
radio 17 58943
radio 17 58960
radio 17 59474
radio 17 59508
radio 17 60022
radio 17 60054
radio 17 60568
radio 17 60597
radio 17 61111
radio 17 61140
radio 17 61654
radio 17 61690
radio 17 62204
radio 17 62233
radio 17 62747
radio 17 62764
radio 17 63278
radio 17 63295
radio 17 63809
radio 17 63860
radio 17 64374
radio 17 64406
radio 17 64920
radio 17 64937
radio 17 65451
radio 17 65468
radio 18 446
radio 18 474
radio 18 988
radio 18 1005
radio 18 1518
radio 18 1574
radio 18 2088
radio 18 2137
radio 18 2651
radio 18 2680
radio 18 3194
radio 18 3250
radio 18 3764
radio 18 3818
radio 18 4332
radio 18 4349
radio 18 4862
radio 18 4879
radio 18 5392
radio 18 5440
radio 18 5954
radio 18 5971
radio 18 6485
radio 18 6502
radio 18 7015
radio 18 7048
radio 18 7562
radio 18 7579
radio 18 8092
delay 30 24 18 8131 18 7720 5 7 2 0 144 1 0
radio 18 9202
radio 18 9716
radio 18 9745
radio 18 10259
radio 18 10276
radio 18 10790
radio 18 10839
radio 18 11353
radio 18 11370
radio 18 11884
radio 18 11913
radio 18 12427
radio 18 12479
radio 18 12993
radio 18 13025
radio 18 13539
radio 18 13571
radio 18 14085
radio 18 14102
radio 18 14616
radio 18 14645
radio 18 15159
radio 18 15207
