Thread[Thread-1,5,main]tree 62 18 3 12 0 0
radio 7 9367
radio 7 9371
radio 7 9420
radio 7 9934
radio 7 9962
radio 7 10476
radio 7 10532
radio 7 11046
radio 7 11078
radio 7 11592
radio 7 11628
radio 7 12142
radio 7 12172
radio 7 12686
radio 7 12703
radio 7 13217
radio 7 13246
radio 7 13760
radio 7 13811
radio 7 14325
radio 7 14396
radio 7 14910
radio 7 14927
radio 7 15441
radio 7 15472
radio 7 15986
radio 7 16003
radio 7 16517
radio 7 16534
radio 7 17048
radio 7 17079
radio 7 17593
radio 7 17610
radio 7 18124
radio 7 18197
radio 7 18711
radio 7 18728
radio 7 19242
radio 7 19275
radio 7 19789
radio 7 19819
radio 7 20333
radio 7 20350
radio 7 20864
radio 7 20898
radio 7 21412
radio 7 21446
radio 7 21960
radio 7 21989
radio 7 22503
radio 7 22535
radio 7 23049
radio 7 23118
radio 7 23632
radio 7 23661
radio 7 24175
radio 7 24245
radio 7 24759
radio 7 24776
radio 7 25290
radio 7 25324
radio 7 25838
radio 7 25866
radio 7 26380
radio 7 26510
radio 7 27024
radio 7 27041
radio 7 27555
radio 7 27604
radio 7 28118
radio 7 28231
radio 7 28745
radio 7 28801
radio 7 29315
radio 7 29332
radio 7 29846
radio 7 29863
radio 7 30377
radio 7 30394
radio 7 30908
radio 7 30925
radio 7 31439
radio 7 31456
radio 7 31970
radio 7 31987
radio 7 32501
radio 7 32518
radio 7 33032
radio 7 33049
radio 7 33563
radio 7 33597
radio 7 34111
radio 7 34162
radio 7 34676
radio 7 34712
radio 7 35226
radio 7 35261
radio 7 35775
radio 7 35792
radio 7 36306
radio 7 36339
radio 7 36853
radio 7 36870
radio 7 37384
radio 7 37401
radio 7 37915
radio 7 37932
radio 7 38446
radio 7 38476
radio 7 38990
radio 7 39007
radio 7 39521
radio 7 39538
radio 7 40052
radio 7 40069
radio 7 40583
radio 7 40600
radio 7 41114
radio 7 41131
radio 7 41645
radio 7 41662
radio 7 42176
radio 7 42210
radio 7 42724
radio 7 42752
radio 7 43266
radio 7 43283
radio 7 43797
radio 7 43825
radio 7 44339
radio 7 44356
radio 7 44870
radio 7 44959
radio 7 45473
radio 7 45503
radio 7 46017
radio 7 46034
radio 7 46548
radio 7 46565
radio 7 47079
radio 7 47113
radio 7 47627
radio 7 47660
radio 7 48174
radio 7 48191
radio 7 48705
radio 7 48733
radio 7 49247
radio 7 49264
radio 7 49778
radio 7 49808
radio 7 50322
radio 7 50339
radio 7 50853
radio 7 50870
radio 7 51384
radio 7 51456
radio 7 51970
radio 7 51987
radio 7 52501
radio 7 52530
radio 7 53044
radio 7 53061
radio 7 53575
radio 7 53664
radio 7 54178
radio 7 54195
radio 7 54709
radio 7 54726
radio 7 55240
radio 7 55257
radio 7 55771
radio 7 55788
radio 7 56302
radio 7 56336
radio 7 56850
radio 7 56881
radio 7 57395
radio 7 57465
radio 7 57979
radio 7 57996
radio 7 58510
radio 7 58564
radio 7 59078
radio 7 59095
radio 7 59609
radio 7 59645
radio 7 60159
radio 7 60188
radio 7 60702
radio 7 60719
radio 7 61233
radio 7 61250
radio 7 61764
radio 7 61781
radio 7 62295
radio 7 62330
radio 7 62844
radio 7 62899
radio 7 63413
radio 7 63482
radio 7 63996
radio 7 64072
radio 7 64586
radio 7 64622
radio 7 65136
radio 7 65153
radio 8 131
radio 8 160
radio 8 673
radio 8 702
radio 8 1215
radio 8 1244
radio 8 1758
radio 8 1775
radio 8 2289
radio 8 2306
radio 8 2819
radio 8 2853
radio 8 3367
radio 8 3384
radio 8 3897
radio 8 3914
radio 8 4427
radio 8 4462
radio 8 4976
radio 8 4993
energy 8 5282 7 12283
radio 8 5506
radio 8 5523
radio 8 6036
radio 8 6067
radio 8 6581
radio 8 6598
radio 8 7111
radio 8 7139
radio 8 7653
radio 8 7670
radio 8 8183
radio 8 8219
radio 8 8733
radio 8 8783
radio 8 9297
radio 8 9314
radio 8 9827
radio 8 9844
radio 8 10357
radio 8 10374
radio 8 10888
radio 8 10905
radio 8 11419
radio 8 11452
radio 8 11966
radio 8 11997
radio 8 12511
radio 8 12580
radio 8 13094
radio 8 13147
radio 8 13661
radio 8 13678
radio 8 14192
radio 8 14225
radio 8 14739
radio 8 14756
radio 8 15270
radio 8 15287
radio 8 15801
radio 8 15835
radio 8 16349
radio 8 16366
radio 8 16880
radio 8 16913
radio 8 17427
radio 8 17444
radio 8 17958
radio 8 17975
radio 8 18489
radio 8 18558
radio 8 19072
radio 8 19089
radio 8 19603
radio 8 19671
radio 8 20185
radio 8 20338
radio 8 20852
radio 8 20869
radio 8 21383
radio 8 21400
radio 8 21914
radio 8 21931
radio 8 22445
radio 8 22596
radio 8 23110
radio 8 23438
radio 8 23952
radio 8 23969
radio 8 24483
radio 8 24500
radio 8 25014
radio 8 25048
radio 8 25562
radio 8 25618
radio 8 26132
radio 8 26161
radio 8 26675
radio 8 26703
radio 8 27217
radio 8 27285
radio 8 27799
radio 8 27816
radio 8 28330
radio 8 28384
radio 8 28898
radio 8 28928
radio 8 29442
radio 8 29459
radio 8 29973
radio 8 29990
radio 8 30504
radio 8 30521
radio 8 31035
radio 8 31067
radio 8 31581
radio 8 31614
radio 8 32128
radio 8 32176
radio 8 32690
radio 8 32707
radio 8 33221
radio 8 33277
radio 8 33791
radio 8 33808
radio 8 34322
radio 8 34378
radio 8 34892
radio 8 34925
radio 8 35439
radio 8 35456
radio 8 35970
radio 8 35987
radio 8 36501
radio 8 36518
radio 8 37032
radio 8 37065
radio 8 37579
radio 8 37609
radio 8 38123
radio 8 38152
radio 8 38666
radio 8 38683
radio 8 39197
radio 8 39214
radio 8 39728
radio 8 39796
radio 8 40310
radio 8 40366
radio 8 40880
radio 8 40930
radio 8 41444
radio 8 41478
radio 8 41992
radio 8 42009
radio 8 42523
radio 8 42559
radio 8 43073
radio 8 43090
radio 8 43604
radio 8 43621
radio 8 44135
radio 8 44152
radio 8 44666
radio 8 44683
radio 8 45197
radio 8 45246
radio 8 45760
radio 8 45788
radio 8 46302
radio 8 46319
radio 8 46833
radio 8 46850
radio 8 47364
radio 8 47381
radio 8 47895
radio 8 47951
radio 8 48465
radio 8 48482
radio 8 48996
radio 8 49029
radio 8 49543
delay 0 24 8 49668 8 48998 5 15 10 0 439 0 0
radio 8 49676
radio 8 50190
radio 8 50414
radio 8 50927
radio 8 50944
radio 8 51458
radio 8 51491
radio 8 52005
radio 8 52022
radio 8 52536
radio 8 52570
radio 8 53084
radio 8 53115
radio 8 53629
radio 8 53658
radio 8 54172
radio 8 54202
radio 8 54716
radio 8 54772
radio 8 55286
radio 8 55335
radio 8 55849
radio 8 55866
radio 8 56380
radio 8 56411
radio 8 56925
radio 8 56942
radio 8 57456
radio 8 57473
radio 8 57987
radio 8 58004
radio 8 58518
radio 8 58535
radio 8 59049
radio 8 59066
radio 8 59580
radio 8 59670
radio 8 60184
radio 8 60201
radio 8 60715
radio 8 60732
radio 8 61246
radio 8 61263
radio 8 61777
radio 8 61794
radio 8 62308
radio 8 62340
radio 8 62854
radio 8 62882
radio 8 63396
radio 8 63445
radio 8 63959
radio 8 63990
radio 8 64504
radio 8 64533
radio 8 65047
radio 8 65082
radio 9 60
radio 9 90
radio 9 603
radio 9 632
radio 9 1145
energy 9 1186 7 15737
radio 9 1194
radio 9 1708
radio 9 1725
radio 9 2238
radio 9 2292
radio 9 2806
radio 9 2823
radio 9 3336
radio 9 3353
radio 9 3866
radio 9 3921
radio 9 4435
delay 1 5 9 4645 9 4811 14 15 1 0 312 0 0
radio 9 4653
radio 9 5167
radio 9 5323
radio 9 5837
radio 9 5853
radio 9 6367
radio 9 6399
radio 9 6913
radio 9 6945
radio 9 7459
radio 9 7476
radio 9 7989
radio 9 8006
radio 9 8519
radio 9 8553
radio 9 9067
radio 9 9084
radio 9 9597
radio 9 9630
radio 9 10144
radio 9 10161
radio 9 10675
radio 9 10692
radio 9 11206
radio 9 11302
radio 9 11816
radio 9 11833
radio 9 12347
radio 9 12364
radio 9 12878
radio 9 12906
radio 9 13420
radio 9 13453
radio 9 13967
radio 9 13984
radio 9 14498
radio 9 14554
radio 9 15068
radio 9 15085
radio 9 15599
radio 9 15627
radio 9 16141
radio 9 16230
radio 9 16744
radio 9 16761
radio 9 17275
radio 9 17292
radio 9 17806
radio 9 17823
radio 9 18337
radio 9 18707
radio 9 19221
radio 9 19269
radio 9 19783
radio 9 19800
radio 9 20314
radio 9 20403
radio 9 20917
radio 9 20934
radio 9 21448
radio 9 21465
radio 9 21979
radio 9 21996
radio 9 22510
radio 9 22543
radio 9 23057
radio 9 23074
radio 9 23588
radio 9 23605
radio 9 24119
radio 9 24153
radio 9 24667
delay 2 24 9 25870 9 25200 5 15 10 0 927 0 0
radio 9 25878
radio 9 26392
radio 9 26409
radio 9 26923
radio 9 26959
radio 9 27473
radio 9 27490
radio 9 28004
radio 9 28040
radio 9 28554
radio 9 28571
radio 9 29085
radio 9 29116
radio 9 29630
radio 9 29647
radio 9 30161
radio 9 30193
radio 9 30707
radio 9 30724
radio 9 31238
radio 9 31255
radio 9 31769
radio 9 31800
radio 9 32314
radio 9 32347
radio 9 32861
radio 9 32911
radio 9 33425
radio 9 33456
radio 9 33970
radio 9 34006
radio 9 34520
radio 9 34537
radio 9 35051
radio 9 35068
radio 9 35582
radio 9 35617
radio 9 36131
radio 9 36148
radio 9 36662
radio 9 36692
radio 9 37206
radio 9 37223
radio 9 37737
radio 9 37754
radio 9 38268
radio 9 38285
radio 9 38799
radio 9 38816
radio 9 39330
radio 9 39347
radio 9 39861
radio 9 39878
radio 9 40392
radio 9 40421
radio 9 40935
radio 9 40985
radio 9 41499
radio 9 41516
radio 9 42030
radio 9 42047
radio 9 42561
radio 9 42610
radio 9 43124
radio 9 43141
radio 9 43655
radio 9 43711
radio 9 44225
radio 9 44260
radio 9 44774
radio 9 44791
radio 9 45305
delay 3 6 9 45378 9 45285 12 15 3 0 206 0 0
radio 9 45385
radio 9 45900
radio 9 45921
radio 9 46434
radio 9 46453
radio 9 46966
radio 9 46983
radio 9 47496
radio 9 47513
radio 9 48027
radio 9 48044
radio 9 48558
radio 9 48592
radio 9 49106
radio 9 49123
radio 9 49637
radio 9 49668
radio 9 50182
radio 9 50216
radio 9 50730
radio 9 50785
radio 9 51299
radio 9 51316
radio 9 51830
radio 9 51858
radio 9 52372
radio 9 52389
radio 9 52903
radio 9 52934
radio 9 53448
radio 9 53465
radio 9 53979
radio 9 53996
radio 9 54510
radio 9 54527
radio 9 55041
radio 9 55094
radio 9 55608
radio 9 55625
radio 9 56139
radio 9 56188
radio 9 56702
radio 9 56719
radio 9 57233
radio 9 57250
radio 9 57764
radio 9 57781
radio 9 58295
radio 9 58312
radio 9 58826
radio 9 58856
radio 9 59370
radio 9 59399
radio 9 59913
radio 9 59944
radio 9 60458
radio 9 60486
radio 9 61000
radio 9 61017
radio 9 61531
radio 9 61548
radio 9 62062
radio 9 62113
energy 9 62626 7 20007
radio 9 62632
radio 9 62649
radio 9 63162
radio 9 63210
radio 9 63724
radio 9 63793
radio 9 64307
radio 9 64324
radio 9 64838
radio 9 64873
radio 9 65387
radio 9 65420
radio 10 398
delay 4 46 10 446 9 65321 14 15 1 0 343 0 0
radio 10 454
radio 10 968
radio 10 1120
radio 10 1633
radio 10 1665
radio 10 2179
radio 10 2196
radio 10 2710
radio 10 2764
radio 10 3278
radio 10 3312
radio 10 3826
radio 10 3843
radio 10 4357
radio 10 4390
radio 10 4904
radio 10 4921
radio 10 5435
radio 10 5452
radio 10 5966
radio 10 5983
radio 10 6497
radio 10 6514
radio 10 7028
radio 10 7045
radio 10 7559
radio 10 7576
radio 10 8090
radio 10 8107
radio 10 8621
radio 10 8638
radio 10 9152
radio 10 9169
radio 10 9683
radio 10 9732
radio 10 10246
radio 10 10263
radio 10 10777
radio 10 10807
radio 10 11321
radio 10 11338
radio 10 11852
radio 10 11869
radio 10 12383
radio 10 12414
radio 10 12928
radio 10 12945
radio 10 13459
radio 10 13511
radio 10 14025
radio 10 14042
radio 10 14556
radio 10 14610
radio 10 15124
radio 10 15178
radio 10 15692
radio 10 15709
radio 10 16223
radio 10 16253
radio 10 16767
radio 10 16815
radio 10 17329
radio 10 17359
radio 10 17873
radio 10 17904
radio 10 18418
radio 10 18435
radio 10 18949
radio 10 18980
radio 10 19494
radio 10 19511
radio 10 20025
radio 10 20042
radio 10 20556
delay 5 34 10 20603 10 19944 14 15 1 0 33 0 0
radio 10 20611
radio 10 21125
radio 10 21143
radio 10 21656
radio 10 21698
radio 10 22211
radio 10 22228
radio 10 22742
radio 10 22759
radio 10 23273
radio 10 23290
radio 10 23804
radio 10 23833
radio 10 24347
radio 10 24381
radio 10 24895
radio 10 24923
radio 10 25437
radio 10 25472
radio 10 25986
radio 10 26003
radio 10 26517
radio 10 26534
radio 10 27048
radio 10 27085
radio 10 27599
radio 10 27616
radio 10 28130
radio 10 28158
radio 10 28672
radio 10 28706
radio 10 29220
radio 10 29237
radio 10 29751
radio 10 29768
radio 10 30282
radio 10 30299
radio 10 30813
radio 10 30830
radio 10 31344
radio 10 31361
radio 10 31875
radio 10 31906
radio 10 32420
radio 10 32454
radio 10 32968
radio 10 32997
radio 10 33511
radio 10 33528
radio 10 34042
radio 10 34059
radio 10 34573
radio 10 34590
radio 10 35104
radio 10 35132
radio 10 35646
radio 10 35663
radio 10 36177
radio 10 36209
radio 10 36723
radio 10 36752
radio 10 37266
radio 10 37316
radio 10 37830
radio 10 37847
radio 10 38361
radio 10 38391
radio 10 38905
radio 10 38936
radio 10 39450
radio 10 39501
radio 10 40015
radio 10 40032
radio 10 40546
radio 10 40577
radio 10 41091
delay 6 33 10 41133 10 40471 13 15 2 0 41 1 0
radio 10 42197
radio 10 42711
radio 10 42728
radio 10 43242
radio 10 43291
radio 10 43805
radio 10 43822
radio 10 44336
radio 10 44353
radio 10 44867
radio 10 44884
radio 10 45398
radio 10 45415
radio 10 45929
radio 10 45946
radio 10 46460
radio 10 46477
radio 10 46991
radio 10 47008
radio 10 47522
radio 10 47539
radio 10 48053
radio 10 48108
radio 10 48622
radio 10 48653
radio 10 49167
radio 10 49184
radio 10 49698
radio 10 49734
radio 10 50248
radio 10 50265
radio 10 50779
radio 10 50828
radio 10 51342
radio 10 51370
radio 10 51884
radio 10 51915
radio 10 52429
radio 10 52459
radio 10 52973
radio 10 52990
radio 10 53504
radio 10 53537
radio 10 54051
radio 10 54068
radio 10 54582
radio 10 54599
radio 10 55113
radio 10 55130
radio 10 55644
radio 10 55676
radio 10 56190
radio 10 56218
radio 10 56732
radio 10 56749
radio 10 57263
radio 10 57293
radio 10 57807
radio 10 57882
radio 10 58396
radio 10 58413
energy 10 58530 7 23596
radio 10 58927
radio 10 58944
radio 10 59458
radio 10 59475
radio 10 59989
radio 10 60006
radio 10 60520
radio 10 60537
radio 10 61051
radio 10 61082
radio 10 61596
delay 7 33 10 61644 10 60982 13 15 2 0 57 0 0
radio 10 61652
radio 10 62166
radio 10 62209
radio 10 62723
radio 10 62746
radio 10 63259
radio 10 63276
radio 10 63790
radio 10 63845
radio 10 64359
radio 10 64393
radio 10 64907
radio 10 64924
radio 10 65438
radio 10 65471
radio 11 449
radio 11 503
radio 11 1017
radio 11 1049
radio 11 1563
radio 11 1614
radio 11 2128
radio 11 2157
radio 11 2671
radio 11 2688
radio 11 3202
radio 11 3219
radio 11 3733
radio 11 3750
radio 11 4264
radio 11 4281
radio 11 4795
radio 11 4852
radio 11 5366
radio 11 5383
radio 11 5897
radio 11 5914
radio 11 6428
radio 11 6484
radio 11 6998
radio 11 7053
radio 11 7567
radio 11 7584
radio 11 8098
radio 11 8127
radio 11 8641
radio 11 8670
radio 11 9184
radio 11 9213
radio 11 9727
radio 11 9744
radio 11 10258
radio 11 10388
radio 11 10902
radio 11 10919
radio 11 11433
radio 11 11450
radio 11 11964
radio 11 12038
radio 11 12552
radio 11 12626
radio 11 13140
radio 11 13157
radio 11 13671
radio 11 13723
radio 11 14237
radio 11 14254
radio 11 14768
radio 11 14800
radio 11 15314
radio 11 15331
radio 11 15845
radio 11 15862
radio 11 16376
radio 11 16431
radio 11 16945
delay 8 6 11 17050 11 16958 12 15 3 0 364 0 0
radio 11 17058
radio 11 17573
radio 11 17705
radio 11 18219
radio 11 18236
radio 11 18750
radio 11 18767
radio 11 19281
radio 11 19353
radio 11 19867
radio 11 19898
radio 11 20412
radio 11 20429
radio 11 20943
radio 11 20960
radio 11 21474
radio 11 21510
radio 11 22024
radio 11 22041
radio 11 22555
radio 11 22585
radio 11 23099
radio 11 23116
radio 11 23630
radio 11 23682
radio 11 24196
radio 11 24227
radio 11 24741
radio 11 24790
radio 11 25304
radio 11 25321
radio 11 25835
radio 11 25887
radio 11 26401
radio 11 26418
radio 11 26932
radio 11 26963
radio 11 27477
radio 11 27494
radio 11 28008
radio 11 28025
radio 11 28539
radio 11 28573
radio 11 29087
radio 11 29118
radio 11 29632
radio 11 29649
radio 11 30163
radio 11 30193
radio 11 30707
radio 11 30738
radio 11 31252
radio 11 31281
radio 11 31795
radio 11 31824
radio 11 32338
radio 11 32387
radio 11 32901
radio 11 32918
radio 11 33432
radio 11 33486
radio 11 34000
radio 11 34017
radio 11 34531
radio 11 34586
radio 11 35100
radio 11 35169
radio 11 35683
radio 11 35700
radio 11 36214
radio 11 36286
radio 11 36800
radio 11 36817
radio 11 37331
delay 9 17 11 37376 11 37019 15 15 65535 0 134 0 0
radio 11 37385
radio 11 37899
radio 11 37916
radio 11 38430
radio 11 38453
radio 11 38966
radio 11 39000
radio 11 39514
radio 11 39548
radio 11 40062
radio 11 40092
radio 11 40606
radio 11 40623
radio 11 41137
radio 11 41165
radio 11 41679
radio 11 41696
radio 11 42210
radio 11 42302
radio 11 42816
radio 11 42869
radio 11 43383
radio 11 43414
radio 11 43928
radio 11 43976
radio 11 44490
radio 11 44546
radio 11 45060
radio 11 45089
radio 11 45603
radio 11 45656
radio 11 46170
radio 11 46199
radio 11 46713
radio 11 46730
radio 11 47244
radio 11 47261
radio 11 47775
radio 11 47792
radio 11 48306
radio 11 48340
radio 11 48854
radio 11 48871
radio 11 49385
radio 11 49402
radio 11 49916
radio 11 49950
radio 11 50464
radio 11 50497
radio 11 51011
radio 11 51028
radio 11 51542
radio 11 51559
radio 11 52073
radio 11 52104
radio 11 52618
radio 11 52635
radio 11 53149
radio 11 53178
radio 11 53692
radio 11 53709
radio 11 54223
radio 11 54254
energy 11 54434 7 26730
radio 11 54768
radio 11 54785
radio 11 55299
radio 11 55352
radio 11 55866
radio 11 55883
radio 11 56397
radio 11 56414
radio 11 56928
radio 11 56980
radio 11 57494
delay 10 6 11 57510 11 57418 12 15 3 0 37 1 0
radio 11 58573
radio 11 59087
radio 11 59121
radio 11 59635
radio 11 59652
radio 11 60166
radio 11 60183
radio 11 60697
radio 11 60714
radio 11 61228
radio 11 61278
radio 11 61792
radio 11 61822
radio 11 62336
radio 11 62365
radio 11 62879
radio 11 62896
radio 11 63410
radio 11 63427
radio 11 63941
radio 11 63958
radio 11 64472
radio 11 64489
radio 11 65003
radio 11 65020
radio 11 65534
radio 12 46
radio 12 559
radio 12 613
radio 12 1127
radio 12 1156
radio 12 1670
radio 12 1687
radio 12 2200
radio 12 2217
radio 12 2731
radio 12 2806
radio 12 3320
radio 12 3389
radio 12 3903
radio 12 3920
radio 12 4434
radio 12 4451
radio 12 4965
radio 12 5021
radio 12 5535
radio 12 5552
radio 12 6066
radio 12 6197
radio 12 6711
radio 12 7023
radio 12 7537
radio 12 7554
radio 12 8068
radio 12 8119
radio 12 8633
radio 12 8650
radio 12 9164
radio 12 9213
radio 12 9727
radio 12 9756
radio 12 10270
radio 12 10319
radio 12 10833
radio 12 10850
radio 12 11364
radio 12 11417
radio 12 11931
radio 12 11948
radio 12 12462
delay 11 17 12 12509 12 12152 15 15 65535 0 132 0 0
radio 12 12518
radio 12 13032
radio 12 13076
radio 12 13589
radio 12 13720
radio 12 14234
radio 12 14266
radio 12 14780
radio 12 14831
radio 12 15345
radio 12 15362
radio 12 15876
radio 12 15926
radio 12 16440
radio 12 16457
radio 12 16971
radio 12 17001
radio 12 17515
radio 12 17532
radio 12 18046
radio 12 18076
radio 12 18590
radio 12 18607
radio 12 19121
radio 12 19170
radio 12 19684
radio 12 19701
radio 12 20215
radio 12 20232
radio 12 20746
radio 12 20763
radio 12 21277
radio 12 21294
radio 12 21808
radio 12 21825
radio 12 22339
radio 12 22368
radio 12 22882
radio 12 22899
radio 12 23413
radio 12 23443
radio 12 23957
radio 12 23986
radio 12 24500
radio 12 24517
radio 12 25031
radio 12 25060
radio 12 25574
radio 12 25628
radio 12 26142
radio 12 26159
radio 12 26673
radio 12 26707
radio 12 27221
radio 12 27238
radio 12 27752
radio 12 27769
radio 12 28283
radio 12 28300
radio 12 28814
radio 12 28886
radio 12 29400
radio 12 29453
radio 12 29967
radio 12 29998
radio 12 30512
radio 12 30601
radio 12 31115
radio 12 31148
radio 12 31662
radio 12 31697
radio 12 32211
radio 12 32228
radio 12 32742
radio 12 32759
radio 12 33273
delay 12 17 12 33293 12 32936 15 15 65535 0 396 0 0
radio 12 33302
radio 12 33816
radio 12 33918
radio 12 34431
radio 12 34486
radio 12 35000
radio 12 35030
radio 12 35544
radio 12 35599
radio 12 36113
radio 12 36144
radio 12 36658
radio 12 36687
radio 12 37201
radio 12 37231
radio 12 37745
radio 12 37762
radio 12 38276
radio 12 38305
radio 12 38819
radio 12 38836
radio 12 39350
radio 12 39367
radio 12 39881
radio 12 39898
radio 12 40412
radio 12 40463
radio 12 40977
radio 12 40994
radio 12 41508
radio 12 41525
radio 12 42039
radio 12 42087
radio 12 42601
radio 12 42657
radio 12 43171
radio 12 43188
radio 12 43702
radio 12 43719
radio 12 44233
radio 12 44250
radio 12 44764
radio 12 44815
radio 12 45329
radio 12 45384
radio 12 45898
radio 12 45928
radio 12 46442
radio 12 46492
radio 12 47006
radio 12 47023
radio 12 47537
radio 12 47574
radio 12 48088
radio 12 48105
radio 12 48619
radio 12 48636
radio 12 49150
radio 12 49167
radio 12 49681
radio 12 49698
radio 12 50212
radio 12 50229
energy 12 50338 7 31038
radio 12 50743
radio 12 50760
radio 12 51274
radio 12 51291
radio 12 51805
radio 12 51822
radio 12 52336
radio 12 52368
radio 12 52882
radio 12 52899
radio 12 53413
delay 13 3 12 53429 12 53620 6 15 9 0 65535 0 0
radio 12 53437
radio 12 53951
radio 12 54082
radio 12 54595
radio 12 54627
radio 12 55141
radio 12 55158
radio 12 55672
radio 12 55724
radio 12 56238
radio 12 56266
radio 12 56780
radio 12 56812
radio 12 57326
radio 12 57356
radio 12 57870
radio 12 57899
radio 12 58413
radio 12 58430
radio 12 58944
radio 12 58961
radio 12 59475
radio 12 59492
radio 12 60006
radio 12 60036
radio 12 60550
radio 12 60567
radio 12 61081
radio 12 61098
radio 12 61612
radio 12 61629
radio 12 62143
radio 12 62160
radio 12 62674
radio 12 62709
radio 12 63223
radio 12 63240
radio 12 63754
radio 12 63771
radio 12 64285
radio 12 64302
radio 12 64816
radio 12 64846
radio 12 65360
radio 12 65377
radio 13 355
radio 13 404
radio 13 918
radio 13 935
radio 13 1448
radio 13 1465
radio 13 1979
radio 13 2149
radio 13 2663
radio 13 2695
radio 13 3209
radio 13 3226
radio 13 3740
radio 13 3757
radio 13 4271
radio 13 4300
radio 13 4814
radio 13 4865
radio 13 5379
radio 13 5435
radio 13 5949
radio 13 6017
radio 13 6531
radio 13 6548
radio 13 7062
radio 13 7079
radio 13 7593
radio 13 7624
radio 13 8138
radio 13 8166
radio 13 8680
delay 14 6 13 8727 13 8635 12 15 3 0 301 0 0
radio 13 8734
radio 13 9249
radio 13 9264
radio 13 9777
radio 13 9797
radio 13 10310
radio 13 10340
radio 13 10854
radio 13 10871
radio 13 11385
radio 13 11402
radio 13 11916
radio 13 11946
radio 13 12460
radio 13 12493
radio 13 13007
radio 13 13024
radio 13 13538
radio 13 13568
radio 13 14082
radio 13 14135
radio 13 14649
radio 13 14666
radio 13 15180
radio 13 15197
radio 13 15711
radio 13 15728
radio 13 16242
radio 13 16294
radio 13 16808
radio 13 16825
radio 13 17339
radio 13 17375
radio 13 17889
radio 13 17906
radio 13 18420
radio 13 18437
radio 13 18951
radio 13 18968
radio 13 19482
radio 13 19499
radio 13 20013
radio 13 20045
radio 13 20559
radio 13 20576
radio 13 21090
radio 13 21107
radio 13 21621
radio 13 21638
radio 13 22152
radio 13 22184
radio 13 22698
radio 13 22727
radio 13 23241
radio 13 23258
radio 13 23772
radio 13 23789
radio 13 24303
radio 13 24331
radio 13 24845
radio 13 24862
radio 13 25376
radio 13 25393
radio 13 25907
radio 13 25940
radio 13 26454
radio 13 26486
radio 13 27000
radio 13 27017
radio 13 27531
radio 13 27548
radio 13 28062
radio 13 28079
radio 13 28593
radio 13 28610
radio 13 29124
delay 15 17 13 29142 13 28784 15 15 65535 0 84 0 0
radio 13 29150
radio 13 29665
radio 13 29699
radio 13 30212
radio 13 30231
radio 13 30745
radio 13 30762
radio 13 31276
radio 13 31293
radio 13 31807
radio 13 31860
radio 13 32374
radio 13 32405
radio 13 32919
radio 13 32936
radio 13 33450
radio 13 33483
radio 13 33997
radio 13 34014
radio 13 34528
radio 13 34545
radio 13 35059
radio 13 35076
radio 13 35590
radio 13 35639
radio 13 36153
radio 13 36170
radio 13 36684
radio 13 36701
radio 13 37215
radio 13 37264
radio 13 37778
radio 13 37810
radio 13 38324
radio 13 38341
radio 13 38855
radio 13 38891
radio 13 39405
radio 13 39422
radio 13 39936
radio 13 39967
radio 13 40481
radio 13 40498
radio 13 41012
radio 13 41029
radio 13 41543
radio 13 41575
radio 13 42089
radio 13 42138
radio 13 42652
radio 13 42684
radio 13 43198
radio 13 43215
radio 13 43729
radio 13 43779
radio 13 44293
radio 13 44344
radio 13 44858
radio 13 44932
radio 13 45446
radio 13 45498
radio 13 46012
radio 13 46029
energy 13 46242 7 33612
radio 13 46543
radio 13 46574
radio 13 47088
radio 13 47105
radio 13 47619
radio 13 47636
radio 13 48150
radio 13 48167
radio 13 48681
radio 13 48712
radio 13 49226
delay 16 3 13 49289 13 49486 6 15 9 0 103 1 0
radio 13 50352
radio 13 50865
radio 13 50921
radio 13 51435
radio 13 51452
radio 13 51966
radio 13 51983
radio 13 52497
radio 13 52514
radio 13 53028
radio 13 53045
radio 13 53559
radio 13 53589
radio 13 54103
radio 13 54120
radio 13 54634
radio 13 54662
radio 13 55176
radio 13 55212
radio 13 55726
radio 13 55754
radio 13 56268
radio 13 56303
radio 13 56817
radio 13 56834
radio 13 57348
radio 13 57404
radio 13 57918
radio 13 57947
radio 13 58461
radio 13 58478
radio 13 58992
radio 13 59026
radio 13 59540
radio 13 59557
radio 13 60071
radio 13 60160
radio 13 60674
radio 13 60722
radio 13 61236
radio 13 61327
radio 13 61841
radio 13 61858
radio 13 62372
radio 13 62389
radio 13 62903
radio 13 62920
radio 13 63434
radio 13 63502
radio 13 64016
radio 13 64046
radio 13 64560
radio 13 64577
radio 13 65091
radio 13 65108
radio 14 86
radio 14 103
radio 14 616
radio 14 633
radio 14 1146
radio 14 1163
radio 14 1677
radio 14 1713
radio 14 2227
radio 14 2244
radio 14 2758
radio 14 2775
radio 14 3289
radio 14 3341
radio 14 3855
radio 14 3884
radio 14 4398
delay 17 8 14 4461 14 4795 7 15 8 0 295 0 0
radio 14 4469
radio 14 4983
radio 14 5001
radio 14 5514
radio 14 5564
radio 14 6077
radio 14 6094
radio 14 6608
radio 14 6625
radio 14 7139
radio 14 7156
radio 14 7670
radio 14 7699
radio 14 8213
radio 14 8268
radio 14 8782
radio 14 8799
radio 14 9313
radio 14 9342
radio 14 9856
radio 14 9873
radio 14 10387
radio 14 10418
radio 14 10932
radio 14 10949
radio 14 11463
radio 14 11480
radio 14 11994
radio 14 12044
radio 14 12558
radio 14 12575
radio 14 13089
radio 14 13106
radio 14 13620
radio 14 13637
radio 14 14151
radio 14 14204
radio 14 14718
radio 14 14772
radio 14 15286
radio 14 15315
radio 14 15829
radio 14 15878
radio 14 16392
radio 14 16409
radio 14 16923
radio 14 16957
radio 14 17471
radio 14 17488
radio 14 18002
radio 14 18019
radio 14 18533
radio 14 18550
radio 14 19064
radio 14 19081
radio 14 19595
radio 14 19651
radio 14 20165
radio 14 20182
radio 14 20696
radio 14 20748
radio 14 21262
radio 14 21294
radio 14 21808
radio 14 21825
radio 14 22339
radio 14 22393
radio 14 22907
radio 14 22935
radio 14 23449
radio 14 23466
radio 14 23980
radio 14 23997
radio 14 24511
radio 14 24540
radio 14 25054
delay 18 5 14 25096 14 25262 14 15 1 0 27 1 0
radio 14 26168
radio 14 26682
radio 14 26710
radio 14 27224
radio 14 27241
radio 14 27755
radio 14 27791
radio 14 28305
radio 14 28322
radio 14 28836
radio 14 28853
radio 14 29367
radio 14 29398
radio 14 29912
radio 14 29947
radio 14 30461
radio 14 30478
radio 14 30992
radio 14 31009
radio 14 31523
radio 14 31540
radio 14 32054
radio 14 32071
radio 14 32585
radio 14 32620
radio 14 33134
radio 14 33151
radio 14 33665
radio 14 33682
radio 14 34196
radio 14 34213
radio 14 34727
radio 14 34744
radio 14 35258
radio 14 35289
radio 14 35803
radio 14 35851
radio 14 36365
radio 14 36382
radio 14 36896
radio 14 36926
radio 14 37440
radio 14 37457
radio 14 37971
radio 14 37988
radio 14 38502
radio 14 38519
radio 14 39033
radio 14 39050
radio 14 39564
radio 14 39581
radio 14 40095
radio 14 40131
radio 14 40645
radio 14 40662
radio 14 41176
radio 14 41193
radio 14 41707
radio 14 41724
energy 14 42146 7 38161
radio 14 42238
radio 14 42255
radio 14 42769
radio 14 42786
radio 14 43300
radio 14 43317
radio 14 43831
radio 14 43941
radio 14 44455
radio 14 44504
radio 14 45018
radio 14 45048
radio 14 45562
delay 19 16 14 45658 14 45264 16 15 65535 0 368 0 0
radio 14 45666
radio 14 46180
radio 14 46222
radio 14 46736
radio 14 46753
radio 14 47267
radio 14 47299
radio 14 47813
radio 14 47830
radio 14 48344
radio 14 48361
radio 14 48875
radio 14 48904
radio 14 49418
radio 14 49435
radio 14 49949
radio 14 49978
radio 14 50492
radio 14 50509
radio 14 51023
radio 14 51054
radio 14 51568
radio 14 51600
radio 14 52114
radio 14 52131
radio 14 52645
radio 14 52662
radio 14 53176
radio 14 53193
radio 14 53707
radio 14 53724
radio 14 54238
radio 14 54255
radio 14 54769
radio 14 54786
radio 14 55300
radio 14 55355
radio 14 55869
radio 14 55886
radio 14 56400
radio 14 56417
radio 14 56931
radio 14 57024
radio 14 57538
radio 14 57555
radio 14 58069
radio 14 58086
radio 14 58600
radio 14 58668
radio 14 59182
radio 14 59234
radio 14 59748
radio 14 59816
radio 14 60330
radio 14 60347
radio 14 60861
radio 14 61013
radio 14 61527
radio 14 61544
radio 14 62058
radio 14 62089
radio 14 62603
radio 14 62651
radio 14 63165
radio 14 63200
radio 14 63714
radio 14 63731
radio 14 64245
radio 14 64262
radio 14 64776
radio 14 64805
radio 14 65319
radio 14 65336
radio 15 314
delay 20 8 15 364 15 697 7 15 8 0 311 0 0
radio 15 371
radio 15 885
radio 15 927
radio 15 1440
radio 15 1546
radio 15 2060
radio 15 2090
radio 15 2604
radio 15 2621
radio 15 3134
radio 15 3151
radio 15 3665
radio 15 3682
radio 15 4196
radio 15 4270
radio 15 4784
radio 15 4801
radio 15 5315
radio 15 5332
radio 15 5846
radio 15 5863
radio 15 6377
radio 15 6410
radio 15 6924
radio 15 7034
radio 15 7548
radio 15 7565
radio 15 8079
radio 15 8096
radio 15 8610
radio 15 8645
radio 15 9159
radio 15 9176
radio 15 9690
radio 15 9738
radio 15 10252
radio 15 10269
radio 15 10783
radio 15 10812
radio 15 11326
radio 15 11343
radio 15 11857
radio 15 11874
radio 15 12388
radio 15 12405
radio 15 12919
radio 15 12936
radio 15 13450
radio 15 13486
radio 15 14000
radio 15 14035
radio 15 14549
radio 15 14579
radio 15 15093
radio 15 15110
radio 15 15624
radio 15 15675
radio 15 16189
radio 15 16244
radio 15 16758
radio 15 16790
radio 15 17304
radio 15 17321
radio 15 17835
radio 15 17866
radio 15 18380
radio 15 18429
radio 15 18943
radio 15 18960
radio 15 19474
radio 15 19505
radio 15 20019
radio 15 20036
radio 15 20550
delay 21 16 15 20644 15 20250 16 15 65535 0 109 1 0
radio 15 21719
radio 15 22232
radio 15 22280
radio 15 22794
radio 15 22830
radio 15 23344
radio 15 23361
radio 15 23875
radio 15 23909
radio 15 24423
radio 15 24440
radio 15 24954
radio 15 24971
radio 15 25485
radio 15 25521
radio 15 26035
radio 15 26052
radio 15 26566
radio 15 26615
radio 15 27129
radio 15 27146
radio 15 27660
radio 15 27694
radio 15 28208
radio 15 28225
radio 15 28739
radio 15 28768
radio 15 29282
radio 15 29299
radio 15 29813
radio 15 29830
radio 15 30344
radio 15 30400
radio 15 30914
radio 15 30931
radio 15 31445
radio 15 31479
radio 15 31993
radio 15 32010
radio 15 32524
radio 15 32555
radio 15 33069
radio 15 33121
radio 15 33635
radio 15 33667
radio 15 34181
radio 15 34230
radio 15 34744
radio 15 34761
radio 15 35275
radio 15 35308
radio 15 35822
radio 15 35839
radio 15 36353
radio 15 36370
radio 15 36884
radio 15 36901
radio 15 37415
radio 15 37444
radio 15 37958
radio 15 38011
energy 15 38050 7 42261
radio 15 38525
radio 15 38576
radio 15 39090
radio 15 39118
radio 15 39632
radio 15 39649
radio 15 40163
radio 15 40180
radio 15 40694
radio 15 40711
radio 15 41225
delay 22 5 15 41356 15 41522 14 15 1 0 120 1 0
radio 15 42439
radio 15 42953
radio 15 42970
radio 15 43484
radio 15 43501
radio 15 44015
radio 15 44032
radio 15 44546
radio 15 44563
radio 15 45077
radio 15 45111
radio 15 45625
radio 15 45673
radio 15 46187
radio 15 46215
radio 15 46729
radio 15 46746
radio 15 47260
radio 15 47292
radio 15 47806
radio 15 47837
radio 15 48351
radio 15 48368
radio 15 48882
radio 15 48915
radio 15 49429
radio 15 49464
radio 15 49978
radio 15 49995
radio 15 50509
radio 15 50545
radio 15 51059
radio 15 51076
radio 15 51590
radio 15 51607
radio 15 52121
radio 15 52157
radio 15 52671
radio 15 52688
radio 15 53202
radio 15 53257
radio 15 53771
radio 15 53788
radio 15 54302
radio 15 54319
radio 15 54833
radio 15 54884
radio 15 55398
radio 15 55489
radio 15 56003
radio 15 56179
radio 15 56693
radio 15 56710
radio 15 57224
radio 15 57241
radio 15 57755
radio 15 57784
radio 15 58298
radio 15 58315
radio 15 58829
radio 15 58846
radio 15 59360
radio 15 59392
radio 15 59906
radio 15 59923
radio 15 60437
radio 15 60454
radio 15 60968
radio 15 60999
radio 15 61513
radio 15 61600
radio 15 62114
delay 23 24 15 62742 15 62067 5 15 10 0 819 0 0
radio 15 62749
radio 15 63264
radio 15 63319
radio 15 63833
radio 15 63922
radio 15 64436
radio 15 64453
radio 15 64967
radio 15 64984
radio 15 65498
radio 16 56
radio 16 569
radio 16 601
radio 16 1115
radio 16 1148
radio 16 1662
radio 16 1698
radio 16 2212
radio 16 2229
radio 16 2743
radio 16 2773
radio 16 3287
radio 16 3335
radio 16 3849
radio 16 3880
radio 16 4394
radio 16 4411
radio 16 4925
radio 16 4977
radio 16 5491
radio 16 5508
radio 16 6021
radio 16 6073
radio 16 6587
radio 16 6621
radio 16 7135
radio 16 7152
radio 16 7666
radio 16 7683
radio 16 8197
radio 16 8214
radio 16 8728
radio 16 8762
radio 16 9276
radio 16 9324
radio 16 9838
radio 16 9872
radio 16 10386
radio 16 10403
radio 16 10917
radio 16 10934
radio 16 11448
radio 16 11483
radio 16 11997
radio 16 12046
radio 16 12560
radio 16 12577
radio 16 13091
radio 16 13108
radio 16 13622
radio 16 13654
radio 16 14168
radio 16 14185
radio 16 14699
radio 16 14716
radio 16 15230
radio 16 15263
radio 16 15777
radio 16 15825
radio 16 16339
radio 16 16356
radio 16 16870
delay 24 5 16 17515 16 17681 14 15 1 0 972 0 0
radio 16 17523
radio 16 18038
radio 16 18086
radio 16 18600
radio 16 18657
radio 16 19171
radio 16 19201
radio 16 19715
radio 16 19763
radio 16 20277
radio 16 20294
radio 16 20808
radio 16 20858
radio 16 21372
radio 16 21402
radio 16 21916
radio 16 21933
radio 16 22447
radio 16 22518
radio 16 23032
radio 16 23049
radio 16 23563
radio 16 23580
radio 16 24094
radio 16 24125
radio 16 24639
radio 16 24656
radio 16 25170
radio 16 25187
radio 16 25701
radio 16 25718
radio 16 26232
radio 16 26268
radio 16 26782
radio 16 26833
radio 16 27347
radio 16 27381
radio 16 27895
radio 16 27912
radio 16 28426
radio 16 28443
radio 16 28957
radio 16 28974
radio 16 29488
radio 16 29523
radio 16 30037
radio 16 30066
radio 16 30580
radio 16 30616
radio 16 31130
radio 16 31161
radio 16 31675
radio 16 31692
radio 16 32206
radio 16 32223
radio 16 32737
radio 16 32754
radio 16 33268
radio 16 33285
radio 16 33799
radio 16 33816
energy 16 33954 7 47440
radio 16 34330
radio 16 34385
radio 16 34899
radio 16 34916
radio 16 35430
radio 16 35447
radio 16 35961
radio 16 36013
radio 16 36527
radio 16 36544
radio 16 37058
delay 25 38 16 37129 16 36458 16 15 65535 0 166 0 0
radio 16 37137
radio 16 37652
radio 16 37667
radio 16 38181
radio 16 38197
radio 16 38711
radio 16 38728
radio 16 39242
radio 16 39259
radio 16 39773
radio 16 39790
radio 16 40304
radio 16 40359
radio 16 40873
radio 16 40905
radio 16 41419
radio 16 41436
radio 16 41950
radio 16 41967
radio 16 42481
radio 16 42498
radio 16 43012
radio 16 43048
radio 16 43562
radio 16 43593
radio 16 44107
radio 16 44160
radio 16 44674
radio 16 44706
radio 16 45220
radio 16 45237
radio 16 45751
radio 16 45768
radio 16 46282
radio 16 46299
radio 16 46813
radio 16 46864
radio 16 47378
radio 16 47408
radio 16 47922
radio 16 47973
radio 16 48487
radio 16 48538
radio 16 49052
radio 16 49069
radio 16 49583
radio 16 49653
radio 16 50167
radio 16 50215
radio 16 50729
radio 16 50746
radio 16 51260
radio 16 51277
radio 16 51791
radio 16 51944
radio 16 52458
radio 16 52475
radio 16 52989
radio 16 53006
radio 16 53520
radio 16 53634
radio 16 54148
radio 16 54201
radio 16 54715
radio 16 54732
radio 16 55246
radio 16 55263
radio 16 55777
radio 16 55794
radio 16 56308
radio 16 56363
radio 16 56877
radio 16 56910
radio 16 57424
delay 26 34 16 57494 16 56833 14 15 1 0 69 1 0
radio 16 58570
radio 16 59084
radio 16 59113
radio 16 59627
radio 16 59644
radio 16 60158
radio 16 60175
radio 16 60689
radio 16 60763
radio 16 61277
radio 16 61326
radio 16 61840
radio 16 61868
radio 16 62382
radio 16 62411
radio 16 62925
radio 16 62955
radio 16 63469
radio 16 63486
radio 16 64000
radio 16 64017
radio 16 64531
radio 16 64565
radio 16 65079
radio 16 65096
radio 17 74
radio 17 104
radio 17 618
radio 17 635
radio 17 1148
radio 17 1200
radio 17 1714
radio 17 1731
radio 17 2245
radio 17 2279
radio 17 2793
radio 17 2810
radio 17 3323
radio 17 3340
radio 17 3854
radio 17 3883
radio 17 4397
radio 17 4451
radio 17 4965
radio 17 4982
radio 17 5496
radio 17 5549
radio 17 6063
radio 17 6080
radio 17 6594
radio 17 6648
radio 17 7162
radio 17 7191
radio 17 7705
radio 17 7733
radio 17 8247
radio 17 8282
radio 17 8796
radio 17 8832
radio 17 9346
radio 17 9381
radio 17 9895
radio 17 9948
radio 17 10462
radio 17 10494
radio 17 11008
radio 17 11025
radio 17 11539
radio 17 11556
radio 17 12070
radio 17 12087
radio 17 12601
delay 27 18 17 12655 17 12237 6 15 9 0 148 0 0
radio 17 12665
radio 17 13178
radio 17 13274
radio 17 13787
radio 17 13815
radio 17 14329
radio 17 14346
radio 17 14860
radio 17 14893
radio 17 15407
radio 17 15424
radio 17 15938
radio 17 15955
radio 17 16469
radio 17 16518
radio 17 17032
radio 17 17065
radio 17 17579
radio 17 17596
radio 17 18110
radio 17 18145
radio 17 18659
radio 17 18676
radio 17 19190
radio 17 19207
radio 17 19721
radio 17 19750
radio 17 20264
radio 17 20281
radio 17 20795
radio 17 20826
radio 17 21340
radio 17 21375
radio 17 21889
radio 17 21906
radio 17 22420
radio 17 22454
radio 17 22968
radio 17 23018
radio 17 23532
radio 17 23566
radio 17 24080
radio 17 24097
radio 17 24611
radio 17 24628
radio 17 25142
radio 17 25171
radio 17 25685
radio 17 25737
radio 17 26251
radio 17 26268
radio 17 26782
radio 17 26837
radio 17 27351
radio 17 27383
radio 17 27897
radio 17 27930
radio 17 28444
radio 17 28461
radio 17 28975
radio 17 29007
radio 17 29521
radio 17 29555
energy 17 29858 7 51513
radio 17 30069
radio 17 30102
radio 17 30616
radio 17 30633
radio 17 31147
radio 17 31164
radio 17 31678
radio 17 31695
radio 17 32209
radio 17 32226
radio 17 32740
radio 17 32757
radio 17 33271
delay 28 28 17 33320 17 32890 15 15 65535 0 402 0 0
radio 17 33329
radio 17 33843
radio 17 34097
radio 17 34611
radio 17 34628
radio 17 35142
radio 17 35172
radio 17 35686
radio 17 35703
radio 17 36217
radio 17 36289
radio 17 36803
radio 17 36820
radio 17 37334
radio 17 37386
radio 17 37900
radio 17 37932
radio 17 38446
radio 17 38463
radio 17 38977
radio 17 39007
radio 17 39521
radio 17 39538
radio 17 40052
radio 17 40069
radio 17 40583
radio 17 40600
radio 17 41114
radio 17 41131
radio 17 41645
radio 17 41678
radio 17 42192
radio 17 42209
radio 17 42723
radio 17 42774
radio 17 43288
radio 17 43358
radio 17 43872
radio 17 43942
radio 17 44456
radio 17 44507
radio 17 45021
radio 17 45074
radio 17 45588
radio 17 45658
radio 17 46172
radio 17 46189
radio 17 46703
radio 17 46851
radio 17 47365
radio 17 47415
radio 17 47929
radio 17 48038
radio 17 48552
radio 17 48602
radio 17 49116
radio 17 49229
radio 17 49743
radio 17 49760
radio 17 50274
radio 17 50323
radio 17 50837
radio 17 50871
radio 17 51385
radio 17 51402
radio 17 51916
radio 17 51947
radio 17 52461
radio 17 52478
radio 17 52992
radio 17 53021
radio 17 53535
delay 29 16 17 53550 17 53154 16 15 65535 0 132 1 0
radio 17 54620
radio 17 55133
radio 17 55150
radio 17 55664
radio 17 55681
radio 17 56195
radio 17 56230
radio 17 56744
radio 17 56780
radio 17 57294
radio 17 57350
radio 17 57864
radio 17 57881
radio 17 58395
radio 17 58412
radio 17 58926
radio 17 58943
radio 17 59457
radio 17 59512
radio 17 60026
radio 17 60076
radio 17 60590
radio 17 60659
radio 17 61173
radio 17 61228
radio 17 61742
radio 17 61759
radio 17 62273
radio 17 62290
radio 17 62804
radio 17 62821
radio 17 63335
radio 17 63352
radio 17 63866
radio 17 63883
radio 17 64397
radio 17 64432
radio 17 64946
radio 17 64998
radio 17 65512
radio 18 8
radio 18 521
radio 18 575
radio 18 1089
radio 18 1143
radio 18 1657
radio 18 1687
radio 18 2201
radio 18 2218
radio 18 2732
radio 18 2749
radio 18 3263
radio 18 3298
radio 18 3812
radio 18 3829
radio 18 4343
radio 18 4378
radio 18 4892
radio 18 4922
radio 18 5436
radio 18 5453
radio 18 5967
radio 18 6076
radio 18 6590
radio 18 6607
radio 18 7121
radio 18 7138
radio 18 7652
radio 18 7705
radio 18 8219
radio 18 8236
radio 18 8750
delay 30 46 18 9368 18 8707 14 15 1 0 1005 0 0
radio 18 9376
radio 18 9891
radio 18 9922
radio 18 10436
radio 18 10453
radio 18 10967
radio 18 10984
radio 18 11498
radio 18 11533
radio 18 12047
radio 18 12064
radio 18 12578
radio 18 12595
radio 18 13109
radio 18 13126
radio 18 13640
radio 18 13689
radio 18 14203
radio 18 14254
radio 18 14768
radio 18 14785
radio 18 15299
radio 18 15316
radio 18 15830
radio 18 15847
