Thread[Thread-1,5,main]tree 1000 14 18 14 0 0
radio 8 62677
radio 8 62680
radio 8 62697
radio 8 63210
radio 8 63227
radio 8 63740
radio 8 63793
radio 8 64307
radio 8 64337
radio 8 64851
radio 8 64868
radio 8 65381
radio 8 65412
radio 9 390
radio 9 407
radio 9 920
radio 9 955
radio 9 1468
radio 9 1485
radio 9 1998
radio 9 2015
radio 9 2528
radio 9 2545
radio 9 3058
radio 9 3075
radio 9 3588
radio 9 3605
radio 9 4118
radio 9 4135
radio 9 4648
radio 9 4684
radio 9 5198
radio 9 5232
radio 9 5746
radio 9 5763
radio 9 6276
radio 9 6293
radio 9 6806
radio 9 6860
radio 9 7374
radio 9 7403
radio 9 7917
radio 9 7934
radio 9 8447
radio 9 8464
radio 9 8977
radio 9 9011
radio 9 9525
radio 9 9580
radio 9 10094
radio 9 10111
radio 9 10624
radio 9 10641
radio 9 11154
radio 9 11171
radio 9 11684
radio 9 11701
radio 9 12214
radio 9 12231
radio 9 12744
radio 9 12761
radio 9 13274
radio 9 13291
radio 9 13804
radio 9 13834
radio 9 14348
radio 9 14365
radio 9 14878
radio 9 14895
radio 9 15408
radio 9 15479
radio 9 15993
radio 9 16010
radio 9 16523
radio 9 16540
radio 9 17053
radio 9 17070
radio 9 17583
radio 9 17676
radio 9 18190
radio 9 18207
radio 9 18720
radio 9 18753
radio 9 19267
radio 9 19298
radio 9 19812
radio 9 19863
radio 9 20377
radio 9 20394
radio 9 20907
radio 9 20936
radio 9 21450
radio 9 21467
radio 9 21980
radio 9 21997
radio 9 22510
radio 9 22527
radio 9 23040
radio 9 23057
radio 9 23570
radio 9 23587
radio 9 24100
radio 9 24154
radio 9 24668
radio 9 24698
radio 9 25212
radio 9 25229
radio 9 25742
radio 9 25759
radio 9 26272
radio 9 26289
radio 9 26802
radio 9 26819
radio 9 27332
radio 9 27360
radio 9 27874
radio 9 27891
radio 9 28404
radio 9 28421
radio 9 28934
radio 9 28986
radio 9 29500
radio 9 29517
radio 9 30030
radio 9 30047
radio 9 30560
radio 9 30577
radio 9 31090
radio 9 31107
radio 9 31620
radio 9 31637
radio 9 32150
radio 9 32183
radio 9 32697
radio 9 32753
radio 9 33267
radio 9 33298
radio 9 33812
radio 9 33841
radio 9 34355
radio 9 34386
radio 9 34900
radio 9 34929
radio 9 35443
radio 9 35460
radio 9 35973
radio 9 35990
radio 9 36503
radio 9 36520
radio 9 37033
radio 9 37065
radio 9 37579
radio 9 37596
radio 9 38109
radio 9 38140
radio 9 38654
radio 9 38685
radio 9 39199
radio 9 39216
radio 9 39729
radio 9 39746
radio 9 40259
radio 9 40311
radio 9 40825
radio 9 40859
radio 9 41373
radio 9 41390
radio 9 41903
radio 9 41936
radio 9 42450
radio 9 42467
radio 9 42980
radio 9 42997
radio 9 43510
radio 9 43561
radio 9 44075
radio 9 44106
radio 9 44620
radio 9 44637
radio 9 45150
radio 9 45185
radio 9 45699
radio 9 45716
radio 9 46229
radio 9 46300
radio 9 46814
radio 9 46849
radio 9 47363
radio 9 47393
radio 9 47907
radio 9 47924
radio 9 48437
radio 9 48490
radio 9 49004
radio 9 49021
radio 9 49534
radio 9 49551
radio 9 50064
radio 9 50081
radio 9 50594
radio 9 50611
radio 9 51124
radio 9 51155
radio 9 51669
radio 9 51686
radio 9 52199
radio 9 52216
radio 9 52729
radio 9 52746
radio 9 53259
radio 9 53312
radio 9 53826
radio 9 53843
radio 9 54356
radio 9 54373
radio 9 54886
radio 9 54940
radio 9 55454
radio 9 55482
radio 9 55996
radio 9 56024
radio 9 56538
radio 9 56555
radio 9 57068
radio 9 57099
radio 9 57613
radio 9 57630
radio 9 58143
radio 9 58179
energy 9 58592 8 64943
radio 9 58693
radio 9 58729
radio 9 59243
radio 9 59291
radio 9 59805
radio 9 59822
radio 9 60335
radio 9 60368
radio 9 60882
radio 9 60899
radio 9 61412
radio 9 61429
radio 9 61942
radio 9 61959
radio 9 62472
radio 9 62489
radio 9 63002
radio 9 63019
radio 9 63532
radio 9 63587
radio 9 64101
radio 9 64118
radio 9 64631
radio 9 64648
radio 9 65161
radio 9 65192
radio 10 170
radio 10 187
radio 10 700
radio 10 717
radio 10 1230
radio 10 1247
radio 10 1760
radio 10 1777
radio 10 2290
radio 10 2318
radio 10 2832
radio 10 2881
radio 10 3395
radio 10 3424
radio 10 3938
radio 10 3955
radio 10 4468
radio 10 4503
radio 10 5017
radio 10 5046
radio 10 5560
radio 10 5595
radio 10 6109
radio 10 6140
radio 10 6654
radio 10 6684
radio 10 7198
radio 10 7215
radio 10 7728
radio 10 7745
radio 10 8258
radio 10 8292
radio 10 8806
radio 10 8854
radio 10 9368
radio 10 9422
radio 10 9936
radio 10 10005
radio 10 10519
radio 10 10554
radio 10 11068
radio 10 11085
radio 10 11598
radio 10 11615
radio 10 12128
radio 10 12164
radio 10 12678
radio 10 12754
radio 10 13268
radio 10 13304
radio 10 13818
radio 10 13835
radio 10 14348
radio 10 14378
radio 10 14892
radio 10 14928
radio 10 15442
radio 10 15459
radio 10 15972
radio 10 15989
radio 10 16502
radio 10 16519
radio 10 17032
radio 10 17062
radio 10 17576
radio 10 17593
radio 10 18106
radio 10 18123
radio 10 18636
radio 10 18653
radio 10 19166
radio 10 19183
radio 10 19696
radio 10 19713
radio 10 20226
radio 10 20280
radio 10 20794
radio 10 20828
radio 10 21342
radio 10 21374
radio 10 21888
radio 10 21920
radio 10 22434
radio 10 22504
radio 10 23018
radio 10 23053
radio 10 23567
radio 10 23584
radio 10 24097
radio 10 24125
radio 10 24639
radio 10 24688
radio 10 25202
radio 10 25219
radio 10 25732
radio 10 25749
radio 10 26262
radio 10 26297
radio 10 26811
radio 10 26828
radio 10 27341
delay 0 18 10 27359 10 27543 7 13 6 0 187 0 0
radio 10 27366
radio 10 27881
radio 10 27939
radio 10 28452
radio 10 28469
radio 10 28982
radio 10 29016
radio 10 29530
radio 10 29559
radio 10 30073
radio 10 30090
radio 10 30603
radio 10 30620
radio 10 31133
radio 10 31150
radio 10 31663
radio 10 31714
radio 10 32228
radio 10 32245
radio 10 32758
radio 10 32791
radio 10 33305
radio 10 33338
radio 10 33852
radio 10 33884
radio 10 34398
radio 10 34433
radio 10 34947
radio 10 34979
radio 10 35493
radio 10 35510
radio 10 36023
radio 10 36054
radio 10 36568
radio 10 36603
radio 10 37117
radio 10 37167
radio 10 37681
radio 10 37715
radio 10 38229
radio 10 38246
radio 10 38759
radio 10 38776
radio 10 39289
radio 10 39320
radio 10 39834
radio 10 39851
radio 10 40364
radio 10 40417
radio 10 40931
radio 10 40948
radio 10 41462
radio 10 41490
radio 10 42004
radio 10 42021
radio 10 42534
radio 10 42563
radio 10 43077
radio 10 43107
radio 10 43621
radio 10 43649
radio 10 44163
radio 10 44212
radio 10 44726
radio 10 44755
radio 10 45269
radio 10 45300
radio 10 45814
radio 10 45869
radio 10 46383
radio 10 46400
radio 10 46913
radio 10 46930
radio 10 47443
radio 10 47460
radio 10 47973
delay 1 18 10 48028 10 48206 7 13 6 0 65535 0 0
radio 10 48036
radio 10 48551
radio 10 48569
radio 10 49083
radio 10 49139
radio 10 49652
radio 10 49669
radio 10 50182
radio 10 50199
radio 10 50712
radio 10 50729
radio 10 51242
radio 10 51274
radio 10 51788
radio 10 51805
radio 10 52318
radio 10 52367
radio 10 52881
radio 10 52916
radio 10 53430
radio 10 53447
radio 10 53960
radio 10 53977
radio 10 54490
energy 10 54496 9 1980
radio 10 54521
radio 10 55035
radio 10 55052
radio 10 55565
radio 10 55614
radio 10 56128
radio 10 56145
radio 10 56658
radio 10 56675
radio 10 57188
radio 10 57205
radio 10 57718
radio 10 57735
radio 10 58248
radio 10 58265
radio 10 58778
radio 10 58812
radio 10 59326
radio 10 59343
radio 10 59856
radio 10 59873
radio 10 60386
radio 10 60403
radio 10 60916
radio 10 60984
radio 10 61498
radio 10 61515
radio 10 62028
radio 10 62060
radio 10 62574
radio 10 62609
radio 10 63123
radio 10 63192
radio 10 63706
radio 10 63723
radio 10 64236
radio 10 64253
radio 10 64766
radio 10 64796
radio 10 65310
radio 10 65327
radio 11 304
radio 11 321
radio 11 834
radio 11 887
radio 11 1400
radio 11 1430
radio 11 1944
radio 11 1974
radio 11 2488
radio 11 2522
radio 11 3036
delay 2 18 11 3050 11 3235 7 13 6 0 272 0 0
radio 11 3058
radio 11 3572
radio 11 3702
radio 11 4215
radio 11 4244
radio 11 4758
radio 11 4793
radio 11 5307
radio 11 5324
radio 11 5837
radio 11 5854
radio 11 6367
radio 11 6400
radio 11 6914
radio 11 6962
radio 11 7476
radio 11 7493
radio 11 8006
radio 11 8023
radio 11 8536
radio 11 8566
radio 11 9080
radio 11 9115
radio 11 9629
radio 11 9646
radio 11 10159
radio 11 10189
radio 11 10703
radio 11 10720
radio 11 11233
radio 11 11250
radio 11 11763
radio 11 11780
radio 11 12293
radio 11 12324
radio 11 12838
radio 11 12870
radio 11 13384
radio 11 13401
radio 11 13914
radio 11 13948
radio 11 14462
radio 11 14479
radio 11 14992
radio 11 15023
radio 11 15537
radio 11 15554
radio 11 16067
radio 11 16084
radio 11 16597
radio 11 16625
radio 11 17139
radio 11 17187
radio 11 17701
radio 11 17732
radio 11 18246
radio 11 18294
radio 11 18808
radio 11 18841
radio 11 19355
radio 11 19385
radio 11 19899
radio 11 19929
radio 11 20443
radio 11 20496
radio 11 21010
radio 11 21027
radio 11 21540
radio 11 21557
radio 11 22070
radio 11 22104
radio 11 22618
radio 11 22635
radio 11 23148
radio 11 23206
radio 11 23720
delay 3 43 11 23763 11 23371 6 13 7 0 192 0 0
radio 11 23771
radio 11 24285
radio 11 24336
radio 11 24850
radio 11 24900
radio 11 25414
radio 11 25447
radio 11 25961
radio 11 25996
radio 11 26510
radio 11 26546
radio 11 27060
radio 11 27090
radio 11 27604
radio 11 27639
radio 11 28153
radio 11 28170
radio 11 28683
radio 11 28714
radio 11 29228
radio 11 29257
radio 11 29771
radio 11 29788
radio 11 30301
radio 11 30352
radio 11 30866
radio 11 30883
radio 11 31396
radio 11 31427
radio 11 31941
radio 11 31969
radio 11 32483
radio 11 32512
radio 11 33026
radio 11 33076
radio 11 33590
radio 11 33607
radio 11 34121
radio 11 34149
radio 11 34663
radio 11 34680
radio 11 35193
radio 11 35263
radio 11 35777
radio 11 35812
radio 11 36326
radio 11 36356
radio 11 36870
radio 11 36943
radio 11 37457
radio 11 37492
radio 11 38006
radio 11 38034
radio 11 38548
radio 11 38576
radio 11 39090
radio 11 39158
radio 11 39672
radio 11 39700
radio 11 40214
radio 11 40263
radio 11 40777
radio 11 40808
radio 11 41322
radio 11 41339
radio 11 41852
radio 11 41869
radio 11 42382
radio 11 42414
radio 11 42928
radio 11 42945
radio 11 43458
radio 11 43475
radio 11 43988
delay 4 43 11 44010 11 43618 6 13 7 0 422 0 0
radio 11 44018
radio 11 44532
radio 11 44549
radio 11 45062
radio 11 45083
radio 11 45597
radio 11 45614
radio 11 46127
radio 11 46177
radio 11 46691
radio 11 46719
radio 11 47233
radio 11 47250
radio 11 47763
radio 11 47780
radio 11 48293
radio 11 48323
radio 11 48837
radio 11 48854
radio 11 49367
radio 11 49399
radio 11 49913
radio 11 49961
energy 11 50400 9 4740
radio 11 50475
radio 11 50492
radio 11 51005
radio 11 51039
radio 11 51553
radio 11 51581
radio 11 52095
radio 11 52124
radio 11 52638
radio 11 52688
radio 11 53202
radio 11 53219
radio 11 53732
radio 11 53766
radio 11 54280
radio 11 54312
radio 11 54826
radio 11 54881
radio 11 55395
radio 11 55426
radio 11 55940
radio 11 55969
radio 11 56483
radio 11 56500
radio 11 57013
radio 11 57044
radio 11 57558
radio 11 57610
radio 11 58124
radio 11 58141
radio 11 58654
radio 11 58671
radio 11 59184
radio 11 59216
radio 11 59730
radio 11 59758
radio 11 60272
radio 11 60307
radio 11 60821
radio 11 60854
radio 11 61368
radio 11 61385
radio 11 61898
radio 11 61930
radio 11 62444
radio 11 62461
radio 11 62974
radio 11 62991
radio 11 63504
radio 11 63533
radio 11 64047
delay 5 18 11 64063 11 64248 7 13 6 0 31 1 0
radio 11 64070
radio 11 64585
radio 11 64602
radio 11 65115
radio 11 65215
radio 12 192
radio 12 224
radio 12 737
radio 12 765
radio 12 1278
radio 12 1295
radio 12 1808
radio 12 1825
radio 12 2338
radio 12 2355
radio 12 2868
radio 12 2896
radio 12 3410
radio 12 3444
radio 12 3958
radio 12 3975
radio 12 4488
radio 12 4520
radio 12 5034
radio 12 5083
radio 12 5597
radio 12 5633
radio 12 6147
radio 12 6180
radio 12 6694
radio 12 6711
radio 12 7224
radio 12 7255
radio 12 7769
radio 12 7786
radio 12 8299
radio 12 8335
radio 12 8849
radio 12 8880
radio 12 9394
radio 12 9422
radio 12 9936
radio 12 9964
radio 12 10478
radio 12 10526
radio 12 11040
radio 12 11073
radio 12 11587
radio 12 11621
radio 12 12135
radio 12 12165
radio 12 12679
radio 12 12696
radio 12 13209
radio 12 13262
radio 12 13776
radio 12 13827
radio 12 14341
radio 12 14358
radio 12 14871
radio 12 14923
radio 12 15437
radio 12 15454
radio 12 15967
radio 12 15984
radio 12 16497
radio 12 16528
radio 12 17042
radio 12 17059
radio 12 17572
radio 12 17605
radio 12 18119
radio 12 18174
radio 12 18688
radio 12 18705
radio 12 19219
delay 6 43 12 19337 12 18945 6 13 7 0 319 0 0
radio 12 19345
radio 12 19859
radio 12 19875
radio 12 20388
radio 12 20410
radio 12 20923
radio 12 20940
radio 12 21453
radio 12 21470
radio 12 21983
radio 12 22000
radio 12 22514
radio 12 22548
radio 12 23062
radio 12 23111
radio 12 23625
radio 12 23657
radio 12 24171
radio 12 24203
radio 12 24717
radio 12 24734
radio 12 25247
radio 12 25264
radio 12 25777
radio 12 25794
radio 12 26308
radio 12 26325
radio 12 26838
radio 12 26888
radio 12 27402
radio 12 27431
radio 12 27945
radio 12 27978
radio 12 28492
radio 12 28561
radio 12 29075
radio 12 29110
radio 12 29624
radio 12 29656
radio 12 30170
radio 12 30199
radio 12 30713
radio 12 30730
radio 12 31243
radio 12 31292
radio 12 31806
radio 12 31875
radio 12 32389
radio 12 32457
radio 12 32971
radio 12 33020
radio 12 33534
radio 12 33563
radio 12 34077
radio 12 34149
radio 12 34663
radio 12 34692
radio 12 35206
radio 12 35238
radio 12 35752
radio 12 35805
radio 12 36319
radio 12 36347
radio 12 36861
radio 12 36897
radio 12 37411
radio 12 37428
radio 12 37941
radio 12 37993
radio 12 38507
radio 12 38524
radio 12 39037
radio 12 39054
radio 12 39567
radio 12 39584
radio 12 40097
radio 12 40133
radio 12 40647
radio 12 40735
radio 12 41249
radio 12 41266
radio 12 41779
radio 12 41796
radio 12 42309
radio 12 42341
radio 12 42855
radio 12 42885
radio 12 43399
radio 12 43431
radio 12 43945
radio 12 43962
radio 12 44475
radio 12 44524
radio 12 45038
radio 12 45055
radio 12 45568
radio 12 45585
radio 12 46098
radio 12 46115
energy 12 46304 9 7667
radio 12 46628
radio 12 46645
radio 12 47158
radio 12 47190
radio 12 47704
radio 12 47754
radio 12 48268
radio 12 48302
radio 12 48816
radio 12 48844
radio 12 49358
radio 12 49375
radio 12 49888
radio 12 49984
radio 12 50498
radio 12 50530
radio 12 51044
radio 12 51098
radio 12 51612
radio 12 51647
radio 12 52161
radio 12 52196
radio 12 52710
radio 12 52727
radio 12 53240
radio 12 53276
radio 12 53790
radio 12 53840
radio 12 54354
radio 12 54371
radio 12 54884
radio 12 54915
radio 12 55429
radio 12 55460
radio 12 55974
radio 12 56002
radio 12 56516
radio 12 56589
radio 12 57103
radio 12 57139
radio 12 57653
radio 12 57670
radio 12 58183
radio 12 58232
radio 12 58746
radio 12 58763
radio 12 59276
radio 12 59293
radio 12 59806
radio 12 59834
radio 12 60348
delay 8 18 12 60426 12 60612 7 13 6 0 364 0 0
radio 12 60435
radio 12 60949
radio 12 60965
radio 12 61478
radio 12 61514
radio 12 62028
radio 12 62045
radio 12 62558
radio 12 62589
radio 12 63103
radio 12 63120
radio 12 63633
radio 12 63665
radio 12 64179
radio 12 64213
radio 12 64727
radio 12 64761
radio 12 65275
radio 12 65305
radio 13 283
radio 13 300
radio 13 813
radio 13 830
radio 13 1343
radio 13 1360
radio 13 1873
radio 13 1901
radio 13 2415
radio 13 2463
radio 13 2977
radio 13 2994
radio 13 3507
radio 13 3537
radio 13 4051
radio 13 4080
radio 13 4594
radio 13 4611
radio 13 5124
radio 13 5152
radio 13 5666
radio 13 5694
radio 13 6208
radio 13 6225
radio 13 6738
radio 13 6755
radio 13 7268
radio 13 7285
radio 13 7798
radio 13 7826
radio 13 8340
radio 13 8357
radio 13 8870
radio 13 8898
radio 13 9412
radio 13 9440
radio 13 9954
radio 13 10004
radio 13 10518
radio 13 10549
radio 13 11063
radio 13 11096
radio 13 11610
radio 13 11627
radio 13 12140
radio 13 12157
radio 13 12670
radio 13 12687
radio 13 13200
radio 13 13231
radio 13 13745
radio 13 13775
radio 13 14289
radio 13 14306
radio 13 14819
radio 13 14836
radio 13 15349
delay 9 18 13 15366 13 15552 7 13 6 0 391 0 0
radio 13 15374
radio 13 15888
radio 13 15993
radio 13 16506
radio 13 16538
radio 13 17052
radio 13 17069
radio 13 17582
radio 13 17599
radio 13 18112
radio 13 18129
radio 13 18642
radio 13 18677
radio 13 19191
radio 13 19240
radio 13 19754
radio 13 19771
radio 13 20284
radio 13 20313
radio 13 20827
radio 13 20858
radio 13 21372
radio 13 21403
radio 13 21917
radio 13 21987
radio 13 22501
radio 13 22518
radio 13 23031
radio 13 23048
radio 13 23561
radio 13 23578
radio 13 24091
radio 13 24108
radio 13 24621
radio 13 24692
radio 13 25206
radio 13 25237
radio 13 25751
radio 13 25784
radio 13 26298
radio 13 26327
radio 13 26841
radio 13 26894
radio 13 27408
radio 13 27425
radio 13 27938
radio 13 27955
radio 13 28468
radio 13 28485
radio 13 28998
radio 13 29015
radio 13 29528
radio 13 29562
radio 13 30076
radio 13 30107
radio 13 30621
radio 13 30670
radio 13 31184
radio 13 31201
radio 13 31714
radio 13 31744
radio 13 32258
radio 13 32275
radio 13 32788
radio 13 32805
radio 13 33318
radio 13 33354
radio 13 33868
radio 13 33901
radio 13 34415
radio 13 34448
radio 13 34962
radio 13 34979
radio 13 35492
delay 10 18 13 35510 13 35696 7 13 6 0 136 0 0
radio 13 35518
radio 13 36032
radio 13 36136
radio 13 36650
radio 13 36669
radio 13 37183
radio 13 37200
radio 13 37713
radio 13 37730
radio 13 38243
radio 13 38271
radio 13 38785
radio 13 38819
radio 13 39333
radio 13 39350
radio 13 39863
radio 13 39892
radio 13 40406
radio 13 40462
radio 13 40976
radio 13 40993
radio 13 41506
radio 13 41562
radio 13 42076
radio 13 42108
energy 13 42208 9 10437
radio 13 42622
radio 13 42639
radio 13 43152
radio 13 43169
radio 13 43682
radio 13 43699
radio 13 44212
radio 13 44229
radio 13 44742
radio 13 44759
radio 13 45272
radio 13 45289
radio 13 45802
radio 13 45819
radio 13 46332
radio 13 46349
radio 13 46862
radio 13 46879
radio 13 47392
radio 13 47448
radio 13 47962
radio 13 47979
radio 13 48492
radio 13 48509
radio 13 49022
radio 13 49039
radio 13 49552
radio 13 49569
radio 13 50082
radio 13 50117
radio 13 50631
radio 13 50680
radio 13 51194
radio 13 51211
radio 13 51724
radio 13 51741
radio 13 52254
radio 13 52287
radio 13 52801
radio 13 52835
radio 13 53349
radio 13 53366
radio 13 53879
radio 13 53896
radio 13 54409
radio 13 54458
radio 13 54972
radio 13 55000
radio 13 55514
radio 13 55531
radio 13 56044
delay 11 18 13 56063 13 56249 7 13 6 0 215 0 0
radio 13 56071
radio 13 56585
radio 13 56646
radio 13 57160
radio 13 57180
radio 13 57694
radio 13 57711
radio 13 58224
radio 13 58255
radio 13 58769
radio 13 58805
radio 13 59319
radio 13 59336
radio 13 59849
radio 13 59866
radio 13 60379
radio 13 60396
radio 13 60909
radio 13 60959
radio 13 61473
radio 13 61490
radio 13 62003
radio 13 62020
radio 13 62533
radio 13 62563
radio 13 63077
radio 13 63108
radio 13 63622
radio 13 63651
radio 13 64165
radio 13 64196
radio 13 64710
radio 13 64743
radio 13 65257
radio 13 65274
radio 14 251
radio 14 268
radio 14 781
radio 14 798
radio 14 1311
radio 14 1328
radio 14 1841
radio 14 1858
radio 14 2371
radio 14 2388
radio 14 2901
radio 14 2918
radio 14 3431
radio 14 3448
radio 14 3961
radio 14 3992
radio 14 4506
radio 14 4562
radio 14 5076
radio 14 5093
radio 14 5606
radio 14 5623
radio 14 6136
radio 14 6153
radio 14 6666
radio 14 6683
radio 14 7196
radio 14 7213
radio 14 7726
radio 14 7743
radio 14 8256
radio 14 8273
radio 14 8786
radio 14 8814
radio 14 9328
radio 14 9345
radio 14 9858
radio 14 9906
radio 14 10420
radio 14 10437
radio 14 10950
radio 14 10967
radio 14 11480
delay 12 18 14 11665 14 11851 7 13 6 0 506 0 0
radio 14 11673
radio 14 12187
radio 14 12204
radio 14 12718
radio 14 12735
radio 14 13248
radio 14 13280
radio 14 13794
radio 14 13826
radio 14 14340
radio 14 14357
radio 14 14870
radio 14 14900
radio 14 15414
radio 14 15467
radio 14 15981
radio 14 15998
radio 14 16511
radio 14 16544
radio 14 17058
radio 14 17090
radio 14 17604
radio 14 17621
radio 14 18134
radio 14 18186
radio 14 18700
radio 14 18717
radio 14 19230
radio 14 19247
radio 14 19760
radio 14 19777
radio 14 20290
radio 14 20319
radio 14 20833
radio 14 20850
radio 14 21363
radio 14 21380
radio 14 21893
radio 14 21910
radio 14 22423
radio 14 22440
radio 14 22953
radio 14 23003
radio 14 23517
radio 14 23534
radio 14 24047
radio 14 24064
radio 14 24577
radio 14 24605
radio 14 25119
radio 14 25169
radio 14 25683
radio 14 25700
radio 14 26213
radio 14 26267
radio 14 26781
radio 14 26814
radio 14 27328
radio 14 27381
radio 14 27895
radio 14 27926
radio 14 28440
radio 14 28457
radio 14 28970
radio 14 28987
radio 14 29500
radio 14 29517
radio 14 30030
radio 14 30047
radio 14 30560
radio 14 30589
radio 14 31103
radio 14 31120
radio 14 31633
delay 13 18 14 31648 14 31834 7 13 6 0 150 1 0
radio 14 31655
radio 14 32170
radio 14 32186
radio 14 32699
radio 14 32720
radio 14 33233
radio 14 33263
radio 14 33777
radio 14 33794
radio 14 34307
radio 14 34324
radio 14 34837
radio 14 34870
radio 14 35384
radio 14 35419
radio 14 35933
radio 14 35962
radio 14 36476
radio 14 36526
radio 14 37040
radio 14 37089
radio 14 37603
radio 14 37620
energy 14 38112 9 12723
radio 14 38133
radio 14 38150
radio 14 38663
radio 14 38680
radio 14 39193
radio 14 39210
radio 14 39723
radio 14 39779
radio 14 40293
radio 14 40327
radio 14 40841
radio 14 40858
radio 14 41371
radio 14 41388
radio 14 41901
radio 14 41931
radio 14 42445
radio 14 42462
radio 14 42975
radio 14 43003
radio 14 43517
radio 14 43570
radio 14 44084
radio 14 44112
radio 14 44626
radio 14 44643
radio 14 45156
radio 14 45173
radio 14 45686
radio 14 45703
radio 14 46216
radio 14 46247
radio 14 46761
radio 14 46815
radio 14 47329
radio 14 47346
radio 14 47859
radio 14 47876
radio 14 48389
radio 14 48406
radio 14 48919
radio 14 48952
radio 14 49466
radio 14 49483
radio 14 49996
radio 14 50013
radio 14 50526
radio 14 50543
radio 14 51056
radio 14 51127
radio 14 51641
radio 14 51675
radio 14 52189
delay 14 18 14 52266 14 52453 7 13 6 0 425 0 0
radio 14 52274
radio 14 52789
radio 14 52805
radio 14 53318
radio 14 53347
radio 14 53861
radio 14 53878
radio 14 54391
radio 14 54445
radio 14 54959
radio 14 54976
radio 14 55489
radio 14 55506
radio 14 56019
radio 14 56036
radio 14 56549
radio 14 56583
radio 14 57097
radio 14 57126
radio 14 57640
radio 14 57676
radio 14 58190
radio 14 58207
