Thread[Thread-1,5,main]tree 1000 14 43 12 0 0
radio 9 18642
radio 9 18645
radio 9 18741
radio 9 19255
radio 9 19272
radio 9 19785
radio 9 19839
radio 9 20353
radio 9 20382
radio 9 20896
radio 9 20913
radio 9 21426
radio 9 21461
radio 9 21975
radio 9 22005
radio 9 22519
radio 9 22536
radio 9 23049
radio 9 23123
radio 9 23637
radio 9 23654
radio 9 24167
radio 9 24184
radio 9 24697
radio 9 24714
radio 9 25227
radio 9 25262
radio 9 25776
radio 9 25850
radio 9 26364
radio 9 26381
radio 9 26894
radio 9 26923
radio 9 27437
radio 9 27454
radio 9 27967
radio 9 27984
radio 9 28497
radio 9 28514
radio 9 29027
radio 9 29044
radio 9 29557
radio 9 29588
radio 9 30102
radio 9 30152
radio 9 30666
radio 9 30683
radio 9 31196
radio 9 31227
radio 9 31741
radio 9 31830
radio 9 32344
radio 9 32361
radio 9 32874
radio 9 32891
radio 9 33404
radio 9 33421
radio 9 33934
radio 9 33951
radio 9 34464
radio 9 34493
radio 9 35007
radio 9 35080
radio 9 35594
radio 9 35627
radio 9 36141
radio 9 36158
radio 9 36671
radio 9 36688
radio 9 37201
radio 9 37230
radio 9 37744
radio 9 37798
radio 9 38312
radio 9 38329
radio 9 38842
radio 9 38859
radio 9 39372
radio 9 39483
radio 9 39997
radio 9 40045
radio 9 40559
radio 9 40576
radio 9 41089
radio 9 41143
radio 9 41657
radio 9 41674
radio 9 42187
radio 9 42204
radio 9 42718
radio 9 42735
radio 9 43248
radio 9 43265
radio 9 43778
radio 9 43795
radio 9 44308
radio 9 44325
radio 9 44838
radio 9 44855
radio 9 45368
radio 9 45385
radio 9 45898
radio 9 45971
radio 9 46485
radio 9 46502
radio 9 47015
radio 9 47049
radio 9 47563
radio 9 47580
radio 9 48093
radio 9 48110
radio 9 48623
radio 9 48640
radio 9 49153
radio 9 49170
radio 9 49683
radio 9 49700
radio 9 50213
radio 9 50285
radio 9 50799
radio 9 50827
radio 9 51341
radio 9 51370
radio 9 51884
radio 9 51901
radio 9 52414
radio 9 52484
radio 9 52998
radio 9 53033
radio 9 53547
radio 9 53564
radio 9 54077
radio 9 54125
radio 9 54639
radio 9 54689
radio 9 55203
radio 9 55220
radio 9 55733
radio 9 55750
radio 9 56263
radio 9 56295
radio 9 56809
radio 9 56826
radio 9 57339
radio 9 57431
radio 9 57945
radio 9 57962
radio 9 58475
radio 9 58531
radio 9 59045
radio 9 59093
radio 9 59607
radio 9 59624
radio 9 60137
radio 9 60154
radio 9 60667
radio 9 60684
radio 9 61197
radio 9 61231
radio 9 61745
radio 9 61779
radio 9 62293
radio 9 62343
radio 9 62857
radio 9 62874
radio 9 63387
radio 9 63420
radio 9 63934
radio 9 63951
radio 9 64464
radio 9 64492
radio 9 65006
radio 9 65023
radio 10 0
radio 10 17
radio 10 530
radio 10 585
radio 10 1099
radio 10 1116
radio 10 1629
radio 10 1646
radio 10 2159
radio 10 2187
radio 10 2701
radio 10 2733
radio 10 3247
radio 10 3279
radio 10 3793
radio 10 3824
radio 10 4338
radio 10 4373
radio 10 4887
radio 10 4904
radio 10 5417
radio 10 5447
radio 10 5961
radio 10 6035
radio 10 6549
radio 10 6581
radio 10 7095
radio 10 7112
radio 10 7625
radio 10 7642
radio 10 8155
radio 10 8172
radio 10 8685
radio 10 8702
radio 10 9215
radio 10 9286
radio 10 9800
radio 10 9831
radio 10 10345
radio 10 10437
radio 10 10951
radio 10 10968
radio 10 11482
radio 10 11511
radio 10 12025
radio 10 12042
radio 10 12556
radio 10 12588
radio 10 13102
radio 10 13135
radio 10 13649
radio 10 13681
radio 10 14195
radio 10 14229
energy 10 14557 9 21516
radio 10 14743
radio 10 14760
radio 10 15274
radio 10 15291
radio 10 15805
radio 10 15822
radio 10 16336
radio 10 16353
radio 10 16867
radio 10 16901
radio 10 17415
radio 10 17465
radio 10 17979
radio 10 18029
radio 10 18543
radio 10 18614
radio 10 19128
radio 10 19145
radio 10 19659
radio 10 19676
radio 10 20190
radio 10 20262
radio 10 20776
radio 10 20806
radio 10 21320
radio 10 21350
radio 10 21864
radio 10 21897
radio 10 22411
radio 10 22460
radio 10 22974
radio 10 23023
radio 10 23537
radio 10 23554
radio 10 24068
radio 10 24085
radio 10 24599
radio 10 24616
radio 10 25130
radio 10 25147
radio 10 25661
radio 10 25678
radio 10 26191
radio 10 26208
radio 10 26722
radio 10 26793
radio 10 27307
radio 10 27324
radio 10 27838
delay 0 43 10 27858 10 27684 6 12 6 0 822 0 0
radio 10 27865
radio 10 28380
radio 10 28397
radio 10 28911
radio 10 28928
radio 10 29442
radio 10 29517
radio 10 30031
radio 10 30048
radio 10 30562
radio 10 30597
radio 10 31111
radio 10 31165
radio 10 31679
radio 10 31707
radio 10 32221
radio 10 32238
radio 10 32752
radio 10 32769
radio 10 33283
radio 10 33300
radio 10 33814
radio 10 33926
radio 10 34440
radio 10 34469
radio 10 34983
radio 10 35014
radio 10 35528
radio 10 35545
radio 10 36059
radio 10 36090
radio 10 36604
radio 10 36654
radio 10 37168
radio 10 37185
radio 10 37699
radio 10 37716
radio 10 38230
radio 10 38259
radio 10 38773
radio 10 38790
radio 10 39304
radio 10 39377
radio 10 39891
radio 10 39908
radio 10 40422
radio 10 40458
radio 10 40972
radio 10 41006
radio 10 41520
radio 10 41537
radio 10 42051
radio 10 42107
radio 10 42621
radio 10 42638
radio 10 43152
radio 10 43183
radio 10 43697
radio 10 43714
radio 10 44228
radio 10 44245
radio 10 44759
radio 10 44833
radio 10 45347
radio 10 45383
radio 10 45897
radio 10 45914
radio 10 46428
radio 10 46445
radio 10 46959
radio 10 46995
radio 10 47509
radio 10 47648
radio 10 48162
delay 1 43 10 48180 10 48006 6 12 6 0 75 1 0
radio 10 48187
radio 10 48702
radio 10 48747
radio 10 49261
radio 10 49278
radio 10 49792
radio 10 49866
radio 10 50380
radio 10 50397
radio 10 50911
radio 10 50928
radio 10 51442
radio 10 51459
radio 10 51972
radio 10 51989
radio 10 52502
radio 10 52519
radio 10 53032
radio 10 53063
radio 10 53577
radio 10 53594
radio 10 54108
radio 10 54125
radio 10 54639
radio 10 54690
radio 10 55204
radio 10 55221
radio 10 55734
radio 10 55751
radio 10 56265
radio 10 56296
radio 10 56810
radio 10 56827
radio 10 57341
radio 10 57414
radio 10 57928
radio 10 57960
radio 10 58474
radio 10 58491
radio 10 59005
radio 10 59040
radio 10 59554
radio 10 59571
radio 10 60085
radio 10 60102
radio 10 60616
radio 10 60667
radio 10 61181
radio 10 61198
radio 10 61712
radio 10 61729
radio 10 62242
radio 10 62259
radio 10 62773
radio 10 62790
radio 10 63304
radio 10 63321
radio 10 63835
radio 10 63885
radio 10 64399
radio 10 64416
radio 10 64930
radio 10 64947
radio 10 65460
radio 10 65477
radio 11 455
radio 11 472
radio 11 985
radio 11 1002
radio 11 1515
radio 11 1546
radio 11 2060
radio 11 2154
radio 11 2668
radio 11 2746
radio 11 3260
delay 2 43 11 3338 11 3165 6 12 6 0 474 0 0
radio 11 3348
radio 11 3861
radio 11 3881
radio 11 4394
radio 11 4463
radio 11 4977
radio 11 5007
radio 11 5521
radio 11 5551
radio 11 6065
radio 11 6138
radio 11 6652
radio 11 6669
radio 11 7182
radio 11 7199
radio 11 7712
radio 11 7742
radio 11 8256
radio 11 8292
radio 11 8806
radio 11 8823
radio 11 9336
radio 11 9353
radio 11 9866
radio 11 9897
radio 11 10411
radio 11 10428
energy 11 10461 9 24478
radio 11 10942
radio 11 10971
radio 11 11485
radio 11 11502
radio 11 12016
radio 11 12051
radio 11 12565
radio 11 12582
radio 11 13096
radio 11 13167
radio 11 13681
radio 11 13713
radio 11 14227
radio 11 14244
radio 11 14758
radio 11 14808
radio 11 15322
radio 11 15350
radio 11 15864
radio 11 15894
radio 11 16408
radio 11 16425
radio 11 16939
radio 11 16969
radio 11 17483
radio 11 17533
radio 11 18047
radio 11 18096
radio 11 18610
radio 11 18640
radio 11 19154
radio 11 19249
radio 11 19763
radio 11 19798
radio 11 20312
radio 11 20329
radio 11 20843
radio 11 20876
radio 11 21390
radio 11 21419
radio 11 21933
radio 11 21965
radio 11 22479
radio 11 22496
radio 11 23009
delay 3 18 11 23187 11 23590 7 12 5 0 194 0 0
radio 11 23194
radio 11 23709
radio 11 23728
radio 11 24241
radio 11 24287
radio 11 24800
radio 11 24834
radio 11 25348
radio 11 25403
radio 11 25917
radio 11 25934
radio 11 26448
radio 11 26465
radio 11 26979
radio 11 27008
radio 11 27522
radio 11 27553
radio 11 28067
radio 11 28159
radio 11 28673
radio 11 28690
radio 11 29204
radio 11 29233
radio 11 29747
radio 11 29800
radio 11 30314
radio 11 30364
radio 11 30878
radio 11 30895
radio 11 31409
radio 11 31426
radio 11 31940
radio 11 31974
radio 11 32488
radio 11 32505
radio 11 33019
radio 11 33050
radio 11 33564
radio 11 33615
radio 11 34129
radio 11 34157
radio 11 34671
radio 11 34688
radio 11 35202
radio 11 35253
radio 11 35767
radio 11 35837
radio 11 36351
radio 11 36445
radio 11 36959
radio 11 36976
radio 11 37490
radio 11 37524
radio 11 38038
radio 11 38055
radio 11 38569
radio 11 38586
radio 11 39100
radio 11 39169
radio 11 39683
radio 11 39700
radio 11 40213
radio 11 40230
radio 11 40744
radio 11 40761
radio 11 41275
radio 11 41306
radio 11 41820
radio 11 41837
radio 11 42351
radio 11 42422
radio 11 42936
radio 11 42953
radio 11 43467
delay 4 43 11 43487 11 43314 6 12 6 0 118 1 0
radio 11 43495
radio 11 44010
radio 11 44026
radio 11 44539
radio 11 44556
radio 11 45070
radio 11 45145
radio 11 45659
radio 11 45694
radio 11 46208
radio 11 46225
radio 11 46739
radio 11 46790
radio 11 47304
radio 11 47332
radio 11 47846
radio 11 47863
radio 11 48376
radio 11 48393
radio 11 48907
radio 11 48943
radio 11 49457
radio 11 49485
radio 11 49999
radio 11 50075
radio 11 50589
radio 11 50625
radio 11 51139
radio 11 51156
radio 11 51670
radio 11 51687
radio 11 52200
radio 11 52275
radio 11 52789
radio 11 52843
radio 11 53357
radio 11 53433
radio 11 53947
radio 11 53978
radio 11 54492
radio 11 54509
radio 11 55022
radio 11 55074
radio 11 55588
radio 11 55616
radio 11 56130
radio 11 56147
radio 11 56661
radio 11 56678
radio 11 57192
radio 11 57209
radio 11 57722
radio 11 57739
radio 11 58253
radio 11 58288
radio 11 58802
radio 11 58852
radio 11 59366
radio 11 59399
radio 11 59913
radio 11 59942
radio 11 60456
radio 11 60473
radio 11 60987
radio 11 61022
radio 11 61536
radio 11 61611
radio 11 62125
radio 11 62158
radio 11 62672
radio 11 62689
radio 11 63203
radio 11 63253
radio 11 63767
radio 11 63795
radio 11 64309
delay 5 43 11 64391 11 64211 6 12 6 0 65535 0 0
radio 11 64399
radio 11 64913
radio 11 64968
radio 11 65482
radio 11 65499
radio 12 477
radio 12 494
radio 12 1007
radio 12 1040
radio 12 1554
radio 12 1604
radio 12 2118
radio 12 2146
radio 12 2660
radio 12 2688
radio 12 3202
radio 12 3219
radio 12 3732
radio 12 3764
radio 12 4278
radio 12 4295
radio 12 4808
radio 12 4884
radio 12 5398
radio 12 5428
radio 12 5942
radio 12 6033
energy 12 6365 9 27889
radio 12 6547
radio 12 6564
radio 12 7077
radio 12 7094
radio 12 7607
radio 12 7636
radio 12 8150
radio 12 8239
radio 12 8753
radio 12 8770
radio 12 9283
radio 12 9300
radio 12 9813
radio 12 9830
radio 12 10343
radio 12 10378
radio 12 10892
radio 12 10965
radio 12 11479
radio 12 11496
radio 12 12010
radio 12 12040
radio 12 12554
radio 12 12571
radio 12 13085
radio 12 13102
radio 12 13615
radio 12 13685
radio 12 14199
radio 12 14216
radio 12 14730
radio 12 14764
radio 12 15278
radio 12 15295
radio 12 15809
radio 12 15826
radio 12 16340
radio 12 16415
radio 12 16929
radio 12 16961
radio 12 17475
radio 12 17570
radio 12 18084
radio 12 18101
radio 12 18614
radio 12 18631
radio 12 19145
delay 6 43 12 19192 12 19019 6 12 6 0 393 0 0
radio 12 19200
radio 12 19714
radio 12 19757
radio 12 20271
radio 12 20301
radio 12 20815
radio 12 20832
radio 12 21346
radio 12 21363
radio 12 21877
radio 12 21894
radio 12 22408
radio 12 22437
radio 12 22951
radio 12 23021
radio 12 23535
radio 12 23570
radio 12 24084
radio 12 24113
radio 12 24627
radio 12 24702
radio 12 25216
radio 12 25233
radio 12 25747
radio 12 25764
radio 12 26278
radio 12 26311
radio 12 26825
radio 12 26901
radio 12 27415
radio 12 27432
radio 12 27946
radio 12 27963
radio 12 28476
radio 12 28493
radio 12 29007
radio 12 29039
radio 12 29553
radio 12 29624
radio 12 30138
radio 12 30169
radio 12 30683
radio 12 30713
radio 12 31227
radio 12 31244
radio 12 31758
radio 12 31832
radio 12 32346
radio 12 32382
radio 12 32896
radio 12 32984
radio 12 33498
radio 12 33530
radio 12 34044
radio 12 34137
radio 12 34651
radio 12 34668
radio 12 35182
radio 12 35291
radio 12 35805
radio 12 35839
radio 12 36353
radio 12 36447
radio 12 36961
radio 12 36978
radio 12 37492
radio 12 37522
radio 12 38036
radio 12 38072
radio 12 38586
radio 12 38617
radio 12 39131
radio 12 39179
radio 12 39693
radio 12 39726
radio 12 40240
radio 12 40257
radio 12 40771
radio 12 40846
radio 12 41360
radio 12 41377
radio 12 41891
radio 12 41925
radio 12 42439
radio 12 42456
radio 12 42970
radio 12 43046
radio 12 43560
radio 12 43595
radio 12 44109
radio 12 44126
radio 12 44639
radio 12 44656
radio 12 45170
radio 12 45199
radio 12 45713
radio 12 45744
radio 12 46258
radio 12 46306
radio 12 46820
radio 12 46850
radio 12 47364
radio 12 47420
radio 12 47934
radio 12 47982
radio 12 48496
radio 12 48513
radio 12 49027
radio 12 49044
radio 12 49558
radio 12 49575
radio 12 50089
radio 12 50106
radio 12 50620
radio 12 50670
radio 12 51184
radio 12 51233
radio 12 51747
radio 12 51764
radio 12 52278
radio 12 52295
radio 12 52809
radio 12 52837
radio 12 53351
radio 12 53368
radio 12 53881
radio 12 53898
radio 12 54411
radio 12 54428
radio 12 54942
radio 12 54975
radio 12 55489
radio 12 55506
radio 12 56020
radio 12 56037
radio 12 56551
radio 12 56568
radio 12 57082
radio 12 57099
radio 12 57612
radio 12 57629
radio 12 58143
radio 12 58160
radio 12 58674
radio 12 58691
radio 12 59205
radio 12 59241
radio 12 59755
delay 8 43 12 59810 12 59631 6 12 6 0 65535 0 0
radio 12 59819
radio 12 60333
radio 12 60353
radio 12 60867
radio 12 60884
radio 12 61398
radio 12 61429
radio 12 61943
radio 12 61997
radio 12 62511
radio 12 62539
radio 12 63053
radio 12 63070
radio 12 63584
radio 12 63601
radio 12 64115
radio 12 64132
radio 12 64645
radio 12 64674
radio 12 65188
radio 12 65219
radio 13 197
radio 13 271
radio 13 785
radio 13 802
radio 13 1315
radio 13 1347
radio 13 1861
radio 13 1936
energy 13 2269 9 31070
radio 13 2450
radio 13 2467
radio 13 2980
radio 13 3014
radio 13 3528
radio 13 3599
radio 13 4113
radio 13 4130
radio 13 4643
radio 13 4660
radio 13 5173
radio 13 5190
radio 13 5703
radio 13 5720
radio 13 6233
radio 13 6262
radio 13 6776
radio 13 6804
radio 13 7318
radio 13 7350
radio 13 7864
radio 13 7918
radio 13 8432
radio 13 8465
radio 13 8979
radio 13 8996
radio 13 9509
radio 13 9537
radio 13 10051
radio 13 10068
radio 13 10581
radio 13 10652
radio 13 11166
radio 13 11200
radio 13 11714
radio 13 11731
radio 13 12245
radio 13 12262
radio 13 12775
radio 13 12792
radio 13 13305
radio 13 13374
radio 13 13888
radio 13 13922
radio 13 14436
radio 13 14453
radio 13 14967
delay 9 43 13 15071 13 14898 6 12 6 0 41 1 0
radio 13 15078
radio 13 15593
radio 13 15611
radio 13 16125
radio 13 16142
radio 13 16655
radio 13 16672
radio 13 17186
radio 13 17258
radio 13 17772
radio 13 17888
radio 13 18402
radio 13 18419
radio 13 18933
radio 13 18963
radio 13 19477
radio 13 19526
radio 13 20040
radio 13 20091
radio 13 20605
radio 13 20638
radio 13 21152
radio 13 21169
radio 13 21683
radio 13 21700
radio 13 22214
radio 13 22231
radio 13 22744
radio 13 22815
radio 13 23329
radio 13 23362
radio 13 23876
radio 13 23931
radio 13 24445
radio 13 24494
radio 13 25008
radio 13 25040
radio 13 25554
radio 13 25586
radio 13 26100
radio 13 26171
radio 13 26685
radio 13 26719
radio 13 27233
radio 13 27263
radio 13 27777
radio 13 27809
radio 13 28323
radio 13 28375
radio 13 28889
radio 13 28906
radio 13 29419
radio 13 29436
radio 13 29950
radio 13 29986
radio 13 30500
radio 13 30593
radio 13 31107
radio 13 31124
radio 13 31637
radio 13 31654
radio 13 32167
radio 13 32220
radio 13 32734
radio 13 32751
radio 13 33264
radio 13 33297
radio 13 33811
radio 13 33828
radio 13 34341
radio 13 34358
radio 13 34872
radio 13 34889
radio 13 35403
radio 13 35420
radio 13 35934
delay 10 43 13 35955 13 35782 6 12 6 0 439 0 0
radio 13 35962
radio 13 36477
radio 13 36509
radio 13 37022
radio 13 37073
radio 13 37587
radio 13 37615
radio 13 38129
radio 13 38199
radio 13 38713
radio 13 38743
radio 13 39257
radio 13 39286
radio 13 39800
radio 13 39817
radio 13 40331
radio 13 40427
radio 13 40941
radio 13 40991
radio 13 41505
radio 13 41522
radio 13 42036
radio 13 42071
radio 13 42585
radio 13 42636
radio 13 43150
radio 13 43183
radio 13 43697
radio 13 43714
radio 13 44228
radio 13 44245
radio 13 44758
radio 13 44775
radio 13 45289
radio 13 45359
radio 13 45873
radio 13 45890
radio 13 46404
radio 13 46421
radio 13 46935
radio 13 46966
radio 13 47480
radio 13 47534
radio 13 48048
radio 13 48083
radio 13 48597
radio 13 48631
radio 13 49145
radio 13 49162
radio 13 49676
radio 13 49693
radio 13 50206
radio 13 50261
radio 13 50775
radio 13 50805
radio 13 51319
radio 13 51350
radio 13 51864
radio 13 51881
radio 13 52395
radio 13 52412
radio 13 52925
radio 13 52942
radio 13 53455
radio 13 53511
radio 13 54025
radio 13 54054
radio 13 54568
radio 13 54597
radio 13 55111
radio 13 55140
radio 13 55654
radio 13 55753
radio 13 56267
delay 11 43 13 56293 13 56120 6 12 6 0 297 0 0
radio 13 56302
radio 13 56816
radio 13 56894
radio 13 57407
radio 13 57424
radio 13 57937
radio 13 57954
radio 13 58468
radio 13 58500
radio 13 59014
radio 13 59083
radio 13 59597
radio 13 59614
radio 13 60128
radio 13 60222
radio 13 60736
radio 13 60766
radio 13 61280
radio 13 61297
radio 13 61810
radio 13 61827
radio 13 62341
radio 13 62371
radio 13 62885
radio 13 62939
radio 13 63453
radio 13 63504
energy 13 63709 9 34383
radio 13 64018
radio 13 64035
radio 13 64548
radio 13 64565
radio 13 65078
radio 13 65110
radio 14 88
radio 14 116
radio 14 630
radio 14 663
radio 14 1177
radio 14 1194
radio 14 1707
radio 14 1740
radio 14 2254
radio 14 2271
radio 14 2784
radio 14 2801
radio 14 3314
radio 14 3331
radio 14 3844
radio 14 3877
radio 14 4391
radio 14 4466
radio 14 4980
radio 14 4997
radio 14 5510
radio 14 5527
radio 14 6040
radio 14 6057
radio 14 6570
radio 14 6587
radio 14 7100
radio 14 7117
radio 14 7630
radio 14 7666
radio 14 8180
radio 14 8197
radio 14 8710
radio 14 8727
radio 14 9240
radio 14 9272
radio 14 9786
radio 14 9803
radio 14 10316
radio 14 10333
radio 14 10846
radio 14 10863
radio 14 11377
delay 12 43 14 11402 14 11230 6 12 6 0 321 0 0
radio 14 11412
radio 14 11925
radio 14 11946
radio 14 12459
radio 14 12476
radio 14 12990
radio 14 13024
radio 14 13538
radio 14 13591
radio 14 14105
radio 14 14122
radio 14 14635
radio 14 14652
radio 14 15166
radio 14 15183
radio 14 15697
radio 14 15714
radio 14 16228
radio 14 16245
radio 14 16758
radio 14 16775
radio 14 17288
radio 14 17364
radio 14 17878
radio 14 17928
radio 14 18442
radio 14 18512
radio 14 19026
radio 14 19043
radio 14 19557
radio 14 19586
radio 14 20100
radio 14 20117
radio 14 20630
radio 14 20647
radio 14 21160
radio 14 21210
radio 14 21724
radio 14 21752
radio 14 22266
radio 14 22283
radio 14 22797
radio 14 22814
radio 14 23327
radio 14 23363
radio 14 23877
radio 14 23907
radio 14 24421
radio 14 24494
radio 14 25008
radio 14 25025
radio 14 25538
radio 14 25555
radio 14 26068
radio 14 26098
radio 14 26612
radio 14 26629
radio 14 27143
radio 14 27217
radio 14 27731
radio 14 27748
radio 14 28262
radio 14 28279
radio 14 28792
radio 14 28824
radio 14 29338
radio 14 29355
radio 14 29869
radio 14 29886
radio 14 30400
radio 14 30470
radio 14 30984
radio 14 31012
radio 14 31526
radio 14 31543
radio 14 32056
delay 13 43 14 32073 14 31901 6 12 6 0 528 0 0
radio 14 32081
radio 14 32595
radio 14 32612
radio 14 33126
radio 14 33197
radio 14 33711
radio 14 33746
radio 14 34260
radio 14 34277
radio 14 34790
radio 14 34807
radio 14 35321
radio 14 35338
radio 14 35852
radio 14 35920
radio 14 36434
radio 14 36451
radio 14 36965
radio 14 36997
radio 14 37511
radio 14 37539
radio 14 38053
radio 14 38086
radio 14 38600
radio 14 38650
radio 14 39164
radio 14 39195
radio 14 39709
radio 14 39726
radio 14 40240
radio 14 40257
radio 14 40771
radio 14 40788
radio 14 41301
radio 14 41375
radio 14 41889
radio 14 41906
radio 14 42420
radio 14 42449
radio 14 42963
radio 14 43054
radio 14 43568
radio 14 43585
radio 14 44098
radio 14 44115
radio 14 44629
radio 14 44646
radio 14 45159
radio 14 45176
radio 14 45689
radio 14 45706
radio 14 46219
radio 14 46236
radio 14 46750
radio 14 46767
radio 14 47280
radio 14 47353
radio 14 47867
radio 14 47899
radio 14 48413
radio 14 48506
radio 14 49020
radio 14 49037
radio 14 49551
radio 14 49568
radio 14 50082
radio 14 50099
radio 14 50613
radio 14 50630
radio 14 51144
radio 14 51161
radio 14 51675
delay 14 43 14 51733 14 51561 6 12 6 0 23 1 0
radio 14 51742
radio 14 52256
radio 14 52275
radio 14 52789
radio 14 52820
radio 14 53334
radio 14 53351
radio 14 53865
radio 14 53882
radio 14 54396
radio 14 54447
radio 14 54961
radio 14 55011
radio 14 55525
radio 14 55577
radio 14 56091
radio 14 56182
radio 14 56696
radio 14 56726
radio 14 57240
radio 14 57315
radio 14 57829
radio 14 57846
radio 14 58359
radio 14 58376
