Thread[Thread-1,5,main]tree 1000 14 18 14 0 0
radio 8 54480
radio 8 54483
radio 8 54500
radio 8 55013
radio 8 55030
radio 8 55543
radio 8 55572
radio 8 56086
radio 8 56103
radio 8 56616
radio 8 56633
radio 8 57146
radio 8 57197
radio 8 57711
radio 8 57741
radio 8 58255
radio 8 58272
radio 8 58785
radio 8 58802
radio 8 59315
radio 8 59332
radio 8 59845
radio 8 59862
radio 8 60375
radio 8 60392
radio 8 60905
radio 8 60922
radio 8 61435
radio 8 61452
radio 8 61965
radio 8 62000
radio 8 62514
radio 8 62531
radio 8 63044
radio 8 63061
radio 8 63574
radio 8 63591
radio 8 64104
radio 8 64121
radio 8 64634
radio 8 64651
radio 8 65164
radio 8 65181
radio 9 158
radio 9 191
radio 9 704
radio 9 721
radio 9 1234
radio 9 1251
radio 9 1764
radio 9 1781
radio 9 2294
radio 9 2311
radio 9 2824
radio 9 2841
radio 9 3354
radio 9 3405
radio 9 3919
radio 9 3948
radio 9 4462
radio 9 4496
radio 9 5010
radio 9 5027
radio 9 5540
radio 9 5557
radio 9 6070
radio 9 6087
radio 9 6600
radio 9 6671
radio 9 7185
radio 9 7202
radio 9 7715
radio 9 7732
radio 9 8245
radio 9 8262
radio 9 8775
radio 9 8792
radio 9 9305
radio 9 9322
radio 9 9835
radio 9 9852
radio 9 10365
radio 9 10382
radio 9 10895
radio 9 10948
radio 9 11462
radio 9 11479
radio 9 11992
radio 9 12009
radio 9 12522
radio 9 12539
radio 9 13052
radio 9 13069
radio 9 13582
radio 9 13611
radio 9 14125
radio 9 14142
radio 9 14655
radio 9 14688
radio 9 15202
radio 9 15234
radio 9 15748
radio 9 15765
radio 9 16278
radio 9 16295
radio 9 16808
radio 9 16825
radio 9 17338
radio 9 17355
radio 9 17868
radio 9 17885
radio 9 18398
radio 9 18429
radio 9 18943
radio 9 18960
radio 9 19473
radio 9 19490
radio 9 20003
radio 9 20020
radio 9 20533
radio 9 20562
radio 9 21076
radio 9 21126
radio 9 21640
radio 9 21657
radio 9 22170
radio 9 22187
radio 9 22700
radio 9 22730
radio 9 23244
radio 9 23261
radio 9 23774
radio 9 23791
radio 9 24304
radio 9 24321
radio 9 24834
radio 9 24868
radio 9 25382
radio 9 25399
radio 9 25912
radio 9 25943
radio 9 26457
radio 9 26474
radio 9 26987
radio 9 27004
radio 9 27517
radio 9 27534
radio 9 28047
radio 9 28083
radio 9 28597
radio 9 28614
radio 9 29127
radio 9 29144
radio 9 29657
radio 9 29688
radio 9 30202
radio 9 30230
radio 9 30744
radio 9 30761
radio 9 31274
radio 9 31291
radio 9 31804
radio 9 31821
radio 9 32334
radio 9 32351
radio 9 32864
radio 9 32881
radio 9 33394
radio 9 33411
radio 9 33924
radio 9 33941
radio 9 34454
radio 9 34504
radio 9 35018
radio 9 35052
radio 9 35566
radio 9 35597
radio 9 36111
radio 9 36128
radio 9 36641
radio 9 36658
radio 9 37171
radio 9 37200
radio 9 37714
radio 9 37731
radio 9 38244
radio 9 38261
radio 9 38774
radio 9 38802
radio 9 39316
radio 9 39371
radio 9 39885
radio 9 39902
radio 9 40415
radio 9 40432
radio 9 40945
radio 9 40973
radio 9 41487
radio 9 41504
radio 9 42017
radio 9 42093
radio 9 42607
radio 9 42624
radio 9 43137
radio 9 43154
radio 9 43667
radio 9 43684
radio 9 44197
radio 9 44233
radio 9 44747
radio 9 44764
radio 9 45277
radio 9 45294
radio 9 45807
radio 9 45838
radio 9 46352
radio 9 46382
radio 9 46896
radio 9 46913
radio 9 47426
radio 9 47461
radio 9 47975
radio 9 47992
radio 9 48505
radio 9 48535
radio 9 49049
radio 9 49081
radio 9 49595
radio 9 49648
radio 9 50162
radio 9 50179
energy 9 50395 8 56424
radio 9 50692
radio 9 50767
radio 9 51281
radio 9 51298
radio 9 51811
radio 9 51828
radio 9 52341
radio 9 52358
radio 9 52872
radio 9 52889
radio 9 53402
radio 9 53419
radio 9 53932
radio 9 53949
radio 9 54462
radio 9 54490
radio 9 55004
radio 9 55021
radio 9 55534
radio 9 55551
radio 9 56064
radio 9 56081
radio 9 56594
radio 9 56611
radio 9 57124
radio 9 57156
radio 9 57670
radio 9 57722
radio 9 58236
radio 9 58265
radio 9 58779
radio 9 58808
radio 9 59322
radio 9 59339
radio 9 59852
radio 9 59869
radio 9 60382
radio 9 60411
radio 9 60925
radio 9 60953
radio 9 61467
radio 9 61484
radio 9 61997
radio 9 62026
radio 9 62540
radio 9 62557
radio 9 63070
radio 9 63087
radio 9 63600
radio 9 63617
radio 9 64130
radio 9 64164
radio 9 64678
radio 9 64709
radio 9 65223
radio 9 65252
radio 10 230
radio 10 247
radio 10 760
radio 10 777
radio 10 1290
radio 10 1307
radio 10 1820
radio 10 1837
radio 10 2350
radio 10 2381
radio 10 2895
radio 10 2928
radio 10 3442
radio 10 3471
radio 10 3985
radio 10 4015
radio 10 4529
radio 10 4546
radio 10 5059
radio 10 5076
radio 10 5589
radio 10 5606
radio 10 6119
radio 10 6136
radio 10 6649
radio 10 6666
radio 10 7179
radio 10 7207
radio 10 7721
radio 10 7757
radio 10 8271
radio 10 8288
radio 10 8801
radio 10 8818
radio 10 9331
radio 10 9403
radio 10 9917
radio 10 9934
radio 10 10447
radio 10 10478
radio 10 10992
radio 10 11009
radio 10 11523
radio 10 11540
radio 10 12054
radio 10 12128
radio 10 12642
radio 10 12659
radio 10 13173
radio 10 13190
radio 10 13703
radio 10 13720
radio 10 14233
radio 10 14261
radio 10 14775
radio 10 14792
radio 10 15306
radio 10 15340
radio 10 15854
radio 10 15871
radio 10 16385
radio 10 16419
radio 10 16933
radio 10 16950
radio 10 17464
radio 10 17481
radio 10 17995
radio 10 18012
radio 10 18525
radio 10 18542
radio 10 19056
radio 10 19073
radio 10 19587
radio 10 19604
radio 10 20118
radio 10 20149
radio 10 20663
radio 10 20680
radio 10 21194
radio 10 21211
radio 10 21725
radio 10 21753
radio 10 22267
radio 10 22284
radio 10 22798
radio 10 22833
radio 10 23347
radio 10 23364
radio 10 23878
radio 10 23895
radio 10 24409
radio 10 24426
radio 10 24940
radio 10 24957
radio 10 25471
radio 10 25488
radio 10 26002
radio 10 26051
radio 10 26565
radio 10 26582
radio 10 27096
delay 0 18 10 27149 10 27644 7 13 6 0 288 0 0
radio 10 27157
radio 10 27671
radio 10 27747
radio 10 28261
radio 10 28278
radio 10 28792
radio 10 28809
radio 10 29322
radio 10 29339
radio 10 29853
radio 10 29903
radio 10 30417
radio 10 30434
radio 10 30948
radio 10 30978
radio 10 31492
radio 10 31509
radio 10 32023
radio 10 32040
radio 10 32553
radio 10 32570
radio 10 33084
radio 10 33119
radio 10 33633
radio 10 33664
radio 10 34178
radio 10 34195
radio 10 34709
radio 10 34740
radio 10 35254
radio 10 35271
radio 10 35785
radio 10 35802
radio 10 36316
radio 10 36333
radio 10 36847
radio 10 36864
radio 10 37378
radio 10 37395
radio 10 37908
radio 10 37925
radio 10 38439
radio 10 38456
radio 10 38970
radio 10 38987
radio 10 39501
radio 10 39518
radio 10 40031
radio 10 40060
radio 10 40574
radio 10 40591
radio 10 41105
radio 10 41174
radio 10 41688
radio 10 41705
radio 10 42218
radio 10 42235
radio 10 42749
radio 10 42766
radio 10 43280
radio 10 43313
radio 10 43827
radio 10 43880
radio 10 44394
radio 10 44424
radio 10 44938
radio 10 44955
radio 10 45468
radio 10 45485
radio 10 45998
radio 10 46015
energy 10 46299 8 58495
radio 10 46528
radio 10 46562
radio 10 47076
radio 10 47129
radio 10 47643
delay 1 48 10 47662 10 47443 12 13 1 0 317 0 0
radio 10 47670
radio 10 48184
radio 10 48202
radio 10 48716
radio 10 48776
radio 10 49290
radio 10 49322
radio 10 49836
radio 10 49872
radio 10 50386
radio 10 50403
radio 10 50917
radio 10 50934
radio 10 51448
radio 10 51479
radio 10 51993
radio 10 52010
radio 10 52524
radio 10 52541
radio 10 53055
radio 10 53109
radio 10 53623
radio 10 53640
radio 10 54154
radio 10 54171
radio 10 54685
radio 10 54702
radio 10 55216
radio 10 55233
radio 10 55746
radio 10 55763
radio 10 56277
radio 10 56294
radio 10 56808
radio 10 56825
radio 10 57338
radio 10 57355
radio 10 57869
radio 10 57903
radio 10 58417
radio 10 58434
radio 10 58948
radio 10 58978
radio 10 59492
radio 10 59509
radio 10 60023
radio 10 60058
radio 10 60572
radio 10 60607
radio 10 61121
radio 10 61152
radio 10 61666
radio 10 61683
radio 10 62196
radio 10 62213
radio 10 62727
radio 10 62757
radio 10 63271
radio 10 63288
radio 10 63802
radio 10 63834
radio 10 64348
radio 10 64365
radio 10 64879
radio 10 64913
radio 10 65427
radio 10 65482
radio 11 460
radio 11 496
radio 11 1010
radio 11 1027
radio 11 1540
radio 11 1568
radio 11 2082
radio 11 2099
radio 11 2612
delay 2 18 11 2629 11 3125 7 13 6 0 162 0 0
radio 11 2637
radio 11 3151
radio 11 3328
radio 11 3841
radio 11 3876
radio 11 4390
radio 11 4418
radio 11 4932
radio 11 5000
radio 11 5514
radio 11 5545
radio 11 6059
radio 11 6089
radio 11 6603
radio 11 6671
radio 11 7185
radio 11 7202
radio 11 7715
radio 11 7732
radio 11 8245
radio 11 8276
radio 11 8790
radio 11 8807
radio 11 9320
radio 11 9337
radio 11 9850
radio 11 9867
radio 11 10380
radio 11 10429
radio 11 10943
radio 11 10972
radio 11 11486
radio 11 11518
radio 11 12032
radio 11 12049
radio 11 12562
radio 11 12597
radio 11 13111
radio 11 13179
radio 11 13693
radio 11 13727
radio 11 14241
radio 11 14258
radio 11 14771
radio 11 14788
radio 11 15302
radio 11 15319
radio 11 15833
radio 11 15885
radio 11 16399
radio 11 16416
radio 11 16930
radio 11 16962
radio 11 17476
radio 11 17506
radio 11 18020
radio 11 18037
radio 11 18550
radio 11 18567
radio 11 19080
radio 11 19136
radio 11 19650
radio 11 19667
radio 11 20180
radio 11 20212
radio 11 20726
radio 11 20743
radio 11 21257
radio 11 21274
radio 11 21788
radio 11 21805
radio 11 22319
radio 11 22347
radio 11 22861
delay 3 28 11 22928 11 23231 12 13 1 0 139 0 0
radio 11 22936
radio 11 23450
radio 11 23531
radio 11 24045
radio 11 24062
radio 11 24576
radio 11 24593
radio 11 25107
radio 11 25124
radio 11 25637
radio 11 25654
radio 11 26167
radio 11 26184
radio 11 26697
radio 11 26714
radio 11 27228
radio 11 27245
radio 11 27758
radio 11 27775
radio 11 28289
radio 11 28317
radio 11 28831
radio 11 28885
radio 11 29399
radio 11 29416
radio 11 29930
radio 11 29959
radio 11 30473
radio 11 30509
radio 11 31023
radio 11 31052
radio 11 31566
radio 11 31594
radio 11 32108
radio 11 32125
radio 11 32639
radio 11 32656
radio 11 33169
radio 11 33186
radio 11 33700
radio 11 33728
radio 11 34242
radio 11 34276
radio 11 34790
radio 11 34824
radio 11 35338
radio 11 35389
radio 11 35903
radio 11 35920
radio 11 36433
radio 11 36450
radio 11 36964
radio 11 36998
radio 11 37512
radio 11 37529
radio 11 38043
radio 11 38060
radio 11 38573
radio 11 38603
radio 11 39117
radio 11 39145
radio 11 39659
radio 11 39676
radio 11 40189
radio 11 40206
radio 11 40720
radio 11 40754
radio 11 41268
radio 11 41285
radio 11 41798
radio 11 41815
energy 11 42203 8 61055
radio 11 42328
radio 11 42362
radio 11 42876
radio 11 42925
radio 11 43439
delay 4 28 11 43460 11 43763 12 13 1 0 51 1 0
radio 11 43468
radio 11 43982
radio 11 44088
radio 11 44602
radio 11 44625
radio 11 45138
radio 11 45155
radio 11 45669
radio 11 45686
radio 11 46199
radio 11 46287
radio 11 46801
radio 11 46818
radio 11 47331
radio 11 47348
radio 11 47862
radio 11 47879
radio 11 48393
radio 11 48425
radio 11 48939
radio 11 48956
radio 11 49470
radio 11 49498
radio 11 50012
radio 11 50029
radio 11 50543
radio 11 50594
radio 11 51108
radio 11 51125
radio 11 51639
radio 11 51656
radio 11 52170
radio 11 52187
radio 11 52701
radio 11 52751
radio 11 53265
radio 11 53320
radio 11 53834
radio 11 53862
radio 11 54376
radio 11 54409
radio 11 54923
radio 11 54996
radio 11 55510
radio 11 55527
radio 11 56040
radio 11 56057
radio 11 56571
radio 11 56588
radio 11 57101
radio 11 57118
radio 11 57632
radio 11 57649
radio 11 58162
radio 11 58179
radio 11 58692
radio 11 58709
radio 11 59223
radio 11 59240
radio 11 59753
radio 11 59789
radio 11 60303
radio 11 60320
radio 11 60834
radio 11 60851
radio 11 61364
radio 11 61381
radio 11 61895
radio 11 61912
radio 11 62426
radio 11 62459
radio 11 62973
radio 11 62990
radio 11 63504
radio 11 63521
radio 11 64035
radio 11 64052
radio 11 64565
delay 5 18 11 64583 11 65080 7 13 6 0 863 0 0
radio 11 64591
radio 11 65105
radio 11 65182
radio 12 160
radio 12 193
radio 12 707
radio 12 724
radio 12 1237
radio 12 1254
radio 12 1767
radio 12 1784
radio 12 2297
radio 12 2330
radio 12 2844
radio 12 2879
radio 12 3393
radio 12 3410
radio 12 3923
radio 12 3940
radio 12 4453
radio 12 4470
radio 12 4983
radio 12 5016
radio 12 5530
radio 12 5560
radio 12 6074
radio 12 6126
radio 12 6640
radio 12 6657
radio 12 7170
radio 12 7187
radio 12 7700
radio 12 7717
radio 12 8230
radio 12 8247
radio 12 8760
radio 12 8777
radio 12 9290
radio 12 9307
radio 12 9820
radio 12 9851
radio 12 10365
radio 12 10382
radio 12 10896
radio 12 10927
radio 12 11441
radio 12 11458
radio 12 11971
radio 12 12002
radio 12 12516
radio 12 12545
radio 12 13059
radio 12 13076
radio 12 13589
radio 12 13606
radio 12 14119
radio 12 14154
radio 12 14668
radio 12 14699
radio 12 15213
radio 12 15230
radio 12 15744
radio 12 15780
radio 12 16294
radio 12 16329
radio 12 16843
radio 12 16873
radio 12 17387
radio 12 17422
radio 12 17936
radio 12 17964
radio 12 18478
radio 12 18495
radio 12 19009
delay 6 48 12 19028 12 18810 12 13 1 0 212 0 0
radio 12 19036
radio 12 19551
radio 12 19598
radio 12 20111
radio 12 20126
radio 12 20640
radio 12 20657
radio 12 21171
radio 12 21221
radio 12 21735
radio 12 21752
radio 12 22266
radio 12 22283
radio 12 22796
radio 12 22813
radio 12 23327
radio 12 23344
radio 12 23857
radio 12 23886
radio 12 24400
radio 12 24417
radio 12 24931
radio 12 24948
radio 12 25461
radio 12 25478
radio 12 25992
radio 12 26009
radio 12 26522
radio 12 26539
radio 12 27053
radio 12 27126
radio 12 27640
radio 12 27673
radio 12 28187
radio 12 28216
radio 12 28730
radio 12 28799
radio 12 29313
radio 12 29330
radio 12 29844
radio 12 29861
radio 12 30374
radio 12 30391
radio 12 30905
radio 12 30941
radio 12 31455
radio 12 31510
radio 12 32024
radio 12 32057
radio 12 32571
radio 12 32588
radio 12 33102
radio 12 33134
radio 12 33648
radio 12 33665
radio 12 34179
radio 12 34196
radio 12 34709
radio 12 34761
radio 12 35275
radio 12 35292
radio 12 35806
radio 12 35823
radio 12 36337
radio 12 36354
radio 12 36868
radio 12 36885
radio 12 37399
radio 12 37429
radio 12 37943
radio 12 37960
energy 12 38107 8 63441
radio 12 38474
radio 12 38528
radio 12 39042
radio 12 39075
radio 12 39589
radio 12 39624
radio 12 40138
radio 12 40172
radio 12 40686
radio 12 40718
radio 12 41232
radio 12 41249
radio 12 41763
radio 12 41795
radio 12 42309
radio 12 42326
radio 12 42839
radio 12 42856
radio 12 43369
radio 12 43386
radio 12 43899
radio 12 43916
radio 12 44430
radio 12 44462
radio 12 44976
radio 12 44993
radio 12 45506
radio 12 45581
radio 12 46095
radio 12 46128
radio 12 46642
radio 12 46659
radio 12 47173
radio 12 47190
radio 12 47704
radio 12 47721
radio 12 48235
radio 12 48304
radio 12 48818
radio 12 48851
radio 12 49365
radio 12 49401
radio 12 49915
radio 12 49945
radio 12 50459
radio 12 50476
radio 12 50990
radio 12 51007
radio 12 51520
radio 12 51537
radio 12 52051
radio 12 52079
radio 12 52593
radio 12 52610
radio 12 53124
radio 12 53141
radio 12 53654
radio 12 53671
radio 12 54184
radio 12 54201
radio 12 54715
radio 12 54732
radio 12 55246
radio 12 55263
radio 12 55776
radio 12 55793
radio 12 56307
radio 12 56382
radio 12 56896
radio 12 56932
radio 12 57446
radio 12 57463
radio 12 57977
radio 12 57994
radio 12 58507
radio 12 58524
radio 12 59037
radio 12 59108
radio 12 59622
radio 12 59639
radio 12 60153
delay 8 18 12 60239 12 60737 7 13 6 0 489 0 0
radio 12 60247
radio 12 60761
radio 12 60780
radio 12 61294
radio 12 61329
radio 12 61843
radio 12 61860
radio 12 62373
radio 12 62390
radio 12 62904
radio 12 62921
radio 12 63434
radio 12 63451
radio 12 63964
radio 12 64016
radio 12 64530
radio 12 64561
radio 12 65075
radio 12 65104
radio 13 82
radio 13 99
radio 13 612
radio 13 629
radio 13 1142
radio 13 1173
radio 13 1687
radio 13 1704
radio 13 2217
radio 13 2248
radio 13 2762
radio 13 2792
radio 13 3306
radio 13 3340
radio 13 3854
radio 13 3871
radio 13 4384
radio 13 4401
radio 13 4914
radio 13 4931
radio 13 5444
radio 13 5499
radio 13 6013
radio 13 6044
radio 13 6558
radio 13 6587
radio 13 7101
radio 13 7118
radio 13 7631
radio 13 7660
radio 13 8174
radio 13 8191
radio 13 8705
radio 13 8777
radio 13 9291
radio 13 9308
radio 13 9821
radio 13 9855
radio 13 10369
radio 13 10386
radio 13 10900
radio 13 10956
radio 13 11470
radio 13 11487
radio 13 12001
radio 13 12033
radio 13 12547
radio 13 12564
radio 13 13078
radio 13 13095
radio 13 13608
radio 13 13625
radio 13 14138
radio 13 14155
radio 13 14669
delay 9 18 13 14737 13 15235 7 13 6 0 74 1 0
radio 13 14744
radio 13 15259
radio 13 15274
radio 13 15788
radio 13 15811
radio 13 16325
radio 13 16356
radio 13 16870
radio 13 16923
radio 13 17437
radio 13 17454
radio 13 17967
radio 13 18038
radio 13 18552
radio 13 18569
radio 13 19083
radio 13 19138
radio 13 19652
radio 13 19669
radio 13 20183
radio 13 20200
radio 13 20714
radio 13 20748
radio 13 21262
radio 13 21292
radio 13 21806
radio 13 21823
radio 13 22336
radio 13 22388
radio 13 22902
radio 13 22919
radio 13 23433
radio 13 23450
radio 13 23964
radio 13 23981
radio 13 24494
radio 13 24528
radio 13 25042
radio 13 25059
radio 13 25572
radio 13 25589
radio 13 26102
radio 13 26119
radio 13 26632
radio 13 26668
radio 13 27182
radio 13 27199
radio 13 27713
radio 13 27742
radio 13 28256
radio 13 28286
radio 13 28800
radio 13 28833
radio 13 29347
radio 13 29375
radio 13 29889
radio 13 29918
radio 13 30432
radio 13 30449
radio 13 30963
radio 13 30992
radio 13 31506
radio 13 31523
radio 13 32037
radio 13 32054
radio 13 32567
radio 13 32600
radio 13 33114
radio 13 33184
radio 13 33698
radio 13 33733
energy 13 34011 9 441
radio 13 34247
radio 13 34264
radio 13 34778
radio 13 34795
radio 13 35309
delay 10 18 13 35327 13 35826 7 13 6 0 266 0 0
radio 13 35335
radio 13 35850
radio 13 35867
radio 13 36380
radio 13 36399
radio 13 36912
radio 13 36944
radio 13 37458
radio 13 37475
radio 13 37988
radio 13 38036
radio 13 38550
radio 13 38567
radio 13 39080
radio 13 39097
radio 13 39611
radio 13 39641
radio 13 40155
radio 13 40172
radio 13 40685
radio 13 40734
radio 13 41248
radio 13 41284
radio 13 41798
radio 13 41833
radio 13 42347
radio 13 42364
radio 13 42877
radio 13 42925
radio 13 43439
radio 13 43469
radio 13 43983
radio 13 44016
radio 13 44530
radio 13 44560
radio 13 45074
radio 13 45091
radio 13 45605
radio 13 45622
radio 13 46136
radio 13 46191
radio 13 46705
radio 13 46722
radio 13 47235
radio 13 47265
radio 13 47779
radio 13 47796
radio 13 48309
radio 13 48326
radio 13 48839
radio 13 48869
radio 13 49383
radio 13 49400
radio 13 49914
radio 13 49986
radio 13 50500
radio 13 50517
radio 13 51030
radio 13 51062
radio 13 51576
radio 13 51593
radio 13 52107
radio 13 52138
radio 13 52652
radio 13 52681
radio 13 53195
radio 13 53212
radio 13 53725
radio 13 53742
radio 13 54255
radio 13 54289
radio 13 54803
radio 13 54820
radio 13 55333
radio 13 55366
radio 13 55880
radio 13 55897
radio 13 56410
delay 11 18 13 56461 13 56960 7 13 6 0 926 0 0
radio 13 56470
radio 13 56983
radio 13 57013
radio 13 57527
radio 13 57544
radio 13 58057
radio 13 58089
radio 13 58603
radio 13 58620
radio 13 59134
radio 13 59188
radio 13 59702
radio 13 59719
radio 13 60233
radio 13 60264
radio 13 60778
radio 13 60812
radio 13 61326
radio 13 61343
radio 13 61856
radio 13 61873
radio 13 62386
radio 13 62403
radio 13 62916
radio 13 62969
radio 13 63483
radio 13 63500
radio 13 64014
radio 13 64031
radio 13 64544
radio 13 64561
radio 13 65074
radio 13 65091
radio 14 69
radio 14 86
radio 14 599
radio 14 616
radio 14 1129
radio 14 1146
radio 14 1659
radio 14 1676
radio 14 2189
radio 14 2206
radio 14 2719
radio 14 2736
radio 14 3249
radio 14 3285
radio 14 3799
radio 14 3816
radio 14 4329
radio 14 4346
radio 14 4859
radio 14 4876
radio 14 5389
radio 14 5406
radio 14 5919
radio 14 5936
radio 14 6450
radio 14 6467
radio 14 6980
radio 14 6997
radio 14 7510
radio 14 7527
radio 14 8040
radio 14 8076
radio 14 8590
radio 14 8607
radio 14 9120
radio 14 9137
radio 14 9650
radio 14 9681
radio 14 10195
radio 14 10212
radio 14 10725
radio 14 10742
radio 14 11256
delay 12 48 14 11272 14 11054 12 13 1 0 283 0 0
radio 14 11280
radio 14 11794
radio 14 11900
radio 14 12414
radio 14 12446
radio 14 12960
radio 14 12977
radio 14 13491
radio 14 13508
radio 14 14021
radio 14 14038
radio 14 14551
radio 14 14568
radio 14 15081
radio 14 15098
radio 14 15611
radio 14 15628
radio 14 16141
radio 14 16158
radio 14 16671
radio 14 16707
radio 14 17221
radio 14 17238
radio 14 17752
radio 14 17769
radio 14 18283
radio 14 18300
radio 14 18814
radio 14 18831
radio 14 19344
radio 14 19361
radio 14 19874
radio 14 19905
radio 14 20419
radio 14 20450
radio 14 20964
radio 14 20995
radio 14 21509
radio 14 21526
radio 14 22039
radio 14 22068
radio 14 22582
radio 14 22599
radio 14 23112
radio 14 23129
radio 14 23642
radio 14 23659
radio 14 24172
radio 14 24205
radio 14 24719
radio 14 24736
radio 14 25250
radio 14 25267
radio 14 25780
radio 14 25809
radio 14 26323
radio 14 26374
radio 14 26888
radio 14 26917
radio 14 27431
radio 14 27448
radio 14 27961
radio 14 27978
radio 14 28492
radio 14 28509
radio 14 29022
radio 14 29039
radio 14 29552
radio 14 29569
energy 14 29915 9 2523
radio 14 30083
radio 14 30100
radio 14 30613
radio 14 30630
radio 14 31144
radio 14 31178
radio 14 31692
delay 13 28 14 31707 14 32012 12 13 1 0 523 0 0
radio 14 31715
radio 14 32229
radio 14 32246
radio 14 32760
radio 14 32777
radio 14 33291
radio 14 33323
radio 14 33837
radio 14 33854
radio 14 34367
radio 14 34384
radio 14 34898
radio 14 34933
radio 14 35447
radio 14 35497
radio 14 36011
radio 14 36040
radio 14 36554
radio 14 36584
radio 14 37098
radio 14 37128
radio 14 37642
radio 14 37659
radio 14 38172
radio 14 38243
radio 14 38757
radio 14 38893
radio 14 39407
radio 14 39424
radio 14 39937
radio 14 39954
radio 14 40468
radio 14 40485
radio 14 40999
radio 14 41054
radio 14 41568
radio 14 41585
radio 14 42098
radio 14 42115
radio 14 42629
radio 14 42646
radio 14 43159
radio 14 43176
radio 14 43690
radio 14 43707
radio 14 44220
radio 14 44237
radio 14 44751
radio 14 44768
radio 14 45282
radio 14 45299
radio 14 45812
radio 14 45841
radio 14 46355
radio 14 46383
radio 14 46897
radio 14 46914
radio 14 47428
radio 14 47460
radio 14 47974
radio 14 48006
radio 14 48520
radio 14 48537
radio 14 49051
radio 14 49068
radio 14 49582
radio 14 49599
radio 14 50113
radio 14 50130
radio 14 50644
radio 14 50716
radio 14 51230
radio 14 51247
radio 14 51760
delay 14 18 14 51775 14 52275 7 13 6 0 247 0 0
radio 14 51783
radio 14 52297
radio 14 52316
radio 14 52830
radio 14 52847
radio 14 53361
radio 14 53390
radio 14 53904
radio 14 53952
radio 14 54466
radio 14 54483
radio 14 54996
radio 14 55013
radio 14 55527
radio 14 55544
radio 14 56057
radio 14 56074
radio 14 56588
radio 14 56605
radio 14 57118
radio 14 57150
radio 14 57664
radio 14 57698
radio 14 58212
radio 14 58268
