Thread[Thread-1,5,main]tree 125 16 23 12 0 0
radio 7 4236
radio 7 4239
radio 7 4272
radio 7 4786
radio 7 4803
radio 7 5316
radio 7 5333
radio 7 5846
radio 7 5875
radio 7 6389
radio 7 6406
radio 7 6919
radio 7 6936
radio 7 7449
radio 7 7466
radio 7 7979
radio 7 8010
radio 7 8524
radio 7 8552
radio 7 9066
radio 7 9096
radio 7 9610
radio 7 9643
radio 7 10157
radio 7 10188
radio 7 10702
radio 7 10719
radio 7 11233
radio 7 11250
radio 7 11763
radio 7 11855
radio 7 12369
radio 7 12386
radio 7 12900
radio 7 12929
radio 7 13443
radio 7 13500
radio 7 14014
radio 7 14065
radio 7 14579
radio 7 14596
radio 7 15110
radio 7 15127
radio 7 15641
radio 7 15670
radio 7 16184
radio 7 16201
radio 7 16715
radio 7 16749
radio 7 17263
radio 7 17297
radio 7 17811
radio 7 17828
radio 7 18342
radio 7 18359
radio 7 18873
radio 7 18890
radio 7 19404
radio 7 19435
radio 7 19949
radio 7 19981
radio 7 20495
radio 7 20525
radio 7 21039
radio 7 21070
radio 7 21584
radio 7 21601
radio 7 22115
radio 7 22143
radio 7 22657
radio 7 22674
radio 7 23188
radio 7 23220
radio 7 23734
radio 7 23763
radio 7 24277
radio 7 24332
radio 7 24846
radio 7 24863
radio 7 25377
radio 7 25410
radio 7 25924
radio 7 25941
radio 7 26455
radio 7 26472
radio 7 26986
radio 7 27054
radio 7 27568
radio 7 27585
radio 7 28098
radio 7 28131
radio 7 28645
radio 7 28662
radio 7 29176
radio 7 29284
radio 7 29798
radio 7 29872
radio 7 30386
radio 7 30403
radio 7 30917
radio 7 30934
radio 7 31448
radio 7 31465
radio 7 31979
radio 7 32207
radio 7 32721
radio 7 32738
radio 7 33252
radio 7 33282
radio 7 33796
radio 7 33828
radio 7 34342
radio 7 34359
radio 7 34873
radio 7 34943
radio 7 35457
radio 7 35474
radio 7 35988
radio 7 36005
radio 7 36518
radio 7 36551
radio 7 37065
radio 7 37082
radio 7 37596
radio 7 37613
radio 7 38127
radio 7 38144
radio 7 38658
radio 7 38675
radio 7 39189
radio 7 39206
radio 7 39720
radio 7 39749
radio 7 40263
radio 7 40280
radio 7 40794
radio 7 40811
radio 7 41325
radio 7 41342
radio 7 41856
radio 7 41950
radio 7 42464
radio 7 42481
radio 7 42995
radio 7 43031
radio 7 43545
radio 7 43575
radio 7 44089
radio 7 44137
radio 7 44651
radio 7 44686
radio 7 45200
radio 7 45217
radio 7 45731
radio 7 45761
radio 7 46275
radio 7 46292
radio 7 46806
radio 7 46823
radio 7 47337
radio 7 47388
radio 7 47902
radio 7 47931
radio 7 48445
radio 7 48475
radio 7 48989
radio 7 49006
radio 7 49520
radio 7 49537
radio 7 50051
radio 7 50068
radio 7 50582
radio 7 50599
radio 7 51113
radio 7 51145
radio 7 51659
radio 7 51676
radio 7 52190
radio 7 52226
radio 7 52740
radio 7 52776
radio 7 53290
radio 7 53360
radio 7 53874
radio 7 53891
radio 7 54405
radio 7 54422
radio 7 54936
radio 7 54970
radio 7 55484
radio 7 55501
radio 7 56015
radio 7 56105
radio 7 56619
radio 7 56636
radio 7 57150
radio 7 57184
radio 7 57698
radio 7 57715
radio 7 58229
radio 7 58246
radio 7 58760
radio 7 58817
radio 7 59331
radio 7 59364
radio 7 59878
radio 7 59895
radio 7 60409
radio 7 60439
radio 7 60953
radio 7 60981
radio 7 61495
radio 7 61527
radio 7 62041
radio 7 62075
radio 7 62589
radio 7 62606
radio 7 63120
radio 7 63150
radio 7 63664
radio 7 63693
radio 7 64207
radio 7 64282
radio 7 64796
radio 7 64813
radio 7 65327
radio 7 65344
energy 8 151 7 7086
radio 8 322
radio 8 339
radio 8 852
radio 8 885
radio 8 1398
radio 8 1471
radio 8 1985
radio 8 2002
radio 8 2515
radio 8 2546
radio 8 3060
radio 8 3077
radio 8 3590
radio 8 3624
radio 8 4138
radio 8 4167
radio 8 4681
radio 8 4712
radio 8 5226
radio 8 5243
radio 8 5756
radio 8 5773
radio 8 6286
radio 8 6303
radio 8 6816
radio 8 6833
radio 8 7346
radio 8 7377
radio 8 7891
radio 8 7923
radio 8 8437
radio 8 8468
radio 8 8982
radio 8 8999
radio 8 9512
radio 8 9529
radio 8 10042
radio 8 10059
radio 8 10573
radio 8 10590
radio 8 11104
radio 8 11121
radio 8 11635
radio 8 11652
radio 8 12166
radio 8 12183
radio 8 12697
radio 8 12729
radio 8 13243
radio 8 13260
radio 8 13774
radio 8 13791
radio 8 14305
radio 8 14340
radio 8 14854
radio 8 14883
radio 8 15397
radio 8 15431
radio 8 15945
radio 8 15982
radio 8 16496
radio 8 16513
radio 8 17027
radio 8 17044
radio 8 17558
radio 8 17610
radio 8 18124
radio 8 18141
radio 8 18655
radio 8 18672
radio 8 19185
radio 8 19202
radio 8 19716
radio 8 19745
radio 8 20259
radio 8 20335
radio 8 20849
radio 8 20866
radio 8 21379
radio 8 21396
radio 8 21910
radio 8 21945
radio 8 22459
radio 8 22476
radio 8 22990
radio 8 23063
radio 8 23577
radio 8 23594
radio 8 24108
radio 8 24125
radio 8 24639
radio 8 24656
radio 8 25170
radio 8 25198
radio 8 25712
radio 8 25788
radio 8 26302
radio 8 26416
radio 8 26930
radio 8 26958
radio 8 27472
radio 8 27567
radio 8 28081
radio 8 28134
radio 8 28648
radio 8 28665
radio 8 29179
radio 8 29270
radio 8 29784
radio 8 29801
radio 8 30315
radio 8 30343
radio 8 30857
radio 8 30888
radio 8 31402
radio 8 31471
radio 8 31985
radio 8 32020
radio 8 32534
radio 8 32566
radio 8 33080
radio 8 33108
radio 8 33622
radio 8 33639
radio 8 34153
radio 8 34170
radio 8 34684
radio 8 34701
radio 8 35215
radio 8 35251
radio 8 35765
radio 8 35794
radio 8 36308
radio 8 36325
radio 8 36839
radio 8 36856
radio 8 37370
radio 8 37426
radio 8 37940
radio 8 37971
radio 8 38485
radio 8 38521
radio 8 39035
radio 8 39106
radio 8 39620
radio 8 39637
radio 8 40151
radio 8 40168
radio 8 40681
radio 8 40698
radio 8 41212
radio 8 41241
radio 8 41755
radio 8 41786
radio 8 42300
radio 8 42356
radio 8 42870
radio 8 42887
radio 8 43401
radio 8 43418
radio 8 43932
radio 8 43949
radio 8 44463
radio 8 44480
radio 8 44994
radio 8 45011
radio 8 45525
radio 8 45542
radio 8 46056
radio 8 46092
radio 8 46606
radio 8 46656
radio 8 47170
radio 8 47187
radio 8 47701
radio 8 47718
radio 8 48232
radio 8 48249
radio 8 48763
radio 8 48780
radio 8 49294
radio 8 49311
radio 8 49825
radio 8 49842
radio 8 50355
radio 8 50391
radio 8 50905
radio 8 50936
radio 8 51450
radio 8 51467
radio 8 51981
radio 8 51998
radio 8 52512
radio 8 52529
radio 8 53043
radio 8 53072
radio 8 53586
radio 8 53603
radio 8 54117
radio 8 54134
radio 8 54648
radio 8 54681
radio 8 55195
radio 8 55212
radio 8 55726
radio 8 55778
radio 8 56292
radio 8 56309
radio 8 56823
radio 8 56840
radio 8 57353
radio 8 57381
radio 8 57895
radio 8 57912
radio 8 58426
radio 8 58443
radio 8 58957
radio 8 58974
radio 8 59488
radio 8 59516
radio 8 60030
radio 8 60059
radio 8 60573
radio 8 60590
radio 8 61104
radio 8 61138
energy 8 61591 7 9643
radio 8 61652
radio 8 61669
radio 8 62183
radio 8 62217
radio 8 62731
radio 8 62804
radio 8 63318
radio 8 63352
radio 8 63866
radio 8 63883
radio 8 64397
radio 8 64427
radio 8 64941
radio 8 64958
radio 8 65471
radio 8 65525
radio 9 503
delay 1 48 9 580 8 65442 9 16 7 0 148 0 0
radio 9 587
radio 9 1102
radio 9 1316
radio 9 1829
radio 9 1863
radio 9 2377
radio 9 2394
radio 9 2907
radio 9 2937
radio 9 3451
radio 9 3480
radio 9 3994
radio 9 4011
radio 9 4524
radio 9 4553
radio 9 5067
radio 9 5084
radio 9 5597
radio 9 5614
radio 9 6127
radio 9 6179
radio 9 6693
radio 9 6724
radio 9 7238
radio 9 7255
radio 9 7768
radio 9 7799
radio 9 8313
radio 9 8383
radio 9 8897
radio 9 8926
radio 9 9440
radio 9 9475
radio 9 9989
radio 9 10061
radio 9 10575
radio 9 10592
radio 9 11105
radio 9 11122
radio 9 11635
radio 9 11652
radio 9 12166
radio 9 12197
radio 9 12711
radio 9 12787
radio 9 13301
radio 9 13333
radio 9 13847
radio 9 13864
radio 9 14378
radio 9 14395
radio 9 14908
radio 9 14925
radio 9 15439
radio 9 15510
radio 9 16024
radio 9 16041
radio 9 16555
radio 9 16572
radio 9 17085
radio 9 17102
radio 9 17616
radio 9 17633
radio 9 18146
radio 9 18163
radio 9 18676
radio 9 18705
radio 9 19219
radio 9 19249
radio 9 19763
radio 9 19833
radio 9 20347
delay 2 24 9 20390 9 19981 6 16 10 0 74 0 0
radio 9 20398
radio 9 20912
radio 9 21063
radio 9 21577
radio 9 21707
radio 9 22220
radio 9 22295
radio 9 22809
radio 9 22826
radio 9 23340
radio 9 23410
radio 9 23924
radio 9 23941
radio 9 24455
radio 9 24472
radio 9 24986
radio 9 25003
radio 9 25517
radio 9 25549
radio 9 26063
radio 9 26080
radio 9 26594
radio 9 26627
radio 9 27141
radio 9 27158
radio 9 27671
radio 9 27688
radio 9 28202
radio 9 28233
radio 9 28747
radio 9 28776
radio 9 29290
radio 9 29307
radio 9 29821
radio 9 29849
radio 9 30363
radio 9 30380
radio 9 30894
radio 9 30911
radio 9 31425
radio 9 31442
radio 9 31956
radio 9 31973
radio 9 32487
radio 9 32517
radio 9 33031
radio 9 33048
radio 9 33562
radio 9 33579
radio 9 34093
radio 9 34125
radio 9 34639
radio 9 34656
radio 9 35170
radio 9 35241
radio 9 35755
radio 9 35787
radio 9 36301
radio 9 36392
radio 9 36906
radio 9 36923
radio 9 37437
radio 9 37466
radio 9 37980
radio 9 38071
radio 9 38585
radio 9 38616
radio 9 39130
radio 9 39224
radio 9 39738
radio 9 39772
radio 9 40286
radio 9 40378
radio 9 40892
radio 9 40927
radio 9 41441
delay 3 23 9 41457 9 41466 9 16 7 0 221 0 0
radio 9 41465
radio 9 41979
radio 9 42144
radio 9 42657
radio 9 42709
radio 9 43222
radio 9 43239
radio 9 43753
radio 9 43824
radio 9 44338
radio 9 44372
radio 9 44886
radio 9 44903
radio 9 45417
radio 9 45434
radio 9 45948
radio 9 45965
radio 9 46479
radio 9 46552
radio 9 47066
radio 9 47083
radio 9 47597
radio 9 47614
radio 9 48128
radio 9 48158
radio 9 48672
radio 9 48721
radio 9 49235
radio 9 49288
radio 9 49802
radio 9 49819
radio 9 50333
radio 9 50363
radio 9 50877
radio 9 50894
radio 9 51408
radio 9 51478
radio 9 51992
radio 9 52009
radio 9 52523
radio 9 52540
radio 9 53053
radio 9 53070
radio 9 53584
radio 9 53601
radio 9 54115
radio 9 54150
radio 9 54664
radio 9 54699
radio 9 55213
radio 9 55230
radio 9 55744
radio 9 55761
radio 9 56275
radio 9 56292
radio 9 56806
radio 9 56840
radio 9 57354
radio 9 57371
energy 9 57495 7 13152
radio 9 57885
radio 9 57902
radio 9 58415
radio 9 58432
radio 9 58946
radio 9 58963
radio 9 59477
radio 9 59494
radio 9 60007
radio 9 60039
radio 9 60553
radio 9 60621
radio 9 61135
radio 9 61152
radio 9 61666
delay 4 19 9 61792 9 61506 15 16 1 0 40 0 0
radio 9 61799
radio 9 62314
radio 9 62385
radio 9 62898
radio 9 62928
radio 9 63442
radio 9 63474
radio 9 63988
radio 9 64058
radio 9 64572
radio 9 64589
radio 9 65103
radio 9 65137
radio 10 115
radio 10 132
radio 10 645
radio 10 662
radio 10 1175
radio 10 1192
radio 10 1705
radio 10 1722
radio 10 2235
radio 10 2263
radio 10 2777
radio 10 2807
radio 10 3321
radio 10 3338
radio 10 3852
radio 10 3869
radio 10 4382
radio 10 4399
radio 10 4912
radio 10 4940
radio 10 5454
radio 10 5471
radio 10 5985
radio 10 6015
radio 10 6529
radio 10 6599
radio 10 7113
radio 10 7130
radio 10 7644
radio 10 7661
radio 10 8175
radio 10 8192
radio 10 8706
radio 10 8723
radio 10 9237
radio 10 9254
radio 10 9768
radio 10 9785
radio 10 10298
radio 10 10527
radio 10 11041
radio 10 11110
radio 10 11624
radio 10 11657
radio 10 12171
radio 10 12203
radio 10 12717
radio 10 12749
radio 10 13263
radio 10 13313
radio 10 13827
radio 10 13861
radio 10 14375
radio 10 14392
radio 10 14906
radio 10 14923
radio 10 15437
radio 10 15511
radio 10 16025
radio 10 16139
radio 10 16653
delay 5 24 10 16763 10 16353 6 16 10 0 213 0 0
radio 10 16771
radio 10 17285
radio 10 17431
radio 10 17945
radio 10 17999
radio 10 18513
radio 10 18609
radio 10 19123
radio 10 19140
radio 10 19654
radio 10 19762
radio 10 20276
radio 10 20293
radio 10 20807
radio 10 20875
radio 10 21389
radio 10 21418
radio 10 21932
radio 10 21962
radio 10 22476
radio 10 22493
radio 10 23007
radio 10 23024
radio 10 23538
radio 10 23569
radio 10 24083
radio 10 24100
radio 10 24614
radio 10 24631
radio 10 25145
radio 10 25179
radio 10 25693
radio 10 25710
radio 10 26224
radio 10 26241
radio 10 26755
radio 10 26772
radio 10 27286
radio 10 27335
radio 10 27849
radio 10 27866
radio 10 28380
radio 10 28397
radio 10 28911
radio 10 28928
radio 10 29442
radio 10 29459
radio 10 29973
radio 10 30009
radio 10 30523
radio 10 30540
radio 10 31054
radio 10 31071
radio 10 31585
radio 10 31661
radio 10 32175
radio 10 32208
radio 10 32722
radio 10 32755
radio 10 33269
radio 10 33300
radio 10 33814
radio 10 33862
radio 10 34376
radio 10 34393
radio 10 34907
radio 10 34924
radio 10 35438
radio 10 35455
radio 10 35969
radio 10 35999
radio 10 36513
radio 10 36603
radio 10 37117
delay 6 24 10 37316 10 36906 6 16 10 0 203 0 0
radio 10 37324
radio 10 37838
radio 10 37886
radio 10 38400
radio 10 38417
radio 10 38931
radio 10 39000
radio 10 39514
radio 10 39531
radio 10 40045
radio 10 40062
radio 10 40576
radio 10 40593
radio 10 41107
radio 10 41141
radio 10 41655
radio 10 41672
radio 10 42186
radio 10 42238
radio 10 42752
radio 10 42769
radio 10 43283
radio 10 43311
radio 10 43825
radio 10 43861
radio 10 44375
radio 10 44450
radio 10 44964
radio 10 44981
radio 10 45495
radio 10 45525
radio 10 46039
radio 10 46056
radio 10 46570
radio 10 46587
radio 10 47101
radio 10 47118
radio 10 47632
radio 10 47706
radio 10 48220
radio 10 48237
radio 10 48751
radio 10 48768
radio 10 49282
radio 10 49312
radio 10 49826
radio 10 49843
radio 10 50357
radio 10 50374
radio 10 50888
radio 10 50905
radio 10 51419
radio 10 51436
radio 10 51950
radio 10 51967
radio 10 52481
radio 10 52510
radio 10 53024
radio 10 53041
energy 10 53399 7 16633
radio 10 53555
radio 10 53584
radio 10 54098
radio 10 54131
radio 10 54645
radio 10 54662
radio 10 55176
radio 10 55193
radio 10 55707
radio 10 55740
radio 10 56254
radio 10 56286
radio 10 56800
radio 10 56817
radio 10 57331
radio 10 57348
radio 10 57862
delay 7 24 10 58090 10 57680 6 16 10 0 767 0 0
radio 10 58098
radio 10 58612
radio 10 58631
radio 10 59144
radio 10 59172
radio 10 59686
radio 10 59703
radio 10 60217
radio 10 60289
radio 10 60803
radio 10 60837
radio 10 61351
radio 10 61385
radio 10 61899
radio 10 61927
radio 10 62441
radio 10 62473
radio 10 62987
radio 10 63004
radio 10 63518
radio 10 63535
radio 10 64049
radio 10 64078
radio 10 64592
radio 10 64622
radio 10 65136
radio 10 65168
radio 11 146
radio 11 163
radio 11 676
radio 11 731
radio 11 1245
radio 11 1262
radio 11 1775
radio 11 1809
radio 11 2323
radio 11 2351
radio 11 2865
radio 11 2882
radio 11 3395
radio 11 3412
radio 11 3926
radio 11 3978
radio 11 4492
radio 11 4524
radio 11 5038
radio 11 5055
radio 11 5568
radio 11 5585
radio 11 6098
radio 11 6115
radio 11 6628
radio 11 6645
radio 11 7158
radio 11 7214
radio 11 7728
radio 11 7745
radio 11 8258
radio 11 8293
radio 11 8807
radio 11 8840
radio 11 9354
radio 11 9383
radio 11 9897
radio 11 9971
radio 11 10485
radio 11 10517
radio 11 11031
radio 11 11060
radio 11 11574
radio 11 11591
radio 11 12105
radio 11 12122
radio 11 12636
delay 8 24 11 12783 11 12373 6 16 10 0 621 0 0
radio 11 12791
radio 11 13306
radio 11 13348
radio 11 13861
radio 11 13913
radio 11 14427
radio 11 14444
radio 11 14958
radio 11 14975
radio 11 15489
radio 11 15506
radio 11 16020
radio 11 16171
radio 11 16685
radio 11 16702
radio 11 17216
radio 11 17233
radio 11 17747
radio 11 17782
radio 11 18296
radio 11 18327
radio 11 18841
radio 11 18858
radio 11 19372
radio 11 19406
radio 11 19920
radio 11 19952
radio 11 20466
radio 11 20483
radio 11 20997
radio 11 21072
radio 11 21586
radio 11 21603
radio 11 22117
radio 11 22147
radio 11 22661
radio 11 22678
radio 11 23192
radio 11 23269
radio 11 23783
radio 11 23812
radio 11 24326
radio 11 24362
radio 11 24876
radio 11 24952
radio 11 25466
radio 11 25483
radio 11 25997
radio 11 26014
radio 11 26528
radio 11 26545
radio 11 27059
radio 11 27168
radio 11 27682
radio 11 27699
radio 11 28213
radio 11 28244
radio 11 28758
radio 11 28827
radio 11 29341
radio 11 29378
radio 11 29892
radio 11 29909
radio 11 30423
radio 11 30457
radio 11 30971
radio 11 30988
radio 11 31502
radio 11 31519
radio 11 32033
radio 11 32084
radio 11 32598
radio 11 32633
radio 11 33147
delay 9 23 11 33162 11 33171 9 16 7 0 63 0 0
radio 11 33169
radio 11 33684
radio 11 33809
radio 11 34322
radio 11 34343
radio 11 34856
radio 11 34912
radio 11 35426
radio 11 35443
radio 11 35957
radio 11 35985
radio 11 36499
radio 11 36516
radio 11 37030
radio 11 37047
radio 11 37561
radio 11 37578
radio 11 38092
radio 11 38161
radio 11 38675
radio 11 38692
radio 11 39206
radio 11 39235
radio 11 39749
radio 11 39780
radio 11 40294
radio 11 40366
radio 11 40880
radio 11 40897
radio 11 41411
radio 11 41447
radio 11 41961
radio 11 41991
radio 11 42505
radio 11 42522
radio 11 43036
radio 11 43107
radio 11 43621
radio 11 43638
radio 11 44152
radio 11 44220
radio 11 44734
radio 11 44751
radio 11 45265
radio 11 45282
radio 11 45796
radio 11 45825
radio 11 46339
radio 11 46356
radio 11 46870
radio 11 46887
radio 11 47401
radio 11 47418
radio 11 47932
radio 11 47949
radio 11 48463
radio 11 48480
radio 11 48994
radio 11 49011
energy 11 49303 7 19897
radio 11 49525
radio 11 49554
radio 11 50068
radio 11 50119
radio 11 50633
radio 11 50650
radio 11 51164
radio 11 51181
radio 11 51695
radio 11 51726
radio 11 52240
radio 11 52257
radio 11 52771
radio 11 52805
radio 11 53319
delay 10 11 11 53374 11 53388 6 16 10 0 270 0 0
radio 11 53382
radio 11 53896
radio 11 53937
radio 11 54450
radio 11 54473
radio 11 54987
radio 11 55004
radio 11 55518
radio 11 55569
radio 11 56083
radio 11 56100
radio 11 56614
radio 11 56651
radio 11 57165
radio 11 57182
radio 11 57696
radio 11 57713
radio 11 58227
radio 11 58257
radio 11 58771
radio 11 58803
radio 11 59317
radio 11 59334
radio 11 59848
radio 11 59879
radio 11 60393
radio 11 60426
radio 11 60940
radio 11 60957
radio 11 61471
radio 11 61488
radio 11 62002
radio 11 62032
radio 11 62546
radio 11 62595
radio 11 63109
radio 11 63140
radio 11 63654
radio 11 63689
radio 11 64203
radio 11 64220
radio 11 64734
radio 11 64751
radio 11 65265
radio 11 65282
radio 12 260
radio 12 332
radio 12 846
radio 12 863
radio 12 1376
radio 12 1393
radio 12 1907
radio 12 1924
radio 12 2437
radio 12 2509
radio 12 3023
radio 12 3040
radio 12 3553
radio 12 3570
radio 12 4083
radio 12 4100
radio 12 4614
radio 12 4647
radio 12 5161
radio 12 5178
radio 12 5691
radio 12 5724
radio 12 6238
radio 12 6290
radio 12 6804
radio 12 6836
radio 12 7350
radio 12 7478
radio 12 7992
delay 11 2 12 8046 12 8391 7 16 9 0 65535 0 0
radio 12 8055
radio 12 8568
radio 12 8590
radio 12 9103
radio 12 9178
radio 12 9691
radio 12 9708
radio 12 10221
radio 12 10294
radio 12 10808
radio 12 10825
radio 12 11339
radio 12 11356
radio 12 11870
radio 12 12123
radio 12 12637
radio 12 12685
radio 12 13199
radio 12 13233
radio 12 13747
radio 12 13764
radio 12 14278
radio 12 14307
radio 12 14821
radio 12 14838
radio 12 15352
radio 12 15369
radio 12 15883
radio 12 15917
radio 12 16431
radio 12 16448
radio 12 16962
radio 12 16993
radio 12 17507
radio 12 17563
radio 12 18077
radio 12 18094
radio 12 18608
radio 12 18644
radio 12 19158
radio 12 19175
radio 12 19689
radio 12 19722
radio 12 20236
radio 12 20253
radio 12 20767
radio 12 20803
radio 12 21317
radio 12 21334
radio 12 21848
radio 12 21876
radio 12 22390
radio 12 22418
radio 12 22932
radio 12 22949
radio 12 23463
radio 12 23480
radio 12 23994
radio 12 24011
radio 12 24525
radio 12 24558
radio 12 25072
radio 12 25089
radio 12 25603
radio 12 25620
radio 12 26134
radio 12 26151
radio 12 26665
radio 12 26695
radio 12 27209
radio 12 27262
radio 12 27776
radio 12 27811
radio 12 28325
radio 12 28342
radio 12 28856
delay 12 23 12 29014 12 29023 9 16 7 0 442 0 0
radio 12 29022
radio 12 29536
radio 12 29613
radio 12 30127
radio 12 30144
radio 12 30658
radio 12 30675
radio 12 31189
radio 12 31245
radio 12 31759
radio 12 31789
radio 12 32303
radio 12 32320
radio 12 32834
radio 12 32866
radio 12 33380
radio 12 33397
radio 12 33911
radio 12 33985
radio 12 34499
radio 12 34516
radio 12 35030
radio 12 35047
radio 12 35561
radio 12 35590
radio 12 36104
radio 12 36173
radio 12 36687
radio 12 36704
radio 12 37218
radio 12 37247
radio 12 37761
radio 12 37790
radio 12 38304
radio 12 38321
radio 12 38835
radio 12 38871
radio 12 39385
radio 12 39402
radio 12 39916
radio 12 39945
radio 12 40459
radio 12 40492
radio 12 41006
radio 12 41039
radio 12 41553
radio 12 41622
radio 12 42136
radio 12 42166
radio 12 42680
radio 12 42709
radio 12 43223
radio 12 43318
radio 12 43832
radio 12 43863
radio 12 44377
radio 12 44430
radio 12 44944
radio 12 44994
energy 12 45207 7 23174
radio 12 45508
radio 12 45539
radio 12 46053
radio 12 46070
radio 12 46584
radio 12 46619
radio 12 47133
radio 12 47167
radio 12 47681
radio 12 47698
radio 12 48212
radio 12 48248
radio 12 48762
radio 12 48779
radio 12 49293
delay 13 24 12 49315 12 48904 6 16 10 0 304 0 0
radio 12 49322
radio 12 49837
radio 12 49999
radio 12 50512
radio 12 50565
radio 12 51078
radio 12 51128
radio 12 51642
radio 12 51694
radio 12 52208
radio 12 52225
radio 12 52739
radio 12 52756
radio 12 53270
radio 12 53287
radio 12 53801
radio 12 53837
radio 12 54351
radio 12 54386
radio 12 54900
radio 12 54917
radio 12 55431
radio 12 55448
radio 12 55962
radio 12 55979
radio 12 56493
radio 12 56510
radio 12 57024
radio 12 57041
radio 12 57555
radio 12 57572
radio 12 58086
radio 12 58103
radio 12 58617
radio 12 58634
radio 12 59148
radio 12 59181
radio 12 59695
radio 12 59766
radio 12 60280
radio 12 60297
radio 12 60811
radio 12 60828
radio 12 61342
radio 12 61359
radio 12 61873
radio 12 61890
radio 12 62404
radio 12 62454
radio 12 62968
radio 12 63019
radio 12 63533
radio 12 63550
radio 12 64064
radio 12 64081
radio 12 64595
radio 12 64612
radio 12 65126
radio 12 65143
radio 13 121
radio 13 138
radio 13 651
radio 13 668
radio 13 1181
radio 13 1215
radio 13 1729
radio 13 1762
radio 13 2276
radio 13 2307
radio 13 2821
radio 13 2838
radio 13 3352
radio 13 3369
radio 13 3882
delay 14 32 13 4011 13 3351 7 16 9 0 33 1 0
radio 13 5087
radio 13 5601
radio 13 5669
radio 13 6183
radio 13 6200
radio 13 6714
radio 13 6731
radio 13 7245
radio 13 7274
radio 13 7788
radio 13 7876
radio 13 8390
radio 13 8421
radio 13 8935
radio 13 8983
radio 13 9497
radio 13 9546
radio 13 10060
radio 13 10089
radio 13 10603
radio 13 10620
radio 13 11134
radio 13 11151
radio 13 11665
radio 13 11739
radio 13 12253
radio 13 12270
radio 13 12784
radio 13 12801
radio 13 13315
radio 13 13332
radio 13 13846
radio 13 13878
radio 13 14392
radio 13 14409
radio 13 14923
radio 13 14952
radio 13 15466
radio 13 15500
radio 13 16014
radio 13 16050
radio 13 16564
radio 13 16598
radio 13 17112
radio 13 17129
radio 13 17643
radio 13 17678
radio 13 18192
radio 13 18241
radio 13 18755
radio 13 18791
radio 13 19305
radio 13 19341
radio 13 19855
radio 13 19872
radio 13 20386
radio 13 20403
radio 13 20917
radio 13 20966
radio 13 21480
radio 13 21510
radio 13 22024
radio 13 22041
radio 13 22555
radio 13 22572
radio 13 23086
radio 13 23142
radio 13 23656
radio 13 23709
radio 13 24223
radio 13 24240
radio 13 24754
delay 15 24 13 24825 13 24414 6 16 10 0 22 1 0
radio 13 25892
radio 13 26406
radio 13 26423
radio 13 26937
radio 13 26971
radio 13 27485
radio 13 27502
radio 13 28016
radio 13 28033
radio 13 28547
radio 13 28579
radio 13 29093
radio 13 29146
radio 13 29660
radio 13 29688
radio 13 30202
radio 13 30219
radio 13 30733
radio 13 30764
radio 13 31278
radio 13 31347
radio 13 31861
radio 13 31878
radio 13 32392
radio 13 32409
radio 13 32923
radio 13 32940
radio 13 33454
radio 13 33471
radio 13 33985
radio 13 34073
radio 13 34587
radio 13 34615
radio 13 35129
radio 13 35146
radio 13 35660
radio 13 35677
radio 13 36191
radio 13 36208
radio 13 36722
radio 13 36739
radio 13 37253
radio 13 37270
radio 13 37784
radio 13 37812
radio 13 38326
radio 13 38359
radio 13 38873
radio 13 38902
radio 13 39416
radio 13 39433
radio 13 39947
radio 13 39979
radio 13 40493
radio 13 40510
radio 13 41024
radio 13 41073
energy 13 41111 7 28105
radio 13 41587
radio 13 41604
radio 13 42118
radio 13 42135
radio 13 42649
radio 13 42666
radio 13 43180
radio 13 43214
radio 13 43728
radio 13 43745
radio 13 44259
radio 13 44290
radio 13 44804
radio 13 44837
radio 13 45351
delay 16 23 13 45396 13 45405 9 16 7 0 302 0 0
radio 13 45404
radio 13 45918
radio 13 45933
radio 13 46447
radio 13 46463
radio 13 46976
radio 13 46993
radio 13 47507
radio 13 47524
radio 13 48038
radio 13 48074
radio 13 48588
radio 13 48605
radio 13 49119
radio 13 49136
radio 13 49650
radio 13 49683
radio 13 50197
radio 13 50214
radio 13 50728
radio 13 50745
radio 13 51259
radio 13 51288
radio 13 51802
radio 13 51819
radio 13 52333
radio 13 52350
radio 13 52864
radio 13 52881
radio 13 53395
radio 13 53424
radio 13 53938
radio 13 53967
radio 13 54481
radio 13 54532
radio 13 55046
radio 13 55063
radio 13 55577
radio 13 55608
radio 13 56122
radio 13 56216
radio 13 56730
radio 13 56747
radio 13 57261
radio 13 57278
radio 13 57792
radio 13 57809
radio 13 58323
radio 13 58340
radio 13 58854
radio 13 58926
radio 13 59440
radio 13 59457
radio 13 59971
radio 13 59988
radio 13 60502
radio 13 60536
radio 13 61050
radio 13 61067
radio 13 61581
radio 13 61598
radio 13 62112
radio 13 62143
radio 13 62657
radio 13 62686
radio 13 63200
radio 13 63217
radio 13 63731
radio 13 63802
radio 13 64316
radio 13 64333
radio 13 64847
radio 13 64918
radio 13 65432
delay 17 15 13 65489 13 65414 12 16 4 0 57 0 0
radio 13 65497
radio 14 476
radio 14 519
radio 14 1032
radio 14 1054
radio 14 1567
radio 14 1623
radio 14 2137
radio 14 2154
radio 14 2667
radio 14 2722
radio 14 3236
radio 14 3364
radio 14 3878
radio 14 3967
radio 14 4481
radio 14 4512
radio 14 5026
radio 14 5043
radio 14 5557
radio 14 5574
radio 14 6088
radio 14 6105
radio 14 6619
radio 14 6636
radio 14 7149
radio 14 7166
radio 14 7679
radio 14 7696
radio 14 8209
radio 14 8279
radio 14 8793
radio 14 8810
radio 14 9323
radio 14 9340
radio 14 9853
radio 14 9870
radio 14 10384
radio 14 10401
radio 14 10915
radio 14 10932
radio 14 11446
radio 14 11494
radio 14 12008
radio 14 12059
radio 14 12573
radio 14 12590
radio 14 13104
radio 14 13121
radio 14 13635
radio 14 13652
radio 14 14166
radio 14 14183
radio 14 14697
radio 14 14714
radio 14 15228
radio 14 15245
radio 14 15759
radio 14 15796
radio 14 16310
radio 14 16339
radio 14 16853
radio 14 16883
radio 14 17397
radio 14 17414
radio 14 17928
radio 14 17945
radio 14 18459
radio 14 18495
radio 14 19009
radio 14 19082
radio 14 19596
radio 14 19628
radio 14 20142
radio 14 20172
radio 14 20686
delay 18 24 14 20774 14 20363 6 16 10 0 208 0 0
radio 14 20782
radio 14 21297
radio 14 21365
radio 14 21879
radio 14 21897
radio 14 22411
radio 14 22470
radio 14 22984
radio 14 23014
radio 14 23528
radio 14 23557
radio 14 24071
radio 14 24088
radio 14 24602
radio 14 24619
radio 14 25133
radio 14 25150
radio 14 25664
radio 14 25681
radio 14 26195
radio 14 26225
radio 14 26739
radio 14 26756
radio 14 27270
radio 14 27299
radio 14 27813
radio 14 27830
radio 14 28344
radio 14 28374
radio 14 28888
radio 14 28943
radio 14 29457
radio 14 29474
radio 14 29988
radio 14 30005
radio 14 30519
radio 14 30552
radio 14 31066
radio 14 31139
radio 14 31653
radio 14 31670
radio 14 32184
radio 14 32215
radio 14 32729
radio 14 32746
radio 14 33260
radio 14 33277
radio 14 33791
radio 14 33864
radio 14 34378
radio 14 34395
radio 14 34909
radio 14 34926
radio 14 35440
radio 14 35495
radio 14 36009
radio 14 36026
radio 14 36540
radio 14 36557
energy 14 37015 7 30884
radio 14 37071
radio 14 37119
radio 14 37633
radio 14 37650
radio 14 38164
radio 14 38181
radio 14 38695
radio 14 38725
radio 14 39239
radio 14 39335
radio 14 39849
radio 14 39881
radio 14 40395
radio 14 40412
radio 14 40926
radio 14 40957
radio 14 41471
radio 14 41506
radio 14 42020
radio 14 42054
radio 14 42568
radio 14 42585
radio 14 43099
radio 14 43116
radio 14 43630
radio 14 43647
radio 14 44161
radio 14 44178
radio 14 44692
radio 14 44709
radio 14 45223
radio 14 45294
radio 14 45808
radio 14 45839
radio 14 46353
radio 14 46370
radio 14 46884
radio 14 46901
radio 14 47415
radio 14 47432
radio 14 47946
radio 14 47996
radio 14 48510
radio 14 48527
radio 14 49041
radio 14 49069
radio 14 49583
radio 14 49600
radio 14 50114
radio 14 50131
radio 14 50645
radio 14 50662
radio 14 51176
radio 14 51193
radio 14 51707
radio 14 51737
radio 14 52251
radio 14 52321
radio 14 52835
radio 14 52852
radio 14 53366
radio 14 53401
radio 14 53915
radio 14 53971
radio 14 54485
radio 14 54502
radio 14 55016
radio 14 55084
radio 14 55598
radio 14 55615
radio 14 56129
radio 14 56202
radio 14 56716
radio 14 56733
radio 14 57247
radio 14 57276
radio 14 57790
radio 14 57807
radio 14 58321
radio 14 58338
radio 14 58852
radio 14 58888
radio 14 59402
radio 14 59477
radio 14 59991
radio 14 60008
radio 14 60522
radio 14 60539
radio 14 61053
radio 14 61070
radio 14 61584
delay 20 24 14 61674 14 61263 6 16 10 0 33 0 0
radio 14 61682
radio 14 62197
radio 14 62217
radio 14 62730
radio 14 62747
radio 14 63260
radio 14 63295
radio 14 63809
radio 14 63862
radio 14 64376
radio 14 64393
radio 14 64907
radio 14 64936
radio 14 65450
radio 14 65467
radio 15 445
radio 15 533
radio 15 1047
radio 15 1064
radio 15 1577
radio 15 1609
radio 15 2123
radio 15 2199
radio 15 2713
radio 15 2730
radio 15 3243
radio 15 3260
radio 15 3774
radio 15 3791
radio 15 4305
radio 15 4339
radio 15 4853
radio 15 4870
radio 15 5383
radio 15 5411
radio 15 5925
radio 15 5960
radio 15 6474
radio 15 6491
radio 15 7004
radio 15 7021
radio 15 7535
radio 15 7564
radio 15 8078
radio 15 8095
radio 15 8608
radio 15 8625
radio 15 9139
radio 15 9156
radio 15 9670
radio 15 9687
radio 15 10201
radio 15 10218
radio 15 10732
radio 15 10761
radio 15 11275
radio 15 11307
radio 15 11821
radio 15 11838
radio 15 12352
radio 15 12369
radio 15 12883
radio 15 12900
radio 15 13414
radio 15 13431
radio 15 13945
radio 15 13974
radio 15 14488
radio 15 14505
radio 15 15019
radio 15 15036
radio 15 15550
radio 15 15582
radio 15 16096
radio 15 16151
radio 15 16665
delay 21 24 15 16737 15 16326 6 16 10 0 412 0 0
radio 15 16745
radio 15 17260
radio 15 17303
radio 15 17816
radio 15 17866
radio 15 18379
radio 15 18396
radio 15 18910
radio 15 18938
radio 15 19452
radio 15 19506
radio 15 20020
radio 15 20037
radio 15 20551
radio 15 20586
radio 15 21100
radio 15 21117
radio 15 21631
radio 15 21664
radio 15 22178
radio 15 22233
radio 15 22747
radio 15 22781
radio 15 23295
radio 15 23312
radio 15 23826
radio 15 23856
radio 15 24370
radio 15 24387
radio 15 24901
radio 15 24957
radio 15 25471
radio 15 25488
radio 15 26002
radio 15 26033
radio 15 26547
radio 15 26564
radio 15 27078
radio 15 27095
radio 15 27609
radio 15 27641
radio 15 28155
radio 15 28210
radio 15 28724
radio 15 28741
radio 15 29255
radio 15 29272
radio 15 29786
radio 15 29803
radio 15 30317
radio 15 30346
radio 15 30860
radio 15 30877
radio 15 31391
radio 15 31424
radio 15 31938
radio 15 31987
radio 15 32501
radio 15 32518
energy 15 32919 7 33619
radio 15 33032
radio 15 33068
radio 15 33582
radio 15 33633
radio 15 34147
radio 15 34197
radio 15 34711
radio 15 34728
radio 15 35242
radio 15 35274
radio 15 35788
radio 15 35858
radio 15 36372
radio 15 36389
radio 15 36903
delay 22 29 15 36928 15 36325 18 16 65535 0 186 0 0
radio 15 36936
radio 15 37450
radio 15 37617
radio 15 38130
radio 15 38178
radio 15 38691
radio 15 38708
radio 15 39221
radio 15 39257
radio 15 39771
radio 15 39805
radio 15 40319
radio 15 40373
radio 15 40887
radio 15 40904
radio 15 41418
radio 15 41435
radio 15 41949
radio 15 41966
radio 15 42480
radio 15 42497
radio 15 43011
radio 15 43028
radio 15 43542
radio 15 43593
radio 15 44107
radio 15 44124
radio 15 44638
radio 15 44655
radio 15 45169
radio 15 45186
radio 15 45700
radio 15 45717
radio 15 46231
radio 15 46261
radio 15 46775
radio 15 46804
radio 15 47318
radio 15 47335
radio 15 47849
radio 15 47879
radio 15 48393
radio 15 48428
radio 15 48942
radio 15 48959
radio 15 49473
radio 15 49490
radio 15 50004
radio 15 50021
radio 15 50535
radio 15 50568
radio 15 51082
radio 15 51118
radio 15 51632
radio 15 51649
radio 15 52163
radio 15 52238
radio 15 52752
radio 15 52769
radio 15 53283
radio 15 53319
radio 15 53833
radio 15 53861
radio 15 54375
radio 15 54425
radio 15 54939
radio 15 54972
radio 15 55486
radio 15 55523
radio 15 56037
radio 15 56065
radio 15 56579
radio 15 56607
radio 15 57121
radio 15 57138
radio 15 57652
delay 23 24 15 57752 15 57340 6 16 10 0 371 0 0
radio 15 57760
radio 15 58274
radio 15 58319
radio 15 58832
radio 15 58849
radio 15 59363
radio 15 59392
radio 15 59906
radio 15 59978
radio 15 60492
radio 15 60509
radio 15 61023
radio 15 61040
radio 15 61554
radio 15 61571
radio 15 62085
radio 15 62116
radio 15 62630
radio 15 62664
radio 15 63178
radio 15 63270
radio 15 63784
radio 15 63832
radio 15 64346
radio 15 64363
radio 15 64877
radio 15 64910
radio 15 65424
radio 15 65441
radio 16 419
radio 16 455
radio 16 969
radio 16 986
radio 16 1499
radio 16 1534
radio 16 2048
radio 16 2081
radio 16 2595
radio 16 2612
radio 16 3125
radio 16 3179
radio 16 3693
radio 16 3710
radio 16 4224
radio 16 4272
radio 16 4786
radio 16 4822
radio 16 5336
radio 16 5353
radio 16 5867
radio 16 5884
radio 16 6398
radio 16 6415
radio 16 6929
radio 16 6946
radio 16 7459
radio 16 7476
radio 16 7989
radio 16 8021
radio 16 8535
radio 16 8552
radio 16 9066
radio 16 9119
radio 16 9633
radio 16 9650
radio 16 10164
radio 16 10181
radio 16 10695
radio 16 10712
radio 16 11226
radio 16 11259
radio 16 11773
radio 16 11848
radio 16 12362
radio 16 12399
radio 16 12913
delay 24 24 16 13234 16 12822 6 16 10 0 660 0 0
radio 16 13242
radio 16 13756
radio 16 13786
radio 16 14300
radio 16 14331
radio 16 14845
radio 16 14894
radio 16 15408
radio 16 15425
radio 16 15939
radio 16 15975
radio 16 16489
radio 16 16540
radio 16 17054
radio 16 17143
radio 16 17657
radio 16 17674
radio 16 18188
radio 16 18205
radio 16 18719
radio 16 18773
radio 16 19287
radio 16 19304
radio 16 19818
radio 16 19835
radio 16 20349
radio 16 20381
radio 16 20895
radio 16 20971
radio 16 21485
radio 16 21502
radio 16 22016
radio 16 22049
radio 16 22563
radio 16 22598
radio 16 23112
radio 16 23129
radio 16 23643
radio 16 23660
radio 16 24174
radio 16 24206
radio 16 24720
radio 16 24737
radio 16 25251
radio 16 25268
radio 16 25782
radio 16 25799
radio 16 26313
radio 16 26330
radio 16 26844
radio 16 26861
radio 16 27375
radio 16 27392
radio 16 27906
radio 16 27923
radio 16 28437
radio 16 28493
energy 16 28823 7 36886
radio 16 29007
radio 16 29042
radio 16 29556
radio 16 29573
radio 16 30087
radio 16 30104
radio 16 30618
radio 16 30635
radio 16 31149
radio 16 31220
radio 16 31734
radio 16 31751
radio 16 32265
radio 16 32282
radio 16 32796
delay 25 43 16 32812 16 32253 7 16 9 0 179 0 0
radio 16 32820
radio 16 33335
radio 16 33371
radio 16 33885
radio 16 33900
radio 16 34413
radio 16 34430
radio 16 34944
radio 16 34961
radio 16 35475
radio 16 35506
radio 16 36020
radio 16 36094
radio 16 36608
radio 16 36642
radio 16 37156
radio 16 37173
radio 16 37687
radio 16 37717
radio 16 38231
radio 16 38280
radio 16 38794
radio 16 38811
radio 16 39325
radio 16 39354
radio 16 39868
radio 16 39885
radio 16 40399
radio 16 40491
radio 16 41005
radio 16 41101
radio 16 41615
radio 16 41632
radio 16 42146
radio 16 42181
radio 16 42695
radio 16 42712
radio 16 43226
radio 16 43243
radio 16 43757
radio 16 43774
radio 16 44288
radio 16 44305
radio 16 44819
radio 16 44847
radio 16 45361
radio 16 45378
radio 16 45892
radio 16 45944
radio 16 46458
radio 16 46475
radio 16 46989
radio 16 47006
radio 16 47520
radio 16 47537
radio 16 48051
radio 16 48068
radio 16 48582
radio 16 48613
radio 16 49127
radio 16 49162
radio 16 49676
radio 16 49693
radio 16 50207
radio 16 50224
radio 16 50738
radio 16 50755
radio 16 51269
radio 16 51286
radio 16 51800
radio 16 51817
radio 16 52331
radio 16 52348
radio 16 52862
radio 16 52879
radio 16 53393
delay 26 23 16 53409 16 53419 9 16 7 0 31 0 0
radio 16 53417
radio 16 53932
radio 16 54061
radio 16 54575
radio 16 54595
radio 16 55109
radio 16 55140
radio 16 55654
radio 16 55671
radio 16 56185
radio 16 56215
radio 16 56729
radio 16 56761
radio 16 57275
radio 16 57292
radio 16 57806
radio 16 57921
radio 16 58435
radio 16 58530
radio 16 59044
radio 16 59061
radio 16 59575
radio 16 59592
radio 16 60106
radio 16 60123
radio 16 60637
radio 16 60672
radio 16 61186
radio 16 61222
radio 16 61736
radio 16 61770
radio 16 62284
radio 16 62301
radio 16 62815
radio 16 62847
radio 16 63361
radio 16 63413
radio 16 63927
radio 16 63944
radio 16 64458
radio 16 64492
radio 16 65006
radio 16 65041
radio 17 19
radio 17 36
radio 17 549
radio 17 566
radio 17 1079
radio 17 1096
radio 17 1609
radio 17 1637
radio 17 2151
radio 17 2168
radio 17 2682
radio 17 2730
radio 17 3244
radio 17 3261
radio 17 3775
radio 17 3792
radio 17 4306
radio 17 4337
radio 17 4851
radio 17 4868
radio 17 5381
radio 17 5412
radio 17 5926
radio 17 5962
radio 17 6476
radio 17 6493
radio 17 7006
radio 17 7023
radio 17 7536
radio 17 7553
radio 17 8066
radio 17 8083
radio 17 8597
delay 27 23 17 8666 17 8676 9 16 7 0 271 0 0
radio 17 8674
radio 17 9188
radio 17 9233
radio 17 9746
radio 17 9763
radio 17 10276
radio 17 10307
radio 17 10821
radio 17 10855
radio 17 11369
radio 17 11386
radio 17 11900
radio 17 11917
radio 17 12431
radio 17 12483
radio 17 12997
radio 17 13014
radio 17 13528
radio 17 13545
radio 17 14059
radio 17 14076
radio 17 14590
radio 17 14607
radio 17 15121
radio 17 15151
radio 17 15665
radio 17 15682
radio 17 16196
radio 17 16226
radio 17 16740
radio 17 16788
radio 17 17302
radio 17 17319
radio 17 17833
radio 17 17850
radio 17 18364
radio 17 18400
radio 17 18914
radio 17 18931
radio 17 19445
radio 17 19462
radio 17 19976
radio 17 19993
radio 17 20507
radio 17 20558
radio 17 21072
radio 17 21089
radio 17 21603
radio 17 21620
radio 17 22134
radio 17 22151
radio 17 22665
radio 17 22682
radio 17 23196
radio 17 23213
radio 17 23727
radio 17 23777
radio 17 24291
radio 17 24308
energy 17 24727 7 39473
radio 17 24822
radio 17 24839
radio 17 25353
radio 17 25383
radio 17 25897
radio 17 25914
radio 17 26428
radio 17 26479
radio 17 26993
radio 17 27024
radio 17 27538
radio 17 27555
radio 17 28069
radio 17 28101
radio 17 28615
delay 28 23 17 28636 17 28646 9 16 7 0 110 0 0
radio 17 28644
radio 17 29159
radio 17 29235
radio 17 29749
radio 17 29820
radio 17 30334
radio 17 30368
radio 17 30882
radio 17 30899
radio 17 31413
radio 17 31463
radio 17 31977
radio 17 32006
radio 17 32520
radio 17 32537
radio 17 33051
radio 17 33068
radio 17 33582
radio 17 33634
radio 17 34148
radio 17 34182
radio 17 34696
radio 17 34713
radio 17 35227
radio 17 35244
radio 17 35758
radio 17 35775
radio 17 36289
radio 17 36306
radio 17 36820
radio 17 36837
radio 17 37351
radio 17 37379
radio 17 37893
radio 17 37910
radio 17 38424
radio 17 38457
radio 17 38971
radio 17 38988
radio 17 39502
radio 17 39519
radio 17 40033
radio 17 40050
radio 17 40564
radio 17 40581
radio 17 41095
radio 17 41112
radio 17 41626
radio 17 41643
radio 17 42157
radio 17 42174
radio 17 42688
radio 17 42705
radio 17 43219
radio 17 43236
radio 17 43750
radio 17 43804
radio 17 44318
radio 17 44335
radio 17 44849
radio 17 44866
radio 17 45380
radio 17 45412
radio 17 45926
radio 17 45943
radio 17 46457
radio 17 46474
radio 17 46988
radio 17 47005
radio 17 47519
radio 17 47536
radio 17 48050
radio 17 48067
radio 17 48581
radio 17 48598
radio 17 49112
delay 29 3 17 49127 17 49461 7 16 9 0 85 0 0
radio 17 49134
radio 17 49649
radio 17 49693
radio 17 50207
radio 17 50227
radio 17 50740
radio 17 50794
radio 17 51308
radio 17 51340
radio 17 51854
radio 17 51910
radio 17 52424
radio 17 52441
radio 17 52955
radio 17 53003
radio 17 53517
radio 17 53587
radio 17 54101
radio 17 54118
radio 17 54632
radio 17 54649
radio 17 55163
radio 17 55180
radio 17 55694
radio 17 55711
radio 17 56225
radio 17 56256
radio 17 56770
radio 17 56806
radio 17 57320
radio 17 57374
radio 17 57888
radio 17 57918
radio 17 58432
radio 17 58449
radio 17 58963
radio 17 58980
radio 17 59494
radio 17 59530
radio 17 60044
radio 17 60097
radio 17 60611
radio 17 60628
radio 17 61142
radio 17 61159
radio 17 61673
radio 17 61705
radio 17 62219
radio 17 62307
radio 17 62821
radio 17 62852
radio 17 63366
radio 17 63415
radio 17 63929
radio 17 63946
radio 17 64460
radio 17 64477
radio 17 64991
radio 17 65026
radio 18 4
radio 18 38
radio 18 551
radio 18 568
radio 18 1081
radio 18 1174
radio 18 1688
radio 18 1719
radio 18 2233
radio 18 2287
radio 18 2801
radio 18 2818
radio 18 3331
radio 18 3363
radio 18 3877
radio 18 3909
radio 18 4423
delay 30 12 18 4716 18 4610 6 16 10 0 757 0 0
radio 18 4723
radio 18 5238
radio 18 5286
radio 18 5799
radio 18 5848
radio 18 6362
radio 18 6414
radio 18 6928
radio 18 6963
radio 18 7477
radio 18 7494
radio 18 8008
radio 18 8042
radio 18 8556
radio 18 8605
radio 18 9119
radio 18 9136
radio 18 9649
radio 18 9666
radio 18 10179
radio 18 10213
radio 18 10727
radio 18 10821
radio 18 11335
radio 18 11352
radio 18 11866
radio 18 11883
radio 18 12397
radio 18 12427
radio 18 12941
radio 18 12971
radio 18 13485
radio 18 13533
radio 18 14047
radio 18 14064
radio 18 14578
radio 18 14595
radio 18 15109
radio 18 15126
radio 18 15640
radio 18 15676
radio 18 16190
radio 18 16224
radio 18 16738
radio 18 16787
radio 18 17301
radio 18 17331
radio 18 17845
radio 18 17876
radio 18 18390
radio 18 18424
radio 18 18938
radio 18 18986
radio 18 19500
radio 18 19517
radio 18 20031
radio 18 20048
radio 18 20562
radio 18 20579
energy 18 20631 7 42519
radio 18 21093
radio 18 21110
radio 18 21624
radio 18 21641
radio 18 22155
radio 18 22172
radio 18 22686
radio 18 22703
radio 18 23217
radio 18 23249
radio 18 23763
radio 18 23811
radio 18 24325
radio 18 24353
radio 18 24867
delay 31 23 18 25022 18 25032 9 16 7 0 569 0 0
radio 18 25030
radio 18 25544
radio 18 25666
radio 18 26179
radio 18 26227
radio 18 26741
radio 18 26775
radio 18 27289
radio 18 27342
radio 18 27856
radio 18 27873
radio 18 28387
radio 18 28404
radio 18 28918
radio 18 28935
radio 18 29449
radio 18 29477
radio 18 29991
radio 18 30008
