Thread[Thread-1,5,main]tree 9 7 0 14 12 1
radio 7 13483
radio 7 13487
radio 7 13504
radio 7 14017
radio 7 14068
radio 7 14582
radio 7 14615
radio 7 15129
radio 7 15146
radio 7 15660
radio 7 15690
radio 7 16204
radio 7 16221
radio 7 16735
radio 7 16752
radio 7 17266
radio 7 17283
radio 7 17797
radio 7 17814
radio 7 18328
radio 7 18359
radio 7 18873
radio 7 18901
radio 7 19415
radio 7 19445
radio 7 19959
radio 7 19990
radio 7 20504
radio 7 20521
radio 7 21035
radio 7 21052
radio 7 21566
radio 7 21617
radio 7 22131
radio 7 22148
radio 7 22662
radio 7 22679
radio 7 23193
radio 7 23210
radio 7 23724
radio 7 23741
radio 7 24255
radio 7 24272
radio 7 24786
radio 7 24822
radio 7 25336
radio 7 25353
radio 7 25867
radio 7 25884
radio 7 26398
radio 7 26415
radio 7 26929
radio 7 26961
radio 7 27475
radio 7 27492
radio 7 28006
radio 7 28054
radio 7 28568
radio 7 28617
radio 7 29131
radio 7 29148
radio 7 29662
radio 7 29679
radio 7 30193
radio 7 30210
radio 7 30724
radio 7 30757
radio 7 31271
radio 7 31288
radio 7 31802
radio 7 31836
radio 7 32350
radio 7 32367
radio 7 32881
radio 7 32971
radio 7 33485
radio 7 33575
radio 7 34089
radio 7 34142
radio 7 34656
radio 7 34685
radio 7 35199
radio 7 35216
radio 7 35730
radio 7 35763
radio 7 36277
radio 7 36313
radio 7 36827
radio 7 36844
radio 7 37358
radio 7 37375
radio 7 37889
radio 7 37906
radio 7 38420
radio 7 38454
radio 7 38968
radio 7 38985
radio 7 39499
radio 7 39516
radio 7 40030
radio 7 40047
radio 7 40561
radio 7 40590
radio 7 41104
radio 7 41136
radio 7 41650
radio 7 41680
radio 7 42194
radio 7 42269
radio 7 42783
radio 7 42816
radio 7 43330
radio 7 43360
radio 7 43874
radio 7 43926
radio 7 44440
radio 7 44457
radio 7 44971
radio 7 44988
radio 7 45502
radio 7 45519
radio 7 46033
radio 7 46050
radio 7 46564
radio 7 46581
radio 7 47095
radio 7 47112
radio 7 47626
radio 7 47643
radio 7 48157
radio 7 48188
radio 7 48702
radio 7 48730
radio 7 49244
radio 7 49261
radio 7 49775
radio 7 49830
radio 7 50344
radio 7 50361
radio 7 50875
radio 7 50909
radio 7 51423
radio 7 51456
radio 7 51970
radio 7 52002
radio 7 52516
radio 7 52547
radio 7 53061
radio 7 53078
radio 7 53592
radio 7 53609
radio 7 54123
radio 7 54153
radio 7 54667
radio 7 54684
radio 7 55198
radio 7 55287
radio 7 55801
radio 7 55818
radio 7 56332
radio 7 56349
radio 7 56863
radio 7 56880
radio 7 57394
radio 7 57485
radio 7 57999
radio 7 58032
radio 7 58546
radio 7 58575
radio 7 59089
radio 7 59106
radio 7 59620
radio 7 59692
radio 7 60206
radio 7 60223
radio 7 60737
radio 7 60769
radio 7 61283
radio 7 61333
radio 7 61847
radio 7 61864
radio 7 62378
radio 7 62395
radio 7 62909
radio 7 62940
radio 7 63454
radio 7 63483
radio 7 63997
radio 7 64028
radio 7 64542
radio 7 64575
radio 7 65089
radio 7 65106
radio 8 84
radio 8 101
radio 8 614
radio 8 647
radio 8 1160
radio 8 1177
radio 8 1690
radio 8 1707
radio 8 2220
radio 8 2237
radio 8 2750
radio 8 2767
radio 8 3280
radio 8 3297
radio 8 3810
radio 8 3827
radio 8 4340
radio 8 4375
radio 8 4889
radio 8 4906
radio 8 5419
radio 8 5436
radio 8 5949
radio 8 6000
radio 8 6514
radio 8 6531
radio 8 7044
radio 8 7074
radio 8 7588
radio 8 7605
radio 8 8118
radio 8 8170
radio 8 8684
radio 8 8701
radio 8 9214
radio 8 9231
energy 8 9399 7 16000
radio 8 9744
radio 8 9761
radio 8 10274
radio 8 10291
radio 8 10805
radio 8 10822
radio 8 11336
radio 8 11370
radio 8 11884
radio 8 11901
radio 8 12415
radio 8 12449
radio 8 12963
radio 8 13013
radio 8 13527
radio 8 13544
radio 8 14058
radio 8 14090
radio 8 14604
radio 8 14621
radio 8 15135
radio 8 15152
radio 8 15666
radio 8 15700
radio 8 16214
radio 8 16244
radio 8 16758
radio 8 16775
radio 8 17289
radio 8 17306
radio 8 17820
radio 8 17837
radio 8 18351
radio 8 18368
radio 8 18882
radio 8 18916
radio 8 19430
radio 8 19458
radio 8 19972
radio 8 20000
radio 8 20514
radio 8 20531
radio 8 21045
radio 8 21096
radio 8 21610
radio 8 21640
radio 8 22154
radio 8 22185
radio 8 22699
radio 8 22729
radio 8 23243
radio 8 23260
radio 8 23774
radio 8 23791
radio 8 24305
radio 8 24322
radio 8 24836
radio 8 24948
radio 8 25462
radio 8 25536
radio 8 26050
radio 8 26101
radio 8 26615
radio 8 26648
radio 8 27162
radio 8 27179
radio 8 27693
radio 8 27710
radio 8 28224
radio 8 28241
radio 8 28755
radio 8 28772
radio 8 29286
radio 8 29303
radio 8 29817
radio 8 29834
radio 8 30348
radio 8 30418
radio 8 30932
radio 8 30949
radio 8 31463
radio 8 31480
radio 8 31994
radio 8 32011
radio 8 32525
radio 8 32556
radio 8 33070
radio 8 33159
radio 8 33673
radio 8 33690
radio 8 34204
radio 8 34234
radio 8 34748
radio 8 34804
radio 8 35318
radio 8 35335
radio 8 35849
radio 8 35878
radio 8 36392
radio 8 36422
radio 8 36936
radio 8 36953
radio 8 37467
radio 8 37495
radio 8 38009
radio 8 38026
radio 8 38540
radio 8 38557
radio 8 39071
radio 8 39119
radio 8 39633
radio 8 39650
radio 8 40164
radio 8 40192
radio 8 40706
radio 8 40740
radio 8 41254
radio 8 41325
radio 8 41839
radio 8 41871
radio 8 42385
radio 8 42415
radio 8 42929
radio 8 42963
radio 8 43477
radio 8 43494
radio 8 44008
radio 8 44063
radio 8 44577
radio 8 44612
radio 8 45126
radio 8 45218
radio 8 45732
radio 8 45761
radio 8 46275
radio 8 46304
radio 8 46818
radio 8 46849
radio 8 47363
radio 8 47380
radio 8 47894
radio 8 47911
radio 8 48425
radio 8 48454
radio 8 48968
radio 8 49002
radio 8 49516
radio 8 49533
radio 8 50047
radio 8 50077
radio 8 50591
radio 8 50662
radio 8 51176
radio 8 51193
radio 8 51707
radio 8 51737
radio 8 52251
radio 8 52268
radio 8 52782
radio 8 52872
radio 8 53386
radio 8 53403
radio 8 53917
radio 8 53945
radio 8 54459
radio 8 54476
radio 8 54990
radio 8 55022
radio 8 55536
radio 8 55553
radio 8 56067
radio 8 56120
radio 8 56634
radio 8 56651
radio 8 57165
radio 8 57182
radio 8 57696
radio 8 57727
radio 8 58241
radio 8 58309
radio 8 58823
radio 8 58840
radio 8 59354
radio 8 59382
radio 8 59896
radio 8 59929
radio 8 60443
radio 8 60514
radio 8 61028
radio 8 61045
radio 8 61559
radio 8 61576
radio 8 62090
radio 8 62107
radio 8 62621
radio 8 62655
radio 8 63169
radio 8 63201
radio 8 63715
radio 8 63732
radio 8 64246
radio 8 64263
radio 8 64777
radio 8 64794
radio 8 65308
delay 1 18 8 65406 9 481 7 6 65535 0 250 0 1
radio 9 944
radio 9 1457
radio 9 1474
radio 9 1987
radio 9 2004
radio 9 2517
radio 9 2534
radio 9 3047
radio 9 3075
radio 9 3589
radio 9 3606
radio 9 4119
radio 9 4150
radio 9 4664
radio 9 4692
radio 9 5206
radio 9 5223
energy 9 5303 7 19807
radio 9 5736
radio 9 5785
radio 9 6299
radio 9 6334
radio 9 6848
radio 9 6865
radio 9 7378
radio 9 7395
radio 9 7908
radio 9 7980
radio 9 8494
radio 9 8511
radio 9 9024
radio 9 9056
radio 9 9570
radio 9 9604
radio 9 10118
radio 9 10152
radio 9 10666
radio 9 10683
radio 9 11197
radio 9 11214
radio 9 11728
radio 9 11757
radio 9 12271
radio 9 12288
radio 9 12802
radio 9 12819
radio 9 13333
radio 9 13350
radio 9 13864
radio 9 13881
radio 9 14395
radio 9 14412
radio 9 14926
radio 9 15018
radio 9 15532
radio 9 15549
radio 9 16063
radio 9 16080
radio 9 16594
radio 9 16624
radio 9 17138
radio 9 17208
radio 9 17722
radio 9 17739
radio 9 18253
radio 9 18270
radio 9 18784
radio 9 18815
radio 9 19329
radio 9 19346
radio 9 19860
delay 2 0 9 19902 9 20657 0 6 6 0 65535 0 1
radio 9 20972
radio 9 21486
radio 9 21599
radio 9 22113
radio 9 22130
radio 9 22644
radio 9 22661
radio 9 23175
radio 9 23207
radio 9 23721
radio 9 23810
radio 9 24324
radio 9 24341
radio 9 24855
radio 9 24963
radio 9 25477
radio 9 25592
radio 9 26106
radio 9 26123
radio 9 26637
radio 9 26654
radio 9 27168
radio 9 27185
radio 9 27699
radio 9 27731
radio 9 28245
radio 9 28262
radio 9 28776
radio 9 28807
radio 9 29321
radio 9 29338
radio 9 29852
radio 9 29869
radio 9 30383
radio 9 30400
radio 9 30914
radio 9 30931
radio 9 31445
radio 9 31462
radio 9 31976
radio 9 31993
radio 9 32507
radio 9 32524
radio 9 33038
radio 9 33092
radio 9 33606
radio 9 33623
radio 9 34137
radio 9 34192
radio 9 34706
radio 9 34736
radio 9 35250
radio 9 35267
radio 9 35781
radio 9 35798
radio 9 36312
radio 9 36329
radio 9 36843
radio 9 36860
radio 9 37374
radio 9 37446
radio 9 37960
radio 9 37977
radio 9 38491
radio 9 38508
radio 9 39022
radio 9 39057
radio 9 39571
radio 9 39588
radio 9 40102
radio 9 40172
radio 9 40686
delay 3 0 9 40744 9 41503 0 6 6 0 360 0 1
radio 9 41809
radio 9 42322
radio 9 42356
radio 9 42870
radio 9 42904
radio 9 43418
radio 9 43449
radio 9 43963
radio 9 44017
radio 9 44531
radio 9 44586
radio 9 45100
radio 9 45117
radio 9 45631
radio 9 45660
radio 9 46174
radio 9 46191
radio 9 46705
radio 9 46778
radio 9 47292
radio 9 47309
radio 9 47823
radio 9 47840
radio 9 48354
radio 9 48371
radio 9 48885
radio 9 48902
radio 9 49416
radio 9 49433
radio 9 49947
radio 9 49964
radio 9 50478
radio 9 50553
radio 9 51067
radio 9 51084
radio 9 51598
radio 9 51615
radio 9 52129
radio 9 52146
radio 9 52660
radio 9 52677
radio 9 53191
radio 9 53240
radio 9 53754
radio 9 53803
radio 9 54317
radio 9 54334
radio 9 54848
radio 9 54879
radio 9 55393
radio 9 55410
radio 9 55924
radio 9 55941
radio 9 56455
radio 9 56527
radio 9 57041
radio 9 57058
radio 9 57572
radio 9 57589
radio 9 58103
radio 9 58120
radio 9 58634
radio 9 58664
radio 9 59178
radio 9 59251
radio 9 59765
radio 9 59782
radio 9 60296
radio 9 60313
radio 9 60827
radio 9 60862
radio 9 61376
delay 4 48 9 61392 9 61121 9 6 65535 0 73 0 1
radio 9 62466
radio 9 62979
radio 9 63031
radio 9 63545
radio 9 63577
radio 9 64091
radio 9 64127
radio 9 64641
radio 9 64669
radio 9 65183
radio 9 65237
radio 10 215
radio 10 232
radio 10 745
radio 10 778
energy 10 1207 7 25775
radio 10 1292
radio 10 1323
radio 10 1837
radio 10 1866
radio 10 2380
radio 10 2432
radio 10 2946
radio 10 2963
radio 10 3477
radio 10 3511
radio 10 4025
radio 10 4061
radio 10 4575
radio 10 4624
radio 10 5138
radio 10 5155
radio 10 5669
radio 10 5686
radio 10 6200
radio 10 6217
radio 10 6731
radio 10 6748
radio 10 7262
radio 10 7291
radio 10 7805
radio 10 7896
radio 10 8410
radio 10 8427
radio 10 8941
radio 10 8958
radio 10 9472
radio 10 9489
radio 10 10003
radio 10 10118
radio 10 10632
radio 10 10707
radio 10 11221
radio 10 11254
radio 10 11768
radio 10 11800
radio 10 12314
radio 10 12385
radio 10 12899
radio 10 12916
radio 10 13430
radio 10 13447
radio 10 13961
radio 10 13978
radio 10 14492
radio 10 14509
radio 10 15023
radio 10 15040
radio 10 15554
radio 10 15571
radio 10 16085
delay 5 0 10 16135 10 16895 0 6 6 0 328 0 1
radio 10 17205
radio 10 17718
radio 10 17751
radio 10 18265
radio 10 18282
radio 10 18796
radio 10 18813
radio 10 19327
radio 10 19344
radio 10 19858
radio 10 19875
radio 10 20389
radio 10 20419
radio 10 20933
radio 10 20981
radio 10 21495
radio 10 21530
radio 10 22044
radio 10 22061
radio 10 22575
radio 10 22592
radio 10 23106
radio 10 23123
radio 10 23637
radio 10 23710
radio 10 24224
radio 10 24241
radio 10 24755
radio 10 24785
radio 10 25299
radio 10 25316
radio 10 25830
radio 10 25847
radio 10 26361
radio 10 26436
radio 10 26950
radio 10 26967
radio 10 27481
radio 10 27498
radio 10 28012
radio 10 28127
radio 10 28641
radio 10 28658
radio 10 29172
radio 10 29189
radio 10 29703
radio 10 29739
radio 10 30253
radio 10 30270
radio 10 30784
radio 10 30801
radio 10 31315
radio 10 31332
radio 10 31846
radio 10 31863
radio 10 32377
radio 10 32408
radio 10 32922
radio 10 32939
radio 10 33453
radio 10 33470
radio 10 33984
radio 10 34001
radio 10 34515
radio 10 34532
radio 10 35046
radio 10 35063
radio 10 35577
radio 10 35594
radio 10 36108
radio 10 36125
radio 10 36639
delay 6 18 10 36698 10 37312 7 6 65535 0 213 0 1
radio 10 37775
radio 10 38289
radio 10 38321
radio 10 38835
radio 10 38909
radio 10 39423
radio 10 39440
radio 10 39954
radio 10 40006
radio 10 40520
radio 10 40552
radio 10 41066
radio 10 41099
radio 10 41613
radio 10 41630
radio 10 42144
radio 10 42194
radio 10 42708
radio 10 42741
radio 10 43255
radio 10 43323
radio 10 43837
radio 10 43854
radio 10 44368
radio 10 44385
radio 10 44899
radio 10 44916
radio 10 45430
radio 10 45447
radio 10 45961
radio 10 45978
radio 10 46492
radio 10 46509
radio 10 47023
radio 10 47091
radio 10 47605
radio 10 47622
radio 10 48136
radio 10 48165
radio 10 48679
radio 10 48710
radio 10 49224
radio 10 49295
radio 10 49809
radio 10 49842
radio 10 50356
radio 10 50373
radio 10 50887
radio 10 50918
radio 10 51432
radio 10 51449
radio 10 51963
radio 10 52035
radio 10 52549
radio 10 52566
radio 10 53080
radio 10 53097
radio 10 53611
radio 10 53628
radio 10 54142
radio 10 54159
radio 10 54673
radio 10 54728
radio 10 55242
radio 10 55273
radio 10 55787
radio 10 55804
radio 10 56318
radio 10 56349
radio 10 56863
delay 7 0 10 56908 10 57668 0 6 6 0 142 0 1
radio 10 57971
radio 10 58484
radio 10 58538
radio 10 59052
radio 10 59083
radio 10 59597
radio 10 59614
radio 10 60128
radio 10 60160
radio 10 60674
radio 10 60749
radio 10 61263
radio 10 61280
radio 10 61794
radio 10 61822
radio 10 62336
radio 10 62353
energy 10 62647 7 31708
radio 10 62867
radio 10 62938
radio 10 63452
radio 10 63489
radio 10 64003
radio 10 64020
radio 10 64534
radio 10 64564
radio 10 65078
radio 10 65095
radio 11 73
radio 11 126
radio 11 640
radio 11 671
radio 11 1185
radio 11 1215
radio 11 1729
radio 11 1746
radio 11 2260
radio 11 2288
radio 11 2802
radio 11 2895
radio 11 3409
radio 11 3440
radio 11 3954
radio 11 4026
radio 11 4540
radio 11 4557
radio 11 5071
radio 11 5146
radio 11 5660
radio 11 5696
radio 11 6210
radio 11 6227
radio 11 6741
radio 11 6811
radio 11 7325
radio 11 7355
radio 11 7869
radio 11 7886
radio 11 8400
radio 11 8431
radio 11 8945
radio 11 8977
radio 11 9491
radio 11 9508
radio 11 10022
radio 11 10093
radio 11 10607
radio 11 10675
radio 11 11189
radio 11 11206
radio 11 11720
delay 8 0 11 11747 11 12507 0 6 6 0 37 1 1
radio 11 12817
radio 11 13331
radio 11 13346
radio 11 13860
radio 11 13877
radio 11 14391
radio 11 14445
radio 11 14959
radio 11 15007
radio 11 15521
radio 11 15538
radio 11 16052
radio 11 16083
radio 11 16597
radio 11 16633
radio 11 17147
radio 11 17258
radio 11 17772
radio 11 17807
radio 11 18321
radio 11 18370
radio 11 18884
radio 11 18919
radio 11 19433
radio 11 19450
radio 11 19964
radio 11 20015
radio 11 20529
radio 11 20563
radio 11 21077
radio 11 21094
radio 11 21608
radio 11 21637
radio 11 22151
radio 11 22168
radio 11 22682
radio 11 22779
radio 11 23293
radio 11 23329
radio 11 23843
radio 11 23891
radio 11 24405
radio 11 24422
radio 11 24936
radio 11 24953
radio 11 25467
radio 11 25484
radio 11 25998
radio 11 26027
radio 11 26541
radio 11 26574
radio 11 27088
radio 11 27184
radio 11 27698
radio 11 27729
radio 11 28243
radio 11 28260
radio 11 28774
radio 11 28848
radio 11 29362
radio 11 29379
radio 11 29893
radio 11 29910
radio 11 30424
radio 11 30456
radio 11 30970
radio 11 31022
radio 11 31536
radio 11 31589
radio 11 32103
radio 11 32135
radio 11 32649
delay 9 6 11 32664 11 33245 9 6 65535 0 421 0 1
radio 11 33738
radio 11 34252
radio 11 34309
radio 11 34823
radio 11 34840
radio 11 35354
radio 11 35371
radio 11 35885
radio 11 35916
radio 11 36430
radio 11 36503
radio 11 37017
radio 11 37046
radio 11 37560
radio 11 37671
radio 11 38185
radio 11 38213
radio 11 38727
radio 11 38744
radio 11 39258
radio 11 39294
radio 11 39808
radio 11 39825
radio 11 40339
radio 11 40395
radio 11 40909
radio 11 40939
radio 11 41453
radio 11 41485
radio 11 41999
radio 11 42016
radio 11 42530
radio 11 42584
radio 11 43098
radio 11 43115
radio 11 43629
radio 11 43659
radio 11 44173
radio 11 44261
radio 11 44775
radio 11 44811
radio 11 45325
radio 11 45355
radio 11 45869
radio 11 45939
radio 11 46453
radio 11 46486
radio 11 47000
radio 11 47017
radio 11 47531
radio 11 47564
radio 11 48078
radio 11 48110
radio 11 48624
radio 11 48641
radio 11 49155
radio 11 49185
radio 11 49699
radio 11 49728
radio 11 50242
radio 11 50259
radio 11 50773
radio 11 50806
radio 11 51320
radio 11 51393
radio 11 51907
radio 11 51924
radio 11 52438
radio 11 52455
radio 11 52969
delay 10 35 11 53109 11 53184 7 6 65535 0 31 0 1
radio 11 54184
radio 11 54698
radio 11 54748
radio 11 55262
radio 11 55279
radio 11 55793
radio 11 55810
radio 11 56324
radio 11 56353
radio 11 56867
radio 11 56884
radio 11 57398
radio 11 57490
radio 11 58004
radio 11 58036
radio 11 58550
energy 11 58552 7 38325
radio 11 58628
radio 11 59142
radio 11 59176
radio 11 59690
radio 11 59720
radio 11 60234
radio 11 60306
radio 11 60820
radio 11 60852
radio 11 61366
radio 11 61383
radio 11 61897
radio 11 61914
radio 11 62428
radio 11 62478
radio 11 62992
radio 11 63009
radio 11 63523
radio 11 63571
radio 11 64085
radio 11 64102
radio 11 64616
radio 11 64633
radio 11 65147
radio 11 65177
radio 12 155
radio 12 183
radio 12 697
radio 12 728
radio 12 1242
radio 12 1270
radio 12 1784
radio 12 1818
radio 12 2332
radio 12 2361
radio 12 2875
radio 12 2948
radio 12 3462
radio 12 3479
radio 12 3993
radio 12 4029
radio 12 4543
radio 12 4596
radio 12 5110
radio 12 5159
radio 12 5673
radio 12 5701
radio 12 6215
radio 12 6243
radio 12 6757
radio 12 6788
radio 12 7302
radio 12 7350
radio 12 7864
delay 11 0 12 7894 12 8655 0 6 6 0 281 0 1
radio 12 8969
radio 12 9483
radio 12 9551
radio 12 10065
radio 12 10155
radio 12 10669
radio 12 10686
radio 12 11200
radio 12 11368
radio 12 11882
radio 12 11899
radio 12 12413
radio 12 12525
radio 12 13039
radio 12 13132
radio 12 13646
radio 12 13715
radio 12 14229
radio 12 14257
radio 12 14771
radio 12 14806
radio 12 15320
radio 12 15350
radio 12 15864
radio 12 15881
radio 12 16395
radio 12 16426
radio 12 16940
radio 12 16968
radio 12 17482
radio 12 17499
radio 12 18013
radio 12 18063
radio 12 18577
radio 12 18594
radio 12 19108
radio 12 19125
radio 12 19639
radio 12 19656
radio 12 20170
radio 12 20199
radio 12 20713
radio 12 20746
radio 12 21260
radio 12 21293
radio 12 21807
radio 12 21841
radio 12 22355
radio 12 22372
radio 12 22886
radio 12 22903
radio 12 23417
radio 12 23434
radio 12 23948
radio 12 23996
radio 12 24510
radio 12 24544
radio 12 25058
radio 12 25092
radio 12 25606
radio 12 25635
radio 12 26149
radio 12 26166
radio 12 26680
radio 12 26711
radio 12 27225
radio 12 27275
radio 12 27789
radio 12 27819
radio 12 28333
delay 12 0 12 28384 12 29145 0 6 6 0 290 0 1
radio 12 29450
radio 12 29964
radio 12 29997
radio 12 30511
radio 12 30545
radio 12 31059
radio 12 31091
radio 12 31605
radio 12 31655
radio 12 32169
radio 12 32218
radio 12 32732
radio 12 32749
radio 12 33263
radio 12 33280
radio 12 33794
radio 12 33823
radio 12 34337
radio 12 34366
radio 12 34880
radio 12 34897
radio 12 35411
radio 12 35524
radio 12 36038
radio 12 36094
radio 12 36608
radio 12 36625
radio 12 37139
radio 12 37156
radio 12 37670
radio 12 37758
radio 12 38272
radio 12 38303
radio 12 38817
radio 12 38834
radio 12 39348
radio 12 39365
radio 12 39879
radio 12 39896
radio 12 40410
radio 12 40427
radio 12 40941
radio 12 40972
radio 12 41486
radio 12 41503
radio 12 42017
radio 12 42034
radio 12 42548
radio 12 42565
radio 12 43079
radio 12 43132
radio 12 43646
radio 12 43678
radio 12 44192
radio 12 44263
radio 12 44777
radio 12 44794
radio 12 45308
radio 12 45337
radio 12 45851
radio 12 45868
radio 12 46382
radio 12 46413
radio 12 46927
radio 12 46959
radio 12 47473
radio 12 47522
radio 12 48036
radio 12 48066
radio 12 48580
delay 13 0 12 48595 12 49356 0 6 6 0 21 0 1
radio 12 49655
radio 12 50169
radio 12 50196
radio 12 50709
radio 12 50726
radio 12 51240
radio 12 51296
radio 12 51810
radio 12 51827
radio 12 52341
radio 12 52358
radio 12 52872
radio 12 52889
radio 12 53403
radio 12 53433
radio 12 53947
radio 12 53975
energy 12 54455 7 44674
radio 12 54489
radio 12 54523
radio 12 55037
radio 12 55054
radio 12 55568
radio 12 55585
radio 12 56099
radio 12 56116
radio 12 56630
radio 12 56647
radio 12 57161
radio 12 57196
radio 12 57710
radio 12 57739
radio 12 58253
radio 12 58283
radio 12 58797
radio 12 58814
radio 12 59328
radio 12 59345
radio 12 59859
radio 12 59889
radio 12 60403
radio 12 60420
radio 12 60934
radio 12 60963
radio 12 61477
radio 12 61494
radio 12 62008
radio 12 62060
radio 12 62574
radio 12 62591
radio 12 63105
radio 12 63122
radio 12 63636
radio 12 63653
radio 12 64167
radio 12 64200
radio 12 64714
radio 12 64747
radio 12 65261
radio 12 65278
radio 13 256
radio 13 327
radio 13 841
radio 13 858
radio 13 1371
radio 13 1404
radio 13 1918
radio 13 1948
radio 13 2462
radio 13 2490
radio 13 3004
radio 13 3097
radio 13 3611
delay 14 48 13 3706 13 3438 9 6 65535 0 132 0 1
radio 13 4767
radio 13 5280
radio 13 5468
radio 13 5982
radio 13 6091
radio 13 6605
radio 13 6622
radio 13 7136
radio 13 7186
radio 13 7700
radio 13 7774
radio 13 8288
radio 13 8322
radio 13 8836
radio 13 8865
radio 13 9379
radio 13 9450
radio 13 9964
radio 13 10020
radio 13 10534
radio 13 10643
radio 13 11157
radio 13 11193
radio 13 11707
radio 13 11740
radio 13 12254
radio 13 12283
radio 13 12797
radio 13 12828
radio 13 13342
radio 13 13359
radio 13 13873
radio 13 13890
radio 13 14404
radio 13 14497
radio 13 15011
radio 13 15028
radio 13 15542
radio 13 15559
radio 13 16073
radio 13 16090
radio 13 16604
radio 13 16654
radio 13 17168
radio 13 17185
radio 13 17699
radio 13 17730
radio 13 18244
radio 13 18276
radio 13 18790
radio 13 18826
radio 13 19340
radio 13 19371
radio 13 19885
radio 13 19937
radio 13 20451
radio 13 20485
radio 13 20999
radio 13 21016
radio 13 21530
radio 13 21547
radio 13 22061
radio 13 22078
radio 13 22592
radio 13 22762
radio 13 23276
radio 13 23293
radio 13 23807
radio 13 23824
radio 13 24338
delay 15 48 13 24387 13 24119 9 6 65535 0 373 0 1
radio 13 25454
radio 13 25968
radio 13 26003
radio 13 26517
radio 13 26549
radio 13 27063
radio 13 27080
radio 13 27594
radio 13 27626
radio 13 28140
radio 13 28172
radio 13 28686
radio 13 28742
radio 13 29256
radio 13 29284
radio 13 29798
radio 13 29815
radio 13 30329
radio 13 30346
radio 13 30860
radio 13 30890
radio 13 31404
radio 13 31438
radio 13 31952
radio 13 32002
radio 13 32516
radio 13 32545
radio 13 33059
radio 13 33091
radio 13 33605
radio 13 33673
radio 13 34187
radio 13 34217
radio 13 34731
radio 13 34762
radio 13 35276
radio 13 35310
radio 13 35824
radio 13 35841
radio 13 36355
radio 13 36372
radio 13 36886
radio 13 36903
radio 13 37417
radio 13 37453
radio 13 37967
radio 13 37984
radio 13 38498
radio 13 38515
radio 13 39029
radio 13 39046
radio 13 39560
radio 13 39649
radio 13 40163
radio 13 40196
radio 13 40710
radio 13 40727
radio 13 41241
radio 13 41258
radio 13 41772
radio 13 41789
radio 13 42303
radio 13 42375
radio 13 42889
radio 13 42906
radio 13 43420
radio 13 43437
radio 13 43951
radio 13 43986
radio 13 44500
delay 16 0 13 44516 13 45278 0 6 6 0 39 1 1
radio 13 45590
radio 13 46104
radio 13 46165
radio 13 46679
radio 13 46716
radio 13 47230
radio 13 47264
radio 13 47778
radio 13 47795
radio 13 48309
radio 13 48360
radio 13 48874
radio 13 48909
radio 13 49423
radio 13 49453
radio 13 49967
radio 13 49998
energy 13 50359 7 51112
radio 13 50512
radio 13 50584
radio 13 51098
radio 13 51134
radio 13 51648
radio 13 51665
radio 13 52179
radio 13 52229
radio 13 52743
radio 13 52779
radio 13 53293
radio 13 53330
radio 13 53844
radio 13 53861
radio 13 54375
radio 13 54392
radio 13 54906
radio 13 54977
radio 13 55491
radio 13 55561
radio 13 56075
radio 13 56092
radio 13 56606
radio 13 56623
radio 13 57137
radio 13 57154
radio 13 57668
radio 13 57699
radio 13 58213
radio 13 58230
radio 13 58744
radio 13 58761
radio 13 59275
radio 13 59307
radio 13 59821
radio 13 59852
radio 13 60366
radio 13 60395
radio 13 60909
radio 13 60942
radio 13 61456
radio 13 61507
radio 13 62021
radio 13 62049
radio 13 62563
radio 13 62616
radio 13 63130
radio 13 63159
radio 13 63673
radio 13 63710
radio 13 64224
radio 13 64292
radio 13 64806
radio 13 64823
radio 13 65337
delay 17 18 13 65352 14 436 7 6 65535 0 150 0 1
radio 14 898
radio 14 1412
radio 14 1481
radio 14 1995
radio 14 2012
radio 14 2526
radio 14 2543
radio 14 3057
radio 14 3165
radio 14 3679
radio 14 3710
radio 14 4224
radio 14 4241
radio 14 4755
radio 14 4772
radio 14 5286
radio 14 5361
radio 14 5875
radio 14 5892
radio 14 6406
radio 14 6423
radio 14 6937
radio 14 6965
radio 14 7479
radio 14 7511
radio 14 8025
radio 14 8057
radio 14 8571
radio 14 8588
radio 14 9102
radio 14 9119
radio 14 9633
radio 14 9650
radio 14 10164
radio 14 10181
radio 14 10695
radio 14 10729
radio 14 11243
radio 14 11278
radio 14 11792
radio 14 11861
radio 14 12375
radio 14 12392
radio 14 12906
radio 14 12942
radio 14 13456
radio 14 13487
radio 14 14001
radio 14 14018
radio 14 14532
radio 14 14562
radio 14 15076
radio 14 15108
radio 14 15622
radio 14 15670
radio 14 16184
radio 14 16201
radio 14 16715
radio 14 16764
radio 14 17278
radio 14 17326
radio 14 17840
radio 14 17871
radio 14 18385
radio 14 18439
radio 14 18953
radio 14 18988
radio 14 19502
radio 14 19535
radio 14 20049
delay 18 0 14 20150 14 20912 0 6 6 0 249 0 1
radio 14 21221
radio 14 21734
radio 14 21778
radio 14 22292
radio 14 22345
radio 14 22859
radio 14 22891
radio 14 23405
radio 14 23439
radio 14 23953
radio 14 24026
radio 14 24540
radio 14 24568
radio 14 25082
radio 14 25113
radio 14 25627
radio 14 25723
radio 14 26237
radio 14 26269
radio 14 26783
radio 14 26817
radio 14 27331
radio 14 27348
radio 14 27862
radio 14 27879
radio 14 28393
radio 14 28445
radio 14 28959
radio 14 28990
radio 14 29504
radio 14 29521
radio 14 30035
radio 14 30085
radio 14 30599
radio 14 30616
radio 14 31130
radio 14 31165
radio 14 31679
radio 14 31712
radio 14 32226
radio 14 32256
radio 14 32770
radio 14 32787
radio 14 33301
radio 14 33331
radio 14 33845
radio 14 33898
radio 14 34412
radio 14 34449
radio 14 34963
radio 14 34996
radio 14 35510
radio 14 35567
radio 14 36081
radio 14 36113
radio 14 36627
radio 14 36662
radio 14 37176
radio 14 37193
radio 14 37707
radio 14 37724
radio 14 38238
radio 14 38288
radio 14 38802
radio 14 38819
radio 14 39333
radio 14 39369
radio 14 39883
radio 14 39913
radio 14 40427
radio 14 40444
radio 14 40958
radio 14 41028
radio 14 41542
radio 14 41615
radio 14 42129
radio 14 42146
radio 14 42660
radio 14 42711
radio 14 43225
radio 14 43259
radio 14 43773
radio 14 43804
radio 14 44318
radio 14 44335
radio 14 44849
radio 14 44866
radio 14 45380
radio 14 45397
radio 14 45911
radio 14 45928
energy 14 46263 7 56413
radio 14 46442
radio 14 46476
radio 14 46990
radio 14 47018
radio 14 47532
radio 14 47549
radio 14 48063
radio 14 48092
radio 14 48606
radio 14 48623
radio 14 49137
radio 14 49154
radio 14 49668
radio 14 49685
radio 14 50199
radio 14 50250
radio 14 50764
radio 14 50799
radio 14 51313
radio 14 51330
radio 14 51844
radio 14 51918
radio 14 52432
radio 14 52461
radio 14 52975
radio 14 53007
radio 14 53521
radio 14 53570
radio 14 54084
radio 14 54136
radio 14 54650
radio 14 54667
radio 14 55181
radio 14 55198
radio 14 55712
radio 14 55744
radio 14 56258
radio 14 56275
radio 14 56789
radio 14 56843
radio 14 57357
radio 14 57391
radio 14 57905
radio 14 57922
radio 14 58436
radio 14 58453
radio 14 58967
radio 14 58984
radio 14 59498
radio 14 59533
radio 14 60047
radio 14 60122
radio 14 60636
radio 14 60665
radio 14 61179
delay 20 0 14 61225 14 61988 0 6 6 0 363 0 1
radio 14 62382
radio 14 62896
radio 14 62913
radio 14 63427
radio 14 63462
radio 14 63976
radio 14 64012
radio 14 64526
radio 14 64578
radio 14 65092
radio 14 65109
radio 15 87
radio 15 104
radio 15 617
radio 15 647
radio 15 1161
radio 15 1178
radio 15 1691
radio 15 1708
radio 15 2221
radio 15 2238
radio 15 2752
radio 15 2769
radio 15 3283
radio 15 3300
radio 15 3813
radio 15 3830
radio 15 4344
radio 15 4417
radio 15 4931
radio 15 4959
radio 15 5473
radio 15 5490
radio 15 6003
radio 15 6020
radio 15 6534
radio 15 6551
radio 15 7064
radio 15 7081
radio 15 7595
radio 15 7668
radio 15 8182
radio 15 8212
radio 15 8726
radio 15 8743
radio 15 9257
radio 15 9274
radio 15 9788
radio 15 9820
radio 15 10334
radio 15 10362
radio 15 10876
radio 15 10893
radio 15 11407
radio 15 11459
radio 15 11973
radio 15 12002
radio 15 12516
radio 15 12612
radio 15 13126
radio 15 13156
radio 15 13670
radio 15 13723
radio 15 14237
radio 15 14287
radio 15 14801
radio 15 14834
radio 15 15348
radio 15 15377
radio 15 15891
delay 21 0 15 15909 15 16672 0 6 6 0 103 0 1
radio 15 16975
radio 15 17489
radio 15 17513
radio 15 18027
radio 15 18044
radio 15 18558
radio 15 18575
radio 15 19089
radio 15 19106
radio 15 19620
radio 15 19637
radio 15 20151
radio 15 20181
radio 15 20695
radio 15 20712
radio 15 21226
radio 15 21300
radio 15 21814
radio 15 21844
radio 15 22358
radio 15 22375
radio 15 22889
radio 15 22906
radio 15 23420
radio 15 23451
radio 15 23965
radio 15 23982
radio 15 24496
radio 15 24552
radio 15 25066
radio 15 25121
radio 15 25635
radio 15 25704
radio 15 26218
radio 15 26235
radio 15 26749
radio 15 26766
radio 15 27280
radio 15 27309
radio 15 27823
radio 15 27853
radio 15 28367
radio 15 28384
radio 15 28898
radio 15 28953
radio 15 29467
radio 15 29503
radio 15 30017
radio 15 30034
radio 15 30548
radio 15 30565
radio 15 31079
radio 15 31096
radio 15 31610
radio 15 31681
radio 15 32195
radio 15 32212
radio 15 32726
radio 15 32760
radio 15 33274
radio 15 33304
radio 15 33818
radio 15 33870
radio 15 34384
radio 15 34417
radio 15 34931
radio 15 34963
radio 15 35477
radio 15 35494
radio 15 36008
radio 15 36125
radio 15 36639
delay 22 18 15 36657 15 37280 7 6 65535 0 355 0 1
radio 15 37773
radio 15 38287
radio 15 38303
radio 15 38817
radio 15 38852
radio 15 39366
radio 15 39400
radio 15 39914
radio 15 39968
radio 15 40482
radio 15 40499
radio 15 41013
radio 15 41030
radio 15 41544
radio 15 41577
radio 15 42091
radio 15 42166
energy 15 42168 7 62545
radio 15 42680
radio 15 42716
radio 15 43230
radio 15 43265
radio 15 43779
radio 15 43810
radio 15 44324
radio 15 44341
radio 15 44855
radio 15 44903
radio 15 45417
radio 15 45434
radio 15 45948
radio 15 46019
radio 15 46533
radio 15 46567
radio 15 47081
radio 15 47098
radio 15 47612
radio 15 47629
radio 15 48143
radio 15 48194
radio 15 48708
radio 15 48776
radio 15 49290
radio 15 49324
radio 15 49838
radio 15 49855
radio 15 50369
radio 15 50386
radio 15 50900
radio 15 50974
radio 15 51488
radio 15 51518
radio 15 52032
radio 15 52049
radio 15 52563
radio 15 52580
radio 15 53094
radio 15 53111
radio 15 53625
radio 15 53676
radio 15 54190
radio 15 54207
radio 15 54721
radio 15 54738
radio 15 55252
radio 15 55286
radio 15 55800
radio 15 55817
radio 15 56331
radio 15 56364
radio 15 56878
delay 23 18 15 56963 15 57587 7 6 65535 0 106 0 1
radio 15 58034
radio 15 58548
radio 15 58570
radio 15 59083
radio 15 59153
radio 15 59667
radio 15 59684
radio 15 60198
radio 15 60348
radio 15 60862
radio 15 60956
radio 15 61470
radio 15 61487
radio 15 62001
radio 15 62018
radio 15 62532
radio 15 62549
radio 15 63063
radio 15 63098
radio 15 63612
radio 15 63662
radio 15 64176
radio 15 64206
radio 15 64720
radio 15 64751
radio 15 65265
radio 15 65300
radio 16 278
radio 16 295
radio 16 808
radio 16 839
radio 16 1353
radio 16 1370
radio 16 1884
radio 16 1901
radio 16 2415
radio 16 2432
radio 16 2946
radio 16 2975
radio 16 3489
radio 16 3506
radio 16 4020
radio 16 4073
radio 16 4587
radio 16 4642
radio 16 5156
radio 16 5173
radio 16 5687
radio 16 5704
radio 16 6218
radio 16 6253
radio 16 6767
radio 16 6784
radio 16 7298
radio 16 7315
radio 16 7829
radio 16 7846
radio 16 8360
radio 16 8377
radio 16 8891
radio 16 8908
radio 16 9422
radio 16 9451
radio 16 9965
radio 16 9982
radio 16 10496
radio 16 10513
radio 16 11027
radio 16 11057
radio 16 11571
radio 16 11626
radio 16 12140
delay 24 0 16 12157 16 12921 0 6 6 0 446 0 1
radio 16 13226
radio 16 13740
radio 16 13773
radio 16 14287
radio 16 14304
radio 16 14818
radio 16 14853
radio 16 15367
radio 16 15398
radio 16 15912
radio 16 16003
radio 16 16517
radio 16 16552
radio 16 17066
radio 16 17118
radio 16 17632
radio 16 17663
radio 16 18177
radio 16 18194
radio 16 18708
radio 16 18803
radio 16 19317
radio 16 19346
radio 16 19860
radio 16 19936
radio 16 20450
radio 16 20467
radio 16 20981
radio 16 20998
radio 16 21512
radio 16 21529
radio 16 22043
radio 16 22073
radio 16 22587
radio 16 22661
radio 16 23175
radio 16 23206
radio 16 23720
radio 16 23752
radio 16 24266
radio 16 24357
radio 16 24871
radio 16 24905
radio 16 25419
radio 16 25494
radio 16 26008
radio 16 26025
radio 16 26539
radio 16 26575
radio 16 27089
radio 16 27122
radio 16 27636
radio 16 27670
radio 16 28184
radio 16 28201
radio 16 28715
radio 16 28732
radio 16 29246
radio 16 29263
radio 16 29777
radio 16 29794
radio 16 30308
radio 16 30339
radio 16 30853
radio 16 30922
radio 16 31436
radio 16 31472
radio 16 31986
radio 16 32003
radio 16 32517
delay 25 43 16 32559 16 32405 7 6 65535 0 331 0 1
radio 16 33629
radio 16 34143
radio 16 34160
radio 16 34674
radio 16 34730
radio 16 35244
radio 16 35261
radio 16 35775
radio 16 35792
radio 16 36306
radio 16 36339
radio 16 36853
radio 16 36924
radio 16 37438
radio 16 37455
radio 16 37969
radio 16 37986
energy 16 38071 8 3243
radio 16 38500
radio 16 38517
radio 16 39031
radio 16 39048
radio 16 39562
radio 16 39579
radio 16 40093
radio 16 40122
radio 16 40636
radio 16 40653
radio 16 41167
radio 16 41184
radio 16 41698
radio 16 41715
radio 16 42229
radio 16 42285
radio 16 42799
radio 16 42816
radio 16 43330
radio 16 43347
radio 16 43861
radio 16 43878
radio 16 44392
radio 16 44409
radio 16 44923
radio 16 45015
radio 16 45529
radio 16 45546
radio 16 46060
radio 16 46077
radio 16 46591
radio 16 46620
radio 16 47134
radio 16 47166
radio 16 47680
radio 16 47734
radio 16 48248
radio 16 48265
radio 16 48779
radio 16 48810
radio 16 49324
radio 16 49400
radio 16 49914
radio 16 49931
radio 16 50445
radio 16 50462
radio 16 50976
radio 16 50993
radio 16 51507
radio 16 51524
radio 16 52038
radio 16 52055
radio 16 52569
radio 16 52597
radio 16 53111
delay 26 45 16 53237 16 53008 11 6 65535 0 215 0 1
radio 16 54314
radio 16 54828
radio 16 54845
radio 16 55359
radio 16 55410
radio 16 55924
radio 16 55941
radio 16 56455
radio 16 56586
radio 16 57100
radio 16 57117
radio 16 57631
radio 16 57648
radio 16 58162
radio 16 58238
radio 16 58752
radio 16 58769
radio 16 59283
radio 16 59314
radio 16 59828
radio 16 59857
radio 16 60371
radio 16 60428
radio 16 60942
radio 16 60959
radio 16 61473
radio 16 61504
radio 16 62018
radio 16 62050
radio 16 62564
radio 16 62581
radio 16 63095
radio 16 63113
radio 16 63626
radio 16 63643
radio 16 64157
radio 16 64174
radio 16 64688
radio 16 64705
radio 16 65219
radio 16 65248
radio 17 226
radio 17 276
radio 17 790
radio 17 818
radio 17 1332
radio 17 1386
radio 17 1900
radio 17 1917
radio 17 2431
radio 17 2448
radio 17 2962
radio 17 3075
radio 17 3589
radio 17 3621
radio 17 4135
radio 17 4169
radio 17 4683
radio 17 4700
radio 17 5214
radio 17 5231
radio 17 5745
radio 17 5762
radio 17 6276
radio 17 6304
radio 17 6818
radio 17 6854
radio 17 7368
radio 17 7385
radio 17 7899
delay 27 18 17 7917 17 8543 7 6 65535 0 231 0 1
radio 17 9001
radio 17 9514
radio 17 9531
radio 17 10045
radio 17 10062
radio 17 10576
radio 17 10593
radio 17 11107
radio 17 11124
radio 17 11638
radio 17 11667
radio 17 12181
radio 17 12198
radio 17 12712
radio 17 12742
radio 17 13256
radio 17 13273
radio 17 13787
radio 17 13815
radio 17 14329
radio 17 14378
radio 17 14892
radio 17 14909
radio 17 15423
radio 17 15440
radio 17 15954
radio 17 15971
radio 17 16485
radio 17 16502
radio 17 17016
radio 17 17033
radio 17 17547
radio 17 17575
radio 17 18089
radio 17 18106
radio 17 18620
radio 17 18637
radio 17 19151
radio 17 19202
radio 17 19716
radio 17 19733
radio 17 20247
radio 17 20264
radio 17 20778
radio 17 20795
radio 17 21309
radio 17 21326
radio 17 21840
radio 17 21874
radio 17 22388
radio 17 22405
radio 17 22919
radio 17 22936
radio 17 23450
radio 17 23527
radio 17 24041
radio 17 24058
radio 17 24572
radio 17 24603
radio 17 25117
radio 17 25150
radio 17 25664
radio 17 25681
radio 17 26195
radio 17 26212
radio 17 26726
radio 17 26755
radio 17 27269
radio 17 27300
radio 17 27814
radio 17 27844
radio 17 28358
delay 28 33 17 28457 17 28594 18 6 65535 0 305 0 1
radio 17 29527
radio 17 30041
radio 17 30069
radio 17 30583
radio 17 30600
radio 17 31114
radio 17 31170
radio 17 31684
radio 17 31733
radio 17 32247
radio 17 32264
radio 17 32778
radio 17 32795
radio 17 33309
radio 17 33359
radio 17 33873
radio 17 33890
energy 17 33975 8 9040
radio 17 34404
radio 17 34512
radio 17 35026
radio 17 35043
radio 17 35557
radio 17 35574
radio 17 36088
radio 17 36105
radio 17 36619
radio 17 36636
radio 17 37150
radio 17 37167
radio 17 37681
radio 17 37698
radio 17 38212
radio 17 38260
radio 17 38774
radio 17 38823
radio 17 39337
radio 17 39371
radio 17 39885
radio 17 39938
radio 17 40452
radio 17 40501
radio 17 41015
radio 17 41032
radio 17 41546
radio 17 41563
radio 17 42077
radio 17 42094
radio 17 42608
radio 17 42642
radio 17 43156
radio 17 43173
radio 17 43687
radio 17 43756
radio 17 44270
radio 17 44287
radio 17 44801
radio 17 44836
radio 17 45350
radio 17 45378
radio 17 45892
radio 17 45942
radio 17 46456
radio 17 46485
radio 17 46999
radio 17 47016
radio 17 47530
radio 17 47547
radio 17 48061
radio 17 48078
radio 17 48592
delay 29 0 17 48624 17 49389 0 6 6 0 50 0 1
radio 17 49701
radio 17 50215
radio 17 50232
radio 17 50746
radio 17 50781
radio 17 51295
radio 17 51312
radio 17 51826
radio 17 51895
radio 17 52409
radio 17 52561
radio 17 53075
radio 17 53107
radio 17 53621
radio 17 53650
radio 17 54164
radio 17 54232
radio 17 54746
radio 17 54783
radio 17 55297
radio 17 55327
radio 17 55841
radio 17 55858
radio 17 56372
radio 17 56400
radio 17 56914
radio 17 56964
radio 17 57478
radio 17 57513
radio 17 58027
radio 17 58044
radio 17 58558
radio 17 58590
radio 17 59104
radio 17 59153
radio 17 59667
radio 17 59718
radio 17 60232
radio 17 60267
radio 17 60781
radio 17 60836
radio 17 61350
radio 17 61386
radio 17 61900
radio 17 61934
radio 17 62448
radio 17 62465
radio 17 62979
radio 17 62996
radio 17 63510
radio 17 63564
radio 17 64078
radio 17 64109
radio 17 64623
radio 17 64652
radio 17 65166
radio 17 65196
radio 18 174
radio 18 230
radio 18 744
radio 18 761
radio 18 1274
radio 18 1291
radio 18 1805
radio 18 1833
radio 18 2347
radio 18 2364
radio 18 2878
radio 18 2911
radio 18 3425
radio 18 3442
radio 18 3956
delay 30 18 18 4009 18 4636 7 6 65535 0 399 0 1
radio 18 5083
radio 18 5597
radio 18 5626
radio 18 6140
radio 18 6157
radio 18 6671
radio 18 6725
radio 18 7239
radio 18 7269
radio 18 7783
radio 18 7800
radio 18 8314
radio 18 8331
radio 18 8845
radio 18 8862
radio 18 9376
radio 18 9425
radio 18 9939
radio 18 9956
radio 18 10470
radio 18 10499
radio 18 11013
radio 18 11030
radio 18 11544
radio 18 11580
radio 18 12094
radio 18 12149
radio 18 12663
radio 18 12717
radio 18 13231
radio 18 13248
radio 18 13762
radio 18 13779
radio 18 14293
radio 18 14322
radio 18 14836
radio 18 14864
radio 18 15378
radio 18 15395
radio 18 15909
radio 18 15926
radio 18 16440
radio 18 16457
radio 18 16971
radio 18 16988
radio 18 17502
radio 18 17519
radio 18 18033
radio 18 18064
radio 18 18578
radio 18 18595
radio 18 19109
radio 18 19126
radio 18 19640
radio 18 19669
radio 18 20183
radio 18 20212
radio 18 20726
radio 18 20743
radio 18 21257
radio 18 21274
radio 18 21788
radio 18 21805
radio 18 22319
radio 18 22336
radio 18 22850
radio 18 22882
radio 18 23396
radio 18 23413
radio 18 23927
radio 18 23957
radio 18 24471
delay 31 46 18 24685 18 24468 12 6 65535 0 592 0 1
radio 18 25761
radio 18 26275
radio 18 26292
radio 18 26806
radio 18 26823
radio 18 27337
radio 18 27354
radio 18 27868
radio 18 27904
radio 18 28418
radio 18 28435
radio 18 28949
radio 18 28966
radio 18 29480
radio 18 29497
energy 18 29879 8 15061
