Thread[Thread-1,5,main]tree 12 7 0 14 0 0
radio 6 59575
radio 6 59579
radio 6 59648
radio 6 60162
radio 6 60179
radio 6 60693
radio 6 60722
radio 6 61236
radio 6 61306
radio 6 61820
radio 6 61837
radio 6 62351
radio 6 62368
radio 6 62882
radio 6 62911
radio 6 63425
radio 6 63455
radio 6 63969
radio 6 63986
radio 6 64500
radio 6 64517
radio 6 65031
radio 6 65080
radio 7 58
radio 7 91
radio 7 604
radio 7 639
radio 7 1152
radio 7 1186
radio 7 1700
radio 7 1728
radio 7 2242
radio 7 2275
radio 7 2789
radio 7 2806
radio 7 3319
radio 7 3336
radio 7 3849
radio 7 3866
radio 7 4379
radio 7 4396
radio 7 4909
radio 7 4926
radio 7 5439
radio 7 5473
radio 7 5987
radio 7 6004
radio 7 6517
radio 7 6534
radio 7 7047
radio 7 7097
radio 7 7611
radio 7 7628
radio 7 8141
radio 7 8158
radio 7 8671
radio 7 8704
radio 7 9218
radio 7 9235
radio 7 9748
radio 7 9784
radio 7 10298
radio 7 10315
radio 7 10829
radio 7 10846
radio 7 11360
radio 7 11377
radio 7 11891
radio 7 11926
radio 7 12440
radio 7 12457
radio 7 12971
radio 7 12988
radio 7 13502
radio 7 13534
radio 7 14048
radio 7 14119
radio 7 14633
radio 7 14650
radio 7 15164
radio 7 15181
radio 7 15695
radio 7 15726
radio 7 16240
radio 7 16270
radio 7 16784
radio 7 16817
radio 7 17331
radio 7 17348
radio 7 17862
radio 7 17879
radio 7 18393
radio 7 18410
radio 7 18924
radio 7 18941
radio 7 19455
radio 7 19472
radio 7 19986
radio 7 20003
radio 7 20517
radio 7 20534
radio 7 21048
radio 7 21065
radio 7 21579
radio 7 21607
radio 7 22121
radio 7 22157
radio 7 22671
radio 7 22688
radio 7 23202
radio 7 23270
radio 7 23784
radio 7 23817
radio 7 24331
radio 7 24366
radio 7 24880
radio 7 24935
radio 7 25449
radio 7 25479
radio 7 25993
radio 7 26010
radio 7 26524
radio 7 26597
radio 7 27111
radio 7 27128
radio 7 27642
radio 7 27659
radio 7 28173
radio 7 28190
radio 7 28704
radio 7 28721
radio 7 29235
radio 7 29252
radio 7 29766
radio 7 29783
radio 7 30297
radio 7 30314
radio 7 30828
radio 7 30901
radio 7 31415
radio 7 31432
radio 7 31946
radio 7 32002
radio 7 32516
radio 7 32624
radio 7 33138
radio 7 33187
radio 7 33701
radio 7 33718
radio 7 34232
radio 7 34288
radio 7 34802
radio 7 34819
radio 7 35333
radio 7 35390
radio 7 35904
radio 7 35921
radio 7 36435
radio 7 36452
radio 7 36966
radio 7 36998
radio 7 37512
radio 7 37529
radio 7 38043
radio 7 38074
radio 7 38588
radio 7 38679
radio 7 39193
radio 7 39210
radio 7 39724
radio 7 39741
radio 7 40255
radio 7 40349
radio 7 40863
radio 7 40880
radio 7 41394
radio 7 41411
radio 7 41925
radio 7 41942
radio 7 42456
radio 7 42473
radio 7 42987
radio 7 43004
radio 7 43518
radio 7 43549
radio 7 44063
radio 7 44080
radio 7 44594
radio 7 44611
radio 7 45125
radio 7 45142
radio 7 45656
radio 7 45673
radio 7 46187
radio 7 46238
radio 7 46752
radio 7 46769
radio 7 47283
radio 7 47300
radio 7 47814
radio 7 47831
radio 7 48345
radio 7 48373
radio 7 48887
radio 7 48935
radio 7 49449
radio 7 49466
radio 7 49980
radio 7 50012
radio 7 50526
radio 7 50556
radio 7 51070
radio 7 51087
radio 7 51601
radio 7 51630
radio 7 52144
radio 7 52161
radio 7 52675
radio 7 52692
radio 7 53206
radio 7 53238
radio 7 53752
radio 7 53769
radio 7 54283
radio 7 54315
radio 7 54829
radio 7 54846
radio 7 55360
radio 7 55450
energy 7 55491 6 62220
radio 7 55964
radio 7 55996
radio 7 56510
radio 7 56527
radio 7 57041
radio 7 57112
radio 7 57626
radio 7 57658
radio 7 58172
radio 7 58282
radio 7 58796
radio 7 58828
radio 7 59342
radio 7 59371
radio 7 59885
radio 7 59902
radio 7 60416
radio 7 60433
radio 7 60947
radio 7 61001
radio 7 61515
radio 7 61548
radio 7 62062
radio 7 62094
radio 7 62608
radio 7 62625
radio 7 63139
radio 7 63156
radio 7 63670
radio 7 63687
radio 7 64201
radio 7 64218
radio 7 64732
radio 7 64781
radio 7 65295
radio 7 65312
radio 8 290
radio 8 318
radio 8 831
radio 8 920
radio 8 1433
radio 8 1450
radio 8 1963
radio 8 1980
radio 8 2493
radio 8 2510
radio 8 3023
radio 8 3040
radio 8 3553
radio 8 3570
radio 8 4083
radio 8 4100
radio 8 4613
radio 8 4701
radio 8 5215
radio 8 5250
radio 8 5764
radio 8 5781
radio 8 6294
radio 8 6365
radio 8 6879
radio 8 6911
radio 8 7425
radio 8 7442
radio 8 7955
radio 8 7972
radio 8 8485
radio 8 8502
radio 8 9015
radio 8 9032
radio 8 9545
radio 8 9562
radio 8 10075
radio 8 10092
radio 8 10606
radio 8 10623
radio 8 11137
radio 8 11169
radio 8 11683
radio 8 11700
radio 8 12214
radio 8 12244
radio 8 12758
radio 8 12792
radio 8 13306
radio 8 13335
radio 8 13849
radio 8 13866
radio 8 14380
radio 8 14397
radio 8 14911
radio 8 14960
radio 8 15474
radio 8 15491
radio 8 16005
radio 8 16022
radio 8 16536
radio 8 16553
radio 8 17067
radio 8 17097
radio 8 17611
radio 8 17628
radio 8 18142
radio 8 18174
radio 8 18688
radio 8 18705
radio 8 19219
radio 8 19236
radio 8 19750
radio 8 19783
radio 8 20297
radio 8 20330
radio 8 20844
radio 8 20872
radio 8 21386
radio 8 21403
radio 8 21917
radio 8 21949
radio 8 22463
radio 8 22480
radio 8 22994
radio 8 23011
radio 8 23525
radio 8 23542
radio 8 24056
radio 8 24073
radio 8 24587
radio 8 24735
radio 8 25249
radio 8 25266
radio 8 25780
radio 8 25797
radio 8 26311
radio 8 26328
radio 8 26842
radio 8 26950
radio 8 27464
radio 8 27481
radio 8 27995
radio 8 28090
radio 8 28604
radio 8 28621
radio 8 29135
radio 8 29152
radio 8 29666
radio 8 29683
radio 8 30197
radio 8 30252
radio 8 30766
radio 8 30783
radio 8 31297
radio 8 31326
radio 8 31840
radio 8 31857
radio 8 32371
radio 8 32401
radio 8 32915
radio 8 32932
radio 8 33446
radio 8 33463
radio 8 33977
radio 8 34029
radio 8 34543
radio 8 34560
radio 8 35074
radio 8 35091
radio 8 35605
radio 8 35622
radio 8 36136
radio 8 36170
radio 8 36684
radio 8 36701
radio 8 37215
radio 8 37232
radio 8 37746
radio 8 37818
radio 8 38332
radio 8 38349
radio 8 38863
radio 8 38880
radio 8 39394
radio 8 39411
radio 8 39925
radio 8 39974
radio 8 40488
radio 8 40505
radio 8 41019
radio 8 41071
radio 8 41585
radio 8 41621
radio 8 42135
radio 8 42226
radio 8 42740
radio 8 42757
radio 8 43271
radio 8 43301
radio 8 43815
radio 8 43847
radio 8 44361
radio 8 44393
radio 8 44907
radio 8 44924
radio 8 45438
radio 8 45467
radio 8 45981
radio 8 45998
radio 8 46512
radio 8 46529
radio 8 47043
radio 8 47060
radio 8 47574
radio 8 47591
radio 8 48105
radio 8 48122
radio 8 48636
radio 8 48654
radio 8 49167
radio 8 49184
radio 8 49698
radio 8 49715
radio 8 50229
radio 8 50300
radio 8 50814
radio 8 50831
radio 8 51345
radio 8 51362
energy 8 51395 6 64908
radio 8 51876
radio 8 51893
radio 8 52407
radio 8 52424
radio 8 52938
radio 8 52955
radio 8 53469
radio 8 53486
radio 8 54000
radio 8 54017
radio 8 54531
radio 8 54562
radio 8 55076
radio 8 55093
radio 8 55607
radio 8 55659
radio 8 56173
radio 8 56190
radio 8 56704
radio 8 56721
radio 8 57235
radio 8 57252
radio 8 57766
radio 8 57783
radio 8 58297
radio 8 58372
radio 8 58886
radio 8 58903
radio 8 59417
radio 8 59446
radio 8 59960
radio 8 59977
radio 8 60491
radio 8 60526
radio 8 61040
radio 8 61057
radio 8 61571
radio 8 61588
radio 8 62102
radio 8 62119
radio 8 62633
radio 8 62650
radio 8 63164
radio 8 63212
radio 8 63726
radio 8 63743
radio 8 64257
radio 8 64274
radio 8 64788
radio 8 64805
radio 8 65319
delay 1 42 8 65367 8 65146 9 7 65535 0 335 0 0
radio 8 65375
radio 9 353
radio 9 540
radio 9 1053
radio 9 1083
radio 9 1597
radio 9 1614
radio 9 2127
radio 9 2144
radio 9 2657
radio 9 2705
radio 9 3219
radio 9 3236
radio 9 3749
radio 9 3766
radio 9 4280
radio 9 4308
radio 9 4822
radio 9 4894
radio 9 5408
radio 9 5425
radio 9 5938
radio 9 5955
radio 9 6468
radio 9 6485
radio 9 6998
radio 9 7027
radio 9 7541
radio 9 7573
radio 9 8087
radio 9 8104
radio 9 8617
radio 9 8634
radio 9 9147
radio 9 9196
radio 9 9710
radio 9 9727
radio 9 10240
radio 9 10257
radio 9 10771
radio 9 10788
radio 9 11302
radio 9 11319
radio 9 11833
radio 9 11867
radio 9 12381
radio 9 12409
radio 9 12923
radio 9 12953
radio 9 13467
radio 9 13499
radio 9 14013
radio 9 14030
radio 9 14544
radio 9 14576
radio 9 15090
radio 9 15107
radio 9 15621
radio 9 15638
radio 9 16152
radio 9 16169
radio 9 16683
radio 9 16713
radio 9 17227
radio 9 17244
radio 9 17758
radio 9 17775
radio 9 18289
radio 9 18318
radio 9 18832
radio 9 18882
radio 9 19396
radio 9 19413
radio 9 19927
delay 2 24 9 19949 9 20194 6 7 1 0 287 0 0
radio 9 19957
radio 9 20471
radio 9 20487
radio 9 21001
radio 9 21024
radio 9 21538
radio 9 21588
radio 9 22102
radio 9 22196
radio 9 22710
radio 9 22739
radio 9 23253
radio 9 23282
radio 9 23796
radio 9 23813
radio 9 24327
radio 9 24361
radio 9 24875
radio 9 24930
radio 9 25444
radio 9 25461
radio 9 25975
radio 9 26009
radio 9 26523
radio 9 26652
radio 9 27166
radio 9 27194
radio 9 27708
radio 9 27725
radio 9 28239
radio 9 28288
radio 9 28802
radio 9 28819
radio 9 29333
radio 9 29350
radio 9 29864
radio 9 29881
radio 9 30395
radio 9 30412
radio 9 30926
radio 9 30955
radio 9 31469
radio 9 31486
radio 9 32000
radio 9 32017
radio 9 32531
radio 9 32548
radio 9 33062
radio 9 33079
radio 9 33593
radio 9 33626
radio 9 34140
radio 9 34157
radio 9 34671
radio 9 34688
radio 9 35202
radio 9 35219
radio 9 35733
radio 9 35750
radio 9 36264
radio 9 36294
radio 9 36808
radio 9 36840
radio 9 37354
radio 9 37371
radio 9 37885
radio 9 37959
radio 9 38473
radio 9 38490
radio 9 39004
radio 9 39038
radio 9 39552
radio 9 39569
radio 9 40083
radio 9 40131
radio 9 40645
delay 3 18 9 40663 9 41527 7 7 65535 0 82 0 0
radio 9 40671
radio 9 41185
radio 9 41203
radio 9 41716
radio 9 41741
radio 9 42254
radio 9 42345
radio 9 42859
radio 9 42888
radio 9 43402
radio 9 43419
radio 9 43933
radio 9 43950
radio 9 44464
radio 9 44494
radio 9 45008
radio 9 45025
radio 9 45539
radio 9 45556
radio 9 46070
radio 9 46087
radio 9 46601
radio 9 46630
radio 9 47144
radio 9 47161
energy 9 47299 7 1946
radio 9 47675
radio 9 47692
radio 9 48206
radio 9 48239
radio 9 48753
radio 9 48770
radio 9 49284
radio 9 49301
radio 9 49815
radio 9 49863
radio 9 50377
radio 9 50394
radio 9 50908
radio 9 50943
radio 9 51457
radio 9 51474
radio 9 51988
radio 9 52005
radio 9 52519
radio 9 52536
radio 9 53050
radio 9 53101
radio 9 53615
radio 9 53664
radio 9 54178
radio 9 54195
radio 9 54709
radio 9 54726
radio 9 55240
radio 9 55296
radio 9 55810
radio 9 55841
radio 9 56355
radio 9 56390
radio 9 56904
radio 9 56934
radio 9 57448
radio 9 57482
radio 9 57996
radio 9 58028
radio 9 58542
radio 9 58592
radio 9 59106
radio 9 59142
radio 9 59656
radio 9 59684
radio 9 60198
radio 9 60215
radio 9 60729
delay 4 0 9 60744 9 61755 0 7 7 0 133 0 0
radio 9 60752
radio 9 61266
radio 9 61336
radio 9 61849
radio 9 61865
radio 9 62379
radio 9 62396
radio 9 62910
radio 9 62927
radio 9 63441
radio 9 63533
radio 9 64047
radio 9 64076
radio 9 64590
radio 9 64620
radio 9 65134
radio 9 65151
radio 10 129
radio 10 160
radio 10 674
radio 10 708
radio 10 1222
radio 10 1239
radio 10 1753
radio 10 1770
radio 10 2284
radio 10 2301
radio 10 2815
radio 10 2832
radio 10 3346
radio 10 3363
radio 10 3877
radio 10 3967
radio 10 4481
radio 10 4531
radio 10 5045
radio 10 5062
radio 10 5576
radio 10 5632
radio 10 6146
radio 10 6176
radio 10 6690
radio 10 6707
radio 10 7221
radio 10 7238
radio 10 7752
radio 10 7769
radio 10 8283
radio 10 8356
radio 10 8870
radio 10 8926
radio 10 9440
radio 10 9472
radio 10 9986
radio 10 10057
radio 10 10571
radio 10 10601
radio 10 11115
radio 10 11210
radio 10 11724
radio 10 11741
radio 10 12255
radio 10 12272
radio 10 12786
radio 10 12862
radio 10 13376
radio 10 13393
radio 10 13907
radio 10 13924
radio 10 14438
radio 10 14455
radio 10 14969
radio 10 14998
radio 10 15512
radio 10 15529
radio 10 16043
delay 5 24 10 16176 10 16420 6 7 1 0 280 0 0
radio 10 16185
radio 10 16698
radio 10 16748
radio 10 17262
radio 10 17377
radio 10 17891
radio 10 18019
radio 10 18533
radio 10 18565
radio 10 19079
radio 10 19096
radio 10 19610
radio 10 19681
radio 10 20195
radio 10 20212
radio 10 20726
radio 10 20762
radio 10 21276
radio 10 21308
radio 10 21822
radio 10 21856
radio 10 22370
radio 10 22387
radio 10 22901
radio 10 22918
radio 10 23432
radio 10 23449
radio 10 23963
radio 10 23980
radio 10 24494
radio 10 24525
radio 10 25039
radio 10 25056
radio 10 25570
radio 10 25660
radio 10 26174
radio 10 26191
radio 10 26705
radio 10 26738
radio 10 27252
radio 10 27281
radio 10 27795
radio 10 27824
radio 10 28338
radio 10 28355
radio 10 28869
radio 10 28886
radio 10 29400
radio 10 29469
radio 10 29983
radio 10 30032
radio 10 30546
radio 10 30598
radio 10 31112
radio 10 31129
radio 10 31643
radio 10 31660
radio 10 32174
radio 10 32205
radio 10 32719
radio 10 32789
radio 10 33303
radio 10 33320
radio 10 33834
radio 10 33864
radio 10 34378
radio 10 34413
radio 10 34927
radio 10 34944
radio 10 35458
radio 10 35475
radio 10 35989
radio 10 36006
radio 10 36520
delay 6 42 10 36594 10 36373 9 7 65535 0 132 0 0
radio 10 36602
radio 10 37116
radio 10 37138
radio 10 37652
radio 10 37683
radio 10 38197
radio 10 38249
radio 10 38763
radio 10 38780
radio 10 39294
radio 10 39311
radio 10 39825
radio 10 39842
radio 10 40356
radio 10 40392
radio 10 40906
radio 10 40923
radio 10 41437
radio 10 41454
radio 10 41968
radio 10 41985
radio 10 42499
radio 10 42568
radio 10 43082
radio 10 43099
energy 10 43203 7 5180
radio 10 43613
radio 10 43645
radio 10 44159
radio 10 44234
radio 10 44748
radio 10 44765
radio 10 45279
radio 10 45296
radio 10 45810
radio 10 45827
radio 10 46341
radio 10 46370
radio 10 46884
radio 10 46952
radio 10 47466
radio 10 47483
radio 10 47997
radio 10 48026
radio 10 48540
radio 10 48632
radio 10 49146
radio 10 49174
radio 10 49688
radio 10 49724
radio 10 50238
radio 10 50255
radio 10 50769
radio 10 50786
radio 10 51300
radio 10 51376
radio 10 51890
radio 10 51923
radio 10 52437
radio 10 52465
radio 10 52979
radio 10 53012
radio 10 53526
radio 10 53559
radio 10 54073
radio 10 54090
radio 10 54604
radio 10 54621
radio 10 55135
radio 10 55152
radio 10 55666
radio 10 55696
radio 10 56210
radio 10 56239
radio 10 56753
delay 7 42 10 56924 10 56703 9 7 65535 0 192 0 0
radio 10 56932
radio 10 57446
radio 10 57462
radio 10 57976
radio 10 58116
radio 10 58630
radio 10 58647
radio 10 59161
radio 10 59229
radio 10 59743
radio 10 59776
radio 10 60290
radio 10 60307
radio 10 60821
radio 10 60857
radio 10 61371
radio 10 61420
radio 10 61934
radio 10 61964
radio 10 62478
radio 10 62495
radio 10 63009
radio 10 63039
radio 10 63553
radio 10 63581
radio 10 64095
radio 10 64151
radio 10 64665
radio 10 64682
radio 10 65196
radio 10 65213
radio 11 191
radio 11 208
radio 11 721
radio 11 738
radio 11 1251
radio 11 1282
radio 11 1796
radio 11 1813
radio 11 2327
radio 11 2344
radio 11 2858
radio 11 2889
radio 11 3403
radio 11 3420
radio 11 3934
radio 11 3951
radio 11 4465
radio 11 4519
radio 11 5033
radio 11 5050
radio 11 5564
radio 11 5654
radio 11 6168
radio 11 6185
radio 11 6699
radio 11 6716
radio 11 7230
radio 11 7259
radio 11 7773
radio 11 7790
radio 11 8304
radio 11 8321
radio 11 8835
radio 11 8884
radio 11 9398
radio 11 9427
radio 11 9941
radio 11 9958
radio 11 10472
radio 11 10489
radio 11 11003
radio 11 11094
radio 11 11608
delay 8 23 11 11679 11 12342 9 7 65535 0 22 0 0
radio 11 11687
radio 11 12202
radio 11 12484
radio 11 12998
radio 11 13014
radio 11 13527
radio 11 13616
radio 11 14130
radio 11 14160
radio 11 14674
radio 11 14691
radio 11 15205
radio 11 15222
radio 11 15736
radio 11 15765
radio 11 16279
radio 11 16348
radio 11 16862
radio 11 16879
radio 11 17393
radio 11 17421
radio 11 17935
radio 11 17952
radio 11 18466
radio 11 18495
radio 11 19009
radio 11 19026
radio 11 19540
radio 11 19591
radio 11 20105
radio 11 20122
radio 11 20636
radio 11 20666
radio 11 21180
radio 11 21252
radio 11 21766
radio 11 21783
radio 11 22297
radio 11 22314
radio 11 22828
radio 11 22860
radio 11 23374
radio 11 23424
radio 11 23938
radio 11 23967
radio 11 24481
radio 11 24509
radio 11 25023
radio 11 25058
radio 11 25572
radio 11 25589
radio 11 26103
radio 11 26136
radio 11 26650
radio 11 26679
radio 11 27193
radio 11 27210
radio 11 27724
radio 11 27741
radio 11 28255
radio 11 28285
radio 11 28799
radio 11 28816
radio 11 29330
radio 11 29379
radio 11 29893
radio 11 29922
radio 11 30436
radio 11 30453
radio 11 30967
radio 11 30984
radio 11 31498
radio 11 31515
radio 11 32029
delay 9 0 11 32135 11 33146 0 7 7 0 195 0 0
radio 11 32143
radio 11 32657
radio 11 32675
radio 11 33189
radio 11 33204
radio 11 33717
radio 11 33734
radio 11 34248
radio 11 34277
radio 11 34791
radio 11 34819
radio 11 35333
radio 11 35350
radio 11 35864
radio 11 35881
radio 11 36395
radio 11 36412
radio 11 36926
radio 11 37002
radio 11 37516
radio 11 37533
radio 11 38047
radio 11 38158
radio 11 38672
radio 11 38689
energy 11 39107 7 8586
radio 11 39203
radio 11 39220
radio 11 39734
radio 11 39751
radio 11 40265
radio 11 40282
radio 11 40796
radio 11 40826
radio 11 41340
radio 11 41410
radio 11 41924
radio 11 41954
radio 11 42468
radio 11 42504
radio 11 43018
radio 11 43035
radio 11 43549
radio 11 43600
radio 11 44114
radio 11 44131
radio 11 44645
radio 11 44677
radio 11 45191
radio 11 45208
radio 11 45722
radio 11 45755
radio 11 46269
radio 11 46318
radio 11 46832
radio 11 46849
radio 11 47363
radio 11 47397
radio 11 47911
radio 11 47945
radio 11 48459
radio 11 48494
radio 11 49008
radio 11 49057
radio 11 49571
radio 11 49588
radio 11 50102
radio 11 50119
radio 11 50633
radio 11 50650
radio 11 51164
radio 11 51181
radio 11 51695
radio 11 51771
radio 11 52285
radio 11 52302
radio 11 52816
delay 10 42 11 52889 11 52668 9 7 65535 0 387 0 0
radio 11 52897
radio 11 53412
radio 11 53478
radio 11 53992
radio 11 54009
radio 11 54523
radio 11 54540
radio 11 55054
radio 11 55087
radio 11 55601
radio 11 55652
radio 11 56166
radio 11 56201
radio 11 56715
radio 11 56732
radio 11 57246
radio 11 57301
radio 11 57815
radio 11 57832
radio 11 58346
radio 11 58363
radio 11 58877
radio 11 58894
radio 11 59408
radio 11 59425
radio 11 59939
radio 11 59956
radio 11 60470
radio 11 60499
radio 11 61013
radio 11 61042
radio 11 61556
radio 11 61588
radio 11 62102
radio 11 62119
radio 11 62633
radio 11 62650
radio 11 63164
radio 11 63181
radio 11 63695
radio 11 63712
radio 11 64226
radio 11 64262
radio 11 64776
radio 11 64805
radio 11 65319
radio 11 65336
radio 12 314
radio 12 331
radio 12 844
radio 12 878
radio 12 1392
radio 12 1423
radio 12 1937
radio 12 1954
radio 12 2468
radio 12 2485
radio 12 2999
radio 12 3016
radio 12 3530
radio 12 3547
radio 12 4061
radio 12 4078
radio 12 4592
radio 12 4609
radio 12 5123
radio 12 5140
radio 12 5654
radio 12 5687
radio 12 6201
radio 12 6218
radio 12 6732
radio 12 6749
radio 12 7263
radio 12 7353
radio 12 7867
delay 11 22 12 8055 12 8370 16 7 65535 0 240 0 0
radio 12 8064
radio 12 8578
radio 12 8597
radio 12 9110
radio 12 9132
radio 12 9645
radio 12 9662
radio 12 10176
radio 12 10193
radio 12 10707
radio 12 10795
radio 12 11309
radio 12 11337
radio 12 11851
radio 12 12045
radio 12 12559
radio 12 12576
radio 12 13090
radio 12 13107
radio 12 13621
radio 12 13657
radio 12 14171
radio 12 14188
radio 12 14702
radio 12 14719
radio 12 15233
radio 12 15264
radio 12 15778
radio 12 15795
radio 12 16309
radio 12 16340
radio 12 16854
radio 12 16871
radio 12 17385
radio 12 17402
radio 12 17916
radio 12 17933
radio 12 18447
radio 12 18464
radio 12 18978
radio 12 19027
radio 12 19541
radio 12 19558
radio 12 20072
radio 12 20089
radio 12 20603
radio 12 20620
radio 12 21134
radio 12 21166
radio 12 21680
radio 12 21709
radio 12 22223
radio 12 22279
radio 12 22793
radio 12 22810
radio 12 23324
radio 12 23341
radio 12 23855
radio 12 23888
radio 12 24402
radio 12 24419
radio 12 24933
radio 12 24950
radio 12 25464
radio 12 25481
radio 12 25995
radio 12 26012
radio 12 26526
radio 12 26543
radio 12 27057
radio 12 27091
radio 12 27605
radio 12 27622
radio 12 28136
delay 12 42 12 28208 12 27987 9 7 65535 0 189 0 0
radio 12 28216
radio 12 28730
radio 12 28746
radio 12 29260
radio 12 29283
radio 12 29797
radio 12 29814
radio 12 30328
radio 12 30345
radio 12 30859
radio 12 30876
radio 12 31390
radio 12 31407
radio 12 31921
radio 12 31938
radio 12 32452
radio 12 32503
radio 12 33017
radio 12 33051
radio 12 33565
radio 12 33595
radio 12 34109
radio 12 34126
radio 12 34640
radio 12 34730
energy 12 35011 7 11402
radio 12 35244
radio 12 35278
radio 12 35792
radio 12 35844
radio 12 36358
radio 12 36386
radio 12 36900
radio 12 36917
radio 12 37431
radio 12 37479
radio 12 37993
radio 12 38010
radio 12 38524
radio 12 38541
radio 12 39055
radio 12 39091
radio 12 39605
radio 12 39622
radio 12 40136
radio 12 40187
radio 12 40701
radio 12 40718
radio 12 41232
radio 12 41249
radio 12 41763
radio 12 41812
radio 12 42326
radio 12 42356
radio 12 42870
radio 12 42887
radio 12 43401
radio 12 43437
radio 12 43951
radio 12 43968
radio 12 44482
radio 12 44533
radio 12 45047
radio 12 45064
radio 12 45578
radio 12 45614
radio 12 46128
radio 12 46159
radio 12 46673
radio 12 46704
radio 12 47218
radio 12 47270
radio 12 47784
radio 12 47817
radio 12 48331
radio 12 48348
radio 12 48862
delay 13 42 12 48907 12 48686 9 7 65535 0 134 0 0
radio 12 48915
radio 12 49429
radio 12 49448
radio 12 49961
radio 12 49978
radio 12 50492
radio 12 50509
radio 12 51023
radio 12 51040
radio 12 51554
radio 12 51571
radio 12 52085
radio 12 52102
radio 12 52616
radio 12 52633
radio 12 53147
radio 12 53164
radio 12 53678
radio 12 53695
radio 12 54209
radio 12 54246
radio 12 54760
radio 12 54809
radio 12 55323
radio 12 55340
radio 12 55854
radio 12 55871
radio 12 56385
radio 12 56402
radio 12 56916
radio 12 56933
radio 12 57447
radio 12 57464
radio 12 57978
radio 12 58012
radio 12 58526
radio 12 58543
radio 12 59057
radio 12 59074
radio 12 59588
radio 12 59605
radio 12 60119
radio 12 60136
radio 12 60650
radio 12 60699
radio 12 61213
radio 12 61230
radio 12 61744
radio 12 61761
radio 12 62275
radio 12 62292
radio 12 62806
radio 12 62837
radio 12 63351
radio 12 63368
radio 12 63882
radio 12 63938
radio 12 64452
radio 12 64469
radio 12 64983
radio 12 65000
radio 12 65514
radio 12 65531
radio 13 509
radio 13 526
radio 13 1039
radio 13 1056
radio 13 1570
radio 13 1587
radio 13 2101
radio 13 2197
radio 13 2711
radio 13 2728
radio 13 3242
delay 14 0 13 3313 13 4324 0 7 7 0 46 1 0
radio 13 4611
radio 13 5124
radio 13 5141
radio 13 5655
radio 13 5689
radio 13 6203
radio 13 6253
radio 13 6767
radio 13 6784
radio 13 7298
radio 13 7315
radio 13 7829
radio 13 7846
radio 13 8360
radio 13 8394
radio 13 8908
radio 13 8925
radio 13 9439
radio 13 9529
radio 13 10043
radio 13 10060
radio 13 10574
radio 13 10827
radio 13 11341
radio 13 11358
radio 13 11872
radio 13 11889
radio 13 12403
radio 13 12435
radio 13 12949
radio 13 12966
radio 13 13480
radio 13 13497
radio 13 14011
radio 13 14028
radio 13 14542
radio 13 14559
radio 13 15073
radio 13 15123
radio 13 15637
radio 13 15670
radio 13 16184
radio 13 16201
radio 13 16715
radio 13 16745
radio 13 17259
radio 13 17276
radio 13 17790
radio 13 17819
radio 13 18333
radio 13 18350
radio 13 18864
radio 13 18896
radio 13 19410
radio 13 19438
radio 13 19952
radio 13 20002
radio 13 20516
radio 13 20533
radio 13 21047
radio 13 21082
radio 13 21596
radio 13 21628
radio 13 22142
radio 13 22175
radio 13 22689
radio 13 22741
radio 13 23255
radio 13 23285
radio 13 23799
radio 13 23816
radio 13 24330
delay 15 42 13 24345 13 24124 9 7 65535 0 172 0 0
radio 13 24353
radio 13 24867
radio 13 24915
radio 13 25428
radio 13 25478
radio 13 25992
radio 13 26023
radio 13 26537
radio 13 26567
radio 13 27081
radio 13 27116
radio 13 27630
radio 13 27661
radio 13 28175
radio 13 28205
radio 13 28719
radio 13 28808
radio 13 29322
radio 13 29391
radio 13 29905
radio 13 29960
radio 13 30474
radio 13 30505
energy 13 30915 7 15512
radio 13 31019
radio 13 31036
radio 13 31550
radio 13 31581
radio 13 32095
radio 13 32129
radio 13 32643
radio 13 32660
radio 13 33174
radio 13 33222
radio 13 33736
radio 13 33769
radio 13 34283
radio 13 34300
radio 13 34814
radio 13 34831
radio 13 35345
radio 13 35436
radio 13 35950
radio 13 35967
radio 13 36481
radio 13 36498
radio 13 37012
radio 13 37029
radio 13 37543
radio 13 37617
radio 13 38131
radio 13 38148
radio 13 38662
radio 13 38679
radio 13 39193
radio 13 39210
radio 13 39724
radio 13 39741
radio 13 40255
radio 13 40272
radio 13 40786
radio 13 40814
radio 13 41328
radio 13 41359
radio 13 41873
radio 13 41890
radio 13 42404
radio 13 42421
radio 13 42935
radio 13 42952
radio 13 43466
radio 13 43483
radio 13 43997
radio 13 44034
radio 13 44548
delay 16 24 13 44568 13 44810 6 7 1 0 289 0 0
radio 13 44576
radio 13 45090
radio 13 45105
radio 13 45618
radio 13 45634
radio 13 46147
radio 13 46176
radio 13 46690
radio 13 46725
radio 13 47239
radio 13 47256
radio 13 47770
radio 13 47787
radio 13 48301
radio 13 48318
radio 13 48832
radio 13 48861
radio 13 49375
radio 13 49392
radio 13 49906
radio 13 49939
radio 13 50453
radio 13 50470
radio 13 50984
radio 13 51001
radio 13 51515
radio 13 51532
radio 13 52046
radio 13 52101
radio 13 52615
radio 13 52647
radio 13 53161
radio 13 53214
radio 13 53728
radio 13 53778
radio 13 54292
radio 13 54326
radio 13 54840
radio 13 54934
radio 13 55448
radio 13 55465
radio 13 55979
radio 13 56009
radio 13 56523
radio 13 56612
radio 13 57126
radio 13 57143
radio 13 57657
radio 13 57688
radio 13 58202
radio 13 58235
radio 13 58749
radio 13 58766
radio 13 59280
radio 13 59297
radio 13 59811
radio 13 59860
radio 13 60374
radio 13 60403
radio 13 60917
radio 13 60934
radio 13 61448
radio 13 61465
radio 13 61979
radio 13 61996
radio 13 62510
radio 13 62527
radio 13 63041
radio 13 63072
radio 13 63586
radio 13 63603
radio 13 64117
radio 13 64134
radio 13 64648
delay 17 0 13 64711 14 182 0 7 7 0 65535 0 0
radio 13 64720
radio 13 65234
radio 13 65255
radio 14 232
radio 14 310
radio 14 823
radio 14 851
radio 14 1365
radio 14 1457
radio 14 1971
radio 14 1988
radio 14 2502
radio 14 2532
radio 14 3046
radio 14 3380
radio 14 3894
radio 14 3943
radio 14 4457
radio 14 4474
radio 14 4988
radio 14 5022
radio 14 5536
radio 14 5553
radio 14 6067
radio 14 6084
radio 14 6598
radio 14 6615
radio 14 7129
radio 14 7146
radio 14 7660
radio 14 7694
radio 14 8208
radio 14 8258
radio 14 8772
radio 14 8807
radio 14 9321
radio 14 9356
radio 14 9870
radio 14 9887
radio 14 10401
radio 14 10495
radio 14 11009
radio 14 11039
radio 14 11553
radio 14 11585
radio 14 12099
radio 14 12116
radio 14 12630
radio 14 12667
radio 14 13181
radio 14 13198
radio 14 13712
radio 14 13729
radio 14 14243
radio 14 14260
radio 14 14774
radio 14 14791
radio 14 15305
radio 14 15322
radio 14 15836
radio 14 15853
radio 14 16367
radio 14 16384
radio 14 16898
radio 14 16926
radio 14 17440
radio 14 17457
radio 14 17971
radio 14 18024
radio 14 18538
radio 14 18569
radio 14 19083
radio 14 19113
radio 14 19627
radio 14 19695
radio 14 20209
delay 18 0 14 20224 14 21235 0 7 7 0 572 0 0
radio 14 20232
radio 14 20746
radio 14 20818
radio 14 21331
radio 14 21352
radio 14 21865
radio 14 21895
radio 14 22409
radio 14 22426
radio 14 22940
radio 14 22957
radio 14 23471
radio 14 23488
radio 14 24002
radio 14 24019
radio 14 24533
radio 14 24550
radio 14 25064
radio 14 25140
radio 14 25654
radio 14 25671
radio 14 26185
radio 14 26215
radio 14 26729
radio 14 26766
energy 14 26819 7 18549
radio 14 27280
radio 14 27297
radio 14 27811
radio 14 27828
radio 14 28342
radio 14 28359
radio 14 28873
radio 14 28890
radio 14 29404
radio 14 29421
radio 14 29935
radio 14 29952
radio 14 30466
radio 14 30483
radio 14 30997
radio 14 31014
radio 14 31528
radio 14 31563
radio 14 32077
radio 14 32094
radio 14 32608
radio 14 32625
radio 14 33139
radio 14 33156
radio 14 33670
radio 14 33699
radio 14 34213
radio 14 34266
radio 14 34780
radio 14 34889
radio 14 35403
radio 14 35420
radio 14 35934
radio 14 35951
radio 14 36465
radio 14 36482
radio 14 36996
radio 14 37013
radio 14 37527
radio 14 37544
radio 14 38058
radio 14 38075
radio 14 38589
radio 14 38641
radio 14 39155
radio 14 39207
radio 14 39721
radio 14 39738
radio 14 40252
radio 14 40269
radio 14 40783
radio 14 40813
radio 14 41327
radio 14 41355
radio 14 41869
radio 14 41886
radio 14 42400
radio 14 42417
radio 14 42931
radio 14 42982
radio 14 43496
radio 14 43527
radio 14 44041
radio 14 44058
radio 14 44572
radio 14 44641
radio 14 45155
radio 14 45172
radio 14 45686
radio 14 45714
radio 14 46228
radio 14 46263
radio 14 46777
radio 14 46846
radio 14 47360
radio 14 47393
radio 14 47907
radio 14 47941
radio 14 48455
radio 14 48472
radio 14 48986
radio 14 49003
radio 14 49517
radio 14 49534
radio 14 50048
radio 14 50065
radio 14 50579
radio 14 50596
radio 14 51110
radio 14 51127
radio 14 51641
radio 14 51669
radio 14 52183
radio 14 52200
radio 14 52714
radio 14 52748
radio 14 53262
radio 14 53319
radio 14 53833
radio 14 53888
radio 14 54402
radio 14 54419
radio 14 54933
radio 14 54950
radio 14 55464
radio 14 55500
radio 14 56014
radio 14 56031
radio 14 56545
radio 14 56595
radio 14 57109
radio 14 57143
radio 14 57657
radio 14 57674
radio 14 58188
radio 14 58205
radio 14 58719
radio 14 58736
radio 14 59250
radio 14 59285
radio 14 59799
radio 14 59874
radio 14 60388
radio 14 60405
radio 14 60919
delay 20 0 14 60937 14 61948 0 7 7 0 323 0 0
radio 14 60945
radio 14 61459
radio 14 61535
radio 14 62048
radio 14 62122
radio 14 62636
radio 14 62653
radio 14 63167
radio 14 63218
radio 14 63732
radio 14 63764
radio 14 64278
radio 14 64295
radio 14 64809
radio 14 64826
radio 14 65340
radio 14 65408
radio 15 386
radio 15 418
radio 15 932
radio 15 968
radio 15 1482
radio 15 1499
radio 15 2013
radio 15 2030
radio 15 2544
radio 15 2561
radio 15 3075
radio 15 3124
radio 15 3638
radio 15 3655
radio 15 4169
radio 15 4186
radio 15 4700
radio 15 4728
radio 15 5242
radio 15 5295
radio 15 5809
radio 15 5861
radio 15 6375
radio 15 6392
radio 15 6906
radio 15 6939
radio 15 7453
radio 15 7470
radio 15 7984
radio 15 8001
radio 15 8515
radio 15 8549
radio 15 9063
radio 15 9080
radio 15 9594
radio 15 9611
radio 15 10125
radio 15 10142
radio 15 10656
radio 15 10685
radio 15 11199
radio 15 11228
radio 15 11742
radio 15 11790
radio 15 12304
radio 15 12355
radio 15 12869
radio 15 12886
radio 15 13400
radio 15 13436
radio 15 13950
radio 15 13967
radio 15 14481
radio 15 14551
radio 15 15065
radio 15 15082
radio 15 15596
radio 15 15613
radio 15 16127
delay 21 18 15 16143 15 17013 7 7 65535 0 420 0 0
radio 15 16151
radio 15 16666
radio 15 16737
radio 15 17250
radio 15 17303
radio 15 17817
radio 15 17834
radio 15 18348
radio 15 18365
radio 15 18879
radio 15 18927
radio 15 19441
radio 15 19458
radio 15 19972
radio 15 19989
radio 15 20503
radio 15 20520
radio 15 21034
radio 15 21067
radio 15 21581
radio 15 21611
radio 15 22125
radio 15 22176
radio 15 22690
radio 15 22707
energy 15 22723 7 21264
radio 15 23221
radio 15 23253
radio 15 23767
radio 15 23801
radio 15 24315
radio 15 24332
radio 15 24846
radio 15 24863
radio 15 25377
radio 15 25394
radio 15 25908
radio 15 25979
radio 15 26493
radio 15 26523
radio 15 27037
radio 15 27066
radio 15 27580
radio 15 27631
radio 15 28145
radio 15 28162
radio 15 28676
radio 15 28693
radio 15 29207
radio 15 29224
radio 15 29738
radio 15 29769
radio 15 30283
radio 15 30300
radio 15 30814
radio 15 30831
radio 15 31345
radio 15 31362
radio 15 31876
radio 15 31928
radio 15 32442
radio 15 32497
radio 15 33011
radio 15 33028
radio 15 33542
radio 15 33559
radio 15 34073
radio 15 34090
radio 15 34604
radio 15 34621
radio 15 35135
radio 15 35206
radio 15 35720
radio 15 35737
radio 15 36251
delay 22 18 15 36326 15 37196 7 7 65535 0 271 0 0
radio 15 36334
radio 15 36848
radio 15 36894
radio 15 37407
radio 15 37482
radio 15 37995
radio 15 38043
radio 15 38556
radio 15 38587
radio 15 39101
radio 15 39138
radio 15 39652
radio 15 39704
radio 15 40218
radio 15 40253
radio 15 40767
radio 15 40801
radio 15 41315
radio 15 41332
radio 15 41846
radio 15 41863
radio 15 42377
radio 15 42410
radio 15 42924
radio 15 42976
radio 15 43490
radio 15 43508
radio 15 44021
radio 15 44038
radio 15 44552
radio 15 44569
radio 15 45083
radio 15 45119
radio 15 45633
radio 15 45684
radio 15 46198
radio 15 46215
radio 15 46729
radio 15 46746
radio 15 47260
radio 15 47277
radio 15 47791
radio 15 47808
radio 15 48322
radio 15 48339
radio 15 48853
radio 15 48886
radio 15 49400
radio 15 49417
radio 15 49931
radio 15 49948
radio 15 50462
radio 15 50479
radio 15 50993
radio 15 51043
radio 15 51557
radio 15 51586
radio 15 52100
radio 15 52117
radio 15 52631
radio 15 52667
radio 15 53181
radio 15 53198
radio 15 53712
radio 15 53729
radio 15 54243
radio 15 54260
radio 15 54774
radio 15 54791
radio 15 55305
radio 15 55322
radio 15 55836
radio 15 55853
radio 15 56367
radio 15 56457
radio 15 56971
delay 23 24 15 57124 15 57365 6 7 1 0 396 0 0
radio 15 57132
radio 15 57647
radio 15 57667
radio 15 58180
radio 15 58197
radio 15 58711
radio 15 58740
radio 15 59254
radio 15 59271
radio 15 59785
radio 15 59817
radio 15 60331
radio 15 60400
radio 15 60914
radio 15 60931
radio 15 61445
radio 15 61462
radio 15 61976
radio 15 61993
radio 15 62507
radio 15 62524
radio 15 63038
radio 15 63055
radio 15 63569
radio 15 63586
radio 15 64100
radio 15 64117
radio 15 64631
radio 15 64682
radio 15 65196
radio 15 65245
radio 16 223
radio 16 251
radio 16 765
radio 16 816
radio 16 1330
radio 16 1347
radio 16 1861
radio 16 1878
radio 16 2392
radio 16 2409
radio 16 2923
radio 16 2940
radio 16 3454
radio 16 3471
radio 16 3985
radio 16 4002
radio 16 4516
radio 16 4565
radio 16 5079
radio 16 5096
radio 16 5610
radio 16 5658
radio 16 6172
radio 16 6203
radio 16 6717
radio 16 6792
radio 16 7306
radio 16 7323
radio 16 7837
radio 16 7854
radio 16 8368
radio 16 8399
radio 16 8913
radio 16 8930
radio 16 9444
radio 16 9518
radio 16 10032
radio 16 10049
radio 16 10563
radio 16 10594
radio 16 11108
radio 16 11125
radio 16 11639
delay 24 0 16 11687 16 12698 0 7 7 0 223 0 0
radio 16 11695
radio 16 12209
radio 16 12291
radio 16 12804
radio 16 12825
radio 16 13338
radio 16 13372
radio 16 13886
radio 16 13903
radio 16 14417
radio 16 14434
radio 16 14948
radio 16 14965
radio 16 15479
radio 16 15496
radio 16 16010
radio 16 16027
radio 16 16541
radio 16 16558
radio 16 17072
radio 16 17089
radio 16 17603
radio 16 17620
radio 16 18134
radio 16 18164
energy 16 18627 7 24017
radio 16 18678
radio 16 18706
radio 16 19220
radio 16 19237
radio 16 19751
radio 16 19768
radio 16 20282
radio 16 20299
radio 16 20813
radio 16 20849
radio 16 21363
radio 16 21380
radio 16 21894
radio 16 21911
radio 16 22425
radio 16 22455
radio 16 22969
radio 16 22986
radio 16 23500
radio 16 23589
radio 16 24103
radio 16 24120
radio 16 24634
radio 16 24651
radio 16 25165
radio 16 25182
radio 16 25696
radio 16 25713
radio 16 26227
radio 16 26296
radio 16 26810
radio 16 26844
radio 16 27358
radio 16 27389
radio 16 27903
radio 16 27972
radio 16 28486
radio 16 28503
radio 16 29017
radio 16 29034
radio 16 29548
radio 16 29565
radio 16 30079
radio 16 30107
radio 16 30621
radio 16 30638
radio 16 31152
radio 16 31223
radio 16 31737
radio 16 31754
radio 16 32268
radio 16 32285
radio 16 32799
delay 25 42 16 32816 16 32596 9 7 65535 0 335 0 0
radio 16 32825
radio 16 33339
radio 16 33383
radio 16 33896
radio 16 33913
radio 16 34427
radio 16 34444
radio 16 34958
radio 16 34975
radio 16 35489
radio 16 35506
radio 16 36020
radio 16 36037
radio 16 36551
radio 16 36568
radio 16 37082
radio 16 37099
radio 16 37613
radio 16 37630
radio 16 38144
radio 16 38161
radio 16 38675
radio 16 38707
radio 16 39221
radio 16 39238
radio 16 39752
radio 16 39785
radio 16 40299
radio 16 40348
radio 16 40862
radio 16 40879
radio 16 41393
radio 16 41410
radio 16 41924
radio 16 41941
radio 16 42455
radio 16 42472
radio 16 42986
radio 16 43018
radio 16 43532
radio 16 43549
radio 16 44063
radio 16 44080
radio 16 44594
radio 16 44611
radio 16 45125
radio 16 45180
radio 16 45694
radio 16 45711
radio 16 46225
radio 16 46261
radio 16 46775
radio 16 46808
radio 16 47322
radio 16 47376
radio 16 47890
radio 16 47926
radio 16 48440
radio 16 48457
radio 16 48971
radio 16 48988
radio 16 49502
radio 16 49535
radio 16 50049
radio 16 50097
radio 16 50611
radio 16 50628
radio 16 51142
radio 16 51159
radio 16 51673
radio 16 51690
radio 16 52204
radio 16 52221
radio 16 52735
delay 26 42 16 52812 16 52592 9 7 65535 0 66 0 0
radio 16 52820
radio 16 53335
radio 16 53436
radio 16 53949
radio 16 53965
radio 16 54479
radio 16 54496
radio 16 55010
radio 16 55027
radio 16 55541
radio 16 55558
radio 16 56072
radio 16 56102
radio 16 56616
radio 16 56649
radio 16 57163
radio 16 57277
radio 16 57791
radio 16 57808
radio 16 58322
radio 16 58339
radio 16 58853
radio 16 58870
radio 16 59384
radio 16 59441
radio 16 59955
radio 16 59988
radio 16 60502
radio 16 60534
radio 16 61048
radio 16 61065
radio 16 61579
radio 16 61596
radio 16 62110
radio 16 62127
radio 16 62641
radio 16 62658
radio 16 63172
radio 16 63189
radio 16 63703
radio 16 63739
radio 16 64253
radio 16 64270
radio 16 64784
radio 16 64813
radio 16 65327
radio 16 65344
radio 17 322
radio 17 397
radio 17 911
radio 17 928
radio 17 1441
radio 17 1458
radio 17 1972
radio 17 1989
radio 17 2503
radio 17 2520
radio 17 3034
radio 17 3051
radio 17 3565
radio 17 3597
radio 17 4111
radio 17 4145
radio 17 4659
radio 17 4676
radio 17 5190
radio 17 5207
radio 17 5721
radio 17 5738
radio 17 6252
radio 17 6269
radio 17 6783
radio 17 6812
radio 17 7326
radio 17 7356
radio 17 7870
delay 27 42 17 7931 17 7711 9 7 65535 0 441 0 0
radio 17 7939
radio 17 8454
radio 17 8581
radio 17 9095
radio 17 9112
radio 17 9626
radio 17 9655
radio 17 10169
radio 17 10203
radio 17 10717
radio 17 10734
radio 17 11248
radio 17 11265
radio 17 11779
radio 17 11796
radio 17 12310
radio 17 12327
radio 17 12841
radio 17 12858
radio 17 13372
radio 17 13389
radio 17 13903
radio 17 13934
radio 17 14448
radio 17 14503
energy 17 14531 7 26612
radio 17 15017
radio 17 15034
radio 17 15548
radio 17 15565
radio 17 16079
radio 17 16096
radio 17 16610
radio 17 16660
radio 17 17174
radio 17 17191
radio 17 17705
radio 17 17722
radio 17 18236
radio 17 18268
radio 17 18782
radio 17 18799
radio 17 19313
radio 17 19330
radio 17 19844
radio 17 19874
radio 17 20388
radio 17 20405
radio 17 20919
radio 17 20951
radio 17 21465
radio 17 21482
radio 17 21996
radio 17 22013
radio 17 22527
radio 17 22544
radio 17 23058
radio 17 23075
radio 17 23589
radio 17 23620
radio 17 24134
radio 17 24166
radio 17 24680
radio 17 24697
radio 17 25211
radio 17 25260
radio 17 25774
radio 17 25791
radio 17 26305
radio 17 26322
radio 17 26836
radio 17 26853
radio 17 27367
radio 17 27384
radio 17 27898
delay 28 23 17 27949 17 28610 9 7 65535 0 74 0 0
radio 17 27957
radio 17 28471
radio 17 28489
radio 17 29002
radio 17 29070
radio 17 29583
radio 17 29614
radio 17 30128
radio 17 30177
radio 17 30691
radio 17 30708
radio 17 31222
radio 17 31239
radio 17 31753
radio 17 31770
radio 17 32284
radio 17 32301
radio 17 32815
radio 17 32832
radio 17 33346
radio 17 33363
radio 17 33877
radio 17 33912
radio 17 34426
radio 17 34443
radio 17 34957
radio 17 35009
radio 17 35523
radio 17 35540
radio 17 36054
radio 17 36071
radio 17 36585
radio 17 36602
radio 17 37116
radio 17 37147
radio 17 37661
radio 17 37678
radio 17 38192
radio 17 38209
radio 17 38723
radio 17 38740
radio 17 39254
radio 17 39271
radio 17 39785
radio 17 39802
radio 17 40316
radio 17 40333
radio 17 40847
radio 17 40864
radio 17 41378
radio 17 41408
radio 17 41922
radio 17 41939
radio 17 42453
radio 17 42470
radio 17 42984
radio 17 43018
radio 17 43532
radio 17 43549
radio 17 44063
radio 17 44092
radio 17 44606
radio 17 44623
radio 17 45137
radio 17 45167
radio 17 45681
radio 17 45698
radio 17 46212
radio 17 46229
radio 17 46743
radio 17 46760
radio 17 47274
radio 17 47291
radio 17 47805
radio 17 47822
radio 17 48336
delay 29 0 17 48386 17 49397 0 7 7 0 58 0 0
radio 17 48395
radio 17 48909
radio 17 49005
radio 17 49518
radio 17 49542
radio 17 50055
radio 17 50109
radio 17 50623
radio 17 50640
radio 17 51154
radio 17 51230
radio 17 51744
radio 17 51793
radio 17 52307
radio 17 52324
radio 17 52838
radio 17 52855
radio 17 53369
radio 17 53386
radio 17 53900
radio 17 53917
radio 17 54431
radio 17 54468
radio 17 54982
radio 17 54999
radio 17 55513
radio 17 55566
radio 17 56080
radio 17 56114
radio 17 56628
radio 17 56645
radio 17 57159
radio 17 57176
radio 17 57690
radio 17 57707
radio 17 58221
radio 17 58297
radio 17 58811
radio 17 58840
radio 17 59354
radio 17 59405
radio 17 59919
radio 17 59936
radio 17 60450
radio 17 60467
radio 17 60981
radio 17 61016
radio 17 61530
radio 17 61564
radio 17 62078
radio 17 62095
radio 17 62609
radio 17 62683
radio 17 63197
radio 17 63214
radio 17 63728
radio 17 63762
radio 17 64276
radio 17 64293
radio 17 64807
radio 17 64824
radio 17 65338
radio 17 65409
radio 18 387
radio 18 404
radio 18 917
radio 18 947
radio 18 1461
radio 18 1492
radio 18 2006
radio 18 2035
radio 18 2549
radio 18 2599
radio 18 3113
radio 18 3130
radio 18 3644
delay 30 42 18 3686 18 3466 9 7 65535 0 35 0 0
radio 18 3694
radio 18 4209
radio 18 4257
radio 18 4770
radio 18 4789
radio 18 5303
radio 18 5320
radio 18 5834
radio 18 5851
radio 18 6365
radio 18 6394
radio 18 6908
radio 18 6925
radio 18 7439
radio 18 7456
radio 18 7970
radio 18 7987
radio 18 8501
radio 18 8518
radio 18 9032
radio 18 9101
radio 18 9615
radio 18 9632
radio 18 10146
radio 18 10163
energy 18 10435 7 29048
radio 18 10677
radio 18 10694
radio 18 11208
radio 18 11225
radio 18 11739
radio 18 11772
radio 18 12286
radio 18 12316
radio 18 12830
radio 18 12883
radio 18 13397
radio 18 13414
radio 18 13928
radio 18 13945
radio 18 14459
radio 18 14476
radio 18 14990
radio 18 15025
radio 18 15539
radio 18 15572
radio 18 16086
radio 18 16103
radio 18 16617
radio 18 16634
radio 18 17148
radio 18 17165
radio 18 17679
radio 18 17696
radio 18 18210
radio 18 18244
radio 18 18758
radio 18 18787
radio 18 19301
radio 18 19377
radio 18 19891
radio 18 19926
radio 18 20440
radio 18 20457
radio 18 20971
radio 18 20988
radio 18 21502
radio 18 21519
radio 18 22033
radio 18 22063
radio 18 22577
radio 18 22594
radio 18 23108
radio 18 23125
radio 18 23639
radio 18 23656
radio 18 24170
delay 31 42 18 24337 18 24117 9 7 65535 0 91 0 0
radio 18 24345
radio 18 24860
radio 18 24876
radio 18 25389
radio 18 25461
radio 18 25975
radio 18 26011
radio 18 26525
radio 18 26542
radio 18 27056
radio 18 27073
radio 18 27587
radio 18 27604
radio 18 28118
radio 18 28146
radio 18 28660
radio 18 28716
radio 18 29230
radio 18 29260
