Thread[Thread-1,5,main]tree 12 7 0 14 0 0
radio 7 5277
radio 7 5281
radio 7 5298
radio 7 5811
radio 7 5861
radio 7 6375
radio 7 6404
radio 7 6918
radio 7 6947
radio 7 7461
radio 7 7489
radio 7 8003
radio 7 8051
radio 7 8565
radio 7 8582
radio 7 9095
radio 7 9128
radio 7 9642
radio 7 9674
radio 7 10188
radio 7 10216
radio 7 10730
radio 7 10760
radio 7 11274
radio 7 11308
radio 7 11822
radio 7 11855
radio 7 12369
radio 7 12405
radio 7 12919
radio 7 12948
radio 7 13462
radio 7 13490
radio 7 14004
radio 7 14021
radio 7 14535
radio 7 14552
radio 7 15066
radio 7 15083
radio 7 15597
radio 7 15614
radio 7 16128
radio 7 16145
radio 7 16659
radio 7 16676
radio 7 17190
radio 7 17207
radio 7 17721
radio 7 17752
radio 7 18266
radio 7 18283
radio 7 18797
radio 7 18814
radio 7 19328
radio 7 19357
radio 7 19871
radio 7 19888
radio 7 20402
radio 7 20436
radio 7 20950
radio 7 20967
radio 7 21481
radio 7 21515
radio 7 22029
radio 7 22084
radio 7 22598
radio 7 22615
radio 7 23129
radio 7 23146
radio 7 23660
radio 7 23677
radio 7 24191
radio 7 24208
radio 7 24722
radio 7 24739
radio 7 25253
radio 7 25282
radio 7 25796
radio 7 25813
radio 7 26327
radio 7 26415
radio 7 26929
radio 7 26946
radio 7 27460
radio 7 27477
radio 7 27991
radio 7 28008
radio 7 28522
radio 7 28539
radio 7 29053
radio 7 29109
radio 7 29623
radio 7 29640
radio 7 30154
radio 7 30183
radio 7 30697
radio 7 30714
radio 7 31228
radio 7 31245
radio 7 31759
radio 7 31790
radio 7 32304
radio 7 32340
radio 7 32854
radio 7 32871
radio 7 33385
radio 7 33402
radio 7 33916
radio 7 33965
radio 7 34479
radio 7 34508
radio 7 35022
radio 7 35039
radio 7 35553
radio 7 35570
radio 7 36084
radio 7 36115
radio 7 36629
radio 7 36646
radio 7 37160
radio 7 37177
radio 7 37691
radio 7 37708
radio 7 38222
radio 7 38256
radio 7 38770
radio 7 38787
radio 7 39301
radio 7 39318
radio 7 39832
radio 7 39849
radio 7 40362
radio 7 40379
radio 7 40893
radio 7 40910
radio 7 41424
radio 7 41441
radio 7 41955
radio 7 41987
radio 7 42501
radio 7 42518
radio 7 43032
radio 7 43049
radio 7 43563
radio 7 43596
radio 7 44110
radio 7 44127
radio 7 44641
radio 7 44677
radio 7 45191
radio 7 45208
radio 7 45722
radio 7 45739
radio 7 46253
radio 7 46326
radio 7 46840
radio 7 46888
radio 7 47402
radio 7 47419
radio 7 47933
radio 7 47964
radio 7 48478
radio 7 48495
radio 7 49009
radio 7 49026
radio 7 49540
radio 7 49575
radio 7 50089
radio 7 50106
radio 7 50620
radio 7 50637
radio 7 51151
radio 7 51182
radio 7 51696
radio 7 51727
radio 7 52241
radio 7 52258
radio 7 52772
radio 7 52808
radio 7 53322
radio 7 53339
radio 7 53853
radio 7 53870
radio 7 54384
radio 7 54401
radio 7 54915
radio 7 54932
radio 7 55446
radio 7 55463
radio 7 55977
radio 7 55994
radio 7 56508
radio 7 56525
radio 7 57039
radio 7 57072
radio 7 57586
radio 7 57614
radio 7 58128
radio 7 58162
radio 7 58676
radio 7 58712
radio 7 59226
radio 7 59243
radio 7 59756
radio 7 59773
radio 7 60287
radio 7 60304
radio 7 60818
radio 7 60847
radio 7 61361
radio 7 61389
radio 7 61903
radio 7 61920
radio 7 62434
radio 7 62451
radio 7 62965
radio 7 63000
radio 7 63514
radio 7 63531
radio 7 64044
radio 7 64061
radio 7 64575
radio 7 64604
radio 7 65118
radio 7 65135
radio 8 113
radio 8 149
radio 8 662
radio 8 679
radio 8 1192
energy 8 1193 7 7430
radio 8 1214
radio 8 1728
radio 8 1745
radio 8 2258
radio 8 2275
radio 8 2788
radio 8 2805
radio 8 3318
radio 8 3354
radio 8 3868
radio 8 3976
radio 8 4490
radio 8 4520
radio 8 5034
radio 8 5051
radio 8 5564
radio 8 5653
radio 8 6167
radio 8 6196
radio 8 6710
radio 8 6727
radio 8 7240
radio 8 7269
radio 8 7783
radio 8 7800
radio 8 8313
radio 8 8330
radio 8 8843
radio 8 8860
radio 8 9373
radio 8 9390
radio 8 9903
radio 8 9954
radio 8 10468
radio 8 10497
radio 8 11011
radio 8 11042
radio 8 11556
radio 8 11573
radio 8 12087
radio 8 12104
radio 8 12618
radio 8 12652
radio 8 13166
radio 8 13183
radio 8 13697
radio 8 13714
radio 8 14228
radio 8 14257
radio 8 14771
radio 8 14801
radio 8 15315
radio 8 15332
radio 8 15846
radio 8 15878
radio 8 16392
radio 8 16445
radio 8 16959
radio 8 16976
radio 8 17490
radio 8 17523
radio 8 18037
radio 8 18089
radio 8 18603
radio 8 18620
radio 8 19134
radio 8 19151
radio 8 19665
radio 8 19682
radio 8 20196
radio 8 20213
radio 8 20727
radio 8 20756
radio 8 21270
radio 8 21287
radio 8 21801
radio 8 21818
radio 8 22332
radio 8 22361
radio 8 22875
radio 8 22904
radio 8 23418
radio 8 23435
radio 8 23949
radio 8 23966
radio 8 24480
radio 8 24512
radio 8 25026
radio 8 25043
radio 8 25557
radio 8 25611
radio 8 26125
radio 8 26194
radio 8 26708
radio 8 26741
radio 8 27255
radio 8 27272
radio 8 27786
radio 8 27815
radio 8 28329
radio 8 28357
radio 8 28871
radio 8 28940
radio 8 29454
radio 8 29471
radio 8 29985
radio 8 30014
radio 8 30528
radio 8 30578
radio 8 31092
radio 8 31109
radio 8 31623
radio 8 31652
radio 8 32166
radio 8 32183
radio 8 32697
radio 8 32714
radio 8 33228
radio 8 33258
radio 8 33772
radio 8 33865
radio 8 34379
radio 8 34396
radio 8 34910
radio 8 34939
radio 8 35453
radio 8 35507
radio 8 36021
radio 8 36038
radio 8 36552
radio 8 36585
radio 8 37099
radio 8 37130
radio 8 37644
radio 8 37661
radio 8 38175
radio 8 38247
radio 8 38761
radio 8 38794
radio 8 39308
radio 8 39325
radio 8 39839
radio 8 39856
radio 8 40370
radio 8 40387
radio 8 40901
radio 8 40918
radio 8 41432
radio 8 41462
radio 8 41976
radio 8 42010
radio 8 42524
radio 8 42555
radio 8 43069
radio 8 43086
radio 8 43600
radio 8 43617
radio 8 44131
radio 8 44148
radio 8 44662
radio 8 44692
radio 8 45206
radio 8 45259
radio 8 45773
radio 8 45790
radio 8 46304
radio 8 46335
radio 8 46849
radio 8 46866
radio 8 47380
radio 8 47397
radio 8 47911
radio 8 47941
radio 8 48455
radio 8 48490
radio 8 49004
radio 8 49021
radio 8 49535
radio 8 49585
radio 8 50099
radio 8 50116
radio 8 50630
radio 8 50647
radio 8 51161
radio 8 51178
radio 8 51692
radio 8 51709
radio 8 52223
radio 8 52318
radio 8 52832
radio 8 52860
radio 8 53374
radio 8 53403
radio 8 53917
radio 8 53946
radio 8 54460
radio 8 54477
radio 8 54991
radio 8 55008
radio 8 55522
radio 8 55556
radio 8 56070
radio 8 56087
radio 8 56601
radio 8 56618
radio 8 57132
radio 8 57149
radio 8 57663
radio 8 57693
radio 8 58207
radio 8 58241
radio 8 58755
radio 8 58805
radio 8 59319
radio 8 59348
radio 8 59862
radio 8 59896
radio 8 60410
radio 8 60464
radio 8 60978
radio 8 60995
radio 8 61509
radio 8 61526
radio 8 62040
radio 8 62069
radio 8 62583
radio 8 62600
energy 8 62632 7 10055
radio 8 63114
radio 8 63131
radio 8 63645
radio 8 63662
radio 8 64176
radio 8 64193
radio 8 64707
radio 8 64763
radio 8 65277
delay 1 39 8 65325 8 65161 15 7 65535 0 54 0 0
radio 8 65333
radio 9 311
radio 9 389
radio 9 903
radio 9 1120
radio 9 1634
radio 9 1651
radio 9 2164
radio 9 2181
radio 9 2694
radio 9 2711
radio 9 3224
radio 9 3253
radio 9 3767
radio 9 3784
radio 9 4297
radio 9 4329
radio 9 4843
radio 9 4871
radio 9 5385
radio 9 5402
radio 9 5915
radio 9 5965
radio 9 6479
radio 9 6509
radio 9 7023
radio 9 7040
radio 9 7553
radio 9 7648
radio 9 8162
radio 9 8179
radio 9 8692
radio 9 8723
radio 9 9237
radio 9 9273
radio 9 9787
radio 9 9804
radio 9 10317
radio 9 10334
radio 9 10848
radio 9 10865
radio 9 11379
radio 9 11396
radio 9 11910
radio 9 11927
radio 9 12441
radio 9 12471
radio 9 12985
radio 9 13002
radio 9 13516
radio 9 13533
radio 9 14047
radio 9 14064
radio 9 14578
radio 9 14595
radio 9 15108
radio 9 15182
radio 9 15696
radio 9 15713
radio 9 16227
radio 9 16244
radio 9 16758
radio 9 16775
radio 9 17289
radio 9 17306
radio 9 17820
radio 9 17837
radio 9 18351
radio 9 18386
radio 9 18900
radio 9 18917
radio 9 19431
radio 9 19501
radio 9 20015
delay 2 0 9 20031 9 20715 0 7 7 0 58 0 0
radio 9 20038
radio 9 20552
radio 9 20567
radio 9 21081
radio 9 21241
radio 9 21754
radio 9 21771
radio 9 22285
radio 9 22302
radio 9 22816
radio 9 22868
radio 9 23382
radio 9 23399
radio 9 23913
radio 9 23930
radio 9 24444
radio 9 24498
radio 9 25012
radio 9 25029
radio 9 25543
radio 9 25591
radio 9 26105
radio 9 26140
radio 9 26654
radio 9 26671
radio 9 27185
radio 9 27202
radio 9 27716
radio 9 27766
radio 9 28280
radio 9 28313
radio 9 28827
radio 9 28844
radio 9 29358
radio 9 29375
radio 9 29889
radio 9 29918
radio 9 30432
radio 9 30449
radio 9 30963
radio 9 30980
radio 9 31494
radio 9 31511
radio 9 32025
radio 9 32054
radio 9 32568
radio 9 32602
radio 9 33116
radio 9 33167
radio 9 33681
radio 9 33698
radio 9 34212
radio 9 34229
radio 9 34743
radio 9 34774
radio 9 35288
radio 9 35305
radio 9 35819
radio 9 35849
radio 9 36363
radio 9 36380
radio 9 36894
radio 9 36911
radio 9 37425
radio 9 37442
radio 9 37956
radio 9 37973
radio 9 38487
radio 9 38504
radio 9 39018
radio 9 39053
radio 9 39567
radio 9 39584
radio 9 40098
radio 9 40115
radio 9 40629
delay 3 0 9 40680 9 41365 0 7 7 0 222 0 0
radio 9 40689
radio 9 41203
radio 9 41245
radio 9 41758
radio 9 41865
radio 9 42378
radio 9 42409
radio 9 42923
radio 9 42940
radio 9 43454
radio 9 43471
radio 9 43985
radio 9 44020
radio 9 44534
radio 9 44563
radio 9 45077
radio 9 45094
radio 9 45608
radio 9 45625
radio 9 46139
radio 9 46156
radio 9 46670
radio 9 46687
radio 9 47201
radio 9 47232
radio 9 47746
radio 9 47763
radio 9 48277
radio 9 48294
radio 9 48808
radio 9 48842
radio 9 49356
radio 9 49373
radio 9 49887
radio 9 49917
radio 9 50431
radio 9 50448
radio 9 50962
radio 9 50979
radio 9 51493
radio 9 51510
radio 9 52023
radio 9 52096
radio 9 52610
radio 9 52639
radio 9 53153
radio 9 53170
radio 9 53684
radio 9 53701
radio 9 54214
radio 9 54231
radio 9 54745
radio 9 54817
radio 9 55331
radio 9 55348
radio 9 55862
radio 9 55879
radio 9 56393
radio 9 56424
radio 9 56938
radio 9 56972
radio 9 57486
radio 9 57561
radio 9 58075
radio 9 58092
energy 9 58536 7 12822
radio 9 58606
radio 9 58623
radio 9 59136
radio 9 59153
radio 9 59667
radio 9 59699
radio 9 60213
radio 9 60230
radio 9 60743
radio 9 60760
radio 9 61274
delay 4 18 9 61295 9 61833 7 7 65535 0 128 0 0
radio 9 61303
radio 9 61817
radio 9 61923
radio 9 62436
radio 9 62513
radio 9 63026
radio 9 63043
radio 9 63557
radio 9 63591
radio 9 64105
radio 9 64122
radio 9 64635
radio 9 64652
radio 9 65166
radio 9 65183
radio 10 161
radio 10 192
radio 10 706
radio 10 723
radio 10 1236
radio 10 1253
radio 10 1767
radio 10 1784
radio 10 2298
radio 10 2315
radio 10 2829
radio 10 2862
radio 10 3376
radio 10 3409
radio 10 3923
radio 10 3953
radio 10 4467
radio 10 4484
radio 10 4997
radio 10 5028
radio 10 5542
radio 10 5559
radio 10 6073
radio 10 6107
radio 10 6621
radio 10 6653
radio 10 7167
radio 10 7184
radio 10 7698
radio 10 7730
radio 10 8244
radio 10 8261
radio 10 8775
radio 10 8792
radio 10 9305
radio 10 9340
radio 10 9854
radio 10 9871
radio 10 10385
radio 10 10402
radio 10 10916
radio 10 10992
radio 10 11506
radio 10 11536
radio 10 12050
radio 10 12067
radio 10 12581
radio 10 12598
radio 10 13112
radio 10 13189
radio 10 13703
radio 10 13732
radio 10 14246
radio 10 14278
radio 10 14792
radio 10 14822
radio 10 15336
radio 10 15353
radio 10 15867
delay 5 0 10 15886 10 16567 0 7 7 0 65535 0 0
radio 10 15894
radio 10 16408
radio 10 16449
radio 10 16962
radio 10 17007
radio 10 17520
radio 10 17630
radio 10 18144
radio 10 18174
radio 10 18688
radio 10 18719
radio 10 19233
radio 10 19250
radio 10 19764
radio 10 19812
radio 10 20326
radio 10 20343
radio 10 20857
radio 10 20890
radio 10 21404
radio 10 21518
radio 10 22032
radio 10 22067
radio 10 22581
radio 10 22598
radio 10 23112
radio 10 23129
radio 10 23643
radio 10 23676
radio 10 24190
radio 10 24207
radio 10 24721
radio 10 24738
radio 10 25252
radio 10 25269
radio 10 25783
radio 10 25800
radio 10 26314
radio 10 26343
radio 10 26857
radio 10 26891
radio 10 27405
radio 10 27422
radio 10 27936
radio 10 27985
radio 10 28499
radio 10 28533
radio 10 29047
radio 10 29083
radio 10 29597
radio 10 29625
radio 10 30139
radio 10 30194
radio 10 30708
radio 10 30725
radio 10 31239
radio 10 31269
radio 10 31783
radio 10 31859
radio 10 32373
radio 10 32390
radio 10 32904
radio 10 32937
radio 10 33451
radio 10 33483
radio 10 33997
radio 10 34028
radio 10 34542
radio 10 34571
radio 10 35085
radio 10 35113
radio 10 35627
radio 10 35658
radio 10 36172
radio 10 36189
radio 10 36703
delay 6 18 10 36746 10 37284 7 7 65535 0 185 0 0
radio 10 36754
radio 10 37268
radio 10 37283
radio 10 37797
radio 10 37851
radio 10 38364
radio 10 38393
radio 10 38907
radio 10 38924
radio 10 39438
radio 10 39514
radio 10 40028
radio 10 40045
radio 10 40559
radio 10 40588
radio 10 41102
radio 10 41119
radio 10 41633
radio 10 41650
radio 10 42164
radio 10 42213
radio 10 42727
radio 10 42744
radio 10 43258
radio 10 43275
radio 10 43789
radio 10 43825
radio 10 44339
radio 10 44376
radio 10 44890
radio 10 44907
radio 10 45421
radio 10 45491
radio 10 46005
radio 10 46022
radio 10 46536
radio 10 46569
radio 10 47083
radio 10 47112
radio 10 47626
radio 10 47654
radio 10 48168
radio 10 48185
radio 10 48699
radio 10 48716
radio 10 49230
radio 10 49262
radio 10 49776
radio 10 49793
radio 10 50307
radio 10 50338
radio 10 50852
radio 10 50869
radio 10 51383
radio 10 51411
radio 10 51925
radio 10 51953
radio 10 52467
radio 10 52517
radio 10 53031
radio 10 53065
radio 10 53579
radio 10 53596
radio 10 54110
radio 10 54127
energy 10 54440 7 15627
radio 10 54641
radio 10 54670
radio 10 55184
radio 10 55201
radio 10 55715
radio 10 55748
radio 10 56262
radio 10 56294
radio 10 56808
radio 10 56837
radio 10 57351
delay 7 23 10 57453 10 57789 9 7 65535 0 394 0 0
radio 10 57461
radio 10 57975
radio 10 58033
radio 10 58547
radio 10 58564
radio 10 59078
radio 10 59095
radio 10 59609
radio 10 59645
radio 10 60159
radio 10 60176
radio 10 60690
radio 10 60707
radio 10 61221
radio 10 61238
radio 10 61752
radio 10 61782
radio 10 62296
radio 10 62313
radio 10 62827
radio 10 62899
radio 10 63413
radio 10 63430
radio 10 63944
radio 10 63961
radio 10 64475
radio 10 64512
radio 10 65026
radio 10 65060
radio 11 38
radio 11 55
radio 11 568
radio 11 585
radio 11 1098
radio 11 1115
radio 11 1629
radio 11 1646
radio 11 2160
radio 11 2177
radio 11 2690
radio 11 2707
radio 11 3221
radio 11 3238
radio 11 3752
radio 11 3769
radio 11 4282
radio 11 4314
radio 11 4828
radio 11 4845
radio 11 5358
radio 11 5375
radio 11 5889
radio 11 5960
radio 11 6474
radio 11 6506
radio 11 7020
radio 11 7051
radio 11 7565
radio 11 7634
radio 11 8148
radio 11 8183
radio 11 8697
radio 11 8714
radio 11 9227
radio 11 9244
radio 11 9758
radio 11 9775
radio 11 10289
radio 11 10364
radio 11 10878
radio 11 10895
radio 11 11409
radio 11 11426
radio 11 11940
delay 8 0 11 11978 11 12662 0 7 7 0 192 0 0
radio 11 11986
radio 11 12500
radio 11 12741
radio 11 13255
radio 11 13272
radio 11 13786
radio 11 13803
radio 11 14317
radio 11 14334
radio 11 14848
radio 11 15024
radio 11 15538
radio 11 15627
radio 11 16141
radio 11 16170
radio 11 16684
radio 11 16701
radio 11 17215
radio 11 17285
radio 11 17799
radio 11 17816
radio 11 18330
radio 11 18359
radio 11 18873
radio 11 18902
radio 11 19416
radio 11 19525
radio 11 20039
radio 11 20056
radio 11 20570
radio 11 20641
radio 11 21155
radio 11 21172
radio 11 21686
radio 11 21703
radio 11 22217
radio 11 22246
radio 11 22760
radio 11 22835
radio 11 23349
radio 11 23366
radio 11 23880
radio 11 23914
radio 11 24428
radio 11 24464
radio 11 24978
radio 11 25006
radio 11 25520
radio 11 25576
radio 11 26090
radio 11 26107
radio 11 26621
radio 11 26638
radio 11 27152
radio 11 27186
radio 11 27700
radio 11 27771
radio 11 28285
radio 11 28316
radio 11 28830
radio 11 28847
radio 11 29361
radio 11 29390
radio 11 29904
radio 11 29933
radio 11 30447
radio 11 30464
radio 11 30978
radio 11 30995
radio 11 31509
radio 11 31538
radio 11 32052
radio 11 32069
radio 11 32583
delay 9 0 11 32606 11 33290 0 7 7 0 339 0 0
radio 11 32614
radio 11 33128
radio 11 33145
radio 11 33659
radio 11 33852
radio 11 34366
radio 11 34397
radio 11 34911
radio 11 34928
radio 11 35442
radio 11 35474
radio 11 35988
radio 11 36016
radio 11 36530
radio 11 36565
radio 11 37079
radio 11 37116
radio 11 37630
radio 11 37647
radio 11 38161
radio 11 38178
radio 11 38692
radio 11 38721
radio 11 39235
radio 11 39306
radio 11 39820
radio 11 39857
radio 11 40371
radio 11 40405
radio 11 40919
radio 11 40936
radio 11 41450
radio 11 41467
radio 11 41981
radio 11 42031
radio 11 42545
radio 11 42562
radio 11 43076
radio 11 43107
radio 11 43621
radio 11 43651
radio 11 44165
radio 11 44194
radio 11 44708
radio 11 44742
radio 11 45256
radio 11 45288
radio 11 45802
radio 11 45819
radio 11 46333
radio 11 46364
radio 11 46878
radio 11 46895
radio 11 47409
radio 11 47445
radio 11 47959
radio 11 47993
radio 11 48507
radio 11 48524
radio 11 49038
radio 11 49055
radio 11 49569
radio 11 49601
radio 11 50115
radio 11 50132
energy 11 50344 7 18923
radio 11 50646
radio 11 50663
radio 11 51177
radio 11 51194
radio 11 51708
radio 11 51744
radio 11 52258
radio 11 52310
radio 11 52824
radio 11 52841
radio 11 53355
delay 10 35 11 53417 11 53415 7 7 65535 0 262 0 0
radio 11 53425
radio 11 53940
radio 11 53990
radio 11 54504
radio 11 54521
radio 11 55035
radio 11 55052
radio 11 55566
radio 11 55583
radio 11 56097
radio 11 56114
radio 11 56628
radio 11 56645
radio 11 57159
radio 11 57233
radio 11 57747
radio 11 57764
radio 11 58278
radio 11 58306
radio 11 58820
radio 11 58929
radio 11 59443
radio 11 59477
radio 11 59991
radio 11 60008
radio 11 60522
radio 11 60552
radio 11 61066
radio 11 61101
radio 11 61615
radio 11 61648
radio 11 62162
radio 11 62192
radio 11 62706
radio 11 62723
radio 11 63237
radio 11 63254
radio 11 63768
radio 11 63803
radio 11 64317
radio 11 64347
radio 11 64861
radio 11 64893
radio 11 65407
radio 11 65435
radio 12 413
radio 12 442
radio 12 956
radio 12 973
radio 12 1486
radio 12 1555
radio 12 2069
radio 12 2086
radio 12 2599
radio 12 2616
radio 12 3129
radio 12 3146
radio 12 3659
radio 12 3676
radio 12 4189
radio 12 4206
radio 12 4720
radio 12 4750
radio 12 5264
radio 12 5292
radio 12 5806
radio 12 5857
radio 12 6371
radio 12 6405
radio 12 6919
radio 12 6949
radio 12 7463
radio 12 7553
radio 12 8067
delay 11 47 12 8113 12 7760 12 7 65535 0 91 0 0
radio 12 8123
radio 12 8636
radio 12 8661
radio 12 9174
radio 12 9233
radio 12 9747
radio 12 9781
radio 12 10295
radio 12 10326
radio 12 10840
radio 12 10996
radio 12 11510
radio 12 11563
radio 12 12077
radio 12 12148
radio 12 12662
radio 12 12679
radio 12 13193
radio 12 13210
radio 12 13724
radio 12 13792
radio 12 14306
radio 12 14323
radio 12 14837
radio 12 14873
radio 12 15387
radio 12 15419
radio 12 15933
radio 12 15962
radio 12 16476
radio 12 16512
radio 12 17026
radio 12 17078
radio 12 17592
radio 12 17609
radio 12 18123
radio 12 18158
radio 12 18672
radio 12 18689
radio 12 19203
radio 12 19279
radio 12 19793
radio 12 19810
radio 12 20324
radio 12 20341
radio 12 20855
radio 12 20872
radio 12 21386
radio 12 21403
radio 12 21917
radio 12 21949
radio 12 22463
radio 12 22480
radio 12 22994
radio 12 23011
radio 12 23525
radio 12 23560
radio 12 24074
radio 12 24091
radio 12 24605
radio 12 24622
radio 12 25136
radio 12 25170
radio 12 25684
radio 12 25701
radio 12 26215
radio 12 26232
radio 12 26746
radio 12 26763
radio 12 27277
radio 12 27313
radio 12 27827
radio 12 27881
radio 12 28395
delay 12 47 12 28520 12 28167 12 7 65535 0 122 0 0
radio 12 28529
radio 12 29043
radio 12 29353
radio 12 29866
radio 12 29883
radio 12 30397
radio 12 30414
radio 12 30928
radio 12 30945
radio 12 31459
radio 12 31476
radio 12 31990
radio 12 32007
radio 12 32521
radio 12 32596
radio 12 33110
radio 12 33127
radio 12 33641
radio 12 33674
radio 12 34188
radio 12 34221
radio 12 34735
radio 12 34752
radio 12 35266
radio 12 35321
radio 12 35835
radio 12 35852
radio 12 36366
radio 12 36397
radio 12 36911
radio 12 36928
radio 12 37442
radio 12 37459
radio 12 37973
radio 12 38008
radio 12 38522
radio 12 38539
radio 12 39053
radio 12 39070
radio 12 39584
radio 12 39635
radio 12 40149
radio 12 40183
radio 12 40697
radio 12 40714
radio 12 41228
radio 12 41259
radio 12 41773
radio 12 41790
radio 12 42304
radio 12 42321
radio 12 42835
radio 12 42852
radio 12 43366
radio 12 43397
radio 12 43911
radio 12 43928
radio 12 44442
radio 12 44472
radio 12 44986
radio 12 45003
radio 12 45517
radio 12 45534
radio 12 46048
radio 12 46122
energy 12 46248 7 22207
radio 12 46636
radio 12 46667
radio 12 47181
radio 12 47209
radio 12 47723
radio 12 47779
radio 12 48293
radio 12 48310
radio 12 48824
delay 13 0 12 48846 12 49530 0 7 7 0 195 0 0
radio 12 48854
radio 12 49368
radio 12 49414
radio 12 49928
radio 12 49955
radio 12 50468
radio 12 50485
radio 12 50999
radio 12 51074
radio 12 51588
radio 12 51621
radio 12 52135
radio 12 52204
radio 12 52718
radio 12 52735
radio 12 53249
radio 12 53282
radio 12 53796
radio 12 53813
radio 12 54327
radio 12 54403
radio 12 54917
radio 12 54934
radio 12 55448
radio 12 55465
radio 12 55979
radio 12 56011
radio 12 56525
radio 12 56542
radio 12 57056
radio 12 57073
radio 12 57587
radio 12 57617
radio 12 58131
radio 12 58148
radio 12 58662
radio 12 58679
radio 12 59193
radio 12 59222
radio 12 59736
radio 12 59753
radio 12 60267
radio 12 60297
radio 12 60811
radio 12 60828
radio 12 61342
radio 12 61376
radio 12 61890
radio 12 61907
radio 12 62421
radio 12 62476
radio 12 62990
radio 12 63007
radio 12 63521
radio 12 63538
radio 12 64052
radio 12 64069
radio 12 64583
radio 12 64600
radio 12 65114
radio 12 65131
radio 13 109
radio 13 144
radio 13 658
radio 13 675
radio 13 1188
radio 13 1205
radio 13 1719
radio 13 1736
radio 13 2249
radio 13 2277
radio 13 2791
radio 13 2808
radio 13 3322
radio 13 3351
radio 13 3865
radio 13 4142
radio 13 4656
delay 14 23 13 4811 13 5146 9 7 65535 0 705 0 0
radio 13 4819
radio 13 5333
radio 13 5543
radio 13 6057
radio 13 6145
radio 13 6659
radio 13 6676
radio 13 7189
radio 13 7206
radio 13 7720
radio 13 7748
radio 13 8262
radio 13 8279
radio 13 8793
radio 13 8810
radio 13 9324
radio 13 9357
radio 13 9871
radio 13 9907
radio 13 10421
radio 13 10455
radio 13 10969
radio 13 11040
radio 13 11554
radio 13 11625
radio 13 12139
radio 13 12169
radio 13 12683
radio 13 12700
radio 13 13214
radio 13 13245
radio 13 13759
radio 13 13787
radio 13 14301
radio 13 14318
radio 13 14832
radio 13 14865
radio 13 15379
radio 13 15396
radio 13 15910
radio 13 15940
radio 13 16454
radio 13 16489
radio 13 17003
radio 13 17076
radio 13 17590
radio 13 17607
radio 13 18121
radio 13 18152
radio 13 18666
radio 13 18755
radio 13 19269
radio 13 19286
radio 13 19800
radio 13 19817
radio 13 20331
radio 13 20365
radio 13 20879
radio 13 20896
radio 13 21410
radio 13 21480
radio 13 21994
radio 13 22030
radio 13 22544
radio 13 22561
radio 13 23075
radio 13 23092
radio 13 23606
radio 13 23682
radio 13 24196
delay 15 0 13 24249 13 24933 0 7 7 0 174 0 0
radio 13 24257
radio 13 24772
radio 13 24788
radio 13 25302
radio 13 25317
radio 13 25831
radio 13 25848
radio 13 26362
radio 13 26379
radio 13 26893
radio 13 26941
radio 13 27455
radio 13 27472
radio 13 27986
radio 13 28003
radio 13 28517
radio 13 28534
radio 13 29048
radio 13 29065
radio 13 29579
radio 13 29596
radio 13 30110
radio 13 30145
radio 13 30659
radio 13 30676
radio 13 31190
radio 13 31207
radio 13 31721
radio 13 31769
radio 13 32283
radio 13 32300
radio 13 32814
radio 13 32831
radio 13 33345
radio 13 33362
radio 13 33876
radio 13 33907
radio 13 34421
radio 13 34438
radio 13 34952
radio 13 35004
radio 13 35518
radio 13 35536
radio 13 36049
radio 13 36080
radio 13 36594
radio 13 36611
radio 13 37125
radio 13 37155
radio 13 37669
radio 13 37686
radio 13 38200
radio 13 38256
radio 13 38770
radio 13 38787
radio 13 39301
radio 13 39318
radio 13 39832
radio 13 39849
radio 13 40363
radio 13 40380
radio 13 40894
radio 13 40926
radio 13 41440
radio 13 41470
radio 13 41984
radio 13 42036
energy 13 42152 7 25411
radio 13 42550
radio 13 42567
radio 13 43081
radio 13 43098
radio 13 43612
radio 13 43642
radio 13 44156
radio 13 44173
radio 13 44687
radio 13 44751
radio 13 45265
delay 16 18 13 45663 13 46204 7 7 65535 0 752 0 0
radio 13 45671
radio 13 46186
radio 13 46203
radio 13 46717
radio 13 46749
radio 13 47263
radio 13 47293
radio 13 47807
radio 13 47824
radio 13 48338
radio 13 48355
radio 13 48869
radio 13 48886
radio 13 49400
radio 13 49417
radio 13 49931
radio 13 50004
radio 13 50518
radio 13 50535
radio 13 51049
radio 13 51066
radio 13 51580
radio 13 51597
radio 13 52111
radio 13 52128
radio 13 52642
radio 13 52659
radio 13 53173
radio 13 53204
radio 13 53718
radio 13 53787
radio 13 54301
radio 13 54331
radio 13 54845
radio 13 54862
radio 13 55376
radio 13 55393
radio 13 55907
radio 13 55976
radio 13 56490
radio 13 56519
radio 13 57033
radio 13 57067
radio 13 57581
radio 13 57656
radio 13 58170
radio 13 58187
radio 13 58701
radio 13 58718
radio 13 59232
radio 13 59262
radio 13 59776
radio 13 59793
radio 13 60307
radio 13 60324
radio 13 60838
radio 13 60907
radio 13 61421
radio 13 61453
radio 13 61967
radio 13 61998
radio 13 62512
radio 13 62583
radio 13 63097
radio 13 63128
radio 13 63642
radio 13 63659
radio 13 64173
radio 13 64190
radio 13 64704
radio 13 64721
radio 13 65235
delay 17 0 13 65257 14 404 0 7 7 0 222 0 0
radio 13 65264
radio 14 242
radio 14 531
radio 14 1044
radio 14 1074
radio 14 1588
radio 14 1639
radio 14 2153
radio 14 2189
radio 14 2703
radio 14 2831
radio 14 3345
radio 14 3419
radio 14 3933
radio 14 3950
radio 14 4464
radio 14 4617
radio 14 5131
radio 14 5202
radio 14 5716
radio 14 5768
radio 14 6282
radio 14 6299
radio 14 6812
radio 14 6843
radio 14 7357
radio 14 7432
radio 14 7946
radio 14 7963
radio 14 8476
radio 14 8493
radio 14 9007
radio 14 9024
radio 14 9537
radio 14 9565
radio 14 10079
radio 14 10096
radio 14 10610
radio 14 10643
radio 14 11157
radio 14 11206
radio 14 11720
radio 14 11751
radio 14 12265
radio 14 12295
radio 14 12809
radio 14 12885
radio 14 13399
radio 14 13416
radio 14 13930
radio 14 13947
radio 14 14461
radio 14 14494
radio 14 15008
radio 14 15061
radio 14 15575
radio 14 15592
radio 14 16106
radio 14 16123
radio 14 16637
radio 14 16670
radio 14 17184
radio 14 17201
radio 14 17715
radio 14 17732
radio 14 18246
radio 14 18278
radio 14 18792
radio 14 18862
radio 14 19376
radio 14 19393
radio 14 19907
radio 14 19924
radio 14 20438
delay 18 18 14 20480 14 21022 7 7 65535 0 94 0 0
radio 14 20488
radio 14 21003
radio 14 21063
radio 14 21577
radio 14 21610
radio 14 22124
radio 14 22156
radio 14 22670
radio 14 22701
radio 14 23215
radio 14 23250
radio 14 23764
radio 14 23781
radio 14 24295
radio 14 24330
radio 14 24844
radio 14 24876
radio 14 25390
radio 14 25407
radio 14 25921
radio 14 26012
radio 14 26526
radio 14 26543
radio 14 27057
radio 14 27087
radio 14 27601
radio 14 27630
radio 14 28144
radio 14 28200
radio 14 28714
radio 14 28731
radio 14 29245
radio 14 29262
radio 14 29776
radio 14 29805
radio 14 30319
radio 14 30336
radio 14 30850
radio 14 30920
radio 14 31434
radio 14 31451
radio 14 31965
radio 14 31982
radio 14 32496
radio 14 32513
radio 14 33027
radio 14 33062
radio 14 33576
radio 14 33647
radio 14 34161
radio 14 34178
radio 14 34692
radio 14 34721
radio 14 35235
radio 14 35252
radio 14 35766
radio 14 35796
radio 14 36310
radio 14 36339
radio 14 36853
radio 14 36882
radio 14 37396
radio 14 37413
radio 14 37927
radio 14 37944
energy 14 38056 7 29134
radio 14 38458
radio 14 38487
radio 14 39001
radio 14 39018
radio 14 39532
radio 14 39549
radio 14 40063
radio 14 40094
radio 14 40608
radio 14 40644
radio 14 41158
radio 14 41175
radio 14 41689
radio 14 41706
radio 14 42220
radio 14 42248
radio 14 42762
radio 14 42779
radio 14 43293
radio 14 43324
radio 14 43838
radio 14 43855
radio 14 44369
radio 14 44386
radio 14 44900
radio 14 44969
radio 14 45483
radio 14 45514
radio 14 46028
radio 14 46045
radio 14 46559
radio 14 46576
radio 14 47090
radio 14 47107
radio 14 47621
radio 14 47638
radio 14 48152
radio 14 48182
radio 14 48696
radio 14 48749
radio 14 49263
radio 14 49296
radio 14 49810
radio 14 49840
radio 14 50354
radio 14 50384
radio 14 50898
radio 14 50947
radio 14 51461
radio 14 51493
radio 14 52007
radio 14 52024
radio 14 52538
radio 14 52569
radio 14 53083
radio 14 53111
radio 14 53625
radio 14 53642
radio 14 54156
radio 14 54205
radio 14 54719
radio 14 54754
radio 14 55268
radio 14 55285
radio 14 55799
radio 14 55827
radio 14 56341
radio 14 56358
radio 14 56872
radio 14 56923
radio 14 57437
radio 14 57454
radio 14 57968
radio 14 58000
radio 14 58514
radio 14 58531
radio 14 59045
radio 14 59062
radio 14 59576
radio 14 59651
radio 14 60165
radio 14 60182
radio 14 60696
radio 14 60713
radio 14 61227
delay 20 0 14 61251 14 61934 0 7 7 0 309 0 0
radio 14 61258
radio 14 61773
radio 14 61815
radio 14 62328
radio 14 62346
radio 14 62860
radio 14 62877
radio 14 63391
radio 14 63440
radio 14 63954
radio 14 63971
radio 14 64485
radio 14 64502
radio 14 65016
radio 14 65046
radio 15 24
radio 15 53
radio 15 566
radio 15 583
radio 15 1096
radio 15 1113
radio 15 1626
radio 15 1657
radio 15 2171
radio 15 2188
radio 15 2701
radio 15 2733
radio 15 3247
radio 15 3276
radio 15 3790
radio 15 3818
radio 15 4332
radio 15 4349
radio 15 4863
radio 15 4880
radio 15 5394
radio 15 5450
radio 15 5964
radio 15 5998
radio 15 6512
radio 15 6529
radio 15 7042
radio 15 7059
radio 15 7573
radio 15 7643
radio 15 8157
radio 15 8174
radio 15 8688
radio 15 8705
radio 15 9219
radio 15 9236
radio 15 9750
radio 15 9784
radio 15 10298
radio 15 10329
radio 15 10843
radio 15 10898
radio 15 11412
radio 15 11448
radio 15 11962
radio 15 11993
radio 15 12507
radio 15 12540
radio 15 13054
radio 15 13071
radio 15 13585
radio 15 13633
radio 15 14147
radio 15 14176
radio 15 14690
radio 15 14707
radio 15 15221
radio 15 15238
radio 15 15752
radio 15 15822
radio 15 16336
delay 21 18 15 16352 15 16895 7 7 65535 0 302 0 0
radio 15 16361
radio 15 16875
radio 15 16980
radio 15 17493
radio 15 17579
radio 15 18093
radio 15 18127
radio 15 18641
radio 15 18690
radio 15 19204
radio 15 19254
radio 15 19768
radio 15 19785
radio 15 20299
radio 15 20316
radio 15 20830
radio 15 20847
radio 15 21361
radio 15 21395
radio 15 21909
radio 15 21939
radio 15 22453
radio 15 22504
radio 15 23018
radio 15 23054
radio 15 23568
radio 15 23636
radio 15 24150
radio 15 24167
radio 15 24681
radio 15 24698
radio 15 25212
radio 15 25260
radio 15 25774
radio 15 25807
radio 15 26321
radio 15 26353
radio 15 26867
radio 15 26937
radio 15 27451
radio 15 27468
radio 15 27982
radio 15 27999
radio 15 28513
radio 15 28530
radio 15 29044
radio 15 29061
radio 15 29575
radio 15 29612
radio 15 30126
radio 15 30155
radio 15 30669
radio 15 30686
radio 15 31200
radio 15 31229
radio 15 31743
radio 15 31772
radio 15 32286
radio 15 32303
radio 15 32817
radio 15 32846
radio 15 33360
radio 15 33377
radio 15 33891
energy 15 33960 7 31857
radio 15 34006
radio 15 34520
radio 15 34552
radio 15 35066
radio 15 35121
radio 15 35635
radio 15 35652
radio 15 36166
radio 15 36183
radio 15 36697
delay 22 18 15 36712 15 37255 7 7 65535 0 330 0 0
radio 15 36720
radio 15 37235
radio 15 37279
radio 15 37793
radio 15 37876
radio 15 38390
radio 15 38419
radio 15 38933
radio 15 38950
radio 15 39464
radio 15 39481
radio 15 39995
radio 15 40012
radio 15 40526
radio 15 40543
radio 15 41057
radio 15 41074
radio 15 41588
radio 15 41605
radio 15 42119
radio 15 42151
radio 15 42665
radio 15 42682
radio 15 43196
radio 15 43229
radio 15 43743
radio 15 43819
radio 15 44333
radio 15 44363
radio 15 44877
radio 15 44907
radio 15 45421
radio 15 45469
radio 15 45983
radio 15 46000
radio 15 46514
radio 15 46546
radio 15 47060
radio 15 47077
radio 15 47591
radio 15 47608
radio 15 48122
radio 15 48139
radio 15 48653
radio 15 48670
radio 15 49184
radio 15 49214
radio 15 49728
radio 15 49756
radio 15 50270
radio 15 50323
radio 15 50837
radio 15 50854
radio 15 51368
radio 15 51385
radio 15 51899
radio 15 51972
radio 15 52486
radio 15 52503
radio 15 53017
radio 15 53034
radio 15 53548
radio 15 53599
radio 15 54113
radio 15 54167
radio 15 54681
radio 15 54698
radio 15 55212
radio 15 55229
radio 15 55743
radio 15 55760
radio 15 56274
radio 15 56303
radio 15 56817
radio 15 56834
radio 15 57348
delay 23 39 15 57389 15 57224 15 7 65535 0 420 0 0
radio 15 57398
radio 15 57912
radio 15 57957
radio 15 58471
radio 15 58488
radio 15 59002
radio 15 59019
radio 15 59533
radio 15 59550
radio 15 60064
radio 15 60081
radio 15 60595
radio 15 60612
radio 15 61126
radio 15 61196
radio 15 61710
radio 15 61727
radio 15 62241
radio 15 62258
radio 15 62772
radio 15 62801
radio 15 63315
radio 15 63344
radio 15 63858
radio 15 63875
radio 15 64389
radio 15 64406
radio 15 64920
radio 15 64937
radio 15 65451
radio 15 65485
radio 16 463
radio 16 537
radio 16 1051
radio 16 1068
radio 16 1581
radio 16 1609
radio 16 2123
radio 16 2191
radio 16 2705
radio 16 2722
radio 16 3236
radio 16 3253
radio 16 3767
radio 16 3784
radio 16 4298
radio 16 4333
radio 16 4847
radio 16 4878
radio 16 5392
radio 16 5444
radio 16 5958
radio 16 5975
radio 16 6488
radio 16 6505
radio 16 7018
radio 16 7035
radio 16 7548
radio 16 7577
radio 16 8091
radio 16 8108
radio 16 8621
radio 16 8693
radio 16 9207
radio 16 9235
radio 16 9749
radio 16 9766
radio 16 10279
radio 16 10310
radio 16 10824
radio 16 10855
radio 16 11369
radio 16 11386
radio 16 11900
delay 24 0 16 11953 16 12636 0 7 7 0 161 0 0
radio 16 11961
radio 16 12475
radio 16 12490
radio 16 13003
radio 16 13023
radio 16 13537
radio 16 13554
radio 16 14068
radio 16 14117
radio 16 14631
radio 16 14648
radio 16 15162
radio 16 15179
radio 16 15693
radio 16 15724
radio 16 16238
radio 16 16255
radio 16 16769
radio 16 16786
radio 16 17300
radio 16 17317
radio 16 17831
radio 16 17860
radio 16 18374
radio 16 18405
radio 16 18919
radio 16 18936
radio 16 19450
radio 16 19467
radio 16 19981
radio 16 19998
radio 16 20512
radio 16 20529
radio 16 21043
radio 16 21060
radio 16 21574
radio 16 21604
radio 16 22118
radio 16 22147
radio 16 22661
radio 16 22690
radio 16 23204
radio 16 23233
radio 16 23747
radio 16 23764
radio 16 24278
radio 16 24295
radio 16 24809
radio 16 24826
radio 16 25340
radio 16 25374
radio 16 25888
radio 16 25905
radio 16 26419
radio 16 26453
radio 16 26967
radio 16 27023
radio 16 27537
radio 16 27571
radio 16 28085
radio 16 28121
radio 16 28635
radio 16 28670
radio 16 29184
radio 16 29216
radio 16 29730
radio 16 29784
energy 16 29864 7 34517
radio 16 30298
radio 16 30315
radio 16 30829
radio 16 30899
radio 16 31413
radio 16 31430
radio 16 31944
radio 16 31979
radio 16 32493
delay 25 43 16 32541 16 32306 7 7 65535 0 232 0 0
radio 16 32549
radio 16 33064
radio 16 33139
radio 16 33652
radio 16 33675
radio 16 34188
radio 16 34205
radio 16 34719
radio 16 34747
radio 16 35261
radio 16 35278
radio 16 35792
radio 16 35860
radio 16 36374
radio 16 36403
radio 16 36917
radio 16 36951
radio 16 37465
radio 16 37496
radio 16 38010
radio 16 38027
radio 16 38541
radio 16 38629
radio 16 39143
radio 16 39160
radio 16 39674
radio 16 39691
radio 16 40205
radio 16 40222
radio 16 40736
radio 16 40753
radio 16 41267
radio 16 41284
radio 16 41798
radio 16 41826
radio 16 42340
radio 16 42357
radio 16 42871
radio 16 42888
radio 16 43402
radio 16 43419
radio 16 43933
radio 16 43950
radio 16 44464
radio 16 44492
radio 16 45006
radio 16 45056
radio 16 45570
radio 16 45600
radio 16 46114
radio 16 46131
radio 16 46645
radio 16 46662
radio 16 47176
radio 16 47193
radio 16 47707
radio 16 47724
radio 16 48238
radio 16 48255
radio 16 48769
radio 16 48786
radio 16 49300
radio 16 49317
radio 16 49831
radio 16 49862
radio 16 50376
radio 16 50425
radio 16 50939
radio 16 50956
radio 16 51470
radio 16 51487
radio 16 52001
radio 16 52018
radio 16 52532
radio 16 52567
radio 16 53081
delay 26 45 16 53139 16 52828 11 7 65535 0 35 0 0
radio 16 53147
radio 16 53661
radio 16 53676
radio 16 54190
radio 16 54325
radio 16 54839
radio 16 54868
radio 16 55382
radio 16 55399
radio 16 55913
radio 16 55944
radio 16 56458
radio 16 56550
radio 16 57064
radio 16 57138
radio 16 57652
radio 16 57680
radio 16 58194
radio 16 58289
radio 16 58803
radio 16 58851
radio 16 59365
radio 16 59419
radio 16 59933
radio 16 59984
radio 16 60498
radio 16 60534
radio 16 61048
radio 16 61082
radio 16 61596
radio 16 61613
radio 16 62127
radio 16 62158
radio 16 62672
radio 16 62689
radio 16 63203
radio 16 63220
radio 16 63734
radio 16 63763
radio 16 64277
radio 16 64307
radio 16 64821
radio 16 64897
radio 16 65411
radio 16 65439
radio 17 417
radio 17 434
radio 17 947
radio 17 976
radio 17 1490
radio 17 1539
radio 17 2053
radio 17 2070
radio 17 2583
radio 17 2600
radio 17 3114
radio 17 3144
radio 17 3658
radio 17 3675
radio 17 4189
radio 17 4218
radio 17 4732
radio 17 4749
radio 17 5262
radio 17 5336
radio 17 5850
radio 17 5867
radio 17 6380
radio 17 6397
radio 17 6911
radio 17 6928
radio 17 7441
radio 17 7458
radio 17 7972
delay 27 0 17 7987 17 8670 0 7 7 0 291 0 0
radio 17 7995
radio 17 8509
radio 17 8759
radio 17 9273
radio 17 9290
radio 17 9803
radio 17 9820
radio 17 10334
radio 17 10370
radio 17 10884
radio 17 10901
radio 17 11415
radio 17 11432
radio 17 11946
radio 17 11979
radio 17 12493
radio 17 12510
radio 17 13024
radio 17 13058
radio 17 13572
radio 17 13625
radio 17 14139
radio 17 14156
radio 17 14670
radio 17 14702
radio 17 15216
radio 17 15233
radio 17 15747
radio 17 15764
radio 17 16278
radio 17 16349
radio 17 16863
radio 17 16880
radio 17 17394
radio 17 17411
radio 17 17925
radio 17 17942
radio 17 18456
radio 17 18473
radio 17 18987
radio 17 19004
radio 17 19518
radio 17 19535
radio 17 20049
radio 17 20121
radio 17 20635
radio 17 20664
radio 17 21178
radio 17 21195
radio 17 21709
radio 17 21745
radio 17 22259
radio 17 22287
radio 17 22801
radio 17 22851
radio 17 23365
radio 17 23382
radio 17 23896
radio 17 23913
radio 17 24427
radio 17 24462
radio 17 24976
radio 17 25052
radio 17 25566
radio 17 25583
energy 17 25768 7 37607
radio 17 26097
radio 17 26114
radio 17 26628
radio 17 26645
radio 17 27159
radio 17 27176
radio 17 27690
radio 17 27778
radio 17 28292
delay 28 0 17 28346 17 29028 0 7 7 0 169 0 0
radio 17 28354
radio 17 28868
radio 17 28955
radio 17 29468
radio 17 29513
radio 17 30026
radio 17 30059
radio 17 30573
radio 17 30590
radio 17 31104
radio 17 31121
radio 17 31635
radio 17 31671
radio 17 32185
radio 17 32202
radio 17 32716
radio 17 32748
radio 17 33262
radio 17 33310
radio 17 33824
radio 17 33859
radio 17 34373
radio 17 34390
radio 17 34904
radio 17 34921
radio 17 35435
radio 17 35452
radio 17 35966
radio 17 35983
radio 17 36497
radio 17 36514
radio 17 37028
radio 17 37056
radio 17 37570
radio 17 37587
radio 17 38101
radio 17 38118
radio 17 38632
radio 17 38649
radio 17 39163
radio 17 39180
radio 17 39694
radio 17 39711
radio 17 40225
radio 17 40242
radio 17 40756
radio 17 40773
radio 17 41287
radio 17 41304
radio 17 41818
radio 17 41846
radio 17 42360
radio 17 42377
radio 17 42891
radio 17 42908
radio 17 43422
radio 17 43439
radio 17 43953
radio 17 43970
radio 17 44484
radio 17 44516
radio 17 45030
radio 17 45047
radio 17 45561
radio 17 45578
radio 17 46092
radio 17 46109
radio 17 46623
radio 17 46654
radio 17 47168
radio 17 47185
radio 17 47699
radio 17 47729
radio 17 48243
radio 17 48260
radio 17 48774
delay 29 3 17 48790 17 49447 7 7 65535 0 71 0 0
radio 17 48798
radio 17 49312
radio 17 49409
radio 17 49922
radio 17 50018
radio 17 50531
radio 17 50562
radio 17 51076
radio 17 51093
radio 17 51607
radio 17 51661
radio 17 52175
radio 17 52265
radio 17 52779
radio 17 52796
radio 17 53310
radio 17 53340
radio 17 53854
radio 17 53885
radio 17 54399
radio 17 54416
radio 17 54930
radio 17 54947
radio 17 55461
radio 17 55478
radio 17 55992
radio 17 56022
radio 17 56536
radio 17 56553
radio 17 57067
radio 17 57099
radio 17 57613
radio 17 57630
radio 17 58144
radio 17 58192
radio 17 58706
radio 17 58739
radio 17 59253
radio 17 59283
radio 17 59797
radio 17 59865
radio 17 60379
radio 17 60396
radio 17 60910
radio 17 60927
radio 17 61441
radio 17 61458
radio 17 61972
radio 17 62003
radio 17 62517
radio 17 62566
radio 17 63080
radio 17 63097
radio 17 63611
radio 17 63628
radio 17 64142
radio 17 64159
radio 17 64673
radio 17 64703
radio 17 65217
radio 17 65251
radio 18 229
radio 18 246
radio 18 759
radio 18 831
radio 18 1345
radio 18 1362
radio 18 1875
radio 18 1909
radio 18 2423
radio 18 2455
radio 18 2969
radio 18 2986
radio 18 3499
radio 18 3516
radio 18 4030
delay 30 29 18 4629 18 4352 18 7 65535 0 881 0 0
radio 18 4637
radio 18 5152
radio 18 5169
radio 18 5682
radio 18 5699
radio 18 6213
radio 18 6282
radio 18 6796
radio 18 6832
radio 18 7346
radio 18 7363
radio 18 7876
radio 18 7893
radio 18 8406
radio 18 8423
radio 18 8936
radio 18 8970
radio 18 9484
radio 18 9501
radio 18 10015
radio 18 10032
radio 18 10546
radio 18 10636
radio 18 11150
radio 18 11179
radio 18 11693
radio 18 11710
radio 18 12224
radio 18 12256
radio 18 12770
radio 18 12787
radio 18 13301
radio 18 13318
radio 18 13832
radio 18 13849
radio 18 14363
radio 18 14380
radio 18 14894
radio 18 14911
radio 18 15425
radio 18 15458
radio 18 15972
radio 18 15989
radio 18 16503
radio 18 16520
radio 18 17034
radio 18 17051
radio 18 17565
radio 18 17596
radio 18 18110
radio 18 18138
radio 18 18652
radio 18 18684
radio 18 19198
radio 18 19215
radio 18 19729
radio 18 19746
radio 18 20260
radio 18 20295
radio 18 20809
radio 18 20826
radio 18 21340
radio 18 21388
energy 18 21672 7 40705
radio 18 21902
radio 18 21919
radio 18 22433
radio 18 22450
radio 18 22964
radio 18 22999
radio 18 23513
radio 18 23585
radio 18 24099
delay 31 0 18 24119 18 24801 0 7 7 0 38 1 0
radio 18 25197
radio 18 25711
radio 18 25787
radio 18 26301
radio 18 26318
radio 18 26832
radio 18 26849
radio 18 27363
radio 18 27392
radio 18 27906
radio 18 27923
radio 18 28437
radio 18 28474
radio 18 28988
radio 18 29044
radio 18 29558
radio 18 29588
