Thread[Thread-1,5,main]tree 14 7 0 14 0 0
radio 7 156
radio 7 160
radio 7 177
radio 7 690
radio 7 718
radio 7 1231
radio 7 1260
radio 7 1774
radio 7 1843
radio 7 2357
radio 7 2374
radio 7 2887
radio 7 2904
radio 7 3417
radio 7 3434
radio 7 3947
radio 7 3964
radio 7 4477
radio 7 4494
radio 7 5007
radio 7 5024
radio 7 5537
radio 7 5570
radio 7 6084
radio 7 6101
radio 7 6614
radio 7 6631
radio 7 7144
radio 7 7161
radio 7 7674
radio 7 7747
radio 7 8261
radio 7 8297
radio 7 8811
radio 7 8828
radio 7 9341
radio 7 9358
radio 7 9871
radio 7 9888
radio 7 10401
radio 7 10418
radio 7 10932
radio 7 10949
radio 7 11463
radio 7 11480
radio 7 11994
radio 7 12023
radio 7 12537
radio 7 12554
radio 7 13068
radio 7 13102
radio 7 13616
radio 7 13650
radio 7 14164
radio 7 14181
radio 7 14695
radio 7 14712
radio 7 15226
radio 7 15243
radio 7 15757
radio 7 15792
radio 7 16306
radio 7 16340
radio 7 16854
radio 7 16871
radio 7 17385
radio 7 17402
radio 7 17916
radio 7 17933
radio 7 18447
radio 7 18476
radio 7 18990
radio 7 19007
radio 7 19521
radio 7 19538
radio 7 20052
radio 7 20069
radio 7 20583
radio 7 20612
radio 7 21126
radio 7 21155
radio 7 21669
radio 7 21703
radio 7 22217
radio 7 22234
radio 7 22748
radio 7 22798
radio 7 23312
radio 7 23364
radio 7 23878
radio 7 23914
radio 7 24428
radio 7 24461
radio 7 24975
radio 7 24992
radio 7 25506
radio 7 25556
radio 7 26070
radio 7 26087
radio 7 26601
radio 7 26618
radio 7 27132
radio 7 27188
radio 7 27702
radio 7 27754
radio 7 28268
radio 7 28285
radio 7 28799
radio 7 28816
radio 7 29330
radio 7 29347
radio 7 29861
radio 7 29910
radio 7 30424
radio 7 30457
radio 7 30971
radio 7 30988
radio 7 31502
radio 7 31519
radio 7 32033
radio 7 32050
radio 7 32564
radio 7 32581
radio 7 33095
radio 7 33129
radio 7 33643
radio 7 33677
radio 7 34191
radio 7 34208
radio 7 34721
radio 7 34754
radio 7 35268
radio 7 35301
radio 7 35815
radio 7 35832
radio 7 36346
radio 7 36374
radio 7 36888
radio 7 36905
radio 7 37419
radio 7 37436
radio 7 37950
radio 7 38000
radio 7 38514
radio 7 38531
radio 7 39045
radio 7 39062
radio 7 39576
radio 7 39593
radio 7 40107
radio 7 40124
radio 7 40638
radio 7 40655
radio 7 41169
radio 7 41198
radio 7 41712
radio 7 41729
radio 7 42243
radio 7 42260
radio 7 42774
radio 7 42803
radio 7 43317
radio 7 43334
radio 7 43848
radio 7 43865
radio 7 44379
radio 7 44396
radio 7 44910
radio 7 44939
radio 7 45453
radio 7 45470
radio 7 45984
radio 7 46015
radio 7 46529
radio 7 46546
radio 7 47060
radio 7 47095
radio 7 47609
radio 7 47626
radio 7 48140
radio 7 48157
radio 7 48671
radio 7 48688
radio 7 49202
radio 7 49219
radio 7 49733
radio 7 49765
radio 7 50279
radio 7 50310
radio 7 50824
radio 7 50857
radio 7 51371
radio 7 51440
radio 7 51954
radio 7 51971
radio 7 52485
radio 7 52502
radio 7 53016
radio 7 53052
radio 7 53566
radio 7 53583
radio 7 54097
radio 7 54132
radio 7 54646
radio 7 54663
radio 7 55177
radio 7 55194
radio 7 55708
radio 7 55725
radio 7 56239
radio 7 56256
radio 7 56770
radio 7 56787
radio 7 57301
radio 7 57318
radio 7 57832
radio 7 57849
radio 7 58363
radio 7 58393
radio 7 58907
radio 7 58977
radio 7 59491
radio 7 59520
radio 7 60034
radio 7 60063
radio 7 60577
radio 7 60610
radio 7 61124
radio 7 61177
energy 7 61607 7 2399
radio 7 61691
radio 7 61708
radio 7 62222
radio 7 62239
radio 7 62753
radio 7 62784
radio 7 63298
radio 7 63327
radio 7 63841
radio 7 63858
radio 7 64372
radio 7 64408
radio 7 64922
radio 7 64953
radio 7 65467
radio 7 65484
radio 8 461
radio 8 492
radio 8 1005
radio 8 1022
radio 8 1535
radio 8 1552
radio 8 2065
radio 8 2082
radio 8 2595
radio 8 2612
radio 8 3125
radio 8 3142
radio 8 3655
radio 8 3672
radio 8 4185
radio 8 4220
radio 8 4734
radio 8 4751
radio 8 5264
radio 8 5281
radio 8 5794
radio 8 5844
radio 8 6358
radio 8 6375
radio 8 6888
radio 8 6905
radio 8 7418
radio 8 7435
radio 8 7948
radio 8 7965
radio 8 8478
radio 8 8573
radio 8 9087
radio 8 9104
radio 8 9617
radio 8 9634
radio 8 10147
radio 8 10164
radio 8 10677
radio 8 10694
radio 8 11208
radio 8 11259
radio 8 11773
radio 8 11821
radio 8 12335
radio 8 12352
radio 8 12866
radio 8 12883
radio 8 13397
radio 8 13429
radio 8 13943
radio 8 13960
radio 8 14474
radio 8 14491
radio 8 15005
radio 8 15037
radio 8 15551
radio 8 15568
radio 8 16082
radio 8 16110
radio 8 16624
radio 8 16641
radio 8 17155
radio 8 17185
radio 8 17699
radio 8 17730
radio 8 18244
radio 8 18272
radio 8 18786
radio 8 18803
radio 8 19317
radio 8 19334
radio 8 19848
radio 8 19880
radio 8 20394
radio 8 20427
radio 8 20941
radio 8 20958
radio 8 21472
radio 8 21489
radio 8 22003
radio 8 22020
radio 8 22534
radio 8 22588
radio 8 23102
radio 8 23119
radio 8 23633
radio 8 23650
radio 8 24164
radio 8 24181
radio 8 24695
radio 8 24712
radio 8 25226
radio 8 25243
radio 8 25757
radio 8 25788
radio 8 26302
radio 8 26319
radio 8 26833
radio 8 26850
radio 8 27364
radio 8 27381
radio 8 27895
radio 8 27925
radio 8 28439
radio 8 28495
radio 8 29009
radio 8 29026
radio 8 29540
radio 8 29557
radio 8 30071
radio 8 30088
radio 8 30602
radio 8 30631
radio 8 31145
radio 8 31175
radio 8 31689
radio 8 31706
radio 8 32220
radio 8 32252
radio 8 32766
radio 8 32783
radio 8 33297
radio 8 33314
radio 8 33828
radio 8 33858
radio 8 34372
radio 8 34405
radio 8 34919
radio 8 34936
radio 8 35450
radio 8 35467
radio 8 35981
radio 8 35998
radio 8 36511
radio 8 36539
radio 8 37053
radio 8 37070
radio 8 37584
radio 8 37615
radio 8 38129
radio 8 38146
radio 8 38660
radio 8 38677
radio 8 39191
radio 8 39208
radio 8 39722
radio 8 39756
radio 8 40270
radio 8 40300
radio 8 40814
radio 8 40863
radio 8 41377
radio 8 41394
radio 8 41908
radio 8 41925
radio 8 42439
radio 8 42487
radio 8 43001
radio 8 43070
radio 8 43584
radio 8 43601
radio 8 44114
radio 8 44131
radio 8 44645
radio 8 44662
radio 8 45176
radio 8 45209
radio 8 45723
radio 8 45798
radio 8 46312
radio 8 46329
radio 8 46843
radio 8 46860
radio 8 47374
radio 8 47391
radio 8 47905
radio 8 47922
radio 8 48436
radio 8 48453
radio 8 48967
radio 8 48995
radio 8 49509
radio 8 49526
radio 8 50040
radio 8 50057
radio 8 50571
radio 8 50588
radio 8 51102
radio 8 51119
radio 8 51632
radio 8 51649
radio 8 52162
radio 8 52197
radio 8 52711
radio 8 52728
radio 8 53242
radio 8 53272
radio 8 53786
radio 8 53819
radio 8 54333
radio 8 54350
radio 8 54864
radio 8 54881
radio 8 55395
radio 8 55428
radio 8 55942
radio 8 55959
radio 8 56473
radio 8 56490
radio 8 57004
radio 8 57021
energy 8 57511 7 4487
radio 8 57535
radio 8 57552
radio 8 58066
radio 8 58083
radio 8 58597
radio 8 58614
radio 8 59128
radio 8 59145
radio 8 59659
radio 8 59691
radio 8 60205
radio 8 60222
radio 8 60736
radio 8 60753
radio 8 61266
radio 8 61283
radio 8 61797
radio 8 61814
radio 8 62327
radio 8 62344
radio 8 62858
radio 8 62875
radio 8 63389
radio 8 63422
radio 8 63936
radio 8 63953
radio 8 64467
radio 8 64500
radio 8 65014
delay 1 42 8 65168 8 64849 9 7 65535 0 38 0 0
radio 8 65175
radio 9 154
radio 9 336
radio 9 850
radio 9 901
radio 9 1414
radio 9 1431
radio 9 1944
radio 9 1961
radio 9 2474
radio 9 2491
radio 9 3004
radio 9 3021
radio 9 3534
radio 9 3551
radio 9 4064
radio 9 4081
radio 9 4594
radio 9 4630
radio 9 5144
radio 9 5161
radio 9 5674
radio 9 5691
radio 9 6204
radio 9 6235
radio 9 6749
radio 9 6766
radio 9 7279
radio 9 7311
radio 9 7825
radio 9 7842
radio 9 8355
radio 9 8386
radio 9 8900
radio 9 8932
radio 9 9446
radio 9 9463
radio 9 9976
radio 9 10012
radio 9 10526
radio 9 10543
radio 9 11057
radio 9 11074
radio 9 11587
radio 9 11604
radio 9 12118
radio 9 12135
radio 9 12649
radio 9 12666
radio 9 13180
radio 9 13197
radio 9 13711
radio 9 13728
radio 9 14242
radio 9 14259
radio 9 14772
radio 9 14803
radio 9 15317
radio 9 15334
radio 9 15848
radio 9 15877
radio 9 16391
radio 9 16408
radio 9 16922
radio 9 16939
radio 9 17453
radio 9 17470
radio 9 17984
radio 9 18001
radio 9 18515
radio 9 18532
radio 9 19046
radio 9 19063
radio 9 19577
radio 9 19610
radio 9 20124
delay 2 42 9 20325 9 20006 9 7 65535 0 53 0 0
radio 9 20333
radio 9 20847
radio 9 20949
radio 9 21462
radio 9 21477
radio 9 21991
radio 9 22008
radio 9 22522
radio 9 22539
radio 9 23053
radio 9 23070
radio 9 23584
radio 9 23660
radio 9 24174
radio 9 24191
radio 9 24705
radio 9 24813
radio 9 25327
radio 9 25380
radio 9 25894
radio 9 25927
radio 9 26441
radio 9 26458
radio 9 26972
radio 9 26989
radio 9 27502
radio 9 27519
radio 9 28033
radio 9 28050
radio 9 28564
radio 9 28592
radio 9 29106
radio 9 29123
radio 9 29637
radio 9 29667
radio 9 30181
radio 9 30198
radio 9 30712
radio 9 30729
radio 9 31243
radio 9 31260
radio 9 31774
radio 9 31791
radio 9 32305
radio 9 32340
radio 9 32854
radio 9 32871
radio 9 33385
radio 9 33417
radio 9 33931
radio 9 33948
radio 9 34461
radio 9 34494
radio 9 35008
radio 9 35043
radio 9 35557
radio 9 35574
radio 9 36088
radio 9 36105
radio 9 36619
radio 9 36636
radio 9 37150
radio 9 37167
radio 9 37681
radio 9 37698
radio 9 38212
radio 9 38229
radio 9 38743
radio 9 38760
radio 9 39274
radio 9 39291
radio 9 39805
radio 9 39822
radio 9 40336
delay 3 0 9 40395 9 41308 0 7 7 0 165 0 0
radio 9 40402
radio 9 40917
radio 9 40961
radio 9 41474
radio 9 41518
radio 9 42031
radio 9 42059
radio 9 42573
radio 9 42601
radio 9 43115
radio 9 43132
radio 9 43646
radio 9 43663
radio 9 44177
radio 9 44213
radio 9 44727
radio 9 44756
radio 9 45270
radio 9 45287
radio 9 45800
radio 9 45817
radio 9 46331
radio 9 46348
radio 9 46862
radio 9 46879
radio 9 47393
radio 9 47443
radio 9 47957
radio 9 47974
radio 9 48488
radio 9 48505
radio 9 49019
radio 9 49052
radio 9 49566
radio 9 49583
radio 9 50097
radio 9 50114
radio 9 50628
radio 9 50645
radio 9 51159
radio 9 51176
radio 9 51690
radio 9 51723
radio 9 52237
radio 9 52254
radio 9 52768
radio 9 52817
radio 9 53331
radio 9 53348
energy 9 53415 7 7049
radio 9 53862
radio 9 53879
radio 9 54393
radio 9 54410
radio 9 54924
radio 9 54941
radio 9 55454
radio 9 55471
radio 9 55984
radio 9 56034
radio 9 56548
radio 9 56565
radio 9 57078
radio 9 57110
radio 9 57624
radio 9 57641
radio 9 58155
radio 9 58172
radio 9 58686
radio 9 58703
radio 9 59216
radio 9 59233
radio 9 59747
radio 9 59764
radio 9 60278
radio 9 60295
radio 9 60809
radio 9 60902
radio 9 61416
delay 4 24 9 61433 9 61580 6 7 1 0 183 0 0
radio 9 61441
radio 9 61955
radio 9 61998
radio 9 62511
radio 9 62539
radio 9 63053
radio 9 63070
radio 9 63584
radio 9 63617
radio 9 64131
radio 9 64148
radio 9 64662
radio 9 64691
radio 9 65205
radio 9 65222
radio 10 200
radio 10 217
radio 10 730
radio 10 762
radio 10 1276
radio 10 1308
radio 10 1822
radio 10 1871
radio 10 2385
radio 10 2420
radio 10 2934
radio 10 2951
radio 10 3464
radio 10 3497
radio 10 4011
radio 10 4028
radio 10 4541
radio 10 4577
radio 10 5091
radio 10 5108
radio 10 5622
radio 10 5658
radio 10 6172
radio 10 6189
radio 10 6703
radio 10 6754
radio 10 7268
radio 10 7285
radio 10 7799
radio 10 7816
radio 10 8330
radio 10 8400
radio 10 8914
radio 10 8945
radio 10 9459
radio 10 9476
radio 10 9990
radio 10 10040
radio 10 10554
radio 10 10571
radio 10 11085
radio 10 11102
radio 10 11616
radio 10 11647
radio 10 12161
radio 10 12192
radio 10 12706
radio 10 12737
radio 10 13251
radio 10 13282
radio 10 13796
radio 10 13813
radio 10 14327
radio 10 14357
radio 10 14871
radio 10 14902
radio 10 15416
radio 10 15445
radio 10 15959
delay 5 0 10 15982 10 16895 0 7 7 0 328 0 0
radio 10 15990
radio 10 16504
radio 10 16654
radio 10 17168
radio 10 17185
radio 10 17699
radio 10 17716
radio 10 18230
radio 10 18247
radio 10 18761
radio 10 18972
radio 10 19486
radio 10 19522
radio 10 20036
radio 10 20053
radio 10 20567
radio 10 20584
radio 10 21098
radio 10 21151
radio 10 21665
radio 10 21695
radio 10 22209
radio 10 22226
radio 10 22740
radio 10 22757
radio 10 23271
radio 10 23302
radio 10 23816
radio 10 23833
radio 10 24347
radio 10 24364
radio 10 24878
radio 10 24895
radio 10 25409
radio 10 25426
radio 10 25940
radio 10 25973
radio 10 26487
radio 10 26504
radio 10 27018
radio 10 27035
radio 10 27549
radio 10 27580
radio 10 28094
radio 10 28146
radio 10 28660
radio 10 28677
radio 10 29191
radio 10 29223
radio 10 29737
radio 10 29754
radio 10 30268
radio 10 30285
radio 10 30799
radio 10 30828
radio 10 31342
radio 10 31359
radio 10 31873
radio 10 31908
radio 10 32422
radio 10 32439
radio 10 32953
radio 10 33006
radio 10 33520
radio 10 33537
radio 10 34051
radio 10 34068
radio 10 34582
radio 10 34619
radio 10 35133
radio 10 35150
radio 10 35664
radio 10 35717
radio 10 36231
delay 6 0 10 36255 10 37168 0 7 7 0 121 0 0
radio 10 36263
radio 10 36777
radio 10 36827
radio 10 37341
radio 10 37389
radio 10 37903
radio 10 37920
radio 10 38434
radio 10 38463
radio 10 38977
radio 10 39007
radio 10 39521
radio 10 39538
radio 10 40052
radio 10 40125
radio 10 40639
radio 10 40673
radio 10 41187
radio 10 41204
radio 10 41718
radio 10 41746
radio 10 42260
radio 10 42310
radio 10 42824
radio 10 42896
radio 10 43410
radio 10 43479
radio 10 43993
radio 10 44010
radio 10 44524
radio 10 44541
radio 10 45055
radio 10 45090
radio 10 45604
radio 10 45621
radio 10 46135
radio 10 46166
radio 10 46680
radio 10 46697
radio 10 47211
radio 10 47228
radio 10 47742
radio 10 47759
radio 10 48273
radio 10 48301
radio 10 48815
radio 10 48832
energy 10 49319 7 9823
radio 10 49346
radio 10 49376
radio 10 49890
radio 10 49907
radio 10 50421
radio 10 50452
radio 10 50966
radio 10 51002
radio 10 51516
radio 10 51552
radio 10 52066
radio 10 52083
radio 10 52597
radio 10 52631
radio 10 53145
radio 10 53162
radio 10 53676
radio 10 53729
radio 10 54243
radio 10 54260
radio 10 54774
radio 10 54791
radio 10 55305
radio 10 55334
radio 10 55848
radio 10 55865
radio 10 56379
radio 10 56409
radio 10 56923
delay 7 23 10 56970 10 57535 9 7 65535 0 140 0 0
radio 10 56978
radio 10 57493
radio 10 57534
radio 10 58048
radio 10 58065
radio 10 58579
radio 10 58612
radio 10 59126
radio 10 59143
radio 10 59657
radio 10 59693
radio 10 60207
radio 10 60224
radio 10 60738
radio 10 60755
radio 10 61269
radio 10 61286
radio 10 61800
radio 10 61836
radio 10 62350
radio 10 62385
radio 10 62899
radio 10 62927
radio 10 63441
radio 10 63469
radio 10 63983
radio 10 64015
radio 10 64529
radio 10 64546
radio 10 65060
radio 10 65093
radio 11 71
radio 11 101
radio 11 615
radio 11 632
radio 11 1145
radio 11 1162
radio 11 1675
radio 11 1692
radio 11 2206
radio 11 2236
radio 11 2750
radio 11 2767
radio 11 3280
radio 11 3297
radio 11 3811
radio 11 3828
radio 11 4342
radio 11 4370
radio 11 4884
radio 11 4901
radio 11 5415
radio 11 5446
radio 11 5960
radio 11 5977
radio 11 6491
radio 11 6508
radio 11 7022
radio 11 7039
radio 11 7553
radio 11 7570
radio 11 8084
radio 11 8117
radio 11 8631
radio 11 8648
radio 11 9161
radio 11 9178
radio 11 9692
radio 11 9709
radio 11 10223
radio 11 10240
radio 11 10754
radio 11 10791
radio 11 11305
radio 11 11334
radio 11 11848
delay 8 42 11 11976 11 11657 9 7 65535 0 29 1 0
radio 11 13051
radio 11 13565
radio 11 13582
radio 11 14096
radio 11 14113
radio 11 14627
radio 11 14858
radio 11 15372
radio 11 15389
radio 11 15903
radio 11 15920
radio 11 16434
radio 11 16451
radio 11 16965
radio 11 16998
radio 11 17512
radio 11 17545
radio 11 18059
radio 11 18076
radio 11 18590
radio 11 18641
radio 11 19155
radio 11 19188
radio 11 19702
radio 11 19731
radio 11 20245
radio 11 20275
radio 11 20789
radio 11 20841
radio 11 21355
radio 11 21391
radio 11 21905
radio 11 21922
radio 11 22436
radio 11 22453
radio 11 22967
radio 11 22999
radio 11 23513
radio 11 23566
radio 11 24080
radio 11 24097
radio 11 24611
radio 11 24660
radio 11 25174
radio 11 25191
radio 11 25705
radio 11 25774
radio 11 26288
radio 11 26324
radio 11 26838
radio 11 26931
radio 11 27445
radio 11 27473
radio 11 27987
radio 11 28004
radio 11 28518
radio 11 28567
radio 11 29081
radio 11 29098
radio 11 29612
radio 11 29629
radio 11 30143
radio 11 30160
radio 11 30674
radio 11 30691
radio 11 31205
radio 11 31241
radio 11 31755
radio 11 31783
radio 11 32297
delay 9 0 11 32377 11 33290 0 7 7 0 339 0 0
radio 11 32387
radio 11 32900
radio 11 32972
radio 11 33486
radio 11 33588
radio 11 34102
radio 11 34119
radio 11 34633
radio 11 34650
radio 11 35164
radio 11 35195
radio 11 35709
radio 11 35742
radio 11 36256
radio 11 36287
radio 11 36801
radio 11 36818
radio 11 37332
radio 11 37349
radio 11 37863
radio 11 37880
radio 11 38394
radio 11 38428
radio 11 38942
radio 11 38959
radio 11 39473
radio 11 39505
radio 11 40019
radio 11 40054
radio 11 40568
radio 11 40585
radio 11 41099
radio 11 41151
radio 11 41665
radio 11 41694
radio 11 42208
radio 11 42225
radio 11 42739
radio 11 42756
radio 11 43270
radio 11 43300
radio 11 43814
radio 11 43831
radio 11 44345
radio 11 44362
radio 11 44876
radio 11 44929
energy 11 45223 7 13731
radio 11 45443
radio 11 45460
radio 11 45974
radio 11 45991
radio 11 46505
radio 11 46522
radio 11 47036
radio 11 47053
radio 11 47567
radio 11 47600
radio 11 48114
radio 11 48131
radio 11 48645
radio 11 48696
radio 11 49210
radio 11 49263
radio 11 49777
radio 11 49794
radio 11 50308
radio 11 50325
radio 11 50839
radio 11 50869
radio 11 51383
radio 11 51400
radio 11 51914
radio 11 51931
radio 11 52445
radio 11 52462
radio 11 52976
delay 10 42 11 52993 11 52674 9 7 65535 0 393 0 0
radio 11 53001
radio 11 53516
radio 11 53534
radio 11 54048
radio 11 54065
radio 11 54579
radio 11 54613
radio 11 55127
radio 11 55144
radio 11 55658
radio 11 55675
radio 11 56189
radio 11 56206
radio 11 56720
radio 11 56737
radio 11 57251
radio 11 57268
radio 11 57782
radio 11 57812
radio 11 58326
radio 11 58343
radio 11 58857
radio 11 58907
radio 11 59421
radio 11 59455
radio 11 59969
radio 11 59986
radio 11 60500
radio 11 60533
radio 11 61047
radio 11 61080
radio 11 61594
radio 11 61625
radio 11 62139
radio 11 62173
radio 11 62687
radio 11 62716
radio 11 63230
radio 11 63247
radio 11 63761
radio 11 63778
radio 11 64292
radio 11 64347
radio 11 64861
radio 11 64878
radio 11 65392
radio 11 65409
radio 12 387
radio 12 416
radio 12 930
radio 12 947
radio 12 1460
radio 12 1477
radio 12 1991
radio 12 2021
radio 12 2535
radio 12 2552
radio 12 3065
radio 12 3082
radio 12 3596
radio 12 3613
radio 12 4126
radio 12 4143
radio 12 4657
radio 12 4674
radio 12 5188
radio 12 5205
radio 12 5719
radio 12 5736
radio 12 6249
radio 12 6281
radio 12 6795
radio 12 6843
radio 12 7357
radio 12 7425
radio 12 7939
delay 11 22 12 7997 12 8213 16 7 65535 0 83 0 0
radio 12 8005
radio 12 8519
radio 12 8540
radio 12 9053
radio 12 9112
radio 12 9626
radio 12 9643
radio 12 10157
radio 12 10191
radio 12 10705
radio 12 10722
radio 12 11236
radio 12 11253
radio 12 11767
radio 12 11818
radio 12 12332
radio 12 12361
radio 12 12875
radio 12 12892
radio 12 13406
radio 12 13423
radio 12 13937
radio 12 13954
radio 12 14468
radio 12 14577
radio 12 15091
radio 12 15108
radio 12 15622
radio 12 15639
radio 12 16153
radio 12 16170
radio 12 16684
radio 12 16701
radio 12 17215
radio 12 17232
radio 12 17746
radio 12 17763
radio 12 18277
radio 12 18328
radio 12 18842
radio 12 18859
radio 12 19373
radio 12 19404
radio 12 19918
radio 12 19935
radio 12 20449
radio 12 20466
radio 12 20980
radio 12 20997
radio 12 21511
radio 12 21528
radio 12 22042
radio 12 22074
radio 12 22588
radio 12 22605
radio 12 23119
radio 12 23136
radio 12 23650
radio 12 23667
radio 12 24181
radio 12 24198
radio 12 24712
radio 12 24742
radio 12 25256
radio 12 25273
radio 12 25787
radio 12 25804
radio 12 26318
radio 12 26335
radio 12 26849
radio 12 26866
radio 12 27380
radio 12 27397
radio 12 27911
radio 12 27928
radio 12 28442
delay 12 42 12 28759 12 28440 9 7 65535 0 642 0 0
radio 12 28767
radio 12 29282
radio 12 29299
radio 12 29813
radio 12 29830
radio 12 30344
radio 12 30361
radio 12 30875
radio 12 30909
radio 12 31423
radio 12 31440
radio 12 31954
radio 12 31971
radio 12 32485
radio 12 32502
radio 12 33016
radio 12 33033
radio 12 33547
radio 12 33564
radio 12 34078
radio 12 34110
radio 12 34624
radio 12 34641
radio 12 35155
radio 12 35204
radio 12 35718
radio 12 35735
radio 12 36249
radio 12 36266
radio 12 36780
radio 12 36810
radio 12 37324
radio 12 37372
radio 12 37886
radio 12 37903
radio 12 38417
radio 12 38434
radio 12 38948
radio 12 38965
radio 12 39479
radio 12 39496
radio 12 40010
radio 12 40042
radio 12 40556
radio 12 40573
radio 12 41087
radio 12 41104
energy 12 41127 7 16158
radio 12 41618
radio 12 41648
radio 12 42162
radio 12 42196
radio 12 42710
radio 12 42762
radio 12 43276
radio 12 43293
radio 12 43807
radio 12 43824
radio 12 44338
radio 12 44355
radio 12 44869
radio 12 44903
radio 12 45417
radio 12 45434
radio 12 45948
radio 12 45965
radio 12 46479
radio 12 46496
radio 12 47010
radio 12 47059
radio 12 47573
radio 12 47590
radio 12 48104
radio 12 48135
radio 12 48649
delay 13 0 12 48689 12 49601 0 7 7 0 266 0 0
radio 12 48696
radio 12 49211
radio 12 49251
radio 12 49764
radio 12 49858
radio 12 50371
radio 12 50388
radio 12 50902
radio 12 50937
radio 12 51451
radio 12 51468
radio 12 51982
radio 12 52015
radio 12 52529
radio 12 52565
radio 12 53079
radio 12 53108
radio 12 53622
radio 12 53651
radio 12 54165
radio 12 54197
radio 12 54711
radio 12 54740
radio 12 55254
radio 12 55271
radio 12 55785
radio 12 55814
radio 12 56328
radio 12 56379
radio 12 56893
radio 12 56910
radio 12 57424
radio 12 57455
radio 12 57969
radio 12 57999
radio 12 58513
radio 12 58530
radio 12 59044
radio 12 59074
radio 12 59588
radio 12 59605
radio 12 60119
radio 12 60136
radio 12 60650
radio 12 60667
radio 12 61181
radio 12 61215
radio 12 61729
radio 12 61746
radio 12 62260
radio 12 62277
radio 12 62791
radio 12 62819
radio 12 63333
radio 12 63366
radio 12 63880
radio 12 63916
radio 12 64430
radio 12 64447
radio 12 64961
radio 12 64978
radio 12 65492
radio 12 65509
radio 13 487
radio 13 519
radio 13 1033
radio 13 1050
radio 13 1564
radio 13 1594
radio 13 2108
radio 13 2125
radio 13 2638
radio 13 2655
radio 13 3168
radio 13 3276
radio 13 3790
delay 14 42 13 3814 13 3495 9 7 65535 0 391 0 0
radio 13 3824
radio 13 4337
radio 13 4438
radio 13 4951
radio 13 4976
radio 13 5490
radio 13 5524
radio 13 6038
radio 13 6055
radio 13 6569
radio 13 6586
radio 13 7100
radio 13 7117
radio 13 7631
radio 13 7666
radio 13 8180
radio 13 8228
radio 13 8742
radio 13 8791
radio 13 9305
radio 13 9322
radio 13 9836
radio 13 9865
radio 13 10379
radio 13 10488
radio 13 11002
radio 13 11019
radio 13 11533
radio 13 11586
radio 13 12100
radio 13 12131
radio 13 12645
radio 13 12674
radio 13 13188
radio 13 13219
radio 13 13733
radio 13 13750
radio 13 14264
radio 13 14281
radio 13 14795
radio 13 14812
radio 13 15326
radio 13 15343
radio 13 15857
radio 13 15890
radio 13 16404
radio 13 16421
radio 13 16935
radio 13 16965
radio 13 17479
radio 13 17496
radio 13 18010
radio 13 18042
radio 13 18556
radio 13 18611
radio 13 19125
radio 13 19142
radio 13 19656
radio 13 19673
radio 13 20187
radio 13 20220
radio 13 20734
radio 13 20765
radio 13 21279
radio 13 21312
radio 13 21826
radio 13 21859
radio 13 22373
radio 13 22390
radio 13 22904
radio 13 22921
radio 13 23435
radio 13 23470
radio 13 23984
delay 15 48 13 24024 13 23907 9 7 65535 0 161 0 0
radio 13 24032
radio 13 24547
radio 13 24564
radio 13 25077
radio 13 25149
radio 13 25662
radio 13 25679
radio 13 26193
radio 13 26210
radio 13 26724
radio 13 26755
radio 13 27269
radio 13 27286
radio 13 27800
radio 13 27832
radio 13 28346
radio 13 28395
radio 13 28909
radio 13 28943
radio 13 29457
radio 13 29474
radio 13 29988
radio 13 30040
radio 13 30554
radio 13 30571
radio 13 31085
radio 13 31121
radio 13 31635
radio 13 31652
radio 13 32166
radio 13 32183
radio 13 32697
radio 13 32714
radio 13 33228
radio 13 33245
radio 13 33759
radio 13 33809
radio 13 34323
radio 13 34357
radio 13 34871
radio 13 34901
radio 13 35415
radio 13 35432
radio 13 35946
radio 13 35980
radio 13 36494
radio 13 36523
energy 13 37031 7 18871
radio 13 37037
radio 13 37066
radio 13 37580
radio 13 37597
radio 13 38111
radio 13 38128
radio 13 38642
radio 13 38697
radio 13 39211
radio 13 39228
radio 13 39742
radio 13 39776
radio 13 40290
radio 13 40307
radio 13 40821
radio 13 40838
radio 13 41352
radio 13 41385
radio 13 41899
radio 13 41933
radio 13 42447
radio 13 42464
radio 13 42978
radio 13 43009
radio 13 43523
radio 13 43540
radio 13 44054
radio 13 44071
radio 13 44585
delay 16 23 13 44601 13 45164 9 7 65535 0 61 0 0
radio 13 44609
radio 13 45123
radio 13 45169
radio 13 45682
radio 13 45750
radio 13 46264
radio 13 46281
radio 13 46795
radio 13 46824
radio 13 47338
radio 13 47355
radio 13 47869
radio 13 47886
radio 13 48400
radio 13 48417
radio 13 48931
radio 13 48960
radio 13 49474
radio 13 49491
radio 13 50005
radio 13 50038
radio 13 50552
radio 13 50569
radio 13 51083
radio 13 51154
radio 13 51668
radio 13 51685
radio 13 52199
radio 13 52216
radio 13 52730
radio 13 52747
radio 13 53261
radio 13 53278
radio 13 53792
radio 13 53825
radio 13 54339
radio 13 54356
radio 13 54870
radio 13 54899
radio 13 55413
radio 13 55442
radio 13 55956
radio 13 55973
radio 13 56487
radio 13 56504
radio 13 57018
radio 13 57050
radio 13 57564
radio 13 57613
radio 13 58127
radio 13 58162
radio 13 58676
radio 13 58693
radio 13 59207
radio 13 59224
radio 13 59738
radio 13 59755
radio 13 60269
radio 13 60400
radio 13 60914
radio 13 60966
radio 13 61480
radio 13 61497
radio 13 62011
radio 13 62061
radio 13 62575
radio 13 62592
radio 13 63106
radio 13 63123
radio 13 63637
radio 13 63671
radio 13 64185
radio 13 64202
radio 13 64716
radio 13 64733
radio 13 65247
delay 17 24 13 65263 13 65406 6 7 1 0 49 0 0
radio 13 65271
radio 14 249
radio 14 267
radio 14 781
radio 14 798
radio 14 1311
radio 14 1328
radio 14 1842
radio 14 1859
radio 14 2373
radio 14 2390
radio 14 2904
radio 14 3013
radio 14 3527
radio 14 3560
radio 14 4074
radio 14 4091
radio 14 4605
radio 14 4622
radio 14 5136
radio 14 5153
radio 14 5667
radio 14 5700
radio 14 6214
radio 14 6231
radio 14 6745
radio 14 6762
radio 14 7276
radio 14 7293
radio 14 7806
radio 14 7837
radio 14 8351
radio 14 8385
radio 14 8899
radio 14 8931
radio 14 9445
radio 14 9462
radio 14 9975
radio 14 9992
radio 14 10506
radio 14 10523
radio 14 11037
radio 14 11054
radio 14 11568
radio 14 11585
radio 14 12099
radio 14 12132
radio 14 12646
radio 14 12676
radio 14 13190
radio 14 13207
radio 14 13721
radio 14 13757
radio 14 14271
radio 14 14288
radio 14 14802
radio 14 14819
radio 14 15333
radio 14 15350
radio 14 15864
radio 14 15881
radio 14 16395
radio 14 16446
radio 14 16960
radio 14 16996
radio 14 17510
radio 14 17527
radio 14 18041
radio 14 18069
radio 14 18583
radio 14 18600
radio 14 19114
radio 14 19131
radio 14 19645
radio 14 19681
radio 14 20195
delay 18 23 14 20319 14 20882 9 7 65535 0 161 0 0
radio 14 20327
radio 14 20842
radio 14 20886
radio 14 21399
radio 14 21416
radio 14 21929
radio 14 21946
radio 14 22460
radio 14 22477
radio 14 22991
radio 14 23021
radio 14 23535
radio 14 23552
radio 14 24066
radio 14 24083
radio 14 24597
radio 14 24614
radio 14 25128
radio 14 25159
radio 14 25673
radio 14 25690
radio 14 26204
radio 14 26238
radio 14 26752
radio 14 26769
radio 14 27283
radio 14 27315
radio 14 27829
radio 14 27846
radio 14 28360
radio 14 28377
radio 14 28891
radio 14 28908
radio 14 29422
radio 14 29452
radio 14 29966
radio 14 29983
radio 14 30497
radio 14 30530
radio 14 31044
radio 14 31072
radio 14 31586
radio 14 31603
radio 14 32117
radio 14 32134
radio 14 32648
radio 14 32665
energy 14 32935 7 21264
radio 14 33179
radio 14 33196
radio 14 33710
radio 14 33741
radio 14 34255
radio 14 34272
radio 14 34786
radio 14 34803
radio 14 35317
radio 14 35334
radio 14 35848
radio 14 35865
radio 14 36379
radio 14 36396
radio 14 36910
radio 14 36927
radio 14 37441
radio 14 37469
radio 14 37983
radio 14 38011
radio 14 38525
radio 14 38555
radio 14 39069
radio 14 39086
radio 14 39600
radio 14 39632
radio 14 40146
radio 14 40179
radio 14 40693
radio 14 40710
radio 14 41224
radio 14 41241
radio 14 41755
radio 14 41772
radio 14 42286
radio 14 42317
radio 14 42831
radio 14 42860
radio 14 43374
radio 14 43391
radio 14 43905
radio 14 43922
radio 14 44436
radio 14 44453
radio 14 44967
radio 14 45001
radio 14 45515
radio 14 45543
radio 14 46057
radio 14 46125
radio 14 46639
radio 14 46656
radio 14 47170
radio 14 47202
radio 14 47716
radio 14 47744
radio 14 48258
radio 14 48311
radio 14 48825
radio 14 48857
radio 14 49371
radio 14 49388
radio 14 49902
radio 14 49956
radio 14 50470
radio 14 50487
radio 14 51001
radio 14 51034
radio 14 51548
radio 14 51565
radio 14 52079
radio 14 52115
radio 14 52629
radio 14 52646
radio 14 53160
radio 14 53177
radio 14 53691
radio 14 53708
radio 14 54222
radio 14 54239
radio 14 54753
radio 14 54770
radio 14 55284
radio 14 55301
radio 14 55815
radio 14 55832
radio 14 56346
radio 14 56363
radio 14 56877
radio 14 56894
radio 14 57408
radio 14 57425
radio 14 57939
radio 14 57956
radio 14 58470
radio 14 58487
radio 14 59001
radio 14 59018
radio 14 59532
radio 14 59549
radio 14 60063
radio 14 60080
radio 14 60594
radio 14 60624
radio 14 61138
delay 20 42 14 61157 14 60837 9 7 65535 0 53 0 0
radio 14 61165
radio 14 61679
radio 14 61696
radio 14 62209
radio 14 62264
radio 14 62777
radio 14 62794
radio 14 63308
radio 14 63382
radio 14 63896
radio 14 63913
radio 14 64427
radio 14 64444
radio 14 64958
radio 14 64991
radio 14 65505
radio 15 24
radio 15 537
radio 15 554
radio 15 1067
radio 15 1142
radio 15 1656
radio 15 1673
radio 15 2187
radio 15 2204
radio 15 2718
radio 15 2735
radio 15 3248
radio 15 3265
radio 15 3779
radio 15 3828
radio 15 4342
radio 15 4378
radio 15 4892
radio 15 4909
radio 15 5423
radio 15 5440
radio 15 5953
radio 15 5970
radio 15 6484
radio 15 6515
radio 15 7029
radio 15 7063
radio 15 7577
radio 15 7594
radio 15 8108
radio 15 8163
radio 15 8677
radio 15 8694
radio 15 9207
radio 15 9224
radio 15 9738
radio 15 9755
radio 15 10269
radio 15 10286
radio 15 10800
radio 15 10849
radio 15 11363
radio 15 11415
radio 15 11929
radio 15 11946
radio 15 12460
radio 15 12493
radio 15 13007
radio 15 13037
radio 15 13551
radio 15 13568
radio 15 14082
radio 15 14099
radio 15 14613
radio 15 14665
radio 15 15179
radio 15 15214
radio 15 15728
delay 21 0 15 15743 15 16655 0 7 7 0 86 0 0
radio 15 15751
radio 15 16265
radio 15 16282
radio 15 16796
radio 15 16922
radio 15 17436
radio 15 17453
radio 15 17967
radio 15 17984
radio 15 18498
radio 15 18533
radio 15 19047
radio 15 19064
radio 15 19578
radio 15 19608
radio 15 20122
radio 15 20139
radio 15 20653
radio 15 20670
radio 15 21184
radio 15 21220
radio 15 21734
radio 15 21751
radio 15 22265
radio 15 22282
radio 15 22796
radio 15 22813
radio 15 23327
radio 15 23357
radio 15 23871
radio 15 23900
radio 15 24414
radio 15 24431
radio 15 24945
radio 15 24962
radio 15 25476
radio 15 25493
radio 15 26007
radio 15 26079
radio 15 26593
radio 15 26622
radio 15 27136
radio 15 27165
radio 15 27679
radio 15 27711
radio 15 28225
radio 15 28242
radio 15 28756
radio 15 28808
energy 15 28839 7 23657
radio 15 29322
radio 15 29354
radio 15 29868
radio 15 29885
radio 15 30399
radio 15 30416
radio 15 30930
radio 15 30947
radio 15 31461
radio 15 31490
radio 15 32004
radio 15 32021
radio 15 32535
radio 15 32588
radio 15 33102
radio 15 33119
radio 15 33633
radio 15 33662
radio 15 34176
radio 15 34193
radio 15 34707
radio 15 34763
radio 15 35277
radio 15 35294
radio 15 35808
radio 15 35837
radio 15 36351
delay 22 0 15 36477 15 37389 0 7 7 0 340 0 0
radio 15 36485
radio 15 37000
radio 15 37070
radio 15 37583
radio 15 37629
radio 15 38143
radio 15 38160
radio 15 38674
radio 15 38704
radio 15 39218
radio 15 39235
radio 15 39749
radio 15 39784
radio 15 40298
radio 15 40315
radio 15 40829
radio 15 40846
radio 15 41360
radio 15 41377
radio 15 41891
radio 15 41908
radio 15 42422
radio 15 42451
radio 15 42965
radio 15 42982
radio 15 43496
radio 15 43513
radio 15 44027
radio 15 44057
radio 15 44571
radio 15 44620
radio 15 45134
radio 15 45163
radio 15 45677
radio 15 45708
radio 15 46222
radio 15 46251
radio 15 46765
radio 15 46782
radio 15 47296
radio 15 47313
radio 15 47827
radio 15 47860
radio 15 48374
radio 15 48391
radio 15 48905
radio 15 48922
radio 15 49436
radio 15 49470
radio 15 49984
radio 15 50012
radio 15 50526
radio 15 50543
radio 15 51057
radio 15 51091
radio 15 51605
radio 15 51634
radio 15 52148
radio 15 52165
radio 15 52679
radio 15 52712
radio 15 53226
radio 15 53243
radio 15 53757
radio 15 53774
radio 15 54288
radio 15 54320
radio 15 54834
radio 15 54862
radio 15 55376
radio 15 55409
radio 15 55923
radio 15 55978
radio 15 56492
radio 15 56540
radio 15 57054
delay 23 42 15 57102 15 56782 9 7 65535 0 349 0 0
radio 15 57110
radio 15 57625
radio 15 57643
radio 15 58157
radio 15 58176
radio 15 58689
radio 15 58706
radio 15 59220
radio 15 59255
radio 15 59769
radio 15 59824
radio 15 60338
radio 15 60355
radio 15 60869
radio 15 60886
radio 15 61400
radio 15 61417
radio 15 61931
radio 15 61981
radio 15 62495
radio 15 62512
radio 15 63026
radio 15 63055
radio 15 63569
radio 15 63586
radio 15 64100
radio 15 64117
radio 15 64631
radio 15 64666
radio 15 65180
radio 15 65197
radio 16 175
radio 16 192
radio 16 705
radio 16 722
radio 16 1235
radio 16 1263
radio 16 1777
radio 16 1794
radio 16 2308
radio 16 2325
radio 16 2838
radio 16 2867
radio 16 3381
radio 16 3398
radio 16 3912
radio 16 3941
radio 16 4455
radio 16 4472
radio 16 4986
radio 16 5003
radio 16 5517
radio 16 5552
radio 16 6066
radio 16 6083
radio 16 6597
radio 16 6614
radio 16 7128
radio 16 7145
radio 16 7659
radio 16 7676
radio 16 8189
radio 16 8206
radio 16 8720
radio 16 8737
radio 16 9251
radio 16 9268
radio 16 9781
radio 16 9798
radio 16 10312
radio 16 10362
radio 16 10876
radio 16 10893
radio 16 11407
radio 16 11442
radio 16 11956
delay 24 23 16 12201 16 12763 9 7 65535 0 90 0 0
radio 16 12209
radio 16 12723
radio 16 12738
radio 16 13252
radio 16 13269
radio 16 13783
radio 16 13800
radio 16 14314
radio 16 14367
radio 16 14881
radio 16 14898
radio 16 15412
radio 16 15429
radio 16 15943
radio 16 15960
radio 16 16474
radio 16 16491
radio 16 17005
radio 16 17022
radio 16 17536
radio 16 17553
radio 16 18067
radio 16 18099
radio 16 18613
radio 16 18630
radio 16 19144
radio 16 19161
radio 16 19675
radio 16 19706
radio 16 20220
radio 16 20237
radio 16 20751
radio 16 20784
radio 16 21298
radio 16 21315
radio 16 21829
radio 16 21860
radio 16 22374
radio 16 22391
radio 16 22905
radio 16 22922
radio 16 23436
radio 16 23453
radio 16 23967
radio 16 23984
radio 16 24498
radio 16 24515
energy 16 24743 7 26133
radio 16 25029
radio 16 25046
radio 16 25560
radio 16 25592
radio 16 26106
radio 16 26123
radio 16 26637
radio 16 26670
radio 16 27184
radio 16 27201
radio 16 27715
radio 16 27785
radio 16 28299
radio 16 28329
radio 16 28843
radio 16 28872
radio 16 29386
radio 16 29403
radio 16 29917
radio 16 29934
radio 16 30448
radio 16 30465
radio 16 30979
radio 16 31009
radio 16 31523
radio 16 31540
radio 16 32054
delay 25 0 16 32069 16 32980 0 7 7 0 25 1 0
radio 16 33129
radio 16 33642
radio 16 33677
radio 16 34191
radio 16 34220
radio 16 34734
radio 16 34751
radio 16 35265
radio 16 35282
radio 16 35796
radio 16 35813
radio 16 36327
radio 16 36382
radio 16 36896
radio 16 36925
radio 16 37439
radio 16 37469
radio 16 37983
radio 16 38040
radio 16 38554
radio 16 38590
radio 16 39104
radio 16 39121
radio 16 39635
radio 16 39652
radio 16 40166
radio 16 40197
radio 16 40711
radio 16 40744
radio 16 41258
radio 16 41275
radio 16 41789
radio 16 41841
radio 16 42355
radio 16 42372
radio 16 42886
radio 16 42903
radio 16 43417
radio 16 43434
radio 16 43948
radio 16 43965
radio 16 44479
radio 16 44510
radio 16 45024
radio 16 45041
radio 16 45555
radio 16 45572
radio 16 46086
radio 16 46103
radio 16 46617
radio 16 46652
radio 16 47166
radio 16 47183
radio 16 47697
radio 16 47714
radio 16 48228
radio 16 48245
radio 16 48759
radio 16 48811
radio 16 49325
radio 16 49374
radio 16 49888
radio 16 49917
radio 16 50431
radio 16 50640
radio 16 51154
radio 16 51185
radio 16 51699
radio 16 51731
radio 16 52245
radio 16 52296
radio 16 52810
delay 26 23 16 52833 16 53388 9 7 65535 0 65535 0 0
radio 16 52842
radio 16 53356
radio 16 53400
radio 16 53914
radio 16 53962
radio 16 54475
radio 16 54492
radio 16 55006
radio 16 55023
radio 16 55537
radio 16 55554
radio 16 56068
radio 16 56085
radio 16 56599
radio 16 56616
radio 16 57130
radio 16 57147
radio 16 57661
radio 16 57691
radio 16 58205
radio 16 58233
radio 16 58747
radio 16 58777
radio 16 59291
radio 16 59324
radio 16 59838
radio 16 59873
radio 16 60387
radio 16 60404
radio 16 60918
radio 16 60935
radio 16 61449
radio 16 61466
radio 16 61980
radio 16 62110
radio 16 62624
radio 16 62641
radio 16 63155
radio 16 63172
radio 16 63686
radio 16 63703
radio 16 64217
radio 16 64234
radio 16 64748
radio 16 64780
radio 16 65294
radio 16 65311
radio 17 289
radio 17 319
radio 17 833
radio 17 850
radio 17 1363
radio 17 1439
radio 17 1953
radio 17 1970
radio 17 2484
radio 17 2501
radio 17 3015
radio 17 3048
radio 17 3562
radio 17 3579
radio 17 4092
radio 17 4120
radio 17 4634
radio 17 4651
radio 17 5165
radio 17 5182
radio 17 5695
radio 17 5712
radio 17 6225
radio 17 6280
radio 17 6794
radio 17 6811
radio 17 7325
radio 17 7342
radio 17 7856
delay 27 42 17 7900 17 7580 9 7 65535 0 310 0 0
radio 17 7908
radio 17 8422
radio 17 8463
radio 17 8977
radio 17 8994
radio 17 9508
radio 17 9525
radio 17 10039
radio 17 10056
radio 17 10570
radio 17 10598
radio 17 11112
radio 17 11129
radio 17 11643
radio 17 11672
radio 17 12186
radio 17 12215
radio 17 12729
radio 17 12746
radio 17 13260
radio 17 13277
radio 17 13791
radio 17 13820
radio 17 14334
radio 17 14351
radio 17 14865
radio 17 14896
radio 17 15410
radio 17 15427
radio 17 15941
radio 17 15990
radio 17 16504
radio 17 16521
radio 17 17035
radio 17 17069
radio 17 17583
radio 17 17600
radio 17 18114
radio 17 18131
radio 17 18645
radio 17 18662
radio 17 19176
radio 17 19205
radio 17 19719
radio 17 19736
radio 17 20250
radio 17 20282
energy 17 20647 7 29710
radio 17 20796
radio 17 20813
radio 17 21327
radio 17 21344
radio 17 21858
radio 17 21892
radio 17 22406
radio 17 22423
radio 17 22937
radio 17 22954
radio 17 23468
radio 17 23504
radio 17 24018
radio 17 24068
radio 17 24582
radio 17 24599
radio 17 25113
radio 17 25130
radio 17 25644
radio 17 25675
radio 17 26189
radio 17 26206
radio 17 26720
radio 17 26737
radio 17 27251
radio 17 27268
radio 17 27782
radio 17 27799
radio 17 28313
delay 28 0 17 28405 17 29316 0 7 7 0 457 0 0
radio 17 28413
radio 17 28927
radio 17 29059
radio 17 29573
radio 17 29624
radio 17 30138
radio 17 30155
radio 17 30669
radio 17 30686
radio 17 31200
radio 17 31217
radio 17 31731
radio 17 31748
radio 17 32262
radio 17 32279
radio 17 32793
radio 17 32822
radio 17 33336
radio 17 33366
radio 17 33880
radio 17 33897
radio 17 34411
radio 17 34428
radio 17 34942
radio 17 34959
radio 17 35473
radio 17 35490
radio 17 36004
radio 17 36021
radio 17 36535
radio 17 36584
radio 17 37098
radio 17 37115
radio 17 37629
radio 17 37646
radio 17 38160
radio 17 38191
radio 17 38705
radio 17 38722
radio 17 39236
radio 17 39253
radio 17 39767
radio 17 39784
radio 17 40298
radio 17 40354
radio 17 40868
radio 17 40885
radio 17 41399
radio 17 41416
radio 17 41930
radio 17 41947
radio 17 42461
radio 17 42495
radio 17 43009
radio 17 43026
radio 17 43540
radio 17 43610
radio 17 44124
radio 17 44141
radio 17 44655
radio 17 44690
radio 17 45204
radio 17 45239
radio 17 45753
radio 17 45770
radio 17 46284
radio 17 46334
radio 17 46848
radio 17 46865
radio 17 47379
radio 17 47396
radio 17 47910
radio 17 47941
radio 17 48455
delay 29 0 17 48478 17 49389 0 7 7 0 50 0 0
radio 17 48486
radio 17 49000
radio 17 49043
radio 17 49557
radio 17 49600
radio 17 50114
radio 17 50131
radio 17 50645
radio 17 50662
radio 17 51176
radio 17 51210
radio 17 51724
radio 17 51741
radio 17 52255
radio 17 52272
radio 17 52786
radio 17 52803
radio 17 53317
radio 17 53334
radio 17 53848
radio 17 53896
radio 17 54410
radio 17 54427
radio 17 54941
radio 17 54970
radio 17 55484
radio 17 55514
radio 17 56028
radio 17 56045
radio 17 56559
radio 17 56607
radio 17 57121
radio 17 57154
radio 17 57668
radio 17 57685
radio 17 58199
radio 17 58234
radio 17 58748
radio 17 58765
radio 17 59279
radio 17 59296
radio 17 59810
radio 17 59827
radio 17 60341
radio 17 60358
radio 17 60872
radio 17 60889
radio 17 61403
radio 17 61431
radio 17 61945
radio 17 61975
radio 17 62489
radio 17 62506
radio 17 63020
radio 17 63076
radio 17 63590
radio 17 63625
radio 17 64139
radio 17 64156
radio 17 64670
radio 17 64687
radio 17 65201
radio 17 65234
radio 18 212
radio 18 229
radio 18 742
radio 18 772
radio 18 1286
radio 18 1315
radio 18 1829
radio 18 1862
radio 18 2376
radio 18 2393
radio 18 2906
radio 18 2923
radio 18 3436
delay 30 12 18 3451 18 3897 6 7 1 0 44 0 0
radio 18 3459
radio 18 3973
radio 18 4007
radio 18 4520
radio 18 4595
radio 18 5108
radio 18 5125
radio 18 5639
radio 18 5656
radio 18 6169
radio 18 6186
radio 18 6700
radio 18 6731
radio 18 7245
radio 18 7276
radio 18 7790
radio 18 7846
radio 18 8360
radio 18 8390
radio 18 8904
radio 18 8934
radio 18 9448
radio 18 9476
radio 18 9990
radio 18 10024
radio 18 10538
radio 18 10566
radio 18 11080
radio 18 11114
radio 18 11628
radio 18 11645
radio 18 12159
radio 18 12190
radio 18 12704
radio 18 12721
radio 18 13235
radio 18 13252
radio 18 13766
radio 18 13820
radio 18 14334
radio 18 14369
radio 18 14883
radio 18 14900
radio 18 15414
radio 18 15443
radio 18 15957
radio 18 15974
radio 18 16488
radio 18 16522
energy 18 16551 7 32205
radio 18 17036
radio 18 17053
radio 18 17567
radio 18 17584
radio 18 18098
radio 18 18115
radio 18 18629
radio 18 18661
radio 18 19175
radio 18 19192
radio 18 19706
radio 18 19736
radio 18 20250
radio 18 20279
radio 18 20793
radio 18 20810
radio 18 21324
radio 18 21377
radio 18 21891
radio 18 21908
radio 18 22422
radio 18 22453
radio 18 22967
radio 18 22984
radio 18 23498
radio 18 23515
radio 18 24029
delay 31 46 18 24045 18 23974 12 7 65535 0 98 0 0
radio 18 24053
radio 18 24568
radio 18 24606
radio 18 25119
radio 18 25168
radio 18 25681
radio 18 25698
radio 18 26212
radio 18 26229
radio 18 26743
radio 18 26772
radio 18 27286
radio 18 27303
radio 18 27817
radio 18 27834
radio 18 28348
radio 18 28365
radio 18 28879
radio 18 28896
radio 18 29410
radio 18 29427
