Thread[Thread-1,5,main]tree 47 16 24 14 0 0
radio 6 62608
radio 6 62612
radio 6 62645
radio 6 63159
radio 6 63229
radio 6 63743
radio 6 63779
radio 6 64293
radio 6 64369
radio 6 64883
radio 6 64920
radio 6 65434
radio 6 65451
radio 7 429
radio 7 446
radio 7 959
radio 7 1033
radio 7 1547
radio 7 1576
radio 7 2090
radio 7 2122
radio 7 2636
radio 7 2667
radio 7 3181
radio 7 3254
radio 7 3768
radio 7 3821
radio 7 4335
radio 7 4364
radio 7 4878
radio 7 4895
radio 7 5408
radio 7 5456
radio 7 5970
radio 7 5998
radio 7 6512
radio 7 6543
radio 7 7057
radio 7 7086
radio 7 7600
radio 7 7630
radio 7 8144
radio 7 8161
radio 7 8674
radio 7 8708
radio 7 9222
radio 7 9239
radio 7 9752
radio 7 9788
radio 7 10302
radio 7 10332
radio 7 10846
radio 7 10876
radio 7 11390
radio 7 11425
radio 7 11939
radio 7 11956
radio 7 12470
radio 7 12498
radio 7 13012
radio 7 13029
radio 7 13543
radio 7 13635
radio 7 14149
radio 7 14166
radio 7 14680
radio 7 14711
radio 7 15225
radio 7 15261
radio 7 15775
radio 7 15805
radio 7 16319
radio 7 16348
radio 7 16862
radio 7 16899
radio 7 17413
radio 7 17444
radio 7 17958
radio 7 18007
radio 7 18521
radio 7 18538
radio 7 19052
radio 7 19069
radio 7 19583
radio 7 19600
radio 7 20114
radio 7 20131
radio 7 20645
radio 7 20662
radio 7 21176
radio 7 21193
radio 7 21707
radio 7 21735
radio 7 22249
radio 7 22266
radio 7 22780
radio 7 22830
radio 7 23344
radio 7 23394
radio 7 23908
radio 7 23925
radio 7 24439
radio 7 24456
radio 7 24970
radio 7 24987
radio 7 25501
radio 7 25537
radio 7 26051
radio 7 26099
radio 7 26613
radio 7 26642
radio 7 27156
radio 7 27190
radio 7 27704
radio 7 27813
radio 7 28327
radio 7 28344
radio 7 28858
radio 7 29073
radio 7 29587
radio 7 29637
radio 7 30151
radio 7 30205
radio 7 30719
radio 7 30771
radio 7 31285
radio 7 31394
radio 7 31908
radio 7 32077
radio 7 32591
radio 7 32608
radio 7 33122
radio 7 33139
radio 7 33653
radio 7 33670
radio 7 34184
radio 7 34201
radio 7 34715
radio 7 34732
radio 7 35246
radio 7 35263
radio 7 35777
radio 7 35794
radio 7 36308
radio 7 36378
radio 7 36892
radio 7 36921
radio 7 37435
radio 7 37466
radio 7 37980
radio 7 38053
radio 7 38567
radio 7 38584
radio 7 39098
radio 7 39127
radio 7 39641
radio 7 39658
radio 7 40172
radio 7 40189
radio 7 40703
radio 7 40776
radio 7 41290
radio 7 41320
radio 7 41834
radio 7 41851
radio 7 42365
radio 7 42397
radio 7 42911
radio 7 42984
radio 7 43498
radio 7 43610
radio 7 44124
radio 7 44160
radio 7 44674
radio 7 44708
radio 7 45222
radio 7 45251
radio 7 45765
radio 7 45782
radio 7 46296
radio 7 46351
radio 7 46865
radio 7 46900
radio 7 47414
radio 7 47431
radio 7 47945
radio 7 47998
radio 7 48512
radio 7 48581
radio 7 49095
radio 7 49131
radio 7 49645
radio 7 49676
radio 7 50190
radio 7 50221
radio 7 50735
radio 7 50765
radio 7 51279
radio 7 51307
radio 7 51821
radio 7 51896
radio 7 52410
radio 7 52427
radio 7 52941
radio 7 52958
radio 7 53472
radio 7 53489
radio 7 54003
radio 7 54037
radio 7 54551
radio 7 54624
radio 7 55138
radio 7 55155
radio 7 55669
radio 7 55702
radio 7 56216
radio 7 56233
radio 7 56747
radio 7 56764
radio 7 57278
radio 7 57348
radio 7 57862
radio 7 57893
radio 7 58407
radio 7 58424
energy 7 58524 7 695
radio 7 58938
radio 7 58970
radio 7 59484
radio 7 59532
radio 7 60046
radio 7 60074
radio 7 60588
radio 7 60605
radio 7 61119
radio 7 61155
radio 7 61669
radio 7 61697
radio 7 62211
radio 7 62239
radio 7 62753
radio 7 62801
radio 7 63315
radio 7 63332
radio 7 63846
radio 7 63863
radio 7 64377
radio 7 64408
radio 7 64922
radio 7 64939
radio 7 65453
radio 7 65489
radio 8 467
radio 8 499
radio 8 1012
radio 8 1029
radio 8 1542
radio 8 1559
radio 8 2072
radio 8 2089
radio 8 2602
radio 8 2632
radio 8 3146
radio 8 3163
radio 8 3676
radio 8 3704
radio 8 4218
radio 8 4253
radio 8 4767
radio 8 4784
radio 8 5297
radio 8 5314
radio 8 5827
radio 8 5877
radio 8 6391
radio 8 6420
radio 8 6934
radio 8 6951
radio 8 7464
radio 8 7481
radio 8 7994
radio 8 8048
radio 8 8562
radio 8 8579
radio 8 9092
radio 8 9109
radio 8 9622
radio 8 9657
radio 8 10171
radio 8 10204
radio 8 10718
radio 8 10754
radio 8 11268
radio 8 11299
radio 8 11813
radio 8 11830
radio 8 12344
radio 8 12374
radio 8 12888
radio 8 12923
radio 8 13437
radio 8 13465
radio 8 13979
radio 8 14011
radio 8 14525
radio 8 14542
radio 8 15056
radio 8 15073
radio 8 15587
radio 8 15604
radio 8 16118
radio 8 16135
radio 8 16649
radio 8 16666
radio 8 17180
radio 8 17210
radio 8 17724
radio 8 17755
radio 8 18269
radio 8 18338
radio 8 18852
radio 8 18883
radio 8 19397
radio 8 19431
radio 8 19945
radio 8 20035
radio 8 20549
radio 8 20566
radio 8 21080
radio 8 21097
radio 8 21611
radio 8 21628
radio 8 22142
radio 8 22159
radio 8 22673
radio 8 22886
radio 8 23400
radio 8 23431
radio 8 23945
radio 8 24133
radio 8 24647
radio 8 24664
radio 8 25178
radio 8 25195
radio 8 25709
radio 8 25726
radio 8 26240
radio 8 26352
radio 8 26866
radio 8 26883
radio 8 27397
radio 8 27507
radio 8 28021
radio 8 28116
radio 8 28630
radio 8 28661
radio 8 29175
radio 8 29263
radio 8 29777
radio 8 29808
radio 8 30322
radio 8 30339
radio 8 30853
radio 8 30967
radio 8 31481
radio 8 31571
radio 8 32085
radio 8 32102
radio 8 32616
radio 8 32633
radio 8 33147
radio 8 33164
radio 8 33678
radio 8 33695
radio 8 34209
radio 8 34277
radio 8 34791
radio 8 34808
radio 8 35322
radio 8 35339
radio 8 35853
radio 8 35883
radio 8 36397
radio 8 36414
radio 8 36927
radio 8 36956
radio 8 37470
radio 8 37499
radio 8 38013
radio 8 38045
radio 8 38559
radio 8 38576
radio 8 39090
radio 8 39107
radio 8 39621
radio 8 39638
radio 8 40152
radio 8 40169
radio 8 40683
radio 8 40712
radio 8 41226
radio 8 41256
radio 8 41770
radio 8 41801
radio 8 42315
radio 8 42344
radio 8 42858
radio 8 42890
radio 8 43404
radio 8 43421
radio 8 43935
radio 8 43971
radio 8 44485
radio 8 44575
radio 8 45089
radio 8 45106
radio 8 45620
radio 8 45637
radio 8 46151
radio 8 46187
radio 8 46701
radio 8 46772
radio 8 47286
radio 8 47315
radio 8 47829
radio 8 47846
radio 8 48360
radio 8 48377
radio 8 48891
radio 8 48961
radio 8 49475
radio 8 49507
radio 8 50021
radio 8 50038
radio 8 50552
radio 8 50569
radio 8 51083
radio 8 51113
radio 8 51627
radio 8 51644
radio 8 52158
radio 8 52227
radio 8 52741
radio 8 52758
radio 8 53272
radio 8 53306
radio 8 53820
radio 8 53892
radio 8 54406
radio 8 54423
energy 8 54429 7 3979
radio 8 54937
radio 8 54954
radio 8 55468
radio 8 55496
radio 8 56010
radio 8 56027
radio 8 56541
radio 8 56569
radio 8 57083
radio 8 57117
radio 8 57631
radio 8 57680
radio 8 58194
radio 8 58224
radio 8 58738
radio 8 58755
radio 8 59269
radio 8 59305
radio 8 59819
radio 8 59836
radio 8 60350
radio 8 60380
radio 8 60894
radio 8 60911
radio 8 61425
radio 8 61442
radio 8 61956
radio 8 61987
radio 8 62501
radio 8 62534
radio 8 63048
radio 8 63118
radio 8 63632
radio 8 63649
radio 8 64163
radio 8 64180
radio 8 64694
radio 8 64711
radio 8 65225
delay 1 42 8 65273 8 64921 9 11 2 0 110 0 0
radio 8 65281
radio 9 259
radio 9 353
radio 9 866
radio 9 912
radio 9 1425
radio 9 1442
radio 9 1955
radio 9 1987
radio 9 2501
radio 9 2518
radio 9 3031
radio 9 3048
radio 9 3561
radio 9 3590
radio 9 4104
radio 9 4135
radio 9 4649
radio 9 4677
radio 9 5191
radio 9 5220
radio 9 5734
radio 9 5762
radio 9 6276
radio 9 6308
radio 9 6822
radio 9 6839
radio 9 7352
radio 9 7369
radio 9 7882
radio 9 7899
radio 9 8412
radio 9 8502
radio 9 9016
radio 9 9045
radio 9 9559
radio 9 9593
radio 9 10107
radio 9 10162
radio 9 10676
radio 9 10704
radio 9 11218
radio 9 11246
radio 9 11760
radio 9 11789
radio 9 12303
radio 9 12338
radio 9 12852
radio 9 12869
radio 9 13383
radio 9 13420
radio 9 13934
radio 9 13951
radio 9 14465
radio 9 14495
radio 9 15009
radio 9 15038
radio 9 15552
radio 9 15580
radio 9 16094
radio 9 16163
radio 9 16677
radio 9 16694
radio 9 17208
radio 9 17239
radio 9 17753
radio 9 17822
radio 9 18336
radio 9 18371
radio 9 18885
radio 9 18902
radio 9 19416
radio 9 19433
radio 9 19947
delay 2 24 9 19967 9 20080 6 11 5 0 173 0 0
radio 9 19974
radio 9 20489
radio 9 20505
radio 9 21019
radio 9 21044
radio 9 21557
radio 9 21624
radio 9 22138
radio 9 22155
radio 9 22669
radio 9 22697
radio 9 23211
radio 9 23228
radio 9 23742
radio 9 23853
radio 9 24367
radio 9 24442
radio 9 24956
radio 9 24973
radio 9 25487
radio 9 25504
radio 9 26018
radio 9 26035
radio 9 26549
radio 9 26578
radio 9 27092
radio 9 27109
radio 9 27623
radio 9 27673
radio 9 28187
radio 9 28223
radio 9 28737
radio 9 28765
radio 9 29279
radio 9 29296
radio 9 29810
radio 9 29841
radio 9 30355
radio 9 30403
radio 9 30917
radio 9 30950
radio 9 31464
radio 9 31498
radio 9 32012
radio 9 32101
radio 9 32615
radio 9 32643
radio 9 33157
radio 9 33248
radio 9 33762
radio 9 33779
radio 9 34292
radio 9 34328
radio 9 34842
radio 9 34914
radio 9 35428
radio 9 35464
radio 9 35978
radio 9 35995
radio 9 36509
radio 9 36624
radio 9 37138
radio 9 37191
radio 9 37705
radio 9 37760
radio 9 38274
radio 9 38303
radio 9 38817
radio 9 38846
radio 9 39360
radio 9 39377
radio 9 39891
radio 9 39962
radio 9 40476
radio 9 40508
radio 9 41022
delay 3 24 9 41158 9 41271 6 11 5 0 523 0 0
radio 9 41166
radio 9 41680
radio 9 41698
radio 9 42212
radio 9 42229
radio 9 42743
radio 9 42760
radio 9 43274
radio 9 43303
radio 9 43817
radio 9 43850
radio 9 44364
radio 9 44396
radio 9 44910
radio 9 44927
radio 9 45441
radio 9 45458
radio 9 45972
radio 9 46045
radio 9 46559
radio 9 46576
radio 9 47090
radio 9 47125
radio 9 47639
radio 9 47708
radio 9 48222
radio 9 48239
radio 9 48753
radio 9 48770
radio 9 49284
radio 9 49317
radio 9 49831
radio 9 49848
energy 9 50332 7 7209
radio 9 50362
radio 9 50434
radio 9 50948
radio 9 50965
radio 9 51479
radio 9 51496
radio 9 52010
radio 9 52039
radio 9 52553
radio 9 52582
radio 9 53096
radio 9 53125
radio 9 53639
radio 9 53669
radio 9 54183
radio 9 54200
radio 9 54714
radio 9 54748
radio 9 55262
radio 9 55279
radio 9 55792
radio 9 55822
radio 9 56336
radio 9 56408
radio 9 56922
radio 9 56939
radio 9 57453
radio 9 57470
radio 9 57984
radio 9 58001
radio 9 58515
radio 9 58532
radio 9 59046
radio 9 59134
radio 9 59648
radio 9 59682
radio 9 60196
radio 9 60227
radio 9 60741
radio 9 60831
radio 9 61345
delay 4 45 9 61401 9 61290 11 11 65535 0 88 0 0
radio 9 61409
radio 9 61924
radio 9 61970
radio 9 62483
radio 9 62500
radio 9 63014
radio 9 63047
radio 9 63561
radio 9 63578
radio 9 64092
radio 9 64109
radio 9 64622
radio 9 64655
radio 9 65169
radio 9 65220
radio 10 198
radio 10 228
radio 10 742
radio 10 775
radio 10 1289
radio 10 1321
radio 10 1835
radio 10 1870
radio 10 2384
radio 10 2401
radio 10 2915
radio 10 2944
radio 10 3458
radio 10 3486
radio 10 4000
radio 10 4017
radio 10 4531
radio 10 4562
radio 10 5076
radio 10 5093
radio 10 5607
radio 10 5677
radio 10 6191
radio 10 6220
radio 10 6734
radio 10 6826
radio 10 7340
radio 10 7368
radio 10 7882
radio 10 7910
radio 10 8424
radio 10 8452
radio 10 8966
radio 10 9018
radio 10 9532
radio 10 9549
radio 10 10063
radio 10 10080
radio 10 10594
radio 10 10629
radio 10 11143
radio 10 11178
radio 10 11692
radio 10 11709
radio 10 12223
radio 10 12277
radio 10 12791
radio 10 12820
radio 10 13334
radio 10 13391
radio 10 13905
radio 10 13956
radio 10 14470
radio 10 14500
radio 10 15014
radio 10 15042
radio 10 15556
radio 10 15607
radio 10 16121
delay 5 24 10 16203 10 16314 6 11 5 0 174 0 0
radio 10 16211
radio 10 16725
radio 10 16741
radio 10 17255
radio 10 17367
radio 10 17880
radio 10 17910
radio 10 18424
radio 10 18452
radio 10 18966
radio 10 19135
radio 10 19649
radio 10 19678
radio 10 20192
radio 10 20289
radio 10 20803
radio 10 20878
radio 10 21392
radio 10 21427
radio 10 21941
radio 10 21958
radio 10 22472
radio 10 22543
radio 10 23057
radio 10 23074
radio 10 23588
radio 10 23620
radio 10 24134
radio 10 24151
radio 10 24665
radio 10 24716
radio 10 25230
radio 10 25260
radio 10 25774
radio 10 25806
radio 10 26320
radio 10 26337
radio 10 26851
radio 10 26882
radio 10 27396
radio 10 27472
radio 10 27986
radio 10 28020
radio 10 28534
radio 10 28568
radio 10 29082
radio 10 29110
radio 10 29624
radio 10 29656
radio 10 30170
radio 10 30200
radio 10 30714
radio 10 30743
radio 10 31257
radio 10 31286
radio 10 31800
radio 10 31836
radio 10 32350
radio 10 32367
radio 10 32881
radio 10 32898
radio 10 33412
radio 10 33441
radio 10 33955
radio 10 33972
radio 10 34486
radio 10 34518
radio 10 35032
radio 10 35064
radio 10 35578
radio 10 35611
radio 10 36125
radio 10 36142
radio 10 36656
delay 6 24 10 36673 10 36784 6 11 5 0 81 0 0
radio 10 36681
radio 10 37195
radio 10 37210
radio 10 37724
radio 10 37754
radio 10 38268
radio 10 38285
radio 10 38799
radio 10 38816
radio 10 39330
radio 10 39361
radio 10 39875
radio 10 39946
radio 10 40460
radio 10 40477
radio 10 40991
radio 10 41021
radio 10 41535
radio 10 41552
radio 10 42066
radio 10 42123
radio 10 42637
radio 10 42670
radio 10 43184
radio 10 43201
radio 10 43715
radio 10 43732
radio 10 44246
radio 10 44263
radio 10 44777
radio 10 44794
radio 10 45308
radio 10 45325
radio 10 45839
radio 10 45870
energy 10 46236 7 10518
radio 10 46384
radio 10 46412
radio 10 46926
radio 10 46943
radio 10 47457
radio 10 47474
radio 10 47988
radio 10 48005
radio 10 48519
radio 10 48553
radio 10 49067
radio 10 49096
radio 10 49610
radio 10 49667
radio 10 50181
radio 10 50233
radio 10 50747
radio 10 50779
radio 10 51293
radio 10 51310
radio 10 51824
radio 10 51918
radio 10 52432
radio 10 52449
radio 10 52963
radio 10 52980
radio 10 53494
radio 10 53511
radio 10 54025
radio 10 54042
radio 10 54556
radio 10 54646
radio 10 55160
radio 10 55191
radio 10 55705
radio 10 55779
radio 10 56293
radio 10 56325
radio 10 56839
delay 7 24 10 56911 10 57021 6 11 5 0 108 0 0
radio 10 56919
radio 10 57433
radio 10 57449
radio 10 57963
radio 10 58018
radio 10 58532
radio 10 58549
radio 10 59063
radio 10 59155
radio 10 59669
radio 10 59703
radio 10 60217
radio 10 60307
radio 10 60821
radio 10 60850
radio 10 61364
radio 10 61393
radio 10 61907
radio 10 61924
radio 10 62438
radio 10 62508
radio 10 63022
radio 10 63053
radio 10 63567
radio 10 63584
radio 10 64098
radio 10 64187
radio 10 64701
radio 10 64737
radio 10 65251
radio 10 65327
radio 11 305
radio 11 333
radio 11 847
radio 11 876
radio 11 1390
radio 11 1407
radio 11 1921
radio 11 1953
radio 11 2467
radio 11 2518
radio 11 3032
radio 11 3049
radio 11 3562
radio 11 3579
radio 11 4093
radio 11 4122
radio 11 4636
radio 11 4666
radio 11 5180
radio 11 5197
radio 11 5711
radio 11 5728
radio 11 6242
radio 11 6273
radio 11 6787
radio 11 6862
radio 11 7376
radio 11 7445
radio 11 7959
radio 11 7991
radio 11 8505
radio 11 8522
radio 11 9036
radio 11 9053
radio 11 9567
radio 11 9584
radio 11 10098
radio 11 10172
radio 11 10686
radio 11 10703
radio 11 11217
radio 11 11347
radio 11 11861
delay 8 24 11 11931 11 12041 6 11 5 0 289 0 0
radio 11 11939
radio 11 12454
radio 11 12471
radio 11 12984
radio 11 13001
radio 11 13515
radio 11 13544
radio 11 14058
radio 11 14149
radio 11 14663
radio 11 14712
radio 11 15226
radio 11 15358
radio 11 15872
radio 11 15900
radio 11 16414
radio 11 16445
radio 11 16959
radio 11 16989
radio 11 17503
radio 11 17552
radio 11 18066
radio 11 18135
radio 11 18649
radio 11 18666
radio 11 19180
radio 11 19197
radio 11 19711
radio 11 19743
radio 11 20257
radio 11 20308
radio 11 20822
radio 11 20852
radio 11 21366
radio 11 21398
radio 11 21912
radio 11 21929
radio 11 22443
radio 11 22460
radio 11 22974
radio 11 22991
radio 11 23505
radio 11 23538
radio 11 24052
radio 11 24083
radio 11 24597
radio 11 24626
radio 11 25140
radio 11 25157
radio 11 25671
radio 11 25701
radio 11 26215
radio 11 26232
radio 11 26746
radio 11 26779
radio 11 27293
radio 11 27367
radio 11 27881
radio 11 27898
radio 11 28412
radio 11 28442
radio 11 28956
radio 11 28987
radio 11 29501
radio 11 29531
radio 11 30045
radio 11 30062
radio 11 30576
radio 11 30628
radio 11 31142
radio 11 31159
radio 11 31673
radio 11 31703
radio 11 32217
radio 11 32298
radio 11 32812
delay 9 23 11 32911 11 33439 9 11 2 0 331 0 0
radio 11 32918
radio 11 33433
radio 11 33519
radio 11 34032
radio 11 34085
radio 11 34599
radio 11 34631
radio 11 35145
radio 11 35200
radio 11 35714
radio 11 35766
radio 11 36280
radio 11 36313
radio 11 36827
radio 11 36862
radio 11 37376
radio 11 37450
radio 11 37964
radio 11 37994
radio 11 38508
radio 11 38561
radio 11 39075
radio 11 39128
radio 11 39642
radio 11 39659
radio 11 40173
radio 11 40190
radio 11 40704
radio 11 40737
radio 11 41251
radio 11 41268
radio 11 41782
radio 11 41839
energy 11 42140 7 14298
radio 11 42353
radio 11 42370
radio 11 42884
radio 11 42915
radio 11 43429
radio 11 43459
radio 11 43973
radio 11 44002
radio 11 44516
radio 11 44548
radio 11 45062
radio 11 45096
radio 11 45610
radio 11 45644
radio 11 46158
radio 11 46175
radio 11 46689
radio 11 46765
radio 11 47279
radio 11 47412
radio 11 47926
radio 11 47956
radio 11 48470
radio 11 48487
radio 11 49001
radio 11 49073
radio 11 49587
radio 11 49616
radio 11 50130
radio 11 50162
radio 11 50676
radio 11 50752
radio 11 51266
radio 11 51294
radio 11 51808
radio 11 51843
radio 11 52357
radio 11 52391
radio 11 52905
delay 10 18 11 52951 11 53682 7 11 4 0 60 0 0
radio 11 52959
radio 11 53473
radio 11 53491
radio 11 54004
radio 11 54052
radio 11 54566
radio 11 54594
radio 11 55108
radio 11 55125
radio 11 55639
radio 11 55692
radio 11 56206
radio 11 56237
radio 11 56751
radio 11 56768
radio 11 57282
radio 11 57355
radio 11 57869
radio 11 57902
radio 11 58416
radio 11 58433
radio 11 58947
radio 11 58984
radio 11 59498
radio 11 59575
radio 11 60089
radio 11 60120
radio 11 60634
radio 11 60651
radio 11 61165
radio 11 61182
radio 11 61696
radio 11 61724
radio 11 62238
radio 11 62271
radio 11 62785
radio 11 62802
radio 11 63316
radio 11 63352
radio 11 63866
radio 11 63901
radio 11 64415
radio 11 64489
radio 11 65003
radio 11 65020
radio 11 65534
radio 12 26
radio 12 539
radio 12 556
radio 12 1069
radio 12 1086
radio 12 1600
radio 12 1693
radio 12 2207
radio 12 2242
radio 12 2756
radio 12 2805
radio 12 3319
radio 12 3336
radio 12 3849
radio 12 3866
radio 12 4380
radio 12 4412
radio 12 4926
radio 12 4943
radio 12 5457
radio 12 5486
radio 12 6000
radio 12 6030
radio 12 6544
radio 12 6576
radio 12 7090
radio 12 7144
radio 12 7658
delay 11 23 12 7767 12 8294 9 11 2 0 18 0 0
radio 12 7774
radio 12 8289
radio 12 8366
radio 12 8879
radio 12 8921
radio 12 9435
radio 12 9469
radio 12 9983
radio 12 10000
radio 12 10514
radio 12 10630
radio 12 11144
radio 12 11233
radio 12 11747
radio 12 11802
radio 12 12316
radio 12 12333
radio 12 12847
radio 12 12922
radio 12 13436
radio 12 13470
radio 12 13984
radio 12 14014
radio 12 14528
radio 12 14563
radio 12 15077
radio 12 15107
radio 12 15621
radio 12 15638
radio 12 16152
radio 12 16169
radio 12 16683
radio 12 16712
radio 12 17226
radio 12 17277
radio 12 17791
radio 12 17808
radio 12 18322
radio 12 18352
radio 12 18866
radio 12 18897
radio 12 19411
radio 12 19441
radio 12 19955
radio 12 20031
radio 12 20545
radio 12 20562
radio 12 21076
radio 12 21093
radio 12 21607
radio 12 21624
radio 12 22138
radio 12 22167
radio 12 22681
radio 12 22753
radio 12 23267
radio 12 23284
radio 12 23798
radio 12 23815
radio 12 24329
radio 12 24362
radio 12 24876
radio 12 24904
radio 12 25418
radio 12 25453
radio 12 25967
radio 12 26020
radio 12 26534
radio 12 26551
radio 12 27065
radio 12 27082
radio 12 27596
radio 12 27613
radio 12 28127
delay 12 47 12 28225 12 28063 12 11 65535 0 18 1 0
radio 12 29298
radio 12 29812
radio 12 29887
radio 12 30401
radio 12 30431
radio 12 30945
radio 12 30975
radio 12 31489
radio 12 31562
radio 12 32076
radio 12 32093
radio 12 32607
radio 12 32624
radio 12 33138
radio 12 33155
radio 12 33669
radio 12 33686
radio 12 34200
radio 12 34230
radio 12 34744
radio 12 34816
radio 12 35330
radio 12 35378
radio 12 35892
radio 12 35984
radio 12 36498
radio 12 36515
radio 12 37029
radio 12 37061
radio 12 37575
radio 12 37608
energy 12 38044 7 18922
radio 12 38122
radio 12 38174
radio 12 38688
radio 12 38719
radio 12 39233
radio 12 39262
radio 12 39776
radio 12 39870
radio 12 40384
radio 12 40418
radio 12 40932
radio 12 40963
radio 12 41477
radio 12 41511
radio 12 42025
radio 12 42055
radio 12 42569
radio 12 42601
radio 12 43115
radio 12 43132
radio 12 43646
radio 12 43679
radio 12 44193
radio 12 44210
radio 12 44724
radio 12 44780
radio 12 45294
radio 12 45344
radio 12 45858
radio 12 45931
radio 12 46445
radio 12 46477
radio 12 46991
radio 12 47020
radio 12 47534
radio 12 47608
radio 12 48122
radio 12 48139
radio 12 48653
delay 13 24 12 48677 12 48784 6 11 5 0 184 0 0
radio 12 48687
radio 12 49200
radio 12 49300
radio 12 49813
radio 12 49856
radio 12 50370
radio 12 50439
radio 12 50953
radio 12 50984
radio 12 51498
radio 12 51515
radio 12 52029
radio 12 52058
radio 12 52572
radio 12 52603
radio 12 53117
radio 12 53166
radio 12 53680
radio 12 53709
radio 12 54223
radio 12 54240
radio 12 54754
radio 12 54785
radio 12 55299
radio 12 55369
radio 12 55883
radio 12 55900
radio 12 56414
radio 12 56431
radio 12 56945
radio 12 56962
radio 12 57476
radio 12 57493
radio 12 58007
radio 12 58037
radio 12 58551
radio 12 58580
radio 12 59094
radio 12 59128
radio 12 59642
radio 12 59671
radio 12 60185
radio 12 60218
radio 12 60732
radio 12 60769
radio 12 61283
radio 12 61300
radio 12 61814
radio 12 61867
radio 12 62381
radio 12 62415
radio 12 62929
radio 12 62964
radio 12 63478
radio 12 63548
radio 12 64062
radio 12 64079
radio 12 64593
radio 12 64610
radio 12 65124
radio 12 65141
radio 13 119
radio 13 136
radio 13 649
radio 13 666
radio 13 1179
radio 13 1196
radio 13 1709
radio 13 1784
radio 13 2298
radio 13 2331
radio 13 2845
radio 13 2875
radio 13 3389
delay 14 13 13 3528 13 4038 16 11 65535 0 22 1 0
radio 13 4603
radio 13 5117
radio 13 5147
radio 13 5661
radio 13 5678
radio 13 6192
radio 13 6225
radio 13 6739
radio 13 6756
radio 13 7269
radio 13 7358
radio 13 7872
radio 13 7905
radio 13 8419
radio 13 8467
radio 13 8981
radio 13 8998
radio 13 9511
radio 13 9528
radio 13 10042
radio 13 10075
radio 13 10589
radio 13 10618
radio 13 11132
radio 13 11160
radio 13 11674
radio 13 11769
radio 13 12283
radio 13 12314
radio 13 12828
radio 13 12899
radio 13 13413
radio 13 13446
radio 13 13960
radio 13 13994
radio 13 14508
radio 13 14581
radio 13 15095
radio 13 15128
radio 13 15642
radio 13 15659
radio 13 16173
radio 13 16205
radio 13 16719
radio 13 16792
radio 13 17306
radio 13 17323
radio 13 17837
radio 13 17868
radio 13 18382
radio 13 18458
radio 13 18972
radio 13 19005
radio 13 19519
radio 13 19554
radio 13 20068
radio 13 20138
radio 13 20652
radio 13 20681
radio 13 21195
radio 13 21228
radio 13 21742
radio 13 21830
radio 13 22344
radio 13 22379
radio 13 22893
radio 13 22989
radio 13 23503
radio 13 23535
radio 13 24049
delay 15 28 13 24126 13 24107 12 11 65535 0 126 0 0
radio 13 24134
radio 13 24649
radio 13 24794
radio 13 25308
radio 13 25353
radio 13 25866
radio 13 25883
radio 13 26397
radio 13 26433
radio 13 26947
radio 13 26982
radio 13 27496
radio 13 27513
radio 13 28027
radio 13 28060
radio 13 28574
radio 13 28591
radio 13 29105
radio 13 29122
radio 13 29636
radio 13 29664
radio 13 30178
radio 13 30209
radio 13 30723
radio 13 30771
radio 13 31285
radio 13 31373
radio 13 31887
radio 13 31904
radio 13 32418
radio 13 32447
radio 13 32961
radio 13 33050
radio 13 33564
radio 13 33613
energy 13 33948 7 23782
radio 13 34127
radio 13 34156
radio 13 34670
radio 13 34687
radio 13 35201
radio 13 35218
radio 13 35732
radio 13 35762
radio 13 36276
radio 13 36329
radio 13 36843
radio 13 36876
radio 13 37390
radio 13 37440
radio 13 37954
radio 13 37983
radio 13 38497
radio 13 38514
radio 13 39028
radio 13 39116
radio 13 39630
radio 13 39660
radio 13 40174
radio 13 40191
radio 13 40705
radio 13 40736
radio 13 41250
radio 13 41280
radio 13 41794
radio 13 41846
radio 13 42360
radio 13 42392
radio 13 42906
radio 13 42937
radio 13 43451
radio 13 43482
radio 13 43996
radio 13 44030
radio 13 44544
delay 16 24 13 44562 13 44667 6 11 5 0 146 0 0
radio 13 44570
radio 13 45085
radio 13 45156
radio 13 45669
radio 13 45686
radio 13 46200
radio 13 46250
radio 13 46764
radio 13 46781
radio 13 47295
radio 13 47312
radio 13 47826
radio 13 47843
radio 13 48357
radio 13 48393
radio 13 48907
radio 13 48935
radio 13 49449
radio 13 49499
radio 13 50013
radio 13 50030
radio 13 50544
radio 13 50574
radio 13 51088
radio 13 51121
radio 13 51635
radio 13 51652
radio 13 52166
radio 13 52195
radio 13 52709
radio 13 52760
radio 13 53274
radio 13 53291
radio 13 53805
radio 13 53836
radio 13 54350
radio 13 54401
radio 13 54915
radio 13 54947
radio 13 55461
radio 13 55492
radio 13 56006
radio 13 56035
radio 13 56549
radio 13 56603
radio 13 57117
radio 13 57134
radio 13 57648
radio 13 57683
radio 13 58197
radio 13 58214
radio 13 58728
radio 13 58745
radio 13 59259
radio 13 59288
radio 13 59802
radio 13 59852
radio 13 60366
radio 13 60383
radio 13 60897
radio 13 60929
radio 13 61443
radio 13 61474
radio 13 61988
radio 13 62024
radio 13 62538
radio 13 62567
radio 13 63081
radio 13 63130
radio 13 63644
radio 13 63661
radio 13 64175
radio 13 64323
radio 13 64837
radio 13 64854
radio 13 65368
delay 17 24 14 75 14 179 6 11 5 0 358 0 0
radio 14 82
radio 14 597
radio 14 665
radio 14 1178
radio 14 1195
radio 14 1708
radio 14 1737
radio 14 2251
radio 14 2268
radio 14 2782
radio 14 2991
radio 14 3505
radio 14 3573
radio 14 4087
radio 14 4118
radio 14 4632
radio 14 4649
radio 14 5162
radio 14 5192
radio 14 5706
radio 14 5739
radio 14 6253
radio 14 6283
radio 14 6797
radio 14 6851
radio 14 7365
radio 14 7393
radio 14 7907
radio 14 7937
radio 14 8451
radio 14 8485
radio 14 8999
radio 14 9035
radio 14 9549
radio 14 9577
radio 14 10091
radio 14 10124
radio 14 10638
radio 14 10669
radio 14 11183
radio 14 11200
radio 14 11714
radio 14 11747
radio 14 12261
radio 14 12290
radio 14 12804
radio 14 12833
radio 14 13347
radio 14 13376
radio 14 13890
radio 14 13925
radio 14 14439
radio 14 14488
radio 14 15002
radio 14 15034
radio 14 15548
radio 14 15565
radio 14 16079
radio 14 16153
radio 14 16667
radio 14 16719
radio 14 17233
radio 14 17282
radio 14 17796
radio 14 17813
radio 14 18327
radio 14 18344
radio 14 18858
radio 14 18875
radio 14 19389
radio 14 19425
radio 14 19939
radio 14 19971
radio 14 20485
delay 18 23 14 20502 14 21026 9 11 2 0 305 0 0
radio 14 20510
radio 14 21024
radio 14 21041
radio 14 21555
radio 14 21572
radio 14 22086
radio 14 22135
radio 14 22649
radio 14 22681
radio 14 23195
radio 14 23227
radio 14 23741
radio 14 23771
radio 14 24285
radio 14 24338
radio 14 24852
radio 14 24885
radio 14 25399
radio 14 25416
radio 14 25930
radio 14 26019
radio 14 26533
radio 14 26569
radio 14 27083
radio 14 27112
radio 14 27626
radio 14 27643
radio 14 28157
radio 14 28174
radio 14 28688
radio 14 28738
radio 14 29252
radio 14 29283
radio 14 29797
radio 14 29831
energy 14 29852 7 27294
radio 14 30345
radio 14 30377
radio 14 30891
radio 14 30943
radio 14 31457
radio 14 31490
radio 14 32004
radio 14 32021
radio 14 32535
radio 14 32552
radio 14 33066
radio 14 33083
radio 14 33597
radio 14 33668
radio 14 34182
radio 14 34199
radio 14 34713
radio 14 34746
radio 14 35260
radio 14 35277
radio 14 35791
radio 14 35840
radio 14 36354
radio 14 36404
radio 14 36918
radio 14 36935
radio 14 37449
radio 14 37466
radio 14 37980
radio 14 38068
radio 14 38582
radio 14 38615
radio 14 39129
radio 14 39158
radio 14 39672
radio 14 39747
radio 14 40261
radio 14 40291
radio 14 40805
radio 14 40834
radio 14 41348
radio 14 41377
radio 14 41891
radio 14 41908
radio 14 42422
radio 14 42474
radio 14 42988
radio 14 43020
radio 14 43534
radio 14 43565
radio 14 44079
radio 14 44154
radio 14 44668
radio 14 44685
radio 14 45199
radio 14 45216
radio 14 45730
radio 14 45759
radio 14 46273
radio 14 46290
radio 14 46804
radio 14 46855
radio 14 47369
radio 14 47439
radio 14 47953
radio 14 47983
radio 14 48497
radio 14 48514
radio 14 49028
radio 14 49045
radio 14 49559
radio 14 49630
radio 14 50144
radio 14 50180
radio 14 50694
radio 14 50725
radio 14 51239
radio 14 51291
radio 14 51805
radio 14 51822
radio 14 52336
radio 14 52370
radio 14 52884
radio 14 52901
radio 14 53415
radio 14 53486
radio 14 54000
radio 14 54029
radio 14 54543
radio 14 54560
radio 14 55074
radio 14 55091
radio 14 55605
radio 14 55635
radio 14 56149
radio 14 56166
radio 14 56680
radio 14 56734
radio 14 57248
radio 14 57282
radio 14 57796
radio 14 57813
radio 14 58327
radio 14 58344
radio 14 58858
radio 14 58875
radio 14 59389
radio 14 59463
radio 14 59977
radio 14 59994
radio 14 60508
radio 14 60525
radio 14 61039
delay 20 23 14 61065 14 61588 9 11 2 0 186 0 0
radio 14 61074
radio 14 61588
radio 14 61603
radio 14 62117
radio 14 62260
radio 14 62773
radio 14 62825
radio 14 63339
radio 14 63369
radio 14 63883
radio 14 63916
radio 14 64430
radio 14 64458
radio 14 64972
radio 14 65008
radio 14 65522
radio 15 16
radio 15 529
radio 15 561
radio 15 1075
radio 15 1107
radio 15 1621
radio 15 1638
radio 15 2151
radio 15 2168
radio 15 2682
radio 15 2754
radio 15 3268
radio 15 3296
radio 15 3810
radio 15 3827
radio 15 4340
radio 15 4414
radio 15 4928
radio 15 4945
radio 15 5458
radio 15 5490
radio 15 6004
radio 15 6021
radio 15 6534
radio 15 6551
radio 15 7064
radio 15 7140
radio 15 7654
radio 15 7671
radio 15 8185
radio 15 8202
radio 15 8716
radio 15 8733
radio 15 9246
radio 15 9279
radio 15 9793
radio 15 9866
radio 15 10380
radio 15 10397
radio 15 10911
radio 15 10940
radio 15 11454
radio 15 11471
radio 15 11985
radio 15 12014
radio 15 12528
radio 15 12557
radio 15 13071
radio 15 13121
radio 15 13635
radio 15 13652
radio 15 14166
radio 15 14195
radio 15 14709
radio 15 14726
radio 15 15240
radio 15 15269
radio 15 15783
delay 21 24 15 15851 15 15952 6 11 5 0 38 1 0
radio 15 16926
radio 15 17440
radio 15 17457
radio 15 17970
radio 15 18019
radio 15 18533
radio 15 18550
radio 15 19064
radio 15 19081
radio 15 19595
radio 15 19628
radio 15 20142
radio 15 20175
radio 15 20689
radio 15 20706
radio 15 21220
radio 15 21316
radio 15 21830
radio 15 21938
radio 15 22452
radio 15 22482
radio 15 22996
radio 15 23026
radio 15 23540
radio 15 23570
radio 15 24084
radio 15 24101
radio 15 24615
radio 15 24644
radio 15 25158
radio 15 25175
radio 15 25689
radio 15 25706
energy 15 25756 7 31504
radio 15 26220
radio 15 26237
radio 15 26751
radio 15 26780
radio 15 27294
radio 15 27323
radio 15 27837
radio 15 27854
radio 15 28368
radio 15 28400
radio 15 28914
radio 15 28931
radio 15 29445
radio 15 29462
radio 15 29976
radio 15 30005
radio 15 30519
radio 15 30536
radio 15 31050
radio 15 31067
radio 15 31581
radio 15 31611
radio 15 32125
radio 15 32174
radio 15 32688
radio 15 32719
radio 15 33233
radio 15 33261
radio 15 33775
radio 15 33792
radio 15 34306
radio 15 34379
radio 15 34893
radio 15 34910
radio 15 35424
radio 15 35441
radio 15 35955
radio 15 35972
radio 15 36486
delay 22 29 15 36528 15 36438 18 11 65535 0 299 0 0
radio 15 36537
radio 15 37051
radio 15 37091
radio 15 37605
radio 15 37649
radio 15 38162
radio 15 38183
radio 15 38696
radio 15 38727
radio 15 39241
radio 15 39274
radio 15 39788
radio 15 39877
radio 15 40391
radio 15 40420
radio 15 40934
radio 15 41006
radio 15 41520
radio 15 41537
radio 15 42051
radio 15 42068
radio 15 42582
radio 15 42616
radio 15 43130
radio 15 43159
radio 15 43673
radio 15 43702
radio 15 44216
radio 15 44233
radio 15 44747
radio 15 44776
radio 15 45290
radio 15 45320
radio 15 45834
radio 15 45865
radio 15 46379
radio 15 46409
radio 15 46923
radio 15 46952
radio 15 47466
radio 15 47498
radio 15 48012
radio 15 48029
radio 15 48543
radio 15 48560
radio 15 49074
radio 15 49102
radio 15 49616
radio 15 49633
radio 15 50147
radio 15 50177
radio 15 50691
radio 15 50722
radio 15 51236
radio 15 51289
radio 15 51803
radio 15 51820
radio 15 52334
radio 15 52351
radio 15 52865
radio 15 52882
radio 15 53396
radio 15 53487
radio 15 54001
radio 15 54030
radio 15 54544
radio 15 54575
radio 15 55089
radio 15 55142
radio 15 55656
radio 15 55689
radio 15 56203
radio 15 56320
radio 15 56834
delay 23 42 15 56883 15 56522 9 11 2 0 89 0 0
radio 15 56890
radio 15 57405
radio 15 57449
radio 15 57963
radio 15 58070
radio 15 58584
radio 15 58752
radio 15 59266
radio 15 59296
radio 15 59810
radio 15 59860
radio 15 60374
radio 15 60391
radio 15 60905
radio 15 60956
radio 15 61470
radio 15 61487
radio 15 62001
radio 15 62018
radio 15 62532
radio 15 62549
radio 15 63063
radio 15 63136
radio 15 63650
radio 15 63683
radio 15 64197
radio 15 64214
radio 15 64728
radio 15 64759
radio 15 65273
radio 15 65290
radio 16 268
radio 16 285
radio 16 798
radio 16 848
radio 16 1362
radio 16 1392
radio 16 1906
radio 16 1942
radio 16 2456
radio 16 2545
radio 16 3059
radio 16 3076
radio 16 3590
radio 16 3607
radio 16 4121
radio 16 4138
radio 16 4652
radio 16 4705
radio 16 5219
radio 16 5253
radio 16 5767
radio 16 5796
radio 16 6310
radio 16 6340
radio 16 6854
radio 16 6883
radio 16 7397
radio 16 7414
radio 16 7928
radio 16 7945
radio 16 8459
radio 16 8512
radio 16 9026
radio 16 9060
radio 16 9574
radio 16 9607
radio 16 10121
radio 16 10154
radio 16 10668
radio 16 10716
radio 16 11230
radio 16 11247
radio 16 11761
radio 16 11797
radio 16 12311
delay 24 45 16 12384 16 12261 11 11 65535 0 453 0 0
radio 16 12392
radio 16 12907
radio 16 13120
radio 16 13633
radio 16 13666
radio 16 14180
radio 16 14197
radio 16 14711
radio 16 14740
radio 16 15254
radio 16 15283
radio 16 15797
radio 16 15832
radio 16 16346
radio 16 16382
radio 16 16896
radio 16 16944
radio 16 17458
radio 16 17475
radio 16 17989
radio 16 18006
radio 16 18520
radio 16 18537
radio 16 19051
radio 16 19103
radio 16 19617
radio 16 19648
radio 16 20162
radio 16 20192
radio 16 20706
radio 16 20774
radio 16 21288
radio 16 21305
energy 16 21660 7 34917
radio 16 21819
radio 16 21854
radio 16 22368
radio 16 22385
radio 16 22899
radio 16 22916
radio 16 23430
radio 16 23500
radio 16 24014
radio 16 24045
radio 16 24559
radio 16 24628
radio 16 25142
radio 16 25175
radio 16 25689
radio 16 25706
radio 16 26220
radio 16 26237
radio 16 26751
radio 16 26785
radio 16 27299
radio 16 27330
radio 16 27844
radio 16 27861
radio 16 28375
radio 16 28426
radio 16 28940
radio 16 28974
radio 16 29488
radio 16 29505
radio 16 30019
radio 16 30048
radio 16 30562
radio 16 30711
radio 16 31225
radio 16 31242
radio 16 31756
radio 16 31792
radio 16 32306
delay 25 43 16 32326 16 32278 7 11 4 0 204 0 0
radio 16 32334
radio 16 32849
radio 16 33007
radio 16 33520
radio 16 33554
radio 16 34067
radio 16 34096
radio 16 34610
radio 16 34641
radio 16 35155
radio 16 35184
radio 16 35698
radio 16 35769
radio 16 36283
radio 16 36300
radio 16 36814
radio 16 36848
radio 16 37362
radio 16 37379
radio 16 37893
radio 16 37910
radio 16 38424
radio 16 38456
radio 16 38970
radio 16 39022
radio 16 39536
radio 16 39567
radio 16 40081
radio 16 40115
radio 16 40629
radio 16 40658
radio 16 41172
radio 16 41189
radio 16 41703
radio 16 41732
radio 16 42246
radio 16 42263
radio 16 42777
radio 16 42794
radio 16 43308
radio 16 43338
radio 16 43852
radio 16 43869
radio 16 44383
radio 16 44413
radio 16 44927
radio 16 44957
radio 16 45471
radio 16 45488
radio 16 46002
radio 16 46053
radio 16 46567
radio 16 46584
radio 16 47098
radio 16 47115
radio 16 47629
radio 16 47646
radio 16 48160
radio 16 48177
radio 16 48691
radio 16 48748
radio 16 49262
radio 16 49295
radio 16 49809
radio 16 49826
radio 16 50340
radio 16 50357
radio 16 50871
radio 16 50888
radio 16 51402
radio 16 51419
radio 16 51933
radio 16 51950
radio 16 52464
radio 16 52481
radio 16 52995
delay 26 45 16 53060 16 52936 11 11 65535 0 143 0 0
radio 16 53069
radio 16 53583
radio 16 53677
radio 16 54191
radio 16 54213
radio 16 54727
radio 16 54758
radio 16 55272
radio 16 55289
radio 16 55803
radio 16 55853
radio 16 56367
radio 16 56455
radio 16 56969
radio 16 56998
radio 16 57512
radio 16 57581
radio 16 58095
radio 16 58123
radio 16 58637
radio 16 58666
radio 16 59180
radio 16 59233
radio 16 59747
radio 16 59797
radio 16 60311
radio 16 60347
radio 16 60861
radio 16 60896
radio 16 61410
radio 16 61466
radio 16 61980
radio 16 61997
radio 16 62511
radio 16 62528
radio 16 63042
radio 16 63059
radio 16 63573
radio 16 63603
radio 16 64117
radio 16 64186
radio 16 64700
radio 16 64732
radio 16 65246
radio 16 65263
radio 17 241
radio 17 271
radio 17 785
radio 17 813
radio 17 1327
radio 17 1344
radio 17 1858
radio 17 1907
radio 17 2421
radio 17 2455
radio 17 2969
radio 17 3002
radio 17 3516
radio 17 3533
radio 17 4046
radio 17 4063
radio 17 4577
radio 17 4613
radio 17 5127
radio 17 5157
radio 17 5671
radio 17 5688
radio 17 6202
radio 17 6231
radio 17 6745
radio 17 6776
radio 17 7290
radio 17 7323
radio 17 7837
delay 27 23 17 7909 17 8428 9 11 2 0 23 1 0
radio 17 8988
radio 17 9502
radio 17 9555
radio 17 10069
radio 17 10103
radio 17 10617
radio 17 10646
radio 17 11160
radio 17 11194
radio 17 11708
radio 17 11725
radio 17 12239
radio 17 12268
radio 17 12782
radio 17 12812
radio 17 13326
radio 17 13355
radio 17 13869
radio 17 13903
radio 17 14417
radio 17 14505
radio 17 15019
radio 17 15047
radio 17 15561
radio 17 15578
radio 17 16092
radio 17 16163
radio 17 16677
radio 17 16694
radio 17 17208
radio 17 17225
energy 17 17564 7 39169
radio 17 17739
radio 17 17756
radio 17 18270
radio 17 18287
radio 17 18801
radio 17 18818
radio 17 19332
radio 17 19349
radio 17 19863
radio 17 19935
radio 17 20449
radio 17 20480
radio 17 20994
radio 17 21011
radio 17 21525
radio 17 21559
radio 17 22073
radio 17 22101
radio 17 22615
radio 17 22665
radio 17 23179
radio 17 23196
radio 17 23710
radio 17 23727
radio 17 24241
radio 17 24276
radio 17 24790
radio 17 24866
radio 17 25380
radio 17 25397
radio 17 25911
radio 17 25928
radio 17 26442
radio 17 26459
radio 17 26973
radio 17 26990
radio 17 27504
radio 17 27592
radio 17 28106
delay 28 23 17 28127 17 28646 9 11 2 0 110 0 0
radio 17 28135
radio 17 28649
radio 17 28723
radio 17 29237
radio 17 29254
radio 17 29767
radio 17 29784
radio 17 30298
radio 17 30315
radio 17 30829
radio 17 30846
radio 17 31360
radio 17 31377
radio 17 31891
radio 17 31908
radio 17 32422
radio 17 32458
radio 17 32972
radio 17 33005
radio 17 33519
radio 17 33568
radio 17 34082
radio 17 34099
radio 17 34613
radio 17 34648
radio 17 35162
radio 17 35179
radio 17 35693
radio 17 35710
radio 17 36224
radio 17 36294
radio 17 36808
radio 17 36825
radio 17 37339
radio 17 37374
radio 17 37888
radio 17 37905
radio 17 38419
radio 17 38436
radio 17 38950
radio 17 39022
radio 17 39536
radio 17 39553
radio 17 40067
radio 17 40084
radio 17 40598
radio 17 40615
radio 17 41129
radio 17 41164
radio 17 41678
radio 17 41709
radio 17 42223
radio 17 42259
radio 17 42773
radio 17 42804
radio 17 43318
radio 17 43352
radio 17 43866
radio 17 43900
radio 17 44414
radio 17 44449
radio 17 44963
radio 17 44980
radio 17 45494
radio 17 45511
radio 17 46025
radio 17 46042
radio 17 46556
radio 17 46587
radio 17 47101
radio 17 47118
radio 17 47632
radio 17 47649
radio 17 48163
radio 17 48273
radio 17 48787
delay 29 24 17 48831 17 48928 6 11 5 0 299 0 0
radio 17 48839
radio 17 49354
radio 17 49432
radio 17 49946
radio 17 50022
radio 17 50536
radio 17 50569
radio 17 51083
radio 17 51100
radio 17 51614
radio 17 51644
radio 17 52158
radio 17 52274
radio 17 52788
radio 17 52864
radio 17 53378
radio 17 53412
radio 17 53926
radio 17 53956
radio 17 54470
radio 17 54582
radio 17 55096
radio 17 55131
radio 17 55645
radio 17 55662
radio 17 56176
radio 17 56228
radio 17 56742
radio 17 56759
radio 17 57273
radio 17 57306
radio 17 57820
radio 17 57870
radio 17 58384
radio 17 58436
radio 17 58950
radio 17 58967
radio 17 59481
radio 17 59499
radio 17 60012
radio 17 60029
radio 17 60543
radio 17 60574
radio 17 61088
radio 17 61105
radio 17 61619
radio 17 61636
radio 17 62150
radio 17 62201
radio 17 62715
radio 17 62732
radio 17 63246
radio 17 63275
radio 17 63789
radio 17 63806
radio 17 64320
radio 17 64337
radio 17 64851
radio 17 64883
radio 17 65397
radio 17 65414
radio 18 392
radio 18 443
radio 18 957
radio 18 990
radio 18 1504
radio 18 1534
radio 18 2048
radio 18 2116
radio 18 2630
radio 18 2661
radio 18 3175
radio 18 3192
radio 18 3706
delay 30 12 18 3720 18 4123 6 11 5 0 270 0 0
radio 18 3728
radio 18 4242
radio 18 4284
radio 18 4798
radio 18 4817
radio 18 5331
radio 18 5379
radio 18 5893
radio 18 5910
radio 18 6423
radio 18 6455
radio 18 6969
radio 18 7042
radio 18 7556
radio 18 7573
radio 18 8087
radio 18 8104
radio 18 8617
radio 18 8652
radio 18 9166
radio 18 9221
radio 18 9735
radio 18 9752
radio 18 10265
radio 18 10282
radio 18 10796
radio 18 10813
radio 18 11327
radio 18 11357
radio 18 11871
radio 18 11888
radio 18 12402
radio 18 12419
radio 18 12933
radio 18 12950
radio 18 13464
energy 18 13470 7 42187
radio 18 13519
radio 18 14033
radio 18 14050
radio 18 14564
radio 18 14600
radio 18 15114
radio 18 15143
radio 18 15657
radio 18 15674
radio 18 16188
radio 18 16205
radio 18 16719
radio 18 16794
radio 18 17308
radio 18 17341
radio 18 17855
radio 18 17872
radio 18 18386
radio 18 18403
radio 18 18917
radio 18 18934
radio 18 19448
radio 18 19480
radio 18 19994
radio 18 20011
radio 18 20525
radio 18 20576
radio 18 21090
radio 18 21146
radio 18 21660
radio 18 21677
radio 18 22191
radio 18 22222
radio 18 22736
radio 18 22753
radio 18 23267
radio 18 23299
radio 18 23813
radio 18 23843
radio 18 24357
delay 31 23 18 24428 18 24946 9 11 2 0 483 0 0
radio 18 24436
radio 18 24951
radio 18 24967
radio 18 25480
radio 18 25502
radio 18 26015
radio 18 26043
radio 18 26557
radio 18 26574
radio 18 27088
radio 18 27121
radio 18 27635
radio 18 27652
radio 18 28166
radio 18 28197
radio 18 28711
radio 18 28728
radio 18 29242
radio 18 29277
radio 18 29791
radio 18 29846
