Thread[Thread-1,5,main]tree 41 26 42 12 0 0
radio 6 64653
radio 6 64657
radio 6 64707
radio 6 65221
radio 6 65273
radio 7 251
radio 7 280
radio 7 793
radio 7 823
radio 7 1336
radio 7 1353
radio 7 1866
radio 7 1883
radio 7 2396
radio 7 2413
radio 7 2926
radio 7 2943
radio 7 3456
radio 7 3492
radio 7 4006
radio 7 4023
radio 7 4536
radio 7 4568
radio 7 5082
radio 7 5136
radio 7 5650
radio 7 5705
radio 7 6219
radio 7 6290
radio 7 6804
radio 7 6834
radio 7 7348
radio 7 7365
radio 7 7878
radio 7 7895
radio 7 8408
radio 7 8425
radio 7 8938
radio 7 8974
radio 7 9488
radio 7 9540
radio 7 10054
radio 7 10083
radio 7 10597
radio 7 10614
radio 7 11128
radio 7 11145
radio 7 11659
radio 7 11691
radio 7 12205
radio 7 12260
radio 7 12774
radio 7 12791
radio 7 13305
radio 7 13338
radio 7 13852
radio 7 13884
radio 7 14398
delay 100 23 7 14412 7 57324 9 12 3 0 43805 0 0
radio 7 14420
radio 7 14935
radio 7 14947
radio 7 15461
radio 7 15564
radio 7 16078
radio 7 16147
radio 7 16661
radio 7 16678
radio 7 17192
radio 7 17209
radio 7 17723
radio 7 17755
radio 7 18269
radio 7 18286
radio 7 18800
radio 7 18817
radio 7 19331
radio 7 19348
radio 7 19862
radio 7 19890
radio 7 20404
radio 7 20432
radio 7 20946
radio 7 20963
radio 7 21477
radio 7 21494
radio 7 22008
radio 7 22025
radio 7 22539
radio 7 22556
radio 7 23070
radio 7 23121
radio 7 23635
radio 7 23683
radio 7 24197
radio 7 24273
radio 7 24787
radio 7 24817
radio 7 25331
radio 7 25361
radio 7 25875
radio 7 25892
radio 7 26406
radio 7 26497
radio 7 27011
radio 7 27028
radio 7 27542
radio 7 27614
radio 7 28128
radio 7 28160
radio 7 28674
radio 7 28722
radio 7 29236
radio 7 29253
radio 7 29767
radio 7 29784
radio 7 30298
radio 7 30349
radio 7 30863
radio 7 30880
radio 7 31394
radio 7 31443
radio 7 31957
radio 7 31974
radio 7 32488
radio 7 32505
radio 7 33019
radio 7 33049
radio 7 33563
radio 7 33599
radio 7 34113
radio 7 34187
radio 7 34701
radio 7 34731
radio 7 35245
radio 7 35278
radio 7 35792
radio 7 35847
radio 7 36361
radio 7 36396
radio 7 36910
radio 7 36944
radio 7 37458
radio 7 37475
radio 7 37989
radio 7 38006
radio 7 38520
radio 7 38573
radio 7 39087
radio 7 39135
radio 7 39649
radio 7 39685
radio 7 40199
radio 7 40269
radio 7 40783
radio 7 40800
radio 7 41314
radio 7 41348
radio 7 41862
radio 7 41879
radio 7 42393
radio 7 42410
radio 7 42924
radio 7 42941
radio 7 43455
radio 7 43485
radio 7 43999
radio 7 44088
radio 7 44602
radio 7 44655
radio 7 45169
radio 7 45186
radio 7 45700
radio 7 45729
radio 7 46243
radio 7 46260
radio 7 46774
radio 7 46791
radio 7 47305
radio 7 47398
radio 7 47912
radio 7 47929
radio 7 48443
radio 7 48493
radio 7 49007
radio 7 49077
radio 7 49591
radio 7 49608
radio 7 50122
radio 7 50171
radio 7 50685
radio 7 50755
radio 7 51269
radio 7 51286
radio 7 51800
radio 7 51851
radio 7 52365
radio 7 52394
radio 7 52908
radio 7 52957
radio 7 53471
radio 7 53488
radio 7 54002
radio 7 54036
radio 7 54550
radio 7 54586
radio 7 55100
radio 7 55117
radio 7 55631
radio 7 55665
radio 7 56179
radio 7 56196
radio 7 56710
radio 7 56727
radio 7 57241
radio 7 57258
radio 7 57772
radio 7 57824
radio 7 58338
radio 7 58391
radio 7 58905
radio 7 58978
radio 7 59492
radio 7 59560
radio 7 60074
radio 7 60126
energy 7 60569 7 2400
radio 7 60640
radio 7 60669
radio 7 61183
radio 7 61200
radio 7 61714
radio 7 61766
radio 7 62280
radio 7 62297
radio 7 62811
radio 7 62866
radio 7 63380
radio 7 63397
radio 7 63911
radio 7 63962
radio 7 64476
radio 7 64510
radio 7 65024
radio 7 65054
radio 8 32
radio 8 100
radio 8 613
radio 8 646
radio 8 1159
radio 8 1176
radio 8 1689
radio 8 1724
radio 8 2238
radio 8 2310
radio 8 2824
radio 8 2878
radio 8 3392
radio 8 3409
radio 8 3922
radio 8 3939
radio 8 4452
radio 8 4469
radio 8 4982
radio 8 5052
radio 8 5566
radio 8 5602
radio 8 6116
radio 8 6187
radio 8 6701
radio 8 6755
radio 8 7269
radio 8 7358
radio 8 7872
radio 8 7889
radio 8 8402
radio 8 8419
radio 8 8932
radio 8 8960
radio 8 9474
radio 8 9527
radio 8 10041
radio 8 10075
radio 8 10589
radio 8 10625
radio 8 11139
radio 8 11171
radio 8 11685
radio 8 11702
radio 8 12216
radio 8 12233
radio 8 12747
radio 8 12777
radio 8 13291
radio 8 13308
radio 8 13822
radio 8 13853
radio 8 14367
radio 8 14421
radio 8 14935
radio 8 14969
radio 8 15483
radio 8 15534
radio 8 16048
radio 8 16084
radio 8 16598
radio 8 16671
radio 8 17185
radio 8 17214
radio 8 17728
radio 8 17745
radio 8 18259
radio 8 18290
radio 8 18804
radio 8 18874
radio 8 19388
radio 8 19417
radio 8 19931
radio 8 19948
radio 8 20462
radio 8 20479
radio 8 20993
radio 8 21010
radio 8 21524
radio 8 21541
radio 8 22055
radio 8 22125
radio 8 22639
radio 8 22656
radio 8 23170
radio 8 23187
radio 8 23701
radio 8 23752
radio 8 24266
radio 8 24314
radio 8 24828
radio 8 24857
radio 8 25371
radio 8 25388
radio 8 25902
radio 8 25934
radio 8 26448
radio 8 26465
radio 8 26979
radio 8 27051
radio 8 27565
radio 8 27594
radio 8 28108
radio 8 28178
radio 8 28692
radio 8 28709
radio 8 29223
radio 8 29292
radio 8 29806
radio 8 29894
radio 8 30408
radio 8 30462
radio 8 30976
radio 8 30993
radio 8 31507
radio 8 31535
radio 8 32049
radio 8 32077
radio 8 32591
radio 8 32608
radio 8 33122
radio 8 33139
radio 8 33653
radio 8 33670
radio 8 34184
radio 8 34235
radio 8 34749
radio 8 34817
radio 8 35331
radio 8 35382
radio 8 35896
radio 8 35913
radio 8 36427
radio 8 36444
radio 8 36958
radio 8 36975
radio 8 37489
radio 8 37525
radio 8 38039
radio 8 38070
radio 8 38584
radio 8 38601
radio 8 39115
radio 8 39150
radio 8 39664
radio 8 39681
radio 8 40195
radio 8 40231
radio 8 40745
radio 8 40797
radio 8 41311
radio 8 41359
radio 8 41873
radio 8 41942
radio 8 42456
radio 8 42473
radio 8 42987
radio 8 43004
radio 8 43518
radio 8 43535
radio 8 44049
radio 8 44066
radio 8 44580
radio 8 44597
radio 8 45111
delay 0 42 8 45126 8 44145 7 12 5 0 44 1 0
radio 8 45133
radio 8 45648
radio 8 45717
radio 8 46231
radio 8 46249
radio 8 46763
radio 8 46872
radio 8 47386
radio 8 47403
radio 8 47917
radio 8 47934
radio 8 48448
radio 8 48465
radio 8 48979
radio 8 48996
radio 8 49510
radio 8 49527
radio 8 50041
radio 8 50058
radio 8 50572
radio 8 50589
radio 8 51103
radio 8 51137
radio 8 51651
radio 8 51683
radio 8 52197
radio 8 52272
radio 8 52786
radio 8 52854
radio 8 53368
radio 8 53385
radio 8 53899
radio 8 53932
radio 8 54446
radio 8 54463
radio 8 54977
radio 8 54994
radio 8 55508
radio 8 55541
radio 8 56055
radio 8 56107
energy 8 56473 7 5677
radio 8 56621
radio 8 56638
radio 8 57152
radio 8 57169
radio 8 57683
radio 8 57700
radio 8 58214
radio 8 58231
radio 8 58745
radio 8 58762
radio 8 59276
radio 8 59293
radio 8 59807
radio 8 59824
radio 8 60338
radio 8 60372
radio 8 60886
radio 8 60903
radio 8 61417
radio 8 61434
radio 8 61948
radio 8 61965
radio 8 62479
radio 8 62509
radio 8 63023
radio 8 63040
radio 8 63554
radio 8 63588
radio 8 64102
radio 8 64119
radio 8 64633
radio 8 64701
radio 8 65215
radio 8 65302
radio 9 280
delay 1 23 9 433 9 33 9 12 3 0 248 0 0
radio 9 440
radio 9 954
radio 9 969
radio 9 1483
radio 9 1500
radio 9 2013
radio 9 2030
radio 9 2543
radio 9 2560
radio 9 3073
radio 9 3090
radio 9 3603
radio 9 3620
radio 9 4133
radio 9 4161
radio 9 4675
radio 9 4704
radio 9 5218
radio 9 5235
radio 9 5748
radio 9 5780
radio 9 6294
radio 9 6343
radio 9 6857
radio 9 6927
radio 9 7441
radio 9 7493
radio 9 8007
radio 9 8024
radio 9 8537
radio 9 8554
radio 9 9067
radio 9 9084
radio 9 9597
radio 9 9614
radio 9 10128
radio 9 10178
radio 9 10692
radio 9 10709
radio 9 11223
radio 9 11275
radio 9 11789
radio 9 11818
radio 9 12332
radio 9 12362
radio 9 12876
radio 9 12913
radio 9 13427
radio 9 13476
radio 9 13990
radio 9 14018
radio 9 14532
radio 9 14563
radio 9 15077
radio 9 15094
radio 9 15608
radio 9 15625
radio 9 16139
radio 9 16192
radio 9 16706
radio 9 16723
radio 9 17237
radio 9 17308
radio 9 17822
radio 9 17877
radio 9 18391
radio 9 18460
radio 9 18974
radio 9 19088
radio 9 19602
radio 9 19658
radio 9 20172
radio 9 20344
radio 9 20858
delay 2 42 9 20934 9 19954 7 12 5 0 463 0 0
radio 9 20942
radio 9 21457
radio 9 21476
radio 9 21989
radio 9 22006
radio 9 22520
radio 9 22554
radio 9 23068
radio 9 23085
radio 9 23599
radio 9 23647
radio 9 24161
radio 9 24229
radio 9 24743
radio 9 24760
radio 9 25274
radio 9 25291
radio 9 25805
radio 9 25873
radio 9 26387
radio 9 26404
radio 9 26918
radio 9 26935
radio 9 27449
radio 9 27466
radio 9 27980
radio 9 28015
radio 9 28529
radio 9 28557
radio 9 29071
radio 9 29088
radio 9 29602
radio 9 29619
radio 9 30133
radio 9 30166
radio 9 30680
radio 9 30769
radio 9 31283
radio 9 31358
radio 9 31872
radio 9 31889
radio 9 32403
radio 9 32420
radio 9 32934
radio 9 32951
radio 9 33465
radio 9 33482
radio 9 33996
radio 9 34013
radio 9 34527
radio 9 34544
radio 9 35058
radio 9 35094
radio 9 35608
radio 9 35658
radio 9 36172
radio 9 36226
radio 9 36740
radio 9 36812
radio 9 37326
radio 9 37343
radio 9 37857
radio 9 37874
radio 9 38388
radio 9 38417
radio 9 38931
radio 9 38985
radio 9 39499
radio 9 39534
radio 9 40048
radio 9 40078
radio 9 40592
radio 9 40609
radio 9 41123
delay 3 24 9 41199 9 40767 6 12 6 0 473 0 0
radio 9 41207
radio 9 41721
radio 9 41742
radio 9 42255
radio 9 42306
radio 9 42820
radio 9 42889
radio 9 43403
radio 9 43420
radio 9 43934
radio 9 43990
radio 9 44504
radio 9 44521
radio 9 45035
radio 9 45088
radio 9 45602
radio 9 45619
radio 9 46133
radio 9 46150
radio 9 46664
radio 9 46697
radio 9 47211
radio 9 47228
radio 9 47742
radio 9 47770
radio 9 48284
radio 9 48312
radio 9 48826
radio 9 48859
radio 9 49373
radio 9 49404
radio 9 49918
radio 9 49951
radio 9 50465
radio 9 50495
radio 9 51009
radio 9 51039
radio 9 51553
radio 9 51570
radio 9 52084
radio 9 52113
energy 9 52377 7 8977
radio 9 52627
radio 9 52662
radio 9 53176
radio 9 53193
radio 9 53707
radio 9 53724
radio 9 54238
radio 9 54255
radio 9 54769
radio 9 54786
radio 9 55300
radio 9 55332
radio 9 55846
radio 9 55898
radio 9 56412
radio 9 56429
radio 9 56943
radio 9 56975
radio 9 57489
radio 9 57521
radio 9 58035
radio 9 58066
radio 9 58580
radio 9 58597
radio 9 59111
radio 9 59128
radio 9 59642
radio 9 59676
radio 9 60190
radio 9 60207
radio 9 60721
radio 9 60749
radio 9 61263
radio 9 61280
radio 9 61794
delay 4 23 9 61811 9 61411 9 12 3 0 418 0 0
radio 9 61819
radio 9 62333
radio 9 62348
radio 9 62861
radio 9 62878
radio 9 63392
radio 9 63463
radio 9 63977
radio 9 63994
radio 9 64508
radio 9 64525
radio 9 65039
radio 9 65067
radio 10 45
radio 10 62
radio 10 575
radio 10 605
radio 10 1119
radio 10 1148
radio 10 1662
radio 10 1679
radio 10 2193
radio 10 2225
radio 10 2739
radio 10 2772
radio 10 3286
radio 10 3361
radio 10 3875
radio 10 3987
radio 10 4501
radio 10 4518
radio 10 5032
radio 10 5049
radio 10 5563
radio 10 5595
radio 10 6109
radio 10 6138
radio 10 6652
radio 10 6681
radio 10 7195
radio 10 7226
radio 10 7740
radio 10 7771
radio 10 8285
radio 10 8302
radio 10 8816
radio 10 8833
radio 10 9347
radio 10 9379
radio 10 9893
radio 10 9969
radio 10 10483
radio 10 10500
radio 10 11014
radio 10 11048
radio 10 11562
radio 10 11579
radio 10 12093
radio 10 12110
radio 10 12624
radio 10 12641
radio 10 13155
radio 10 13172
radio 10 13686
radio 10 13703
radio 10 14217
radio 10 14267
radio 10 14781
radio 10 14798
radio 10 15312
radio 10 15329
radio 10 15843
radio 10 15872
radio 10 16386
radio 10 16403
radio 10 16917
delay 5 23 10 17012 10 16612 9 12 3 0 541 0 0
radio 10 17020
radio 10 17534
radio 10 17552
radio 10 18065
radio 10 18093
radio 10 18607
radio 10 18624
radio 10 19138
radio 10 19155
radio 10 19669
radio 10 19721
radio 10 20235
radio 10 20312
radio 10 20826
radio 10 20895
radio 10 21409
radio 10 21426
radio 10 21940
radio 10 21957
radio 10 22471
radio 10 22488
radio 10 23002
radio 10 23032
radio 10 23546
radio 10 23596
radio 10 24110
radio 10 24127
radio 10 24641
radio 10 24658
radio 10 25172
radio 10 25189
radio 10 25703
radio 10 25736
radio 10 26250
radio 10 26267
radio 10 26781
radio 10 26811
radio 10 27325
radio 10 27355
radio 10 27869
radio 10 27905
radio 10 28419
radio 10 28468
radio 10 28982
radio 10 29017
radio 10 29531
radio 10 29560
radio 10 30074
radio 10 30091
radio 10 30605
radio 10 30622
radio 10 31136
radio 10 31153
radio 10 31667
radio 10 31684
radio 10 32198
radio 10 32230
radio 10 32744
radio 10 32779
radio 10 33293
radio 10 33310
radio 10 33824
radio 10 33857
radio 10 34371
radio 10 34388
radio 10 34902
radio 10 34919
radio 10 35433
radio 10 35450
radio 10 35964
radio 10 35981
radio 10 36495
radio 10 36527
radio 10 37041
delay 6 42 10 37087 10 36107 7 12 5 0 345 0 0
radio 10 37095
radio 10 37609
radio 10 37733
radio 10 38247
radio 10 38438
radio 10 38952
radio 10 38980
radio 10 39494
radio 10 39523
radio 10 40037
radio 10 40054
radio 10 40568
radio 10 40598
radio 10 41112
radio 10 41144
radio 10 41658
radio 10 41675
radio 10 42189
radio 10 42225
radio 10 42739
radio 10 42771
radio 10 43285
radio 10 43315
radio 10 43829
radio 10 43846
radio 10 44360
radio 10 44377
radio 10 44891
radio 10 44908
radio 10 45422
radio 10 45453
radio 10 45967
radio 10 45984
radio 10 46498
radio 10 46552
radio 10 47066
radio 10 47083
radio 10 47597
radio 10 47625
radio 10 48139
radio 10 48156
energy 10 48281 7 11796
radio 10 48670
radio 10 48687
radio 10 49201
radio 10 49218
radio 10 49732
radio 10 49761
radio 10 50275
radio 10 50308
radio 10 50822
radio 10 50839
radio 10 51353
radio 10 51388
radio 10 51902
radio 10 51919
radio 10 52433
radio 10 52485
radio 10 52999
radio 10 53029
radio 10 53543
radio 10 53571
radio 10 54085
radio 10 54115
radio 10 54629
radio 10 54679
radio 10 55193
radio 10 55266
radio 10 55780
radio 10 55797
radio 10 56311
radio 10 56328
radio 10 56842
radio 10 56873
radio 10 57387
delay 7 23 10 57462 10 57062 9 12 3 0 27 0 0
radio 10 57470
radio 10 57984
radio 10 58005
radio 10 58519
radio 10 58566
radio 10 59080
radio 10 59148
radio 10 59662
radio 10 59679
radio 10 60193
radio 10 60210
radio 10 60724
radio 10 60752
radio 10 61266
radio 10 61301
radio 10 61815
radio 10 61868
radio 10 62382
radio 10 62415
radio 10 62929
radio 10 62946
radio 10 63460
radio 10 63492
radio 10 64006
radio 10 64038
radio 10 64552
radio 10 64602
radio 10 65116
radio 10 65133
radio 11 111
radio 11 128
radio 11 641
radio 11 736
radio 11 1250
radio 11 1285
radio 11 1799
radio 11 1835
radio 11 2349
radio 11 2417
radio 11 2931
radio 11 2960
radio 11 3474
radio 11 3507
radio 11 4021
radio 11 4113
radio 11 4627
radio 11 4644
radio 11 5158
radio 11 5191
radio 11 5705
radio 11 5775
radio 11 6289
radio 11 6306
radio 11 6820
radio 11 6837
radio 11 7351
radio 11 7386
radio 11 7900
radio 11 7994
radio 11 8508
radio 11 8539
radio 11 9053
radio 11 9182
radio 11 9696
radio 11 9729
radio 11 10243
radio 11 10278
radio 11 10792
radio 11 10809
radio 11 11323
radio 11 11340
radio 11 11854
radio 11 11886
radio 11 12400
delay 8 23 11 12417 11 12017 9 12 3 0 347 0 0
radio 11 12425
radio 11 12939
radio 11 13036
radio 11 13550
radio 11 13567
radio 11 14081
radio 11 14110
radio 11 14624
radio 11 14655
radio 11 15169
radio 11 15197
radio 11 15711
radio 11 15740
radio 11 16254
radio 11 16302
radio 11 16816
radio 11 16886
radio 11 17400
radio 11 17417
radio 11 17931
radio 11 17986
radio 11 18500
radio 11 18530
radio 11 19044
radio 11 19073
radio 11 19587
radio 11 19604
radio 11 20118
radio 11 20189
radio 11 20703
radio 11 20720
radio 11 21234
radio 11 21287
radio 11 21801
radio 11 21818
radio 11 22332
radio 11 22360
radio 11 22874
radio 11 22970
radio 11 23484
radio 11 23501
radio 11 24015
radio 11 24063
radio 11 24577
radio 11 24611
radio 11 25125
radio 11 25158
radio 11 25672
radio 11 25689
radio 11 26203
radio 11 26258
radio 11 26772
radio 11 26789
radio 11 27303
radio 11 27376
radio 11 27890
radio 11 27907
radio 11 28421
radio 11 28438
radio 11 28952
radio 11 28969
radio 11 29483
radio 11 29575
radio 11 30089
radio 11 30106
radio 11 30620
radio 11 30637
radio 11 31151
radio 11 31168
radio 11 31682
radio 11 31699
radio 11 32213
radio 11 32230
radio 11 32744
delay 9 42 11 32761 11 31781 7 12 5 0 125 1 0
radio 11 32769
radio 11 33283
radio 11 33356
radio 11 33870
radio 11 33887
radio 11 34401
radio 11 34418
radio 11 34932
radio 11 34949
radio 11 35463
radio 11 35480
radio 11 35994
radio 11 36011
radio 11 36525
radio 11 36542
radio 11 37056
radio 11 37129
radio 11 37643
radio 11 37660
radio 11 38174
radio 11 38211
radio 11 38725
radio 11 38777
radio 11 39291
radio 11 39308
radio 11 39822
radio 11 39839
radio 11 40353
radio 11 40370
radio 11 40884
radio 11 40920
radio 11 41434
radio 11 41451
radio 11 41965
radio 11 41982
radio 11 42496
radio 11 42513
radio 11 43027
radio 11 43103
radio 11 43617
radio 11 43634
radio 11 44148
energy 11 44185 7 15090
radio 11 44188
radio 11 44701
radio 11 44718
radio 11 45232
radio 11 45307
radio 11 45821
radio 11 45876
radio 11 46390
radio 11 46407
radio 11 46921
radio 11 46952
radio 11 47466
radio 11 47500
radio 11 48014
radio 11 48031
radio 11 48545
radio 11 48562
radio 11 49076
radio 11 49111
radio 11 49625
radio 11 49642
radio 11 50156
radio 11 50231
radio 11 50745
radio 11 50773
radio 11 51287
radio 11 51316
radio 11 51830
radio 11 51847
radio 11 52361
radio 11 52429
radio 11 52943
radio 11 52960
radio 11 53474
delay 10 42 11 53490 11 52511 7 12 5 0 144 1 0
radio 11 53498
radio 11 54013
radio 11 54197
radio 11 54710
radio 11 54739
radio 11 55253
radio 11 55287
radio 11 55801
radio 11 55836
radio 11 56350
radio 11 56422
radio 11 56936
radio 11 56953
radio 11 57467
radio 11 57500
radio 11 58014
radio 11 58031
radio 11 58545
radio 11 58579
radio 11 59093
radio 11 59110
radio 11 59624
radio 11 59675
radio 11 60189
radio 11 60206
radio 11 60720
radio 11 60737
radio 11 61251
radio 11 61268
radio 11 61782
radio 11 61799
radio 11 62313
radio 11 62330
radio 11 62844
radio 11 62861
radio 11 63375
radio 11 63407
radio 11 63921
radio 11 63953
radio 11 64467
radio 11 64484
radio 11 64998
radio 11 65015
radio 11 65529
radio 12 10
radio 12 524
radio 12 541
radio 12 1054
radio 12 1102
radio 12 1616
radio 12 1633
radio 12 2147
radio 12 2164
radio 12 2678
radio 12 2695
radio 12 3209
radio 12 3242
radio 12 3756
radio 12 3790
radio 12 4304
radio 12 4338
radio 12 4852
radio 12 4869
radio 12 5383
radio 12 5400
radio 12 5914
radio 12 6085
radio 12 6599
radio 12 6616
radio 12 7130
radio 12 7147
radio 12 7661
radio 12 7694
radio 12 8208
delay 11 23 12 8229 12 7822 9 12 3 0 65535 0 0
radio 12 8237
radio 12 8751
radio 12 8824
radio 12 9338
radio 12 9381
radio 12 9895
radio 12 9963
radio 12 10477
radio 12 10510
radio 12 11024
radio 12 11055
radio 12 11569
radio 12 11638
radio 12 12152
radio 12 12282
radio 12 12796
radio 12 12846
radio 12 13360
radio 12 13470
radio 12 13984
radio 12 14059
radio 12 14573
radio 12 14590
radio 12 15104
radio 12 15138
radio 12 15652
radio 12 15669
radio 12 16183
radio 12 16200
radio 12 16714
radio 12 16783
radio 12 17297
radio 12 17314
radio 12 17828
radio 12 17864
radio 12 18378
radio 12 18395
radio 12 18909
radio 12 18926
radio 12 19440
radio 12 19473
radio 12 19987
radio 12 20039
radio 12 20553
radio 12 20603
radio 12 21117
radio 12 21189
radio 12 21703
radio 12 21720
radio 12 22234
radio 12 22288
radio 12 22802
radio 12 22835
radio 12 23349
radio 12 23381
radio 12 23895
radio 12 23912
radio 12 24426
radio 12 24443
radio 12 24957
radio 12 24974
radio 12 25488
radio 12 25522
radio 12 26036
radio 12 26053
radio 12 26567
radio 12 26642
radio 12 27156
radio 12 27210
radio 12 27724
radio 12 27741
radio 12 28255
radio 12 28272
radio 12 28786
delay 12 42 12 28801 12 27822 7 12 5 0 86 1 0
radio 12 28809
radio 12 29323
radio 12 29366
radio 12 29880
radio 12 29897
radio 12 30411
radio 12 30428
radio 12 30942
radio 12 30972
radio 12 31486
radio 12 31514
radio 12 32028
radio 12 32045
radio 12 32559
radio 12 32576
radio 12 33090
radio 12 33139
radio 12 33653
radio 12 33681
radio 12 34195
radio 12 34223
radio 12 34737
radio 12 34768
radio 12 35282
radio 12 35299
radio 12 35813
radio 12 35863
radio 12 36377
radio 12 36394
radio 12 36908
radio 12 36938
radio 12 37452
radio 12 37488
radio 12 38002
radio 12 38092
radio 12 38606
radio 12 38623
radio 12 39137
radio 12 39167
radio 12 39681
radio 12 39750
energy 12 40089 7 18500
radio 12 40264
radio 12 40281
radio 12 40795
radio 12 40843
radio 12 41357
radio 12 41374
radio 12 41888
radio 12 41922
radio 12 42436
radio 12 42465
radio 12 42979
radio 12 42996
radio 12 43510
radio 12 43527
radio 12 44041
radio 12 44058
radio 12 44572
radio 12 44589
radio 12 45103
radio 12 45120
radio 12 45634
radio 12 45651
radio 12 46165
radio 12 46182
radio 12 46696
radio 12 46713
radio 12 47227
radio 12 47299
radio 12 47813
radio 12 47844
radio 12 48358
radio 12 48386
radio 12 48900
radio 12 48917
radio 12 49431
delay 13 24 12 49475 12 49042 6 12 6 0 377 0 0
radio 12 49483
radio 12 49998
radio 12 50014
radio 12 50527
radio 12 50544
radio 12 51058
radio 12 51075
radio 12 51589
radio 12 51606
radio 12 52120
radio 12 52153
radio 12 52667
radio 12 52684
radio 12 53198
radio 12 53274
radio 12 53788
radio 12 53841
radio 12 54355
radio 12 54372
radio 12 54886
radio 12 54903
radio 12 55417
radio 12 55434
radio 12 55948
radio 12 55965
radio 12 56479
radio 12 56509
radio 12 57023
radio 12 57040
radio 12 57554
radio 12 57571
radio 12 58085
radio 12 58118
radio 12 58632
radio 12 58649
radio 12 59163
radio 12 59180
radio 12 59694
radio 12 59711
radio 12 60225
radio 12 60275
radio 12 60789
radio 12 60806
radio 12 61320
radio 12 61337
radio 12 61851
radio 12 61886
radio 12 62400
radio 12 62435
radio 12 62949
radio 12 62966
radio 12 63480
radio 12 63513
radio 12 64027
radio 12 64076
radio 12 64590
radio 12 64607
radio 12 65121
radio 12 65172
radio 13 150
radio 13 179
radio 13 693
radio 13 745
radio 13 1259
radio 13 1276
radio 13 1790
radio 13 1843
radio 13 2357
radio 13 2545
radio 13 3059
radio 13 3076
radio 13 3590
radio 13 3678
radio 13 4192
delay 14 24 13 4238 13 3805 6 12 6 0 483 0 0
radio 13 4246
radio 13 4761
radio 13 4807
radio 13 5320
radio 13 5338
radio 13 5851
radio 13 5881
radio 13 6395
radio 13 6412
radio 13 6926
radio 13 6975
radio 13 7489
radio 13 7578
radio 13 8092
radio 13 8187
radio 13 8701
radio 13 8718
radio 13 9232
radio 13 9249
radio 13 9763
radio 13 9798
radio 13 10312
radio 13 10329
radio 13 10843
radio 13 10911
radio 13 11425
radio 13 11458
radio 13 11972
radio 13 12003
radio 13 12517
radio 13 12591
radio 13 13105
radio 13 13122
radio 13 13636
radio 13 13691
radio 13 14205
radio 13 14278
radio 13 14792
radio 13 14825
radio 13 15339
radio 13 15370
radio 13 15884
radio 13 15901
radio 13 16415
radio 13 16432
radio 13 16946
radio 13 16997
radio 13 17511
radio 13 17564
radio 13 18078
radio 13 18147
radio 13 18661
radio 13 18695
radio 13 19209
radio 13 19226
radio 13 19740
radio 13 19757
radio 13 20271
radio 13 20288
radio 13 20802
radio 13 20836
radio 13 21350
radio 13 21404
radio 13 21918
radio 13 21935
radio 13 22449
radio 13 22499
radio 13 23013
radio 13 23030
radio 13 23544
radio 13 23573
radio 13 24087
radio 13 24104
radio 13 24618
delay 15 24 13 24640 13 24207 6 12 6 0 390 0 0
radio 13 24648
radio 13 25163
radio 13 25178
radio 13 25691
radio 13 25709
radio 13 26222
radio 13 26239
radio 13 26753
radio 13 26770
radio 13 27284
radio 13 27301
radio 13 27815
radio 13 27832
radio 13 28346
radio 13 28377
radio 13 28891
radio 13 28908
radio 13 29422
radio 13 29471
radio 13 29985
radio 13 30002
radio 13 30516
radio 13 30533
radio 13 31047
radio 13 31096
radio 13 31610
radio 13 31639
radio 13 32153
radio 13 32205
radio 13 32719
radio 13 32736
radio 13 33250
radio 13 33267
radio 13 33781
radio 13 33816
radio 13 34330
radio 13 34363
radio 13 34877
radio 13 34911
radio 13 35425
radio 13 35455
radio 13 35969
radio 13 35986
energy 13 35993 7 21510
radio 13 36500
radio 13 36535
radio 13 37049
radio 13 37066
radio 13 37580
radio 13 37597
radio 13 38111
radio 13 38142
radio 13 38656
radio 13 38704
radio 13 39218
radio 13 39274
radio 13 39788
radio 13 39816
radio 13 40330
radio 13 40381
radio 13 40895
radio 13 40947
radio 13 41461
radio 13 41529
radio 13 42043
radio 13 42076
radio 13 42590
radio 13 42618
radio 13 43132
radio 13 43149
radio 13 43663
radio 13 43695
radio 13 44209
radio 13 44242
radio 13 44756
radio 13 44773
radio 13 45287
delay 16 24 13 45307 13 44873 6 12 6 0 349 0 0
radio 13 45315
radio 13 45829
radio 13 45874
radio 13 46388
radio 13 46411
radio 13 46924
radio 13 46941
radio 13 47455
radio 13 47472
radio 13 47986
radio 13 48018
radio 13 48532
radio 13 48549
radio 13 49063
radio 13 49080
radio 13 49594
radio 13 49611
radio 13 50125
radio 13 50142
radio 13 50656
radio 13 50673
radio 13 51187
radio 13 51204
radio 13 51718
radio 13 51735
radio 13 52249
radio 13 52285
radio 13 52799
radio 13 52816
radio 13 53330
radio 13 53386
radio 13 53900
radio 13 53917
radio 13 54431
radio 13 54448
radio 13 54962
radio 13 54979
radio 13 55493
radio 13 55510
radio 13 56024
radio 13 56041
radio 13 56555
radio 13 56572
radio 13 57086
radio 13 57157
radio 13 57671
radio 13 57688
radio 13 58202
radio 13 58251
radio 13 58765
radio 13 58833
radio 13 59347
radio 13 59401
radio 13 59915
radio 13 59988
radio 13 60502
radio 13 60554
radio 13 61068
radio 13 61085
radio 13 61599
radio 13 61627
radio 13 62141
radio 13 62195
radio 13 62709
radio 13 62726
radio 13 63240
radio 13 63257
radio 13 63771
radio 13 63863
radio 13 64377
radio 13 64394
radio 13 64908
radio 13 64925
radio 13 65439
radio 13 65473
radio 14 451
delay 17 24 14 494 14 60 6 12 6 0 547 0 0
radio 14 501
radio 14 1015
radio 14 1034
radio 14 1547
radio 14 1563
radio 14 2076
radio 14 2093
radio 14 2607
radio 14 2639
radio 14 3153
radio 14 3208
radio 14 3722
radio 14 3756
radio 14 4270
radio 14 4301
radio 14 4815
radio 14 4987
radio 14 5501
radio 14 5518
radio 14 6032
radio 14 6049
radio 14 6563
radio 14 6658
radio 14 7172
radio 14 7245
radio 14 7759
radio 14 7813
radio 14 8327
radio 14 8359
radio 14 8873
radio 14 8941
radio 14 9455
radio 14 9472
radio 14 9986
radio 14 10003
radio 14 10517
radio 14 10551
radio 14 11065
radio 14 11082
radio 14 11596
radio 14 11613
radio 14 12127
radio 14 12176
radio 14 12690
radio 14 12707
radio 14 13221
radio 14 13238
radio 14 13752
radio 14 13769
radio 14 14283
radio 14 14316
radio 14 14830
radio 14 14847
radio 14 15361
radio 14 15378
radio 14 15892
radio 14 15909
radio 14 16423
radio 14 16575
radio 14 17089
radio 14 17121
radio 14 17635
radio 14 17670
radio 14 18184
radio 14 18215
radio 14 18729
radio 14 18764
radio 14 19278
radio 14 19295
radio 14 19809
radio 14 19840
radio 14 20354
delay 18 23 14 20397 14 19997 9 12 3 0 147 1 0
radio 14 20405
radio 14 20919
radio 14 20966
radio 14 21479
radio 14 21531
radio 14 22044
radio 14 22135
radio 14 22649
radio 14 22666
radio 14 23180
radio 14 23235
radio 14 23749
radio 14 23779
radio 14 24293
radio 14 24322
radio 14 24836
radio 14 24853
radio 14 25367
radio 14 25437
radio 14 25951
radio 14 25968
radio 14 26482
radio 14 26499
radio 14 27013
radio 14 27066
radio 14 27580
radio 14 27597
radio 14 28111
radio 14 28144
radio 14 28658
radio 14 28675
radio 14 29189
radio 14 29206
radio 14 29720
radio 14 29750
radio 14 30264
radio 14 30298
radio 14 30812
radio 14 30829
radio 14 31343
radio 14 31360
radio 14 31874
energy 14 31897 7 24698
radio 14 31925
radio 14 32439
radio 14 32456
radio 14 32970
radio 14 32987
radio 14 33501
radio 14 33529
radio 14 34043
radio 14 34093
radio 14 34607
radio 14 34624
radio 14 35138
radio 14 35188
radio 14 35702
radio 14 35719
radio 14 36233
radio 14 36250
radio 14 36764
radio 14 36813
radio 14 37327
radio 14 37344
radio 14 37858
radio 14 37875
radio 14 38389
radio 14 38406
radio 14 38920
radio 14 38948
radio 14 39462
radio 14 39479
radio 14 39993
radio 14 40023
radio 14 40537
radio 14 40593
radio 14 41107
delay 19 24 14 41125 14 40691 6 12 6 0 411 0 0
radio 14 41133
radio 14 41647
radio 14 41771
radio 14 42285
radio 14 42304
radio 14 42817
radio 14 42892
radio 14 43406
radio 14 43423
radio 14 43937
radio 14 43954
radio 14 44468
radio 14 44502
radio 14 45016
radio 14 45048
radio 14 45562
radio 14 45596
radio 14 46110
radio 14 46127
radio 14 46641
radio 14 46658
radio 14 47172
radio 14 47207
radio 14 47721
radio 14 47738
radio 14 48252
radio 14 48269
radio 14 48783
radio 14 48812
radio 14 49326
radio 14 49343
radio 14 49857
radio 14 49888
radio 14 50402
radio 14 50431
radio 14 50945
radio 14 50976
radio 14 51490
radio 14 51507
radio 14 52021
radio 14 52052
radio 14 52566
radio 14 52583
radio 14 53097
radio 14 53169
radio 14 53683
radio 14 53700
radio 14 54214
radio 14 54231
radio 14 54745
radio 14 54762
radio 14 55276
radio 14 55293
radio 14 55807
radio 14 55842
radio 14 56356
radio 14 56389
radio 14 56903
radio 14 56931
radio 14 57445
radio 14 57476
radio 14 57990
radio 14 58038
radio 14 58552
radio 14 58622
radio 14 59136
radio 14 59185
radio 14 59699
radio 14 59828
radio 14 60342
radio 14 60410
radio 14 60924
radio 14 61039
radio 14 61553
radio 14 61583
radio 14 62097
delay 20 23 14 62113 14 61713 9 12 3 0 216 0 0
radio 14 62121
radio 14 62635
radio 14 62680
radio 14 63193
radio 14 63245
radio 14 63759
radio 14 63776
radio 14 64290
radio 14 64307
radio 14 64821
radio 14 64873
radio 14 65387
radio 14 65404
radio 15 382
radio 15 431
radio 15 945
radio 15 974
radio 15 1488
radio 15 1505
radio 15 2018
radio 15 2049
radio 15 2563
radio 15 2597
radio 15 3111
radio 15 3159
radio 15 3673
radio 15 3690
radio 15 4204
radio 15 4221
radio 15 4735
radio 15 4769
radio 15 5283
radio 15 5318
radio 15 5832
radio 15 5881
radio 15 6395
radio 15 6444
radio 15 6958
radio 15 7054
radio 15 7568
radio 15 7585
radio 15 8099
radio 15 8116
radio 15 8630
radio 15 8647
radio 15 9161
radio 15 9178
radio 15 9692
radio 15 9722
radio 15 10236
radio 15 10390
radio 15 10904
radio 15 10921
radio 15 11435
radio 15 11492
radio 15 12006
radio 15 12041
radio 15 12555
radio 15 12585
radio 15 13099
radio 15 13116
radio 15 13630
radio 15 13663
radio 15 14177
radio 15 14194
radio 15 14708
radio 15 14725
radio 15 15239
radio 15 15256
radio 15 15770
radio 15 15864
radio 15 16378
delay 21 23 15 16400 15 15994 9 12 3 0 65535 0 0
radio 15 16408
radio 15 16923
radio 15 16939
radio 15 17453
radio 15 17471
radio 15 17985
radio 15 18015
radio 15 18529
radio 15 18546
radio 15 19060
radio 15 19077
radio 15 19591
radio 15 19619
radio 15 20133
radio 15 20150
radio 15 20664
radio 15 20681
radio 15 21195
radio 15 21225
radio 15 21739
radio 15 21769
radio 15 22283
radio 15 22319
radio 15 22833
radio 15 22861
radio 15 23375
radio 15 23403
radio 15 23917
radio 15 23965
radio 15 24479
radio 15 24512
radio 15 25026
radio 15 25076
radio 15 25590
radio 15 25641
radio 15 26155
radio 15 26186
radio 15 26700
radio 15 26750
radio 15 27264
radio 15 27293
energy 15 27801 7 27924
radio 15 27807
radio 15 27898
radio 15 28412
radio 15 28506
radio 15 29020
radio 15 29054
radio 15 29568
radio 15 29599
radio 15 30113
radio 15 30146
radio 15 30660
radio 15 30734
radio 15 31248
radio 15 31279
radio 15 31793
radio 15 31822
radio 15 32336
radio 15 32372
radio 15 32886
radio 15 32936
radio 15 33450
radio 15 33480
radio 15 33994
radio 15 34023
radio 15 34537
radio 15 34613
radio 15 35127
radio 15 35176
radio 15 35690
radio 15 35763
radio 15 36277
radio 15 36306
radio 15 36820
delay 22 42 15 36839 15 35861 7 12 5 0 316 0 0
radio 15 36847
radio 15 37361
radio 15 37407
radio 15 37920
radio 15 37936
radio 15 38449
radio 15 38497
radio 15 39011
radio 15 39061
radio 15 39575
radio 15 39607
radio 15 40121
radio 15 40175
radio 15 40689
radio 15 40739
radio 15 41253
radio 15 41323
radio 15 41837
radio 15 41866
radio 15 42380
radio 15 42414
radio 15 42928
radio 15 42998
radio 15 43512
radio 15 43541
radio 15 44055
radio 15 44103
radio 15 44617
radio 15 44650
radio 15 45164
radio 15 45200
radio 15 45714
radio 15 45750
radio 15 46264
radio 15 46292
radio 15 46806
radio 15 46854
radio 15 47368
radio 15 47401
radio 15 47915
radio 15 47951
radio 15 48465
radio 15 48493
radio 15 49007
radio 15 49055
radio 15 49569
radio 15 49602
radio 15 50116
radio 15 50146
radio 15 50660
radio 15 50694
radio 15 51208
radio 15 51236
radio 15 51750
radio 15 51778
radio 15 52292
radio 15 52320
radio 15 52834
radio 15 52863
radio 15 53377
radio 15 53428
radio 15 53942
radio 15 54011
radio 15 54525
radio 15 54554
radio 15 55068
radio 15 55096
radio 15 55610
radio 15 55658
radio 15 56172
radio 15 56200
radio 15 56714
radio 15 56807
radio 15 57321
delay 23 42 15 57360 15 56382 7 12 5 0 199 0 0
radio 15 57368
radio 15 57882
radio 15 57926
radio 15 58439
radio 15 58607
radio 15 59120
radio 15 59154
radio 15 59668
radio 15 59724
radio 15 60238
radio 15 60266
radio 15 60780
radio 15 60812
radio 15 61326
radio 15 61355
radio 15 61869
radio 15 61943
radio 15 62457
radio 15 62507
radio 15 63021
radio 15 63051
radio 15 63565
radio 15 63597
radio 15 64111
radio 15 64184
radio 15 64698
radio 15 64750
radio 15 65264
radio 15 65337
radio 16 315
radio 16 344
radio 16 858
radio 16 894
radio 16 1408
radio 16 1499
radio 16 2013
radio 16 2044
radio 16 2558
radio 16 2633
radio 16 3147
radio 16 3176
radio 16 3690
radio 16 3719
radio 16 4233
radio 16 4281
radio 16 4795
radio 16 4828
radio 16 5342
radio 16 5378
radio 16 5892
radio 16 5920
radio 16 6434
radio 16 6462
radio 16 6976
radio 16 7044
radio 16 7558
radio 16 7607
radio 16 8121
radio 16 8150
radio 16 8664
radio 16 8896
radio 16 9410
radio 16 9444
radio 16 9958
radio 16 9994
radio 16 10508
radio 16 10544
radio 16 11058
radio 16 11094
radio 16 11608
radio 16 11636
radio 16 12150
radio 16 12178
radio 16 12692
delay 24 24 16 12742 16 12308 6 12 6 0 332 0 0
radio 16 12750
radio 16 13265
radio 16 13443
radio 16 13956
radio 16 14005
radio 16 14519
radio 16 14552
radio 16 15066
radio 16 15116
radio 16 15630
radio 16 15701
radio 16 16215
radio 16 16264
radio 16 16778
radio 16 16870
radio 16 17384
radio 16 17418
radio 16 17932
radio 16 17949
radio 16 18463
radio 16 18513
radio 16 19027
radio 16 19055
radio 16 19569
radio 16 19620
radio 16 20134
radio 16 20164
radio 16 20678
radio 16 20711
radio 16 21225
radio 16 21293
radio 16 21807
radio 16 21837
radio 16 22351
radio 16 22382
radio 16 22896
radio 16 22925
radio 16 23439
radio 16 23468
energy 16 23705 7 32433
radio 16 23982
radio 16 24010
radio 16 24524
radio 16 24555
radio 16 25069
radio 16 25125
radio 16 25639
radio 16 25672
radio 16 26186
radio 16 26222
radio 16 26736
radio 16 26772
radio 16 27286
radio 16 27314
radio 16 27828
radio 16 27877
radio 16 28391
radio 16 28443
radio 16 28957
radio 16 29005
radio 16 29519
radio 16 29548
radio 16 30062
radio 16 30150
radio 16 30664
radio 16 30738
radio 16 31252
radio 16 31281
radio 16 31795
radio 16 31831
radio 16 32345
radio 16 32374
radio 16 32888
delay 25 23 16 32929 16 32530 9 12 3 0 425 0 0
radio 16 32937
radio 16 33452
radio 16 33495
radio 16 34008
radio 16 34041
radio 16 34555
radio 16 34611
radio 16 35125
radio 16 35158
radio 16 35672
radio 16 35708
radio 16 36222
radio 16 36290
radio 16 36804
radio 16 36833
radio 16 37347
radio 16 37383
radio 16 37897
radio 16 37945
radio 16 38459
radio 16 38489
radio 16 39003
radio 16 39034
radio 16 39548
radio 16 39576
radio 16 40090
radio 16 40146
radio 16 40660
radio 16 40691
radio 16 41205
radio 16 41235
radio 16 41749
radio 16 41797
radio 16 42311
radio 16 42344
radio 16 42858
radio 16 42894
radio 16 43408
radio 16 43425
radio 16 43939
radio 16 43990
radio 16 44504
radio 16 44536
radio 16 45050
radio 16 45099
radio 16 45613
radio 16 45645
radio 16 46159
radio 16 46187
radio 16 46701
radio 16 46749
radio 16 47263
radio 16 47296
radio 16 47810
radio 16 47846
radio 16 48360
radio 16 48388
radio 16 48902
radio 16 48970
radio 16 49484
radio 16 49514
radio 16 50028
radio 16 50064
radio 16 50578
radio 16 50630
radio 16 51144
radio 16 51173
radio 16 51687
radio 16 51743
radio 16 52257
radio 16 52349
radio 16 52863
radio 16 52951
radio 16 53465
delay 26 24 16 53665 16 53230 6 12 6 0 604 0 0
radio 16 53672
radio 16 54187
radio 16 54208
radio 16 54721
radio 16 54870
radio 16 55384
radio 16 55419
radio 16 55933
radio 16 55981
radio 16 56495
radio 16 56543
radio 16 57057
radio 16 57206
radio 16 57720
radio 16 57790
radio 16 58304
radio 16 58334
radio 16 58848
radio 16 58957
radio 16 59471
radio 16 59500
radio 16 60014
radio 16 60042
radio 16 60556
radio 16 60584
radio 16 61098
radio 16 61146
radio 16 61660
radio 16 61714
radio 16 62228
radio 16 62257
radio 16 62771
radio 16 62822
radio 16 63336
radio 16 63365
radio 16 63879
radio 16 63910
radio 16 64424
radio 16 64473
radio 16 64987
radio 16 65019
radio 16 65533
radio 17 53
radio 17 566
radio 17 660
radio 17 1174
radio 17 1208
radio 17 1722
radio 17 1791
radio 17 2305
radio 17 2336
radio 17 2850
radio 17 2883
radio 17 3397
radio 17 3445
radio 17 3959
radio 17 3992
radio 17 4506
radio 17 4562
radio 17 5076
radio 17 5125
radio 17 5639
radio 17 5667
radio 17 6181
radio 17 6209
radio 17 6723
radio 17 6831
radio 17 7345
radio 17 7396
radio 17 7910
delay 27 23 17 7958 17 7559 9 12 3 0 34 1 0
radio 17 7966
radio 17 8480
radio 17 8599
radio 17 9112
radio 17 9137
radio 17 9651
radio 17 9703
radio 17 10217
radio 17 10285
radio 17 10799
radio 17 10828
radio 17 11342
radio 17 11375
radio 17 11889
radio 17 11966
radio 17 12480
radio 17 12509
radio 17 13023
radio 17 13059
radio 17 13573
radio 17 13603
radio 17 14117
radio 17 14171
radio 17 14685
radio 17 14734
radio 17 15248
radio 17 15296
radio 17 15810
radio 17 15843
radio 17 16357
radio 17 16392
radio 17 16906
radio 17 16935
radio 17 17449
radio 17 17519
radio 17 18033
radio 17 18084
radio 17 18598
radio 17 18647
radio 17 19161
radio 17 19194
energy 17 19609 7 37014
radio 17 19708
radio 17 19743
radio 17 20257
radio 17 20285
radio 17 20799
radio 17 20828
radio 17 21342
radio 17 21373
radio 17 21887
radio 17 21916
radio 17 22430
radio 17 22462
radio 17 22976
radio 17 23025
radio 17 23539
radio 17 23567
radio 17 24081
radio 17 24130
radio 17 24644
radio 17 24700
radio 17 25214
radio 17 25243
radio 17 25757
radio 17 25808
radio 17 26322
radio 17 26355
radio 17 26869
radio 17 26957
radio 17 27471
radio 17 27505
radio 17 28019
radio 17 28055
radio 17 28569
delay 28 23 17 28669 17 28270 9 12 3 0 81 1 0
radio 17 28678
radio 17 29192
radio 17 29324
radio 17 29838
radio 17 29883
radio 17 30397
radio 17 30469
radio 17 30983
radio 17 31011
radio 17 31525
radio 17 31574
radio 17 32088
radio 17 32121
radio 17 32635
radio 17 32671
radio 17 33185
radio 17 33221
radio 17 33735
radio 17 33771
radio 17 34285
radio 17 34313
radio 17 34827
radio 17 34876
radio 17 35390
radio 17 35419
radio 17 35933
radio 17 35964
radio 17 36478
radio 17 36508
radio 17 37022
radio 17 37070
radio 17 37584
radio 17 37655
radio 17 38169
radio 17 38198
radio 17 38712
radio 17 38747
radio 17 39261
radio 17 39330
radio 17 39844
radio 17 39874
radio 17 40388
radio 17 40424
radio 17 40938
radio 17 41008
radio 17 41522
radio 17 41557
radio 17 42071
radio 17 42163
radio 17 42677
radio 17 42707
radio 17 43221
radio 17 43257
radio 17 43771
radio 17 43841
radio 17 44355
radio 17 44388
radio 17 44902
radio 17 44931
radio 17 45445
radio 17 45494
radio 17 46008
radio 17 46041
radio 17 46555
radio 17 46583
radio 17 47097
radio 17 47145
radio 17 47659
radio 17 47827
radio 17 48341
radio 17 48373
radio 17 48887
radio 17 48916
radio 17 49430
delay 29 42 17 49511 17 48535 7 12 5 0 332 0 0
radio 17 49520
radio 17 50034
radio 17 50103
radio 17 50617
radio 17 50667
radio 17 51181
radio 17 51235
radio 17 51749
radio 17 51782
radio 17 52296
radio 17 52332
radio 17 52846
radio 17 52883
radio 17 53397
radio 17 53433
radio 17 53947
radio 17 54035
radio 17 54549
radio 17 54683
radio 17 55197
radio 17 55247
radio 17 55761
radio 17 55790
radio 17 56304
radio 17 56321
radio 17 56835
radio 17 56866
radio 17 57380
radio 17 57410
