Thread[Thread-1,5,main]tree 1000 30 6 14 0 0
radio 7 4239
radio 7 4242
radio 7 4273
radio 7 4787
radio 7 4840
radio 7 5354
radio 7 5422
radio 7 5936
radio 7 5953
radio 7 6466
radio 7 6483
radio 7 6996
radio 7 7028
radio 7 7542
radio 7 7573
radio 7 8087
radio 7 8104
radio 7 8617
radio 7 8634
radio 7 9147
radio 7 9181
radio 7 9695
radio 7 9724
radio 7 10238
radio 7 10389
radio 7 10903
radio 7 10977
radio 7 11491
radio 7 11604
radio 7 12118
radio 7 12135
radio 7 12649
radio 7 12704
radio 7 13218
radio 7 13235
radio 7 13749
radio 7 13828
radio 7 14342
delay 100 6 7 14355 7 58090 9 16 7 0 43273 0 0
radio 7 14363
radio 7 14878
radio 7 14900
radio 7 15413
radio 7 15484
radio 7 15998
radio 7 16015
radio 7 16529
radio 7 16546
radio 7 17060
radio 7 17077
radio 7 17591
radio 7 17620
radio 7 18134
radio 7 18167
radio 7 18681
radio 7 18730
radio 7 19244
radio 7 19275
radio 7 19789
radio 7 19843
radio 7 20357
radio 7 20533
radio 7 21047
radio 7 21096
radio 7 21610
radio 7 21643
radio 7 22157
radio 7 22185
radio 7 22699
radio 7 22729
radio 7 23243
radio 7 23277
radio 7 23791
radio 7 23808
radio 7 24321
radio 7 24338
radio 7 24852
radio 7 24922
radio 7 25436
radio 7 25465
radio 7 25979
radio 7 25996
radio 7 26510
radio 7 26527
radio 7 27041
radio 7 27169
radio 7 27683
radio 7 27755
radio 7 28269
radio 7 28298
radio 7 28812
radio 7 28829
radio 7 29342
radio 7 29376
radio 7 29890
radio 7 29907
radio 7 30421
radio 7 30438
radio 7 30952
radio 7 30969
radio 7 31483
radio 7 31515
radio 7 32029
radio 7 32046
radio 7 32560
radio 7 32631
radio 7 33145
radio 7 33173
radio 7 33687
radio 7 33780
radio 7 34294
radio 7 34346
radio 7 34860
radio 7 34877
radio 7 35391
radio 7 35422
radio 7 35936
radio 7 35953
radio 7 36466
radio 7 36497
radio 7 37011
radio 7 37028
radio 7 37542
radio 7 37559
radio 7 38073
radio 7 38103
radio 7 38617
radio 7 38649
radio 7 39163
radio 7 39216
radio 7 39730
radio 7 39760
radio 7 40274
radio 7 40302
radio 7 40816
radio 7 40833
radio 7 41347
radio 7 41364
radio 7 41878
radio 7 41913
radio 7 42427
radio 7 42456
radio 7 42970
radio 7 42999
radio 7 43513
radio 7 43589
radio 7 44103
radio 7 44158
radio 7 44672
radio 7 44742
radio 7 45256
radio 7 45273
radio 7 45787
radio 7 45804
radio 7 46317
radio 7 46366
radio 7 46880
radio 7 46928
radio 7 47442
radio 7 47459
radio 7 47973
radio 7 48008
radio 7 48522
radio 7 48557
radio 7 49071
radio 7 49143
radio 7 49657
radio 7 49692
radio 7 50206
radio 7 50223
radio 7 50736
radio 7 50844
radio 7 51358
radio 7 51393
radio 7 51907
radio 7 51924
radio 7 52438
radio 7 52466
radio 7 52980
radio 7 52997
radio 7 53511
radio 7 53528
radio 7 54042
radio 7 54072
radio 7 54586
radio 7 54614
radio 7 55128
radio 7 55145
radio 7 55659
radio 7 55676
radio 7 56190
radio 7 56222
radio 7 56736
radio 7 56785
radio 7 57299
radio 7 57371
radio 7 57885
radio 7 57917
radio 7 58431
radio 7 58448
radio 7 58962
radio 7 58979
radio 7 59493
radio 7 59510
radio 7 60024
radio 7 60041
radio 7 60555
radio 7 60584
radio 7 61098
radio 7 61170
radio 7 61684
radio 7 61701
radio 7 62215
radio 7 62247
radio 7 62761
radio 7 62794
radio 7 63308
radio 7 63325
radio 7 63839
radio 7 63869
radio 7 64383
radio 7 64455
radio 7 64969
radio 7 65022
radio 8 0
radio 8 30
energy 8 154 7 7821
radio 8 543
radio 8 560
radio 8 1073
radio 8 1090
radio 8 1603
radio 8 1620
radio 8 2133
radio 8 2161
radio 8 2675
radio 8 2692
radio 8 3205
radio 8 3236
radio 8 3750
radio 8 3767
radio 8 4280
radio 8 4316
radio 8 4830
radio 8 4847
radio 8 5360
radio 8 5392
radio 8 5906
radio 8 5940
radio 8 6454
radio 8 6471
radio 8 6984
radio 8 7038
radio 8 7552
radio 8 7662
radio 8 8176
radio 8 8193
radio 8 8706
radio 8 8774
radio 8 9288
radio 8 9322
radio 8 9836
radio 8 9928
radio 8 10442
radio 8 10472
radio 8 10986
radio 8 11015
radio 8 11529
radio 8 11546
radio 8 12059
radio 8 12151
radio 8 12665
radio 8 12682
radio 8 13196
radio 8 13225
radio 8 13739
radio 8 13812
radio 8 14326
radio 8 14343
radio 8 14857
radio 8 14891
radio 8 15405
radio 8 15434
radio 8 15948
radio 8 15976
radio 8 16490
radio 8 16507
radio 8 17021
radio 8 17038
radio 8 17551
radio 8 17582
radio 8 18096
radio 8 18127
radio 8 18641
radio 8 18670
radio 8 19184
radio 8 19218
radio 8 19732
radio 8 19788
radio 8 20302
radio 8 20334
radio 8 20848
radio 8 20880
radio 8 21394
radio 8 21429
radio 8 21943
radio 8 21991
radio 8 22505
radio 8 22661
radio 8 23175
radio 8 23284
radio 8 23798
radio 8 23826
radio 8 24340
radio 8 24357
radio 8 24870
radio 8 24919
radio 8 25433
radio 8 25466
radio 8 25980
radio 8 25997
radio 8 26510
radio 8 26527
radio 8 27041
radio 8 27071
radio 8 27585
radio 8 27634
radio 8 28148
radio 8 28165
radio 8 28678
radio 8 28754
radio 8 29268
radio 8 29340
radio 8 29854
radio 8 29902
radio 8 30416
radio 8 30447
radio 8 30961
radio 8 31015
radio 8 31529
radio 8 31577
radio 8 32091
radio 8 32108
radio 8 32622
radio 8 32639
radio 8 33153
radio 8 33203
radio 8 33717
radio 8 33753
radio 8 34267
radio 8 34302
radio 8 34816
radio 8 34886
radio 8 35400
radio 8 35417
radio 8 35931
radio 8 35979
radio 8 36493
radio 8 36564
radio 8 37078
radio 8 37095
radio 8 37609
radio 8 37645
radio 8 38159
radio 8 38191
radio 8 38705
radio 8 38737
radio 8 39251
radio 8 39281
radio 8 39795
radio 8 39828
radio 8 40342
radio 8 40390
radio 8 40904
radio 8 40921
radio 8 41435
radio 8 41463
radio 8 41977
radio 8 42066
radio 8 42580
radio 8 42597
radio 8 43110
radio 8 43127
radio 8 43641
radio 8 43735
radio 8 44249
radio 8 44317
radio 8 44831
radio 8 44906
radio 8 45420
delay 0 6 8 45548 8 46044 9 16 7 0 573 0 0
radio 8 45555
radio 8 46070
radio 8 46088
radio 8 46602
radio 8 46633
radio 8 47147
radio 8 47164
radio 8 47678
radio 8 47695
radio 8 48208
radio 8 48225
radio 8 48739
radio 8 48771
radio 8 49285
radio 8 49360
radio 8 49874
radio 8 49891
radio 8 50404
radio 8 50421
radio 8 50935
radio 8 50971
radio 8 51485
radio 8 51502
radio 8 52016
radio 8 52033
radio 8 52547
radio 8 52564
radio 8 53078
radio 8 53130
radio 8 53644
radio 8 53661
radio 8 54175
radio 8 54226
radio 8 54740
radio 8 54809
radio 8 55323
radio 8 55377
radio 8 55891
radio 8 55959
radio 8 56473
radio 8 56501
radio 8 57015
radio 8 57032
radio 8 57546
radio 8 57563
radio 8 58077
radio 8 58094
radio 8 58608
radio 8 58643
radio 8 59157
radio 8 59174
radio 8 59688
radio 8 59705
radio 8 60218
radio 8 60246
radio 8 60760
radio 8 60793
radio 8 61307
radio 8 61324
energy 8 61594 7 11382
radio 8 61838
radio 8 61892
radio 8 62406
radio 8 62458
radio 8 62972
radio 8 63027
radio 8 63541
radio 8 63558
radio 8 64072
radio 8 64145
radio 8 64659
radio 8 64691
radio 8 65205
delay 1 6 8 65258 9 218 9 16 7 0 194 0 0
radio 8 65265
radio 9 243
radio 9 258
radio 9 771
radio 9 836
radio 9 1350
radio 9 1382
radio 9 1896
radio 9 1964
radio 9 2478
radio 9 2495
radio 9 3008
radio 9 3043
radio 9 3557
radio 9 3574
radio 9 4087
radio 9 4137
radio 9 4651
radio 9 4668
radio 9 5181
radio 9 5198
radio 9 5711
radio 9 5728
radio 9 6241
radio 9 6331
radio 9 6845
radio 9 6893
radio 9 7407
radio 9 7458
radio 9 7972
radio 9 8041
radio 9 8555
radio 9 8572
radio 9 9085
radio 9 9137
radio 9 9651
radio 9 9724
radio 9 10238
radio 9 10287
radio 9 10801
radio 9 10872
radio 9 11386
radio 9 11403
radio 9 11917
radio 9 11934
radio 9 12447
radio 9 12464
radio 9 12978
radio 9 13015
radio 9 13529
radio 9 13603
radio 9 14117
radio 9 14146
radio 9 14660
radio 9 14677
radio 9 15191
radio 9 15245
radio 9 15759
radio 9 15776
radio 9 16290
radio 9 16321
radio 9 16835
radio 9 16885
radio 9 17399
radio 9 17448
radio 9 17962
radio 9 18057
radio 9 18571
radio 9 18682
radio 9 19196
radio 9 19213
radio 9 19726
radio 9 19795
radio 9 20309
radio 9 20326
radio 9 20840
delay 2 6 9 20892 9 21389 9 16 7 0 308 0 0
radio 9 20900
radio 9 21414
radio 9 21534
radio 9 22048
radio 9 22098
radio 9 22612
radio 9 22629
radio 9 23143
radio 9 23160
radio 9 23674
radio 9 23708
radio 9 24222
radio 9 24239
radio 9 24753
radio 9 24921
radio 9 25435
radio 9 25452
radio 9 25965
radio 9 26076
radio 9 26590
radio 9 26619
radio 9 27133
radio 9 27150
radio 9 27664
radio 9 27681
radio 9 28194
radio 9 28228
radio 9 28742
radio 9 28777
radio 9 29291
radio 9 29403
radio 9 29917
radio 9 29934
radio 9 30448
radio 9 30477
radio 9 30991
radio 9 31008
radio 9 31521
radio 9 31556
radio 9 32070
radio 9 32099
radio 9 32613
radio 9 32686
radio 9 33200
radio 9 33232
radio 9 33746
radio 9 33763
radio 9 34277
radio 9 34294
radio 9 34808
radio 9 34862
radio 9 35376
radio 9 35393
radio 9 35907
radio 9 35937
radio 9 36451
radio 9 36468
radio 9 36982
radio 9 37191
radio 9 37705
radio 9 37722
radio 9 38235
radio 9 38252
radio 9 38766
radio 9 38801
radio 9 39315
radio 9 39332
radio 9 39846
radio 9 39863
radio 9 40377
radio 9 40445
radio 9 40959
delay 3 6 9 40981 9 41478 9 16 7 0 28 1 0
radio 9 40988
radio 9 41503
radio 9 41521
radio 9 42035
radio 9 42069
radio 9 42583
radio 9 42611
radio 9 43125
radio 9 43173
radio 9 43687
radio 9 43704
radio 9 44217
radio 9 44265
radio 9 44779
radio 9 44949
radio 9 45463
radio 9 45480
radio 9 45994
radio 9 46023
radio 9 46537
radio 9 46572
radio 9 47086
radio 9 47103
radio 9 47617
radio 9 47651
radio 9 48165
radio 9 48182
radio 9 48695
radio 9 48712
radio 9 49226
radio 9 49243
radio 9 49757
radio 9 49774
radio 9 50288
radio 9 50317
radio 9 50831
radio 9 50848
radio 9 51361
radio 9 51391
radio 9 51905
radio 9 51977
radio 9 52491
radio 9 52522
radio 9 53036
radio 9 53053
radio 9 53567
radio 9 53584
radio 9 54097
radio 9 54149
radio 9 54663
radio 9 54680
radio 9 55194
radio 9 55223
radio 9 55737
radio 9 55754
radio 9 56267
radio 9 56297
radio 9 56811
radio 9 56840
radio 9 57354
radio 9 57371
energy 9 57498 7 15235
radio 9 57884
radio 9 57953
radio 9 58467
radio 9 58484
radio 9 58997
radio 9 59014
radio 9 59528
radio 9 59545
radio 9 60059
radio 9 60094
radio 9 60608
radio 9 60625
radio 9 61139
radio 9 61156
radio 9 61670
delay 4 6 9 61688 9 62185 9 16 7 0 70 1 0
radio 9 61695
radio 9 62209
radio 9 62236
radio 9 62749
radio 9 63102
radio 9 63616
radio 9 63633
radio 9 64147
radio 9 64176
radio 9 64690
radio 9 64707
radio 9 65220
radio 9 65250
radio 10 228
radio 10 245
radio 10 758
radio 10 775
radio 10 1288
radio 10 1305
radio 10 1818
radio 10 1854
radio 10 2368
radio 10 2398
radio 10 2912
radio 10 2941
radio 10 3455
radio 10 3508
radio 10 4022
radio 10 4052
radio 10 4566
radio 10 4583
radio 10 5097
radio 10 5127
radio 10 5641
radio 10 5671
radio 10 6185
radio 10 6258
radio 10 6772
radio 10 6805
radio 10 7319
radio 10 7355
radio 10 7869
radio 10 7937
radio 10 8451
radio 10 8500
radio 10 9014
radio 10 9067
radio 10 9581
radio 10 9598
radio 10 10112
radio 10 10142
radio 10 10656
radio 10 10673
radio 10 11187
radio 10 11204
radio 10 11718
radio 10 11769
radio 10 12283
radio 10 12312
radio 10 12826
radio 10 12861
radio 10 13375
radio 10 13409
radio 10 13923
radio 10 13940
radio 10 14454
radio 10 14487
radio 10 15001
radio 10 15118
radio 10 15632
radio 10 15649
radio 10 16163
radio 10 16193
radio 10 16707
delay 5 6 10 16757 10 17255 9 16 7 0 358 0 0
radio 10 16765
radio 10 17279
radio 10 17342
radio 10 17856
radio 10 17873
radio 10 18387
radio 10 18422
radio 10 18936
radio 10 18991
radio 10 19505
radio 10 19580
radio 10 20094
radio 10 20111
radio 10 20625
radio 10 20880
radio 10 21394
radio 10 21486
radio 10 22000
radio 10 22031
radio 10 22545
radio 10 22617
radio 10 23131
radio 10 23148
radio 10 23662
radio 10 23679
radio 10 24193
radio 10 24229
radio 10 24743
radio 10 24774
radio 10 25288
radio 10 25318
radio 10 25832
radio 10 25865
radio 10 26379
radio 10 26408
radio 10 26922
radio 10 26953
radio 10 27467
radio 10 27542
radio 10 28056
radio 10 28089
radio 10 28603
radio 10 28632
radio 10 29146
radio 10 29163
radio 10 29677
radio 10 29749
radio 10 30263
radio 10 30319
radio 10 30833
radio 10 30850
radio 10 31364
radio 10 31381
radio 10 31895
radio 10 31949
radio 10 32463
radio 10 32480
radio 10 32994
radio 10 33049
radio 10 33563
radio 10 33632
radio 10 34146
radio 10 34175
radio 10 34689
radio 10 34719
radio 10 35233
radio 10 35305
radio 10 35819
radio 10 35850
radio 10 36364
radio 10 36413
radio 10 36927
delay 6 6 10 36999 10 37497 9 16 7 0 413 0 0
radio 10 37006
radio 10 37521
radio 10 37567
radio 10 38081
radio 10 38149
radio 10 38663
radio 10 38711
radio 10 39225
radio 10 39259
radio 10 39773
radio 10 39790
radio 10 40304
radio 10 40321
radio 10 40835
radio 10 40852
radio 10 41366
radio 10 41402
radio 10 41916
radio 10 41933
radio 10 42447
radio 10 42480
radio 10 42994
radio 10 43030
radio 10 43544
radio 10 43575
radio 10 44089
radio 10 44106
radio 10 44620
radio 10 44637
radio 10 45151
radio 10 45168
radio 10 45682
radio 10 45711
radio 10 46225
radio 10 46254
radio 10 46768
radio 10 46804
radio 10 47318
radio 10 47351
radio 10 47865
radio 10 47882
radio 10 48396
radio 10 48426
radio 10 48940
radio 10 48957
radio 10 49471
radio 10 49501
radio 10 50015
radio 10 50032
radio 10 50546
radio 10 50579
radio 10 51093
radio 10 51144
radio 10 51658
radio 10 51709
radio 10 52223
radio 10 52293
radio 10 52807
radio 10 52824
radio 10 53338
radio 10 53391
energy 10 53402 7 19069
radio 10 53905
radio 10 53934
radio 10 54448
radio 10 54500
radio 10 55014
radio 10 55065
radio 10 55579
radio 10 55650
radio 10 56164
radio 10 56181
radio 10 56695
radio 10 56746
radio 10 57260
delay 7 6 10 57304 10 57802 9 16 7 0 45 0 0
radio 10 57311
radio 10 57826
radio 10 57845
radio 10 58358
radio 10 58375
radio 10 58889
radio 10 58919
radio 10 59433
radio 10 59450
radio 10 59964
radio 10 59981
radio 10 60495
radio 10 60529
radio 10 61043
radio 10 61071
radio 10 61585
radio 10 61616
radio 10 62130
radio 10 62147
radio 10 62661
radio 10 62678
radio 10 63192
radio 10 63247
radio 10 63761
radio 10 63795
radio 10 64309
radio 10 64326
radio 10 64840
radio 10 64871
radio 10 65385
radio 10 65415
radio 11 393
radio 11 410
radio 11 923
radio 11 958
radio 11 1472
radio 11 1542
radio 11 2056
radio 11 2073
radio 11 2587
radio 11 2604
radio 11 3118
radio 11 3135
radio 11 3649
radio 11 3666
radio 11 4180
radio 11 4197
radio 11 4711
radio 11 4728
radio 11 5241
radio 11 5270
radio 11 5784
radio 11 5801
radio 11 6315
radio 11 6332
radio 11 6846
radio 11 6935
radio 11 7449
radio 11 7482
radio 11 7996
radio 11 8013
radio 11 8527
radio 11 8544
radio 11 9058
radio 11 9086
radio 11 9600
radio 11 9636
radio 11 10150
radio 11 10240
radio 11 10754
radio 11 10771
radio 11 11285
radio 11 11340
radio 11 11854
delay 8 24 11 11918 11 11618 6 16 10 0 65535 0 0
radio 11 11926
radio 11 12440
radio 11 12546
radio 11 13060
radio 11 13094
radio 11 13608
radio 11 13678
radio 11 14192
radio 11 14226
radio 11 14740
radio 11 14774
radio 11 15288
radio 11 15318
radio 11 15832
radio 11 15880
radio 11 16394
radio 11 16411
radio 11 16925
radio 11 16955
radio 11 17469
radio 11 17583
radio 11 18097
radio 11 18114
radio 11 18628
radio 11 18680
radio 11 19194
radio 11 19287
radio 11 19801
radio 11 19915
radio 11 20429
radio 11 20517
radio 11 21031
radio 11 21061
radio 11 21575
radio 11 21607
radio 11 22121
radio 11 22138
radio 11 22652
radio 11 22669
radio 11 23183
radio 11 23211
radio 11 23725
radio 11 23777
radio 11 24291
radio 11 24308
radio 11 24822
radio 11 24839
radio 11 25353
radio 11 25370
radio 11 25884
radio 11 25912
radio 11 26426
radio 11 26498
radio 11 27012
radio 11 27043
radio 11 27557
radio 11 27574
radio 11 28088
radio 11 28105
radio 11 28619
radio 11 28636
radio 11 29150
radio 11 29167
radio 11 29681
radio 11 29752
radio 11 30266
radio 11 30283
radio 11 30797
radio 11 30832
radio 11 31346
radio 11 31363
radio 11 31877
radio 11 31950
radio 11 32464
radio 11 32481
radio 11 32995
delay 9 24 11 33145 11 32852 6 16 10 0 526 0 0
radio 11 33153
radio 11 33667
radio 11 33694
radio 11 34208
radio 11 34225
radio 11 34739
radio 11 34756
radio 11 35270
radio 11 35299
radio 11 35813
radio 11 35844
radio 11 36358
radio 11 36389
radio 11 36903
radio 11 36931
radio 11 37445
radio 11 37553
radio 11 38067
radio 11 38101
radio 11 38615
radio 11 38632
radio 11 39146
radio 11 39163
radio 11 39677
radio 11 39725
radio 11 40239
radio 11 40256
radio 11 40770
radio 11 40787
radio 11 41301
radio 11 41318
radio 11 41832
radio 11 41864
radio 11 42378
radio 11 42395
radio 11 42909
radio 11 42926
radio 11 43440
radio 11 43471
radio 11 43985
radio 11 44002
radio 11 44516
radio 11 44546
radio 11 45060
radio 11 45095
radio 11 45609
radio 11 45662
radio 11 46176
radio 11 46209
radio 11 46723
radio 11 46740
radio 11 47254
radio 11 47365
radio 11 47879
radio 11 47896
radio 11 48410
radio 11 48427
radio 11 48941
radio 11 48977
energy 11 49306 7 22462
radio 11 49491
radio 11 49508
radio 11 50022
radio 11 50111
radio 11 50625
radio 11 50656
radio 11 51170
radio 11 51244
radio 11 51758
radio 11 51815
radio 11 52329
radio 11 52402
radio 11 52916
delay 10 24 11 52970 11 52677 6 16 10 0 130 0 0
radio 11 52979
radio 11 53493
radio 11 53510
radio 11 54023
radio 11 54071
radio 11 54584
radio 11 54619
radio 11 55133
radio 11 55167
radio 11 55681
radio 11 55751
radio 11 56265
radio 11 56282
radio 11 56796
radio 11 56813
radio 11 57327
radio 11 57380
radio 11 57894
radio 11 57911
radio 11 58425
radio 11 58442
radio 11 58956
radio 11 58973
radio 11 59487
radio 11 59522
radio 11 60036
radio 11 60072
radio 11 60586
radio 11 60603
radio 11 61117
radio 11 61146
radio 11 61660
radio 11 61731
radio 11 62245
radio 11 62277
radio 11 62791
radio 11 62822
radio 11 63336
radio 11 63412
radio 11 63926
radio 11 63943
radio 11 64457
radio 11 64492
radio 11 65006
radio 11 65062
radio 12 40
radio 12 57
radio 12 570
radio 12 587
radio 12 1100
radio 12 1130
radio 12 1644
radio 12 1661
radio 12 2174
radio 12 2191
radio 12 2705
radio 12 2722
radio 12 3235
radio 12 3264
radio 12 3778
radio 12 3867
radio 12 4381
radio 12 4410
radio 12 4924
radio 12 4956
radio 12 5470
radio 12 5487
radio 12 6001
radio 12 6018
radio 12 6531
radio 12 6561
radio 12 7075
radio 12 7092
radio 12 7605
radio 12 7753
radio 12 8267
delay 11 24 12 8327 12 8034 6 16 10 0 507 0 0
radio 12 8336
radio 12 8849
radio 12 8884
radio 12 9398
radio 12 9414
radio 12 9928
radio 12 9945
radio 12 10458
radio 12 10492
radio 12 11006
radio 12 11023
radio 12 11537
radio 12 11610
radio 12 12124
radio 12 12141
radio 12 12655
radio 12 12706
radio 12 13220
radio 12 13396
radio 12 13910
radio 12 13963
radio 12 14477
radio 12 14547
radio 12 15061
radio 12 15078
radio 12 15592
radio 12 15642
radio 12 16156
radio 12 16190
radio 12 16704
radio 12 16721
radio 12 17235
radio 12 17268
radio 12 17782
radio 12 17799
radio 12 18313
radio 12 18330
radio 12 18844
radio 12 18861
radio 12 19375
radio 12 19404
radio 12 19918
radio 12 19935
radio 12 20449
radio 12 20498
radio 12 21012
radio 12 21029
radio 12 21543
radio 12 21573
radio 12 22087
radio 12 22104
radio 12 22618
radio 12 22635
radio 12 23149
radio 12 23166
radio 12 23680
radio 12 23770
radio 12 24284
radio 12 24301
radio 12 24815
radio 12 24832
radio 12 25346
radio 12 25396
radio 12 25910
radio 12 25938
radio 12 26452
radio 12 26505
radio 12 27019
radio 12 27076
radio 12 27590
radio 12 27624
radio 12 28138
radio 12 28170
radio 12 28684
delay 12 6 12 28700 12 29200 9 16 7 0 104 1 0
radio 12 28708
radio 12 29222
radio 12 29242
radio 12 29756
radio 12 29786
radio 12 30300
radio 12 30396
radio 12 30910
radio 12 30927
radio 12 31441
radio 12 31532
radio 12 32046
radio 12 32063
radio 12 32577
radio 12 32594
radio 12 33108
radio 12 33143
radio 12 33657
radio 12 33674
radio 12 34188
radio 12 34222
radio 12 34736
radio 12 34768
radio 12 35282
radio 12 35299
radio 12 35813
radio 12 35830
radio 12 36344
radio 12 36361
radio 12 36875
radio 12 36929
radio 12 37443
radio 12 37512
radio 12 38026
radio 12 38054
radio 12 38568
radio 12 38638
radio 12 39152
radio 12 39169
radio 12 39683
radio 12 39713
radio 12 40227
radio 12 40256
radio 12 40770
radio 12 40800
radio 12 41314
radio 12 41331
radio 12 41845
radio 12 41876
radio 12 42390
radio 12 42426
radio 12 42940
radio 12 42971
radio 12 43485
radio 12 43502
radio 12 44016
radio 12 44045
radio 12 44559
radio 12 44576
radio 12 45090
radio 12 45107
energy 12 45210 7 25886
radio 12 45621
radio 12 45691
radio 12 46205
radio 12 46233
radio 12 46747
radio 12 46779
radio 12 47293
radio 12 47329
radio 12 47843
radio 12 47860
radio 12 48374
radio 12 48409
radio 12 48923
radio 12 48940
radio 12 49454
delay 13 6 12 49468 12 49969 9 16 7 0 399 0 0
radio 12 49476
radio 12 49991
radio 12 50017
radio 12 50530
radio 12 50562
radio 12 51076
radio 12 51144
radio 12 51658
radio 12 51675
radio 12 52189
radio 12 52241
radio 12 52755
radio 12 52788
radio 12 53302
radio 12 53319
radio 12 53833
radio 12 53850
radio 12 54364
radio 12 54416
radio 12 54930
radio 12 54947
radio 12 55461
radio 12 55493
radio 12 56007
radio 12 56024
radio 12 56538
radio 12 56555
radio 12 57069
radio 12 57124
radio 12 57638
radio 12 57655
radio 12 58169
radio 12 58202
radio 12 58716
radio 12 58746
radio 12 59260
radio 12 59292
radio 12 59806
radio 12 59856
radio 12 60370
radio 12 60387
radio 12 60901
radio 12 60918
radio 12 61432
radio 12 61460
radio 12 61974
radio 12 62044
radio 12 62558
radio 12 62575
radio 12 63089
radio 12 63106
radio 12 63620
radio 12 63688
radio 12 64202
radio 12 64250
radio 12 64764
radio 12 64781
radio 12 65295
radio 12 65331
radio 13 309
radio 13 326
radio 13 839
radio 13 856
radio 13 1369
radio 13 1558
radio 13 2072
radio 13 2843
radio 13 3357
delay 14 24 13 3971 13 3678 6 16 10 0 356 0 0
radio 13 3978
radio 13 4493
radio 13 4619
radio 13 5132
radio 13 5176
radio 13 5690
radio 13 5708
radio 13 6222
radio 13 6239
radio 13 6752
radio 13 6900
radio 13 7414
radio 13 7431
radio 13 7944
radio 13 8056
radio 13 8570
radio 13 8587
radio 13 9100
radio 13 9117
radio 13 9630
radio 13 9663
radio 13 10177
radio 13 10194
radio 13 10708
radio 13 10725
radio 13 11239
radio 13 11256
radio 13 11770
radio 13 11826
radio 13 12340
radio 13 12394
radio 13 12908
radio 13 12937
radio 13 13451
radio 13 13468
radio 13 13982
radio 13 14013
radio 13 14527
radio 13 14544
radio 13 15058
radio 13 15075
radio 13 15589
radio 13 15643
radio 13 16157
radio 13 16186
radio 13 16700
radio 13 16751
radio 13 17265
radio 13 17282
radio 13 17796
radio 13 17848
radio 13 18362
radio 13 18391
radio 13 18905
radio 13 18954
radio 13 19468
radio 13 19485
radio 13 19999
radio 13 20016
radio 13 20530
radio 13 20547
radio 13 21061
radio 13 21078
radio 13 21592
radio 13 21622
radio 13 22136
radio 13 22166
radio 13 22680
radio 13 22711
radio 13 23225
radio 13 23242
radio 13 23756
radio 13 23773
radio 13 24287
delay 15 24 13 24302 13 24009 6 16 10 0 192 0 0
radio 13 24310
radio 13 24824
radio 13 24958
radio 13 25472
radio 13 25489
radio 13 26003
radio 13 26033
radio 13 26547
radio 13 26581
radio 13 27095
radio 13 27125
radio 13 27639
radio 13 27656
radio 13 28170
radio 13 28187
radio 13 28701
radio 13 28718
radio 13 29232
radio 13 29262
radio 13 29776
radio 13 29851
radio 13 30365
radio 13 30418
radio 13 30932
radio 13 30983
radio 13 31497
radio 13 31526
radio 13 32040
radio 13 32075
radio 13 32589
radio 13 32606
radio 13 33120
radio 13 33152
radio 13 33666
radio 13 33735
radio 13 34249
radio 13 34278
radio 13 34792
radio 13 34821
radio 13 35335
radio 13 35352
radio 13 35866
radio 13 35901
radio 13 36415
radio 13 36432
radio 13 36946
radio 13 36963
radio 13 37477
radio 13 37513
radio 13 38027
radio 13 38080
radio 13 38594
radio 13 38664
radio 13 39178
radio 13 39208
radio 13 39722
radio 13 39739
radio 13 40253
radio 13 40270
radio 13 40784
radio 13 40801
energy 13 41114 7 30436
radio 13 41315
radio 13 41388
radio 13 41902
radio 13 41935
radio 13 42449
radio 13 42477
radio 13 42991
radio 13 43042
radio 13 43556
radio 13 43573
radio 13 44087
radio 13 44115
radio 13 44629
radio 13 44785
radio 13 45299
delay 16 6 13 45340 13 45842 9 16 7 0 358 0 0
radio 13 45348
radio 13 45863
radio 13 45908
radio 13 46421
radio 13 46599
radio 13 47113
radio 13 47144
radio 13 47658
radio 13 47675
radio 13 48189
radio 13 48206
radio 13 48720
radio 13 48749
radio 13 49263
radio 13 49298
radio 13 49812
radio 13 49881
radio 13 50395
radio 13 50428
radio 13 50942
radio 13 50959
radio 13 51473
radio 13 51502
radio 13 52016
radio 13 52087
radio 13 52601
radio 13 52656
radio 13 53170
radio 13 53241
radio 13 53755
radio 13 53772
radio 13 54286
radio 13 54340
radio 13 54854
radio 13 54922
radio 13 55436
radio 13 55453
radio 13 55967
radio 13 56023
radio 13 56537
radio 13 56591
radio 13 57105
radio 13 57136
radio 13 57650
radio 13 57682
radio 13 58196
radio 13 58246
radio 13 58760
radio 13 58795
radio 13 59309
radio 13 59326
radio 13 59840
radio 13 59857
radio 13 60371
radio 13 60388
radio 13 60902
radio 13 60935
radio 13 61449
radio 13 61498
radio 13 62012
radio 13 62043
radio 13 62557
radio 13 62608
radio 13 63122
radio 13 63250
radio 13 63764
radio 13 63792
radio 13 64306
radio 13 64359
radio 13 64873
radio 13 64890
radio 13 65404
delay 17 24 13 65445 13 65152 6 16 10 0 103 1 0
radio 13 65453
radio 14 431
radio 14 460
radio 14 973
radio 14 990
radio 14 1504
radio 14 1539
radio 14 2053
radio 14 2070
radio 14 2583
radio 14 2600
radio 14 3114
radio 14 3244
radio 14 3758
radio 14 3848
radio 14 4362
radio 14 4577
radio 14 5091
radio 14 5181
radio 14 5695
radio 14 5726
radio 14 6240
radio 14 6257
radio 14 6770
radio 14 6806
radio 14 7320
radio 14 7337
radio 14 7850
radio 14 7867
radio 14 8380
radio 14 8474
radio 14 8988
radio 14 9005
radio 14 9518
radio 14 9546
radio 14 10060
radio 14 10110
radio 14 10624
radio 14 10658
radio 14 11172
radio 14 11203
radio 14 11717
radio 14 11788
radio 14 12302
radio 14 12352
radio 14 12866
radio 14 12917
radio 14 13431
radio 14 13500
radio 14 14014
radio 14 14031
radio 14 14545
radio 14 14597
radio 14 15111
radio 14 15128
radio 14 15642
radio 14 15672
radio 14 16186
radio 14 16203
radio 14 16717
radio 14 16734
radio 14 17248
radio 14 17378
radio 14 17892
radio 14 18000
radio 14 18514
radio 14 18543
radio 14 19057
radio 14 19074
radio 14 19588
radio 14 19605
radio 14 20119
delay 18 24 14 20240 14 19947 6 16 10 0 131 0 0
radio 14 20248
radio 14 20762
radio 14 20780
radio 14 21294
radio 14 21338
radio 14 21852
radio 14 22067
radio 14 22581
radio 14 22614
radio 14 23128
radio 14 23145
radio 14 23659
radio 14 23676
radio 14 24190
radio 14 24207
radio 14 24721
radio 14 24738
radio 14 25252
radio 14 25300
radio 14 25814
radio 14 25831
radio 14 26345
radio 14 26398
radio 14 26912
radio 14 26941
radio 14 27455
radio 14 27483
radio 14 27997
radio 14 28014
radio 14 28528
radio 14 28560
radio 14 29074
radio 14 29125
radio 14 29639
radio 14 29656
radio 14 30170
radio 14 30219
radio 14 30733
radio 14 30802
radio 14 31316
radio 14 31345
radio 14 31859
radio 14 31890
radio 14 32404
radio 14 32479
radio 14 32993
radio 14 33010
radio 14 33524
radio 14 33579
radio 14 34093
radio 14 34122
radio 14 34636
radio 14 34668
radio 14 35182
radio 14 35199
radio 14 35713
radio 14 35764
radio 14 36278
radio 14 36308
radio 14 36822
radio 14 36839
energy 14 37018 7 34810
radio 14 37353
radio 14 37370
radio 14 37884
radio 14 37920
radio 14 38434
radio 14 38467
radio 14 38981
radio 14 38998
radio 14 39512
radio 14 39548
radio 14 40062
radio 14 40134
radio 14 40648
delay 19 24 14 40983 14 40691 6 16 10 0 411 0 0
radio 14 40991
radio 14 41506
radio 14 41521
radio 14 42034
radio 14 42052
radio 14 42565
radio 14 42596
radio 14 43110
radio 14 43138
radio 14 43652
radio 14 43701
radio 14 44215
radio 14 44244
radio 14 44758
radio 14 44793
radio 14 45307
radio 14 45376
radio 14 45890
radio 14 45907
radio 14 46421
radio 14 46438
radio 14 46952
radio 14 46969
radio 14 47483
radio 14 47512
radio 14 48026
radio 14 48076
radio 14 48590
radio 14 48607
radio 14 49121
radio 14 49152
radio 14 49666
radio 14 49694
radio 14 50208
radio 14 50239
radio 14 50753
radio 14 50802
radio 14 51316
radio 14 51333
radio 14 51847
radio 14 51880
radio 14 52394
radio 14 52446
radio 14 52960
radio 14 53035
radio 14 53549
radio 14 53599
radio 14 54113
radio 14 54130
radio 14 54644
radio 14 54674
radio 14 55188
radio 14 55205
radio 14 55719
radio 14 55736
radio 14 56250
radio 14 56267
radio 14 56781
radio 14 56798
radio 14 57312
radio 14 57341
radio 14 57855
radio 14 57872
radio 14 58386
radio 14 58403
radio 14 58917
radio 14 58934
radio 14 59448
radio 14 59465
radio 14 59979
radio 14 60068
radio 14 60582
radio 14 60630
radio 14 61144
radio 14 61254
radio 14 61768
delay 20 6 14 61813 14 62316 9 16 7 0 43 1 0
radio 14 61821
radio 14 62336
radio 14 62358
radio 14 62872
radio 14 62889
radio 14 63403
radio 14 63432
radio 14 63946
radio 14 63963
radio 14 64477
radio 14 64533
radio 14 65047
radio 14 65079
radio 15 57
radio 15 85
radio 15 598
radio 15 747
radio 15 1261
radio 15 1337
radio 15 1851
radio 15 1868
radio 15 2381
radio 15 2436
radio 15 2950
radio 15 2981
radio 15 3495
radio 15 3525
radio 15 4039
radio 15 4114
radio 15 4628
radio 15 4660
radio 15 5174
radio 15 5191
radio 15 5704
radio 15 5721
radio 15 6234
radio 15 6251
radio 15 6765
radio 15 6795
radio 15 7309
radio 15 7326
radio 15 7839
radio 15 7870
radio 15 8384
radio 15 8401
radio 15 8914
radio 15 8963
radio 15 9477
radio 15 9507
radio 15 10021
radio 15 10053
radio 15 10567
radio 15 10598
radio 15 11112
radio 15 11140
radio 15 11654
radio 15 11685
radio 15 12199
radio 15 12216
radio 15 12730
radio 15 12782
radio 15 13296
radio 15 13328
radio 15 13842
radio 15 13937
radio 15 14451
radio 15 14468
radio 15 14982
radio 15 14999
radio 15 15513
radio 15 15530
radio 15 16044
radio 15 16096
radio 15 16610
delay 21 24 15 16625 15 16333 6 16 10 0 229 0 0
radio 15 16633
radio 15 17148
radio 15 17196
radio 15 17710
radio 15 17759
radio 15 18273
radio 15 18322
radio 15 18836
radio 15 18868
radio 15 19382
radio 15 19399
radio 15 19913
radio 15 19949
radio 15 20463
radio 15 20492
radio 15 21006
radio 15 21036
radio 15 21550
radio 15 21580
radio 15 22094
radio 15 22146
radio 15 22660
radio 15 22690
radio 15 23204
radio 15 23237
radio 15 23751
radio 15 23782
radio 15 24296
radio 15 24313
radio 15 24827
radio 15 24844
radio 15 25358
radio 15 25375
radio 15 25889
radio 15 25920
radio 15 26434
radio 15 26503
radio 15 27017
radio 15 27034
radio 15 27548
radio 15 27580
radio 15 28094
radio 15 28111
radio 15 28625
radio 15 28642
radio 15 29156
radio 15 29249
radio 15 29763
radio 15 29795
radio 15 30309
radio 15 30381
radio 15 30895
radio 15 30912
radio 15 31426
radio 15 31479
radio 15 31993
radio 15 32010
radio 15 32524
radio 15 32541
energy 15 32922 7 38327
radio 15 33055
radio 15 33072
radio 15 33586
radio 15 33623
radio 15 34137
radio 15 34171
radio 15 34685
radio 15 34754
radio 15 35268
radio 15 35285
radio 15 35799
radio 15 35829
radio 15 36343
radio 15 36360
radio 15 36874
delay 22 6 15 36977 15 37480 9 16 7 0 155 1 0
radio 15 36984
radio 15 37499
radio 15 37520
radio 15 38033
radio 15 38050
radio 15 38564
radio 15 38596
radio 15 39110
radio 15 39138
radio 15 39652
radio 15 39669
radio 15 40183
radio 15 40214
radio 15 40728
radio 15 40745
radio 15 41259
radio 15 41291
radio 15 41805
radio 15 41822
radio 15 42336
radio 15 42369
radio 15 42883
radio 15 42935
radio 15 43449
radio 15 43479
radio 15 43993
radio 15 44010
radio 15 44524
radio 15 44579
radio 15 45093
radio 15 45110
radio 15 45624
radio 15 45652
radio 15 46166
radio 15 46183
radio 15 46697
radio 15 46745
radio 15 47259
radio 15 47311
radio 15 47825
radio 15 47858
radio 15 48372
radio 15 48389
radio 15 48903
radio 15 48936
radio 15 49450
radio 15 49482
radio 15 49996
radio 15 50029
radio 15 50543
radio 15 50560
radio 15 51074
radio 15 51104
radio 15 51618
radio 15 51673
radio 15 52187
radio 15 52204
radio 15 52718
radio 15 52766
radio 15 53280
radio 15 53297
radio 15 53811
radio 15 53840
radio 15 54354
radio 15 54387
radio 15 54901
radio 15 54936
radio 15 55450
radio 15 55538
radio 15 56052
radio 15 56069
radio 15 56583
radio 15 56671
radio 15 57185
delay 23 24 15 57268 15 56976 6 16 10 0 250 0 0
radio 15 57276
radio 15 57791
radio 15 57842
radio 15 58355
radio 15 58379
radio 15 58892
radio 15 58923
radio 15 59437
radio 15 59505
radio 15 60019
radio 15 60055
radio 15 60569
radio 15 60625
radio 15 61139
radio 15 61156
radio 15 61670
radio 15 61998
radio 15 62512
radio 15 62529
radio 15 63043
radio 15 63060
radio 15 63574
radio 15 63591
radio 15 64105
radio 15 64141
radio 15 64655
radio 15 64672
radio 15 65186
radio 15 65203
radio 16 181
radio 16 198
radio 16 711
radio 16 728
radio 16 1241
radio 16 1258
radio 16 1771
radio 16 1788
radio 16 2301
radio 16 2318
radio 16 2831
radio 16 2848
radio 16 3361
radio 16 3378
radio 16 3891
radio 16 3923
radio 16 4437
radio 16 4454
radio 16 4968
radio 16 5000
radio 16 5514
radio 16 5548
radio 16 6062
radio 16 6079
radio 16 6592
radio 16 6609
radio 16 7122
radio 16 7139
radio 16 7652
radio 16 7681
radio 16 8195
radio 16 8212
radio 16 8725
radio 16 8861
radio 16 9375
radio 16 9408
radio 16 9922
radio 16 9939
radio 16 10452
radio 16 10481
radio 16 10995
radio 16 11031
radio 16 11545
radio 16 11573
radio 16 12087
radio 16 12137
radio 16 12651
delay 24 6 16 12695 16 13199 9 16 7 0 427 0 0
radio 16 12703
radio 16 13217
radio 16 13234
radio 16 13747
radio 16 13779
radio 16 14293
radio 16 14383
radio 16 14897
radio 16 14966
radio 16 15480
radio 16 15497
radio 16 16011
radio 16 16066
radio 16 16580
radio 16 16597
radio 16 17111
radio 16 17128
radio 16 17642
radio 16 17693
radio 16 18207
radio 16 18235
radio 16 18749
radio 16 18777
radio 16 19291
radio 16 19320
radio 16 19834
radio 16 19868
radio 16 20382
radio 16 20413
radio 16 20927
radio 16 20961
radio 16 21475
radio 16 21492
radio 16 22006
radio 16 22023
radio 16 22537
radio 16 22567
radio 16 23081
radio 16 23112
radio 16 23626
radio 16 23674
radio 16 24188
radio 16 24205
radio 16 24719
radio 16 24771
radio 16 25285
radio 16 25336
radio 16 25850
radio 16 25883
radio 16 26397
radio 16 26446
radio 16 26960
radio 16 26990
radio 16 27504
radio 16 27572
radio 16 28086
radio 16 28117
radio 16 28631
radio 16 28701
energy 16 28826 7 41782
radio 16 29215
radio 16 29246
radio 16 29760
radio 16 29777
radio 16 30291
radio 16 30308
radio 16 30822
radio 16 30839
radio 16 31353
radio 16 31370
radio 16 31884
radio 16 31952
radio 16 32466
delay 25 6 16 32788 16 33292 9 16 7 0 76 1 0
radio 16 32795
radio 16 33310
radio 16 33466
radio 16 33979
radio 16 33996
radio 16 34510
radio 16 34538
radio 16 35052
radio 16 35103
radio 16 35617
radio 16 35634
radio 16 36148
radio 16 36177
radio 16 36691
radio 16 36722
radio 16 37236
radio 16 37264
radio 16 37778
radio 16 37826
radio 16 38340
radio 16 38376
radio 16 38890
radio 16 38907
radio 16 39421
radio 16 39438
radio 16 39952
radio 16 40005
radio 16 40519
radio 16 40549
radio 16 41063
radio 16 41093
radio 16 41607
radio 16 41639
radio 16 42153
radio 16 42204
radio 16 42718
radio 16 42747
radio 16 43261
radio 16 43278
radio 16 43792
radio 16 43823
radio 16 44337
radio 16 44371
radio 16 44885
radio 16 44958
radio 16 45472
radio 16 45489
radio 16 46003
radio 16 46053
radio 16 46567
radio 16 46584
radio 16 47098
radio 16 47152
radio 16 47666
radio 16 47683
radio 16 48197
radio 16 48230
radio 16 48744
radio 16 48832
radio 16 49346
radio 16 49378
radio 16 49892
radio 16 49921
radio 16 50435
radio 16 50468
radio 16 50982
radio 16 51034
radio 16 51548
radio 16 51617
radio 16 52131
radio 16 52319
radio 16 52833
radio 16 52865
radio 16 53379
delay 26 6 16 53443 16 53948 9 16 7 0 21 1 0
radio 16 53451
radio 16 53966
radio 16 53987
radio 16 54500
radio 16 54536
radio 16 55050
radio 16 55067
radio 16 55581
radio 16 55652
radio 16 56166
radio 16 56195
radio 16 56709
radio 16 56726
radio 16 57240
radio 16 57257
radio 16 57771
radio 16 57788
radio 16 58302
radio 16 58450
radio 16 58964
radio 16 58999
radio 16 59513
radio 16 59530
radio 16 60044
radio 16 60073
radio 16 60587
radio 16 60619
radio 16 61133
radio 16 61209
radio 16 61723
radio 16 61755
radio 16 62269
radio 16 62339
radio 16 62853
radio 16 62870
radio 16 63384
radio 16 63401
radio 16 63915
radio 16 63947
radio 16 64461
radio 16 64512
radio 16 65026
radio 16 65043
radio 17 21
radio 17 53
radio 17 566
radio 17 594
radio 17 1108
radio 17 1137
radio 17 1651
radio 17 1700
radio 17 2214
radio 17 2242
radio 17 2756
radio 17 2810
radio 17 3324
radio 17 3341
radio 17 3854
radio 17 3903
radio 17 4417
radio 17 4449
radio 17 4963
radio 17 5057
radio 17 5571
radio 17 5604
radio 17 6118
radio 17 6167
radio 17 6681
radio 17 6698
radio 17 7211
radio 17 7228
radio 17 7741
radio 17 7773
radio 17 8287
delay 27 6 17 8352 17 8857 9 16 7 0 312 0 0
radio 17 8360
radio 17 8874
radio 17 8943
radio 17 9457
radio 17 9474
radio 17 9987
radio 17 10037
radio 17 10551
radio 17 10568
radio 17 11082
radio 17 11138
radio 17 11652
radio 17 11682
radio 17 12196
radio 17 12246
radio 17 12760
radio 17 12789
radio 17 13303
radio 17 13335
radio 17 13849
radio 17 13880
radio 17 14394
radio 17 14411
radio 17 14925
radio 17 14954
radio 17 15468
radio 17 15540
radio 17 16054
radio 17 16082
radio 17 16596
radio 17 16645
radio 17 17159
radio 17 17188
radio 17 17702
radio 17 17719
radio 17 18233
radio 17 18250
radio 17 18764
radio 17 18781
radio 17 19295
radio 17 19369
radio 17 19883
radio 17 19916
radio 17 20430
radio 17 20461
radio 17 20975
radio 17 21024
radio 17 21538
radio 17 21573
radio 17 22087
radio 17 22104
radio 17 22618
radio 17 22635
radio 17 23149
radio 17 23198
radio 17 23712
radio 17 23740
radio 17 24254
radio 17 24304
energy 17 24730 7 45720
radio 17 24818
radio 17 24893
radio 17 25407
radio 17 25441
radio 17 25955
radio 17 25990
radio 17 26504
radio 17 26521
radio 17 27035
radio 17 27068
radio 17 27582
radio 17 27617
radio 17 28131
radio 17 28182
radio 17 28696
delay 28 6 17 28712 17 29217 9 16 7 0 148 1 0
radio 17 28719
radio 17 29234
radio 17 29285
radio 17 29798
radio 17 29903
radio 17 30417
radio 17 30506
radio 17 31020
radio 17 31049
radio 17 31563
radio 17 31591
radio 17 32105
radio 17 32137
radio 17 32651
radio 17 32684
radio 17 33198
radio 17 33230
radio 17 33744
radio 17 33772
radio 17 34286
radio 17 34303
radio 17 34817
radio 17 34852
radio 17 35366
radio 17 35383
radio 17 35897
radio 17 35951
radio 17 36465
radio 17 36517
radio 17 37031
radio 17 37064
radio 17 37578
radio 17 37610
radio 17 38124
radio 17 38152
radio 17 38666
radio 17 38716
radio 17 39230
radio 17 39264
radio 17 39778
radio 17 39806
radio 17 40320
radio 17 40337
radio 17 40851
radio 17 40879
radio 17 41393
radio 17 41442
radio 17 41956
radio 17 41986
radio 17 42500
radio 17 42517
radio 17 43031
radio 17 43061
radio 17 43575
radio 17 43592
radio 17 44106
radio 17 44140
radio 17 44654
radio 17 44722
radio 17 45236
radio 17 45265
radio 17 45779
radio 17 45796
radio 17 46310
radio 17 46327
radio 17 46841
radio 17 46893
radio 17 47407
radio 17 47475
radio 17 47989
radio 17 48019
radio 17 48533
radio 17 48627
radio 17 49141
delay 29 24 17 49159 17 48867 6 16 10 0 122 1 0
radio 17 49167
radio 17 49682
radio 17 49702
radio 17 50215
radio 17 50249
radio 17 50763
radio 17 50791
radio 17 51305
radio 17 51375
radio 17 51889
radio 17 51978
radio 17 52492
radio 17 52562
radio 17 53076
radio 17 53093
radio 17 53607
radio 17 53679
radio 17 54193
radio 17 54401
radio 17 54915
radio 17 54968
radio 17 55482
radio 17 55510
radio 17 56024
radio 17 56041
radio 17 56555
radio 17 56583
radio 17 57097
radio 17 57114
