Thread[Thread-1,5,main]tree 15 15 0 14 1 1
radio 7 15532
radio 7 15536
radio 7 15569
radio 7 16083
radio 7 16112
radio 7 16626
radio 7 16675
radio 7 17189
radio 7 17223
radio 7 17737
radio 7 17767
radio 7 18281
radio 7 18330
radio 7 18844
radio 7 18880
radio 7 19394
radio 7 19444
radio 7 19958
radio 7 20008
radio 7 20522
radio 7 20558
radio 7 21072
radio 7 21089
radio 7 21603
radio 7 21634
radio 7 22148
radio 7 22165
radio 7 22679
radio 7 22792
radio 7 23306
radio 7 23379
radio 7 23893
radio 7 23910
radio 7 24424
radio 7 24475
radio 7 24989
radio 7 25041
radio 7 25555
radio 7 25586
radio 7 26100
radio 7 26117
radio 7 26631
radio 7 26780
radio 7 27294
radio 7 27462
radio 7 27976
radio 7 28027
radio 7 28541
radio 7 28610
radio 7 29124
radio 7 29239
radio 7 29753
radio 7 29770
radio 7 30284
radio 7 30301
radio 7 30815
radio 7 30884
radio 7 31398
radio 7 31473
radio 7 31987
radio 7 32004
radio 7 32517
radio 7 32534
radio 7 33048
radio 7 33065
radio 7 33579
radio 7 33596
radio 7 34110
radio 7 34144
radio 7 34658
radio 7 34687
radio 7 35201
radio 7 35276
radio 7 35790
radio 7 35841
radio 7 36355
radio 7 36388
radio 7 36902
radio 7 36919
radio 7 37432
radio 7 37464
radio 7 37978
radio 7 38026
radio 7 38540
radio 7 38629
radio 7 39143
radio 7 39216
radio 7 39730
radio 7 39782
radio 7 40296
radio 7 40370
radio 7 40884
radio 7 40934
radio 7 41448
radio 7 41623
radio 7 42137
radio 7 42165
radio 7 42679
radio 7 42696
radio 7 43210
radio 7 43241
radio 7 43755
radio 7 43810
radio 7 44324
radio 7 44341
radio 7 44855
radio 7 44872
radio 7 45386
radio 7 45434
radio 7 45948
radio 7 45965
radio 7 46479
radio 7 46496
radio 7 47010
radio 7 47081
radio 7 47595
radio 7 47649
radio 7 48163
radio 7 48232
radio 7 48746
radio 7 48858
radio 7 49372
radio 7 49405
radio 7 49919
radio 7 49936
radio 7 50449
radio 7 50478
radio 7 50992
radio 7 51046
radio 7 51560
radio 7 51594
radio 7 52108
radio 7 52159
radio 7 52673
radio 7 52723
radio 7 53237
radio 7 53309
radio 7 53823
radio 7 53876
radio 7 54390
radio 7 54407
radio 7 54921
radio 7 54954
radio 7 55468
radio 7 55485
radio 7 55998
radio 7 56049
radio 7 56563
radio 7 56580
radio 7 57094
radio 7 57111
radio 7 57625
radio 7 57642
radio 7 58155
radio 7 58207
radio 7 58721
radio 7 58750
radio 7 59264
radio 7 59340
radio 7 59854
radio 7 59884
radio 7 60398
radio 7 60415
radio 7 60929
radio 7 60959
radio 7 61473
radio 7 61543
radio 7 62057
radio 7 62087
radio 7 62601
radio 7 62630
radio 7 63144
radio 7 63197
radio 7 63711
radio 7 63743
radio 7 64257
radio 7 64291
radio 7 64805
radio 7 64836
radio 7 65350
radio 7 65380
radio 8 358
radio 8 388
radio 8 901
radio 8 918
radio 8 1431
radio 8 1448
radio 8 1961
radio 8 1993
radio 8 2507
radio 8 2524
radio 8 3037
radio 8 3087
radio 8 3601
radio 8 3650
radio 8 4164
radio 8 4181
radio 8 4694
radio 8 4711
radio 8 5224
radio 8 5255
radio 8 5769
radio 8 5803
radio 8 6317
radio 8 6388
radio 8 6902
radio 8 6938
radio 8 7452
radio 8 7481
radio 8 7995
radio 8 8067
radio 8 8581
radio 8 8611
radio 8 9125
radio 8 9142
radio 8 9655
radio 8 9686
radio 8 10200
radio 8 10291
radio 8 10805
radio 8 10837
radio 8 11351
radio 8 11425
energy 8 11448 7 19749
radio 8 11939
radio 8 11970
radio 8 12484
radio 8 12512
radio 8 13026
radio 8 13099
radio 8 13613
radio 8 13682
radio 8 14196
radio 8 14253
radio 8 14767
radio 8 14800
radio 8 15314
radio 8 15331
radio 8 15845
radio 8 15881
radio 8 16395
radio 8 16423
radio 8 16937
radio 8 16970
radio 8 17484
radio 8 17513
radio 8 18027
radio 8 18044
radio 8 18558
radio 8 18608
radio 8 19122
radio 8 19150
radio 8 19664
radio 8 19696
radio 8 20210
radio 8 20227
radio 8 20741
radio 8 20809
radio 8 21323
radio 8 21371
radio 8 21885
radio 8 21960
radio 8 22474
radio 8 22565
radio 8 23079
radio 8 23096
radio 8 23610
radio 8 23627
radio 8 24141
radio 8 24169
radio 8 24683
radio 8 24779
radio 8 25293
radio 8 25324
radio 8 25838
radio 8 25855
radio 8 26369
radio 8 26418
radio 8 26932
radio 8 26949
radio 8 27463
radio 8 27514
radio 8 28028
radio 8 28098
radio 8 28612
radio 8 28629
radio 8 29143
radio 8 29251
radio 8 29765
radio 8 29796
radio 8 30310
radio 8 30327
radio 8 30841
radio 8 30858
radio 8 31372
radio 8 31389
radio 8 31903
radio 8 31976
radio 8 32490
radio 8 32523
radio 8 33037
radio 8 33054
radio 8 33568
radio 8 33585
radio 8 34099
radio 8 34116
radio 8 34630
radio 8 34647
radio 8 35160
radio 8 35228
radio 8 35742
radio 8 35790
radio 8 36304
radio 8 36321
radio 8 36835
radio 8 36870
radio 8 37384
radio 8 37434
radio 8 37948
radio 8 37999
radio 8 38513
radio 8 38586
radio 8 39100
radio 8 39117
radio 8 39631
radio 8 39681
radio 8 40195
radio 8 40305
radio 8 40819
radio 8 40895
radio 8 41409
radio 8 41462
radio 8 41976
radio 8 42028
radio 8 42542
radio 8 42559
radio 8 43073
radio 8 43123
radio 8 43637
radio 8 43654
radio 8 44168
radio 8 44185
radio 8 44698
delay 0 0 8 44924 8 45909 0 6 6 0 652 0 1
radio 8 45996
radio 8 46510
radio 8 46527
radio 8 47041
radio 8 47073
radio 8 47587
radio 8 47604
radio 8 48118
radio 8 48135
radio 8 48649
radio 8 48721
radio 8 49235
radio 8 49263
radio 8 49777
radio 8 49813
radio 8 50327
radio 8 50362
radio 8 50876
radio 8 50893
radio 8 51407
radio 8 51477
radio 8 51991
radio 8 52022
radio 8 52536
radio 8 52553
radio 8 53067
radio 8 53103
radio 8 53617
radio 8 53706
radio 8 54220
radio 8 54314
radio 8 54828
radio 8 54882
radio 8 55396
radio 8 55465
radio 8 55979
radio 8 55996
radio 8 56510
radio 8 56527
radio 8 57040
radio 8 57057
radio 8 57571
radio 8 57589
radio 8 58102
radio 8 58119
radio 8 58633
radio 8 58664
radio 8 59178
radio 8 59206
radio 8 59720
radio 8 59756
radio 8 60270
radio 8 60305
radio 8 60819
radio 8 60851
radio 8 61365
radio 8 61382
radio 8 61896
radio 8 61971
radio 8 62485
radio 8 62539
radio 8 63053
radio 8 63085
radio 8 63599
radio 8 63632
radio 8 64146
radio 8 64163
radio 8 64676
radio 8 64706
radio 8 65220
delay 1 0 8 65373 9 822 0 6 6 0 624 0 1
radio 9 911
radio 9 1425
radio 9 1442
radio 9 1955
radio 9 1972
radio 9 2485
radio 9 2514
radio 9 3028
radio 9 3045
radio 9 3558
radio 9 3610
radio 9 4124
radio 9 4195
radio 9 4709
radio 9 4757
radio 9 5271
radio 9 5340
radio 9 5854
radio 9 5904
radio 9 6418
radio 9 6435
radio 9 6948
radio 9 6965
energy 9 7352 7 25690
radio 9 7478
radio 9 7570
radio 9 8084
radio 9 8113
radio 9 8627
radio 9 8644
radio 9 9157
radio 9 9188
radio 9 9702
radio 9 9752
radio 9 10266
radio 9 10283
radio 9 10797
radio 9 10831
radio 9 11345
radio 9 11380
radio 9 11894
radio 9 11947
radio 9 12461
radio 9 12478
radio 9 12992
radio 9 13022
radio 9 13536
radio 9 13566
radio 9 14080
radio 9 14156
radio 9 14670
radio 9 14700
radio 9 15214
radio 9 15231
radio 9 15745
radio 9 15762
radio 9 16276
radio 9 16352
radio 9 16866
radio 9 16901
radio 9 17415
radio 9 17432
radio 9 17946
radio 9 18034
radio 9 18548
radio 9 18663
radio 9 19177
radio 9 19194
radio 9 19708
radio 9 19725
radio 9 20238
delay 2 0 9 20345 9 21331 0 6 6 0 653 0 1
radio 9 21416
radio 9 21930
radio 9 21959
radio 9 22473
radio 9 22543
radio 9 23057
radio 9 23085
radio 9 23599
radio 9 23616
radio 9 24129
radio 9 24146
radio 9 24660
radio 9 24688
radio 9 25202
radio 9 25290
radio 9 25804
radio 9 25821
radio 9 26335
radio 9 26352
radio 9 26866
radio 9 26883
radio 9 27397
radio 9 27467
radio 9 27981
radio 9 28010
radio 9 28524
radio 9 28560
radio 9 29074
radio 9 29145
radio 9 29659
radio 9 29689
radio 9 30203
radio 9 30251
radio 9 30765
radio 9 30782
radio 9 31296
radio 9 31352
radio 9 31866
radio 9 31883
radio 9 32396
radio 9 32450
radio 9 32964
radio 9 32992
radio 9 33506
radio 9 33657
radio 9 34171
radio 9 34188
radio 9 34702
radio 9 34719
radio 9 35233
radio 9 35261
radio 9 35775
radio 9 35792
radio 9 36306
radio 9 36382
radio 9 36896
radio 9 37007
radio 9 37521
radio 9 37557
radio 9 38071
radio 9 38101
radio 9 38615
radio 9 38691
radio 9 39205
radio 9 39222
radio 9 39736
radio 9 39753
radio 9 40267
delay 3 0 9 40289 9 41275 0 6 6 0 115 1 1
radio 9 41369
radio 9 41883
radio 9 41931
radio 9 42445
radio 9 42462
radio 9 42976
radio 9 42993
radio 9 43506
radio 9 43523
radio 9 44036
radio 9 44089
radio 9 44603
radio 9 44631
radio 9 45145
radio 9 45194
radio 9 45708
radio 9 45737
radio 9 46251
radio 9 46346
radio 9 46860
radio 9 46877
radio 9 47391
radio 9 47442
radio 9 47956
radio 9 48026
radio 9 48540
radio 9 48557
radio 9 49070
radio 9 49087
radio 9 49601
radio 9 49650
radio 9 50164
radio 9 50181
radio 9 50695
radio 9 50750
radio 9 51264
radio 9 51281
radio 9 51794
radio 9 51811
radio 9 52325
radio 9 52356
radio 9 52870
radio 9 52887
radio 9 53401
radio 9 53475
radio 9 53989
radio 9 54020
radio 9 54534
radio 9 54564
radio 9 55078
radio 9 55106
radio 9 55620
radio 9 55649
radio 9 56163
radio 9 56180
radio 9 56694
radio 9 56711
radio 9 57225
radio 9 57242
radio 9 57756
radio 9 57773
radio 9 58287
radio 9 58304
radio 9 58818
radio 9 58874
radio 9 59388
radio 9 59416
radio 9 59930
radio 9 59947
radio 9 60460
radio 9 60494
radio 9 61008
delay 4 0 9 61025 9 62011 0 6 6 0 372 0 1
radio 9 62100
radio 9 62613
radio 9 62630
radio 9 63144
radio 9 63161
radio 9 63675
radio 9 63726
radio 9 64240
radio 9 64270
radio 9 64784
radio 9 64833
radio 9 65347
radio 9 65377
radio 10 355
radio 10 372
radio 10 885
radio 10 902
radio 10 1415
radio 10 1470
radio 10 1984
radio 10 2035
radio 10 2549
radio 10 2622
radio 10 3136
radio 10 3153
energy 10 3256 7 32281
radio 10 3667
radio 10 3717
radio 10 4231
radio 10 4300
radio 10 4814
radio 10 4866
radio 10 5380
radio 10 5452
radio 10 5966
radio 10 5983
radio 10 6497
radio 10 6550
radio 10 7064
radio 10 7132
radio 10 7646
radio 10 7663
radio 10 8177
radio 10 8194
radio 10 8708
radio 10 8725
radio 10 9238
radio 10 9255
radio 10 9768
radio 10 9804
radio 10 10318
radio 10 10335
radio 10 10849
radio 10 10866
radio 10 11380
radio 10 11432
radio 10 11946
radio 10 12002
radio 10 12516
radio 10 12545
radio 10 13059
radio 10 13076
radio 10 13590
radio 10 13607
radio 10 14121
radio 10 14138
radio 10 14652
radio 10 14701
radio 10 15215
radio 10 15232
radio 10 15746
radio 10 15763
radio 10 16277
delay 5 0 10 16403 10 17389 0 6 6 0 818 0 1
radio 10 17476
radio 10 17990
radio 10 18045
radio 10 18559
radio 10 18628
radio 10 19142
radio 10 19291
radio 10 19805
radio 10 19822
radio 10 20336
radio 10 20444
radio 10 20958
radio 10 20987
radio 10 21501
radio 10 21518
radio 10 22032
radio 10 22049
radio 10 22563
radio 10 22611
radio 10 23125
radio 10 23142
radio 10 23656
radio 10 23673
radio 10 24187
radio 10 24204
radio 10 24718
radio 10 24735
radio 10 25249
radio 10 25266
radio 10 25780
radio 10 25797
radio 10 26311
radio 10 26367
radio 10 26881
radio 10 26949
radio 10 27463
radio 10 27480
radio 10 27994
radio 10 28044
radio 10 28558
radio 10 28627
radio 10 29141
radio 10 29158
radio 10 29672
radio 10 29689
radio 10 30203
radio 10 30220
radio 10 30734
radio 10 30764
radio 10 31278
radio 10 31348
radio 10 31862
radio 10 31879
radio 10 32393
radio 10 32410
radio 10 32924
radio 10 32941
radio 10 33455
radio 10 33472
radio 10 33986
radio 10 34019
radio 10 34533
radio 10 34604
radio 10 35118
radio 10 35135
radio 10 35649
radio 10 35666
radio 10 36180
delay 6 0 10 36237 10 37223 0 6 6 0 158 0 1
radio 10 37310
radio 10 37824
radio 10 37976
radio 10 38490
radio 10 38527
radio 10 39041
radio 10 39073
radio 10 39587
radio 10 39604
radio 10 40118
radio 10 40135
radio 10 40649
radio 10 40698
radio 10 41212
radio 10 41245
radio 10 41759
radio 10 41776
radio 10 42290
radio 10 42362
radio 10 42876
radio 10 42893
radio 10 43407
radio 10 43443
radio 10 43957
radio 10 43990
radio 10 44504
radio 10 44534
radio 10 45048
radio 10 45081
radio 10 45595
radio 10 45631
radio 10 46145
radio 10 46162
radio 10 46676
radio 10 46693
radio 10 47207
radio 10 47224
radio 10 47738
radio 10 47755
radio 10 48269
radio 10 48340
radio 10 48854
radio 10 48871
radio 10 49385
radio 10 49402
radio 10 49916
radio 10 49933
radio 10 50447
radio 10 50482
radio 10 50996
radio 10 51027
radio 10 51541
radio 10 51589
radio 10 52103
radio 10 52120
radio 10 52634
radio 10 52651
radio 10 53165
radio 10 53200
radio 10 53714
radio 10 53731
radio 10 54245
radio 10 54317
radio 10 54831
radio 10 54848
radio 10 55362
radio 10 55379
radio 10 55893
radio 10 55910
radio 10 56424
radio 10 56519
radio 10 57033
delay 7 0 10 57451 10 58438 0 6 6 0 896 0 1
radio 10 58531
radio 10 59045
radio 10 59062
radio 10 59576
radio 10 59665
radio 10 60179
radio 10 60196
radio 10 60710
radio 10 60727
radio 10 61241
radio 10 61275
radio 10 61789
radio 10 61864
radio 10 62378
radio 10 62432
radio 10 62946
radio 10 62981
radio 10 63495
radio 10 63543
radio 10 64057
radio 10 64074
radio 10 64588
radio 10 64641
energy 10 64696 7 39168
radio 10 65155
radio 10 65183
radio 11 161
radio 11 178
radio 11 691
radio 11 708
radio 11 1221
radio 11 1238
radio 11 1751
radio 11 1768
radio 11 2282
radio 11 2299
radio 11 2812
radio 11 2829
radio 11 3343
radio 11 3360
radio 11 3873
radio 11 3925
radio 11 4439
radio 11 4470
radio 11 4984
radio 11 5033
radio 11 5547
radio 11 5597
radio 11 6111
radio 11 6185
radio 11 6699
radio 11 6716
radio 11 7229
radio 11 7246
radio 11 7759
radio 11 7776
radio 11 8289
radio 11 8306
radio 11 8820
radio 11 8837
radio 11 9350
radio 11 9367
radio 11 9880
radio 11 9897
radio 11 10411
radio 11 10487
radio 11 11001
radio 11 11054
radio 11 11568
delay 8 0 11 11613 11 12600 0 6 6 0 113 0 1
radio 11 12685
radio 11 13199
radio 11 13254
radio 11 13768
radio 11 13839
radio 11 14353
radio 11 14384
radio 11 14898
radio 11 14915
radio 11 15429
radio 11 15446
radio 11 15960
radio 11 15977
radio 11 16491
radio 11 16565
radio 11 17079
radio 11 17109
radio 11 17623
radio 11 17659
radio 11 18173
radio 11 18247
radio 11 18761
radio 11 18812
radio 11 19326
radio 11 19396
radio 11 19910
radio 11 19939
radio 11 20453
radio 11 20470
radio 11 20984
radio 11 21012
radio 11 21526
radio 11 21641
radio 11 22155
radio 11 22229
radio 11 22743
radio 11 22773
radio 11 23287
radio 11 23318
radio 11 23832
radio 11 23849
radio 11 24363
radio 11 24393
radio 11 24907
radio 11 24976
radio 11 25490
radio 11 25507
radio 11 26021
radio 11 26051
radio 11 26565
radio 11 26635
radio 11 27149
radio 11 27281
radio 11 27795
radio 11 27828
radio 11 28342
radio 11 28418
radio 11 28932
radio 11 28984
radio 11 29498
radio 11 29571
radio 11 30085
radio 11 30139
radio 11 30653
radio 11 30725
radio 11 31239
radio 11 31256
radio 11 31770
radio 11 31787
radio 11 32301
delay 9 0 11 32321 11 33308 0 6 6 0 339 0 1
radio 11 33390
radio 11 33903
radio 11 33973
radio 11 34487
radio 11 34504
radio 11 35018
radio 11 35035
radio 11 35549
radio 11 35582
radio 11 36096
radio 11 36125
radio 11 36639
radio 11 36688
radio 11 37202
radio 11 37231
radio 11 37745
radio 11 37762
radio 11 38276
radio 11 38293
radio 11 38807
radio 11 38824
radio 11 39338
radio 11 39374
radio 11 39888
radio 11 39916
radio 11 40430
radio 11 40463
radio 11 40977
radio 11 40994
radio 11 41508
radio 11 41541
radio 11 42055
radio 11 42091
radio 11 42605
radio 11 42676
radio 11 43190
radio 11 43221
radio 11 43735
radio 11 43752
radio 11 44266
radio 11 44283
radio 11 44797
radio 11 44814
radio 11 45328
radio 11 45376
radio 11 45890
radio 11 45907
radio 11 46421
radio 11 46451
radio 11 46965
radio 11 47079
radio 11 47593
radio 11 47610
radio 11 48124
radio 11 48141
radio 11 48655
radio 11 48672
radio 11 49186
radio 11 49215
radio 11 49729
radio 11 49805
radio 11 50319
radio 11 50347
radio 11 50861
radio 11 50890
radio 11 51404
radio 11 51421
radio 11 51935
radio 11 52011
radio 11 52525
delay 10 0 11 52542 11 53529 0 6 6 0 82 0 1
radio 11 53626
radio 11 54140
radio 11 54213
radio 11 54727
radio 11 54780
radio 11 55294
radio 11 55366
radio 11 55880
radio 11 55897
radio 11 56411
radio 11 56464
radio 11 56978
radio 11 57008
radio 11 57522
radio 11 57539
radio 11 58053
radio 11 58070
radio 11 58584
radio 11 58612
radio 11 59126
radio 11 59143
radio 11 59657
radio 11 59709
radio 11 60223
radio 11 60293
energy 11 60600 7 45753
radio 11 60807
radio 11 60824
radio 11 61338
radio 11 61355
radio 11 61869
radio 11 61922
radio 11 62436
radio 11 62453
radio 11 62967
radio 11 63020
radio 11 63534
radio 11 63564
radio 11 64078
radio 11 64111
radio 11 64625
radio 11 64659
radio 11 65173
radio 11 65223
radio 12 201
radio 12 229
radio 12 743
radio 12 775
radio 12 1289
radio 12 1358
radio 12 1872
radio 12 1901
radio 12 2415
radio 12 2432
radio 12 2946
radio 12 2974
radio 12 3488
radio 12 3505
radio 12 4018
radio 12 4090
radio 12 4604
radio 12 4634
radio 12 5148
radio 12 5178
radio 12 5692
radio 12 5780
radio 12 6294
radio 12 6406
radio 12 6920
radio 12 6968
radio 12 7482
delay 11 0 12 7523 12 8510 0 6 6 0 120 0 1
radio 12 8935
radio 12 9449
radio 12 9485
radio 12 9999
radio 12 10028
radio 12 10542
radio 12 10713
radio 12 11227
radio 12 11258
radio 12 11772
radio 12 11881
radio 12 12395
radio 12 12512
radio 12 13026
radio 12 13116
radio 12 13630
radio 12 13679
radio 12 14193
radio 12 14262
radio 12 14776
radio 12 14793
radio 12 15307
radio 12 15356
radio 12 15870
radio 12 15900
radio 12 16414
radio 12 16431
radio 12 16945
radio 12 16962
radio 12 17476
radio 12 17493
radio 12 18007
radio 12 18024
radio 12 18538
radio 12 18555
radio 12 19069
radio 12 19086
radio 12 19600
radio 12 19617
radio 12 20131
radio 12 20181
radio 12 20695
radio 12 20723
radio 12 21237
radio 12 21271
radio 12 21785
radio 12 21819
radio 12 22333
radio 12 22350
radio 12 22864
radio 12 22881
radio 12 23395
radio 12 23484
radio 12 23998
radio 12 24051
radio 12 24565
radio 12 24617
radio 12 25131
radio 12 25186
radio 12 25700
radio 12 25717
radio 12 26231
radio 12 26248
radio 12 26762
radio 12 26817
radio 12 27331
radio 12 27348
radio 12 27862
delay 12 0 12 27890 12 28873 0 6 6 0 65535 0 1
radio 12 28951
radio 12 29464
radio 12 29500
radio 12 30014
radio 12 30110
radio 12 30624
radio 12 30641
radio 12 31155
radio 12 31246
radio 12 31760
radio 12 31814
radio 12 32328
radio 12 32396
radio 12 32910
radio 12 32927
radio 12 33441
radio 12 33492
radio 12 34006
radio 12 34040
radio 12 34554
radio 12 34605
radio 12 35119
radio 12 35136
radio 12 35650
radio 12 35667
radio 12 36181
radio 12 36210
radio 12 36724
radio 12 36753
radio 12 37267
radio 12 37284
radio 12 37798
radio 12 37869
radio 12 38383
radio 12 38433
radio 12 38947
radio 12 38978
radio 12 39492
radio 12 39509
radio 12 40023
radio 12 40040
radio 12 40554
radio 12 40586
radio 12 41100
radio 12 41117
radio 12 41631
radio 12 41680
radio 12 42194
radio 12 42225
radio 12 42739
radio 12 42770
radio 12 43284
radio 12 43301
radio 12 43815
radio 12 43832
radio 12 44346
radio 12 44363
radio 12 44877
radio 12 44894
radio 12 45408
radio 12 45425
radio 12 45939
radio 12 45956
radio 12 46470
radio 12 46487
radio 12 47001
radio 12 47018
radio 12 47532
radio 12 47580
radio 12 48094
radio 12 48124
radio 12 48638
delay 13 42 12 48659 12 48107 7 6 65535 0 143 1 1
radio 12 49804
radio 12 50318
radio 12 50335
radio 12 50849
radio 12 50867
radio 12 51380
radio 12 51429
radio 12 51943
radio 12 52011
radio 12 52525
radio 12 52577
radio 12 53091
radio 12 53160
radio 12 53674
radio 12 53766
radio 12 54280
radio 12 54313
radio 12 54827
radio 12 54856
radio 12 55370
radio 12 55387
radio 12 55901
radio 12 55930
radio 12 56444
energy 12 56511 7 52844
radio 12 56519
radio 12 57033
radio 12 57050
radio 12 57564
radio 12 57613
radio 12 58127
radio 12 58158
radio 12 58672
radio 12 58689
radio 12 59203
radio 12 59237
radio 12 59751
radio 12 59768
radio 12 60282
radio 12 60312
radio 12 60826
radio 12 60843
radio 12 61357
radio 12 61374
radio 12 61888
radio 12 61920
radio 12 62434
radio 12 62466
radio 12 62980
radio 12 63009
radio 12 63523
radio 12 63556
radio 12 64070
radio 12 64140
radio 12 64654
radio 12 64671
radio 12 65185
radio 12 65215
radio 13 193
radio 13 222
radio 13 736
radio 13 767
radio 13 1281
radio 13 1298
radio 13 1812
radio 13 1862
radio 13 2376
radio 13 2564
radio 13 3078
delay 14 0 13 3317 13 4301 0 6 6 0 65535 0 1
radio 13 4380
radio 13 4894
radio 13 4977
radio 13 5491
radio 13 5560
radio 13 6074
radio 13 6189
radio 13 6703
radio 13 6753
radio 13 7267
radio 13 7378
radio 13 7892
radio 13 7967
radio 13 8481
radio 13 8597
radio 13 9111
radio 13 9142
radio 13 9656
radio 13 9673
radio 13 10187
radio 13 10204
radio 13 10718
radio 13 10735
radio 13 11249
radio 13 11342
radio 13 11856
radio 13 11884
radio 13 12398
radio 13 12415
radio 13 12929
radio 13 13044
radio 13 13558
radio 13 13629
radio 13 14143
radio 13 14174
radio 13 14688
radio 13 14738
radio 13 15252
radio 13 15306
radio 13 15820
radio 13 15855
radio 13 16369
radio 13 16400
radio 13 16914
radio 13 16989
radio 13 17503
radio 13 17556
radio 13 18070
radio 13 18142
radio 13 18656
radio 13 18712
radio 13 19226
radio 13 19296
radio 13 19810
radio 13 19865
radio 13 20379
radio 13 20409
radio 13 20923
radio 13 20959
radio 13 21473
radio 13 21505
radio 13 22019
radio 13 22068
radio 13 22582
radio 13 22691
radio 13 23205
radio 13 23280
radio 13 23794
delay 15 0 13 23812 13 24800 0 6 6 0 18 1 1
radio 13 24885
radio 13 25399
radio 13 25533
radio 13 26047
radio 13 26064
radio 13 26578
radio 13 26595
radio 13 27109
radio 13 27145
radio 13 27659
radio 13 27676
radio 13 28190
radio 13 28207
radio 13 28721
radio 13 28738
radio 13 29252
radio 13 29288
radio 13 29802
radio 13 29819
radio 13 30333
radio 13 30350
radio 13 30864
radio 13 30895
radio 13 31409
radio 13 31445
radio 13 31959
radio 13 31976
radio 13 32490
radio 13 32507
radio 13 33021
radio 13 33038
radio 13 33552
radio 13 33607
radio 13 34121
radio 13 34189
radio 13 34703
radio 13 34720
radio 13 35234
radio 13 35251
radio 13 35765
radio 13 35793
radio 13 36307
radio 13 36324
radio 13 36838
radio 13 36872
radio 13 37386
radio 13 37420
radio 13 37934
radio 13 37951
radio 13 38465
radio 13 38495
radio 13 39009
radio 13 39026
radio 13 39540
radio 13 39557
radio 13 40071
radio 13 40088
radio 13 40602
radio 13 40619
radio 13 41133
radio 13 41227
radio 13 41741
radio 13 41758
radio 13 42272
radio 13 42306
radio 13 42820
radio 13 42889
radio 13 43403
radio 13 43420
radio 13 43934
radio 13 43951
radio 13 44465
delay 16 0 13 44519 13 45507 0 6 6 0 245 0 1
radio 13 45591
radio 13 46105
radio 13 46122
radio 13 46636
radio 13 46669
radio 13 47183
radio 13 47232
radio 13 47746
radio 13 47817
radio 13 48331
radio 13 48348
radio 13 48862
radio 13 48916
radio 13 49430
radio 13 49447
radio 13 49961
radio 13 50012
radio 13 50526
radio 13 50543
radio 13 51057
radio 13 51113
radio 13 51627
radio 13 51657
radio 13 52171
radio 13 52204
energy 13 52408 7 60051
radio 13 52718
radio 13 52735
radio 13 53249
radio 13 53280
radio 13 53794
radio 13 53828
radio 13 54342
radio 13 54359
radio 13 54873
radio 13 54943
radio 13 55457
radio 13 55511
radio 13 56025
radio 13 56098
radio 13 56612
radio 13 56646
radio 13 57160
radio 13 57193
radio 13 57707
radio 13 57779
radio 13 58293
radio 13 58310
radio 13 58824
radio 13 58898
radio 13 59412
radio 13 59443
radio 13 59957
radio 13 59974
radio 13 60488
radio 13 60539
radio 13 61053
radio 13 61081
radio 13 61595
radio 13 61627
radio 13 62141
radio 13 62158
radio 13 62672
radio 13 62706
radio 13 63220
radio 13 63328
radio 13 63842
radio 13 63972
radio 13 64486
radio 13 64503
radio 13 65017
delay 17 0 13 65044 14 497 0 6 6 0 292 0 1
radio 14 644
radio 14 1157
radio 14 1234
radio 14 1747
radio 14 1799
radio 14 2313
radio 14 2343
radio 14 2857
radio 14 2907
radio 14 3421
radio 14 3438
radio 14 3952
radio 14 3988
radio 14 4502
radio 14 4550
radio 14 5064
radio 14 5154
radio 14 5668
radio 14 5756
radio 14 6270
radio 14 6298
radio 14 6812
radio 14 6862
radio 14 7376
radio 14 7447
radio 14 7961
radio 14 8015
radio 14 8529
radio 14 8601
radio 14 9115
radio 14 9132
radio 14 9646
radio 14 9698
radio 14 10212
radio 14 10229
radio 14 10743
radio 14 10760
radio 14 11274
radio 14 11329
radio 14 11843
radio 14 11895
radio 14 12409
radio 14 12480
radio 14 12994
radio 14 13011
radio 14 13525
radio 14 13560
radio 14 14074
radio 14 14091
radio 14 14605
radio 14 14622
radio 14 15136
radio 14 15207
radio 14 15721
radio 14 15835
radio 14 16349
radio 14 16380
radio 14 16894
radio 14 16911
radio 14 17425
radio 14 17513
radio 14 18027
radio 14 18058
radio 14 18572
radio 14 18603
radio 14 19117
radio 14 19228
radio 14 19742
delay 18 0 14 19811 14 20800 0 6 6 0 114 0 1
radio 14 20885
radio 14 21399
radio 14 21478
radio 14 21991
radio 14 22022
radio 14 22536
radio 14 22553
radio 14 23067
radio 14 23102
radio 14 23616
radio 14 23633
radio 14 24147
radio 14 24239
radio 14 24753
radio 14 24770
radio 14 25284
radio 14 25314
radio 14 25828
radio 14 25862
radio 14 26376
radio 14 26393
radio 14 26907
radio 14 26924
radio 14 27438
radio 14 27473
radio 14 27987
radio 14 28004
radio 14 28518
radio 14 28567
radio 14 29081
radio 14 29152
radio 14 29666
radio 14 29683
radio 14 30197
radio 14 30246
radio 14 30760
radio 14 30831
radio 14 31345
radio 14 31375
radio 14 31889
radio 14 31921
radio 14 32435
radio 14 32506
radio 14 33020
radio 14 33049
radio 14 33563
radio 14 33580
radio 14 34094
radio 14 34123
radio 14 34637
radio 14 34670
radio 14 35184
radio 14 35240
radio 14 35754
radio 14 35808
radio 14 36322
radio 14 36339
radio 14 36853
radio 14 36884
radio 14 37398
radio 14 37415
radio 14 37929
radio 14 38066
radio 14 38580
radio 14 38612
radio 14 39126
radio 14 39158
radio 14 39672
radio 14 39742
radio 14 40256
delay 19 0 14 40275 14 41264 0 6 6 0 98 1 1
radio 14 41353
radio 14 41867
radio 14 42003
radio 14 42517
radio 14 42593
radio 14 43107
radio 14 43124
radio 14 43638
radio 14 43655
radio 14 44169
radio 14 44199
radio 14 44713
radio 14 44744
radio 14 45258
radio 14 45289
radio 14 45803
radio 14 45820
radio 14 46334
radio 14 46363
radio 14 46877
radio 14 46905
radio 14 47419
radio 14 47468
radio 14 47982
radio 14 48016
energy 14 48312 8 1781
radio 14 48530
radio 14 48560
radio 14 49074
radio 14 49125
radio 14 49639
radio 14 49676
radio 14 50190
radio 14 50222
radio 14 50736
radio 14 50791
radio 14 51305
radio 14 51322
radio 14 51836
radio 14 51927
radio 14 52441
radio 14 52475
radio 14 52989
radio 14 53020
radio 14 53534
radio 14 53587
radio 14 54101
radio 14 54130
radio 14 54644
radio 14 54661
radio 14 55175
radio 14 55192
radio 14 55706
radio 14 55735
radio 14 56249
radio 14 56285
radio 14 56799
radio 14 56831
radio 14 57345
radio 14 57378
radio 14 57892
radio 14 57909
radio 14 58423
radio 14 58440
radio 14 58954
radio 14 58971
radio 14 59485
radio 14 59581
radio 14 60095
radio 14 60189
radio 14 60703
radio 14 60720
radio 14 61234
delay 20 0 14 61284 14 62274 0 6 6 0 628 0 1
radio 14 62576
radio 14 63090
radio 14 63142
radio 14 63656
radio 14 63689
radio 14 64203
radio 14 64220
radio 14 64734
radio 14 64903
radio 14 65417
radio 15 10
radio 15 523
radio 15 579
radio 15 1093
radio 15 1128
radio 15 1642
radio 15 1673
radio 15 2187
radio 15 2221
radio 15 2735
radio 15 2764
radio 15 3278
radio 15 3353
radio 15 3867
radio 15 3903
radio 15 4417
radio 15 4446
radio 15 4960
radio 15 4996
radio 15 5510
radio 15 5559
radio 15 6073
radio 15 6102
radio 15 6616
radio 15 6648
radio 15 7162
radio 15 7211
radio 15 7725
radio 15 7760
radio 15 8274
radio 15 8308
radio 15 8822
radio 15 8839
radio 15 9353
radio 15 9370
radio 15 9883
radio 15 9900
radio 15 10413
radio 15 10488
radio 15 11002
radio 15 11019
radio 15 11533
radio 15 11583
radio 15 12097
radio 15 12165
radio 15 12679
radio 15 12709
radio 15 13223
radio 15 13256
radio 15 13770
radio 15 13804
radio 15 14318
radio 15 14373
radio 15 14887
radio 15 14939
radio 15 15453
radio 15 15482
radio 15 15996
delay 21 0 15 16099 15 17089 0 6 6 0 499 0 1
radio 15 17179
radio 15 17693
radio 15 17710
radio 15 18224
radio 15 18241
radio 15 18755
radio 15 18787
radio 15 19301
radio 15 19372
radio 15 19886
radio 15 19903
radio 15 20417
radio 15 20434
radio 15 20948
radio 15 20980
radio 15 21494
radio 15 21511
radio 15 22025
radio 15 22042
radio 15 22556
radio 15 22591
radio 15 23105
radio 15 23176
radio 15 23690
radio 15 23719
radio 15 24233
radio 15 24250
radio 15 24764
radio 15 24796
radio 15 25310
radio 15 25338
radio 15 25852
radio 15 25869
radio 15 26383
radio 15 26477
radio 15 26991
radio 15 27022
radio 15 27536
radio 15 27567
radio 15 28081
radio 15 28113
radio 15 28627
radio 15 28662
radio 15 29176
radio 15 29193
radio 15 29707
radio 15 29742
radio 15 30256
radio 15 30307
radio 15 30821
radio 15 30849
radio 15 31363
radio 15 31393
radio 15 31907
radio 15 31982
radio 15 32496
radio 15 32552
radio 15 33066
radio 15 33155
radio 15 33669
radio 15 33738
radio 15 34252
radio 15 34281
radio 15 34795
radio 15 34825
radio 15 35339
radio 15 35356
radio 15 35870
radio 15 35887
radio 15 36401
delay 22 0 15 36448 15 37438 0 6 6 0 368 0 1
radio 15 37531
radio 15 38045
radio 15 38077
radio 15 38591
radio 15 38608
radio 15 39122
radio 15 39150
radio 15 39664
radio 15 39681
radio 15 40195
radio 15 40265
radio 15 40779
radio 15 40796
radio 15 41310
radio 15 41327
radio 15 41841
radio 15 41858
radio 15 42372
radio 15 42404
radio 15 42918
radio 15 42969
radio 15 43483
radio 15 43533
radio 15 44047
radio 15 44080
energy 15 44216 8 8779
radio 15 44594
radio 15 44666
radio 15 45180
radio 15 45212
radio 15 45726
radio 15 45760
radio 15 46274
radio 15 46346
radio 15 46860
radio 15 46877
radio 15 47391
radio 15 47408
radio 15 47922
radio 15 47939
radio 15 48453
radio 15 48483
radio 15 48997
radio 15 49072
radio 15 49586
radio 15 49603
radio 15 50117
radio 15 50134
radio 15 50648
radio 15 50665
radio 15 51179
radio 15 51196
radio 15 51710
radio 15 51727
radio 15 52241
radio 15 52274
radio 15 52788
radio 15 52818
radio 15 53332
radio 15 53361
radio 15 53875
radio 15 53910
radio 15 54424
radio 15 54441
radio 15 54955
radio 15 54972
radio 15 55486
radio 15 55574
radio 15 56088
radio 15 56105
radio 15 56619
delay 23 0 15 56721 15 57711 0 6 6 0 161 1 1
radio 15 57786
radio 15 58300
radio 15 58476
radio 15 58990
radio 15 59039
radio 15 59553
radio 15 59570
radio 15 60084
radio 15 60117
radio 15 60631
radio 15 60701
radio 15 61215
radio 15 61307
radio 15 61821
radio 15 61874
radio 15 62388
radio 15 62436
radio 15 62950
radio 15 63022
radio 15 63536
radio 15 63553
radio 15 64067
radio 15 64141
radio 15 64655
radio 15 64703
radio 15 65217
radio 15 65328
radio 16 306
radio 16 323
radio 16 836
radio 16 853
radio 16 1366
radio 16 1418
radio 16 1932
radio 16 1981
radio 16 2495
radio 16 2512
radio 16 3026
radio 16 3055
radio 16 3569
radio 16 3621
radio 16 4135
radio 16 4152
radio 16 4666
radio 16 4683
radio 16 5197
radio 16 5268
radio 16 5782
radio 16 5799
radio 16 6312
radio 16 6406
radio 16 6920
radio 16 6937
radio 16 7450
radio 16 7467
radio 16 7980
radio 16 8028
radio 16 8542
radio 16 8559
radio 16 9072
radio 16 9126
radio 16 9640
radio 16 9657
radio 16 10171
radio 16 10223
radio 16 10737
radio 16 10773
radio 16 11287
radio 16 11304
radio 16 11818
delay 24 0 16 11971 16 12961 0 6 6 0 467 0 1
radio 16 13041
radio 16 13555
radio 16 13605
radio 16 14119
radio 16 14150
radio 16 14664
radio 16 14681
radio 16 15195
radio 16 15228
radio 16 15742
radio 16 15810
radio 16 16324
radio 16 16360
radio 16 16874
radio 16 16927
radio 16 17441
radio 16 17514
radio 16 18028
radio 16 18045
radio 16 18559
radio 16 18612
radio 16 19126
radio 16 19155
radio 16 19669
radio 16 19721
radio 16 20235
radio 16 20286
radio 16 20800
radio 16 20830
radio 16 21344
radio 16 21361
radio 16 21875
radio 16 21910
radio 16 22424
radio 16 22453
radio 16 22967
radio 16 22984
radio 16 23498
radio 16 23527
radio 16 24041
radio 16 24096
radio 16 24610
radio 16 24627
radio 16 25141
radio 16 25158
radio 16 25672
radio 16 25744
radio 16 26258
radio 16 26328
radio 16 26842
radio 16 26912
radio 16 27426
radio 16 27462
radio 16 27976
radio 16 27993
radio 16 28507
radio 16 28524
radio 16 29038
radio 16 29055
radio 16 29569
radio 16 29586
radio 16 30100
radio 16 30151
radio 16 30665
radio 16 30694
radio 16 31208
radio 16 31264
radio 16 31778
radio 16 31795
radio 16 32309
delay 25 0 16 32427 16 33417 0 6 6 0 455 0 1
radio 16 33499
radio 16 34013
radio 16 34042
radio 16 34556
radio 16 34573
radio 16 35087
radio 16 35120
radio 16 35634
radio 16 35665
radio 16 36179
radio 16 36196
radio 16 36710
radio 16 36727
radio 16 37241
radio 16 37258
radio 16 37772
radio 16 37789
radio 16 38303
radio 16 38320
radio 16 38834
radio 16 38905
radio 16 39419
radio 16 39450
radio 16 39964
radio 16 39995
energy 16 40120 8 15628
radio 16 40509
radio 16 40558
radio 16 41072
radio 16 41106
radio 16 41620
radio 16 41653
radio 16 42167
radio 16 42184
radio 16 42698
radio 16 42727
radio 16 43241
radio 16 43309
radio 16 43823
radio 16 43853
radio 16 44367
radio 16 44384
radio 16 44898
radio 16 44928
radio 16 45442
radio 16 45511
radio 16 46025
radio 16 46042
radio 16 46556
radio 16 46573
radio 16 47087
radio 16 47104
radio 16 47618
radio 16 47635
radio 16 48149
radio 16 48166
radio 16 48680
radio 16 48709
radio 16 49223
radio 16 49252
radio 16 49766
radio 16 49783
radio 16 50297
radio 16 50411
radio 16 50925
radio 16 50942
radio 16 51456
radio 16 51473
radio 16 51987
radio 16 52018
radio 16 52532
delay 26 0 16 52621 16 53612 0 6 6 0 159 0 1
radio 16 53698
radio 16 54212
radio 16 54229
radio 16 54743
radio 16 54760
radio 16 55274
radio 16 55303
radio 16 55817
radio 16 55892
radio 16 56406
radio 16 56455
radio 16 56969
radio 16 57060
radio 16 57574
radio 16 57606
radio 16 58120
radio 16 58168
radio 16 58682
radio 16 58710
radio 16 59224
radio 16 59253
radio 16 59767
radio 16 59817
radio 16 60331
radio 16 60361
radio 16 60875
radio 16 60928
radio 16 61442
radio 16 61459
radio 16 61973
radio 16 62005
radio 16 62519
radio 16 62548
radio 16 63062
radio 16 63113
radio 16 63627
radio 16 63661
radio 16 64175
radio 16 64228
radio 16 64742
radio 16 64759
radio 16 65273
radio 16 65303
radio 17 281
radio 17 309
radio 17 823
radio 17 852
radio 17 1366
radio 17 1414
radio 17 1928
radio 17 1956
radio 17 2470
radio 17 2487
radio 17 3000
radio 17 3050
radio 17 3564
radio 17 3613
radio 17 4127
radio 17 4198
radio 17 4712
radio 17 4729
radio 17 5242
radio 17 5291
radio 17 5805
radio 17 5875
radio 17 6389
radio 17 6421
radio 17 6935
radio 17 6952
radio 17 7465
delay 27 0 17 7485 17 8476 0 6 6 0 69 1 1
radio 17 8564
radio 17 9078
radio 17 9113
radio 17 9627
radio 17 9656
radio 17 10170
radio 17 10187
radio 17 10701
radio 17 10718
radio 17 11232
radio 17 11268
radio 17 11782
radio 17 11852
radio 17 12366
radio 17 12398
radio 17 12912
radio 17 12944
radio 17 13458
radio 17 13530
radio 17 14044
radio 17 14061
radio 17 14575
radio 17 14629
radio 17 15143
radio 17 15172
radio 17 15686
radio 17 15703
radio 17 16217
radio 17 16246
radio 17 16760
radio 17 16796
radio 17 17310
radio 17 17327
radio 17 17841
radio 17 17858
radio 17 18372
radio 17 18389
radio 17 18903
radio 17 18994
radio 17 19508
radio 17 19525
radio 17 20039
radio 17 20056
radio 17 20570
radio 17 20601
radio 17 21115
radio 17 21185
radio 17 21699
radio 17 21730
radio 17 22244
radio 17 22273
radio 17 22787
radio 17 22861
radio 17 23375
radio 17 23392
radio 17 23906
radio 17 23982
radio 17 24496
radio 17 24545
radio 17 25059
radio 17 25076
radio 17 25590
radio 17 25623
radio 17 26137
radio 17 26154
radio 17 26668
radio 17 26738
radio 17 27252
radio 17 27269
radio 17 27783
radio 17 27800
radio 17 28314
delay 28 0 17 28355 17 29346 0 6 6 0 458 0 1
radio 17 29431
radio 17 29945
radio 17 29962
radio 17 30476
radio 17 30507
radio 17 31021
radio 17 31091
radio 17 31605
radio 17 31622
radio 17 32136
radio 17 32169
radio 17 32683
radio 17 32700
radio 17 33214
radio 17 33231
radio 17 33745
radio 17 33762
radio 17 34276
radio 17 34293
radio 17 34807
radio 17 34838
radio 17 35352
radio 17 35369
radio 17 35883
radio 17 35917
energy 17 36024 8 21964
radio 17 36431
radio 17 36463
radio 17 36977
radio 17 36994
radio 17 37508
radio 17 37559
radio 17 38073
radio 17 38105
radio 17 38619
radio 17 38636
radio 17 39150
radio 17 39220
radio 17 39734
radio 17 39789
radio 17 40303
radio 17 40374
radio 17 40888
radio 17 40905
radio 17 41419
radio 17 41471
radio 17 41985
radio 17 42013
radio 17 42527
radio 17 42583
radio 17 43097
radio 17 43133
radio 17 43647
radio 17 43703
radio 17 44217
radio 17 44245
radio 17 44759
radio 17 44792
radio 17 45306
radio 17 45335
radio 17 45849
radio 17 45866
radio 17 46380
radio 17 46495
radio 17 47009
radio 17 47057
radio 17 47571
radio 17 47601
radio 17 48115
radio 17 48132
radio 17 48646
delay 29 0 17 48740 17 49731 0 6 6 0 363 0 1
radio 17 49815
radio 17 50328
radio 17 50345
radio 17 50859
radio 17 50907
radio 17 51421
radio 17 51489
radio 17 52003
radio 17 52056
radio 17 52570
radio 17 52660
radio 17 53174
radio 17 53191
radio 17 53705
radio 17 53734
radio 17 54248
radio 17 54296
radio 17 54810
radio 17 54827
radio 17 55341
radio 17 55358
radio 17 55872
radio 17 55889
radio 17 56403
radio 17 56420
radio 17 56934
radio 17 56965
