Thread[Thread-1,5,main]tree 23 15 0 14 0 0
radio 6 61635
radio 6 61639
radio 6 61690
radio 6 62204
radio 6 62257
radio 6 62771
radio 6 62860
radio 6 63374
radio 6 63403
radio 6 63917
radio 6 63949
radio 6 64463
radio 6 64575
radio 6 65089
radio 6 65117
radio 7 95
radio 7 123
radio 7 636
radio 7 667
radio 7 1180
radio 7 1229
radio 7 1743
radio 7 1814
radio 7 2328
radio 7 2359
radio 7 2873
radio 7 2901
radio 7 3415
radio 7 3443
radio 7 3957
radio 7 3985
radio 7 4499
radio 7 4527
radio 7 5041
radio 7 5069
radio 7 5583
radio 7 5611
radio 7 6125
radio 7 6153
radio 7 6667
radio 7 6716
radio 7 7230
radio 7 7262
radio 7 7776
radio 7 7804
radio 7 8318
radio 7 8366
radio 7 8880
radio 7 8951
radio 7 9465
radio 7 9513
radio 7 10027
radio 7 10118
radio 7 10632
radio 7 10682
radio 7 11196
radio 7 11249
radio 7 11763
radio 7 11796
radio 7 12310
radio 7 12341
radio 7 12855
radio 7 12928
radio 7 13442
radio 7 13471
radio 7 13985
radio 7 14021
radio 7 14535
delay 100 23 7 14601 7 53951 9 7 65535 0 40432 0 0
radio 7 14609
radio 7 15124
radio 7 15213
radio 7 15726
radio 7 15738
radio 7 16252
radio 7 16284
radio 7 16798
radio 7 16830
radio 7 17344
radio 7 17379
radio 7 17893
radio 7 17969
radio 7 18483
radio 7 18534
radio 7 19048
radio 7 19120
radio 7 19634
radio 7 19664
radio 7 20178
radio 7 20214
radio 7 20728
radio 7 20780
radio 7 21294
radio 7 21330
radio 7 21844
radio 7 21877
radio 7 22391
radio 7 22420
radio 7 22934
radio 7 23002
radio 7 23516
radio 7 23567
radio 7 24081
radio 7 24135
radio 7 24649
radio 7 24679
radio 7 25193
radio 7 25244
radio 7 25758
radio 7 25830
radio 7 26344
radio 7 26373
radio 7 26887
radio 7 26955
radio 7 27469
radio 7 27618
radio 7 28132
radio 7 28182
radio 7 28696
radio 7 28765
radio 7 29279
radio 7 29307
radio 7 29821
radio 7 29874
radio 7 30388
radio 7 30405
radio 7 30919
radio 7 30951
radio 7 31465
radio 7 31496
radio 7 32010
radio 7 32027
radio 7 32541
radio 7 32614
radio 7 33128
radio 7 33217
radio 7 33731
radio 7 33803
radio 7 34317
radio 7 34449
radio 7 34963
radio 7 34980
radio 7 35494
radio 7 35525
radio 7 36039
radio 7 36090
radio 7 36604
radio 7 36639
radio 7 37153
radio 7 37170
radio 7 37684
radio 7 37713
radio 7 38227
radio 7 38244
radio 7 38758
radio 7 38831
radio 7 39345
radio 7 39374
radio 7 39888
radio 7 39916
radio 7 40430
radio 7 40458
radio 7 40972
radio 7 41000
radio 7 41514
radio 7 41542
radio 7 42056
radio 7 42092
radio 7 42606
radio 7 42654
radio 7 43168
radio 7 43237
radio 7 43751
radio 7 43768
radio 7 44282
radio 7 44299
radio 7 44813
radio 7 44843
radio 7 45357
radio 7 45389
radio 7 45903
radio 7 45920
radio 7 46434
radio 7 46489
radio 7 47003
radio 7 47054
radio 7 47568
radio 7 47624
radio 7 48138
radio 7 48171
radio 7 48685
radio 7 48702
radio 7 49216
radio 7 49266
radio 7 49780
radio 7 49848
radio 7 50362
radio 7 50416
radio 7 50930
radio 7 50980
radio 7 51494
radio 7 51529
radio 7 52043
radio 7 52060
radio 7 52574
radio 7 52607
radio 7 53121
radio 7 53138
radio 7 53652
radio 7 53706
radio 7 54220
radio 7 54237
radio 7 54751
radio 7 54807
radio 7 55321
radio 7 55353
radio 7 55867
radio 7 55897
radio 7 56411
radio 7 56428
radio 7 56942
radio 7 56972
radio 7 57486
radio 7 57538
energy 7 57551 7 327
radio 7 58052
radio 7 58121
radio 7 58635
radio 7 58666
radio 7 59180
radio 7 59208
radio 7 59722
radio 7 59756
radio 7 60270
radio 7 60287
radio 7 60801
radio 7 60894
radio 7 61408
radio 7 61481
radio 7 61995
radio 7 62012
radio 7 62526
radio 7 62543
radio 7 63057
radio 7 63091
radio 7 63605
radio 7 63622
radio 7 64136
radio 7 64192
radio 7 64706
radio 7 64734
radio 7 65248
radio 7 65302
radio 8 280
radio 8 352
radio 8 865
radio 8 916
radio 8 1429
radio 8 1501
radio 8 2015
radio 8 2049
radio 8 2563
radio 8 2599
radio 8 3113
radio 8 3182
radio 8 3696
radio 8 3747
radio 8 4261
radio 8 4331
radio 8 4845
radio 8 4862
radio 8 5375
radio 8 5427
radio 8 5941
radio 8 5996
radio 8 6510
radio 8 6545
radio 8 7059
radio 8 7076
radio 8 7589
radio 8 7637
radio 8 8151
radio 8 8179
radio 8 8693
radio 8 8744
radio 8 9258
radio 8 9275
radio 8 9788
radio 8 9805
radio 8 10318
radio 8 10414
radio 8 10928
radio 8 10959
radio 8 11473
radio 8 11506
radio 8 12020
radio 8 12037
radio 8 12551
radio 8 12662
radio 8 13176
radio 8 13245
radio 8 13759
radio 8 13788
radio 8 14302
radio 8 14331
radio 8 14845
radio 8 14862
radio 8 15376
radio 8 15424
radio 8 15938
radio 8 15955
radio 8 16469
radio 8 16486
radio 8 17000
radio 8 17017
radio 8 17531
radio 8 17562
radio 8 18076
radio 8 18093
radio 8 18607
radio 8 18638
radio 8 19152
radio 8 19220
radio 8 19734
radio 8 19751
radio 8 20265
radio 8 20295
radio 8 20809
radio 8 20826
radio 8 21340
radio 8 21430
radio 8 21944
radio 8 21961
radio 8 22475
radio 8 22509
radio 8 23023
radio 8 23040
radio 8 23554
radio 8 23783
radio 8 24297
radio 8 24326
radio 8 24840
radio 8 24889
radio 8 25403
radio 8 25460
radio 8 25974
radio 8 26044
radio 8 26558
radio 8 26670
radio 8 27184
radio 8 27201
radio 8 27715
radio 8 27732
radio 8 28246
radio 8 28282
radio 8 28796
radio 8 28871
radio 8 29385
radio 8 29402
radio 8 29916
radio 8 29965
radio 8 30479
radio 8 30652
radio 8 31166
radio 8 31183
radio 8 31697
radio 8 31749
radio 8 32263
radio 8 32296
radio 8 32810
radio 8 32859
radio 8 33373
radio 8 33425
radio 8 33939
radio 8 34010
radio 8 34524
radio 8 34554
radio 8 35068
radio 8 35099
radio 8 35613
radio 8 35630
radio 8 36144
radio 8 36175
radio 8 36689
radio 8 36738
radio 8 37252
radio 8 37281
radio 8 37795
radio 8 37831
radio 8 38345
radio 8 38415
radio 8 38929
radio 8 38946
radio 8 39460
radio 8 39477
radio 8 39991
radio 8 40008
radio 8 40522
radio 8 40555
radio 8 41069
radio 8 41141
radio 8 41655
radio 8 41786
radio 8 42300
radio 8 42328
radio 8 42842
radio 8 42859
radio 8 43373
radio 8 43445
radio 8 43959
radio 8 43992
radio 8 44506
radio 8 44542
radio 8 45056
delay 0 0 8 45122 8 45334 0 7 7 0 77 1 0
radio 8 45130
radio 8 45644
radio 8 45780
radio 8 46294
radio 8 46339
radio 8 46853
radio 8 46870
radio 8 47384
radio 8 47434
radio 8 47948
radio 8 47998
radio 8 48512
radio 8 48583
radio 8 49097
radio 8 49114
radio 8 49628
radio 8 49645
radio 8 50159
radio 8 50176
radio 8 50690
radio 8 50726
radio 8 51240
radio 8 51315
radio 8 51829
radio 8 51880
radio 8 52394
radio 8 52468
radio 8 52982
radio 8 53032
energy 8 53455 7 4664
radio 8 53546
radio 8 53616
radio 8 54130
radio 8 54159
radio 8 54673
radio 8 54701
radio 8 55215
radio 8 55243
radio 8 55757
radio 8 55785
radio 8 56299
radio 8 56348
radio 8 56862
radio 8 56879
radio 8 57393
radio 8 57410
radio 8 57924
radio 8 57958
radio 8 58472
radio 8 58544
radio 8 59058
radio 8 59075
radio 8 59589
radio 8 59639
radio 8 60153
radio 8 60227
radio 8 60741
radio 8 60791
radio 8 61305
radio 8 61375
radio 8 61889
radio 8 61920
radio 8 62434
radio 8 62466
radio 8 62980
radio 8 63053
radio 8 63567
radio 8 63600
radio 8 64114
radio 8 64143
radio 8 64657
radio 8 64728
radio 8 65242
radio 8 65271
radio 9 249
delay 1 6 9 268 9 277 9 7 65535 0 253 0 0
radio 9 275
radio 9 789
radio 9 1047
radio 9 1560
radio 9 1734
radio 9 2248
radio 9 2280
radio 9 2794
radio 9 2843
radio 9 3357
radio 9 3410
radio 9 3924
radio 9 3956
radio 9 4470
radio 9 4498
radio 9 5012
radio 9 5061
radio 9 5575
radio 9 5592
radio 9 6105
radio 9 6122
radio 9 6635
radio 9 6664
radio 9 7178
radio 9 7213
radio 9 7727
radio 9 7799
radio 9 8313
radio 9 8342
radio 9 8856
radio 9 8884
radio 9 9398
radio 9 9426
radio 9 9940
radio 9 9957
radio 9 10470
radio 9 10525
radio 9 11039
radio 9 11095
radio 9 11609
radio 9 11679
radio 9 12193
radio 9 12210
radio 9 12724
radio 9 12741
radio 9 13255
radio 9 13286
radio 9 13800
radio 9 13828
radio 9 14342
radio 9 14370
radio 9 14884
radio 9 14912
radio 9 15426
radio 9 15454
radio 9 15968
radio 9 15996
radio 9 16510
radio 9 16538
radio 9 17052
radio 9 17080
radio 9 17594
radio 9 17611
radio 9 18125
radio 9 18175
radio 9 18689
radio 9 18717
radio 9 19231
radio 9 19279
radio 9 19793
radio 9 19864
radio 9 20378
radio 9 20395
radio 9 20909
radio 9 20926
radio 9 21440
delay 2 6 9 21633 9 21643 9 7 65535 0 562 0 0
radio 9 21643
radio 9 22156
radio 9 22231
radio 9 22745
radio 9 22794
radio 9 23308
radio 9 23325
radio 9 23839
radio 9 23856
radio 9 24370
radio 9 24387
radio 9 24901
radio 9 24918
radio 9 25432
radio 9 25462
radio 9 25976
radio 9 26144
radio 9 26658
radio 9 26691
radio 9 27205
radio 9 27237
radio 9 27751
radio 9 27822
radio 9 28336
radio 9 28385
radio 9 28899
radio 9 28928
radio 9 29442
radio 9 29459
radio 9 29973
radio 9 29990
radio 9 30504
radio 9 30556
radio 9 31070
radio 9 31123
radio 9 31637
radio 9 31706
radio 9 32220
radio 9 32248
radio 9 32762
radio 9 32792
radio 9 33306
radio 9 33382
radio 9 33896
radio 9 34085
radio 9 34599
radio 9 34630
radio 9 35144
radio 9 35173
radio 9 35687
radio 9 35735
radio 9 36249
radio 9 36321
radio 9 36835
radio 9 36945
radio 9 37459
radio 9 37476
radio 9 37990
radio 9 38043
radio 9 38557
radio 9 38628
radio 9 39142
radio 9 39173
radio 9 39687
radio 9 39722
radio 9 40236
radio 9 40305
radio 9 40819
radio 9 40868
radio 9 41382
delay 3 42 9 41461 9 40132 7 7 65535 0 193 0 0
radio 9 41469
radio 9 41983
radio 9 42003
radio 9 42516
radio 9 42549
radio 9 43063
radio 9 43137
radio 9 43651
radio 9 43702
radio 9 44216
radio 9 44288
radio 9 44802
radio 9 44832
radio 9 45346
radio 9 45438
radio 9 45952
radio 9 46061
radio 9 46575
radio 9 46592
radio 9 47106
radio 9 47136
radio 9 47650
radio 9 47683
radio 9 48197
radio 9 48269
radio 9 48783
radio 9 48800
radio 9 49314
radio 9 49331
energy 9 49359 7 9291
radio 9 49845
radio 9 49895
radio 9 50409
radio 9 50437
radio 9 50951
radio 9 51001
radio 9 51515
radio 9 51570
radio 9 52084
radio 9 52155
radio 9 52669
radio 9 52720
radio 9 53234
radio 9 53306
radio 9 53820
radio 9 53849
radio 9 54363
radio 9 54399
radio 9 54913
radio 9 54981
radio 9 55495
radio 9 55525
radio 9 56039
radio 9 56072
radio 9 56586
radio 9 56637
radio 9 57151
radio 9 57187
radio 9 57701
radio 9 57754
radio 9 58268
radio 9 58340
radio 9 58854
radio 9 58884
radio 9 59398
radio 9 59432
radio 9 59946
radio 9 60015
radio 9 60529
radio 9 60559
radio 9 61073
radio 9 61106
radio 9 61620
delay 4 0 9 61723 9 61935 0 7 7 0 296 0 0
radio 9 61732
radio 9 62245
radio 9 62288
radio 9 62801
radio 9 62883
radio 9 63396
radio 9 63425
radio 9 63939
radio 9 63987
radio 9 64501
radio 9 64534
radio 9 65048
radio 9 65084
radio 10 62
radio 10 116
radio 10 630
radio 10 663
radio 10 1177
radio 10 1207
radio 10 1721
radio 10 1757
radio 10 2271
radio 10 2319
radio 10 2833
radio 10 2866
radio 10 3380
radio 10 3408
radio 10 3922
radio 10 3970
radio 10 4484
radio 10 4517
radio 10 5031
radio 10 5067
radio 10 5581
radio 10 5609
radio 10 6123
radio 10 6171
radio 10 6685
radio 10 6713
radio 10 7227
radio 10 7277
radio 10 7791
radio 10 7819
radio 10 8333
radio 10 8427
radio 10 8941
radio 10 8994
radio 10 9508
radio 10 9578
radio 10 10092
radio 10 10124
radio 10 10638
radio 10 10668
radio 10 11182
radio 10 11210
radio 10 11724
radio 10 11781
radio 10 12295
radio 10 12351
radio 10 12865
radio 10 12938
radio 10 13452
radio 10 13469
radio 10 13983
radio 10 14036
radio 10 14550
radio 10 14584
radio 10 15098
radio 10 15128
radio 10 15642
radio 10 15673
radio 10 16187
radio 10 16300
radio 10 16814
delay 5 24 10 17830 10 17049 6 7 1 0 641 0 0
radio 10 17837
radio 10 18352
radio 10 18408
radio 10 18922
radio 10 18955
radio 10 19469
radio 10 19538
radio 10 20052
radio 10 20108
radio 10 20622
radio 10 20690
radio 10 21204
radio 10 21312
radio 10 21826
radio 10 21857
radio 10 22371
radio 10 22422
radio 10 22936
radio 10 23005
radio 10 23519
radio 10 23571
radio 10 24085
radio 10 24158
radio 10 24672
radio 10 24728
radio 10 25242
radio 10 25312
radio 10 25826
radio 10 25876
radio 10 26390
radio 10 26460
radio 10 26974
radio 10 27004
radio 10 27518
radio 10 27554
radio 10 28068
radio 10 28139
radio 10 28653
radio 10 28704
radio 10 29218
radio 10 29268
radio 10 29782
radio 10 29812
radio 10 30326
radio 10 30354
radio 10 30868
radio 10 30916
radio 10 31430
radio 10 31499
radio 10 32013
radio 10 32030
radio 10 32544
radio 10 32579
radio 10 33093
radio 10 33122
radio 10 33636
radio 10 33692
radio 10 34206
radio 10 34236
radio 10 34750
radio 10 34781
radio 10 35295
radio 10 35371
radio 10 35885
radio 10 35914
radio 10 36428
radio 10 36476
radio 10 36990
delay 6 24 10 37068 10 36287 6 7 1 0 45 1 0
radio 10 37076
radio 10 37590
radio 10 37816
radio 10 38329
radio 10 38437
radio 10 38951
radio 10 38982
radio 10 39496
radio 10 39568
radio 10 40082
radio 10 40111
radio 10 40625
radio 10 40658
radio 10 41172
radio 10 41243
radio 10 41757
radio 10 41787
radio 10 42301
radio 10 42337
radio 10 42851
radio 10 42922
radio 10 43436
radio 10 43470
radio 10 43984
radio 10 44019
radio 10 44533
radio 10 44602
radio 10 45116
radio 10 45146
energy 10 45263 7 15000
radio 10 45660
radio 10 45691
radio 10 46205
radio 10 46278
radio 10 46792
radio 10 46821
radio 10 47335
radio 10 47363
radio 10 47877
radio 10 47906
radio 10 48420
radio 10 48455
radio 10 48969
radio 10 48997
radio 10 49511
radio 10 49539
radio 10 50053
radio 10 50161
radio 10 50675
radio 10 50706
radio 10 51220
radio 10 51252
radio 10 51766
radio 10 51837
radio 10 52351
radio 10 52381
radio 10 52895
radio 10 52931
radio 10 53445
radio 10 53514
radio 10 54028
radio 10 54056
radio 10 54570
radio 10 54618
radio 10 55132
radio 10 55165
radio 10 55679
radio 10 55735
radio 10 56249
radio 10 56282
radio 10 56796
radio 10 56872
radio 10 57386
radio 10 57447
radio 10 57961
delay 7 6 10 58381 10 58391 9 7 65535 0 634 0 0
radio 10 58389
radio 10 58903
radio 10 58964
radio 10 59477
radio 10 59510
radio 10 60024
radio 10 60057
radio 10 60571
radio 10 60639
radio 10 61153
radio 10 61225
radio 10 61739
radio 10 61768
radio 10 62282
radio 10 62310
radio 10 62824
radio 10 62852
radio 10 63366
radio 10 63394
radio 10 63908
radio 10 63937
radio 10 64451
radio 10 64527
radio 10 65041
radio 10 65070
radio 11 48
radio 11 79
radio 11 592
radio 11 622
radio 11 1136
radio 11 1166
radio 11 1680
radio 11 1710
radio 11 2224
radio 11 2252
radio 11 2766
radio 11 2814
radio 11 3328
radio 11 3397
radio 11 3911
radio 11 4024
radio 11 4538
radio 11 4568
radio 11 5082
radio 11 5110
radio 11 5624
radio 11 5652
radio 11 6166
radio 11 6194
radio 11 6708
radio 11 6756
radio 11 7270
radio 11 7423
radio 11 7937
radio 11 8008
radio 11 8522
radio 11 8551
radio 11 9065
radio 11 9093
radio 11 9607
radio 11 9636
radio 11 10150
radio 11 10206
radio 11 10720
radio 11 10770
radio 11 11284
radio 11 11314
radio 11 11828
radio 11 11861
radio 11 12375
delay 8 24 11 12406 11 11618 6 7 1 0 65535 0 0
radio 11 12414
radio 11 12929
radio 11 12968
radio 11 13482
radio 11 13500
radio 11 14013
radio 11 14063
radio 11 14577
radio 11 14606
radio 11 15120
radio 11 15189
radio 11 15703
radio 11 15811
radio 11 16325
radio 11 16553
radio 11 17067
radio 11 17095
radio 11 17609
radio 11 17658
radio 11 18172
radio 11 18201
radio 11 18715
radio 11 18744
radio 11 19258
radio 11 19306
radio 11 19820
radio 11 19852
radio 11 20366
radio 11 20398
radio 11 20912
radio 11 20962
radio 11 21476
radio 11 21508
radio 11 22022
radio 11 22073
radio 11 22587
radio 11 22620
radio 11 23134
radio 11 23165
radio 11 23679
radio 11 23732
radio 11 24246
radio 11 24277
radio 11 24791
radio 11 24821
radio 11 25335
radio 11 25411
radio 11 25925
radio 11 25954
radio 11 26468
radio 11 26496
radio 11 27010
radio 11 27038
radio 11 27552
radio 11 27620
radio 11 28134
radio 11 28164
radio 11 28678
radio 11 28707
radio 11 29221
radio 11 29290
radio 11 29804
radio 11 29873
radio 11 30387
radio 11 30415
radio 11 30929
radio 11 30959
radio 11 31473
radio 11 31501
radio 11 32015
radio 11 32068
radio 11 32582
radio 11 32651
radio 11 33165
delay 9 24 11 33182 11 32400 6 7 1 0 74 1 0
radio 11 33189
radio 11 33704
radio 11 33745
radio 11 34258
radio 11 34273
radio 11 34787
radio 11 34815
radio 11 35329
radio 11 35378
radio 11 35892
radio 11 35922
radio 11 36436
radio 11 36465
radio 11 36979
radio 11 37029
radio 11 37543
radio 11 37595
radio 11 38109
radio 11 38141
radio 11 38655
radio 11 38684
radio 11 39198
radio 11 39231
radio 11 39745
radio 11 39775
radio 11 40289
radio 11 40318
radio 11 40832
radio 11 40881
energy 11 41167 7 19590
radio 11 41395
radio 11 41429
radio 11 41943
radio 11 41960
radio 11 42474
radio 11 42525
radio 11 43039
radio 11 43070
radio 11 43584
radio 11 43601
radio 11 44115
radio 11 44148
radio 11 44662
radio 11 44715
radio 11 45229
radio 11 45246
radio 11 45760
radio 11 45795
radio 11 46309
radio 11 46338
radio 11 46852
radio 11 46880
radio 11 47394
radio 11 47443
radio 11 47957
radio 11 48010
radio 11 48524
radio 11 48552
radio 11 49066
radio 11 49119
radio 11 49633
radio 11 49685
radio 11 50199
radio 11 50268
radio 11 50782
radio 11 50799
radio 11 51313
radio 11 51365
radio 11 51879
radio 11 51947
radio 11 52461
radio 11 52490
radio 11 53004
radio 11 53032
radio 11 53546
delay 10 6 11 53651 11 53662 9 7 65535 0 120 1 0
radio 11 53661
radio 11 54175
radio 11 54220
radio 11 54733
radio 11 54765
radio 11 55279
radio 11 55311
radio 11 55825
radio 11 55878
radio 11 56392
radio 11 56409
radio 11 56923
radio 11 56940
radio 11 57454
radio 11 57508
radio 11 58022
radio 11 58071
radio 11 58585
radio 11 58657
radio 11 59171
radio 11 59200
radio 11 59714
radio 11 59743
radio 11 60257
radio 11 60352
radio 11 60866
radio 11 60934
radio 11 61448
radio 11 61484
radio 11 61998
radio 11 62031
radio 11 62545
radio 11 62579
radio 11 63093
radio 11 63165
radio 11 63679
radio 11 63708
radio 11 64222
radio 11 64251
radio 11 64765
radio 11 64793
radio 11 65307
radio 11 65343
radio 12 321
radio 12 356
radio 12 870
radio 12 925
radio 12 1439
radio 12 1511
radio 12 2025
radio 12 2077
radio 12 2591
radio 12 2664
radio 12 3178
radio 12 3207
radio 12 3721
radio 12 3749
radio 12 4263
radio 12 4314
radio 12 4828
radio 12 4858
radio 12 5372
radio 12 5423
radio 12 5937
radio 12 5966
radio 12 6480
radio 12 6528
radio 12 7042
radio 12 7070
radio 12 7584
radio 12 7637
radio 12 8151
delay 11 0 12 8182 12 8390 0 7 7 0 65535 0 0
radio 12 8190
radio 12 8704
radio 12 9260
radio 12 9774
radio 12 9978
radio 12 10491
radio 12 10523
radio 12 11037
radio 12 11054
radio 12 11568
radio 12 11679
radio 12 12193
radio 12 12246
radio 12 12760
radio 12 12832
radio 12 13346
radio 12 13399
radio 12 13913
radio 12 13961
radio 12 14475
radio 12 14511
radio 12 15025
radio 12 15058
radio 12 15572
radio 12 15589
radio 12 16103
radio 12 16120
radio 12 16634
radio 12 16688
radio 12 17202
radio 12 17254
radio 12 17768
radio 12 17801
radio 12 18315
radio 12 18366
radio 12 18880
radio 12 18910
radio 12 19424
radio 12 19460
radio 12 19974
radio 12 20010
radio 12 20524
radio 12 20592
radio 12 21106
radio 12 21135
radio 12 21649
radio 12 21677
radio 12 22191
radio 12 22220
radio 12 22734
radio 12 22790
radio 12 23304
radio 12 23336
radio 12 23850
radio 12 23878
radio 12 24392
radio 12 24421
radio 12 24935
radio 12 24971
radio 12 25485
radio 12 25521
radio 12 26035
radio 12 26091
radio 12 26605
radio 12 26637
radio 12 27151
radio 12 27200
radio 12 27714
radio 12 27731
radio 12 28245
radio 12 28294
radio 12 28808
delay 12 24 12 28872 12 28090 6 7 1 0 195 0 0
radio 12 28880
radio 12 29395
radio 12 29414
radio 12 29927
radio 12 30020
radio 12 30533
radio 12 30604
radio 12 31118
radio 12 31146
radio 12 31660
radio 12 31709
radio 12 32223
radio 12 32276
radio 12 32790
radio 12 32862
radio 12 33376
radio 12 33405
radio 12 33919
radio 12 33947
radio 12 34461
radio 12 34489
radio 12 35003
radio 12 35031
radio 12 35545
radio 12 35593
radio 12 36107
radio 12 36155
radio 12 36669
radio 12 36739
energy 12 37071 7 24302
radio 12 37253
radio 12 37282
radio 12 37796
radio 12 37824
radio 12 38338
radio 12 38371
radio 12 38885
radio 12 38916
radio 12 39430
radio 12 39466
radio 12 39980
radio 12 40008
radio 12 40522
radio 12 40550
radio 12 41064
radio 12 41092
radio 12 41606
radio 12 41655
radio 12 42169
radio 12 42199
radio 12 42713
radio 12 42763
radio 12 43277
radio 12 43348
radio 12 43862
radio 12 43893
radio 12 44407
radio 12 44443
radio 12 44957
radio 12 45025
radio 12 45539
radio 12 45568
radio 12 46082
radio 12 46111
radio 12 46625
radio 12 46701
radio 12 47215
radio 12 47244
radio 12 47758
radio 12 47786
radio 12 48300
radio 12 48355
radio 12 48869
radio 12 48899
radio 12 49413
delay 13 0 12 49428 12 49640 0 7 7 0 293 0 0
radio 12 49435
radio 12 49950
radio 12 50045
radio 12 50559
radio 12 50615
radio 12 51129
radio 12 51161
radio 12 51675
radio 12 51703
radio 12 52217
radio 12 52245
radio 12 52759
radio 12 52787
radio 12 53301
radio 12 53350
radio 12 53864
radio 12 53913
radio 12 54427
radio 12 54457
radio 12 54971
radio 12 55005
radio 12 55519
radio 12 55555
radio 12 56069
radio 12 56142
radio 12 56656
radio 12 56686
radio 12 57200
radio 12 57230
radio 12 57744
radio 12 57813
radio 12 58327
radio 12 58356
radio 12 58870
radio 12 58906
radio 12 59420
radio 12 59496
radio 12 60010
radio 12 60059
radio 12 60573
radio 12 60621
radio 12 61135
radio 12 61165
radio 12 61679
radio 12 61696
radio 12 62210
radio 12 62240
radio 12 62754
radio 12 62782
radio 12 63296
radio 12 63324
radio 12 63838
radio 12 63867
radio 12 64381
radio 12 64430
radio 12 64944
radio 12 65075
radio 13 53
radio 13 143
radio 13 657
radio 13 708
radio 13 1222
radio 13 1274
radio 13 1788
radio 13 1816
radio 13 2330
radio 13 2383
radio 13 2897
radio 13 3345
radio 13 3859
radio 13 3931
radio 13 4445
delay 14 24 13 4692 13 3909 6 7 1 0 587 0 0
radio 13 4699
radio 13 5214
radio 13 5481
radio 13 5995
radio 13 6074
radio 13 6588
radio 13 6605
radio 13 7118
radio 13 7273
radio 13 7787
radio 13 7815
radio 13 8329
radio 13 8403
radio 13 8917
radio 13 8966
radio 13 9480
radio 13 9531
radio 13 10045
radio 13 10073
radio 13 10587
radio 13 10638
radio 13 11152
radio 13 11206
radio 13 11720
radio 13 11748
radio 13 12262
radio 13 12312
radio 13 12826
radio 13 12879
radio 13 13393
radio 13 13465
radio 13 13979
radio 13 14009
radio 13 14523
radio 13 14540
radio 13 15054
radio 13 15085
radio 13 15599
radio 13 15668
radio 13 16182
radio 13 16199
radio 13 16713
radio 13 16763
radio 13 17277
radio 13 17345
radio 13 17859
radio 13 17910
radio 13 18424
radio 13 18496
radio 13 19010
radio 13 19042
radio 13 19556
radio 13 19584
radio 13 20098
radio 13 20147
radio 13 20661
radio 13 20710
radio 13 21224
radio 13 21272
radio 13 21786
radio 13 21854
radio 13 22368
radio 13 22422
radio 13 22936
radio 13 23005
radio 13 23519
radio 13 23552
radio 13 24066
radio 13 24095
radio 13 24609
delay 15 24 13 24625 13 23842 6 7 1 0 25 0 0
radio 13 24632
radio 13 25147
radio 13 25191
radio 13 25705
radio 13 25974
radio 13 26488
radio 13 26517
radio 13 27031
radio 13 27048
radio 13 27562
radio 13 27579
radio 13 28093
radio 13 28148
radio 13 28662
radio 13 28679
radio 13 29193
radio 13 29210
radio 13 29724
radio 13 29741
radio 13 30255
radio 13 30285
radio 13 30799
radio 13 30869
radio 13 31383
radio 13 31412
radio 13 31926
radio 13 31961
radio 13 32475
radio 13 32523
energy 13 32975 7 29458
radio 13 33037
radio 13 33065
radio 13 33579
radio 13 33613
radio 13 34127
radio 13 34144
radio 13 34658
radio 13 34749
radio 13 35263
radio 13 35296
radio 13 35810
radio 13 35827
radio 13 36341
radio 13 36358
radio 13 36872
radio 13 36889
radio 13 37403
radio 13 37477
radio 13 37991
radio 13 38021
radio 13 38535
radio 13 38552
radio 13 39066
radio 13 39083
radio 13 39597
radio 13 39614
radio 13 40128
radio 13 40258
radio 13 40772
radio 13 40803
radio 13 41317
radio 13 41334
radio 13 41848
radio 13 41880
radio 13 42394
radio 13 42425
radio 13 42939
radio 13 42968
radio 13 43482
radio 13 43532
radio 13 44046
radio 13 44063
radio 13 44577
radio 13 44606
radio 13 45120
delay 16 0 13 45305 13 45517 0 7 7 0 255 0 0
radio 13 45312
radio 13 45827
radio 13 45895
radio 13 46409
radio 13 46424
radio 13 46938
radio 13 46956
radio 13 47470
radio 13 47505
radio 13 48019
radio 13 48067
radio 13 48581
radio 13 48637
radio 13 49151
radio 13 49222
radio 13 49736
radio 13 49790
radio 13 50304
radio 13 50376
radio 13 50890
radio 13 50907
radio 13 51421
radio 13 51438
radio 13 51952
radio 13 51969
radio 13 52483
radio 13 52539
radio 13 53053
radio 13 53105
radio 13 53619
radio 13 53668
radio 13 54182
radio 13 54256
radio 13 54770
radio 13 54822
radio 13 55336
radio 13 55409
radio 13 55923
radio 13 55953
radio 13 56467
radio 13 56502
radio 13 57016
radio 13 57087
radio 13 57601
radio 13 57655
radio 13 58169
radio 13 58238
radio 13 58752
radio 13 58785
radio 13 59299
radio 13 59329
radio 13 59843
radio 13 59917
radio 13 60431
radio 13 60460
radio 13 60974
radio 13 61010
radio 13 61524
radio 13 61593
radio 13 62107
radio 13 62135
radio 13 62649
radio 13 62678
radio 13 63192
radio 13 63268
radio 13 63782
radio 13 63831
radio 13 64345
radio 13 64362
radio 13 64876
radio 13 64951
radio 13 65465
radio 13 65495
radio 14 473
delay 17 0 14 489 14 702 0 7 7 0 497 0 0
radio 14 497
radio 14 1011
radio 14 1122
radio 14 1635
radio 14 1664
radio 14 2178
radio 14 2287
radio 14 2801
radio 14 2873
radio 14 3387
radio 14 3416
radio 14 3930
radio 14 4078
radio 14 4592
radio 14 4664
radio 14 5178
radio 14 5287
radio 14 5801
radio 14 5831
radio 14 6345
radio 14 6381
radio 14 6895
radio 14 6965
radio 14 7479
radio 14 7592
radio 14 8106
radio 14 8139
radio 14 8653
radio 14 8670
radio 14 9183
radio 14 9214
radio 14 9728
radio 14 9756
radio 14 10270
radio 14 10323
radio 14 10837
radio 14 10893
radio 14 11407
radio 14 11515
radio 14 12029
radio 14 12103
radio 14 12617
radio 14 12647
radio 14 13161
radio 14 13189
radio 14 13703
radio 14 13752
radio 14 14266
radio 14 14314
radio 14 14828
radio 14 15037
radio 14 15551
radio 14 15579
radio 14 16093
radio 14 16121
radio 14 16635
radio 14 16683
radio 14 17197
radio 14 17245
radio 14 17759
radio 14 17809
radio 14 18323
radio 14 18492
radio 14 19006
radio 14 19034
radio 14 19548
radio 14 19659
radio 14 20173
radio 14 20243
radio 14 20757
delay 18 24 14 21203 14 20420 6 7 1 0 604 0 0
radio 14 21212
radio 14 21726
radio 14 21916
radio 14 22429
radio 14 22482
radio 14 22996
radio 14 23028
radio 14 23542
radio 14 23630
radio 14 24144
radio 14 24161
radio 14 24675
radio 14 24692
radio 14 25206
radio 14 25223
radio 14 25737
radio 14 25754
radio 14 26268
radio 14 26285
radio 14 26799
radio 14 26834
radio 14 27348
radio 14 27365
radio 14 27879
radio 14 27896
radio 14 28410
radio 14 28446
energy 14 28879 7 34756
radio 14 28960
radio 14 28991
radio 14 29505
radio 14 29555
radio 14 30069
radio 14 30139
radio 14 30653
radio 14 30703
radio 14 31217
radio 14 31285
radio 14 31799
radio 14 31833
radio 14 32347
radio 14 32381
radio 14 32895
radio 14 32970
radio 14 33484
radio 14 33501
radio 14 34015
radio 14 34070
radio 14 34584
radio 14 34693
radio 14 35207
radio 14 35277
radio 14 35791
radio 14 35844
radio 14 36358
radio 14 36429
radio 14 36943
radio 14 36974
radio 14 37488
radio 14 37505
radio 14 38019
radio 14 38049
radio 14 38563
radio 14 38633
radio 14 39147
radio 14 39199
radio 14 39713
radio 14 39785
radio 14 40299
radio 14 40316
radio 14 40830
radio 14 40847
radio 14 41361
delay 19 24 14 41441 14 40658 6 7 1 0 378 0 0
radio 14 41449
radio 14 41964
radio 14 41981
radio 14 42494
radio 14 42604
radio 14 43117
radio 14 43148
radio 14 43662
radio 14 43679
radio 14 44193
radio 14 44222
radio 14 44736
radio 14 44768
radio 14 45282
radio 14 45331
radio 14 45845
radio 14 45862
radio 14 46376
radio 14 46410
radio 14 46924
radio 14 46972
radio 14 47486
radio 14 47539
radio 14 48053
radio 14 48087
radio 14 48601
radio 14 48618
radio 14 49132
radio 14 49161
radio 14 49675
radio 14 49744
radio 14 50258
radio 14 50288
radio 14 50802
radio 14 50837
radio 14 51351
radio 14 51422
radio 14 51936
radio 14 51966
radio 14 52480
radio 14 52508
radio 14 53022
radio 14 53051
radio 14 53565
radio 14 53594
radio 14 54108
radio 14 54138
radio 14 54652
radio 14 54680
radio 14 55194
radio 14 55211
radio 14 55725
radio 14 55742
radio 14 56256
radio 14 56288
radio 14 56802
radio 14 56878
radio 14 57392
radio 14 57423
radio 14 57937
radio 14 57966
radio 14 58480
radio 14 58556
radio 14 59070
radio 14 59102
radio 14 59616
radio 14 59648
radio 14 60162
radio 14 60311
radio 14 60825
radio 14 60842
radio 14 61356
radio 14 61373
radio 14 61887
delay 20 0 14 61950 14 62163 0 7 7 0 517 0 0
radio 14 61958
radio 14 62473
radio 14 62504
radio 14 63017
radio 14 63033
radio 14 63546
radio 14 63594
radio 14 64108
radio 14 64125
radio 14 64639
radio 14 64656
radio 14 65170
radio 14 65241
radio 15 219
radio 15 348
radio 15 862
radio 15 892
radio 15 1406
radio 15 1423
radio 15 1936
radio 15 1964
radio 15 2478
radio 15 2508
radio 15 3022
radio 15 3039
radio 15 3553
radio 15 3570
radio 15 4084
radio 15 4119
radio 15 4633
radio 15 4650
radio 15 5163
radio 15 5233
radio 15 5747
radio 15 5764
radio 15 6277
radio 15 6294
radio 15 6808
radio 15 6858
radio 15 7372
radio 15 7402
radio 15 7916
radio 15 7952
radio 15 8466
radio 15 8537
radio 15 9051
radio 15 9085
radio 15 9599
radio 15 9616
radio 15 10129
radio 15 10146
radio 15 10660
radio 15 10677
radio 15 11191
radio 15 11265
radio 15 11779
radio 15 11832
radio 15 12346
radio 15 12418
radio 15 12932
radio 15 12981
radio 15 13495
radio 15 13568
radio 15 14082
radio 15 14111
radio 15 14625
radio 15 14653
radio 15 15167
radio 15 15195
radio 15 15709
radio 15 15737
radio 15 16251
radio 15 16299
radio 15 16813
delay 21 0 15 16862 15 17074 0 7 7 0 484 0 0
radio 15 16870
radio 15 17384
radio 15 17433
radio 15 17947
radio 15 17996
radio 15 18510
radio 15 18540
radio 15 19054
radio 15 19128
radio 15 19642
radio 15 19671
radio 15 20185
radio 15 20213
radio 15 20727
radio 15 20755
radio 15 21269
radio 15 21318
radio 15 21832
radio 15 21861
radio 15 22375
radio 15 22425
radio 15 22939
radio 15 22969
radio 15 23483
radio 15 23535
radio 15 24049
radio 15 24102
radio 15 24616
radio 15 24687
energy 15 24783 7 38810
radio 15 25201
radio 15 25251
radio 15 25765
radio 15 25813
radio 15 26327
radio 15 26357
radio 15 26871
radio 15 26905
radio 15 27419
radio 15 27449
radio 15 27963
radio 15 28039
radio 15 28553
radio 15 28582
radio 15 29096
radio 15 29144
radio 15 29658
radio 15 29686
radio 15 30200
radio 15 30230
radio 15 30744
radio 15 30775
radio 15 31289
radio 15 31325
radio 15 31839
radio 15 31867
radio 15 32381
radio 15 32489
radio 15 33003
radio 15 33074
radio 15 33588
radio 15 33617
radio 15 34131
radio 15 34163
radio 15 34677
radio 15 34729
radio 15 35243
radio 15 35271
radio 15 35785
radio 15 35818
radio 15 36332
radio 15 36363
radio 15 36877
delay 22 42 15 36930 15 35603 7 7 65535 0 58 1 0
radio 15 36940
radio 15 37453
radio 15 37572
radio 15 38085
radio 15 38141
radio 15 38655
radio 15 38684
radio 15 39198
radio 15 39234
radio 15 39748
radio 15 39784
radio 15 40298
radio 15 40326
radio 15 40840
radio 15 40869
radio 15 41383
radio 15 41438
radio 15 41952
radio 15 41981
radio 15 42495
radio 15 42566
radio 15 43080
radio 15 43111
radio 15 43625
radio 15 43681
radio 15 44195
radio 15 44228
radio 15 44742
radio 15 44792
radio 15 45306
radio 15 45336
radio 15 45850
radio 15 45878
radio 15 46392
radio 15 46440
radio 15 46954
radio 15 47022
radio 15 47536
radio 15 47567
radio 15 48081
radio 15 48112
radio 15 48626
radio 15 48697
radio 15 49211
radio 15 49246
radio 15 49760
radio 15 49789
radio 15 50303
radio 15 50378
radio 15 50892
radio 15 50921
radio 15 51435
radio 15 51549
radio 15 52063
radio 15 52094
radio 15 52608
radio 15 52657
radio 15 53171
radio 15 53204
radio 15 53718
radio 15 53746
radio 15 54260
radio 15 54292
radio 15 54806
radio 15 54859
radio 15 55373
radio 15 55464
radio 15 55978
radio 15 56006
radio 15 56520
radio 15 56568
radio 15 57082
delay 23 0 15 57392 15 57605 0 7 7 0 55 0 0
radio 15 57400
radio 15 57914
radio 15 58064
radio 15 58578
radio 15 58625
radio 15 59138
radio 15 59307
radio 15 59821
radio 15 59851
radio 15 60365
radio 15 60477
radio 15 60991
radio 15 61043
radio 15 61557
radio 15 61589
radio 15 62103
radio 15 62131
radio 15 62645
radio 15 62693
radio 15 63207
radio 15 63235
radio 15 63749
radio 15 63802
radio 15 64316
radio 15 64369
radio 15 64883
radio 15 64953
radio 15 65467
radio 15 65517
radio 16 495
radio 16 569
radio 16 1083
radio 16 1112
radio 16 1626
radio 16 1655
radio 16 2169
radio 16 2197
radio 16 2711
radio 16 2767
radio 16 3281
radio 16 3313
radio 16 3827
radio 16 3856
radio 16 4370
radio 16 4446
radio 16 4960
radio 16 4989
radio 16 5503
radio 16 5575
radio 16 6089
radio 16 6120
radio 16 6634
radio 16 6664
radio 16 7178
radio 16 7226
radio 16 7740
radio 16 7808
radio 16 8322
radio 16 8452
radio 16 8966
radio 16 9077
radio 16 9591
radio 16 9761
radio 16 10275
radio 16 10428
radio 16 10942
radio 16 10973
radio 16 11487
radio 16 11518
radio 16 12032
radio 16 12145
radio 16 12659
delay 24 6 16 12969 16 12981 9 7 65535 0 209 0 0
radio 16 12977
radio 16 13492
radio 16 13594
radio 16 14107
radio 16 14138
radio 16 14652
radio 16 14727
radio 16 15241
radio 16 15270
radio 16 15784
radio 16 15813
radio 16 16327
radio 16 16375
radio 16 16889
radio 16 16922
radio 16 17436
radio 16 17472
radio 16 17986
radio 16 18014
radio 16 18528
radio 16 18576
radio 16 19090
radio 16 19143
radio 16 19657
radio 16 19690
radio 16 20204
radio 16 20300
energy 16 20687 7 44318
radio 16 20814
radio 16 20848
radio 16 21362
radio 16 21437
radio 16 21951
radio 16 21980
radio 16 22494
radio 16 22523
radio 16 23037
radio 16 23111
radio 16 23625
radio 16 23657
radio 16 24171
radio 16 24202
radio 16 24716
radio 16 24809
radio 16 25323
radio 16 25353
radio 16 25867
radio 16 25919
radio 16 26433
radio 16 26465
radio 16 26979
radio 16 27007
radio 16 27521
radio 16 27589
radio 16 28103
radio 16 28153
radio 16 28667
radio 16 28719
radio 16 29233
radio 16 29302
radio 16 29816
radio 16 29849
radio 16 30363
radio 16 30399
radio 16 30913
radio 16 30941
radio 16 31455
radio 16 31503
radio 16 32017
radio 16 32049
radio 16 32563
radio 16 32592
radio 16 33106
delay 25 0 16 33277 16 33490 0 7 7 0 528 0 0
radio 16 33285
radio 16 33799
radio 16 33984
radio 16 34498
radio 16 34550
radio 16 35064
radio 16 35174
radio 16 35688
radio 16 35719
radio 16 36233
radio 16 36262
radio 16 36776
radio 16 36825
radio 16 37339
radio 16 37372
radio 16 37886
radio 16 37922
radio 16 38436
radio 16 38472
radio 16 38986
radio 16 39054
radio 16 39568
radio 16 39598
radio 16 40112
radio 16 40148
radio 16 40662
radio 16 40692
radio 16 41206
radio 16 41256
radio 16 41770
radio 16 41799
radio 16 42313
radio 16 42349
radio 16 42863
radio 16 42934
radio 16 43448
radio 16 43502
radio 16 44016
radio 16 44064
radio 16 44578
radio 16 44607
radio 16 45121
radio 16 45138
radio 16 45652
radio 16 45703
radio 16 46217
radio 16 46289
radio 16 46803
radio 16 46833
radio 16 47347
radio 16 47377
radio 16 47891
radio 16 47965
radio 16 48479
radio 16 48508
radio 16 49022
radio 16 49039
radio 16 49553
radio 16 49584
radio 16 50098
radio 16 50166
radio 16 50680
radio 16 50709
radio 16 51223
radio 16 51252
radio 16 51766
radio 16 51797
radio 16 52311
radio 16 52421
radio 16 52935
radio 16 52988
radio 16 53502
delay 26 24 16 53519 16 52734 6 7 1 0 108 0 0
radio 16 53527
radio 16 54041
radio 16 54187
radio 16 54700
radio 16 54718
radio 16 55232
radio 16 55307
radio 16 55821
radio 16 55851
radio 16 56365
radio 16 56401
radio 16 56915
radio 16 57085
radio 16 57599
radio 16 57713
radio 16 58227
radio 16 58337
radio 16 58851
radio 16 58939
radio 16 59453
radio 16 59504
radio 16 60018
radio 16 60047
radio 16 60561
radio 16 60629
radio 16 61143
radio 16 61172
radio 16 61686
radio 16 61715
radio 16 62229
radio 16 62262
radio 16 62776
radio 16 62807
radio 16 63321
radio 16 63351
radio 16 63865
radio 16 63899
radio 16 64413
radio 16 64449
radio 16 64963
radio 16 64991
radio 16 65505
radio 16 65534
radio 17 512
radio 17 540
radio 17 1054
radio 17 1102
radio 17 1616
radio 17 1664
radio 17 2178
radio 17 2247
radio 17 2761
radio 17 2790
radio 17 3304
radio 17 3336
radio 17 3850
radio 17 3902
radio 17 4416
radio 17 4449
radio 17 4963
radio 17 5097
radio 17 5611
radio 17 5640
radio 17 6154
radio 17 6230
radio 17 6744
radio 17 6773
radio 17 7287
radio 17 7315
radio 17 7829
radio 17 7857
radio 17 8371
delay 27 23 17 8390 17 7641 9 7 65535 0 116 1 0
radio 17 8398
radio 17 8913
radio 17 8991
radio 17 9504
radio 17 9688
radio 17 10202
radio 17 10231
radio 17 10745
radio 17 10779
radio 17 11293
radio 17 11363
radio 17 11877
radio 17 11906
radio 17 12420
radio 17 12471
radio 17 12985
radio 17 13014
radio 17 13528
radio 17 13579
radio 17 14093
radio 17 14144
radio 17 14658
radio 17 14687
radio 17 15201
radio 17 15256
radio 17 15770
radio 17 15819
radio 17 16333
radio 17 16405
energy 17 16591 7 49278
radio 17 16919
radio 17 16949
radio 17 17463
radio 17 17496
radio 17 18010
radio 17 18081
radio 17 18595
radio 17 18623
radio 17 19137
radio 17 19166
radio 17 19680
radio 17 19772
radio 17 20286
radio 17 20336
radio 17 20850
radio 17 20879
radio 17 21393
radio 17 21482
radio 17 21996
radio 17 22068
radio 17 22582
radio 17 22636
radio 17 23150
radio 17 23220
radio 17 23734
radio 17 23765
radio 17 24279
radio 17 24310
radio 17 24824
radio 17 24915
radio 17 25429
radio 17 25459
radio 17 25973
radio 17 26027
radio 17 26541
radio 17 26574
radio 17 27088
radio 17 27117
radio 17 27631
radio 17 27666
radio 17 28180
radio 17 28248
radio 17 28762
delay 28 0 17 28811 17 29024 0 7 7 0 136 0 0
radio 17 28819
radio 17 29333
radio 17 29383
radio 17 29896
radio 17 29931
radio 17 30444
radio 17 30473
radio 17 30987
radio 17 31017
radio 17 31531
radio 17 31582
radio 17 32096
radio 17 32126
radio 17 32640
radio 17 32672
radio 17 33186
radio 17 33218
radio 17 33732
radio 17 33760
radio 17 34274
radio 17 34302
radio 17 34816
radio 17 34884
radio 17 35398
radio 17 35427
radio 17 35941
radio 17 36010
radio 17 36524
radio 17 36553
radio 17 37067
radio 17 37163
radio 17 37677
radio 17 37711
radio 17 38225
radio 17 38260
radio 17 38774
radio 17 38843
radio 17 39357
radio 17 39386
radio 17 39900
radio 17 39936
radio 17 40450
radio 17 40518
radio 17 41032
radio 17 41061
radio 17 41575
radio 17 41623
radio 17 42137
radio 17 42170
radio 17 42684
radio 17 42720
radio 17 43234
radio 17 43262
radio 17 43776
radio 17 43824
radio 17 44338
radio 17 44370
radio 17 44884
radio 17 44953
radio 17 45467
radio 17 45496
radio 17 46010
radio 17 46078
radio 17 46592
radio 17 46621
radio 17 47135
radio 17 47164
radio 17 47678
radio 17 47707
radio 17 48221
radio 17 48349
radio 17 48863
radio 17 48916
radio 17 49430
delay 29 24 17 49701 17 48916 6 7 1 0 171 0 0
radio 17 49709
radio 17 50224
radio 17 50240
radio 17 50753
radio 17 50785
radio 17 51299
radio 17 51327
radio 17 51841
radio 17 51869
radio 17 52383
radio 17 52412
radio 17 52926
radio 17 53076
radio 17 53590
radio 17 53659
radio 17 54173
radio 17 54202
radio 17 54716
radio 17 54884
radio 17 55398
radio 17 55430
radio 17 55944
radio 17 55976
radio 17 56490
radio 17 56539
radio 17 57053
radio 17 57085
radio 17 57599
radio 17 57632
