Thread[Thread-1,5,main]tree 35 8 0 14 0 0
radio 8 58575
radio 8 58579
radio 8 58628
radio 8 59142
radio 8 59172
radio 8 59686
radio 8 59703
radio 8 60217
radio 8 60247
radio 8 60761
radio 8 60789
radio 8 61303
radio 8 61353
radio 8 61867
radio 8 61902
radio 8 62416
radio 8 62469
radio 8 62983
radio 8 63057
radio 8 63571
radio 8 63622
radio 8 64136
radio 8 64171
radio 8 64685
radio 8 64702
radio 8 65216
radio 8 65246
radio 9 224
radio 9 272
radio 9 785
radio 9 802
radio 9 1315
radio 9 1347
radio 9 1861
radio 9 1878
radio 9 2391
radio 9 2425
radio 9 2939
radio 9 2956
radio 9 3469
radio 9 3499
radio 9 4013
radio 9 4062
radio 9 4576
radio 9 4652
radio 9 5166
radio 9 5216
radio 9 5730
radio 9 5765
radio 9 6279
radio 9 6370
radio 9 6884
radio 9 6959
radio 9 7473
radio 9 7490
radio 9 8003
radio 9 8020
radio 9 8533
radio 9 8550
radio 9 9063
radio 9 9080
radio 9 9594
radio 9 9611
radio 9 10124
radio 9 10141
radio 9 10655
radio 9 10707
radio 9 11221
radio 9 11252
radio 9 11766
radio 9 11819
radio 9 12333
radio 9 12389
radio 9 12903
radio 9 12920
radio 9 13434
radio 9 13466
radio 9 13980
radio 9 14008
radio 9 14522
radio 9 14555
radio 9 15069
radio 9 15138
radio 9 15652
radio 9 15703
radio 9 16217
radio 9 16251
radio 9 16765
radio 9 16814
radio 9 17328
radio 9 17379
radio 9 17893
radio 9 17942
radio 9 18456
radio 9 18473
radio 9 18987
radio 9 19018
radio 9 19532
radio 9 19582
radio 9 20096
radio 9 20131
radio 9 20645
radio 9 20697
radio 9 21211
radio 9 21240
radio 9 21754
radio 9 21771
radio 9 22285
radio 9 22317
radio 9 22831
radio 9 22866
radio 9 23380
radio 9 23397
radio 9 23911
radio 9 23928
radio 9 24442
radio 9 24459
radio 9 24973
radio 9 25029
radio 9 25543
radio 9 25572
radio 9 26086
radio 9 26119
radio 9 26633
radio 9 26664
radio 9 27178
radio 9 27195
radio 9 27709
radio 9 27762
radio 9 28276
radio 9 28310
radio 9 28824
radio 9 28841
radio 9 29355
radio 9 29387
radio 9 29901
radio 9 29918
radio 9 30432
radio 9 30486
radio 9 31000
radio 9 31051
radio 9 31565
radio 9 31599
radio 9 32113
radio 9 32161
radio 9 32675
radio 9 32705
radio 9 33219
radio 9 33236
radio 9 33750
radio 9 33767
radio 9 34281
radio 9 34298
radio 9 34812
radio 9 34829
radio 9 35343
radio 9 35374
radio 9 35888
radio 9 35941
radio 9 36455
radio 9 36529
radio 9 37043
radio 9 37074
radio 9 37588
radio 9 37622
radio 9 38136
radio 9 38207
radio 9 38721
radio 9 38771
radio 9 39285
radio 9 39320
radio 9 39834
radio 9 39851
radio 9 40365
radio 9 40417
radio 9 40931
radio 9 40948
radio 9 41462
radio 9 41479
radio 9 41993
radio 9 42023
radio 9 42537
radio 9 42571
radio 9 43085
radio 9 43139
radio 9 43653
radio 9 43681
radio 9 44195
radio 9 44212
radio 9 44726
radio 9 44743
radio 9 45257
radio 9 45274
radio 9 45788
radio 9 45840
radio 9 46354
radio 9 46371
radio 9 46885
radio 9 46902
radio 9 47416
radio 9 47433
radio 9 47947
radio 9 47980
radio 9 48494
radio 9 48527
radio 9 49041
radio 9 49072
radio 9 49586
radio 9 49640
radio 9 50154
radio 9 50182
radio 9 50696
radio 9 50730
radio 9 51244
radio 9 51314
radio 9 51828
radio 9 51859
radio 9 52373
radio 9 52390
radio 9 52904
radio 9 52921
radio 9 53435
radio 9 53452
radio 9 53966
radio 9 54017
energy 9 54491 8 61826
radio 9 54531
radio 9 54548
radio 9 55062
radio 9 55079
radio 9 55593
radio 9 55610
radio 9 56124
radio 9 56179
radio 9 56693
radio 9 56746
radio 9 57260
radio 9 57288
radio 9 57802
radio 9 57856
radio 9 58370
radio 9 58404
radio 9 58918
radio 9 58970
radio 9 59484
radio 9 59574
radio 9 60088
radio 9 60105
radio 9 60619
radio 9 60636
radio 9 61150
radio 9 61181
radio 9 61695
radio 9 61724
radio 9 62238
radio 9 62255
radio 9 62769
radio 9 62786
radio 9 63300
radio 9 63373
radio 9 63887
radio 9 63942
radio 9 64456
radio 9 64564
radio 9 65078
radio 9 65095
radio 10 73
radio 10 143
radio 10 657
radio 10 689
radio 10 1203
radio 10 1232
radio 10 1746
radio 10 1821
radio 10 2335
radio 10 2386
radio 10 2900
radio 10 2974
radio 10 3488
radio 10 3520
radio 10 4034
radio 10 4051
radio 10 4565
radio 10 4596
radio 10 5110
radio 10 5127
radio 10 5641
radio 10 5658
radio 10 6172
radio 10 6189
radio 10 6703
radio 10 6738
radio 10 7252
radio 10 7270
radio 10 7783
radio 10 7837
radio 10 8351
radio 10 8426
radio 10 8940
radio 10 8993
radio 10 9507
radio 10 9541
radio 10 10055
radio 10 10109
radio 10 10623
radio 10 10651
radio 10 11165
radio 10 11182
radio 10 11696
radio 10 11724
radio 10 12238
radio 10 12307
radio 10 12821
radio 10 12853
radio 10 13367
radio 10 13398
radio 10 13912
radio 10 13945
radio 10 14459
radio 10 14476
radio 10 14990
radio 10 15007
radio 10 15521
radio 10 15538
radio 10 16052
radio 10 16088
radio 10 16602
radio 10 16619
radio 10 17133
radio 10 17168
radio 10 17682
radio 10 17699
radio 10 18213
radio 10 18244
radio 10 18758
radio 10 18775
radio 10 19289
radio 10 19306
radio 10 19820
radio 10 19837
radio 10 20351
radio 10 20368
radio 10 20882
radio 10 20899
radio 10 21413
radio 10 21430
radio 10 21944
radio 10 21996
radio 10 22510
radio 10 22560
radio 10 23074
radio 10 23091
radio 10 23605
radio 10 23641
radio 10 24155
radio 10 24172
radio 10 24686
radio 10 24719
radio 10 25233
radio 10 25286
radio 10 25800
radio 10 25830
radio 10 26344
radio 10 26440
radio 10 26954
radio 10 26985
radio 10 27499
radio 10 27533
radio 10 28047
radio 10 28080
radio 10 28594
radio 10 28625
radio 10 29139
radio 10 29188
radio 10 29702
radio 10 29737
radio 10 30251
radio 10 30268
radio 10 30782
delay 0 41 10 30830 10 30484 16 7 65535 0 225 0 0
radio 10 30838
radio 10 31352
radio 10 31456
radio 10 31969
radio 10 32023
radio 10 32537
radio 10 32586
radio 10 33100
radio 10 33150
radio 10 33664
radio 10 33681
radio 10 34195
radio 10 34224
radio 10 34738
radio 10 34772
radio 10 35286
radio 10 35322
radio 10 35836
radio 10 35869
radio 10 36383
radio 10 36432
radio 10 36946
radio 10 36981
radio 10 37495
radio 10 37512
radio 10 38026
radio 10 38062
radio 10 38576
radio 10 38593
radio 10 39107
radio 10 39140
radio 10 39654
radio 10 39687
radio 10 40201
radio 10 40235
radio 10 40749
radio 10 40778
radio 10 41292
radio 10 41322
radio 10 41836
radio 10 41866
radio 10 42380
radio 10 42434
radio 10 42948
radio 10 43002
radio 10 43516
radio 10 43552
radio 10 44066
radio 10 44121
radio 10 44635
radio 10 44668
radio 10 45182
radio 10 45232
radio 10 45746
radio 10 45763
radio 10 46277
radio 10 46294
radio 10 46808
radio 10 46837
radio 10 47351
radio 10 47384
radio 10 47898
radio 10 47915
radio 10 48429
radio 10 48446
radio 10 48960
radio 10 48997
radio 10 49511
radio 10 49580
radio 10 50094
radio 10 50122
energy 10 50395 8 65225
radio 10 50636
radio 10 50653
radio 10 51167
delay 1 40 10 52122 10 51830 9 7 65535 0 982 0 0
radio 10 52131
radio 10 52645
radio 10 52674
radio 10 53188
radio 10 53225
radio 10 53739
radio 10 53830
radio 10 54344
radio 10 54377
radio 10 54891
radio 10 54908
radio 10 55422
radio 10 55455
radio 10 55969
radio 10 56002
radio 10 56516
radio 10 56533
radio 10 57047
radio 10 57077
radio 10 57591
radio 10 57643
radio 10 58157
radio 10 58210
radio 10 58724
radio 10 58757
radio 10 59271
radio 10 59307
radio 10 59821
radio 10 59838
radio 10 60352
radio 10 60369
radio 10 60883
radio 10 60900
radio 10 61414
radio 10 61446
radio 10 61960
radio 10 61977
radio 10 62491
radio 10 62508
radio 10 63022
radio 10 63039
radio 10 63553
radio 10 63570
radio 10 64084
radio 10 64101
radio 10 64615
radio 10 64667
radio 10 65181
radio 10 65198
radio 11 176
radio 11 249
radio 11 763
radio 11 815
radio 11 1329
radio 11 1362
radio 11 1876
radio 11 1893
radio 11 2407
radio 11 2457
radio 11 2971
radio 11 2988
radio 11 3502
radio 11 3519
radio 11 4033
radio 11 4050
radio 11 4564
radio 11 4581
radio 11 5095
radio 11 5112
radio 11 5626
radio 11 5680
radio 11 6194
delay 2 10 11 6327 11 6917 7 7 65535 0 174 0 0
radio 11 6335
radio 11 6850
radio 11 6958
radio 11 7471
radio 11 7604
radio 11 8117
radio 11 8134
radio 11 8648
radio 11 8677
radio 11 9191
radio 11 9227
radio 11 9741
radio 11 9791
radio 11 10305
radio 11 10322
radio 11 10836
radio 11 10853
radio 11 11367
radio 11 11419
radio 11 11933
radio 11 11950
radio 11 12464
radio 11 12519
radio 11 13033
radio 11 13067
radio 11 13581
radio 11 13598
radio 11 14112
radio 11 14129
radio 11 14643
radio 11 14693
radio 11 15207
radio 11 15242
radio 11 15756
radio 11 15773
radio 11 16287
radio 11 16316
radio 11 16830
radio 11 16862
radio 11 17376
radio 11 17445
radio 11 17959
radio 11 17976
radio 11 18490
radio 11 18519
radio 11 19033
radio 11 19050
radio 11 19564
radio 11 19619
radio 11 20133
radio 11 20162
radio 11 20676
radio 11 20693
radio 11 21207
radio 11 21224
radio 11 21738
radio 11 21813
radio 11 22327
radio 11 22344
radio 11 22858
radio 11 22892
radio 11 23406
radio 11 23457
radio 11 23971
radio 11 24000
radio 11 24514
radio 11 24531
radio 11 25045
radio 11 25074
radio 11 25588
radio 11 25605
radio 11 26119
radio 11 26154
radio 11 26668
delay 3 41 11 26686 11 26341 16 7 65535 0 228 0 0
radio 11 26694
radio 11 27209
radio 11 27226
radio 11 27740
radio 11 27799
radio 11 28313
radio 11 28342
radio 11 28856
radio 11 28905
radio 11 29419
radio 11 29451
radio 11 29965
radio 11 29982
radio 11 30496
radio 11 30513
radio 11 31027
radio 11 31080
radio 11 31594
radio 11 31644
radio 11 32158
radio 11 32231
radio 11 32745
radio 11 32797
radio 11 33311
radio 11 33384
radio 11 33898
radio 11 33949
radio 11 34463
radio 11 34538
radio 11 35052
radio 11 35104
radio 11 35618
radio 11 35691
radio 11 36205
radio 11 36254
radio 11 36768
