Thread[Thread-1,5,main]tree 83 19 24 16 0 0
radio 8 53479
radio 8 53483
radio 8 53535
radio 8 54049
radio 8 54082
radio 8 54596
radio 8 54613
radio 8 55127
radio 8 55178
radio 8 55692
radio 8 55709
radio 8 56222
radio 8 56250
radio 8 56764
radio 8 56781
radio 8 57295
radio 8 57327
radio 8 57841
radio 8 57873
radio 8 58387
radio 8 58455
radio 8 58969
radio 8 59018
radio 8 59532
radio 8 59583
radio 8 60097
radio 8 60126
radio 8 60640
radio 8 60657
radio 8 61170
radio 8 61220
radio 8 61734
radio 8 61783
radio 8 62297
radio 8 62325
radio 8 62839
radio 8 62856
radio 8 63370
radio 8 63387
radio 8 63901
radio 8 63937
radio 8 64451
radio 8 64483
radio 8 64997
radio 8 65014
radio 8 65528
radio 9 9
radio 9 522
radio 9 539
radio 9 1052
radio 9 1107
radio 9 1621
radio 9 1653
radio 9 2167
radio 9 2199
radio 9 2713
radio 9 2747
radio 9 3261
radio 9 3289
radio 9 3803
radio 9 3820
radio 9 4333
radio 9 4427
radio 9 4941
radio 9 4975
radio 9 5489
radio 9 5545
radio 9 6059
radio 9 6109
radio 9 6623
radio 9 6653
radio 9 7167
radio 9 7262
radio 9 7776
radio 9 7807
radio 9 8321
radio 9 8356
radio 9 8870
radio 9 8887
radio 9 9400
radio 9 9431
radio 9 9945
radio 9 9973
radio 9 10487
radio 9 10504
radio 9 11018
radio 9 11049
radio 9 11563
radio 9 11580
radio 9 12094
radio 9 12111
radio 9 12625
radio 9 12655
radio 9 13169
radio 9 13186
radio 9 13699
radio 9 13716
radio 9 14230
radio 9 14278
radio 9 14792
radio 9 14843
radio 9 15357
radio 9 15386
radio 9 15900
radio 9 15952
radio 9 16466
radio 9 16521
radio 9 17035
radio 9 17068
radio 9 17582
radio 9 17613
radio 9 18127
radio 9 18182
radio 9 18696
radio 9 18713
radio 9 19227
radio 9 19276
radio 9 19790
radio 9 19847
radio 9 20361
radio 9 20436
radio 9 20950
radio 9 21023
radio 9 21537
radio 9 21554
radio 9 22068
radio 9 22085
radio 9 22599
radio 9 22627
radio 9 23141
radio 9 23197
radio 9 23711
radio 9 23728
radio 9 24241
radio 9 24277
radio 9 24791
radio 9 24823
radio 9 25337
radio 9 25354
radio 9 25867
radio 9 25884
radio 9 26398
radio 9 26415
radio 9 26929
radio 9 26960
radio 9 27474
radio 9 27524
radio 9 28038
radio 9 28055
radio 9 28569
radio 9 28586
radio 9 29100
radio 9 29117
radio 9 29630
radio 9 29661
radio 9 30175
radio 9 30211
radio 9 30725
radio 9 30742
radio 9 31256
radio 9 31306
radio 9 31820
radio 9 31837
radio 9 32351
radio 9 32380
radio 9 32894
radio 9 32950
radio 9 33464
radio 9 33481
radio 9 33995
radio 9 34031
radio 9 34545
radio 9 34575
radio 9 35089
radio 9 35106
radio 9 35620
radio 9 35637
radio 9 36151
radio 9 36202
radio 9 36716
radio 9 36733
radio 9 37247
radio 9 37276
radio 9 37790
radio 9 37807
radio 9 38321
radio 9 38357
radio 9 38871
radio 9 38888
radio 9 39402
radio 9 39478
radio 9 39992
radio 9 40009
radio 9 40522
radio 9 40553
radio 9 41067
radio 9 41099
radio 9 41613
radio 9 41641
radio 9 42155
radio 9 42172
radio 9 42686
radio 9 42737
radio 9 43251
radio 9 43285
radio 9 43799
radio 9 43828
radio 9 44342
radio 9 44359
radio 9 44872
radio 9 44889
radio 9 45402
radio 9 45455
radio 9 45969
radio 9 45986
radio 9 46500
radio 9 46517
radio 9 47030
radio 9 47061
radio 9 47575
radio 9 47592
radio 9 48105
radio 9 48122
radio 9 48635
radio 9 48706
radio 9 49220
radio 9 49270
energy 9 49395 8 56539
radio 9 49784
radio 9 49859
radio 9 50373
radio 9 50408
radio 9 50922
radio 9 50939
radio 9 51453
radio 9 51481
radio 9 51995
radio 9 52063
radio 9 52577
radio 9 52627
radio 9 53141
radio 9 53193
radio 9 53707
radio 9 53736
radio 9 54250
radio 9 54305
radio 9 54819
radio 9 54868
radio 9 55382
radio 9 55416
radio 9 55930
radio 9 55947
radio 9 56461
radio 9 56489
radio 9 57003
radio 9 57020
radio 9 57534
radio 9 57551
radio 9 58064
radio 9 58081
radio 9 58595
radio 9 58668
radio 9 59182
radio 9 59296
radio 9 59810
radio 9 59827
radio 9 60340
radio 9 60368
radio 9 60882
radio 9 60914
radio 9 61428
radio 9 61499
radio 9 62013
radio 9 62049
radio 9 62563
radio 9 62580
radio 9 63094
radio 9 63124
radio 9 63638
radio 9 63667
radio 9 64181
radio 9 64233
radio 9 64747
radio 9 64782
radio 9 65296
radio 9 65313
radio 10 291
radio 10 367
radio 10 881
radio 10 898
radio 10 1411
radio 10 1445
radio 10 1959
radio 10 1976
radio 10 2489
radio 10 2520
radio 10 3034
radio 10 3051
radio 10 3565
radio 10 3615
radio 10 4129
radio 10 4146
radio 10 4660
radio 10 4677
radio 10 5191
radio 10 5208
radio 10 5721
radio 10 5753
radio 10 6267
radio 10 6284
radio 10 6797
radio 10 6866
radio 10 7380
radio 10 7397
radio 10 7911
radio 10 7959
radio 10 8473
radio 10 8546
radio 10 9060
radio 10 9110
radio 10 9624
radio 10 9740
radio 10 10254
radio 10 10329
radio 10 10843
radio 10 10891
radio 10 11405
radio 10 11455
radio 10 11969
radio 10 11986
radio 10 12500
radio 10 12517
radio 10 13031
radio 10 13060
radio 10 13574
radio 10 13591
radio 10 14105
radio 10 14122
radio 10 14636
radio 10 14653
radio 10 15167
radio 10 15184
radio 10 15698
radio 10 15787
radio 10 16301
radio 10 16335
radio 10 16849
radio 10 16905
radio 10 17419
radio 10 17469
radio 10 17983
radio 10 18000
radio 10 18514
radio 10 18546
radio 10 19060
radio 10 19115
radio 10 19629
radio 10 19660
radio 10 20174
radio 10 20191
radio 10 20705
radio 10 20737
radio 10 21251
radio 10 21287
radio 10 21801
radio 10 21835
radio 10 22349
radio 10 22366
radio 10 22880
radio 10 22913
radio 10 23427
radio 10 23459
radio 10 23973
radio 10 23990
radio 10 24504
radio 10 24555
radio 10 25069
radio 10 25119
radio 10 25633
radio 10 25650
radio 10 26164
radio 10 26181
radio 10 26695
radio 10 26712
radio 10 27226
radio 10 27280
radio 10 27794
radio 10 27844
radio 10 28358
radio 10 28386
radio 10 28900
radio 10 28917
radio 10 29431
radio 10 29448
radio 10 29962
radio 10 30017
radio 10 30531
radio 10 30560
radio 10 31074
delay 0 33 10 31091 10 30344 18 18 65535 0 65535 0 0
radio 10 31100
radio 10 31614
radio 10 31657
radio 10 32171
radio 10 32214
radio 10 32728
radio 10 32756
radio 10 33269
radio 10 33286
radio 10 33800
radio 10 33828
radio 10 34342
radio 10 34374
radio 10 34888
radio 10 34918
radio 10 35432
radio 10 35449
radio 10 35963
radio 10 35980
radio 10 36494
radio 10 36583
radio 10 37097
radio 10 37173
radio 10 37687
radio 10 37704
radio 10 38218
radio 10 38235
radio 10 38749
radio 10 38766
radio 10 39280
radio 10 39309
radio 10 39823
radio 10 39876
radio 10 40390
radio 10 40423
radio 10 40937
radio 10 40954
radio 10 41468
radio 10 41517
radio 10 42031
radio 10 42102
radio 10 42616
radio 10 42665
radio 10 43179
radio 10 43255
radio 10 43769
radio 10 43801
radio 10 44315
radio 10 44332
radio 10 44846
radio 10 44863
energy 10 45299 8 59941
radio 10 45377
radio 10 45394
radio 10 45908
radio 10 45981
radio 10 46495
radio 10 46547
radio 10 47061
radio 10 47135
radio 10 47649
radio 10 47701
radio 10 48215
radio 10 48284
radio 10 48798
radio 10 48833
radio 10 49347
radio 10 49375
radio 10 49889
radio 10 49906
radio 10 50420
radio 10 50468
radio 10 50982
radio 10 50999
radio 10 51513
delay 1 3 10 51666 10 51582 7 18 11 1 76 1 0
radio 10 52747
radio 10 53261
radio 10 53313
radio 10 53827
radio 10 53844
radio 10 54358
radio 10 54375
radio 10 54889
radio 10 54906
radio 10 55420
radio 10 55448
radio 10 55962
radio 10 55994
radio 10 56508
radio 10 56541
radio 10 57055
radio 10 57105
radio 10 57619
radio 10 57648
radio 10 58162
radio 10 58179
radio 10 58693
radio 10 58710
radio 10 59224
radio 10 59339
radio 10 59853
radio 10 59928
radio 10 60442
radio 10 60459
radio 10 60973
radio 10 60990
radio 10 61504
radio 10 61521
radio 10 62035
radio 10 62068
radio 10 62582
radio 10 62654
radio 10 63168
radio 10 63217
radio 10 63731
radio 10 63748
radio 10 64262
radio 10 64292
radio 10 64806
radio 10 64823
radio 10 65337
radio 10 65369
radio 11 347
radio 11 378
radio 11 892
radio 11 920
radio 11 1434
radio 11 1451
radio 11 1964
radio 11 1993
radio 11 2507
radio 11 2541
radio 11 3055
radio 11 3104
radio 11 3618
radio 11 3635
radio 11 4148
radio 11 4182
radio 11 4696
radio 11 4748
radio 11 5262
radio 11 5279
radio 11 5793
radio 11 5824
radio 11 6338
radio 11 6371
radio 11 6885
delay 2 34 11 7449 11 6782 18 18 65535 0 447 0 0
radio 11 7457
radio 11 7971
radio 11 8027
radio 11 8541
radio 11 8590
radio 11 9104
radio 11 9177
radio 11 9691
radio 11 9743
radio 11 10257
radio 11 10331
radio 11 10845
radio 11 10997
radio 11 11511
radio 11 11565
radio 11 12079
radio 11 12109
radio 11 12623
radio 11 12640
radio 11 13154
radio 11 13171
radio 11 13685
radio 11 13702
radio 11 14216
radio 11 14246
radio 11 14760
radio 11 14815
radio 11 15329
radio 11 15357
radio 11 15871
radio 11 15925
radio 11 16439
radio 11 16488
radio 11 17002
radio 11 17050
radio 11 17564
radio 11 17597
radio 11 18111
radio 11 18145
radio 11 18659
radio 11 18689
radio 11 19203
radio 11 19252
radio 11 19766
radio 11 19798
radio 11 20312
radio 11 20341
radio 11 20855
radio 11 20872
radio 11 21386
radio 11 21403
radio 11 21917
radio 11 21948
radio 11 22462
radio 11 22479
radio 11 22993
radio 11 23010
radio 11 23524
radio 11 23579
radio 11 24093
radio 11 24110
radio 11 24624
radio 11 24673
radio 11 25187
radio 11 25222
radio 11 25736
radio 11 25786
radio 11 26300
radio 11 26374
radio 11 26888
radio 11 26905
radio 11 27419
delay 3 5 11 27766 11 27727 16 18 2 0 607 0 0
radio 11 27774
radio 11 28288
radio 11 28364
radio 11 28878
radio 11 28895
radio 11 29409
radio 11 29437
radio 11 29951
radio 11 29968
radio 11 30482
radio 11 30511
radio 11 31025
radio 11 31053
radio 11 31567
radio 11 31620
radio 11 32134
radio 11 32184
radio 11 32698
radio 11 32811
radio 11 33325
radio 11 33400
radio 11 33914
radio 11 33946
radio 11 34460
radio 11 34488
radio 11 35002
radio 11 35078
radio 11 35592
radio 11 35609
radio 11 36123
radio 11 36140
radio 11 36654
radio 11 36683
radio 11 37197
radio 11 37214
