Thread[Thread-1,5,main]tree 11 8 0 16 3 1
radio 8 46291
radio 8 46295
radio 8 46312
radio 8 46825
radio 8 46858
radio 8 47372
radio 8 47389
radio 8 47902
radio 8 47919
radio 8 48432
radio 8 48449
radio 8 48962
radio 8 48979
radio 8 49492
radio 8 49509
radio 8 50022
radio 8 50056
radio 8 50570
radio 8 50587
radio 8 51100
radio 8 51117
radio 8 51630
radio 8 51686
radio 8 52200
radio 8 52234
radio 8 52748
radio 8 52765
radio 8 53278
radio 8 53295
radio 8 53808
radio 8 53825
radio 8 54338
radio 8 54371
radio 8 54885
radio 8 54920
radio 8 55434
radio 8 55451
radio 8 55964
radio 8 56016
radio 8 56530
radio 8 56581
radio 8 57095
radio 8 57131
radio 8 57645
radio 8 57695
radio 8 58209
radio 8 58257
radio 8 58771
radio 8 58806
radio 8 59320
radio 8 59337
radio 8 59850
radio 8 59867
radio 8 60380
radio 8 60432
radio 8 60946
radio 8 60963
radio 8 61476
radio 8 61493
radio 8 62006
radio 8 62023
radio 8 62536
radio 8 62585
radio 8 63099
radio 8 63116
radio 8 63630
radio 8 63647
radio 8 64160
radio 8 64196
radio 8 64710
radio 8 64727
radio 8 65240
radio 8 65272
radio 9 250
radio 9 267
radio 9 780
radio 9 797
radio 9 1310
radio 9 1327
radio 9 1840
radio 9 1857
radio 9 2370
radio 9 2406
radio 9 2920
radio 9 2948
radio 9 3462
radio 9 3479
radio 9 3992
radio 9 4047
radio 9 4561
radio 9 4591
radio 9 5105
radio 9 5157
radio 9 5671
radio 9 5726
radio 9 6240
radio 9 6257
radio 9 6770
radio 9 6787
radio 9 7300
radio 9 7330
radio 9 7844
radio 9 7879
radio 9 8393
radio 9 8410
radio 9 8923
radio 9 8951
radio 9 9465
radio 9 9482
radio 9 9995
radio 9 10012
radio 9 10525
radio 9 10542
radio 9 11055
radio 9 11072
radio 9 11585
radio 9 11616
radio 9 12130
radio 9 12147
radio 9 12660
radio 9 12677
radio 9 13190
radio 9 13207
radio 9 13720
radio 9 13737
radio 9 14251
radio 9 14268
radio 9 14781
radio 9 14852
radio 9 15366
radio 9 15383
radio 9 15896
radio 9 15926
radio 9 16440
radio 9 16474
radio 9 16988
radio 9 17005
radio 9 17518
radio 9 17535
radio 9 18048
radio 9 18065
radio 9 18578
radio 9 18595
radio 9 19108
radio 9 19125
radio 9 19638
radio 9 19655
radio 9 20168
radio 9 20185
radio 9 20698
radio 9 20715
radio 9 21228
radio 9 21245
radio 9 21758
radio 9 21775
radio 9 22288
radio 9 22317
radio 9 22831
radio 9 22882
radio 9 23396
radio 9 23447
radio 9 23961
radio 9 23992
radio 9 24506
radio 9 24556
radio 9 25070
radio 9 25087
radio 9 25600
radio 9 25652
radio 9 26166
radio 9 26197
radio 9 26711
radio 9 26766
radio 9 27280
radio 9 27328
radio 9 27842
radio 9 27859
radio 9 28372
radio 9 28441
radio 9 28955
radio 9 28972
radio 9 29485
radio 9 29559
radio 9 30073
radio 9 30121
radio 9 30635
radio 9 30684
radio 9 31198
radio 9 31232
radio 9 31746
radio 9 31794
radio 9 32308
radio 9 32338
radio 9 32852
radio 9 32869
radio 9 33382
radio 9 33399
radio 9 33912
radio 9 33929
radio 9 34442
radio 9 34477
radio 9 34991
radio 9 35008
radio 9 35521
radio 9 35538
radio 9 36051
radio 9 36083
radio 9 36597
radio 9 36614
radio 9 37127
radio 9 37158
radio 9 37672
radio 9 37689
radio 9 38202
radio 9 38233
radio 9 38747
radio 9 38764
radio 9 39277
radio 9 39294
radio 9 39807
radio 9 39824
radio 9 40337
radio 9 40354
radio 9 40868
radio 9 40885
radio 9 41398
radio 9 41450
radio 9 41964
radio 9 42034
energy 9 42206 8 48794
radio 9 42548
radio 9 42565
radio 9 43078
radio 9 43095
radio 9 43608
radio 9 43638
radio 9 44152
radio 9 44181
radio 9 44695
radio 9 44712
radio 9 45225
radio 9 45242
radio 9 45755
radio 9 45772
radio 9 46286
radio 9 46303
radio 9 46816
radio 9 46846
radio 9 47360
radio 9 47377
radio 9 47890
radio 9 47939
radio 9 48453
radio 9 48470
radio 9 48983
radio 9 49000
radio 9 49513
radio 9 49583
radio 9 50097
radio 9 50114
radio 9 50627
radio 9 50644
radio 9 51157
radio 9 51174
radio 9 51687
radio 9 51704
radio 9 52217
radio 9 52248
radio 9 52762
radio 9 52795
radio 9 53309
radio 9 53359
radio 9 53873
radio 9 53903
radio 9 54417
radio 9 54447
radio 9 54961
radio 9 54989
radio 9 55503
radio 9 55531
radio 9 56045
radio 9 56081
radio 9 56595
radio 9 56645
radio 9 57159
radio 9 57188
radio 9 57702
radio 9 57730
radio 9 58244
radio 9 58280
radio 9 58794
radio 9 58811
radio 9 59324
radio 9 59377
radio 9 59891
radio 9 59925
radio 9 60439
radio 9 60456
radio 9 60969
radio 9 61019
radio 9 61533
radio 9 61561
radio 9 62075
radio 9 62106
radio 9 62620
radio 9 62656
radio 9 63170
radio 9 63222
radio 9 63736
radio 9 63771
radio 9 64285
radio 9 64313
radio 9 64827
radio 9 64855
radio 9 65369
radio 9 65421
radio 10 399
radio 10 428
radio 10 942
radio 10 976
radio 10 1490
radio 10 1520
radio 10 2034
radio 10 2087
radio 10 2601
radio 10 2650
radio 10 3164
radio 10 3237
radio 10 3751
radio 10 3803
radio 10 4317
radio 10 4390
radio 10 4904
radio 10 4952
radio 10 5466
radio 10 5518
radio 10 6032
radio 10 6060
radio 10 6574
radio 10 6604
radio 10 7118
radio 10 7169
radio 10 7683
radio 10 7715
radio 10 8229
radio 10 8264
radio 10 8778
radio 10 8834
radio 10 9348
radio 10 9399
radio 10 9913
radio 10 9930
radio 10 10443
radio 10 10460
radio 10 10974
radio 10 11003
radio 10 11517
radio 10 11549
radio 10 12063
radio 10 12080
radio 10 12594
radio 10 12611
radio 10 13125
radio 10 13161
radio 10 13675
radio 10 13728
radio 10 14242
radio 10 14270
radio 10 14784
radio 10 14801
radio 10 15315
radio 10 15332
radio 10 15846
radio 10 15863
radio 10 16377
radio 10 16407
radio 10 16921
radio 10 16951
radio 10 17465
radio 10 17500
radio 10 18014
radio 10 18062
radio 10 18576
radio 10 18612
radio 10 19126
radio 10 19180
radio 10 19694
radio 10 19711
radio 10 20225
radio 10 20242
radio 10 20756
radio 10 20773
radio 10 21287
radio 10 21315
radio 10 21829
radio 10 21846
radio 10 22360
radio 10 22388
radio 10 22902
radio 10 22950
radio 10 23464
radio 10 23517
radio 10 24031
radio 10 24063
radio 10 24577
radio 10 24633
radio 10 25147
radio 10 25175
radio 10 25689
radio 10 25721
radio 10 26235
radio 10 26303
radio 10 26817
radio 10 26865
radio 10 27379
radio 10 27432
radio 10 27946
radio 10 27963
radio 10 28477
radio 10 28494
radio 10 29008
radio 10 29038
radio 10 29552
radio 10 29581
radio 10 30095
delay 0 0 10 30144 10 31079 0 7 7 0 103 1 1
radio 10 31423
radio 10 31937
radio 10 31953
radio 10 32466
radio 10 32495
radio 10 33009
radio 10 33026
radio 10 33540
radio 10 33569
radio 10 34083
radio 10 34114
radio 10 34628
radio 10 34656
radio 10 35170
radio 10 35187
radio 10 35701
radio 10 35752
radio 10 36266
radio 10 36283
radio 10 36797
radio 10 36814
radio 10 37328
radio 10 37345
radio 10 37859
radio 10 37876
energy 10 38110 8 52970
radio 10 38390
radio 10 38407
radio 10 38921
radio 10 38970
radio 10 39484
radio 10 39501
radio 10 40015
radio 10 40043
radio 10 40557
radio 10 40607
radio 10 41121
radio 10 41197
radio 10 41711
radio 10 41760
radio 10 42274
radio 10 42350
radio 10 42864
radio 10 42881
radio 10 43395
radio 10 43429
radio 10 43943
radio 10 43973
radio 10 44487
radio 10 44518
radio 10 45032
radio 10 45049
radio 10 45563
radio 10 45594
radio 10 46108
radio 10 46125
radio 10 46639
radio 10 46688
radio 10 47202
radio 10 47258
radio 10 47772
radio 10 47789
radio 10 48303
radio 10 48339
radio 10 48853
radio 10 48908
radio 10 49422
radio 10 49451
radio 10 49965
radio 10 49995
radio 10 50509
delay 1 0 10 50673 10 51608 0 7 7 0 154 0 1
radio 10 51743
radio 10 52257
radio 10 52273
radio 10 52787
radio 10 52836
radio 10 53350
radio 10 53439
radio 10 53953
radio 10 54026
radio 10 54540
radio 10 54569
radio 10 55083
radio 10 55116
radio 10 55630
radio 10 55661
radio 10 56175
radio 10 56203
radio 10 56717
radio 10 56745
radio 10 57259
radio 10 57287
radio 10 57801
radio 10 57869
radio 10 58383
radio 10 58432
radio 10 58946
radio 10 58994
radio 10 59508
radio 10 59538
radio 10 60052
radio 10 60148
radio 10 60662
radio 10 60694
radio 10 61208
radio 10 61258
radio 10 61772
radio 10 61801
radio 10 62315
radio 10 62332
radio 10 62846
radio 10 62863
radio 10 63377
radio 10 63427
radio 10 63941
radio 10 63975
radio 10 64489
radio 10 64519
radio 10 65033
radio 10 65065
radio 11 43
radio 11 60
radio 11 573
radio 11 590
radio 11 1103
radio 11 1133
radio 11 1647
radio 11 1676
radio 11 2190
radio 11 2221
radio 11 2735
radio 11 2770
radio 11 3284
radio 11 3317
radio 11 3831
radio 11 3904
radio 11 4418
radio 11 4435
radio 11 4948
radio 11 4996
radio 11 5510
delay 2 35 11 5531 11 5681 7 7 65535 0 14 1 1
radio 11 6591
radio 11 7105
radio 11 7214
radio 11 7728
radio 11 7782
radio 11 8296
radio 11 8313
radio 11 8826
radio 11 8861
radio 11 9375
radio 11 9426
radio 11 9940
radio 11 9957
radio 11 10470
radio 11 10518
radio 11 11032
radio 11 11064
radio 11 11578
radio 11 11634
radio 11 12148
radio 11 12165
radio 11 12679
radio 11 12696
radio 11 13210
radio 11 13243
radio 11 13757
radio 11 13808
radio 11 14322
radio 11 14339
radio 11 14853
radio 11 14870
radio 11 15384
radio 11 15414
radio 11 15928
radio 11 15945
radio 11 16459
radio 11 16495
radio 11 17009
radio 11 17058
radio 11 17572
radio 11 17603
radio 11 18117
radio 11 18134
radio 11 18648
radio 11 18680
radio 11 19194
radio 11 19222
radio 11 19736
radio 11 19808
radio 11 20322
radio 11 20339
radio 11 20853
radio 11 20901
radio 11 21415
radio 11 21484
radio 11 21998
radio 11 22015
radio 11 22529
radio 11 22561
radio 11 23075
radio 11 23105
radio 11 23619
radio 11 23647
radio 11 24161
radio 11 24251
radio 11 24765
radio 11 24833
radio 11 25347
radio 11 25401
radio 11 25915
radio 11 25969
radio 11 26483
delay 3 46 11 26612 11 26471 18 7 65535 0 380 0 1
radio 11 27690
radio 11 28204
radio 11 28238
radio 11 28752
radio 11 28784
radio 11 29298
radio 11 29352
radio 11 29866
radio 11 29899
radio 11 30413
radio 11 30442
radio 11 30956
radio 11 30987
radio 11 31501
radio 11 31553
radio 11 32067
radio 11 32098
radio 11 32612
radio 11 32629
radio 11 33143
radio 11 33172
radio 11 33686
radio 11 33714
energy 11 34014 8 59743
radio 11 34228
radio 11 34245
radio 11 34759
radio 11 34776
radio 11 35290
radio 11 35307
radio 11 35821
radio 11 35838
radio 11 36352
radio 11 36387
