Thread[Thread-1,5,main]tree 1000 20 8 16 0 0
radio 8 52431
radio 8 52434
radio 8 52451
radio 8 52965
radio 8 52997
radio 8 53511
radio 8 53542
radio 8 54056
radio 8 54085
radio 8 54599
radio 8 54631
radio 8 55145
radio 8 55162
radio 8 55676
radio 8 55747
radio 8 56261
radio 8 56278
radio 8 56792
radio 8 56826
radio 8 57340
radio 8 57370
radio 8 57884
radio 8 57901
radio 8 58414
radio 8 58445
radio 8 58959
radio 8 58976
radio 8 59489
radio 8 59506
radio 8 60020
radio 8 60049
radio 8 60563
radio 8 60580
radio 8 61094
radio 8 61124
radio 8 61638
radio 8 61669
radio 8 62183
radio 8 62200
radio 8 62714
radio 8 62731
radio 8 63245
radio 8 63273
radio 8 63787
radio 8 63815
radio 8 64329
radio 8 64378
radio 8 64892
radio 8 64940
radio 8 65454
radio 8 65471
radio 9 448
radio 9 476
radio 9 989
radio 9 1045
radio 9 1559
radio 9 1589
radio 9 2103
radio 9 2120
radio 9 2633
radio 9 2650
radio 9 3163
radio 9 3191
radio 9 3705
radio 9 3733
radio 9 4247
radio 9 4280
radio 9 4794
radio 9 4811
radio 9 5324
radio 9 5359
radio 9 5873
radio 9 5901
radio 9 6415
radio 9 6470
radio 9 6984
radio 9 7035
radio 9 7549
radio 9 7618
radio 9 8132
radio 9 8149
radio 9 8662
radio 9 8692
radio 9 9206
radio 9 9223
radio 9 9736
radio 9 9784
radio 9 10298
radio 9 10351
radio 9 10865
radio 9 10882
radio 9 11396
radio 9 11426
radio 9 11940
radio 9 11968
radio 9 12482
radio 9 12511
radio 9 13025
radio 9 13075
radio 9 13589
radio 9 13624
radio 9 14138
radio 9 14167
radio 9 14681
radio 9 14709
radio 9 15223
radio 9 15252
radio 9 15766
radio 9 15796
radio 9 16310
radio 9 16327
radio 9 16841
radio 9 16858
radio 9 17371
radio 9 17406
radio 9 17920
radio 9 17937
radio 9 18450
radio 9 18499
radio 9 19013
radio 9 19030
radio 9 19544
radio 9 19561
radio 9 20075
radio 9 20092
radio 9 20606
radio 9 20659
radio 9 21173
radio 9 21226
radio 9 21740
radio 9 21772
radio 9 22286
radio 9 22335
radio 9 22849
radio 9 22904
radio 9 23418
radio 9 23451
radio 9 23965
radio 9 23997
radio 9 24511
radio 9 24528
radio 9 25042
radio 9 25059
radio 9 25572
radio 9 25589
radio 9 26103
radio 9 26178
radio 9 26692
radio 9 26709
radio 9 27222
radio 9 27253
radio 9 27767
radio 9 27802
radio 9 28316
radio 9 28333
radio 9 28846
radio 9 28863
radio 9 29377
radio 9 29394
radio 9 29908
radio 9 29925
radio 9 30438
radio 9 30469
radio 9 30983
radio 9 31036
radio 9 31550
radio 9 31567
radio 9 32080
radio 9 32115
radio 9 32629
radio 9 32646
radio 9 33160
radio 9 33177
radio 9 33691
radio 9 33727
radio 9 34241
radio 9 34258
radio 9 34772
radio 9 34808
radio 9 35322
radio 9 35374
radio 9 35888
radio 9 35905
radio 9 36419
radio 9 36448
radio 9 36962
radio 9 36979
radio 9 37492
radio 9 37509
radio 9 38022
radio 9 38057
radio 9 38571
radio 9 38601
radio 9 39115
radio 9 39146
radio 9 39660
radio 9 39712
radio 9 40226
radio 9 40243
radio 9 40757
radio 9 40791
radio 9 41305
radio 9 41333
radio 9 41847
radio 9 41881
radio 9 42395
radio 9 42427
radio 9 42941
radio 9 42958
radio 9 43472
radio 9 43504
radio 9 44018
radio 9 44035
radio 9 44549
radio 9 44579
radio 9 45093
radio 9 45123
radio 9 45637
radio 9 45654
radio 9 46168
radio 9 46185
radio 9 46698
radio 9 46729
radio 9 47243
radio 9 47260
radio 9 47774
radio 9 47805
radio 9 48319
energy 9 48346 8 55085
radio 9 48353
radio 9 48866
radio 9 48894
radio 9 49408
radio 9 49425
radio 9 49938
radio 9 49988
radio 9 50502
radio 9 50536
radio 9 51050
radio 9 51081
radio 9 51595
radio 9 51627
radio 9 52141
radio 9 52190
radio 9 52704
radio 9 52734
radio 9 53248
radio 9 53265
radio 9 53779
radio 9 53796
radio 9 54309
radio 9 54359
radio 9 54873
radio 9 54890
radio 9 55403
radio 9 55420
radio 9 55934
radio 9 55951
radio 9 56464
radio 9 56481
radio 9 56995
radio 9 57030
radio 9 57544
radio 9 57577
radio 9 58091
radio 9 58160
radio 9 58674
radio 9 58707
radio 9 59221
radio 9 59258
radio 9 59772
radio 9 59801
radio 9 60315
radio 9 60365
radio 9 60879
radio 9 60896
radio 9 61410
radio 9 61444
radio 9 61958
radio 9 61975
radio 9 62488
radio 9 62541
radio 9 63055
radio 9 63084
radio 9 63598
radio 9 63646
radio 9 64160
radio 9 64177
radio 9 64690
radio 9 64707
radio 9 65221
radio 9 65291
radio 10 269
radio 10 302
radio 10 816
radio 10 833
radio 10 1346
radio 10 1374
radio 10 1888
radio 10 1917
radio 10 2431
radio 10 2486
radio 10 3000
radio 10 3017
radio 10 3531
radio 10 3579
radio 10 4093
radio 10 4161
radio 10 4675
radio 10 4692
radio 10 5206
radio 10 5240
radio 10 5754
radio 10 5771
radio 10 6284
radio 10 6301
radio 10 6814
radio 10 6885
radio 10 7399
radio 10 7428
radio 10 7942
radio 10 7971
radio 10 8485
radio 10 8561
radio 10 9075
radio 10 9092
radio 10 9605
radio 10 9622
radio 10 10136
radio 10 10169
radio 10 10683
radio 10 10737
radio 10 11251
radio 10 11282
radio 10 11796
radio 10 11825
radio 10 12339
radio 10 12356
radio 10 12870
radio 10 12887
radio 10 13401
radio 10 13437
radio 10 13951
radio 10 13985
radio 10 14499
radio 10 14548
radio 10 15062
radio 10 15091
radio 10 15605
radio 10 15622
radio 10 16136
radio 10 16153
radio 10 16667
radio 10 16721
radio 10 17235
radio 10 17267
radio 10 17781
radio 10 17831
radio 10 18345
radio 10 18396
radio 10 18910
radio 10 18940
radio 10 19454
radio 10 19491
radio 10 20005
radio 10 20042
radio 10 20556
radio 10 20585
radio 10 21099
radio 10 21116
radio 10 21630
radio 10 21665
radio 10 22179
radio 10 22214
radio 10 22728
radio 10 22745
radio 10 23259
radio 10 23347
radio 10 23861
radio 10 23890
radio 10 24404
radio 10 24473
radio 10 24987
radio 10 25004
radio 10 25518
radio 10 25535
radio 10 26049
radio 10 26066
radio 10 26580
radio 10 26597
radio 10 27111
radio 10 27128
radio 10 27642
radio 10 27659
radio 10 28173
radio 10 28190
radio 10 28704
radio 10 28721
radio 10 29235
radio 10 29252
radio 10 29766
radio 10 29783
radio 10 30297
radio 10 30314
radio 10 30828
radio 10 30858
radio 10 31372
delay 0 15 10 31438 10 31097 16 16 65535 0 294 0 0
radio 10 31446
radio 10 31961
radio 10 31976
radio 10 32489
radio 10 32565
radio 10 33078
radio 10 33095
radio 10 33609
radio 10 33658
radio 10 34172
radio 10 34189
radio 10 34703
radio 10 34778
radio 10 35292
radio 10 35321
radio 10 35835
radio 10 35868
radio 10 36382
radio 10 36431
radio 10 36945
radio 10 36962
radio 10 37476
radio 10 37493
radio 10 38007
radio 10 38042
radio 10 38556
radio 10 38573
radio 10 39087
radio 10 39119
radio 10 39633
radio 10 39667
radio 10 40181
radio 10 40237
radio 10 40751
radio 10 40768
radio 10 41282
radio 10 41299
radio 10 41813
radio 10 41830
radio 10 42344
radio 10 42361
radio 10 42875
radio 10 42892
radio 10 43406
radio 10 43481
radio 10 43995
radio 10 44026
energy 10 44250 8 58075
radio 10 44540
radio 10 44569
radio 10 45083
radio 10 45119
radio 10 45633
radio 10 45683
radio 10 46197
radio 10 46214
radio 10 46728
radio 10 46745
radio 10 47259
radio 10 47288
radio 10 47802
radio 10 47835
radio 10 48349
radio 10 48366
radio 10 48880
radio 10 48909
radio 10 49423
radio 10 49440
radio 10 49954
radio 10 50028
radio 10 50542
radio 10 50612
radio 10 51126
radio 10 51176
radio 10 51690
delay 1 8 10 51787 10 51635 9 16 7 0 26 1 0
radio 10 52870
radio 10 53384
radio 10 53413
radio 10 53927
radio 10 53959
radio 10 54473
radio 10 54490
radio 10 55004
radio 10 55055
radio 10 55569
radio 10 55622
radio 10 56136
radio 10 56166
radio 10 56680
radio 10 56697
radio 10 57211
radio 10 57228
radio 10 57742
radio 10 57779
radio 10 58293
radio 10 58344
radio 10 58858
radio 10 58888
radio 10 59402
radio 10 59454
radio 10 59968
radio 10 60021
radio 10 60535
radio 10 60565
radio 10 61079
radio 10 61131
radio 10 61645
radio 10 61698
radio 10 62212
radio 10 62244
radio 10 62758
radio 10 62775
radio 10 63289
radio 10 63306
radio 10 63820
radio 10 63837
radio 10 64351
radio 10 64387
radio 10 64901
radio 10 64970
radio 10 65484
radio 10 65501
radio 11 479
radio 11 529
radio 11 1043
radio 11 1079
radio 11 1593
radio 11 1648
radio 11 2162
radio 11 2179
radio 11 2692
radio 11 2728
radio 11 3242
radio 11 3297
radio 11 3811
radio 11 3842
radio 11 4356
radio 11 4373
radio 11 4887
radio 11 4922
radio 11 5436
radio 11 5469
radio 11 5983
radio 11 6013
radio 11 6527
delay 2 9 11 6763 11 7007 18 16 65535 0 350 0 0
radio 11 6771
radio 11 7285
radio 11 7909
radio 11 8423
radio 11 8459
radio 11 8973
radio 11 8990
radio 11 9503
radio 11 9520
radio 11 10033
radio 11 10050
radio 11 10564
radio 11 10581
radio 11 11095
radio 11 11125
radio 11 11639
radio 11 11870
radio 11 12384
radio 11 12401
radio 11 12915
radio 11 12971
radio 11 13485
radio 11 13502
radio 11 14016
radio 11 14052
radio 11 14566
radio 11 14583
radio 11 15097
radio 11 15171
radio 11 15685
radio 11 15702
radio 11 16216
radio 11 16233
radio 11 16747
radio 11 16764
radio 11 17278
radio 11 17312
radio 11 17826
radio 11 17874
radio 11 18388
radio 11 18420
radio 11 18934
radio 11 18971
radio 11 19485
radio 11 19502
radio 11 20016
radio 11 20071
radio 11 20585
radio 11 20614
radio 11 21128
radio 11 21145
radio 11 21659
radio 11 21676
radio 11 22190
radio 11 22244
radio 11 22758
radio 11 22866
radio 11 23380
radio 11 23430
radio 11 23944
radio 11 23978
radio 11 24492
radio 11 24509
radio 11 25023
radio 11 25040
radio 11 25554
radio 11 25589
radio 11 26103
radio 11 26152
radio 11 26666
radio 11 26683
radio 11 27197
delay 3 5 11 27352 11 27401 16 16 65535 0 281 0 0
radio 11 27360
radio 11 27874
radio 11 28028
radio 11 28542
radio 11 28571
radio 11 29085
radio 11 29115
radio 11 29629
radio 11 29646
radio 11 30160
radio 11 30196
radio 11 30710
radio 11 30727
radio 11 31241
radio 11 31258
radio 11 31772
radio 11 31820
radio 11 32334
radio 11 32365
radio 11 32879
radio 11 32935
radio 11 33449
radio 11 33500
radio 11 34014
radio 11 34031
radio 11 34545
radio 11 34578
radio 11 35092
radio 11 35109
radio 11 35623
radio 11 35653
radio 11 36167
radio 11 36184
radio 11 36698
radio 11 36772
