Thread[Thread-1,5,main]tree 41 19 43 16 0 0
radio 8 55512
radio 8 55516
radio 8 55548
radio 8 56062
radio 8 56079
radio 8 56593
radio 8 56610
radio 8 57124
radio 8 57141
radio 8 57655
radio 8 57689
radio 8 58203
radio 8 58238
radio 8 58752
radio 8 58803
radio 8 59317
radio 8 59334
radio 8 59848
radio 8 59865
radio 8 60379
radio 8 60396
radio 8 60910
radio 8 60927
radio 8 61441
radio 8 61470
radio 8 61984
radio 8 62016
radio 8 62530
radio 8 62579
radio 8 63093
radio 8 63110
radio 8 63624
radio 8 63641
radio 8 64155
radio 8 64186
radio 8 64700
radio 8 64717
radio 8 65231
radio 8 65259
radio 9 237
radio 9 266
radio 9 779
radio 9 796
radio 9 1309
radio 9 1326
radio 9 1839
radio 9 1856
radio 9 2369
radio 9 2419
radio 9 2933
radio 9 2950
radio 9 3463
radio 9 3480
radio 9 3993
radio 9 4010
radio 9 4523
radio 9 4540
radio 9 5053
radio 9 5083
radio 9 5597
radio 9 5666
radio 9 6180
radio 9 6210
radio 9 6724
radio 9 6741
radio 9 7254
radio 9 7271
radio 9 7784
radio 9 7816
radio 9 8330
radio 9 8347
radio 9 8860
radio 9 8915
radio 9 9429
radio 9 9459
radio 9 9973
radio 9 10046
radio 9 10560
radio 9 10590
radio 9 11104
radio 9 11135
radio 9 11649
radio 9 11666
radio 9 12180
radio 9 12197
radio 9 12711
radio 9 12745
radio 9 13259
radio 9 13276
radio 9 13790
radio 9 13821
radio 9 14335
radio 9 14352
radio 9 14866
radio 9 14883
radio 9 15397
radio 9 15414
radio 9 15927
radio 9 15962
radio 9 16476
radio 9 16493
radio 9 17007
radio 9 17024
radio 9 17538
radio 9 17568
radio 9 18082
radio 9 18111
radio 9 18625
radio 9 18657
radio 9 19171
radio 9 19188
radio 9 19702
radio 9 19730
radio 9 20244
radio 9 20261
radio 9 20775
radio 9 20792
radio 9 21306
radio 9 21323
radio 9 21837
radio 9 21890
radio 9 22404
radio 9 22433
radio 9 22947
radio 9 22981
radio 9 23495
radio 9 23525
radio 9 24039
radio 9 24069
radio 9 24583
radio 9 24600
radio 9 25114
radio 9 25143
radio 9 25657
radio 9 25687
radio 9 26201
radio 9 26218
radio 9 26732
radio 9 26749
radio 9 27263
radio 9 27280
radio 9 27794
radio 9 27811
radio 9 28325
radio 9 28396
radio 9 28910
radio 9 28945
radio 9 29459
radio 9 29476
radio 9 29990
radio 9 30038
radio 9 30552
radio 9 30604
radio 9 31118
radio 9 31135
radio 9 31649
radio 9 31679
radio 9 32193
radio 9 32229
radio 9 32743
radio 9 32760
radio 9 33274
radio 9 33348
radio 9 33862
radio 9 33898
radio 9 34412
radio 9 34442
radio 9 34956
radio 9 35027
radio 9 35541
radio 9 35569
radio 9 36083
radio 9 36113
radio 9 36627
radio 9 36676
radio 9 37190
radio 9 37207
radio 9 37721
radio 9 37738
radio 9 38252
radio 9 38269
radio 9 38783
radio 9 38813
radio 9 39327
radio 9 39359
radio 9 39873
radio 9 39929
radio 9 40443
radio 9 40460
radio 9 40974
radio 9 41008
radio 9 41522
radio 9 41550
radio 9 42064
radio 9 42081
radio 9 42595
radio 9 42631
radio 9 43145
radio 9 43179
radio 9 43693
radio 9 43727
radio 9 44241
radio 9 44258
radio 9 44772
radio 9 44789
radio 9 45303
radio 9 45338
radio 9 45852
radio 9 45869
radio 9 46383
radio 9 46456
radio 9 46970
radio 9 47003
radio 9 47517
radio 9 47534
radio 9 48048
radio 9 48065
radio 9 48578
radio 9 48631
radio 9 49145
radio 9 49176
radio 9 49690
radio 9 49718
radio 9 50232
radio 9 50263
radio 9 50777
radio 9 50794
radio 9 51308
radio 9 51361
energy 9 51428 8 58122
radio 9 51875
radio 9 51892
radio 9 52406
radio 9 52439
radio 9 52953
radio 9 52984
radio 9 53498
radio 9 53515
radio 9 54028
radio 9 54045
radio 9 54559
radio 9 54609
radio 9 55123
radio 9 55153
radio 9 55667
radio 9 55702
radio 9 56216
radio 9 56245
radio 9 56759
radio 9 56787
radio 9 57301
radio 9 57337
radio 9 57851
radio 9 57882
radio 9 58396
radio 9 58428
radio 9 58942
radio 9 58973
radio 9 59487
radio 9 59538
radio 9 60052
radio 9 60069
radio 9 60583
radio 9 60600
radio 9 61114
radio 9 61131
radio 9 61645
radio 9 61673
radio 9 62187
radio 9 62221
radio 9 62735
radio 9 62791
radio 9 63305
radio 9 63334
radio 9 63848
radio 9 63876
radio 9 64390
radio 9 64423
radio 9 64937
radio 9 64989
radio 9 65503
radio 9 65535
radio 10 513
radio 10 543
radio 10 1057
radio 10 1132
radio 10 1646
radio 10 1678
radio 10 2192
radio 10 2221
radio 10 2735
radio 10 2765
radio 10 3279
radio 10 3310
radio 10 3824
radio 10 3841
radio 10 4355
radio 10 4372
radio 10 4886
radio 10 4941
radio 10 5455
radio 10 5490
radio 10 6004
radio 10 6021
radio 10 6535
radio 10 6571
radio 10 7085
radio 10 7102
radio 10 7616
radio 10 7648
radio 10 8162
radio 10 8179
radio 10 8693
radio 10 8743
radio 10 9257
radio 10 9288
radio 10 9802
radio 10 9819
radio 10 10332
radio 10 10360
radio 10 10874
radio 10 10907
radio 10 11421
radio 10 11452
radio 10 11966
radio 10 11983
radio 10 12497
radio 10 12526
radio 10 13040
radio 10 13111
radio 10 13625
radio 10 13678
radio 10 14192
radio 10 14266
radio 10 14780
radio 10 14814
radio 10 15328
radio 10 15356
radio 10 15870
radio 10 15944
radio 10 16458
radio 10 16475
radio 10 16989
radio 10 17018
radio 10 17532
radio 10 17549
radio 10 18063
radio 10 18096
radio 10 18610
radio 10 18627
radio 10 19141
radio 10 19158
radio 10 19672
radio 10 19689
radio 10 20203
radio 10 20220
radio 10 20734
radio 10 20766
radio 10 21280
radio 10 21297
radio 10 21811
radio 10 21842
radio 10 22356
radio 10 22385
radio 10 22899
radio 10 22970
radio 10 23484
radio 10 23534
radio 10 24048
radio 10 24123
radio 10 24637
radio 10 24654
radio 10 25168
radio 10 25197
radio 10 25711
radio 10 25741
radio 10 26255
radio 10 26304
radio 10 26818
radio 10 26835
radio 10 27349
radio 10 27366
radio 10 27880
radio 10 27909
radio 10 28423
radio 10 28451
radio 10 28965
radio 10 28995
radio 10 29509
radio 10 29537
radio 10 30051
radio 10 30068
radio 10 30582
radio 10 30599
radio 10 31113
radio 10 31130
radio 10 31644
delay 0 19 10 31662 10 30939 18 18 65535 0 190 0 0
radio 10 31671
radio 10 32185
radio 10 32358
radio 10 32872
radio 10 32933
radio 10 33447
radio 10 33464
radio 10 33978
radio 10 34009
radio 10 34523
radio 10 34540
radio 10 35054
radio 10 35110
radio 10 35624
radio 10 35658
radio 10 36172
radio 10 36189
radio 10 36703
radio 10 36720
radio 10 37234
radio 10 37265
radio 10 37779
radio 10 37796
radio 10 38310
radio 10 38344
radio 10 38858
radio 10 38914
radio 10 39428
radio 10 39459
radio 10 39973
radio 10 39990
radio 10 40504
radio 10 40536
radio 10 41050
radio 10 41081
radio 10 41595
radio 10 41612
radio 10 42126
radio 10 42157
radio 10 42671
radio 10 42688
radio 10 43202
radio 10 43233
radio 10 43747
radio 10 43764
radio 10 44278
radio 10 44295
radio 10 44809
radio 10 44858
radio 10 45372
radio 10 45401
radio 10 45915
radio 10 45932
radio 10 46446
radio 10 46474
radio 10 46988
radio 10 47019
energy 10 47332 8 61068
radio 10 47533
radio 10 47550
radio 10 48064
radio 10 48096
radio 10 48610
radio 10 48664
radio 10 49178
radio 10 49209
radio 10 49723
radio 10 49740
radio 10 50254
radio 10 50271
radio 10 50785
radio 10 50836
radio 10 51350
radio 10 51367
radio 10 51881
delay 1 18 10 52013 10 51333 18 18 65535 0 62 1 0
radio 10 53090
radio 10 53603
radio 10 53634
radio 10 54148
radio 10 54178
radio 10 54692
radio 10 54743
radio 10 55257
radio 10 55285
radio 10 55799
radio 10 55829
radio 10 56343
radio 10 56360
radio 10 56874
radio 10 56944
radio 10 57458
radio 10 57475
radio 10 57989
radio 10 58019
radio 10 58533
radio 10 58550
radio 10 59064
radio 10 59081
radio 10 59595
radio 10 59647
radio 10 60161
radio 10 60192
radio 10 60706
radio 10 60736
radio 10 61250
radio 10 61267
radio 10 61781
radio 10 61817
radio 10 62331
radio 10 62348
radio 10 62862
radio 10 62879
radio 10 63393
radio 10 63448
radio 10 63962
radio 10 63979
radio 10 64493
radio 10 64510
radio 10 65024
radio 10 65058
radio 11 36
radio 11 112
radio 11 626
radio 11 656
radio 11 1170
radio 11 1198
radio 11 1712
radio 11 1762
radio 11 2276
radio 11 2293
radio 11 2806
radio 11 2823
radio 11 3336
radio 11 3353
radio 11 3866
radio 11 3897
radio 11 4411
radio 11 4445
radio 11 4959
radio 11 4976
radio 11 5490
radio 11 5525
radio 11 6039
radio 11 6056
radio 11 6570
delay 2 30 11 6652 11 5878 7 18 11 1 47 0 0
radio 11 7732
radio 11 8246
radio 11 8306
radio 11 8819
radio 11 8836
radio 11 9350
radio 11 9379
radio 11 9893
radio 11 9929
radio 11 10443
radio 11 10493
radio 11 11007
radio 11 11059
radio 11 11573
radio 11 11684
radio 11 12198
radio 11 12253
radio 11 12767
radio 11 12802
radio 11 13316
radio 11 13333
radio 11 13847
radio 11 13864
radio 11 14378
radio 11 14407
radio 11 14921
radio 11 14978
radio 11 15492
radio 11 15523
radio 11 16037
radio 11 16067
radio 11 16581
radio 11 16598
radio 11 17112
radio 11 17144
radio 11 17658
radio 11 17708
radio 11 18222
radio 11 18254
radio 11 18768
radio 11 18802
radio 11 19316
radio 11 19333
radio 11 19847
radio 11 19877
radio 11 20391
radio 11 20408
radio 11 20922
radio 11 20970
radio 11 21484
radio 11 21512
radio 11 22026
radio 11 22054
radio 11 22568
radio 11 22585
radio 11 23099
radio 11 23128
radio 11 23642
radio 11 23659
radio 11 24173
radio 11 24205
radio 11 24719
radio 11 24754
radio 11 25268
radio 11 25302
radio 11 25816
radio 11 25833
radio 11 26347
radio 11 26378
radio 11 26892
radio 11 26924
radio 11 27438
delay 3 18 11 27479 11 26800 18 18 65535 0 345 0 0
radio 11 27488
radio 11 28002
radio 11 28252
radio 11 28765
radio 11 28782
radio 11 29296
radio 11 29328
radio 11 29842
radio 11 29859
radio 11 30373
radio 11 30407
radio 11 30921
radio 11 30958
radio 11 31472
radio 11 31489
radio 11 32003
radio 11 32037
radio 11 32551
radio 11 32599
radio 11 33113
radio 11 33165
radio 11 33679
radio 11 33696
radio 11 34210
radio 11 34240
radio 11 34754
radio 11 34782
radio 11 35296
radio 11 35313
radio 11 35827
radio 11 35863
radio 11 36377
radio 11 36406
radio 11 36920
radio 11 36948
radio 11 37462
