Thread[Thread-1,5,main]tree 125 13 35 12 0 0
radio 8 46271
radio 8 46275
radio 8 46304
radio 8 46818
radio 8 46835
radio 8 47348
radio 8 47402
radio 8 47916
radio 8 47933
radio 8 48446
radio 8 48497
radio 8 49011
radio 8 49043
radio 8 49557
radio 8 49648
radio 8 50162
radio 8 50179
radio 8 50692
radio 8 50709
radio 8 51222
radio 8 51253
radio 8 51767
radio 8 51801
radio 8 52315
radio 8 52346
radio 8 52860
radio 8 52890
radio 8 53404
radio 8 53421
radio 8 53934
radio 8 53964
radio 8 54478
radio 8 54495
radio 8 55008
radio 8 55058
radio 8 55572
radio 8 55589
radio 8 56102
radio 8 56133
radio 8 56647
radio 8 56664
radio 8 57177
radio 8 57194
radio 8 57707
radio 8 57758
radio 8 58272
radio 8 58303
radio 8 58817
radio 8 58834
radio 8 59347
radio 8 59421
radio 8 59935
radio 8 59990
radio 8 60504
radio 8 60572
radio 8 61086
radio 8 61139
radio 8 61653
radio 8 61670
radio 8 62183
radio 8 62200
radio 8 62713
radio 8 62747
radio 8 63261
radio 8 63291
radio 8 63805
radio 8 63835
radio 8 64349
radio 8 64366
radio 8 64879
radio 8 64896
radio 8 65409
radio 8 65438
radio 9 416
radio 9 470
radio 9 983
radio 9 1000
radio 9 1513
radio 9 1530
radio 9 2043
radio 9 2096
radio 9 2609
radio 9 2662
radio 9 3175
radio 9 3205
radio 9 3718
radio 9 3746
radio 9 4259
radio 9 4308
radio 9 4821
radio 9 4871
radio 9 5384
radio 9 5415
radio 9 5928
radio 9 5945
radio 9 6458
radio 9 6513
radio 9 7026
radio 9 7060
radio 9 7573
radio 9 7607
radio 9 8120
radio 9 8151
radio 9 8664
radio 9 8715
radio 9 9228
radio 9 9280
radio 9 9793
radio 9 9810
radio 9 10323
radio 9 10351
radio 9 10865
radio 9 10957
radio 9 11471
radio 9 11500
radio 9 12014
radio 9 12031
radio 9 12544
radio 9 12594
radio 9 13108
radio 9 13161
radio 9 13675
radio 9 13692
radio 9 14205
radio 9 14222
radio 9 14735
radio 9 14752
radio 9 15265
radio 9 15314
radio 9 15828
radio 9 15845
radio 9 16358
radio 9 16411
radio 9 16925
radio 9 16997
radio 9 17511
radio 9 17563
radio 9 18077
radio 9 18094
radio 9 18607
radio 9 18624
radio 9 19137
radio 9 19154
radio 9 19667
radio 9 19695
radio 9 20209
radio 9 20226
radio 9 20739
radio 9 20768
radio 9 21282
radio 9 21333
radio 9 21847
radio 9 21864
radio 9 22377
radio 9 22448
radio 9 22962
radio 9 23018
radio 9 23532
radio 9 23549
radio 9 24062
radio 9 24090
radio 9 24604
radio 9 24694
radio 9 25208
radio 9 25241
radio 9 25755
radio 9 25807
radio 9 26321
radio 9 26373
radio 9 26887
radio 9 26904
radio 9 27417
radio 9 27434
radio 9 27947
radio 9 27977
radio 9 28491
radio 9 28525
radio 9 29039
radio 9 29056
radio 9 29569
radio 9 29625
radio 9 30139
radio 9 30156
radio 9 30669
radio 9 30697
radio 9 31211
radio 9 31260
radio 9 31774
radio 9 31825
radio 9 32339
radio 9 32356
radio 9 32869
radio 9 32886
radio 9 33399
radio 9 33416
radio 9 33929
radio 9 33946
radio 9 34459
radio 9 34550
radio 9 35064
radio 9 35094
radio 9 35608
radio 9 35664
radio 9 36178
radio 9 36250
radio 9 36764
radio 9 36816
radio 9 37330
radio 9 37439
radio 9 37953
radio 9 37982
radio 9 38496
radio 9 38524
radio 9 39038
radio 9 39055
radio 9 39568
radio 9 39585
radio 9 40098
radio 9 40170
radio 9 40684
radio 9 40701
radio 9 41214
radio 9 41263
radio 9 41777
radio 9 41808
energy 9 42187 8 49618
radio 9 42322
radio 9 42375
radio 9 42889
radio 9 42922
radio 9 43436
radio 9 43453
radio 9 43966
radio 9 43983
radio 9 44496
radio 9 44513
radio 9 45026
radio 9 45062
radio 9 45576
radio 9 45625
radio 9 46139
radio 9 46192
radio 9 46706
radio 9 46739
radio 9 47253
radio 9 47303
radio 9 47817
radio 9 47866
radio 9 48380
radio 9 48397
radio 9 48910
radio 9 48927
radio 9 49440
radio 9 49457
radio 9 49970
radio 9 50024
radio 9 50538
radio 9 50555
radio 9 51068
radio 9 51120
radio 9 51634
radio 9 51665
radio 9 52179
radio 9 52232
radio 9 52746
radio 9 52795
radio 9 53309
radio 9 53326
radio 9 53839
radio 9 53875
radio 9 54389
radio 9 54422
radio 9 54936
radio 9 54964
radio 9 55478
radio 9 55506
radio 9 56020
radio 9 56052
radio 9 56566
radio 9 56602
radio 9 57116
radio 9 57133
radio 9 57646
radio 9 57663
radio 9 58176
radio 9 58205
radio 9 58719
radio 9 58770
radio 9 59284
radio 9 59316
radio 9 59830
radio 9 59847
radio 9 60360
radio 9 60410
radio 9 60924
radio 9 60975
radio 9 61489
radio 9 61506
radio 9 62019
radio 9 62036
radio 9 62549
radio 9 62566
radio 9 63079
radio 9 63096
radio 9 63609
radio 9 63661
radio 9 64175
radio 9 64225
radio 9 64739
radio 9 64767
radio 9 65281
radio 9 65330
radio 10 308
radio 10 357
radio 10 870
radio 10 901
radio 10 1414
radio 10 1431
radio 10 1944
radio 10 1975
radio 10 2489
radio 10 2506
radio 10 3019
radio 10 3036
radio 10 3549
radio 10 3566
radio 10 4079
radio 10 4096
radio 10 4609
radio 10 4626
radio 10 5139
radio 10 5189
radio 10 5703
radio 10 5720
radio 10 6233
radio 10 6250
radio 10 6763
radio 10 6780
radio 10 7293
radio 10 7321
radio 10 7835
radio 10 7852
radio 10 8365
radio 10 8395
radio 10 8909
radio 10 8926
radio 10 9439
radio 10 9492
radio 10 10006
radio 10 10023
radio 10 10536
radio 10 10567
radio 10 11081
radio 10 11129
radio 10 11643
delay 0 35 10 11663 10 11122 5 11 6 0 170 0 0
radio 10 11670
radio 10 12185
radio 10 12201
radio 10 12715
radio 10 12731
radio 10 13245
radio 10 13276
radio 10 13790
radio 10 13845
radio 10 14359
radio 10 14376
radio 10 14889
radio 10 14944
radio 10 15458
radio 10 15488
radio 10 16002
radio 10 16056
radio 10 16570
radio 10 16642
radio 10 17156
radio 10 17209
radio 10 17723
radio 10 17775
radio 10 18289
radio 10 18317
radio 10 18831
radio 10 18882
radio 10 19396
radio 10 19444
radio 10 19958
radio 10 19993
radio 10 20507
radio 10 20524
radio 10 21037
radio 10 21089
radio 10 21603
radio 10 21636
radio 10 22150
radio 10 22167
radio 10 22680
radio 10 22710
radio 10 23224
radio 10 23253
radio 10 23767
radio 10 23815
radio 10 24329
radio 10 24382
radio 10 24896
radio 10 24913
radio 10 25426
radio 10 25461
radio 10 25975
radio 10 25992
radio 10 26505
radio 10 26535
radio 10 27049
radio 10 27100
radio 10 27614
radio 10 27643
radio 10 28157
radio 10 28210
radio 10 28724
radio 10 28779
radio 10 29293
radio 10 29310
radio 10 29823
radio 10 29859
radio 10 30373
radio 10 30421
radio 10 30935
radio 10 30985
radio 10 31499
radio 10 31516
radio 10 32029
delay 1 24 10 32044 10 31823 5 11 6 0 295 0 0
radio 10 32052
radio 10 32566
radio 10 32640
radio 10 33154
radio 10 33171
radio 10 33684
radio 10 33701
radio 10 34214
radio 10 34231
radio 10 34744
radio 10 34773
radio 10 35287
radio 10 35304
radio 10 35817
radio 10 35865
radio 10 36379
radio 10 36411
radio 10 36925
radio 10 36942
radio 10 37455
radio 10 37483
radio 10 37997
radio 10 38030
energy 10 38091 8 52616
radio 10 38544
radio 10 38593
radio 10 39107
radio 10 39124
radio 10 39637
radio 10 39689
radio 10 40203
radio 10 40238
radio 10 40752
radio 10 40803
radio 10 41317
radio 10 41349
radio 10 41863
radio 10 41880
radio 10 42393
radio 10 42421
radio 10 42935
radio 10 42963
radio 10 43477
radio 10 43589
radio 10 44103
radio 10 44158
radio 10 44672
radio 10 44724
radio 10 45238
radio 10 45270
radio 10 45784
radio 10 45836
radio 10 46350
radio 10 46383
radio 10 46897
radio 10 46914
radio 10 47427
radio 10 47444
radio 10 47957
radio 10 48006
radio 10 48520
radio 10 48537
radio 10 49050
radio 10 49067
radio 10 49580
radio 10 49610
radio 10 50124
radio 10 50197
radio 10 50711
radio 10 50764
radio 10 51278
radio 10 51331
radio 10 51845
radio 10 51880
radio 10 52394
radio 10 52442
radio 10 52956
delay 2 24 10 53171 10 52950 5 11 6 0 885 0 0
radio 10 53179
radio 10 53693
radio 10 53742
radio 10 54256
radio 10 54273
radio 10 54786
radio 10 54803
radio 10 55316
radio 10 55346
radio 10 55860
radio 10 55891
radio 10 56405
radio 10 56473
radio 10 56987
radio 10 57018
radio 10 57532
radio 10 57580
radio 10 58094
radio 10 58146
radio 10 58660
radio 10 58689
radio 10 59203
radio 10 59254
radio 10 59768
radio 10 59824
radio 10 60338
radio 10 60355
radio 10 60868
radio 10 60885
radio 10 61398
radio 10 61429
radio 10 61943
radio 10 61960
radio 10 62473
radio 10 62502
radio 10 63016
radio 10 63046
radio 10 63560
radio 10 63577
radio 10 64090
radio 10 64119
radio 10 64633
radio 10 64661
radio 10 65175
radio 10 65192
radio 11 169
radio 11 221
radio 11 734
radio 11 790
radio 11 1303
radio 11 1320
radio 11 1833
radio 11 1850
radio 11 2363
radio 11 2391
radio 11 2905
radio 11 2922
radio 11 3435
radio 11 3484
radio 11 3998
radio 11 4027
radio 11 4541
radio 11 4594
radio 11 5108
radio 11 5125
radio 11 5638
radio 11 5655
radio 11 6168
radio 11 6223
radio 11 6737
radio 11 6754
radio 11 7267
delay 3 24 11 7284 11 7062 5 11 6 0 107 0 0
radio 11 7291
radio 11 7805
radio 11 8012
radio 11 8525
radio 11 8556
radio 11 9070
radio 11 9106
radio 11 9620
radio 11 9637
radio 11 10150
radio 11 10179
radio 11 10693
radio 11 10743
radio 11 11257
radio 11 11292
radio 11 11806
radio 11 11899
radio 11 12413
radio 11 12444
radio 11 12958
radio 11 13010
radio 11 13524
radio 11 13541
radio 11 14054
radio 11 14102
radio 11 14616
radio 11 14644
radio 11 15158
radio 11 15210
radio 11 15724
radio 11 15754
radio 11 16268
radio 11 16285
radio 11 16798
radio 11 16815
radio 11 17328
radio 11 17345
radio 11 17858
radio 11 17875
radio 11 18388
radio 11 18405
radio 11 18918
radio 11 18953
radio 11 19467
radio 11 19517
radio 11 20031
radio 11 20081
radio 11 20595
radio 11 20631
radio 11 21145
radio 11 21195
radio 11 21709
radio 11 21761
radio 11 22275
radio 11 22292
radio 11 22805
radio 11 22822
radio 11 23335
radio 11 23352
radio 11 23865
radio 11 23920
radio 11 24434
radio 11 24489
radio 11 25003
radio 11 25036
radio 11 25550
radio 11 25599
radio 11 26113
radio 11 26166
radio 11 26680
radio 11 26710
radio 11 27224
radio 11 27276
radio 11 27790
delay 4 18 11 27832 11 27753 5 11 6 0 135 1 0
radio 11 27839
radio 11 28354
radio 11 28369
radio 11 28882
radio 11 28956
radio 11 29470
radio 11 29521
radio 11 30035
radio 11 30052
radio 11 30565
radio 11 30582
radio 11 31096
radio 11 31113
radio 11 31626
radio 11 31681
radio 11 32195
radio 11 32244
radio 11 32758
radio 11 32790
radio 11 33304
radio 11 33358
radio 11 33872
radio 11 33926
energy 11 33995 8 56327
radio 11 34440
radio 11 34457
radio 11 34970
radio 11 35002
radio 11 35516
radio 11 35546
radio 11 36060
radio 11 36077
radio 11 36590
radio 11 36646
radio 11 37160
radio 11 37195
radio 11 37709
radio 11 37762
radio 11 38276
radio 11 38311
radio 11 38825
radio 11 38842
radio 11 39355
radio 11 39372
radio 11 39885
radio 11 39913
radio 11 40427
radio 11 40444
radio 11 40957
radio 11 41006
radio 11 41520
radio 11 41574
radio 11 42088
radio 11 42120
radio 11 42634
radio 11 42686
radio 11 43200
radio 11 43250
radio 11 43764
radio 11 43781
radio 11 44294
radio 11 44327
radio 11 44841
radio 11 44893
radio 11 45407
radio 11 45458
radio 11 45972
radio 11 45989
radio 11 46502
radio 11 46533
radio 11 47047
radio 11 47135
radio 11 47649
radio 11 47666
radio 11 48179
radio 11 48196
radio 11 48709
radio 11 48726
radio 11 49239
radio 11 49256
radio 11 49769
radio 11 49821
radio 11 50335
radio 11 50389
radio 11 50903
radio 11 50937
radio 11 51451
radio 11 51499
radio 11 52013
radio 11 52063
radio 11 52577
radio 11 52610
radio 11 53124
radio 11 53175
radio 11 53689
radio 11 53743
radio 11 54257
radio 11 54286
radio 11 54800
radio 11 54854
radio 11 55368
radio 11 55420
radio 11 55934
radio 11 55965
radio 11 56479
radio 11 56532
radio 11 57046
radio 11 57100
radio 11 57614
radio 11 57644
radio 11 58158
radio 11 58210
radio 11 58724
radio 11 58759
radio 11 59273
radio 11 59290
radio 11 59803
radio 11 59834
radio 11 60348
radio 11 60365
radio 11 60878
radio 11 60895
radio 11 61408
radio 11 61460
radio 11 61974
radio 11 62028
radio 11 62542
radio 11 62573
radio 11 63087
radio 11 63138
radio 11 63652
radio 11 63705
radio 11 64219
radio 11 64236
radio 11 64749
radio 11 64766
radio 11 65279
radio 11 65310
radio 12 288
radio 12 317
radio 12 830
radio 12 847
radio 12 1360
radio 12 1389
radio 12 1903
radio 12 1920
radio 12 2433
radio 12 2450
radio 12 2963
radio 12 2980
radio 12 3493
delay 6 35 12 3510 12 2971 5 11 6 0 75 0 0
radio 12 3517
radio 12 4031
radio 12 4047
radio 12 4560
radio 12 4582
radio 12 5095
radio 12 5112
radio 12 5625
radio 12 5676
radio 12 6190
radio 12 6239
radio 12 6753
radio 12 6843
radio 12 7357
radio 12 7388
radio 12 7902
radio 12 7919
radio 12 8432
radio 12 8449
radio 12 8962
radio 12 8979
radio 12 9492
radio 12 9543
radio 12 10057
radio 12 10074
radio 12 10587
radio 12 10618
radio 12 11132
radio 12 11164
radio 12 11678
radio 12 11695
radio 12 12208
radio 12 12225
radio 12 12738
radio 12 12769
radio 12 13283
radio 12 13331
radio 12 13845
radio 12 13900
radio 12 14414
radio 12 14450
radio 12 14964
radio 12 14981
radio 12 15494
radio 12 15528
radio 12 16042
radio 12 16096
radio 12 16610
radio 12 16627
radio 12 17140
radio 12 17157
radio 12 17671
radio 12 17704
radio 12 18218
radio 12 18252
radio 12 18766
radio 12 18783
radio 12 19296
radio 12 19429
radio 12 19943
radio 12 19960
radio 12 20473
radio 12 20490
radio 12 21003
radio 12 21033
radio 12 21547
radio 12 21583
radio 12 22097
radio 12 22114
radio 12 22627
radio 12 22644
radio 12 23157
radio 12 23174
radio 12 23687
delay 7 18 12 23702 12 23625 5 11 6 0 233 0 0
radio 12 23710
radio 12 24224
radio 12 24325
radio 12 24839
radio 12 24872
radio 12 25386
radio 12 25414
radio 12 25928
radio 12 25960
radio 12 26474
radio 12 26502
radio 12 27016
radio 12 27067
radio 12 27581
radio 12 27635
radio 12 28149
radio 12 28166
radio 12 28679
radio 12 28696
radio 12 29209
radio 12 29238
radio 12 29752
radio 12 29769
energy 12 29899 8 59465
radio 12 30282
radio 12 30299
radio 12 30812
radio 12 30829
radio 12 31342
radio 12 31376
radio 12 31890
radio 12 31926
radio 12 32440
radio 12 32469
radio 12 32983
radio 12 33000
radio 12 33513
radio 12 33569
radio 12 34083
radio 12 34136
radio 12 34650
radio 12 34680
radio 12 35194
radio 12 35246
radio 12 35760
radio 12 35814
radio 12 36328
radio 12 36345
radio 12 36858
radio 12 36875
radio 12 37388
radio 12 37405
radio 12 37918
radio 12 37967
radio 12 38481
radio 12 38498
radio 12 39011
radio 12 39065
radio 12 39579
radio 12 39596
radio 12 40109
radio 12 40126
radio 12 40639
radio 12 40691
radio 12 41205
radio 12 41234
radio 12 41748
radio 12 41765
radio 12 42278
radio 12 42295
radio 12 42808
radio 12 42857
radio 12 43371
radio 12 43424
radio 12 43938
delay 8 18 12 43990 12 43907 5 11 6 0 65535 0 0
radio 12 43997
radio 12 44512
radio 12 44527
radio 12 45041
radio 12 45062
radio 12 45576
radio 12 45625
radio 12 46139
radio 12 46190
radio 12 46704
radio 12 46721
radio 12 47234
radio 12 47267
radio 12 47781
radio 12 47829
radio 12 48343
radio 12 48397
radio 12 48911
radio 12 48928
radio 12 49441
radio 12 49458
radio 12 49971
radio 12 49988
radio 12 50501
radio 12 50556
radio 12 51070
radio 12 51122
radio 12 51636
radio 12 51671
radio 12 52185
radio 12 52233
radio 12 52747
radio 12 52799
radio 12 53313
radio 12 53349
radio 12 53863
radio 12 53911
radio 12 54425
radio 12 54474
radio 12 54988
radio 12 55056
radio 12 55570
radio 12 55587
radio 12 56100
radio 12 56117
radio 12 56630
radio 12 56681
radio 12 57195
radio 12 57212
radio 12 57725
radio 12 57755
radio 12 58269
radio 12 58321
radio 12 58835
radio 12 58883
