Thread[Thread-1,5,main]tree 17 7 0 14 0 0
radio 8 50367
radio 8 50371
radio 8 50419
radio 8 50933
radio 8 50984
radio 8 51498
radio 8 51515
radio 8 52028
radio 8 52045
radio 8 52558
radio 8 52575
radio 8 53088
radio 8 53144
radio 8 53658
radio 8 53675
radio 8 54188
radio 8 54205
radio 8 54718
radio 8 54735
radio 8 55248
radio 8 55282
radio 8 55796
radio 8 55813
radio 8 56326
radio 8 56356
radio 8 56870
radio 8 56919
radio 8 57433
radio 8 57450
radio 8 57963
radio 8 57991
radio 8 58505
radio 8 58539
radio 8 59053
radio 8 59082
radio 8 59596
radio 8 59645
radio 8 60159
radio 8 60209
radio 8 60723
radio 8 60740
radio 8 61253
radio 8 61270
radio 8 61783
radio 8 61815
radio 8 62329
radio 8 62377
radio 8 62891
radio 8 62908
radio 8 63421
radio 8 63452
radio 8 63966
radio 8 63983
radio 8 64496
radio 8 64513
radio 8 65026
radio 8 65043
radio 9 20
radio 9 37
radio 9 550
radio 9 567
radio 9 1080
radio 9 1135
radio 9 1649
radio 9 1682
radio 9 2196
radio 9 2213
radio 9 2726
radio 9 2755
radio 9 3269
radio 9 3298
radio 9 3812
radio 9 3861
radio 9 4375
radio 9 4392
radio 9 4905
radio 9 4922
radio 9 5435
radio 9 5452
radio 9 5965
radio 9 5995
radio 9 6509
radio 9 6526
radio 9 7039
radio 9 7056
radio 9 7569
radio 9 7586
radio 9 8099
radio 9 8116
radio 9 8629
radio 9 8678
radio 9 9192
radio 9 9209
radio 9 9722
radio 9 9770
radio 9 10284
radio 9 10301
radio 9 10814
radio 9 10831
radio 9 11344
radio 9 11361
radio 9 11874
radio 9 11891
radio 9 12404
radio 9 12455
radio 9 12969
radio 9 13018
radio 9 13532
radio 9 13549
radio 9 14062
radio 9 14093
radio 9 14607
radio 9 14657
radio 9 15171
radio 9 15221
radio 9 15735
radio 9 15766
radio 9 16280
radio 9 16333
radio 9 16847
radio 9 16901
radio 9 17415
radio 9 17432
radio 9 17945
radio 9 17962
radio 9 18475
radio 9 18509
radio 9 19023
radio 9 19040
radio 9 19553
radio 9 19570
radio 9 20083
radio 9 20118
radio 9 20632
radio 9 20661
radio 9 21175
radio 9 21192
radio 9 21705
radio 9 21733
radio 9 22247
radio 9 22316
radio 9 22830
radio 9 22880
radio 9 23394
radio 9 23428
radio 9 23942
radio 9 23994
radio 9 24508
radio 9 24525
radio 9 25038
radio 9 25055
radio 9 25568
radio 9 25585
radio 9 26098
radio 9 26115
radio 9 26628
radio 9 26660
radio 9 27174
radio 9 27191
radio 9 27704
radio 9 27721
radio 9 28234
radio 9 28251
radio 9 28764
radio 9 28781
radio 9 29294
radio 9 29342
radio 9 29856
radio 9 29873
radio 9 30386
radio 9 30417
radio 9 30931
radio 9 30960
radio 9 31474
radio 9 31507
radio 9 32021
radio 9 32069
radio 9 32583
radio 9 32600
radio 9 33113
radio 9 33130
radio 9 33643
radio 9 33660
radio 9 34173
radio 9 34208
radio 9 34722
radio 9 34754
radio 9 35268
radio 9 35359
radio 9 35873
radio 9 35890
radio 9 36403
radio 9 36420
radio 9 36933
radio 9 36989
radio 9 37503
radio 9 37532
radio 9 38046
radio 9 38074
radio 9 38588
radio 9 38605
radio 9 39118
radio 9 39135
radio 9 39648
radio 9 39680
radio 9 40194
radio 9 40247
radio 9 40761
radio 9 40793
radio 9 41307
radio 9 41324
radio 9 41837
radio 9 41854
radio 9 42367
radio 9 42384
radio 9 42897
radio 9 42914
radio 9 43427
radio 9 43458
radio 9 43972
radio 9 44022
radio 9 44536
radio 9 44584
radio 9 45098
radio 9 45133
radio 9 45647
radio 9 45700
radio 9 46214
radio 9 46231
energy 9 46282 8 52993
radio 9 46744
radio 9 46761
radio 9 47274
radio 9 47302
radio 9 47816
radio 9 47849
radio 9 48363
radio 9 48418
radio 9 48932
radio 9 48985
radio 9 49499
radio 9 49516
radio 9 50029
radio 9 50060
radio 9 50574
radio 9 50624
radio 9 51138
radio 9 51155
radio 9 51668
radio 9 51685
radio 9 52198
radio 9 52215
radio 9 52728
radio 9 52745
radio 9 53258
radio 9 53288
radio 9 53802
radio 9 53831
radio 9 54345
radio 9 54399
radio 9 54913
radio 9 54964
radio 9 55478
radio 9 55508
radio 9 56022
radio 9 56071
radio 9 56585
radio 9 56602
radio 9 57115
radio 9 57132
radio 9 57645
radio 9 57662
radio 9 58175
radio 9 58203
radio 9 58717
radio 9 58753
radio 9 59267
radio 9 59284
radio 9 59797
radio 9 59814
radio 9 60327
radio 9 60379
radio 9 60893
radio 9 60927
radio 9 61441
radio 9 61458
radio 9 61971
radio 9 61988
radio 9 62501
radio 9 62518
radio 9 63031
radio 9 63048
radio 9 63561
radio 9 63578
radio 9 64091
radio 9 64119
radio 9 64633
radio 9 64682
radio 9 65196
radio 9 65228
radio 10 206
radio 10 223
radio 10 736
radio 10 753
radio 10 1266
radio 10 1283
radio 10 1796
radio 10 1813
radio 10 2326
radio 10 2354
radio 10 2868
radio 10 2919
radio 10 3433
radio 10 3464
radio 10 3978
radio 10 4010
radio 10 4524
radio 10 4541
radio 10 5054
radio 10 5071
radio 10 5584
radio 10 5613
radio 10 6127
radio 10 6156
radio 10 6670
radio 10 6704
radio 10 7218
radio 10 7235
radio 10 7748
radio 10 7765
radio 10 8278
radio 10 8311
radio 10 8825
radio 10 8842
radio 10 9355
radio 10 9384
radio 10 9898
radio 10 9949
radio 10 10463
radio 10 10492
radio 10 11006
delay 0 0 10 11032 10 11898 0 5 5 0 393 0 0
radio 10 11039
radio 10 11554
radio 10 11571
radio 10 12084
radio 10 12101
radio 10 12615
radio 10 12667
radio 10 13181
radio 10 13229
radio 10 13743
radio 10 13760
radio 10 14274
radio 10 14303
radio 10 14817
radio 10 14868
radio 10 15382
radio 10 15431
radio 10 15945
radio 10 15976
radio 10 16490
radio 10 16542
radio 10 17056
radio 10 17085
radio 10 17599
radio 10 17616
radio 10 18129
radio 10 18146
radio 10 18659
radio 10 18689
radio 10 19203
radio 10 19277
radio 10 19791
radio 10 19808
radio 10 20321
radio 10 20338
radio 10 20852
radio 10 20885
radio 10 21399
radio 10 21416
radio 10 21929
radio 10 21946
radio 10 22459
radio 10 22495
radio 10 23009
radio 10 23043
radio 10 23557
radio 10 23574
radio 10 24087
radio 10 24140
radio 10 24654
radio 10 24671
radio 10 25185
radio 10 25202
radio 10 25715
radio 10 25732
radio 10 26245
radio 10 26293
radio 10 26807
radio 10 26824
radio 10 27337
radio 10 27354
radio 10 27868
radio 10 27885
radio 10 28398
radio 10 28415
radio 10 28929
radio 10 28965
radio 10 29479
radio 10 29496
radio 10 30010
radio 10 30027
radio 10 30540
radio 10 30557
radio 10 31071
radio 10 31088
radio 10 31601
delay 1 35 10 31765 10 31675 5 5 65535 0 594 0 0
radio 10 31773
radio 10 32287
radio 10 32317
radio 10 32831
radio 10 32848
radio 10 33361
radio 10 33378
radio 10 33891
radio 10 33923
radio 10 34437
radio 10 34470
radio 10 34984
radio 10 35001
radio 10 35515
radio 10 35532
radio 10 36045
radio 10 36080
radio 10 36594
radio 10 36611
radio 10 37124
radio 10 37141
radio 10 37654
radio 10 37722
radio 10 38236
radio 10 38253
radio 10 38766
radio 10 38783
radio 10 39297
radio 10 39327
radio 10 39841
radio 10 39858
radio 10 40371
radio 10 40406
radio 10 40920
radio 10 40937
radio 10 41450
radio 10 41499
radio 10 42013
radio 10 42065
energy 10 42186 8 55600
radio 10 42579
radio 10 42596
radio 10 43109
radio 10 43126
radio 10 43639
radio 10 43670
radio 10 44184
radio 10 44232
radio 10 44746
radio 10 44781
radio 10 45295
radio 10 45344
radio 10 45858
radio 10 45948
radio 10 46462
radio 10 46479
radio 10 46993
radio 10 47028
radio 10 47542
radio 10 47559
radio 10 48073
radio 10 48090
radio 10 48603
radio 10 48620
radio 10 49134
radio 10 49163
radio 10 49677
radio 10 49708
radio 10 50222
radio 10 50254
radio 10 50768
radio 10 50823
radio 10 51337
radio 10 51354
radio 10 51868
delay 2 0 10 51888 10 52756 0 5 5 0 294 0 0
radio 10 51896
radio 10 52410
radio 10 52427
radio 10 52941
radio 10 52973
radio 10 53487
radio 10 53504
radio 10 54017
radio 10 54046
radio 10 54560
radio 10 54577
radio 10 55090
radio 10 55107
radio 10 55620
radio 10 55637
radio 10 56151
radio 10 56168
radio 10 56681
radio 10 56712
radio 10 57226
radio 10 57243
radio 10 57757
radio 10 57789
radio 10 58303
radio 10 58320
radio 10 58833
radio 10 58850
radio 10 59363
radio 10 59380
radio 10 59894
radio 10 59911
radio 10 60424
radio 10 60441
radio 10 60954
radio 10 61009
radio 10 61523
radio 10 61575
radio 10 62089
radio 10 62106
radio 10 62619
radio 10 62651
radio 10 63165
radio 10 63198
radio 10 63712
radio 10 63742
radio 10 64256
radio 10 64273
radio 10 64787
radio 10 64804
radio 10 65317
radio 10 65348
radio 11 326
radio 11 343
radio 11 856
radio 11 873
radio 11 1386
radio 11 1403
radio 11 1916
radio 11 1972
radio 11 2486
radio 11 2503
radio 11 3016
radio 11 3064
radio 11 3578
radio 11 3608
radio 11 4122
radio 11 4177
radio 11 4691
radio 11 4708
radio 11 5221
radio 11 5269
radio 11 5783
radio 11 5800
radio 11 6313
radio 11 6347
radio 11 6861
delay 3 35 11 6901 11 6812 5 5 65535 0 34 1 0
radio 11 6909
radio 11 7423
radio 11 7472
radio 11 7985
radio 11 8002
radio 11 8515
radio 11 8546
radio 11 9060
radio 11 9089
radio 11 9603
radio 11 9620
radio 11 10133
radio 11 10150
radio 11 10663
radio 11 10680
radio 11 11193
radio 11 11227
radio 11 11741
radio 11 11758
radio 11 12271
radio 11 12288
radio 11 12802
radio 11 12834
radio 11 13348
radio 11 13400
radio 11 13914
radio 11 13931
radio 11 14444
radio 11 14461
radio 11 14974
radio 11 15008
radio 11 15522
radio 11 15557
radio 11 16071
radio 11 16124
radio 11 16638
radio 11 16666
radio 11 17180
radio 11 17197
radio 11 17711
radio 11 17741
radio 11 18255
radio 11 18288
radio 11 18802
radio 11 18855
radio 11 19369
radio 11 19418
radio 11 19932
radio 11 19949
radio 11 20462
radio 11 20479
radio 11 20993
radio 11 21010
radio 11 21523
radio 11 21540
radio 11 22053
radio 11 22103
radio 11 22617
radio 11 22672
radio 11 23186
radio 11 23260
radio 11 23774
radio 11 23808
radio 11 24322
radio 11 24355
radio 11 24869
radio 11 24886
radio 11 25399
radio 11 25432
radio 11 25946
radio 11 25963
radio 11 26476
radio 11 26507
radio 11 27021
delay 4 0 11 27136 11 28004 0 5 5 0 118 0 0
radio 11 27144
radio 11 27658
radio 11 27681
radio 11 28195
radio 11 28217
radio 11 28731
radio 11 28766
radio 11 29280
radio 11 29297
radio 11 29810
radio 11 29859
radio 11 30373
radio 11 30390
radio 11 30904
radio 11 30958
radio 11 31472
radio 11 31505
radio 11 32019
radio 11 32069
radio 11 32583
radio 11 32600
radio 11 33114
radio 11 33131
radio 11 33644
radio 11 33680
radio 11 34194
radio 11 34211
radio 11 34724
radio 11 34755
radio 11 35269
radio 11 35320
radio 11 35834
radio 11 35886
radio 11 36400
radio 11 36417
radio 11 36930
radio 11 36959
radio 11 37473
radio 11 37522
radio 11 38036
radio 11 38053
energy 11 38090 8 58355
radio 11 38566
radio 11 38598
radio 11 39112
radio 11 39129
radio 11 39642
radio 11 39672
radio 11 40186
radio 11 40203
radio 11 40716
radio 11 40765
radio 11 41279
radio 11 41296
radio 11 41809
radio 11 41826
radio 11 42339
radio 11 42372
radio 11 42886
radio 11 42903
radio 11 43416
radio 11 43433
radio 11 43946
radio 11 43963
radio 11 44477
radio 11 44508
radio 11 45022
radio 11 45071
radio 11 45585
radio 11 45602
radio 11 46115
radio 11 46132
radio 11 46645
radio 11 46662
radio 11 47175
radio 11 47209
radio 11 47723
radio 11 47740
radio 11 48253
radio 11 48270
radio 11 48783
radio 11 48800
radio 11 49313
radio 11 49330
radio 11 49843
radio 11 49895
radio 11 50409
radio 11 50461
radio 11 50975
radio 11 51005
radio 11 51519
radio 11 51574
radio 11 52088
radio 11 52105
radio 11 52619
radio 11 52655
radio 11 53169
radio 11 53186
radio 11 53699
radio 11 53716
radio 11 54229
radio 11 54246
radio 11 54760
radio 11 54777
radio 11 55290
radio 11 55307
radio 11 55820
radio 11 55837
radio 11 56350
radio 11 56386
radio 11 56900
radio 11 56930
radio 11 57444
radio 11 57461
radio 11 57974
radio 11 57991
radio 11 58504
radio 11 58521
radio 11 59035
radio 11 59069
radio 11 59583
radio 11 59600
radio 11 60113
radio 11 60166
radio 11 60680
radio 11 60735
radio 11 61249
radio 11 61278
radio 11 61792
radio 11 61842
radio 11 62356
radio 11 62385
radio 11 62899
radio 11 62928
radio 11 63442
radio 11 63459
radio 11 63972
radio 11 64002
radio 11 64516
radio 11 64569
radio 11 65083
radio 11 65100
radio 12 78
radio 12 95
radio 12 608
radio 12 643
radio 12 1156
radio 12 1184
radio 12 1698
radio 12 1715
radio 12 2228
radio 12 2245
radio 12 2758
delay 6 0 12 2774 12 3642 0 5 5 0 330 0 0
radio 12 2781
radio 12 3295
radio 12 3312
radio 12 3825
radio 12 3847
radio 12 4361
radio 12 4378
radio 12 4891
radio 12 4908
radio 12 5421
radio 12 5475
radio 12 5989
radio 12 6020
radio 12 6534
radio 12 6589
radio 12 7103
radio 12 7156
radio 12 7670
radio 12 7704
radio 12 8218
radio 12 8267
radio 12 8781
radio 12 8798
radio 12 9311
radio 12 9344
radio 12 9858
radio 12 9875
radio 12 10388
radio 12 10420
radio 12 10934
radio 12 10951
radio 12 11464
radio 12 11517
radio 12 12031
radio 12 12048
radio 12 12561
radio 12 12578
radio 12 13091
radio 12 13126
radio 12 13640
radio 12 13671
radio 12 14185
radio 12 14214
radio 12 14728
radio 12 14760
radio 12 15274
radio 12 15328
radio 12 15842
radio 12 15859
radio 12 16373
radio 12 16402
radio 12 16916
radio 12 16970
radio 12 17484
radio 12 17519
radio 12 18033
radio 12 18063
radio 12 18577
radio 12 18610
radio 12 19124
radio 12 19172
radio 12 19686
radio 12 19703
radio 12 20216
radio 12 20252
radio 12 20766
radio 12 20783
radio 12 21296
radio 12 21313
radio 12 21826
radio 12 21843
radio 12 22356
radio 12 22373
radio 12 22886
radio 12 22903
radio 12 23416
delay 7 0 12 23551 12 24420 0 5 5 0 630 0 0
radio 12 23560
radio 12 24074
radio 12 24090
radio 12 24604
radio 12 24639
radio 12 25153
radio 12 25186
radio 12 25700
radio 12 25729
radio 12 26243
radio 12 26296
radio 12 26810
radio 12 26827
radio 12 27340
radio 12 27357
radio 12 27870
radio 12 27887
radio 12 28400
radio 12 28429
radio 12 28943
radio 12 28960
radio 12 29473
radio 12 29490
radio 12 30003
radio 12 30020
radio 12 30533
radio 12 30564
radio 12 31078
radio 12 31126
radio 12 31640
radio 12 31657
radio 12 32171
radio 12 32188
radio 12 32701
radio 12 32718
radio 12 33231
radio 12 33248
radio 12 33762
radio 12 33810
energy 12 33994 8 60884
radio 12 34324
radio 12 34376
radio 12 34890
radio 12 34907
radio 12 35421
radio 12 35452
radio 12 35966
radio 12 35983
radio 12 36496
radio 12 36529
radio 12 37043
radio 12 37099
radio 12 37613
radio 12 37668
radio 12 38182
radio 12 38199
radio 12 38713
radio 12 38730
radio 12 39243
radio 12 39273
radio 12 39787
radio 12 39804
radio 12 40317
radio 12 40349
radio 12 40863
radio 12 40880
radio 12 41393
radio 12 41443
radio 12 41957
radio 12 41987
radio 12 42501
radio 12 42549
radio 12 43063
radio 12 43080
radio 12 43593
delay 8 0 12 43607 12 44476 0 5 5 0 206 1 0
radio 12 43615
radio 12 44129
radio 12 44288
radio 12 44801
radio 12 44818
radio 12 45331
radio 12 45387
radio 12 45901
radio 12 45918
radio 12 46432
radio 12 46449
radio 12 46962
radio 12 46979
radio 12 47492
radio 12 47528
radio 12 48042
radio 12 48059
radio 12 48572
radio 12 48589
radio 12 49103
radio 12 49153
radio 12 49667
radio 12 49722
radio 12 50236
radio 12 50253
radio 12 50766
radio 12 50783
radio 12 51296
radio 12 51313
radio 12 51827
radio 12 51881
radio 12 52395
radio 12 52451
radio 12 52965
radio 12 52995
radio 12 53509
radio 12 53559
radio 12 54073
radio 12 54090
radio 12 54603
radio 12 54639
radio 12 55153
radio 12 55170
radio 12 55683
radio 12 55700
radio 12 56213
radio 12 56248
radio 12 56762
radio 12 56816
radio 12 57330
radio 12 57347
radio 12 57860
radio 12 57916
radio 12 58430
radio 12 58464
