Thread[Thread-1,5,main]tree 125 13 35 12 0 0
radio 8 58575
radio 8 58579
radio 8 58608
radio 8 59122
radio 8 59156
radio 8 59670
radio 8 59723
radio 8 60237
radio 8 60254
radio 8 60767
radio 8 60784
radio 8 61297
radio 8 61314
radio 8 61827
radio 8 61844
radio 8 62357
radio 8 62410
radio 8 62924
radio 8 62974
radio 8 63488
radio 8 63519
radio 8 64033
radio 8 64050
radio 8 64563
radio 8 64580
radio 8 65093
radio 8 65122
radio 9 100
radio 9 117
radio 9 630
radio 9 647
radio 9 1160
radio 9 1208
radio 9 1722
radio 9 1739
radio 9 2252
radio 9 2269
radio 9 2782
radio 9 2799
radio 9 3312
radio 9 3347
radio 9 3861
radio 9 3878
radio 9 4391
radio 9 4423
radio 9 4937
radio 9 4988
radio 9 5502
radio 9 5536
radio 9 6050
radio 9 6078
radio 9 6592
radio 9 6609
radio 9 7122
radio 9 7152
radio 9 7666
radio 9 7714
radio 9 8228
radio 9 8256
radio 9 8770
radio 9 8787
radio 9 9300
radio 9 9388
radio 9 9902
radio 9 9955
radio 9 10469
radio 9 10600
radio 9 11114
radio 9 11131
radio 9 11644
radio 9 11699
radio 9 12213
radio 9 12247
radio 9 12761
radio 9 12796
radio 9 13310
radio 9 13327
radio 9 13840
radio 9 13889
radio 9 14403
radio 9 14433
radio 9 14947
radio 9 14980
radio 9 15494
radio 9 15511
radio 9 16024
radio 9 16041
radio 9 16554
radio 9 16585
radio 9 17099
radio 9 17147
radio 9 17661
radio 9 17678
radio 9 18191
radio 9 18225
radio 9 18739
radio 9 18769
radio 9 19283
radio 9 19314
radio 9 19828
radio 9 19878
radio 9 20392
radio 9 20409
radio 9 20922
radio 9 20939
radio 9 21452
radio 9 21469
radio 9 21982
radio 9 22013
radio 9 22527
radio 9 22637
radio 9 23151
radio 9 23168
radio 9 23681
radio 9 23712
radio 9 24226
radio 9 24282
radio 9 24796
radio 9 24813
radio 9 25326
radio 9 25355
radio 9 25869
radio 9 25886
radio 9 26399
radio 9 26416
radio 9 26929
radio 9 26946
radio 9 27459
radio 9 27476
radio 9 27989
radio 9 28006
radio 9 28519
radio 9 28536
radio 9 29049
radio 9 29100
radio 9 29614
radio 9 29631
radio 9 30144
radio 9 30161
radio 9 30674
radio 9 30691
radio 9 31204
radio 9 31221
radio 9 31734
radio 9 31751
radio 9 32264
radio 9 32297
radio 9 32811
radio 9 32842
radio 9 33356
radio 9 33404
radio 9 33918
radio 9 33970
radio 9 34484
radio 9 34518
radio 9 35032
radio 9 35122
radio 9 35636
radio 9 35653
radio 9 36166
radio 9 36183
radio 9 36696
radio 9 36713
radio 9 37226
radio 9 37243
radio 9 37756
radio 9 37808
radio 9 38322
radio 9 38358
radio 9 38872
radio 9 38889
radio 9 39402
radio 9 39436
radio 9 39950
radio 9 39967
radio 9 40480
radio 9 40534
radio 9 41048
radio 9 41096
radio 9 41610
radio 9 41627
radio 9 42140
radio 9 42157
radio 9 42670
radio 9 42706
radio 9 43220
radio 9 43237
radio 9 43750
radio 9 43767
radio 9 44280
radio 9 44297
radio 9 44810
radio 9 44827
radio 9 45340
radio 9 45357
radio 9 45870
radio 9 45939
radio 9 46453
radio 9 46482
radio 9 46996
radio 9 47013
radio 9 47526
radio 9 47543
radio 9 48056
radio 9 48073
radio 9 48586
radio 9 48603
radio 9 49116
radio 9 49133
radio 9 49646
radio 9 49663
radio 9 50176
radio 9 50193
radio 9 50706
radio 9 50723
radio 9 51236
radio 9 51267
radio 9 51781
radio 9 51798
radio 9 52311
radio 9 52345
radio 9 52859
radio 9 52907
radio 9 53421
radio 9 53472
radio 9 53986
radio 9 54003
energy 9 54491 8 61281
radio 9 54516
radio 9 54533
radio 9 55046
radio 9 55079
radio 9 55593
radio 9 55629
radio 9 56143
radio 9 56160
radio 9 56673
radio 9 56690
radio 9 57203
radio 9 57220
radio 9 57733
radio 9 57750
radio 9 58263
radio 9 58280
radio 9 58793
radio 9 58810
radio 9 59323
radio 9 59340
radio 9 59853
radio 9 59881
radio 9 60395
radio 9 60412
radio 9 60925
radio 9 60942
radio 9 61455
radio 9 61507
radio 9 62021
radio 9 62056
radio 9 62570
radio 9 62587
radio 9 63100
radio 9 63117
radio 9 63630
radio 9 63647
radio 9 64160
radio 9 64177
radio 9 64690
radio 9 64707
radio 9 65220
radio 9 65249
radio 10 227
radio 10 244
radio 10 757
radio 10 788
radio 10 1302
radio 10 1319
radio 10 1832
radio 10 1881
radio 10 2395
radio 10 2428
radio 10 2942
radio 10 2996
radio 10 3510
radio 10 3527
radio 10 4040
radio 10 4057
radio 10 4570
radio 10 4603
radio 10 5117
radio 10 5134
radio 10 5647
radio 10 5678
radio 10 6192
radio 10 6247
radio 10 6761
radio 10 6835
radio 10 7349
radio 10 7400
radio 10 7914
radio 10 7931
radio 10 8444
radio 10 8475
radio 10 8989
radio 10 9020
radio 10 9534
radio 10 9551
radio 10 10064
radio 10 10119
radio 10 10633
delay 0 0 10 10651 10 11545 0 10 10 0 40 1 0
radio 10 10659
radio 10 11173
radio 10 11225
radio 10 11739
radio 10 11755
radio 10 12269
radio 10 12287
radio 10 12800
radio 10 12853
radio 10 13367
radio 10 13419
radio 10 13933
radio 10 13950
radio 10 14463
radio 10 14536
radio 10 15050
radio 10 15081
radio 10 15595
radio 10 15612
radio 10 16125
radio 10 16142
radio 10 16655
radio 10 16672
radio 10 17185
radio 10 17202
radio 10 17715
radio 10 17732
radio 10 18245
radio 10 18262
radio 10 18775
radio 10 18825
radio 10 19339
radio 10 19388
radio 10 19902
radio 10 19935
radio 10 20449
radio 10 20477
radio 10 20991
radio 10 21023
radio 10 21537
radio 10 21566
radio 10 22080
radio 10 22097
radio 10 22610
radio 10 22627
radio 10 23140
radio 10 23157
radio 10 23670
radio 10 23699
radio 10 24213
radio 10 24245
radio 10 24759
radio 10 24807
radio 10 25321
radio 10 25356
radio 10 25870
radio 10 25887
radio 10 26400
radio 10 26417
radio 10 26930
radio 10 26947
radio 10 27460
radio 10 27491
radio 10 28005
radio 10 28058
radio 10 28572
radio 10 28589
radio 10 29102
radio 10 29119
radio 10 29632
radio 10 29665
radio 10 30179
radio 10 30272
radio 10 30786
radio 10 30817
radio 10 31331
delay 1 0 10 31348 10 32242 0 10 10 0 260 0 0
radio 10 31356
radio 10 31870
radio 10 31985
radio 10 32499
radio 10 32516
radio 10 33029
radio 10 33060
radio 10 33574
radio 10 33591
radio 10 34104
radio 10 34121
radio 10 34634
radio 10 34651
radio 10 35165
radio 10 35201
radio 10 35715
radio 10 35765
radio 10 36279
radio 10 36333
radio 10 36847
radio 10 36876
radio 10 37390
radio 10 37407
radio 10 37920
radio 10 37950
radio 10 38464
radio 10 38481
radio 10 38994
radio 10 39023
radio 10 39537
radio 10 39592
radio 10 40106
radio 10 40156
radio 10 40670
radio 10 40744
radio 10 41258
radio 10 41306
radio 10 41820
radio 10 41837
radio 10 42350
radio 10 42367
radio 10 42880
radio 10 42914
radio 10 43428
radio 10 43445
radio 10 43958
radio 10 43975
radio 10 44488
radio 10 44505
radio 10 45018
radio 10 45049
radio 10 45563
radio 10 45595
radio 10 46109
radio 10 46126
radio 10 46639
radio 10 46656
radio 10 47169
radio 10 47186
radio 10 47699
radio 10 47735
radio 10 48249
radio 10 48342
radio 10 48856
radio 10 48891
radio 10 49405
radio 10 49422
radio 10 49935
radio 10 49964
energy 10 50395 8 64018
radio 10 50478
radio 10 50495
radio 10 51008
radio 10 51058
radio 10 51572
delay 2 0 10 51591 10 52485 0 10 10 0 23 1 0
radio 10 51599
radio 10 52113
radio 10 52299
radio 10 52813
radio 10 52856
radio 10 53370
radio 10 53387
radio 10 53901
radio 10 53918
radio 10 54431
radio 10 54482
radio 10 54996
radio 10 55013
radio 10 55526
radio 10 55562
radio 10 56076
radio 10 56093
radio 10 56606
radio 10 56623
radio 10 57136
radio 10 57206
radio 10 57720
radio 10 57737
radio 10 58250
radio 10 58267
radio 10 58780
radio 10 58797
radio 10 59310
radio 10 59342
radio 10 59856
radio 10 59873
radio 10 60386
radio 10 60403
radio 10 60917
radio 10 60951
radio 10 61465
radio 10 61482
radio 10 61995
radio 10 62026
radio 10 62540
radio 10 62557
radio 10 63070
radio 10 63123
radio 10 63637
radio 10 63667
radio 10 64181
radio 10 64231
radio 10 64745
radio 10 64762
radio 10 65275
radio 10 65292
radio 11 269
radio 11 286
radio 11 799
radio 11 816
radio 11 1329
radio 11 1363
radio 11 1877
radio 11 1947
radio 11 2461
radio 11 2478
radio 11 2991
radio 11 3022
radio 11 3536
radio 11 3553
radio 11 4066
radio 11 4083
radio 11 4596
radio 11 4613
radio 11 5126
radio 11 5143
radio 11 5656
radio 11 5673
radio 11 6186
radio 11 6203
radio 11 6716
delay 3 0 11 6734 11 7628 0 10 10 0 220 0 0
radio 11 6742
radio 11 7256
radio 11 7273
radio 11 7786
radio 11 7877
radio 11 8390
radio 11 8407
radio 11 8920
radio 11 8974
radio 11 9488
radio 11 9505
radio 11 10018
radio 11 10046
radio 11 10560
radio 11 10592
radio 11 11106
radio 11 11123
radio 11 11636
radio 11 11653
radio 11 12166
radio 11 12222
radio 11 12736
radio 11 12785
radio 11 13299
radio 11 13316
radio 11 13829
radio 11 13857
radio 11 14371
radio 11 14427
radio 11 14941
radio 11 14958
radio 11 15471
radio 11 15488
radio 11 16001
radio 11 16031
radio 11 16545
radio 11 16562
radio 11 17075
radio 11 17110
radio 11 17624
radio 11 17678
radio 11 18192
radio 11 18209
radio 11 18722
radio 11 18739
radio 11 19252
radio 11 19283
radio 11 19797
radio 11 19814
radio 11 20327
radio 11 20360
radio 11 20874
radio 11 20928
radio 11 21442
radio 11 21459
radio 11 21972
radio 11 22002
radio 11 22516
radio 11 22533
radio 11 23046
radio 11 23063
radio 11 23576
radio 11 23593
radio 11 24106
radio 11 24123
radio 11 24636
radio 11 24669
radio 11 25183
radio 11 25200
radio 11 25713
radio 11 25730
radio 11 26243
radio 11 26260
radio 11 26773
radio 11 26790
radio 11 27303
delay 4 18 11 27320 11 27718 5 10 5 0 100 0 0
radio 11 27328
radio 11 27843
radio 11 27890
radio 11 28403
radio 11 28418
radio 11 28932
radio 11 28949
radio 11 29462
radio 11 29496
radio 11 30010
radio 11 30027
radio 11 30540
radio 11 30557
radio 11 31070
radio 11 31087
radio 11 31600
radio 11 31617
radio 11 32130
radio 11 32159
radio 11 32673
radio 11 32690
radio 11 33203
radio 11 33231
radio 11 33745
radio 11 33762
radio 11 34275
radio 11 34304
radio 11 34818
radio 11 34874
radio 11 35388
radio 11 35424
radio 11 35938
radio 11 35971
radio 11 36485
radio 11 36502
radio 11 37015
radio 11 37044
radio 11 37558
radio 11 37591
radio 11 38105
radio 11 38122
radio 11 38635
radio 11 38684
radio 11 39198
radio 11 39228
radio 11 39742
radio 11 39759
radio 11 40272
radio 11 40321
radio 11 40835
radio 11 40885
radio 11 41399
radio 11 41416
radio 11 41929
radio 11 41946
radio 11 42459
radio 11 42491
radio 11 43005
radio 11 43053
radio 11 43567
radio 11 43603
radio 11 44117
radio 11 44150
radio 11 44664
radio 11 44681
radio 11 45194
radio 11 45211
radio 11 45724
radio 11 45741
radio 11 46254
energy 11 46299 9 1031
radio 11 46306
radio 11 46819
radio 11 46836
radio 11 47349
radio 11 47366
radio 11 47879
radio 11 47896
radio 11 48409
radio 11 48460
radio 11 48974
radio 11 48991
radio 11 49504
radio 11 49555
radio 11 50069
radio 11 50086
radio 11 50599
radio 11 50616
radio 11 51129
radio 11 51146
radio 11 51659
radio 11 51692
radio 11 52206
radio 11 52223
radio 11 52736
radio 11 52753
radio 11 53266
radio 11 53283
radio 11 53796
radio 11 53813
radio 11 54326
radio 11 54378
radio 11 54892
radio 11 54909
radio 11 55422
radio 11 55439
radio 11 55952
radio 11 55969
radio 11 56482
radio 11 56499
radio 11 57012
radio 11 57040
radio 11 57554
radio 11 57571
radio 11 58084
radio 11 58114
radio 11 58628
radio 11 58677
radio 11 59191
radio 11 59208
radio 11 59721
radio 11 59757
radio 11 60271
radio 11 60306
radio 11 60820
radio 11 60837
radio 11 61350
radio 11 61404
radio 11 61918
radio 11 61954
radio 11 62468
radio 11 62485
radio 11 62998
radio 11 63028
radio 11 63542
radio 11 63559
radio 11 64072
radio 11 64120
radio 11 64634
radio 11 64651
radio 11 65164
radio 11 65181
radio 12 158
radio 12 175
radio 12 688
radio 12 720
radio 12 1233
radio 12 1250
radio 12 1763
radio 12 1791
radio 12 2305
radio 12 2334
radio 12 2848
delay 6 24 12 2869 12 3123 5 10 5 0 13 1 0
radio 12 2876
radio 12 3391
radio 12 3408
radio 12 3922
radio 12 4022
radio 12 4535
radio 12 4584
radio 12 5098
radio 12 5115
radio 12 5628
radio 12 5645
radio 12 6158
radio 12 6175
radio 12 6688
radio 12 6723
radio 12 7237
radio 12 7291
radio 12 7805
radio 12 7822
radio 12 8335
radio 12 8352
radio 12 8865
radio 12 8882
radio 12 9395
radio 12 9424
radio 12 9938
radio 12 9955
radio 12 10468
radio 12 10485
radio 12 10998
radio 12 11015
radio 12 11528
radio 12 11545
radio 12 12058
radio 12 12075
radio 12 12588
radio 12 12660
radio 12 13174
radio 12 13204
radio 12 13718
radio 12 13735
radio 12 14248
radio 12 14281
radio 12 14795
radio 12 14887
radio 12 15401
radio 12 15418
radio 12 15931
radio 12 15948
radio 12 16461
radio 12 16478
radio 12 16991
radio 12 17008
radio 12 17521
radio 12 17574
radio 12 18088
radio 12 18140
radio 12 18654
radio 12 18687
radio 12 19201
radio 12 19251
radio 12 19765
radio 12 19782
radio 12 20295
radio 12 20312
radio 12 20825
radio 12 20842
radio 12 21355
radio 12 21387
radio 12 21901
radio 12 21918
radio 12 22431
radio 12 22448
radio 12 22961
delay 7 0 12 22982 12 23876 0 10 10 0 86 1 0
radio 12 22990
radio 12 23504
radio 12 23554
radio 12 24067
radio 12 24089
radio 12 24603
radio 12 24620
radio 12 25133
radio 12 25167
radio 12 25681
radio 12 25698
radio 12 26211
radio 12 26239
radio 12 26753
radio 12 26801
radio 12 27315
radio 12 27332
radio 12 27845
radio 12 27862
radio 12 28375
radio 12 28403
radio 12 28917
radio 12 28934
radio 12 29447
radio 12 29464
radio 12 29977
radio 12 29994
radio 12 30507
radio 12 30539
radio 12 31053
radio 12 31070
radio 12 31583
radio 12 31639
radio 12 32153
radio 12 32170
radio 12 32683
radio 12 32713
radio 12 33227
radio 12 33244
radio 12 33757
radio 12 33774
radio 12 34287
radio 12 34321
radio 12 34835
radio 12 34852
radio 12 35365
radio 12 35398
radio 12 35912
radio 12 35964
radio 12 36478
radio 12 36511
radio 12 37025
radio 12 37074
radio 12 37588
radio 12 37642
radio 12 38156
radio 12 38173
radio 12 38686
radio 12 38703
radio 12 39216
radio 12 39246
radio 12 39760
radio 12 39777
radio 12 40290
radio 12 40324
radio 12 40838
radio 12 40855
radio 12 41368
radio 12 41385
radio 12 41898
radio 12 41915
energy 12 42203 9 3461
radio 12 42428
radio 12 42458
radio 12 42972
radio 12 42989
radio 12 43502
delay 8 0 12 43673 12 44567 0 10 10 0 297 0 0
radio 12 43681
radio 12 44195
radio 12 44236
radio 12 44749
radio 12 44806
radio 12 45320
radio 12 45337
radio 12 45850
radio 12 45880
radio 12 46394
radio 12 46411
radio 12 46924
radio 12 46977
radio 12 47491
radio 12 47508
radio 12 48021
radio 12 48038
radio 12 48551
radio 12 48568
radio 12 49081
radio 12 49175
radio 12 49689
radio 12 49706
radio 12 50219
radio 12 50236
radio 12 50749
radio 12 50778
radio 12 51292
radio 12 51309
radio 12 51822
radio 12 51839
radio 12 52352
radio 12 52381
radio 12 52895
radio 12 52947
radio 12 53461
radio 12 53496
radio 12 54010
radio 12 54062
radio 12 54576
radio 12 54593
radio 12 55106
radio 12 55123
radio 12 55636
radio 12 55672
radio 12 56186
radio 12 56203
radio 12 56716
radio 12 56733
radio 12 57246
radio 12 57263
radio 12 57776
radio 12 57793
radio 12 58306
radio 12 58355
radio 12 58869
radio 12 58886
