Thread[Thread-1,5,main]tree 12 7 0 14 0 0
radio 8 43236
radio 8 43240
radio 8 43270
radio 8 43784
radio 8 43801
radio 8 44314
radio 8 44331
radio 8 44844
radio 8 44861
radio 8 45374
radio 8 45391
radio 8 45904
radio 8 45921
radio 8 46434
radio 8 46451
radio 8 46964
radio 8 46981
radio 8 47494
radio 8 47542
radio 8 48056
radio 8 48073
radio 8 48586
radio 8 48603
radio 8 49116
radio 8 49133
radio 8 49646
radio 8 49663
radio 8 50176
radio 8 50193
radio 8 50706
radio 8 50723
radio 8 51236
radio 8 51253
radio 8 51766
radio 8 51783
radio 8 52296
radio 8 52313
radio 8 52826
radio 8 52876
radio 8 53390
radio 8 53419
radio 8 53933
radio 8 53950
radio 8 54463
radio 8 54495
radio 8 55009
radio 8 55026
radio 8 55539
radio 8 55556
radio 8 56069
radio 8 56086
radio 8 56599
radio 8 56616
radio 8 57129
radio 8 57146
radio 8 57659
radio 8 57713
radio 8 58227
radio 8 58255
radio 8 58769
radio 8 58786
radio 8 59299
radio 8 59333
radio 8 59847
radio 8 59864
radio 8 60377
radio 8 60394
radio 8 60907
radio 8 60961
radio 8 61475
radio 8 61492
radio 8 62005
radio 8 62035
radio 8 62549
radio 8 62580
radio 8 63094
radio 8 63122
radio 8 63636
radio 8 63653
radio 8 64166
radio 8 64199
radio 8 64713
radio 8 64730
radio 8 65243
radio 8 65272
radio 9 250
radio 9 266
radio 9 780
radio 9 812
radio 9 1325
radio 9 1359
radio 9 1872
radio 9 1888
radio 9 2402
radio 9 2453
radio 9 2966
radio 9 2995
radio 9 3508
radio 9 3538
radio 9 4051
radio 9 4079
radio 9 4592
radio 9 4609
radio 9 5122
radio 9 5174
radio 9 5687
radio 9 5704
radio 9 6217
radio 9 6265
radio 9 6778
radio 9 6795
radio 9 7308
radio 9 7324
radio 9 7838
radio 9 7866
radio 9 8379
radio 9 8430
radio 9 8943
radio 9 8960
radio 9 9473
radio 9 9506
radio 9 10019
radio 9 10047
radio 9 10561
radio 9 10578
radio 9 11091
radio 9 11125
radio 9 11639
radio 9 11687
radio 9 12201
radio 9 12218
radio 9 12731
radio 9 12766
radio 9 13280
radio 9 13297
radio 9 13810
radio 9 13827
radio 9 14340
radio 9 14357
radio 9 14870
radio 9 14899
radio 9 15413
radio 9 15461
radio 9 15975
radio 9 15992
radio 9 16505
radio 9 16522
radio 9 17035
radio 9 17067
radio 9 17581
radio 9 17598
radio 9 18111
radio 9 18128
radio 9 18641
radio 9 18675
radio 9 19189
radio 9 19217
radio 9 19731
radio 9 19748
radio 9 20261
radio 9 20278
radio 9 20791
radio 9 20824
radio 9 21338
radio 9 21370
radio 9 21884
radio 9 21901
radio 9 22414
radio 9 22431
radio 9 22944
radio 9 22961
radio 9 23474
radio 9 23523
radio 9 24037
radio 9 24066
radio 9 24580
radio 9 24616
radio 9 25130
radio 9 25158
radio 9 25672
radio 9 25689
radio 9 26202
radio 9 26252
radio 9 26766
radio 9 26820
radio 9 27334
radio 9 27351
radio 9 27864
radio 9 27881
radio 9 28394
radio 9 28411
radio 9 28924
radio 9 28941
radio 9 29454
radio 9 29505
radio 9 30019
radio 9 30036
radio 9 30549
radio 9 30566
radio 9 31079
radio 9 31096
radio 9 31609
radio 9 31626
radio 9 32139
radio 9 32156
radio 9 32669
radio 9 32686
radio 9 33199
radio 9 33216
radio 9 33729
radio 9 33746
radio 9 34259
radio 9 34276
radio 9 34789
radio 9 34843
radio 9 35357
radio 9 35374
radio 9 35887
radio 9 35955
radio 9 36469
radio 9 36486
radio 9 36999
radio 9 37027
radio 9 37541
radio 9 37569
radio 9 38083
radio 9 38100
radio 9 38613
radio 9 38646
energy 9 39151 8 45421
radio 9 39160
radio 9 39194
radio 9 39708
radio 9 39725
radio 9 40238
radio 9 40255
radio 9 40768
radio 9 40785
radio 9 41298
radio 9 41353
radio 9 41867
radio 9 41884
radio 9 42397
radio 9 42414
radio 9 42927
radio 9 42959
radio 9 43473
radio 9 43490
radio 9 44003
radio 9 44020
radio 9 44533
radio 9 44550
radio 9 45063
radio 9 45080
radio 9 45593
radio 9 45610
radio 9 46123
radio 9 46140
radio 9 46653
radio 9 46704
radio 9 47218
radio 9 47247
radio 9 47761
radio 9 47778
radio 9 48291
radio 9 48308
radio 9 48821
radio 9 48854
radio 9 49368
radio 9 49396
radio 9 49910
radio 9 49960
radio 9 50474
radio 9 50509
radio 9 51023
radio 9 51040
radio 9 51553
radio 9 51570
radio 9 52083
radio 9 52115
radio 9 52629
radio 9 52681
radio 9 53195
radio 9 53212
radio 9 53725
radio 9 53742
radio 9 54255
radio 9 54272
radio 9 54785
radio 9 54802
radio 9 55315
radio 9 55345
radio 9 55859
radio 9 55887
radio 9 56401
radio 9 56456
radio 9 56970
radio 9 56987
radio 9 57500
radio 9 57517
radio 9 58030
radio 9 58047
radio 9 58560
radio 9 58577
radio 9 59090
radio 9 59107
radio 9 59620
radio 9 59654
radio 9 60168
radio 9 60222
radio 9 60736
radio 9 60753
radio 9 61266
radio 9 61283
radio 9 61796
radio 9 61829
radio 9 62343
radio 9 62360
radio 9 62873
radio 9 62890
radio 9 63403
radio 9 63432
radio 9 63946
radio 9 63963
radio 9 64476
radio 9 64530
radio 9 65044
radio 9 65078
radio 10 56
radio 10 84
radio 10 597
radio 10 625
radio 10 1138
radio 10 1190
radio 10 1704
radio 10 1721
radio 10 2234
radio 10 2251
radio 10 2764
radio 10 2781
radio 10 3294
radio 10 3311
radio 10 3824
radio 10 3841
radio 10 4354
radio 10 4371
radio 10 4884
radio 10 4912
radio 10 5426
radio 10 5443
radio 10 5956
radio 10 5973
radio 10 6486
radio 10 6503
radio 10 7016
radio 10 7068
radio 10 7582
radio 10 7610
radio 10 8124
radio 10 8141
radio 10 8654
radio 10 8671
radio 10 9184
radio 10 9201
radio 10 9714
radio 10 9749
radio 10 10263
radio 10 10312
radio 10 10826
radio 10 10884
radio 10 11398
delay 0 24 10 11415 10 11793 5 6 1 0 300 0 0
radio 10 11422
radio 10 11937
radio 10 11957
radio 10 12471
radio 10 12501
radio 10 13015
radio 10 13032
radio 10 13545
radio 10 13562
radio 10 14075
radio 10 14107
radio 10 14621
radio 10 14638
radio 10 15151
radio 10 15168
radio 10 15681
radio 10 15714
radio 10 16228
radio 10 16261
radio 10 16775
radio 10 16803
radio 10 17317
radio 10 17334
radio 10 17847
radio 10 17864
radio 10 18377
radio 10 18406
radio 10 18920
radio 10 18951
radio 10 19465
radio 10 19496
radio 10 20010
radio 10 20027
radio 10 20540
radio 10 20557
radio 10 21070
radio 10 21118
radio 10 21632
radio 10 21649
radio 10 22162
radio 10 22193
radio 10 22707
radio 10 22724
radio 10 23237
radio 10 23254
radio 10 23767
radio 10 23784
radio 10 24297
radio 10 24314
radio 10 24827
radio 10 24844
radio 10 25357
radio 10 25388
radio 10 25902
radio 10 25930
radio 10 26444
radio 10 26474
radio 10 26988
radio 10 27005
radio 10 27518
radio 10 27547
radio 10 28061
radio 10 28091
radio 10 28605
radio 10 28622
radio 10 29135
radio 10 29164
radio 10 29678
radio 10 29706
radio 10 30220
radio 10 30237
radio 10 30750
radio 10 30786
radio 10 31300
delay 1 24 10 31520 10 31898 5 6 1 0 370 0 0
radio 10 31529
radio 10 32042
radio 10 32061
radio 10 32575
radio 10 32592
radio 10 33105
radio 10 33122
radio 10 33635
radio 10 33670
radio 10 34184
radio 10 34233
radio 10 34747
radio 10 34764
energy 10 35055 8 47796
radio 10 35277
radio 10 35294
radio 10 35807
radio 10 35841
radio 10 36355
radio 10 36372
radio 10 36885
radio 10 36902
radio 10 37415
radio 10 37445
radio 10 37959
radio 10 37988
radio 10 38502
radio 10 38519
radio 10 39032
radio 10 39049
radio 10 39562
radio 10 39593
radio 10 40107
radio 10 40124
radio 10 40637
radio 10 40671
radio 10 41185
radio 10 41202
radio 10 41715
radio 10 41747
radio 10 42261
radio 10 42294
radio 10 42808
radio 10 42825
radio 10 43338
radio 10 43392
radio 10 43906
radio 10 43923
radio 10 44436
radio 10 44453
radio 10 44966
radio 10 45022
radio 10 45536
radio 10 45553
radio 10 46066
radio 10 46121
radio 10 46635
radio 10 46652
radio 10 47165
radio 10 47197
radio 10 47711
radio 10 47744
radio 10 48258
radio 10 48275
radio 10 48788
radio 10 48836
radio 10 49350
radio 10 49367
radio 10 49880
radio 10 49897
radio 10 50410
radio 10 50441
radio 10 50955
radio 10 51003
radio 10 51517
delay 2 0 10 51559 10 52575 0 6 6 0 113 1 0
radio 10 51566
radio 10 52080
radio 10 52157
radio 10 52671
radio 10 52703
radio 10 53217
radio 10 53234
radio 10 53747
radio 10 53780
radio 10 54294
radio 10 54311
radio 10 54824
radio 10 54841
radio 10 55354
radio 10 55371
radio 10 55884
radio 10 55932
radio 10 56446
radio 10 56463
radio 10 56976
radio 10 56993
radio 10 57506
radio 10 57537
radio 10 58051
radio 10 58068
radio 10 58581
radio 10 58598
radio 10 59111
radio 10 59140
radio 10 59654
radio 10 59708
radio 10 60222
radio 10 60250
radio 10 60764
radio 10 60781
radio 10 61294
radio 10 61326
radio 10 61840
radio 10 61857
radio 10 62370
radio 10 62387
radio 10 62900
radio 10 62917
radio 10 63430
radio 10 63482
radio 10 63996
radio 10 64013
radio 10 64526
radio 10 64543
radio 10 65056
radio 10 65089
radio 11 67
radio 11 98
radio 11 611
radio 11 628
radio 11 1141
radio 11 1193
radio 11 1707
radio 11 1756
radio 11 2270
radio 11 2287
radio 11 2800
radio 11 2830
radio 11 3344
radio 11 3361
radio 11 3874
radio 11 3923
radio 11 4437
radio 11 4454
radio 11 4967
radio 11 4998
radio 11 5512
radio 11 5529
radio 11 6042
radio 11 6059
radio 11 6572
delay 3 0 11 6589 11 7605 0 6 6 0 197 0 0
radio 11 6596
radio 11 7110
radio 11 7258
radio 11 7771
radio 11 7788
radio 11 8301
radio 11 8318
radio 11 8831
radio 11 8860
radio 11 9374
radio 11 9391
radio 11 9904
radio 11 9921
radio 11 10434
radio 11 10469
radio 11 10983
radio 11 11000
radio 11 11513
radio 11 11530
radio 11 12043
radio 11 12060
radio 11 12573
radio 11 12626
radio 11 13140
radio 11 13157
radio 11 13670
radio 11 13687
radio 11 14200
radio 11 14232
radio 11 14746
radio 11 14763
radio 11 15276
radio 11 15293
radio 11 15806
radio 11 15823
radio 11 16336
radio 11 16365
radio 11 16879
radio 11 16928
radio 11 17442
radio 11 17475
radio 11 17989
radio 11 18006
radio 11 18519
radio 11 18551
radio 11 19065
radio 11 19096
radio 11 19610
radio 11 19627
radio 11 20140
radio 11 20169
radio 11 20683
radio 11 20700
radio 11 21213
radio 11 21230
radio 11 21743
radio 11 21760
radio 11 22273
radio 11 22323
radio 11 22837
radio 11 22865
radio 11 23379
radio 11 23427
radio 11 23941
radio 11 23958
radio 11 24471
radio 11 24504
radio 11 25018
radio 11 25035
radio 11 25548
radio 11 25582
radio 11 26096
radio 11 26113
radio 11 26626
radio 11 26678
radio 11 27192
radio 11 27224
radio 11 27738
delay 4 24 11 27803 11 28181 5 6 1 0 555 0 0
radio 11 27811
radio 11 28325
radio 11 28360
radio 11 28874
radio 11 28891
radio 11 29404
radio 11 29421
radio 11 29934
radio 11 29951
radio 11 30464
radio 11 30495
energy 11 30959 8 50305
radio 11 31009
radio 11 31042
radio 11 31556
radio 11 31606
radio 11 32120
radio 11 32137
radio 11 32650
radio 11 32667
radio 11 33180
radio 11 33197
radio 11 33710
radio 11 33739
radio 11 34253
radio 11 34270
radio 11 34783
radio 11 34800
radio 11 35313
radio 11 35330
radio 11 35843
radio 11 35860
radio 11 36373
radio 11 36390
radio 11 36903
radio 11 36958
radio 11 37472
radio 11 37489
radio 11 38002
radio 11 38032
radio 11 38546
radio 11 38578
radio 11 39092
radio 11 39109
radio 11 39622
radio 11 39639
radio 11 40152
radio 11 40169
radio 11 40682
radio 11 40730
radio 11 41244
radio 11 41261
radio 11 41774
radio 11 41791
radio 11 42304
radio 11 42321
radio 11 42834
radio 11 42851
radio 11 43364
radio 11 43396
radio 11 43910
radio 11 43927
radio 11 44440
radio 11 44471
radio 11 44985
radio 11 45013
radio 11 45527
radio 11 45558
radio 11 46072
radio 11 46089
radio 11 46602
radio 11 46630
radio 11 47144
radio 11 47161
radio 11 47674
radio 11 47703
radio 11 48217
radio 11 48234
radio 11 48747
radio 11 48797
radio 11 49311
radio 11 49328
radio 11 49841
radio 11 49894
radio 11 50408
radio 11 50437
radio 11 50951
radio 11 50968
radio 11 51481
radio 11 51529
radio 11 52043
radio 11 52060
radio 11 52573
radio 11 52590
radio 11 53103
radio 11 53120
radio 11 53633
radio 11 53650
radio 11 54163
radio 11 54180
radio 11 54693
radio 11 54726
radio 11 55240
radio 11 55271
radio 11 55785
radio 11 55817
radio 11 56331
radio 11 56348
radio 11 56861
radio 11 56878
radio 11 57391
radio 11 57442
radio 11 57956
radio 11 57991
radio 11 58505
radio 11 58555
radio 11 59069
radio 11 59105
radio 11 59619
radio 11 59636
radio 11 60149
radio 11 60181
radio 11 60695
radio 11 60712
radio 11 61225
radio 11 61242
radio 11 61755
radio 11 61803
radio 11 62317
radio 11 62334
radio 11 62847
radio 11 62864
radio 11 63377
radio 11 63394
radio 11 63907
radio 11 63924
radio 11 64437
radio 11 64454
radio 11 64967
radio 11 64999
radio 11 65513
radio 12 9
radio 12 522
radio 12 570
radio 12 1083
radio 12 1100
radio 12 1613
radio 12 1630
radio 12 2143
radio 12 2160
radio 12 2673
delay 6 0 12 2687 12 3704 0 6 6 0 392 0 0
radio 12 2694
radio 12 3209
radio 12 3334
radio 12 3848
radio 12 3882
radio 12 4396
radio 12 4448
radio 12 4962
radio 12 4979
radio 12 5492
radio 12 5509
radio 12 6022
radio 12 6039
radio 12 6552
radio 12 6588
radio 12 7102
radio 12 7131
radio 12 7645
radio 12 7662
radio 12 8175
radio 12 8223
radio 12 8737
radio 12 8766
radio 12 9280
radio 12 9312
radio 12 9826
radio 12 9861
radio 12 10375
radio 12 10430
radio 12 10944
radio 12 10961
radio 12 11474
radio 12 11491
radio 12 12004
radio 12 12033
radio 12 12547
radio 12 12575
radio 12 13089
radio 12 13106
radio 12 13619
radio 12 13669
radio 12 14183
radio 12 14200
radio 12 14713
radio 12 14743
radio 12 15257
radio 12 15305
radio 12 15819
radio 12 15870
radio 12 16384
radio 12 16401
radio 12 16914
radio 12 16944
radio 12 17458
radio 12 17492
radio 12 18006
radio 12 18023
radio 12 18536
radio 12 18553
radio 12 19066
radio 12 19083
radio 12 19596
radio 12 19652
radio 12 20166
radio 12 20183
radio 12 20696
radio 12 20729
radio 12 21243
radio 12 21260
radio 12 21773
radio 12 21803
radio 12 22317
radio 12 22334
radio 12 22847
radio 12 22911
radio 12 23425
delay 7 24 12 23468 12 23845 5 6 1 0 532 0 0
radio 12 23476
radio 12 23990
radio 12 24007
radio 12 24520
radio 12 24537
radio 12 25050
radio 12 25103
radio 12 25617
radio 12 25634
radio 12 26147
radio 12 26176
radio 12 26690
radio 12 26718
energy 12 26863 8 52785
radio 12 27232
radio 12 27249
radio 12 27762
radio 12 27792
radio 12 28306
radio 12 28361
radio 12 28875
radio 12 28892
radio 12 29405
radio 12 29434
radio 12 29948
radio 12 29965
radio 12 30478
radio 12 30495
radio 12 31008
radio 12 31025
radio 12 31538
radio 12 31555
radio 12 32068
radio 12 32097
radio 12 32611
radio 12 32640
radio 12 33154
radio 12 33190
radio 12 33704
radio 12 33721
radio 12 34234
radio 12 34251
radio 12 34764
radio 12 34781
radio 12 35294
radio 12 35311
radio 12 35824
radio 12 35841
radio 12 36354
radio 12 36389
radio 12 36903
radio 12 36951
radio 12 37465
radio 12 37520
radio 12 38034
radio 12 38051
radio 12 38564
radio 12 38581
radio 12 39094
radio 12 39123
radio 12 39637
radio 12 39666
radio 12 40180
radio 12 40197
radio 12 40710
radio 12 40740
radio 12 41254
radio 12 41286
radio 12 41800
radio 12 41817
radio 12 42330
radio 12 42347
radio 12 42860
radio 12 42895
radio 12 43409
delay 8 0 12 43459 12 44476 0 6 6 0 206 0 0
radio 12 43467
radio 12 43981
radio 12 44088
radio 12 44601
radio 12 44624
radio 12 45137
radio 12 45154
radio 12 45667
radio 12 45684
radio 12 46197
radio 12 46225
radio 12 46739
radio 12 46769
radio 12 47283
radio 12 47300
radio 12 47813
radio 12 47865
radio 12 48379
radio 12 48396
radio 12 48909
radio 12 48926
radio 12 49439
radio 12 49456
radio 12 49969
radio 12 49986
radio 12 50499
radio 12 50528
radio 12 51042
radio 12 51059
radio 12 51572
radio 12 51628
radio 12 52142
radio 12 52159
radio 12 52672
radio 12 52720
radio 12 53234
radio 12 53270
radio 12 53784
radio 12 53836
radio 12 54350
radio 12 54367
radio 12 54880
radio 12 54897
radio 12 55410
radio 12 55427
radio 12 55940
radio 12 55957
radio 12 56470
radio 12 56504
radio 12 57018
radio 12 57035
radio 12 57548
radio 12 57565
radio 12 58078
radio 12 58129
radio 12 58643
radio 12 58696
