Thread[Thread-1,5,main]tree 8 7 0 14 0 0
radio 8 50395
radio 8 50399
radio 8 50416
radio 8 50929
radio 8 50960
radio 8 51474
radio 8 51491
radio 8 52004
radio 8 52021
radio 8 52534
radio 8 52565
radio 8 53079
radio 8 53096
radio 8 53609
radio 8 53626
radio 8 54139
radio 8 54156
radio 8 54669
radio 8 54717
radio 8 55231
radio 8 55248
radio 8 55761
radio 8 55778
radio 8 56292
radio 8 56309
radio 8 56822
radio 8 56851
radio 8 57365
radio 8 57420
radio 8 57934
radio 8 57951
radio 8 58464
radio 8 58500
radio 8 59014
radio 8 59050
radio 8 59564
radio 8 59616
radio 8 60130
radio 8 60163
radio 8 60677
radio 8 60705
radio 8 61219
radio 8 61248
radio 8 61762
radio 8 61779
radio 8 62292
radio 8 62348
radio 8 62862
radio 8 62879
radio 8 63392
radio 8 63409
radio 8 63922
radio 8 63939
radio 8 64452
radio 8 64487
radio 8 65001
radio 8 65018
radio 8 65531
radio 9 12
radio 9 525
radio 9 542
radio 9 1055
radio 9 1072
radio 9 1585
radio 9 1636
radio 9 2150
radio 9 2167
radio 9 2680
radio 9 2697
radio 9 3210
radio 9 3243
radio 9 3757
radio 9 3774
radio 9 4287
radio 9 4318
radio 9 4832
radio 9 4886
radio 9 5400
radio 9 5417
radio 9 5930
radio 9 5947
radio 9 6460
radio 9 6491
radio 9 7005
radio 9 7036
radio 9 7550
radio 9 7578
radio 9 8092
radio 9 8109
radio 9 8622
radio 9 8639
radio 9 9152
radio 9 9169
radio 9 9682
radio 9 9699
radio 9 10212
radio 9 10229
radio 9 10742
radio 9 10774
radio 9 11288
radio 9 11316
radio 9 11830
radio 9 11858
radio 9 12372
radio 9 12405
radio 9 12919
radio 9 12936
radio 9 13449
radio 9 13481
radio 9 13995
radio 9 14028
radio 9 14542
radio 9 14559
radio 9 15072
radio 9 15089
radio 9 15602
radio 9 15632
radio 9 16146
radio 9 16163
radio 9 16676
radio 9 16706
radio 9 17220
radio 9 17237
radio 9 17750
radio 9 17767
radio 9 18280
radio 9 18297
radio 9 18810
radio 9 18839
radio 9 19353
radio 9 19370
radio 9 19883
radio 9 19916
radio 9 20430
radio 9 20447
radio 9 20960
radio 9 20977
radio 9 21490
radio 9 21507
radio 9 22020
radio 9 22037
radio 9 22550
radio 9 22567
radio 9 23080
radio 9 23132
radio 9 23646
radio 9 23677
radio 9 24191
radio 9 24227
radio 9 24741
radio 9 24769
radio 9 25283
radio 9 25334
radio 9 25848
radio 9 25865
radio 9 26378
radio 9 26395
radio 9 26908
radio 9 26925
radio 9 27438
radio 9 27469
radio 9 27983
radio 9 28014
radio 9 28528
radio 9 28545
radio 9 29058
radio 9 29109
radio 9 29623
radio 9 29640
radio 9 30153
radio 9 30170
radio 9 30683
radio 9 30700
radio 9 31213
radio 9 31230
radio 9 31743
radio 9 31760
radio 9 32273
radio 9 32307
radio 9 32821
radio 9 32838
radio 9 33351
radio 9 33368
radio 9 33881
radio 9 33930
radio 9 34444
radio 9 34461
radio 9 34974
radio 9 34991
radio 9 35504
radio 9 35521
radio 9 36034
radio 9 36066
radio 9 36580
radio 9 36609
radio 9 37123
radio 9 37152
radio 9 37666
radio 9 37683
radio 9 38196
radio 9 38213
radio 9 38726
radio 9 38755
radio 9 39269
radio 9 39286
radio 9 39799
radio 9 39832
radio 9 40346
radio 9 40363
radio 9 40876
radio 9 40893
radio 9 41406
radio 9 41423
radio 9 41936
radio 9 41970
radio 9 42484
radio 9 42532
radio 9 43046
radio 9 43096
radio 9 43610
radio 9 43627
radio 9 44140
radio 9 44157
radio 9 44670
radio 9 44687
radio 9 45200
radio 9 45253
radio 9 45767
radio 9 45784
radio 9 46297
energy 9 46314 8 52547
radio 9 46320
radio 9 46833
radio 9 46850
radio 9 47363
radio 9 47380
radio 9 47893
radio 9 47922
radio 9 48436
radio 9 48453
radio 9 48966
radio 9 48983
radio 9 49496
radio 9 49550
radio 9 50064
radio 9 50081
radio 9 50594
radio 9 50623
radio 9 51137
radio 9 51169
radio 9 51683
radio 9 51711
radio 9 52225
radio 9 52274
radio 9 52788
radio 9 52823
radio 9 53337
radio 9 53354
radio 9 53867
radio 9 53884
radio 9 54397
radio 9 54430
radio 9 54944
radio 9 54976
radio 9 55490
radio 9 55539
radio 9 56053
radio 9 56070
radio 9 56583
radio 9 56600
radio 9 57113
radio 9 57130
radio 9 57643
radio 9 57660
radio 9 58173
radio 9 58190
radio 9 58703
radio 9 58720
radio 9 59233
radio 9 59250
radio 9 59763
radio 9 59780
radio 9 60293
radio 9 60346
radio 9 60860
radio 9 60893
radio 9 61407
radio 9 61424
radio 9 61937
radio 9 61954
radio 9 62467
radio 9 62484
radio 9 62997
radio 9 63014
radio 9 63527
radio 9 63544
radio 9 64057
radio 9 64074
radio 9 64587
radio 9 64604
radio 9 65117
radio 9 65134
radio 10 111
radio 10 128
radio 10 641
radio 10 693
radio 10 1207
radio 10 1257
radio 10 1771
radio 10 1800
radio 10 2314
radio 10 2363
radio 10 2877
radio 10 2894
radio 10 3407
radio 10 3424
radio 10 3937
radio 10 3970
radio 10 4484
radio 10 4532
radio 10 5046
radio 10 5097
radio 10 5611
radio 10 5643
radio 10 6157
radio 10 6174
radio 10 6687
radio 10 6704
radio 10 7217
radio 10 7234
radio 10 7747
radio 10 7776
radio 10 8290
radio 10 8340
radio 10 8854
radio 10 8871
radio 10 9384
radio 10 9401
radio 10 9914
radio 10 9931
radio 10 10444
delay 0 0 10 10490 10 11694 0 9 9 0 189 0 0
radio 10 10497
radio 10 11012
radio 10 11056
radio 10 11569
radio 10 11642
radio 10 12156
radio 10 12176
radio 10 12690
radio 10 12707
radio 10 13220
radio 10 13268
radio 10 13782
radio 10 13799
radio 10 14312
radio 10 14343
radio 10 14857
radio 10 14874
radio 10 15387
radio 10 15404
radio 10 15918
radio 10 15947
radio 10 16461
radio 10 16478
radio 10 16991
radio 10 17021
radio 10 17535
radio 10 17552
radio 10 18065
radio 10 18082
radio 10 18595
radio 10 18623
radio 10 19137
radio 10 19154
radio 10 19667
radio 10 19700
radio 10 20214
radio 10 20231
radio 10 20744
radio 10 20761
radio 10 21274
radio 10 21291
radio 10 21804
radio 10 21837
radio 10 22351
radio 10 22399
radio 10 22913
radio 10 22949
radio 10 23463
radio 10 23480
radio 10 23993
radio 10 24010
radio 10 24523
radio 10 24558
radio 10 25072
radio 10 25125
radio 10 25639
radio 10 25656
radio 10 26169
radio 10 26198
radio 10 26712
radio 10 26746
radio 10 27260
radio 10 27277
radio 10 27791
radio 10 27844
radio 10 28358
radio 10 28389
radio 10 28903
radio 10 28920
radio 10 29433
radio 10 29450
radio 10 29963
radio 10 29991
radio 10 30505
radio 10 30522
radio 10 31035
delay 1 0 10 31084 10 32289 0 9 9 0 307 0 0
radio 10 31094
radio 10 31607
radio 10 31675
radio 10 32188
radio 10 32205
radio 10 32719
radio 10 32749
radio 10 33263
radio 10 33280
radio 10 33793
radio 10 33810
radio 10 34323
radio 10 34340
radio 10 34853
radio 10 34885
radio 10 35399
radio 10 35428
radio 10 35942
radio 10 35990
radio 10 36504
radio 10 36555
radio 10 37069
radio 10 37086
radio 10 37599
radio 10 37616
radio 10 38129
radio 10 38146
radio 10 38659
radio 10 38676
radio 10 39190
radio 10 39207
radio 10 39720
radio 10 39737
radio 10 40250
radio 10 40267
radio 10 40781
radio 10 40811
radio 10 41325
radio 10 41378
radio 10 41892
radio 10 41909
energy 10 42214 8 54924
radio 10 42422
radio 10 42439
radio 10 42952
radio 10 42969
radio 10 43482
radio 10 43499
radio 10 44012
radio 10 44040
radio 10 44554
radio 10 44571
radio 10 45084
radio 10 45101
radio 10 45614
radio 10 45645
radio 10 46159
radio 10 46176
radio 10 46689
radio 10 46706
radio 10 47219
radio 10 47255
radio 10 47769
radio 10 47799
radio 10 48313
radio 10 48349
radio 10 48863
radio 10 48880
radio 10 49393
radio 10 49423
radio 10 49937
radio 10 49971
radio 10 50485
radio 10 50518
radio 10 51032
radio 10 51049
radio 10 51562
radio 10 51579
radio 10 52092
delay 2 18 10 52188 10 52895 5 9 4 0 464 0 0
radio 10 52195
radio 10 52710
radio 10 52728
radio 10 53241
radio 10 53258
radio 10 53771
radio 10 53788
radio 10 54301
radio 10 54318
radio 10 54831
radio 10 54860
radio 10 55374
radio 10 55430
radio 10 55944
radio 10 55961
radio 10 56474
radio 10 56491
radio 10 57004
radio 10 57021
radio 10 57534
radio 10 57551
radio 10 58064
radio 10 58081
radio 10 58594
radio 10 58611
radio 10 59124
radio 10 59158
radio 10 59672
radio 10 59689
radio 10 60203
radio 10 60253
radio 10 60767
radio 10 60784
radio 10 61298
radio 10 61334
radio 10 61848
radio 10 61865
radio 10 62378
radio 10 62413
radio 10 62927
radio 10 62980
radio 10 63494
radio 10 63511
radio 10 64024
radio 10 64054
radio 10 64568
radio 10 64585
radio 10 65098
radio 10 65131
radio 11 109
radio 11 138
radio 11 651
radio 11 668
radio 11 1181
radio 11 1198
radio 11 1711
radio 11 1743
radio 11 2257
radio 11 2274
radio 11 2787
radio 11 2804
radio 11 3317
radio 11 3334
radio 11 3847
radio 11 3864
radio 11 4377
radio 11 4394
radio 11 4907
radio 11 4924
radio 11 5437
radio 11 5454
radio 11 5967
radio 11 5984
radio 11 6497
delay 3 24 11 6519 11 7084 5 9 4 0 129 0 0
radio 11 6526
radio 11 7040
radio 11 7082
radio 11 7595
radio 11 7625
radio 11 8139
radio 11 8171
radio 11 8685
radio 11 8702
radio 11 9215
radio 11 9232
radio 11 9745
radio 11 9774
radio 11 10288
radio 11 10341
radio 11 10855
radio 11 10891
radio 11 11405
radio 11 11422
radio 11 11935
radio 11 11971
radio 11 12485
radio 11 12502
radio 11 13015
radio 11 13064
radio 11 13578
radio 11 13595
radio 11 14108
radio 11 14125
radio 11 14638
radio 11 14671
radio 11 15185
radio 11 15202
radio 11 15715
radio 11 15732
radio 11 16245
radio 11 16262
radio 11 16775
radio 11 16811
radio 11 17325
radio 11 17342
radio 11 17855
radio 11 17887
radio 11 18401
radio 11 18418
radio 11 18931
radio 11 18967
radio 11 19481
radio 11 19498
radio 11 20011
radio 11 20028
radio 11 20541
radio 11 20558
radio 11 21071
radio 11 21100
radio 11 21614
radio 11 21666
radio 11 22180
radio 11 22214
radio 11 22728
radio 11 22764
radio 11 23278
radio 11 23295
radio 11 23808
radio 11 23839
radio 11 24353
radio 11 24381
radio 11 24895
radio 11 24912
radio 11 25425
radio 11 25442
radio 11 25955
radio 11 25972
radio 11 26485
radio 11 26538
radio 11 27052
delay 4 18 11 27161 11 27869 5 9 4 0 251 0 0
radio 11 27170
radio 11 27683
radio 11 27732
radio 11 28246
radio 11 28263
radio 11 28776
radio 11 28793
radio 11 29306
radio 11 29323
radio 11 29836
radio 11 29853
radio 11 30366
radio 11 30383
radio 11 30896
radio 11 30927
radio 11 31441
radio 11 31458
radio 11 31971
radio 11 32002
radio 11 32516
radio 11 32572
radio 11 33086
radio 11 33103
radio 11 33617
radio 11 33648
radio 11 34162
radio 11 34179
radio 11 34692
radio 11 34740
radio 11 35254
radio 11 35271
radio 11 35784
radio 11 35801
radio 11 36315
radio 11 36348
radio 11 36862
radio 11 36879
radio 11 37392
radio 11 37409
radio 11 37922
radio 11 37939
energy 11 38118 8 57207
radio 11 38452
radio 11 38469
radio 11 38982
radio 11 38999
radio 11 39512
radio 11 39529
radio 11 40042
radio 11 40059
radio 11 40572
radio 11 40601
radio 11 41115
radio 11 41170
radio 11 41684
radio 11 41715
radio 11 42229
radio 11 42246
radio 11 42759
radio 11 42776
radio 11 43289
radio 11 43306
radio 11 43819
radio 11 43852
radio 11 44366
radio 11 44421
radio 11 44935
radio 11 44952
radio 11 45465
radio 11 45497
radio 11 46011
radio 11 46028
radio 11 46541
radio 11 46558
radio 11 47071
radio 11 47088
radio 11 47601
radio 11 47629
radio 11 48143
radio 11 48196
radio 11 48710
radio 11 48739
radio 11 49253
radio 11 49287
radio 11 49801
radio 11 49818
radio 11 50331
radio 11 50360
radio 11 50874
radio 11 50922
radio 11 51436
radio 11 51453
radio 11 51967
radio 11 51984
radio 11 52497
radio 11 52514
radio 11 53027
radio 11 53044
radio 11 53557
radio 11 53574
radio 11 54087
radio 11 54104
radio 11 54617
radio 11 54645
radio 11 55159
radio 11 55176
radio 11 55689
radio 11 55706
radio 11 56219
radio 11 56269
radio 11 56783
radio 11 56818
radio 11 57332
radio 11 57361
radio 11 57875
radio 11 57892
radio 11 58405
radio 11 58422
radio 11 58935
radio 11 58952
radio 11 59466
radio 11 59517
radio 11 60031
radio 11 60048
radio 11 60561
radio 11 60592
radio 11 61106
radio 11 61123
radio 11 61636
radio 11 61669
radio 11 62183
radio 11 62200
radio 11 62713
radio 11 62730
radio 11 63244
radio 11 63296
radio 11 63810
radio 11 63839
radio 11 64353
radio 11 64370
radio 11 64883
radio 11 64900
radio 11 65413
radio 11 65430
radio 12 407
radio 12 442
radio 12 955
radio 12 1007
radio 12 1521
radio 12 1538
radio 12 2051
radio 12 2081
radio 12 2595
delay 6 24 12 2615 12 3179 5 9 4 0 69 1 0
radio 12 2622
radio 12 3136
radio 12 3189
radio 12 3702
radio 12 3718
radio 12 4231
radio 12 4248
radio 12 4761
radio 12 4778
radio 12 5291
radio 12 5322
radio 12 5836
radio 12 5853
radio 12 6366
radio 12 6400
radio 12 6914
radio 12 6944
radio 12 7458
radio 12 7511
radio 12 8025
radio 12 8061
radio 12 8575
radio 12 8592
radio 12 9105
radio 12 9122
radio 12 9635
radio 12 9652
radio 12 10165
radio 12 10198
radio 12 10712
radio 12 10762
radio 12 11276
radio 12 11293
radio 12 11806
radio 12 11841
radio 12 12355
radio 12 12388
radio 12 12902
radio 12 12919
radio 12 13432
radio 12 13482
radio 12 13996
radio 12 14013
radio 12 14526
radio 12 14580
radio 12 15094
radio 12 15111
radio 12 15624
radio 12 15641
radio 12 16154
radio 12 16171
radio 12 16684
radio 12 16739
radio 12 17253
radio 12 17270
radio 12 17783
radio 12 17812
radio 12 18326
radio 12 18343
radio 12 18856
radio 12 18873
radio 12 19386
radio 12 19403
radio 12 19916
radio 12 19933
radio 12 20446
radio 12 20463
radio 12 20976
radio 12 20993
radio 12 21506
radio 12 21523
radio 12 22036
radio 12 22085
radio 12 22599
delay 7 0 12 22616 12 23820 0 9 9 0 30 1 0
radio 12 22623
radio 12 23138
radio 12 23155
radio 12 23669
radio 12 23742
radio 12 24256
radio 12 24290
radio 12 24804
radio 12 24821
radio 12 25334
radio 12 25351
radio 12 25865
radio 12 25882
radio 12 26395
radio 12 26412
radio 12 26925
radio 12 26958
radio 12 27472
radio 12 27489
radio 12 28002
radio 12 28019
radio 12 28532
radio 12 28588
radio 12 29102
radio 12 29119
radio 12 29632
radio 12 29661
radio 12 30175
radio 12 30192
radio 12 30705
radio 12 30722
radio 12 31235
radio 12 31264
radio 12 31778
radio 12 31795
radio 12 32308
radio 12 32363
radio 12 32877
radio 12 32894
radio 12 33407
radio 12 33424
radio 12 33937
radio 12 33954
energy 12 34022 8 59475
radio 12 34467
radio 12 34499
radio 12 35013
radio 12 35042
radio 12 35556
radio 12 35573
radio 12 36086
radio 12 36138
radio 12 36652
radio 12 36683
radio 12 37197
radio 12 37230
radio 12 37744
radio 12 37761
radio 12 38274
radio 12 38291
radio 12 38804
radio 12 38821
radio 12 39334
radio 12 39384
radio 12 39898
radio 12 39915
radio 12 40429
radio 12 40446
radio 12 40959
radio 12 40976
radio 12 41489
radio 12 41506
radio 12 42019
radio 12 42051
radio 12 42565
radio 12 42582
radio 12 43095
delay 8 0 12 43117 12 44321 0 9 9 0 51 1 0
radio 12 43125
radio 12 43639
radio 12 43682
radio 12 44196
radio 12 44242
radio 12 44756
radio 12 44773
radio 12 45286
radio 12 45317
radio 12 45831
radio 12 45848
radio 12 46361
radio 12 46414
radio 12 46928
radio 12 46958
radio 12 47472
radio 12 47500
radio 12 48014
radio 12 48046
radio 12 48560
radio 12 48577
radio 12 49090
radio 12 49141
radio 12 49655
radio 12 49672
radio 12 50185
radio 12 50202
radio 12 50715
radio 12 50748
radio 12 51262
radio 12 51292
radio 12 51806
radio 12 51823
radio 12 52337
radio 12 52391
radio 12 52905
radio 12 52936
radio 12 53450
radio 12 53480
radio 12 53994
radio 12 54011
radio 12 54524
radio 12 54557
radio 12 55071
radio 12 55119
radio 12 55633
radio 12 55664
radio 12 56178
radio 12 56195
radio 12 56708
radio 12 56725
radio 12 57238
radio 12 57255
radio 12 57769
radio 12 57786
radio 12 58299
radio 12 58330
