Thread[Thread-1,5,main]tree 9 7 0 14 0 0
radio 8 62696
radio 8 62700
radio 8 62730
radio 8 63244
radio 8 63296
radio 8 63810
radio 8 63827
radio 8 64340
radio 8 64357
radio 8 64870
radio 8 64887
radio 8 65400
radio 8 65429
radio 9 407
radio 9 439
radio 9 952
radio 9 980
radio 9 1493
radio 9 1525
radio 9 2038
radio 9 2055
radio 9 2568
radio 9 2598
radio 9 3111
radio 9 3141
radio 9 3654
radio 9 3703
radio 9 4216
radio 9 4249
radio 9 4762
radio 9 4792
radio 9 5305
radio 9 5322
radio 9 5835
radio 9 5852
radio 9 6365
radio 9 6382
radio 9 6895
radio 9 6912
radio 9 7425
radio 9 7474
radio 9 7987
radio 9 8004
radio 9 8517
radio 9 8566
radio 9 9079
radio 9 9108
radio 9 9621
radio 9 9638
radio 9 10151
radio 9 10202
radio 9 10716
radio 9 10750
radio 9 11264
radio 9 11281
radio 9 11794
radio 9 11811
radio 9 12324
radio 9 12341
radio 9 12854
radio 9 12871
radio 9 13384
radio 9 13401
radio 9 13914
radio 9 13931
radio 9 14444
radio 9 14474
radio 9 14988
radio 9 15005
radio 9 15518
radio 9 15548
radio 9 16062
radio 9 16079
radio 9 16592
radio 9 16623
radio 9 17137
radio 9 17154
radio 9 17667
radio 9 17698
radio 9 18212
radio 9 18240
radio 9 18754
radio 9 18803
radio 9 19317
radio 9 19350
radio 9 19864
radio 9 19881
radio 9 20394
radio 9 20411
radio 9 20924
radio 9 20952
radio 9 21466
radio 9 21520
radio 9 22034
radio 9 22051
radio 9 22564
radio 9 22581
radio 9 23094
radio 9 23111
radio 9 23624
radio 9 23641
radio 9 24154
radio 9 24189
radio 9 24703
radio 9 24720
radio 9 25233
radio 9 25250
radio 9 25763
radio 9 25780
radio 9 26293
radio 9 26310
radio 9 26823
radio 9 26877
radio 9 27391
radio 9 27439
radio 9 27953
radio 9 27970
radio 9 28483
radio 9 28500
radio 9 29013
radio 9 29045
radio 9 29559
radio 9 29576
radio 9 30089
radio 9 30123
radio 9 30637
radio 9 30693
radio 9 31207
radio 9 31238
radio 9 31752
radio 9 31800
radio 9 32314
radio 9 32331
radio 9 32844
radio 9 32895
radio 9 33409
radio 9 33426
radio 9 33939
radio 9 33956
radio 9 34469
radio 9 34498
radio 9 35012
radio 9 35029
radio 9 35542
radio 9 35559
radio 9 36072
radio 9 36101
radio 9 36615
radio 9 36666
radio 9 37180
radio 9 37197
radio 9 37710
radio 9 37727
radio 9 38240
radio 9 38269
radio 9 38783
radio 9 38831
radio 9 39345
radio 9 39362
radio 9 39875
radio 9 39892
radio 9 40405
radio 9 40422
radio 9 40935
radio 9 40952
radio 9 41465
radio 9 41482
radio 9 41995
radio 9 42012
radio 9 42525
radio 9 42542
radio 9 43055
radio 9 43072
radio 9 43585
radio 9 43602
radio 9 44115
radio 9 44184
radio 9 44698
radio 9 44715
radio 9 45228
radio 9 45245
radio 9 45758
radio 9 45775
radio 9 46288
radio 9 46320
radio 9 46834
radio 9 46869
radio 9 47383
radio 9 47400
radio 9 47913
radio 9 47949
radio 9 48463
radio 9 48512
radio 9 49026
radio 9 49043
radio 9 49556
radio 9 49573
radio 9 50086
radio 9 50118
radio 9 50632
radio 9 50680
radio 9 51194
radio 9 51227
radio 9 51741
radio 9 51775
radio 9 52289
radio 9 52306
radio 9 52819
radio 9 52850
radio 9 53364
radio 9 53395
radio 9 53909
radio 9 53926
radio 9 54439
radio 9 54456
radio 9 54969
radio 9 55002
radio 9 55516
radio 9 55549
radio 9 56063
radio 9 56080
radio 9 56593
radio 9 56621
radio 9 57135
radio 9 57152
radio 9 57665
radio 9 57682
radio 9 58195
radio 9 58225
energy 9 58611 8 64996
radio 9 58739
radio 9 58792
radio 9 59306
radio 9 59335
radio 9 59849
radio 9 59866
radio 9 60379
radio 9 60430
radio 9 60944
radio 9 60961
radio 9 61474
radio 9 61491
radio 9 62004
radio 9 62039
radio 9 62553
radio 9 62585
radio 9 63099
radio 9 63116
radio 9 63629
radio 9 63681
radio 9 64195
radio 9 64248
radio 9 64762
radio 9 64779
radio 9 65292
radio 9 65328
radio 10 306
radio 10 323
radio 10 836
radio 10 853
radio 10 1366
radio 10 1383
radio 10 1896
radio 10 1931
radio 10 2445
radio 10 2462
radio 10 2975
radio 10 2992
radio 10 3505
radio 10 3536
radio 10 4050
radio 10 4080
radio 10 4594
radio 10 4648
radio 10 5162
radio 10 5196
radio 10 5710
radio 10 5746
radio 10 6260
radio 10 6277
radio 10 6790
radio 10 6820
radio 10 7334
radio 10 7351
radio 10 7864
radio 10 7881
radio 10 8394
radio 10 8427
radio 10 8941
radio 10 8989
radio 10 9503
radio 10 9536
radio 10 10050
radio 10 10099
radio 10 10613
radio 10 10662
radio 10 11176
delay 0 0 10 11193 10 11694 0 5 5 0 189 0 0
radio 10 11201
radio 10 11715
radio 10 11811
radio 10 12325
radio 10 12341
radio 10 12855
radio 10 12880
radio 10 13393
radio 10 13410
radio 10 13923
radio 10 13972
radio 10 14486
radio 10 14503
radio 10 15016
radio 10 15064
radio 10 15578
radio 10 15595
radio 10 16108
radio 10 16139
radio 10 16653
radio 10 16706
radio 10 17220
radio 10 17268
radio 10 17782
radio 10 17811
radio 10 18325
radio 10 18376
radio 10 18890
radio 10 18920
radio 10 19434
radio 10 19467
radio 10 19981
radio 10 20012
radio 10 20526
radio 10 20543
radio 10 21056
radio 10 21110
radio 10 21624
radio 10 21673
radio 10 22187
radio 10 22223
radio 10 22737
radio 10 22788
radio 10 23302
radio 10 23335
radio 10 23849
radio 10 23866
radio 10 24379
radio 10 24407
radio 10 24921
radio 10 24957
radio 10 25471
radio 10 25488
radio 10 26001
radio 10 26018
radio 10 26531
radio 10 26567
radio 10 27081
radio 10 27110
radio 10 27624
radio 10 27718
radio 10 28232
radio 10 28264
radio 10 28778
radio 10 28831
radio 10 29345
radio 10 29394
radio 10 29908
radio 10 29925
radio 10 30438
radio 10 30469
radio 10 30983
radio 10 31000
radio 10 31513
radio 10 31530
radio 10 32043
delay 1 18 10 32096 10 32100 5 5 65535 0 36 1 0
radio 10 32106
radio 10 32619
radio 10 32660
radio 10 33173
radio 10 33190
radio 10 33703
radio 10 33720
radio 10 34233
radio 10 34250
radio 10 34763
radio 10 34780
radio 10 35293
radio 10 35321
radio 10 35835
radio 10 35865
radio 10 36379
radio 10 36396
radio 10 36909
radio 10 36926
radio 10 37439
radio 10 37456
radio 10 37969
radio 10 38023
radio 10 38537
radio 10 38567
radio 10 39081
radio 10 39133
radio 10 39647
radio 10 39676
radio 10 40190
radio 10 40219
radio 10 40733
radio 10 40750
radio 10 41263
radio 10 41294
radio 10 41808
radio 10 41825
radio 10 42338
radio 10 42389
radio 10 42903
radio 10 42920
radio 10 43433
radio 10 43481
radio 10 43995
radio 10 44024
radio 10 44538
radio 10 44591
radio 10 45105
radio 10 45122
radio 10 45635
radio 10 45684
radio 10 46198
radio 10 46290
radio 10 46804
radio 10 46832
radio 10 47346
radio 10 47363
radio 10 47876
radio 10 47948
radio 10 48462
radio 10 48490
radio 10 49004
radio 10 49021
radio 10 49534
radio 10 49562
radio 10 50076
radio 10 50109
radio 10 50623
radio 10 50640
radio 10 51153
radio 10 51203
radio 10 51717
radio 10 51770
radio 10 52284
delay 2 35 10 52301 10 51844 5 5 65535 0 109 1 0
radio 10 52308
radio 10 52823
radio 10 52839
radio 10 53353
radio 10 53410
radio 10 53924
radio 10 53955
radio 10 54469
radio 10 54501
energy 10 54515 9 2512
radio 10 55015
radio 10 55032
radio 10 55545
radio 10 55562
radio 10 56075
radio 10 56092
radio 10 56605
radio 10 56658
radio 10 57172
radio 10 57206
radio 10 57720
radio 10 57737
radio 10 58250
radio 10 58267
radio 10 58780
radio 10 58797
radio 10 59310
radio 10 59343
radio 10 59857
radio 10 59905
radio 10 60419
radio 10 60471
radio 10 60985
radio 10 61002
radio 10 61515
radio 10 61546
radio 10 62060
radio 10 62110
radio 10 62624
radio 10 62641
radio 10 63154
radio 10 63183
radio 10 63697
radio 10 63730
radio 10 64244
radio 10 64277
radio 10 64791
radio 10 64820
radio 10 65334
radio 10 65366
radio 11 344
radio 11 372
radio 11 885
radio 11 902
radio 11 1415
radio 11 1432
radio 11 1945
radio 11 1980
radio 11 2494
radio 11 2511
radio 11 3024
radio 11 3076
radio 11 3590
radio 11 3645
radio 11 4159
radio 11 4176
radio 11 4689
radio 11 4706
radio 11 5219
radio 11 5236
radio 11 5749
radio 11 5802
radio 11 6316
radio 11 6333
radio 11 6846
radio 11 6863
radio 11 7376
delay 3 18 11 7417 11 7421 5 5 65535 0 183 0 0
radio 11 7424
radio 11 7939
radio 11 7984
radio 11 8497
radio 11 8514
radio 11 9027
radio 11 9044
radio 11 9557
radio 11 9588
radio 11 10102
radio 11 10119
radio 11 10632
radio 11 10649
radio 11 11162
radio 11 11196
radio 11 11710
radio 11 11742
radio 11 12256
radio 11 12304
radio 11 12818
radio 11 12852
radio 11 13366
radio 11 13396
radio 11 13910
radio 11 13939
radio 11 14453
radio 11 14505
radio 11 15019
radio 11 15053
radio 11 15567
radio 11 15595
radio 11 16109
radio 11 16141
radio 11 16655
radio 11 16707
radio 11 17221
radio 11 17238
radio 11 17751
radio 11 17779
radio 11 18293
radio 11 18310
radio 11 18823
radio 11 18852
radio 11 19366
radio 11 19402
radio 11 19916
radio 11 19964
radio 11 20478
radio 11 20495
radio 11 21008
radio 11 21042
radio 11 21556
radio 11 21573
radio 11 22086
radio 11 22117
radio 11 22631
radio 11 22684
radio 11 23198
radio 11 23249
radio 11 23763
radio 11 23791
radio 11 24305
radio 11 24354
radio 11 24868
radio 11 24885
radio 11 25398
radio 11 25450
radio 11 25964
radio 11 25981
radio 11 26494
radio 11 26529
radio 11 27043
radio 11 27060
radio 11 27573
delay 4 0 11 27595 11 28096 0 5 5 0 210 0 0
radio 11 27603
radio 11 28117
radio 11 28132
radio 11 28646
radio 11 28665
radio 11 29179
radio 11 29229
radio 11 29743
radio 11 29760
radio 11 30273
radio 11 30308
radio 11 30822
radio 11 30855
radio 11 31369
radio 11 31386
radio 11 31899
radio 11 31952
radio 11 32466
radio 11 32483
radio 11 32996
radio 11 33030
radio 11 33544
radio 11 33561
radio 11 34074
radio 11 34108
radio 11 34622
radio 11 34677
radio 11 35191
radio 11 35208
radio 11 35721
radio 11 35738
radio 11 36251
radio 11 36268
radio 11 36781
radio 11 36798
radio 11 37311
radio 11 37363
radio 11 37877
radio 11 37894
radio 11 38407
radio 11 38424
radio 11 38937
radio 11 38954
radio 11 39467
radio 11 39484
radio 11 39997
radio 11 40014
radio 11 40527
radio 11 40559
radio 11 41073
radio 11 41090
radio 11 41603
radio 11 41658
radio 11 42172
radio 11 42189
radio 11 42702
radio 11 42738
radio 11 43252
radio 11 43269
radio 11 43782
radio 11 43811
radio 11 44325
radio 11 44355
radio 11 44869
radio 11 44899
radio 11 45413
radio 11 45430
radio 11 45943
radio 11 45960
radio 11 46473
radio 11 46490
radio 11 47003
radio 11 47037
radio 11 47551
radio 11 47568
radio 11 48081
radio 11 48098
radio 11 48611
radio 11 48641
radio 11 49155
radio 11 49172
radio 11 49685
radio 11 49738
radio 11 50252
radio 11 50269
energy 11 50419 9 5055
radio 11 50782
radio 11 50814
radio 11 51328
radio 11 51362
radio 11 51876
radio 11 51906
radio 11 52420
radio 11 52454
radio 11 52968
radio 11 52985
radio 11 53498
radio 11 53550
radio 11 54064
radio 11 54081
radio 11 54594
radio 11 54611
radio 11 55124
radio 11 55141
radio 11 55654
radio 11 55671
radio 11 56184
radio 11 56235
radio 11 56749
radio 11 56766
radio 11 57279
radio 11 57330
radio 11 57844
radio 11 57861
radio 11 58374
radio 11 58391
radio 11 58904
radio 11 58921
radio 11 59434
radio 11 59483
radio 11 59997
radio 11 60014
radio 11 60527
radio 11 60582
radio 11 61096
radio 11 61128
radio 11 61642
radio 11 61692
radio 11 62206
radio 11 62254
radio 11 62768
radio 11 62785
radio 11 63298
radio 11 63315
radio 11 63828
radio 11 63845
radio 11 64358
radio 11 64375
radio 11 64888
radio 11 64936
radio 11 65450
radio 11 65467
radio 12 444
radio 12 478
radio 12 991
radio 12 1020
radio 12 1534
radio 12 1551
radio 12 2064
radio 12 2081
radio 12 2594
radio 12 2611
radio 12 3124
delay 6 0 12 3141 12 3642 0 5 5 0 330 0 0
radio 12 3148
radio 12 3662
radio 12 3679
radio 12 4193
radio 12 4213
radio 12 4726
radio 12 4754
radio 12 5268
radio 12 5322
radio 12 5836
radio 12 5871
radio 12 6385
radio 12 6433
radio 12 6947
radio 12 7000
radio 12 7514
radio 12 7531
radio 12 8044
radio 12 8061
radio 12 8574
radio 12 8602
radio 12 9116
radio 12 9133
radio 12 9646
radio 12 9663
radio 12 10176
radio 12 10193
radio 12 10706
radio 12 10723
radio 12 11236
radio 12 11264
radio 12 11778
radio 12 11795
radio 12 12308
radio 12 12325
radio 12 12838
radio 12 12870
radio 12 13384
radio 12 13401
radio 12 13914
radio 12 13946
radio 12 14460
radio 12 14477
radio 12 14990
radio 12 15007
radio 12 15520
radio 12 15549
radio 12 16063
radio 12 16080
radio 12 16593
radio 12 16643
radio 12 17157
radio 12 17174
radio 12 17687
radio 12 17722
radio 12 18236
radio 12 18266
radio 12 18780
radio 12 18797
radio 12 19310
radio 12 19327
radio 12 19840
radio 12 19857
radio 12 20370
radio 12 20403
radio 12 20917
radio 12 20950
radio 12 21464
radio 12 21500
radio 12 22014
radio 12 22031
radio 12 22544
radio 12 22561
radio 12 23074
radio 12 23091
radio 12 23604
delay 7 18 12 23619 12 23625 5 5 65535 0 233 0 0
radio 12 23627
radio 12 24141
radio 12 24214
radio 12 24728
radio 12 24781
radio 12 25295
radio 12 25330
radio 12 25844
radio 12 25861
radio 12 26374
radio 12 26391
radio 12 26904
radio 12 26932
radio 12 27446
radio 12 27463
radio 12 27976
radio 12 28024
radio 12 28538
radio 12 28555
radio 12 29068
radio 12 29085
radio 12 29598
radio 12 29630
radio 12 30144
radio 12 30173
radio 12 30687
radio 12 30704
radio 12 31217
radio 12 31249
radio 12 31763
radio 12 31780
radio 12 32293
radio 12 32310
radio 12 32823
radio 12 32852
radio 12 33366
radio 12 33440
radio 12 33954
radio 12 34050
radio 12 34564
radio 12 34593
radio 12 35107
radio 12 35163
radio 12 35677
radio 12 35712
radio 12 36226
radio 12 36243
radio 12 36756
radio 12 36790
radio 12 37304
radio 12 37321
radio 12 37834
radio 12 37883
radio 12 38397
radio 12 38414
radio 12 38927
radio 12 38962
radio 12 39476
radio 12 39512
radio 12 40026
radio 12 40043
radio 12 40556
radio 12 40573
radio 12 41086
radio 12 41140
radio 12 41654
radio 12 41708
radio 12 42222
radio 12 42239
radio 12 42752
radio 12 42785
radio 12 43299
radio 12 43316
radio 12 43829
radio 12 43857
radio 12 44371
delay 8 18 12 44388 12 44394 5 5 65535 0 487 0 0
radio 12 44395
radio 12 44910
radio 12 44931
radio 12 45444
radio 12 45477
radio 12 45991
radio 12 46020
energy 12 46323 9 7583
radio 12 46534
radio 12 46551
radio 12 47064
radio 12 47117
radio 12 47631
radio 12 47681
radio 12 48195
radio 12 48228
radio 12 48742
radio 12 48795
radio 12 49309
radio 12 49357
radio 12 49871
radio 12 49907
radio 12 50421
radio 12 50473
radio 12 50987
radio 12 51039
radio 12 51553
radio 12 51586
radio 12 52100
radio 12 52150
radio 12 52664
radio 12 52716
radio 12 53230
radio 12 53264
radio 12 53778
radio 12 53828
radio 12 54342
radio 12 54396
radio 12 54910
radio 12 54946
radio 12 55460
radio 12 55492
radio 12 56006
radio 12 56039
radio 12 56553
radio 12 56570
radio 12 57083
radio 12 57100
radio 12 57613
radio 12 57647
radio 12 58161
radio 12 58189
radio 12 58703
radio 12 58757
radio 12 59271
