Thread[Thread-1,5,main]tree 1000 14 18 12 0 0
radio 8 57538
radio 8 57541
radio 8 57558
radio 8 58071
radio 8 58088
radio 8 58601
radio 8 58637
radio 8 59151
radio 8 59180
radio 8 59694
radio 8 59743
radio 8 60257
radio 8 60274
radio 8 60787
radio 8 60818
radio 8 61332
radio 8 61349
radio 8 61862
radio 8 61879
radio 8 62392
radio 8 62424
radio 8 62938
radio 8 62991
radio 8 63505
radio 8 63541
radio 8 64055
radio 8 64072
radio 8 64585
radio 8 64616
radio 8 65130
radio 8 65147
radio 9 124
radio 9 141
radio 9 654
radio 9 708
radio 9 1221
radio 9 1276
radio 9 1789
radio 9 1822
radio 9 2335
radio 9 2384
radio 9 2897
radio 9 2945
radio 9 3458
radio 9 3492
radio 9 4005
radio 9 4034
radio 9 4547
radio 9 4564
radio 9 5077
radio 9 5094
radio 9 5607
radio 9 5624
radio 9 6137
radio 9 6166
radio 9 6679
radio 9 6696
radio 9 7209
radio 9 7238
radio 9 7751
radio 9 7779
radio 9 8292
radio 9 8323
radio 9 8836
radio 9 8888
radio 9 9401
radio 9 9418
radio 9 9931
radio 9 9948
radio 9 10461
radio 9 10478
radio 9 10991
radio 9 11008
radio 9 11521
radio 9 11538
radio 9 12051
radio 9 12068
radio 9 12581
radio 9 12598
radio 9 13111
radio 9 13128
radio 9 13641
radio 9 13676
radio 9 14190
radio 9 14207
radio 9 14720
radio 9 14753
radio 9 15267
radio 9 15284
radio 9 15797
radio 9 15847
radio 9 16361
radio 9 16389
radio 9 16903
radio 9 16955
radio 9 17469
radio 9 17524
radio 9 18038
radio 9 18055
radio 9 18568
radio 9 18585
radio 9 19098
radio 9 19132
radio 9 19646
radio 9 19663
radio 9 20176
radio 9 20193
radio 9 20706
radio 9 20740
radio 9 21254
radio 9 21271
radio 9 21784
radio 9 21816
radio 9 22330
radio 9 22347
radio 9 22860
radio 9 22933
radio 9 23447
radio 9 23503
radio 9 24017
radio 9 24051
radio 9 24565
radio 9 24617
radio 9 25131
radio 9 25148
radio 9 25661
radio 9 25678
radio 9 26191
radio 9 26208
radio 9 26721
radio 9 26752
radio 9 27266
radio 9 27300
radio 9 27814
radio 9 27867
radio 9 28381
radio 9 28430
radio 9 28944
radio 9 28975
radio 9 29489
radio 9 29506
radio 9 30019
radio 9 30070
radio 9 30584
radio 9 30601
radio 9 31114
radio 9 31131
radio 9 31644
radio 9 31661
radio 9 32174
radio 9 32191
radio 9 32704
radio 9 32721
radio 9 33234
radio 9 33267
radio 9 33781
radio 9 33798
radio 9 34311
radio 9 34328
radio 9 34841
radio 9 34891
radio 9 35405
radio 9 35422
radio 9 35935
radio 9 35952
radio 9 36465
radio 9 36482
radio 9 36995
radio 9 37026
radio 9 37540
radio 9 37590
radio 9 38104
radio 9 38133
radio 9 38647
radio 9 38664
radio 9 39177
radio 9 39226
radio 9 39740
radio 9 39757
radio 9 40270
radio 9 40303
radio 9 40817
radio 9 40870
radio 9 41384
radio 9 41417
radio 9 41931
radio 9 41967
radio 9 42481
radio 9 42498
radio 9 43011
radio 9 43028
radio 9 43541
radio 9 43597
radio 9 44111
radio 9 44144
radio 9 44658
radio 9 44693
radio 9 45207
radio 9 45235
radio 9 45749
radio 9 45799
radio 9 46313
radio 9 46330
radio 9 46843
radio 9 46860
radio 9 47373
radio 9 47404
radio 9 47918
radio 9 47935
radio 9 48448
radio 9 48465
radio 9 48978
radio 9 48995
radio 9 49508
radio 9 49556
radio 9 50070
radio 9 50087
radio 9 50600
radio 9 50648
radio 9 51162
radio 9 51179
radio 9 51692
radio 9 51728
radio 9 52242
radio 9 52259
radio 9 52772
radio 9 52822
radio 9 53336
radio 9 53353
energy 9 53453 8 60123
radio 9 53866
radio 9 53883
radio 9 54396
radio 9 54413
radio 9 54926
radio 9 54958
radio 9 55472
radio 9 55489
radio 9 56002
radio 9 56019
radio 9 56532
radio 9 56563
radio 9 57077
radio 9 57105
radio 9 57619
radio 9 57636
radio 9 58149
radio 9 58181
radio 9 58695
radio 9 58712
radio 9 59225
radio 9 59242
radio 9 59755
radio 9 59772
radio 9 60285
radio 9 60302
radio 9 60815
radio 9 60847
radio 9 61361
radio 9 61391
radio 9 61905
radio 9 61934
radio 9 62448
radio 9 62465
radio 9 62978
radio 9 62995
radio 9 63508
radio 9 63542
radio 9 64056
radio 9 64073
radio 9 64586
radio 9 64603
radio 9 65116
radio 9 65147
radio 10 125
radio 10 154
radio 10 667
radio 10 696
radio 10 1209
radio 10 1237
radio 10 1751
radio 10 1800
radio 10 2314
radio 10 2343
radio 10 2857
radio 10 2913
radio 10 3427
radio 10 3477
radio 10 3991
radio 10 4008
radio 10 4521
radio 10 4549
radio 10 5063
radio 10 5111
radio 10 5625
radio 10 5680
radio 10 6194
radio 10 6211
radio 10 6724
radio 10 6741
radio 10 7254
radio 10 7271
radio 10 7784
radio 10 7832
radio 10 8346
radio 10 8377
radio 10 8891
radio 10 8908
radio 10 9421
radio 10 9438
radio 10 9951
radio 10 9968
radio 10 10481
radio 10 10498
radio 10 11011
radio 10 11042
radio 10 11556
radio 10 11609
radio 10 12123
delay 0 24 10 12142 10 11747 5 11 6 0 254 0 0
radio 10 12150
radio 10 12664
radio 10 12690
radio 10 13204
radio 10 13225
radio 10 13738
radio 10 13770
radio 10 14284
radio 10 14336
radio 10 14850
radio 10 14900
radio 10 15414
radio 10 15443
radio 10 15957
radio 10 15990
radio 10 16504
radio 10 16521
radio 10 17034
radio 10 17051
radio 10 17564
radio 10 17581
radio 10 18094
radio 10 18111
radio 10 18624
radio 10 18641
radio 10 19154
radio 10 19189
radio 10 19703
radio 10 19735
radio 10 20249
radio 10 20282
radio 10 20796
radio 10 20844
radio 10 21358
radio 10 21407
radio 10 21921
radio 10 21938
radio 10 22451
radio 10 22480
radio 10 22994
radio 10 23046
radio 10 23560
radio 10 23608
radio 10 24122
radio 10 24151
radio 10 24665
radio 10 24717
radio 10 25231
radio 10 25248
radio 10 25761
radio 10 25795
radio 10 26309
radio 10 26342
radio 10 26856
radio 10 26873
radio 10 27386
radio 10 27403
radio 10 27916
radio 10 27933
radio 10 28446
radio 10 28499
radio 10 29013
radio 10 29030
radio 10 29543
radio 10 29560
radio 10 30073
radio 10 30108
radio 10 30622
radio 10 30639
radio 10 31152
radio 10 31169
radio 10 31682
radio 10 31699
radio 10 32212
radio 10 32229
radio 10 32742
delay 1 18 10 32761 10 32507 5 11 6 0 443 0 0
radio 10 32769
radio 10 33283
radio 10 33310
radio 10 33824
radio 10 33841
radio 10 34354
radio 10 34371
radio 10 34884
radio 10 34901
radio 10 35414
radio 10 35431
radio 10 35944
radio 10 35979
radio 10 36493
radio 10 36510
radio 10 37023
radio 10 37054
radio 10 37568
radio 10 37621
radio 10 38135
radio 10 38170
radio 10 38684
radio 10 38701
radio 10 39214
radio 10 39231
radio 10 39744
radio 10 39778
radio 10 40292
radio 10 40309
radio 10 40822
radio 10 40872
radio 10 41386
radio 10 41403
radio 10 41916
radio 10 41933
radio 10 42446
radio 10 42477
radio 10 42991
radio 10 43008
radio 10 43521
radio 10 43538
radio 10 44051
radio 10 44068
radio 10 44581
radio 10 44598
radio 10 45111
radio 10 45128
radio 10 45641
radio 10 45696
radio 10 46210
radio 10 46227
radio 10 46740
radio 10 46757
radio 10 47270
radio 10 47287
radio 10 47801
radio 10 47830
radio 10 48344
radio 10 48361
radio 10 48874
radio 10 48908
energy 10 49357 8 62455
radio 10 49422
radio 10 49471
radio 10 49985
radio 10 50035
radio 10 50549
radio 10 50580
radio 10 51094
radio 10 51188
radio 10 51702
radio 10 51731
radio 10 52245
radio 10 52294
radio 10 52808
delay 2 24 10 52849 10 52453 5 11 6 0 388 0 0
radio 10 52857
radio 10 53371
radio 10 53413
radio 10 53927
radio 10 53979
radio 10 54493
radio 10 54510
radio 10 55023
radio 10 55053
radio 10 55567
radio 10 55584
radio 10 56098
radio 10 56115
radio 10 56628
radio 10 56659
radio 10 57173
radio 10 57190
radio 10 57703
radio 10 57755
radio 10 58269
radio 10 58286
radio 10 58799
radio 10 58816
radio 10 59329
radio 10 59358
radio 10 59872
radio 10 59889
radio 10 60402
radio 10 60419
radio 10 60932
radio 10 60949
radio 10 61462
radio 10 61497
radio 10 62011
radio 10 62028
radio 10 62541
radio 10 62571
radio 10 63085
radio 10 63102
radio 10 63615
radio 10 63664
radio 10 64178
radio 10 64195
radio 10 64708
radio 10 64742
radio 10 65256
radio 10 65305
radio 11 283
radio 11 300
radio 11 813
radio 11 847
radio 11 1360
radio 11 1377
radio 11 1890
radio 11 1907
radio 11 2420
radio 11 2449
radio 11 2963
radio 11 2980
radio 11 3493
radio 11 3544
radio 11 4058
radio 11 4075
radio 11 4588
radio 11 4605
radio 11 5118
radio 11 5154
radio 11 5668
radio 11 5697
radio 11 6211
radio 11 6228
radio 11 6741
radio 11 6794
radio 11 7308
radio 11 7325
radio 11 7838
delay 3 18 11 7856 11 7602 5 11 6 0 364 0 0
radio 11 7863
radio 11 8378
radio 11 8394
radio 11 8908
radio 11 8925
radio 11 9438
radio 11 9473
radio 11 9987
radio 11 10004
radio 11 10517
radio 11 10565
radio 11 11079
radio 11 11134
radio 11 11648
radio 11 11682
radio 11 12196
radio 11 12247
radio 11 12761
radio 11 12813
radio 11 13327
radio 11 13359
radio 11 13873
radio 11 13925
radio 11 14439
radio 11 14456
radio 11 14969
radio 11 15001
radio 11 15515
radio 11 15532
radio 11 16045
radio 11 16062
radio 11 16575
radio 11 16592
radio 11 17105
radio 11 17137
radio 11 17651
radio 11 17700
radio 11 18214
radio 11 18231
radio 11 18744
radio 11 18761
radio 11 19274
radio 11 19291
radio 11 19804
radio 11 19821
radio 11 20334
radio 11 20351
radio 11 20864
radio 11 20881
radio 11 21394
radio 11 21429
radio 11 21943
radio 11 21999
radio 11 22513
radio 11 22563
radio 11 23077
radio 11 23094
radio 11 23607
radio 11 23624
radio 11 24138
radio 11 24155
radio 11 24668
radio 11 24719
radio 11 25233
radio 11 25288
radio 11 25802
radio 11 25838
radio 11 26352
radio 11 26403
radio 11 26917
radio 11 26934
radio 11 27447
radio 11 27480
radio 11 27994
delay 4 18 11 28020 11 27766 5 11 6 0 148 1 0
radio 11 28029
radio 11 28542
radio 11 28557
radio 11 29071
radio 11 29088
radio 11 29601
radio 11 29654
radio 11 30168
radio 11 30221
radio 11 30735
radio 11 30768
radio 11 31282
radio 11 31332
radio 11 31846
radio 11 31897
radio 11 32411
radio 11 32440
radio 11 32954
radio 11 33010
radio 11 33524
radio 11 33541
radio 11 34054
radio 11 34071
radio 11 34584
radio 11 34601
radio 11 35114
radio 11 35131
radio 11 35644
radio 11 35692
radio 11 36206
radio 11 36260
radio 11 36774
radio 11 36824
radio 11 37338
radio 11 37371
radio 11 37885
radio 11 37938
radio 11 38452
radio 11 38469
radio 11 38982
radio 11 39031
radio 11 39545
radio 11 39574
radio 11 40088
radio 11 40140
radio 11 40654
radio 11 40704
radio 11 41218
radio 11 41247
radio 11 41761
radio 11 41778
radio 11 42291
radio 11 42342
radio 11 42856
radio 11 42873
radio 11 43386
radio 11 43403
radio 11 43916
radio 11 43933
radio 11 44446
radio 11 44480
radio 11 44994
radio 11 45024
energy 11 45261 8 65346
radio 11 45538
radio 11 45593
radio 11 46107
radio 11 46157
radio 11 46671
radio 11 46705
radio 11 47219
radio 11 47271
radio 11 47785
radio 11 47802
radio 11 48315
radio 11 48332
radio 11 48845
radio 11 48875
radio 11 49389
radio 11 49406
radio 11 49919
radio 11 49952
radio 11 50466
radio 11 50521
radio 11 51035
radio 11 51052
radio 11 51565
radio 11 51582
radio 11 52095
radio 11 52112
radio 11 52625
radio 11 52660
radio 11 53174
radio 11 53191
radio 11 53704
radio 11 53721
radio 11 54234
radio 11 54251
radio 11 54764
radio 11 54781
radio 11 55294
radio 11 55345
radio 11 55859
radio 11 55876
radio 11 56389
radio 11 56406
radio 11 56919
radio 11 56936
radio 11 57449
radio 11 57466
radio 11 57979
radio 11 57996
radio 11 58509
radio 11 58543
radio 11 59057
radio 11 59074
radio 11 59587
radio 11 59604
radio 11 60117
radio 11 60166
radio 11 60680
radio 11 60697
radio 11 61210
radio 11 61227
radio 11 61740
radio 11 61757
radio 11 62270
radio 11 62287
radio 11 62800
radio 11 62817
radio 11 63330
radio 11 63347
radio 11 63860
radio 11 63877
radio 11 64390
radio 11 64407
radio 11 64920
radio 11 64937
radio 11 65450
radio 11 65485
radio 12 463
radio 12 480
radio 12 993
radio 12 1028
radio 12 1542
radio 12 1559
radio 12 2072
radio 12 2107
radio 12 2621
radio 12 2638
radio 12 3151
radio 12 3168
radio 12 3681
delay 6 35 12 3733 12 3018 5 11 6 0 122 1 0
radio 12 3741
radio 12 4255
radio 12 4275
radio 12 4789
radio 12 4810
radio 12 5324
radio 12 5360
radio 12 5874
radio 12 5902
radio 12 6416
radio 12 6450
radio 12 6964
radio 12 6981
radio 12 7494
radio 12 7525
radio 12 8039
radio 12 8056
radio 12 8569
radio 12 8618
radio 12 9132
radio 12 9149
radio 12 9662
radio 12 9679
radio 12 10192
radio 12 10223
radio 12 10737
radio 12 10754
radio 12 11267
radio 12 11299
radio 12 11813
radio 12 11830
radio 12 12343
radio 12 12360
radio 12 12873
radio 12 12904
radio 12 13418
radio 12 13452
radio 12 13966
radio 12 13997
radio 12 14511
radio 12 14544
radio 12 15058
radio 12 15093
radio 12 15607
radio 12 15624
radio 12 16137
radio 12 16154
radio 12 16667
radio 12 16698
radio 12 17212
radio 12 17246
radio 12 17760
radio 12 17788
radio 12 18302
radio 12 18319
radio 12 18832
radio 12 18849
radio 12 19362
radio 12 19379
radio 12 19892
radio 12 19909
radio 12 20422
radio 12 20439
radio 12 20952
radio 12 20969
radio 12 21482
radio 12 21499
radio 12 22012
radio 12 22029
radio 12 22542
radio 12 22572
radio 12 23086
radio 12 23103
radio 12 23616
radio 12 23647
radio 12 24161
delay 7 18 12 24180 12 23926 5 11 6 0 534 0 0
radio 12 24187
radio 12 24702
radio 12 24742
radio 12 25255
radio 12 25272
radio 12 25785
radio 12 25820
radio 12 26334
radio 12 26351
radio 12 26864
radio 12 26892
radio 12 27406
radio 12 27454
radio 12 27968
radio 12 27985
radio 12 28498
radio 12 28515
radio 12 29028
radio 12 29045
radio 12 29558
radio 12 29575
radio 12 30088
radio 12 30105
radio 12 30618
radio 12 30635
radio 12 31148
radio 12 31221
radio 12 31735
radio 12 31752
radio 12 32265
radio 12 32313
radio 12 32827
radio 12 32857
radio 12 33371
radio 12 33424
radio 12 33938
radio 12 33993
radio 12 34507
radio 12 34537
radio 12 35051
radio 12 35068
radio 12 35581
radio 12 35633
radio 12 36147
radio 12 36201
radio 12 36715
radio 12 36732
radio 12 37245
radio 12 37262
radio 12 37775
radio 12 37792
radio 12 38305
radio 12 38359
radio 12 38873
radio 12 38927
radio 12 39441
radio 12 39458
radio 12 39971
radio 12 40004
radio 12 40518
radio 12 40535
radio 12 41048
radio 12 41065
energy 12 41165 9 2106
radio 12 41578
radio 12 41613
radio 12 42127
radio 12 42181
radio 12 42695
radio 12 42730
radio 12 43244
radio 12 43261
radio 12 43774
radio 12 43806
radio 12 44320
delay 8 18 12 44336 12 44082 5 11 6 0 175 0 0
radio 12 44343
radio 12 44858
radio 12 44873
radio 12 45387
radio 12 45403
radio 12 45917
radio 12 45934
radio 12 46447
radio 12 46464
radio 12 46977
radio 12 47005
radio 12 47519
radio 12 47536
radio 12 48049
radio 12 48066
radio 12 48579
radio 12 48596
radio 12 49109
radio 12 49158
radio 12 49672
radio 12 49689
radio 12 50202
radio 12 50219
radio 12 50732
radio 12 50749
radio 12 51262
radio 12 51293
radio 12 51807
radio 12 51824
radio 12 52337
radio 12 52354
radio 12 52867
radio 12 52884
radio 12 53397
radio 12 53452
radio 12 53966
radio 12 53994
radio 12 54508
radio 12 54525
radio 12 55038
radio 12 55055
radio 12 55568
radio 12 55585
radio 12 56098
radio 12 56115
radio 12 56628
radio 12 56645
radio 12 57158
radio 12 57191
radio 12 57705
radio 12 57759
radio 12 58273
radio 12 58290
radio 12 58803
radio 12 58839
radio 12 59353
radio 12 59370
