Thread[Thread-1,5,main]tree 71 42 46 14 0 0
radio 5 38003
radio 5 38007
radio 5 38041
radio 5 38555
radio 5 38584
radio 5 39098
radio 5 39126
radio 5 39640
radio 5 39668
radio 5 40182
radio 5 40215
radio 5 40729
radio 5 40761
radio 5 41275
radio 5 41311
radio 5 41825
radio 5 41857
radio 5 42371
radio 5 42403
radio 5 42917
radio 5 42965
radio 5 43479
radio 5 43511
radio 5 44025
radio 5 44054
radio 5 44568
radio 5 44604
radio 5 45118
radio 5 45166
radio 5 45680
radio 5 45713
radio 5 46227
radio 5 46256
radio 5 46770
radio 5 46819
radio 5 47333
radio 5 47364
radio 5 47878
radio 5 47910
radio 5 48424
radio 5 48456
radio 5 48970
radio 5 49006
radio 5 49520
radio 5 49548
radio 5 50062
radio 5 50091
radio 5 50605
radio 5 50640
radio 5 51154
radio 5 51186
radio 5 51700
radio 5 51751
radio 5 52265
radio 5 52297
radio 5 52811
radio 5 52847
radio 5 53361
radio 5 53393
radio 5 53907
radio 5 53936
radio 5 54450
radio 5 54500
radio 5 55014
radio 5 55042
radio 5 55556
radio 5 55587
radio 5 56101
radio 5 56130
radio 5 56644
radio 5 56678
radio 5 57192
radio 5 57228
radio 5 57742
radio 5 57790
radio 5 58304
radio 5 58336
radio 5 58850
radio 5 58881
radio 5 59395
radio 5 59427
radio 5 59941
radio 5 59972
radio 5 60486
radio 5 60519
radio 5 61033
radio 5 61129
radio 5 61643
radio 5 61677
radio 5 62191
radio 5 62267
radio 5 62781
radio 5 62810
radio 5 63324
radio 5 63352
radio 5 63866
radio 5 63934
radio 5 64448
radio 5 64478
radio 5 64992
radio 5 65026
radio 6 4
radio 6 32
radio 6 545
radio 6 576
radio 6 1089
radio 6 1117
radio 6 1631
radio 6 1667
radio 6 2181
radio 6 2217
radio 6 2731
radio 6 2766
radio 6 3280
radio 6 3336
radio 6 3850
radio 6 3882
radio 6 4396
radio 6 4425
radio 6 4939
radio 6 5007
radio 6 5521
radio 6 5556
radio 6 6070
radio 6 6099
radio 6 6613
radio 6 6688
radio 6 7202
radio 6 7231
radio 6 7745
radio 6 7773
radio 6 8287
radio 6 8315
radio 6 8829
radio 6 8877
radio 6 9391
radio 6 9419
radio 6 9933
radio 6 9965
radio 6 10479
radio 6 10527
radio 6 11041
radio 6 11153
radio 6 11667
radio 6 11818
radio 6 12332
radio 6 12403
radio 6 12917
radio 6 12966
radio 6 13480
radio 6 13511
radio 6 14025
radio 6 14055
radio 6 14569
radio 6 14605
radio 6 15119
radio 6 15153
radio 6 15667
radio 6 15696
radio 6 16210
radio 6 16338
radio 6 16852
radio 6 16887
radio 6 17401
radio 6 17430
radio 6 17944
radio 6 18058
radio 6 18572
radio 6 18602
radio 6 19116
radio 6 19167
radio 6 19681
radio 6 19709
radio 6 20223
radio 6 20253
radio 6 20767
radio 6 20801
radio 6 21315
radio 6 21371
radio 6 21885
radio 6 21917
radio 6 22431
radio 6 22460
radio 6 22974
radio 6 23048
radio 6 23562
radio 6 23592
radio 6 24106
radio 6 24142
radio 6 24656
radio 6 24750
radio 6 25264
radio 6 25281
radio 6 25795
radio 6 25825
radio 6 26339
radio 6 26375
radio 6 26889
radio 6 26917
radio 6 27431
radio 6 27465
radio 6 27979
radio 6 28008
radio 6 28522
radio 6 28558
radio 6 29072
radio 6 29125
radio 6 29639
radio 6 29695
radio 6 30209
radio 6 30241
radio 6 30755
radio 6 30803
radio 6 31317
radio 6 31350
radio 6 31864
radio 6 31895
radio 6 32409
radio 6 32442
radio 6 32956
radio 6 33009
radio 6 33523
radio 6 33557
energy 6 33919 5 41888
radio 6 34071
radio 6 34100
radio 6 34614
radio 6 34690
radio 6 35204
radio 6 35238
radio 6 35752
radio 6 35842
radio 6 36356
radio 6 36389
radio 6 36903
radio 6 36932
radio 6 37446
radio 6 37540
radio 6 38054
radio 6 38086
radio 6 38600
radio 6 38628
radio 6 39142
radio 6 39198
radio 6 39712
radio 6 39744
radio 6 40258
radio 6 40287
radio 6 40801
radio 6 40875
radio 6 41389
radio 6 41418
radio 6 41932
radio 6 41961
radio 6 42475
radio 6 42503
radio 6 43017
radio 6 43066
radio 6 43580
radio 6 43611
radio 6 44125
radio 6 44173
radio 6 44687
radio 6 44740
radio 6 45254
radio 6 45305
radio 6 45819
radio 6 45909
radio 6 46423
radio 6 46453
radio 6 46967
radio 6 46997
radio 6 47511
radio 6 47540
radio 6 48054
radio 6 48107
radio 6 48621
radio 6 48651
radio 6 49165
radio 6 49196
radio 6 49710
radio 6 49744
radio 6 50258
radio 6 50308
radio 6 50822
radio 6 50855
radio 6 51369
radio 6 51405
radio 6 51919
radio 6 51995
radio 6 52509
radio 6 52558
radio 6 53072
radio 6 53143
radio 6 53657
radio 6 53708
radio 6 54222
radio 6 54254
radio 6 54768
radio 6 54823
radio 6 55337
radio 6 55369
radio 6 55883
radio 6 55919
radio 6 56433
radio 6 56469
radio 6 56983
radio 6 57018
radio 6 57532
radio 6 57562
radio 6 58076
radio 6 58109
radio 6 58623
radio 6 58699
radio 6 59213
radio 6 59242
radio 6 59756
radio 6 59791
radio 6 60305
radio 6 60334
radio 6 60848
radio 6 60900
radio 6 61414
radio 6 61449
radio 6 61963
radio 6 61991
radio 6 62505
radio 6 62581
radio 6 63095
radio 6 63124
radio 6 63638
radio 6 63669
radio 6 64183
radio 6 64256
radio 6 64770
radio 6 64799
radio 6 65313
delay 0 29 7 47 6 65505 32 34 2 0 407 0 0
radio 7 55
radio 7 569
radio 7 1227
radio 7 1741
radio 7 1808
radio 7 2322
radio 7 2350
radio 7 2864
radio 7 2912
radio 7 3426
radio 7 3459
radio 7 3973
radio 7 4009
radio 7 4523
radio 7 4551
radio 7 5065
radio 7 5113
radio 7 5627
radio 7 5655
radio 7 6169
radio 7 6201
radio 7 6715
radio 7 6791
radio 7 7305
radio 7 7357
radio 7 7871
radio 7 7907
radio 7 8421
radio 7 8494
radio 7 9008
radio 7 9037
radio 7 9551
radio 7 9582
radio 7 10096
radio 7 10152
radio 7 10666
radio 7 10696
radio 7 11210
radio 7 11241
radio 7 11755
radio 7 11787
radio 7 12301
radio 7 12393
radio 7 12907
radio 7 12941
radio 7 13455
radio 7 13527
radio 7 14041
radio 7 14074
radio 7 14588
radio 7 14616
radio 7 15130
radio 7 15206
radio 7 15720
radio 7 15749
radio 7 16263
radio 7 16295
radio 7 16809
radio 7 16861
radio 7 17375
radio 7 17408
radio 7 17922
radio 7 17958
radio 7 18472
radio 7 18540
radio 7 19054
radio 7 19083
radio 7 19597
radio 7 19630
radio 7 20144
delay 1 18 7 20276 7 20184 34 34 65535 0 380 0 0
radio 7 20286
radio 7 20799
radio 7 20847
radio 7 21360
radio 7 21469
radio 7 21983
radio 7 22035
radio 7 22549
radio 7 22579
radio 7 23093
radio 7 23141
radio 7 23655
radio 7 23687
radio 7 24201
radio 7 24229
radio 7 24743
radio 7 24771
radio 7 25285
radio 7 25313
radio 7 25827
radio 7 25875
radio 7 26389
radio 7 26419
radio 7 26933
radio 7 26963
radio 7 27477
radio 7 27506
radio 7 28020
radio 7 28068
radio 7 28582
radio 7 28613
radio 7 29127
radio 7 29177
radio 7 29691
radio 7 29764
energy 7 29823 5 46949
radio 7 30278
radio 7 30307
radio 7 30821
radio 7 30852
radio 7 31366
radio 7 31439
radio 7 31953
radio 7 31982
radio 7 32496
radio 7 32524
radio 7 33038
radio 7 33075
radio 7 33589
radio 7 33641
radio 7 34155
radio 7 34188
radio 7 34702
radio 7 34732
radio 7 35246
radio 7 35275
radio 7 35789
radio 7 35837
radio 7 36351
radio 7 36381
radio 7 36895
radio 7 36930
radio 7 37444
radio 7 37516
radio 7 38030
radio 7 38062
radio 7 38576
radio 7 38664
radio 7 39178
radio 7 39226
radio 7 39740
radio 7 39769
radio 7 40283
radio 7 40339
radio 7 40853
delay 2 46 7 40872 7 40383 25 34 9 0 19 1 0
radio 7 41951
radio 7 42464
radio 7 42492
radio 7 43006
radio 7 43079
radio 7 43593
radio 7 43622
radio 7 44136
radio 7 44164
radio 7 44678
radio 7 44708
radio 7 45222
radio 7 45277
radio 7 45791
radio 7 45821
radio 7 46335
radio 7 46364
radio 7 46878
radio 7 46906
radio 7 47420
radio 7 47476
radio 7 47990
radio 7 48023
radio 7 48537
radio 7 48570
radio 7 49084
radio 7 49115
radio 7 49629
radio 7 49684
radio 7 50198
radio 7 50231
radio 7 50745
radio 7 50780
radio 7 51294
radio 7 51348
radio 7 51862
radio 7 51896
radio 7 52410
radio 7 52445
radio 7 52959
radio 7 52988
radio 7 53502
radio 7 53550
radio 7 54064
radio 7 54097
radio 7 54611
radio 7 54647
radio 7 55161
radio 7 55197
radio 7 55711
radio 7 55767
radio 7 56281
radio 7 56313
radio 7 56827
radio 7 56875
radio 7 57389
radio 7 57442
radio 7 57956
radio 7 57989
radio 7 58503
radio 7 58539
radio 7 59053
radio 7 59123
radio 7 59637
radio 7 59672
radio 7 60186
radio 7 60214
radio 7 60728
radio 7 60756
radio 7 61270
delay 3 17 7 61346 7 61403 34 34 65535 0 193 1 0
radio 7 62424
radio 7 62938
radio 7 62972
radio 7 63486
radio 7 63519
radio 7 64033
radio 7 64063
radio 7 64577
radio 7 64633
radio 7 65147
radio 7 65176
radio 8 154
radio 8 184
radio 8 697
radio 8 726
radio 8 1239
radio 8 1288
radio 8 1802
radio 8 1890
radio 8 2404
radio 8 2512
radio 8 3026
radio 8 3056
radio 8 3570
radio 8 3643
radio 8 4157
radio 8 4189
radio 8 4703
radio 8 4755
radio 8 5269
radio 8 5317
radio 8 5831
radio 8 5864
