Thread[Thread-1,5,main]tree 15 42 46 14 0 0
radio 5 50317
radio 5 50321
radio 5 50351
radio 5 50865
radio 5 50893
radio 5 51407
radio 5 51463
radio 5 51977
radio 5 52009
radio 5 52523
radio 5 52559
radio 5 53073
radio 5 53101
radio 5 53615
radio 5 53666
radio 5 54180
radio 5 54229
radio 5 54743
radio 5 54772
radio 5 55286
radio 5 55316
radio 5 55830
radio 5 55903
radio 5 56417
radio 5 56448
radio 5 56962
radio 5 57057
radio 5 57571
radio 5 57604
radio 5 58118
radio 5 58174
radio 5 58688
radio 5 58720
radio 5 59234
radio 5 59269
radio 5 59783
radio 5 59813
radio 5 60327
radio 5 60376
radio 5 60890
radio 5 60939
radio 5 61453
radio 5 61486
radio 5 62000
radio 5 62056
radio 5 62570
radio 5 62603
radio 5 63117
radio 5 63150
radio 5 63664
radio 5 63698
radio 5 64212
radio 5 64265
radio 5 64779
radio 5 64809
radio 5 65323
radio 5 65354
radio 6 332
radio 6 360
radio 6 873
radio 6 922
radio 6 1435
radio 6 1469
radio 6 1983
radio 6 2017
radio 6 2531
radio 6 2560
radio 6 3074
radio 6 3106
radio 6 3620
radio 6 3651
radio 6 4165
radio 6 4197
radio 6 4711
radio 6 4743
radio 6 5257
radio 6 5293
radio 6 5807
radio 6 5883
radio 6 6397
radio 6 6425
radio 6 6939
radio 6 6967
radio 6 7481
radio 6 7537
radio 6 8051
radio 6 8083
radio 6 8597
radio 6 8633
radio 6 9147
radio 6 9175
radio 6 9689
radio 6 9765
radio 6 10279
radio 6 10308
radio 6 10822
radio 6 10918
radio 6 11432
radio 6 11500
radio 6 12014
radio 6 12071
radio 6 12585
radio 6 12718
radio 6 13232
radio 6 13249
radio 6 13763
radio 6 13818
radio 6 14332
radio 6 14383
radio 6 14897
radio 6 14931
radio 6 15445
radio 6 15498
radio 6 16012
radio 6 16060
radio 6 16574
radio 6 16591
radio 6 17105
radio 6 17213
radio 6 17727
radio 6 17835
radio 6 18349
radio 6 18379
radio 6 18893
radio 6 18928
radio 6 19442
radio 6 19492
radio 6 20006
radio 6 20023
radio 6 20537
radio 6 20554
radio 6 21068
radio 6 21101
radio 6 21615
radio 6 21647
radio 6 22161
radio 6 22194
radio 6 22708
radio 6 22741
radio 6 23255
radio 6 23272
radio 6 23786
radio 6 23803
radio 6 24317
radio 6 24353
radio 6 24867
radio 6 24884
radio 6 25398
radio 6 25415
radio 6 25929
radio 6 25965
radio 6 26479
radio 6 26512
radio 6 27026
radio 6 27062
radio 6 27576
radio 6 27604
radio 6 28118
radio 6 28154
radio 6 28668
radio 6 28744
radio 6 29258
radio 6 29294
radio 6 29808
radio 6 29897
radio 6 30411
radio 6 30444
radio 6 30958
radio 6 30986
radio 6 31500
radio 6 31528
radio 6 32042
radio 6 32070
radio 6 32584
radio 6 32619
radio 6 33133
radio 6 33150
radio 6 33664
radio 6 33696
radio 6 34210
radio 6 34227
radio 6 34741
radio 6 34776
radio 6 35290
radio 6 35320
radio 6 35834
radio 6 35870
radio 6 36384
radio 6 36401
radio 6 36915
radio 6 36932
radio 6 37446
radio 6 37463
radio 6 37977
radio 6 37994
radio 6 38508
radio 6 38525
radio 6 39039
radio 6 39056
radio 6 39570
radio 6 39602
radio 6 40116
radio 6 40133
radio 6 40647
radio 6 40664
radio 6 41178
radio 6 41211
radio 6 41725
radio 6 41757
radio 6 42271
radio 6 42303
radio 6 42817
radio 6 42852
radio 6 43366
radio 6 43395
radio 6 43909
radio 6 43937
radio 6 44451
radio 6 44479
radio 6 44993
radio 6 45021
radio 6 45535
radio 6 45563
radio 6 46077
radio 6 46125
energy 6 46233 5 53915
radio 6 46639
radio 6 46712
radio 6 47226
radio 6 47255
radio 6 47769
radio 6 47797
radio 6 48311
radio 6 48339
radio 6 48853
radio 6 48881
radio 6 49395
radio 6 49423
radio 6 49937
radio 6 49965
radio 6 50479
radio 6 50507
radio 6 51021
radio 6 51050
radio 6 51564
radio 6 51600
radio 6 52114
radio 6 52146
radio 6 52660
radio 6 52692
radio 6 53206
radio 6 53282
radio 6 53796
radio 6 53825
radio 6 54339
radio 6 54435
radio 6 54949
radio 6 54982
radio 6 55496
radio 6 55524
radio 6 56038
radio 6 56113
radio 6 56627
radio 6 56655
radio 6 57169
radio 6 57265
radio 6 57779
radio 6 57812
radio 6 58326
radio 6 58422
radio 6 58936
radio 6 58969
radio 6 59483
radio 6 59572
radio 6 60086
radio 6 60118
radio 6 60632
radio 6 60662
radio 6 61176
radio 6 61225
radio 6 61739
radio 6 61767
radio 6 62281
radio 6 62314
radio 6 62828
radio 6 62858
radio 6 63372
radio 6 63400
radio 6 63914
radio 6 63942
radio 6 64456
radio 6 64504
radio 6 65018
radio 6 65048
radio 7 26
radio 7 117
radio 7 630
delay 0 47 7 1144 6 65329 25 34 9 0 49 1 0
radio 7 2219
radio 7 2733
radio 7 2766
radio 7 3280
radio 7 3368
radio 7 3882
radio 7 3916
radio 7 4430
radio 7 4458
radio 7 4972
radio 7 5020
radio 7 5534
radio 7 5567
radio 7 6081
radio 7 6117
radio 7 6631
radio 7 6721
radio 7 7235
radio 7 7286
radio 7 7800
radio 7 7892
radio 7 8406
radio 7 8539
radio 7 9053
radio 7 9142
radio 7 9656
radio 7 9686
radio 7 10200
radio 7 10256
radio 7 10770
radio 7 10818
radio 7 11332
radio 7 11361
radio 7 11875
radio 7 11903
radio 7 12417
radio 7 12465
radio 7 12979
radio 7 13087
radio 7 13601
radio 7 13656
radio 7 14170
radio 7 14283
radio 7 14797
radio 7 14827
radio 7 15341
radio 7 15377
radio 7 15891
radio 7 15919
radio 7 16433
radio 7 16469
radio 7 16983
radio 7 17071
radio 7 17585
radio 7 17619
radio 7 18133
radio 7 18169
radio 7 18683
radio 7 18719
radio 7 19233
radio 7 19309
radio 7 19823
radio 7 19852
radio 7 20366
radio 7 20402
radio 7 20916
delay 1 18 7 20959 7 20016 34 34 65535 0 212 0 0
radio 7 20968
radio 7 21482
radio 7 21770
radio 7 22283
radio 7 22329
radio 7 22842
radio 7 22863
radio 7 23377
radio 7 23406
radio 7 23920
radio 7 23956
radio 7 24470
radio 7 24526
radio 7 25040
radio 7 25072
radio 7 25586
radio 7 25615
radio 7 26129
radio 7 26158
radio 7 26672
radio 7 26726
radio 7 27240
radio 7 27272
radio 7 27786
radio 7 27814
radio 7 28328
radio 7 28357
radio 7 28871
radio 7 28919
radio 7 29433
radio 7 29484
radio 7 29998
radio 7 30033
radio 7 30547
radio 7 30598
radio 7 31112
radio 7 31161
radio 7 31675
radio 7 31706
radio 7 32220
radio 7 32250
radio 7 32764
radio 7 32837
radio 7 33351
radio 7 33382
radio 7 33896
radio 7 33926
radio 7 34440
radio 7 34511
radio 7 35025
radio 7 35058
radio 7 35572
radio 7 35667
radio 7 36181
radio 7 36211
radio 7 36725
radio 7 36756
radio 7 37270
radio 7 37344
radio 7 37858
radio 7 37888
radio 7 38402
radio 7 38436
radio 7 38950
radio 7 39039
radio 7 39553
radio 7 39586
radio 7 40100
radio 7 40176
radio 7 40690
radio 7 40718
radio 7 41232
delay 2 8 7 41268 7 40693 34 34 65535 0 65535 0 0
radio 7 41278
radio 7 41791
radio 7 41810
energy 7 42137 5 60001
radio 7 42323
radio 7 42338
radio 7 42852
radio 7 42897
radio 7 43411
radio 7 43442
radio 7 43956
radio 7 43987
radio 7 44501
radio 7 44553
radio 7 45067
radio 7 45099
radio 7 45613
radio 7 45649
radio 7 46163
radio 7 46259
radio 7 46773
radio 7 46806
radio 7 47320
radio 7 47374
radio 7 47888
radio 7 47941
radio 7 48455
radio 7 48488
radio 7 49002
radio 7 49051
radio 7 49565
radio 7 49616
radio 7 50130
radio 7 50163
radio 7 50677
radio 7 50732
radio 7 51246
radio 7 51318
radio 7 51832
radio 7 51921
radio 7 52435
radio 7 52468
radio 7 52982
radio 7 53038
radio 7 53552
radio 7 53603
radio 7 54117
radio 7 54146
radio 7 54660
radio 7 54753
radio 7 55267
radio 7 55301
radio 7 55815
radio 7 55871
radio 7 56385
radio 7 56416
radio 7 56930
radio 7 56959
radio 7 57473
radio 7 57509
radio 7 58023
radio 7 58071
radio 7 58585
radio 7 58635
radio 7 59149
radio 7 59181
radio 7 59695
radio 7 59787
radio 7 60301
radio 7 60330
radio 7 60844
radio 7 60874
radio 7 61388
radio 7 61438
radio 7 61952
delay 3 47 7 61992 7 60640 25 34 9 0 105 1 0
radio 7 63066
radio 7 63579
radio 7 63594
radio 7 64107
radio 7 64163
radio 7 64677
radio 7 64709
radio 7 65223
radio 7 65259
radio 8 237
radio 8 332
radio 8 845
radio 8 873
radio 8 1386
radio 8 1481
radio 8 1995
radio 8 2024
radio 8 2538
radio 8 2569
radio 8 3083
radio 8 3159
radio 8 3673
radio 8 3702
radio 8 4216
radio 8 4245
radio 8 4759
radio 8 4847
radio 8 5361
radio 8 5393
radio 8 5907
radio 8 5956
radio 8 6470
radio 8 6521
