Thread[Thread-1,5,main]tree 35 42 46 14 0 0
radio 5 49276
radio 5 49280
radio 5 49311
radio 5 49825
radio 5 49893
radio 5 50407
radio 5 50435
radio 5 50949
radio 5 50966
radio 5 51479
radio 5 51511
radio 5 52025
radio 5 52095
radio 5 52609
radio 5 52626
radio 5 53139
radio 5 53174
radio 5 53688
radio 5 53705
radio 5 54218
radio 5 54246
radio 5 54760
radio 5 54777
radio 5 55290
radio 5 55307
radio 5 55820
radio 5 55854
radio 5 56368
radio 5 56403
radio 5 56917
radio 5 56934
radio 5 57447
radio 5 57478
radio 5 57992
radio 5 58043
radio 5 58557
radio 5 58585
radio 5 59099
radio 5 59150
radio 5 59664
radio 5 59694
radio 5 60208
radio 5 60236
radio 5 60750
radio 5 60800
radio 5 61314
radio 5 61347
radio 5 61861
radio 5 61897
radio 5 62411
radio 5 62443
radio 5 62957
radio 5 62974
radio 5 63488
radio 5 63517
radio 5 64031
radio 5 64065
radio 5 64579
radio 5 64607
radio 5 65121
radio 5 65149
radio 6 127
radio 6 155
radio 6 668
radio 6 717
radio 6 1230
radio 6 1264
radio 6 1778
radio 6 1868
radio 6 2382
radio 6 2412
radio 6 2926
radio 6 2962
radio 6 3476
radio 6 3507
radio 6 4021
radio 6 4069
radio 6 4583
radio 6 4612
radio 6 5126
radio 6 5157
radio 6 5671
radio 6 5763
radio 6 6277
radio 6 6306
radio 6 6820
radio 6 6852
radio 6 7366
radio 6 7394
radio 6 7908
radio 6 7944
radio 6 8458
radio 6 8506
radio 6 9020
radio 6 9050
radio 6 9564
radio 6 9594
radio 6 10108
radio 6 10156
radio 6 10670
radio 6 10782
radio 6 11296
radio 6 11346
radio 6 11860
radio 6 11933
radio 6 12447
radio 6 12476
radio 6 12990
radio 6 13018
radio 6 13532
radio 6 13560
radio 6 14074
radio 6 14102
radio 6 14616
radio 6 14664
radio 6 15178
radio 6 15231
radio 6 15745
radio 6 15836
radio 6 16350
radio 6 16445
radio 6 16959
radio 6 17049
radio 6 17563
radio 6 17611
radio 6 18125
radio 6 18157
radio 6 18671
radio 6 18699
radio 6 19213
radio 6 19241
radio 6 19755
radio 6 19786
radio 6 20300
radio 6 20349
radio 6 20863
radio 6 20898
radio 6 21412
radio 6 21448
radio 6 21962
radio 6 21990
radio 6 22504
radio 6 22592
radio 6 23106
radio 6 23160
radio 6 23674
radio 6 23702
radio 6 24216
radio 6 24233
radio 6 24746
radio 6 24763
radio 6 25276
radio 6 25305
radio 6 25819
radio 6 25848
radio 6 26362
radio 6 26393
radio 6 26907
radio 6 26960
radio 6 27474
radio 6 27506
radio 6 28020
radio 6 28049
radio 6 28563
radio 6 28596
radio 6 29110
radio 6 29139
radio 6 29653
radio 6 29681
radio 6 30195
radio 6 30224
radio 6 30738
radio 6 30811
radio 6 31325
radio 6 31354
radio 6 31868
radio 6 31899
radio 6 32413
radio 6 32487
radio 6 33001
radio 6 33032
radio 6 33546
radio 6 33582
radio 6 34096
radio 6 34166
radio 6 34680
radio 6 34714
radio 6 35228
radio 6 35284
radio 6 35798
radio 6 35830
radio 6 36344
radio 6 36394
radio 6 36908
radio 6 36937
radio 6 37451
radio 6 37520
radio 6 38034
radio 6 38069
radio 6 38583
radio 6 38618
radio 6 39132
radio 6 39160
radio 6 39674
radio 6 39710
radio 6 40224
radio 6 40253
radio 6 40767
radio 6 40901
radio 6 41415
radio 6 41450
radio 6 41964
radio 6 41992
radio 6 42506
radio 6 42541
radio 6 43055
radio 6 43084
radio 6 43598
radio 6 43626
radio 6 44140
radio 6 44168
radio 6 44682
radio 6 44730
energy 6 45192 5 53045
radio 6 45244
radio 6 45277
radio 6 45791
radio 6 45819
radio 6 46333
radio 6 46361
radio 6 46875
radio 6 46903
radio 6 47417
radio 6 47445
radio 6 47959
radio 6 48007
radio 6 48521
radio 6 48554
radio 6 49068
radio 6 49097
radio 6 49611
radio 6 49686
radio 6 50200
radio 6 50230
radio 6 50744
radio 6 50780
radio 6 51294
radio 6 51363
radio 6 51877
radio 6 51905
radio 6 52419
radio 6 52449
radio 6 52963
radio 6 53037
radio 6 53551
radio 6 53580
radio 6 54094
radio 6 54143
radio 6 54657
radio 6 54707
radio 6 55221
radio 6 55250
radio 6 55764
radio 6 55795
radio 6 56309
radio 6 56345
radio 6 56859
radio 6 56891
radio 6 57405
radio 6 57456
radio 6 57970
radio 6 58002
radio 6 58516
radio 6 58570
radio 6 59084
radio 6 59113
radio 6 59627
radio 6 59655
radio 6 60169
radio 6 60201
radio 6 60715
radio 6 60745
radio 6 61259
radio 6 61292
radio 6 61806
radio 6 61837
radio 6 62351
radio 6 62403
radio 6 62917
radio 6 62950
radio 6 63464
radio 6 63492
radio 6 64006
radio 6 64054
radio 6 64568
radio 6 64601
radio 6 65115
radio 6 65151
radio 7 129
delay 0 3 7 292 7 492 32 34 2 0 504 0 0
radio 7 299
radio 7 813
radio 7 1017
radio 7 1530
radio 7 1577
radio 7 2090
radio 7 2119
radio 7 2633
radio 7 2681
radio 7 3195
radio 7 3245
radio 7 3759
radio 7 3795
radio 7 4309
radio 7 4359
radio 7 4873
radio 7 4903
radio 7 5417
radio 7 5445
radio 7 5959
radio 7 5990
radio 7 6504
radio 7 6552
radio 7 7066
radio 7 7134
radio 7 7648
radio 7 7737
radio 7 8251
radio 7 8302
radio 7 8816
radio 7 8846
radio 7 9360
radio 7 9389
radio 7 9903
radio 7 9934
radio 7 10448
radio 7 10477
radio 7 10991
radio 7 11021
radio 7 11535
radio 7 11568
radio 7 12082
radio 7 12190
radio 7 12704
radio 7 12752
radio 7 13266
radio 7 13301
radio 7 13815
radio 7 13843
radio 7 14357
radio 7 14385
radio 7 14899
radio 7 14927
radio 7 15441
radio 7 15469
radio 7 15983
radio 7 16019
radio 7 16533
radio 7 16569
radio 7 17083
radio 7 17111
radio 7 17625
radio 7 17653
radio 7 18167
radio 7 18195
radio 7 18709
radio 7 18777
radio 7 19291
radio 7 19320
radio 7 19834
radio 7 19905
radio 7 20419
delay 1 19 7 20648 7 20637 34 34 65535 0 332 0 0
radio 7 20657
radio 7 21171
radio 7 21188
radio 7 21701
radio 7 21721
radio 7 22235
radio 7 22296
radio 7 22809
radio 7 22841
radio 7 23355
radio 7 23387
radio 7 23901
radio 7 23930
radio 7 24444
radio 7 24495
radio 7 25009
radio 7 25041
radio 7 25555
radio 7 25583
radio 7 26097
radio 7 26125
radio 7 26639
radio 7 26667
radio 7 27181
radio 7 27209
radio 7 27723
radio 7 27771
radio 7 28285
radio 7 28317
radio 7 28831
radio 7 28860
radio 7 29374
radio 7 29422
radio 7 29936
radio 7 29969
radio 7 30483
radio 7 30516
radio 7 31030
radio 7 31061
radio 7 31575
radio 7 31623
radio 7 32137
radio 7 32170
radio 7 32684
radio 7 32720
radio 7 33234
radio 7 33262
radio 7 33776
radio 7 33827
radio 7 34341
radio 7 34390
radio 7 34904
radio 7 34936
radio 7 35450
radio 7 35481
radio 7 35995
radio 7 36024
radio 7 36538
radio 7 36566
radio 7 37080
radio 7 37170
radio 7 37684
radio 7 37737
radio 7 38251
radio 7 38283
radio 7 38797
radio 7 38853
radio 7 39367
radio 7 39399
radio 7 39913
radio 7 39944
radio 7 40458
radio 7 40486
radio 7 41000
energy 7 41097 5 57123
delay 2 8 7 41192 7 41180 34 34 65535 0 487 0 0
radio 7 41200
radio 7 41714
radio 7 41777
radio 7 42290
radio 7 42341
radio 7 42855
radio 7 42885
radio 7 43399
radio 7 43431
radio 7 43945
radio 7 43997
radio 7 44511
radio 7 44543
radio 7 45057
radio 7 45093
radio 7 45607
radio 7 45702
radio 7 46216
radio 7 46249
radio 7 46763
radio 7 46818
radio 7 47332
radio 7 47405
radio 7 47919
radio 7 47948
radio 7 48462
radio 7 48530
radio 7 49044
radio 7 49073
radio 7 49587
radio 7 49619
radio 7 50133
radio 7 50161
radio 7 50675
radio 7 50706
radio 7 51220
radio 7 51252
radio 7 51766
radio 7 51797
radio 7 52311
radio 7 52344
radio 7 52858
radio 7 52889
radio 7 53403
radio 7 53459
radio 7 53973
radio 7 54006
radio 7 54520
radio 7 54549
radio 7 55063
radio 7 55113
radio 7 55627
radio 7 55656
radio 7 56170
radio 7 56205
radio 7 56719
radio 7 56788
radio 7 57302
radio 7 57330
radio 7 57844
radio 7 57873
radio 7 58387
radio 7 58419
radio 7 58933
radio 7 58962
radio 7 59476
radio 7 59545
radio 7 60059
radio 7 60090
radio 7 60604
radio 7 60632
radio 7 61146
radio 7 61194
radio 7 61708
delay 3 42 7 62838 7 62118 25 34 9 0 911 0 0
radio 7 62846
radio 7 63360
radio 7 63390
radio 7 63904
radio 7 63954
radio 7 64468
radio 7 64496
radio 7 65010
radio 7 65039
radio 8 17
radio 8 89
radio 8 602
radio 8 635
radio 8 1148
radio 8 1177
radio 8 1691
radio 8 1765
radio 8 2279
radio 8 2307
radio 8 2821
radio 8 2890
radio 8 3404
radio 8 3452
radio 8 3966
radio 8 3999
radio 8 4513
radio 8 4701
radio 8 5215
radio 8 5248
radio 8 5762
radio 8 5898
