Thread[Thread-1,5,main]tree 7 8 0 14 9 1
radio 7 5311
radio 7 5315
radio 7 5344
radio 7 5858
radio 7 5913
radio 7 6427
radio 7 6444
radio 7 6957
radio 7 6974
radio 7 7487
radio 7 7521
radio 7 8035
radio 7 8052
radio 7 8565
radio 7 8582
radio 7 9095
radio 7 9129
radio 7 9643
radio 7 9673
radio 7 10187
radio 7 10216
radio 7 10730
radio 7 10747
radio 7 11261
radio 7 11369
radio 7 11883
radio 7 11993
radio 7 12507
radio 7 12524
radio 7 13038
radio 7 13055
radio 7 13569
radio 7 13586
radio 7 14100
radio 7 14117
radio 7 14631
radio 7 14684
radio 7 15198
radio 7 15246
radio 7 15760
radio 7 15795
radio 7 16309
radio 7 16359
radio 7 16873
radio 7 16923
radio 7 17437
radio 7 17454
radio 7 17968
radio 7 17985
radio 7 18499
radio 7 18533
radio 7 19047
radio 7 19118
radio 7 19632
radio 7 19649
radio 7 20163
radio 7 20180
radio 7 20694
radio 7 20711
radio 7 21225
radio 7 21242
radio 7 21756
radio 7 21773
radio 7 22287
radio 7 22338
radio 7 22852
radio 7 22900
radio 7 23414
radio 7 23431
radio 7 23945
radio 7 23974
radio 7 24488
radio 7 24537
radio 7 25051
radio 7 25102
radio 7 25616
radio 7 25633
radio 7 26147
radio 7 26164
radio 7 26678
radio 7 26711
radio 7 27225
radio 7 27242
radio 7 27756
radio 7 27790
radio 7 28304
radio 7 28353
radio 7 28867
radio 7 28884
radio 7 29398
radio 7 29432
radio 7 29946
radio 7 29976
radio 7 30490
radio 7 30519
radio 7 31033
radio 7 31081
radio 7 31595
radio 7 31612
radio 7 32126
radio 7 32159
radio 7 32673
radio 7 32690
radio 7 33204
radio 7 33233
radio 7 33747
radio 7 33799
radio 7 34313
radio 7 34330
radio 7 34844
radio 7 34861
radio 7 35375
radio 7 35410
radio 7 35924
radio 7 35952
radio 7 36466
radio 7 36523
radio 7 37037
radio 7 37068
radio 7 37582
radio 7 37599
radio 7 38113
radio 7 38207
radio 7 38721
radio 7 38753
radio 7 39267
radio 7 39284
radio 7 39798
radio 7 39815
radio 7 40329
radio 7 40360
radio 7 40874
radio 7 40930
radio 7 41444
radio 7 41461
radio 7 41975
radio 7 42004
radio 7 42518
radio 7 42535
radio 7 43049
radio 7 43139
radio 7 43653
radio 7 43670
radio 7 44184
radio 7 44419
radio 7 44933
radio 7 45044
radio 7 45558
radio 7 45751
radio 7 46265
radio 7 46282
radio 7 46796
radio 7 46864
radio 7 47378
radio 7 47534
radio 7 48048
radio 7 48065
radio 7 48579
radio 7 48615
radio 7 49129
radio 7 49178
radio 7 49692
radio 7 49762
radio 7 50276
radio 7 50332
radio 7 50846
radio 7 50898
radio 7 51412
radio 7 51429
radio 7 51943
radio 7 51979
radio 7 52493
radio 7 52523
radio 7 53037
radio 7 53054
radio 7 53568
radio 7 53585
radio 7 54099
radio 7 54149
radio 7 54663
radio 7 54680
radio 7 55194
radio 7 55228
radio 7 55742
radio 7 55759
radio 7 56273
radio 7 56290
radio 7 56804
radio 7 56821
radio 7 57335
radio 7 57404
radio 7 57918
radio 7 57935
radio 7 58449
radio 7 58466
radio 7 58980
radio 7 59009
radio 7 59523
radio 7 59540
radio 7 60054
radio 7 60071
radio 7 60585
radio 7 60616
radio 7 61130
radio 7 61179
radio 7 61693
radio 7 61710
radio 7 62224
radio 7 62241
radio 7 62755
radio 7 62772
radio 7 63286
radio 7 63303
radio 7 63817
radio 7 63845
radio 7 64359
radio 7 64413
radio 7 64927
radio 7 64944
radio 7 65458
radio 7 65493
radio 8 471
radio 8 526
radio 8 1039
radio 8 1091
energy 8 1226 7 8902
radio 8 1605
radio 8 1634
radio 8 2148
radio 8 2165
radio 8 2678
radio 8 2695
radio 8 3208
radio 8 3256
radio 8 3770
radio 8 3818
radio 8 4332
radio 8 4380
radio 8 4894
radio 8 4911
radio 8 5424
radio 8 5441
radio 8 5954
radio 8 5983
radio 8 6497
radio 8 6545
radio 8 7059
radio 8 7076
radio 8 7589
radio 8 7606
radio 8 8119
radio 8 8169
radio 8 8683
radio 8 8700
radio 8 9213
radio 8 9230
radio 8 9743
radio 8 9795
radio 8 10309
radio 8 10326
radio 8 10840
radio 8 10875
radio 8 11389
radio 8 11417
radio 8 11931
radio 8 11963
radio 8 12477
radio 8 12526
radio 8 13040
radio 8 13057
radio 8 13571
radio 8 13588
radio 8 14102
radio 8 14119
radio 8 14633
radio 8 14669
radio 8 15183
radio 8 15214
radio 8 15728
radio 8 15757
radio 8 16271
radio 8 16288
radio 8 16802
radio 8 16819
radio 8 17333
radio 8 17362
radio 8 17876
radio 8 17929
radio 8 18443
radio 8 18498
radio 8 19012
radio 8 19029
radio 8 19543
radio 8 19572
radio 8 20086
radio 8 20139
radio 8 20653
radio 8 20701
radio 8 21215
radio 8 21232
radio 8 21746
radio 8 21763
radio 8 22277
radio 8 22307
radio 8 22821
radio 8 22838
radio 8 23352
radio 8 23383
radio 8 23897
radio 8 23948
radio 8 24462
radio 8 24479
radio 8 24993
radio 8 25010
radio 8 25524
radio 8 25560
radio 8 26074
radio 8 26107
radio 8 26621
radio 8 26677
radio 8 27191
radio 8 27222
radio 8 27736
radio 8 27790
radio 8 28304
radio 8 28355
radio 8 28869
radio 8 28886
radio 8 29400
radio 8 29417
radio 8 29931
radio 8 29959
radio 8 30473
radio 8 30502
radio 8 31016
radio 8 31048
radio 8 31562
radio 8 31592
radio 8 32106
radio 8 32140
radio 8 32654
radio 8 32671
radio 8 33185
radio 8 33202
radio 8 33716
radio 8 33771
radio 8 34285
radio 8 34333
radio 8 34847
radio 8 34864
radio 8 35378
radio 8 35413
radio 8 35927
radio 8 35944
radio 8 36458
radio 8 36493
radio 8 37007
radio 8 37059
radio 8 37573
radio 8 37646
radio 8 38160
radio 8 38212
radio 8 38726
radio 8 38743
radio 8 39257
radio 8 39286
radio 8 39800
radio 8 39908
radio 8 40422
radio 8 40514
radio 8 41028
radio 8 41045
radio 8 41559
radio 8 41628
radio 8 42142
radio 8 42197
radio 8 42711
delay 0 29 8 43036 8 43439 14 7 65535 0 65 1 1
radio 8 44108
radio 8 44622
radio 8 44676
radio 8 45190
radio 8 45238
radio 8 45752
radio 8 45769
radio 8 46283
radio 8 46300
radio 8 46814
radio 8 46863
radio 8 47377
radio 8 47394
radio 8 47908
radio 8 47964
radio 8 48478
radio 8 48507
radio 8 49021
radio 8 49038
radio 8 49552
radio 8 49569
radio 8 50083
radio 8 50116
radio 8 50630
radio 8 50681
radio 8 51195
radio 8 51225
radio 8 51739
radio 8 51770
radio 8 52284
radio 8 52313
radio 8 52827
radio 8 52856
radio 8 53370
radio 8 53418
radio 8 53932
radio 8 53962
radio 8 54476
radio 8 54493
radio 8 55007
radio 8 55024
radio 8 55538
radio 8 55567
radio 8 56081
radio 8 56110
radio 8 56624
radio 8 56654
radio 8 57168
radio 8 57202
radio 8 57716
radio 8 57748
radio 8 58262
radio 8 58279
radio 8 58793
radio 8 58841
radio 8 59355
radio 8 59372
radio 8 59886
radio 8 59903
radio 8 60417
radio 8 60467
radio 8 60981
radio 8 61032
radio 8 61546
radio 8 61596
radio 8 62110
radio 8 62127
radio 8 62641
energy 8 62666 7 13258
radio 8 62673
radio 8 63186
delay 1 8 8 63234 8 63981 7 7 65535 0 473 0 1
radio 8 64296
radio 8 64810
radio 8 64827
radio 8 65341
radio 8 65358
radio 9 336
radio 9 353
radio 9 866
radio 9 883
radio 9 1396
radio 9 1429
radio 9 1943
radio 9 2032
radio 9 2546
radio 9 2563
radio 9 3076
radio 9 3107
radio 9 3621
radio 9 3638
radio 9 4151
radio 9 4202
radio 9 4716
radio 9 4764
radio 9 5278
radio 9 5295
radio 9 5808
radio 9 5837
radio 9 6351
radio 9 6404
radio 9 6918
radio 9 6986
radio 9 7500
radio 9 7517
radio 9 8030
radio 9 8082
radio 9 8596
radio 9 8664
radio 9 9178
radio 9 9195
radio 9 9708
radio 9 9757
radio 9 10271
radio 9 10341
radio 9 10855
radio 9 10911
radio 9 11425
radio 9 11475
radio 9 11989
radio 9 12021
radio 9 12535
radio 9 12552
radio 9 13066
radio 9 13083
radio 9 13597
radio 9 13614
radio 9 14128
radio 9 14156
radio 9 14670
radio 9 14725
radio 9 15239
radio 9 15256
radio 9 15770
radio 9 15787
radio 9 16301
radio 9 16333
radio 9 16847
radio 9 16884
radio 9 17398
radio 9 17453
radio 9 17967
delay 2 8 9 17982 9 18729 7 7 65535 0 82 1 1
radio 9 19063
radio 9 19577
radio 9 19606
radio 9 20120
radio 9 20137
radio 9 20651
radio 9 20723
radio 9 21237
radio 9 21254
radio 9 21768
radio 9 21859
radio 9 22373
radio 9 22390
radio 9 22904
radio 9 22932
radio 9 23446
radio 9 23495
radio 9 24009
radio 9 24058
radio 9 24572
radio 9 24589
radio 9 25103
radio 9 25134
radio 9 25648
radio 9 25665
radio 9 26179
radio 9 26196
radio 9 26710
radio 9 26727
radio 9 27241
radio 9 27258
radio 9 27772
radio 9 27840
radio 9 28354
radio 9 28371
radio 9 28885
radio 9 28902
radio 9 29416
radio 9 29433
radio 9 29947
radio 9 29998
radio 9 30512
radio 9 30620
radio 9 31134
radio 9 31189
radio 9 31703
radio 9 31732
radio 9 32246
radio 9 32263
radio 9 32777
radio 9 32794
radio 9 33308
radio 9 33341
radio 9 33855
radio 9 33886
radio 9 34400
radio 9 34417
radio 9 34931
radio 9 34966
radio 9 35480
radio 9 35497
radio 9 36011
radio 9 36239
radio 9 36753
radio 9 36841
radio 9 37355
radio 9 37424
radio 9 37938
radio 9 38106
radio 9 38620
delay 3 8 9 38871 9 39617 7 7 65535 0 267 1 1
radio 9 39948
radio 9 40462
radio 9 40479
radio 9 40993
radio 9 41046
radio 9 41560
radio 9 41628
radio 9 42142
radio 9 42159
radio 9 42673
radio 9 42723
radio 9 43237
radio 9 43313
radio 9 43827
radio 9 43877
radio 9 44391
radio 9 44408
radio 9 44922
radio 9 44955
radio 9 45469
radio 9 45517
radio 9 46031
radio 9 46079
radio 9 46593
radio 9 46624
radio 9 47138
radio 9 47155
radio 9 47669
radio 9 47719
radio 9 48233
radio 9 48281
radio 9 48795
radio 9 48826
radio 9 49340
radio 9 49393
radio 9 49907
radio 9 49959
radio 9 50473
radio 9 50490
radio 9 51004
radio 9 51035
radio 9 51549
radio 9 51586
radio 9 52100
radio 9 52117
radio 9 52631
radio 9 52702
radio 9 53216
radio 9 53233
radio 9 53747
radio 9 53796
radio 9 54310
radio 9 54363
radio 9 54877
radio 9 54894
radio 9 55408
radio 9 55425
radio 9 55939
radio 9 55971
radio 9 56485
radio 9 56520
radio 9 57034
radio 9 57051
radio 9 57565
radio 9 57614
radio 9 58128
radio 9 58145
energy 9 58570 7 20212
radio 9 58659
delay 4 0 9 58679 9 59643 0 7 7 0 74 1 1
radio 9 59751
radio 9 60264
radio 9 60295
radio 9 60809
radio 9 60864
radio 9 61378
radio 9 61406
radio 9 61920
radio 9 61976
radio 9 62490
radio 9 62539
radio 9 63053
radio 9 63070
radio 9 63584
radio 9 63601
radio 9 64115
radio 9 64132
radio 9 64646
radio 9 64700
radio 9 65214
radio 9 65289
radio 10 267
radio 10 284
radio 10 797
radio 10 849
radio 10 1363
radio 10 1411
radio 10 1925
radio 10 1942
radio 10 2456
radio 10 2473
radio 10 2987
radio 10 3020
radio 10 3534
radio 10 3566
radio 10 4080
radio 10 4132
radio 10 4646
radio 10 4678
radio 10 5192
radio 10 5209
radio 10 5723
radio 10 5740
radio 10 6254
radio 10 6271
radio 10 6785
radio 10 6814
radio 10 7328
radio 10 7402
radio 10 7916
radio 10 7933
radio 10 8447
radio 10 8464
radio 10 8978
radio 10 9028
radio 10 9542
radio 10 9590
radio 10 10104
radio 10 10135
radio 10 10649
radio 10 10701
radio 10 11215
radio 10 11265
radio 10 11779
radio 10 11814
radio 10 12328
radio 10 12376
radio 10 12890
radio 10 12945
radio 10 13459
radio 10 13476
radio 10 13990
delay 5 8 10 14126 10 14871 7 7 65535 0 265 1 1
radio 10 15187
radio 10 15701
radio 10 15718
radio 10 16232
radio 10 16249
radio 10 16763
radio 10 16795
radio 10 17309
radio 10 17338
radio 10 17852
radio 10 17887
radio 10 18401
radio 10 18418
radio 10 18932
radio 10 18949
radio 10 19463
radio 10 19514
radio 10 20028
radio 10 20076
radio 10 20590
radio 10 20607
radio 10 21121
radio 10 21138
radio 10 21652
radio 10 21669
radio 10 22183
radio 10 22274
radio 10 22788
radio 10 22822
radio 10 23336
radio 10 23365
radio 10 23879
radio 10 23907
radio 10 24421
radio 10 24473
radio 10 24987
radio 10 25019
radio 10 25533
radio 10 25550
radio 10 26064
radio 10 26114
radio 10 26628
radio 10 26680
radio 10 27194
radio 10 27211
radio 10 27725
radio 10 27742
radio 10 28256
radio 10 28289
radio 10 28803
radio 10 28820
radio 10 29334
radio 10 29365
radio 10 29879
radio 10 29932
radio 10 30446
radio 10 30481
radio 10 30995
radio 10 31051
radio 10 31565
radio 10 32034
radio 10 32548
radio 10 32758
radio 10 33272
radio 10 33289
radio 10 33803
radio 10 33934
radio 10 34448
delay 6 47 10 34468 10 34069 14 7 65535 0 33 0 1
radio 10 35535
radio 10 36049
radio 10 36069
radio 10 36583
radio 10 36600
radio 10 37114
radio 10 37188
radio 10 37702
radio 10 37790
radio 10 38304
radio 10 38321
radio 10 38835
radio 10 38869
radio 10 39383
radio 10 39433
radio 10 39947
radio 10 40001
radio 10 40515
radio 10 40543
radio 10 41057
radio 10 41074
radio 10 41588
radio 10 41605
radio 10 42119
radio 10 42136
radio 10 42650
radio 10 42667
radio 10 43181
radio 10 43198
radio 10 43712
radio 10 43729
radio 10 44243
radio 10 44293
radio 10 44807
radio 10 44824
radio 10 45338
radio 10 45355
radio 10 45869
radio 10 45904
radio 10 46418
radio 10 46435
radio 10 46949
radio 10 46981
radio 10 47495
radio 10 47549
radio 10 48063
radio 10 48080
radio 10 48594
radio 10 48630
radio 10 49144
radio 10 49172
radio 10 49686
radio 10 49715
radio 10 50229
radio 10 50277
radio 10 50791
radio 10 50821
radio 10 51335
radio 10 51352
radio 10 51866
radio 10 51914
radio 10 52428
radio 10 52477
radio 10 52991
radio 10 53024
radio 10 53538
radio 10 53555
radio 10 54069
radio 10 54118
energy 10 54474 7 27121
radio 10 54632
delay 7 28 10 54679 10 55032 14 7 65535 0 104 1 1
radio 10 55753
radio 10 56267
radio 10 56338
radio 10 56851
radio 10 56879
radio 10 57393
radio 10 57410
radio 10 57924
radio 10 57955
radio 10 58469
radio 10 58522
radio 10 59036
radio 10 59084
radio 10 59598
radio 10 59615
radio 10 60129
radio 10 60146
radio 10 60660
radio 10 60677
radio 10 61191
radio 10 61208
radio 10 61722
radio 10 61755
radio 10 62269
radio 10 62286
radio 10 62800
radio 10 62855
radio 10 63369
radio 10 63386
radio 10 63900
radio 10 63932
radio 10 64446
radio 10 64501
radio 10 65015
radio 10 65083
radio 11 61
radio 11 78
radio 11 591
radio 11 623
radio 11 1137
radio 11 1169
radio 11 1683
radio 11 1714
radio 11 2228
radio 11 2263
radio 11 2777
radio 11 2811
radio 11 3325
radio 11 3342
radio 11 3856
radio 11 3873
radio 11 4387
radio 11 4417
radio 11 4931
radio 11 4979
radio 11 5493
radio 11 5522
radio 11 6036
radio 11 6065
radio 11 6579
radio 11 6596
radio 11 7110
radio 11 7139
radio 11 7653
radio 11 7701
radio 11 8215
radio 11 8245
radio 11 8759
radio 11 8776
radio 11 9290
radio 11 9341
radio 11 9855
delay 8 9 11 9877 11 10606 16 7 65535 0 22 1 1
radio 11 10954
radio 11 11468
radio 11 11504
radio 11 12018
radio 11 12068
radio 11 12582
radio 11 12632
radio 11 13146
radio 11 13163
radio 11 13677
radio 11 13710
radio 11 14224
radio 11 14273
radio 11 14787
radio 11 14835
radio 11 15349
radio 11 15366
radio 11 15880
radio 11 15897
radio 11 16411
radio 11 16428
radio 11 16942
radio 11 16992
radio 11 17506
radio 11 17561
radio 11 18075
radio 11 18109
radio 11 18623
radio 11 18675
radio 11 19189
radio 11 19239
radio 11 19753
radio 11 19865
radio 11 20379
radio 11 20413
radio 11 20927
radio 11 20944
radio 11 21458
radio 11 21508
radio 11 22022
radio 11 22071
radio 11 22585
radio 11 22616
radio 11 23130
radio 11 23147
radio 11 23661
radio 11 23678
radio 11 24192
radio 11 24209
radio 11 24723
radio 11 24740
radio 11 25254
radio 11 25271
radio 11 25785
radio 11 25856
radio 11 26370
radio 11 26406
radio 11 26920
radio 11 26937
radio 11 27451
radio 11 27524
radio 11 28038
radio 11 28074
radio 11 28588
radio 11 28638
radio 11 29152
radio 11 29201
radio 11 29715
radio 11 29863
radio 11 30377
delay 9 46 11 30394 11 29985 14 7 65535 0 276 0 1
radio 11 31473
radio 11 31987
radio 11 32099
radio 11 32613
radio 11 32661
radio 11 33175
radio 11 33291
radio 11 33805
radio 11 33822
radio 11 34336
radio 11 34353
radio 11 34867
radio 11 34884
radio 11 35398
radio 11 35451
radio 11 35965
radio 11 36017
radio 11 36531
radio 11 36548
radio 11 37062
radio 11 37094
radio 11 37608
radio 11 37657
radio 11 38171
radio 11 38219
radio 11 38733
radio 11 38750
radio 11 39264
radio 11 39293
radio 11 39807
radio 11 39841
radio 11 40355
radio 11 40372
radio 11 40886
radio 11 40903
radio 11 41417
radio 11 41465
radio 11 41979
radio 11 42016
radio 11 42530
radio 11 42566
radio 11 43080
radio 11 43111
radio 11 43625
radio 11 43673
radio 11 44187
radio 11 44204
radio 11 44718
radio 11 44735
radio 11 45249
radio 11 45266
radio 11 45780
radio 11 45831
radio 11 46345
radio 11 46395
radio 11 46909
radio 11 46941
radio 11 47455
radio 11 47472
radio 11 47986
radio 11 48036
radio 11 48550
radio 11 48600
radio 11 49114
radio 11 49131
radio 11 49645
radio 11 49680
radio 11 50194
radio 11 50211
energy 11 50378 7 33630
radio 11 50725
delay 10 9 11 50859 11 51588 16 7 65535 0 230 0 1
radio 11 51934
radio 11 52448
radio 11 52477
radio 11 52991
radio 11 53008
radio 11 53522
radio 11 53539
radio 11 54053
radio 11 54070
radio 11 54584
radio 11 54639
radio 11 55153
radio 11 55205
radio 11 55719
radio 11 55790
radio 11 56304
radio 11 56376
radio 11 56890
radio 11 56982
radio 11 57496
radio 11 57527
radio 11 58041
radio 11 58096
radio 11 58610
radio 11 58681
radio 11 59195
radio 11 59212
radio 11 59726
radio 11 59743
radio 11 60257
radio 11 60307
radio 11 60821
radio 11 60869
radio 11 61383
radio 11 61400
radio 11 61914
radio 11 61948
radio 11 62462
radio 11 62490
radio 11 63004
radio 11 63034
radio 11 63548
radio 11 63597
radio 11 64111
radio 11 64128
radio 11 64642
radio 11 64659
radio 11 65173
radio 11 65226
radio 12 204
radio 12 259
radio 12 773
radio 12 790
radio 12 1303
radio 12 1333
radio 12 1847
radio 12 1901
radio 12 2415
radio 12 2463
radio 12 2977
radio 12 2994
radio 12 3508
radio 12 3544
radio 12 4058
radio 12 4091
radio 12 4605
radio 12 4636
radio 12 5150
radio 12 5198
radio 12 5712
delay 11 7 12 5729 12 6391 14 7 65535 0 102 0 1
radio 12 6807
radio 12 7321
radio 12 7354
radio 12 7868
radio 12 7916
radio 12 8430
radio 12 8465
radio 12 8979
radio 12 9072
radio 12 9586
radio 12 9603
radio 12 10117
radio 12 10134
radio 12 10648
radio 12 10665
radio 12 11179
radio 12 11227
radio 12 11741
radio 12 11794
radio 12 12308
radio 12 12325
radio 12 12839
radio 12 12870
radio 12 13384
radio 12 13418
radio 12 13932
radio 12 13960
radio 12 14474
radio 12 14522
radio 12 15036
radio 12 15071
radio 12 15585
radio 12 15602
radio 12 16116
radio 12 16133
radio 12 16647
radio 12 16664
radio 12 17178
radio 12 17209
radio 12 17723
radio 12 17772
radio 12 18286
radio 12 18314
radio 12 18828
radio 12 18845
radio 12 19359
radio 12 19376
radio 12 19890
radio 12 19918
radio 12 20432
radio 12 20449
radio 12 20963
radio 12 21020
radio 12 21534
radio 12 21564
radio 12 22078
radio 12 22134
radio 12 22648
radio 12 22722
radio 12 23236
radio 12 23327
radio 12 23841
radio 12 23917
radio 12 24431
radio 12 24584
radio 12 25098
radio 12 25229
radio 12 25743
radio 12 25760
radio 12 26274
delay 12 48 12 26359 12 25956 14 7 65535 0 445 0 1
radio 12 26370
radio 12 26883
radio 12 28223
radio 12 28737
radio 12 28785
radio 12 29299
radio 12 29368
radio 12 29882
radio 12 29937
radio 12 30451
radio 12 30468
radio 12 30982
radio 12 31038
radio 12 31552
radio 12 31569
radio 12 32083
radio 12 32137
radio 12 32651
radio 12 32668
radio 12 33182
radio 12 33199
radio 12 33713
radio 12 33730
radio 12 34244
radio 12 34262
radio 12 34775
radio 12 34792
radio 12 35306
radio 12 35323
radio 12 35837
radio 12 35854
radio 12 36368
radio 12 36385
radio 12 36899
radio 12 36929
radio 12 37443
radio 12 37475
radio 12 37989
radio 12 38006
radio 12 38520
radio 12 38569
radio 12 39083
radio 12 39116
radio 12 39630
radio 12 39682
radio 12 40196
radio 12 40213
radio 12 40727
radio 12 40744
radio 12 41258
radio 12 41275
radio 12 41789
radio 12 41820
radio 12 42334
radio 12 42364
radio 12 42878
radio 12 42895
radio 12 43409
radio 12 43458
radio 12 43972
radio 12 43989
radio 12 44503
radio 12 44534
radio 12 45048
radio 12 45065
radio 12 45579
radio 12 45628
radio 12 46142
radio 12 46191
energy 12 46282 7 40544
radio 12 46705
delay 13 29 12 46749 12 47149 14 7 65535 0 80 1 1
radio 12 47858
radio 12 48372
radio 12 48389
radio 12 48903
radio 12 48938
radio 12 49452
radio 12 49508
radio 12 50022
radio 12 50072
radio 12 50586
radio 12 50603
radio 12 51117
radio 12 51146
radio 12 51660
radio 12 51710
radio 12 52224
radio 12 52273
radio 12 52787
radio 12 52820
radio 12 53334
radio 12 53423
radio 12 53937
radio 12 53954
radio 12 54468
radio 12 54485
radio 12 54999
radio 12 55016
radio 12 55530
radio 12 55547
radio 12 56061
radio 12 56114
radio 12 56628
radio 12 56677
radio 12 57191
radio 12 57208
radio 12 57722
radio 12 57739
radio 12 58253
radio 12 58307
radio 12 58821
radio 12 58876
radio 12 59390
radio 12 59407
radio 12 59921
radio 12 59938
radio 12 60452
radio 12 60482
radio 12 60996
radio 12 61024
radio 12 61538
radio 12 61555
radio 12 62069
radio 12 62124
radio 12 62638
radio 12 62655
radio 12 63169
radio 12 63239
radio 12 63753
radio 12 63808
radio 12 64322
radio 12 64352
radio 12 64866
radio 12 64919
radio 12 65433
radio 12 65481
radio 13 459
radio 13 476
radio 13 989
radio 13 1006
radio 13 1519
delay 14 28 13 1539 13 1891 14 7 65535 0 245 0 1
radio 13 2620
radio 13 3133
radio 13 3163
radio 13 3677
radio 13 3725
radio 13 4239
radio 13 4313
radio 13 4827
radio 13 4897
radio 13 5411
radio 13 5461
radio 13 5975
radio 13 5992
radio 13 6506
radio 13 6555
radio 13 7069
radio 13 7098
radio 13 7612
radio 13 7665
radio 13 8179
radio 13 8234
radio 13 8748
radio 13 8783
radio 13 9297
radio 13 9332
radio 13 9846
radio 13 9882
radio 13 10396
radio 13 10445
radio 13 10959
radio 13 10992
radio 13 11506
radio 13 11523
radio 13 12037
radio 13 12067
radio 13 12581
radio 13 12637
radio 13 13151
radio 13 13200
radio 13 13714
radio 13 13748
radio 13 14262
radio 13 14315
radio 13 14829
radio 13 14865
radio 13 15379
radio 13 15415
radio 13 15929
radio 13 15946
radio 13 16460
radio 13 16516
radio 13 17030
radio 13 17062
radio 13 17576
radio 13 17593
radio 13 18107
radio 13 18141
radio 13 18655
radio 13 18672
radio 13 19186
radio 13 19419
radio 13 19933
radio 13 20145
radio 13 20659
radio 13 20827
radio 13 21341
radio 13 21378
radio 13 21892
delay 15 3 13 22281 13 23220 7 7 65535 0 190 0 1
radio 13 23364
radio 13 23878
radio 13 23895
radio 13 24409
radio 13 24458
radio 13 24972
radio 13 25120
radio 13 25634
radio 13 25651
radio 13 26165
radio 13 26201
radio 13 26715
radio 13 26732
radio 13 27246
radio 13 27263
radio 13 27777
radio 13 27794
radio 13 28308
radio 13 28382
radio 13 28896
radio 13 28913
radio 13 29427
radio 13 29519
radio 13 30033
radio 13 30062
radio 13 30576
radio 13 30593
radio 13 31107
radio 13 31141
radio 13 31655
radio 13 31672
radio 13 32186
radio 13 32239
radio 13 32753
radio 13 32782
radio 13 33296
radio 13 33328
radio 13 33842
radio 13 33872
radio 13 34386
radio 13 34403
radio 13 34917
radio 13 34970
radio 13 35484
radio 13 35556
radio 13 36070
radio 13 36124
radio 13 36638
radio 13 36655
radio 13 37169
radio 13 37200
radio 13 37714
radio 13 37765
radio 13 38279
radio 13 38328
radio 13 38842
radio 13 38913
radio 13 39427
radio 13 39483
radio 13 39997
radio 13 40014
radio 13 40528
radio 13 40545
radio 13 41059
radio 13 41076
radio 13 41590
radio 13 41607
radio 13 42121
radio 13 42170
energy 13 42186 7 47979
radio 13 42684
delay 16 28 13 42726 13 43077 14 7 65535 0 171 0 1
radio 13 43791
radio 13 44305
radio 13 44322
radio 13 44836
radio 13 44853
radio 13 45367
radio 13 45420
radio 13 45934
radio 13 45982
radio 13 46496
radio 13 46513
radio 13 47027
radio 13 47097
radio 13 47611
radio 13 47661
radio 13 48175
radio 13 48204
radio 13 48718
radio 13 48735
radio 13 49249
radio 13 49298
radio 13 49812
radio 13 49864
radio 13 50378
radio 13 50395
radio 13 50909
radio 13 50945
radio 13 51459
radio 13 51508
radio 13 52022
radio 13 52073
radio 13 52587
radio 13 52716
radio 13 53230
radio 13 53321
radio 13 53835
radio 13 53852
radio 13 54366
radio 13 54383
radio 13 54897
radio 13 54914
radio 13 55428
radio 13 55445
radio 13 55959
radio 13 56010
radio 13 56524
radio 13 56594
radio 13 57108
radio 13 57125
radio 13 57639
radio 13 57673
radio 13 58187
radio 13 58204
radio 13 58718
radio 13 58771
radio 13 59285
radio 13 59318
radio 13 59832
radio 13 59861
radio 13 60375
radio 13 60405
radio 13 60919
radio 13 60936
radio 13 61450
radio 13 61503
radio 13 62017
radio 13 62045
radio 13 62559
radio 13 62587
radio 13 63101
delay 17 16 13 63174 13 63890 16 7 65535 0 99 0 1
radio 13 64253
radio 13 64766
radio 13 64783
radio 13 65297
radio 13 65325
radio 14 303
radio 14 320
radio 14 833
radio 14 889
radio 14 1403
radio 14 1431
radio 14 1945
radio 14 1962
radio 14 2476
radio 14 2493
radio 14 3007
radio 14 3024
radio 14 3538
radio 14 3567
radio 14 4081
radio 14 4098
radio 14 4612
radio 14 4666
radio 14 5180
radio 14 5209
radio 14 5723
radio 14 5753
radio 14 6267
radio 14 6284
radio 14 6798
radio 14 6828
radio 14 7342
radio 14 7397
radio 14 7911
radio 14 7943
radio 14 8457
radio 14 8474
radio 14 8988
radio 14 9036
radio 14 9550
radio 14 9598
radio 14 10112
radio 14 10129
radio 14 10643
radio 14 10674
radio 14 11188
radio 14 11238
radio 14 11752
radio 14 11800
radio 14 12314
radio 14 12351
radio 14 12865
radio 14 12882
radio 14 13396
radio 14 13413
radio 14 13927
radio 14 13944
radio 14 14458
radio 14 14475
radio 14 14989
radio 14 15541
radio 14 16055
radio 14 16105
radio 14 16619
radio 14 16688
radio 14 17202
radio 14 17274
radio 14 17788
delay 18 48 14 17864 14 17459 14 7 65535 0 123 0 1
radio 14 18945
radio 14 19459
radio 14 19499
radio 14 20013
radio 14 20030
radio 14 20544
radio 14 20561
radio 14 21075
radio 14 21149
radio 14 21663
radio 14 21718
radio 14 22232
radio 14 22288
radio 14 22802
radio 14 22910
radio 14 23424
radio 14 23441
radio 14 23955
radio 14 23972
radio 14 24486
radio 14 24503
radio 14 25017
radio 14 25034
radio 14 25548
radio 14 25597
radio 14 26111
radio 14 26166
radio 14 26680
radio 14 26697
radio 14 27211
radio 14 27246
radio 14 27760
radio 14 27777
radio 14 28291
radio 14 28308
radio 14 28822
radio 14 28839
radio 14 29353
radio 14 29370
radio 14 29884
radio 14 29936
radio 14 30450
radio 14 30498
radio 14 31012
radio 14 31045
radio 14 31559
radio 14 31576
radio 14 32090
radio 14 32143
radio 14 32657
radio 14 32674
radio 14 33188
radio 14 33205
radio 14 33719
radio 14 33773
radio 14 34287
radio 14 34316
radio 14 34830
radio 14 34859
radio 14 35373
radio 14 35390
radio 14 35904
radio 14 35934
radio 14 36448
radio 14 36465
radio 14 36979
radio 14 37032
radio 14 37546
radio 14 37596
energy 14 38090 7 54859
radio 14 38110
radio 14 38127
radio 14 38641
delay 19 28 14 38763 14 39114 14 7 65535 0 482 0 1
radio 14 39841
radio 14 40354
radio 14 40387
radio 14 40901
radio 14 40953
radio 14 41467
radio 14 41484
radio 14 41998
radio 14 42028
radio 14 42542
radio 14 42559
radio 14 43073
radio 14 43090
radio 14 43604
radio 14 43638
radio 14 44152
radio 14 44202
radio 14 44716
radio 14 44746
radio 14 45260
radio 14 45313
radio 14 45827
radio 14 45879
radio 14 46393
radio 14 46410
radio 14 46924
radio 14 46941
radio 14 47455
radio 14 47472
radio 14 47986
radio 14 48038
radio 14 48552
radio 14 48606
radio 14 49120
radio 14 49152
radio 14 49666
radio 14 49683
radio 14 50197
radio 14 50214
radio 14 50728
radio 14 50805
radio 14 51319
radio 14 51353
radio 14 51867
radio 14 51884
radio 14 52398
radio 14 52415
radio 14 52929
radio 14 52958
radio 14 53472
radio 14 53489
radio 14 54003
radio 14 54057
radio 14 54571
radio 14 54588
radio 14 55102
radio 14 55119
radio 14 55633
radio 14 55650
radio 14 56164
radio 14 56254
radio 14 56768
radio 14 56785
radio 14 57299
radio 14 57316
radio 14 57830
radio 14 57847
radio 14 58361
radio 14 58378
radio 14 58892
delay 20 29 14 58934 14 59333 14 7 65535 0 85 0 1
radio 14 60000
radio 14 60513
radio 14 60562
radio 14 61076
radio 14 61107
radio 14 61621
radio 14 61673
radio 14 62187
radio 14 62241
radio 14 62755
radio 14 62787
radio 14 63301
radio 14 63353
radio 14 63867
radio 14 63937
radio 14 64451
radio 14 64561
radio 14 65075
radio 14 65092
radio 15 70
radio 15 87
radio 15 600
radio 15 649
radio 15 1163
radio 15 1231
radio 15 1745
radio 15 1762
radio 15 2276
radio 15 2293
radio 15 2807
radio 15 2840
radio 15 3354
radio 15 3371
radio 15 3885
radio 15 3939
radio 15 4453
radio 15 4470
radio 15 4984
radio 15 5001
radio 15 5515
radio 15 5548
radio 15 6062
radio 15 6095
radio 15 6609
radio 15 6665
radio 15 7179
radio 15 7196
radio 15 7710
radio 15 7727
radio 15 8241
radio 15 8270
radio 15 8784
radio 15 8820
radio 15 9334
radio 15 9384
radio 15 9898
radio 15 9927
radio 15 10441
radio 15 10514
radio 15 11028
radio 15 11298
radio 15 11812
radio 15 11902
radio 15 12416
radio 15 12585
radio 15 13099
radio 15 13187
radio 15 13701
delay 21 6 15 13718 15 14444 14 7 65535 0 125 1 1
radio 15 14943
radio 15 15456
radio 15 15473
radio 15 15987
radio 15 16004
radio 15 16518
radio 15 16574
radio 15 17088
radio 15 17105
radio 15 17619
radio 15 17636
radio 15 18150
radio 15 18200
radio 15 18714
radio 15 18789
radio 15 19303
radio 15 19353
radio 15 19867
radio 15 19884
radio 15 20398
radio 15 20415
radio 15 20929
radio 15 20946
radio 15 21460
radio 15 21477
radio 15 21991
radio 15 22080
radio 15 22594
radio 15 22624
radio 15 23138
radio 15 23194
radio 15 23708
radio 15 23758
radio 15 24272
radio 15 24305
radio 15 24819
radio 15 24870
radio 15 25384
radio 15 25434
radio 15 25948
radio 15 25979
radio 15 26493
radio 15 26545
radio 15 27059
radio 15 27113
radio 15 27627
radio 15 27656
radio 15 28170
radio 15 28219
radio 15 28733
radio 15 28750
radio 15 29264
radio 15 29315
radio 15 29829
radio 15 29846
radio 15 30360
radio 15 30396
radio 15 30910
radio 15 30927
radio 15 31441
radio 15 31458
radio 15 31972
radio 15 31989
radio 15 32503
radio 15 32558
radio 15 33072
radio 15 33089
radio 15 33603
radio 15 33638
energy 15 33994 7 61835
radio 15 34152
delay 22 8 15 34176 15 34908 7 7 65535 0 65535 0 1
radio 15 35249
radio 15 35763
radio 15 35815
radio 15 36329
radio 15 36346
radio 15 36860
radio 15 36877
radio 15 37391
radio 15 37408
radio 15 37922
radio 15 37972
radio 15 38486
radio 15 38559
radio 15 39073
radio 15 39090
radio 15 39604
radio 15 39656
radio 15 40170
radio 15 40221
radio 15 40735
radio 15 40765
radio 15 41279
radio 15 41375
radio 15 41889
radio 15 41906
radio 15 42420
radio 15 42437
radio 15 42951
radio 15 42968
radio 15 43482
radio 15 43537
radio 15 44051
radio 15 44101
radio 15 44615
radio 15 44686
radio 15 45200
radio 15 45254
radio 15 45768
radio 15 45785
radio 15 46299
radio 15 46316
radio 15 46830
radio 15 46859
radio 15 47373
radio 15 47402
radio 15 47916
radio 15 47950
radio 15 48464
radio 15 48514
radio 15 49028
radio 15 49061
radio 15 49575
radio 15 49608
radio 15 50122
radio 15 50139
radio 15 50653
radio 15 50705
radio 15 51219
radio 15 51236
radio 15 51750
radio 15 51779
radio 15 52293
radio 15 52345
radio 15 52859
radio 15 52909
radio 15 53423
radio 15 53455
radio 15 53969
radio 15 53986
radio 15 54500
radio 15 54517
radio 15 55031
delay 23 28 15 55190 15 55540 14 7 65535 0 427 0 1
radio 15 56253
radio 15 56766
radio 15 56783
radio 15 57297
radio 15 57314
radio 15 57828
radio 15 57845
radio 15 58359
radio 15 58376
radio 15 58890
radio 15 58907
radio 15 59421
radio 15 59452
radio 15 59966
radio 15 59983
radio 15 60497
radio 15 60514
radio 15 61028
radio 15 61045
radio 15 61559
radio 15 61613
radio 15 62127
radio 15 62157
radio 15 62671
radio 15 62688
radio 15 63202
radio 15 63316
radio 15 63830
radio 15 63847
radio 15 64361
radio 15 64378
radio 15 64892
radio 15 64924
radio 15 65438
radio 15 65492
radio 16 470
radio 16 487
radio 16 1000
radio 16 1017
radio 16 1531
radio 16 1562
radio 16 2076
radio 16 2093
radio 16 2607
radio 16 2624
radio 16 3138
radio 16 3155
radio 16 3669
radio 16 3697
radio 16 4211
radio 16 4245
radio 16 4759
radio 16 4787
radio 16 5301
radio 16 5318
radio 16 5832
radio 16 5849
radio 16 6363
radio 16 6380
radio 16 6894
radio 16 7005
radio 16 7519
radio 16 7572
radio 16 8086
radio 16 8174
radio 16 8688
radio 16 8862
radio 16 9376
radio 16 9393
radio 16 9907
delay 24 29 16 9952 16 10350 14 7 65535 0 391 0 1
radio 16 11017
radio 16 11531
radio 16 11548
radio 16 12062
radio 16 12131
radio 16 12645
radio 16 12662
radio 16 13176
radio 16 13230
radio 16 13744
radio 16 13799
radio 16 14313
radio 16 14330
radio 16 14844
radio 16 14861
radio 16 15375
radio 16 15392
radio 16 15906
radio 16 15942
radio 16 16456
radio 16 16473
radio 16 16987
radio 16 17004
radio 16 17518
radio 16 17587
radio 16 18101
radio 16 18118
radio 16 18632
radio 16 18666
radio 16 19180
radio 16 19197
radio 16 19711
radio 16 19728
radio 16 20242
radio 16 20259
radio 16 20773
radio 16 20822
radio 16 21336
radio 16 21353
radio 16 21867
radio 16 21884
radio 16 22398
radio 16 22415
radio 16 22929
radio 16 22946
radio 16 23460
radio 16 23492
radio 16 24006
radio 16 24023
radio 16 24537
radio 16 24554
radio 16 25068
radio 16 25117
radio 16 25631
radio 16 25648
radio 16 26162
radio 16 26210
radio 16 26724
radio 16 26741
radio 16 27255
radio 16 27290
radio 16 27804
radio 16 27853
radio 16 28367
radio 16 28384
radio 16 28898
radio 16 28915
radio 16 29429
radio 16 29446
energy 16 29898 8 2522
radio 16 29960
delay 25 0 16 29982 16 30939 0 7 7 0 34 1 1
radio 16 31056
radio 16 31569
radio 16 31623
radio 16 32137
radio 16 32172
radio 16 32686
radio 16 32703
radio 16 33217
radio 16 33267
radio 16 33781
radio 16 33830
radio 16 34344
radio 16 34361
radio 16 34875
radio 16 34892
radio 16 35406
radio 16 35455
radio 16 35969
radio 16 36023
radio 16 36537
radio 16 36554
radio 16 37068
radio 16 37099
radio 16 37613
radio 16 37630
radio 16 38144
radio 16 38174
radio 16 38688
radio 16 38705
radio 16 39219
radio 16 39236
radio 16 39750
radio 16 39802
radio 16 40316
radio 16 40368
radio 16 40882
radio 16 40915
radio 16 41429
radio 16 41480
radio 16 41994
radio 16 42011
radio 16 42525
radio 16 42542
radio 16 43056
radio 16 43073
radio 16 43587
radio 16 43604
radio 16 44118
radio 16 44214
radio 16 44728
radio 16 44758
radio 16 45272
radio 16 45362
radio 16 45876
radio 16 45908
radio 16 46422
radio 16 46439
radio 16 46953
radio 16 46989
radio 16 47503
radio 16 47520
radio 16 48034
radio 16 48086
radio 16 48600
radio 16 48617
radio 16 49131
radio 16 49148
radio 16 49662
radio 16 49679
radio 16 50193
radio 16 50223
radio 16 50737
delay 26 29 16 50782 16 51180 14 7 65535 0 260 0 1
radio 16 51858
radio 16 52371
radio 16 52390
radio 16 52904
radio 16 52921
radio 16 53435
radio 16 53471
radio 16 53985
radio 16 54002
radio 16 54516
radio 16 54553
radio 16 55067
radio 16 55115
radio 16 55629
radio 16 55657
radio 16 56171
radio 16 56188
radio 16 56702
radio 16 56735
radio 16 57249
radio 16 57266
radio 16 57780
radio 16 57834
radio 16 58348
radio 16 58365
radio 16 58879
radio 16 58896
radio 16 59410
radio 16 59427
radio 16 59941
radio 16 59977
radio 16 60491
radio 16 60520
radio 16 61034
radio 16 61089
radio 16 61603
radio 16 61620
radio 16 62134
radio 16 62151
radio 16 62665
radio 16 62682
radio 16 63196
radio 16 63231
radio 16 63745
radio 16 63762
radio 16 64276
radio 16 64307
radio 16 64821
radio 16 64869
radio 16 65383
radio 16 65400
radio 17 378
radio 17 407
radio 17 921
radio 17 938
radio 17 1451
radio 17 1488
radio 17 2002
radio 17 2054
radio 17 2568
radio 17 2585
radio 17 3099
radio 17 3116
radio 17 3630
radio 17 3647
radio 17 4161
radio 17 4253
radio 17 4767
radio 17 4795
radio 17 5309
radio 17 5357
radio 17 5871
delay 27 28 17 5887 17 6237 14 7 65535 0 150 1 1
radio 17 6957
radio 17 7470
radio 17 7521
radio 17 8035
radio 17 8052
radio 17 8566
radio 17 8734
radio 17 9248
radio 17 9301
radio 17 9815
radio 17 9844
radio 17 10358
radio 17 10387
radio 17 10901
radio 17 10935
radio 17 11449
radio 17 11518
radio 17 12032
radio 17 12049
radio 17 12563
radio 17 12599
radio 17 13113
radio 17 13130
radio 17 13644
radio 17 13692
radio 17 14206
radio 17 14242
radio 17 14756
radio 17 14785
radio 17 15299
radio 17 15328
radio 17 15842
radio 17 15896
radio 17 16410
radio 17 16443
radio 17 16957
radio 17 16974
radio 17 17488
radio 17 17518
radio 17 18032
radio 17 18049
radio 17 18563
radio 17 18592
radio 17 19106
radio 17 19175
radio 17 19689
radio 17 19706
radio 17 20220
radio 17 20237
radio 17 20751
radio 17 20784
radio 17 21298
radio 17 21348
radio 17 21862
radio 17 21879
radio 17 22393
radio 17 22410
radio 17 22924
radio 17 22954
radio 17 23468
radio 17 23485
radio 17 23999
radio 17 24032
radio 17 24546
radio 17 24599
radio 17 25113
radio 17 25142
radio 17 25656
radio 17 25673
energy 17 25802 8 8643
radio 17 26187
delay 28 47 17 26229 17 25821 14 7 65535 0 38 1 1
radio 17 27305
radio 17 27819
radio 17 27848
radio 17 28362
radio 17 28379
radio 17 28893
radio 17 28922
radio 17 29436
radio 17 29453
radio 17 29967
radio 17 29998
radio 17 30512
radio 17 30582
radio 17 31096
radio 17 31113
radio 17 31627
radio 17 31655
radio 17 32169
radio 17 32203
radio 17 32717
radio 17 32789
radio 17 33303
radio 17 33320
radio 17 33834
radio 17 33851
radio 17 34365
radio 17 34382
radio 17 34896
radio 17 34926
radio 17 35440
radio 17 35555
radio 17 36069
radio 17 36163
radio 17 36677
radio 17 36707
radio 17 37221
radio 17 37238
radio 17 37752
radio 17 37769
radio 17 38283
radio 17 38339
radio 17 38853
radio 17 38884
radio 17 39398
radio 17 39433
radio 17 39947
radio 17 39979
radio 17 40493
radio 17 40543
radio 17 41057
radio 17 41087
radio 17 41601
radio 17 41618
radio 17 42132
radio 17 42149
radio 17 42663
radio 17 42680
radio 17 43194
radio 17 43222
radio 17 43736
radio 17 43809
radio 17 44323
radio 17 44371
radio 17 44885
radio 17 44902
radio 17 45416
radio 17 45466
radio 17 45980
radio 17 45997
radio 17 46511
delay 29 3 17 46553 17 47485 7 7 65535 0 114 0 1
radio 17 47612
radio 17 48125
radio 17 48154
radio 17 48668
radio 17 48717
radio 17 49231
radio 17 49263
radio 17 49777
radio 17 49805
radio 17 50319
radio 17 50349
