Thread[Thread-1,5,main]tree 9 8 0 14 0 0
radio 6 63663
radio 6 63667
radio 6 63717
radio 6 64231
radio 6 64262
radio 6 64776
radio 6 64793
radio 6 65306
radio 6 65340
radio 7 318
radio 7 335
radio 7 848
radio 7 876
radio 7 1389
radio 7 1417
radio 7 1931
radio 7 1959
radio 7 2473
radio 7 2504
radio 7 3018
radio 7 3051
radio 7 3565
radio 7 3594
radio 7 4108
radio 7 4157
radio 7 4671
radio 7 4704
radio 7 5218
radio 7 5246
radio 7 5760
radio 7 5777
radio 7 6290
radio 7 6319
radio 7 6833
radio 7 6883
radio 7 7397
radio 7 7414
radio 7 7927
radio 7 7944
radio 7 8457
radio 7 8474
radio 7 8987
radio 7 9004
radio 7 9517
radio 7 9534
radio 7 10047
radio 7 10064
radio 7 10578
radio 7 10595
radio 7 11109
radio 7 11183
radio 7 11697
radio 7 11714
radio 7 12228
radio 7 12257
radio 7 12771
radio 7 12901
radio 7 13415
radio 7 13446
radio 7 13960
radio 7 14009
radio 7 14523
radio 7 14558
radio 7 15072
radio 7 15089
radio 7 15603
radio 7 15640
radio 7 16154
radio 7 16171
radio 7 16685
radio 7 16735
radio 7 17249
radio 7 17266
radio 7 17780
radio 7 17815
radio 7 18329
radio 7 18346
radio 7 18859
radio 7 18876
radio 7 19390
radio 7 19427
radio 7 19941
radio 7 19991
radio 7 20505
radio 7 20534
radio 7 21048
radio 7 21081
radio 7 21595
radio 7 21612
radio 7 22126
radio 7 22157
radio 7 22671
radio 7 22719
radio 7 23233
radio 7 23250
radio 7 23764
radio 7 23798
radio 7 24312
radio 7 24329
radio 7 24843
radio 7 24860
radio 7 25374
radio 7 25391
radio 7 25905
radio 7 25922
radio 7 26436
radio 7 26491
radio 7 27005
radio 7 27041
radio 7 27555
radio 7 27604
radio 7 28118
radio 7 28170
radio 7 28684
radio 7 28713
radio 7 29227
radio 7 29256
radio 7 29770
radio 7 29787
radio 7 30301
radio 7 30330
radio 7 30844
radio 7 30896
radio 7 31410
radio 7 31441
radio 7 31955
radio 7 31984
radio 7 32498
radio 7 32515
radio 7 33029
radio 7 33046
radio 7 33560
radio 7 33591
radio 7 34105
radio 7 34133
radio 7 34647
radio 7 34664
radio 7 35178
radio 7 35209
radio 7 35723
radio 7 35740
radio 7 36254
radio 7 36283
radio 7 36797
radio 7 36814
radio 7 37328
radio 7 37345
radio 7 37859
radio 7 37876
radio 7 38390
radio 7 38446
radio 7 38960
radio 7 38977
radio 7 39491
radio 7 39519
radio 7 40033
radio 7 40050
radio 7 40564
radio 7 40581
radio 7 41095
radio 7 41112
radio 7 41626
radio 7 41643
radio 7 42157
radio 7 42185
radio 7 42699
radio 7 42747
radio 7 43261
radio 7 43278
radio 7 43792
radio 7 43821
radio 7 44335
radio 7 44352
radio 7 44866
radio 7 44915
radio 7 45429
radio 7 45518
radio 7 46032
radio 7 46140
radio 7 46654
radio 7 46671
radio 7 47185
radio 7 47254
radio 7 47768
radio 7 47797
radio 7 48311
radio 7 48328
radio 7 48842
radio 7 48935
radio 7 49449
radio 7 49466
radio 7 49980
radio 7 49997
radio 7 50511
radio 7 50528
radio 7 51042
radio 7 51059
radio 7 51573
radio 7 51601
radio 7 52115
radio 7 52132
radio 7 52646
radio 7 52663
radio 7 53176
radio 7 53231
radio 7 53745
radio 7 53781
radio 7 54295
radio 7 54312
radio 7 54826
radio 7 54843
radio 7 55357
radio 7 55374
radio 7 55888
radio 7 55922
radio 7 56436
radio 7 56467
radio 7 56981
radio 7 56998
radio 7 57512
radio 7 57547
radio 7 58061
radio 7 58078
radio 7 58592
radio 7 58609
radio 7 59123
radio 7 59140
energy 7 59579 7 884
radio 7 59654
radio 7 59671
radio 7 60185
radio 7 60220
radio 7 60734
radio 7 60782
radio 7 61296
radio 7 61313
radio 7 61827
radio 7 61844
radio 7 62358
radio 7 62375
radio 7 62889
radio 7 62906
radio 7 63420
radio 7 63437
radio 7 63951
radio 7 63968
radio 7 64482
radio 7 64499
radio 7 65013
radio 7 65030
radio 8 8
radio 8 37
radio 8 550
radio 8 579
radio 8 1092
radio 8 1109
radio 8 1622
radio 8 1651
radio 8 2165
radio 8 2200
radio 8 2714
radio 8 2742
radio 8 3256
radio 8 3285
radio 8 3799
radio 8 3847
radio 8 4361
radio 8 4378
radio 8 4891
radio 8 4908
radio 8 5421
radio 8 5454
radio 8 5968
radio 8 5985
radio 8 6498
radio 8 6515
radio 8 7028
radio 8 7083
radio 8 7597
radio 8 7630
radio 8 8144
radio 8 8161
radio 8 8674
radio 8 8691
radio 8 9204
radio 8 9221
radio 8 9734
radio 8 9751
radio 8 10264
radio 8 10293
radio 8 10807
radio 8 10857
radio 8 11371
radio 8 11402
radio 8 11916
radio 8 11967
radio 8 12481
radio 8 12498
radio 8 13012
radio 8 13041
radio 8 13555
radio 8 13572
radio 8 14086
radio 8 14120
radio 8 14634
radio 8 14651
radio 8 15165
radio 8 15182
radio 8 15696
radio 8 15713
radio 8 16227
radio 8 16244
radio 8 16758
radio 8 16786
radio 8 17300
radio 8 17332
radio 8 17846
radio 8 17894
radio 8 18408
radio 8 18425
radio 8 18939
radio 8 18970
radio 8 19484
radio 8 19501
radio 8 20015
radio 8 20032
radio 8 20546
radio 8 20563
radio 8 21077
radio 8 21094
radio 8 21608
radio 8 21625
radio 8 22139
radio 8 22193
radio 8 22707
radio 8 22724
radio 8 23238
radio 8 23255
radio 8 23768
radio 8 23785
radio 8 24299
radio 8 24316
radio 8 24829
radio 8 24846
radio 8 25360
radio 8 25377
radio 8 25891
radio 8 25921
radio 8 26435
radio 8 26485
radio 8 26999
radio 8 27031
radio 8 27545
radio 8 27580
radio 8 28094
radio 8 28111
radio 8 28625
radio 8 28642
radio 8 29156
radio 8 29211
radio 8 29725
radio 8 29742
radio 8 30256
radio 8 30291
radio 8 30805
radio 8 30839
radio 8 31353
radio 8 31382
radio 8 31896
radio 8 31945
radio 8 32459
radio 8 32476
radio 8 32990
radio 8 33020
radio 8 33534
radio 8 33551
radio 8 34065
radio 8 34093
radio 8 34607
radio 8 34624
radio 8 35138
radio 8 35155
radio 8 35669
radio 8 35720
radio 8 36234
radio 8 36264
radio 8 36778
radio 8 36795
radio 8 37309
radio 8 37326
radio 8 37840
radio 8 37857
radio 8 38371
radio 8 38388
radio 8 38902
radio 8 38919
radio 8 39433
radio 8 39450
radio 8 39964
radio 8 40032
radio 8 40546
radio 8 40600
radio 8 41114
radio 8 41242
radio 8 41756
radio 8 41805
radio 8 42319
radio 8 42368
radio 8 42882
radio 8 42912
radio 8 43426
delay 0 41 8 43441 8 42206 14 7 65535 0 105 1 0
radio 8 44514
radio 8 45028
radio 8 45049
radio 8 45563
radio 8 45618
radio 8 46132
radio 8 46201
radio 8 46715
radio 8 46732
radio 8 47246
radio 8 47263
radio 8 47777
radio 8 47832
radio 8 48346
radio 8 48363
radio 8 48877
radio 8 48932
radio 8 49446
radio 8 49463
radio 8 49977
radio 8 49994
radio 8 50508
radio 8 50525
radio 8 51039
radio 8 51075
radio 8 51589
radio 8 51606
radio 8 52120
radio 8 52137
radio 8 52651
radio 8 52707
radio 8 53221
radio 8 53238
radio 8 53752
radio 8 53769
radio 8 54283
radio 8 54300
radio 8 54814
radio 8 54831
radio 8 55345
radio 8 55362
energy 8 55483 7 4378
radio 8 55875
radio 8 55905
radio 8 56419
radio 8 56436
radio 8 56950
radio 8 57006
radio 8 57520
radio 8 57554
radio 8 58068
radio 8 58085
radio 8 58599
radio 8 58616
radio 8 59130
radio 8 59161
radio 8 59675
radio 8 59692
radio 8 60206
radio 8 60257
radio 8 60771
radio 8 60788
radio 8 61301
radio 8 61318
radio 8 61832
radio 8 61849
radio 8 62363
radio 8 62396
radio 8 62910
radio 8 62927
radio 8 63441
radio 8 63477
radio 8 63991
delay 1 3 8 64038 8 64016 7 7 65535 0 165 0 0
radio 8 64046
radio 8 64560
radio 8 64755
radio 8 65269
radio 8 65310
radio 9 288
radio 9 305
radio 9 818
radio 9 847
radio 9 1360
radio 9 1388
radio 9 1902
radio 9 1952
radio 9 2466
radio 9 2483
radio 9 2996
radio 9 3013
radio 9 3526
radio 9 3543
radio 9 4056
radio 9 4073
radio 9 4586
radio 9 4603
radio 9 5116
radio 9 5133
radio 9 5646
radio 9 5663
radio 9 6176
radio 9 6193
radio 9 6706
radio 9 6723
radio 9 7236
radio 9 7253
radio 9 7766
radio 9 7783
radio 9 8296
radio 9 8352
radio 9 8866
radio 9 8883
radio 9 9396
radio 9 9413
radio 9 9926
radio 9 9974
radio 9 10488
radio 9 10505
radio 9 11019
radio 9 11075
radio 9 11589
radio 9 11606
radio 9 12120
radio 9 12155
radio 9 12669
radio 9 12686
radio 9 13199
radio 9 13230
radio 9 13744
radio 9 13761
radio 9 14275
radio 9 14323
radio 9 14837
radio 9 14869
radio 9 15383
radio 9 15400
radio 9 15913
radio 9 15930
radio 9 16444
radio 9 16461
radio 9 16975
radio 9 16992
radio 9 17506
radio 9 17523
radio 9 18037
radio 9 18068
radio 9 18582
delay 2 0 9 18643 9 18641 0 7 7 0 32 1 0
radio 9 19751
radio 9 20264
radio 9 20300
radio 9 20814
radio 9 20831
radio 9 21344
radio 9 21361
radio 9 21875
radio 9 21892
radio 9 22406
radio 9 22423
radio 9 22937
radio 9 22954
radio 9 23468
radio 9 23485
radio 9 23999
radio 9 24074
radio 9 24588
radio 9 24620
radio 9 25134
radio 9 25163
radio 9 25677
radio 9 25694
radio 9 26208
radio 9 26225
radio 9 26738
radio 9 26755
radio 9 27269
radio 9 27286
radio 9 27800
radio 9 27856
radio 9 28370
radio 9 28387
radio 9 28900
radio 9 28933
radio 9 29447
radio 9 29480
radio 9 29994
radio 9 30024
radio 9 30538
radio 9 30568
radio 9 31082
radio 9 31115
radio 9 31629
radio 9 31646
radio 9 32159
radio 9 32189
radio 9 32703
radio 9 32732
radio 9 33246
radio 9 33276
radio 9 33790
radio 9 33819
radio 9 34333
radio 9 34350
radio 9 34864
radio 9 34898
radio 9 35412
radio 9 35429
radio 9 35943
radio 9 35960
radio 9 36473
radio 9 36490
radio 9 37003
radio 9 37136
radio 9 37650
radio 9 37667
radio 9 38181
radio 9 38234
radio 9 38748
radio 9 38864
radio 9 39378
delay 3 1 9 39480 9 39873 7 7 65535 0 345 0 0
radio 9 39488
radio 9 40002
radio 9 40108
radio 9 40621
radio 9 40640
radio 9 41153
radio 9 41170
radio 9 41683
radio 9 41738
radio 9 42252
radio 9 42285
radio 9 42799
radio 9 42847
radio 9 43361
radio 9 43390
radio 9 43904
radio 9 43921
radio 9 44435
radio 9 44452
radio 9 44965
radio 9 44982
radio 9 45496
radio 9 45513
radio 9 46027
radio 9 46044
radio 9 46557
radio 9 46574
radio 9 47088
radio 9 47105
radio 9 47619
radio 9 47674
radio 9 48188
radio 9 48223
radio 9 48737
radio 9 48754
radio 9 49268
radio 9 49285
radio 9 49798
radio 9 49815
radio 9 50329
radio 9 50365
radio 9 50879
radio 9 50911
energy 9 51387 7 8240
radio 9 51425
radio 9 51458
radio 9 51972
radio 9 51989
radio 9 52502
radio 9 52530
radio 9 53044
radio 9 53061
radio 9 53574
radio 9 53603
radio 9 54117
radio 9 54171
radio 9 54685
radio 9 54702
radio 9 55216
radio 9 55233
radio 9 55746
radio 9 55763
radio 9 56277
radio 9 56332
radio 9 56846
radio 9 56920
radio 9 57434
radio 9 57451
radio 9 57965
radio 9 57996
radio 9 58510
radio 9 58582
radio 9 59096
radio 9 59113
radio 9 59626
delay 4 0 9 59644 9 59643 0 7 7 0 74 1 0
radio 9 60710
radio 9 61224
radio 9 61260
radio 9 61774
radio 9 61830
radio 9 62344
radio 9 62378
radio 9 62892
radio 9 62922
radio 9 63436
radio 9 63453
radio 9 63966
radio 9 63995
radio 9 64509
radio 9 64557
radio 9 65071
radio 9 65103
radio 10 81
radio 10 114
radio 10 628
radio 10 645
radio 10 1158
radio 10 1175
radio 10 1689
radio 10 1706
radio 10 2220
radio 10 2269
radio 10 2783
radio 10 2800
radio 10 3313
radio 10 3330
radio 10 3843
radio 10 3871
radio 10 4385
radio 10 4414
radio 10 4928
radio 10 4945
radio 10 5458
radio 10 5475
radio 10 5988
radio 10 6005
radio 10 6518
radio 10 6570
radio 10 7084
radio 10 7101
radio 10 7615
radio 10 7644
radio 10 8158
radio 10 8193
radio 10 8707
radio 10 8724
radio 10 9238
radio 10 9292
radio 10 9806
radio 10 9823
radio 10 10336
radio 10 10353
radio 10 10867
radio 10 10884
radio 10 11398
radio 10 11415
radio 10 11929
radio 10 11958
radio 10 12472
radio 10 12489
radio 10 13003
radio 10 13034
radio 10 13548
radio 10 13596
radio 10 14110
radio 10 14127
radio 10 14641
delay 5 3 10 14729 10 14708 7 7 65535 0 29 1 0
radio 10 15794
radio 10 16308
radio 10 16325
radio 10 16839
radio 10 16856
radio 10 17370
radio 10 17387
radio 10 17901
radio 10 17936
radio 10 18450
radio 10 18484
radio 10 18998
radio 10 19048
radio 10 19562
radio 10 19597
radio 10 20111
radio 10 20128
radio 10 20642
radio 10 20659
radio 10 21173
radio 10 21190
radio 10 21704
radio 10 21721
radio 10 22235
radio 10 22267
radio 10 22781
radio 10 22829
radio 10 23343
radio 10 23360
radio 10 23874
radio 10 23903
radio 10 24417
radio 10 24448
radio 10 24962
radio 10 24979
radio 10 25493
radio 10 25549
radio 10 26063
radio 10 26080
radio 10 26594
radio 10 26629
radio 10 27143
radio 10 27191
radio 10 27705
radio 10 27759
radio 10 28273
radio 10 28290
radio 10 28804
radio 10 28821
radio 10 29335
radio 10 29352
radio 10 29866
radio 10 29899
radio 10 30413
radio 10 30442
radio 10 30956
radio 10 30988
radio 10 31502
radio 10 31519
radio 10 32033
radio 10 32050
radio 10 32564
radio 10 32839
radio 10 33353
radio 10 33404
radio 10 33918
radio 10 33935
radio 10 34449
radio 10 34478
radio 10 34992
delay 6 0 10 35032 10 35031 0 7 7 0 35 1 0
radio 10 36099
radio 10 36613
radio 10 36689
radio 10 37203
radio 10 37219
radio 10 37733
radio 10 37762
radio 10 38276
radio 10 38293
radio 10 38807
radio 10 38857
radio 10 39371
radio 10 39388
radio 10 39902
radio 10 39919
radio 10 40433
radio 10 40462
radio 10 40976
radio 10 41007
radio 10 41521
radio 10 41538
radio 10 42052
radio 10 42069
radio 10 42583
radio 10 42638
radio 10 43152
radio 10 43169
radio 10 43683
radio 10 43719
radio 10 44233
radio 10 44262
radio 10 44776
radio 10 44793
radio 10 45307
radio 10 45324
radio 10 45838
radio 10 45890
radio 10 46404
radio 10 46421
radio 10 46935
radio 10 46952
energy 10 47291 7 14172
radio 10 47466
radio 10 47483
radio 10 47997
radio 10 48014
radio 10 48528
radio 10 48545
radio 10 49059
radio 10 49095
radio 10 49609
radio 10 49626
radio 10 50140
radio 10 50190
radio 10 50704
radio 10 50721
radio 10 51235
radio 10 51252
radio 10 51766
radio 10 51783
radio 10 52297
radio 10 52314
radio 10 52828
radio 10 52858
radio 10 53372
radio 10 53389
radio 10 53903
radio 10 53920
radio 10 54434
radio 10 54490
radio 10 55004
radio 10 55021
radio 10 55535
delay 7 0 10 55554 10 55554 0 7 7 0 81 0 0
radio 10 55562
radio 10 56076
radio 10 56173
radio 10 56686
radio 10 56894
radio 10 57407
radio 10 57453
radio 10 57967
radio 10 57984
radio 10 58498
radio 10 58515
radio 10 59029
radio 10 59063
radio 10 59577
radio 10 59628
radio 10 60142
radio 10 60159
radio 10 60673
radio 10 60690
radio 10 61204
radio 10 61221
radio 10 61735
radio 10 61752
radio 10 62266
radio 10 62283
radio 10 62797
radio 10 62830
radio 10 63344
radio 10 63361
radio 10 63875
radio 10 63927
radio 10 64441
radio 10 64475
radio 10 64989
radio 10 65006
radio 10 65520
radio 11 1
radio 11 514
radio 11 531
radio 11 1044
radio 11 1061
radio 11 1575
radio 11 1592
radio 11 2106
radio 11 2123
radio 11 2637
radio 11 2690
radio 11 3204
radio 11 3221
radio 11 3734
radio 11 3762
radio 11 4276
radio 11 4293
radio 11 4807
radio 11 4824
radio 11 5337
radio 11 5368
radio 11 5882
radio 11 5899
radio 11 6412
radio 11 6464
radio 11 6978
radio 11 6995
radio 11 7509
radio 11 7544
radio 11 8058
radio 11 8075
radio 11 8588
radio 11 8605
radio 11 9119
radio 11 9136
radio 11 9649
radio 11 9666
radio 11 10179
radio 11 10234
radio 11 10748
delay 8 12 11 10796 11 10379 7 7 65535 0 60 1 0
radio 11 11874
radio 11 12387
radio 11 12442
radio 11 12956
radio 11 12973
radio 11 13487
radio 11 13504
radio 11 14018
radio 11 14046
radio 11 14560
radio 11 14591
radio 11 15105
radio 11 15122
radio 11 15636
radio 11 15692
radio 11 16206
radio 11 16223
radio 11 16737
radio 11 16767
radio 11 17281
radio 11 17298
radio 11 17812
radio 11 17829
radio 11 18343
radio 11 18375
radio 11 18889
radio 11 18942
radio 11 19456
radio 11 19473
radio 11 19987
radio 11 20004
radio 11 20518
radio 11 20535
radio 11 21049
radio 11 21077
radio 11 21591
radio 11 21608
radio 11 22122
radio 11 22154
radio 11 22668
radio 11 22718
radio 11 23232
radio 11 23249
radio 11 23763
radio 11 23819
radio 11 24333
radio 11 24350
radio 11 24864
radio 11 24920
radio 11 25434
radio 11 25469
radio 11 25983
radio 11 26015
radio 11 26529
radio 11 26564
radio 11 27078
radio 11 27109
radio 11 27623
radio 11 27640
radio 11 28154
radio 11 28182
radio 11 28696
radio 11 28791
radio 11 29305
radio 11 29336
radio 11 29850
radio 11 29901
radio 11 30415
radio 11 30483
radio 11 30997
delay 9 20 11 31013 11 30027 6 7 1 0 65535 0 0
radio 11 31021
radio 11 31535
radio 11 31651
radio 11 32164
radio 11 32207
radio 11 32720
radio 11 32828
radio 11 33342
radio 11 33375
radio 11 33889
radio 11 33938
radio 11 34452
radio 11 34486
radio 11 35000
radio 11 35017
radio 11 35531
radio 11 35548
radio 11 36062
radio 11 36079
radio 11 36593
radio 11 36610
radio 11 37124
radio 11 37141
radio 11 37655
radio 11 37672
radio 11 38186
radio 11 38237
radio 11 38751
radio 11 38768
radio 11 39282
radio 11 39313
radio 11 39827
radio 11 39844
radio 11 40358
radio 11 40375
radio 11 40889
radio 11 40906
radio 11 41420
radio 11 41437
radio 11 41951
radio 11 41980
radio 11 42494
radio 11 42524
radio 11 43038
radio 11 43055
energy 11 43195 7 18088
radio 11 43569
radio 11 43586
radio 11 44100
radio 11 44129
radio 11 44643
radio 11 44698
radio 11 45212
radio 11 45260
radio 11 45774
radio 11 45791
radio 11 46305
radio 11 46322
radio 11 46836
radio 11 46853
radio 11 47367
radio 11 47384
radio 11 47898
radio 11 47915
radio 11 48429
radio 11 48462
radio 11 48976
radio 11 48993
radio 11 49507
radio 11 49562
radio 11 50076
radio 11 50126
radio 11 50640
radio 11 50657
radio 11 51171
radio 11 51188
radio 11 51702
delay 10 12 11 51799 11 51382 7 7 65535 0 381 0 0
radio 11 51808
radio 11 52322
radio 11 52370
radio 11 52883
radio 11 52932
radio 11 53445
radio 11 53462
radio 11 53976
radio 11 53993
radio 11 54507
radio 11 54535
radio 11 55049
radio 11 55066
radio 11 55580
radio 11 55613
radio 11 56127
radio 11 56196
radio 11 56710
radio 11 56727
radio 11 57241
radio 11 57278
radio 11 57792
radio 11 57846
radio 11 58360
radio 11 58377
radio 11 58891
radio 11 58908
radio 11 59422
radio 11 59455
radio 11 59969
radio 11 59998
radio 11 60512
radio 11 60529
radio 11 61043
radio 11 61111
radio 11 61625
radio 11 61642
radio 11 62156
radio 11 62185
radio 11 62699
radio 11 62731
radio 11 63245
radio 11 63298
radio 11 63812
radio 11 63845
radio 11 64359
radio 11 64376
radio 11 64890
radio 11 64907
radio 11 65421
radio 11 65451
radio 12 429
radio 12 479
radio 12 993
radio 12 1027
radio 12 1541
radio 12 1570
radio 12 2084
radio 12 2101
radio 12 2614
radio 12 2646
radio 12 3160
radio 12 3214
radio 12 3728
radio 12 3745
radio 12 4259
radio 12 4288
radio 12 4802
radio 12 4819
radio 12 5332
radio 12 5349
radio 12 5863
radio 12 5894
radio 12 6408
delay 11 0 12 6477 12 6478 0 7 7 0 157 1 0
radio 12 7558
radio 12 8071
radio 12 8183
radio 12 8697
radio 12 8714
radio 12 9228
radio 12 9245
radio 12 9759
radio 12 9776
radio 12 10289
radio 12 10339
radio 12 10853
radio 12 10889
radio 12 11403
radio 12 11431
radio 12 11945
radio 12 11962
radio 12 12476
radio 12 12493
radio 12 13007
radio 12 13024
radio 12 13538
radio 12 13591
radio 12 14105
radio 12 14137
radio 12 14651
radio 12 14668
radio 12 15182
radio 12 15199
radio 12 15713
radio 12 15730
radio 12 16244
radio 12 16276
radio 12 16790
radio 12 16839
radio 12 17353
radio 12 17370
radio 12 17884
radio 12 17917
radio 12 18431
radio 12 18448
radio 12 18962
radio 12 18979
radio 12 19493
radio 12 19510
radio 12 20024
radio 12 20056
radio 12 20570
radio 12 20621
radio 12 21135
radio 12 21152
radio 12 21666
radio 12 21683
radio 12 22197
radio 12 22214
radio 12 22728
radio 12 22745
radio 12 23259
radio 12 23276
radio 12 23790
radio 12 23820
radio 12 24334
radio 12 24430
radio 12 24944
radio 12 24995
radio 12 25509
radio 12 25580
radio 12 26094
radio 12 26111
radio 12 26625
radio 12 26642
radio 12 27156
delay 12 12 12 27258 12 26834 7 7 65535 0 65535 0 0
radio 12 27267
radio 12 27781
radio 12 27800
radio 12 28313
radio 12 28331
radio 12 28844
radio 12 28864
radio 12 29378
radio 12 29447
radio 12 29961
radio 12 29978
radio 12 30492
radio 12 30509
radio 12 31023
radio 12 31040
radio 12 31554
radio 12 31571
radio 12 32085
radio 12 32102
radio 12 32616
radio 12 32633
radio 12 33147
radio 12 33164
radio 12 33678
radio 12 33728
radio 12 34242
radio 12 34273
radio 12 34787
radio 12 34804
radio 12 35318
radio 12 35348
radio 12 35862
radio 12 35879
radio 12 36393
radio 12 36410
radio 12 36924
radio 12 36979
radio 12 37493
radio 12 37527
radio 12 38041
radio 12 38072
radio 12 38586
radio 12 38603
energy 12 39099 7 21969
radio 12 39117
radio 12 39134
radio 12 39648
radio 12 39699
radio 12 40213
radio 12 40230
radio 12 40744
radio 12 40761
radio 12 41275
radio 12 41308
radio 12 41822
radio 12 41839
radio 12 42353
radio 12 42385
radio 12 42899
radio 12 42955
radio 12 43469
radio 12 43542
radio 12 44056
radio 12 44110
radio 12 44624
radio 12 44655
radio 12 45169
radio 12 45186
radio 12 45700
radio 12 45717
radio 12 46231
radio 12 46248
radio 12 46762
radio 12 46794
radio 12 47308
delay 13 0 12 47342 12 47344 0 7 7 0 62 1 0
radio 12 48415
radio 12 48929
radio 12 48946
radio 12 49460
radio 12 49477
radio 12 49991
radio 12 50023
radio 12 50537
radio 12 50554
radio 12 51068
radio 12 51085
radio 12 51599
radio 12 51616
radio 12 52130
radio 12 52184
radio 12 52698
radio 12 52727
radio 12 53241
radio 12 53258
radio 12 53772
radio 12 53789
radio 12 54303
radio 12 54352
radio 12 54866
radio 12 54917
radio 12 55431
radio 12 55448
radio 12 55962
radio 12 55979
radio 12 56493
radio 12 56510
radio 12 57024
radio 12 57072
radio 12 57586
radio 12 57636
radio 12 58150
radio 12 58167
radio 12 58681
radio 12 58698
radio 12 59212
radio 12 59246
radio 12 59760
radio 12 59777
radio 12 60291
radio 12 60367
radio 12 60881
radio 12 60898
radio 12 61412
radio 12 61441
radio 12 61955
radio 12 61972
radio 12 62486
radio 12 62516
radio 12 63030
radio 12 63083
radio 12 63597
radio 12 63614
radio 12 64128
radio 12 64184
radio 12 64698
radio 12 64715
radio 12 65229
radio 12 65246
radio 13 224
radio 13 276
radio 13 790
radio 13 841
radio 13 1355
radio 13 1372
radio 13 1885
radio 13 1914
radio 13 2428
delay 14 19 13 2453 13 2168 16 7 65535 0 58 1 0
radio 13 3527
radio 13 4041
radio 13 4071
radio 13 4585
radio 13 4633
radio 13 5147
radio 13 5202
radio 13 5716
radio 13 5733
radio 13 6247
radio 13 6264
radio 13 6777
radio 13 6794
radio 13 7308
radio 13 7340
radio 13 7854
radio 13 7886
radio 13 8400
radio 13 8417
radio 13 8930
radio 13 8982
radio 13 9496
radio 13 9513
radio 13 10026
radio 13 10043
radio 13 10557
radio 13 10574
radio 13 11088
radio 13 11105
radio 13 11619
radio 13 11636
radio 13 12150
radio 13 12167
radio 13 12681
radio 13 12698
radio 13 13212
radio 13 13229
radio 13 13743
radio 13 13760
radio 13 14274
radio 13 14330
radio 13 14844
radio 13 14877
radio 13 15391
radio 13 15420
radio 13 15934
radio 13 15951
radio 13 16465
radio 13 16482
radio 13 16996
radio 13 17013
radio 13 17527
radio 13 17581
radio 13 18095
radio 13 18130
radio 13 18644
radio 13 18661
radio 13 19175
radio 13 19192
radio 13 19706
radio 13 19723
radio 13 20237
radio 13 20254
radio 13 20768
radio 13 20796
radio 13 21310
radio 13 21343
radio 13 21857
radio 13 21874
radio 13 22388
radio 13 22405
radio 13 22919
delay 15 1 13 22946 13 23344 7 7 65535 0 108 0 0
radio 13 22956
radio 13 23469
radio 13 23624
radio 13 24138
radio 13 24399
radio 13 24913
radio 13 24930
radio 13 25444
radio 13 25478
radio 13 25992
radio 13 26080
radio 13 26594
radio 13 26611
radio 13 27125
radio 13 27159
radio 13 27673
radio 13 27690
radio 13 28204
radio 13 28221
radio 13 28735
radio 13 28752
radio 13 29266
radio 13 29340
radio 13 29854
radio 13 29888
radio 13 30402
radio 13 30419
radio 13 30933
radio 13 30950
radio 13 31464
radio 13 31481
radio 13 31995
radio 13 32050
radio 13 32564
radio 13 32581
radio 13 33095
radio 13 33112
radio 13 33626
radio 13 33643
radio 13 34157
radio 13 34174
radio 13 34688
radio 13 34705
energy 13 35003 7 26923
radio 13 35219
radio 13 35236
radio 13 35750
radio 13 35781
radio 13 36295
radio 13 36349
radio 13 36863
radio 13 36880
radio 13 37394
radio 13 37425
radio 13 37939
radio 13 37956
radio 13 38470
radio 13 38503
radio 13 39017
radio 13 39034
radio 13 39548
radio 13 39598
radio 13 40112
radio 13 40129
radio 13 40643
radio 13 40660
radio 13 41174
radio 13 41207
radio 13 41721
radio 13 41738
radio 13 42252
radio 13 42362
radio 13 42876
radio 13 42893
radio 13 43407
delay 16 5 13 43500 13 43469 13 7 65535 0 173 1 0
radio 13 44569
radio 13 45082
radio 13 45111
radio 13 45625
radio 13 45642
radio 13 46156
radio 13 46208
radio 13 46722
radio 13 46753
radio 13 47267
radio 13 47315
radio 13 47829
radio 13 47917
radio 13 48431
radio 13 48479
radio 13 48993
radio 13 49042
radio 13 49556
radio 13 49573
radio 13 50087
radio 13 50104
radio 13 50618
radio 13 50635
radio 13 51149
radio 13 51166
radio 13 51680
radio 13 51711
radio 13 52225
radio 13 52242
radio 13 52756
radio 13 52773
radio 13 53287
radio 13 53337
radio 13 53851
radio 13 53868
radio 13 54382
radio 13 54399
radio 13 54913
radio 13 54930
radio 13 55444
radio 13 55461
radio 13 55975
radio 13 55992
radio 13 56506
radio 13 56537
radio 13 57051
radio 13 57080
radio 13 57594
radio 13 57683
radio 13 58197
radio 13 58214
radio 13 58728
radio 13 58745
radio 13 59259
radio 13 59314
radio 13 59828
radio 13 59857
radio 13 60371
radio 13 60388
radio 13 60902
radio 13 60919
radio 13 61433
radio 13 61450
radio 13 61964
radio 13 61981
radio 13 62495
radio 13 62512
radio 13 63026
radio 13 63043
radio 13 63557
radio 13 63613
radio 13 64127
delay 17 12 13 64144 13 63727 7 7 65535 0 246 0 0
radio 13 64152
radio 13 64667
radio 13 64719
radio 13 65233
radio 13 65253
radio 14 231
radio 14 279
radio 14 793
radio 14 828
radio 14 1342
radio 14 1359
radio 14 1872
radio 14 1889
radio 14 2403
radio 14 2420
radio 14 2934
radio 14 2951
radio 14 3464
radio 14 3481
radio 14 3994
radio 14 4011
radio 14 4525
radio 14 4577
radio 14 5091
radio 14 5126
radio 14 5640
radio 14 5657
radio 14 6171
radio 14 6188
radio 14 6702
radio 14 6719
radio 14 7233
radio 14 7250
radio 14 7763
radio 14 7780
radio 14 8293
radio 14 8323
radio 14 8837
radio 14 8885
radio 14 9399
radio 14 9416
radio 14 9930
radio 14 9966
radio 14 10480
radio 14 10497
radio 14 11011
radio 14 11028
radio 14 11542
radio 14 11594
radio 14 12108
radio 14 12138
radio 14 12652
radio 14 12687
radio 14 13201
radio 14 13236
radio 14 13750
radio 14 13806
radio 14 14320
radio 14 14355
radio 14 14869
radio 14 14902
radio 14 15416
radio 14 15433
radio 14 15947
radio 14 16017
radio 14 16531
radio 14 16548
radio 14 17062
radio 14 17093
radio 14 17607
radio 14 17656
radio 14 18170
radio 14 18218
radio 14 18732
delay 18 3 14 19097 14 19078 7 7 65535 0 117 1 0
radio 14 20177
radio 14 20691
radio 14 20720
radio 14 21234
radio 14 21251
radio 14 21765
radio 14 21782
radio 14 22296
radio 14 22313
radio 14 22827
radio 14 22858
radio 14 23372
radio 14 23402
radio 14 23916
radio 14 23945
radio 14 24459
radio 14 24489
radio 14 25003
radio 14 25020
radio 14 25534
radio 14 25551
radio 14 26065
radio 14 26094
radio 14 26608
radio 14 26625
radio 14 27139
radio 14 27156
radio 14 27670
radio 14 27687
radio 14 28201
radio 14 28218
radio 14 28732
radio 14 28749
radio 14 29263
radio 14 29294
radio 14 29808
radio 14 29837
radio 14 30351
radio 14 30368
radio 14 30882
radio 14 30899
energy 14 30907 7 31963
radio 14 31413
radio 14 31461
radio 14 31975
radio 14 31992
radio 14 32506
radio 14 32523
radio 14 33037
radio 14 33066
radio 14 33580
radio 14 33632
radio 14 34146
radio 14 34163
radio 14 34677
radio 14 34708
radio 14 35222
radio 14 35239
radio 14 35753
radio 14 35785
radio 14 36299
radio 14 36350
radio 14 36864
radio 14 36897
radio 14 37411
radio 14 37428
radio 14 37942
radio 14 37959
radio 14 38473
radio 14 38509
radio 14 39023
radio 14 39073
radio 14 39587
delay 19 12 14 39607 14 39190 7 7 65535 0 170 0 0
radio 14 39615
radio 14 40130
radio 14 40176
radio 14 40689
radio 14 40771
radio 14 41285
radio 14 41314
radio 14 41828
radio 14 41863
radio 14 42377
radio 14 42432
radio 14 42946
radio 14 42963
radio 14 43477
radio 14 43510
radio 14 44024
radio 14 44041
radio 14 44555
radio 14 44572
radio 14 45086
radio 14 45103
radio 14 45617
radio 14 45634
radio 14 46148
radio 14 46165
radio 14 46679
radio 14 46731
radio 14 47245
radio 14 47262
radio 14 47776
radio 14 47793
radio 14 48307
radio 14 48324
radio 14 48838
radio 14 48874
radio 14 49388
radio 14 49405
radio 14 49919
radio 14 49936
radio 14 50450
radio 14 50506
radio 14 51020
radio 14 51037
radio 14 51551
radio 14 51584
radio 14 52098
radio 14 52126
radio 14 52640
radio 14 52657
radio 14 53171
radio 14 53244
radio 14 53758
radio 14 53775
radio 14 54289
radio 14 54320
radio 14 54834
radio 14 54864
radio 14 55378
radio 14 55428
radio 14 55942
radio 14 55959
radio 14 56473
radio 14 56490
radio 14 57004
radio 14 57021
radio 14 57535
radio 14 57571
radio 14 58085
radio 14 58102
radio 14 58616
radio 14 58633
radio 14 59147
radio 14 59261
radio 14 59775
delay 20 3 14 59853 14 59835 7 7 65535 0 54 1 0
radio 14 60923
radio 14 61437
radio 14 61454
radio 14 61968
radio 14 61998
radio 14 62512
radio 14 62565
radio 14 63079
radio 14 63096
radio 14 63610
radio 14 63627
radio 14 64141
radio 14 64169
radio 14 64683
radio 14 64714
radio 14 65228
radio 14 65245
radio 15 223
radio 15 273
radio 15 787
radio 15 804
radio 15 1317
radio 15 1334
radio 15 1847
radio 15 1882
radio 15 2396
radio 15 2426
radio 15 2940
radio 15 2972
radio 15 3486
radio 15 3518
radio 15 4032
radio 15 4049
radio 15 4562
radio 15 4579
radio 15 5092
radio 15 5125
radio 15 5639
radio 15 5667
radio 15 6181
radio 15 6198
radio 15 6712
radio 15 6729
radio 15 7242
radio 15 7259
radio 15 7772
radio 15 7789
radio 15 8302
radio 15 8352
radio 15 8866
radio 15 8883
radio 15 9396
radio 15 9425
radio 15 9939
radio 15 9956
radio 15 10469
radio 15 10486
radio 15 11000
radio 15 11017
radio 15 11531
radio 15 11562
radio 15 12076
radio 15 12167
radio 15 12681
radio 15 12757
radio 15 13271
radio 15 13379
radio 15 13893
radio 15 13910
radio 15 14424
radio 15 14441
radio 15 14955
delay 21 3 15 14976 15 14958 7 7 65535 0 32 1 0
radio 15 16051
radio 15 16564
radio 15 16581
radio 15 17095
radio 15 17163
radio 15 17677
radio 15 17706
radio 15 18220
radio 15 18237
radio 15 18751
radio 15 18768
radio 15 19282
radio 15 19312
radio 15 19826
radio 15 19858
radio 15 20372
radio 15 20400
radio 15 20914
radio 15 20931
radio 15 21445
radio 15 21462
radio 15 21976
radio 15 22009
radio 15 22523
radio 15 22540
radio 15 23054
radio 15 23082
radio 15 23596
radio 15 23613
radio 15 24127
radio 15 24144
radio 15 24658
radio 15 24711
radio 15 25225
radio 15 25242
radio 15 25756
radio 15 25792
radio 15 26306
radio 15 26323
energy 15 26811 7 36761
radio 15 26837
radio 15 26854
radio 15 27368
radio 15 27402
radio 15 27916
radio 15 27966
radio 15 28480
radio 15 28512
radio 15 29026
radio 15 29043
radio 15 29557
radio 15 29588
radio 15 30102
radio 15 30119
radio 15 30633
radio 15 30683
radio 15 31197
radio 15 31214
radio 15 31728
radio 15 31745
radio 15 32259
radio 15 32276
radio 15 32790
radio 15 32807
radio 15 33321
radio 15 33338
radio 15 33852
radio 15 33869
radio 15 34383
radio 15 34400
radio 15 34914
radio 15 34931
radio 15 35445
delay 22 12 15 35519 15 35102 7 7 65535 0 55 1 0
radio 15 36590
radio 15 37104
radio 15 37121
radio 15 37635
radio 15 37652
radio 15 38166
radio 15 38183
radio 15 38697
radio 15 38714
radio 15 39228
radio 15 39245
radio 15 39759
radio 15 39811
radio 15 40325
radio 15 40342
radio 15 40856
radio 15 40873
radio 15 41387
radio 15 41417
radio 15 41931
radio 15 41959
radio 15 42473
radio 15 42490
radio 15 43004
radio 15 43021
radio 15 43535
radio 15 43584
radio 15 44098
radio 15 44115
radio 15 44629
radio 15 44661
radio 15 45175
radio 15 45192
radio 15 45706
radio 15 45723
radio 15 46237
radio 15 46254
radio 15 46768
radio 15 46799
radio 15 47313
radio 15 47362
radio 15 47876
radio 15 47911
radio 15 48425
radio 15 48442
radio 15 48956
radio 15 48973
radio 15 49487
radio 15 49515
radio 15 50029
radio 15 50046
radio 15 50560
radio 15 50612
radio 15 51126
radio 15 51143
radio 15 51657
radio 15 51674
radio 15 52188
radio 15 52205
radio 15 52719
radio 15 52736
radio 15 53250
radio 15 53267
radio 15 53781
radio 15 53812
radio 15 54326
radio 15 54343
radio 15 54857
radio 15 54929
radio 15 55443
radio 15 55460
radio 15 55974
delay 23 42 15 55992 15 54766 14 7 65535 0 298 0 0
radio 15 56000
radio 15 56515
radio 15 56628
radio 15 57142
radio 15 57205
radio 15 57719
radio 15 57736
radio 15 58250
radio 15 58267
radio 15 58781
radio 15 58798
radio 15 59312
radio 15 59329
radio 15 59843
radio 15 59860
radio 15 60374
radio 15 60407
radio 15 60921
radio 15 60938
radio 15 61452
radio 15 61469
radio 15 61983
radio 15 62000
radio 15 62514
radio 15 62565
radio 15 63079
radio 15 63109
radio 15 63623
radio 15 63640
radio 15 64154
radio 15 64268
radio 15 64782
radio 15 64799
radio 15 65313
radio 15 65330
radio 16 308
radio 16 340
radio 16 854
radio 16 909
radio 16 1423
radio 16 1440
radio 16 1953
radio 16 1989
radio 16 2503
radio 16 2520
radio 16 3034
radio 16 3051
radio 16 3564
radio 16 3581
radio 16 4095
radio 16 4165
radio 16 4679
radio 16 4712
radio 16 5226
radio 16 5243
radio 16 5756
radio 16 5773
radio 16 6286
radio 16 6303
radio 16 6816
radio 16 6850
radio 16 7364
radio 16 7433
radio 16 7947
radio 16 8055
radio 16 8569
radio 16 8637
radio 16 9151
radio 16 9203
radio 16 9717
radio 16 9826
radio 16 10340
radio 16 10357
radio 16 10871
delay 24 12 16 10973 16 10556 7 7 65535 0 166 1 0
radio 16 12048
radio 16 12562
radio 16 12595
radio 16 13109
radio 16 13177
radio 16 13691
radio 16 13708
radio 16 14222
radio 16 14239
radio 16 14753
radio 16 14805
radio 16 15319
radio 16 15336
radio 16 15850
radio 16 15901
radio 16 16415
radio 16 16432
radio 16 16946
radio 16 16963
radio 16 17477
radio 16 17494
radio 16 18008
radio 16 18040
radio 16 18554
radio 16 18587
radio 16 19101
radio 16 19152
radio 16 19666
radio 16 19683
radio 16 20197
radio 16 20229
radio 16 20743
radio 16 20760
radio 16 21274
radio 16 21291
radio 16 21805
radio 16 21822
radio 16 22336
radio 16 22353
energy 16 22715 7 41643
radio 16 22867
radio 16 22884
radio 16 23398
radio 16 23451
radio 16 23965
radio 16 23995
radio 16 24509
radio 16 24526
radio 16 25040
radio 16 25057
radio 16 25571
radio 16 25604
radio 16 26118
radio 16 26135
radio 16 26649
radio 16 26704
radio 16 27218
radio 16 27235
radio 16 27749
radio 16 27766
radio 16 28280
radio 16 28316
radio 16 28830
radio 16 28847
radio 16 29361
radio 16 29378
radio 16 29892
radio 16 29921
radio 16 30435
radio 16 30488
radio 16 31002
delay 25 23 16 31048 16 30640 13 7 65535 0 102 0 0
radio 16 31056
radio 16 31570
radio 16 31643
radio 16 32157
radio 16 32280
radio 16 32794
radio 16 32811
radio 16 33325
radio 16 33342
radio 16 33856
radio 16 33873
radio 16 34387
radio 16 34404
radio 16 34918
radio 16 34935
radio 16 35449
radio 16 35518
radio 16 36032
radio 16 36049
radio 16 36563
radio 16 36580
radio 16 37094
radio 16 37111
radio 16 37625
radio 16 37658
radio 16 38172
radio 16 38189
radio 16 38703
radio 16 38720
radio 16 39234
radio 16 39285
radio 16 39799
radio 16 39833
radio 16 40347
radio 16 40364
radio 16 40878
radio 16 40895
radio 16 41409
radio 16 41485
radio 16 41999
radio 16 42033
radio 16 42547
radio 16 42564
radio 16 43078
radio 16 43112
radio 16 43626
radio 16 43643
radio 16 44157
radio 16 44213
radio 16 44727
radio 16 44744
radio 16 45258
radio 16 45275
radio 16 45789
radio 16 45823
radio 16 46337
radio 16 46369
radio 16 46883
radio 16 46933
radio 16 47447
radio 16 47464
radio 16 47978
radio 16 47995
radio 16 48509
radio 16 48526
radio 16 49040
radio 16 49075
radio 16 49589
radio 16 49606
radio 16 50120
radio 16 50137
radio 16 50651
radio 16 50668
radio 16 51182
radio 16 51199
radio 16 51713
delay 26 12 16 51757 16 51333 7 7 65535 0 65535 0 0
radio 16 51765
radio 16 52280
radio 16 52333
radio 16 52847
radio 16 52950
radio 16 53464
radio 16 53484
radio 16 53997
radio 16 54014
radio 16 54528
radio 16 54545
radio 16 55059
radio 16 55111
radio 16 55625
radio 16 55654
radio 16 56168
radio 16 56185
radio 16 56699
radio 16 56716
radio 16 57230
radio 16 57247
radio 16 57761
radio 16 57789
radio 16 58303
radio 16 58320
radio 16 58834
radio 16 58864
radio 16 59378
radio 16 59426
radio 16 59940
radio 16 59976
radio 16 60490
radio 16 60507
radio 16 61021
radio 16 61038
radio 16 61552
radio 16 61569
radio 16 62083
radio 16 62100
radio 16 62614
radio 16 62670
radio 16 63184
radio 16 63233
radio 16 63747
radio 16 63764
radio 16 64278
radio 16 64295
radio 16 64809
radio 16 64826
radio 16 65340
radio 16 65394
radio 17 372
radio 17 389
radio 17 902
radio 17 931
radio 17 1445
radio 17 1462
radio 17 1976
radio 17 2008
radio 17 2522
radio 17 2539
radio 17 3053
radio 17 3126
radio 17 3640
radio 17 3672
radio 17 4186
radio 17 4203
radio 17 4716
radio 17 4747
radio 17 5261
radio 17 5329
radio 17 5843
radio 17 5871
radio 17 6385
delay 27 0 17 6449 17 6456 0 7 7 0 127 1 0
radio 17 7528
radio 17 8042
radio 17 8071
radio 17 8585
radio 17 8602
radio 17 9116
radio 17 9204
radio 17 9718
radio 17 9826
radio 17 10340
radio 17 10370
radio 17 10884
radio 17 10912
radio 17 11426
radio 17 11443
radio 17 11957
radio 17 12026
radio 17 12540
radio 17 12557
radio 17 13071
radio 17 13088
radio 17 13602
radio 17 13619
radio 17 14133
radio 17 14161
radio 17 14675
radio 17 14692
radio 17 15206
radio 17 15223
radio 17 15737
radio 17 15754
radio 17 16268
radio 17 16321
radio 17 16835
radio 17 16852
radio 17 17366
radio 17 17383
radio 17 17897
radio 17 17945
radio 17 18459
radio 17 18487
energy 17 18619 7 45591
radio 17 19001
radio 17 19049
radio 17 19563
radio 17 19593
radio 17 20107
radio 17 20124
radio 17 20638
radio 17 20655
radio 17 21169
radio 17 21186
radio 17 21700
radio 17 21733
radio 17 22247
radio 17 22298
radio 17 22812
radio 17 22829
radio 17 23343
radio 17 23360
radio 17 23874
radio 17 23891
radio 17 24405
radio 17 24422
radio 17 24936
radio 17 24953
radio 17 25467
radio 17 25484
radio 17 25998
radio 17 26015
radio 17 26529
radio 17 26557
radio 17 27071
delay 28 12 17 27199 17 26782 7 7 65535 0 294 0 0
radio 17 27207
radio 17 27722
radio 17 27789
radio 17 28303
radio 17 28318
radio 17 28832
radio 17 28861
radio 17 29375
radio 17 29430
radio 17 29944
radio 17 29973
radio 17 30487
radio 17 30517
radio 17 31031
radio 17 31048
radio 17 31562
radio 17 31653
radio 17 32167
radio 17 32184
radio 17 32698
radio 17 32729
radio 17 33243
radio 17 33260
radio 17 33774
radio 17 33791
radio 17 34305
radio 17 34356
radio 17 34870
radio 17 34906
radio 17 35420
radio 17 35454
radio 17 35968
radio 17 35985
radio 17 36499
radio 17 36516
radio 17 37030
radio 17 37118
radio 17 37632
radio 17 37662
radio 17 38176
radio 17 38231
radio 17 38745
radio 17 38774
radio 17 39288
radio 17 39305
radio 17 39819
radio 17 39836
radio 17 40350
radio 17 40381
radio 17 40895
radio 17 40927
radio 17 41441
radio 17 41491
radio 17 42005
radio 17 42036
radio 17 42550
radio 17 42567
radio 17 43081
radio 17 43098
radio 17 43612
radio 17 43629
radio 17 44143
radio 17 44160
radio 17 44674
radio 17 44691
radio 17 45205
radio 17 45273
radio 17 45787
radio 17 45815
radio 17 46329
radio 17 46346
radio 17 46860
radio 17 46888
radio 17 47402
delay 29 3 17 47557 17 47540 7 7 65535 0 169 1 0
radio 17 48628
radio 17 49142
radio 17 49159
radio 17 49673
radio 17 49690
radio 17 50204
radio 17 50221
radio 17 50735
radio 17 50765
radio 17 51279
radio 17 51296
