Thread[Thread-1,5,main]tree 35 15 43 14 0 0
radio 7 1200
radio 7 1204
radio 7 1221
radio 7 1734
radio 7 1764
radio 7 2278
radio 7 2313
radio 7 2827
radio 7 2859
radio 7 3373
radio 7 3390
radio 7 3903
radio 7 3957
radio 7 4471
radio 7 4488
radio 7 5002
radio 7 5055
radio 7 5569
radio 7 5586
radio 7 6099
radio 7 6116
radio 7 6629
radio 7 6646
radio 7 7159
radio 7 7210
radio 7 7724
radio 7 7741
radio 7 8254
radio 7 8271
radio 7 8784
radio 7 8801
radio 7 9314
radio 7 9343
radio 7 9857
radio 7 9890
radio 7 10404
radio 7 10480
radio 7 10994
radio 7 11026
radio 7 11540
radio 7 11557
radio 7 12071
delay 111 16 7 12098 12 55517 24 13 65535 0 65535 0 0
radio 7 12108
radio 7 12622
radio 7 12677
radio 7 13191
radio 7 13208
radio 7 13722
radio 7 13739
radio 7 14253
radio 7 14288
radio 7 14802
radio 7 14819
radio 7 15333
radio 7 15406
radio 7 15920
radio 7 15955
radio 7 16469
radio 7 16499
radio 7 17013
radio 7 17062
radio 7 17576
radio 7 17606
radio 7 18120
radio 7 18149
radio 7 18663
radio 7 18680
radio 7 19194
radio 7 19262
radio 7 19776
radio 7 19828
radio 7 20342
radio 7 20411
radio 7 20925
radio 7 20942
radio 7 21456
radio 7 21486
radio 7 22000
radio 7 22017
radio 7 22531
radio 7 22560
radio 7 23074
radio 7 23108
radio 7 23622
radio 7 23673
radio 7 24187
radio 7 24204
radio 7 24718
radio 7 24747
radio 7 25261
radio 7 25290
radio 7 25804
radio 7 25821
radio 7 26335
radio 7 26352
radio 7 26866
radio 7 26883
radio 7 27397
radio 7 27448
radio 7 27962
radio 7 27992
radio 7 28506
radio 7 28523
radio 7 29037
radio 7 29065
radio 7 29579
radio 7 29596
radio 7 30110
radio 7 30166
radio 7 30680
radio 7 30697
radio 7 31211
radio 7 31245
radio 7 31759
radio 7 31794
radio 7 32308
radio 7 32325
radio 7 32839
radio 7 32893
radio 7 33407
radio 7 33424
radio 7 33938
radio 7 33955
radio 7 34469
radio 7 34503
radio 7 35017
radio 7 35034
radio 7 35548
radio 7 35579
radio 7 36093
radio 7 36141
radio 7 36655
radio 7 36672
radio 7 37186
radio 7 37217
radio 7 37731
radio 7 37748
radio 7 38262
radio 7 38295
radio 7 38809
radio 7 38837
radio 7 39351
radio 7 39402
radio 7 39916
radio 7 39933
radio 7 40447
radio 7 40480
radio 7 40994
radio 7 41025
radio 7 41539
radio 7 41568
radio 7 42082
radio 7 42114
radio 7 42628
radio 7 42659
radio 7 43173
radio 7 43203
radio 7 43717
radio 7 43750
radio 7 44264
radio 7 44281
radio 7 44795
radio 7 44909
radio 7 45423
radio 7 45440
radio 7 45954
radio 7 46123
radio 7 46637
radio 7 46730
radio 7 47244
radio 7 47298
radio 7 47812
radio 7 47829
radio 7 48343
radio 7 48360
radio 7 48874
radio 7 48948
radio 7 49462
radio 7 49511
radio 7 50025
radio 7 50042
radio 7 50556
radio 7 50586
radio 7 51100
radio 7 51131
radio 7 51645
radio 7 51662
radio 7 52176
radio 7 52208
radio 7 52722
radio 7 52756
radio 7 53270
radio 7 53302
radio 7 53816
radio 7 53871
radio 7 54385
radio 7 54415
radio 7 54929
radio 7 54960
radio 7 55474
radio 7 55510
radio 7 56024
radio 7 56075
radio 7 56589
radio 7 56620
radio 7 57134
radio 7 57171
radio 7 57685
radio 7 57720
radio 7 58234
radio 7 58282
radio 7 58796
radio 7 58813
radio 7 59327
radio 7 59358
radio 7 59872
radio 7 59903
radio 7 60417
radio 7 60471
radio 7 60985
radio 7 61018
radio 7 61532
radio 7 61549
radio 7 62063
radio 7 62093
radio 7 62607
radio 7 62636
energy 7 62652 7 4389
radio 7 63150
radio 7 63202
radio 7 63716
radio 7 63733
radio 7 64247
radio 7 64264
radio 7 64778
radio 7 64806
radio 7 65320
radio 7 65337
radio 8 315
radio 8 346
radio 8 859
radio 8 876
radio 8 1389
radio 8 1444
radio 8 1958
radio 8 1975
radio 8 2488
radio 8 2505
radio 8 3018
radio 8 3035
radio 8 3548
radio 8 3579
radio 8 4093
radio 8 4110
radio 8 4623
radio 8 4651
radio 8 5165
radio 8 5216
radio 8 5730
radio 8 5759
radio 8 6273
radio 8 6290
radio 8 6803
radio 8 6820
radio 8 7333
radio 8 7365
radio 8 7879
radio 8 7908
radio 8 8422
radio 8 8470
radio 8 8984
radio 8 9001
radio 8 9514
radio 8 9549
radio 8 10063
radio 8 10093
radio 8 10607
radio 8 10624
radio 8 11138
radio 8 11190
radio 8 11704
radio 8 11755
radio 8 12269
radio 8 12299
radio 8 12813
radio 8 12869
radio 8 13383
radio 8 13400
radio 8 13914
radio 8 13931
radio 8 14445
radio 8 14462
radio 8 14976
radio 8 15005
radio 8 15519
radio 8 15536
radio 8 16050
radio 8 16067
radio 8 16581
radio 8 16613
radio 8 17127
radio 8 17178
radio 8 17692
radio 8 17709
radio 8 18223
radio 8 18240
radio 8 18754
radio 8 18771
radio 8 19285
radio 8 19302
radio 8 19816
radio 8 19833
radio 8 20347
radio 8 20377
radio 8 20891
radio 8 20945
radio 8 21459
radio 8 21488
radio 8 22002
radio 8 22034
radio 8 22548
radio 8 22583
radio 8 23097
radio 8 23150
radio 8 23664
radio 8 23698
radio 8 24212
radio 8 24229
radio 8 24743
radio 8 24760
radio 8 25274
radio 8 25291
radio 8 25805
radio 8 25822
radio 8 26336
radio 8 26365
radio 8 26879
radio 8 26929
radio 8 27443
radio 8 27460
radio 8 27974
radio 8 28003
radio 8 28517
radio 8 28548
radio 8 29062
radio 8 29079
radio 8 29593
radio 8 29610
radio 8 30124
radio 8 30175
radio 8 30689
radio 8 30706
radio 8 31220
radio 8 31237
radio 8 31751
radio 8 31780
radio 8 32294
radio 8 32327
radio 8 32841
radio 8 32871
radio 8 33385
radio 8 33420
radio 8 33934
radio 8 33965
radio 8 34479
radio 8 34496
radio 8 35010
radio 8 35042
radio 8 35556
radio 8 35592
radio 8 36106
radio 8 36157
radio 8 36671
radio 8 36688
radio 8 37202
radio 8 37219
radio 8 37733
radio 8 37764
radio 8 38278
radio 8 38295
radio 8 38809
radio 8 38826
radio 8 39340
radio 8 39357
radio 8 39871
radio 8 39947
radio 8 40461
radio 8 40652
radio 8 41166
radio 8 41183
radio 8 41697
radio 8 41728
radio 8 42242
radio 8 42259
radio 8 42773
delay 0 41 8 43007 8 42179 14 13 65535 0 78 1 0
radio 8 44069
radio 8 44583
radio 8 44642
radio 8 45156
radio 8 45211
radio 8 45725
radio 8 45794
radio 8 46308
radio 8 46325
radio 8 46839
radio 8 46856
radio 8 47370
radio 8 47425
radio 8 47939
radio 8 47956
radio 8 48470
radio 8 48525
radio 8 49039
radio 8 49068
radio 8 49582
radio 8 49599
radio 8 50113
radio 8 50130
radio 8 50644
radio 8 50677
radio 8 51191
radio 8 51242
radio 8 51756
radio 8 51786
radio 8 52300
radio 8 52331
radio 8 52845
radio 8 52881
radio 8 53395
radio 8 53412
radio 8 53926
radio 8 53978
radio 8 54492
radio 8 54523
radio 8 55037
radio 8 55054
radio 8 55568
radio 8 55585
radio 8 56099
radio 8 56135
radio 8 56649
radio 8 56699
radio 8 57213
radio 8 57245
radio 8 57759
radio 8 57792
radio 8 58306
radio 8 58339
energy 8 58556 7 8428
radio 8 58853
radio 8 58906
radio 8 59420
radio 8 59437
radio 8 59951
radio 8 59968
radio 8 60482
radio 8 60516
radio 8 61030
radio 8 61047
radio 8 61561
radio 8 61578
radio 8 62092
radio 8 62109
radio 8 62623
radio 8 62640
radio 8 63154
radio 8 63206
radio 8 63720
delay 1 42 8 63760 8 62933 14 13 65535 0 338 0 0
radio 8 63768
radio 8 64283
radio 8 64587
radio 8 65100
radio 8 65132
radio 9 110
radio 9 138
radio 9 651
radio 9 704
radio 9 1217
radio 9 1234
radio 9 1747
radio 9 1764
radio 9 2277
radio 9 2308
radio 9 2822
radio 9 2839
radio 9 3352
radio 9 3384
radio 9 3898
radio 9 3915
radio 9 4428
radio 9 4481
radio 9 4995
radio 9 5025
radio 9 5539
radio 9 5556
radio 9 6069
radio 9 6086
radio 9 6599
radio 9 6629
radio 9 7143
radio 9 7160
radio 9 7673
radio 9 7690
radio 9 8203
radio 9 8220
radio 9 8733
radio 9 8785
radio 9 9299
radio 9 9316
radio 9 9829
radio 9 9846
radio 9 10359
radio 9 10391
radio 9 10905
radio 9 10922
radio 9 11436
radio 9 11453
radio 9 11967
radio 9 11984
radio 9 12498
radio 9 12515
radio 9 13029
radio 9 13078
radio 9 13592
radio 9 13622
radio 9 14136
radio 9 14153
radio 9 14667
radio 9 14684
radio 9 15198
radio 9 15234
radio 9 15748
radio 9 15765
radio 9 16279
radio 9 16334
radio 9 16848
radio 9 16865
radio 9 17379
radio 9 17410
radio 9 17924
radio 9 17955
radio 9 18469
delay 2 43 9 18639 9 17736 7 13 6 0 43 0 0
radio 9 18646
radio 9 19161
radio 9 19499
radio 9 20013
radio 9 20048
radio 9 20562
radio 9 20579
radio 9 21093
radio 9 21110
radio 9 21624
radio 9 21678
radio 9 22192
radio 9 22222
radio 9 22736
radio 9 22768
radio 9 23282
radio 9 23312
radio 9 23826
radio 9 23874
radio 9 24388
radio 9 24420
radio 9 24934
radio 9 24970
radio 9 25484
radio 9 25512
radio 9 26026
radio 9 26083
radio 9 26597
radio 9 26626
radio 9 27140
radio 9 27171
radio 9 27685
radio 9 27715
radio 9 28229
radio 9 28298
radio 9 28812
radio 9 28829
radio 9 29343
radio 9 29360
radio 9 29874
radio 9 29907
radio 9 30421
radio 9 30438
radio 9 30952
radio 9 30969
radio 9 31483
radio 9 31538
radio 9 32052
radio 9 32069
radio 9 32583
radio 9 32600
radio 9 33114
radio 9 33143
radio 9 33657
radio 9 33674
radio 9 34188
radio 9 34205
radio 9 34719
radio 9 34736
radio 9 35250
radio 9 35283
radio 9 35797
radio 9 35865
radio 9 36379
radio 9 36429
radio 9 36943
radio 9 36991
radio 9 37505
radio 9 37553
radio 9 38067
radio 9 38156
radio 9 38670
delay 3 42 9 38823 9 37996 14 13 65535 0 76 1 0
radio 9 40193
radio 9 40707
radio 9 40724
radio 9 41238
radio 9 41288
radio 9 41802
radio 9 41834
radio 9 42348
radio 9 42402
radio 9 42916
radio 9 42969
radio 9 43483
radio 9 43500
radio 9 44014
radio 9 44031
radio 9 44545
radio 9 44562
radio 9 45076
radio 9 45107
radio 9 45621
radio 9 45638
radio 9 46152
radio 9 46169
radio 9 46683
radio 9 46712
radio 9 47226
radio 9 47255
radio 9 47769
radio 9 47786
radio 9 48300
radio 9 48330
radio 9 48844
radio 9 48874
radio 9 49388
radio 9 49421
radio 9 49935
radio 9 49964
radio 9 50478
radio 9 50506
radio 9 51020
radio 9 51052
radio 9 51566
radio 9 51594
radio 9 52108
radio 9 52125
radio 9 52639
radio 9 52674
radio 9 53188
radio 9 53262
radio 9 53776
radio 9 53830
radio 9 54344
radio 9 54399
energy 9 54460 7 13344
radio 9 54913
radio 9 54930
radio 9 55444
radio 9 55480
radio 9 55994
radio 9 56027
radio 9 56541
radio 9 56558
radio 9 57072
radio 9 57125
radio 9 57639
radio 9 57674
radio 9 58188
radio 9 58224
radio 9 58738
radio 9 58755
radio 9 59269
delay 4 36 9 59314 9 58633 7 13 6 0 64 0 0
radio 9 59322
radio 9 59836
radio 9 59909
radio 9 60423
radio 9 60519
radio 9 61032
radio 9 61049
radio 9 61563
radio 9 61593
radio 9 62107
radio 9 62158
radio 9 62672
radio 9 62706
radio 9 63220
radio 9 63237
radio 9 63751
radio 9 63781
radio 9 64295
radio 9 64330
radio 9 64844
radio 9 64872
radio 9 65386
radio 9 65417
radio 10 395
radio 10 427
radio 10 941
radio 10 969
radio 10 1483
radio 10 1500
radio 10 2014
radio 10 2031
radio 10 2545
radio 10 2596
radio 10 3110
radio 10 3127
radio 10 3641
radio 10 3658
radio 10 4172
radio 10 4189
radio 10 4703
radio 10 4720
radio 10 5234
radio 10 5251
radio 10 5765
radio 10 5782
radio 10 6296
radio 10 6330
radio 10 6844
radio 10 6893
radio 10 7407
radio 10 7437
radio 10 7951
radio 10 7981
radio 10 8495
radio 10 8512
radio 10 9026
radio 10 9058
radio 10 9572
radio 10 9623
radio 10 10137
radio 10 10154
radio 10 10668
radio 10 10701
radio 10 11215
radio 10 11245
radio 10 11759
radio 10 11793
radio 10 12307
radio 10 12357
radio 10 12871
radio 10 12902
radio 10 13416
radio 10 13451
radio 10 13965
radio 10 14021
radio 10 14535
delay 5 44 10 15138 10 14246 13 13 65535 0 842 0 0
radio 10 15146
radio 10 15661
radio 10 15676
radio 10 16190
radio 10 16219
radio 10 16733
radio 10 16750
radio 10 17264
radio 10 17281
radio 10 17795
radio 10 17812
radio 10 18326
radio 10 18343
radio 10 18857
radio 10 18890
radio 10 19404
radio 10 19435
radio 10 19949
radio 10 20005
radio 10 20519
radio 10 20548
radio 10 21062
radio 10 21112
radio 10 21626
radio 10 21675
radio 10 22189
radio 10 22217
radio 10 22731
radio 10 22765
radio 10 23279
radio 10 23312
radio 10 23826
radio 10 23843
radio 10 24357
radio 10 24410
radio 10 24924
radio 10 24960
radio 10 25474
radio 10 25491
radio 10 26005
radio 10 26039
radio 10 26553
radio 10 26570
radio 10 27084
radio 10 27156
radio 10 27670
radio 10 27687
radio 10 28201
radio 10 28232
radio 10 28746
radio 10 28763
radio 10 29277
radio 10 29294
radio 10 29808
radio 10 29860
radio 10 30374
radio 10 30391
radio 10 30905
radio 10 30922
radio 10 31436
radio 10 31470
radio 10 31984
radio 10 32180
radio 10 32694
radio 10 32730
radio 10 33244
radio 10 33313
radio 10 33827
radio 10 33844
radio 10 34358
radio 10 34375
radio 10 34889
delay 6 13 10 34929 10 34951 14 13 65535 0 104 1 0
radio 10 36006
radio 10 36520
radio 10 36536
radio 10 37049
radio 10 37100
radio 10 37613
radio 10 37630
radio 10 38144
radio 10 38173
radio 10 38687
radio 10 38704
radio 10 39218
radio 10 39235
radio 10 39749
radio 10 39782
radio 10 40296
radio 10 40348
radio 10 40862
radio 10 40892
radio 10 41406
radio 10 41434
radio 10 41948
radio 10 41981
radio 10 42495
radio 10 42550
radio 10 43064
radio 10 43081
radio 10 43595
radio 10 43628
radio 10 44142
radio 10 44172
radio 10 44686
radio 10 44703
radio 10 45217
radio 10 45266
radio 10 45780
radio 10 45816
radio 10 46330
radio 10 46347
radio 10 46861
radio 10 46892
radio 10 47406
radio 10 47423
radio 10 47937
radio 10 47972
radio 10 48486
radio 10 48515
radio 10 49029
radio 10 49046
radio 10 49560
radio 10 49577
radio 10 50091
radio 10 50122
energy 10 50364 7 17921
radio 10 50636
radio 10 50653
radio 10 51167
radio 10 51198
radio 10 51712
radio 10 51729
radio 10 52243
radio 10 52260
radio 10 52774
radio 10 52846
radio 10 53360
radio 10 53377
radio 10 53891
radio 10 53927
radio 10 54441
radio 10 54497
radio 10 55011
radio 10 55042
radio 10 55556
delay 7 42 10 55703 10 54876 14 13 65535 0 464 0 0
radio 10 55711
radio 10 56225
radio 10 56425
radio 10 56939
radio 10 56962
radio 10 57476
radio 10 57493
radio 10 58007
radio 10 58024
radio 10 58538
radio 10 58594
radio 10 59108
radio 10 59125
radio 10 59639
radio 10 59656
radio 10 60170
radio 10 60187
radio 10 60701
radio 10 60738
radio 10 61252
radio 10 61283
radio 10 61797
radio 10 61846
radio 10 62360
radio 10 62392
radio 10 62906
radio 10 62937
radio 10 63451
radio 10 63483
radio 10 63997
radio 10 64046
radio 10 64560
radio 10 64596
radio 10 65110
radio 10 65127
radio 11 105
radio 11 122
radio 11 635
radio 11 652
radio 11 1165
radio 11 1182
radio 11 1696
radio 11 1727
radio 11 2241
radio 11 2292
radio 11 2806
radio 11 2823
radio 11 3337
radio 11 3369
radio 11 3883
radio 11 3900
radio 11 4414
radio 11 4431
radio 11 4945
radio 11 4974
radio 11 5488
radio 11 5536
radio 11 6050
radio 11 6080
radio 11 6594
radio 11 6623
radio 11 7137
radio 11 7154
radio 11 7668
radio 11 7697
radio 11 8211
radio 11 8259
radio 11 8773
radio 11 8803
radio 11 9317
radio 11 9334
radio 11 9848
radio 11 9879
radio 11 10393
delay 8 41 11 10493 11 9666 14 13 65535 0 186 1 0
radio 11 11563
radio 11 12076
radio 11 12111
radio 11 12625
radio 11 12654
radio 11 13168
radio 11 13185
radio 11 13699
radio 11 13730
radio 11 14244
radio 11 14261
radio 11 14775
radio 11 14804
radio 11 15318
radio 11 15347
radio 11 15861
radio 11 15915
radio 11 16429
radio 11 16446
radio 11 16960
radio 11 16977
radio 11 17491
radio 11 17508
radio 11 18022
radio 11 18039
radio 11 18553
radio 11 18570
radio 11 19084
radio 11 19101
radio 11 19615
radio 11 19648
radio 11 20162
radio 11 20216
radio 11 20730
radio 11 20761
radio 11 21275
radio 11 21292
radio 11 21806
radio 11 21823
radio 11 22337
radio 11 22354
radio 11 22868
radio 11 22898
radio 11 23412
radio 11 23465
radio 11 23979
radio 11 24009
radio 11 24523
radio 11 24540
radio 11 25054
radio 11 25071
radio 11 25585
radio 11 25615
radio 11 26129
radio 11 26159
radio 11 26673
radio 11 26724
radio 11 27238
radio 11 27309
radio 11 27823
radio 11 27871
radio 11 28385
radio 11 28540
radio 11 29054
radio 11 29083
radio 11 29597
radio 11 29614
radio 11 30128
radio 11 30197
radio 11 30711
delay 9 6 11 30731 11 30903 14 13 65535 0 135 0 0
radio 11 30739
radio 11 31254
radio 11 31427
radio 11 31940
radio 11 32049
radio 11 32562
radio 11 32657
radio 11 33171
radio 11 33219
radio 11 33733
radio 11 33848
radio 11 34362
radio 11 34393
radio 11 34907
radio 11 34924
radio 11 35438
radio 11 35467
radio 11 35981
radio 11 36012
radio 11 36526
radio 11 36575
radio 11 37089
radio 11 37106
radio 11 37620
radio 11 37652
radio 11 38166
radio 11 38215
radio 11 38729
radio 11 38777
radio 11 39291
radio 11 39308
radio 11 39822
radio 11 39851
radio 11 40365
radio 11 40401
radio 11 40915
radio 11 40948
radio 11 41462
radio 11 41510
radio 11 42024
radio 11 42041
radio 11 42555
radio 11 42572
radio 11 43086
radio 11 43103
radio 11 43617
radio 11 43648
radio 11 44162
radio 11 44233
radio 11 44747
radio 11 44764
radio 11 45278
radio 11 45295
radio 11 45809
radio 11 45826
energy 11 46268 7 22480
radio 11 46340
radio 11 46357
radio 11 46871
radio 11 46900
radio 11 47414
radio 11 47443
radio 11 47957
radio 11 48011
radio 11 48525
radio 11 48557
radio 11 49071
radio 11 49105
radio 11 49619
radio 11 49636
radio 11 50150
radio 11 50206
radio 11 50720
radio 11 50749
radio 11 51263
delay 10 43 11 51409 11 50508 7 13 6 0 318 0 0
radio 11 51417
radio 11 51932
radio 11 51968
radio 11 52481
radio 11 52523
radio 11 53037
radio 11 53054
radio 11 53568
radio 11 53585
radio 11 54099
radio 11 54130
radio 11 54644
radio 11 54661
radio 11 55175
radio 11 55203
radio 11 55717
radio 11 55765
radio 11 56279
radio 11 56313
radio 11 56827
radio 11 56856
radio 11 57370
radio 11 57399
radio 11 57913
radio 11 57964
radio 11 58478
radio 11 58509
radio 11 59023
radio 11 59055
radio 11 59569
radio 11 59598
radio 11 60112
radio 11 60167
radio 11 60681
radio 11 60711
radio 11 61225
radio 11 61242
radio 11 61756
radio 11 61773
radio 11 62287
radio 11 62322
radio 11 62836
radio 11 62884
radio 11 63398
radio 11 63415
radio 11 63929
radio 11 63958
radio 11 64472
radio 11 64508
radio 11 65022
radio 11 65039
radio 12 17
radio 12 88
radio 12 601
radio 12 635
radio 12 1149
radio 12 1166
radio 12 1680
radio 12 1709
radio 12 2223
radio 12 2240
radio 12 2754
radio 12 2810
radio 12 3324
radio 12 3341
radio 12 3855
radio 12 3884
radio 12 4398
radio 12 4415
radio 12 4929
radio 12 4946
radio 12 5460
radio 12 5490
radio 12 6004
delay 11 0 12 6080 12 6485 0 13 13 1 164 1 0
radio 12 7147
radio 12 7660
radio 12 7693
radio 12 8207
radio 12 8263
radio 12 8777
radio 12 8794
radio 12 9308
radio 12 9339
radio 12 9853
radio 12 9870
radio 12 10384
radio 12 10401
radio 12 10915
radio 12 10932
radio 12 11446
radio 12 11463
radio 12 11977
radio 12 11994
radio 12 12508
radio 12 12562
radio 12 13076
radio 12 13106
radio 12 13620
radio 12 13673
radio 12 14187
radio 12 14237
radio 12 14751
radio 12 14768
radio 12 15282
radio 12 15317
radio 12 15831
radio 12 15861
radio 12 16375
radio 12 16405
radio 12 16919
radio 12 16967
radio 12 17481
radio 12 17513
radio 12 18027
radio 12 18044
radio 12 18558
radio 12 18594
radio 12 19108
radio 12 19125
radio 12 19639
radio 12 19693
radio 12 20207
radio 12 20224
radio 12 20738
radio 12 20755
radio 12 21269
radio 12 21324
radio 12 21838
radio 12 21887
radio 12 22401
radio 12 22418
radio 12 22932
radio 12 22949
radio 12 23463
radio 12 23576
radio 12 24090
radio 12 24158
radio 12 24672
radio 12 24721
radio 12 25235
radio 12 25268
radio 12 25782
radio 12 25799
radio 12 26313
radio 12 26330
radio 12 26844
delay 12 43 12 26859 12 25958 7 13 6 0 187 1 0
radio 12 27940
radio 12 28454
radio 12 28502
radio 12 29016
radio 12 29033
radio 12 29547
radio 12 29575
radio 12 30089
radio 12 30106
radio 12 30620
radio 12 30637
radio 12 31151
radio 12 31180
radio 12 31694
radio 12 31744
radio 12 32258
radio 12 32290
radio 12 32804
radio 12 32833
radio 12 33347
radio 12 33379
radio 12 33893
radio 12 33910
radio 12 34424
radio 12 34478
radio 12 34992
radio 12 35021
radio 12 35535
radio 12 35552
radio 12 36066
radio 12 36083
radio 12 36597
radio 12 36614
radio 12 37128
radio 12 37145
radio 12 37659
radio 12 37676
radio 12 38190
radio 12 38207
radio 12 38721
radio 12 38770
radio 12 39284
radio 12 39315
radio 12 39829
radio 12 39858
radio 12 40372
radio 12 40389
radio 12 40903
radio 12 40935
radio 12 41449
radio 12 41505
radio 12 42019
radio 12 42036
energy 12 42172 7 27546
radio 12 42550
radio 12 42567
radio 12 43081
radio 12 43098
radio 12 43612
radio 12 43629
radio 12 44143
radio 12 44160
radio 12 44674
radio 12 44691
radio 12 45205
radio 12 45222
radio 12 45736
radio 12 45753
radio 12 46267
radio 12 46284
radio 12 46798
radio 12 46851
radio 12 47365
delay 13 43 12 47750 12 46849 7 13 6 0 409 0 0
radio 12 47758
radio 12 48272
radio 12 48499
radio 12 49013
radio 12 49041
radio 12 49555
radio 12 49572
radio 12 50086
radio 12 50103
radio 12 50617
radio 12 50649
radio 12 51163
radio 12 51180
radio 12 51694
radio 12 51711
radio 12 52225
radio 12 52242
radio 12 52756
radio 12 52773
radio 12 53287
radio 12 53304
radio 12 53818
radio 12 53835
radio 12 54349
radio 12 54402
radio 12 54916
radio 12 54933
radio 12 55447
radio 12 55464
radio 12 55978
radio 12 56011
radio 12 56525
radio 12 56542
radio 12 57056
radio 12 57073
radio 12 57587
radio 12 57604
radio 12 58118
radio 12 58135
radio 12 58649
radio 12 58700
radio 12 59214
radio 12 59248
radio 12 59762
radio 12 59779
radio 12 60293
radio 12 60310
radio 12 60824
radio 12 60856
radio 12 61370
radio 12 61426
radio 12 61940
radio 12 61957
radio 12 62471
radio 12 62488
radio 12 63002
radio 12 63019
radio 12 63533
radio 12 63565
radio 12 64079
radio 12 64096
radio 12 64610
radio 12 64627
radio 12 65141
radio 12 65158
radio 13 136
radio 13 187
radio 13 701
radio 13 718
radio 13 1231
radio 13 1248
radio 13 1762
radio 13 1779
radio 13 2293
delay 14 41 13 2339 13 1512 14 13 65535 0 293 1 0
radio 13 3417
radio 13 3931
radio 13 3965
radio 13 4479
radio 13 4496
radio 13 5010
radio 13 5042
radio 13 5556
radio 13 5573
radio 13 6087
radio 13 6104
radio 13 6618
radio 13 6635
radio 13 7149
radio 13 7180
radio 13 7694
radio 13 7743
radio 13 8257
radio 13 8288
radio 13 8802
radio 13 8855
radio 13 9369
radio 13 9418
radio 13 9932
radio 13 9949
radio 13 10463
radio 13 10493
radio 13 11007
radio 13 11024
radio 13 11538
radio 13 11555
radio 13 12069
radio 13 12102
radio 13 12616
radio 13 12668
radio 13 13182
radio 13 13219
radio 13 13733
radio 13 13750
radio 13 14264
radio 13 14296
radio 13 14810
radio 13 14827
radio 13 15341
radio 13 15394
radio 13 15908
radio 13 15925
radio 13 16439
radio 13 16456
radio 13 16970
radio 13 16987
radio 13 17501
radio 13 17555
radio 13 18069
radio 13 18122
radio 13 18636
radio 13 18666
radio 13 19180
radio 13 19229
radio 13 19743
radio 13 19794
radio 13 20308
radio 13 20325
radio 13 20839
radio 13 20856
radio 13 21370
radio 13 21478
radio 13 21992
radio 13 22122
radio 13 22636
delay 15 3 13 22653 13 23030 7 13 6 0 65535 0 0
radio 13 22661
radio 13 23176
radio 13 23831
radio 13 24344
radio 13 24380
radio 13 24894
radio 13 25042
radio 13 25556
radio 13 25626
radio 13 26140
radio 13 26194
radio 13 26708
radio 13 26725
radio 13 27239
radio 13 27256
radio 13 27770
radio 13 27787
radio 13 28301
radio 13 28318
radio 13 28832
radio 13 28849
radio 13 29363
radio 13 29380
radio 13 29894
radio 13 29911
radio 13 30425
radio 13 30455
radio 13 30969
radio 13 31019
radio 13 31533
radio 13 31564
radio 13 32078
radio 13 32127
radio 13 32641
radio 13 32690
radio 13 33204
radio 13 33233
radio 13 33747
radio 13 33778
radio 13 34292
radio 13 34329
radio 13 34843
radio 13 34892
radio 13 35406
radio 13 35437
radio 13 35951
radio 13 35981
radio 13 36495
radio 13 36531
radio 13 37045
radio 13 37095
radio 13 37609
radio 13 37642
energy 13 38076 7 32527
radio 13 38156
radio 13 38185
radio 13 38699
radio 13 38768
radio 13 39282
radio 13 39318
radio 13 39832
radio 13 39849
radio 13 40363
radio 13 40380
radio 13 40894
radio 13 40911
radio 13 41425
radio 13 41499
radio 13 42013
radio 13 42048
radio 13 42562
radio 13 42591
radio 13 43105
delay 16 14 13 43123 13 43037 7 13 6 0 243 0 0
radio 13 43131
radio 13 43646
radio 13 44052
radio 13 44566
radio 13 44583
radio 13 45097
radio 13 45129
radio 13 45643
radio 13 45691
radio 13 46205
radio 13 46238
radio 13 46752
radio 13 46783
radio 13 47297
radio 13 47314
radio 13 47828
radio 13 47845
radio 13 48359
radio 13 48428
radio 13 48942
radio 13 48972
radio 13 49486
radio 13 49516
radio 13 50030
radio 13 50047
radio 13 50561
radio 13 50589
radio 13 51103
radio 13 51172
radio 13 51686
radio 13 51722
radio 13 52236
radio 13 52253
radio 13 52767
radio 13 52838
radio 13 53352
radio 13 53428
radio 13 53942
radio 13 53971
radio 13 54485
radio 13 54521
radio 13 55035
radio 13 55052
radio 13 55566
radio 13 55583
radio 13 56097
radio 13 56131
radio 13 56645
radio 13 56677
radio 13 57191
radio 13 57280
radio 13 57794
radio 13 57811
radio 13 58325
radio 13 58354
radio 13 58868
radio 13 58899
radio 13 59413
radio 13 59447
radio 13 59961
radio 13 59978
radio 13 60492
radio 13 60528
radio 13 61042
radio 13 61059
radio 13 61573
radio 13 61590
radio 13 62104
radio 13 62121
radio 13 62635
radio 13 62686
radio 13 63200
radio 13 63234
radio 13 63748
delay 17 42 13 63823 13 62997 14 13 65535 0 443 0 0
radio 13 63831
radio 13 64346
radio 13 64487
radio 13 65000
radio 13 65020
radio 13 65534
radio 14 15
radio 14 528
radio 14 558
radio 14 1072
radio 14 1102
radio 14 1616
radio 14 1667
radio 14 2181
radio 14 2212
radio 14 2726
radio 14 2762
radio 14 3276
radio 14 3332
radio 14 3846
radio 14 3863
radio 14 4377
radio 14 4394
radio 14 4908
radio 14 4937
radio 14 5451
radio 14 5468
radio 14 5982
radio 14 6011
radio 14 6525
radio 14 6542
radio 14 7056
radio 14 7110
radio 14 7624
radio 14 7641
radio 14 8155
radio 14 8172
radio 14 8686
radio 14 8720
radio 14 9234
radio 14 9270
radio 14 9784
radio 14 9838
radio 14 10352
radio 14 10369
radio 14 10883
radio 14 10900
radio 14 11414
radio 14 11563
radio 14 12077
radio 14 12113
radio 14 12627
radio 14 12677
radio 14 13191
radio 14 13220
radio 14 13734
radio 14 13751
radio 14 14265
radio 14 14282
radio 14 14796
radio 14 14813
radio 14 15327
radio 14 15344
radio 14 15858
radio 14 15947
radio 14 16461
radio 14 16510
radio 14 17024
radio 14 17073
radio 14 17587
radio 14 17604
radio 14 18118
radio 14 18173
radio 14 18687
delay 18 1 14 19022 14 19823 7 13 6 0 413 0 0
radio 14 19029
radio 14 19544
radio 14 19717
radio 14 20230
radio 14 20247
radio 14 20761
radio 14 20851
radio 14 21365
radio 14 21382
radio 14 21896
radio 14 21913
radio 14 22427
radio 14 22455
radio 14 22969
radio 14 23000
radio 14 23514
radio 14 23543
radio 14 24057
radio 14 24107
radio 14 24621
radio 14 24638
radio 14 25152
radio 14 25169
radio 14 25683
radio 14 25718
radio 14 26232
radio 14 26249
radio 14 26763
radio 14 26780
radio 14 27294
radio 14 27348
radio 14 27862
radio 14 27879
radio 14 28393
radio 14 28410
radio 14 28924
radio 14 28941
radio 14 29455
radio 14 29472
radio 14 29986
radio 14 30003
radio 14 30517
radio 14 30534
radio 14 31048
radio 14 31081
radio 14 31595
radio 14 31647
radio 14 32161
radio 14 32190
radio 14 32704
radio 14 32737
radio 14 33251
radio 14 33282
radio 14 33796
radio 14 33851
energy 14 33980 7 36551
radio 14 34365
radio 14 34382
radio 14 34896
radio 14 34913
radio 14 35427
radio 14 35481
radio 14 35995
radio 14 36012
radio 14 36526
radio 14 36577
radio 14 37091
radio 14 37122
radio 14 37636
radio 14 37685
radio 14 38199
radio 14 38216
radio 14 38730
radio 14 38779
radio 14 39293
delay 19 43 14 39503 14 38603 7 13 6 0 541 0 0
radio 14 39511
radio 14 40025
radio 14 40069
radio 14 40582
radio 14 40612
radio 14 41126
radio 14 41161
radio 14 41675
radio 14 41703
radio 14 42217
radio 14 42234
radio 14 42748
radio 14 42765
radio 14 43279
radio 14 43310
radio 14 43824
radio 14 43841
radio 14 44355
radio 14 44384
radio 14 44898
radio 14 44915
radio 14 45429
radio 14 45446
radio 14 45960
radio 14 46011
radio 14 46525
radio 14 46558
radio 14 47072
radio 14 47089
radio 14 47603
radio 14 47636
radio 14 48150
radio 14 48167
radio 14 48681
radio 14 48736
radio 14 49250
radio 14 49327
radio 14 49841
radio 14 49894
radio 14 50408
radio 14 50442
radio 14 50956
radio 14 51006
radio 14 51520
radio 14 51571
radio 14 52085
radio 14 52115
radio 14 52629
radio 14 52662
radio 14 53176
radio 14 53211
radio 14 53725
radio 14 53774
radio 14 54288
radio 14 54323
radio 14 54837
radio 14 54873
radio 14 55387
radio 14 55404
radio 14 55918
radio 14 55972
radio 14 56486
radio 14 56515
radio 14 57029
radio 14 57063
radio 14 57577
radio 14 57608
radio 14 58122
radio 14 58178
radio 14 58692
radio 14 58721
radio 14 59235
delay 20 0 14 59252 14 59658 0 13 13 1 86 1 0
radio 14 60330
radio 14 60844
radio 14 60893
radio 14 61407
radio 14 61439
radio 14 61953
radio 14 61970
radio 14 62484
radio 14 62501
radio 14 63015
radio 14 63032
radio 14 63546
radio 14 63563
radio 14 64077
radio 14 64108
radio 14 64622
radio 14 64639
radio 14 65153
radio 14 65204
radio 15 182
radio 15 237
radio 15 751
radio 15 781
radio 15 1295
radio 15 1345
radio 15 1859
radio 15 1876
radio 15 2390
radio 15 2421
radio 15 2935
radio 15 2965
radio 15 3479
radio 15 3496
radio 15 4010
radio 15 4041
radio 15 4555
radio 15 4584
radio 15 5098
radio 15 5115
radio 15 5629
radio 15 5661
radio 15 6175
radio 15 6230
radio 15 6744
radio 15 6796
radio 15 7310
radio 15 7344
radio 15 7858
radio 15 7875
radio 15 8389
radio 15 8419
radio 15 8933
radio 15 8950
radio 15 9464
radio 15 9481
radio 15 9995
radio 15 10046
radio 15 10560
radio 15 10592
radio 15 11106
radio 15 11155
radio 15 11669
radio 15 11758
radio 15 12272
radio 15 12460
radio 15 12974
radio 15 13249
radio 15 13763
radio 15 13891
radio 15 14405
delay 21 13 15 14453 15 14474 14 13 65535 0 166 0 0
radio 15 14461
radio 15 14976
radio 15 15079
radio 15 15593
radio 15 15666
radio 15 16180
radio 15 16235
radio 15 16749
radio 15 16766
radio 15 17280
radio 15 17316
radio 15 17830
radio 15 17847
radio 15 18361
radio 15 18390
radio 15 18904
radio 15 18959
radio 15 19473
radio 15 19490
radio 15 20004
radio 15 20036
radio 15 20550
radio 15 20567
radio 15 21081
radio 15 21098
radio 15 21612
radio 15 21648
radio 15 22162
radio 15 22212
radio 15 22726
radio 15 22757
radio 15 23271
radio 15 23288
radio 15 23802
radio 15 23819
radio 15 24333
radio 15 24350
radio 15 24864
radio 15 24894
radio 15 25408
radio 15 25463
radio 15 25977
radio 15 26014
radio 15 26528
radio 15 26582
radio 15 27096
radio 15 27149
radio 15 27663
radio 15 27680
radio 15 28194
radio 15 28211
radio 15 28725
radio 15 28755
radio 15 29269
radio 15 29286
radio 15 29800
radio 15 29817
energy 15 29884 7 41371
radio 15 30331
radio 15 30384
radio 15 30898
radio 15 30915
radio 15 31429
radio 15 31460
radio 15 31974
radio 15 31991
radio 15 32505
radio 15 32534
radio 15 33048
radio 15 33065
radio 15 33579
radio 15 33610
radio 15 34124
radio 15 34155
radio 15 34669
delay 22 0 15 34709 15 35115 0 13 13 1 114 1 0
radio 15 35788
radio 15 36302
radio 15 36320
radio 15 36834
radio 15 36851
radio 15 37365
radio 15 37417
radio 15 37931
radio 15 37962
radio 15 38476
radio 15 38507
radio 15 39021
radio 15 39052
radio 15 39566
radio 15 39619
radio 15 40133
radio 15 40150
radio 15 40664
radio 15 40697
radio 15 41211
radio 15 41228
radio 15 41742
radio 15 41759
radio 15 42273
radio 15 42290
radio 15 42804
radio 15 42821
radio 15 43335
radio 15 43388
radio 15 43902
radio 15 43936
radio 15 44450
radio 15 44486
radio 15 45000
radio 15 45017
radio 15 45531
radio 15 45605
radio 15 46119
radio 15 46148
radio 15 46662
radio 15 46679
radio 15 47193
radio 15 47222
radio 15 47736
radio 15 47792
radio 15 48306
radio 15 48336
radio 15 48850
radio 15 48882
radio 15 49396
radio 15 49413
radio 15 49927
radio 15 49958
radio 15 50472
radio 15 50523
radio 15 51037
radio 15 51054
radio 15 51568
radio 15 51585
radio 15 52099
radio 15 52116
radio 15 52630
radio 15 52647
radio 15 53161
radio 15 53178
radio 15 53692
radio 15 53709
radio 15 54223
radio 15 54240
radio 15 54754
radio 15 54783
radio 15 55297
delay 23 42 15 55365 15 54540 14 13 65535 0 72 1 0
radio 15 56431
radio 15 56945
radio 15 56967
radio 15 57480
radio 15 57497
radio 15 58011
radio 15 58028
radio 15 58542
radio 15 58599
radio 15 59113
radio 15 59142
radio 15 59656
radio 15 59688
radio 15 60202
radio 15 60236
radio 15 60750
radio 15 60799
radio 15 61313
radio 15 61330
radio 15 61844
radio 15 61861
radio 15 62375
radio 15 62392
radio 15 62906
radio 15 62935
radio 15 63449
radio 15 63466
radio 15 63980
radio 15 63997
radio 15 64511
radio 15 64540
radio 15 65054
radio 15 65089
radio 16 67
radio 16 84
radio 16 597
radio 16 626
radio 16 1140
radio 16 1157
radio 16 1671
radio 16 1703
radio 16 2217
radio 16 2245
radio 16 2759
radio 16 2814
radio 16 3328
radio 16 3360
radio 16 3874
radio 16 3891
radio 16 4405
radio 16 4438
radio 16 4952
radio 16 4969
radio 16 5483
radio 16 5539
radio 16 6053
radio 16 6070
radio 16 6584
radio 16 6601
radio 16 7115
radio 16 7132
radio 16 7646
radio 16 7679
radio 16 8193
radio 16 8303
radio 16 8817
radio 16 8909
radio 16 9423
radio 16 9440
radio 16 9954
radio 16 9982
radio 16 10496
delay 24 43 16 10511 16 9612 7 13 6 0 176 0 0
radio 16 10519
radio 16 11034
radio 16 11051
radio 16 11565
radio 16 11582
radio 16 12096
radio 16 12165
radio 16 12679
radio 16 12696
radio 16 13210
radio 16 13241
radio 16 13755
radio 16 13772
radio 16 14286
radio 16 14303
radio 16 14817
radio 16 14870
radio 16 15384
radio 16 15418
radio 16 15932
radio 16 15949
radio 16 16463
radio 16 16493
radio 16 17007
radio 16 17024
radio 16 17538
radio 16 17555
radio 16 18069
radio 16 18119
radio 16 18633
radio 16 18650
radio 16 19164
radio 16 19197
radio 16 19711
radio 16 19728
radio 16 20242
radio 16 20259
radio 16 20773
radio 16 20806
radio 16 21320
radio 16 21373
radio 16 21887
radio 16 21904
radio 16 22418
radio 16 22435
radio 16 22949
radio 16 22966
radio 16 23480
radio 16 23497
radio 16 24011
radio 16 24042
radio 16 24556
radio 16 24573
radio 16 25087
radio 16 25104
radio 16 25618
radio 16 25667
energy 16 25788 7 46075
radio 16 26181
radio 16 26198
radio 16 26712
radio 16 26760
radio 16 27274
radio 16 27291
radio 16 27805
radio 16 27841
radio 16 28355
radio 16 28406
radio 16 28920
radio 16 28937
radio 16 29451
radio 16 29468
radio 16 29982
radio 16 29999
radio 16 30513
delay 25 0 16 30532 16 30939 0 13 13 1 34 1 0
radio 16 31604
radio 16 32118
radio 16 32173
radio 16 32687
radio 16 32723
radio 16 33237
radio 16 33254
radio 16 33768
radio 16 33817
radio 16 34331
radio 16 34386
radio 16 34900
radio 16 34917
radio 16 35431
radio 16 35460
radio 16 35974
radio 16 36010
radio 16 36524
radio 16 36573
radio 16 37087
radio 16 37104
radio 16 37618
radio 16 37650
radio 16 38164
radio 16 38181
radio 16 38695
radio 16 38724
radio 16 39238
radio 16 39255
radio 16 39769
radio 16 39786
radio 16 40300
radio 16 40352
radio 16 40866
radio 16 40918
radio 16 41432
radio 16 41466
radio 16 41980
radio 16 42030
radio 16 42544
radio 16 42561
radio 16 43075
radio 16 43092
radio 16 43606
radio 16 43623
radio 16 44137
radio 16 44154
radio 16 44668
radio 16 44764
radio 16 45278
radio 16 45307
radio 16 45821
radio 16 45910
radio 16 46424
radio 16 46458
radio 16 46972
radio 16 47007
radio 16 47521
radio 16 47538
radio 16 48052
radio 16 48081
radio 16 48595
radio 16 48644
radio 16 49158
radio 16 49189
radio 16 49703
radio 16 49720
radio 16 50234
radio 16 50251
radio 16 50765
radio 16 50782
radio 16 51296
delay 26 44 16 51312 16 50430 13 13 65535 0 167 0 0
radio 16 51321
radio 16 51835
radio 16 52502
radio 16 53016
radio 16 53033
radio 16 53547
radio 16 53564
radio 16 54078
radio 16 54108
radio 16 54622
radio 16 54639
radio 16 55153
radio 16 55170
radio 16 55684
radio 16 55701
radio 16 56215
radio 16 56249
radio 16 56763
radio 16 56816
radio 16 57330
radio 16 57347
radio 16 57861
radio 16 57878
radio 16 58392
radio 16 58409
radio 16 58923
radio 16 58957
radio 16 59471
radio 16 59501
radio 16 60015
radio 16 60066
radio 16 60580
radio 16 60612
radio 16 61126
radio 16 61143
radio 16 61657
radio 16 61674
radio 16 62188
radio 16 62217
radio 16 62731
radio 16 62785
radio 16 63299
radio 16 63316
radio 16 63830
radio 16 63847
radio 16 64361
radio 16 64378
radio 16 64892
radio 16 64909
radio 16 65423
radio 16 65440
radio 17 418
radio 17 446
radio 17 960
radio 17 977
radio 17 1490
radio 17 1519
radio 17 2033
radio 17 2082
radio 17 2596
radio 17 2652
radio 17 3166
radio 17 3239
radio 17 3753
radio 17 3902
radio 17 4416
radio 17 4433
radio 17 4947
radio 17 5140
radio 17 5654
radio 17 5703
radio 17 6217
delay 27 42 17 6288 17 5463 14 13 65535 0 143 0 0
radio 17 6296
radio 17 6810
radio 17 6886
radio 17 7399
radio 17 7451
radio 17 7964
radio 17 8012
radio 17 8526
radio 17 8595
radio 17 9109
radio 17 9283
radio 17 9797
radio 17 9850
radio 17 10364
radio 17 10393
radio 17 10907
radio 17 10937
radio 17 11451
radio 17 11485
radio 17 11999
radio 17 12047
radio 17 12561
radio 17 12591
radio 17 13105
radio 17 13122
radio 17 13636
radio 17 13665
radio 17 14179
radio 17 14196
radio 17 14710
radio 17 14727
radio 17 15241
radio 17 15292
radio 17 15806
radio 17 15841
radio 17 16355
radio 17 16372
radio 17 16886
radio 17 16903
radio 17 17417
radio 17 17448
radio 17 17962
radio 17 18011
radio 17 18525
radio 17 18560
radio 17 19074
radio 17 19125
radio 17 19639
radio 17 19714
radio 17 20228
radio 17 20276
radio 17 20790
radio 17 20845
radio 17 21359
radio 17 21376
energy 17 21692 7 51159
radio 17 21890
radio 17 21919
radio 17 22433
radio 17 22450
radio 17 22964
radio 17 22981
radio 17 23495
radio 17 23512
radio 17 24026
radio 17 24043
radio 17 24557
radio 17 24592
radio 17 25106
radio 17 25156
radio 17 25670
radio 17 25699
radio 17 26213
radio 17 26230
radio 17 26744
delay 28 42 17 26786 17 25961 14 13 65535 0 79 0 0
radio 17 26794
radio 17 27308
radio 17 27543
radio 17 28057
radio 17 28079
radio 17 28593
radio 17 28610
radio 17 29124
radio 17 29141
radio 17 29655
radio 17 29672
radio 17 30186
radio 17 30215
radio 17 30729
radio 17 30746
radio 17 31260
radio 17 31289
radio 17 31803
radio 17 31859
radio 17 32373
radio 17 32390
radio 17 32904
radio 17 32938
radio 17 33452
radio 17 33484
radio 17 33998
radio 17 34015
radio 17 34529
radio 17 34586
radio 17 35100
radio 17 35117
radio 17 35631
radio 17 35648
radio 17 36162
radio 17 36179
radio 17 36693
radio 17 36710
radio 17 37224
radio 17 37256
radio 17 37770
radio 17 37787
radio 17 38301
radio 17 38330
radio 17 38844
radio 17 38893
radio 17 39407
radio 17 39437
radio 17 39951
radio 17 39981
radio 17 40495
radio 17 40528
radio 17 41042
radio 17 41059
radio 17 41573
radio 17 41623
radio 17 42137
radio 17 42154
radio 17 42668
radio 17 42685
radio 17 43199
radio 17 43230
radio 17 43744
radio 17 43776
radio 17 44290
radio 17 44339
radio 17 44853
radio 17 44886
radio 17 45400
radio 17 45429
radio 17 45943
radio 17 45972
radio 17 46486
radio 17 46540
radio 17 47054
delay 29 41 17 47069 17 46236 14 13 65535 0 65535 0 0
radio 17 47077
radio 17 47592
radio 17 47696
radio 17 48209
radio 17 48252
radio 17 48765
radio 17 48782
radio 17 49296
radio 17 49332
radio 17 49846
radio 17 49895
radio 17 50409
radio 17 50426
radio 17 50940
radio 17 50969
