Thread[Thread-1,5,main]tree 35 15 43 14 0 0
radio 7 11429
radio 7 11433
radio 7 11467
radio 7 11981
radio 7 12029
radio 7 12543
radio 7 12560
radio 7 13073
radio 7 13103
radio 7 13617
radio 7 13634
radio 7 14148
radio 7 14179
radio 7 14693
radio 7 14710
radio 7 15224
radio 7 15277
radio 7 15791
radio 7 15821
radio 7 16335
radio 7 16352
radio 7 16865
radio 7 16894
radio 7 17408
radio 7 17425
radio 7 17939
radio 7 17956
radio 7 18469
radio 7 18486
radio 7 18999
radio 7 19052
radio 7 19566
radio 7 19620
radio 7 20134
radio 7 20151
radio 7 20665
radio 7 20682
radio 7 21195
radio 7 21212
radio 7 21726
radio 7 21778
radio 7 22292
radio 7 22309
radio 7 22823
radio 7 22857
radio 7 23371
radio 7 23388
radio 7 23901
radio 7 23918
radio 7 24432
radio 7 24462
radio 7 24976
radio 7 25029
radio 7 25543
radio 7 25560
radio 7 26073
radio 7 26090
radio 7 26604
radio 7 26621
radio 7 27135
radio 7 27168
radio 7 27682
radio 7 27710
radio 7 28224
radio 7 28299
radio 7 28813
radio 7 28830
radio 7 29343
radio 7 29360
radio 7 29874
radio 7 29891
radio 7 30405
radio 7 30433
radio 7 30947
radio 7 30964
radio 7 31478
radio 7 31530
radio 7 32044
radio 7 32076
radio 7 32590
radio 7 32623
radio 7 33137
radio 7 33154
radio 7 33668
radio 7 33685
radio 7 34198
radio 7 34250
radio 7 34764
radio 7 34812
radio 7 35326
radio 7 35343
radio 7 35857
radio 7 35891
radio 7 36405
radio 7 36458
radio 7 36972
radio 7 37004
radio 7 37518
radio 7 37535
radio 7 38049
radio 7 38066
radio 7 38579
radio 7 38596
radio 7 39110
radio 7 39127
radio 7 39641
radio 7 39658
radio 7 40172
radio 7 40189
radio 7 40703
radio 7 40754
radio 7 41268
radio 7 41303
radio 7 41817
radio 7 41847
radio 7 42361
radio 7 42378
radio 7 42892
radio 7 42909
radio 7 43423
radio 7 43440
radio 7 43954
radio 7 44022
radio 7 44536
radio 7 44649
radio 7 45163
radio 7 45180
radio 7 45694
radio 7 45748
radio 7 46262
radio 7 46311
radio 7 46825
radio 7 46877
radio 7 47391
radio 7 47408
radio 7 47921
radio 7 47938
radio 7 48452
radio 7 48469
radio 7 48983
radio 7 49054
radio 7 49568
radio 7 49617
radio 7 50131
radio 7 50148
radio 7 50662
radio 7 50717
radio 7 51231
radio 7 51248
radio 7 51762
radio 7 51779
radio 7 52292
radio 7 52326
radio 7 52840
radio 7 52857
radio 7 53371
radio 7 53388
radio 7 53902
radio 7 53919
radio 7 54433
radio 7 54450
radio 7 54964
radio 7 55018
radio 7 55532
radio 7 55549
radio 7 56062
radio 7 56095
radio 7 56609
radio 7 56643
radio 7 57157
radio 7 57174
radio 7 57688
radio 7 57744
radio 7 58258
radio 7 58275
radio 7 58789
radio 7 58806
radio 7 59320
radio 7 59337
radio 7 59850
radio 7 59880
radio 7 60394
radio 7 60427
radio 7 60941
radio 7 60995
radio 7 61509
radio 7 61545
radio 7 62059
radio 7 62076
radio 7 62589
radio 7 62606
radio 7 63119
radio 7 63136
radio 7 63650
radio 7 63684
radio 7 64198
radio 7 64246
radio 7 64760
radio 7 64796
radio 7 65310
radio 7 65342
radio 8 320
radio 8 337
radio 8 850
radio 8 878
radio 8 1391
radio 8 1408
radio 8 1921
radio 8 1938
radio 8 2451
radio 8 2468
radio 8 2981
radio 8 3017
radio 8 3531
radio 8 3548
radio 8 4061
radio 8 4094
radio 8 4608
radio 8 4625
radio 8 5138
radio 8 5155
radio 8 5668
radio 8 5697
radio 8 6211
radio 8 6259
radio 8 6773
radio 8 6790
radio 8 7303
radio 8 7320
energy 8 7345 7 14070
radio 8 7833
radio 8 7850
radio 8 8363
radio 8 8380
radio 8 8893
radio 8 8910
radio 8 9423
radio 8 9440
radio 8 9953
radio 8 9970
radio 8 10483
radio 8 10512
radio 8 11026
radio 8 11075
radio 8 11589
radio 8 11618
radio 8 12132
radio 8 12149
radio 8 12662
radio 8 12679
radio 8 13193
radio 8 13210
radio 8 13723
radio 8 13740
radio 8 14254
radio 8 14285
radio 8 14799
radio 8 14816
radio 8 15330
radio 8 15380
radio 8 15894
radio 8 15928
radio 8 16442
radio 8 16459
radio 8 16973
radio 8 17003
radio 8 17517
radio 8 17534
radio 8 18048
radio 8 18065
radio 8 18579
radio 8 18631
radio 8 19145
radio 8 19180
radio 8 19694
radio 8 19711
radio 8 20225
radio 8 20242
radio 8 20756
radio 8 20773
radio 8 21287
radio 8 21318
radio 8 21832
radio 8 21883
radio 8 22397
radio 8 22414
radio 8 22928
radio 8 22945
radio 8 23459
radio 8 23495
radio 8 24009
radio 8 24045
radio 8 24559
radio 8 24609
radio 8 25123
radio 8 25158
radio 8 25672
radio 8 25689
radio 8 26202
radio 8 26238
radio 8 26752
radio 8 26805
radio 8 27319
radio 8 27336
radio 8 27850
radio 8 27867
radio 8 28380
radio 8 28397
radio 8 28911
radio 8 28928
radio 8 29442
radio 8 29459
radio 8 29973
radio 8 30003
radio 8 30517
radio 8 30534
radio 8 31048
radio 8 31065
radio 8 31579
radio 8 31635
radio 8 32149
radio 8 32177
radio 8 32691
radio 8 32708
radio 8 33222
radio 8 33256
radio 8 33770
radio 8 33787
radio 8 34300
radio 8 34317
radio 8 34831
radio 8 34887
radio 8 35401
radio 8 35418
radio 8 35932
radio 8 35949
radio 8 36463
radio 8 36480
radio 8 36994
radio 8 37011
radio 8 37525
radio 8 37555
radio 8 38069
radio 8 38086
radio 8 38600
radio 8 38617
radio 8 39131
radio 8 39180
radio 8 39694
radio 8 39882
radio 8 40396
radio 8 40424
radio 8 40938
radio 8 40970
radio 8 41484
radio 8 41501
radio 8 42014
delay 0 14 8 42037 8 42904 7 14 7 0 162 0 0
radio 8 42045
radio 8 42559
radio 8 43050
radio 8 43564
radio 8 43623
radio 8 44137
radio 8 44154
radio 8 44667
radio 8 44684
radio 8 45198
radio 8 45228
radio 8 45742
radio 8 45791
radio 8 46305
radio 8 46322
radio 8 46836
radio 8 46870
radio 8 47384
radio 8 47401
radio 8 47915
radio 8 47932
radio 8 48446
radio 8 48463
radio 8 48977
radio 8 49009
radio 8 49523
radio 8 49555
radio 8 50069
radio 8 50086
radio 8 50600
radio 8 50617
radio 8 51131
radio 8 51148
radio 8 51662
radio 8 51698
radio 8 52212
radio 8 52229
radio 8 52743
radio 8 52760
radio 8 53274
radio 8 53291
radio 8 53805
radio 8 53822
radio 8 54336
radio 8 54389
radio 8 54903
radio 8 54920
radio 8 55434
radio 8 55465
radio 8 55979
radio 8 55996
radio 8 56510
radio 8 56542
radio 8 57056
radio 8 57073
radio 8 57586
radio 8 57639
radio 8 58153
radio 8 58170
radio 8 58684
radio 8 58701
radio 8 59215
radio 8 59232
radio 8 59746
radio 8 59774
radio 8 60288
radio 8 60317
radio 8 60831
radio 8 60848
radio 8 61362
radio 8 61415
radio 8 61929
radio 8 61946
radio 8 62460
delay 1 42 8 62502 8 62627 14 14 65535 0 32 1 0
radio 8 63670
radio 8 64183
radio 8 64200
radio 8 64713
radio 8 64730
radio 8 65243
radio 8 65292
radio 9 270
radio 9 287
radio 9 800
radio 9 854
radio 9 1367
radio 9 1401
radio 9 1915
radio 9 1932
radio 9 2445
radio 9 2462
radio 9 2975
radio 9 2992
energy 9 3249 7 18055
radio 9 3505
radio 9 3522
radio 9 4035
radio 9 4052
radio 9 4565
radio 9 4593
radio 9 5107
radio 9 5124
radio 9 5637
radio 9 5654
radio 9 6167
radio 9 6184
radio 9 6697
radio 9 6731
radio 9 7245
radio 9 7275
radio 9 7789
radio 9 7824
radio 9 8338
radio 9 8371
radio 9 8885
radio 9 8916
radio 9 9430
radio 9 9466
radio 9 9980
radio 9 10034
radio 9 10548
radio 9 10565
radio 9 11079
radio 9 11096
radio 9 11610
radio 9 11627
radio 9 12141
radio 9 12158
radio 9 12671
radio 9 12688
radio 9 13201
radio 9 13231
radio 9 13745
radio 9 13774
radio 9 14288
radio 9 14323
radio 9 14837
radio 9 14854
radio 9 15368
radio 9 15385
radio 9 15898
radio 9 15915
radio 9 16429
radio 9 16458
radio 9 16972
radio 9 17003
radio 9 17517
delay 2 24 9 17532 9 17724 7 14 7 0 207 1 0
radio 9 18610
radio 9 19124
radio 9 19141
radio 9 19655
radio 9 19672
radio 9 20185
radio 9 20202
radio 9 20716
radio 9 20733
radio 9 21247
radio 9 21264
radio 9 21777
radio 9 21794
radio 9 22307
radio 9 22324
radio 9 22837
radio 9 22854
radio 9 23367
radio 9 23384
radio 9 23897
radio 9 23928
radio 9 24442
radio 9 24498
radio 9 25012
radio 9 25029
radio 9 25542
radio 9 25572
radio 9 26086
radio 9 26103
radio 9 26617
radio 9 26634
radio 9 27148
radio 9 27179
radio 9 27693
radio 9 27721
radio 9 28235
radio 9 28264
radio 9 28778
radio 9 28795
radio 9 29308
radio 9 29338
radio 9 29852
radio 9 29869
radio 9 30383
radio 9 30400
radio 9 30914
radio 9 30931
radio 9 31445
radio 9 31462
radio 9 31975
radio 9 31992
radio 9 32506
radio 9 32541
radio 9 33055
radio 9 33103
radio 9 33617
radio 9 33645
radio 9 34159
radio 9 34176
radio 9 34690
radio 9 34707
radio 9 35221
radio 9 35238
radio 9 35752
radio 9 35769
radio 9 36282
radio 9 36316
radio 9 36830
radio 9 36878
radio 9 37392
radio 9 37409
radio 9 37923
delay 3 42 9 37944 9 38069 14 14 65535 0 149 1 0
radio 9 39020
radio 9 39534
radio 9 39605
radio 9 40119
radio 9 40136
radio 9 40650
radio 9 40681
radio 9 41195
radio 9 41243
radio 9 41757
radio 9 41806
radio 9 42320
radio 9 42337
radio 9 42850
radio 9 42920
radio 9 43434
radio 9 43484
radio 9 43998
radio 9 44015
radio 9 44528
radio 9 44545
radio 9 45059
radio 9 45076
radio 9 45590
radio 9 45607
radio 9 46120
radio 9 46137
radio 9 46651
radio 9 46668
radio 9 47182
radio 9 47199
radio 9 47712
radio 9 47729
radio 9 48243
radio 9 48275
radio 9 48789
radio 9 48819
radio 9 49333
radio 9 49350
radio 9 49864
radio 9 49881
radio 9 50395
radio 9 50412
radio 9 50926
radio 9 50956
radio 9 51470
radio 9 51499
radio 9 52013
radio 9 52041
radio 9 52555
radio 9 52607
radio 9 53121
radio 9 53138
radio 9 53651
radio 9 53668
radio 9 54182
radio 9 54199
radio 9 54712
radio 9 54729
radio 9 55242
radio 9 55271
radio 9 55785
radio 9 55802
radio 9 56315
radio 9 56332
radio 9 56846
radio 9 56900
radio 9 57414
radio 9 57431
radio 9 57945
radio 9 57979
radio 9 58493
delay 4 5 9 58508 9 59832 13 14 1 0 93 1 0
radio 9 59584
radio 9 60098
radio 9 60115
radio 9 60629
radio 9 60681
radio 9 61195
radio 9 61212
radio 9 61726
radio 9 61743
radio 9 62256
radio 9 62273
radio 9 62787
radio 9 62804
radio 9 63317
radio 9 63334
radio 9 63847
radio 9 63877
radio 9 64391
radio 9 64408
energy 9 64689 7 23283
radio 9 64921
radio 9 64938
radio 9 65451
radio 9 65503
radio 10 481
radio 10 498
radio 10 1011
radio 10 1039
radio 10 1553
radio 10 1570
radio 10 2083
radio 10 2120
radio 10 2634
radio 10 2651
radio 10 3164
radio 10 3215
radio 10 3729
radio 10 3746
radio 10 4259
radio 10 4276
radio 10 4790
radio 10 4807
radio 10 5321
radio 10 5338
radio 10 5851
radio 10 5887
radio 10 6401
radio 10 6418
radio 10 6932
radio 10 6988
radio 10 7502
radio 10 7519
radio 10 8032
radio 10 8049
radio 10 8562
radio 10 8593
radio 10 9107
radio 10 9124
radio 10 9637
radio 10 9654
radio 10 10167
radio 10 10184
radio 10 10698
radio 10 10715
radio 10 11229
radio 10 11246
radio 10 11760
radio 10 11777
radio 10 12291
radio 10 12342
radio 10 12856
radio 10 12885
radio 10 13399
delay 5 3 10 13440 10 14777 7 14 7 0 98 1 0
radio 10 14518
radio 10 15032
radio 10 15064
radio 10 15578
radio 10 15595
radio 10 16109
radio 10 16137
radio 10 16651
radio 10 16668
radio 10 17182
radio 10 17215
radio 10 17729
radio 10 17746
radio 10 18260
radio 10 18277
radio 10 18791
radio 10 18844
radio 10 19358
radio 10 19375
radio 10 19889
radio 10 19906
radio 10 20420
radio 10 20437
radio 10 20951
radio 10 20968
radio 10 21482
radio 10 21517
radio 10 22031
radio 10 22048
radio 10 22562
radio 10 22618
radio 10 23132
radio 10 23162
radio 10 23676
radio 10 23693
radio 10 24207
radio 10 24243
radio 10 24757
radio 10 24790
radio 10 25304
radio 10 25340
radio 10 25854
radio 10 25871
radio 10 26385
radio 10 26420
radio 10 26934
radio 10 26951
radio 10 27465
radio 10 27497
radio 10 28011
radio 10 28028
radio 10 28542
radio 10 28590
radio 10 29104
radio 10 29121
radio 10 29635
radio 10 29652
radio 10 30166
radio 10 30183
radio 10 30697
radio 10 30745
radio 10 31259
radio 10 31276
radio 10 31790
radio 10 31845
radio 10 32359
radio 10 32376
radio 10 32890
radio 10 32907
radio 10 33421
radio 10 33438
radio 10 33952
delay 6 46 10 33974 10 33960 14 14 65535 0 221 1 0
radio 10 35039
radio 10 35553
radio 10 35575
radio 10 36089
radio 10 36104
radio 10 36618
radio 10 36669
radio 10 37183
radio 10 37217
radio 10 37731
radio 10 37748
radio 10 38262
radio 10 38279
radio 10 38793
radio 10 38810
radio 10 39324
radio 10 39341
radio 10 39855
radio 10 39872
radio 10 40386
radio 10 40403
radio 10 40917
radio 10 40988
radio 10 41502
radio 10 41532
radio 10 42046
radio 10 42063
radio 10 42577
radio 10 42594
radio 10 43108
radio 10 43125
radio 10 43639
radio 10 43694
radio 10 44208
radio 10 44225
radio 10 44739
radio 10 44756
radio 10 45270
radio 10 45287
radio 10 45801
radio 10 45818
radio 10 46332
radio 10 46349
radio 10 46863
radio 10 46880
radio 10 47394
radio 10 47411
radio 10 47925
radio 10 47942
radio 10 48456
radio 10 48473
radio 10 48987
radio 10 49038
radio 10 49552
radio 10 49569
radio 10 50083
radio 10 50152
radio 10 50666
radio 10 50714
radio 10 51228
radio 10 51245
radio 10 51759
radio 10 51776
radio 10 52290
radio 10 52307
radio 10 52821
radio 10 52850
radio 10 53364
radio 10 53381
radio 10 53895
radio 10 53925
radio 10 54439
delay 7 42 10 54483 10 54609 14 14 65535 0 197 0 0
radio 10 54491
radio 10 55006
radio 10 55021
radio 10 55534
radio 10 55578
radio 10 56092
radio 10 56107
radio 10 56621
radio 10 56638
radio 10 57152
radio 10 57169
radio 10 57683
radio 10 57700
radio 10 58214
radio 10 58270
radio 10 58784
radio 10 58801
radio 10 59315
radio 10 59332
radio 10 59846
radio 10 59863
radio 10 60377
radio 10 60394
energy 10 60593 7 27606
radio 10 60908
radio 10 60938
radio 10 61452
radio 10 61469
radio 10 61983
radio 10 62000
radio 10 62514
radio 10 62569
radio 10 63083
radio 10 63117
radio 10 63631
radio 10 63648
radio 10 64162
radio 10 64179
radio 10 64693
radio 10 64710
radio 10 65224
radio 10 65241
radio 11 219
radio 11 236
radio 11 749
radio 11 766
radio 11 1279
radio 11 1332
radio 11 1846
radio 11 1863
radio 11 2376
radio 11 2404
radio 11 2918
radio 11 2935
radio 11 3448
radio 11 3465
radio 11 3979
radio 11 3996
radio 11 4510
radio 11 4527
radio 11 5040
radio 11 5070
radio 11 5584
radio 11 5632
radio 11 6146
radio 11 6163
radio 11 6676
radio 11 6693
radio 11 7207
radio 11 7237
radio 11 7751
radio 11 7768
radio 11 8282
radio 11 8311
radio 11 8825
radio 11 8842
radio 11 9355
delay 8 24 11 9370 11 9562 7 14 7 0 268 0 0
radio 11 9378
radio 11 9892
radio 11 9998
radio 11 10511
radio 11 10543
radio 11 11057
radio 11 11074
radio 11 11588
radio 11 11605
radio 11 12119
radio 11 12151
radio 11 12665
radio 11 12682
radio 11 13196
radio 11 13233
radio 11 13747
radio 11 13764
radio 11 14278
radio 11 14335
radio 11 14849
radio 11 14866
radio 11 15380
radio 11 15409
radio 11 15923
radio 11 15940
radio 11 16454
radio 11 16471
radio 11 16985
radio 11 17017
radio 11 17531
radio 11 17585
radio 11 18099
radio 11 18116
radio 11 18630
radio 11 18647
radio 11 19161
radio 11 19178
radio 11 19692
radio 11 19729
radio 11 20243
radio 11 20260
radio 11 20774
radio 11 20791
radio 11 21305
radio 11 21360
radio 11 21874
radio 11 21891
radio 11 22405
radio 11 22422
radio 11 22936
radio 11 22953
radio 11 23467
radio 11 23484
radio 11 23998
radio 11 24028
radio 11 24542
radio 11 24559
radio 11 25073
radio 11 25090
radio 11 25604
radio 11 25659
radio 11 26173
radio 11 26207
radio 11 26721
radio 11 26738
radio 11 27252
radio 11 27326
radio 11 27840
radio 11 27857
radio 11 28371
radio 11 28388
radio 11 28902
radio 11 28934
radio 11 29448
radio 11 29465
radio 11 29979
delay 9 35 11 30177 11 30446 7 14 7 0 455 0 0
radio 11 30185
radio 11 30699
radio 11 30935
radio 11 31449
radio 11 31483
radio 11 31997
radio 11 32014
radio 11 32528
radio 11 32580
radio 11 33094
radio 11 33128
radio 11 33642
radio 11 33659
radio 11 34173
radio 11 34190
radio 11 34704
radio 11 34721
radio 11 35235
radio 11 35252
radio 11 35766
radio 11 35783
radio 11 36297
radio 11 36348
radio 11 36862
radio 11 36879
radio 11 37393
radio 11 37410
radio 11 37924
radio 11 37941
radio 11 38455
radio 11 38472
radio 11 38986
radio 11 39003
radio 11 39517
radio 11 39534
radio 11 40048
radio 11 40065
radio 11 40579
radio 11 40596
radio 11 41110
radio 11 41127
radio 11 41641
radio 11 41658
radio 11 42172
radio 11 42221
radio 11 42735
radio 11 42752
radio 11 43266
radio 11 43340
radio 11 43854
radio 11 43903
radio 11 44417
radio 11 44434
radio 11 44948
radio 11 44965
radio 11 45479
radio 11 45496
radio 11 46010
radio 11 46027
radio 11 46541
radio 11 46558
radio 11 47072
radio 11 47105
radio 11 47619
radio 11 47636
radio 11 48150
radio 11 48204
radio 11 48718
radio 11 48735
radio 11 49249
radio 11 49284
radio 11 49798
radio 11 49815
radio 11 50329
delay 10 15 11 50395 11 51238 16 14 65535 0 139 1 0
radio 11 51471
radio 11 51984
radio 11 52001
radio 11 52515
radio 11 52550
radio 11 53064
radio 11 53081
radio 11 53595
radio 11 53612
radio 11 54126
radio 11 54180
radio 11 54694
radio 11 54711
radio 11 55225
radio 11 55242
radio 11 55756
radio 11 55786
radio 11 56300
radio 11 56317
energy 11 56497 7 31341
radio 11 56831
radio 11 56862
radio 11 57376
radio 11 57432
radio 11 57946
radio 11 57963
radio 11 58477
radio 11 58494
radio 11 59008
radio 11 59025
radio 11 59539
radio 11 59556
radio 11 60070
radio 11 60098
radio 11 60612
radio 11 60629
radio 11 61143
radio 11 61174
radio 11 61688
radio 11 61723
radio 11 62237
radio 11 62265
radio 11 62779
radio 11 62813
radio 11 63327
radio 11 63358
radio 11 63872
radio 11 63889
radio 11 64403
radio 11 64456
radio 11 64970
radio 11 64987
radio 11 65501
radio 11 65518
radio 12 496
radio 12 513
radio 12 1026
radio 12 1043
radio 12 1556
radio 12 1573
radio 12 2086
radio 12 2103
radio 12 2616
radio 12 2649
radio 12 3163
radio 12 3180
radio 12 3694
radio 12 3744
radio 12 4258
radio 12 4275
radio 12 4788
radio 12 4821
radio 12 5335
delay 11 35 12 5376 12 5639 7 14 7 0 65535 0 0
radio 12 5384
radio 12 5898
radio 12 6031
radio 12 6544
radio 12 6561
radio 12 7074
radio 12 7110
radio 12 7624
radio 12 7641
radio 12 8155
radio 12 8184
radio 12 8698
radio 12 8715
radio 12 9229
radio 12 9246
radio 12 9759
radio 12 9776
radio 12 10290
radio 12 10307
radio 12 10821
radio 12 10875
radio 12 11389
radio 12 11406
radio 12 11920
radio 12 11937
radio 12 12451
radio 12 12480
radio 12 12994
radio 12 13023
radio 12 13537
radio 12 13569
radio 12 14083
radio 12 14100
radio 12 14614
radio 12 14631
radio 12 15145
radio 12 15180
radio 12 15694
radio 12 15729
radio 12 16243
radio 12 16260
radio 12 16774
radio 12 16791
radio 12 17305
radio 12 17322
radio 12 17836
radio 12 17853
radio 12 18367
radio 12 18384
radio 12 18898
radio 12 18949
radio 12 19463
radio 12 19497
radio 12 20011
radio 12 20028
radio 12 20542
radio 12 20559
radio 12 21073
radio 12 21090
radio 12 21604
radio 12 21678
radio 12 22192
radio 12 22228
radio 12 22742
radio 12 22759
radio 12 23273
radio 12 23290
radio 12 23804
radio 12 23839
radio 12 24353
radio 12 24421
radio 12 24935
radio 12 24969
radio 12 25483
radio 12 25500
radio 12 26014
delay 12 15 12 26227 12 27070 16 14 65535 0 598 0 0
radio 12 26236
radio 12 26750
radio 12 26766
radio 12 27280
radio 12 27295
radio 12 27808
radio 12 27862
radio 12 28376
radio 12 28393
radio 12 28907
radio 12 28924
radio 12 29438
radio 12 29455
radio 12 29969
radio 12 29986
radio 12 30500
radio 12 30517
radio 12 31031
radio 12 31048
radio 12 31562
radio 12 31579
radio 12 32093
radio 12 32110
radio 12 32624
radio 12 32653
radio 12 33167
radio 12 33196
radio 12 33710
radio 12 33727
radio 12 34241
radio 12 34258
radio 12 34772
radio 12 34804
radio 12 35318
radio 12 35348
radio 12 35862
radio 12 35879
radio 12 36393
radio 12 36426
radio 12 36940
radio 12 36957
radio 12 37471
radio 12 37488
radio 12 38002
radio 12 38019
radio 12 38533
radio 12 38550
radio 12 39064
radio 12 39093
radio 12 39607
radio 12 39624
radio 12 40138
radio 12 40155
radio 12 40669
radio 12 40686
radio 12 41200
radio 12 41217
radio 12 41731
radio 12 41748
radio 12 42262
radio 12 42279
radio 12 42793
radio 12 42822
radio 12 43336
radio 12 43366
radio 12 43880
radio 12 43897
radio 12 44411
radio 12 44428
radio 12 44942
radio 12 44974
radio 12 45488
radio 12 45505
radio 12 46019
delay 13 15 12 46534 12 47376 16 14 65535 0 323 0 0
radio 12 46542
radio 12 47057
radio 12 47149
radio 12 47663
radio 12 47680
radio 12 48194
radio 12 48228
radio 12 48742
radio 12 48759
radio 12 49273
radio 12 49305
radio 12 49819
radio 12 49849
radio 12 50363
radio 12 50380
radio 12 50894
radio 12 50911
radio 12 51425
radio 12 51442
radio 12 51956
radio 12 51973
energy 12 52401 7 34290
radio 12 52487
radio 12 52504
radio 12 53018
radio 12 53035
radio 12 53549
radio 12 53566
radio 12 54080
radio 12 54111
radio 12 54625
radio 12 54642
radio 12 55156
radio 12 55185
radio 12 55699
radio 12 55755
radio 12 56269
radio 12 56303
radio 12 56817
radio 12 56846
radio 12 57360
radio 12 57390
radio 12 57904
radio 12 57956
radio 12 58470
radio 12 58503
radio 12 59017
radio 12 59034
radio 12 59548
radio 12 59565
radio 12 60079
radio 12 60096
radio 12 60610
radio 12 60627
radio 12 61141
radio 12 61158
radio 12 61672
radio 12 61725
radio 12 62239
radio 12 62256
radio 12 62770
radio 12 62821
radio 12 63335
radio 12 63366
radio 12 63880
radio 12 63934
radio 12 64448
radio 12 64465
radio 12 64979
radio 12 65013
radio 12 65527
radio 13 8
radio 13 521
radio 13 556
radio 13 1070
delay 14 10 13 1122 13 2011 9 14 5 0 225 1 0
radio 13 2198
radio 13 2712
radio 13 2747
radio 13 3261
radio 13 3278
radio 13 3791
radio 13 3845
radio 13 4359
radio 13 4376
radio 13 4889
radio 13 4906
radio 13 5419
radio 13 5436
radio 13 5949
radio 13 5978
radio 13 6492
radio 13 6509
radio 13 7023
radio 13 7040
radio 13 7554
radio 13 7587
radio 13 8101
radio 13 8149
radio 13 8663
radio 13 8680
radio 13 9194
radio 13 9211
radio 13 9724
radio 13 9753
radio 13 10267
radio 13 10304
radio 13 10818
radio 13 10835
radio 13 11349
radio 13 11400
radio 13 11914
radio 13 11931
radio 13 12445
radio 13 12473
radio 13 12987
radio 13 13037
radio 13 13551
radio 13 13602
radio 13 14116
radio 13 14133
radio 13 14647
radio 13 14664
radio 13 15178
radio 13 15195
radio 13 15709
radio 13 15726
radio 13 16240
radio 13 16257
radio 13 16771
radio 13 16802
radio 13 17316
radio 13 17333
radio 13 17847
radio 13 17897
radio 13 18411
radio 13 18442
radio 13 18956
radio 13 18992
radio 13 19506
radio 13 19523
radio 13 20037
radio 13 20054
radio 13 20568
radio 13 20585
radio 13 21099
radio 13 21171
radio 13 21685
delay 15 1 13 21705 13 23460 7 14 7 0 224 1 0
radio 13 22772
radio 13 23286
radio 13 23362
radio 13 23876
radio 13 23893
radio 13 24407
radio 13 24461
radio 13 24975
radio 13 25030
radio 13 25544
radio 13 25561
radio 13 26075
radio 13 26092
radio 13 26606
radio 13 26623
radio 13 27137
radio 13 27154
radio 13 27668
radio 13 27685
radio 13 28199
radio 13 28227
radio 13 28741
radio 13 28771
radio 13 29285
radio 13 29313
radio 13 29827
radio 13 29844
radio 13 30358
radio 13 30375
radio 13 30889
radio 13 30906
radio 13 31420
radio 13 31437
radio 13 31951
radio 13 31968
radio 13 32482
radio 13 32499
radio 13 33013
radio 13 33047
radio 13 33561
radio 13 33578
radio 13 34092
radio 13 34109
radio 13 34623
radio 13 34673
radio 13 35187
radio 13 35223
radio 13 35737
radio 13 35788
radio 13 36302
radio 13 36376
radio 13 36890
radio 13 36907
radio 13 37421
radio 13 37438
radio 13 37952
radio 13 37980
radio 13 38494
radio 13 38526
radio 13 39040
radio 13 39068
radio 13 39582
radio 13 39599
radio 13 40113
radio 13 40130
radio 13 40644
radio 13 40679
radio 13 41193
radio 13 41210
radio 13 41724
radio 13 41741
radio 13 42255
delay 16 24 13 42271 13 42463 7 14 7 0 346 0 0
radio 13 42279
radio 13 42793
radio 13 42872
radio 13 43385
radio 13 43427
radio 13 43940
radio 13 43957
radio 13 44471
radio 13 44488
radio 13 45002
radio 13 45019
radio 13 45533
radio 13 45583
radio 13 46097
radio 13 46114
radio 13 46628
radio 13 46697
radio 13 47211
radio 13 47262
radio 13 47776
radio 13 47793
energy 13 48305 7 38963
radio 13 48311
radio 13 48328
radio 13 48841
radio 13 48894
radio 13 49408
radio 13 49460
radio 13 49974
radio 13 50003
radio 13 50517
radio 13 50546
radio 13 51060
radio 13 51088
radio 13 51602
radio 13 51631
radio 13 52145
radio 13 52180
radio 13 52694
radio 13 52711
radio 13 53225
radio 13 53242
radio 13 53756
radio 13 53773
radio 13 54287
radio 13 54317
radio 13 54831
radio 13 54848
radio 13 55362
radio 13 55379
radio 13 55893
radio 13 55924
radio 13 56438
radio 13 56490
radio 13 57004
radio 13 57021
radio 13 57535
radio 13 57552
radio 13 58066
radio 13 58100
radio 13 58614
radio 13 58647
radio 13 59161
radio 13 59216
radio 13 59730
radio 13 59766
radio 13 60280
radio 13 60297
radio 13 60811
radio 13 60845
radio 13 61359
radio 13 61376
radio 13 61890
radio 13 61943
radio 13 62457
delay 17 3 13 62475 13 63813 7 14 7 0 39 1 0
radio 13 63541
radio 13 64055
radio 13 64072
radio 13 64586
radio 13 64603
radio 13 65117
radio 13 65134
radio 14 112
radio 14 148
radio 14 662
radio 14 697
radio 14 1211
radio 14 1244
radio 14 1758
radio 14 1775
radio 14 2289
radio 14 2322
radio 14 2836
radio 14 2869
radio 14 3383
radio 14 3431
radio 14 3945
radio 14 3962
radio 14 4475
radio 14 4492
radio 14 5005
radio 14 5022
radio 14 5536
radio 14 5586
radio 14 6100
radio 14 6156
radio 14 6670
radio 14 6687
radio 14 7201
radio 14 7218
radio 14 7732
radio 14 7766
radio 14 8280
radio 14 8316
radio 14 8830
radio 14 8884
radio 14 9398
radio 14 9415
radio 14 9929
radio 14 9946
radio 14 10459
radio 14 10489
radio 14 11003
radio 14 11020
radio 14 11534
radio 14 11551
radio 14 12065
radio 14 12102
radio 14 12616
radio 14 12633
radio 14 13147
radio 14 13176
radio 14 13690
radio 14 13718
radio 14 14232
radio 14 14264
radio 14 14778
radio 14 14832
radio 14 15346
radio 14 15375
radio 14 15889
radio 14 15957
radio 14 16471
radio 14 16488
radio 14 17002
radio 14 17031
radio 14 17545
delay 18 48 14 17591 14 17587 14 14 65535 0 251 1 0
radio 14 18667
radio 14 19181
radio 14 19206
radio 14 19720
radio 14 19737
radio 14 20251
radio 14 20283
radio 14 20797
radio 14 20833
radio 14 21347
radio 14 21364
radio 14 21878
radio 14 21895
radio 14 22409
radio 14 22517
radio 14 23031
radio 14 23048
radio 14 23562
radio 14 23579
radio 14 24093
radio 14 24110
radio 14 24624
radio 14 24641
radio 14 25155
radio 14 25189
radio 14 25703
radio 14 25733
radio 14 26247
radio 14 26264
radio 14 26778
radio 14 26795
radio 14 27309
radio 14 27326
radio 14 27840
radio 14 27857
radio 14 28371
radio 14 28446
radio 14 28960
radio 14 28977
radio 14 29491
radio 14 29540
radio 14 30054
radio 14 30071
radio 14 30585
radio 14 30618
radio 14 31132
radio 14 31162
radio 14 31676
radio 14 31705
radio 14 32219
radio 14 32268
radio 14 32782
radio 14 32813
radio 14 33327
radio 14 33377
radio 14 33891
radio 14 33945
radio 14 34459
radio 14 34489
radio 14 35003
radio 14 35032
radio 14 35546
radio 14 35563
radio 14 36077
radio 14 36094
radio 14 36608
radio 14 36625
radio 14 37139
radio 14 37194
radio 14 37708
radio 14 37725
radio 14 38239
delay 19 24 14 38335 14 38527 7 14 7 0 489 0 0
radio 14 38343
radio 14 38857
radio 14 38875
radio 14 39389
radio 14 39415
radio 14 39928
radio 14 39957
radio 14 40471
radio 14 40507
radio 14 41021
radio 14 41076
radio 14 41590
radio 14 41607
radio 14 42121
radio 14 42138
radio 14 42652
radio 14 42684
radio 14 43198
radio 14 43215
radio 14 43729
radio 14 43746
energy 14 44209 7 43764
radio 14 44260
radio 14 44277
radio 14 44791
radio 14 44808
radio 14 45322
radio 14 45375
radio 14 45889
radio 14 45906
radio 14 46420
radio 14 46437
radio 14 46951
radio 14 46968
radio 14 47482
radio 14 47518
radio 14 48032
radio 14 48049
radio 14 48563
radio 14 48580
radio 14 49094
radio 14 49150
radio 14 49664
radio 14 49694
radio 14 50208
radio 14 50225
radio 14 50739
radio 14 50770
radio 14 51284
radio 14 51318
radio 14 51832
radio 14 51849
radio 14 52363
radio 14 52380
radio 14 52894
radio 14 52911
radio 14 53425
radio 14 53442
radio 14 53956
radio 14 53992
radio 14 54506
radio 14 54523
radio 14 55037
radio 14 55054
radio 14 55568
radio 14 55604
radio 14 56118
radio 14 56135
radio 14 56649
radio 14 56700
radio 14 57214
radio 14 57231
radio 14 57745
radio 14 57762
radio 14 58276
radio 14 58293
radio 14 58807
delay 20 24 14 58924 14 59116 7 14 7 0 424 0 0
radio 14 58932
radio 14 59446
radio 14 59468
radio 14 59982
radio 14 59999
radio 14 60513
radio 14 60546
radio 14 61060
radio 14 61088
radio 14 61602
radio 14 61619
radio 14 62133
radio 14 62150
radio 14 62664
radio 14 62694
radio 14 63208
radio 14 63225
radio 14 63739
radio 14 63769
radio 14 64283
radio 14 64311
radio 14 64825
radio 14 64878
radio 14 65392
radio 14 65409
radio 15 387
radio 15 404
radio 15 917
radio 15 934
radio 15 1447
radio 15 1464
radio 15 1977
radio 15 1994
radio 15 2507
radio 15 2524
radio 15 3038
radio 15 3055
radio 15 3569
radio 15 3605
radio 15 4119
radio 15 4136
radio 15 4649
radio 15 4666
radio 15 5179
radio 15 5196
radio 15 5709
radio 15 5726
radio 15 6239
radio 15 6270
radio 15 6784
radio 15 6801
radio 15 7314
radio 15 7348
radio 15 7862
radio 15 7879
radio 15 8392
radio 15 8409
radio 15 8923
radio 15 8958
radio 15 9472
radio 15 9489
radio 15 10003
radio 15 10020
radio 15 10534
radio 15 10551
radio 15 11065
radio 15 11082
radio 15 11596
radio 15 11628
radio 15 12142
radio 15 12159
radio 15 12673
radio 15 12766
radio 15 13280
delay 21 10 15 13297 15 14190 9 14 5 0 107 0 0
radio 15 13305
radio 15 13819
radio 15 13834
radio 15 14348
radio 15 14366
radio 15 14880
radio 15 14897
radio 15 15411
radio 15 15428
radio 15 15942
radio 15 15959
radio 15 16473
radio 15 16505
radio 15 17019
radio 15 17068
radio 15 17582
radio 15 17599
radio 15 18113
radio 15 18130
radio 15 18644
radio 15 18677
radio 15 19191
radio 15 19208
radio 15 19722
radio 15 19739
radio 15 20253
radio 15 20307
radio 15 20821
radio 15 20838
radio 15 21352
radio 15 21369
radio 15 21883
radio 15 21900
radio 15 22414
radio 15 22431
radio 15 22945
radio 15 22962
radio 15 23476
radio 15 23511
radio 15 24025
radio 15 24055
radio 15 24569
radio 15 24586
radio 15 25100
radio 15 25130
radio 15 25644
radio 15 25661
radio 15 26175
radio 15 26192
radio 15 26706
radio 15 26723
radio 15 27237
radio 15 27266
radio 15 27780
radio 15 27813
radio 15 28327
radio 15 28344
radio 15 28858
radio 15 28913
radio 15 29427
radio 15 29444
radio 15 29958
radio 15 29993
radio 15 30507
radio 15 30524
radio 15 31038
radio 15 31055
radio 15 31569
radio 15 31586
radio 15 32100
radio 15 32155
radio 15 32669
radio 15 32686
radio 15 33200
radio 15 33217
radio 15 33731
delay 22 36 15 33881 15 34157 7 14 7 0 115 1 0
radio 15 34942
radio 15 35456
radio 15 35485
radio 15 35999
radio 15 36016
radio 15 36530
radio 15 36547
radio 15 37061
radio 15 37078
radio 15 37592
radio 15 37609
radio 15 38123
radio 15 38140
radio 15 38654
radio 15 38671
radio 15 39185
radio 15 39202
radio 15 39716
radio 15 39746
energy 15 40113 7 47057
radio 15 40260
radio 15 40277
radio 15 40791
radio 15 40808
radio 15 41322
radio 15 41339
radio 15 41853
radio 15 41870
radio 15 42384
radio 15 42434
radio 15 42948
radio 15 42982
radio 15 43496
radio 15 43531
radio 15 44045
radio 15 44062
radio 15 44576
radio 15 44630
radio 15 45144
radio 15 45161
radio 15 45675
radio 15 45692
radio 15 46206
radio 15 46223
radio 15 46737
radio 15 46768
radio 15 47282
radio 15 47299
radio 15 47813
radio 15 47830
radio 15 48344
radio 15 48361
radio 15 48875
radio 15 48892
radio 15 49406
radio 15 49461
radio 15 49975
radio 15 50004
radio 15 50518
radio 15 50535
radio 15 51049
radio 15 51066
radio 15 51580
radio 15 51614
radio 15 52128
radio 15 52145
radio 15 52659
radio 15 52716
radio 15 53230
radio 15 53247
radio 15 53761
radio 15 53792
radio 15 54306
delay 23 42 15 54436 15 54566 14 14 65535 0 98 0 0
radio 15 54445
radio 15 54959
radio 15 55229
radio 15 55743
radio 15 55786
radio 15 56300
radio 15 56317
radio 15 56831
radio 15 56848
radio 15 57362
radio 15 57379
radio 15 57893
radio 15 57923
radio 15 58437
radio 15 58473
radio 15 58987
radio 15 59004
radio 15 59518
radio 15 59535
radio 15 60049
radio 15 60083
radio 15 60597
radio 15 60614
radio 15 61128
radio 15 61145
radio 15 61659
radio 15 61676
radio 15 62190
radio 15 62207
radio 15 62721
radio 15 62738
radio 15 63252
radio 15 63307
radio 15 63821
radio 15 63838
radio 15 64352
radio 15 64369
radio 15 64883
radio 15 64916
radio 15 65430
radio 15 65447
radio 16 425
radio 16 442
radio 16 955
radio 16 972
radio 16 1485
radio 16 1537
radio 16 2051
radio 16 2068
radio 16 2581
radio 16 2598
radio 16 3112
radio 16 3129
radio 16 3642
radio 16 3659
radio 16 4173
radio 16 4190
radio 16 4703
radio 16 4738
radio 16 5252
radio 16 5269
radio 16 5782
radio 16 5799
radio 16 6312
radio 16 6364
radio 16 6878
radio 16 6895
radio 16 7409
radio 16 7477
radio 16 7991
radio 16 8045
radio 16 8559
radio 16 8576
radio 16 9089
radio 16 9106
radio 16 9619
delay 24 24 16 9716 16 9908 7 14 7 0 585 0 0
radio 16 9724
radio 16 10238
radio 16 10316
radio 16 10830
radio 16 10847
radio 16 11361
radio 16 11378
radio 16 11892
radio 16 11943
radio 16 12457
radio 16 12474
radio 16 12988
radio 16 13005
radio 16 13519
radio 16 13548
radio 16 14062
radio 16 14079
radio 16 14593
radio 16 14610
radio 16 15124
radio 16 15215
radio 16 15729
radio 16 15765
radio 16 16279
radio 16 16331
radio 16 16845
radio 16 16862
radio 16 17376
radio 16 17407
radio 16 17921
radio 16 17938
radio 16 18452
radio 16 18469
radio 16 18983
radio 16 19000
radio 16 19514
radio 16 19543
radio 16 20057
radio 16 20106
radio 16 20620
radio 16 20637
radio 16 21151
radio 16 21168
radio 16 21682
radio 16 21699
radio 16 22213
radio 16 22244
radio 16 22758
radio 16 22775
radio 16 23289
radio 16 23306
radio 16 23820
radio 16 23837
radio 16 24351
radio 16 24402
radio 16 24916
radio 16 24933
radio 16 25447
radio 16 25481
radio 16 25995
radio 16 26012
radio 16 26526
radio 16 26543
radio 16 27057
radio 16 27074
radio 16 27588
radio 16 27605
radio 16 28119
radio 16 28136
radio 16 28650
radio 16 28702
radio 16 29216
radio 16 29233
radio 16 29747
delay 25 24 16 29765 16 29957 7 14 7 0 63 1 0
radio 16 30844
radio 16 31358
radio 16 31375
radio 16 31889
radio 16 31918
radio 16 32432
radio 16 32464
radio 16 32978
radio 16 33046
radio 16 33560
radio 16 33577
radio 16 34091
radio 16 34159
radio 16 34673
radio 16 34690
radio 16 35204
radio 16 35234
radio 16 35748
radio 16 35765
energy 16 36017 7 50891
radio 16 36279
radio 16 36309
radio 16 36823
radio 16 36840
radio 16 37354
radio 16 37407
radio 16 37921
radio 16 37938
radio 16 38452
radio 16 38481
radio 16 38995
radio 16 39012
radio 16 39526
radio 16 39543
radio 16 40057
radio 16 40086
radio 16 40600
radio 16 40650
radio 16 41164
radio 16 41181
radio 16 41695
radio 16 41712
radio 16 42226
radio 16 42243
radio 16 42757
radio 16 42787
radio 16 43301
radio 16 43318
radio 16 43832
radio 16 43849
radio 16 44363
radio 16 44380
radio 16 44894
radio 16 44922
radio 16 45436
radio 16 45453
radio 16 45967
radio 16 45984
radio 16 46498
radio 16 46515
radio 16 47029
radio 16 47046
radio 16 47560
radio 16 47577
radio 16 48091
radio 16 48108
radio 16 48622
radio 16 48639
radio 16 49153
radio 16 49170
radio 16 49684
radio 16 49701
radio 16 50215
delay 26 44 16 50231 16 50304 13 14 1 0 41 0 0
radio 16 50239
radio 16 50753
radio 16 51240
radio 16 51754
radio 16 51802
radio 16 52316
radio 16 52357
radio 16 52871
radio 16 52921
radio 16 53435
radio 16 53452
radio 16 53966
radio 16 53983
radio 16 54497
radio 16 54526
radio 16 55040
radio 16 55057
radio 16 55571
radio 16 55588
radio 16 56102
radio 16 56119
radio 16 56633
radio 16 56664
radio 16 57178
radio 16 57195
radio 16 57709
radio 16 57726
radio 16 58240
radio 16 58291
radio 16 58805
radio 16 58822
radio 16 59336
radio 16 59353
radio 16 59867
radio 16 59900
radio 16 60414
radio 16 60467
radio 16 60981
radio 16 60998
radio 16 61512
radio 16 61529
radio 16 62043
radio 16 62060
radio 16 62574
radio 16 62591
radio 16 63105
radio 16 63122
radio 16 63636
radio 16 63667
radio 16 64181
radio 16 64198
radio 16 64712
radio 16 64729
radio 16 65243
radio 16 65297
radio 17 275
radio 17 292
radio 17 805
radio 17 822
radio 17 1335
radio 17 1352
radio 17 1866
radio 17 1883
radio 17 2396
radio 17 2413
radio 17 2926
radio 17 2978
radio 17 3492
radio 17 3509
radio 17 4022
radio 17 4039
radio 17 4552
radio 17 4588
radio 17 5102
delay 27 36 17 5124 17 5401 7 14 7 0 89 1 0
radio 17 6202
radio 17 6716
radio 17 6733
radio 17 7247
radio 17 7322
radio 17 7836
radio 17 7853
radio 17 8366
radio 17 8458
radio 17 8972
radio 17 9000
radio 17 9514
radio 17 9548
radio 17 10062
radio 17 10079
radio 17 10593
radio 17 10610
radio 17 11124
radio 17 11157
radio 17 11671
radio 17 11688
radio 17 12202
radio 17 12231
radio 17 12745
radio 17 12780
radio 17 13294
radio 17 13311
radio 17 13825
radio 17 13842
radio 17 14356
radio 17 14384
radio 17 14898
radio 17 14915
radio 17 15429
radio 17 15446
radio 17 15960
radio 17 16012
radio 17 16526
radio 17 16579
radio 17 17093
radio 17 17125
radio 17 17639
radio 17 17694
radio 17 18208
radio 17 18238
radio 17 18752
radio 17 18769
radio 17 19283
radio 17 19300
radio 17 19814
radio 17 19831
radio 17 20345
radio 17 20378
radio 17 20892
radio 17 20943
radio 17 21457
radio 17 21474
radio 17 21988
radio 17 22005
radio 17 22519
radio 17 22548
radio 17 23062
radio 17 23079
radio 17 23593
radio 17 23610
radio 17 24124
radio 17 24153
radio 17 24667
radio 17 24717
radio 17 25231
radio 17 25248
radio 17 25762
delay 28 42 17 25830 17 25961 14 14 65535 0 79 1 0
radio 17 26894
radio 17 27408
radio 17 27442
radio 17 27956
radio 17 27973
radio 17 28487
radio 17 28515
radio 17 29029
radio 17 29046
radio 17 29560
radio 17 29592
radio 17 30106
radio 17 30135
radio 17 30649
radio 17 30666
radio 17 31180
radio 17 31197
radio 17 31711
radio 17 31739
energy 17 31921 7 55718
radio 17 32253
radio 17 32270
radio 17 32784
radio 17 32818
radio 17 33332
radio 17 33349
radio 17 33863
radio 17 33880
radio 17 34394
radio 17 34424
radio 17 34938
radio 17 34993
radio 17 35507
radio 17 35524
radio 17 36038
radio 17 36073
radio 17 36587
radio 17 36604
radio 17 37118
radio 17 37147
radio 17 37661
radio 17 37678
radio 17 38192
radio 17 38244
radio 17 38758
radio 17 38775
radio 17 39289
radio 17 39317
radio 17 39831
radio 17 39848
radio 17 40362
radio 17 40379
radio 17 40893
radio 17 40910
radio 17 41424
radio 17 41441
radio 17 41955
radio 17 41972
radio 17 42486
radio 17 42503
radio 17 43017
radio 17 43068
radio 17 43582
radio 17 43599
radio 17 44113
radio 17 44130
radio 17 44644
radio 17 44661
radio 17 45175
radio 17 45192
radio 17 45706
radio 17 45723
radio 17 46237
delay 29 24 17 46785 17 46977 7 14 7 0 417 0 0
radio 17 46793
radio 17 47308
radio 17 47324
radio 17 47838
radio 17 47889
radio 17 48403
radio 17 48420
radio 17 48934
radio 17 48951
radio 17 49465
radio 17 49494
radio 17 50008
radio 17 50025
