Thread[Thread-1,5,main]tree 10 8 0 14 1 1
radio 6 60602
radio 6 60606
radio 6 60637
radio 6 61151
radio 6 61180
radio 6 61694
radio 6 61726
radio 6 62240
radio 6 62257
radio 6 62771
radio 6 62801
radio 6 63315
radio 6 63332
radio 6 63846
radio 6 63876
radio 6 64390
radio 6 64463
radio 6 64977
radio 6 64994
radio 6 65508
radio 7 20
radio 7 533
radio 7 587
radio 7 1100
radio 7 1117
radio 7 1630
radio 7 1661
radio 7 2175
radio 7 2192
radio 7 2705
radio 7 2722
radio 7 3235
radio 7 3268
radio 7 3782
radio 7 3838
radio 7 4352
radio 7 4369
radio 7 4882
radio 7 4911
radio 7 5425
radio 7 5477
radio 7 5991
radio 7 6040
radio 7 6554
radio 7 6571
radio 7 7084
radio 7 7116
radio 7 7630
radio 7 7681
radio 7 8195
radio 7 8243
radio 7 8757
radio 7 8788
radio 7 9302
radio 7 9398
radio 7 9912
radio 7 9929
radio 7 10442
radio 7 10459
radio 7 10973
radio 7 10990
radio 7 11504
radio 7 11553
radio 7 12067
radio 7 12122
radio 7 12636
radio 7 12749
radio 7 13263
radio 7 13280
radio 7 13794
radio 7 13811
radio 7 14325
radio 7 14342
radio 7 14856
radio 7 14873
radio 7 15387
radio 7 15404
radio 7 15918
radio 7 15935
radio 7 16449
radio 7 16484
radio 7 16998
radio 7 17050
radio 7 17564
radio 7 17600
radio 7 18114
radio 7 18148
radio 7 18662
radio 7 18679
radio 7 19193
radio 7 19263
radio 7 19777
radio 7 19794
radio 7 20308
radio 7 20361
radio 7 20875
radio 7 20930
radio 7 21444
radio 7 21475
radio 7 21989
radio 7 22043
radio 7 22557
radio 7 22608
radio 7 23122
radio 7 23155
radio 7 23669
radio 7 23721
radio 7 24235
radio 7 24285
radio 7 24799
radio 7 24816
radio 7 25330
radio 7 25363
radio 7 25877
radio 7 25910
radio 7 26424
radio 7 26441
radio 7 26955
radio 7 26972
radio 7 27486
radio 7 27536
radio 7 28050
radio 7 28082
radio 7 28596
radio 7 28644
radio 7 29158
radio 7 29207
radio 7 29721
radio 7 29738
radio 7 30252
radio 7 30288
radio 7 30802
radio 7 30854
radio 7 31368
radio 7 31416
radio 7 31930
radio 7 31947
radio 7 32461
radio 7 32489
radio 7 33003
radio 7 33020
radio 7 33534
radio 7 33564
radio 7 34078
radio 7 34107
radio 7 34621
radio 7 34669
radio 7 35183
radio 7 35217
radio 7 35731
radio 7 35748
radio 7 36262
radio 7 36336
radio 7 36850
radio 7 36867
radio 7 37381
radio 7 37409
radio 7 37923
radio 7 37940
radio 7 38454
radio 7 38508
radio 7 39022
radio 7 39071
radio 7 39585
radio 7 39620
radio 7 40134
radio 7 40182
radio 7 40696
radio 7 40749
radio 7 41263
radio 7 41297
radio 7 41811
radio 7 41828
radio 7 42342
radio 7 42393
radio 7 42907
radio 7 42955
radio 7 43469
radio 7 43486
radio 7 44000
radio 7 44036
radio 7 44550
radio 7 44567
radio 7 45081
radio 7 45175
radio 7 45689
radio 7 45800
radio 7 46314
radio 7 46566
radio 7 47080
radio 7 47110
radio 7 47624
radio 7 47674
radio 7 48188
radio 7 48403
radio 7 48917
radio 7 48934
radio 7 49447
radio 7 49515
radio 7 50029
radio 7 50081
radio 7 50595
radio 7 50612
radio 7 51126
radio 7 51158
radio 7 51672
radio 7 51723
radio 7 52237
radio 7 52287
radio 7 52801
radio 7 52818
radio 7 53332
radio 7 53349
radio 7 53863
radio 7 53893
radio 7 54407
radio 7 54424
radio 7 54938
radio 7 54974
radio 7 55488
radio 7 55521
radio 7 56035
radio 7 56063
energy 7 56518 6 64383
radio 7 56577
radio 7 56594
radio 7 57108
radio 7 57137
radio 7 57651
radio 7 57684
radio 7 58198
radio 7 58253
radio 7 58767
radio 7 58784
radio 7 59298
radio 7 59315
radio 7 59828
radio 7 59857
radio 7 60371
radio 7 60408
radio 7 60922
radio 7 60939
radio 7 61453
radio 7 61501
radio 7 62015
radio 7 62050
radio 7 62564
radio 7 62581
radio 7 63094
radio 7 63111
radio 7 63625
radio 7 63642
radio 7 64156
radio 7 64173
radio 7 64687
radio 7 64704
radio 7 65218
radio 7 65252
radio 8 230
radio 8 260
radio 8 773
radio 8 807
radio 8 1320
radio 8 1337
radio 8 1850
radio 8 1879
radio 8 2393
radio 8 2444
radio 8 2958
radio 8 2975
radio 8 3488
radio 8 3524
radio 8 4038
radio 8 4055
radio 8 4568
radio 8 4585
radio 8 5098
radio 8 5128
radio 8 5642
radio 8 5659
radio 8 6172
radio 8 6189
radio 8 6702
radio 8 6734
radio 8 7248
radio 8 7299
radio 8 7813
radio 8 7830
radio 8 8343
radio 8 8360
radio 8 8873
radio 8 8924
radio 8 9438
radio 8 9455
radio 8 9968
radio 8 9985
radio 8 10498
radio 8 10550
radio 8 11064
radio 8 11081
radio 8 11594
radio 8 11650
radio 8 12164
radio 8 12181
radio 8 12695
radio 8 12744
radio 8 13258
radio 8 13287
radio 8 13801
radio 8 13818
radio 8 14331
radio 8 14348
radio 8 14862
radio 8 14879
radio 8 15393
radio 8 15424
radio 8 15938
radio 8 15969
radio 8 16483
radio 8 16532
radio 8 17046
radio 8 17081
radio 8 17595
radio 8 17630
radio 8 18144
radio 8 18174
radio 8 18688
radio 8 18716
radio 8 19230
radio 8 19247
radio 8 19761
radio 8 19778
radio 8 20292
radio 8 20324
radio 8 20838
radio 8 20887
radio 8 21401
radio 8 21452
radio 8 21966
radio 8 21983
radio 8 22497
radio 8 22514
radio 8 23028
radio 8 23062
radio 8 23576
radio 8 23593
radio 8 24107
radio 8 24138
radio 8 24652
radio 8 24706
radio 8 25220
radio 8 25237
radio 8 25751
radio 8 25768
radio 8 26282
radio 8 26315
radio 8 26829
radio 8 26861
radio 8 27375
radio 8 27392
radio 8 27906
radio 8 27956
radio 8 28470
radio 8 28506
radio 8 29020
radio 8 29037
radio 8 29551
radio 8 29600
radio 8 30114
radio 8 30148
radio 8 30662
radio 8 30679
radio 8 31193
radio 8 31210
radio 8 31724
radio 8 31741
radio 8 32255
radio 8 32272
radio 8 32786
radio 8 32803
radio 8 33317
radio 8 33334
radio 8 33848
radio 8 33879
radio 8 34393
radio 8 34410
radio 8 34923
radio 8 34940
radio 8 35454
radio 8 35506
radio 8 36020
radio 8 36037
radio 8 36551
radio 8 36568
radio 8 37082
radio 8 37099
radio 8 37613
radio 8 37630
radio 8 38144
radio 8 38161
radio 8 38675
radio 8 38692
radio 8 39206
radio 8 39241
radio 8 39755
radio 8 39804
radio 8 40318
radio 8 40354
radio 8 40868
radio 8 41078
radio 8 41592
radio 8 41680
radio 8 42194
radio 8 42211
radio 8 42724
radio 8 42741
radio 8 43255
delay 0 34 8 43355 8 42539 12 7 65535 0 18 1 1
radio 8 44428
radio 8 44942
radio 8 44974
radio 8 45488
radio 8 45505
radio 8 46019
radio 8 46036
radio 8 46550
radio 8 46567
radio 8 47081
radio 8 47136
radio 8 47650
radio 8 47682
radio 8 48196
radio 8 48213
radio 8 48727
radio 8 48744
radio 8 49258
radio 8 49308
radio 8 49822
radio 8 49872
radio 8 50386
radio 8 50403
radio 8 50917
radio 8 50934
radio 8 51448
radio 8 51465
radio 8 51978
radio 8 52028
energy 8 52422 7 2608
radio 8 52542
radio 8 52618
radio 8 53132
radio 8 53187
radio 8 53701
radio 8 53750
radio 8 54264
radio 8 54281
radio 8 54794
radio 8 54811
radio 8 55325
radio 8 55342
radio 8 55856
radio 8 55891
radio 8 56405
radio 8 56422
radio 8 56936
radio 8 56966
radio 8 57480
radio 8 57528
radio 8 58042
radio 8 58077
radio 8 58591
radio 8 58608
radio 8 59122
radio 8 59139
radio 8 59652
radio 8 59685
radio 8 60199
radio 8 60250
radio 8 60764
radio 8 60781
radio 8 61295
radio 8 61328
radio 8 61842
radio 8 61874
radio 8 62388
radio 8 62405
radio 8 62919
radio 8 62936
radio 8 63450
delay 1 0 8 63503 8 63715 0 7 7 0 50 1 1
radio 8 64563
radio 8 65076
radio 8 65095
radio 9 72
radio 9 124
radio 9 637
radio 9 654
radio 9 1167
radio 9 1218
radio 9 1732
radio 9 1763
radio 9 2277
radio 9 2325
radio 9 2839
radio 9 2889
radio 9 3403
radio 9 3434
radio 9 3948
radio 9 3981
radio 9 4495
radio 9 4543
radio 9 5057
radio 9 5085
radio 9 5599
radio 9 5630
radio 9 6144
radio 9 6161
radio 9 6674
radio 9 6691
radio 9 7204
radio 9 7221
radio 9 7734
radio 9 7751
radio 9 8264
radio 9 8297
radio 9 8811
radio 9 8828
radio 9 9341
radio 9 9415
radio 9 9929
radio 9 9957
radio 9 10471
radio 9 10503
radio 9 11017
radio 9 11073
radio 9 11587
radio 9 11618
radio 9 12132
radio 9 12149
radio 9 12663
radio 9 12680
radio 9 13194
radio 9 13211
radio 9 13725
radio 9 13742
radio 9 14256
radio 9 14288
radio 9 14802
radio 9 14850
radio 9 15364
radio 9 15381
radio 9 15895
radio 9 15928
radio 9 16442
radio 9 16472
radio 9 16986
radio 9 17003
radio 9 17517
radio 9 17568
radio 9 18082
radio 9 18112
radio 9 18626
delay 2 48 9 18642 9 17488 14 7 65535 0 58 1 1
radio 9 19719
radio 9 20232
radio 9 20262
radio 9 20776
radio 9 20827
radio 9 21341
radio 9 21375
radio 9 21889
radio 9 21906
radio 9 22420
radio 9 22449
radio 9 22963
radio 9 22980
radio 9 23494
radio 9 23511
radio 9 24024
radio 9 24077
radio 9 24591
radio 9 24626
radio 9 25140
radio 9 25157
radio 9 25671
radio 9 25702
radio 9 26216
radio 9 26233
radio 9 26747
radio 9 26799
radio 9 27313
radio 9 27346
radio 9 27860
radio 9 27916
radio 9 28430
radio 9 28482
radio 9 28996
radio 9 29013
radio 9 29526
radio 9 29543
radio 9 30057
radio 9 30088
radio 9 30602
radio 9 30619
radio 9 31133
radio 9 31150
radio 9 31664
radio 9 31681
radio 9 32194
radio 9 32211
radio 9 32724
radio 9 32775
radio 9 33289
radio 9 33306
radio 9 33820
radio 9 33854
radio 9 34368
radio 9 34416
radio 9 34930
radio 9 34983
radio 9 35497
radio 9 35514
radio 9 36027
radio 9 36044
radio 9 36558
radio 9 36629
radio 9 37143
radio 9 37211
radio 9 37725
radio 9 37754
radio 9 38268
radio 9 38285
radio 9 38798
radio 9 38815
radio 9 39329
delay 3 19 9 39344 9 39265 16 7 65535 0 291 0 1
radio 9 40404
radio 9 40918
radio 9 40987
radio 9 41501
radio 9 41609
radio 9 42123
radio 9 42214
radio 9 42728
radio 9 42777
radio 9 43291
radio 9 43364
radio 9 43878
radio 9 43895
radio 9 44409
radio 9 44426
radio 9 44939
radio 9 44956
radio 9 45470
radio 9 45487
radio 9 46001
radio 9 46018
radio 9 46531
radio 9 46579
radio 9 47093
radio 9 47146
radio 9 47660
radio 9 47691
radio 9 48205
radio 9 48222
energy 9 48326 7 8682
radio 9 48736
radio 9 48753
radio 9 49267
radio 9 49284
radio 9 49798
radio 9 49815
radio 9 50329
radio 9 50359
radio 9 50873
radio 9 50923
radio 9 51437
radio 9 51454
radio 9 51968
radio 9 51985
radio 9 52499
radio 9 52529
radio 9 53043
radio 9 53071
radio 9 53585
radio 9 53602
radio 9 54116
radio 9 54172
radio 9 54686
radio 9 54719
radio 9 55233
radio 9 55250
radio 9 55764
radio 9 55793
radio 9 56307
radio 9 56324
radio 9 56838
radio 9 56855
radio 9 57369
radio 9 57420
radio 9 57934
radio 9 57951
radio 9 58465
radio 9 58482
radio 9 58996
radio 9 59013
radio 9 59527
delay 4 18 9 59570 9 58810 7 7 65535 0 127 1 1
radio 9 60649
radio 9 61163
radio 9 61215
radio 9 61729
radio 9 61759
radio 9 62273
radio 9 62290
radio 9 62803
radio 9 62833
radio 9 63347
radio 9 63400
radio 9 63914
radio 9 63931
radio 9 64445
radio 9 64475
radio 9 64989
radio 9 65023
radio 10 1
radio 10 18
radio 10 531
radio 10 548
radio 10 1061
radio 10 1114
radio 10 1628
radio 10 1645
radio 10 2159
radio 10 2188
radio 10 2702
radio 10 2719
radio 10 3233
radio 10 3265
radio 10 3779
radio 10 3796
radio 10 4310
radio 10 4360
radio 10 4874
radio 10 4891
radio 10 5404
radio 10 5421
radio 10 5934
radio 10 5951
radio 10 6465
radio 10 6498
radio 10 7012
radio 10 7029
radio 10 7542
radio 10 7559
radio 10 8072
radio 10 8104
radio 10 8618
radio 10 8670
radio 10 9184
radio 10 9201
radio 10 9715
radio 10 9751
radio 10 10265
radio 10 10282
radio 10 10796
radio 10 10813
radio 10 11327
radio 10 11344
radio 10 11858
radio 10 11913
radio 10 12427
radio 10 12459
radio 10 12973
radio 10 12990
radio 10 13504
radio 10 13521
radio 10 14035
radio 10 14067
radio 10 14581
delay 5 19 10 14600 10 14522 16 7 65535 0 200 1 1
radio 10 15666
radio 10 16180
radio 10 16209
radio 10 16723
radio 10 16740
radio 10 17254
radio 10 17283
radio 10 17797
radio 10 17814
radio 10 18328
radio 10 18361
radio 10 18875
radio 10 18892
radio 10 19406
radio 10 19423
radio 10 19937
radio 10 19990
radio 10 20504
radio 10 20521
radio 10 21035
radio 10 21071
radio 10 21585
radio 10 21622
radio 10 22136
radio 10 22190
radio 10 22704
radio 10 22721
radio 10 23235
radio 10 23267
radio 10 23781
radio 10 23810
radio 10 24324
radio 10 24354
radio 10 24868
radio 10 24917
radio 10 25431
radio 10 25448
radio 10 25962
radio 10 25979
radio 10 26493
radio 10 26526
radio 10 27040
radio 10 27057
radio 10 27571
radio 10 27588
radio 10 28102
radio 10 28132
radio 10 28646
radio 10 28699
radio 10 29213
radio 10 29247
radio 10 29761
radio 10 29798
radio 10 30312
radio 10 30361
radio 10 30875
radio 10 30892
radio 10 31406
radio 10 31423
radio 10 31937
radio 10 31954
radio 10 32468
radio 10 32497
radio 10 33011
radio 10 33126
radio 10 33640
radio 10 33657
radio 10 34171
radio 10 34203
radio 10 34717
radio 10 34766
radio 10 35280
delay 6 18 10 35297 10 34538 7 7 65535 0 64 1 1
radio 10 36401
radio 10 36915
radio 10 36970
radio 10 37484
radio 10 37514
radio 10 38028
radio 10 38098
radio 10 38612
radio 10 38681
radio 10 39195
radio 10 39226
radio 10 39740
radio 10 39757
radio 10 40271
radio 10 40288
radio 10 40802
radio 10 40819
radio 10 41333
radio 10 41381
radio 10 41895
radio 10 41924
radio 10 42438
radio 10 42491
radio 10 43005
radio 10 43058
radio 10 43572
radio 10 43589
radio 10 44103
radio 10 44120
energy 10 44230 7 14469
radio 10 44634
radio 10 44702
radio 10 45216
radio 10 45249
radio 10 45763
radio 10 45780
radio 10 46294
radio 10 46311
radio 10 46825
radio 10 46842
radio 10 47356
radio 10 47389
radio 10 47903
radio 10 47920
radio 10 48434
radio 10 48464
radio 10 48978
radio 10 48995
radio 10 49509
radio 10 49559
radio 10 50073
radio 10 50090
radio 10 50604
radio 10 50621
radio 10 51135
radio 10 51152
radio 10 51666
radio 10 51683
radio 10 52197
radio 10 52230
radio 10 52744
radio 10 52761
radio 10 53275
radio 10 53304
radio 10 53818
radio 10 53847
radio 10 54361
radio 10 54378
radio 10 54892
radio 10 54924
radio 10 55438
delay 7 6 10 55453 10 55432 14 7 65535 0 103 0 1
radio 10 56522
radio 10 57035
radio 10 57051
radio 10 57565
radio 10 57582
radio 10 58096
radio 10 58151
radio 10 58665
radio 10 58696
radio 10 59210
radio 10 59227
radio 10 59741
radio 10 59791
radio 10 60305
radio 10 60360
radio 10 60874
radio 10 60891
radio 10 61405
radio 10 61422
radio 10 61936
radio 10 61972
radio 10 62486
radio 10 62503
radio 10 63017
radio 10 63045
radio 10 63559
radio 10 63607
radio 10 64121
radio 10 64138
radio 10 64652
radio 10 64669
radio 10 65183
radio 10 65200
radio 11 178
radio 11 195
radio 11 708
radio 11 756
radio 11 1270
radio 11 1325
radio 11 1839
radio 11 1869
radio 11 2383
radio 11 2400
radio 11 2913
radio 11 2930
radio 11 3444
radio 11 3461
radio 11 3974
radio 11 3991
radio 11 4504
radio 11 4534
radio 11 5048
radio 11 5100
radio 11 5614
radio 11 5631
radio 11 6144
radio 11 6161
radio 11 6675
radio 11 6704
radio 11 7218
radio 11 7253
radio 11 7767
radio 11 7820
radio 11 8334
radio 11 8351
radio 11 8865
radio 11 8882
radio 11 9395
radio 11 9412
radio 11 9926
radio 11 9958
radio 11 10472
delay 8 19 11 10666 11 10589 16 7 65535 0 14 1 1
radio 11 11727
radio 11 12240
radio 11 12290
radio 11 12804
radio 11 12821
radio 11 13335
radio 11 13384
radio 11 13898
radio 11 13915
radio 11 14429
radio 11 14461
radio 11 14975
radio 11 14992
radio 11 15506
radio 11 15540
radio 11 16054
radio 11 16109
radio 11 16623
radio 11 16640
radio 11 17154
radio 11 17171
radio 11 17685
radio 11 17702
radio 11 18216
radio 11 18233
radio 11 18747
radio 11 18764
radio 11 19278
radio 11 19295
radio 11 19809
radio 11 19841
radio 11 20355
radio 11 20409
radio 11 20923
radio 11 20954
radio 11 21468
radio 11 21485
radio 11 21999
radio 11 22016
radio 11 22530
radio 11 22547
radio 11 23061
radio 11 23092
radio 11 23606
radio 11 23660
radio 11 24174
radio 11 24203
radio 11 24717
radio 11 24734
radio 11 25248
radio 11 25265
radio 11 25779
radio 11 25809
radio 11 26323
radio 11 26352
radio 11 26866
radio 11 26914
radio 11 27428
radio 11 27503
radio 11 28017
radio 11 28065
radio 11 28579
radio 11 28794
radio 11 29308
radio 11 29325
radio 11 29839
radio 11 29893
radio 11 30407
radio 11 30577
radio 11 31091
radio 11 31108
radio 11 31622
delay 9 18 11 31640 11 30882 7 7 65535 0 483 0 1
radio 11 32721
radio 11 33235
radio 11 33303
radio 11 33817
radio 11 33834
radio 11 34348
radio 11 34383
radio 11 34897
radio 11 34945
radio 11 35459
radio 11 35509
radio 11 36023
radio 11 36053
radio 11 36567
radio 11 36623
radio 11 37137
radio 11 37187
radio 11 37701
radio 11 37735
radio 11 38249
radio 11 38266
radio 11 38780
radio 11 38809
radio 11 39323
radio 11 39340
radio 11 39854
radio 11 39884
energy 11 40134 7 20645
radio 11 40398
radio 11 40426
radio 11 40940
radio 11 40968
radio 11 41482
radio 11 41511
radio 11 42025
radio 11 42042
radio 11 42556
radio 11 42573
radio 11 43087
radio 11 43104
radio 11 43618
radio 11 43687
radio 11 44201
radio 11 44277
radio 11 44791
radio 11 44842
radio 11 45356
radio 11 45391
radio 11 45905
radio 11 45955
radio 11 46469
radio 11 46519
radio 11 47033
radio 11 47069
radio 11 47583
radio 11 47616
radio 11 48130
radio 11 48147
radio 11 48661
radio 11 48678
radio 11 49192
radio 11 49246
radio 11 49760
radio 11 49777
radio 11 50291
radio 11 50308
radio 11 50822
radio 11 50879
radio 11 51393
delay 10 19 11 51435 11 51359 16 7 65535 0 119 1 1
radio 11 52507
radio 11 53021
radio 11 53038
radio 11 53552
radio 11 53607
radio 11 54121
radio 11 54176
radio 11 54690
radio 11 54707
radio 11 55221
radio 11 55251
radio 11 55765
radio 11 55854
radio 11 56368
radio 11 56398
radio 11 56912
radio 11 56941
radio 11 57455
radio 11 57485
radio 11 57999
radio 11 58053
radio 11 58567
radio 11 58584
radio 11 59098
radio 11 59115
radio 11 59629
radio 11 59662
radio 11 60176
radio 11 60193
radio 11 60707
radio 11 60724
radio 11 61238
radio 11 61268
radio 11 61782
radio 11 61830
radio 11 62344
radio 11 62361
radio 11 62875
radio 11 62907
radio 11 63421
radio 11 63438
radio 11 63952
radio 11 63981
radio 11 64495
radio 11 64512
radio 11 65026
radio 11 65077
radio 12 55
radio 12 72
radio 12 585
radio 12 602
radio 12 1115
radio 12 1147
radio 12 1661
radio 12 1678
radio 12 2191
radio 12 2208
radio 12 2721
radio 12 2753
radio 12 3267
radio 12 3318
radio 12 3832
radio 12 3849
radio 12 4362
radio 12 4396
radio 12 4910
radio 12 4927
radio 12 5440
radio 12 5472
radio 12 5986
radio 12 6037
radio 12 6551
delay 11 18 12 6593 12 5836 7 7 65535 0 102 0 1
radio 12 7667
radio 12 8180
radio 12 8208
radio 12 8722
radio 12 8771
radio 12 9285
radio 12 9302
radio 12 9816
radio 12 9833
radio 12 10347
radio 12 10377
radio 12 10891
radio 12 10924
radio 12 11438
radio 12 11488
radio 12 12002
radio 12 12037
radio 12 12551
radio 12 12583
radio 12 13097
radio 12 13128
radio 12 13642
radio 12 13698
radio 12 14212
radio 12 14229
radio 12 14743
radio 12 14774
radio 12 15288
radio 12 15321
radio 12 15835
radio 12 15863
radio 12 16377
radio 12 16426
radio 12 16940
radio 12 16976
radio 12 17490
radio 12 17541
radio 12 18055
radio 12 18104
radio 12 18618
radio 12 18650
radio 12 19164
radio 12 19197
radio 12 19711
radio 12 19739
radio 12 20253
radio 12 20306
radio 12 20820
radio 12 20837
radio 12 21351
radio 12 21368
radio 12 21882
radio 12 21899
radio 12 22413
radio 12 22507
radio 12 23021
radio 12 23038
radio 12 23552
radio 12 23583
radio 12 24097
radio 12 24225
radio 12 24739
radio 12 24809
radio 12 25323
radio 12 25351
radio 12 25865
radio 12 25978
radio 12 26492
radio 12 26509
radio 12 27023
delay 12 17 12 27161 12 27208 12 7 65535 0 298 0 1
radio 12 28234
radio 12 28748
radio 12 28763
radio 12 29276
radio 12 29324
radio 12 29838
radio 12 29952
radio 12 30466
radio 12 30483
radio 12 30997
radio 12 31029
radio 12 31543
radio 12 31572
radio 12 32086
radio 12 32115
radio 12 32629
radio 12 32680
radio 12 33194
radio 12 33230
radio 12 33744
radio 12 33779
radio 12 34293
radio 12 34322
radio 12 34836
radio 12 34911
radio 12 35425
radio 12 35442
radio 12 35956
radio 12 35973
energy 12 36038 7 27148
radio 12 36487
radio 12 36518
radio 12 37032
radio 12 37083
radio 12 37597
radio 12 37628
radio 12 38142
radio 12 38159
radio 12 38673
radio 12 38707
radio 12 39221
radio 12 39249
radio 12 39763
radio 12 39811
radio 12 40325
radio 12 40342
radio 12 40856
radio 12 40884
radio 12 41398
radio 12 41415
radio 12 41929
radio 12 41946
radio 12 42460
radio 12 42477
radio 12 42991
radio 12 43059
radio 12 43573
radio 12 43603
radio 12 44117
radio 12 44134
radio 12 44648
radio 12 44665
radio 12 45179
radio 12 45196
radio 12 45710
radio 12 45727
radio 12 46241
radio 12 46258
radio 12 46772
radio 12 46789
radio 12 47303
delay 13 18 12 47525 12 46769 7 7 65535 0 15 1 1
radio 12 48608
radio 12 49122
radio 12 49139
radio 12 49653
radio 12 49687
radio 12 50201
radio 12 50218
radio 12 50732
radio 12 50780
radio 12 51294
radio 12 51345
radio 12 51859
radio 12 51894
radio 12 52408
radio 12 52425
radio 12 52939
radio 12 52970
radio 12 53484
radio 12 53501
radio 12 54015
radio 12 54071
radio 12 54585
radio 12 54602
radio 12 55116
radio 12 55133
radio 12 55647
radio 12 55664
radio 12 56178
radio 12 56213
radio 12 56727
radio 12 56744
radio 12 57258
radio 12 57275
radio 12 57789
radio 12 57845
radio 12 58359
radio 12 58392
radio 12 58906
radio 12 58923
radio 12 59437
radio 12 59454
radio 12 59968
radio 12 60002
radio 12 60516
radio 12 60569
radio 12 61083
radio 12 61113
radio 12 61627
radio 12 61682
radio 12 62196
radio 12 62250
radio 12 62764
radio 12 62781
radio 12 63295
radio 12 63312
radio 12 63826
radio 12 63843
radio 12 64357
radio 12 64374
radio 12 64888
radio 12 64905
radio 12 65419
radio 12 65436
radio 13 414
radio 13 431
radio 13 944
radio 13 976
radio 13 1490
radio 13 1524
radio 13 2038
delay 14 0 13 2097 13 2309 0 7 7 0 84 1 1
radio 13 3173
radio 13 3686
radio 13 3739
radio 13 4253
radio 13 4282
radio 13 4796
radio 13 4813
radio 13 5327
radio 13 5358
radio 13 5872
radio 13 5908
radio 13 6422
radio 13 6455
radio 13 6969
radio 13 6986
radio 13 7500
radio 13 7517
radio 13 8030
radio 13 8065
radio 13 8579
radio 13 8596
radio 13 9110
radio 13 9161
radio 13 9675
radio 13 9704
radio 13 10218
radio 13 10254
radio 13 10768
radio 13 10798
radio 13 11312
radio 13 11329
radio 13 11843
radio 13 11860
radio 13 12374
radio 13 12391
radio 13 12905
radio 13 12922
radio 13 13436
radio 13 13491
radio 13 14005
radio 13 14037
radio 13 14551
radio 13 14568
radio 13 15082
radio 13 15099
radio 13 15613
radio 13 15630
radio 13 16144
radio 13 16179
radio 13 16693
radio 13 16742
radio 13 17256
radio 13 17285
radio 13 17799
radio 13 17816
radio 13 18330
radio 13 18347
radio 13 18861
radio 13 18890
radio 13 19404
radio 13 19421
radio 13 19935
radio 13 19987
radio 13 20501
radio 13 20518
radio 13 21032
radio 13 21049
radio 13 21563
radio 13 21671
radio 13 22185
radio 13 22476
radio 13 22990
delay 15 18 13 23066 13 22310 7 7 65535 0 23 1 1
radio 13 24246
radio 13 24760
radio 13 24815
radio 13 25329
radio 13 25378
radio 13 25892
radio 13 25980
radio 13 26494
radio 13 26529
radio 13 27043
radio 13 27060
radio 13 27574
radio 13 27591
radio 13 28105
radio 13 28141
radio 13 28655
radio 13 28685
radio 13 29199
radio 13 29233
radio 13 29747
radio 13 29764
radio 13 30278
radio 13 30327
radio 13 30841
radio 13 30858
radio 13 31372
radio 13 31423
radio 13 31937
energy 13 31943 7 33530
radio 13 31958
radio 13 32473
radio 13 32490
radio 13 33004
radio 13 33056
radio 13 33570
radio 13 33621
radio 13 34135
radio 13 34163
radio 13 34677
radio 13 34694
radio 13 35208
radio 13 35225
radio 13 35739
radio 13 35793
radio 13 36307
radio 13 36357
radio 13 36871
radio 13 36888
radio 13 37402
radio 13 37419
radio 13 37933
radio 13 37950
radio 13 38464
radio 13 38495
radio 13 39009
radio 13 39039
radio 13 39553
radio 13 39601
radio 13 40115
radio 13 40132
radio 13 40646
radio 13 40663
radio 13 41177
radio 13 41210
radio 13 41724
radio 13 41814
radio 13 42328
radio 13 42359
radio 13 42873
radio 13 42890
radio 13 43404
delay 16 19 13 43422 13 43348 16 7 65535 0 348 0 1
radio 13 44487
radio 13 45001
radio 13 45051
radio 13 45565
radio 13 45594
radio 13 46108
radio 13 46142
radio 13 46656
radio 13 46690
radio 13 47204
radio 13 47253
radio 13 47767
radio 13 47784
radio 13 48298
radio 13 48315
radio 13 48829
radio 13 48882
radio 13 49396
radio 13 49451
radio 13 49965
radio 13 49994
radio 13 50508
radio 13 50542
radio 13 51056
radio 13 51073
radio 13 51587
radio 13 51604
radio 13 52118
radio 13 52135
radio 13 52649
radio 13 52666
radio 13 53180
radio 13 53233
radio 13 53747
radio 13 53777
radio 13 54291
radio 13 54308
radio 13 54822
radio 13 54839
radio 13 55353
radio 13 55370
radio 13 55884
radio 13 55901
radio 13 56415
radio 13 56451
radio 13 56965
radio 13 56997
radio 13 57511
radio 13 57528
radio 13 58042
radio 13 58071
radio 13 58585
radio 13 58602
radio 13 59116
radio 13 59168
radio 13 59682
radio 13 59733
radio 13 60247
radio 13 60264
radio 13 60778
radio 13 60809
radio 13 61323
radio 13 61357
radio 13 61871
radio 13 61888
radio 13 62402
radio 13 62419
radio 13 62933
radio 13 62984
radio 13 63498
delay 17 0 13 63519 13 63731 0 7 7 0 65 1 1
radio 13 64590
radio 13 65104
radio 13 65119
radio 14 97
radio 14 114
radio 14 627
radio 14 644
radio 14 1157
radio 14 1174
radio 14 1687
radio 14 1717
radio 14 2231
radio 14 2260
radio 14 2774
radio 14 2803
radio 14 3317
radio 14 3347
radio 14 3861
radio 14 3878
radio 14 4392
radio 14 4425
radio 14 4939
radio 14 4956
radio 14 5470
radio 14 5518
radio 14 6032
radio 14 6063
radio 14 6577
radio 14 6594
radio 14 7108
radio 14 7125
radio 14 7638
radio 14 7655
radio 14 8168
radio 14 8201
radio 14 8715
radio 14 8768
radio 14 9282
radio 14 9311
radio 14 9825
radio 14 9842
radio 14 10355
radio 14 10372
radio 14 10886
radio 14 10903
radio 14 11417
radio 14 11434
radio 14 11948
radio 14 11965
radio 14 12479
radio 14 12496
radio 14 13010
radio 14 13027
radio 14 13541
radio 14 13558
radio 14 14072
radio 14 14121
radio 14 14635
radio 14 14666
radio 14 15180
radio 14 15197
radio 14 15711
radio 14 15728
radio 14 16242
radio 14 16259
radio 14 16773
radio 14 16841
radio 14 17355
radio 14 17409
radio 14 17923
radio 14 17940
radio 14 18454
delay 18 0 14 18476 14 18688 0 7 7 0 76 1 1
radio 14 19549
radio 14 20063
radio 14 20105
radio 14 20618
radio 14 20640
radio 14 21154
radio 14 21289
radio 14 21803
radio 14 21895
radio 14 22409
radio 14 22426
radio 14 22940
radio 14 22990
radio 14 23504
radio 14 23560
radio 14 24074
radio 14 24091
radio 14 24605
radio 14 24622
radio 14 25136
radio 14 25153
radio 14 25667
radio 14 25684
radio 14 26198
radio 14 26235
radio 14 26749
radio 14 26766
radio 14 27280
radio 14 27334
energy 14 27846 7 39333
radio 14 27852
radio 14 27869
radio 14 28382
radio 14 28399
radio 14 28913
radio 14 28965
radio 14 29479
radio 14 29532
radio 14 30046
radio 14 30063
radio 14 30577
radio 14 30594
radio 14 31108
radio 14 31141
radio 14 31655
radio 14 31672
radio 14 32186
radio 14 32222
radio 14 32736
radio 14 32806
radio 14 33320
radio 14 33368
radio 14 33882
radio 14 33899
radio 14 34413
radio 14 34464
radio 14 34978
radio 14 34995
radio 14 35509
radio 14 35539
radio 14 36053
radio 14 36070
radio 14 36584
radio 14 36601
radio 14 37115
radio 14 37132
radio 14 37646
radio 14 37737
radio 14 38251
radio 14 38285
radio 14 38799
radio 14 38816
radio 14 39330
delay 19 7 14 39363 14 39275 14 7 65535 0 206 1 1
radio 14 40437
radio 14 40951
radio 14 40968
radio 14 41482
radio 14 41516
radio 14 42030
radio 14 42047
radio 14 42561
radio 14 42578
radio 14 43092
radio 14 43126
radio 14 43640
radio 14 43692
radio 14 44206
radio 14 44223
radio 14 44737
radio 14 44769
radio 14 45283
radio 14 45300
radio 14 45814
radio 14 45831
radio 14 46345
radio 14 46362
radio 14 46876
radio 14 46907
radio 14 47421
radio 14 47471
radio 14 47985
radio 14 48016
radio 14 48530
radio 14 48547
radio 14 49061
radio 14 49092
radio 14 49606
radio 14 49662
radio 14 50176
radio 14 50193
radio 14 50707
radio 14 50739
radio 14 51253
radio 14 51270
radio 14 51784
radio 14 51815
radio 14 52329
radio 14 52361
radio 14 52875
radio 14 52927
radio 14 53441
radio 14 53458
radio 14 53972
radio 14 54007
radio 14 54521
radio 14 54555
radio 14 55069
radio 14 55121
radio 14 55635
radio 14 55652
radio 14 56166
radio 14 56183
radio 14 56697
radio 14 56714
radio 14 57228
radio 14 57257
radio 14 57771
radio 14 57802
radio 14 58316
radio 14 58372
radio 14 58886
radio 14 58935
radio 14 59449
delay 20 0 14 59468 14 59680 0 7 7 0 108 1 1
radio 14 60548
radio 14 61061
radio 14 61087
radio 14 61601
radio 14 61633
radio 14 62147
radio 14 62164
radio 14 62678
radio 14 62695
radio 14 63209
radio 14 63226
radio 14 63740
radio 14 63757
radio 14 64271
radio 14 64302
radio 14 64816
radio 14 64833
radio 14 65347
radio 14 65398
radio 15 376
radio 15 431
radio 15 945
radio 15 975
radio 15 1489
radio 15 1539
radio 15 2053
radio 15 2070
radio 15 2583
radio 15 2612
radio 15 3126
radio 15 3143
radio 15 3657
radio 15 3688
radio 15 4202
radio 15 4235
radio 15 4749
radio 15 4779
radio 15 5293
radio 15 5310
radio 15 5823
radio 15 5855
radio 15 6369
radio 15 6386
radio 15 6899
radio 15 6931
radio 15 7445
radio 15 7462
radio 15 7975
radio 15 8008
radio 15 8522
radio 15 8555
radio 15 9069
radio 15 9103
radio 15 9617
radio 15 9647
radio 15 10161
radio 15 10178
radio 15 10692
radio 15 10728
radio 15 11242
radio 15 11312
radio 15 11826
radio 15 11874
radio 15 12388
radio 15 12405
radio 15 12919
radio 15 13028
radio 15 13542
radio 15 13597
radio 15 14111
radio 15 14183
radio 15 14697
delay 21 18 15 14715 15 13962 7 7 65535 0 239 0 1
radio 15 15787
radio 15 16301
radio 15 16318
radio 15 16832
radio 15 16849
radio 15 17363
radio 15 17380
radio 15 17894
radio 15 17923
radio 15 18437
radio 15 18485
radio 15 18999
radio 15 19051
radio 15 19565
radio 15 19593
radio 15 20107
radio 15 20159
radio 15 20673
radio 15 20723
radio 15 21237
radio 15 21254
radio 15 21768
radio 15 21802
radio 15 22316
radio 15 22333
radio 15 22847
radio 15 22876
radio 15 23390
radio 15 23407
energy 15 23750 7 45296
radio 15 23921
radio 15 23938
radio 15 24452
radio 15 24504
radio 15 25018
radio 15 25051
radio 15 25565
radio 15 25616
radio 15 26130
radio 15 26180
radio 15 26694
radio 15 26725
radio 15 27239
radio 15 27292
radio 15 27806
radio 15 27859
radio 15 28373
radio 15 28402
radio 15 28916
radio 15 28969
radio 15 29483
radio 15 29537
radio 15 30051
radio 15 30068
radio 15 30582
radio 15 30599
radio 15 31113
radio 15 31130
radio 15 31644
radio 15 31661
radio 15 32175
radio 15 32209
radio 15 32723
radio 15 32740
radio 15 33254
radio 15 33306
radio 15 33820
radio 15 33837
radio 15 34351
radio 15 34368
radio 15 34882
delay 22 0 15 34903 15 35115 0 7 7 0 114 1 1
radio 15 35978
radio 15 36491
radio 15 36564
radio 15 37078
radio 15 37095
radio 15 37609
radio 15 37626
radio 15 38140
radio 15 38157
radio 15 38671
radio 15 38701
radio 15 39215
radio 15 39246
radio 15 39760
radio 15 39813
radio 15 40327
radio 15 40344
radio 15 40858
radio 15 40891
radio 15 41405
radio 15 41433
radio 15 41947
radio 15 41964
radio 15 42478
radio 15 42495
radio 15 43009
radio 15 43064
radio 15 43578
radio 15 43612
radio 15 44126
radio 15 44143
radio 15 44657
radio 15 44674
radio 15 45188
radio 15 45205
radio 15 45719
radio 15 45736
radio 15 46250
radio 15 46285
radio 15 46799
radio 15 46827
radio 15 47341
radio 15 47358
radio 15 47872
radio 15 47903
radio 15 48417
radio 15 48434
radio 15 48948
radio 15 48997
radio 15 49511
radio 15 49565
radio 15 50079
radio 15 50096
radio 15 50610
radio 15 50643
radio 15 51157
radio 15 51174
radio 15 51688
radio 15 51705
radio 15 52219
radio 15 52253
radio 15 52767
radio 15 52815
radio 15 53329
radio 15 53361
radio 15 53875
radio 15 53924
radio 15 54438
radio 15 54494
radio 15 55008
radio 15 55025
radio 15 55539
radio 15 55556
radio 15 56070
delay 23 19 15 56115 15 56044 16 7 65535 0 516 0 1
radio 15 57187
radio 15 57701
radio 15 57734
radio 15 58248
radio 15 58278
radio 15 58792
radio 15 58809
radio 15 59323
radio 15 59353
radio 15 59867
radio 15 59898
radio 15 60412
radio 15 60467
radio 15 60981
radio 15 60998
radio 15 61512
radio 15 61565
radio 15 62079
radio 15 62096
radio 15 62610
radio 15 62627
radio 15 63141
radio 15 63195
radio 15 63709
radio 15 63741
radio 15 64255
radio 15 64272
radio 15 64786
radio 15 64803
radio 15 65317
radio 15 65334
radio 16 312
radio 16 344
radio 16 858
radio 16 912
radio 16 1426
radio 16 1443
radio 16 1956
radio 16 1973
radio 16 2486
radio 16 2503
radio 16 3017
radio 16 3051
radio 16 3565
radio 16 3635
radio 16 4149
radio 16 4178
radio 16 4692
radio 16 4747
radio 16 5261
radio 16 5314
radio 16 5828
radio 16 5845
radio 16 6359
radio 16 6393
radio 16 6907
radio 16 6924
radio 16 7437
radio 16 7454
radio 16 7968
radio 16 8063
radio 16 8577
radio 16 8625
radio 16 9139
radio 16 9190
radio 16 9704
radio 16 9721
radio 16 10234
radio 16 10251
radio 16 10765
delay 24 18 16 10812 16 10060 7 7 65535 0 103 1 1
radio 16 11886
radio 16 12400
radio 16 12455
radio 16 12969
radio 16 12986
radio 16 13500
radio 16 13709
radio 16 14223
radio 16 14240
radio 16 14754
radio 16 14771
radio 16 15285
radio 16 15302
radio 16 15816
radio 16 15833
radio 16 16347
radio 16 16364
radio 16 16878
radio 16 16895
radio 16 17409
radio 16 17426
radio 16 17940
radio 16 17994
radio 16 18508
radio 16 18525
radio 16 19039
radio 16 19056
radio 16 19570
radio 16 19587
energy 16 19654 7 51370
radio 16 20101
radio 16 20118
radio 16 20632
radio 16 20662
radio 16 21176
radio 16 21193
radio 16 21707
radio 16 21724
radio 16 22238
radio 16 22309
radio 16 22823
radio 16 22873
radio 16 23387
radio 16 23404
radio 16 23918
radio 16 23935
radio 16 24449
radio 16 24497
radio 16 25011
radio 16 25040
radio 16 25554
radio 16 25583
radio 16 26097
radio 16 26131
radio 16 26645
radio 16 26673
radio 16 27187
radio 16 27238
radio 16 27752
radio 16 27769
radio 16 28283
radio 16 28313
radio 16 28827
radio 16 28844
radio 16 29358
radio 16 29375
radio 16 29889
radio 16 29921
radio 16 30435
radio 16 30483
radio 16 30997
delay 25 18 16 31013 16 30261 7 7 65535 0 274 0 1
radio 16 32092
radio 16 32606
radio 16 32623
radio 16 33137
radio 16 33170
radio 16 33684
radio 16 33732
radio 16 34246
radio 16 34280
radio 16 34794
radio 16 34811
radio 16 35325
radio 16 35342
radio 16 35856
radio 16 35873
radio 16 36387
radio 16 36419
radio 16 36933
radio 16 36981
radio 16 37495
radio 16 37512
radio 16 38026
radio 16 38080
radio 16 38594
radio 16 38611
radio 16 39125
radio 16 39142
radio 16 39656
radio 16 39710
radio 16 40224
radio 16 40241
radio 16 40755
radio 16 40772
radio 16 41286
radio 16 41395
radio 16 41909
radio 16 41926
radio 16 42440
radio 16 42457
radio 16 42971
radio 16 42988
radio 16 43502
radio 16 43533
radio 16 44047
radio 16 44064
radio 16 44578
radio 16 44629
radio 16 45143
radio 16 45197
radio 16 45711
radio 16 45743
radio 16 46257
radio 16 46311
radio 16 46825
radio 16 46842
radio 16 47356
radio 16 47373
radio 16 47887
radio 16 47904
radio 16 48418
radio 16 48435
radio 16 48949
radio 16 48978
radio 16 49492
radio 16 49524
radio 16 50038
radio 16 50091
radio 16 50605
radio 16 50636
radio 16 51150
delay 26 0 16 51176 16 51385 0 7 7 0 65535 0 1
radio 16 52244
radio 16 52758
radio 16 52773
radio 16 53287
radio 16 53305
radio 16 53818
radio 16 53866
radio 16 54380
radio 16 54411
radio 16 54925
radio 16 54959
radio 16 55473
radio 16 55490
radio 16 56004
radio 16 56021
radio 16 56535
radio 16 56587
radio 16 57101
radio 16 57118
radio 16 57632
radio 16 57666
radio 16 58180
radio 16 58197
radio 16 58711
radio 16 58728
radio 16 59242
radio 16 59259
radio 16 59773
radio 16 59790
radio 16 60304
radio 16 60321
radio 16 60835
radio 16 60888
radio 16 61402
radio 16 61419
radio 16 61933
radio 16 61965
radio 16 62479
radio 16 62496
radio 16 63010
radio 16 63027
radio 16 63541
radio 16 63575
radio 16 64089
radio 16 64140
radio 16 64654
radio 16 64671
radio 16 65185
radio 16 65202
radio 17 180
radio 17 208
radio 17 722
radio 17 739
radio 17 1252
radio 17 1269
radio 17 1783
radio 17 1800
radio 17 2314
radio 17 2343
radio 17 2857
radio 17 2905
radio 17 3419
radio 17 3436
radio 17 3949
radio 17 4039
radio 17 4553
radio 17 4570
radio 17 5083
radio 17 5278
radio 17 5792
radio 17 5820
radio 17 6334
delay 27 18 17 6660 17 5909 7 7 65535 0 16 1 1
radio 17 7743
radio 17 8257
radio 17 8289
radio 17 8803
radio 17 8820
radio 17 9334
radio 17 9482
radio 17 9996
radio 17 10027
radio 17 10541
radio 17 10558
radio 17 11072
radio 17 11089
radio 17 11603
radio 17 11620
radio 17 12134
radio 17 12166
radio 17 12680
radio 17 12697
radio 17 13211
radio 17 13228
radio 17 13742
radio 17 13759
radio 17 14273
radio 17 14290
radio 17 14804
radio 17 14852
radio 17 15366
radio 17 15383
energy 17 15558 7 57578
radio 17 15897
radio 17 15926
radio 17 16440
radio 17 16476
radio 17 16990
radio 17 17007
radio 17 17521
radio 17 17577
radio 17 18091
radio 17 18120
radio 17 18634
radio 17 18651
radio 17 19165
radio 17 19194
radio 17 19708
radio 17 19738
radio 17 20252
radio 17 20328
radio 17 20842
radio 17 20877
radio 17 21391
radio 17 21408
radio 17 21922
radio 17 21939
radio 17 22453
radio 17 22508
radio 17 23022
radio 17 23039
radio 17 23553
radio 17 23587
radio 17 24101
radio 17 24118
radio 17 24632
radio 17 24681
radio 17 25195
radio 17 25230
radio 17 25744
radio 17 25780
radio 17 26294
radio 17 26311
radio 17 26825
delay 28 18 17 27004 17 26253 7 7 65535 0 18 1 1
radio 17 28113
radio 17 28626
radio 17 28656
radio 17 29170
radio 17 29225
radio 17 29739
radio 17 29767
radio 17 30281
radio 17 30312
radio 17 30826
radio 17 30843
radio 17 31357
radio 17 31427
radio 17 31941
radio 17 31958
radio 17 32472
radio 17 32489
radio 17 33003
radio 17 33071
radio 17 33585
radio 17 33619
radio 17 34133
radio 17 34170
radio 17 34684
radio 17 34701
radio 17 35215
radio 17 35249
radio 17 35763
radio 17 35795
radio 17 36309
radio 17 36358
radio 17 36872
radio 17 36900
radio 17 37414
radio 17 37502
radio 17 38016
radio 17 38050
radio 17 38564
radio 17 38595
radio 17 39109
radio 17 39126
radio 17 39640
radio 17 39657
radio 17 40171
radio 17 40188
radio 17 40702
radio 17 40753
radio 17 41267
radio 17 41302
radio 17 41816
radio 17 41833
radio 17 42347
radio 17 42364
radio 17 42878
radio 17 42895
radio 17 43409
radio 17 43445
radio 17 43959
radio 17 44008
radio 17 44522
radio 17 44551
radio 17 45065
radio 17 45094
radio 17 45608
radio 17 45638
radio 17 46152
radio 17 46169
radio 17 46683
radio 17 46734
radio 17 47248
delay 29 18 17 47316 17 46559 7 7 65535 0 65535 0 1
radio 17 48390
radio 17 48904
radio 17 48921
radio 17 49435
radio 17 49452
radio 17 49966
radio 17 49996
radio 17 50510
radio 17 50527
radio 17 51041
radio 17 51070
