Thread[Thread-1,5,main]delay 1 19 0 11325 0 11482
delay 3 4 0 34370 0 34939
delay 4 15 0 47165 0 47388
delay 5 19 0 55870 0 56028
energy 0 61451 0 847
delay 6 40 0 63555 0 62525
delay 7 33 1 6717 1 5872
delay 8 34 1 21468 1 20595
delay 9 11 1 29757 1 30006
delay 11 32 1 49214 1 47957
energy 1 57355 0 2717
delay 12 33 1 59992 1 59147
delay 13 1 2 8259 2 9009
delay 14 0 2 12855 2 13721
delay 15 18 2 27710 2 27884
delay 16 11 2 34365 2 34615
delay 17 4 2 45624 2 46194
energy 2 53259 0 4143
delay 18 2 2 59237 2 59897
delay 19 37 3 1567 3 207
delay 21 16 3 18911 3 19137
delay 22 16 3 31922 3 32148
delay 23 42 3 41179 3 39598
energy 3 49163 0 4143
delay 24 4 3 59080 3 59652
delay 25 28 3 63520 3 63281
delay 26 0 4 6029 4 6895
delay 27 16 4 15896 4 16122
delay 28 32 4 28045 4 26790
delay 29 2 4 41347 4 42006
energy 4 45067 0 4143
delay 30 0 4 46376 4 47242
delay 31 0 4 55279 4 56146
