Thread[Thread-1,5,main]delay 1 19 0 11888 0 11656
delay 2 44 0 24175 0 22222
delay 3 34 0 34928 0 33666
delay 4 0 0 44194 0 44669
delay 5 0 0 54385 0 54860
energy 0 61451 0 2268
delay 6 0 1 3195 1 3670
delay 7 10 1 26228 1 26203
delay 9 6 1 32883 1 32953
delay 11 37 1 49266 1 47516
energy 1 57355 0 4915
delay 12 19 1 62067 1 61836
delay 13 0 2 3698 2 4172
delay 14 34 2 16527 2 15262
delay 15 0 2 23155 2 23628
delay 16 15 2 41587 2 41417
delay 17 4 2 46206 2 46386
energy 2 53259 0 6737
delay 18 2 2 60019 2 60287
delay 19 48 3 12470 3 10853
delay 21 16 3 19634 3 19467
delay 22 16 3 32371 3 32204
delay 23 42 3 41607 3 39632
energy 3 49163 0 7999
delay 24 0 3 51338 3 51810
delay 25 0 3 61555 3 62028
delay 26 10 4 11891 4 11866
delay 27 16 4 16499 4 16331
delay 28 18 4 35955 4 35739
delay 29 39 4 40590 4 39199
energy 4 45067 0 9313
delay 31 10 4 58483 4 58458
