nodeid	clock_time_h	clock_time_l	dc_time_h	dc_time_l	insert_time	motelabMoteID	milli_time	motelabSeqNo
2	0	61459	0	3403	2017-03-31 08:36:01	40002	1490920561033	1
21	0	61459	0	2371	2017-03-31 08:36:01	40021	1490920561130	2
3	0	61459	0	3361	2017-03-31 08:36:01	40003	1490920561163	3
15	0	61459	0	3461	2017-03-31 08:36:01	40015	1490920561229	4
1	0	61461	0	4677	2017-03-31 08:36:01	40001	1490920561305	5
18	0	61459	0	562	2017-03-31 08:36:01	40018	1490920561371	6
12	0	61459	0	3238	2017-03-31 08:36:01	40012	1490920561538	7
20	0	61459	0	3553	2017-03-31 08:36:01	40020	1490920561572	8
22	0	61459	0	3387	2017-03-31 08:36:01	40022	1490920561605	9
11	0	61459	0	2862	2017-03-31 08:36:01	40011	1490920561639	10
4	0	61459	0	2752	2017-03-31 08:36:01	40004	1490920561672	11
13	0	61459	0	3006	2017-03-31 08:36:01	40013	1490920561705	12
6	0	61459	0	3422	2017-03-31 08:36:01	40006	1490920561739	13
17	0	61459	0	3420	2017-03-31 08:36:01	40017	1490920561772	14
14	0	61459	0	2539	2017-03-31 08:36:01	40014	1490920561841	15
7	0	61459	0	3397	2017-03-31 08:36:01	40007	1490920561889	16
8	0	61459	0	1194	2017-03-31 08:36:01	40008	1490920561922	17
19	0	61459	0	3566	2017-03-31 08:36:01	40019	1490920561956	18
10	0	61459	0	2765	2017-03-31 08:36:02	40010	1490920562022	19
27	0	61459	0	2742	2017-03-31 08:36:03	40027	1490920563009	20
30	0	61459	0	3064	2017-03-31 08:36:03	40030	1490920563075	21
39	0	61459	0	3308	2017-03-31 08:36:03	40039	1490920563192	22
32	0	61459	0	3525	2017-03-31 08:36:03	40032	1490920563259	23
31	0	61459	0	2531	2017-03-31 08:36:03	40031	1490920563292	24
34	0	61459	0	2538	2017-03-31 08:36:03	40034	1490920563325	25
37	0	61459	0	3382	2017-03-31 08:36:03	40037	1490920563501	26
35	0	61459	0	2392	2017-03-31 08:36:03	40035	1490920563601	27
36	0	61459	0	2464	2017-03-31 08:36:03	40036	1490920563634	28
26	0	61459	0	3546	2017-03-31 08:36:03	40026	1490920563893	29
118	0	61459	0	3451	2017-03-31 08:36:04	40118	1490920564310	30
129	0	61459	0	2488	2017-03-31 08:36:04	40129	1490920564536	31
124	0	61461	0	3893	2017-03-31 08:36:04	40124	1490920564577	32
81	0	61459	0	4608	2017-03-31 08:36:04	40081	1490920564627	33
68	0	61459	0	2406	2017-03-31 08:36:04	40068	1490920564686	34
75	0	61459	0	2592	2017-03-31 08:36:04	40075	1490920564819	35
85	0	61459	0	4484	2017-03-31 08:36:04	40085	1490920564878	36
50	0	61459	0	2393	2017-03-31 08:36:04	40050	1490920564911	37
41	0	61460	0	4149	2017-03-31 08:36:04	40041	1490920564945	38
65	0	61459	0	4053	2017-03-31 08:36:04	40065	1490920564978	39
73	0	61460	0	2940	2017-03-31 08:36:05	40073	1490920565045	40
128	0	61459	0	2373	2017-03-31 08:36:05	40128	1490920565112	41
119	0	61459	0	2952	2017-03-31 08:36:05	40119	1490920565178	42
44	0	61459	0	2904	2017-03-31 08:36:05	40044	1490920565212	43
47	0	61462	0	2402	2017-03-31 08:36:05	40047	1490920565245	44
80	0	61461	0	4148	2017-03-31 08:36:05	40080	1490920565278	45
78	0	61459	0	2980	2017-03-31 08:36:05	40078	1490920565312	46
38	0	61459	0	3300	2017-03-31 08:36:05	40038	1490920565345	47
115	0	61459	0	3392	2017-03-31 08:36:05	40115	1490920565379	48
51	0	61459	0	3282	2017-03-31 08:36:05	40051	1490920565445	49
28	0	61459	0	2945	2017-03-31 08:36:05	40028	1490920565479	50
79	0	61459	0	3692	2017-03-31 08:36:05	40079	1490920565512	51
77	0	61459	0	2556	2017-03-31 08:36:05	40077	1490920565546	52
25	0	61459	0	3084	2017-03-31 08:36:05	40025	1490920565579	53
136	0	61460	0	3455	2017-03-31 08:36:05	40136	1490920565647	54
64	0	61459	0	4056	2017-03-31 08:36:05	40064	1490920565696	55
117	0	61460	0	3150	2017-03-31 08:36:05	40117	1490920565796	56
131	0	61459	0	3754	2017-03-31 08:36:05	40131	1490920565830	57
24	0	61459	0	2442	2017-03-31 08:36:05	40024	1490920565863	58
121	0	61461	0	4192	2017-03-31 08:36:05	40121	1490920565913	59
48	0	61465	0	3300	2017-03-31 08:36:05	40048	1490920565948	60
116	0	61463	0	3001	2017-03-31 08:36:05	40116	1490920565980	61
83	0	61459	0	2672	2017-03-31 08:36:06	40083	1490920566013	62
71	0	61459	0	4262	2017-03-31 08:36:06	40071	1490920566046	63
127	0	61461	0	3408	2017-03-31 08:36:06	40127	1490920566116	64
59	0	61459	0	3372	2017-03-31 08:36:06	40059	1490920566147	65
67	0	61459	0	2426	2017-03-31 08:36:06	40067	1490920566180	66
72	0	61459	0	2336	2017-03-31 08:36:06	40072	1490920566213	67
84	0	61459	0	4062	2017-03-31 08:36:06	40084	1490920566247	68
52	0	61459	0	1298	2017-03-31 08:36:06	40052	1490920566280	69
55	0	61459	0	3272	2017-03-31 08:36:06	40055	1490920566414	70
120	0	61459	0	3720	2017-03-31 08:36:06	40120	1490920566480	71
63	0	61460	0	2678	2017-03-31 08:36:06	40063	1490920566514	72
69	0	61459	0	4155	2017-03-31 08:36:06	40069	1490920566581	73
122	0	61460	0	2364	2017-03-31 08:36:06	40122	1490920566614	74
57	0	61462	0	3226	2017-03-31 08:36:06	40057	1490920566647	75
133	0	61459	0	2320	2017-03-31 08:36:06	40133	1490920566681	76
46	0	61460	0	491	2017-03-31 08:36:06	40046	1490920566848	77
137	0	61459	0	488	2017-03-31 08:36:06	40137	1490920566881	78
40	0	61459	0	3425	2017-03-31 08:36:06	40040	1490920566915	79
76	0	61459	0	2995	2017-03-31 08:36:06	40076	1490920566965	80
130	0	61459	0	2790	2017-03-31 08:36:07	40130	1490920567065	81
70	0	61459	0	2389	2017-03-31 08:36:07	40070	1490920567098	82
123	0	61459	0	3542	2017-03-31 08:36:07	40123	1490920567207	83
74	0	61460	0	494	2017-03-31 08:36:07	40074	1490920567240	84
33	0	61459	0	759	2017-03-31 08:36:07	40033	1490920567340	85
135	0	61459	0	3772	2017-03-31 08:36:07	40135	1490920567374	86
126	0	61459	0	3466	2017-03-31 08:36:07	40126	1490920567440	87
134	0	61459	0	2809	2017-03-31 08:36:07	40134	1490920567507	88
132	0	61459	0	3668	2017-03-31 08:36:07	40132	1490920567540	89
139	0	61459	0	3557	2017-03-31 08:36:07	40139	1490920567641	90
43	0	61460	0	3279	2017-03-31 08:36:07	40043	1490920567674	91
66	0	61459	0	2329	2017-03-31 08:36:07	40066	1490920567808	92
42	0	61459	0	1139	2017-03-31 08:36:07	40042	1490920567967	93
138	0	61459	0	3489	2017-03-31 08:36:08	40138	1490920568001	94
2	1	57363	0	8663	2017-03-31 08:37:01	40002	1490920621029	95
21	1	57363	0	6601	2017-03-31 08:37:01	40021	1490920621122	96
3	1	57363	0	8474	2017-03-31 08:37:01	40003	1490920621155	97
15	1	57363	0	8578	2017-03-31 08:37:01	40015	1490920621225	98
1	1	57363	0	6875	2017-03-31 08:37:01	40001	1490920621273	99
18	1	57363	0	562	2017-03-31 08:37:01	40018	1490920621321	100
22	1	57363	0	8986	2017-03-31 08:37:01	40022	1490920621433	101
14	1	57363	0	6599	2017-03-31 08:37:01	40014	1490920621473	102
7	1	57363	0	8523	2017-03-31 08:37:01	40007	1490920621506	103
12	1	57363	0	8446	2017-03-31 08:37:01	40012	1490920621539	104
19	1	57363	0	8631	2017-03-31 08:37:01	40019	1490920621589	105
20	1	57363	0	8668	2017-03-31 08:37:01	40020	1490920621623	106
8	1	57363	0	1194	2017-03-31 08:37:01	40008	1490920621691	107
6	1	57363	0	8795	2017-03-31 08:37:01	40006	1490920621732	108
4	1	57363	0	7558	2017-03-31 08:37:01	40004	1490920621774	109
13	1	57363	0	7059	2017-03-31 08:37:01	40013	1490920621832	110
10	1	57363	0	7115	2017-03-31 08:37:01	40010	1490920621866	111
11	1	57363	0	2898	2017-03-31 08:37:01	40011	1490920621899	112
17	1	57363	0	8613	2017-03-31 08:37:01	40017	1490920621932	113
27	1	57363	0	6953	2017-03-31 08:37:03	40027	1490920623007	114
30	1	57363	0	7642	2017-03-31 08:37:03	40030	1490920623066	115
24	1	57363	0	6538	2017-03-31 08:37:03	40024	1490920623161	116
26	1	57363	0	3594	2017-03-31 08:37:03	40026	1490920623191	117
31	1	57363	0	7224	2017-03-31 08:37:03	40031	1490920623224	118
32	1	57363	0	5323	2017-03-31 08:37:03	40032	1490920623258	119
38	1	57363	0	8048	2017-03-31 08:37:03	40038	1490920623291	120
34	1	57363	0	3885	2017-03-31 08:37:03	40034	1490920623325	121
35	1	57363	0	6606	2017-03-31 08:37:03	40035	1490920623358	122
33	1	57363	0	4746	2017-03-31 08:37:03	40033	1490920623391	123
25	1	57363	0	7661	2017-03-31 08:37:03	40025	1490920623425	124
28	1	57363	0	4843	2017-03-31 08:37:03	40028	1490920623458	125
36	1	57363	0	6721	2017-03-31 08:37:03	40036	1490920623491	126
39	1	57363	0	8348	2017-03-31 08:37:03	40039	1490920623525	127
37	1	57363	0	8645	2017-03-31 08:37:03	40037	1490920623558	128
43	1	57363	0	7925	2017-03-31 08:37:03	40043	1490920623667	129
134	1	57363	0	6838	2017-03-31 08:37:03	40134	1490920623902	130
118	1	57363	0	5828	2017-03-31 08:37:04	40118	1490920624161	131
47	1	57363	0	2402	2017-03-31 08:37:04	40047	1490920624224	132
124	1	57363	0	3893	2017-03-31 08:37:04	40124	1490920624281	133
67	1	57363	0	6440	2017-03-31 08:37:04	40067	1490920624342	134
131	1	57363	0	8914	2017-03-31 08:37:04	40131	1490920624375	135
123	1	57363	0	8827	2017-03-31 08:37:04	40123	1490920624409	136
126	1	57363	0	8906	2017-03-31 08:37:04	40126	1490920624442	137
115	1	57363	0	8547	2017-03-31 08:37:04	40115	1490920624476	138
55	1	57363	0	7831	2017-03-31 08:37:04	40055	1490920624509	139
69	1	57363	0	4155	2017-03-31 08:37:04	40069	1490920624542	140
135	1	57363	0	9135	2017-03-31 08:37:04	40135	1490920624576	141
42	1	57363	0	1139	2017-03-31 08:37:04	40042	1490920624609	142
75	1	57363	0	6782	2017-03-31 08:37:04	40075	1490920624643	143
80	1	57363	0	10093	2017-03-31 08:37:04	40080	1490920624676	144
122	1	57363	0	4513	2017-03-31 08:37:04	40122	1490920624709	145
119	1	57363	0	7561	2017-03-31 08:37:04	40119	1490920624743	146
136	1	57363	0	5642	2017-03-31 08:37:04	40136	1490920624776	147
66	1	57363	0	6966	2017-03-31 08:37:04	40066	1490920624810	148
138	1	57363	0	8752	2017-03-31 08:37:04	40138	1490920624843	149
70	1	57363	0	7487	2017-03-31 08:37:04	40070	1490920624876	150
63	1	57363	0	6910	2017-03-31 08:37:04	40063	1490920624910	151
64	1	57363	0	6482	2017-03-31 08:37:04	40064	1490920624943	152
79	1	57363	0	3692	2017-03-31 08:37:04	40079	1490920624976	153
81	1	57363	0	7206	2017-03-31 08:37:05	40081	1490920625010	154
51	1	57363	0	7933	2017-03-31 08:37:05	40051	1490920625043	155
128	1	57363	0	7053	2017-03-31 08:37:05	40128	1490920625077	156
46	1	57363	0	491	2017-03-31 08:37:05	40046	1490920625110	157
74	1	57363	0	494	2017-03-31 08:37:05	40074	1490920625143	158
139	1	57363	0	9472	2017-03-31 08:37:05	40139	1490920625177	159
76	1	57363	0	7215	2017-03-31 08:37:05	40076	1490920625210	160
78	1	57363	0	7251	2017-03-31 08:37:05	40078	1490920625244	161
73	1	57363	0	7829	2017-03-31 08:37:05	40073	1490920625277	162
59	1	57363	0	8350	2017-03-31 08:37:05	40059	1490920625311	163
133	1	57363	0	6812	2017-03-31 08:37:05	40133	1490920625344	164
127	1	57363	0	5674	2017-03-31 08:37:05	40127	1490920625377	165
117	1	57363	0	7927	2017-03-31 08:37:05	40117	1490920625427	166
85	1	57363	0	6856	2017-03-31 08:37:05	40085	1490920625461	167
83	1	57363	0	6706	2017-03-31 08:37:05	40083	1490920625494	168
50	1	57363	0	6477	2017-03-31 08:37:05	40050	1490920625527	169
77	1	57363	0	6601	2017-03-31 08:37:05	40077	1490920625561	170
84	1	57363	0	6401	2017-03-31 08:37:05	40084	1490920625611	171
116	1	57363	0	7646	2017-03-31 08:37:05	40116	1490920625646	172
44	1	57363	0	7103	2017-03-31 08:37:05	40044	1490920625678	173
129	1	57363	0	7005	2017-03-31 08:37:05	40129	1490920625711	174
57	1	57363	0	5377	2017-03-31 08:37:05	40057	1490920625744	175
52	1	57363	0	1298	2017-03-31 08:37:05	40052	1490920625778	176
72	1	57363	0	6414	2017-03-31 08:37:05	40072	1490920625811	177
130	1	57363	0	7457	2017-03-31 08:37:05	40130	1490920625845	178
65	1	57363	0	6509	2017-03-31 08:37:05	40065	1490920625878	179
68	1	57363	0	6482	2017-03-31 08:37:05	40068	1490920625911	180
121	1	57363	0	10117	2017-03-31 08:37:05	40121	1490920625945	181
137	1	57363	0	488	2017-03-31 08:37:05	40137	1490920625978	182
41	1	57363	0	4149	2017-03-31 08:37:06	40041	1490920626011	183
48	1	57363	0	9001	2017-03-31 08:37:06	40048	1490920626045	184
40	1	57363	0	8425	2017-03-31 08:37:06	40040	1490920626078	185
132	1	57363	0	9144	2017-03-31 08:37:06	40132	1490920626112	186
71	1	57363	0	7142	2017-03-31 08:37:06	40071	1490920626145	187
120	1	57363	0	8757	2017-03-31 08:37:06	40120	1490920626178	188
2	2	53267	0	10551	2017-03-31 08:38:01	40002	1490920681030	189
21	2	53267	0	7383	2017-03-31 08:38:01	40021	1490920681110	190
3	2	53267	0	10154	2017-03-31 08:38:01	40003	1490920681150	191
15	2	53267	0	10300	2017-03-31 08:38:01	40015	1490920681226	192
1	2	53267	0	6875	2017-03-31 08:38:01	40001	1490920681274	193
18	2	53267	0	562	2017-03-31 08:38:01	40018	1490920681319	194
22	2	53267	0	10772	2017-03-31 08:38:01	40022	1490920681430	195
7	2	53267	0	9231	2017-03-31 08:38:01	40007	1490920681486	196
12	2	53267	0	10152	2017-03-31 08:38:01	40012	1490920681544	197
14	2	53267	0	7307	2017-03-31 08:38:01	40014	1490920681586	198
19	2	53267	0	10400	2017-03-31 08:38:01	40019	1490920681628	199
11	2	53267	0	2898	2017-03-31 08:38:01	40011	1490920681669	200
13	2	53267	0	7954	2017-03-31 08:38:01	40013	1490920681728	201
4	2	53267	0	8266	2017-03-31 08:38:01	40004	1490920681770	202
6	2	53267	0	10542	2017-03-31 08:38:01	40006	1490920681811	203
10	2	53267	0	7823	2017-03-31 08:38:01	40010	1490920681853	204
17	2	53267	0	10298	2017-03-31 08:38:01	40017	1490920681895	205
20	2	53267	0	10428	2017-03-31 08:38:01	40020	1490920681936	206
8	2	53267	0	1194	2017-03-31 08:38:01	40008	1490920681978	207
27	2	53267	0	7661	2017-03-31 08:38:03	40027	1490920683006	208
30	2	53267	0	8702	2017-03-31 08:38:03	40030	1490920683080	209
34	2	53267	0	4806	2017-03-31 08:38:03	40034	1490920683158	210
26	2	53267	0	3594	2017-03-31 08:38:03	40026	1490920683188	211
24	2	53267	0	7246	2017-03-31 08:38:03	40024	1490920683221	212
32	2	53267	0	7137	2017-03-31 08:38:03	40032	1490920683255	213
36	2	53267	0	7429	2017-03-31 08:38:03	40036	1490920683288	214
28	2	53267	0	4843	2017-03-31 08:38:03	40028	1490920683322	215
31	2	53267	0	8213	2017-03-31 08:38:03	40031	1490920683355	216
33	2	53267	0	5468	2017-03-31 08:38:03	40033	1490920683388	217
39	2	53267	0	10114	2017-03-31 08:38:03	40039	1490920683422	218
38	2	53267	0	8988	2017-03-31 08:38:03	40038	1490920683455	219
37	2	53267	0	9381	2017-03-31 08:38:03	40037	1490920683488	220
25	2	53267	0	9246	2017-03-31 08:38:03	40025	1490920683522	221
35	2	53267	0	7419	2017-03-31 08:38:03	40035	1490920683555	222
43	2	53267	0	8633	2017-03-31 08:38:03	40043	1490920683666	223
134	2	53267	0	7805	2017-03-31 08:38:03	40134	1490920683907	224
118	2	53267	0	5828	2017-03-31 08:38:04	40118	1490920684153	225
47	2	53267	0	2402	2017-03-31 08:38:04	40047	1490920684225	226
124	2	53267	0	3893	2017-03-31 08:38:04	40124	1490920684282	227
80	2	53267	0	10801	2017-03-31 08:38:04	40080	1490920684339	228
70	2	53267	0	8195	2017-03-31 08:38:04	40070	1490920684372	229
63	2	53267	0	7758	2017-03-31 08:38:04	40063	1490920684406	230
119	2	53267	0	8288	2017-03-31 08:38:04	40119	1490920684439	231
48	2	53267	0	10432	2017-03-31 08:38:04	40048	1490920684473	232
59	2	53267	0	10128	2017-03-31 08:38:04	40059	1490920684506	233
55	2	53267	0	8570	2017-03-31 08:38:04	40055	1490920684556	234
66	2	53267	0	7674	2017-03-31 08:38:04	40066	1490920684589	235
133	2	53267	0	7538	2017-03-31 08:38:04	40133	1490920684623	236
81	2	53267	0	8189	2017-03-31 08:38:04	40081	1490920684656	237
120	2	53267	0	10439	2017-03-31 08:38:04	40120	1490920684690	238
83	2	53267	0	7414	2017-03-31 08:38:04	40083	1490920684723	239
72	2	53267	0	7122	2017-03-31 08:38:04	40072	1490920684757	240
50	2	53267	0	7185	2017-03-31 08:38:04	40050	1490920684790	241
77	2	53267	0	7309	2017-03-31 08:38:04	40077	1490920684823	242
64	2	53267	0	7190	2017-03-31 08:38:04	40064	1490920684857	243
117	2	53267	0	8729	2017-03-31 08:38:04	40117	1490920684890	244
42	2	53267	0	1139	2017-03-31 08:38:04	40042	1490920684923	245
127	2	53267	0	5674	2017-03-31 08:38:04	40127	1490920684957	246
46	2	53267	0	491	2017-03-31 08:38:04	40046	1490920684990	247
138	2	53267	0	10534	2017-03-31 08:38:05	40138	1490920685025	248
139	2	53267	0	11277	2017-03-31 08:38:05	40139	1490920685057	249
131	2	53267	0	10691	2017-03-31 08:38:05	40131	1490920685107	250
136	2	53267	0	5642	2017-03-31 08:38:05	40136	1490920685141	251
132	2	53267	0	10892	2017-03-31 08:38:05	40132	1490920685174	252
65	2	53267	0	7217	2017-03-31 08:38:05	40065	1490920685207	253
67	2	53267	0	7229	2017-03-31 08:38:05	40067	1490920685241	254
40	2	53267	0	10150	2017-03-31 08:38:05	40040	1490920685274	255
57	2	53267	0	5377	2017-03-31 08:38:05	40057	1490920685324	256
78	2	53267	0	8344	2017-03-31 08:38:05	40078	1490920685357	257
135	2	53267	0	10868	2017-03-31 08:38:05	40135	1490920685391	258
52	2	53267	0	1298	2017-03-31 08:38:05	40052	1490920685424	259
69	2	53267	0	4155	2017-03-31 08:38:05	40069	1490920685458	260
73	2	53267	0	8537	2017-03-31 08:38:05	40073	1490920685516	261
123	2	53267	0	10674	2017-03-31 08:38:05	40123	1490920685549	262
121	2	53267	0	11883	2017-03-31 08:38:05	40121	1490920685583	263
137	2	53267	0	488	2017-03-31 08:38:05	40137	1490920685616	264
68	2	53267	0	7190	2017-03-31 08:38:05	40068	1490920685649	265
71	2	53267	0	7850	2017-03-31 08:38:05	40071	1490920685683	266
51	2	53267	0	9311	2017-03-31 08:38:05	40051	1490920685733	267
130	2	53267	0	8165	2017-03-31 08:38:05	40130	1490920685766	268
76	2	53267	0	7923	2017-03-31 08:38:05	40076	1490920685800	269
75	2	53267	0	7697	2017-03-31 08:38:05	40075	1490920685833	270
115	2	53267	0	10269	2017-03-31 08:38:05	40115	1490920685867	271
116	2	53267	0	8737	2017-03-31 08:38:05	40116	1490920685900	272
128	2	53267	0	7755	2017-03-31 08:38:05	40128	1490920685933	273
126	2	53267	0	10687	2017-03-31 08:38:05	40126	1490920685967	274
84	2	53267	0	7155	2017-03-31 08:38:06	40084	1490920686000	275
85	2	53267	0	7558	2017-03-31 08:38:06	40085	1490920686033	276
122	2	53267	0	4513	2017-03-31 08:38:06	40122	1490920686067	277
129	2	53267	0	8030	2017-03-31 08:38:06	40129	1490920686100	278
44	2	53267	0	7811	2017-03-31 08:38:06	40044	1490920686134	279
79	2	53267	0	3692	2017-03-31 08:38:06	40079	1490920686168	280
74	2	53267	0	494	2017-03-31 08:38:06	40074	1490920686200	281
41	2	53267	0	4149	2017-03-31 08:38:06	40041	1490920686234	282
2	3	49171	0	12465	2017-03-31 08:39:01	40002	1490920741026	283
21	3	49171	0	8235	2017-03-31 08:39:01	40021	1490920741125	284
3	3	49171	0	11914	2017-03-31 08:39:01	40003	1490920741158	285
15	3	49171	0	12071	2017-03-31 08:39:01	40015	1490920741233	286
1	3	49171	0	6875	2017-03-31 08:39:01	40001	1490920741270	287
18	3	49171	0	562	2017-03-31 08:39:01	40018	1490920741318	288
22	3	49171	0	12545	2017-03-31 08:39:01	40022	1490920741430	289
14	3	49171	0	8015	2017-03-31 08:39:01	40014	1490920741470	290
7	3	49171	0	9939	2017-03-31 08:39:01	40007	1490920741500	291
12	3	49171	0	11906	2017-03-31 08:39:01	40012	1490920741533	292
20	3	49171	0	12146	2017-03-31 08:39:01	40020	1490920741567	293
4	3	49171	0	8974	2017-03-31 08:39:01	40004	1490920741600	294
17	3	49171	0	12127	2017-03-31 08:39:01	40017	1490920741633	295
8	3	49171	0	1194	2017-03-31 08:39:01	40008	1490920741667	296
19	3	49171	0	12249	2017-03-31 08:39:01	40019	1490920741700	297
13	3	49171	0	8790	2017-03-31 08:39:01	40013	1490920741742	298
6	3	49171	0	12276	2017-03-31 08:39:01	40006	1490920741784	299
11	3	49171	0	2898	2017-03-31 08:39:01	40011	1490920741825	300
10	3	49171	0	8531	2017-03-31 08:39:01	40010	1490920741867	301
27	3	49171	0	8363	2017-03-31 08:39:03	40027	1490920743004	302
30	3	49171	0	10186	2017-03-31 08:39:03	40030	1490920743084	303
34	3	49171	0	5890	2017-03-31 08:39:03	40034	1490920743151	304
39	3	49171	0	11840	2017-03-31 08:39:03	40039	1490920743209	305
25	3	49171	0	10523	2017-03-31 08:39:03	40025	1490920743277	306
37	3	49171	0	10258	2017-03-31 08:39:03	40037	1490920743310	307
32	3	49171	0	8885	2017-03-31 08:39:03	40032	1490920743344	308
33	3	49171	0	6176	2017-03-31 08:39:03	40033	1490920743377	309
28	3	49171	0	4843	2017-03-31 08:39:03	40028	1490920743411	310
31	3	49171	0	9219	2017-03-31 08:39:03	40031	1490920743461	311
36	3	49171	0	8257	2017-03-31 08:39:03	40036	1490920743497	312
35	3	49171	0	8274	2017-03-31 08:39:03	40035	1490920743552	313
38	3	49171	0	10081	2017-03-31 08:39:03	40038	1490920743586	314
26	3	49171	0	3594	2017-03-31 08:39:03	40026	1490920743619	315
24	3	49171	0	7948	2017-03-31 08:39:03	40024	1490920743652	316
43	3	49171	0	9341	2017-03-31 08:39:03	40043	1490920743686	317
134	3	49171	0	8927	2017-03-31 08:39:03	40134	1490920743896	318
118	3	49171	0	5828	2017-03-31 08:39:04	40118	1490920744161	319
47	3	49171	0	2402	2017-03-31 08:39:04	40047	1490920744226	320
124	3	49171	0	3893	2017-03-31 08:39:04	40124	1490920744283	321
115	3	49171	0	11989	2017-03-31 08:39:04	40115	1490920744478	322
42	3	49171	0	1139	2017-03-31 08:39:04	40042	1490920744511	323
67	3	49171	0	8070	2017-03-31 08:39:04	40067	1490920744545	324
69	3	49171	0	4155	2017-03-31 08:39:04	40069	1490920744578	325
73	3	49171	0	9245	2017-03-31 08:39:04	40073	1490920744612	326
83	3	49171	0	8122	2017-03-31 08:39:04	40083	1490920744645	327
68	3	49171	0	7898	2017-03-31 08:39:04	40068	1490920744678	328
84	3	49171	0	7873	2017-03-31 08:39:04	40084	1490920744712	329
123	3	49171	0	12429	2017-03-31 08:39:04	40123	1490920744748	330
126	3	49171	0	12691	2017-03-31 08:39:04	40126	1490920744779	331
122	3	49171	0	4513	2017-03-31 08:39:04	40122	1490920744837	332
64	3	49171	0	7898	2017-03-31 08:39:04	40064	1490920744871	333
44	3	49171	0	8519	2017-03-31 08:39:04	40044	1490920744904	334
137	3	49171	0	488	2017-03-31 08:39:04	40137	1490920744937	335
65	3	49171	0	7942	2017-03-31 08:39:04	40065	1490920744970	336
138	3	49171	0	12294	2017-03-31 08:39:05	40138	1490920745020	337
74	3	49171	0	494	2017-03-31 08:39:05	40074	1490920745054	338
78	3	49171	0	10062	2017-03-31 08:39:05	40078	1490920745087	339
46	3	49171	0	491	2017-03-31 08:39:05	40046	1490920745121	340
131	3	49171	0	12423	2017-03-31 08:39:05	40131	1490920745154	341
79	3	49171	0	3692	2017-03-31 08:39:05	40079	1490920745187	342
40	3	49171	0	11896	2017-03-31 08:39:05	40040	1490920745246	343
75	3	49171	0	8630	2017-03-31 08:39:05	40075	1490920745279	344
132	3	49171	0	12652	2017-03-31 08:39:05	40132	1490920745313	345
57	3	49171	0	5377	2017-03-31 08:39:05	40057	1490920745346	346
117	3	49171	0	9437	2017-03-31 08:39:05	40117	1490920745396	347
81	3	49171	0	9490	2017-03-31 08:39:05	40081	1490920745429	348
77	3	49171	0	8017	2017-03-31 08:39:05	40077	1490920745480	349
121	3	49171	0	13839	2017-03-31 08:39:05	40121	1490920745513	350
127	3	49171	0	5674	2017-03-31 08:39:05	40127	1490920745571	351
71	3	49171	0	8552	2017-03-31 08:39:05	40071	1490920745605	352
72	3	49171	0	7830	2017-03-31 08:39:05	40072	1490920745638	353
48	3	49171	0	11284	2017-03-31 08:39:05	40048	1490920745672	354
51	3	49171	0	10111	2017-03-31 08:39:05	40051	1490920745705	355
55	3	49171	0	9295	2017-03-31 08:39:05	40055	1490920745738	356
136	3	49171	0	5642	2017-03-31 08:39:05	40136	1490920745772	357
66	3	49171	0	8382	2017-03-31 08:39:05	40066	1490920745805	358
130	3	49171	0	8867	2017-03-31 08:39:05	40130	1490920745839	359
50	3	49171	0	7893	2017-03-31 08:39:05	40050	1490920745872	360
52	3	49171	0	1298	2017-03-31 08:39:05	40052	1490920745905	361
120	3	49171	0	12145	2017-03-31 08:39:05	40120	1490920745939	362
116	3	49171	0	10228	2017-03-31 08:39:05	40116	1490920745972	363
85	3	49171	0	8268	2017-03-31 08:39:06	40085	1490920746005	364
41	3	49171	0	4149	2017-03-31 08:39:06	40041	1490920746039	365
135	3	49171	0	12712	2017-03-31 08:39:06	40135	1490920746097	366
70	3	49171	0	8903	2017-03-31 08:39:06	40070	1490920746131	367
59	3	49171	0	11887	2017-03-31 08:39:06	40059	1490920746164	368
119	3	49171	0	9050	2017-03-31 08:39:06	40119	1490920746197	369
129	3	49171	0	9258	2017-03-31 08:39:06	40129	1490920746231	370
139	3	49171	0	13296	2017-03-31 08:39:06	40139	1490920746289	371
76	3	49171	0	8631	2017-03-31 08:39:06	40076	1490920746323	372
133	3	49171	0	8653	2017-03-31 08:39:06	40133	1490920746356	373
128	3	49171	0	8463	2017-03-31 08:39:06	40128	1490920746389	374
63	3	49171	0	8466	2017-03-31 08:39:06	40063	1490920746423	375
80	3	49171	0	11509	2017-03-31 08:39:06	40080	1490920746456	376
2	4	45075	0	14300	2017-03-31 08:40:01	40002	1490920801027	377
21	4	45075	0	8952	2017-03-31 08:40:01	40021	1490920801111	378
3	4	45075	0	13655	2017-03-31 08:40:01	40003	1490920801151	379
15	4	45075	0	13794	2017-03-31 08:40:01	40015	1490920801223	380
1	4	45075	0	6875	2017-03-31 08:40:01	40001	1490920801271	381
18	4	45075	0	562	2017-03-31 08:40:01	40018	1490920801315	382
22	4	45075	0	14307	2017-03-31 08:40:01	40022	1490920801427	383
14	4	45075	0	8723	2017-03-31 08:40:01	40014	1490920801471	384
20	4	45075	0	13879	2017-03-31 08:40:01	40020	1490920801514	385
12	4	45075	0	13636	2017-03-31 08:40:01	40012	1490920801555	386
4	4	45075	0	9682	2017-03-31 08:40:01	40004	1490920801597	387
11	4	45075	0	2898	2017-03-31 08:40:01	40011	1490920801639	388
7	4	45075	0	10647	2017-03-31 08:40:01	40007	1490920801681	389
13	4	45075	0	9619	2017-03-31 08:40:01	40013	1490920801722	390
19	4	45075	0	14163	2017-03-31 08:40:01	40019	1490920801764	391
17	4	45075	0	14000	2017-03-31 08:40:01	40017	1490920801831	392
10	4	45075	0	9239	2017-03-31 08:40:01	40010	1490920801873	393
8	4	45075	0	1194	2017-03-31 08:40:01	40008	1490920801914	394
6	4	45075	0	13982	2017-03-31 08:40:01	40006	1490920801973	395
27	4	45075	0	9091	2017-03-31 08:40:03	40027	1490920803003	396
30	4	45075	0	11656	2017-03-31 08:40:03	40030	1490920803064	397
24	4	45075	0	8656	2017-03-31 08:40:03	40024	1490920803157	398
34	4	45075	0	7038	2017-03-31 08:40:03	40034	1490920803189	399
39	4	45075	0	13490	2017-03-31 08:40:03	40039	1490920803248	400
28	4	45075	0	4843	2017-03-31 08:40:03	40028	1490920803281	401
25	4	45075	0	11976	2017-03-31 08:40:03	40025	1490920803315	402
33	4	45075	0	6900	2017-03-31 08:40:03	40033	1490920803348	403
31	4	45075	0	10747	2017-03-31 08:40:03	40031	1490920803381	404
35	4	45075	0	9235	2017-03-31 08:40:03	40035	1490920803415	405
38	4	45075	0	11316	2017-03-31 08:40:03	40038	1490920803466	406
26	4	45075	0	3594	2017-03-31 08:40:03	40026	1490920803500	407
32	4	45075	0	10642	2017-03-31 08:40:03	40032	1490920803533	408
37	4	45075	0	11097	2017-03-31 08:40:03	40037	1490920803566	409
36	4	45075	0	9016	2017-03-31 08:40:03	40036	1490920803600	410
43	4	45075	0	10049	2017-03-31 08:40:03	40043	1490920803663	411
134	4	45075	0	9635	2017-03-31 08:40:03	40134	1490920803900	412
118	4	45075	0	5828	2017-03-31 08:40:04	40118	1490920804153	413
47	4	45075	0	2402	2017-03-31 08:40:04	40047	1490920804227	414
124	4	45075	0	3893	2017-03-31 08:40:04	40124	1490920804284	415
67	4	45075	0	8808	2017-03-31 08:40:04	40067	1490920804317	416
117	4	45075	0	10145	2017-03-31 08:40:04	40117	1490920804350	417
70	4	45075	0	9611	2017-03-31 08:40:04	40070	1490920804383	418
63	4	45075	0	9174	2017-03-31 08:40:04	40063	1490920804417	419
116	4	45075	0	10936	2017-03-31 08:40:04	40116	1490920804450	420
115	4	45075	0	13769	2017-03-31 08:40:04	40115	1490920804484	421
59	4	45075	0	13582	2017-03-31 08:40:04	40059	1490920804542	422
46	4	45075	0	491	2017-03-31 08:40:04	40046	1490920804576	423
66	4	45075	0	9090	2017-03-31 08:40:04	40066	1490920804609	424
76	4	45075	0	9339	2017-03-31 08:40:04	40076	1490920804642	425
126	4	45075	0	14480	2017-03-31 08:40:04	40126	1490920804676	426
81	4	45075	0	10213	2017-03-31 08:40:04	40081	1490920804726	427
121	4	45075	0	15661	2017-03-31 08:40:04	40121	1490920804759	428
77	4	45075	0	8725	2017-03-31 08:40:04	40077	1490920804793	429
52	4	45075	0	1298	2017-03-31 08:40:04	40052	1490920804826	430
72	4	45075	0	8538	2017-03-31 08:40:04	40072	1490920804859	431
73	4	45075	0	9953	2017-03-31 08:40:04	40073	1490920804893	432
41	4	45075	0	4149	2017-03-31 08:40:04	40041	1490920804943	433
122	4	45075	0	4513	2017-03-31 08:40:04	40122	1490920804976	434
50	4	45075	0	8619	2017-03-31 08:40:05	40050	1490920805010	435
84	4	45075	0	8630	2017-03-31 08:40:05	40084	1490920805043	436
129	4	45075	0	10195	2017-03-31 08:40:05	40129	1490920805076	437
71	4	45075	0	9260	2017-03-31 08:40:05	40071	1490920805110	438
128	4	45075	0	9171	2017-03-31 08:40:05	40128	1490920805143	439
40	4	45075	0	13657	2017-03-31 08:40:05	40040	1490920805176	440
83	4	45075	0	8830	2017-03-31 08:40:05	40083	1490920805210	441
75	4	45075	0	9551	2017-03-31 08:40:05	40075	1490920805243	442
139	4	45075	0	15040	2017-03-31 08:40:05	40139	1490920805278	443
74	4	45075	0	494	2017-03-31 08:40:05	40074	1490920805310	444
136	4	45075	0	5642	2017-03-31 08:40:05	40136	1490920805343	445
130	4	45075	0	9575	2017-03-31 08:40:05	40130	1490920805377	446
57	4	45075	0	5377	2017-03-31 08:40:05	40057	1490920805410	447
138	4	45075	0	14019	2017-03-31 08:40:05	40138	1490920805444	448
80	4	45075	0	12217	2017-03-31 08:40:05	40080	1490920805477	449
133	4	45076	0	9414	2017-03-31 08:40:05	40133	1490920805510	450
137	4	45075	0	488	2017-03-31 08:40:05	40137	1490920805544	451
44	4	45075	0	9227	2017-03-31 08:40:05	40044	1490920805577	452
127	4	45075	0	5674	2017-03-31 08:40:05	40127	1490920805636	453
131	4	45075	0	14171	2017-03-31 08:40:05	40131	1490920805669	454
79	4	45075	0	3692	2017-03-31 08:40:05	40079	1490920805702	455
120	4	45075	0	13835	2017-03-31 08:40:05	40120	1490920805736	456
135	4	45075	0	14522	2017-03-31 08:40:05	40135	1490920805794	457
78	4	45075	0	10846	2017-03-31 08:40:05	40078	1490920805828	458
132	4	45075	0	14453	2017-03-31 08:40:05	40132	1490920805861	459
55	4	45075	0	10041	2017-03-31 08:40:05	40055	1490920805911	460
68	4	45075	0	8606	2017-03-31 08:40:05	40068	1490920805944	461
42	4	45075	0	1139	2017-03-31 08:40:05	40042	1490920805994	462
64	4	45075	0	8606	2017-03-31 08:40:06	40064	1490920806028	463
69	4	45075	0	4155	2017-03-31 08:40:06	40069	1490920806061	464
85	4	45075	0	8976	2017-03-31 08:40:06	40085	1490920806120	465
65	4	45075	0	8650	2017-03-31 08:40:06	40065	1490920806153	466
119	4	45075	0	9773	2017-03-31 08:40:06	40119	1490920806186	467
48	4	45079	0	12550	2017-03-31 08:40:06	40048	1490920806220	468
123	4	45075	0	14220	2017-03-31 08:40:06	40123	1490920806253	469
51	4	45075	0	11413	2017-03-31 08:40:06	40051	1490920806287	470
2	5	40979	0	16194	2017-03-31 08:41:01	40002	1490920861023	471
21	5	40979	0	9691	2017-03-31 08:41:01	40021	1490920861111	472
3	5	40979	0	15394	2017-03-31 08:41:01	40003	1490920861152	473
15	5	40979	0	15532	2017-03-31 08:41:01	40015	1490920861223	474
1	5	40979	0	6875	2017-03-31 08:41:01	40001	1490920861272	475
18	5	40979	0	562	2017-03-31 08:41:01	40018	1490920861311	476
22	5	40979	0	16100	2017-03-31 08:41:01	40022	1490920861427	477
14	5	40979	0	9445	2017-03-31 08:41:01	40014	1490920861469	478
20	5	40979	0	15601	2017-03-31 08:41:01	40020	1490920861511	479
12	5	40979	0	15378	2017-03-31 08:41:01	40012	1490920861553	480
19	5	40979	0	15984	2017-03-31 08:41:01	40019	1490920861594	481
6	5	40979	0	15725	2017-03-31 08:41:01	40006	1490920861628	482
11	5	40979	0	2898	2017-03-31 08:41:01	40011	1490920861661	483
8	5	40979	0	1194	2017-03-31 08:41:01	40008	1490920861720	484
7	5	40983	0	11349	2017-03-31 08:41:01	40007	1490920861753	485
17	5	40979	0	15690	2017-03-31 08:41:01	40017	1490920861786	486
10	5	40979	0	9947	2017-03-31 08:41:01	40010	1490920861820	487
13	5	40979	0	10346	2017-03-31 08:41:01	40013	1490920861853	488
4	5	40979	0	10390	2017-03-31 08:41:01	40004	1490920861903	489
27	5	40979	0	9799	2017-03-31 08:41:03	40027	1490920863001	490
30	5	40979	0	12844	2017-03-31 08:41:03	40030	1490920863062	491
34	5	40979	0	8282	2017-03-31 08:41:03	40034	1490920863154	492
39	5	40979	0	15254	2017-03-31 08:41:03	40039	1490920863203	493
35	5	40979	0	9943	2017-03-31 08:41:03	40035	1490920863237	494
36	5	40979	0	9724	2017-03-31 08:41:03	40036	1490920863270	495
24	5	40979	0	9364	2017-03-31 08:41:03	40024	1490920863303	496
26	5	40979	0	3594	2017-03-31 08:41:03	40026	1490920863337	497
28	5	40979	0	4843	2017-03-31 08:41:03	40028	1490920863370	498
37	5	40979	0	11932	2017-03-31 08:41:03	40037	1490920863404	499
25	5	40979	0	13332	2017-03-31 08:41:03	40025	1490920863437	500
32	5	40979	0	12388	2017-03-31 08:41:03	40032	1490920863470	501
38	5	40979	0	12363	2017-03-31 08:41:03	40038	1490920863504	502
33	5	40979	0	7608	2017-03-31 08:41:03	40033	1490920863537	503
31	5	40979	0	11455	2017-03-31 08:41:03	40031	1490920863571	504
43	5	40979	0	10757	2017-03-31 08:41:03	40043	1490920863662	505
134	5	40979	0	10337	2017-03-31 08:41:03	40134	1490920863905	506
118	5	40979	0	5828	2017-03-31 08:41:04	40118	1490920864146	507
47	5	40979	0	2402	2017-03-31 08:41:04	40047	1490920864228	508
124	5	40979	0	3893	2017-03-31 08:41:04	40124	1490920864297	509
127	5	40979	0	5674	2017-03-31 08:41:04	40127	1490920864347	510
131	5	40979	0	15944	2017-03-31 08:41:04	40131	1490920864381	511
64	5	40979	0	9314	2017-03-31 08:41:04	40064	1490920864431	512
48	5	40979	0	13733	2017-03-31 08:41:04	40048	1490920864464	513
57	5	40979	0	5377	2017-03-31 08:41:04	40057	1490920864498	514
122	5	40979	0	4513	2017-03-31 08:41:04	40122	1490920864531	515
41	5	40979	0	4149	2017-03-31 08:41:04	40041	1490920864564	516
138	5	40979	0	15737	2017-03-31 08:41:04	40138	1490920864598	517
76	5	40979	0	10062	2017-03-31 08:41:04	40076	1490920864631	518
130	5	40979	0	10301	2017-03-31 08:41:04	40130	1490920864664	519
68	5	40979	0	9308	2017-03-31 08:41:04	40068	1490920864698	520
40	5	40979	0	15441	2017-03-31 08:41:04	40040	1490920864731	521
59	5	40979	0	15279	2017-03-31 08:41:04	40059	1490920864765	522
80	5	40979	0	12925	2017-03-31 08:41:04	40080	1490920864798	523
44	5	40979	0	9935	2017-03-31 08:41:04	40044	1490920864831	524
133	5	40979	0	10290	2017-03-31 08:41:04	40133	1490920864865	525
51	5	40979	0	12478	2017-03-31 08:41:04	40051	1490920864898	526
66	5	40979	0	9798	2017-03-31 08:41:04	40066	1490920864932	527
81	5	40979	0	10940	2017-03-31 08:41:04	40081	1490920864965	528
42	5	40979	0	1139	2017-03-31 08:41:04	40042	1490920864998	529
137	5	40979	0	488	2017-03-31 08:41:05	40137	1490920865032	530
78	5	40979	0	11909	2017-03-31 08:41:05	40078	1490920865067	531
75	5	40979	0	10480	2017-03-31 08:41:05	40075	1490920865099	532
120	5	40979	0	15608	2017-03-31 08:41:05	40120	1490920865132	533
117	5	40979	0	10853	2017-03-31 08:41:05	40117	1490920865165	534
115	5	40979	0	15522	2017-03-31 08:41:05	40115	1490920865199	535
77	5	40979	0	9433	2017-03-31 08:41:05	40077	1490920865232	536
70	5	40979	0	10319	2017-03-31 08:41:05	40070	1490920865265	537
129	5	40979	0	11179	2017-03-31 08:41:05	40129	1490920865299	538
74	5	40979	0	494	2017-03-31 08:41:05	40074	1490920865332	539
126	5	40979	0	16249	2017-03-31 08:41:05	40126	1490920865366	540
79	5	40979	0	3692	2017-03-31 08:41:05	40079	1490920865399	541
132	5	40979	0	16241	2017-03-31 08:41:05	40132	1490920865432	542
123	5	40979	0	15976	2017-03-31 08:41:05	40123	1490920865466	543
65	5	40979	0	9358	2017-03-31 08:41:05	40065	1490920865524	544
55	5	40979	0	10783	2017-03-31 08:41:05	40055	1490920865558	545
63	5	40979	0	9882	2017-03-31 08:41:05	40063	1490920865591	546
128	5	40979	0	9879	2017-03-31 08:41:05	40128	1490920865624	547
119	5	40979	0	10481	2017-03-31 08:41:05	40119	1490920865658	548
136	5	40979	0	5642	2017-03-31 08:41:05	40136	1490920865708	549
135	5	40979	0	16243	2017-03-31 08:41:05	40135	1490920865741	550
46	5	40979	0	491	2017-03-31 08:41:05	40046	1490920865775	551
85	5	40979	0	9684	2017-03-31 08:41:05	40085	1490920865808	552
67	5	40979	0	9620	2017-03-31 08:41:05	40067	1490920865841	553
116	5	40979	0	11984	2017-03-31 08:41:05	40116	1490920865875	554
139	5	40979	0	16642	2017-03-31 08:41:05	40139	1490920865908	555
84	5	40979	0	9380	2017-03-31 08:41:05	40084	1490920865942	556
69	5	40979	0	4155	2017-03-31 08:41:06	40069	1490920866000	557
73	5	40979	0	10686	2017-03-31 08:41:06	40073	1490920866033	558
52	5	40979	0	1298	2017-03-31 08:41:06	40052	1490920866142	559
71	5	40979	0	9968	2017-03-31 08:41:06	40071	1490920866175	560
121	5	40979	0	17565	2017-03-31 08:41:06	40121	1490920866209	561
50	5	40979	0	9327	2017-03-31 08:41:06	40050	1490920866242	562
83	5	40979	0	9538	2017-03-31 08:41:06	40083	1490920866294	563
72	5	40979	0	9246	2017-03-31 08:41:06	40072	1490920866325	564
2	6	36883	0	18106	2017-03-31 08:42:01	40002	1490920921024	565
21	6	36883	0	10720	2017-03-31 08:42:01	40021	1490920921108	566
3	6	36883	0	17140	2017-03-31 08:42:01	40003	1490920921148	567
15	6	36883	0	17235	2017-03-31 08:42:01	40015	1490920921220	568
1	6	36883	0	6875	2017-03-31 08:42:01	40001	1490920921268	569
18	6	36883	0	562	2017-03-31 08:42:01	40018	1490920921312	570
22	6	36883	0	17973	2017-03-31 08:42:01	40022	1490920921428	571
7	6	36883	0	12060	2017-03-31 08:42:01	40007	1490920921483	572
20	6	36883	0	17354	2017-03-31 08:42:01	40020	1490920921516	573
12	6	36883	0	17242	2017-03-31 08:42:01	40012	1490920921549	574
10	6	36883	0	10655	2017-03-31 08:42:01	40010	1490920921591	575
17	6	36883	0	17578	2017-03-31 08:42:01	40017	1490920921624	576
19	6	36883	0	17771	2017-03-31 08:42:01	40019	1490920921658	577
11	6	36883	0	2898	2017-03-31 08:42:01	40011	1490920921691	578
13	6	36883	0	11054	2017-03-31 08:42:01	40013	1490920921725	579
4	6	36883	0	11098	2017-03-31 08:42:01	40004	1490920921758	580
8	6	36883	0	1194	2017-03-31 08:42:01	40008	1490920921791	581
6	6	36888	0	17434	2017-03-31 08:42:01	40006	1490920921825	582
14	6	36883	0	10153	2017-03-31 08:42:01	40014	1490920921858	583
27	6	36883	0	10507	2017-03-31 08:42:03	40027	1490920923000	584
30	6	36883	0	14011	2017-03-31 08:42:03	40030	1490920923083	585
34	6	36883	0	9207	2017-03-31 08:42:03	40034	1490920923147	586
24	6	36883	0	10072	2017-03-31 08:42:03	40024	1490920923175	587
39	6	36883	0	16990	2017-03-31 08:42:03	40039	1490920923208	588
32	6	36883	0	14090	2017-03-31 08:42:03	40032	1490920923242	589
33	6	36883	0	8316	2017-03-31 08:42:03	40033	1490920923275	590
35	6	36883	0	10651	2017-03-31 08:42:03	40035	1490920923309	591
37	6	36883	0	12751	2017-03-31 08:42:03	40037	1490920923342	592
25	6	36883	0	15052	2017-03-31 08:42:03	40025	1490920923376	593
38	6	36883	0	13728	2017-03-31 08:42:03	40038	1490920923409	594
26	6	36883	0	3594	2017-03-31 08:42:03	40026	1490920923442	595
31	6	36883	0	12788	2017-03-31 08:42:03	40031	1490920923476	596
28	6	36883	0	4843	2017-03-31 08:42:03	40028	1490920923509	597
36	6	36883	0	10432	2017-03-31 08:42:03	40036	1490920923542	598
43	6	36883	0	11504	2017-03-31 08:42:03	40043	1490920923660	599
134	6	36883	0	11045	2017-03-31 08:42:03	40134	1490920923894	600
118	6	36883	0	5828	2017-03-31 08:42:04	40118	1490920924152	601
47	6	36883	0	2402	2017-03-31 08:42:04	40047	1490920924229	602
124	6	36883	0	3893	2017-03-31 08:42:04	40124	1490920924268	603
66	6	36883	0	10506	2017-03-31 08:42:04	40066	1490920924310	604
67	6	36883	0	10362	2017-03-31 08:42:04	40067	1490920924343	605
127	6	36883	0	5674	2017-03-31 08:42:04	40127	1490920924376	606
78	6	36883	0	13086	2017-03-31 08:42:04	40078	1490920924410	607
64	6	36883	0	10022	2017-03-31 08:42:04	40064	1490920924443	608
122	6	36883	0	4513	2017-03-31 08:42:04	40122	1490920924476	609
44	6	36883	0	10643	2017-03-31 08:42:04	40044	1490920924510	610
69	6	36883	0	4155	2017-03-31 08:42:04	40069	1490920924543	611
135	6	36883	0	18025	2017-03-31 08:42:04	40135	1490920924578	612
120	6	36883	0	17373	2017-03-31 08:42:04	40120	1490920924611	613
73	6	36883	0	11411	2017-03-31 08:42:04	40073	1490920924645	614
68	6	36883	0	10016	2017-03-31 08:42:04	40068	1490920924678	615
130	6	36883	0	11009	2017-03-31 08:42:04	40130	1490920924711	616
128	6	36883	0	10587	2017-03-31 08:42:04	40128	1490920924745	617
126	6	36883	0	18084	2017-03-31 08:42:04	40126	1490920924778	618
85	6	36883	0	10392	2017-03-31 08:42:04	40085	1490920924812	619
46	6	36883	0	491	2017-03-31 08:42:04	40046	1490920924845	620
51	6	36883	0	13502	2017-03-31 08:42:04	40051	1490920924878	621
129	6	36883	0	12212	2017-03-31 08:42:04	40129	1490920924912	622
40	6	36883	0	17310	2017-03-31 08:42:04	40040	1490920924945	623
70	6	36883	0	11027	2017-03-31 08:42:04	40070	1490920924979	624
74	6	36883	0	494	2017-03-31 08:42:05	40074	1490920925012	625
121	6	36883	0	19339	2017-03-31 08:42:05	40121	1490920925045	626
72	6	36883	0	9954	2017-03-31 08:42:05	40072	1490920925079	627
71	6	36883	0	10676	2017-03-31 08:42:05	40071	1490920925112	628
48	6	36883	0	14796	2017-03-31 08:42:05	40048	1490920925146	629
50	6	36883	0	10035	2017-03-31 08:42:05	40050	1490920925179	630
59	6	36883	0	17033	2017-03-31 08:42:05	40059	1490920925237	631
55	6	36883	0	11503	2017-03-31 08:42:05	40055	1490920925271	632
77	6	36883	0	10141	2017-03-31 08:42:05	40077	1490920925304	633
136	6	36883	0	5642	2017-03-31 08:42:05	40136	1490920925337	634
83	6	36883	0	10240	2017-03-31 08:42:05	40083	1490920925371	635
41	6	36883	0	4149	2017-03-31 08:42:05	40041	1490920925421	636
80	6	36883	0	13633	2017-03-31 08:42:05	40080	1490920925454	637
84	6	36883	0	10088	2017-03-31 08:42:05	40084	1490920925553	638
139	6	36883	0	18656	2017-03-31 08:42:05	40139	1490920925596	639
117	6	36883	0	11561	2017-03-31 08:42:05	40117	1490920925648	640
131	6	36883	0	17650	2017-03-31 08:42:05	40131	1490920925679	641
119	6	36883	0	11239	2017-03-31 08:42:05	40119	1490920925713	642
76	6	36883	0	10770	2017-03-31 08:42:05	40076	1490920925746	643
123	6	36883	0	17745	2017-03-31 08:42:05	40123	1490920925780	644
57	6	36883	0	5377	2017-03-31 08:42:05	40057	1490920925813	645
81	6	36883	0	11854	2017-03-31 08:42:05	40081	1490920925846	646
42	6	36883	0	1139	2017-03-31 08:42:05	40042	1490920925880	647
63	6	36883	0	10590	2017-03-31 08:42:05	40063	1490920925913	648
115	6	36883	0	17276	2017-03-31 08:42:05	40115	1490920925947	649
79	6	36883	0	3692	2017-03-31 08:42:05	40079	1490920925980	650
65	6	36883	0	10066	2017-03-31 08:42:06	40065	1490920926013	651
116	6	36883	0	13215	2017-03-31 08:42:06	40116	1490920926072	652
132	6	36883	0	17997	2017-03-31 08:42:06	40132	1490920926105	653
75	6	36883	0	11402	2017-03-31 08:42:06	40075	1490920926139	654
137	6	36883	0	488	2017-03-31 08:42:06	40137	1490920926172	655
52	6	36883	0	1298	2017-03-31 08:42:06	40052	1490920926205	656
138	6	36883	0	17421	2017-03-31 08:42:06	40138	1490920926239	657
133	6	36883	0	11074	2017-03-31 08:42:06	40133	1490920926272	658
2	7	32787	0	19959	2017-03-31 08:43:01	40002	1490920981020	659
21	7	32787	0	11939	2017-03-31 08:43:01	40021	1490920981108	660
3	7	32787	0	18900	2017-03-31 08:43:01	40003	1490920981162	661
15	7	32787	0	18938	2017-03-31 08:43:01	40015	1490920981220	662
1	7	32787	0	6875	2017-03-31 08:43:01	40001	1490920981268	663
18	7	32787	0	562	2017-03-31 08:43:01	40018	1490920981308	664
22	7	32787	0	19764	2017-03-31 08:43:01	40022	1490920981424	665
14	7	32787	0	10861	2017-03-31 08:43:01	40014	1490920981464	666
7	7	32787	0	12768	2017-03-31 08:43:01	40007	1490920981496	667
12	7	32787	0	19022	2017-03-31 08:43:01	40012	1490920981530	668
20	7	32787	0	19052	2017-03-31 08:43:01	40020	1490920981563	669
19	7	32787	0	19533	2017-03-31 08:43:01	40019	1490920981596	670
17	7	32787	0	19468	2017-03-31 08:43:01	40017	1490920981630	671
10	7	32787	0	11363	2017-03-31 08:43:01	40010	1490920981663	672
6	7	32787	0	19187	2017-03-31 08:43:01	40006	1490920981696	673
13	7	32787	0	11762	2017-03-31 08:43:01	40013	1490920981730	674
11	7	32787	0	2898	2017-03-31 08:43:01	40011	1490920981763	675
8	7	32787	0	1194	2017-03-31 08:43:01	40008	1490920981797	676
4	7	32787	0	11806	2017-03-31 08:43:01	40004	1490920981830	677
27	7	32787	0	11248	2017-03-31 08:43:02	40027	1490920982999	678
30	7	32787	0	15394	2017-03-31 08:43:03	40030	1490920983072	679
24	7	32787	0	10855	2017-03-31 08:43:03	40024	1490920983156	680
26	7	32787	0	3594	2017-03-31 08:43:03	40026	1490920983205	681
32	7	32787	0	15842	2017-03-31 08:43:03	40032	1490920983239	682
34	7	32787	0	10306	2017-03-31 08:43:03	40034	1490920983272	683
37	7	32787	0	13664	2017-03-31 08:43:03	40037	1490920983305	684
39	7	32787	0	18776	2017-03-31 08:43:03	40039	1490920983339	685
31	7	32787	0	13645	2017-03-31 08:43:03	40031	1490920983372	686
38	7	32787	0	14717	2017-03-31 08:43:03	40038	1490920983406	687
33	7	32787	0	9096	2017-03-31 08:43:03	40033	1490920983439	688
36	7	32787	0	11188	2017-03-31 08:43:03	40036	1490920983472	689
35	7	32787	0	11411	2017-03-31 08:43:03	40035	1490920983506	690
28	7	32787	0	4843	2017-03-31 08:43:03	40028	1490920983539	691
25	7	32787	0	16691	2017-03-31 08:43:03	40025	1490920983573	692
43	7	32788	0	12626	2017-03-31 08:43:03	40043	1490920983659	693
134	7	32787	0	11753	2017-03-31 08:43:03	40134	1490920983899	694
118	7	32787	0	5828	2017-03-31 08:43:04	40118	1490920984144	695
47	7	32787	0	2402	2017-03-31 08:43:04	40047	1490920984213	696
124	7	32787	0	3893	2017-03-31 08:43:04	40124	1490920984269	697
80	7	32787	0	14341	2017-03-31 08:43:04	40080	1490920984307	698
67	7	32787	0	11245	2017-03-31 08:43:04	40067	1490920984340	699
63	7	32787	0	11298	2017-03-31 08:43:04	40063	1490920984373	700
127	7	32787	0	5674	2017-03-31 08:43:04	40127	1490920984406	701
116	7	32787	0	13942	2017-03-31 08:43:04	40116	1490920984440	702
48	7	32787	0	15671	2017-03-31 08:43:04	40048	1490920984473	703
41	7	32787	0	4149	2017-03-31 08:43:04	40041	1490920984507	704
129	7	32787	0	13041	2017-03-31 08:43:04	40129	1490920984540	705
52	7	32787	0	1298	2017-03-31 08:43:04	40052	1490920984573	706
55	7	32787	0	12361	2017-03-31 08:43:04	40055	1490920984607	707
83	7	32787	0	10948	2017-03-31 08:43:04	40083	1490920984640	708
73	7	32787	0	12119	2017-03-31 08:43:04	40073	1490920984674	709
46	7	32787	0	491	2017-03-31 08:43:04	40046	1490920984707	710
81	7	32787	0	12562	2017-03-31 08:43:04	40081	1490920984740	711
136	7	32787	0	5642	2017-03-31 08:43:04	40136	1490920984774	712
57	7	32787	0	5377	2017-03-31 08:43:04	40057	1490920984807	713
68	7	32787	0	10724	2017-03-31 08:43:04	40068	1490920984841	714
69	7	32787	0	4155	2017-03-31 08:43:04	40069	1490920984874	715
77	7	32787	0	10849	2017-03-31 08:43:04	40077	1490920984933	716
44	7	32787	0	11810	2017-03-31 08:43:04	40044	1490920984967	717
84	7	32787	0	10796	2017-03-31 08:43:05	40084	1490920985000	718
131	7	32787	0	19428	2017-03-31 08:43:05	40131	1490920985034	719
85	7	32787	0	11100	2017-03-31 08:43:05	40085	1490920985067	720
132	7	32787	0	19681	2017-03-31 08:43:05	40132	1490920985101	721
79	7	32787	0	3692	2017-03-31 08:43:05	40079	1490920985151	722
139	7	32787	0	20401	2017-03-31 08:43:05	40139	1490920985184	723
51	7	32787	0	14492	2017-03-31 08:43:05	40051	1490920985217	724
119	7	32787	0	11947	2017-03-31 08:43:05	40119	1490920985251	725
65	7	32787	0	10774	2017-03-31 08:43:05	40065	1490920985284	726
133	7	32787	0	11782	2017-03-31 08:43:05	40133	1490920985318	727
40	7	32787	0	19155	2017-03-31 08:43:05	40040	1490920985368	728
128	7	32787	0	11312	2017-03-31 08:43:05	40128	1490920985401	729
123	7	32787	0	19505	2017-03-31 08:43:05	40123	1490920985436	730
122	7	32787	0	4513	2017-03-31 08:43:05	40122	1490920985468	731
72	7	32787	0	10662	2017-03-31 08:43:05	40072	1490920985501	732
42	7	32787	0	1139	2017-03-31 08:43:05	40042	1490920985535	733
66	7	32787	0	11214	2017-03-31 08:43:05	40066	1490920985568	734
70	7	32787	0	11735	2017-03-31 08:43:05	40070	1490920985601	735
137	7	32787	0	488	2017-03-31 08:43:05	40137	1490920985635	736
126	7	32787	0	19844	2017-03-31 08:43:05	40126	1490920985668	737
121	7	32787	0	21083	2017-03-31 08:43:05	40121	1490920985702	738
71	7	32787	0	11384	2017-03-31 08:43:05	40071	1490920985735	739
78	7	32787	0	13847	2017-03-31 08:43:05	40078	1490920985768	740
75	7	32787	0	12354	2017-03-31 08:43:05	40075	1490920985802	741
59	7	32787	0	18786	2017-03-31 08:43:05	40059	1490920985835	742
76	7	32787	0	11842	2017-03-31 08:43:05	40076	1490920985894	743
64	7	32787	0	10730	2017-03-31 08:43:05	40064	1490920985927	744
130	7	32787	0	11717	2017-03-31 08:43:05	40130	1490920985960	745
138	7	32787	0	19179	2017-03-31 08:43:05	40138	1490920985994	746
74	7	32787	0	494	2017-03-31 08:43:06	40074	1490920986027	747
117	7	32787	0	12269	2017-03-31 08:43:06	40117	1490920986060	748
115	7	32787	0	18932	2017-03-31 08:43:06	40115	1490920986127	749
50	7	32787	0	10794	2017-03-31 08:43:06	40050	1490920986161	750
135	7	32787	0	19887	2017-03-31 08:43:06	40135	1490920986219	751
120	7	32787	0	19056	2017-03-31 08:43:06	40120	1490920986261	752
2	8	28691	0	21833	2017-03-31 08:44:01	40002	1490921041021	753
21	8	28691	0	12834	2017-03-31 08:44:01	40021	1490921041105	754
3	8	28691	0	20662	2017-03-31 08:44:01	40003	1490921041144	755
15	8	28691	0	20709	2017-03-31 08:44:01	40015	1490921041220	756
1	8	28691	0	6875	2017-03-31 08:44:01	40001	1490921041276	757
18	8	28691	0	562	2017-03-31 08:44:01	40018	1490921041326	758
22	8	28691	0	21545	2017-03-31 08:44:01	40022	1490921041425	759
14	8	28691	0	11569	2017-03-31 08:44:01	40014	1490921041464	760
7	8	28691	0	13476	2017-03-31 08:44:01	40007	1490921041493	761
12	8	28691	0	20729	2017-03-31 08:44:01	40012	1490921041527	762
20	8	28691	0	20772	2017-03-31 08:44:01	40020	1490921041560	763
19	8	28691	0	21277	2017-03-31 08:44:01	40019	1490921041593	764
17	8	28691	0	21153	2017-03-31 08:44:01	40017	1490921041627	765
11	8	28691	0	2898	2017-03-31 08:44:01	40011	1490921041660	766
13	8	28691	0	12470	2017-03-31 08:44:01	40013	1490921041693	767
10	8	28691	0	12071	2017-03-31 08:44:01	40010	1490921041727	768
4	8	28691	0	12514	2017-03-31 08:44:01	40004	1490921041760	769
8	8	28691	0	1194	2017-03-31 08:44:01	40008	1490921041794	770
6	8	28691	0	20917	2017-03-31 08:44:01	40006	1490921041827	771
27	8	28691	0	11956	2017-03-31 08:44:02	40027	1490921042997	772
30	8	28691	0	16739	2017-03-31 08:44:03	40030	1490921043077	773
34	8	28691	0	11444	2017-03-31 08:44:03	40034	1490921043149	774
39	8	28691	0	20424	2017-03-31 08:44:03	40039	1490921043177	775
28	8	28691	0	4843	2017-03-31 08:44:03	40028	1490921043211	776
25	8	28691	0	18432	2017-03-31 08:44:03	40025	1490921043244	777
31	8	28691	0	15083	2017-03-31 08:44:03	40031	1490921043277	778
35	8	28691	0	12138	2017-03-31 08:44:03	40035	1490921043311	779
38	8	28691	0	15919	2017-03-31 08:44:03	40038	1490921043369	780
32	8	28691	0	17593	2017-03-31 08:44:03	40032	1490921043403	781
36	8	28691	0	11896	2017-03-31 08:44:03	40036	1490921043436	782
33	8	28691	0	9804	2017-03-31 08:44:03	40033	1490921043469	783
24	8	28691	0	11563	2017-03-31 08:44:03	40024	1490921043503	784
37	8	28691	0	14970	2017-03-31 08:44:03	40037	1490921043536	785
26	8	28691	0	3594	2017-03-31 08:44:03	40026	1490921043578	786
43	8	28691	0	13639	2017-03-31 08:44:03	40043	1490921043658	787
134	8	28691	0	12461	2017-03-31 08:44:03	40134	1490921043903	788
118	8	28691	0	5828	2017-03-31 08:44:04	40118	1490921044152	789
47	8	28691	0	2402	2017-03-31 08:44:04	40047	1490921044214	790
124	8	28691	0	3893	2017-03-31 08:44:04	40124	1490921044269	791
67	8	28691	0	12037	2017-03-31 08:44:04	40067	1490921044314	792
70	8	28691	0	12443	2017-03-31 08:44:04	40070	1490921044345	793
119	8	28691	0	12655	2017-03-31 08:44:04	40119	1490921044378	794
117	8	28691	0	12977	2017-03-31 08:44:04	40117	1490921044412	795
115	8	28691	0	20659	2017-03-31 08:44:04	40115	1490921044479	796
41	8	28691	0	4149	2017-03-31 08:44:04	40041	1490921044512	797
69	8	28691	0	4155	2017-03-31 08:44:04	40069	1490921044546	798
40	8	28691	0	20956	2017-03-31 08:44:04	40040	1490921044579	799
131	8	28691	0	21248	2017-03-31 08:44:04	40131	1490921044637	800
139	8	28691	0	22461	2017-03-31 08:44:04	40139	1490921044671	801
68	8	28691	0	11432	2017-03-31 08:44:04	40068	1490921044704	802
71	8	28691	0	12092	2017-03-31 08:44:04	40071	1490921044754	803
81	8	28691	0	13287	2017-03-31 08:44:04	40081	1490921044787	804
50	8	28691	0	11518	2017-03-31 08:44:04	40050	1490921044838	805
65	8	28691	0	11482	2017-03-31 08:44:04	40065	1490921044871	806
52	8	28691	0	1298	2017-03-31 08:44:04	40052	1490921044904	807
75	8	28691	0	13294	2017-03-31 08:44:04	40075	1490921044938	808
85	8	28691	0	11808	2017-03-31 08:44:04	40085	1490921044971	809
63	8	28691	0	12021	2017-03-31 08:44:05	40063	1490921045004	810
79	8	28691	0	3692	2017-03-31 08:44:05	40079	1490921045038	811
73	8	28691	0	12827	2017-03-31 08:44:05	40073	1490921045071	812
51	8	28691	0	15468	2017-03-31 08:44:05	40051	1490921045105	813
122	8	28691	0	4513	2017-03-31 08:44:05	40122	1490921045138	814
77	8	28691	0	11551	2017-03-31 08:44:05	40077	1490921045171	815
121	8	28691	0	22808	2017-03-31 08:44:05	40121	1490921045205	816
130	8	28691	0	12425	2017-03-31 08:44:05	40130	1490921045238	817
76	8	28691	0	12751	2017-03-31 08:44:05	40076	1490921045272	818
127	8	28691	0	5674	2017-03-31 08:44:05	40127	1490921045306	819
66	8	28691	0	11922	2017-03-31 08:44:05	40066	1490921045340	820
64	8	28691	0	11438	2017-03-31 08:44:05	40064	1490921045373	821
138	8	28691	0	21020	2017-03-31 08:44:05	40138	1490921045406	822
59	8	28691	0	20500	2017-03-31 08:44:05	40059	1490921045440	823
80	8	28691	0	15049	2017-03-31 08:44:05	40080	1490921045473	824
137	8	28691	0	488	2017-03-31 08:44:05	40137	1490921045506	825
46	8	28691	0	491	2017-03-31 08:44:05	40046	1490921045540	826
42	8	28691	0	1139	2017-03-31 08:44:05	40042	1490921045573	827
120	8	28691	0	20808	2017-03-31 08:44:05	40120	1490921045607	828
78	8	28691	0	14871	2017-03-31 08:44:05	40078	1490921045640	829
74	8	28691	0	494	2017-03-31 08:44:05	40074	1490921045673	830
57	8	28691	0	5377	2017-03-31 08:44:05	40057	1490921045707	831
116	8	28691	0	15060	2017-03-31 08:44:05	40116	1490921045740	832
135	8	28691	0	21783	2017-03-31 08:44:05	40135	1490921045774	833
129	8	28691	0	14222	2017-03-31 08:44:05	40129	1490921045807	834
126	8	28691	0	21775	2017-03-31 08:44:05	40126	1490921045840	835
132	8	28691	0	21463	2017-03-31 08:44:05	40132	1490921045882	836
55	8	28691	0	13107	2017-03-31 08:44:05	40055	1490921045941	837
136	8	28691	0	5642	2017-03-31 08:44:05	40136	1490921045982	838
83	8	28691	0	11656	2017-03-31 08:44:06	40083	1490921046024	839
84	8	28691	0	11504	2017-03-31 08:44:06	40084	1490921046066	840
123	8	28691	0	21284	2017-03-31 08:44:06	40123	1490921046124	841
44	8	28691	0	12793	2017-03-31 08:44:06	40044	1490921046166	842
128	8	28691	0	12020	2017-03-31 08:44:06	40128	1490921046207	843
72	8	28691	0	11370	2017-03-31 08:44:06	40072	1490921046249	844
133	8	28691	0	12490	2017-03-31 08:44:06	40133	1490921046291	845
48	8	28691	0	16532	2017-03-31 08:44:06	40048	1490921046333	846
2	9	24595	0	23686	2017-03-31 08:45:01	40002	1490921101017	847
21	9	24595	0	14343	2017-03-31 08:45:01	40021	1490921101105	848
3	9	24595	0	22401	2017-03-31 08:45:01	40003	1490921101141	849
15	9	24595	0	22450	2017-03-31 08:45:01	40015	1490921101217	850
1	9	24595	0	6875	2017-03-31 08:45:01	40001	1490921101282	851
18	9	24595	0	562	2017-03-31 08:45:01	40018	1490921101315	852
22	9	24595	0	23350	2017-03-31 08:45:01	40022	1490921101425	853
14	9	24595	0	12277	2017-03-31 08:45:01	40014	1490921101461	854
7	9	24595	0	14184	2017-03-31 08:45:01	40007	1490921101490	855
20	9	24595	0	22541	2017-03-31 08:45:01	40020	1490921101524	856
12	9	24595	0	22542	2017-03-31 08:45:01	40012	1490921101557	857
4	9	24595	0	13222	2017-03-31 08:45:01	40004	1490921101591	858
10	9	24595	0	12779	2017-03-31 08:45:01	40010	1490921101624	859
19	9	24595	0	23056	2017-03-31 08:45:01	40019	1490921101657	860
17	9	24595	0	23099	2017-03-31 08:45:01	40017	1490921101691	861
13	9	24595	0	13497	2017-03-31 08:45:01	40013	1490921101724	862
8	9	24595	0	1194	2017-03-31 08:45:01	40008	1490921101758	863
6	9	24595	0	22645	2017-03-31 08:45:01	40006	1490921101816	864
11	9	24595	0	2898	2017-03-31 08:45:01	40011	1490921101849	865
27	9	24595	0	12664	2017-03-31 08:45:02	40027	1490921102996	866
30	9	24595	0	17636	2017-03-31 08:45:03	40030	1490921103083	867
34	9	24595	0	12729	2017-03-31 08:45:03	40034	1490921103143	868
26	9	24595	0	3594	2017-03-31 08:45:03	40026	1490921103175	869
28	9	24595	0	4843	2017-03-31 08:45:03	40028	1490921103208	870
32	9	24595	0	19374	2017-03-31 08:45:03	40032	1490921103241	871
33	9	24595	0	10531	2017-03-31 08:45:03	40033	1490921103291	872
39	9	24595	0	22222	2017-03-31 08:45:03	40039	1490921103325	873
31	9	24595	0	16028	2017-03-31 08:45:03	40031	1490921103358	874
37	9	24595	0	16107	2017-03-31 08:45:03	40037	1490921103392	875
35	9	24595	0	12846	2017-03-31 08:45:03	40035	1490921103425	876
36	9	24595	0	12619	2017-03-31 08:45:03	40036	1490921103458	877
24	9	24595	0	12271	2017-03-31 08:45:03	40024	1490921103492	878
38	9	24595	0	16809	2017-03-31 08:45:03	40038	1490921103525	879
25	9	24595	0	20164	2017-03-31 08:45:03	40025	1490921103559	880
43	9	24595	0	14347	2017-03-31 08:45:03	40043	1490921103658	881
134	9	24595	0	13459	2017-03-31 08:45:03	40134	1490921103892	882
118	9	24595	0	5828	2017-03-31 08:45:04	40118	1490921104144	883
47	9	24595	0	2402	2017-03-31 08:45:04	40047	1490921104215	884
124	9	24595	0	3893	2017-03-31 08:45:04	40124	1490921104270	885
67	9	24595	0	12825	2017-03-31 08:45:04	40067	1490921104307	886
66	9	24595	0	12630	2017-03-31 08:45:04	40066	1490921104367	887
131	9	24595	0	23021	2017-03-31 08:45:04	40131	1490921104401	888
121	9	24595	0	24495	2017-03-31 08:45:04	40121	1490921104434	889
115	9	24595	0	22420	2017-03-31 08:45:04	40115	1490921104468	890
59	9	24595	0	22235	2017-03-31 08:45:04	40059	1490921104501	891
69	9	24595	0	4155	2017-03-31 08:45:04	40069	1490921104551	892
40	9	24595	0	22677	2017-03-31 08:45:04	40040	1490921104585	893
74	9	24595	0	494	2017-03-31 08:45:04	40074	1490921104618	894
44	9	24595	0	13501	2017-03-31 08:45:04	40044	1490921104651	895
57	9	24595	0	5377	2017-03-31 08:45:04	40057	1490921104701	896
129	9	24595	0	15158	2017-03-31 08:45:04	40129	1490921104735	897
119	9	24595	0	13363	2017-03-31 08:45:04	40119	1490921104768	898
64	9	24595	0	12146	2017-03-31 08:45:04	40064	1490921104801	899
65	9	24595	0	12190	2017-03-31 08:45:04	40065	1490921104835	900
71	9	24595	0	12816	2017-03-31 08:45:04	40071	1490921104868	901
137	9	24595	0	488	2017-03-31 08:45:04	40137	1490921104943	902
42	9	24595	0	1139	2017-03-31 08:45:04	40042	1490921104977	903
132	9	24595	0	23251	2017-03-31 08:45:05	40132	1490921105010	904
80	9	24595	0	15757	2017-03-31 08:45:05	40080	1490921105043	905
68	9	24595	0	12140	2017-03-31 08:45:05	40068	1490921105077	906
133	9	24595	0	13198	2017-03-31 08:45:05	40133	1490921105110	907
127	9	24595	0	5674	2017-03-31 08:45:05	40127	1490921105144	908
120	9	24595	0	22621	2017-03-31 08:45:05	40120	1490921105177	909
55	9	24595	0	13815	2017-03-31 08:45:05	40055	1490921105210	910
77	9	24595	0	12262	2017-03-31 08:45:05	40077	1490921105244	911
139	9	24595	0	24262	2017-03-31 08:45:05	40139	1490921105279	912
83	9	24595	0	12364	2017-03-31 08:45:05	40083	1490921105311	913
50	9	24595	0	12226	2017-03-31 08:45:05	40050	1490921105344	914
84	9	24595	0	12212	2017-03-31 08:45:05	40084	1490921105377	915
128	9	24595	0	12743	2017-03-31 08:45:05	40128	1490921105412	916
85	9	24595	0	12516	2017-03-31 08:45:05	40085	1490921105454	917
123	9	24595	0	23131	2017-03-31 08:45:05	40123	1490921105495	918
48	9	24595	0	17657	2017-03-31 08:45:05	40048	1490921105537	919
70	9	24595	0	13151	2017-03-31 08:45:05	40070	1490921105579	920
126	9	24595	0	23684	2017-03-31 08:45:05	40126	1490921105637	921
116	9	24595	0	16147	2017-03-31 08:45:05	40116	1490921105679	922
136	9	24595	0	5642	2017-03-31 08:45:05	40136	1490921105721	923
76	9	24595	0	13459	2017-03-31 08:45:05	40076	1490921105762	924
79	9	24595	0	3692	2017-03-31 08:45:05	40079	1490921105821	925
135	9	24595	0	23630	2017-03-31 08:45:05	40135	1490921105863	926
63	9	24595	0	12885	2017-03-31 08:45:05	40063	1490921105905	927
41	9	24595	0	4149	2017-03-31 08:45:05	40041	1490921105946	928
75	9	24595	0	14211	2017-03-31 08:45:05	40075	1490921105989	929
81	9	24595	0	14326	2017-03-31 08:45:06	40081	1490921106029	930
130	9	24595	0	13133	2017-03-31 08:45:06	40130	1490921106071	931
122	9	24595	0	4513	2017-03-31 08:45:06	40122	1490921106113	932
72	9	24595	0	12078	2017-03-31 08:45:06	40072	1490921106155	933
117	9	24595	0	13798	2017-03-31 08:45:06	40117	1490921106188	934
46	9	24595	0	491	2017-03-31 08:45:06	40046	1490921106221	935
52	9	24595	0	1298	2017-03-31 08:45:06	40052	1490921106255	936
138	9	24595	0	22873	2017-03-31 08:45:06	40138	1490921106288	937
51	9	24595	0	16725	2017-03-31 08:45:06	40051	1490921106322	938
73	9	24595	0	13535	2017-03-31 08:45:06	40073	1490921106355	939
78	9	24595	0	15962	2017-03-31 08:45:06	40078	1490921106388	940
2	10	20499	0	25516	2017-03-31 08:46:01	40002	1490921161017	941
21	10	20499	0	15396	2017-03-31 08:46:01	40021	1490921161105	942
3	10	20499	0	24126	2017-03-31 08:46:01	40003	1490921161141	943
15	10	20500	0	24169	2017-03-31 08:46:01	40015	1490921161219	944
1	10	20499	0	6875	2017-03-31 08:46:01	40001	1490921161261	945
18	10	20499	0	562	2017-03-31 08:46:01	40018	1490921161301	946
22	10	20500	0	25090	2017-03-31 08:46:01	40022	1490921161421	947
14	10	20499	0	12985	2017-03-31 08:46:01	40014	1490921161461	948
12	10	20499	0	24276	2017-03-31 08:46:01	40012	1490921161522	949
20	10	20499	0	24301	2017-03-31 08:46:01	40020	1490921161555	950
10	10	20499	0	13487	2017-03-31 08:46:01	40010	1490921161589	951
6	10	20499	0	24356	2017-03-31 08:46:01	40006	1490921161622	952
19	10	20499	0	24991	2017-03-31 08:46:01	40019	1490921161656	953
7	10	20499	0	14892	2017-03-31 08:46:01	40007	1490921161689	954
8	10	20499	0	1194	2017-03-31 08:46:01	40008	1490921161739	955
13	10	20499	0	14205	2017-03-31 08:46:01	40013	1490921161772	956
11	10	20499	0	2898	2017-03-31 08:46:01	40011	1490921161806	957
17	10	20499	0	24939	2017-03-31 08:46:01	40017	1490921161839	958
4	10	20499	0	13930	2017-03-31 08:46:01	40004	1490921161873	959
27	10	20499	0	13372	2017-03-31 08:46:02	40027	1490921162994	960
30	10	20499	0	19014	2017-03-31 08:46:03	40030	1490921163073	961
34	10	20499	0	13914	2017-03-31 08:46:03	40034	1490921163152	962
26	10	20499	0	3594	2017-03-31 08:46:03	40026	1490921163181	963
24	10	20499	0	12979	2017-03-31 08:46:03	40024	1490921163215	964
32	10	20499	0	21227	2017-03-31 08:46:03	40032	1490921163248	965
39	10	20499	0	23964	2017-03-31 08:46:03	40039	1490921163281	966
25	10	20499	0	21872	2017-03-31 08:46:03	40025	1490921163315	967
33	10	20499	0	11239	2017-03-31 08:46:03	40033	1490921163365	968
28	10	20499	0	4843	2017-03-31 08:46:03	40028	1490921163398	969
35	10	20499	0	13774	2017-03-31 08:46:03	40035	1490921163448	970
37	10	20499	0	17120	2017-03-31 08:46:03	40037	1490921163482	971
38	10	20499	0	17997	2017-03-31 08:46:03	40038	1490921163515	972
31	10	20499	0	17251	2017-03-31 08:46:03	40031	1490921163548	973
36	10	20499	0	13449	2017-03-31 08:46:03	40036	1490921163582	974
43	10	20499	0	15055	2017-03-31 08:46:03	40043	1490921163656	975
134	10	20499	0	14468	2017-03-31 08:46:03	40134	1490921163898	976
118	10	20499	0	5828	2017-03-31 08:46:04	40118	1490921164152	977
47	10	20499	0	2402	2017-03-31 08:46:04	40047	1490921164215	978
124	10	20499	0	3893	2017-03-31 08:46:04	40124	1490921164270	979
66	10	20499	0	13338	2017-03-31 08:46:04	40066	1490921164306	980
80	10	20499	0	16459	2017-03-31 08:46:04	40080	1490921164341	981
70	10	20499	0	13859	2017-03-31 08:46:04	40070	1490921164374	982
63	10	20499	0	13763	2017-03-31 08:46:04	40063	1490921164407	983
137	10	20499	0	488	2017-03-31 08:46:04	40137	1490921164441	984
128	10	20499	0	13451	2017-03-31 08:46:04	40128	1490921164474	985
44	10	20499	0	14209	2017-03-31 08:46:04	40044	1490921164508	986
132	10	20499	0	25074	2017-03-31 08:46:04	40132	1490921164541	987
138	10	20499	0	24640	2017-03-31 08:46:04	40138	1490921164574	988
85	10	20499	0	13224	2017-03-31 08:46:04	40085	1490921164608	989
76	10	20499	0	14161	2017-03-31 08:46:04	40076	1490921164641	990
130	10	20499	0	13841	2017-03-31 08:46:04	40130	1490921164675	991
127	10	20499	0	5674	2017-03-31 08:46:04	40127	1490921164710	992
116	10	20499	0	17286	2017-03-31 08:46:04	40116	1490921164741	993
123	10	20499	0	24894	2017-03-31 08:46:04	40123	1490921164775	994
131	10	20499	0	24860	2017-03-31 08:46:04	40131	1490921164808	995
52	10	20499	0	1298	2017-03-31 08:46:04	40052	1490921164842	996
126	10	20499	0	25756	2017-03-31 08:46:04	40126	1490921164875	997
48	10	20499	0	18365	2017-03-31 08:46:04	40048	1490921164917	998
42	10	20499	0	1139	2017-03-31 08:46:04	40042	1490921164951	999
46	10	20499	0	491	2017-03-31 08:46:04	40046	1490921164985	1000
139	10	20499	0	26365	2017-03-31 08:46:05	40139	1490921165018	1001
77	10	20499	0	12970	2017-03-31 08:46:05	40077	1490921165051	1002
79	10	20499	0	3692	2017-03-31 08:46:05	40079	1490921165085	1003
73	10	20499	0	14243	2017-03-31 08:46:05	40073	1490921165118	1004
71	10	20499	0	13524	2017-03-31 08:46:05	40071	1490921165152	1005
117	10	20499	0	14568	2017-03-31 08:46:05	40117	1490921165185	1006
59	10	20499	0	23932	2017-03-31 08:46:05	40059	1490921165219	1007
68	10	20499	0	12848	2017-03-31 08:46:05	40068	1490921165252	1008
122	10	20499	0	4513	2017-03-31 08:46:05	40122	1490921165285	1009
55	10	20499	0	14557	2017-03-31 08:46:05	40055	1490921165344	1010
119	10	20499	0	14084	2017-03-31 08:46:05	40119	1490921165394	1011
83	10	20499	0	13072	2017-03-31 08:46:05	40083	1490921165427	1012
57	10	20499	0	5377	2017-03-31 08:46:05	40057	1490921165460	1013
115	10	20499	0	24187	2017-03-31 08:46:05	40115	1490921165494	1014
51	10	20499	0	17561	2017-03-31 08:46:05	40051	1490921165536	1015
120	10	20499	0	24372	2017-03-31 08:46:05	40120	1490921165569	1016
121	10	20499	0	26415	2017-03-31 08:46:05	40121	1490921165602	1017
135	10	20499	0	25401	2017-03-31 08:46:05	40135	1490921165636	1018
50	10	20499	0	12934	2017-03-31 08:46:05	40050	1490921165669	1019
129	10	20499	0	16445	2017-03-31 08:46:05	40129	1490921165702	1020
133	10	20499	0	13906	2017-03-31 08:46:05	40133	1490921165736	1021
40	10	20499	0	24463	2017-03-31 08:46:05	40040	1490921165769	1022
65	10	20499	0	12898	2017-03-31 08:46:05	40065	1490921165803	1023
75	10	20499	0	15082	2017-03-31 08:46:05	40075	1490921165838	1024
67	10	20499	0	13581	2017-03-31 08:46:05	40067	1490921165869	1025
136	10	20499	0	5642	2017-03-31 08:46:05	40136	1490921165903	1026
64	10	20499	0	12848	2017-03-31 08:46:05	40064	1490921165936	1027
81	10	20499	0	15368	2017-03-31 08:46:05	40081	1490921165970	1028
69	10	20499	0	4155	2017-03-31 08:46:06	40069	1490921166003	1029
74	10	20499	0	494	2017-03-31 08:46:06	40074	1490921166036	1030
41	10	20499	0	4149	2017-03-31 08:46:06	40041	1490921166070	1031
78	10	20499	0	17118	2017-03-31 08:46:06	40078	1490921166103	1032
72	10	20499	0	12786	2017-03-31 08:46:06	40072	1490921166136	1033
84	10	20499	0	12938	2017-03-31 08:46:06	40084	1490921166170	1034
2	11	16403	0	27517	2017-03-31 08:47:01	40002	1490921221014	1035
21	11	16403	0	16528	2017-03-31 08:47:01	40021	1490921221102	1036
3	11	16403	0	25860	2017-03-31 08:47:01	40003	1490921221142	1037
15	11	16403	0	25941	2017-03-31 08:47:01	40015	1490921221214	1038
1	11	16403	0	6875	2017-03-31 08:47:01	40001	1490921221285	1039
18	11	16403	0	562	2017-03-31 08:47:01	40018	1490921221319	1040
22	11	16403	0	26852	2017-03-31 08:47:01	40022	1490921221422	1041
7	11	16403	0	15600	2017-03-31 08:47:01	40007	1490921221469	1042
20	11	16403	0	26025	2017-03-31 08:47:01	40020	1490921221502	1043
12	11	16403	0	26033	2017-03-31 08:47:01	40012	1490921221536	1044
14	11	16403	0	13687	2017-03-31 08:47:01	40014	1490921221569	1045
4	11	16403	0	14638	2017-03-31 08:47:01	40004	1490921221602	1046
17	11	16403	0	26708	2017-03-31 08:47:01	40017	1490921221636	1047
8	11	16403	0	1194	2017-03-31 08:47:01	40008	1490921221669	1048
6	11	16403	0	26143	2017-03-31 08:47:01	40006	1490921221703	1049
11	11	16403	0	2898	2017-03-31 08:47:01	40011	1490921221736	1050
10	11	16403	0	14195	2017-03-31 08:47:01	40010	1490921221770	1051
19	11	16403	0	26964	2017-03-31 08:47:01	40019	1490921221803	1052
13	11	16403	0	15451	2017-03-31 08:47:01	40013	1490921221836	1053
27	11	16403	0	14080	2017-03-31 08:47:02	40027	1490921222993	1054
30	11	16403	0	20457	2017-03-31 08:47:03	40030	1490921223061	1055
34	11	16403	0	14803	2017-03-31 08:47:03	40034	1490921223146	1056
24	11	16403	0	13687	2017-03-31 08:47:03	40024	1490921223178	1057
28	11	16403	0	4843	2017-03-31 08:47:03	40028	1490921223211	1058
25	11	16403	0	23575	2017-03-31 08:47:03	40025	1490921223245	1059
36	11	16403	0	14460	2017-03-31 08:47:03	40036	1490921223278	1060
38	11	16403	0	19409	2017-03-31 08:47:03	40038	1490921223312	1061
39	11	16403	0	25752	2017-03-31 08:47:03	40039	1490921223345	1062
26	11	16403	0	3594	2017-03-31 08:47:03	40026	1490921223378	1063
31	11	16403	0	18352	2017-03-31 08:47:03	40031	1490921223412	1064
33	11	16403	0	11941	2017-03-31 08:47:03	40033	1490921223445	1065
37	11	16403	0	18514	2017-03-31 08:47:03	40037	1490921223479	1066
32	11	16403	0	23054	2017-03-31 08:47:03	40032	1490921223512	1067
35	11	16403	0	14482	2017-03-31 08:47:03	40035	1490921223545	1068
43	11	16403	0	16197	2017-03-31 08:47:03	40043	1490921223655	1069
134	11	16403	0	15786	2017-03-31 08:47:03	40134	1490921223886	1070
118	11	16403	0	5828	2017-03-31 08:47:04	40118	1490921224143	1071
47	11	16403	0	2402	2017-03-31 08:47:04	40047	1490921224216	1072
124	11	16403	0	3893	2017-03-31 08:47:04	40124	1490921224271	1073
66	11	16403	0	14046	2017-03-31 08:47:04	40066	1490921224304	1074
117	11	16403	0	15276	2017-03-31 08:47:04	40117	1490921224337	1075
131	11	16403	0	26801	2017-03-31 08:47:04	40131	1490921224371	1076
80	11	16403	0	17187	2017-03-31 08:47:04	40080	1490921224404	1077
126	11	16403	0	27720	2017-03-31 08:47:04	40126	1490921224438	1078
115	11	16403	0	25899	2017-03-31 08:47:04	40115	1490921224471	1079
133	11	16403	0	14614	2017-03-31 08:47:04	40133	1490921224504	1080
72	11	16403	0	13494	2017-03-31 08:47:04	40072	1490921224538	1081
79	11	16403	0	3692	2017-03-31 08:47:04	40079	1490921224571	1082
65	11	16403	0	13606	2017-03-31 08:47:04	40065	1490921224605	1083
50	11	16403	0	13642	2017-03-31 08:47:04	40050	1490921224646	1084
81	11	16403	0	16809	2017-03-31 08:47:04	40081	1490921224688	1085
123	11	16403	0	26734	2017-03-31 08:47:04	40123	1490921224747	1086
116	11	16403	0	18904	2017-03-31 08:47:04	40116	1490921224788	1087
52	11	16403	0	1298	2017-03-31 08:47:04	40052	1490921224830	1088
138	11	16403	0	26446	2017-03-31 08:47:04	40138	1490921224872	1089
122	11	16403	0	4513	2017-03-31 08:47:04	40122	1490921224913	1090
129	11	16403	0	17563	2017-03-31 08:47:04	40129	1490921224955	1091
57	11	16403	0	5377	2017-03-31 08:47:04	40057	1490921224997	1092
83	11	16403	0	13780	2017-03-31 08:47:05	40083	1490921225055	1093
121	11	16403	0	28171	2017-03-31 08:47:05	40121	1490921225097	1094
130	11	16403	0	14549	2017-03-31 08:47:05	40130	1490921225139	1095
59	11	16403	0	25705	2017-03-31 08:47:05	40059	1490921225180	1096
70	11	16403	0	14567	2017-03-31 08:47:05	40070	1490921225239	1097
71	11	16403	0	14232	2017-03-31 08:47:05	40071	1490921225281	1098
136	11	16403	0	5642	2017-03-31 08:47:05	40136	1490921225322	1099
128	11	16403	0	14159	2017-03-31 08:47:05	40128	1490921225364	1100
77	11	16403	0	13678	2017-03-31 08:47:05	40077	1490921225406	1101
41	11	16403	0	4149	2017-03-31 08:47:05	40041	1490921225447	1102
78	11	16403	0	18892	2017-03-31 08:47:05	40078	1490921225481	1103
68	11	16403	0	13556	2017-03-31 08:47:05	40068	1490921225515	1104
63	11	16403	0	14579	2017-03-31 08:47:05	40063	1490921225549	1105
139	11	16403	0	28263	2017-03-31 08:47:05	40139	1490921225582	1106
76	11	16403	0	15158	2017-03-31 08:47:05	40076	1490921225616	1107
64	11	16403	0	13556	2017-03-31 08:47:05	40064	1490921225649	1108
40	11	16403	0	26351	2017-03-31 08:47:05	40040	1490921225684	1109
127	11	16403	0	5674	2017-03-31 08:47:05	40127	1490921225716	1110
119	11	16403	0	14792	2017-03-31 08:47:05	40119	1490921225749	1111
44	11	16403	0	15359	2017-03-31 08:47:05	40044	1490921225783	1112
75	11	16403	0	16023	2017-03-31 08:47:05	40075	1490921225816	1113
55	11	16403	0	15265	2017-03-31 08:47:05	40055	1490921225849	1114
42	11	16403	0	1139	2017-03-31 08:47:05	40042	1490921225883	1115
137	11	16403	0	488	2017-03-31 08:47:05	40137	1490921225916	1116
51	11	16403	0	18317	2017-03-31 08:47:05	40051	1490921225949	1117
74	11	16403	0	494	2017-03-31 08:47:05	40074	1490921225983	1118
73	11	16403	0	14967	2017-03-31 08:47:06	40073	1490921226033	1119
135	11	16403	0	27269	2017-03-31 08:47:06	40135	1490921226066	1120
84	11	16403	0	13646	2017-03-31 08:47:06	40084	1490921226100	1121
67	11	16403	0	14385	2017-03-31 08:47:06	40067	1490921226133	1122
69	11	16403	0	4155	2017-03-31 08:47:06	40069	1490921226166	1123
85	11	16403	0	13932	2017-03-31 08:47:06	40085	1490921226200	1124
46	11	16403	0	491	2017-03-31 08:47:06	40046	1490921226267	1125
48	11	16403	0	19108	2017-03-31 08:47:06	40048	1490921226325	1126
132	11	16403	0	26861	2017-03-31 08:47:06	40132	1490921226358	1127
120	11	16403	0	26150	2017-03-31 08:47:06	40120	1490921226392	1128
