Thread[Thread-1,5,main]tree 9 7 0 14 0 0
radio 7 9397
radio 7 9401
radio 7 9418
radio 7 9931
radio 7 9967
radio 7 10481
radio 7 10513
radio 7 11027
radio 7 11044
radio 7 11558
radio 7 11631
radio 7 12145
radio 7 12261
radio 7 12775
radio 7 12792
radio 7 13306
radio 7 13323
radio 7 13837
radio 7 13854
radio 7 14367
radio 7 14384
radio 7 14898
radio 7 14932
radio 7 15446
radio 7 15463
radio 7 15977
radio 7 15994
radio 7 16508
radio 7 16556
radio 7 17070
radio 7 17123
radio 7 17637
radio 7 17713
radio 7 18227
radio 7 18260
radio 7 18774
radio 7 18791
radio 7 19305
radio 7 19400
radio 7 19914
radio 7 19982
radio 7 20496
radio 7 20704
radio 7 21218
radio 7 21247
radio 7 21761
radio 7 21849
radio 7 22363
radio 7 22394
radio 7 22908
radio 7 22964
radio 7 23478
radio 7 23511
radio 7 24025
radio 7 24042
radio 7 24555
radio 7 24572
radio 7 25085
radio 7 25176
radio 7 25690
radio 7 25722
radio 7 26236
radio 7 26253
radio 7 26767
radio 7 26800
radio 7 27314
radio 7 27367
radio 7 27881
radio 7 27915
radio 7 28429
radio 7 28461
radio 7 28975
radio 7 28992
radio 7 29506
radio 7 29559
radio 7 30073
radio 7 30090
radio 7 30604
radio 7 30621
radio 7 31135
radio 7 31152
radio 7 31666
radio 7 31683
radio 7 32196
radio 7 32213
radio 7 32726
radio 7 32756
radio 7 33270
radio 7 33287
radio 7 33801
radio 7 33833
radio 7 34347
radio 7 34401
radio 7 34915
radio 7 34932
radio 7 35446
radio 7 35463
radio 7 35977
radio 7 35994
radio 7 36508
radio 7 36525
radio 7 37038
radio 7 37107
radio 7 37621
radio 7 37650
radio 7 38164
radio 7 38181
radio 7 38694
radio 7 38722
radio 7 39236
radio 7 39253
radio 7 39767
radio 7 39838
radio 7 40352
radio 7 40369
radio 7 40882
radio 7 40899
radio 7 41412
radio 7 41441
radio 7 41955
radio 7 41987
radio 7 42501
radio 7 42518
radio 7 43031
radio 7 43085
radio 7 43599
radio 7 43630
radio 7 44144
radio 7 44161
radio 7 44675
radio 7 44692
radio 7 45205
radio 7 45222
radio 7 45735
radio 7 45788
radio 7 46302
radio 7 46335
radio 7 46849
radio 7 46866
radio 7 47379
radio 7 47396
radio 7 47909
radio 7 47926
radio 7 48440
radio 7 48457
radio 7 48971
radio 7 49005
radio 7 49519
radio 7 49536
radio 7 50050
radio 7 50067
radio 7 50580
radio 7 50611
radio 7 51125
radio 7 51178
radio 7 51692
radio 7 51709
radio 7 52222
radio 7 52239
radio 7 52752
radio 7 52784
radio 7 53298
radio 7 53315
radio 7 53828
radio 7 53899
radio 7 54413
radio 7 54430
radio 7 54944
radio 7 54961
radio 7 55475
radio 7 55509
radio 7 56023
radio 7 56093
radio 7 56607
radio 7 56640
radio 7 57154
radio 7 57171
radio 7 57685
radio 7 57719
radio 7 58233
radio 7 58250
radio 7 58764
radio 7 58781
radio 7 59294
radio 7 59368
radio 7 59882
radio 7 59899
radio 7 60413
radio 7 60430
radio 7 60944
radio 7 60961
radio 7 61474
radio 7 61491
radio 7 62005
radio 7 62035
radio 7 62549
radio 7 62599
radio 7 63113
radio 7 63130
radio 7 63644
radio 7 63673
radio 7 64187
radio 7 64204
radio 7 64717
radio 7 64734
radio 7 65248
radio 7 65280
radio 8 258
radio 8 314
radio 8 827
radio 8 861
radio 8 1374
radio 8 1409
radio 8 1923
radio 8 1993
radio 8 2507
radio 8 2524
radio 8 3037
radio 8 3069
radio 8 3583
radio 8 3600
radio 8 4113
radio 8 4130
radio 8 4643
radio 8 4660
radio 8 5173
radio 8 5204
energy 8 5312 7 12474
radio 8 5718
radio 8 5769
radio 8 6283
radio 8 6300
radio 8 6813
radio 8 6830
radio 8 7343
radio 8 7360
radio 8 7873
radio 8 7890
radio 8 8403
radio 8 8420
radio 8 8933
radio 8 8964
radio 8 9478
radio 8 9495
radio 8 10008
radio 8 10058
radio 8 10572
radio 8 10606
radio 8 11120
radio 8 11137
radio 8 11650
radio 8 11678
radio 8 12192
radio 8 12227
radio 8 12741
radio 8 12829
radio 8 13343
radio 8 13434
radio 8 13948
radio 8 14057
radio 8 14571
radio 8 14588
radio 8 15102
radio 8 15119
radio 8 15632
radio 8 15661
radio 8 16175
radio 8 16289
radio 8 16803
radio 8 16851
radio 8 17365
radio 8 17414
radio 8 17928
radio 8 17964
radio 8 18478
radio 8 18495
radio 8 19008
radio 8 19038
radio 8 19552
radio 8 19569
radio 8 20082
radio 8 20152
radio 8 20666
radio 8 20683
radio 8 21196
radio 8 21213
radio 8 21727
radio 8 21800
radio 8 22314
radio 8 22342
radio 8 22856
radio 8 22873
radio 8 23387
radio 8 23404
radio 8 23918
radio 8 23935
radio 8 24449
radio 8 24466
radio 8 24979
radio 8 25028
radio 8 25542
radio 8 25573
radio 8 26087
radio 8 26118
radio 8 26632
radio 8 26649
radio 8 27163
radio 8 27193
radio 8 27707
radio 8 27724
radio 8 28237
radio 8 28254
radio 8 28767
radio 8 28784
radio 8 29298
radio 8 29315
radio 8 29828
radio 8 29877
radio 8 30391
radio 8 30408
radio 8 30922
radio 8 30955
radio 8 31469
radio 8 31501
radio 8 32015
radio 8 32044
radio 8 32558
radio 8 32631
radio 8 33145
radio 8 33162
radio 8 33675
radio 8 33692
radio 8 34205
radio 8 34235
radio 8 34749
radio 8 34803
radio 8 35317
radio 8 35334
radio 8 35847
radio 8 35864
radio 8 36377
radio 8 36394
radio 8 36908
radio 8 36925
radio 8 37438
radio 8 37455
radio 8 37969
radio 8 37999
radio 8 38513
radio 8 38530
radio 8 39043
radio 8 39060
radio 8 39573
radio 8 39625
radio 8 40139
radio 8 40156
radio 8 40669
radio 8 40686
radio 8 41199
radio 8 41216
radio 8 41729
radio 8 41746
radio 8 42259
radio 8 42276
radio 8 42789
delay 0 25 8 42805 8 42831 13 6 65535 0 44 0 0
radio 8 42813
radio 8 43327
radio 8 43380
radio 8 43894
radio 8 44061
radio 8 44574
radio 8 44589
radio 8 45102
radio 8 45119
radio 8 45632
radio 8 45685
radio 8 46199
radio 8 46230
radio 8 46744
radio 8 46761
radio 8 47274
radio 8 47306
radio 8 47820
radio 8 47837
radio 8 48351
radio 8 48368
radio 8 48881
radio 8 48910
radio 8 49424
radio 8 49441
radio 8 49954
radio 8 49971
radio 8 50484
radio 8 50501
radio 8 51015
radio 8 51084
radio 8 51598
radio 8 51615
radio 8 52128
radio 8 52145
radio 8 52659
radio 8 52676
radio 8 53189
radio 8 53206
radio 8 53719
radio 8 53736
radio 8 54249
radio 8 54266
radio 8 54779
radio 8 54830
radio 8 55344
radio 8 55375
radio 8 55889
radio 8 55923
radio 8 56437
radio 8 56512
radio 8 57026
radio 8 57043
radio 8 57556
radio 8 57573
radio 8 58086
radio 8 58115
radio 8 58629
radio 8 58646
radio 8 59160
radio 8 59196
radio 8 59710
radio 8 59727
radio 8 60240
radio 8 60288
radio 8 60802
radio 8 60836
radio 8 61350
radio 8 61383
radio 8 61897
radio 8 61914
radio 8 62427
radio 8 62444
radio 8 62957
delay 1 0 8 62976 8 63788 0 6 6 0 118 1 0
radio 8 64053
radio 8 64566
radio 8 64583
radio 8 65096
radio 8 65113
radio 9 90
radio 9 107
radio 9 620
radio 9 637
radio 9 1150
radio 9 1167
energy 9 1216 7 16248
radio 9 1680
radio 9 1713
radio 9 2227
radio 9 2244
radio 9 2757
radio 9 2774
radio 9 3287
radio 9 3319
radio 9 3833
radio 9 3868
radio 9 4382
radio 9 4399
radio 9 4912
radio 9 4946
radio 9 5460
radio 9 5477
radio 9 5990
radio 9 6007
radio 9 6520
radio 9 6550
radio 9 7064
radio 9 7081
radio 9 7594
radio 9 7669
radio 9 8183
radio 9 8213
radio 9 8727
radio 9 8835
radio 9 9349
radio 9 9404
radio 9 9918
radio 9 9967
radio 9 10481
radio 9 10498
radio 9 11011
radio 9 11028
radio 9 11541
radio 9 11558
radio 9 12071
radio 9 12159
radio 9 12673
radio 9 12690
radio 9 13203
radio 9 13273
radio 9 13787
radio 9 13835
radio 9 14349
radio 9 14378
radio 9 14892
radio 9 14922
radio 9 15436
radio 9 15485
radio 9 15999
radio 9 16051
radio 9 16565
radio 9 16582
radio 9 17095
radio 9 17112
radio 9 17626
radio 9 17655
radio 9 18169
delay 2 23 9 18216 9 18272 13 6 65535 0 101 1 0
radio 9 19292
radio 9 19806
radio 9 19857
radio 9 20371
radio 9 20388
radio 9 20901
radio 9 20918
radio 9 21431
radio 9 21463
radio 9 21977
radio 9 22068
radio 9 22582
radio 9 22653
radio 9 23167
radio 9 23198
radio 9 23712
radio 9 23807
radio 9 24321
radio 9 24338
radio 9 24851
radio 9 24868
radio 9 25382
radio 9 25399
radio 9 25913
radio 9 25930
radio 9 26443
radio 9 26460
radio 9 26973
radio 9 27045
radio 9 27559
radio 9 27588
radio 9 28102
radio 9 28199
radio 9 28713
radio 9 28730
radio 9 29243
radio 9 29279
radio 9 29793
radio 9 29810
radio 9 30324
radio 9 30398
radio 9 30912
radio 9 30929
radio 9 31442
radio 9 31459
radio 9 31973
radio 9 31990
radio 9 32504
radio 9 32539
radio 9 33053
radio 9 33070
radio 9 33584
radio 9 33672
radio 9 34186
radio 9 34203
radio 9 34716
radio 9 34733
radio 9 35246
radio 9 35296
radio 9 35810
radio 9 35864
radio 9 36378
radio 9 36395
radio 9 36908
radio 9 36925
radio 9 37438
radio 9 37468
radio 9 37982
radio 9 38012
radio 9 38526
delay 3 43 9 38675 9 38172 7 6 65535 0 229 0 0
radio 9 38683
radio 9 39198
radio 9 39489
radio 9 40002
radio 9 40035
radio 9 40549
radio 9 40571
radio 9 41085
radio 9 41154
radio 9 41668
radio 9 41685
radio 9 42198
radio 9 42248
radio 9 42762
radio 9 42792
radio 9 43306
radio 9 43323
radio 9 43836
radio 9 43853
radio 9 44366
radio 9 44383
radio 9 44896
radio 9 44913
radio 9 45426
radio 9 45443
radio 9 45956
radio 9 45973
radio 9 46486
radio 9 46519
radio 9 47033
radio 9 47123
radio 9 47637
radio 9 47666
radio 9 48180
radio 9 48236
radio 9 48750
radio 9 48784
radio 9 49298
radio 9 49352
radio 9 49866
radio 9 49915
radio 9 50429
radio 9 50446
radio 9 50959
radio 9 50976
radio 9 51489
radio 9 51506
radio 9 52019
radio 9 52055
radio 9 52569
radio 9 52586
radio 9 53099
radio 9 53116
radio 9 53629
radio 9 53646
radio 9 54159
radio 9 54209
radio 9 54723
radio 9 54740
radio 9 55253
radio 9 55281
radio 9 55795
radio 9 55845
radio 9 56359
radio 9 56510
radio 9 57024
radio 9 57059
radio 9 57573
radio 9 57602
radio 9 58116
radio 9 58186
radio 9 58700
radio 9 58752
radio 9 59266
delay 4 4 9 59456 9 59921 16 6 65535 0 544 0 0
radio 9 59464
radio 9 59979
radio 9 60030
radio 9 60543
radio 9 60560
radio 9 61073
radio 9 61122
radio 9 61636
radio 9 61653
radio 9 62167
radio 9 62184
energy 9 62656 7 21102
radio 9 62697
radio 9 62714
radio 9 63228
radio 9 63245
radio 9 63759
radio 9 63827
radio 9 64341
radio 9 64371
radio 9 64885
radio 9 64917
radio 9 65431
radio 9 65448
radio 10 425
radio 10 442
radio 10 955
radio 10 989
radio 10 1503
radio 10 1572
radio 10 2086
radio 10 2118
radio 10 2632
radio 10 2649
radio 10 3162
radio 10 3179
radio 10 3692
radio 10 3765
radio 10 4279
radio 10 4687
radio 10 5201
radio 10 5251
radio 10 5765
radio 10 5833
radio 10 6347
radio 10 6395
radio 10 6909
radio 10 6926
radio 10 7439
radio 10 7456
radio 10 7970
radio 10 8102
radio 10 8616
radio 10 8744
radio 10 9258
radio 10 9275
radio 10 9788
radio 10 9818
radio 10 10332
radio 10 10384
radio 10 10898
radio 10 10915
radio 10 11429
radio 10 11463
radio 10 11977
radio 10 11994
radio 10 12508
radio 10 12577
radio 10 13091
radio 10 13108
radio 10 13622
radio 10 13639
radio 10 14153
delay 5 24 10 14362 10 14033 7 6 65535 0 215 0 0
radio 10 14372
radio 10 14885
radio 10 15190
radio 10 15704
radio 10 15735
radio 10 16249
radio 10 16266
radio 10 16780
radio 10 16797
radio 10 17311
radio 10 17345
radio 10 17859
radio 10 17876
radio 10 18390
radio 10 18419
radio 10 18933
radio 10 18982
radio 10 19496
radio 10 19513
radio 10 20027
radio 10 20044
radio 10 20558
radio 10 20575
radio 10 21089
radio 10 21106
radio 10 21620
radio 10 21637
radio 10 22151
radio 10 22168
radio 10 22682
radio 10 22712
radio 10 23226
radio 10 23300
radio 10 23814
radio 10 23831
radio 10 24345
radio 10 24376
radio 10 24890
radio 10 24907
radio 10 25421
radio 10 25470
radio 10 25984
radio 10 26019
radio 10 26533
radio 10 26641
radio 10 27155
radio 10 27172
radio 10 27686
radio 10 27703
radio 10 28217
radio 10 28246
radio 10 28760
radio 10 28795
radio 10 29309
radio 10 29365
radio 10 29879
radio 10 29915
radio 10 30429
radio 10 30479
radio 10 30993
radio 10 31041
radio 10 31555
radio 10 31572
radio 10 32086
radio 10 32116
radio 10 32630
radio 10 32647
radio 10 33161
radio 10 33178
radio 10 33692
radio 10 33728
radio 10 34242
radio 10 34301
radio 10 34815
delay 6 46 10 35889 10 35280 14 6 65535 0 927 0 0
radio 10 35899
radio 10 36413
radio 10 36430
radio 10 36944
radio 10 36961
radio 10 37475
radio 10 37492
radio 10 38006
radio 10 38023
radio 10 38537
radio 10 38592
radio 10 39106
radio 10 39139
radio 10 39653
radio 10 39670
radio 10 40184
radio 10 40201
radio 10 40715
radio 10 40732
radio 10 41246
radio 10 41263
radio 10 41777
radio 10 41794
radio 10 42308
radio 10 42359
radio 10 42873
radio 10 42890
radio 10 43404
radio 10 43460
radio 10 43974
radio 10 44006
radio 10 44520
radio 10 44569
radio 10 45083
radio 10 45100
radio 10 45614
radio 10 45631
radio 10 46145
radio 10 46162
radio 10 46676
radio 10 46708
radio 10 47222
radio 10 47251
radio 10 47765
radio 10 47819
radio 10 48333
radio 10 48350
radio 10 48864
radio 10 48959
radio 10 49473
radio 10 49490
radio 10 50004
radio 10 50021
radio 10 50535
radio 10 50552
radio 10 51066
radio 10 51095
radio 10 51609
radio 10 51626
radio 10 52140
radio 10 52157
radio 10 52671
radio 10 52688
radio 10 53202
radio 10 53235
radio 10 53749
radio 10 53782
radio 10 54296
radio 10 54313
radio 10 54827
delay 7 25 10 54842 10 54867 13 6 65535 0 34 1 0
radio 10 55908
radio 10 56421
radio 10 56441
radio 10 56954
radio 10 57010
radio 10 57524
radio 10 57556
radio 10 58070
radio 10 58087
energy 10 58560 7 26900
radio 10 58601
radio 10 58618
radio 10 59132
radio 10 59149
radio 10 59663
radio 10 59680
radio 10 60194
radio 10 60211
radio 10 60725
radio 10 60742
radio 10 61256
radio 10 61273
radio 10 61787
radio 10 61804
radio 10 62318
radio 10 62347
radio 10 62861
radio 10 62912
radio 10 63426
radio 10 63443
radio 10 63957
radio 10 63974
radio 10 64488
radio 10 64505
radio 10 65019
radio 10 65047
radio 11 25
radio 11 73
radio 11 586
radio 11 654
radio 11 1168
radio 11 1197
radio 11 1711
radio 11 1885
radio 11 2399
radio 11 2416
radio 11 2930
radio 11 2947
radio 11 3460
radio 11 3568
radio 11 4082
radio 11 4136
radio 11 4650
radio 11 4667
radio 11 5180
radio 11 5197
radio 11 5710
radio 11 5739
radio 11 6253
radio 11 6281
radio 11 6795
radio 11 6812
radio 11 7325
radio 11 7342
radio 11 7855
radio 11 7872
radio 11 8385
radio 11 8416
radio 11 8930
radio 11 8947
radio 11 9460
radio 11 9477
radio 11 9991
delay 8 25 11 10626 11 10651 13 6 65535 0 558 0 0
radio 11 10634
radio 11 11148
radio 11 11166
radio 11 11680
radio 11 11697
radio 11 12211
radio 11 12228
radio 11 12742
radio 11 12797
radio 11 13311
radio 11 13339
radio 11 13853
radio 11 13870
radio 11 14384
radio 11 14401
radio 11 14915
radio 11 14947
radio 11 15461
radio 11 15514
radio 11 16028
radio 11 16056
radio 11 16570
radio 11 16587
radio 11 17101
radio 11 17132
radio 11 17646
radio 11 17663
radio 11 18177
radio 11 18194
radio 11 18708
radio 11 18762
radio 11 19276
radio 11 19293
radio 11 19807
radio 11 19840
radio 11 20354
radio 11 20371
radio 11 20885
radio 11 20921
radio 11 21435
radio 11 21452
radio 11 21966
radio 11 21983
radio 11 22497
radio 11 22549
radio 11 23063
radio 11 23080
radio 11 23594
radio 11 23611
radio 11 24125
radio 11 24157
radio 11 24671
radio 11 24688
radio 11 25202
radio 11 25219
radio 11 25733
radio 11 25785
radio 11 26299
radio 11 26316
radio 11 26830
radio 11 26847
radio 11 27361
radio 11 27378
radio 11 27892
radio 11 27909
radio 11 28423
radio 11 28471
radio 11 28985
radio 11 29002
radio 11 29516
radio 11 29533
radio 11 30047
delay 9 0 11 30097 11 30907 0 6 6 0 65535 0 0
radio 11 30106
radio 11 30620
radio 11 30752
radio 11 31265
radio 11 31361
radio 11 31875
radio 11 31892
radio 11 32406
radio 11 32423
radio 11 32937
radio 11 32954
radio 11 33468
radio 11 33485
radio 11 33999
radio 11 34031
radio 11 34545
radio 11 34562
radio 11 35076
radio 11 35132
radio 11 35646
radio 11 35663
radio 11 36177
radio 11 36194
radio 11 36708
radio 11 36725
radio 11 37239
radio 11 37256
radio 11 37770
radio 11 37802
radio 11 38316
radio 11 38384
radio 11 38898
radio 11 38915
radio 11 39429
radio 11 39446
radio 11 39960
radio 11 39977
radio 11 40491
radio 11 40508
radio 11 41022
radio 11 41039
radio 11 41553
radio 11 41570
radio 11 42084
radio 11 42101
radio 11 42615
radio 11 42632
radio 11 43146
radio 11 43197
radio 11 43711
radio 11 43728
radio 11 44242
radio 11 44271
radio 11 44785
radio 11 44802
radio 11 45316
radio 11 45348
radio 11 45862
radio 11 45879
radio 11 46393
radio 11 46421
radio 11 46935
radio 11 46966
radio 11 47480
radio 11 47511
radio 11 48025
radio 11 48042
radio 11 48556
radio 11 48587
radio 11 49101
radio 11 49118
radio 11 49632
radio 11 49660
radio 11 50174
radio 11 50191
radio 11 50705
delay 10 24 11 50750 11 50421 7 6 65535 0 161 0 0
radio 11 50759
radio 11 51273
radio 11 51437
radio 11 51950
radio 11 51967
radio 11 52480
radio 11 52534
radio 11 53048
radio 11 53065
radio 11 53579
radio 11 53596
radio 11 54110
radio 11 54127
energy 11 54464 7 30232
radio 11 54641
radio 11 54677
radio 11 55191
radio 11 55221
radio 11 55735
radio 11 55788
radio 11 56302
radio 11 56337
radio 11 56851
radio 11 56868
radio 11 57382
radio 11 57413
radio 11 57927
radio 11 57944
radio 11 58458
radio 11 58475
radio 11 58989
radio 11 59040
radio 11 59554
radio 11 59588
radio 11 60102
radio 11 60119
radio 11 60633
radio 11 60650
radio 11 61164
radio 11 61181
radio 11 61695
radio 11 61712
radio 11 62226
radio 11 62320
radio 11 62834
radio 11 62851
radio 11 63365
radio 11 63439
radio 11 63953
radio 11 63970
radio 11 64484
radio 11 64512
radio 11 65026
radio 11 65043
radio 12 21
radio 12 69
radio 12 582
radio 12 635
radio 12 1149
radio 12 1166
radio 12 1679
radio 12 1707
radio 12 2221
radio 12 2252
radio 12 2766
radio 12 2783
radio 12 3296
radio 12 3326
radio 12 3840
radio 12 3889
radio 12 4403
radio 12 4420
radio 12 4933
radio 12 4967
radio 12 5481
radio 12 5498
radio 12 6011
delay 11 42 12 6206 12 5660 14 6 65535 0 494 0 0
radio 12 6214
radio 12 6729
radio 12 6879
radio 12 7392
radio 12 7435
radio 12 7948
radio 12 7965
radio 12 8478
radio 12 8495
radio 12 9008
radio 12 9025
radio 12 9538
radio 12 9567
radio 12 10081
radio 12 10098
radio 12 10612
radio 12 10688
radio 12 11202
radio 12 11219
radio 12 11733
radio 12 11767
radio 12 12281
radio 12 12298
radio 12 12812
radio 12 12829
radio 12 13343
radio 12 13360
radio 12 13874
radio 12 13891
radio 12 14405
radio 12 14422
radio 12 14936
radio 12 14988
radio 12 15502
radio 12 15519
radio 12 16033
radio 12 16081
radio 12 16595
radio 12 16612
radio 12 17126
radio 12 17143
radio 12 17657
radio 12 17674
radio 12 18188
radio 12 18238
radio 12 18752
radio 12 18800
radio 12 19314
radio 12 19331
radio 12 19845
radio 12 19879
radio 12 20393
radio 12 20448
radio 12 20962
radio 12 20993
radio 12 21507
radio 12 21524
radio 12 22038
radio 12 22055
radio 12 22569
radio 12 22586
radio 12 23100
radio 12 23117
radio 12 23631
radio 12 23740
radio 12 24254
radio 12 24271
radio 12 24785
radio 12 24802
radio 12 25316
radio 12 25333
radio 12 25847
radio 12 25864
radio 12 26378
delay 12 45 12 26442 12 25782 14 6 65535 0 389 0 0
radio 12 26450
radio 12 26965
radio 12 27122
radio 12 27636
radio 12 27690
radio 12 28203
radio 12 28238
radio 12 28752
radio 12 28769
radio 12 29283
radio 12 29300
radio 12 29814
radio 12 29831
radio 12 30345
radio 12 30362
radio 12 30876
radio 12 30893
radio 12 31407
radio 12 31460
radio 12 31974
radio 12 31991
radio 12 32505
radio 12 32522
radio 12 33036
radio 12 33053
radio 12 33567
radio 12 33584
radio 12 34098
radio 12 34115
radio 12 34629
radio 12 34646
radio 12 35160
radio 12 35177
radio 12 35691
radio 12 35726
radio 12 36240
radio 12 36270
radio 12 36784
radio 12 36817
radio 12 37331
radio 12 37364
radio 12 37878
radio 12 37895
radio 12 38409
radio 12 38426
radio 12 38940
radio 12 38957
radio 12 39471
radio 12 39488
radio 12 40002
radio 12 40051
radio 12 40565
radio 12 40600
radio 12 41114
radio 12 41131
radio 12 41645
radio 12 41675
radio 12 42189
radio 12 42224
radio 12 42738
radio 12 42772
radio 12 43286
radio 12 43315
radio 12 43829
radio 12 43857
radio 12 44371
radio 12 44388
radio 12 44902
radio 12 44919
radio 12 45433
radio 12 45450
radio 12 45964
radio 12 45981
radio 12 46495
delay 13 0 12 46510 12 47324 0 6 6 0 39 1 0
radio 12 47587
radio 12 48100
radio 12 48156
radio 12 48670
radio 12 48700
radio 12 49214
radio 12 49250
radio 12 49764
radio 12 49813
radio 12 50327
radio 12 50357
energy 12 50368 7 34277
radio 12 50871
radio 12 50888
radio 12 51402
radio 12 51419
radio 12 51933
radio 12 51962
radio 12 52476
radio 12 52493
radio 12 53007
radio 12 53081
radio 12 53595
radio 12 53628
radio 12 54142
radio 12 54178
radio 12 54692
radio 12 54742
radio 12 55256
radio 12 55285
radio 12 55799
radio 12 55816
radio 12 56330
radio 12 56347
radio 12 56861
radio 12 56878
radio 12 57392
radio 12 57421
radio 12 57935
radio 12 58003
radio 12 58517
radio 12 58548
radio 12 59062
radio 12 59079
radio 12 59593
radio 12 59610
radio 12 60124
radio 12 60152
radio 12 60666
radio 12 60719
radio 12 61233
radio 12 61250
radio 12 61764
radio 12 61899
radio 12 62413
radio 12 62501
radio 12 63015
radio 12 63032
radio 12 63546
radio 12 63563
radio 12 64077
radio 12 64094
radio 12 64608
radio 12 64625
radio 12 65139
radio 12 65194
radio 13 172
radio 13 220
radio 13 734
radio 13 751
radio 13 1264
radio 13 1354
radio 13 1868
delay 14 45 13 1910 13 1250 14 6 65535 0 298 0 0
radio 13 1918
radio 13 2433
radio 13 2684
radio 13 3197
radio 13 3214
radio 13 3728
radio 13 3782
radio 13 4296
radio 13 4324
radio 13 4838
radio 13 4855
radio 13 5368
radio 13 5385
radio 13 5898
radio 13 5970
radio 13 6484
radio 13 6501
radio 13 7014
radio 13 7031
radio 13 7544
radio 13 7561
radio 13 8074
radio 13 8091
radio 13 8605
radio 13 8622
radio 13 9135
radio 13 9169
radio 13 9683
radio 13 9700
radio 13 10213
radio 13 10248
radio 13 10762
radio 13 10810
radio 13 11324
radio 13 11356
radio 13 11870
radio 13 11899
radio 13 12413
radio 13 12447
radio 13 12961
radio 13 13012
radio 13 13526
radio 13 13543
radio 13 14057
radio 13 14074
radio 13 14588
radio 13 14617
radio 13 15131
radio 13 15148
radio 13 15662
radio 13 15679
radio 13 16193
radio 13 16221
radio 13 16735
radio 13 16803
radio 13 17317
radio 13 17348
radio 13 17862
radio 13 17879
radio 13 18393
radio 13 18410
radio 13 18924
radio 13 18976
radio 13 19490
radio 13 19507
radio 13 20021
radio 13 20038
radio 13 20552
radio 13 20581
radio 13 21095
radio 13 21112
radio 13 21626
radio 13 21643
radio 13 22157
delay 15 44 13 22329 13 21759 13 6 65535 0 184 1 0
radio 13 23402
radio 13 23915
radio 13 23944
radio 13 24458
radio 13 24475
radio 13 24989
radio 13 25025
radio 13 25539
radio 13 25591
radio 13 26105
radio 13 26122
radio 13 26636
radio 13 26666
radio 13 27180
radio 13 27197
radio 13 27711
radio 13 27728
radio 13 28242
radio 13 28259
radio 13 28773
radio 13 28790
radio 13 29304
radio 13 29359
radio 13 29873
radio 13 29890
radio 13 30404
radio 13 30421
radio 13 30935
radio 13 30952
radio 13 31466
radio 13 31576
radio 13 32090
radio 13 32107
radio 13 32621
radio 13 32638
radio 13 33152
radio 13 33182
radio 13 33696
radio 13 33713
radio 13 34227
radio 13 34244
radio 13 34758
radio 13 34809
radio 13 35323
radio 13 35358
radio 13 35872
radio 13 35901
radio 13 36415
radio 13 36432
radio 13 36946
radio 13 36963
radio 13 37477
radio 13 37494
radio 13 38008
radio 13 38057
radio 13 38571
radio 13 38588
radio 13 39102
radio 13 39119
radio 13 39633
radio 13 39650
radio 13 40164
radio 13 40194
radio 13 40708
radio 13 40758
radio 13 41272
radio 13 41320
radio 13 41834
radio 13 41851
radio 13 42365
delay 16 0 13 42386 13 43194 0 6 6 0 65535 0 0
radio 13 42394
radio 13 42908
radio 13 42926
radio 13 43439
radio 13 43456
radio 13 43970
radio 13 44052
radio 13 44565
radio 13 44587
radio 13 45100
radio 13 45131
radio 13 45645
radio 13 45674
radio 13 46188
radio 13 46240
energy 13 46272 7 38493
radio 13 46754
radio 13 46783
radio 13 47297
radio 13 47332
radio 13 47846
radio 13 47863
radio 13 48377
radio 13 48394
radio 13 48908
radio 13 48938
radio 13 49452
radio 13 49500
radio 13 50014
radio 13 50031
radio 13 50545
radio 13 50562
radio 13 51076
radio 13 51093
radio 13 51607
radio 13 51662
radio 13 52176
radio 13 52227
radio 13 52741
radio 13 52758
radio 13 53272
radio 13 53289
radio 13 53803
radio 13 53820
radio 13 54334
radio 13 54364
radio 13 54878
radio 13 54895
radio 13 55409
radio 13 55519
radio 13 56033
radio 13 56204
radio 13 56718
radio 13 56735
radio 13 57249
radio 13 57277
radio 13 57791
radio 13 57840
radio 13 58354
radio 13 58371
radio 13 58885
radio 13 58937
radio 13 59451
radio 13 59468
radio 13 59982
radio 13 59999
radio 13 60513
radio 13 60530
radio 13 61044
radio 13 61061
radio 13 61575
radio 13 61629
radio 13 62143
radio 13 62171
radio 13 62685
radio 13 62702
radio 13 63216
delay 17 23 13 63342 13 63399 13 6 65535 0 90 1 0
radio 13 64405
radio 13 64919
radio 13 64936
radio 13 65450
radio 13 65467
radio 14 445
radio 14 462
radio 14 975
radio 14 992
radio 14 1505
radio 14 1579
radio 14 2093
radio 14 2110
radio 14 2624
radio 14 2658
radio 14 3172
radio 14 3245
radio 14 3759
radio 14 3776
radio 14 4289
radio 14 4306
radio 14 4819
radio 14 4836
radio 14 5349
radio 14 5383
radio 14 5897
radio 14 5914
radio 14 6427
radio 14 6444
radio 14 6957
radio 14 6974
radio 14 7487
radio 14 7520
radio 14 8034
radio 14 8084
radio 14 8598
radio 14 8628
radio 14 9142
radio 14 9196
radio 14 9710
radio 14 9760
radio 14 10274
radio 14 10291
radio 14 10805
radio 14 10836
radio 14 11350
radio 14 11367
radio 14 11881
radio 14 11898
radio 14 12412
radio 14 12429
radio 14 12943
radio 14 12960
radio 14 13474
radio 14 13491
radio 14 14005
radio 14 14041
radio 14 14555
radio 14 14586
radio 14 15100
radio 14 15117
radio 14 15631
radio 14 15648
radio 14 16162
radio 14 16179
radio 14 16693
radio 14 16710
radio 14 17224
radio 14 17241
radio 14 17755
radio 14 17772
radio 14 18286
radio 14 18317
radio 14 18831
radio 14 18881
radio 14 19395
radio 14 19412
radio 14 19926
radio 14 19943
radio 14 20457
radio 14 20474
radio 14 20988
radio 14 21005
radio 14 21519
radio 14 21567
radio 14 22081
radio 14 22130
radio 14 22644
radio 14 22674
radio 14 23188
radio 14 23220
radio 14 23734
radio 14 23765
radio 14 24279
radio 14 24327
radio 14 24841
radio 14 24858
radio 14 25372
radio 14 25421
radio 14 25935
radio 14 25952
radio 14 26466
radio 14 26483
radio 14 26997
radio 14 27014
radio 14 27528
radio 14 27578
radio 14 28092
radio 14 28109
radio 14 28623
radio 14 28640
radio 14 29154
radio 14 29171
radio 14 29685
radio 14 29702
radio 14 30216
radio 14 30272
radio 14 30786
radio 14 30835
radio 14 31349
radio 14 31378
radio 14 31892
radio 14 31909
radio 14 32423
radio 14 32440
radio 14 32954
radio 14 32971
radio 14 33485
radio 14 33502
radio 14 34016
radio 14 34033
radio 14 34547
radio 14 34564
radio 14 35078
radio 14 35128
radio 14 35642
radio 14 35659
radio 14 36173
radio 14 36190
radio 14 36704
radio 14 36736
radio 14 37250
radio 14 37267
radio 14 37781
radio 14 37798
radio 14 38312
delay 19 23 14 38418 14 38475 13 6 65535 0 14 1 0
radio 14 39494
radio 14 40008
radio 14 40028
radio 14 40542
radio 14 40562
radio 14 41076
radio 14 41093
radio 14 41607
radio 14 41636
radio 14 42150
radio 14 42167
energy 14 42176 7 43275
radio 14 42681
radio 14 42698
radio 14 43212
radio 14 43229
radio 14 43743
radio 14 43760
radio 14 44274
radio 14 44291
radio 14 44805
radio 14 44822
radio 14 45336
radio 14 45353
radio 14 45867
radio 14 45884
radio 14 46398
radio 14 46415
radio 14 46929
radio 14 46985
radio 14 47499
radio 14 47529
radio 14 48043
radio 14 48060
radio 14 48574
radio 14 48622
radio 14 49136
radio 14 49189
radio 14 49703
radio 14 49720
radio 14 50234
radio 14 50251
radio 14 50765
radio 14 50816
radio 14 51330
radio 14 51378
radio 14 51892
radio 14 51909
radio 14 52423
radio 14 52440
radio 14 52954
radio 14 52988
radio 14 53502
radio 14 53552
radio 14 54066
radio 14 54114
radio 14 54628
radio 14 54739
radio 14 55253
radio 14 55288
radio 14 55802
radio 14 55819
radio 14 56333
radio 14 56422
radio 14 56936
radio 14 56984
radio 14 57498
radio 14 57515
radio 14 58029
radio 14 58062
radio 14 58576
radio 14 58606
radio 14 59120
delay 20 23 14 59161 14 59218 13 6 65535 0 363 0 0
radio 14 59169
radio 14 59684
radio 14 59979
radio 14 60492
radio 14 60509
radio 14 61023
radio 14 61040
radio 14 61554
radio 14 61585
radio 14 62099
radio 14 62116
radio 14 62630
radio 14 62647
radio 14 63161
radio 14 63197
radio 14 63711
radio 14 63761
radio 14 64275
radio 14 64307
radio 14 64821
radio 14 64875
radio 14 65389
radio 14 65439
radio 15 417
radio 15 434
radio 15 947
radio 15 976
radio 15 1490
radio 15 1539
radio 15 2053
radio 15 2105
radio 15 2619
radio 15 2668
radio 15 3182
radio 15 3199
radio 15 3712
radio 15 3729
radio 15 4242
radio 15 4259
radio 15 4772
radio 15 4822
radio 15 5336
radio 15 5353
radio 15 5866
radio 15 5896
radio 15 6410
radio 15 6427
radio 15 6940
radio 15 6957
radio 15 7470
radio 15 7518
radio 15 8032
radio 15 8081
radio 15 8595
radio 15 8631
radio 15 9145
radio 15 9200
radio 15 9714
radio 15 9762
radio 15 10276
radio 15 10293
radio 15 10807
radio 15 10840
radio 15 11354
radio 15 11371
radio 15 11885
radio 15 11902
radio 15 12416
radio 15 12433
radio 15 12947
radio 15 12964
radio 15 13478
radio 15 13495
radio 15 14009
delay 21 46 15 14115 15 13507 14 6 65535 0 158 0 0
radio 15 14123
radio 15 14637
radio 15 14721
radio 15 15235
radio 15 15256
radio 15 15770
radio 15 15786
radio 15 16300
radio 15 16317
radio 15 16831
radio 15 16884
radio 15 17398
radio 15 17429
radio 15 17943
radio 15 17960
radio 15 18474
radio 15 18526
radio 15 19040
radio 15 19093
radio 15 19607
radio 15 19624
radio 15 20138
radio 15 20155
radio 15 20669
radio 15 20686
radio 15 21200
radio 15 21217
radio 15 21731
radio 15 21760
radio 15 22274
radio 15 22307
radio 15 22821
radio 15 22870
radio 15 23384
radio 15 23414
radio 15 23928
radio 15 23945
radio 15 24459
radio 15 24487
radio 15 25001
radio 15 25056
radio 15 25570
radio 15 25587
radio 15 26101
radio 15 26118
radio 15 26632
radio 15 26660
radio 15 27174
radio 15 27206
radio 15 27720
radio 15 27737
radio 15 28251
radio 15 28282
radio 15 28796
radio 15 28844
radio 15 29358
radio 15 29389
radio 15 29903
radio 15 29935
radio 15 30449
radio 15 30482
radio 15 30996
radio 15 31047
radio 15 31561
radio 15 31578
radio 15 32092
radio 15 32109
radio 15 32623
radio 15 32659
radio 15 33173
radio 15 33190
radio 15 33704
radio 15 33721
radio 15 34235
delay 22 44 15 34308 15 33742 13 6 65535 0 54 1 0
radio 15 35387
radio 15 35901
radio 15 35947
radio 15 36461
radio 15 36490
radio 15 37004
radio 15 37036
radio 15 37550
radio 15 37584
energy 15 38080 7 47547
radio 15 38098
radio 15 38115
radio 15 38629
radio 15 38646
radio 15 39160
radio 15 39214
radio 15 39728
radio 15 39759
radio 15 40273
radio 15 40306
radio 15 40820
radio 15 40837
radio 15 41351
radio 15 41368
radio 15 41882
radio 15 41910
radio 15 42424
radio 15 42476
radio 15 42990
radio 15 43026
radio 15 43540
radio 15 43557
radio 15 44071
radio 15 44088
radio 15 44602
radio 15 44619
radio 15 45133
radio 15 45162
radio 15 45676
radio 15 45764
radio 15 46278
radio 15 46389
radio 15 46903
radio 15 46920
radio 15 47434
radio 15 47607
radio 15 48121
radio 15 48150
radio 15 48664
radio 15 48681
radio 15 49195
radio 15 49226
radio 15 49740
radio 15 49757
radio 15 50271
radio 15 50341
radio 15 50855
radio 15 50872
radio 15 51386
radio 15 51403
radio 15 51917
radio 15 51934
radio 15 52448
radio 15 52465
radio 15 52979
radio 15 52996
radio 15 53510
radio 15 53527
radio 15 54041
radio 15 54076
radio 15 54590
radio 15 54639
radio 15 55153
delay 23 4 15 55288 15 55759 16 6 65535 0 296 0 0
radio 15 55296
radio 15 55810
radio 15 56091
radio 15 56605
radio 15 56626
radio 15 57140
radio 15 57172
radio 15 57686
radio 15 57739
radio 15 58253
radio 15 58270
radio 15 58784
radio 15 58852
radio 15 59366
radio 15 59395
radio 15 59909
radio 15 59944
radio 15 60458
radio 15 60513
radio 15 61027
radio 15 61061
radio 15 61575
radio 15 61624
radio 15 62138
radio 15 62189
radio 15 62703
radio 15 62720
radio 15 63234
radio 15 63251
radio 15 63765
radio 15 63782
radio 15 64296
radio 15 64313
radio 15 64827
radio 15 64844
radio 15 65358
radio 15 65375
radio 16 353
radio 16 370
radio 16 883
radio 16 900
radio 16 1413
radio 16 1430
radio 16 1943
radio 16 2012
radio 16 2526
radio 16 2543
radio 16 3057
radio 16 3074
radio 16 3587
radio 16 3604
radio 16 4117
radio 16 4134
radio 16 4647
radio 16 4681
radio 16 5195
radio 16 5243
radio 16 5757
radio 16 5786
radio 16 6300
radio 16 6333
radio 16 6847
radio 16 6895
radio 16 7409
radio 16 7457
radio 16 7971
radio 16 7988
radio 16 8501
radio 16 8518
radio 16 9031
radio 16 9048
radio 16 9561
radio 16 9578
radio 16 10091
delay 24 34 16 10734 16 10414 16 6 65535 0 867 0 0
radio 16 10743
radio 16 11257
radio 16 11274
radio 16 11787
radio 16 11802
radio 16 12316
radio 16 12369
radio 16 12883
radio 16 12900
radio 16 13414
radio 16 13431
radio 16 13945
radio 16 13962
radio 16 14476
radio 16 14493
radio 16 15007
radio 16 15037
radio 16 15551
radio 16 15568
radio 16 16082
radio 16 16099
radio 16 16613
radio 16 16644
radio 16 17158
radio 16 17188
radio 16 17702
radio 16 17719
radio 16 18233
radio 16 18250
radio 16 18764
radio 16 18781
radio 16 19295
radio 16 19312
radio 16 19826
radio 16 19854
radio 16 20368
radio 16 20385
radio 16 20899
radio 16 20916
radio 16 21430
radio 16 21462
radio 16 21976
radio 16 22029
radio 16 22543
radio 16 22560
radio 16 23074
radio 16 23091
radio 16 23605
radio 16 23622
radio 16 24136
radio 16 24153
radio 16 24667
radio 16 24721
radio 16 25235
radio 16 25263
radio 16 25777
radio 16 25794
radio 16 26308
radio 16 26325
radio 16 26839
radio 16 26856
radio 16 27370
radio 16 27387
radio 16 27901
radio 16 27933
radio 16 28447
radio 16 28478
radio 16 28992
radio 16 29045
radio 16 29559
radio 16 29594
radio 16 30108
delay 25 0 16 30134 16 30950 0 6 6 0 26 1 0
radio 16 31204
radio 16 31718
radio 16 31797
radio 16 32311
radio 16 32343
radio 16 32857
radio 16 32891
radio 16 33405
radio 16 33460
radio 16 33974
energy 16 33991 7 52277
radio 16 33998
radio 16 34511
radio 16 34544
radio 16 35058
radio 16 35092
radio 16 35606
radio 16 35659
radio 16 36173
radio 16 36190
radio 16 36704
radio 16 36733
radio 16 37247
radio 16 37264
radio 16 37778
radio 16 37795
radio 16 38309
radio 16 38343
radio 16 38857
radio 16 38907
radio 16 39421
radio 16 39438
radio 16 39952
radio 16 39969
radio 16 40483
radio 16 40538
radio 16 41052
radio 16 41103
radio 16 41617
radio 16 41705
radio 16 42219
radio 16 42268
radio 16 42782
radio 16 42832
radio 16 43346
radio 16 43363
radio 16 43877
radio 16 43894
radio 16 44408
radio 16 44425
radio 16 44939
radio 16 44995
radio 16 45509
radio 16 45526
radio 16 46040
radio 16 46057
radio 16 46571
radio 16 46664
radio 16 47178
radio 16 47195
radio 16 47709
radio 16 47726
radio 16 48240
radio 16 48257
radio 16 48771
radio 16 48788
radio 16 49302
radio 16 49319
radio 16 49833
radio 16 49850
radio 16 50364
radio 16 50381
radio 16 50895
delay 26 35 16 50946 16 50555 9 6 65535 0 232 1 0
radio 16 52019
radio 16 52533
radio 16 52550
radio 16 53064
radio 16 53081
radio 16 53595
radio 16 53612
radio 16 54126
radio 16 54143
radio 16 54657
radio 16 54687
radio 16 55201
radio 16 55218
radio 16 55732
radio 16 55749
radio 16 56263
radio 16 56317
radio 16 56831
radio 16 56848
radio 16 57362
radio 16 57379
radio 16 57893
radio 16 57910
radio 16 58424
radio 16 58454
radio 16 58968
radio 16 58985
radio 16 59499
radio 16 59527
radio 16 60041
radio 16 60091
radio 16 60605
radio 16 60641
radio 16 61155
radio 16 61187
radio 16 61701
radio 16 61730
radio 16 62244
radio 16 62315
radio 16 62829
radio 16 62846
radio 16 63360
radio 16 63377
radio 16 63891
radio 16 63908
radio 16 64422
radio 16 64439
radio 16 64953
radio 16 64970
radio 16 65484
radio 16 65501
radio 17 479
radio 17 535
radio 17 1049
radio 17 1066
radio 17 1579
radio 17 1608
radio 17 2122
radio 17 2139
radio 17 2652
radio 17 2702
radio 17 3216
radio 17 3264
radio 17 3778
radio 17 3795
radio 17 4308
radio 17 4325
radio 17 4838
radio 17 4855
radio 17 5368
radio 17 5385
radio 17 5898
delay 27 25 17 5963 17 5986 13 6 65535 0 80 1 0
radio 17 7031
radio 17 7545
radio 17 7562
radio 17 8076
radio 17 8093
radio 17 8606
radio 17 8623
radio 17 9136
radio 17 9153
radio 17 9666
radio 17 9695
radio 17 10209
radio 17 10226
radio 17 10740
radio 17 10770
radio 17 11284
radio 17 11336
radio 17 11850
radio 17 11867
radio 17 12381
radio 17 12398
radio 17 12912
radio 17 12960
radio 17 13474
radio 17 13491
radio 17 14005
radio 17 14060
radio 17 14574
radio 17 14610
radio 17 15124
radio 17 15172
radio 17 15686
radio 17 15739
radio 17 16253
radio 17 16284
radio 17 16798
radio 17 16832
radio 17 17346
radio 17 17374
radio 17 17888
radio 17 17941
radio 17 18455
radio 17 18472
radio 17 18986
radio 17 19016
radio 17 19530
radio 17 19547
radio 17 20061
radio 17 20078
radio 17 20592
radio 17 20609
radio 17 21123
radio 17 21140
radio 17 21654
radio 17 21705
radio 17 22219
radio 17 22254
radio 17 22768
radio 17 22799
radio 17 23313
radio 17 23330
radio 17 23844
radio 17 23876
radio 17 24390
radio 17 24442
radio 17 24956
radio 17 24973
radio 17 25487
radio 17 25518
radio 17 26032
radio 17 26049
radio 17 26563
delay 28 24 17 26940 17 26610 7 6 65535 0 568 0 0
radio 17 26948
radio 17 27463
radio 17 27505
radio 17 28019
radio 17 28048
radio 17 28562
radio 17 28579
radio 17 29093
radio 17 29110
radio 17 29624
radio 17 29641
energy 17 29888 7 57313
radio 17 30155
radio 17 30209
radio 17 30723
radio 17 30756
radio 17 31270
radio 17 31287
radio 17 31801
radio 17 31818
radio 17 32332
radio 17 32349
radio 17 32863
radio 17 32898
radio 17 33412
radio 17 33442
radio 17 33956
radio 17 33973
radio 17 34487
radio 17 34504
radio 17 35018
radio 17 35035
radio 17 35549
radio 17 35580
radio 17 36094
radio 17 36111
radio 17 36625
radio 17 36676
radio 17 37190
radio 17 37398
radio 17 37912
radio 17 37929
radio 17 38443
radio 17 38495
radio 17 39009
radio 17 39145
radio 17 39659
radio 17 39676
radio 17 40190
radio 17 40267
radio 17 40781
radio 17 40834
radio 17 41348
radio 17 41377
radio 17 41891
radio 17 41908
radio 17 42422
radio 17 42439
radio 17 42953
radio 17 43002
radio 17 43516
radio 17 43533
radio 17 44047
radio 17 44064
radio 17 44578
radio 17 44613
radio 17 45127
radio 17 45144
radio 17 45658
radio 17 45675
radio 17 46189
radio 17 46206
radio 17 46720
delay 29 24 17 46762 17 46432 7 6 65535 0 32 1 0
radio 17 47833
radio 17 48347
radio 17 48364
radio 17 48878
radio 17 48915
radio 17 49429
radio 17 49446
radio 17 49960
radio 17 49989
radio 17 50503
radio 17 50552
radio 17 51066
radio 17 51083
radio 17 51597
radio 17 51614
radio 17 52128
radio 17 52162
