Thread[Thread-1,5,main]delay 0 5 0 10300 0 10261
delay 1 3 0 20777 0 20776
delay 2 0 0 30647 0 30755
delay 3 3 0 42065 0 42063
delay 4 0 0 51277 0 51390
energy 0 61466 0 6051
delay 6 25 1 7501 1 6969
delay 7 3 1 17356 1 17354
delay 8 3 1 27530 1 27528
delay 9 3 1 37692 1 37689
delay 10 42 1 49160 1 48225
energy 1 57370 0 11889
delay 11 15 1 59061 1 58758
delay 12 0 2 2008 2 2120
delay 13 3 2 13688 2 13685
delay 14 42 2 25490 2 24555
delay 15 14 2 34312 2 34068
energy 2 53274 0 18236
delay 17 3 2 53784 2 53780
delay 18 14 2 64570 2 64326
delay 19 3 3 9283 3 9279
delay 20 14 3 18842 3 18597
delay 21 2 3 29488 3 29515
delay 22 5 3 39742 3 39700
energy 3 49178 0 23944
delay 23 1 3 49390 3 49508
delay 24 14 3 60231 3 59985
delay 25 3 4 4455 4 4449
delay 26 14 4 15302 4 15056
delay 27 3 4 24847 4 24841
delay 28 14 4 35060 4 34814
energy 4 45082 0 29897
delay 29 44 4 45996 4 45000
delay 30 3 4 55520 4 55514
delay 31 3 5 2103 5 2096
