Thread[Thread-1,5,main]tree 27 18 0 11 0 0
radio 8 48343
radio 8 48347
delay 111 24 8 48358 8 54761 5 6 1 0 7084 0 0
radio 8 48366
radio 8 48880
radio 8 48892
radio 8 49405
radio 8 49417
radio 8 49931
radio 8 49948
radio 8 50462
radio 8 50479
radio 8 50993
radio 8 51008
radio 8 51521
radio 8 51545
radio 8 52058
radio 8 52075
radio 8 52588
radio 8 52605
radio 8 53118
radio 8 53135
radio 8 53648
radio 8 53682
radio 8 54196
radio 8 54226
radio 8 54740
radio 8 54757
radio 8 55271
radio 8 55288
radio 8 55802
radio 8 55832
radio 8 56346
radio 8 56381
radio 8 56895
radio 8 56912
radio 8 57425
radio 8 57457
radio 8 57971
radio 8 57988
radio 8 58502
radio 8 58519
radio 8 59032
radio 8 59049
radio 8 59563
radio 8 59580
radio 8 60094
radio 8 60111
radio 8 60625
radio 8 60642
radio 8 61156
radio 8 61173
radio 8 61687
radio 8 61704
radio 8 62218
radio 8 62253
radio 8 62767
radio 8 62820
radio 8 63334
radio 8 63351
radio 8 63864
radio 8 63881
radio 8 64394
radio 8 64428
radio 8 64942
radio 8 64998
radio 8 65512
radio 8 65529
radio 9 506
radio 9 523
radio 9 1036
radio 9 1053
radio 9 1566
radio 9 1600
radio 9 2114
radio 9 2148
radio 9 2662
radio 9 2694
radio 9 3208
radio 9 3259
radio 9 3773
radio 9 3790
radio 9 4303
radio 9 4320
radio 9 4833
radio 9 4850
radio 9 5363
radio 9 5380
radio 9 5893
radio 9 5910
radio 9 6423
radio 9 6440
radio 9 6953
radio 9 6970
radio 9 7483
radio 9 7518
radio 9 8032
radio 9 8049
radio 9 8562
radio 9 8594
radio 9 9108
radio 9 9125
radio 9 9639
radio 9 9656
radio 9 10169
radio 9 10186
radio 9 10700
radio 9 10728
radio 9 11242
radio 9 11272
radio 9 11786
radio 9 11817
radio 9 12331
radio 9 12401
radio 9 12915
radio 9 12950
radio 9 13464
radio 9 13481
radio 9 13994
radio 9 14011
radio 9 14524
radio 9 14541
radio 9 15055
radio 9 15072
radio 9 15586
radio 9 15619
radio 9 16133
radio 9 16150
radio 9 16664
radio 9 16681
radio 9 17195
radio 9 17212
radio 9 17726
radio 9 17743
radio 9 18256
radio 9 18285
radio 9 18799
radio 9 18816
radio 9 19329
radio 9 19346
radio 9 19860
radio 9 19892
radio 9 20406
radio 9 20454
radio 9 20968
radio 9 20985
radio 9 21498
radio 9 21530
radio 9 22044
radio 9 22061
radio 9 22575
radio 9 22592
radio 9 23105
radio 9 23122
radio 9 23636
radio 9 23667
radio 9 24181
radio 9 24198
radio 9 24711
radio 9 24780
radio 9 25294
radio 9 25311
radio 9 25824
radio 9 25841
radio 9 26355
radio 9 26372
radio 9 26886
radio 9 26958
radio 9 27472
radio 9 27508
radio 9 28022
radio 9 28039
radio 9 28553
radio 9 28570
radio 9 29083
radio 9 29119
radio 9 29633
radio 9 29650
radio 9 30164
radio 9 30195
radio 9 30709
radio 9 30726
radio 9 31240
radio 9 31257
radio 9 31771
radio 9 31801
radio 9 32315
radio 9 32332
radio 9 32845
radio 9 32875
radio 9 33389
radio 9 33419
radio 9 33933
radio 9 33950
radio 9 34463
radio 9 34494
radio 9 35008
radio 9 35025
radio 9 35539
radio 9 35556
radio 9 36069
radio 9 36105
radio 9 36619
radio 9 36636
radio 9 37150
radio 9 37198
radio 9 37712
radio 9 37765
radio 9 38279
radio 9 38296
radio 9 38810
radio 9 38827
radio 9 39341
radio 9 39358
radio 9 39872
radio 9 39889
radio 9 40402
radio 9 40419
radio 9 40932
radio 9 40949
radio 9 41463
radio 9 41533
radio 9 42047
radio 9 42064
radio 9 42577
radio 9 42594
radio 9 43107
radio 9 43124
radio 9 43637
radio 9 43654
radio 9 44167
radio 9 44184
energy 9 44258 8 50414
radio 9 44697
radio 9 44714
radio 9 45227
radio 9 45244
radio 9 45757
radio 9 45809
radio 9 46323
radio 9 46340
radio 9 46853
radio 9 46870
radio 9 47384
radio 9 47401
radio 9 47915
radio 9 47932
radio 9 48446
radio 9 48463
radio 9 48976
radio 9 49008
radio 9 49522
radio 9 49539
radio 9 50053
radio 9 50101
radio 9 50615
radio 9 50643
radio 9 51157
radio 9 51174
radio 9 51688
radio 9 51705
radio 9 52218
radio 9 52235
radio 9 52749
radio 9 52780
radio 9 53294
radio 9 53311
radio 9 53825
radio 9 53842
radio 9 54355
radio 9 54391
radio 9 54905
radio 9 54922
radio 9 55435
radio 9 55486
radio 9 56000
radio 9 56017
radio 9 56530
radio 9 56547
radio 9 57061
radio 9 57078
radio 9 57592
radio 9 57609
radio 9 58122
radio 9 58139
radio 9 58652
radio 9 58669
radio 9 59182
radio 9 59215
radio 9 59729
radio 9 59785
radio 9 60299
radio 9 60316
radio 9 60830
radio 9 60847
radio 9 61360
radio 9 61377
radio 9 61891
radio 9 61921
radio 9 62435
radio 9 62465
radio 9 62979
radio 9 62996
radio 9 63509
radio 9 63540
radio 9 64054
radio 9 64071
radio 9 64584
radio 9 64615
radio 9 65129
radio 9 65146
radio 10 123
radio 10 140
radio 10 653
radio 10 670
radio 10 1183
radio 10 1212
radio 10 1726
radio 10 1755
radio 10 2269
radio 10 2304
radio 10 2818
radio 10 2835
radio 10 3349
radio 10 3366
radio 10 3880
radio 10 3910
radio 10 4424
radio 10 4441
radio 10 4954
radio 10 4971
radio 10 5484
radio 10 5501
radio 10 6014
radio 10 6031
radio 10 6545
radio 10 6577
radio 10 7091
radio 10 7127
radio 10 7641
radio 10 7675
radio 10 8189
radio 10 8206
radio 10 8720
radio 10 8737
radio 10 9250
radio 10 9267
radio 10 9781
radio 10 9798
radio 10 10312
radio 10 10329
radio 10 10843
radio 10 10876
radio 10 11390
radio 10 11427
radio 10 11941
radio 10 11958
radio 10 12472
radio 10 12489
radio 10 13003
radio 10 13020
radio 10 13534
radio 10 13569
radio 10 14083
radio 10 14116
radio 10 14630
radio 10 14647
radio 10 15161
radio 10 15213
radio 10 15727
radio 10 15744
radio 10 16258
radio 10 16275
radio 10 16789
radio 10 16822
radio 10 17336
radio 10 17353
radio 10 17867
radio 10 17902
radio 10 18416
radio 10 18472
radio 10 18986
radio 10 19015
radio 10 19529
radio 10 19564
radio 10 20078
radio 10 20095
radio 10 20609
radio 10 20626
radio 10 21140
radio 10 21157
radio 10 21671
radio 10 21703
radio 10 22217
radio 10 22251
radio 10 22765
radio 10 22782
radio 10 23296
radio 10 23313
radio 10 23827
radio 10 23844
radio 10 24358
radio 10 24375
radio 10 24889
radio 10 24906
radio 10 25420
radio 10 25452
radio 10 25966
radio 10 26002
radio 10 26516
radio 10 26533
radio 10 27047
radio 10 27064
radio 10 27578
radio 10 27607
radio 10 28121
radio 10 28138
radio 10 28652
radio 10 28683
radio 10 29197
radio 10 29227
radio 10 29741
radio 10 29792
radio 10 30306
radio 10 30323
radio 10 30837
radio 10 30871
radio 10 31385
delay 0 21 10 31569 10 31091 5 6 1 0 415 0 0
radio 10 31577
radio 10 32091
radio 10 32106
radio 10 32620
radio 10 32640
radio 10 33154
radio 10 33171
radio 10 33685
radio 10 33702
radio 10 34216
radio 10 34246
radio 10 34760
radio 10 34777
radio 10 35291
radio 10 35308
radio 10 35822
radio 10 35878
radio 10 36392
radio 10 36409
radio 10 36923
radio 10 36940
radio 10 37454
radio 10 37471
radio 10 37985
radio 10 38002
radio 10 38516
radio 10 38545
radio 10 39059
radio 10 39092
radio 10 39606
radio 10 39634
radio 10 40148
energy 10 40165 8 52628
radio 10 40172
radio 10 40685
radio 10 40702
radio 10 41216
radio 10 41233
radio 10 41747
radio 10 41764
radio 10 42278
radio 10 42310
radio 10 42824
radio 10 42873
radio 10 43387
radio 10 43421
radio 10 43935
radio 10 43952
radio 10 44466
radio 10 44483
radio 10 44997
radio 10 45014
radio 10 45528
radio 10 45545
radio 10 46059
radio 10 46076
radio 10 46590
radio 10 46607
radio 10 47121
radio 10 47172
radio 10 47686
radio 10 47719
radio 10 48233
radio 10 48268
radio 10 48782
radio 10 48813
radio 10 49327
radio 10 49360
radio 10 49874
radio 10 49910
radio 10 50424
radio 10 50441
radio 10 50955
radio 10 50987
radio 10 51501
delay 1 21 10 51584 10 51106 5 6 1 0 32 1 0
radio 10 52663
radio 10 53177
radio 10 53195
radio 10 53709
radio 10 53726
radio 10 54240
radio 10 54257
radio 10 54771
radio 10 54788
radio 10 55302
radio 10 55337
radio 10 55851
radio 10 55900
radio 10 56414
radio 10 56449
radio 10 56963
radio 10 56980
radio 10 57494
radio 10 57524
radio 10 58038
radio 10 58068
radio 10 58582
radio 10 58614
radio 10 59128
radio 10 59145
radio 10 59659
radio 10 59676
radio 10 60190
radio 10 60207
radio 10 60721
radio 10 60738
radio 10 61252
radio 10 61288
radio 10 61802
radio 10 61838
radio 10 62352
radio 10 62389
radio 10 62903
radio 10 62920
radio 10 63434
radio 10 63469
radio 10 63983
radio 10 64017
radio 10 64531
radio 10 64565
radio 10 65079
radio 10 65135
radio 11 113
radio 11 130
radio 11 643
radio 11 660
radio 11 1173
radio 11 1190
radio 11 1704
radio 11 1721
radio 11 2234
radio 11 2251
radio 11 2764
radio 11 2781
radio 11 3295
radio 11 3312
radio 11 3825
radio 11 3853
radio 11 4367
radio 11 4402
radio 11 4916
radio 11 4950
radio 11 5464
radio 11 5495
radio 11 6009
radio 11 6026
radio 11 6540
radio 11 6594
radio 11 7108
delay 2 30 11 7152 11 6456 5 6 1 0 330 0 0
radio 11 7159
radio 11 7674
radio 11 7802
radio 11 8316
radio 11 8389
radio 11 8902
radio 11 8917
radio 11 9431
radio 11 9448
radio 11 9961
radio 11 9997
radio 11 10511
radio 11 10528
radio 11 11042
radio 11 11059
radio 11 11573
radio 11 11590
radio 11 12104
radio 11 12177
radio 11 12691
radio 11 12708
radio 11 13222
radio 11 13239
radio 11 13753
radio 11 13770
radio 11 14284
radio 11 14301
radio 11 14815
radio 11 14832
radio 11 15346
radio 11 15363
radio 11 15877
radio 11 15928
radio 11 16442
radio 11 16459
radio 11 16973
radio 11 16990
radio 11 17504
radio 11 17521
radio 11 18035
radio 11 18052
radio 11 18566
radio 11 18583
radio 11 19097
radio 11 19114
radio 11 19628
radio 11 19660
radio 11 20174
radio 11 20191
radio 11 20705
radio 11 20735
radio 11 21249
radio 11 21305
radio 11 21819
radio 11 21836
radio 11 22350
radio 11 22367
radio 11 22881
radio 11 22898
radio 11 23412
radio 11 23429
radio 11 23943
radio 11 23973
radio 11 24487
radio 11 24504
radio 11 25018
radio 11 25035
radio 11 25549
radio 11 25584
radio 11 26098
radio 11 26115
radio 11 26629
radio 11 26658
radio 11 27172
delay 3 1 11 27224 11 27492 6 6 65535 0 54 0 0
radio 11 27234
radio 11 27747
radio 11 27770
radio 11 28283
radio 11 28302
radio 11 28816
radio 11 28831
radio 11 29345
radio 11 29377
radio 11 29891
radio 11 29908
radio 11 30422
radio 11 30453
radio 11 30967
radio 11 30984
radio 11 31498
radio 11 31515
radio 11 32029
radio 11 32060
radio 11 32574
radio 11 32610
radio 11 33124
radio 11 33141
radio 11 33655
radio 11 33687
radio 11 34201
radio 11 34218
radio 11 34732
radio 11 34749
radio 11 35263
radio 11 35280
radio 11 35794
radio 11 35811
energy 11 36066 8 56098
radio 11 36325
radio 11 36360
radio 11 36874
radio 11 36909
radio 11 37423
radio 11 37440
radio 11 37954
radio 11 37971
radio 11 38485
radio 11 38518
radio 11 39032
radio 11 39062
radio 11 39576
radio 11 39593
radio 11 40107
radio 11 40124
radio 11 40638
radio 11 40670
radio 11 41184
radio 11 41201
radio 11 41715
radio 11 41744
radio 11 42258
radio 11 42287
radio 11 42801
radio 11 42818
radio 11 43332
radio 11 43360
radio 11 43874
radio 11 43950
radio 11 44464
radio 11 44481
radio 11 44995
radio 11 45012
radio 11 45526
radio 11 45543
radio 11 46057
radio 11 46091
radio 11 46605
radio 11 46636
radio 11 47150
radio 11 47205
radio 11 47719
delay 4 1 11 47737 11 48004 6 6 65535 0 201 0 0
radio 11 47745
radio 11 48259
radio 11 48368
radio 11 48881
radio 11 48899
radio 11 49413
radio 11 49430
radio 11 49944
radio 11 49961
radio 11 50475
radio 11 50492
radio 11 51006
radio 11 51055
radio 11 51569
radio 11 51586
radio 11 52100
radio 11 52117
radio 11 52631
radio 11 52648
radio 11 53162
radio 11 53192
radio 11 53706
radio 11 53723
radio 11 54237
radio 11 54271
radio 11 54785
radio 11 54815
radio 11 55329
radio 11 55365
radio 11 55879
radio 11 55909
radio 11 56423
radio 11 56440
radio 11 56954
radio 11 56984
radio 11 57498
radio 11 57552
radio 11 58066
radio 11 58100
radio 11 58614
radio 11 58631
radio 11 59145
radio 11 59162
radio 11 59676
radio 11 59693
radio 11 60207
radio 11 60224
radio 11 60738
radio 11 60766
radio 11 61280
radio 11 61317
radio 11 61831
radio 11 61866
radio 11 62380
radio 11 62397
radio 11 62911
radio 11 62928
radio 11 63442
radio 11 63459
radio 11 63973
radio 11 63990
radio 11 64504
radio 11 64521
radio 11 65035
radio 11 65064
radio 12 42
radio 12 59
radio 12 572
radio 12 604
radio 12 1118
radio 12 1168
radio 12 1682
radio 12 1699
radio 12 2212
radio 12 2229
radio 12 2742
delay 5 29 12 2762 12 2099 12 6 65535 0 110 1 0
radio 12 3820
radio 12 4334
radio 12 4363
radio 12 4877
radio 12 4894
radio 12 5407
radio 12 5437
radio 12 5951
radio 12 5968
radio 12 6481
radio 12 6511
