Thread[Thread-1,5,main]tree 27 18 0 11 0 0
radio 8 43227
radio 8 43231
radio 8 43261
radio 8 43775
radio 8 43792
radio 8 44305
radio 8 44322
radio 8 44835
radio 8 44852
radio 8 45365
radio 8 45421
radio 8 45935
radio 8 45952
radio 8 46465
radio 8 46498
radio 8 47012
radio 8 47029
radio 8 47542
radio 8 47559
radio 8 48072
radio 8 48089
radio 8 48602
delay 111 24 8 48614 8 55270 5 6 1 0 7593 0 0
radio 8 48622
radio 8 49137
radio 8 49150
radio 8 49664
radio 8 49680
radio 8 50194
radio 8 50207
radio 8 50721
radio 8 50787
radio 8 51301
radio 8 51317
radio 8 51830
radio 8 51859
radio 8 52373
radio 8 52390
radio 8 52904
radio 8 52933
radio 8 53447
radio 8 53478
radio 8 53992
radio 8 54009
radio 8 54522
radio 8 54554
radio 8 55068
radio 8 55085
radio 8 55598
radio 8 55615
radio 8 56129
radio 8 56158
radio 8 56672
radio 8 56700
radio 8 57214
radio 8 57231
radio 8 57744
radio 8 57817
radio 8 58331
radio 8 58360
radio 8 58874
radio 8 58909
radio 8 59423
radio 8 59495
radio 8 60009
radio 8 60045
radio 8 60559
radio 8 60576
radio 8 61089
radio 8 61120
radio 8 61634
radio 8 61651
radio 8 62165
radio 8 62193
radio 8 62707
radio 8 62724
radio 8 63237
radio 8 63273
radio 8 63787
radio 8 63804
radio 8 64317
radio 8 64348
radio 8 64862
radio 8 64891
radio 8 65405
radio 8 65433
radio 9 411
radio 9 466
radio 9 979
radio 9 996
radio 9 1509
radio 9 1544
radio 9 2058
radio 9 2112
radio 9 2626
radio 9 2656
radio 9 3170
radio 9 3187
radio 9 3700
radio 9 3731
radio 9 4245
radio 9 4262
radio 9 4775
radio 9 4792
radio 9 5305
radio 9 5322
radio 9 5835
radio 9 5852
radio 9 6365
radio 9 6414
radio 9 6928
radio 9 6945
radio 9 7458
radio 9 7475
radio 9 7988
radio 9 8022
radio 9 8536
radio 9 8553
radio 9 9066
radio 9 9101
radio 9 9615
radio 9 9688
radio 9 10202
radio 9 10219
radio 9 10733
radio 9 10765
radio 9 11279
radio 9 11315
radio 9 11829
radio 9 11846
radio 9 12359
radio 9 12376
radio 9 12889
radio 9 12938
radio 9 13452
radio 9 13480
radio 9 13994
radio 9 14024
radio 9 14538
radio 9 14555
radio 9 15069
radio 9 15140
radio 9 15654
radio 9 15671
radio 9 16184
radio 9 16220
radio 9 16734
radio 9 16765
radio 9 17279
radio 9 17296
radio 9 17809
radio 9 17839
radio 9 18353
radio 9 18370
radio 9 18883
radio 9 18912
radio 9 19426
radio 9 19521
radio 9 20035
radio 9 20089
radio 9 20603
radio 9 20674
radio 9 21188
radio 9 21205
radio 9 21718
radio 9 21735
radio 9 22248
radio 9 22265
radio 9 22778
radio 9 22814
radio 9 23328
radio 9 23362
radio 9 23876
radio 9 23949
radio 9 24463
radio 9 24492
radio 9 25006
radio 9 25023
radio 9 25536
radio 9 25570
radio 9 26084
radio 9 26101
radio 9 26614
radio 9 26646
radio 9 27160
radio 9 27188
radio 9 27702
radio 9 27734
radio 9 28248
radio 9 28265
radio 9 28778
radio 9 28795
radio 9 29308
radio 9 29325
radio 9 29838
radio 9 29874
radio 9 30388
radio 9 30405
radio 9 30919
radio 9 30936
radio 9 31449
radio 9 31466
radio 9 31979
radio 9 32010
radio 9 32524
radio 9 32553
radio 9 33067
radio 9 33097
radio 9 33611
radio 9 33628
radio 9 34141
radio 9 34197
radio 9 34711
radio 9 34747
radio 9 35261
radio 9 35278
radio 9 35791
radio 9 35824
radio 9 36338
radio 9 36374
radio 9 36888
radio 9 36924
radio 9 37438
radio 9 37455
radio 9 37968
radio 9 37999
radio 9 38513
radio 9 38542
radio 9 39056
radio 9 39073
energy 9 39143 8 45830
radio 9 39586
radio 9 39620
radio 9 40134
radio 9 40202
radio 9 40716
radio 9 40750
radio 9 41264
radio 9 41281
radio 9 41794
radio 9 41829
radio 9 42343
radio 9 42372
radio 9 42886
radio 9 42915
radio 9 43429
radio 9 43461
radio 9 43975
radio 9 44003
radio 9 44517
radio 9 44569
radio 9 45083
radio 9 45117
radio 9 45631
radio 9 45648
radio 9 46161
radio 9 46197
radio 9 46711
radio 9 46728
radio 9 47242
radio 9 47271
radio 9 47785
radio 9 47857
radio 9 48371
radio 9 48388
radio 9 48901
radio 9 48929
radio 9 49443
radio 9 49460
radio 9 49973
radio 9 49990
radio 9 50503
radio 9 50553
radio 9 51067
radio 9 51095
radio 9 51609
radio 9 51640
radio 9 52154
radio 9 52171
radio 9 52684
radio 9 52717
radio 9 53231
radio 9 53248
radio 9 53761
radio 9 53811
radio 9 54325
radio 9 54342
radio 9 54855
radio 9 54872
radio 9 55385
radio 9 55402
radio 9 55915
radio 9 55945
radio 9 56459
radio 9 56508
radio 9 57022
radio 9 57054
radio 9 57568
radio 9 57596
radio 9 58110
radio 9 58127
radio 9 58640
radio 9 58657
radio 9 59170
radio 9 59200
radio 9 59714
radio 9 59749
radio 9 60263
radio 9 60336
radio 9 60850
radio 9 60867
radio 9 61381
radio 9 61412
radio 9 61926
radio 9 61962
radio 9 62476
radio 9 62493
radio 9 63006
radio 9 63023
radio 9 63536
radio 9 63587
radio 9 64101
radio 9 64118
radio 9 64631
radio 9 64648
radio 9 65161
radio 9 65178
radio 10 155
radio 10 172
radio 10 685
radio 10 702
radio 10 1215
radio 10 1247
radio 10 1761
radio 10 1792
radio 10 2306
radio 10 2336
radio 10 2850
radio 10 2867
radio 10 3380
radio 10 3397
radio 10 3910
radio 10 3927
radio 10 4440
radio 10 4474
radio 10 4988
radio 10 5017
radio 10 5531
radio 10 5600
radio 10 6114
radio 10 6142
radio 10 6656
radio 10 6684
radio 10 7198
radio 10 7215
radio 10 7728
radio 10 7745
radio 10 8258
radio 10 8327
radio 10 8841
radio 10 8858
radio 10 9371
radio 10 9401
radio 10 9915
radio 10 9932
radio 10 10445
radio 10 10501
radio 10 11015
radio 10 11043
radio 10 11557
radio 10 11629
radio 10 12143
radio 10 12160
radio 10 12674
radio 10 12691
radio 10 13205
radio 10 13261
radio 10 13775
radio 10 13792
radio 10 14306
radio 10 14323
radio 10 14837
radio 10 14854
radio 10 15368
radio 10 15404
radio 10 15918
radio 10 15947
radio 10 16461
radio 10 16512
radio 10 17026
radio 10 17043
radio 10 17557
radio 10 17591
radio 10 18105
radio 10 18155
radio 10 18669
radio 10 18686
radio 10 19200
radio 10 19231
radio 10 19745
radio 10 19762
radio 10 20276
radio 10 20293
radio 10 20807
radio 10 20844
radio 10 21358
radio 10 21434
radio 10 21948
radio 10 21979
radio 10 22493
radio 10 22522
radio 10 23036
radio 10 23053
radio 10 23567
radio 10 23596
radio 10 24110
radio 10 24146
radio 10 24660
radio 10 24677
radio 10 25191
radio 10 25208
radio 10 25722
radio 10 25739
radio 10 26253
radio 10 26282
radio 10 26796
radio 10 26826
radio 10 27340
radio 10 27373
radio 10 27887
radio 10 27941
radio 10 28455
radio 10 28484
radio 10 28998
radio 10 29027
radio 10 29541
radio 10 29613
radio 10 30127
radio 10 30144
radio 10 30658
radio 10 30675
radio 10 31189
delay 0 0 10 31208 10 31015 0 6 6 0 64 1 0
radio 10 32268
radio 10 32782
radio 10 32837
radio 10 33351
radio 10 33386
radio 10 33900
radio 10 33929
radio 10 34443
radio 10 34460
radio 10 34974
radio 10 34991
energy 10 35047 8 49563
radio 10 35505
radio 10 35537
radio 10 36051
radio 10 36084
radio 10 36598
radio 10 36626
radio 10 37140
radio 10 37157
radio 10 37671
radio 10 37688
radio 10 38202
radio 10 38219
radio 10 38733
radio 10 38750
radio 10 39264
radio 10 39281
radio 10 39795
radio 10 39812
radio 10 40326
radio 10 40343
radio 10 40857
radio 10 40885
radio 10 41399
radio 10 41429
radio 10 41943
radio 10 41973
radio 10 42487
radio 10 42504
radio 10 43018
radio 10 43035
radio 10 43549
radio 10 43585
radio 10 44099
radio 10 44116
radio 10 44630
radio 10 44647
radio 10 45161
radio 10 45236
radio 10 45750
radio 10 45767
radio 10 46281
radio 10 46311
radio 10 46825
radio 10 46855
radio 10 47369
radio 10 47437
radio 10 47951
radio 10 47968
radio 10 48482
radio 10 48499
radio 10 49013
radio 10 49046
radio 10 49560
radio 10 49590
radio 10 50104
radio 10 50139
radio 10 50653
radio 10 50682
radio 10 51196
radio 10 51228
radio 10 51742
delay 1 18 10 51785 10 51334 11 6 65535 0 70 1 0
radio 10 52861
radio 10 53375
radio 10 53391
radio 10 53905
radio 10 53933
radio 10 54447
radio 10 54464
radio 10 54978
radio 10 54995
radio 10 55509
radio 10 55526
radio 10 56040
radio 10 56070
radio 10 56584
radio 10 56601
radio 10 57115
radio 10 57132
radio 10 57646
radio 10 57716
radio 10 58230
radio 10 58262
radio 10 58776
radio 10 58793
radio 10 59307
radio 10 59336
radio 10 59850
radio 10 59878
radio 10 60392
radio 10 60448
radio 10 60962
radio 10 60979
radio 10 61493
radio 10 61510
radio 10 62024
radio 10 62041
radio 10 62555
radio 10 62611
radio 10 63125
radio 10 63154
radio 10 63668
radio 10 63685
radio 10 64199
radio 10 64228
radio 10 64742
radio 10 64759
radio 10 65273
radio 10 65290
radio 11 268
radio 11 301
radio 11 815
radio 11 843
radio 11 1357
radio 11 1406
radio 11 1920
radio 11 1937
radio 11 2450
radio 11 2467
radio 11 2980
radio 11 2997
radio 11 3510
radio 11 3542
radio 11 4056
radio 11 4132
radio 11 4646
radio 11 4676
radio 11 5190
radio 11 5223
radio 11 5737
radio 11 5811
radio 11 6325
radio 11 6353
radio 11 6867
delay 2 39 11 6924 11 5820 17 6 65535 0 71 1 0
radio 11 7997
radio 11 8511
radio 11 8533
radio 11 9047
radio 11 9064
radio 11 9577
radio 11 9594
radio 11 10107
radio 11 10124
radio 11 10638
radio 11 10673
radio 11 11187
radio 11 11204
radio 11 11718
radio 11 11789
radio 11 12303
radio 11 12336
radio 11 12850
radio 11 12867
radio 11 13381
radio 11 13413
radio 11 13927
radio 11 13944
radio 11 14458
radio 11 14475
radio 11 14989
radio 11 15037
radio 11 15551
radio 11 15579
radio 11 16093
radio 11 16127
radio 11 16641
radio 11 16717
radio 11 17231
radio 11 17263
radio 11 17777
radio 11 17808
radio 11 18322
radio 11 18394
radio 11 18908
radio 11 18938
radio 11 19452
radio 11 19548
radio 11 20062
radio 11 20079
radio 11 20593
radio 11 20628
radio 11 21142
radio 11 21159
radio 11 21673
radio 11 21724
radio 11 22238
radio 11 22268
radio 11 22782
radio 11 22812
radio 11 23326
radio 11 23343
radio 11 23857
radio 11 23874
radio 11 24388
radio 11 24419
radio 11 24933
radio 11 24961
radio 11 25475
radio 11 25530
radio 11 26044
radio 11 26061
radio 11 26575
radio 11 26592
radio 11 27106
delay 3 6 11 27204 11 27205 6 6 65535 0 84 1 0
radio 11 28284
radio 11 28797
radio 11 28848
radio 11 29362
radio 11 29410
radio 11 29924
radio 11 29981
radio 11 30495
radio 11 30531
energy 11 30951 8 55514
radio 11 31045
radio 11 31076
radio 11 31590
radio 11 31624
radio 11 32138
radio 11 32155
radio 11 32669
radio 11 32701
radio 11 33215
radio 11 33245
radio 11 33759
radio 11 33811
radio 11 34325
radio 11 34355
radio 11 34869
radio 11 34886
radio 11 35400
radio 11 35417
radio 11 35931
radio 11 35948
radio 11 36462
radio 11 36531
radio 11 37045
radio 11 37080
radio 11 37594
radio 11 37611
radio 11 38125
radio 11 38154
radio 11 38668
radio 11 38737
radio 11 39251
radio 11 39268
radio 11 39782
radio 11 39812
radio 11 40326
radio 11 40343
radio 11 40857
radio 11 40874
radio 11 41388
radio 11 41424
radio 11 41938
radio 11 41993
radio 11 42507
radio 11 42538
radio 11 43052
radio 11 43069
radio 11 43583
radio 11 43600
radio 11 44114
radio 11 44150
radio 11 44664
radio 11 44700
radio 11 45214
radio 11 45231
radio 11 45745
radio 11 45762
radio 11 46276
radio 11 46293
radio 11 46807
radio 11 46824
radio 11 47338
radio 11 47355
radio 11 47869
delay 4 34 11 47916 11 46919 11 6 65535 0 139 0 0
radio 11 47924
radio 11 48439
radio 11 48454
radio 11 48968
radio 11 49050
radio 11 49564
radio 11 49616
radio 11 50130
radio 11 50158
radio 11 50672
radio 11 50702
radio 11 51216
radio 11 51233
radio 11 51747
radio 11 51764
radio 11 52278
radio 11 52310
radio 11 52824
radio 11 52894
radio 11 53408
radio 11 53425
radio 11 53939
radio 11 53956
radio 11 54470
radio 11 54487
radio 11 55001
radio 11 55018
radio 11 55532
radio 11 55549
radio 11 56063
radio 11 56080
radio 11 56594
radio 11 56689
radio 11 57203
radio 11 57235
radio 11 57749
radio 11 57818
radio 11 58332
radio 11 58349
radio 11 58863
radio 11 58880
radio 11 59394
radio 11 59423
radio 11 59937
radio 11 59972
radio 11 60486
radio 11 60503
radio 11 61017
radio 11 61071
radio 11 61585
radio 11 61617
radio 11 62131
radio 11 62148
radio 11 62662
radio 11 62690
radio 11 63204
radio 11 63275
radio 11 63789
radio 11 63824
radio 11 64338
radio 11 64355
radio 11 64869
radio 11 64923
radio 11 65437
radio 11 65454
radio 12 432
radio 12 449
radio 12 962
radio 12 979
radio 12 1492
radio 12 1523
radio 12 2037
radio 12 2054
radio 12 2567
delay 5 6 12 2619 12 2620 6 6 65535 0 34 1 0
radio 12 3678
radio 12 4192
radio 12 4241
radio 12 4755
radio 12 4772
radio 12 5285
radio 12 5302
radio 12 5815
radio 12 5843
radio 12 6357
radio 12 6388
radio 12 6902
radio 12 6930
