Thread[Thread-1,5,main]tree 47 14 49 14 0 0
radio 7 9381
radio 7 9385
radio 7 9413
radio 7 9927
radio 7 9956
radio 7 10469
radio 7 10499
radio 7 11013
radio 7 11062
radio 7 11576
radio 7 11608
radio 7 12122
radio 7 12150
radio 7 12664
radio 7 12681
radio 7 13194
radio 7 13223
radio 7 13737
radio 7 13786
radio 7 14300
radio 7 14330
radio 7 14844
radio 7 14861
radio 7 15374
radio 7 15391
radio 7 15904
radio 7 15936
radio 7 16450
radio 7 16467
radio 7 16980
radio 7 17029
radio 7 17543
radio 7 17560
radio 7 18073
radio 7 18090
radio 7 18603
radio 7 18632
radio 7 19146
radio 7 19180
radio 7 19694
radio 7 19725
radio 7 20239
radio 7 20270
radio 7 20784
radio 7 20817
radio 7 21331
radio 7 21363
radio 7 21877
radio 7 21906
radio 7 22420
radio 7 22437
radio 7 22950
radio 7 22967
radio 7 23480
radio 7 23552
radio 7 24066
radio 7 24083
radio 7 24596
radio 7 24613
radio 7 25126
radio 7 25143
radio 7 25656
radio 7 25673
radio 7 26186
radio 7 26220
radio 7 26734
radio 7 26805
radio 7 27319
radio 7 27408
radio 7 27922
radio 7 27951
radio 7 28465
radio 7 28496
radio 7 29010
radio 7 29038
radio 7 29552
radio 7 29582
radio 7 30096
radio 7 30147
radio 7 30661
radio 7 30678
radio 7 31191
radio 7 31208
radio 7 31721
radio 7 31750
radio 7 32264
radio 7 32294
radio 7 32808
radio 7 32861
radio 7 33375
radio 7 33411
radio 7 33925
radio 7 33954
radio 7 34468
radio 7 34520
radio 7 35034
radio 7 35064
radio 7 35578
radio 7 35707
radio 7 36221
radio 7 36351
radio 7 36865
radio 7 36882
radio 7 37395
radio 7 37443
radio 7 37957
radio 7 38046
radio 7 38560
radio 7 38577
radio 7 39090
radio 7 39107
radio 7 39620
radio 7 39709
radio 7 40223
radio 7 40255
radio 7 40769
radio 7 40800
radio 7 41314
radio 7 41382
radio 7 41896
radio 7 41913
radio 7 42426
radio 7 42443
radio 7 42956
radio 7 43030
radio 7 43544
radio 7 43579
radio 7 44093
radio 7 44123
radio 7 44637
radio 7 44654
radio 7 45167
radio 7 45196
radio 7 45710
radio 7 45784
radio 7 46298
radio 7 46331
radio 7 46845
radio 7 46862
radio 7 47375
radio 7 47405
radio 7 47919
radio 7 47973
radio 7 48487
radio 7 48521
radio 7 49035
radio 7 49052
radio 7 49565
radio 7 49594
radio 7 50108
radio 7 50182
radio 7 50696
radio 7 50727
radio 7 51241
radio 7 51258
radio 7 51771
radio 7 51842
radio 7 52356
radio 7 52373
radio 7 52886
radio 7 52903
radio 7 53416
radio 7 53445
radio 7 53959
radio 7 53976
radio 7 54489
radio 7 54521
radio 7 55035
radio 7 55052
radio 7 55565
radio 7 55617
radio 7 56131
radio 7 56163
radio 7 56677
radio 7 56694
radio 7 57207
radio 7 57224
radio 7 57737
radio 7 57767
radio 7 58281
radio 7 58309
radio 7 58823
radio 7 58878
radio 7 59392
radio 7 59409
radio 7 59922
radio 7 59939
radio 7 60452
radio 7 60469
radio 7 60982
radio 7 60999
radio 7 61512
radio 7 61540
radio 7 62054
radio 7 62142
radio 7 62656
radio 7 62689
radio 7 63203
radio 7 63220
radio 7 63733
radio 7 63766
radio 7 64280
radio 7 64331
radio 7 64845
radio 7 64874
radio 7 65388
radio 7 65405
radio 8 382
radio 8 417
radio 8 930
radio 8 961
radio 8 1474
radio 8 1502
radio 8 2015
radio 8 2046
radio 8 2559
radio 8 2576
radio 8 3089
radio 8 3106
radio 8 3619
radio 8 3647
radio 8 4160
radio 8 4177
radio 8 4690
radio 8 4707
radio 8 5220
energy 8 5300 7 12516
radio 8 5309
radio 8 5822
radio 8 5855
radio 8 6368
radio 8 6398
radio 8 6912
radio 8 6929
radio 8 7442
radio 8 7518
radio 8 8031
radio 8 8059
radio 8 8572
radio 8 8668
radio 8 9181
radio 8 9214
radio 8 9727
radio 8 9817
radio 8 10330
radio 8 10363
radio 8 10877
radio 8 10894
radio 8 11407
radio 8 11438
radio 8 11952
radio 8 12027
radio 8 12541
radio 8 12558
radio 8 13071
radio 8 13088
radio 8 13601
radio 8 13618
radio 8 14131
radio 8 14166
radio 8 14680
radio 8 14751
radio 8 15265
radio 8 15294
radio 8 15808
radio 8 15825
radio 8 16338
radio 8 16355
radio 8 16868
radio 8 16897
radio 8 17411
radio 8 17460
radio 8 17974
radio 8 18003
radio 8 18517
radio 8 18551
radio 8 19065
radio 8 19153
radio 8 19667
radio 8 19697
radio 8 20211
radio 8 20228
radio 8 20741
radio 8 20775
radio 8 21289
radio 8 21339
radio 8 21853
radio 8 21870
radio 8 22383
radio 8 22400
radio 8 22913
radio 8 22930
radio 8 23443
radio 8 23475
radio 8 23989
radio 8 24006
radio 8 24519
radio 8 24547
radio 8 25061
radio 8 25094
radio 8 25608
radio 8 25657
radio 8 26171
radio 8 26201
radio 8 26715
radio 8 26744
radio 8 27258
radio 8 27333
radio 8 27847
radio 8 27864
radio 8 28377
radio 8 28409
radio 8 28923
radio 8 28952
radio 8 29466
radio 8 29538
radio 8 30052
radio 8 30105
radio 8 30619
radio 8 30707
radio 8 31221
radio 8 31535
radio 8 32049
radio 8 32066
radio 8 32579
radio 8 32596
radio 8 33109
radio 8 33262
radio 8 33776
radio 8 33793
radio 8 34306
radio 8 34359
radio 8 34873
radio 8 34961
radio 8 35475
radio 8 35492
radio 8 36005
radio 8 36022
radio 8 36535
radio 8 36591
radio 8 37105
radio 8 37193
radio 8 37707
radio 8 37735
radio 8 38249
radio 8 38266
radio 8 38779
radio 8 38796
radio 8 39309
radio 8 39326
radio 8 39839
radio 8 39889
radio 8 40403
radio 8 40420
radio 8 40933
radio 8 40950
radio 8 41463
radio 8 41493
radio 8 42007
radio 8 42024
radio 8 42537
radio 8 42571
radio 8 43085
radio 8 43102
radio 8 43615
radio 8 43685
radio 8 44199
radio 8 44216
radio 8 44729
radio 8 44761
radio 8 45275
radio 8 45292
radio 8 45805
radio 8 45822
radio 8 46335
radio 8 46365
radio 8 46879
radio 8 46896
radio 8 47409
radio 8 47462
radio 8 47976
radio 8 48006
radio 8 48520
radio 8 48537
radio 8 49050
radio 8 49067
radio 8 49580
delay 0 49 8 49852 8 48896 7 16 9 0 90 0 0
radio 8 49859
radio 8 50373
radio 8 50392
radio 8 50905
radio 8 50922
radio 8 51435
radio 8 51452
radio 8 51965
radio 8 52053
radio 8 52567
radio 8 52584
radio 8 53097
radio 8 53126
radio 8 53640
radio 8 53672
radio 8 54186
radio 8 54203
radio 8 54716
radio 8 54745
radio 8 55259
radio 8 55313
radio 8 55827
radio 8 55858
radio 8 56372
radio 8 56389
radio 8 56902
radio 8 56935
radio 8 57449
radio 8 57524
radio 8 58038
radio 8 58067
radio 8 58581
radio 8 58598
radio 8 59111
radio 8 59128
radio 8 59641
radio 8 59658
radio 8 60171
radio 8 60260
radio 8 60774
radio 8 60882
radio 8 61396
radio 8 61445
radio 8 61959
radio 8 62008
radio 8 62522
radio 8 62551
radio 8 63065
radio 8 63099
radio 8 63613
radio 8 63630
radio 8 64143
radio 8 64172
radio 8 64686
radio 8 64715
radio 8 65229
radio 8 65259
radio 9 237
radio 9 269
radio 9 782
radio 9 799
energy 9 1200 7 16423
radio 9 1312
radio 9 1346
radio 9 1859
radio 9 1891
radio 9 2404
radio 9 2456
radio 9 2969
radio 9 3017
radio 9 3530
radio 9 3558
radio 9 4071
delay 1 28 9 4088 9 3816 16 16 65535 0 166 0 0
radio 9 4096
radio 9 4610
radio 9 4711
radio 9 5225
radio 9 5243
radio 9 5756
radio 9 5832
radio 9 6345
radio 9 6378
radio 9 6891
radio 9 6920
radio 9 7433
radio 9 7463
radio 9 7976
radio 9 8004
radio 9 8517
radio 9 8547
radio 9 9060
radio 9 9088
radio 9 9601
radio 9 9618
radio 9 10131
radio 9 10159
radio 9 10673
radio 9 10690
radio 9 11203
radio 9 11220
radio 9 11733
radio 9 11786
radio 9 12300
radio 9 12317
radio 9 12830
radio 9 12860
radio 9 13374
radio 9 13402
radio 9 13916
radio 9 13946
radio 9 14460
radio 9 14477
radio 9 14990
radio 9 15058
radio 9 15572
radio 9 15603
radio 9 16117
radio 9 16147
radio 9 16661
radio 9 16678
radio 9 17191
radio 9 17260
radio 9 17774
radio 9 17803
radio 9 18317
radio 9 18334
radio 9 18847
radio 9 18940
radio 9 19454
radio 9 19471
radio 9 19984
radio 9 20001
radio 9 20514
radio 9 20531
radio 9 21044
radio 9 21061
radio 9 21574
radio 9 21591
radio 9 22104
radio 9 22121
radio 9 22634
radio 9 22651
radio 9 23164
radio 9 23235
radio 9 23749
radio 9 23766
radio 9 24279
radio 9 24296
radio 9 24809
delay 2 18 9 24969 9 24982 6 16 10 0 558 0 0
radio 9 24977
radio 9 25491
radio 9 25510
radio 9 26023
radio 9 26077
radio 9 26591
radio 9 26608
radio 9 27121
radio 9 27170
radio 9 27684
radio 9 27755
radio 9 28269
radio 9 28400
radio 9 28914
radio 9 28931
radio 9 29444
radio 9 29694
radio 9 30208
radio 9 30225
radio 9 30738
radio 9 30755
radio 9 31268
radio 9 31317
radio 9 31831
radio 9 31859
radio 9 32373
radio 9 32441
radio 9 32955
radio 9 32988
radio 9 33502
radio 9 33538
radio 9 34052
radio 9 34087
radio 9 34601
radio 9 34657
radio 9 35171
radio 9 35188
radio 9 35701
radio 9 35718
radio 9 36231
radio 9 36248
radio 9 36761
radio 9 36791
radio 9 37305
radio 9 37322
radio 9 37835
radio 9 37852
radio 9 38365
radio 9 38382
radio 9 38895
radio 9 38912
radio 9 39425
radio 9 39497
radio 9 40011
radio 9 40028
radio 9 40541
radio 9 40558
radio 9 41071
radio 9 41088
radio 9 41601
radio 9 41618
radio 9 42131
radio 9 42163
radio 9 42677
radio 9 42731
radio 9 43245
radio 9 43279
radio 9 43793
radio 9 43810
radio 9 44323
radio 9 44357
radio 9 44871
delay 3 49 9 44926 9 43971 7 16 9 0 137 1 0
radio 9 44935
radio 9 45448
radio 9 45624
radio 9 46138
radio 9 46207
radio 9 46721
radio 9 46738
radio 9 47251
radio 9 47282
radio 9 47796
radio 9 47826
radio 9 48340
radio 9 48411
radio 9 48925
radio 9 48954
radio 9 49468
radio 9 49497
radio 9 50011
radio 9 50082
radio 9 50596
radio 9 50629
radio 9 51143
radio 9 51160
radio 9 51673
radio 9 51690
radio 9 52203
radio 9 52237
radio 9 52751
radio 9 52779
radio 9 53293
radio 9 53322
radio 9 53836
radio 9 53866
radio 9 54380
radio 9 54397
radio 9 54910
radio 9 54927
radio 9 55440
radio 9 55468
radio 9 55982
radio 9 56012
radio 9 56526
radio 9 56554
radio 9 57068
radio 9 57096
radio 9 57610
radio 9 57643
radio 9 58157
radio 9 58188
radio 9 58702
radio 9 58719
radio 9 59232
radio 9 59286
radio 9 59800
radio 9 59817
radio 9 60330
radio 9 60347
radio 9 60860
radio 9 60877
radio 9 61390
radio 9 61407
radio 9 61920
radio 9 61937
radio 9 62450
radio 9 62467
energy 9 62640 7 19851
radio 9 62980
radio 9 62997
radio 9 63510
radio 9 63527
radio 9 64040
radio 9 64133
radio 9 64647
radio 9 64695
radio 9 65209
radio 9 65226
radio 10 203
delay 4 49 10 327 9 64908 7 16 9 0 603 0 0
radio 10 334
radio 10 849
radio 10 905
radio 10 1418
radio 10 1449
radio 10 1963
radio 10 1980
radio 10 2493
radio 10 2510
radio 10 3023
radio 10 3053
radio 10 3567
radio 10 3619
radio 10 4133
radio 10 4150
radio 10 4663
radio 10 4680
radio 10 5193
radio 10 5243
radio 10 5757
radio 10 5812
radio 10 6326
radio 10 6343
radio 10 6856
radio 10 6886
radio 10 7400
radio 10 7417
radio 10 7930
radio 10 7947
radio 10 8460
radio 10 8514
radio 10 9028
radio 10 9056
radio 10 9570
radio 10 9600
radio 10 10114
radio 10 10146
radio 10 10660
radio 10 10696
radio 10 11210
radio 10 11286
radio 10 11800
radio 10 11817
radio 10 12330
radio 10 12347
radio 10 12860
radio 10 12877
radio 10 13390
radio 10 13419
radio 10 13933
radio 10 13950
radio 10 14463
radio 10 14480
radio 10 14993
radio 10 15029
radio 10 15543
radio 10 15591
radio 10 16105
radio 10 16136
radio 10 16650
radio 10 16678
radio 10 17192
radio 10 17264
radio 10 17778
radio 10 17813
radio 10 18327
radio 10 18358
radio 10 18872
radio 10 18921
radio 10 19435
radio 10 19466
radio 10 19980
radio 10 20009
radio 10 20523
delay 5 28 10 20905 10 20634 16 16 65535 0 775 0 0
radio 10 20913
radio 10 21428
radio 10 21537
radio 10 22051
radio 10 22080
radio 10 22594
radio 10 22611
radio 10 23124
radio 10 23337
radio 10 23851
radio 10 23899
radio 10 24413
radio 10 24430
radio 10 24943
radio 10 24960
radio 10 25474
radio 10 25629
radio 10 26143
radio 10 26160
radio 10 26673
radio 10 26690
radio 10 27203
radio 10 27220
radio 10 27733
radio 10 27846
radio 10 28360
radio 10 28388
radio 10 28902
radio 10 28934
radio 10 29448
radio 10 29480
radio 10 29994
radio 10 30043
radio 10 30557
radio 10 30574
radio 10 31087
radio 10 31120
radio 10 31634
radio 10 31651
radio 10 32164
radio 10 32181
radio 10 32694
radio 10 32727
radio 10 33241
radio 10 33274
radio 10 33788
radio 10 33837
radio 10 34351
radio 10 34381
radio 10 34895
radio 10 34912
radio 10 35425
radio 10 35442
radio 10 35955
radio 10 35972
radio 10 36485
radio 10 36502
radio 10 37015
radio 10 37069
radio 10 37583
radio 10 37600
radio 10 38113
radio 10 38130
radio 10 38643
radio 10 38660
radio 10 39173
radio 10 39205
radio 10 39719
radio 10 39811
radio 10 40325
radio 10 40342
radio 10 40855
radio 10 40872
radio 10 41385
delay 6 18 10 41407 10 41422 6 16 10 0 288 0 0
radio 10 41415
radio 10 41929
radio 10 41972
radio 10 42486
radio 10 42536
radio 10 43050
radio 10 43080
radio 10 43594
radio 10 43644
radio 10 44158
radio 10 44186
radio 10 44700
radio 10 44717
radio 10 45230
radio 10 45247
radio 10 45760
radio 10 45789
radio 10 46303
radio 10 46338
radio 10 46852
radio 10 46869
radio 10 47382
radio 10 47417
radio 10 47931
radio 10 47985
radio 10 48499
radio 10 48531
radio 10 49045
radio 10 49077
radio 10 49591
radio 10 49662
radio 10 50176
radio 10 50193
radio 10 50706
radio 10 50723
radio 10 51237
radio 10 51254
radio 10 51768
radio 10 51785
radio 10 52298
radio 10 52315
radio 10 52828
radio 10 52919
radio 10 53433
radio 10 53450
radio 10 53963
radio 10 53980
radio 10 54494
radio 10 54522
radio 10 55036
radio 10 55067
radio 10 55581
radio 10 55629
radio 10 56143
radio 10 56176
radio 10 56690
radio 10 56707
radio 10 57220
radio 10 57256
radio 10 57770
radio 10 57787
radio 10 58300
radio 10 58373
energy 10 58544 7 23572
radio 10 58887
radio 10 58920
radio 10 59434
radio 10 59451
radio 10 59964
radio 10 59996
radio 10 60510
radio 10 60538
radio 10 61052
radio 10 61069
radio 10 61583
delay 7 49 10 61603 10 60648 7 16 9 0 447 0 0
radio 10 61610
radio 10 62125
radio 10 62207
radio 10 62721
radio 10 62736
radio 10 63249
radio 10 63266
radio 10 63779
radio 10 63812
radio 10 64326
radio 10 64377
radio 10 64891
radio 10 64921
radio 10 65435
radio 10 65486
radio 11 464
radio 11 496
radio 11 1009
radio 11 1026
radio 11 1539
radio 11 1556
radio 11 2069
radio 11 2183
radio 11 2697
radio 11 2727
radio 11 3241
radio 11 3258
radio 11 3771
radio 11 3788
radio 11 4301
radio 11 4354
radio 11 4868
radio 11 4885
radio 11 5398
radio 11 5427
radio 11 5941
radio 11 5977
radio 11 6491
radio 11 6508
radio 11 7021
radio 11 7038
radio 11 7551
radio 11 7605
radio 11 8119
radio 11 8154
radio 11 8668
radio 11 8699
radio 11 9213
radio 11 9241
radio 11 9755
radio 11 9787
radio 11 10301
radio 11 10369
radio 11 10883
radio 11 10975
radio 11 11489
radio 11 11506
radio 11 12019
radio 11 12036
radio 11 12549
radio 11 12578
radio 11 13092
radio 11 13122
radio 11 13636
radio 11 13667
radio 11 14181
radio 11 14215
radio 11 14729
radio 11 14746
radio 11 15259
radio 11 15294
radio 11 15808
radio 11 15825
radio 11 16338
delay 8 49 11 16390 11 15436 7 16 9 0 283 0 0
radio 11 16400
radio 11 16913
radio 11 16955
radio 11 17468
radio 11 17499
radio 11 18013
radio 11 18042
radio 11 18556
radio 11 18573
radio 11 19086
radio 11 19159
radio 11 19673
radio 11 19709
radio 11 20223
radio 11 20255
radio 11 20769
radio 11 20937
radio 11 21451
radio 11 21468
radio 11 21981
radio 11 21998
radio 11 22511
radio 11 22540
radio 11 23054
radio 11 23071
radio 11 23584
radio 11 23601
radio 11 24114
radio 11 24165
radio 11 24679
radio 11 24707
radio 11 25221
radio 11 25251
radio 11 25765
radio 11 25782
radio 11 26295
radio 11 26312
radio 11 26825
radio 11 26880
radio 11 27394
radio 11 27425
radio 11 27939
radio 11 27972
radio 11 28486
radio 11 28516
radio 11 29030
radio 11 29063
radio 11 29577
radio 11 29625
radio 11 30139
radio 11 30169
radio 11 30683
radio 11 30700
radio 11 31213
radio 11 31230
radio 11 31743
radio 11 31773
radio 11 32287
radio 11 32304
radio 11 32817
radio 11 32834
radio 11 33347
radio 11 33380
radio 11 33894
radio 11 33923
radio 11 34437
radio 11 34454
radio 11 34967
radio 11 34996
radio 11 35510
radio 11 35559
radio 11 36073
radio 11 36143
radio 11 36657
delay 9 43 11 36748 11 36086 5 16 11 0 187 1 0
radio 11 36757
radio 11 37270
radio 11 37397
radio 11 37910
radio 11 37966
radio 11 38480
radio 11 38550
radio 11 39064
radio 11 39081
radio 11 39594
radio 11 39629
radio 11 40143
radio 11 40160
radio 11 40673
radio 11 40701
radio 11 41215
radio 11 41244
radio 11 41758
radio 11 41787
radio 11 42301
radio 11 42318
radio 11 42831
radio 11 42881
radio 11 43395
radio 11 43424
radio 11 43938
radio 11 43991
radio 11 44505
radio 11 44556
radio 11 45070
radio 11 45087
radio 11 45600
radio 11 45632
radio 11 46146
radio 11 46194
radio 11 46708
radio 11 46738
radio 11 47252
radio 11 47280
radio 11 47794
radio 11 47885
radio 11 48399
radio 11 48427
radio 11 48941
radio 11 48969
radio 11 49483
radio 11 49558
radio 11 50072
radio 11 50089
radio 11 50602
radio 11 50619
radio 11 51132
radio 11 51162
radio 11 51676
radio 11 51712
radio 11 52226
radio 11 52275
radio 11 52789
radio 11 52821
radio 11 53335
radio 11 53352
radio 11 53865
radio 11 53894
radio 11 54408
radio 11 54425
energy 11 54448 7 26918
radio 11 54938
radio 11 54955
radio 11 55468
radio 11 55539
radio 11 56053
radio 11 56082
radio 11 56596
radio 11 56613
radio 11 57126
delay 10 43 11 57207 11 56545 5 16 11 0 192 0 0
radio 11 57215
radio 11 57729
radio 11 57781
radio 11 58294
radio 11 58318
radio 11 58831
radio 11 58861
radio 11 59375
radio 11 59392
radio 11 59905
radio 11 59934
radio 11 60448
radio 11 60465
radio 11 60978
radio 11 60995
radio 11 61508
radio 11 61525
radio 11 62038
radio 11 62088
radio 11 62602
radio 11 62670
radio 11 63184
radio 11 63214
radio 11 63728
radio 11 63756
radio 11 64270
radio 11 64299
radio 11 64813
radio 11 64845
radio 11 65359
radio 11 65376
radio 12 353
radio 12 370
radio 12 883
radio 12 900
radio 12 1413
radio 12 1442
radio 12 1956
radio 12 1973
radio 12 2486
radio 12 2514
radio 12 3028
radio 12 3096
radio 12 3610
radio 12 3627
radio 12 4140
radio 12 4172
radio 12 4686
radio 12 4703
radio 12 5216
radio 12 5246
radio 12 5760
radio 12 5812
radio 12 6326
radio 12 6354
radio 12 6868
radio 12 6896
radio 12 7410
radio 12 7439
radio 12 7953
radio 12 7970
radio 12 8483
radio 12 8500
radio 12 9013
radio 12 9030
radio 12 9543
radio 12 9614
radio 12 10128
radio 12 10145
radio 12 10658
radio 12 10694
radio 12 11208
radio 12 11241
radio 12 11755
radio 12 11786
radio 12 12300
delay 11 43 12 12378 12 11716 5 16 11 0 303 0 0
radio 12 12385
radio 12 12900
radio 12 12957
radio 12 13471
radio 12 13488
radio 12 14001
radio 12 14034
radio 12 14548
radio 12 14565
radio 12 15078
radio 12 15149
radio 12 15663
radio 12 15680
radio 12 16193
radio 12 16221
radio 12 16735
radio 12 16765
radio 12 17279
radio 12 17296
radio 12 17809
radio 12 17839
radio 12 18353
radio 12 18406
radio 12 18920
radio 12 18970
radio 12 19484
radio 12 19556
radio 12 20070
radio 12 20104
radio 12 20618
radio 12 20635
radio 12 21148
radio 12 21196
radio 12 21710
radio 12 21741
radio 12 22255
radio 12 22272
radio 12 22785
radio 12 22802
radio 12 23315
radio 12 23349
radio 12 23863
radio 12 23880
radio 12 24393
radio 12 24423
radio 12 24937
radio 12 24954
radio 12 25467
radio 12 25535
radio 12 26049
radio 12 26066
radio 12 26579
radio 12 26596
radio 12 27109
radio 12 27142
radio 12 27656
radio 12 27673
radio 12 28186
radio 12 28255
radio 12 28769
radio 12 28786
radio 12 29299
radio 12 29316
radio 12 29829
radio 12 29859
radio 12 30373
radio 12 30407
radio 12 30921
radio 12 30938
radio 12 31451
radio 12 31525
radio 12 32039
radio 12 32073
radio 12 32587
delay 12 43 12 32602 12 31941 5 16 11 0 32 1 0
radio 12 32610
radio 12 33125
radio 12 33230
radio 12 33744
radio 12 33936
radio 12 34450
radio 12 34480
radio 12 34994
radio 12 35063
radio 12 35577
radio 12 35594
radio 12 36107
radio 12 36136
radio 12 36650
radio 12 36683
radio 12 37197
radio 12 37291
radio 12 37805
radio 12 37841
radio 12 38355
radio 12 38372
radio 12 38885
radio 12 38915
radio 12 39429
radio 12 39482
radio 12 39996
radio 12 40013
radio 12 40526
radio 12 40543
radio 12 41056
radio 12 41090
radio 12 41604
radio 12 41621
radio 12 42134
radio 12 42165
radio 12 42679
radio 12 42727
radio 12 43241
radio 12 43258
radio 12 43771
radio 12 43801
radio 12 44315
radio 12 44344
radio 12 44858
radio 12 44875
radio 12 45388
radio 12 45419
radio 12 45933
radio 12 45984
radio 12 46498
radio 12 46515
radio 12 47028
radio 12 47056
radio 12 47570
radio 12 47598
radio 12 48112
radio 12 48201
radio 12 48715
radio 12 48746
radio 12 49260
radio 12 49351
radio 12 49865
radio 12 49894
energy 12 50352 7 30204
radio 12 50408
radio 12 50437
radio 12 50951
radio 12 50968
radio 12 51481
radio 12 51551
radio 12 52065
radio 12 52082
radio 12 52595
radio 12 52626
radio 12 53140
delay 13 43 12 53191 12 52530 5 16 11 0 17 1 0
radio 12 53199
radio 12 53713
radio 12 53877
radio 12 54390
radio 12 54424
radio 12 54938
radio 12 54955
radio 12 55468
radio 12 55485
radio 12 55998
radio 12 56050
radio 12 56564
radio 12 56592
radio 12 57106
radio 12 57139
radio 12 57653
radio 12 57684
radio 12 58198
radio 12 58232
radio 12 58746
radio 12 58763
radio 12 59277
radio 12 59307
radio 12 59821
radio 12 59838
radio 12 60351
radio 12 60386
radio 12 60900
radio 12 60917
radio 12 61430
radio 12 61447
radio 12 61960
radio 12 61977
radio 12 62490
radio 12 62507
radio 12 63020
radio 12 63056
radio 12 63570
radio 12 63587
radio 12 64100
radio 12 64134
radio 12 64648
radio 12 64676
radio 12 65190
radio 12 65207
radio 13 184
radio 13 214
radio 13 727
radio 13 801
radio 13 1314
radio 13 1346
radio 13 1860
radio 13 1877
radio 13 2390
radio 13 2483
radio 13 2997
radio 13 3030
radio 13 3544
radio 13 3574
radio 13 4088
radio 13 4157
radio 13 4671
radio 13 4701
radio 13 5215
radio 13 5248
radio 13 5762
radio 13 5779
radio 13 6292
radio 13 6348
radio 13 6862
radio 13 6879
radio 13 7392
radio 13 7423
radio 13 7937
radio 13 7972
radio 13 8486
delay 14 18 13 8659 13 8677 6 16 10 0 555 0 0
radio 13 8666
radio 13 9180
radio 13 9198
radio 13 9711
radio 13 9728
radio 13 10241
radio 13 10258
radio 13 10771
radio 13 10788
radio 13 11301
radio 13 11329
radio 13 11843
radio 13 11915
radio 13 12429
radio 13 12458
radio 13 12972
radio 13 13002
radio 13 13516
radio 13 13552
radio 13 14066
radio 13 14118
radio 13 14632
radio 13 14660
radio 13 15174
radio 13 15191
radio 13 15704
radio 13 15735
radio 13 16249
radio 13 16266
radio 13 16779
radio 13 16834
radio 13 17348
radio 13 17379
radio 13 17893
radio 13 17922
radio 13 18436
radio 13 18526
radio 13 19040
radio 13 19057
radio 13 19570
radio 13 19600
radio 13 20114
radio 13 20147
radio 13 20661
radio 13 20729
radio 13 21243
radio 13 21274
radio 13 21788
radio 13 21805
radio 13 22318
radio 13 22352
radio 13 22866
radio 13 22915
radio 13 23429
radio 13 23458
radio 13 23972
radio 13 24001
radio 13 24515
radio 13 24532
radio 13 25045
radio 13 25115
radio 13 25629
radio 13 25646
radio 13 26159
radio 13 26215
radio 13 26729
radio 13 26759
radio 13 27273
radio 13 27301
radio 13 27815
radio 13 27832
radio 13 28345
radio 13 28377
radio 13 28891
delay 15 49 13 28911 13 27957 7 16 9 0 370 0 0
radio 13 28918
radio 13 29433
radio 13 29451
radio 13 29965
radio 13 29995
radio 13 30509
radio 13 30581
radio 13 31095
radio 13 31127
radio 13 31641
radio 13 31658
radio 13 32171
radio 13 32283
radio 13 32797
radio 13 32814
radio 13 33327
radio 13 33355
radio 13 33869
radio 13 33886
radio 13 34399
radio 13 34450
radio 13 34964
radio 13 34981
radio 13 35494
radio 13 35511
radio 13 36024
radio 13 36059
radio 13 36573
radio 13 36590
radio 13 37103
radio 13 37193
radio 13 37707
radio 13 37736
radio 13 38250
radio 13 38346
radio 13 38860
radio 13 38877
radio 13 39390
radio 13 39425
radio 13 39939
radio 13 39968
radio 13 40482
radio 13 40550
radio 13 41064
radio 13 41081
radio 13 41594
radio 13 41704
radio 13 42218
radio 13 42251
radio 13 42765
radio 13 42782
radio 13 43295
radio 13 43345
radio 13 43859
radio 13 43927
radio 13 44441
radio 13 44458
radio 13 44971
radio 13 44988
radio 13 45501
radio 13 45576
radio 13 46090
radio 13 46107
energy 13 46256 7 33712
radio 13 46620
radio 13 46653
radio 13 47167
radio 13 47184
radio 13 47697
radio 13 47714
radio 13 48227
radio 13 48258
radio 13 48772
radio 13 48804
radio 13 49318
delay 16 18 13 49464 13 49483 6 16 10 0 247 0 0
radio 13 49471
radio 13 49986
radio 13 50026
radio 13 50539
radio 13 50599
radio 13 51113
radio 13 51130
radio 13 51643
radio 13 51672
radio 13 52186
radio 13 52222
radio 13 52736
radio 13 52753
radio 13 53266
radio 13 53338
radio 13 53852
radio 13 53869
radio 13 54382
radio 13 54413
radio 13 54927
radio 13 54955
radio 13 55469
radio 13 55486
radio 13 55999
radio 13 56051
radio 13 56565
radio 13 56597
radio 13 57111
radio 13 57128
radio 13 57642
radio 13 57671
radio 13 58185
radio 13 58217
radio 13 58731
radio 13 58787
radio 13 59301
radio 13 59330
radio 13 59844
radio 13 59874
radio 13 60388
radio 13 60405
radio 13 60918
radio 13 60947
radio 13 61461
radio 13 61516
radio 13 62030
radio 13 62047
radio 13 62560
radio 13 62577
radio 13 63090
radio 13 63123
radio 13 63637
radio 13 63654
radio 13 64167
radio 13 64239
radio 13 64753
radio 13 64770
radio 13 65283
radio 13 65300
radio 14 277
radio 14 308
radio 14 821
radio 14 912
radio 14 1425
radio 14 1479
radio 14 1993
radio 14 2049
radio 14 2563
radio 14 2580
radio 14 3093
radio 14 3122
radio 14 3636
radio 14 3667
radio 14 4181
delay 17 49 14 4262 14 3309 7 16 9 0 266 0 0
radio 14 4271
radio 14 4784
radio 14 4856
radio 14 5369
radio 14 5405
radio 14 5919
radio 14 5936
radio 14 6449
radio 14 6466
radio 14 6979
radio 14 6996
radio 14 7509
radio 14 7526
radio 14 8039
radio 14 8069
radio 14 8583
radio 14 8600
radio 14 9113
radio 14 9130
radio 14 9643
radio 14 9718
radio 14 10232
radio 14 10261
radio 14 10775
radio 14 10827
radio 14 11341
radio 14 11358
radio 14 11871
radio 14 11905
radio 14 12419
radio 14 12448
radio 14 12962
radio 14 12979
radio 14 13492
radio 14 13524
radio 14 14038
radio 14 14069
radio 14 14583
radio 14 14612
radio 14 15126
radio 14 15174
radio 14 15688
radio 14 15798
radio 14 16312
radio 14 16343
radio 14 16857
radio 14 16952
radio 14 17466
radio 14 17483
radio 14 17996
radio 14 18024
radio 14 18538
radio 14 18626
radio 14 19140
radio 14 19169
radio 14 19683
radio 14 19716
radio 14 20230
radio 14 20247
radio 14 20760
radio 14 20777
radio 14 21290
radio 14 21359
radio 14 21873
radio 14 21907
radio 14 22421
radio 14 22509
radio 14 23023
radio 14 23056
radio 14 23570
radio 14 23660
radio 14 24174
radio 14 24191
radio 14 24704
delay 18 43 14 24722 14 24062 5 16 11 0 61 1 0
radio 14 24730
radio 14 25244
radio 14 25403
radio 14 25917
radio 14 25934
radio 14 26447
radio 14 26495
radio 14 27009
radio 14 27026
radio 14 27539
radio 14 27571
radio 14 28085
radio 14 28176
radio 14 28690
radio 14 28723
radio 14 29237
radio 14 29268
radio 14 29782
radio 14 29852
radio 14 30366
radio 14 30401
radio 14 30915
radio 14 31006
radio 14 31520
radio 14 31549
radio 14 32063
radio 14 32080
radio 14 32593
radio 14 32629
radio 14 33143
radio 14 33232
radio 14 33746
radio 14 33763
radio 14 34276
radio 14 34345
radio 14 34859
radio 14 34892
radio 14 35406
radio 14 35423
radio 14 35936
radio 14 35953
radio 14 36466
radio 14 36560
radio 14 37074
radio 14 37107
radio 14 37621
radio 14 37715
radio 14 38229
radio 14 38246
radio 14 38759
radio 14 38788
radio 14 39302
radio 14 39397
radio 14 39911
radio 14 39928
radio 14 40441
radio 14 40474
radio 14 40988
radio 14 41017
radio 14 41531
radio 14 41581
radio 14 42095
radio 14 42124
energy 14 42160 7 37545
radio 14 42638
radio 14 42666
radio 14 43180
radio 14 43197
radio 14 43710
radio 14 43801
radio 14 44315
radio 14 44332
radio 14 44845
delay 19 18 14 44928 14 44949 6 16 10 0 258 0 0
radio 14 44937
radio 14 45451
radio 14 45797
radio 14 46311
radio 14 46347
radio 14 46861
radio 14 46878
radio 14 47391
radio 14 47408
radio 14 47921
radio 14 47994
radio 14 48508
radio 14 48525
radio 14 49038
radio 14 49073
radio 14 49587
radio 14 49604
radio 14 50117
radio 14 50146
radio 14 50660
radio 14 50715
radio 14 51229
radio 14 51281
radio 14 51795
radio 14 51812
radio 14 52325
radio 14 52394
radio 14 52908
radio 14 52939
radio 14 53453
radio 14 53482
radio 14 53996
radio 14 54013
radio 14 54526
radio 14 54595
radio 14 55109
radio 14 55138
radio 14 55652
radio 14 55669
radio 14 56182
radio 14 56218
radio 14 56732
radio 14 56800
radio 14 57314
radio 14 57347
radio 14 57861
radio 14 57894
radio 14 58408
radio 14 58497
radio 14 59011
radio 14 59028
radio 14 59541
radio 14 59558
radio 14 60071
radio 14 60100
radio 14 60614
radio 14 60685
radio 14 61199
radio 14 61216
radio 14 61729
radio 14 61762
radio 14 62276
radio 14 62306
radio 14 62820
radio 14 62868
radio 14 63382
radio 14 63412
radio 14 63926
radio 14 63957
radio 14 64471
radio 14 64600
radio 14 65114
radio 14 65131
radio 15 108
delay 20 49 15 181 14 64764 7 16 9 0 277 0 0
radio 15 188
radio 15 703
radio 15 748
radio 15 1261
radio 15 1330
radio 15 1844
radio 15 1861
radio 15 2374
radio 15 2391
radio 15 2904
radio 15 2938
radio 15 3452
radio 15 3482
radio 15 3996
radio 15 4044
radio 15 4558
radio 15 4589
radio 15 5103
radio 15 5132
radio 15 5646
radio 15 5663
radio 15 6176
radio 15 6272
radio 15 6786
radio 15 6803
radio 15 7316
radio 15 7346
radio 15 7860
radio 15 7934
radio 15 8448
radio 15 8476
radio 15 8990
radio 15 9022
radio 15 9536
radio 15 9553
radio 15 10066
radio 15 10083
radio 15 10596
radio 15 10648
radio 15 11162
radio 15 11179
radio 15 11692
radio 15 11724
radio 15 12238
radio 15 12255
radio 15 12768
radio 15 12799
radio 15 13313
radio 15 13343
radio 15 13857
radio 15 13874
radio 15 14387
radio 15 14436
radio 15 14950
radio 15 14967
radio 15 15480
radio 15 15497
radio 15 16010
radio 15 16038
radio 15 16552
radio 15 16587
radio 15 17101
radio 15 17150
radio 15 17664
radio 15 17716
radio 15 18230
radio 15 18341
radio 15 18855
radio 15 18948
radio 15 19462
radio 15 19479
radio 15 19992
radio 15 20009
radio 15 20522
delay 21 18 15 20620 15 20642 6 16 10 0 361 0 0
radio 15 20628
radio 15 21142
radio 15 21218
radio 15 21731
radio 15 21781
radio 15 22295
radio 15 22327
radio 15 22841
radio 15 22935
radio 15 23449
radio 15 23497
radio 15 24011
radio 15 24040
radio 15 24554
radio 15 24590
radio 15 25104
radio 15 25139
radio 15 25653
radio 15 25766
radio 15 26280
radio 15 26313
radio 15 26827
radio 15 26860
radio 15 27374
radio 15 27444
radio 15 27958
radio 15 27975
radio 15 28488
radio 15 28516
radio 15 29030
radio 15 29063
radio 15 29577
radio 15 29628
radio 15 30142
radio 15 30172
radio 15 30686
radio 15 30703
radio 15 31216
radio 15 31246
radio 15 31760
radio 15 31777
radio 15 32290
radio 15 32307
radio 15 32820
radio 15 32889
radio 15 33403
radio 15 33433
radio 15 33947
radio 15 34038
radio 15 34552
radio 15 34584
radio 15 35098
radio 15 35127
radio 15 35641
radio 15 35658
radio 15 36171
radio 15 36247
radio 15 36761
radio 15 36778
radio 15 37291
radio 15 37322
radio 15 37836
radio 15 37853
energy 15 38064 7 41609
radio 15 38366
radio 15 38383
radio 15 38896
radio 15 38929
radio 15 39443
radio 15 39494
radio 15 40008
radio 15 40041
radio 15 40555
radio 15 40572
radio 15 41085
delay 22 28 15 41101 15 40835 16 16 65535 0 515 0 0
radio 15 41109
radio 15 41624
radio 15 41642
radio 15 42155
radio 15 42228
radio 15 42742
radio 15 42774
radio 15 43288
radio 15 43316
radio 15 43830
radio 15 43858
radio 15 44372
radio 15 44446
radio 15 44960
radio 15 44988
radio 15 45502
radio 15 45532
radio 15 46046
radio 15 46075
radio 15 46589
radio 15 46619
radio 15 47133
radio 15 47150
radio 15 47663
radio 15 47691
radio 15 48205
radio 15 48222
radio 15 48735
radio 15 48752
radio 15 49265
radio 15 49293
radio 15 49807
radio 15 49824
radio 15 50337
radio 15 50390
radio 15 50904
radio 15 50921
radio 15 51434
radio 15 51465
radio 15 51979
radio 15 52068
radio 15 52582
radio 15 52617
radio 15 53131
radio 15 53148
radio 15 53661
radio 15 53678
radio 15 54191
radio 15 54264
radio 15 54778
radio 15 54795
radio 15 55308
radio 15 55362
radio 15 55876
radio 15 55893
radio 15 56406
radio 15 56438
radio 15 56952
radio 15 56969
radio 15 57482
radio 15 57513
radio 15 58027
radio 15 58044
radio 15 58557
radio 15 58574
radio 15 59087
radio 15 59137
radio 15 59651
radio 15 59683
radio 15 60197
radio 15 60246
radio 15 60760
radio 15 60789
radio 15 61303
delay 23 28 15 61323 15 61057 16 16 65535 0 157 1 0
radio 15 61331
radio 15 61845
radio 15 61860
radio 15 62373
radio 15 62464
radio 15 62977
radio 15 62994
radio 15 63507
radio 15 63543
radio 15 64057
radio 15 64074
radio 15 64587
radio 15 64604
radio 15 65117
radio 15 65167
radio 16 145
radio 16 162
radio 16 675
radio 16 705
radio 16 1218
radio 16 1235
radio 16 1748
radio 16 1765
radio 16 2278
radio 16 2295
radio 16 2808
radio 16 2884
radio 16 3398
radio 16 3452
radio 16 3966
radio 16 3983
radio 16 4496
radio 16 4528
radio 16 5042
radio 16 5092
radio 16 5606
radio 16 5636
radio 16 6150
radio 16 6167
radio 16 6680
radio 16 6714
radio 16 7228
radio 16 7245
radio 16 7758
radio 16 7810
radio 16 8324
radio 16 8376
radio 16 8890
radio 16 8907
radio 16 9420
radio 16 9452
radio 16 9966
radio 16 10020
radio 16 10534
radio 16 10563
radio 16 11077
radio 16 11094
radio 16 11607
radio 16 11638
radio 16 12152
radio 16 12169
radio 16 12682
radio 16 12699
radio 16 13212
radio 16 13262
radio 16 13776
radio 16 13793
radio 16 14306
radio 16 14323
radio 16 14836
radio 16 14853
radio 16 15366
radio 16 15402
radio 16 15916
radio 16 15933
radio 16 16446
delay 24 49 16 16497 16 15545 7 16 9 0 178 0 0
radio 16 16507
radio 16 17020
radio 16 17183
radio 16 17697
radio 16 17714
radio 16 18227
radio 16 18260
radio 16 18774
radio 16 18822
radio 16 19336
radio 16 19353
radio 16 19866
radio 16 19883
radio 16 20396
radio 16 20444
radio 16 20958
radio 16 21047
radio 16 21561
radio 16 21614
radio 16 22128
radio 16 22183
radio 16 22697
radio 16 22729
radio 16 23243
radio 16 23275
radio 16 23789
radio 16 23806
radio 16 24319
radio 16 24354
radio 16 24868
radio 16 24885
radio 16 25398
radio 16 25432
radio 16 25946
radio 16 25963
radio 16 26476
radio 16 26527
radio 16 27041
radio 16 27058
radio 16 27571
radio 16 27602
radio 16 28116
radio 16 28133
radio 16 28646
radio 16 28694
radio 16 29208
radio 16 29257
radio 16 29771
radio 16 29806
radio 16 30320
radio 16 30337
radio 16 30850
radio 16 30884
radio 16 31398
radio 16 31430
radio 16 31944
radio 16 31973
radio 16 32487
radio 16 32504
radio 16 33017
radio 16 33046
radio 16 33560
radio 16 33609
energy 16 33968 7 44662
radio 16 34123
radio 16 34140
radio 16 34653
radio 16 34670
radio 16 35183
radio 16 35200
radio 16 35713
radio 16 35730
radio 16 36243
radio 16 36260
radio 16 36773
delay 25 18 16 36795 16 36818 6 16 10 0 154 0 0
radio 16 36802
radio 16 37317
radio 16 37418
radio 16 37931
radio 16 37949
radio 16 38462
radio 16 38555
radio 16 39069
radio 16 39086
radio 16 39599
radio 16 39633
radio 16 40147
radio 16 40164
radio 16 40677
radio 16 40732
radio 16 41246
radio 16 41263
radio 16 41776
radio 16 41807
radio 16 42321
radio 16 42338
radio 16 42851
radio 16 42868
radio 16 43381
radio 16 43398
radio 16 43911
radio 16 43928
radio 16 44441
radio 16 44471
radio 16 44985
radio 16 45036
radio 16 45550
radio 16 45567
radio 16 46080
radio 16 46097
radio 16 46610
radio 16 46627
radio 16 47140
radio 16 47195
radio 16 47709
radio 16 47761
radio 16 48275
radio 16 48292
radio 16 48805
radio 16 48822
radio 16 49335
radio 16 49352
radio 16 49865
radio 16 49882
radio 16 50395
radio 16 50412
radio 16 50925
radio 16 50942
radio 16 51455
radio 16 51472
radio 16 51985
radio 16 52017
radio 16 52531
radio 16 52548
radio 16 53061
radio 16 53109
radio 16 53623
radio 16 53640
radio 16 54153
radio 16 54208
radio 16 54722
radio 16 54757
radio 16 55271
radio 16 55319
radio 16 55833
radio 16 55863
radio 16 56377
radio 16 56394
radio 16 56907
radio 16 56941
radio 16 57455
delay 26 28 16 57568 16 57303 16 16 65535 0 504 0 0
radio 16 57576
radio 16 58090
radio 16 58133
radio 16 58647
radio 16 58676
radio 16 59190
radio 16 59223
radio 16 59737
radio 16 59772
radio 16 60286
radio 16 60316
radio 16 60830
radio 16 60861
radio 16 61375
radio 16 61392
radio 16 61905
radio 16 61934
radio 16 62448
radio 16 62500
radio 16 63014
radio 16 63031
radio 16 63544
radio 16 63598
radio 16 64112
radio 16 64145
radio 16 64659
radio 16 64676
radio 16 65189
radio 16 65206
radio 17 183
radio 17 218
radio 17 731
radio 17 761
radio 17 1274
radio 17 1291
radio 17 1804
radio 17 1835
radio 17 2349
radio 17 2380
radio 17 2894
radio 17 2922
radio 17 3436
radio 17 3464
radio 17 3978
radio 17 4011
radio 17 4525
radio 17 4554
radio 17 5068
radio 17 5100
radio 17 5614
radio 17 5664
radio 17 6178
radio 17 6249
radio 17 6763
radio 17 6816
radio 17 7330
radio 17 7361
radio 17 7875
radio 17 7923
radio 17 8437
radio 17 8465
radio 17 8979
radio 17 8996
radio 17 9509
radio 17 9538
radio 17 10052
radio 17 10087
radio 17 10601
radio 17 10650
radio 17 11164
radio 17 11181
radio 17 11694
radio 17 11711
radio 17 12224
radio 17 12241
radio 17 12754
radio 17 12803
radio 17 13317
radio 17 13334
radio 17 13847
radio 17 13896
radio 17 14410
radio 17 14427
radio 17 14940
radio 17 14992
radio 17 15506
radio 17 15540
radio 17 16054
radio 17 16102
radio 17 16616
radio 17 16633
radio 17 17146
radio 17 17163
radio 17 17676
radio 17 17711
radio 17 18225
radio 17 18242
radio 17 18755
radio 17 18791
radio 17 19305
radio 17 19353
radio 17 19867
radio 17 19899
radio 17 20413
radio 17 20430
radio 17 20943
radio 17 20973
radio 17 21487
radio 17 21515
radio 17 22029
radio 17 22077
radio 17 22591
radio 17 22625
radio 17 23139
radio 17 23156
radio 17 23669
radio 17 23686
radio 17 24199
radio 17 24230
radio 17 24744
radio 17 24812
radio 17 25326
radio 17 25343
radio 17 25856
radio 17 25873
radio 17 26386
radio 17 26415
radio 17 26929
radio 17 26946
radio 17 27459
radio 17 27491
radio 17 28005
radio 17 28056
radio 17 28570
radio 17 28587
radio 17 29100
radio 17 29156
radio 17 29670
radio 17 29725
energy 17 29872 7 47554
radio 17 30239
radio 17 30272
radio 17 30786
radio 17 30803
radio 17 31316
radio 17 31346
radio 17 31860
radio 17 31888
radio 17 32402
radio 17 32457
radio 17 32971
delay 28 49 17 32986 17 32034 7 16 9 0 481 0 0
radio 17 32993
radio 17 33508
radio 17 33783
radio 17 34297
radio 17 34348
radio 17 34862
radio 17 34892
radio 17 35406
radio 17 35423
radio 17 35936
radio 17 35953
radio 17 36466
radio 17 36483
radio 17 36996
radio 17 37067
radio 17 37581
radio 17 37598
radio 17 38111
radio 17 38143
radio 17 38657
radio 17 38693
radio 17 39207
radio 17 39224
radio 17 39737
radio 17 39767
radio 17 40281
radio 17 40315
radio 17 40829
radio 17 40859
radio 17 41373
radio 17 41409
radio 17 41923
radio 17 41940
radio 17 42453
radio 17 42470
radio 17 42983
radio 17 43016
radio 17 43530
radio 17 43621
radio 17 44135
radio 17 44152
radio 17 44665
radio 17 44733
radio 17 45247
radio 17 45264
radio 17 45777
radio 17 45794
radio 17 46307
radio 17 46338
radio 17 46852
radio 17 46882
radio 17 47396
radio 17 47413
radio 17 47926
radio 17 47975
radio 17 48489
radio 17 48520
radio 17 49034
radio 17 49051
radio 17 49564
radio 17 49592
radio 17 50106
radio 17 50123
radio 17 50636
radio 17 50653
radio 17 51166
radio 17 51183
radio 17 51696
radio 17 51713
radio 17 52226
radio 17 52279
radio 17 52793
radio 17 52848
radio 17 53362
delay 29 18 17 53411 17 53436 6 16 10 0 131 1 0
radio 17 53418
radio 17 53933
radio 17 53953
radio 17 54467
radio 17 54484
radio 17 54997
radio 17 55014
radio 17 55527
radio 17 55544
radio 17 56057
radio 17 56088
radio 17 56602
radio 17 56633
radio 17 57147
radio 17 57177
radio 17 57691
radio 17 57708
radio 17 58221
radio 17 58238
radio 17 58751
radio 17 58785
radio 17 59299
radio 17 59316
radio 17 59829
radio 17 59860
radio 17 60374
radio 17 60406
