Thread[Thread-1,5,main]tree 142 14 43 14 0 0
radio 7 19628
radio 7 19632
radio 7 19666
radio 7 20180
radio 7 20210
radio 7 20724
radio 7 20741
radio 7 21254
radio 7 21283
radio 7 21797
radio 7 21829
radio 7 22343
radio 7 22360
radio 7 22873
radio 7 22890
radio 7 23403
radio 7 23433
radio 7 23947
radio 7 23964
radio 7 24477
radio 7 24529
radio 7 25043
radio 7 25073
radio 7 25587
radio 7 25619
radio 7 26133
radio 7 26150
radio 7 26663
radio 7 26695
radio 7 27209
radio 7 27237
radio 7 27751
radio 7 27819
radio 7 28333
radio 7 28350
radio 7 28863
radio 7 28895
radio 7 29409
radio 7 29459
radio 7 29973
radio 7 30003
radio 7 30517
radio 7 30534
radio 7 31047
radio 7 31082
radio 7 31596
radio 7 31613
radio 7 32126
radio 7 32177
radio 7 32691
radio 7 32708
radio 7 33221
radio 7 33238
radio 7 33751
radio 7 33783
radio 7 34297
radio 7 34329
radio 7 34843
radio 7 34872
radio 7 35386
radio 7 35474
radio 7 35988
radio 7 36005
radio 7 36518
radio 7 36535
radio 7 37048
radio 7 37136
radio 7 37650
radio 7 37667
radio 7 38180
radio 7 38210
radio 7 38724
radio 7 38741
radio 7 39254
radio 7 39309
radio 7 39823
radio 7 39892
radio 7 40406
radio 7 40423
radio 7 40936
radio 7 40953
radio 7 41466
radio 7 41496
radio 7 42010
radio 7 42045
radio 7 42559
radio 7 42591
radio 7 43105
radio 7 43134
radio 7 43648
radio 7 43676
radio 7 44190
radio 7 44258
radio 7 44772
radio 7 44800
radio 7 45314
radio 7 45345
radio 7 45859
radio 7 45889
radio 7 46403
radio 7 46458
radio 7 46972
radio 7 46989
radio 7 47502
radio 7 47538
radio 7 48052
radio 7 48069
radio 7 48582
radio 7 48632
radio 7 49146
radio 7 49163
radio 7 49676
radio 7 49709
radio 7 50223
radio 7 50240
radio 7 50753
radio 7 50770
radio 7 51283
radio 7 51300
radio 7 51813
radio 7 51830
radio 7 52343
radio 7 52360
radio 7 52873
radio 7 52890
radio 7 53403
radio 7 53433
radio 7 53947
radio 7 53975
radio 7 54489
radio 7 54506
radio 7 55019
radio 7 55036
radio 7 55549
radio 7 55584
radio 7 56098
radio 7 56134
radio 7 56648
radio 7 56665
radio 7 57178
radio 7 57206
radio 7 57720
radio 7 57769
radio 7 58283
radio 7 58300
radio 7 58813
radio 7 58830
radio 7 59343
radio 7 59360
radio 7 59873
radio 7 59890
radio 7 60403
radio 7 60431
radio 7 60945
radio 7 60962
radio 7 61475
radio 7 61508
radio 7 62022
radio 7 62050
radio 7 62564
radio 7 62581
radio 7 63094
radio 7 63111
radio 7 63624
radio 7 63641
radio 7 64154
radio 7 64183
radio 7 64697
radio 7 64714
radio 7 65227
radio 7 65283
radio 8 261
radio 8 289
radio 8 802
radio 8 819
radio 8 1332
radio 8 1367
radio 8 1880
radio 8 1897
radio 8 2410
radio 8 2458
radio 8 2972
radio 8 2989
radio 8 3502
radio 8 3519
radio 8 4032
radio 8 4103
radio 8 4617
radio 8 4634
radio 8 5147
radio 8 5178
radio 8 5692
radio 8 5721
radio 8 6235
radio 8 6285
radio 8 6799
radio 8 6816
radio 8 7329
radio 8 7357
radio 8 7871
radio 8 7902
radio 8 8416
radio 8 8433
radio 8 8946
radio 8 8963
radio 8 9476
radio 8 9493
radio 8 10006
radio 8 10080
radio 8 10594
radio 8 10627
radio 8 11141
radio 8 11174
radio 8 11688
radio 8 11738
radio 8 12252
radio 8 12269
radio 8 12782
radio 8 12812
radio 8 13326
radio 8 13359
radio 8 13873
radio 8 13890
radio 8 14403
radio 8 14420
radio 8 14933
radio 8 14969
radio 8 15483
radio 8 15500
energy 8 15544 7 22264
radio 8 16013
radio 8 16046
radio 8 16560
radio 8 16589
radio 8 17103
radio 8 17133
radio 8 17647
radio 8 17703
radio 8 18217
radio 8 18234
radio 8 18747
radio 8 18764
radio 8 19277
radio 8 19294
radio 8 19807
radio 8 19824
radio 8 20337
radio 8 20354
radio 8 20867
radio 8 20884
radio 8 21397
radio 8 21414
radio 8 21927
radio 8 21956
radio 8 22470
radio 8 22487
radio 8 23000
radio 8 23017
radio 8 23530
radio 8 23547
radio 8 24060
radio 8 24111
radio 8 24625
radio 8 24654
radio 8 25168
radio 8 25185
radio 8 25698
radio 8 25715
radio 8 26228
radio 8 26245
radio 8 26758
radio 8 26775
radio 8 27288
radio 8 27318
radio 8 27832
radio 8 27906
radio 8 28420
radio 8 28437
radio 8 28950
radio 8 28983
radio 8 29497
radio 8 29525
radio 8 30039
radio 8 30107
radio 8 30621
radio 8 30638
radio 8 31151
radio 8 31279
radio 8 31793
radio 8 31824
radio 8 32338
radio 8 32406
radio 8 32920
radio 8 32970
radio 8 33484
radio 8 33536
radio 8 34050
radio 8 34067
radio 8 34580
radio 8 34691
radio 8 35205
radio 8 35222
radio 8 35735
radio 8 35752
radio 8 36265
radio 8 36318
radio 8 36832
radio 8 36925
radio 8 37439
radio 8 37456
radio 8 37969
radio 8 37998
radio 8 38512
radio 8 38529
radio 8 39042
radio 8 39059
radio 8 39572
radio 8 39625
radio 8 40139
radio 8 40156
radio 8 40669
radio 8 40686
radio 8 41199
radio 8 41216
radio 8 41729
radio 8 41763
radio 8 42277
radio 8 42308
radio 8 42822
radio 8 42876
radio 8 43390
radio 8 43419
radio 8 43933
radio 8 43950
radio 8 44463
radio 8 44493
radio 8 45007
radio 8 45024
radio 8 45537
radio 8 45554
radio 8 46067
radio 8 46097
radio 8 46611
radio 8 46628
radio 8 47141
radio 8 47194
radio 8 47708
radio 8 47738
radio 8 48252
radio 8 48269
radio 8 48782
radio 8 48799
radio 8 49312
radio 8 49329
radio 8 49842
delay 0 18 8 49860 8 50140 6 11 5 0 844 0 0
radio 8 49867
radio 8 50381
radio 8 50411
radio 8 50925
radio 8 50953
radio 8 51467
radio 8 51484
radio 8 51997
radio 8 52028
radio 8 52542
radio 8 52559
radio 8 53072
radio 8 53105
radio 8 53619
radio 8 53636
radio 8 54149
radio 8 54166
radio 8 54679
radio 8 54749
radio 8 55263
radio 8 55280
radio 8 55793
radio 8 55826
radio 8 56340
radio 8 56396
radio 8 56910
radio 8 56927
radio 8 57440
radio 8 57469
radio 8 57983
radio 8 58000
radio 8 58513
radio 8 58544
radio 8 59058
radio 8 59075
radio 8 59588
radio 8 59619
radio 8 60133
radio 8 60203
radio 8 60717
radio 8 60734
radio 8 61247
radio 8 61275
radio 8 61789
radio 8 61806
radio 8 62319
radio 8 62351
radio 8 62865
radio 8 62899
radio 8 63413
radio 8 63430
radio 8 63943
radio 8 63971
radio 8 64485
radio 8 64502
radio 8 65015
radio 8 65032
radio 9 9
radio 9 25
radio 9 538
radio 9 555
radio 9 1068
radio 9 1102
radio 9 1616
radio 9 1665
radio 9 2178
radio 9 2206
radio 9 2720
radio 9 2737
radio 9 3250
radio 9 3267
radio 9 3780
delay 1 18 9 3915 9 4195 6 11 5 0 58 1 0
radio 9 3922
radio 9 4436
radio 9 4456
radio 9 4969
radio 9 5028
radio 9 5541
radio 9 5558
radio 9 6071
radio 9 6088
radio 9 6601
radio 9 6637
radio 9 7151
radio 9 7179
radio 9 7693
radio 9 7710
radio 9 8223
radio 9 8240
radio 9 8753
radio 9 8824
radio 9 9338
radio 9 9389
radio 9 9903
radio 9 9974
radio 9 10488
radio 9 10538
radio 9 11052
radio 9 11069
energy 9 11448 7 25124
radio 9 11582
radio 9 11615
radio 9 12129
radio 9 12178
radio 9 12692
radio 9 12709
radio 9 13222
radio 9 13239
radio 9 13752
radio 9 13769
radio 9 14282
radio 9 14299
radio 9 14812
radio 9 14829
radio 9 15342
radio 9 15359
radio 9 15872
radio 9 15945
radio 9 16459
radio 9 16490
radio 9 17004
radio 9 17021
radio 9 17534
radio 9 17551
radio 9 18064
radio 9 18098
radio 9 18612
radio 9 18640
radio 9 19154
radio 9 19171
radio 9 19684
radio 9 19701
radio 9 20214
radio 9 20242
radio 9 20756
radio 9 20790
radio 9 21304
radio 9 21321
radio 9 21834
radio 9 21851
radio 9 22364
radio 9 22392
radio 9 22906
radio 9 22974
radio 9 23488
radio 9 23505
radio 9 24018
delay 2 43 9 24034 9 23638 5 11 6 0 111 1 0
radio 9 24041
radio 9 24556
radio 9 24572
radio 9 25085
radio 9 25109
radio 9 25622
radio 9 25639
radio 9 26152
radio 9 26169
radio 9 26682
radio 9 26715
radio 9 27229
radio 9 27278
radio 9 27792
radio 9 27885
radio 9 28399
radio 9 28416
radio 9 28929
radio 9 28964
radio 9 29478
radio 9 29607
radio 9 30121
radio 9 30211
radio 9 30725
radio 9 30742
radio 9 31255
radio 9 31344
radio 9 31858
radio 9 31893
radio 9 32407
radio 9 32502
radio 9 33016
radio 9 33033
radio 9 33546
radio 9 33563
radio 9 34076
radio 9 34093
radio 9 34606
radio 9 34623
radio 9 35136
radio 9 35153
radio 9 35666
radio 9 35683
radio 9 36196
radio 9 36213
radio 9 36726
radio 9 36755
radio 9 37269
radio 9 37286
radio 9 37799
radio 9 37830
radio 9 38344
radio 9 38361
radio 9 38874
radio 9 38891
radio 9 39404
radio 9 39421
radio 9 39934
radio 9 39951
radio 9 40464
radio 9 40500
radio 9 41014
radio 9 41031
radio 9 41544
radio 9 41561
radio 9 42074
radio 9 42109
radio 9 42623
radio 9 42673
radio 9 43187
radio 9 43216
radio 9 43730
radio 9 43747
radio 9 44260
radio 9 44277
radio 9 44790
delay 3 18 9 44804 9 45085 6 11 5 0 30 1 0
radio 9 44812
radio 9 45326
radio 9 45360
radio 9 45874
radio 9 45924
radio 9 46438
radio 9 46472
radio 9 46986
radio 9 47016
radio 9 47530
radio 9 47559
radio 9 48073
radio 9 48126
radio 9 48640
radio 9 48669
radio 9 49183
radio 9 49200
radio 9 49713
radio 9 49730
radio 9 50243
radio 9 50276
radio 9 50790
radio 9 50807
radio 9 51320
radio 9 51368
radio 9 51882
radio 9 51911
radio 9 52425
radio 9 52457
radio 9 52971
radio 9 53000
radio 9 53514
radio 9 53531
radio 9 54044
radio 9 54098
radio 9 54612
radio 9 54629
radio 9 55142
radio 9 55176
radio 9 55690
radio 9 55718
radio 9 56232
radio 9 56265
radio 9 56779
radio 9 56829
radio 9 57343
radio 9 57375
radio 9 57889
radio 9 57906
radio 9 58419
radio 9 58449
radio 9 58963
radio 9 58980
radio 9 59493
radio 9 59510
radio 9 60023
radio 9 60078
radio 9 60592
radio 9 60609
radio 9 61122
radio 9 61139
radio 9 61652
radio 9 61669
radio 9 62182
radio 9 62199
radio 9 62712
radio 9 62729
radio 9 63242
radio 9 63259
radio 9 63772
radio 9 63806
radio 9 64320
radio 9 64337
radio 9 64850
radio 9 64904
radio 9 65418
delay 4 18 9 65436 10 181 6 11 5 0 333 0 0
radio 9 65443
radio 10 422
radio 10 464
radio 10 978
radio 10 995
radio 10 1508
radio 10 1536
radio 10 2050
radio 10 2099
radio 10 2613
radio 10 2645
radio 10 3159
radio 10 3189
radio 10 3703
radio 10 3735
radio 10 4249
radio 10 4277
radio 10 4791
radio 10 4808
radio 10 5321
radio 10 5349
radio 10 5863
radio 10 5892
radio 10 6406
radio 10 6423
radio 10 6936
radio 10 6953
energy 10 7352 7 27784
radio 10 7466
radio 10 7483
radio 10 7996
radio 10 8013
radio 10 8526
radio 10 8543
radio 10 9056
radio 10 9086
radio 10 9600
radio 10 9617
radio 10 10130
radio 10 10147
radio 10 10660
radio 10 10694
radio 10 11208
radio 10 11236
radio 10 11750
radio 10 11767
radio 10 12280
radio 10 12297
radio 10 12810
radio 10 12843
radio 10 13357
radio 10 13374
radio 10 13887
radio 10 13904
radio 10 14417
radio 10 14468
radio 10 14982
radio 10 14999
radio 10 15512
radio 10 15529
radio 10 16042
radio 10 16059
radio 10 16572
radio 10 16602
radio 10 17116
radio 10 17147
radio 10 17661
radio 10 17678
radio 10 18191
radio 10 18242
radio 10 18756
radio 10 18785
radio 10 19299
radio 10 19316
radio 10 19829
radio 10 19846
radio 10 20359
delay 5 18 10 20442 10 20723 6 11 5 0 252 0 0
radio 10 20450
radio 10 20964
radio 10 20983
radio 10 21497
radio 10 21525
radio 10 22039
radio 10 22056
radio 10 22569
radio 10 22586
radio 10 23099
radio 10 23132
radio 10 23646
radio 10 23695
radio 10 24209
radio 10 24237
radio 10 24751
radio 10 24899
radio 10 25413
radio 10 25430
radio 10 25943
radio 10 25991
radio 10 26505
radio 10 26522
radio 10 27035
radio 10 27052
radio 10 27565
radio 10 27633
radio 10 28147
radio 10 28164
radio 10 28677
radio 10 28729
radio 10 29243
radio 10 29260
radio 10 29773
radio 10 29803
radio 10 30317
radio 10 30334
radio 10 30847
radio 10 30864
radio 10 31377
radio 10 31394
radio 10 31907
radio 10 31937
radio 10 32451
radio 10 32501
radio 10 33015
radio 10 33032
radio 10 33545
radio 10 33562
radio 10 34075
radio 10 34105
radio 10 34619
radio 10 34636
radio 10 35149
radio 10 35178
radio 10 35692
radio 10 35709
radio 10 36222
radio 10 36239
radio 10 36752
radio 10 36803
radio 10 37317
radio 10 37334
radio 10 37847
radio 10 37864
radio 10 38377
radio 10 38394
radio 10 38907
radio 10 38938
radio 10 39452
radio 10 39485
radio 10 39999
radio 10 40048
radio 10 40562
radio 10 40579
radio 10 41092
delay 6 18 10 41141 10 41422 6 11 5 0 288 0 0
radio 10 41149
radio 10 41663
radio 10 41678
radio 10 42192
radio 10 42222
radio 10 42736
radio 10 42753
radio 10 43266
radio 10 43283
radio 10 43796
radio 10 43813
radio 10 44326
radio 10 44343
radio 10 44856
radio 10 44885
radio 10 45399
radio 10 45416
radio 10 45929
radio 10 45946
radio 10 46459
radio 10 46476
radio 10 46989
radio 10 47019
radio 10 47533
radio 10 47550
radio 10 48063
radio 10 48080
radio 10 48593
radio 10 48646
radio 10 49160
radio 10 49190
radio 10 49704
radio 10 49732
radio 10 50246
radio 10 50279
radio 10 50793
radio 10 50869
radio 10 51383
radio 10 51416
radio 10 51930
radio 10 51958
radio 10 52472
radio 10 52489
radio 10 53002
radio 10 53037
radio 10 53551
radio 10 53579
radio 10 54093
radio 10 54110
radio 10 54623
radio 10 54640
radio 10 55153
radio 10 55183
radio 10 55697
radio 10 55714
radio 10 56227
radio 10 56261
radio 10 56775
radio 10 56831
radio 10 57345
radio 10 57362
radio 10 57875
radio 10 57906
radio 10 58420
radio 10 58437
radio 10 58950
radio 10 58967
radio 10 59480
radio 10 59510
radio 10 60024
radio 10 60073
radio 10 60587
radio 10 60604
radio 10 61117
radio 10 61134
radio 10 61647
delay 7 18 10 61723 10 62004 6 11 5 0 448 0 0
radio 10 61730
radio 10 62245
radio 10 62268
radio 10 62782
radio 10 62799
radio 10 63312
radio 10 63329
radio 10 63842
radio 10 63859
radio 10 64372
radio 10 64389
radio 10 64902
radio 10 64919
radio 10 65432
radio 10 65464
radio 11 442
radio 11 514
radio 11 1027
radio 11 1056
radio 11 1570
radio 11 1587
radio 11 2100
radio 11 2117
radio 11 2630
radio 11 2658
radio 11 3172
radio 11 3202
energy 11 3256 7 30290
radio 11 3716
radio 11 3771
radio 11 4285
radio 11 4339
radio 11 4853
radio 11 4870
radio 11 5383
radio 11 5400
radio 11 5913
radio 11 5943
radio 11 6457
radio 11 6474
radio 11 6987
radio 11 7015
radio 11 7529
radio 11 7546
radio 11 8059
radio 11 8092
radio 11 8606
radio 11 8623
radio 11 9136
radio 11 9153
radio 11 9666
radio 11 9683
radio 11 10196
radio 11 10213
radio 11 10726
radio 11 10743
radio 11 11256
radio 11 11273
radio 11 11786
radio 11 11803
radio 11 12316
radio 11 12365
radio 11 12879
radio 11 12896
radio 11 13409
radio 11 13441
radio 11 13955
radio 11 13983
radio 11 14497
radio 11 14528
radio 11 15042
radio 11 15098
radio 11 15612
radio 11 15629
radio 11 16142
delay 8 43 11 16222 11 15826 5 11 6 0 498 0 0
radio 11 16230
radio 11 16744
radio 11 16766
radio 11 17279
radio 11 17296
radio 11 17809
radio 11 17826
radio 11 18339
radio 11 18369
radio 11 18883
radio 11 18900
radio 11 19413
radio 11 19443
radio 11 19957
radio 11 19990
radio 11 20504
radio 11 20552
radio 11 21066
radio 11 21098
radio 11 21612
radio 11 21647
radio 11 22161
radio 11 22197
radio 11 22711
radio 11 22728
radio 11 23241
radio 11 23258
radio 11 23771
radio 11 23788
radio 11 24301
radio 11 24333
radio 11 24847
radio 11 24864
radio 11 25377
radio 11 25408
radio 11 25922
radio 11 25939
radio 11 26452
radio 11 26469
radio 11 26982
radio 11 27012
radio 11 27526
radio 11 27576
radio 11 28090
radio 11 28118
radio 11 28632
radio 11 28661
radio 11 29175
radio 11 29192
radio 11 29705
radio 11 29777
radio 11 30291
radio 11 30308
radio 11 30821
radio 11 30852
radio 11 31366
radio 11 31383
radio 11 31896
radio 11 31932
radio 11 32446
radio 11 32463
radio 11 32976
radio 11 33030
radio 11 33544
radio 11 33561
radio 11 34074
radio 11 34110
radio 11 34624
radio 11 34641
radio 11 35154
radio 11 35189
radio 11 35703
radio 11 35756
radio 11 36270
radio 11 36303
radio 11 36817
delay 9 18 11 36831 11 37113 6 11 5 0 252 0 0
radio 11 36839
radio 11 37353
radio 11 37375
radio 11 37888
radio 11 37905
radio 11 38418
radio 11 38435
radio 11 38948
radio 11 38996
radio 11 39510
radio 11 39527
radio 11 40040
radio 11 40068
radio 11 40582
radio 11 40611
radio 11 41125
radio 11 41142
radio 11 41655
radio 11 41685
radio 11 42199
radio 11 42216
radio 11 42729
radio 11 42780
radio 11 43294
radio 11 43311
radio 11 43824
radio 11 43852
radio 11 44366
radio 11 44402
radio 11 44916
radio 11 44948
radio 11 45462
radio 11 45512
radio 11 46026
radio 11 46043
radio 11 46556
radio 11 46590
radio 11 47104
radio 11 47136
radio 11 47650
radio 11 47704
radio 11 48218
radio 11 48235
radio 11 48748
radio 11 48765
radio 11 49278
radio 11 49306
radio 11 49820
radio 11 49856
radio 11 50370
radio 11 50387
radio 11 50900
radio 11 50929
radio 11 51443
radio 11 51460
radio 11 51973
radio 11 51990
radio 11 52503
radio 11 52536
radio 11 53050
radio 11 53067
radio 11 53580
radio 11 53597
radio 11 54110
radio 11 54165
radio 11 54679
radio 11 54696
radio 11 55209
radio 11 55240
radio 11 55754
radio 11 55787
radio 11 56301
radio 11 56318
radio 11 56831
delay 10 43 11 56942 11 56545 5 11 6 0 192 0 0
radio 11 56949
radio 11 57464
radio 11 57485
radio 11 57999
radio 11 58052
radio 11 58566
radio 11 58595
radio 11 59109
radio 11 59126
radio 11 59639
radio 11 59669
radio 11 60183
radio 11 60216
radio 11 60730
radio 11 60764
radio 11 61278
radio 11 61295
radio 11 61808
radio 11 61825
radio 11 62338
radio 11 62386
radio 11 62900
radio 11 62950
radio 11 63464
radio 11 63495
radio 11 64009
radio 11 64062
radio 11 64576
radio 11 64593
energy 11 64696 7 32920
radio 11 65106
radio 11 65140
radio 12 118
radio 12 135
radio 12 648
radio 12 665
radio 12 1178
radio 12 1195
radio 12 1708
radio 12 1737
radio 12 2251
radio 12 2325
radio 12 2839
radio 12 2868
radio 12 3382
radio 12 3399
radio 12 3912
radio 12 3929
radio 12 4442
radio 12 4459
radio 12 4972
radio 12 4989
radio 12 5502
radio 12 5558
radio 12 6072
radio 12 6106
radio 12 6620
radio 12 6653
radio 12 7167
radio 12 7184
radio 12 7697
radio 12 7752
radio 12 8266
radio 12 8295
radio 12 8809
radio 12 8838
radio 12 9352
radio 12 9369
radio 12 9882
radio 12 9914
radio 12 10428
radio 12 10481
radio 12 10995
radio 12 11026
radio 12 11540
radio 12 11557
radio 12 12070
delay 11 43 12 12113 12 11716 5 11 6 0 303 0 0
radio 12 12120
radio 12 12635
radio 12 12692
radio 12 13206
radio 12 13223
radio 12 13736
radio 12 13753
radio 12 14266
radio 12 14283
radio 12 14796
radio 12 14829
radio 12 15343
radio 12 15360
radio 12 15873
radio 12 15890
radio 12 16403
radio 12 16420
radio 12 16933
radio 12 16988
radio 12 17502
radio 12 17533
radio 12 18047
radio 12 18080
radio 12 18594
radio 12 18611
radio 12 19124
radio 12 19152
radio 12 19666
radio 12 19714
radio 12 20228
radio 12 20245
radio 12 20758
radio 12 20775
radio 12 21288
radio 12 21321
radio 12 21835
radio 12 21852
radio 12 22365
radio 12 22398
radio 12 22912
radio 12 22965
radio 12 23479
radio 12 23496
radio 12 24009
radio 12 24040
radio 12 24554
radio 12 24585
radio 12 25099
radio 12 25116
radio 12 25629
radio 12 25659
radio 12 26173
radio 12 26190
radio 12 26703
radio 12 26720
radio 12 27233
radio 12 27250
radio 12 27763
radio 12 27791
radio 12 28305
radio 12 28322
radio 12 28835
radio 12 28869
radio 12 29383
radio 12 29400
radio 12 29913
radio 12 29930
radio 12 30443
radio 12 30477
radio 12 30991
radio 12 31019
radio 12 31533
radio 12 31550
radio 12 32063
radio 12 32080
radio 12 32593
delay 12 18 12 32609 12 32891 6 11 5 0 98 0 0
radio 12 32616
radio 12 33131
radio 12 33149
radio 12 33663
radio 12 33694
radio 12 34208
radio 12 34225
radio 12 34738
radio 12 34768
radio 12 35282
radio 12 35332
radio 12 35846
radio 12 35879
radio 12 36393
radio 12 36424
radio 12 36938
radio 12 37006
radio 12 37520
radio 12 37553
radio 12 38067
radio 12 38084
radio 12 38597
radio 12 38614
radio 12 39127
radio 12 39144
radio 12 39657
radio 12 39689
radio 12 40203
radio 12 40253
radio 12 40767
radio 12 40798
radio 12 41312
radio 12 41329
radio 12 41842
radio 12 41874
radio 12 42388
radio 12 42421
radio 12 42935
radio 12 43007
radio 12 43521
radio 12 43538
radio 12 44051
radio 12 44080
radio 12 44594
radio 12 44611
radio 12 45124
radio 12 45155
radio 12 45669
radio 12 45739
radio 12 46253
radio 12 46287
radio 12 46801
radio 12 46829
radio 12 47343
radio 12 47393
radio 12 47907
radio 12 47924
radio 12 48437
radio 12 48454
radio 12 48967
radio 12 49017
radio 12 49531
radio 12 49560
radio 12 50074
radio 12 50103
radio 12 50617
radio 12 50634
radio 12 51147
radio 12 51164
radio 12 51677
radio 12 51710
radio 12 52224
radio 12 52257
radio 12 52771
radio 12 52802
radio 12 53316
delay 13 18 12 53363 12 53645 6 11 5 0 395 0 0
radio 12 53371
radio 12 53885
radio 12 53901
radio 12 54415
radio 12 54432
radio 12 54945
radio 12 54962
radio 12 55475
radio 12 55492
radio 12 56005
radio 12 56040
radio 12 56554
radio 12 56588
radio 12 57102
radio 12 57130
radio 12 57644
radio 12 57661
radio 12 58174
radio 12 58209
radio 12 58723
radio 12 58740
radio 12 59253
radio 12 59346
radio 12 59860
radio 12 59896
radio 12 60410
radio 12 60442
energy 12 60600 7 35546
radio 12 60956
radio 12 60973
radio 12 61486
radio 12 61503
radio 12 62016
radio 12 62033
radio 12 62546
radio 12 62597
radio 12 63111
radio 12 63128
radio 12 63641
radio 12 63674
radio 12 64188
radio 12 64222
radio 12 64736
radio 12 64772
radio 12 65286
radio 12 65303
radio 13 280
radio 13 310
radio 13 823
radio 13 840
radio 13 1353
radio 13 1370
radio 13 1883
radio 13 1900
radio 13 2413
radio 13 2430
radio 13 2943
radio 13 2960
radio 13 3473
radio 13 3490
radio 13 4003
radio 13 4039
radio 13 4553
radio 13 4583
radio 13 5097
radio 13 5128
radio 13 5642
radio 13 5673
radio 13 6187
radio 13 6220
radio 13 6734
radio 13 6751
radio 13 7264
radio 13 7292
radio 13 7806
radio 13 7836
radio 13 8350
delay 14 18 13 8395 13 8677 6 11 5 0 555 0 0
radio 13 8402
radio 13 8916
radio 13 8936
radio 13 9450
radio 13 9467
radio 13 9980
radio 13 9997
radio 13 10510
radio 13 10527
radio 13 11040
radio 13 11073
radio 13 11587
radio 13 11638
radio 13 12152
radio 13 12169
radio 13 12682
radio 13 12714
radio 13 13228
radio 13 13258
radio 13 13772
radio 13 13789
radio 13 14302
radio 13 14319
radio 13 14832
radio 13 14885
radio 13 15399
radio 13 15431
radio 13 15945
radio 13 15974
radio 13 16488
radio 13 16524
radio 13 17038
radio 13 17112
radio 13 17626
radio 13 17658
radio 13 18172
radio 13 18200
radio 13 18714
radio 13 18784
radio 13 19298
radio 13 19331
radio 13 19845
radio 13 19874
radio 13 20388
radio 13 20440
radio 13 20954
radio 13 20984
radio 13 21498
radio 13 21515
radio 13 22028
radio 13 22058
radio 13 22572
radio 13 22589
radio 13 23102
radio 13 23119
radio 13 23632
radio 13 23649
radio 13 24162
radio 13 24179
radio 13 24692
radio 13 24742
radio 13 25256
radio 13 25292
radio 13 25806
radio 13 25841
radio 13 26355
radio 13 26372
radio 13 26885
radio 13 26902
radio 13 27415
radio 13 27470
radio 13 27984
radio 13 28001
radio 13 28514
delay 15 18 13 28534 13 28817 6 11 5 0 81 0 0
radio 13 28542
radio 13 29057
radio 13 29124
radio 13 29637
radio 13 29654
radio 13 30167
radio 13 30184
radio 13 30697
radio 13 30714
radio 13 31227
radio 13 31244
radio 13 31757
radio 13 31792
radio 13 32306
radio 13 32323
radio 13 32836
radio 13 32864
radio 13 33378
radio 13 33406
radio 13 33920
radio 13 33937
radio 13 34450
radio 13 34500
radio 13 35014
radio 13 35031
radio 13 35544
radio 13 35561
radio 13 36074
radio 13 36105
radio 13 36619
radio 13 36636
radio 13 37149
radio 13 37220
radio 13 37734
radio 13 37751
radio 13 38264
radio 13 38281
radio 13 38794
radio 13 38811
radio 13 39324
radio 13 39360
radio 13 39874
radio 13 39907
radio 13 40421
radio 13 40438
radio 13 40951
radio 13 41002
radio 13 41516
radio 13 41545
radio 13 42059
radio 13 42088
radio 13 42602
radio 13 42634
radio 13 43148
radio 13 43165
radio 13 43678
radio 13 43729
radio 13 44243
radio 13 44273
radio 13 44787
radio 13 44804
radio 13 45317
radio 13 45353
radio 13 45867
radio 13 45884
radio 13 46397
radio 13 46448
radio 13 46962
radio 13 46995
radio 13 47509
radio 13 47557
radio 13 48071
radio 13 48101
radio 13 48615
radio 13 48644
radio 13 49158
delay 16 18 13 49172 13 49455 6 11 5 0 219 0 0
radio 13 49180
radio 13 49694
radio 13 49712
radio 13 50225
radio 13 50244
radio 13 50757
radio 13 50793
radio 13 51307
radio 13 51378
radio 13 51892
radio 13 51924
radio 13 52438
radio 13 52469
radio 13 52983
radio 13 53017
radio 13 53531
radio 13 53583
radio 13 54097
radio 13 54133
radio 13 54647
radio 13 54679
radio 13 55193
radio 13 55227
radio 13 55741
radio 13 55769
radio 13 56283
radio 13 56315
energy 13 56504 7 38194
radio 13 56829
radio 13 56846
radio 13 57359
radio 13 57391
radio 13 57905
radio 13 57935
radio 13 58449
radio 13 58505
radio 13 59019
radio 13 59047
radio 13 59561
radio 13 59578
radio 13 60091
radio 13 60108
radio 13 60621
radio 13 60653
radio 13 61167
radio 13 61184
radio 13 61697
radio 13 61714
radio 13 62227
radio 13 62258
radio 13 62772
radio 13 62789
radio 13 63302
radio 13 63332
radio 13 63846
radio 13 63863
radio 13 64376
radio 13 64393
radio 13 64906
radio 13 64939
radio 13 65453
radio 13 65487
radio 14 465
radio 14 482
radio 14 995
radio 14 1012
radio 14 1525
radio 14 1577
radio 14 2091
radio 14 2108
radio 14 2621
radio 14 2652
radio 14 3166
radio 14 3183
radio 14 3696
delay 17 18 14 3714 14 3997 6 11 5 0 104 1 0
radio 14 3722
radio 14 4236
radio 14 4259
radio 14 4772
radio 14 4864
radio 14 5378
radio 14 5395
radio 14 5908
radio 14 5937
radio 14 6451
radio 14 6521
radio 14 7035
radio 14 7085
radio 14 7599
radio 14 7616
radio 14 8129
radio 14 8163
radio 14 8677
radio 14 8712
radio 14 9226
radio 14 9260
radio 14 9774
radio 14 9791
radio 14 10304
radio 14 10335
radio 14 10849
radio 14 10901
radio 14 11415
radio 14 11447
radio 14 11961
radio 14 11978
radio 14 12491
radio 14 12508
radio 14 13021
radio 14 13055
radio 14 13569
radio 14 13586
radio 14 14099
radio 14 14116
radio 14 14629
radio 14 14664
radio 14 15178
radio 14 15195
radio 14 15708
radio 14 15725
radio 14 16238
radio 14 16255
radio 14 16768
radio 14 16802
radio 14 17316
radio 14 17333
radio 14 17846
radio 14 17882
radio 14 18396
radio 14 18413
radio 14 18926
radio 14 18977
radio 14 19491
radio 14 19522
radio 14 20036
radio 14 20065
radio 14 20579
radio 14 20596
radio 14 21109
radio 14 21179
radio 14 21693
radio 14 21724
radio 14 22238
radio 14 22255
radio 14 22768
radio 14 22797
radio 14 23311
radio 14 23328
radio 14 23841
radio 14 23870
radio 14 24384
delay 18 43 14 24405 14 24001 5 11 6 0 65535 0 0
radio 14 24413
radio 14 24927
radio 14 25043
radio 14 25556
radio 14 25573
radio 14 26086
radio 14 26103
radio 14 26616
radio 14 26651
radio 14 27165
radio 14 27197
radio 14 27711
radio 14 27728
radio 14 28241
radio 14 28269
radio 14 28783
radio 14 28834
radio 14 29348
radio 14 29378
radio 14 29892
radio 14 29923
radio 14 30437
radio 14 30454
radio 14 30967
radio 14 31003
radio 14 31517
radio 14 31567
radio 14 32081
radio 14 32110
radio 14 32624
radio 14 32653
radio 14 33167
radio 14 33198
radio 14 33712
radio 14 33760
radio 14 34274
radio 14 34291
radio 14 34804
radio 14 34835
radio 14 35349
radio 14 35366
radio 14 35879
radio 14 35933
radio 14 36447
radio 14 36475
radio 14 36989
radio 14 37006
radio 14 37519
radio 14 37549
radio 14 38063
radio 14 38080
radio 14 38593
radio 14 38610
radio 14 39123
radio 14 39151
radio 14 39665
radio 14 39697
radio 14 40211
radio 14 40263
radio 14 40777
radio 14 40832
radio 14 41346
radio 14 41363
radio 14 41876
radio 14 41893
radio 14 42406
radio 14 42423
radio 14 42936
radio 14 42966
radio 14 43480
radio 14 43509
radio 14 44023
radio 14 44040
radio 14 44553
delay 19 18 14 44569 14 44852 6 11 5 0 161 0 0
radio 14 44577
radio 14 45091
radio 14 45138
radio 14 45652
radio 14 45669
radio 14 46182
radio 14 46199
radio 14 46712
radio 14 46765
radio 14 47279
radio 14 47296
radio 14 47809
radio 14 47838
radio 14 48352
radio 14 48383
radio 14 48897
radio 14 48914
radio 14 49427
radio 14 49444
radio 14 49957
radio 14 50008
radio 14 50522
radio 14 50557
radio 14 51071
radio 14 51145
radio 14 51659
radio 14 51676
radio 14 52189
radio 14 52244
energy 14 52408 7 40899
radio 14 52758
radio 14 52775
radio 14 53288
radio 14 53305
radio 14 53818
radio 14 53848
radio 14 54362
radio 14 54379
radio 14 54892
radio 14 54941
radio 14 55455
radio 14 55472
radio 14 55985
radio 14 56002
radio 14 56515
radio 14 56544
radio 14 57058
radio 14 57087
radio 14 57601
radio 14 57618
radio 14 58131
radio 14 58148
radio 14 58661
radio 14 58678
radio 14 59191
radio 14 59208
radio 14 59721
radio 14 59774
radio 14 60288
radio 14 60305
radio 14 60818
radio 14 60848
radio 14 61362
radio 14 61396
radio 14 61910
radio 14 61943
radio 14 62457
radio 14 62474
radio 14 62987
radio 14 63038
radio 14 63552
radio 14 63569
radio 14 64082
radio 14 64112
radio 14 64626
radio 14 64643
radio 14 65156
delay 20 18 14 65266 15 14 6 11 5 0 286 0 0
radio 14 65275
radio 15 253
radio 15 276
radio 15 789
radio 15 814
radio 15 1327
radio 15 1356
radio 15 1870
radio 15 1904
radio 15 2418
radio 15 2435
radio 15 2948
radio 15 2979
radio 15 3493
radio 15 3510
radio 15 4023
radio 15 4055
radio 15 4569
radio 15 4619
radio 15 5133
radio 15 5263
radio 15 5777
radio 15 5806
radio 15 6320
radio 15 6337
radio 15 6850
radio 15 6885
radio 15 7399
radio 15 7450
radio 15 7964
radio 15 7996
radio 15 8510
radio 15 8544
radio 15 9058
radio 15 9089
radio 15 9603
radio 15 9651
radio 15 10165
radio 15 10195
radio 15 10709
radio 15 10726
radio 15 11240
radio 15 11268
radio 15 11782
radio 15 11812
radio 15 12326
radio 15 12379
radio 15 12893
radio 15 12923
radio 15 13437
radio 15 13472
radio 15 13986
radio 15 14017
radio 15 14531
radio 15 14579
radio 15 15093
radio 15 15121
radio 15 15635
radio 15 15652
radio 15 16165
radio 15 16182
radio 15 16695
radio 15 16712
radio 15 17225
radio 15 17242
radio 15 17755
radio 15 17772
radio 15 18285
radio 15 18315
radio 15 18829
radio 15 18860
radio 15 19374
radio 15 19391
radio 15 19904
delay 21 43 15 19938 15 19533 5 11 6 0 65535 0 0
radio 15 19946
radio 15 20460
radio 15 20483
radio 15 20996
radio 15 21015
radio 15 21528
radio 15 21545
radio 15 22058
radio 15 22075
radio 15 22588
radio 15 22620
radio 15 23134
radio 15 23151
radio 15 23664
radio 15 23712
radio 15 24226
radio 15 24243
radio 15 24756
radio 15 24773
radio 15 25286
radio 15 25303
radio 15 25816
radio 15 25848
radio 15 26362
radio 15 26379
radio 15 26892
radio 15 26922
radio 15 27436
radio 15 27453
radio 15 27966
radio 15 27983
radio 15 28496
radio 15 28513
radio 15 29026
radio 15 29043
radio 15 29556
radio 15 29606
radio 15 30120
radio 15 30154
radio 15 30668
radio 15 30741
radio 15 31255
radio 15 31284
radio 15 31798
radio 15 31834
radio 15 32348
radio 15 32365
radio 15 32878
radio 15 32928
radio 15 33442
radio 15 33459
radio 15 33972
radio 15 34020
radio 15 34534
radio 15 34551
radio 15 35064
radio 15 35081
radio 15 35594
radio 15 35624
radio 15 36138
radio 15 36155
radio 15 36668
radio 15 36703
radio 15 37217
radio 15 37252
radio 15 37766
radio 15 37799
radio 15 38313
radio 15 38401
radio 15 38915
radio 15 38967
radio 15 39481
radio 15 39536
radio 15 40050
radio 15 40085
radio 15 40599
delay 22 43 15 40620 15 40222 5 11 6 0 103 1 0
radio 15 40628
radio 15 41142
radio 15 41276
radio 15 41789
radio 15 41809
radio 15 42322
radio 15 42350
radio 15 42864
radio 15 42881
radio 15 43394
radio 15 43444
radio 15 43958
radio 15 43988
radio 15 44502
radio 15 44519
radio 15 45032
radio 15 45049
radio 15 45562
radio 15 45674
radio 15 46188
radio 15 46216
radio 15 46730
radio 15 46765
radio 15 47279
radio 15 47308
radio 15 47822
radio 15 47855
energy 15 48312 7 43805
radio 15 48369
radio 15 48398
radio 15 48912
radio 15 48944
radio 15 49458
radio 15 49475
radio 15 49988
radio 15 50017
radio 15 50531
radio 15 50548
radio 15 51061
radio 15 51091
radio 15 51605
radio 15 51638
radio 15 52152
radio 15 52169
radio 15 52682
radio 15 52699
radio 15 53212
radio 15 53268
radio 15 53782
radio 15 53815
radio 15 54329
radio 15 54346
radio 15 54859
radio 15 54889
radio 15 55403
radio 15 55437
radio 15 55951
radio 15 56001
radio 15 56515
radio 15 56532
radio 15 57045
radio 15 57098
radio 15 57612
radio 15 57629
radio 15 58142
radio 15 58159
radio 15 58672
radio 15 58727
radio 15 59241
radio 15 59273
radio 15 59787
radio 15 59804
radio 15 60317
radio 15 60349
radio 15 60863
radio 15 60895
radio 15 61409
delay 23 18 15 61424 15 61708 6 11 5 0 127 0 0
radio 15 61432
radio 15 61946
radio 15 61988
radio 15 62501
radio 15 62533
radio 15 63047
radio 15 63076
radio 15 63590
radio 15 63624
radio 15 64138
radio 15 64168
radio 15 64682
radio 15 64699
radio 15 65212
radio 15 65241
radio 16 219
radio 16 267
radio 16 780
radio 16 797
radio 16 1310
radio 16 1361
radio 16 1875
radio 16 1926
radio 16 2440
radio 16 2457
radio 16 2970
radio 16 3000
radio 16 3514
radio 16 3531
radio 16 4044
radio 16 4097
radio 16 4611
radio 16 4644
radio 16 5158
radio 16 5175
radio 16 5688
radio 16 5705
radio 16 6218
radio 16 6235
radio 16 6748
radio 16 6765
radio 16 7278
radio 16 7311
radio 16 7825
radio 16 7853
radio 16 8367
radio 16 8396
radio 16 8910
radio 16 8946
radio 16 9460
radio 16 9477
radio 16 9990
radio 16 10007
radio 16 10520
radio 16 10551
radio 16 11065
radio 16 11117
radio 16 11631
radio 16 11662
radio 16 12176
radio 16 12193
radio 16 12706
radio 16 12734
radio 16 13248
radio 16 13317
radio 16 13831
radio 16 13848
radio 16 14361
radio 16 14378
radio 16 14891
radio 16 14925
radio 16 15439
radio 16 15468
radio 16 15982
radio 16 15999
radio 16 16512
delay 24 18 16 16532 16 16816 6 11 5 0 416 0 0
radio 16 16540
radio 16 17054
radio 16 17101
radio 16 17615
radio 16 17632
radio 16 18145
radio 16 18179
radio 16 18693
radio 16 18710
radio 16 19223
radio 16 19256
radio 16 19770
radio 16 19823
radio 16 20337
radio 16 20367
radio 16 20881
radio 16 20914
radio 16 21428
radio 16 21460
radio 16 21974
radio 16 22027
radio 16 22541
radio 16 22575
radio 16 23089
radio 16 23117
radio 16 23631
radio 16 23648
radio 16 24161
radio 16 24196
radio 16 24710
radio 16 24743
radio 16 25257
radio 16 25274
radio 16 25787
radio 16 25841
radio 16 26355
radio 16 26372
radio 16 26885
radio 16 26916
radio 16 27430
radio 16 27480
radio 16 27994
radio 16 28011
radio 16 28524
radio 16 28558
radio 16 29072
radio 16 29089
radio 16 29602
radio 16 29634
radio 16 30148
radio 16 30177
radio 16 30691
radio 16 30725
radio 16 31239
radio 16 31271
radio 16 31785
radio 16 31840
radio 16 32354
radio 16 32409
radio 16 32923
radio 16 32952
radio 16 33466
radio 16 33501
radio 16 34015
radio 16 34032
radio 16 34545
radio 16 34573
radio 16 35087
radio 16 35135
radio 16 35649
radio 16 35679
radio 16 36193
radio 16 36210
radio 16 36723
delay 25 18 16 36769 16 37053 6 11 5 0 389 0 0
radio 16 36777
radio 16 37291
radio 16 37339
radio 16 37853
radio 16 37870
radio 16 38383
radio 16 38419
radio 16 38933
radio 16 38950
radio 16 39463
radio 16 39496
radio 16 40010
radio 16 40064
radio 16 40578
radio 16 40595
radio 16 41108
radio 16 41125
radio 16 41638
radio 16 41655
radio 16 42168
radio 16 42223
radio 16 42737
radio 16 42786
radio 16 43300
radio 16 43317
radio 16 43830
radio 16 43847
energy 16 44216 7 46572
radio 16 44360
radio 16 44377
radio 16 44890
radio 16 44919
radio 16 45433
radio 16 45463
radio 16 45977
radio 16 45994
radio 16 46507
radio 16 46556
radio 16 47070
radio 16 47100
radio 16 47614
radio 16 47642
radio 16 48156
radio 16 48173
radio 16 48686
radio 16 48703
radio 16 49216
radio 16 49233
radio 16 49746
radio 16 49774
radio 16 50288
radio 16 50338
radio 16 50852
radio 16 50869
radio 16 51382
radio 16 51399
radio 16 51912
radio 16 51929
radio 16 52442
radio 16 52477
radio 16 52991
radio 16 53008
radio 16 53521
radio 16 53538
radio 16 54051
radio 16 54068
radio 16 54581
radio 16 54598
radio 16 55111
radio 16 55161
radio 16 55675
radio 16 55708
radio 16 56222
radio 16 56239
radio 16 56752
radio 16 56769
radio 16 57282
delay 26 18 16 57385 16 57669 6 11 5 0 453 0 0
radio 16 57393
radio 16 57907
radio 16 57926
radio 16 58440
radio 16 58473
radio 16 58987
radio 16 59004
radio 16 59517
radio 16 59568
radio 16 60082
radio 16 60099
radio 16 60612
radio 16 60629
radio 16 61142
radio 16 61173
radio 16 61687
radio 16 61718
radio 16 62232
radio 16 62264
radio 16 62778
radio 16 62810
radio 16 63324
radio 16 63341
radio 16 63854
radio 16 63885
radio 16 64399
radio 16 64416
radio 16 64929
radio 16 64946
radio 16 65459
radio 16 65476
radio 17 453
radio 17 470
radio 17 983
radio 17 1000
radio 17 1513
radio 17 1548
radio 17 2062
radio 17 2079
radio 17 2592
radio 17 2609
radio 17 3122
radio 17 3139
radio 17 3652
radio 17 3687
radio 17 4201
radio 17 4218
radio 17 4731
radio 17 4748
radio 17 5261
radio 17 5292
radio 17 5806
radio 17 5823
radio 17 6336
radio 17 6368
radio 17 6882
radio 17 6930
radio 17 7444
radio 17 7461
radio 17 7974
radio 17 8009
radio 17 8523
radio 17 8540
radio 17 9053
radio 17 9070
radio 17 9583
radio 17 9600
radio 17 10113
radio 17 10130
radio 17 10643
radio 17 10660
radio 17 11173
radio 17 11224
radio 17 11738
radio 17 11769
radio 17 12283
radio 17 12311
radio 17 12825
radio 17 12842
radio 17 13355
radio 17 13445
radio 17 13959
radio 17 13976
radio 17 14489
radio 17 14506
radio 17 15019
radio 17 15036
radio 17 15549
radio 17 15566
radio 17 16079
radio 17 16150
radio 17 16664
radio 17 16681
radio 17 17194
radio 17 17227
radio 17 17741
radio 17 17770
radio 17 18284
radio 17 18301
radio 17 18814
radio 17 18831
radio 17 19344
radio 17 19361
radio 17 19874
radio 17 19891
radio 17 20404
radio 17 20456
radio 17 20970
radio 17 20987
radio 17 21500
radio 17 21552
radio 17 22066
radio 17 22083
radio 17 22596
radio 17 22613
radio 17 23126
radio 17 23175
radio 17 23689
radio 17 23717
radio 17 24231
radio 17 24279
radio 17 24793
radio 17 24829
radio 17 25343
radio 17 25373
radio 17 25887
radio 17 25904
radio 17 26417
radio 17 26434
radio 17 26947
radio 17 26980
radio 17 27494
radio 17 27527
radio 17 28041
radio 17 28071
radio 17 28585
radio 17 28635
radio 17 29149
radio 17 29166
radio 17 29679
radio 17 29696
radio 17 30209
radio 17 30226
radio 17 30739
radio 17 30767
radio 17 31281
radio 17 31317
radio 17 31831
radio 17 31886
radio 17 32400
radio 17 32417
radio 17 32930
delay 28 43 17 32962 17 32563 5 11 6 0 425 0 0
radio 17 32969
radio 17 33484
radio 17 33528
radio 17 34041
radio 17 34089
radio 17 34603
radio 17 34632
radio 17 35146
radio 17 35163
radio 17 35676
radio 17 35693
radio 17 36206
radio 17 36223
radio 17 36736
radio 17 36753
radio 17 37266
radio 17 37300
radio 17 37814
radio 17 37863
radio 17 38377
radio 17 38408
radio 17 38922
radio 17 38958
radio 17 39472
radio 17 39508
radio 17 40022
radio 17 40056
energy 17 40120 7 49038
radio 17 40570
radio 17 40600
radio 17 41114
radio 17 41131
radio 17 41644
radio 17 41674
radio 17 42188
radio 17 42205
radio 17 42718
radio 17 42747
radio 17 43261
radio 17 43336
radio 17 43850
radio 17 43883
radio 17 44397
radio 17 44468
radio 17 44982
radio 17 44999
radio 17 45512
radio 17 45529
radio 17 46042
radio 17 46074
radio 17 46588
radio 17 46623
radio 17 47137
radio 17 47154
radio 17 47667
radio 17 47716
radio 17 48230
radio 17 48261
radio 17 48775
radio 17 48792
radio 17 49305
radio 17 49333
radio 17 49847
radio 17 49864
radio 17 50377
radio 17 50448
radio 17 50962
radio 17 50996
radio 17 51510
radio 17 51527
radio 17 52040
radio 17 52057
radio 17 52570
radio 17 52598
radio 17 53112
delay 29 18 17 53181 17 53466 6 11 5 0 161 1 0
radio 17 53189
radio 17 53704
radio 17 53751
radio 17 54264
radio 17 54294
radio 17 54808
radio 17 54825
radio 17 55338
radio 17 55355
radio 17 55868
radio 17 55898
radio 17 56412
radio 17 56429
radio 17 56942
radio 17 56971
radio 17 57485
radio 17 57515
radio 17 58029
radio 17 58099
radio 17 58613
radio 17 58630
radio 17 59143
radio 17 59173
radio 17 59687
radio 17 59719
