Thread[Thread-1,5,main]tree 47 15 0 14 0 0
radio 7 10402
radio 7 10406
radio 7 10441
radio 7 10955
radio 7 10972
radio 7 11485
radio 7 11502
radio 7 12015
radio 7 12032
radio 7 12545
radio 7 12562
radio 7 13076
radio 7 13110
radio 7 13624
radio 7 13641
radio 7 14154
radio 7 14171
radio 7 14685
radio 7 14715
radio 7 15229
radio 7 15246
radio 7 15759
radio 7 15776
radio 7 16290
radio 7 16307
radio 7 16820
radio 7 16837
radio 7 17350
radio 7 17367
radio 7 17880
radio 7 17897
radio 7 18410
radio 7 18443
radio 7 18957
radio 7 18989
radio 7 19503
radio 7 19520
radio 7 20033
radio 7 20050
radio 7 20564
radio 7 20596
radio 7 21110
radio 7 21127
radio 7 21640
radio 7 21657
radio 7 22170
radio 7 22202
radio 7 22716
radio 7 22745
radio 7 23259
radio 7 23315
radio 7 23829
radio 7 23846
radio 7 24359
radio 7 24376
radio 7 24889
radio 7 24917
radio 7 25431
radio 7 25464
radio 7 25978
radio 7 25995
radio 7 26508
radio 7 26525
radio 7 27038
radio 7 27055
radio 7 27568
radio 7 27585
radio 7 28099
radio 7 28132
radio 7 28646
radio 7 28663
radio 7 29176
radio 7 29207
radio 7 29721
radio 7 29738
radio 7 30251
radio 7 30268
radio 7 30781
radio 7 30798
radio 7 31311
radio 7 31346
radio 7 31860
radio 7 31877
radio 7 32390
radio 7 32407
radio 7 32920
radio 7 32937
radio 7 33450
radio 7 33484
radio 7 33998
radio 7 34015
radio 7 34528
radio 7 34545
radio 7 35058
radio 7 35075
radio 7 35588
radio 7 35620
radio 7 36134
radio 7 36166
radio 7 36680
radio 7 36697
radio 7 37210
radio 7 37227
radio 7 37740
radio 7 37791
radio 7 38305
radio 7 38322
radio 7 38835
radio 7 38865
radio 7 39379
radio 7 39396
radio 7 39909
radio 7 39941
radio 7 40455
radio 7 40472
radio 7 40985
radio 7 41002
radio 7 41515
radio 7 41532
radio 7 42045
radio 7 42062
radio 7 42575
radio 7 42603
radio 7 43117
radio 7 43146
radio 7 43660
radio 7 43677
radio 7 44190
radio 7 44286
radio 7 44800
radio 7 44817
radio 7 45330
radio 7 45384
radio 7 45898
radio 7 45970
radio 7 46484
radio 7 46501
radio 7 47014
radio 7 47043
radio 7 47557
radio 7 47585
radio 7 48099
radio 7 48116
radio 7 48629
radio 7 48657
radio 7 49171
radio 7 49223
radio 7 49737
radio 7 49754
radio 7 50267
radio 7 50300
radio 7 50814
radio 7 50831
radio 7 51344
radio 7 51361
radio 7 51874
radio 7 51948
radio 7 52462
radio 7 52479
radio 7 52992
radio 7 53009
radio 7 53522
radio 7 53550
radio 7 54064
radio 7 54081
radio 7 54594
radio 7 54611
radio 7 55124
radio 7 55160
radio 7 55674
radio 7 55727
radio 7 56241
radio 7 56258
radio 7 56771
radio 7 56788
radio 7 57301
radio 7 57336
radio 7 57850
radio 7 57885
radio 7 58399
radio 7 58416
radio 7 58929
radio 7 58959
radio 7 59473
radio 7 59490
radio 7 60003
radio 7 60035
radio 7 60549
radio 7 60566
radio 7 61079
radio 7 61096
radio 7 61609
radio 7 61626
radio 7 62139
radio 7 62156
radio 7 62669
radio 7 62686
radio 7 63199
radio 7 63233
radio 7 63747
radio 7 63764
radio 7 64277
radio 7 64294
radio 7 64807
radio 7 64824
radio 7 65338
radio 7 65370
radio 8 348
radio 8 365
radio 8 878
radio 8 895
radio 8 1408
radio 8 1425
radio 8 1938
radio 8 1955
radio 8 2468
radio 8 2485
radio 8 2998
radio 8 3015
radio 8 3528
radio 8 3545
radio 8 4058
radio 8 4093
radio 8 4607
radio 8 4657
radio 8 5171
radio 8 5188
radio 8 5701
radio 8 5718
radio 8 6231
radio 8 6265
energy 8 6318 7 12507
radio 8 6779
radio 8 6809
radio 8 7323
radio 8 7355
radio 8 7869
radio 8 7899
radio 8 8413
radio 8 8430
radio 8 8943
radio 8 8960
radio 8 9473
radio 8 9490
radio 8 10003
radio 8 10020
radio 8 10533
radio 8 10550
radio 8 11063
radio 8 11080
radio 8 11593
radio 8 11610
radio 8 12123
radio 8 12140
radio 8 12653
radio 8 12670
radio 8 13183
radio 8 13253
radio 8 13767
radio 8 13784
radio 8 14297
radio 8 14314
radio 8 14827
radio 8 14875
radio 8 15389
radio 8 15406
radio 8 15919
radio 8 15936
radio 8 16450
radio 8 16467
radio 8 16980
radio 8 16997
radio 8 17510
radio 8 17527
radio 8 18040
radio 8 18057
radio 8 18570
radio 8 18602
radio 8 19116
radio 8 19145
radio 8 19659
radio 8 19676
radio 8 20189
radio 8 20206
radio 8 20719
radio 8 20755
radio 8 21269
radio 8 21286
radio 8 21799
radio 8 21816
radio 8 22329
radio 8 22346
radio 8 22860
radio 8 22877
radio 8 23390
radio 8 23418
radio 8 23932
radio 8 23949
radio 8 24462
radio 8 24479
radio 8 24992
radio 8 25048
radio 8 25562
radio 8 25590
radio 8 26104
radio 8 26154
radio 8 26668
radio 8 26685
radio 8 27198
radio 8 27229
radio 8 27743
radio 8 27772
radio 8 28286
radio 8 28322
radio 8 28836
radio 8 28864
radio 8 29378
radio 8 29395
radio 8 29908
radio 8 29925
radio 8 30438
radio 8 30467
radio 8 30981
radio 8 30998
radio 8 31511
radio 8 31528
radio 8 32041
radio 8 32058
radio 8 32571
delay 0 0 8 32667 8 33452 0 6 6 0 467 0 0
radio 8 32674
radio 8 33189
radio 8 33263
radio 8 33776
radio 8 33793
radio 8 34306
radio 8 34323
radio 8 34836
radio 8 34853
radio 8 35366
radio 8 35396
radio 8 35910
radio 8 35943
radio 8 36457
radio 8 36474
radio 8 36987
radio 8 37058
radio 8 37572
radio 8 37589
radio 8 38102
radio 8 38119
radio 8 38632
radio 8 38668
radio 8 39182
radio 8 39199
radio 8 39712
radio 8 39729
radio 8 40242
radio 8 40270
radio 8 40784
radio 8 40801
radio 8 41314
radio 8 41331
radio 8 41844
radio 8 41861
radio 8 42374
radio 8 42391
radio 8 42904
radio 8 42921
radio 8 43434
radio 8 43451
radio 8 43964
radio 8 43995
radio 8 44509
radio 8 44539
radio 8 45053
radio 8 45106
radio 8 45620
radio 8 45637
radio 8 46150
radio 8 46167
radio 8 46680
radio 8 46697
radio 8 47210
radio 8 47239
radio 8 47753
radio 8 47783
radio 8 48297
radio 8 48333
radio 8 48847
radio 8 48898
radio 8 49412
radio 8 49441
radio 8 49955
radio 8 49988
radio 8 50502
radio 8 50519
radio 8 51032
radio 8 51049
radio 8 51562
radio 8 51596
radio 8 52110
radio 8 52127
radio 8 52641
radio 8 52658
radio 8 53171
delay 1 0 8 53207 8 53992 0 6 6 0 530 0 0
radio 8 53215
radio 8 53729
radio 8 53989
radio 8 54503
radio 8 54520
radio 8 55033
radio 8 55061
radio 8 55575
radio 8 55592
radio 8 56105
radio 8 56134
radio 8 56648
radio 8 56681
radio 8 57195
radio 8 57223
radio 8 57737
radio 8 57768
radio 8 58282
radio 8 58311
radio 8 58825
radio 8 58874
radio 8 59388
radio 8 59500
radio 8 60014
radio 8 60031
radio 8 60544
radio 8 60561
radio 8 61074
radio 8 61091
radio 8 61604
radio 8 61621
radio 8 62134
radio 8 62226
radio 8 62740
radio 8 62757
radio 8 63270
radio 8 63287
radio 8 63800
radio 8 63817
radio 8 64330
radio 8 64347
radio 8 64860
radio 8 64877
radio 8 65390
radio 8 65407
radio 9 384
radio 9 414
radio 9 927
radio 9 955
radio 9 1468
radio 9 1496
radio 9 2010
radio 9 2040
energy 9 2222 7 15051
radio 9 2554
radio 9 2582
radio 9 3096
radio 9 3113
radio 9 3626
radio 9 3643
radio 9 4156
radio 9 4187
radio 9 4701
radio 9 4718
radio 9 5231
radio 9 5248
radio 9 5761
radio 9 5778
radio 9 6291
radio 9 6322
radio 9 6836
radio 9 6864
radio 9 7378
radio 9 7406
radio 9 7920
delay 2 0 9 8037 9 8822 0 6 6 0 416 0 0
radio 9 8045
radio 9 8559
radio 9 8608
radio 9 9121
radio 9 9138
radio 9 9651
radio 9 9701
radio 9 10215
radio 9 10232
radio 9 10745
radio 9 10762
radio 9 11275
radio 9 11292
radio 9 11805
radio 9 11822
radio 9 12335
radio 9 12364
radio 9 12878
radio 9 12895
radio 9 13408
radio 9 13425
radio 9 13938
radio 9 13955
radio 9 14468
radio 9 14485
radio 9 14998
radio 9 15015
radio 9 15528
radio 9 15545
radio 9 16058
radio 9 16075
radio 9 16588
radio 9 16605
radio 9 17118
radio 9 17135
radio 9 17648
radio 9 17665
radio 9 18178
radio 9 18195
radio 9 18708
radio 9 18725
radio 9 19238
radio 9 19255
radio 9 19768
radio 9 19785
radio 9 20298
radio 9 20315
radio 9 20828
radio 9 20845
radio 9 21358
radio 9 21375
radio 9 21888
radio 9 21922
radio 9 22436
radio 9 22453
radio 9 22966
radio 9 22983
radio 9 23496
radio 9 23532
radio 9 24046
radio 9 24081
radio 9 24595
radio 9 24612
radio 9 25125
radio 9 25142
radio 9 25655
radio 9 25672
radio 9 26185
radio 9 26202
radio 9 26715
radio 9 26745
radio 9 27259
radio 9 27276
radio 9 27789
radio 9 27806
radio 9 28319
delay 3 12 9 28392 9 28680 6 6 65535 0 211 0 0
radio 9 28400
radio 9 28914
radio 9 29126
radio 9 29640
radio 9 29707
radio 9 30220
radio 9 30291
radio 9 30805
radio 9 30822
radio 9 31335
radio 9 31352
radio 9 31865
radio 9 31882
radio 9 32395
radio 9 32443
