Thread[Thread-1,5,main]tree 14 15 0 14 0 0
radio 7 13482
radio 7 13486
radio 7 13515
radio 7 14029
radio 7 14084
radio 7 14598
radio 7 14615
radio 7 15129
radio 7 15146
radio 7 15660
radio 7 15708
radio 7 16222
radio 7 16239
radio 7 16753
radio 7 16969
radio 7 17483
radio 7 17536
radio 7 18050
radio 7 18122
radio 7 18636
radio 7 18688
radio 7 19202
radio 7 19272
radio 7 19786
radio 7 19803
radio 7 20317
radio 7 20334
radio 7 20848
radio 7 20897
radio 7 21411
radio 7 21439
radio 7 21953
radio 7 22004
radio 7 22518
radio 7 22567
radio 7 23081
radio 7 23156
radio 7 23670
radio 7 23687
radio 7 24201
radio 7 24235
radio 7 24749
radio 7 24778
radio 7 25292
radio 7 25309
radio 7 25823
radio 7 25879
radio 7 26393
radio 7 26424
radio 7 26938
radio 7 26968
radio 7 27482
radio 7 27555
radio 7 28069
radio 7 28099
radio 7 28613
radio 7 28630
radio 7 29144
radio 7 29178
radio 7 29692
radio 7 29762
radio 7 30276
radio 7 30304
radio 7 30818
radio 7 30848
radio 7 31362
radio 7 31412
radio 7 31926
radio 7 31957
radio 7 32471
radio 7 32507
radio 7 33021
radio 7 33117
radio 7 33631
radio 7 33686
radio 7 34200
radio 7 34270
radio 7 34784
radio 7 34813
radio 7 35327
radio 7 35362
radio 7 35876
radio 7 35949
radio 7 36463
radio 7 36513
radio 7 37027
radio 7 37101
radio 7 37615
radio 7 37632
radio 7 38146
radio 7 38194
radio 7 38708
radio 7 38740
radio 7 39254
radio 7 39305
radio 7 39819
radio 7 39836
radio 7 40350
radio 7 40386
radio 7 40900
radio 7 40917
radio 7 41431
radio 7 41520
radio 7 42034
radio 7 42051
radio 7 42565
radio 7 42593
radio 7 43107
radio 7 43182
radio 7 43696
radio 7 43752
radio 7 44266
radio 7 44334
radio 7 44848
radio 7 44897
radio 7 45411
radio 7 45463
radio 7 45977
radio 7 45994
radio 7 46508
radio 7 46525
radio 7 47039
radio 7 47108
radio 7 47622
radio 7 47693
radio 7 48207
radio 7 48224
radio 7 48738
radio 7 48791
radio 7 49305
radio 7 49335
radio 7 49849
radio 7 49879
radio 7 50393
radio 7 50423
radio 7 50937
radio 7 50987
radio 7 51501
radio 7 51573
radio 7 52087
radio 7 52116
radio 7 52630
radio 7 52647
radio 7 53161
radio 7 53195
radio 7 53709
radio 7 53726
radio 7 54240
radio 7 54294
radio 7 54808
radio 7 54864
radio 7 55378
radio 7 55468
radio 7 55982
radio 7 55999
radio 7 56513
radio 7 56530
radio 7 57044
radio 7 57061
radio 7 57575
radio 7 57626
radio 7 58140
radio 7 58169
radio 7 58683
radio 7 58751
radio 7 59265
radio 7 59293
radio 7 59807
radio 7 59839
radio 7 60353
radio 7 60389
radio 7 60903
radio 7 60952
radio 7 61466
radio 7 61534
radio 7 62048
radio 7 62065
radio 7 62579
radio 7 62596
radio 7 63110
radio 7 63200
radio 7 63714
radio 7 63731
radio 7 64245
radio 7 64262
radio 7 64776
radio 7 64793
radio 7 65307
radio 7 65324
radio 8 302
radio 8 319
radio 8 832
radio 8 849
radio 8 1362
radio 8 1394
radio 8 1908
radio 8 1936
radio 8 2450
radio 8 2544
radio 8 3058
radio 8 3089
radio 8 3603
radio 8 3656
radio 8 4170
radio 8 4187
radio 8 4700
radio 8 4750
radio 8 5264
radio 8 5332
radio 8 5846
radio 8 5897
radio 8 6411
radio 8 6484
radio 8 6998
radio 8 7015
radio 8 7528
radio 8 7583
radio 8 8097
radio 8 8132
radio 8 8646
radio 8 8677
radio 8 9191
radio 8 9220
energy 8 9398 7 17545
radio 8 9734
radio 8 9767
radio 8 10281
radio 8 10311
radio 8 10825
radio 8 10861
radio 8 11375
radio 8 11392
radio 8 11906
radio 8 11935
radio 8 12449
radio 8 12466
radio 8 12979
radio 8 13030
radio 8 13544
radio 8 13615
radio 8 14129
radio 8 14179
radio 8 14693
radio 8 14762
radio 8 15276
radio 8 15309
radio 8 15823
radio 8 15858
radio 8 16372
radio 8 16446
radio 8 16960
radio 8 17013
radio 8 17527
radio 8 17599
radio 8 18113
radio 8 18163
radio 8 18677
radio 8 18726
radio 8 19240
radio 8 19257
radio 8 19771
radio 8 19802
radio 8 20316
radio 8 20333
radio 8 20847
radio 8 20864
radio 8 21378
radio 8 21407
radio 8 21921
radio 8 21950
radio 8 22464
radio 8 22481
radio 8 22994
radio 8 23011
radio 8 23525
radio 8 23573
radio 8 24087
radio 8 24119
radio 8 24633
radio 8 24650
radio 8 25164
radio 8 25181
radio 8 25695
radio 8 25728
radio 8 26242
radio 8 26274
radio 8 26788
radio 8 26805
radio 8 27319
radio 8 27336
radio 8 27850
radio 8 27879
radio 8 28393
radio 8 28449
radio 8 28963
radio 8 28993
radio 8 29507
radio 8 29555
radio 8 30069
radio 8 30122
radio 8 30636
radio 8 30706
radio 8 31220
radio 8 31274
radio 8 31788
radio 8 31858
radio 8 32372
delay 0 18 8 32417 8 32724 6 6 65535 0 232 0 0
radio 8 32425
radio 8 32940
radio 8 33443
radio 8 33957
radio 8 33979
radio 8 34492
radio 8 34548
radio 8 35062
radio 8 35110
radio 8 35624
radio 8 35654
radio 8 36168
radio 8 36185
radio 8 36699
radio 8 36731
radio 8 37245
radio 8 37273
radio 8 37787
radio 8 37880
radio 8 38394
radio 8 38426
radio 8 38940
radio 8 38957
radio 8 39471
radio 8 39504
radio 8 40018
radio 8 40053
radio 8 40567
radio 8 40598
radio 8 41112
radio 8 41129
radio 8 41643
radio 8 41677
radio 8 42191
radio 8 42243
radio 8 42757
radio 8 42811
radio 8 43325
radio 8 43394
radio 8 43908
radio 8 43925
radio 8 44439
radio 8 44474
radio 8 44988
radio 8 45005
radio 8 45519
radio 8 45536
radio 8 46050
radio 8 46121
radio 8 46635
radio 8 46688
radio 8 47202
radio 8 47274
radio 8 47788
radio 8 47805
radio 8 48319
radio 8 48336
radio 8 48850
radio 8 48867
radio 8 49381
radio 8 49398
radio 8 49912
radio 8 49929
radio 8 50443
radio 8 50492
radio 8 51006
radio 8 51023
radio 8 51537
radio 8 51565
radio 8 52079
radio 8 52112
radio 8 52626
delay 1 45 8 52975 8 52786 15 6 65535 0 411 0 0
radio 8 52983
radio 8 53497
radio 8 53833
radio 8 54346
radio 8 54367
radio 8 54881
radio 8 54917
radio 8 55431
radio 8 55459
radio 8 55973
radio 8 56023
radio 8 56537
radio 8 56626
radio 8 57140
radio 8 57157
radio 8 57671
radio 8 57705
radio 8 58219
radio 8 58236
radio 8 58750
radio 8 58767
radio 8 59281
radio 8 59410
radio 8 59924
radio 8 60040
radio 8 60554
radio 8 60582
radio 8 61096
radio 8 61166
radio 8 61680
radio 8 61709
radio 8 62223
radio 8 62271
radio 8 62785
radio 8 62802
radio 8 63315
radio 8 63389
radio 8 63903
radio 8 64072
radio 8 64586
radio 8 64615
radio 8 65129
radio 8 65205
radio 9 183
radio 9 237
radio 9 750
radio 9 822
radio 9 1335
radio 9 1390
radio 9 1904
radio 9 1936
radio 9 2450
radio 9 2499
radio 9 3013
radio 9 3030
radio 9 3543
radio 9 3593
radio 9 4107
radio 9 4198
radio 9 4712
radio 9 4742
radio 9 5256
energy 9 5302 7 22437
radio 9 5331
radio 9 5845
radio 9 5899
radio 9 6413
radio 9 6482
radio 9 6996
radio 9 7013
radio 9 7526
delay 2 29 9 7604 9 7431 12 6 65535 0 108 1 0
radio 9 8674
radio 9 9187
radio 9 9218
radio 9 9732
radio 9 9841
radio 9 10355
radio 9 10372
radio 9 10886
radio 9 10957
radio 9 11471
radio 9 11506
radio 9 12020
radio 9 12037
radio 9 12551
radio 9 12583
radio 9 13097
radio 9 13125
radio 9 13639
radio 9 13656
radio 9 14170
radio 9 14244
radio 9 14758
radio 9 14789
radio 9 15303
radio 9 15336
radio 9 15850
radio 9 15919
radio 9 16433
radio 9 16463
radio 9 16977
radio 9 17006
radio 9 17520
radio 9 17573
radio 9 18087
radio 9 18118
radio 9 18632
radio 9 18682
radio 9 19196
radio 9 19228
radio 9 19742
radio 9 19759
radio 9 20273
radio 9 20290
radio 9 20804
radio 9 20839
radio 9 21353
radio 9 21384
radio 9 21898
radio 9 21931
radio 9 22445
radio 9 22499
radio 9 23013
radio 9 23030
radio 9 23544
radio 9 23561
radio 9 24075
radio 9 24103
radio 9 24617
radio 9 24634
radio 9 25148
radio 9 25197
radio 9 25711
radio 9 25739
radio 9 26253
radio 9 26270
radio 9 26783
radio 9 26811
radio 9 27325
radio 9 27342
radio 9 27856
delay 3 12 9 27958 9 28518 6 6 65535 0 49 1 0
radio 9 29173
radio 9 29686
radio 9 29757
radio 9 30271
radio 9 30319
radio 9 30833
radio 9 30865
radio 9 31379
radio 9 31408
radio 9 31922
radio 9 31939
