Thread[Thread-1,5,main]tree 1000 29 49 14 0 0
radio 7 9381
radio 7 9384
radio 7 9452
radio 7 9966
radio 7 10020
radio 7 10534
radio 7 10583
radio 7 11097
radio 7 11170
radio 7 11684
radio 7 11718
radio 7 12232
radio 7 12261
radio 7 12775
radio 7 12792
radio 7 13305
delay 1000 29 7 13324 5 54755 43 12 65535 0 65535 0 0
radio 7 13333
radio 7 13847
radio 7 13877
radio 7 14391
radio 7 14447
radio 7 14961
radio 7 14978
radio 7 15492
radio 7 15522
radio 7 16036
radio 7 16053
radio 7 16566
radio 7 16583
radio 7 17096
radio 7 17113
radio 7 17626
radio 7 17675
radio 7 18189
radio 7 18220
radio 7 18734
radio 7 18751
radio 7 19264
radio 7 19281
radio 7 19794
radio 7 19822
radio 7 20336
radio 7 20353
radio 7 20867
radio 7 20921
radio 7 21435
radio 7 21489
radio 7 22003
radio 7 22036
radio 7 22550
radio 7 22602
radio 7 23116
radio 7 23264
radio 7 23778
radio 7 23809
radio 7 24323
radio 7 24352
radio 7 24866
radio 7 24901
radio 7 25415
radio 7 25510
radio 7 26024
radio 7 26057
radio 7 26571
radio 7 26626
radio 7 27140
radio 7 27213
radio 7 27727
radio 7 27796
radio 7 28310
radio 7 28366
radio 7 28880
radio 7 28935
radio 7 29449
radio 7 29484
radio 7 29998
radio 7 30053
radio 7 30567
radio 7 30584
radio 7 31097
radio 7 31114
radio 7 31628
radio 7 31662
radio 7 32176
radio 7 32193
radio 7 32706
radio 7 32723
radio 7 33236
radio 7 33273
radio 7 33787
radio 7 33804
radio 7 34318
radio 7 34335
radio 7 34848
radio 7 34865
radio 7 35379
radio 7 35407
radio 7 35921
radio 7 35938
radio 7 36452
radio 7 36501
radio 7 37015
radio 7 37047
radio 7 37561
radio 7 37597
radio 7 38111
radio 7 38163
radio 7 38677
radio 7 38713
radio 7 39227
radio 7 39279
radio 7 39793
radio 7 39841
radio 7 40355
radio 7 40388
radio 7 40902
radio 7 40958
radio 7 41472
radio 7 41500
radio 7 42014
radio 7 42105
radio 7 42619
radio 7 42672
radio 7 43186
radio 7 43258
radio 7 43772
radio 7 43821
radio 7 44335
radio 7 44364
radio 7 44878
radio 7 44907
radio 7 45421
radio 7 45451
radio 7 45965
radio 7 46021
radio 7 46535
radio 7 46567
radio 7 47081
radio 7 47112
radio 7 47626
radio 7 47657
radio 7 48171
radio 7 48199
radio 7 48713
radio 7 48742
radio 7 49256
radio 7 49306
radio 7 49820
radio 7 49853
radio 7 50367
radio 7 50419
radio 7 50933
radio 7 50950
radio 7 51464
radio 7 51518
radio 7 52032
radio 7 52064
radio 7 52578
radio 7 52634
radio 7 53148
radio 7 53165
radio 7 53678
radio 7 53706
radio 7 54220
radio 7 54295
radio 7 54809
radio 7 54826
radio 7 55339
radio 7 55356
radio 7 55869
radio 7 55902
radio 7 56416
radio 7 56433
radio 7 56947
radio 7 57003
radio 7 57517
radio 7 57534
radio 7 58048
radio 7 58065
radio 7 58578
radio 7 58606
radio 7 59120
radio 7 59137
radio 7 59651
radio 7 59680
radio 7 60194
radio 7 60247
radio 7 60761
radio 7 60833
radio 7 61347
radio 7 61364
radio 7 61877
radio 7 61929
radio 7 62443
radio 7 62471
radio 7 62985
radio 7 63021
radio 7 63535
radio 7 63610
radio 7 64124
radio 7 64333
radio 7 64847
radio 7 64895
radio 7 65409
radio 7 65460
radio 8 438
radio 8 466
radio 8 979
radio 8 1012
radio 8 1526
radio 8 1562
radio 8 2076
radio 8 2131
radio 8 2645
radio 8 2677
radio 8 3191
radio 8 3279
radio 8 3793
radio 8 3864
radio 8 4378
radio 8 4408
radio 8 4922
radio 8 4978
energy 8 5296 7 13292
radio 8 5492
radio 8 5544
radio 8 6058
radio 8 6088
radio 8 6602
radio 8 6632
radio 8 7146
radio 8 7195
radio 8 7709
radio 8 7737
radio 8 8251
radio 8 8280
radio 8 8794
radio 8 8826
radio 8 9340
radio 8 9392
radio 8 9906
radio 8 9956
radio 8 10470
radio 8 10503
radio 8 11017
radio 8 11069
radio 8 11583
radio 8 11631
radio 8 12145
radio 8 12177
radio 8 12691
radio 8 12720
radio 8 13234
radio 8 13268
radio 8 13782
radio 8 13835
radio 8 14349
radio 8 14382
radio 8 14896
radio 8 14946
radio 8 15460
radio 8 15513
radio 8 16027
radio 8 16075
radio 8 16589
radio 8 16606
radio 8 17119
radio 8 17153
radio 8 17667
radio 8 17715
radio 8 18229
radio 8 18246
radio 8 18760
radio 8 18790
radio 8 19304
radio 8 19357
radio 8 19871
radio 8 19939
radio 8 20453
radio 8 20504
radio 8 21018
radio 8 21093
radio 8 21607
radio 8 21662
radio 8 22176
radio 8 22246
radio 8 22760
radio 8 22811
radio 8 23325
radio 8 23376
radio 8 23890
radio 8 23925
radio 8 24439
radio 8 24493
radio 8 25007
radio 8 25038
radio 8 25552
radio 8 25569
radio 8 26083
radio 8 26100
radio 8 26613
radio 8 26643
radio 8 27157
radio 8 27174
radio 8 27687
radio 8 27704
radio 8 28217
radio 8 28273
radio 8 28787
radio 8 28818
radio 8 29332
radio 8 29380
radio 8 29894
radio 8 29949
radio 8 30463
radio 8 30491
radio 8 31005
radio 8 31022
radio 8 31535
radio 8 31564
radio 8 32078
radio 8 32113
radio 8 32627
radio 8 32675
radio 8 33189
delay 0 19 8 33290 8 32760 9 12 3 0 504 0 0
radio 8 33297
radio 8 33812
radio 8 33853
radio 8 34366
radio 8 34420
radio 8 34933
radio 8 34950
radio 8 35464
radio 8 35499
radio 8 36013
radio 8 36066
radio 8 36580
radio 8 36653
radio 8 37167
radio 8 37255
radio 8 37769
radio 8 37802
radio 8 38316
radio 8 38346
radio 8 38860
radio 8 38889
radio 8 39403
radio 8 39433
radio 8 39947
radio 8 39981
radio 8 40495
radio 8 40524
radio 8 41038
radio 8 41055
radio 8 41569
radio 8 41625
radio 8 42139
radio 8 42211
radio 8 42725
radio 8 42759
radio 8 43273
radio 8 43290
radio 8 43803
radio 8 43832
radio 8 44346
radio 8 44377
radio 8 44891
radio 8 44942
radio 8 45456
radio 8 45485
radio 8 45999
radio 8 46032
radio 8 46546
radio 8 46579
radio 8 47093
radio 8 47110
radio 8 47624
radio 8 47641
radio 8 48154
radio 8 48171
radio 8 48684
radio 8 48716
radio 8 49230
radio 8 49280
radio 8 49794
radio 8 49823
radio 8 50337
radio 8 50391
radio 8 50905
radio 8 50958
radio 8 51472
radio 8 51489
radio 8 52003
radio 8 52020
radio 8 52533
radio 8 52567
radio 8 53081
radio 8 53098
radio 8 53612
delay 1 39 8 53627 8 52875 13 12 65535 0 117 0 0
radio 8 53635
radio 8 54149
radio 8 54323
radio 8 54836
radio 8 54970
radio 8 55484
radio 8 55536
radio 8 56050
radio 8 56067
radio 8 56581
radio 8 56598
radio 8 57112
radio 8 57129
radio 8 57642
radio 8 57659
radio 8 58173
radio 8 58207
radio 8 58721
radio 8 58749
radio 8 59263
radio 8 59372
radio 8 59886
radio 8 59976
radio 8 60490
radio 8 60639
radio 8 61153
radio 8 61265
radio 8 61779
radio 8 61832
radio 8 62346
radio 8 62363
radio 8 62876
radio 8 62908
radio 8 63422
radio 8 63453
radio 8 63967
radio 8 64022
radio 8 64536
radio 8 64605
radio 8 65119
radio 8 65171
radio 9 149
radio 9 222
radio 9 735
radio 9 824
energy 9 1200 7 17459
radio 9 1337
radio 9 1354
radio 9 1867
radio 9 1900
radio 9 2414
radio 9 2431
radio 9 2944
radio 9 2972
radio 9 3486
radio 9 3521
radio 9 4035
radio 9 4084
radio 9 4598
radio 9 4630
radio 9 5144
radio 9 5199
radio 9 5713
radio 9 5765
radio 9 6279
radio 9 6312
radio 9 6826
radio 9 6854
radio 9 7368
radio 9 7385
radio 9 7898
radio 9 7915
radio 9 8428
delay 2 19 9 8442 9 7913 9 12 3 0 19 1 0
radio 9 9517
radio 9 10031
radio 9 10048
radio 9 10561
radio 9 10593
radio 9 11107
radio 9 11124
radio 9 11637
radio 9 11668
radio 9 12182
radio 9 12199
radio 9 12713
radio 9 12741
radio 9 13255
radio 9 13310
radio 9 13824
radio 9 13853
radio 9 14367
radio 9 14384
radio 9 14898
radio 9 14915
radio 9 15428
radio 9 15476
radio 9 15990
radio 9 16041
radio 9 16555
radio 9 16604
radio 9 17118
radio 9 17150
radio 9 17664
radio 9 17735
radio 9 18249
radio 9 18282
radio 9 18796
radio 9 18832
radio 9 19346
radio 9 19377
radio 9 19891
radio 9 19927
radio 9 20441
radio 9 20471
radio 9 20985
radio 9 21002
radio 9 21515
radio 9 21564
radio 9 22078
radio 9 22107
radio 9 22621
radio 9 22657
radio 9 23171
radio 9 23204
radio 9 23718
radio 9 23748
radio 9 24262
radio 9 24330
radio 9 24844
radio 9 24872
radio 9 25386
radio 9 25436
radio 9 25950
radio 9 25998
radio 9 26512
radio 9 26540
radio 9 27054
radio 9 27084
radio 9 27598
radio 9 27627
radio 9 28141
radio 9 28193
radio 9 28707
delay 3 49 9 29021 9 27622 6 12 6 0 183 0 0
radio 9 29029
radio 9 29543
radio 9 29759
radio 9 30273
radio 9 30327
radio 9 30841
radio 9 30891
radio 9 31405
radio 9 31436
radio 9 31950
radio 9 31967
radio 9 32481
radio 9 32498
radio 9 33011
radio 9 33047
