Thread[Thread-1,5,main]tree 71 28 40 14 0 0
radio 10 55545
radio 10 55549
radio 10 55580
radio 10 56094
radio 10 56149
radio 10 56663
radio 10 56696
radio 10 57210
radio 10 57265
radio 10 57779
radio 10 57852
radio 10 58366
radio 10 58415
radio 10 58929
radio 10 58982
radio 10 59496
radio 10 59528
radio 10 60042
radio 10 60091
radio 10 60605
radio 10 60633
radio 10 61147
radio 10 61177
radio 10 61691
radio 10 61721
radio 10 62235
radio 10 62272
radio 10 62786
radio 10 62817
radio 10 63331
radio 10 63364
radio 10 63878
radio 10 63914
radio 10 64428
radio 10 64463
radio 10 64977
radio 10 65026
radio 11 4
radio 11 57
radio 11 570
radio 11 604
radio 11 1118
radio 11 1169
radio 11 1683
radio 11 1732
radio 11 2246
radio 11 2279
radio 11 2793
radio 11 2841
radio 11 3355
radio 11 3406
radio 11 3920
radio 11 3955
radio 11 4469
radio 11 4524
radio 11 5038
radio 11 5090
radio 11 5604
radio 11 5633
radio 11 6147
radio 11 6198
radio 11 6712
radio 11 6760
radio 11 7274
radio 11 7303
radio 11 7817
radio 11 7865
radio 11 8379
radio 11 8412
radio 11 8926
radio 11 8961
radio 11 9475
radio 11 9503
radio 11 10017
radio 11 10073
radio 11 10587
radio 11 10619
radio 11 11133
radio 11 11169
radio 11 11683
radio 11 11718
radio 11 12232
radio 11 12284
radio 11 12798
radio 11 12849
radio 11 13363
radio 11 13393
radio 11 13907
radio 11 13962
radio 11 14476
radio 11 14530
radio 11 15044
radio 11 15076
radio 11 15590
radio 11 15640
radio 11 16154
radio 11 16205
radio 11 16719
radio 11 16752
radio 11 17266
radio 11 17317
radio 11 17831
radio 11 17881
radio 11 18395
radio 11 18424
radio 11 18938
radio 11 18988
radio 11 19502
radio 11 19556
radio 11 20070
radio 11 20103
radio 11 20617
radio 11 20669
radio 11 21183
radio 11 21211
radio 11 21725
radio 11 21754
radio 11 22268
radio 11 22337
radio 11 22851
radio 11 22919
radio 11 23433
radio 11 23462
radio 11 23976
radio 11 24027
radio 11 24541
radio 11 24591
radio 11 25105
radio 11 25137
radio 11 25651
radio 11 25699
radio 11 26213
radio 11 26266
radio 11 26780
radio 11 26813
radio 11 27327
radio 11 27375
radio 11 27889
radio 11 27918
radio 11 28432
radio 11 28463
radio 11 28977
radio 11 29045
radio 11 29559
radio 11 29589
radio 11 30103
radio 11 30139
radio 11 30653
radio 11 30707
radio 11 31221
radio 11 31256
radio 11 31770
radio 11 31819
radio 11 32333
radio 11 32363
radio 11 32877
radio 11 32906
radio 11 33420
radio 11 33449
radio 11 33963
radio 11 33999
radio 11 34513
radio 11 34549
radio 11 35063
radio 11 35097
radio 11 35611
radio 11 35661
radio 11 36175
radio 11 36228
radio 11 36742
radio 11 36775
radio 11 37289
radio 11 37345
radio 11 37859
radio 11 37927
radio 11 38441
radio 11 38492
radio 11 39006
radio 11 39060
radio 11 39574
radio 11 39606
radio 11 40120
radio 11 40171
radio 11 40685
radio 11 40713
radio 11 41227
radio 11 41256
radio 11 41770
radio 11 41805
radio 11 42319
radio 11 42349
radio 11 42863
radio 11 42894
radio 11 43408
radio 11 43439
radio 11 43953
radio 11 43984
radio 11 44498
radio 11 44531
radio 11 45045
radio 11 45097
radio 11 45611
radio 11 45640
radio 11 46154
radio 11 46190
radio 11 46704
radio 11 46772
radio 11 47286
radio 11 47315
radio 11 47829
radio 11 47857
radio 11 48371
radio 11 48399
radio 11 48913
radio 11 48949
radio 11 49463
radio 11 50079
radio 11 50593
energy 11 51461 10 59968
radio 11 51527
radio 11 52041
radio 11 52371
radio 11 52885
radio 11 53279
radio 11 53793
radio 11 54222
radio 11 54736
radio 11 54765
radio 11 55279
radio 11 55315
radio 11 55829
radio 11 55862
radio 11 56376
radio 11 56426
radio 11 56940
radio 11 56992
radio 11 57506
radio 11 57539
radio 11 58053
radio 11 58108
radio 11 58622
radio 11 58675
radio 11 59189
radio 11 59221
radio 11 59735
delay 0 49 11 59767 11 59076 13 25 12 1 249 0 0
radio 11 60877
radio 11 61390
radio 11 61420
radio 11 61934
radio 11 61988
radio 11 62502
radio 11 62556
radio 11 63070
radio 11 63103
radio 11 63617
radio 11 63665
radio 11 64179
radio 11 64230
radio 11 64744
radio 11 64775
radio 11 65289
radio 11 65338
radio 12 316
radio 12 368
radio 12 882
radio 12 914
radio 12 1428
radio 12 1482
radio 12 1996
radio 12 2049
radio 12 2563
radio 12 2595
radio 12 3109
radio 12 3163
radio 12 3677
radio 12 3729
radio 12 4243
radio 12 4278
radio 12 4792
radio 12 4841
radio 12 5355
radio 12 5406
radio 12 5920
radio 12 5952
radio 12 6466
radio 12 6518
radio 12 7032
radio 12 7081
radio 12 7595
radio 12 7625
radio 12 8139
radio 12 8187
radio 12 8701
radio 12 8731
radio 12 9245
radio 12 9276
radio 12 9790
radio 12 9826
radio 12 10340
radio 12 10395
radio 12 10909
radio 12 10961
radio 12 11475
radio 12 11508
radio 12 12022
radio 12 12075
radio 12 12589
radio 12 12644
radio 12 13158
radio 12 13190
radio 12 13704
radio 12 13754
radio 12 14268
radio 12 14317
radio 12 14831
delay 1 18 12 14990 12 15366 17 25 8 0 305 0 0
radio 12 14998
radio 12 15513
radio 12 15583
radio 12 16097
radio 12 16127
radio 12 16641
radio 12 16690
radio 12 17204
radio 12 17255
radio 12 17769
radio 12 17800
radio 12 18314
radio 12 18424
radio 12 18938
radio 12 19007
radio 12 19521
radio 12 19569
radio 12 20083
radio 12 20117
radio 12 20631
radio 12 20680
radio 12 21194
radio 12 21225
radio 12 21739
radio 12 21767
radio 12 22281
radio 12 22309
radio 12 22823
radio 12 22871
radio 12 23385
radio 12 23438
radio 12 23952
radio 12 23985
radio 12 24499
radio 12 24568
radio 12 25082
radio 12 25118
radio 12 25632
radio 12 25660
radio 12 26174
radio 12 26222
radio 12 26736
radio 12 26789
radio 12 27303
radio 12 27336
radio 12 27850
radio 12 27906
radio 12 28420
radio 12 28473
radio 12 28987
radio 12 29019
radio 12 29533
radio 12 29581
radio 12 30095
radio 12 30148
radio 12 30662
radio 12 30695
radio 12 31209
radio 12 31265
radio 12 31779
radio 12 31830
radio 12 32344
radio 12 32377
radio 12 32891
radio 12 32941
radio 12 33455
radio 12 33504
radio 12 34018
radio 12 34051
radio 12 34565
radio 12 34620
radio 12 35134
delay 2 18 12 35238 12 35614 17 25 8 0 118 0 0
radio 12 35246
radio 12 35761
radio 12 35919
radio 12 36432
radio 12 36447
radio 12 36960
radio 12 36991
radio 12 37505
radio 12 37557
radio 12 38071
radio 12 38120
radio 12 38634
radio 12 38666
radio 12 39180
radio 12 39232
radio 12 39746
radio 12 39795
radio 12 40309
radio 12 40342
radio 12 40856
radio 12 40912
radio 12 41426
radio 12 41479
radio 12 41993
radio 12 42065
radio 12 42579
radio 12 42596
radio 12 43110
radio 12 43142
radio 12 43656
radio 12 43684
radio 12 44198
radio 12 44226
radio 12 44740
radio 12 44788
radio 12 45302
radio 12 45355
radio 12 45869
radio 12 45901
radio 12 46415
radio 12 46464
radio 12 46978
radio 12 47068
energy 12 47365 11 1835
radio 12 47582
radio 12 47638
radio 12 48152
radio 12 48182
radio 12 48696
radio 12 48727
radio 12 49241
radio 12 49269
radio 12 49783
radio 12 49817
radio 12 50331
radio 12 50379
radio 12 50893
radio 12 50928
radio 12 51442
radio 12 51490
radio 12 52004
radio 12 52032
radio 12 52546
radio 12 52579
radio 12 53093
radio 12 53128
radio 12 53642
radio 12 53697
radio 12 54211
radio 12 54244
radio 12 54758
radio 12 54793
radio 12 55307
radio 12 55335
radio 12 55849
delay 3 18 12 55864 12 56240 17 25 8 0 65 0 0
radio 12 55872
radio 12 56386
radio 12 56613
radio 12 57127
radio 12 57262
radio 12 57775
radio 12 57854
radio 12 58368
radio 12 58424
radio 12 58938
radio 12 58989
radio 12 59503
radio 12 59532
radio 12 60046
radio 12 60100
radio 12 60614
radio 12 60667
radio 12 61181
radio 12 61213
radio 12 61727
radio 12 61780
radio 12 62294
radio 12 62346
radio 12 62860
radio 12 62889
radio 12 63403
radio 12 63451
radio 12 63965
radio 12 63994
radio 12 64508
radio 12 64539
radio 12 65053
radio 12 65081
radio 13 59
radio 13 87
radio 13 600
radio 13 688
radio 13 1202
radio 13 1235
radio 13 1749
radio 13 1799
radio 13 2313
radio 13 2366
radio 13 2880
radio 13 2913
radio 13 3427
radio 13 3479
radio 13 3993
radio 13 4041
radio 13 4555
radio 13 4588
radio 13 5102
radio 13 5151
radio 13 5665
radio 13 5697
radio 13 6211
radio 13 6245
radio 13 6759
radio 13 6788
radio 13 7302
radio 13 7357
radio 13 7871
radio 13 7921
radio 13 8435
radio 13 8470
radio 13 8984
radio 13 9036
radio 13 9550
radio 13 9606
radio 13 10120
radio 13 10192
radio 13 10706
delay 4 18 13 10750 13 11126 17 25 8 0 320 0 0
radio 13 10758
radio 13 11272
radio 13 11422
radio 13 11936
radio 13 12017
radio 13 12531
radio 13 12564
radio 13 13078
radio 13 13126
radio 13 13640
radio 13 13692
radio 13 14206
radio 13 14374
radio 13 14888
radio 13 14920
radio 13 15434
radio 13 15485
radio 13 15999
radio 13 16033
radio 13 16547
radio 13 16577
radio 13 17091
radio 13 17142
radio 13 17656
radio 13 17692
radio 13 18206
radio 13 18257
radio 13 18771
radio 13 18800
radio 13 19314
radio 13 19407
radio 13 19921
radio 13 19950
radio 13 20464
radio 13 20500
radio 13 21014
radio 13 21044
radio 13 21558
radio 13 21612
radio 13 22126
radio 13 22179
radio 13 22693
radio 13 22726
radio 13 23240
radio 13 23292
radio 13 23806
radio 13 23835
radio 13 24349
radio 13 24382
radio 13 24896
radio 13 24927
radio 13 25441
radio 13 25490
radio 13 26004
radio 13 26036
radio 13 26550
radio 13 26586
radio 13 27100
radio 13 27174
radio 13 27688
radio 13 27739
radio 13 28253
radio 13 28290
radio 13 28804
radio 13 28853
radio 13 29367
radio 13 29421
radio 13 29935
radio 13 29970
radio 13 30484
radio 13 30573
radio 13 31087
delay 5 18 13 31136 13 31512 17 25 8 0 260 0 0
radio 13 31143
radio 13 31658
radio 13 31674
radio 13 32187
radio 13 32207
radio 13 32721
radio 13 32774
radio 13 33288
radio 13 33320
radio 13 33834
radio 13 33882
radio 13 34396
radio 13 34426
radio 13 34940
radio 13 34970
radio 13 35484
radio 13 35513
radio 13 36027
radio 13 36055
radio 13 36569
radio 13 36597
radio 13 37111
radio 13 37139
radio 13 37653
radio 13 37701
radio 13 38215
radio 13 38245
radio 13 38759
radio 13 38810
radio 13 39324
radio 13 39352
radio 13 39866
radio 13 39896
radio 13 40410
radio 13 40441
radio 13 40955
radio 13 40986
radio 13 41500
radio 13 41528
radio 13 42042
radio 13 42074
radio 13 42588
radio 13 42624
radio 13 43138
radio 13 43173
energy 13 43269 11 6275
radio 13 43687
radio 13 43739
radio 13 44253
radio 13 44309
radio 13 44823
radio 13 44855
radio 13 45369
radio 13 45423
radio 13 45937
radio 13 45992
radio 13 46506
radio 13 46539
radio 13 47053
radio 13 47101
radio 13 47615
radio 13 47685
radio 13 48199
radio 13 48251
radio 13 48765
radio 13 48817
radio 13 49331
radio 13 49362
radio 13 49876
radio 13 49925
radio 13 50439
radio 13 50467
radio 13 50981
radio 13 51013
radio 13 51527
delay 6 18 13 51985 13 52362 17 25 8 0 603 0 0
radio 13 51993
radio 13 52508
radio 13 52783
radio 13 53297
radio 13 53317
radio 13 53831
radio 13 53859
radio 13 54373
radio 13 54409
radio 13 54923
radio 13 54951
radio 13 55465
radio 13 55496
radio 13 56010
radio 13 56042
radio 13 56556
radio 13 56590
radio 13 57104
radio 13 57133
radio 13 57647
radio 13 57680
radio 13 58194
radio 13 58224
radio 13 58738
radio 13 58774
radio 13 59288
radio 13 59324
radio 13 59838
radio 13 59893
radio 13 60407
radio 13 60455
radio 13 60969
radio 13 60997
radio 13 61511
radio 13 61567
radio 13 62081
radio 13 62133
radio 13 62647
radio 13 62679
radio 13 63193
radio 13 63242
radio 13 63756
radio 13 63784
radio 13 64298
radio 13 64329
radio 13 64843
radio 13 64918
radio 13 65432
radio 13 65461
radio 14 439
radio 14 472
radio 14 986
radio 14 1017
radio 14 1531
radio 14 1586
radio 14 2100
radio 14 2128
radio 14 2642
radio 14 2674
radio 14 3188
radio 14 3222
radio 14 3736
radio 14 3766
radio 14 4280
radio 14 4309
radio 14 4823
radio 14 4857
radio 14 5371
radio 14 5407
radio 14 5921
radio 14 5953
radio 14 6467
delay 7 10 14 6514 14 7396 16 25 9 0 218 1 0
radio 14 7578
radio 14 8092
radio 14 8125
radio 14 8639
radio 14 8675
radio 14 9189
radio 14 9218
radio 14 9732
radio 14 9785
radio 14 10299
radio 14 10393
radio 14 10907
radio 14 10924
radio 14 11438
radio 14 11493
radio 14 12007
radio 14 12039
radio 14 12553
radio 14 12603
radio 14 13117
radio 14 13167
radio 14 13681
radio 14 13713
radio 14 14227
radio 14 14281
radio 14 14795
radio 14 14843
radio 14 15357
radio 14 15567
radio 14 16081
radio 14 16110
radio 14 16624
radio 14 16680
radio 14 17194
radio 14 17262
radio 14 17776
radio 14 17810
radio 14 18324
radio 14 18352
radio 14 18866
radio 14 18894
radio 14 19408
radio 14 19456
radio 14 19970
radio 14 19999
radio 14 20513
radio 14 20564
radio 14 21078
radio 14 21112
radio 14 21626
radio 14 21662
radio 14 22176
radio 14 22204
radio 14 22718
radio 14 22774
radio 14 23288
radio 14 23341
radio 14 23855
radio 14 23888
radio 14 24402
radio 14 24452
radio 14 24966
radio 14 25016
radio 14 25530
radio 14 25563
radio 14 26077
radio 14 26129
radio 14 26643
radio 14 26672
radio 14 27186
delay 8 18 14 27260 14 27637 17 25 8 0 99 1 0
radio 14 28484
radio 14 28998
radio 14 29029
radio 14 29543
radio 14 29591
radio 14 30105
radio 14 30155
radio 14 30669
radio 14 30704
radio 14 31218
radio 14 31266
radio 14 31780
radio 14 31833
radio 14 32347
radio 14 32375
radio 14 32889
radio 14 32942
radio 14 33456
radio 14 33508
radio 14 34022
radio 14 34054
radio 14 34568
radio 14 34623
radio 14 35137
radio 14 35190
radio 14 35704
radio 14 35776
radio 14 36290
radio 14 36339
radio 14 36853
radio 14 36885
radio 14 37399
radio 14 37450
radio 14 37964
radio 14 37993
radio 14 38507
radio 14 38543
radio 14 39057
radio 14 39087
energy 14 39173 11 13125
radio 14 39601
radio 14 39654
radio 14 40168
radio 14 40220
radio 14 40734
radio 14 40766
radio 14 41280
radio 14 41334
radio 14 41848
radio 14 41901
radio 14 42415
radio 14 42488
radio 14 43002
radio 14 43051
radio 14 43565
radio 14 43598
radio 14 44112
radio 14 44164
radio 14 44678
radio 14 44726
radio 14 45240
radio 14 45273
radio 14 45787
radio 14 45836
radio 14 46350
radio 14 46379
radio 14 46893
radio 14 46924
radio 14 47438
delay 9 18 14 47512 14 47889 17 25 8 0 305 0 0
radio 14 47520
radio 14 48034
radio 14 48054
radio 14 48568
radio 14 48595
radio 14 49108
radio 14 49141
radio 14 49655
radio 14 49683
radio 14 50197
radio 14 50245
radio 14 50759
radio 14 50812
radio 14 51326
radio 14 51359
radio 14 51873
radio 14 51966
radio 14 52480
radio 14 52509
radio 14 53023
radio 14 53079
