Thread[Thread-1,5,main]tree 6 10 0 14 5 1
radio 10 63725
radio 10 63729
radio 10 63759
radio 10 64273
radio 10 64290
radio 10 64804
radio 10 64821
radio 10 65335
radio 10 65352
radio 11 330
radio 11 381
radio 11 895
radio 11 949
radio 11 1463
radio 11 1480
radio 11 1993
radio 11 2022
radio 11 2536
radio 11 2565
radio 11 3079
radio 11 3096
radio 11 3609
radio 11 3626
radio 11 4139
radio 11 4156
radio 11 4669
radio 11 4699
radio 11 5213
radio 11 5230
radio 11 5744
radio 11 5761
radio 11 6274
radio 11 6309
radio 11 6823
radio 11 6877
radio 11 7391
radio 11 7408
radio 11 7922
radio 11 7939
radio 11 8452
radio 11 8469
radio 11 8982
radio 11 8999
radio 11 9512
radio 11 9529
radio 11 10042
radio 11 10071
radio 11 10585
radio 11 10615
radio 11 11129
radio 11 11163
radio 11 11677
radio 11 11707
radio 11 12221
radio 11 12275
radio 11 12789
radio 11 12806
radio 11 13320
radio 11 13337
radio 11 13851
radio 11 13868
radio 11 14382
radio 11 14433
radio 11 14947
radio 11 14975
radio 11 15489
radio 11 15542
radio 11 16056
radio 11 16105
radio 11 16619
radio 11 16648
radio 11 17162
radio 11 17218
radio 11 17732
radio 11 17785
radio 11 18299
radio 11 18333
radio 11 18847
radio 11 18864
radio 11 19378
radio 11 19395
radio 11 19909
radio 11 19939
radio 11 20453
radio 11 20470
radio 11 20984
radio 11 21019
radio 11 21533
radio 11 21550
radio 11 22064
radio 11 22094
radio 11 22608
radio 11 22625
radio 11 23139
radio 11 23290
radio 11 23804
radio 11 23874
radio 11 24388
radio 11 24440
radio 11 24954
radio 11 24971
radio 11 25485
radio 11 25502
radio 11 26016
radio 11 26033
radio 11 26547
radio 11 26597
radio 11 27111
radio 11 27128
radio 11 27642
radio 11 27659
radio 11 28173
radio 11 28223
radio 11 28737
radio 11 28754
radio 11 29268
radio 11 29323
radio 11 29837
radio 11 29868
radio 11 30382
radio 11 30414
radio 11 30928
radio 11 30957
radio 11 31471
radio 11 31505
radio 11 32019
radio 11 32036
radio 11 32550
radio 11 32580
radio 11 33094
radio 11 33111
radio 11 33625
radio 11 33673
radio 11 34187
radio 11 34220
radio 11 34734
radio 11 34751
radio 11 35265
radio 11 35282
radio 11 35796
radio 11 35813
radio 11 36327
radio 11 36344
radio 11 36858
radio 11 36875
radio 11 37389
radio 11 37406
radio 11 37920
radio 11 37992
radio 11 38506
radio 11 38523
radio 11 39037
radio 11 39054
radio 11 39568
radio 11 39604
radio 11 40118
radio 11 40135
radio 11 40649
radio 11 40666
radio 11 41180
radio 11 41231
radio 11 41745
radio 11 41794
radio 11 42308
radio 11 42338
radio 11 42852
radio 11 42869
radio 11 43383
radio 11 43434
radio 11 43948
radio 11 44002
radio 11 44516
radio 11 44652
radio 11 45166
radio 11 45216
radio 11 45730
radio 11 45846
radio 11 46360
radio 11 46476
radio 11 46990
radio 11 47025
radio 11 47539
radio 11 47556
radio 11 48070
radio 11 48087
radio 11 48601
radio 11 48618
radio 11 49132
radio 11 49161
radio 11 49675
radio 11 49692
radio 11 50206
radio 11 50223
radio 11 50737
radio 11 50770
radio 11 51284
radio 11 51415
radio 11 51929
radio 11 51946
radio 11 52460
radio 11 52477
radio 11 52991
radio 11 53019
radio 11 53533
radio 11 53550
radio 11 54064
radio 11 54081
radio 11 54595
radio 11 54612
radio 11 55126
radio 11 55143
radio 11 55657
radio 11 55674
radio 11 56188
radio 11 56205
radio 11 56719
radio 11 56736
radio 11 57250
radio 11 57267
radio 11 57781
radio 11 57798
radio 11 58312
radio 11 58363
radio 11 58877
radio 11 58894
radio 11 59408
radio 11 59425
energy 11 59641 11 1177
radio 11 59939
delay 0 42 11 59955 11 59961 18 9 65535 0 304 0 1
radio 11 61022
radio 11 61536
radio 11 61569
radio 11 62083
radio 11 62100
radio 11 62614
radio 11 62668
radio 11 63182
radio 11 63199
radio 11 63713
radio 11 63789
radio 11 64303
radio 11 64353
radio 11 64867
radio 11 64884
radio 11 65398
radio 11 65415
radio 12 393
radio 12 443
radio 12 957
radio 12 1006
radio 12 1520
radio 12 1537
radio 12 2050
radio 12 2067
radio 12 2580
radio 12 2597
radio 12 3111
radio 12 3128
radio 12 3641
radio 12 3658
radio 12 4171
radio 12 4188
radio 12 4702
radio 12 4719
radio 12 5232
radio 12 5249
radio 12 5762
radio 12 5779
radio 12 6292
radio 12 6321
radio 12 6835
radio 12 6885
radio 12 7399
radio 12 7432
radio 12 7946
radio 12 7982
radio 12 8496
radio 12 8513
radio 12 9026
radio 12 9054
radio 12 9568
radio 12 9598
radio 12 10112
radio 12 10129
radio 12 10643
radio 12 10675
radio 12 11189
radio 12 11206
radio 12 11720
radio 12 11737
radio 12 12251
radio 12 12268
radio 12 12782
radio 12 12811
radio 12 13325
radio 12 13355
radio 12 13869
radio 12 13903
radio 12 14417
delay 1 32 12 14493 12 14480 14 9 65535 0 25 1 1
radio 12 15557
radio 12 16070
radio 12 16089
radio 12 16603
radio 12 16620
radio 12 17134
radio 12 17166
radio 12 17680
radio 12 17697
radio 12 18211
radio 12 18228
radio 12 18742
radio 12 18790
radio 12 19304
radio 12 19321
radio 12 19835
radio 12 19887
radio 12 20401
radio 12 20418
radio 12 20932
radio 12 20981
radio 12 21495
radio 12 21526
radio 12 22040
radio 12 22109
radio 12 22623
radio 12 22640
radio 12 23154
radio 12 23171
radio 12 23685
radio 12 23721
radio 12 24235
radio 12 24291
radio 12 24805
radio 12 24822
radio 12 25336
radio 12 25452
radio 12 25966
radio 12 25983
radio 12 26497
radio 12 26553
radio 12 27067
radio 12 27122
radio 12 27636
radio 12 27668
radio 12 28182
radio 12 28199
radio 12 28713
radio 12 28746
radio 12 29260
radio 12 29288
radio 12 29802
radio 12 29830
radio 12 30344
radio 12 30361
radio 12 30875
radio 12 30892
radio 12 31406
radio 12 31423
radio 12 31937
radio 12 31966
radio 12 32480
radio 12 32511
radio 12 33025
radio 12 33060
radio 12 33574
radio 12 33604
radio 12 34118
radio 12 34135
radio 12 34649
radio 12 34677
radio 12 35191
delay 2 12 12 35235 12 36308 16 9 65535 0 294 0 1
radio 12 36305
radio 12 36819
radio 12 36872
radio 12 37386
radio 12 37403
radio 12 37917
radio 12 37968
radio 12 38482
radio 12 38499
radio 12 39013
radio 12 39030
radio 12 39544
radio 12 39561
radio 12 40075
radio 12 40125
radio 12 40639
radio 12 40708
radio 12 41222
radio 12 41271
radio 12 41785
radio 12 41816
radio 12 42330
radio 12 42347
radio 12 42861
radio 12 42893
radio 12 43407
radio 12 43483
radio 12 43997
radio 12 44014
radio 12 44528
radio 12 44581
radio 12 45095
radio 12 45112
radio 12 45626
radio 12 45675
radio 12 46189
radio 12 46206
radio 12 46720
radio 12 46749
radio 12 47263
radio 12 47280
radio 12 47794
radio 12 47827
radio 12 48341
radio 12 48372
radio 12 48886
radio 12 48914
radio 12 49428
radio 12 49460
radio 12 49974
radio 12 49991
radio 12 50505
radio 12 50522
radio 12 51036
radio 12 51085
radio 12 51599
radio 12 51627
radio 12 52141
radio 12 52173
radio 12 52687
radio 12 52704
radio 12 53218
radio 12 53247
radio 12 53761
radio 12 53778
radio 12 54292
radio 12 54309
radio 12 54823
radio 12 54840
radio 12 55354
energy 12 55545 11 7005
delay 3 22 12 55796 12 56430 16 9 65535 0 182 0 1
radio 12 56874
radio 12 57388
radio 12 57408
radio 12 57921
radio 12 57938
radio 12 58452
radio 12 58484
radio 12 58998
radio 12 59030
radio 12 59544
radio 12 59579
radio 12 60093
radio 12 60110
radio 12 60624
radio 12 60658
radio 12 61172
radio 12 61189
radio 12 61703
radio 12 61720
radio 12 62234
radio 12 62307
radio 12 62821
radio 12 62850
radio 12 63364
radio 12 63381
radio 12 63895
radio 12 63912
radio 12 64426
radio 12 64455
radio 12 64969
radio 12 64986
radio 12 65500
radio 12 65529
radio 13 507
radio 13 535
radio 13 1049
radio 13 1080
radio 13 1594
radio 13 1642
radio 13 2156
radio 13 2173
radio 13 2686
radio 13 2703
radio 13 3216
radio 13 3271
radio 13 3785
radio 13 3802
radio 13 4315
radio 13 4350
radio 13 4864
radio 13 4899
radio 13 5413
radio 13 5467
radio 13 5981
radio 13 6016
radio 13 6530
radio 13 6559
radio 13 7073
radio 13 7090
radio 13 7603
radio 13 7620
radio 13 8134
radio 13 8151
radio 13 8664
radio 13 8719
radio 13 9233
radio 13 9261
radio 13 9775
radio 13 9803
radio 13 10317
delay 4 19 13 10337 13 10736 17 9 65535 0 27 1 1
radio 13 11418
radio 13 11932
radio 13 11949
radio 13 12463
radio 13 12480
radio 13 12994
radio 13 13069
radio 13 13583
radio 13 13699
radio 13 14213
radio 13 14341
radio 13 14855
radio 13 14872
radio 13 15386
radio 13 15420
radio 13 15934
radio 13 15951
radio 13 16465
radio 13 16482
radio 13 16996
radio 13 17026
radio 13 17540
radio 13 17557
radio 13 18071
radio 13 18088
radio 13 18602
radio 13 18651
radio 13 19165
radio 13 19182
radio 13 19696
radio 13 19726
radio 13 20240
radio 13 20269
radio 13 20783
radio 13 20833
radio 13 21347
radio 13 21364
radio 13 21878
radio 13 21895
radio 13 22409
radio 13 22426
radio 13 22940
radio 13 22957
radio 13 23471
radio 13 23499
radio 13 24013
radio 13 24049
radio 13 24563
radio 13 24580
radio 13 25094
radio 13 25111
radio 13 25625
radio 13 25655
radio 13 26169
radio 13 26186
radio 13 26700
radio 13 26717
radio 13 27231
radio 13 27281
radio 13 27795
radio 13 27824
radio 13 28338
radio 13 28372
radio 13 28886
radio 13 28903
radio 13 29417
radio 13 29448
radio 13 29962
radio 13 29979
radio 13 30493
radio 13 30510
radio 13 31024
delay 5 12 13 31258 13 32330 16 9 65535 0 292 0 1
radio 13 32330
radio 13 32844
radio 13 32872
radio 13 33386
radio 13 33403
radio 13 33917
radio 13 33948
radio 13 34462
radio 13 34479
radio 13 34993
radio 13 35041
radio 13 35555
radio 13 35608
radio 13 36122
radio 13 36139
radio 13 36653
radio 13 36709
radio 13 37223
radio 13 37240
radio 13 37754
radio 13 37771
radio 13 38285
radio 13 38335
radio 13 38849
radio 13 38866
radio 13 39380
radio 13 39409
radio 13 39923
radio 13 39940
radio 13 40454
radio 13 40471
radio 13 40985
radio 13 41002
radio 13 41516
radio 13 41533
radio 13 42047
radio 13 42064
radio 13 42578
radio 13 42595
radio 13 43109
radio 13 43138
radio 13 43652
radio 13 43669
radio 13 44183
radio 13 44200
radio 13 44714
radio 13 44731
radio 13 45245
radio 13 45318
radio 13 45832
radio 13 45849
radio 13 46363
radio 13 46439
radio 13 46953
radio 13 46982
radio 13 47496
radio 13 47527
radio 13 48041
radio 13 48097
radio 13 48611
radio 13 48641
radio 13 49155
radio 13 49172
radio 13 49686
radio 13 49719
radio 13 50233
radio 13 50250
radio 13 50764
radio 13 50817
radio 13 51331
radio 13 51348
energy 13 51449 11 13407
radio 13 51862
delay 6 12 13 51960 13 53031 16 9 65535 0 551 0 1
radio 13 53031
radio 13 53545
radio 13 53577
radio 13 54091
radio 13 54108
radio 13 54622
radio 13 54639
radio 13 55153
radio 13 55182
radio 13 55696
radio 13 55745
radio 13 56259
radio 13 56290
radio 13 56804
radio 13 56840
radio 13 57354
radio 13 57385
radio 13 57899
radio 13 57934
radio 13 58448
radio 13 58478
radio 13 58992
radio 13 59009
radio 13 59523
radio 13 59579
radio 13 60093
radio 13 60110
radio 13 60624
radio 13 60675
radio 13 61189
radio 13 61222
radio 13 61736
radio 13 61753
radio 13 62267
radio 13 62284
radio 13 62798
radio 13 62815
radio 13 63329
radio 13 63346
radio 13 63860
radio 13 63889
radio 13 64403
radio 13 64455
radio 13 64969
radio 13 64998
radio 13 65512
radio 14 28
radio 14 541
radio 14 590
radio 14 1104
radio 14 1194
radio 14 1708
radio 14 1739
radio 14 2253
radio 14 2286
radio 14 2800
radio 14 2817
radio 14 3330
radio 14 3347
radio 14 3860
radio 14 3877
radio 14 4390
radio 14 4423
radio 14 4937
radio 14 4954
radio 14 5467
radio 14 5522
radio 14 6036
radio 14 6085
radio 14 6599
delay 7 40 14 6642 14 6627 16 9 65535 0 20 1 1
radio 14 7715
radio 14 8229
radio 14 8265
radio 14 8779
radio 14 8796
radio 14 9309
radio 14 9358
radio 14 9872
radio 14 10022
radio 14 10536
radio 14 10624
radio 14 11138
radio 14 11168
radio 14 11682
radio 14 11699
radio 14 12213
radio 14 12243
radio 14 12757
radio 14 12774
radio 14 13288
radio 14 13305
radio 14 13819
radio 14 13836
radio 14 14350
radio 14 14367
radio 14 14881
radio 14 14898
radio 14 15412
radio 14 15429
radio 14 15943
radio 14 15993
radio 14 16507
radio 14 16524
radio 14 17038
radio 14 17055
radio 14 17569
radio 14 17586
radio 14 18100
radio 14 18117
radio 14 18631
radio 14 18685
radio 14 19199
radio 14 19232
radio 14 19746
radio 14 19775
radio 14 20289
radio 14 20324
radio 14 20838
radio 14 20855
radio 14 21369
radio 14 21398
radio 14 21912
radio 14 21929
radio 14 22443
radio 14 22472
radio 14 22986
radio 14 23017
radio 14 23531
radio 14 23561
radio 14 24075
radio 14 24092
radio 14 24606
radio 14 24623
radio 14 25137
radio 14 25185
radio 14 25699
radio 14 25727
radio 14 26241
radio 14 26269
radio 14 26783
delay 8 22 14 26929 14 27564 16 9 65535 0 44 1 1
radio 14 28008
radio 14 28522
radio 14 28545
radio 14 29058
radio 14 29110
radio 14 29624
radio 14 29654
radio 14 30168
radio 14 30220
radio 14 30734
radio 14 30763
radio 14 31277
radio 14 31294
radio 14 31808
radio 14 31841
radio 14 32355
radio 14 32372
radio 14 32886
radio 14 32903
radio 14 33417
radio 14 33434
radio 14 33948
radio 14 33965
radio 14 34479
radio 14 34514
radio 14 35028
radio 14 35076
radio 14 35590
radio 14 35619
radio 14 36133
radio 14 36150
radio 14 36664
radio 14 36681
radio 14 37195
radio 14 37246
radio 14 37760
radio 14 37873
radio 14 38387
radio 14 38404
radio 14 38918
radio 14 38969
radio 14 39483
radio 14 39500
radio 14 40014
radio 14 40031
radio 14 40545
radio 14 40601
radio 14 41115
radio 14 41145
radio 14 41659
radio 14 41676
radio 14 42190
radio 14 42207
radio 14 42721
radio 14 42750
radio 14 43264
radio 14 43318
radio 14 43832
radio 14 43862
radio 14 44376
radio 14 44424
radio 14 44938
radio 14 44955
radio 14 45469
radio 14 45486
radio 14 46000
radio 14 46017
radio 14 46531
radio 14 46564
radio 14 47078
radio 14 47095
energy 14 47353 11 19569
radio 14 47609
delay 9 22 14 47732 14 48367 16 9 65535 0 117 1 1
radio 14 48909
radio 14 49423
radio 14 49440
radio 14 49954
radio 14 49990
radio 14 50504
radio 14 50556
radio 14 51070
radio 14 51087
radio 14 51601
radio 14 51629
radio 14 52143
radio 14 52160
radio 14 52674
radio 14 52691
