Thread[Thread-1,5,main]tree 41 26 11 12 0 0
radio 8 60643
radio 8 60647
radio 8 60721
radio 8 61235
radio 8 61269
radio 8 61783
radio 8 61837
radio 8 62351
radio 8 62400
radio 8 62914
radio 8 62931
radio 8 63445
radio 8 63474
radio 8 63988
radio 8 64005
radio 8 64519
radio 8 64630
radio 8 65144
radio 8 65200
radio 9 178
radio 9 209
radio 9 722
radio 9 774
radio 9 1287
radio 9 1342
radio 9 1856
radio 9 1873
radio 9 2386
radio 9 2403
radio 9 2916
radio 9 2933
radio 9 3446
radio 9 3500
radio 9 4014
radio 9 4068
radio 9 4582
radio 9 4611
radio 9 5125
radio 9 5174
radio 9 5688
radio 9 5744
radio 9 6258
radio 9 6290
radio 9 6804
radio 9 6855
radio 9 7369
radio 9 7420
radio 9 7934
radio 9 7951
radio 9 8464
radio 9 8496
radio 9 9010
radio 9 9038
radio 9 9552
radio 9 9580
radio 9 10094
radio 9 10163
radio 9 10677
radio 9 10694
radio 9 11208
radio 9 11320
radio 9 11834
radio 9 11869
radio 9 12383
radio 9 12413
radio 9 12927
radio 9 12981
radio 9 13495
radio 9 13564
radio 9 14078
radio 9 14095
radio 9 14609
radio 9 14659
radio 9 15173
radio 9 15202
radio 9 15716
radio 9 15764
radio 9 16278
radio 9 16308
radio 9 16822
radio 9 16854
radio 9 17368
radio 9 17416
radio 9 17930
radio 9 17958
radio 9 18472
radio 9 18502
radio 9 19016
radio 9 19084
radio 9 19598
radio 9 19649
radio 9 20163
radio 9 20218
radio 9 20732
radio 9 20801
radio 9 21315
radio 9 21387
radio 9 21901
radio 9 21951
radio 9 22465
radio 9 22581
radio 9 23095
radio 9 23285
radio 9 23799
radio 9 23829
radio 9 24343
radio 9 24376
radio 9 24890
radio 9 24924
radio 9 25438
radio 9 25492
radio 9 26006
radio 9 26041
radio 9 26555
radio 9 26572
radio 9 27086
radio 9 27198
radio 9 27712
radio 9 27767
radio 9 28281
radio 9 28389
radio 9 28903
radio 9 28951
radio 9 29465
radio 9 29538
radio 9 30052
radio 9 30144
radio 9 30658
radio 9 30675
radio 9 31189
radio 9 31206
radio 9 31720
radio 9 31737
radio 9 32251
radio 9 32303
radio 9 32817
radio 9 32852
radio 9 33366
radio 9 33383
radio 9 33896
radio 9 33913
radio 9 34427
radio 9 34498
radio 9 35012
radio 9 35063
radio 9 35577
radio 9 35631
radio 9 36145
radio 9 36177
radio 9 36691
radio 9 36781
radio 9 37295
radio 9 37312
radio 9 37826
radio 9 37843
radio 9 38357
radio 9 38432
radio 9 38946
radio 9 38976
radio 9 39490
radio 9 39542
radio 9 40056
radio 9 40089
radio 9 40603
radio 9 40659
radio 9 41173
radio 9 41201
radio 9 41715
radio 9 41743
radio 9 42257
radio 9 42308
radio 9 42822
radio 9 42853
radio 9 43367
radio 9 43421
radio 9 43935
radio 9 43952
radio 9 44466
radio 9 44494
radio 9 45008
radio 9 45061
radio 9 45575
radio 9 45644
radio 9 46158
radio 9 46254
radio 9 46768
radio 9 46785
radio 9 47299
radio 9 47316
radio 9 47830
radio 9 47865
radio 9 48379
radio 9 48408
radio 9 48922
radio 9 48973
radio 9 49487
radio 9 49515
radio 9 50029
radio 9 50046
radio 9 50560
radio 9 50592
radio 9 51106
radio 9 51123
radio 9 51637
radio 9 51705
radio 9 52219
radio 9 52251
radio 9 52765
radio 9 52818
radio 9 53332
radio 9 53384
radio 9 53898
radio 9 53930
radio 9 54444
radio 9 54472
radio 9 54986
radio 9 55003
radio 9 55517
radio 9 55534
radio 9 56048
radio 9 56065
energy 9 56559 8 64899
radio 9 56578
radio 9 56634
radio 9 57148
radio 9 57165
radio 9 57679
radio 9 57751
radio 9 58265
radio 9 58293
radio 9 58807
radio 9 58857
radio 9 59371
radio 9 59401
radio 9 59915
radio 9 59932
radio 9 60446
radio 9 60498
radio 9 61012
radio 9 61060
radio 9 61574
radio 9 61602
radio 9 62116
radio 9 62146
radio 9 62660
radio 9 62716
radio 9 63230
radio 9 63285
radio 9 63799
radio 9 63829
radio 9 64343
radio 9 64414
radio 9 64928
radio 9 64958
radio 9 65472
radio 9 65489
radio 10 467
radio 10 484
radio 10 997
radio 10 1027
radio 10 1541
radio 10 1558
radio 10 2072
radio 10 2089
radio 10 2603
radio 10 2654
radio 10 3168
radio 10 3185
radio 10 3699
radio 10 3756
radio 10 4270
radio 10 4306
radio 10 4820
radio 10 4851
radio 10 5365
radio 10 5382
radio 10 5895
radio 10 5912
radio 10 6426
radio 10 6482
radio 10 6996
radio 10 7032
radio 10 7546
radio 10 7575
radio 10 8089
radio 10 8157
radio 10 8671
radio 10 8704
radio 10 9218
radio 10 9269
radio 10 9783
radio 10 9834
radio 10 10348
radio 10 10377
radio 10 10891
radio 10 10939
radio 10 11453
radio 10 11481
radio 10 11995
radio 10 12012
radio 10 12526
radio 10 12554
radio 10 13068
radio 10 13119
radio 10 13633
radio 10 13687
radio 10 14201
radio 10 14298
radio 10 14812
radio 10 14867
radio 10 15381
radio 10 15413
radio 10 15927
radio 10 15980
radio 10 16494
radio 10 16546
radio 10 17060
radio 10 17093
radio 10 17607
radio 10 17658
radio 10 18172
radio 10 18281
radio 10 18795
radio 10 18812
radio 10 19326
radio 10 19360
radio 10 19874
radio 10 19969
radio 10 20483
radio 10 20633
radio 10 21147
radio 10 21176
radio 10 21690
radio 10 21738
radio 10 22252
radio 10 22269
radio 10 22783
radio 10 22911
radio 10 23425
radio 10 23513
radio 10 24027
radio 10 24163
radio 10 24677
radio 10 24987
radio 10 25501
radio 10 25634
radio 10 26148
radio 10 26316
radio 10 26830
radio 10 26881
radio 10 27395
radio 10 27412
radio 10 27926
radio 10 27979
radio 10 28493
radio 10 28510
radio 10 29024
radio 10 29041
radio 10 29555
radio 10 29592
radio 10 30106
radio 10 30176
radio 10 30690
radio 10 30746
radio 10 31260
delay 0 2 10 31691 10 32039 12 12 65535 0 716 0 0
radio 10 31699
radio 10 32214
radio 10 32277
radio 10 32791
radio 10 32827
radio 10 33341
radio 10 33372
radio 10 33886
radio 10 33903
radio 10 34417
radio 10 34449
radio 10 34963
radio 10 34996
radio 10 35510
radio 10 35559
radio 10 36073
radio 10 36123
radio 10 36637
radio 10 36670
radio 10 37184
radio 10 37217
radio 10 37731
radio 10 37785
radio 10 38299
radio 10 38372
radio 10 38886
radio 10 38903
radio 10 39417
radio 10 39508
radio 10 40022
radio 10 40058
radio 10 40572
radio 10 40622
radio 10 41136
radio 10 41191
radio 10 41705
radio 10 41781
radio 10 42295
radio 10 42324
radio 10 42838
radio 10 42891
radio 10 43405
radio 10 43433
radio 10 43947
radio 10 44043
radio 10 44557
radio 10 44607
radio 10 45121
radio 10 45171
radio 10 45685
radio 10 45754
radio 10 46268
radio 10 46297
radio 10 46811
radio 10 46828
radio 10 47342
radio 10 47359
radio 10 47873
radio 10 47890
radio 10 48404
radio 10 48478
radio 10 48992
radio 10 49022
radio 10 49536
radio 10 49553
radio 10 50067
radio 10 50099
radio 10 50613
radio 10 50642
radio 10 51156
radio 10 51205
radio 10 51719
delay 1 11 10 52064 10 51764 7 12 5 0 220 0 0
radio 10 52072
energy 10 52463 9 4745
radio 10 52587
radio 10 52657
radio 10 53171
radio 10 53203
radio 10 53717
radio 10 53734
radio 10 54248
radio 10 54297
radio 10 54811
radio 10 54842
radio 10 55356
radio 10 55444
radio 10 55958
radio 10 56007
radio 10 56521
radio 10 56554
radio 10 57068
radio 10 57085
radio 10 57599
radio 10 57752
radio 10 58266
radio 10 58294
radio 10 58808
radio 10 58825
radio 10 59339
radio 10 59392
radio 10 59906
radio 10 59961
radio 10 60475
radio 10 60492
radio 10 61006
radio 10 61062
radio 10 61576
radio 10 61593
radio 10 62107
radio 10 62163
radio 10 62677
radio 10 62694
radio 10 63208
radio 10 63282
radio 10 63796
radio 10 63825
radio 10 64339
radio 10 64416
radio 10 64930
radio 10 64947
radio 10 65461
radio 11 35
radio 11 548
radio 11 599
radio 11 1113
radio 11 1162
radio 11 1676
radio 11 1693
radio 11 2207
radio 11 2238
radio 11 2752
radio 11 2800
radio 11 3314
radio 11 3382
radio 11 3896
radio 11 3928
radio 11 4442
radio 11 4491
radio 11 5005
radio 11 5037
radio 11 5551
radio 11 5600
radio 11 6114
radio 11 6170
radio 11 6684
delay 2 11 11 6833 11 6533 7 12 5 0 290 0 0
radio 11 6841
radio 11 7355
radio 11 7374
radio 11 7887
radio 11 7916
radio 11 8430
radio 11 8463
radio 11 8977
radio 11 9011
radio 11 9525
radio 11 9579
radio 11 10093
radio 11 10110
radio 11 10624
radio 11 10698
radio 11 11212
radio 11 11262
radio 11 11776
radio 11 11825
radio 11 12339
radio 11 12368
radio 11 12882
radio 11 12899
radio 11 13413
radio 11 13462
radio 11 13976
radio 11 14108
radio 11 14622
radio 11 14818
radio 11 15332
radio 11 15349
radio 11 15863
radio 11 15914
radio 11 16428
radio 11 16537
radio 11 17051
radio 11 17146
radio 11 17660
radio 11 17773
radio 11 18287
radio 11 18778
radio 11 19292
radio 11 19408
radio 11 19922
radio 11 20031
radio 11 20545
radio 11 20595
radio 11 21109
radio 11 21365
radio 11 21879
radio 11 21949
radio 11 22463
radio 11 22577
radio 11 23091
radio 11 23122
radio 11 23636
radio 11 23653
radio 11 24167
radio 11 24201
radio 11 24715
radio 11 24750
radio 11 25264
radio 11 25314
radio 11 25828
radio 11 25878
radio 11 26392
radio 11 26409
radio 11 26923
delay 3 12 11 27021 11 26411 12 12 65535 0 127 0 0
radio 11 27029
radio 11 27544
radio 11 27565
radio 11 28078
radio 11 28180
radio 11 28694
radio 11 28738
radio 11 29251
radio 11 29279
radio 11 29793
radio 11 29824
radio 11 30338
radio 11 30388
radio 11 30902
radio 11 30919
radio 11 31433
radio 11 31450
radio 11 31964
radio 11 31981
radio 11 32495
radio 11 32549
radio 11 33063
radio 11 33116
radio 11 33630
radio 11 33663
radio 11 34177
radio 11 34227
radio 11 34741
radio 11 34790
radio 11 35304
radio 11 35332
radio 11 35846
radio 11 35875
radio 11 36389
radio 11 36421
radio 11 36935
radio 11 36965
radio 11 37479
radio 11 37496
