Thread[Thread-1,5,main]tree 125 27 20 12 0 0
radio 8 44260
radio 8 44263
radio 8 44280
radio 8 44794
radio 8 44811
radio 8 45325
radio 8 45342
radio 8 45855
radio 8 45886
radio 8 46400
radio 8 46454
radio 8 46968
radio 8 47000
radio 8 47514
radio 8 47531
radio 8 48045
radio 8 48062
radio 8 48576
radio 8 48593
radio 8 49107
radio 8 49124
radio 8 49638
radio 8 49655
radio 8 50169
radio 8 50186
radio 8 50699
radio 8 50733
radio 8 51247
radio 8 51278
radio 8 51792
radio 8 51809
radio 8 52322
radio 8 52355
radio 8 52869
radio 8 52917
radio 8 53431
radio 8 53460
radio 8 53974
radio 8 53991
radio 8 54505
radio 8 54522
radio 8 55036
radio 8 55053
radio 8 55566
delay 1000 20 8 55603 8 57323 6 12 6 0 2348 0 0
radio 8 55611
radio 8 56126
radio 8 56164
radio 8 56678
radio 8 56733
radio 8 57247
radio 8 57264
radio 8 57778
radio 8 57795
radio 8 58308
radio 8 58343
radio 8 58857
radio 8 58891
radio 8 59405
radio 8 59437
radio 8 59951
radio 8 59968
radio 8 60482
radio 8 60499
radio 8 61012
radio 8 61045
radio 8 61559
radio 8 61589
radio 8 62103
radio 8 62138
radio 8 62652
radio 8 62743
radio 8 63257
radio 8 63274
radio 8 63788
radio 8 63805
radio 8 64319
radio 8 64336
radio 8 64850
radio 8 64867
radio 8 65381
radio 8 65434
radio 9 412
radio 9 461
radio 9 974
radio 9 1009
radio 9 1523
radio 9 1576
radio 9 2090
radio 9 2126
radio 9 2640
radio 9 2657
radio 9 3170
radio 9 3187
radio 9 3700
radio 9 3734
radio 9 4248
radio 9 4322
radio 9 4836
radio 9 4853
radio 9 5366
radio 9 5395
radio 9 5909
radio 9 5926
radio 9 6439
radio 9 6474
radio 9 6988
radio 9 7005
radio 9 7518
radio 9 7535
radio 9 8048
radio 9 8065
radio 9 8578
radio 9 8595
radio 9 9108
radio 9 9136
radio 9 9650
radio 9 9686
radio 9 10200
radio 9 10217
radio 9 10731
radio 9 10748
radio 9 11262
radio 9 11279
radio 9 11793
radio 9 11843
radio 9 12357
radio 9 12374
radio 9 12887
radio 9 12904
radio 9 13418
radio 9 13449
radio 9 13963
radio 9 13980
radio 9 14494
radio 9 14511
radio 9 15025
radio 9 15055
radio 9 15569
radio 9 15586
radio 9 16099
radio 9 16131
radio 9 16645
radio 9 16662
radio 9 17176
radio 9 17212
radio 9 17726
radio 9 17755
radio 9 18269
radio 9 18286
radio 9 18799
radio 9 18816
radio 9 19330
radio 9 19360
radio 9 19874
radio 9 19906
radio 9 20420
radio 9 20451
radio 9 20965
radio 9 20982
radio 9 21496
radio 9 21513
radio 9 22027
radio 9 22044
radio 9 22558
radio 9 22575
radio 9 23089
radio 9 23138
radio 9 23652
radio 9 23721
radio 9 24235
radio 9 24252
radio 9 24766
radio 9 24818
radio 9 25332
radio 9 25360
radio 9 25874
radio 9 25891
radio 9 26405
radio 9 26422
radio 9 26936
radio 9 26990
radio 9 27504
radio 9 27534
radio 9 28048
radio 9 28065
radio 9 28579
radio 9 28630
radio 9 29144
radio 9 29175
radio 9 29689
radio 9 29739
radio 9 30253
radio 9 30367
radio 9 30881
radio 9 30937
radio 9 31451
radio 9 31487
radio 9 32001
radio 9 32029
radio 9 32543
radio 9 32560
radio 9 33074
radio 9 33106
radio 9 33620
radio 9 33651
radio 9 34165
radio 9 34197
radio 9 34711
radio 9 34728
radio 9 35242
radio 9 35272
radio 9 35786
radio 9 35803
radio 9 36317
radio 9 36347
radio 9 36861
radio 9 36894
radio 9 37408
radio 9 37425
radio 9 37939
radio 9 37972
radio 9 38486
radio 9 38503
radio 9 39017
radio 9 39047
radio 9 39561
radio 9 39578
radio 9 40091
radio 9 40160
energy 9 40175 8 46915
radio 9 40674
radio 9 40710
radio 9 41224
radio 9 41241
radio 9 41755
radio 9 41806
radio 9 42320
radio 9 42353
radio 9 42867
radio 9 42896
radio 9 43410
radio 9 43427
radio 9 43941
radio 9 43972
radio 9 44486
radio 9 44503
radio 9 45017
radio 9 45046
radio 9 45560
radio 9 45577
radio 9 46091
radio 9 46121
radio 9 46635
radio 9 46652
radio 9 47166
radio 9 47198
radio 9 47712
radio 9 47729
radio 9 48243
radio 9 48260
radio 9 48774
radio 9 48805
radio 9 49319
radio 9 49336
radio 9 49849
radio 9 49866
radio 9 50380
radio 9 50408
radio 9 50922
radio 9 50939
radio 9 51453
radio 9 51470
radio 9 51984
radio 9 52020
radio 9 52534
radio 9 52551
radio 9 53065
radio 9 53096
radio 9 53610
radio 9 53641
radio 9 54155
radio 9 54172
radio 9 54686
radio 9 54720
radio 9 55234
radio 9 55251
radio 9 55765
radio 9 55798
radio 9 56312
radio 9 56329
radio 9 56842
radio 9 56859
radio 9 57373
radio 9 57407
radio 9 57921
radio 9 57955
radio 9 58469
radio 9 58486
radio 9 59000
radio 9 59035
radio 9 59549
radio 9 59566
radio 9 60080
radio 9 60097
radio 9 60611
radio 9 60628
radio 9 61142
radio 9 61159
radio 9 61673
radio 9 61690
radio 9 62204
radio 9 62254
radio 9 62768
radio 9 62800
radio 9 63314
radio 9 63346
radio 9 63860
radio 9 63877
radio 9 64391
radio 9 64408
radio 9 64922
radio 9 64939
radio 9 65453
radio 9 65509
radio 10 487
radio 10 504
radio 10 1017
radio 10 1049
radio 10 1563
radio 10 1580
radio 10 2094
radio 10 2123
radio 10 2637
radio 10 2665
radio 10 3179
radio 10 3196
radio 10 3709
radio 10 3738
radio 10 4252
radio 10 4304
radio 10 4818
radio 10 4835
radio 10 5349
radio 10 5366
radio 10 5879
radio 10 5934
radio 10 6448
radio 10 6465
radio 10 6978
radio 10 7030
radio 10 7544
radio 10 7561
radio 10 8075
radio 10 8108
radio 10 8622
radio 10 8639
radio 10 9152
radio 10 9169
radio 10 9683
radio 10 9700
radio 10 10214
radio 10 10250
radio 10 10764
radio 10 10795
radio 10 11309
radio 10 11326
radio 10 11840
radio 10 11857
radio 10 12371
radio 10 12388
radio 10 12902
radio 10 12919
radio 10 13433
radio 10 13450
radio 10 13964
radio 10 13992
radio 10 14506
radio 10 14523
radio 10 15037
radio 10 15054
radio 10 15568
radio 10 15622
radio 10 16136
radio 10 16153
radio 10 16667
radio 10 16697
radio 10 17211
radio 10 17240
radio 10 17754
radio 10 17783
radio 10 18297
radio 10 18314
radio 10 18828
radio 10 18879
radio 10 19393
radio 10 19447
radio 10 19961
radio 10 19993
radio 10 20507
radio 10 20537
radio 10 21051
radio 10 21068
radio 10 21582
radio 10 21599
radio 10 22113
radio 10 22445
radio 10 22959
radio 10 22976
radio 10 23490
radio 10 23507
radio 10 24021
radio 10 24050
radio 10 24564
radio 10 24581
radio 10 25095
radio 10 25128
radio 10 25642
radio 10 25814
radio 10 26328
radio 10 26345
radio 10 26859
radio 10 26876
radio 10 27390
radio 10 27440
radio 10 27954
radio 10 27982
radio 10 28496
radio 10 28526
radio 10 29040
radio 10 29057
radio 10 29571
radio 10 29588
radio 10 30102
radio 10 30119
radio 10 30633
radio 10 30650
radio 10 31164
delay 0 20 10 31184 10 30717 6 12 6 0 77 1 0
radio 10 32260
radio 10 32774
radio 10 32826
radio 10 33340
radio 10 33357
radio 10 33871
radio 10 33900
radio 10 34414
radio 10 34468
radio 10 34982
radio 10 35011
radio 10 35525
radio 10 35542
radio 10 36056
radio 10 36073
energy 10 36079 8 50633
radio 10 36587
radio 10 36641
radio 10 37155
radio 10 37189
radio 10 37703
radio 10 37734
radio 10 38248
radio 10 38321
radio 10 38835
radio 10 38852
radio 10 39366
radio 10 39383
radio 10 39897
radio 10 39914
radio 10 40428
radio 10 40479
radio 10 40993
radio 10 41022
radio 10 41536
radio 10 41553
radio 10 42067
radio 10 42084
radio 10 42598
radio 10 42615
radio 10 43129
radio 10 43146
radio 10 43660
radio 10 43696
radio 10 44210
radio 10 44264
radio 10 44778
radio 10 44807
radio 10 45321
radio 10 45371
radio 10 45885
radio 10 45933
radio 10 46447
radio 10 46464
radio 10 46978
radio 10 46995
radio 10 47509
radio 10 47538
radio 10 48052
radio 10 48069
radio 10 48583
radio 10 48600
radio 10 49114
radio 10 49131
radio 10 49645
radio 10 49679
radio 10 50193
radio 10 50210
radio 10 50724
radio 10 50741
radio 10 51255
delay 1 5 10 51367 10 51619 18 12 65535 0 117 1 0
radio 10 52442
radio 10 52955
radio 10 52984
radio 10 53498
radio 10 53515
radio 10 54029
radio 10 54046
radio 10 54560
radio 10 54577
radio 10 55091
radio 10 55108
radio 10 55622
radio 10 55639
radio 10 56153
radio 10 56210
radio 10 56724
radio 10 56741
radio 10 57255
radio 10 57272
radio 10 57786
radio 10 57803
radio 10 58317
radio 10 58372
radio 10 58886
radio 10 58936
radio 10 59450
radio 10 59504
radio 10 60018
radio 10 60035
radio 10 60549
radio 10 60566
radio 10 61080
radio 10 61135
radio 10 61649
radio 10 61682
radio 10 62196
radio 10 62213
radio 10 62727
radio 10 62756
radio 10 63270
radio 10 63287
radio 10 63801
radio 10 63851
radio 10 64365
radio 10 64382
radio 10 64896
radio 10 64913
radio 10 65427
radio 10 65444
radio 11 422
radio 11 453
radio 11 967
radio 11 984
radio 11 1497
radio 11 1514
radio 11 2028
radio 11 2045
radio 11 2559
radio 11 2576
radio 11 3089
radio 11 3106
radio 11 3619
radio 11 3668
radio 11 4182
radio 11 4199
radio 11 4713
radio 11 4730
radio 11 5244
radio 11 5261
radio 11 5775
radio 11 5792
radio 11 6305
delay 2 42 11 6402 11 5144 12 12 65535 0 361 0 0
radio 11 6410
radio 11 6925
radio 11 6945
radio 11 7458
radio 11 7475
radio 11 7989
radio 11 8020
radio 11 8534
radio 11 8564
radio 11 9078
radio 11 9129
radio 11 9643
radio 11 9660
radio 11 10174
radio 11 10191
radio 11 10705
radio 11 10722
radio 11 11236
radio 11 11253
radio 11 11767
radio 11 11823
radio 11 12337
radio 11 12354
radio 11 12868
radio 11 12885
radio 11 13399
radio 11 13416
radio 11 13930
radio 11 13947
radio 11 14461
radio 11 14478
radio 11 14992
radio 11 15021
radio 11 15535
radio 11 15567
radio 11 16081
radio 11 16115
radio 11 16629
radio 11 16679
radio 11 17193
radio 11 17210
radio 11 17724
radio 11 17741
radio 11 18255
radio 11 18272
radio 11 18786
radio 11 18803
radio 11 19317
radio 11 19334
radio 11 19848
radio 11 19865
radio 11 20379
radio 11 20396
radio 11 20910
radio 11 20927
radio 11 21441
radio 11 21458
radio 11 21972
radio 11 22007
radio 11 22521
radio 11 22538
radio 11 23052
radio 11 23069
radio 11 23583
radio 11 23600
radio 11 24114
radio 11 24131
radio 11 24645
radio 11 24662
radio 11 25176
radio 11 25211
radio 11 25725
radio 11 25742
radio 11 26256
radio 11 26273
radio 11 26787
delay 3 21 11 26802 11 26607 7 12 5 0 257 0 0
radio 11 26810
radio 11 27324
radio 11 27364
radio 11 27878
radio 11 28011
radio 11 28525
radio 11 28623
radio 11 29137
radio 11 29154
radio 11 29668
radio 11 29685
radio 11 30199
radio 11 30216
radio 11 30730
radio 11 30747
radio 11 31261
radio 11 31278
radio 11 31792
radio 11 31809
energy 11 31983 8 54182
radio 11 32323
radio 11 32340
radio 11 32854
radio 11 32871
radio 11 33385
radio 11 33402
radio 11 33916
radio 11 33933
radio 11 34447
radio 11 34497
radio 11 35011
radio 11 35044
radio 11 35558
radio 11 35575
radio 11 36089
radio 11 36121
radio 11 36635
radio 11 36652
radio 11 37166
radio 11 37200
