Thread[Thread-1,5,main]tree 1000 41 34 11 0 0
radio 9 15549
radio 9 15553
radio 9 15569
radio 9 16083
radio 9 16111
radio 9 16625
radio 9 16642
radio 9 17155
radio 9 17185
radio 9 17699
radio 9 17771
radio 9 18285
radio 9 18317
radio 9 18831
radio 9 18861
radio 9 19375
radio 9 19449
radio 9 19963
radio 9 19980
radio 9 20494
radio 9 20544
radio 9 21058
radio 9 21086
radio 9 21600
radio 9 21833
radio 9 22347
radio 9 22364
radio 9 22877
radio 9 22986
radio 9 23500
radio 9 23530
radio 9 24044
radio 9 24116
radio 9 24630
radio 9 24681
radio 9 25195
radio 9 25330
radio 9 25844
radio 9 26073
radio 9 26587
radio 9 26604
radio 9 27117
radio 9 27147
radio 9 27661
radio 9 27771
radio 9 28285
radio 9 28302
radio 9 28816
radio 9 28906
radio 9 29420
radio 9 29437
radio 9 29951
radio 9 29968
radio 9 30481
radio 9 30509
radio 9 31023
radio 9 31040
radio 9 31554
radio 9 31603
radio 9 32117
radio 9 32146
radio 9 32660
radio 9 32710
radio 9 33224
radio 9 33241
radio 9 33755
radio 9 33787
radio 9 34301
radio 9 34318
radio 9 34832
radio 9 34849
radio 9 35362
radio 9 35379
radio 9 35892
radio 9 35923
radio 9 36437
radio 9 36454
radio 9 36967
radio 9 36984
radio 9 37498
radio 9 37534
radio 9 38048
radio 9 38101
radio 9 38615
radio 9 38632
radio 9 39145
radio 9 39180
radio 9 39694
radio 9 39766
radio 9 40280
radio 9 40297
radio 9 40810
radio 9 40861
radio 9 41375
radio 9 41392
radio 9 41905
radio 9 41922
radio 9 42436
radio 9 42491
radio 9 43005
radio 9 43117
radio 9 43631
radio 9 43648
radio 9 44162
radio 9 44179
radio 9 44692
radio 9 44766
radio 9 45280
radio 9 45329
radio 9 45843
radio 9 45912
radio 9 46426
radio 9 46479
radio 9 46993
radio 9 47010
radio 9 47524
radio 9 47617
radio 9 48131
radio 9 48160
radio 9 48674
radio 9 48707
radio 9 49221
radio 9 49238
radio 9 49752
radio 9 49808
radio 9 50322
radio 9 50372
radio 9 50886
radio 9 50903
radio 9 51417
radio 9 51452
radio 9 51966
radio 9 52000
radio 9 52514
radio 9 52606
radio 9 53120
radio 9 53137
radio 9 53650
radio 9 53667
radio 9 54181
radio 9 54210
radio 9 54724
radio 9 54776
radio 9 55290
radio 9 55364
radio 9 55878
radio 9 55895
radio 9 56409
radio 9 56426
radio 9 56940
radio 9 56957
radio 9 57471
radio 9 57488
radio 9 58002
radio 9 58054
radio 9 58568
radio 9 58598
radio 9 59112
radio 9 59129
radio 9 59642
radio 9 59694
radio 9 60208
radio 9 60225
radio 9 60738
radio 9 60788
radio 9 61302
radio 9 61319
radio 9 61833
radio 9 61850
radio 9 62363
radio 9 62380
radio 9 62894
radio 9 62925
radio 9 63439
radio 9 63456
radio 9 63970
radio 9 63987
radio 9 64501
radio 9 64554
radio 9 65068
radio 9 65137
radio 10 115
radio 10 132
radio 10 645
radio 10 696
radio 10 1210
radio 10 1239
radio 10 1753
radio 10 1806
radio 10 2320
radio 10 2337
radio 10 2850
radio 10 2867
radio 10 3381
radio 10 3412
radio 10 3926
radio 10 3960
radio 10 4474
radio 10 4491
radio 10 5004
radio 10 5021
radio 10 5534
radio 10 5602
radio 10 6116
radio 10 6133
radio 10 6646
radio 10 6698
radio 10 7212
radio 10 7265
radio 10 7779
radio 10 7830
radio 10 8344
radio 10 8414
radio 10 8928
radio 10 8980
radio 10 9494
radio 10 9527
radio 10 10041
radio 10 10094
radio 10 10608
radio 10 10681
radio 10 11195
radio 10 11286
energy 10 11464 9 19606
radio 10 11800
radio 10 11817
radio 10 12331
radio 10 12348
radio 10 12862
radio 10 12915
radio 10 13429
radio 10 13446
radio 10 13960
radio 10 13977
radio 10 14491
radio 10 14508
radio 10 15022
radio 10 15053
radio 10 15567
radio 10 15584
radio 10 16098
radio 10 16115
radio 10 16629
radio 10 16646
radio 10 17160
radio 10 17196
radio 10 17710
radio 10 17863
radio 10 18377
radio 10 18394
radio 10 18908
radio 10 18938
radio 10 19452
radio 10 19505
radio 10 20019
radio 10 20054
radio 10 20568
radio 10 20585
radio 10 21099
radio 10 21134
radio 10 21648
radio 10 21720
radio 10 22234
radio 10 22265
radio 10 22779
radio 10 22907
radio 10 23421
radio 10 23453
radio 10 23967
radio 10 24001
radio 10 24515
radio 10 24567
radio 10 25081
radio 10 25190
radio 10 25704
radio 10 25736
radio 10 26250
radio 10 26267
radio 10 26781
radio 10 26798
radio 10 27312
radio 10 27342
radio 10 27856
radio 10 27887
radio 10 28401
radio 10 28418
radio 10 28932
radio 10 28984
radio 10 29498
radio 10 29549
radio 10 30063
delay 0 24 10 30081 10 30052 19 20 1 0 101 1 0
radio 10 31163
radio 10 31677
radio 10 31707
radio 10 32221
radio 10 32254
radio 10 32768
radio 10 32797
radio 10 33311
radio 10 33360
radio 10 33874
radio 10 33891
radio 10 34405
radio 10 34422
radio 10 34936
radio 10 34953
radio 10 35467
radio 10 35500
radio 10 36014
radio 10 36045
radio 10 36559
radio 10 36576
radio 10 37090
radio 10 37107
radio 10 37621
radio 10 37654
radio 10 38168
radio 10 38199
radio 10 38713
radio 10 38767
radio 10 39281
radio 10 39310
radio 10 39824
radio 10 39936
radio 10 40450
radio 10 40505
radio 10 41019
radio 10 41051
radio 10 41565
radio 10 41595
radio 10 42109
radio 10 42139
radio 10 42653
radio 10 42688
radio 10 43202
radio 10 43219
radio 10 43733
radio 10 43768
radio 10 44282
radio 10 44299
radio 10 44813
radio 10 44848
radio 10 45362
radio 10 45379
radio 10 45893
radio 10 45943
radio 10 46457
radio 10 46474
radio 10 46988
radio 10 47023
radio 10 47537
radio 10 47567
radio 10 48081
radio 10 48130
radio 10 48644
radio 10 48696
radio 10 49210
radio 10 49227
radio 10 49741
radio 10 49857
radio 10 50371
radio 10 50420
radio 10 50934
delay 1 47 10 51295 10 51030 19 20 1 0 370 0 0
radio 10 51303
radio 10 51817
radio 10 51832
radio 10 52346
radio 10 52397
radio 10 52911
radio 10 52982
radio 10 53496
radio 10 53605
radio 10 54119
radio 10 54136
radio 10 54650
radio 10 54724
radio 10 55238
radio 10 55271
radio 10 55785
radio 10 55802
radio 10 56316
radio 10 56345
radio 10 56859
radio 10 56876
radio 10 57390
radio 10 57459
radio 10 57973
radio 10 58001
radio 10 58515
radio 10 58544
radio 10 59058
radio 10 59089
radio 10 59603
radio 10 59632
radio 10 60146
radio 10 60178
radio 10 60692
radio 10 60723
radio 10 61237
radio 10 61326
radio 10 61840
radio 10 61889
radio 10 62403
radio 10 62436
radio 10 62950
radio 10 63002
radio 10 63516
radio 10 63590
radio 10 64104
radio 10 64121
radio 10 64635
radio 10 64652
radio 10 65166
radio 10 65183
radio 11 161
radio 11 235
radio 11 749
radio 11 766
radio 11 1279
radio 11 1408
radio 11 1922
radio 11 2038
radio 11 2552
radio 11 2580
radio 11 3094
radio 11 3111
radio 11 3624
radio 11 3694
radio 11 4208
radio 11 4237
radio 11 4751
radio 11 4768
radio 11 5282
radio 11 5299
radio 11 5812
delay 2 34 11 6022 11 6068 13 20 7 0 249 0 0
radio 11 6030
radio 11 6544
radio 11 6587
radio 11 7100
radio 11 7120
energy 11 7368 9 24813
radio 11 7633
radio 11 7683
radio 11 8197
radio 11 8285
radio 11 8799
radio 11 8834
radio 11 9348
radio 11 9365
radio 11 9878
radio 11 9895
radio 11 10409
radio 11 10426
radio 11 10940
radio 11 10957
radio 11 11471
radio 11 11562
radio 11 12076
radio 11 12132
radio 11 12646
radio 11 12817
radio 11 13331
radio 11 13361
radio 11 13875
radio 11 13904
radio 11 14418
radio 11 14447
radio 11 14961
radio 11 15032
radio 11 15546
radio 11 15578
radio 11 16092
radio 11 16121
radio 11 16635
radio 11 16668
radio 11 17182
radio 11 17213
radio 11 17727
radio 11 17762
radio 11 18276
radio 11 18307
radio 11 18821
radio 11 18911
radio 11 19425
radio 11 19456
radio 11 19970
radio 11 20023
radio 11 20537
radio 11 20554
radio 11 21068
radio 11 21085
radio 11 21599
radio 11 21616
radio 11 22130
radio 11 22166
radio 11 22680
radio 11 22697
radio 11 23211
radio 11 23245
radio 11 23759
radio 11 23794
radio 11 24308
radio 11 24338
radio 11 24852
radio 11 24886
radio 11 25400
radio 11 25417
radio 11 25931
delay 3 27 11 26357 11 26261 20 20 65535 0 150 1 0
radio 11 27430
radio 11 27944
radio 11 27961
radio 11 28475
radio 11 28503
radio 11 29017
radio 11 29034
radio 11 29548
radio 11 29598
radio 11 30112
radio 11 30162
radio 11 30676
radio 11 30709
radio 11 31223
radio 11 31258
radio 11 31772
radio 11 31804
radio 11 32318
radio 11 32371
radio 11 32885
radio 11 33013
radio 11 33527
radio 11 33576
radio 11 34090
radio 11 34126
radio 11 34640
radio 11 34691
radio 11 35205
radio 11 35222
radio 11 35736
radio 11 35847
radio 11 36361
radio 11 36396
