Thread[Thread-1,5,main]tree 1000 41 34 12 0 0
radio 8 41155
radio 8 41159
radio 8 41175
radio 8 41689
radio 8 41740
radio 8 42254
radio 8 42271
radio 8 42785
radio 8 42819
radio 8 43333
radio 8 43382
radio 8 43896
radio 8 43913
radio 8 44426
radio 8 44476
radio 8 44990
radio 8 45060
radio 8 45574
radio 8 45602
radio 8 46116
radio 8 46148
radio 8 46662
radio 8 46679
radio 8 47193
delay 25 26 8 47258 5 57836 11 19 8 0 65535 0 0
radio 8 47268
radio 8 47781
radio 8 47837
radio 8 48351
radio 8 48368
radio 8 48882
radio 8 48916
radio 8 49430
radio 8 49447
radio 8 49961
radio 8 49989
radio 8 50503
radio 8 50534
radio 8 51048
radio 8 51065
radio 8 51579
radio 8 51607
radio 8 52121
radio 8 52138
radio 8 52652
radio 8 52682
radio 8 53196
radio 8 53247
radio 8 53761
radio 8 53814
radio 8 54328
radio 8 54406
radio 8 54920
delay 1000 20 8 54935 8 54486 6 19 13 1 65535 0 0
delay 1000 41 8 55999 5 57066 34 19 65535 0 65535 0 0
radio 8 56007
radio 8 56522
radio 8 56598
radio 8 57112
radio 8 57129
radio 8 57643
radio 8 57694
radio 8 58208
radio 8 58225
radio 8 58738
radio 8 58770
radio 8 59284
radio 8 59333
radio 8 59847
radio 8 59864
radio 8 60378
radio 8 60395
radio 8 60909
radio 8 60942
radio 8 61456
radio 8 61524
radio 8 62038
radio 8 62090
radio 8 62604
radio 8 62655
radio 8 63169
radio 8 63201
radio 8 63715
radio 8 63744
radio 8 64258
radio 8 64275
radio 8 64788
radio 8 64805
radio 8 65319
radio 8 65336
radio 9 314
radio 9 363
radio 9 876
radio 9 924
radio 9 1437
radio 9 1487
radio 9 2001
radio 9 2032
radio 9 2546
radio 9 2596
radio 9 3110
radio 9 3158
radio 9 3672
radio 9 3725
radio 9 4239
radio 9 4268
radio 9 4782
radio 9 4810
radio 9 5324
radio 9 5352
radio 9 5866
radio 9 5895
radio 9 6409
radio 9 6441
radio 9 6955
radio 9 7005
radio 9 7519
radio 9 7569
radio 9 8083
radio 9 8154
radio 9 8668
radio 9 8716
radio 9 9230
radio 9 9247
radio 9 9760
radio 9 9777
radio 9 10290
radio 9 10321
radio 9 10835
radio 9 10865
radio 9 11379
radio 9 11408
radio 9 11922
radio 9 11973
radio 9 12487
radio 9 12504
radio 9 13018
radio 9 13046
radio 9 13560
radio 9 13610
radio 9 14124
radio 9 14179
radio 9 14693
radio 9 14761
radio 9 15275
radio 9 15328
radio 9 15842
radio 9 15913
radio 9 16427
radio 9 16516
radio 9 17030
radio 9 17047
radio 9 17561
radio 9 17610
radio 9 18124
radio 9 18141
radio 9 18654
radio 9 18683
radio 9 19197
radio 9 19230
radio 9 19744
radio 9 19898
radio 9 20412
radio 9 20429
radio 9 20943
radio 9 20996
radio 9 21510
radio 9 21758
radio 9 22272
radio 9 22301
radio 9 22815
radio 9 22843
radio 9 23357
radio 9 23407
radio 9 23921
radio 9 24029
radio 9 24543
radio 9 24591
radio 9 25105
radio 9 25122
radio 9 25636
radio 9 25666
radio 9 26180
radio 9 26197
radio 9 26711
radio 9 26763
radio 9 27277
radio 9 27306
radio 9 27820
radio 9 28013
radio 9 28527
radio 9 28595
radio 9 29109
radio 9 29142
radio 9 29656
radio 9 29673
radio 9 30186
radio 9 30221
radio 9 30735
radio 9 30805
radio 9 31319
radio 9 31375
radio 9 31889
radio 9 31920
radio 9 32434
radio 9 32485
radio 9 32999
radio 9 33047
radio 9 33561
radio 9 33578
radio 9 34092
radio 9 34129
radio 9 34643
radio 9 34660
radio 9 35174
radio 9 35208
radio 9 35722
radio 9 35739
radio 9 36253
radio 9 36286
radio 9 36800
radio 9 36853
energy 9 37070 8 46202
radio 9 37367
radio 9 37395
radio 9 37909
radio 9 37943
radio 9 38457
radio 9 38491
radio 9 39005
radio 9 39062
radio 9 39576
radio 9 39607
radio 9 40121
radio 9 40153
radio 9 40667
radio 9 40696
radio 9 41210
radio 9 41260
radio 9 41774
radio 9 41806
radio 9 42320
radio 9 42354
radio 9 42868
radio 9 42885
radio 9 43399
radio 9 43433
radio 9 43947
radio 9 43964
radio 9 44478
radio 9 44509
radio 9 45023
radio 9 45051
radio 9 45565
radio 9 45582
radio 9 46095
radio 9 46112
radio 9 46626
radio 9 46643
radio 9 47156
radio 9 47191
radio 9 47705
radio 9 47757
radio 9 48271
radio 9 48421
radio 9 48935
radio 9 48952
radio 9 49465
radio 9 49515
radio 9 50029
radio 9 50059
radio 9 50573
radio 9 50628
radio 9 51142
radio 9 51159
radio 9 51672
radio 9 51741
radio 9 52255
radio 9 52285
radio 9 52799
radio 9 52831
radio 9 53345
radio 9 53399
radio 9 53913
radio 9 53930
radio 9 54444
radio 9 54461
radio 9 54974
radio 9 54991
radio 9 55505
radio 9 55556
radio 9 56070
radio 9 56125
radio 9 56639
radio 9 56671
radio 9 57185
radio 9 57234
radio 9 57748
radio 9 57796
radio 9 58310
radio 9 58344
radio 9 58858
radio 9 58926
radio 9 59440
radio 9 59475
radio 9 59989
radio 9 60006
radio 9 60519
radio 9 60549
radio 9 61063
radio 9 61094
radio 9 61608
radio 9 61625
radio 9 62138
radio 9 62173
radio 9 62687
radio 9 62761
radio 9 63275
radio 9 63311
radio 9 63825
radio 9 63877
radio 9 64391
radio 9 64408
radio 9 64921
radio 9 64952
radio 9 65466
radio 10 82
radio 10 595
radio 10 624
radio 10 1138
radio 10 1166
radio 10 1680
radio 10 1697
radio 10 2210
radio 10 2227
radio 10 2740
radio 10 2775
radio 10 3289
radio 10 3337
radio 10 3851
radio 10 3902
radio 10 4416
radio 10 4472
radio 10 4986
radio 10 5041
radio 10 5555
radio 10 5584
radio 10 6098
radio 10 6129
radio 10 6643
radio 10 6693
radio 10 7207
radio 10 7257
radio 10 7771
radio 10 7844
radio 10 8358
radio 10 8488
radio 10 9002
radio 10 9019
radio 10 9532
radio 10 9600
radio 10 10114
radio 10 10143
radio 10 10657
radio 10 10687
radio 10 11201
radio 10 11229
radio 10 11743
radio 10 11760
radio 10 12274
radio 10 12291
radio 10 12805
radio 10 12834
radio 10 13348
radio 10 13404
radio 10 13918
radio 10 13994
radio 10 14508
radio 10 14538
radio 10 15052
radio 10 15089
radio 10 15603
radio 10 15620
radio 10 16134
radio 10 16204
radio 10 16718
radio 10 16735
radio 10 17249
radio 10 17397
radio 10 17911
radio 10 17940
radio 10 18454
radio 10 18526
radio 10 19040
radio 10 19076
radio 10 19590
radio 10 19623
radio 10 20137
radio 10 20154
radio 10 20668
radio 10 20736
radio 10 21250
radio 10 21544
radio 10 22058
radio 10 22148
radio 10 22662
radio 10 22679
radio 10 23193
radio 10 23210
radio 10 23724
radio 10 23741
radio 10 24255
radio 10 24530
radio 10 25044
radio 10 25061
radio 10 25575
radio 10 25604
radio 10 26118
radio 10 26168
radio 10 26682
radio 10 26715
radio 10 27229
radio 10 27284
radio 10 27798
radio 10 27815
radio 10 28329
radio 10 28346
radio 10 28860
radio 10 28877
radio 10 29391
radio 10 29408
radio 10 29922
delay 0 45 10 30196 10 30154 19 19 65535 0 261 0 0
radio 10 30204
radio 10 30719
radio 10 31011
radio 10 31524
radio 10 31541
radio 10 32055
radio 10 32111
radio 10 32625
radio 10 32655
energy 10 32974 8 50856
radio 10 33169
radio 10 33222
radio 10 33736
radio 10 33788
radio 10 34302
radio 10 34433
radio 10 34947
radio 10 34998
radio 10 35512
radio 10 35567
radio 10 36081
radio 10 36098
radio 10 36612
radio 10 36629
radio 10 37143
radio 10 37173
radio 10 37687
radio 10 37721
radio 10 38235
radio 10 38252
radio 10 38766
radio 10 38783
radio 10 39297
radio 10 39326
radio 10 39840
radio 10 39894
radio 10 40408
radio 10 40458
radio 10 40972
radio 10 40989
radio 10 41503
radio 10 41520
radio 10 42034
radio 10 42070
radio 10 42584
radio 10 42601
radio 10 43115
radio 10 43132
radio 10 43646
radio 10 43677
radio 10 44191
radio 10 44243
radio 10 44757
radio 10 44786
radio 10 45300
radio 10 45355
radio 10 45869
radio 10 45902
radio 10 46416
radio 10 46470
radio 10 46984
radio 10 47058
radio 10 47572
radio 10 47621
radio 10 48135
radio 10 48152
radio 10 48666
radio 10 48700
radio 10 49214
radio 10 49266
radio 10 49780
radio 10 49830
radio 10 50344
delay 1 15 10 50390 10 50983 12 19 7 0 55 0 0
radio 10 50398
radio 10 50912
radio 10 50927
radio 10 51441
radio 10 51536
radio 10 52050
radio 10 52078
radio 10 52592
radio 10 52620
radio 10 53134
radio 10 53184
radio 10 53698
radio 10 53735
radio 10 54249
radio 10 54337
radio 10 54851
radio 10 54868
radio 10 55382
radio 10 55410
radio 10 55924
radio 10 55978
radio 10 56492
radio 10 56645
radio 10 57159
radio 10 57193
radio 10 57707
radio 10 57860
radio 10 58374
radio 10 58425
radio 10 58939
radio 10 58956
radio 10 59470
radio 10 59499
radio 10 60013
radio 10 60047
radio 10 60561
radio 10 60632
radio 10 61146
radio 10 61174
radio 10 61688
radio 10 61737
radio 10 62251
radio 10 62279
radio 10 62793
radio 10 62810
radio 10 63324
radio 10 63434
radio 10 63948
radio 10 63965
radio 10 64479
radio 10 64513
radio 10 65027
radio 10 65044
radio 11 22
radio 11 39
radio 11 552
radio 11 569
radio 11 1082
radio 11 1138
radio 11 1652
radio 11 1700
radio 11 2214
radio 11 2244
radio 11 2758
radio 11 2827
radio 11 3341
radio 11 3358
radio 11 3872
radio 11 3889
radio 11 4402
radio 11 4455
radio 11 4969
radio 11 5018
radio 11 5532
delay 2 24 11 5549 11 5671 19 19 65535 0 115 1 0
radio 11 6617
radio 11 7130
radio 11 7159
radio 11 7673
radio 11 7742
radio 11 8256
radio 11 8273
radio 11 8786
radio 11 8836
radio 11 9350
radio 11 9384
radio 11 9898
radio 11 9946
radio 11 10460
radio 11 10508
radio 11 11022
radio 11 11039
radio 11 11553
radio 11 11590
radio 11 12104
radio 11 12137
radio 11 12651
radio 11 12741
radio 11 13255
radio 11 13290
radio 11 13804
radio 11 14076
radio 11 14590
radio 11 14799
radio 11 15313
radio 11 15366
radio 11 15880
radio 11 15910
radio 11 16424
radio 11 16441
radio 11 16955
radio 11 17064
radio 11 17578
radio 11 17672
radio 11 18186
radio 11 18221
radio 11 18735
radio 11 18830
radio 11 19344
radio 11 19361
radio 11 19875
radio 11 19904
radio 11 20418
radio 11 20470
radio 11 20984
radio 11 21001
radio 11 21515
radio 11 21690
radio 11 22204
radio 11 22260
radio 11 22774
radio 11 22807
radio 11 23321
radio 11 23349
radio 11 23863
radio 11 23880
radio 11 24394
radio 11 24423
radio 11 24937
radio 11 24968
radio 11 25482
radio 11 25511
radio 11 26025
delay 3 24 11 26065 11 26186 19 19 65535 0 218 0 0
radio 11 26073
radio 11 26588
radio 11 26609
radio 11 27123
radio 11 27224
radio 11 27738
radio 11 27945
radio 11 28459
radio 11 28507
energy 11 28878 8 56603
radio 11 29021
radio 11 29038
radio 11 29552
radio 11 29601
radio 11 30115
radio 11 30148
radio 11 30662
radio 11 30750
radio 11 31264
radio 11 31281
radio 11 31795
radio 11 31827
radio 11 32341
radio 11 32372
radio 11 32886
radio 11 32903
radio 11 33417
radio 11 33434
radio 11 33948
radio 11 33996
radio 11 34510
radio 11 34527
radio 11 35041
radio 11 35110
radio 11 35624
radio 11 35697
radio 11 36211
radio 11 36246
