Thread[Thread-1,5,main]tree 1000 18 46 12 0 0
radio 8 46295
radio 8 46298
radio 8 46315
radio 8 46829
radio 8 46861
radio 8 47375
radio 8 47426
radio 8 47940
radio 8 47957
radio 8 48470
radio 8 48487
radio 8 49000
radio 8 49054
radio 8 49568
radio 8 49585
radio 8 50098
radio 8 50166
radio 8 50680
radio 8 50733
radio 8 51247
radio 8 51275
radio 8 51789
radio 8 51817
radio 8 52331
radio 8 52365
radio 8 52879
radio 8 52933
radio 8 53447
radio 8 53502
radio 8 54016
radio 8 54033
radio 8 54546
radio 8 54563
radio 8 55076
radio 8 55093
radio 8 55606
radio 8 55623
radio 8 56136
radio 8 56184
radio 8 56698
radio 8 56727
radio 8 57241
radio 8 57270
radio 8 57784
radio 8 57859
radio 8 58373
radio 8 58390
radio 8 58903
radio 8 58920
radio 8 59434
radio 8 59486
radio 8 60000
radio 8 60017
radio 8 60531
radio 8 60560
radio 8 61074
radio 8 61109
radio 8 61623
radio 8 61640
radio 8 62153
radio 8 62208
radio 8 62722
radio 8 62750
radio 8 63264
radio 8 63314
radio 8 63828
radio 8 63845
radio 8 64358
radio 8 64408
radio 8 64922
radio 8 64951
radio 8 65465
radio 8 65517
radio 9 495
radio 9 549
radio 9 1062
radio 9 1079
radio 9 1592
radio 9 1620
radio 9 2134
radio 9 2185
radio 9 2699
radio 9 2751
radio 9 3265
radio 9 3300
radio 9 3814
radio 9 3863
radio 9 4377
radio 9 4429
radio 9 4943
radio 9 4960
radio 9 5473
radio 9 5501
radio 9 6015
radio 9 6065
radio 9 6579
radio 9 6629
radio 9 7143
radio 9 7174
radio 9 7688
radio 9 7705
radio 9 8218
radio 9 8270
radio 9 8784
radio 9 8840
radio 9 9354
radio 9 9385
radio 9 9899
radio 9 9927
radio 9 10441
radio 9 10458
radio 9 10971
radio 9 10988
radio 9 11501
radio 9 11518
radio 9 12031
radio 9 12060
radio 9 12574
radio 9 12602
radio 9 13116
radio 9 13133
radio 9 13646
radio 9 13679
radio 9 14193
radio 9 14245
radio 9 14759
radio 9 14776
radio 9 15289
radio 9 15357
radio 9 15871
radio 9 15921
radio 9 16435
radio 9 16452
radio 9 16965
radio 9 17001
radio 9 17515
radio 9 17551
radio 9 18065
radio 9 18082
radio 9 18595
radio 9 18649
radio 9 19163
radio 9 19218
radio 9 19732
radio 9 19749
radio 9 20262
radio 9 20296
radio 9 20810
radio 9 20841
radio 9 21355
radio 9 21385
radio 9 21899
radio 9 21933
radio 9 22447
radio 9 22482
radio 9 22996
radio 9 23046
radio 9 23560
radio 9 23590
radio 9 24104
radio 9 24133
radio 9 24647
radio 9 24676
radio 9 25190
radio 9 25221
radio 9 25735
radio 9 25763
radio 9 26277
radio 9 26308
radio 9 26822
radio 9 26857
radio 9 27371
radio 9 27424
radio 9 27938
radio 9 27973
radio 9 28487
radio 9 28523
radio 9 29037
radio 9 29092
radio 9 29606
radio 9 29659
radio 9 30173
radio 9 30201
radio 9 30715
radio 9 30747
radio 9 31261
radio 9 31289
radio 9 31803
radio 9 31831
radio 9 32345
radio 9 32393
radio 9 32907
radio 9 32960
radio 9 33474
radio 9 33507
radio 9 34021
radio 9 34050
radio 9 34564
radio 9 34592
radio 9 35106
radio 9 35141
radio 9 35655
radio 9 35672
radio 9 36185
radio 9 36217
radio 9 36731
radio 9 36806
radio 9 37320
radio 9 37353
radio 9 37867
radio 9 37901
radio 9 38415
radio 9 38463
radio 9 38977
radio 9 39032
radio 9 39546
radio 9 39577
radio 9 40091
radio 9 40145
radio 9 40659
radio 9 40688
radio 9 41202
radio 9 41233
radio 9 41747
radio 9 41780
energy 9 42210 8 49574
radio 9 42294
radio 9 42349
radio 9 42863
radio 9 42912
radio 9 43426
radio 9 43462
radio 9 43976
radio 9 44027
radio 9 44541
radio 9 44597
radio 9 45111
radio 9 45139
radio 9 45653
radio 9 45685
radio 9 46199
radio 9 46234
radio 9 46748
radio 9 46797
radio 9 47311
radio 9 47361
radio 9 47875
radio 9 47946
radio 9 48460
radio 9 48490
radio 9 49004
radio 9 49052
radio 9 49566
radio 9 49597
radio 9 50111
radio 9 50141
radio 9 50655
radio 9 50703
radio 9 51217
radio 9 51250
radio 9 51764
radio 9 51792
radio 9 52306
radio 9 52342
radio 9 52856
radio 9 52884
radio 9 53398
radio 9 53432
radio 9 53946
radio 9 53975
radio 9 54489
radio 9 54518
radio 9 55032
radio 9 55066
radio 9 55580
radio 9 55608
radio 9 56122
radio 9 56150
radio 9 56664
radio 9 56712
radio 9 57226
radio 9 57279
radio 9 57793
radio 9 57821
radio 9 58335
radio 9 58388
radio 9 58902
radio 9 58932
radio 9 59446
radio 9 59476
radio 9 59990
radio 9 60018
radio 9 60532
radio 9 60600
radio 9 61114
radio 9 61164
radio 9 61678
radio 9 61710
radio 9 62224
radio 9 62252
radio 9 62766
radio 9 62794
radio 9 63308
radio 9 63336
radio 9 63850
radio 9 63886
radio 9 64400
radio 9 64435
radio 9 64949
radio 9 64999
radio 9 65513
radio 10 27
radio 10 540
radio 10 569
radio 10 1083
radio 10 1135
radio 10 1649
radio 10 1680
radio 10 2194
radio 10 2223
radio 10 2737
radio 10 2772
radio 10 3286
radio 10 3342
radio 10 3856
radio 10 3909
radio 10 4423
radio 10 4453
radio 10 4967
radio 10 5017
radio 10 5531
radio 10 5583
radio 10 6097
radio 10 6114
radio 10 6627
radio 10 6644
radio 10 7157
radio 10 7190
radio 10 7704
radio 10 7737
radio 10 8251
radio 10 8268
radio 10 8781
radio 10 8836
radio 10 9350
radio 10 9383
radio 10 9897
radio 10 9987
radio 10 10501
radio 10 10533
radio 10 11047
radio 10 11115
radio 10 11629
radio 10 11658
radio 10 12172
radio 10 12221
radio 10 12735
radio 10 12767
radio 10 13281
radio 10 13298
radio 10 13812
radio 10 13842
radio 10 14356
radio 10 14404
radio 10 14918
radio 10 14971
radio 10 15485
radio 10 15516
radio 10 16030
radio 10 16082
radio 10 16596
radio 10 16626
radio 10 17140
radio 10 17169
radio 10 17683
radio 10 17713
radio 10 18227
radio 10 18244
radio 10 18757
radio 10 18774
radio 10 19287
radio 10 19320
radio 10 19834
radio 10 19851
radio 10 20364
radio 10 20395
radio 10 20909
radio 10 20957
radio 10 21471
radio 10 21488
radio 10 22002
radio 10 22050
radio 10 22564
delay 0 26 10 22721 10 22774 22 22 65535 0 440 0 0
radio 10 22729
radio 10 23244
radio 10 23263
radio 10 23776
radio 10 23850
radio 10 24363
radio 10 24411
radio 10 24924
radio 10 24954
radio 10 25468
radio 10 25503
radio 10 26017
radio 10 26053
radio 10 26567
radio 10 26621
radio 10 27135
radio 10 27184
radio 10 27698
radio 10 27727
radio 10 28241
radio 10 28290
radio 10 28804
radio 10 28834
radio 10 29348
radio 10 29384
radio 10 29898
radio 10 29927
radio 10 30441
radio 10 30495
radio 10 31009
radio 10 31062
radio 10 31576
radio 10 31606
radio 10 32120
radio 10 32169
radio 10 32683
radio 10 32715
radio 10 33229
radio 10 33258
radio 10 33772
radio 10 33789
radio 10 34303
radio 10 34334
radio 10 34848
radio 10 34896
radio 10 35410
radio 10 35483
radio 10 35997
radio 10 36053
radio 10 36567
radio 10 36621
radio 10 37135
radio 10 37168
radio 10 37682
radio 10 37734
energy 10 38114 8 53340
radio 10 38248
radio 10 38301
radio 10 38815
radio 10 38832
radio 10 39346
radio 10 39363
radio 10 39877
radio 10 39894
radio 10 40408
radio 10 40478
radio 10 40992
radio 10 41009
radio 10 41523
radio 10 41553
radio 10 42067
radio 10 42084
radio 10 42597
delay 1 21 10 42710 10 42866 6 22 16 1 165 0 0
radio 10 43789
radio 10 44303
radio 10 44320
radio 10 44834
radio 10 44864
radio 10 45378
radio 10 45409
radio 10 45923
radio 10 45959
radio 10 46473
radio 10 46501
radio 10 47015
radio 10 47069
radio 10 47583
radio 10 47619
radio 10 48133
radio 10 48150
radio 10 48664
radio 10 48694
radio 10 49208
radio 10 49225
radio 10 49738
radio 10 49786
radio 10 50300
radio 10 50317
radio 10 50830
radio 10 50858
radio 10 51372
radio 10 51408
radio 10 51922
radio 10 51957
radio 10 52471
radio 10 52521
radio 10 53035
radio 10 53065
radio 10 53579
radio 10 53615
radio 10 54129
radio 10 54146
radio 10 54659
radio 10 54711
radio 10 55225
radio 10 55242
radio 10 55755
radio 10 55772
radio 10 56286
radio 10 56318
radio 10 56832
radio 10 56862
radio 10 57376
radio 10 57393
radio 10 57907
radio 10 57924
radio 10 58438
radio 10 58455
radio 10 58969
radio 10 59020
radio 10 59534
radio 10 59563
radio 10 60077
radio 10 60094
radio 10 60607
radio 10 60624
radio 10 61138
radio 10 61155
radio 10 61668
radio 10 61702
radio 10 62216
radio 10 62265
radio 10 62779
radio 10 62796
radio 10 63310
delay 2 46 10 63433 10 63010 11 22 11 1 348 0 0
radio 10 64493
radio 10 65006
radio 10 65097
radio 11 75
radio 11 108
radio 11 622
radio 11 651
radio 11 1165
radio 11 1182
radio 11 1695
radio 11 1712
radio 11 2225
radio 11 2293
radio 11 2807
radio 11 2841
radio 11 3355
radio 11 3372
radio 11 3885
radio 11 3902
radio 11 4415
radio 11 4432
radio 11 4945
radio 11 4962
radio 11 5475
radio 11 5511
radio 11 6025
radio 11 6042
radio 11 6555
radio 11 6588
radio 11 7102
radio 11 7130
radio 11 7644
radio 11 7672
radio 11 8186
radio 11 8214
radio 11 8728
radio 11 8756
radio 11 9270
radio 11 9298
radio 11 9812
radio 11 9840
radio 11 10354
radio 11 10382
radio 11 10896
radio 11 10924
radio 11 11438
radio 11 11466
radio 11 11980
radio 11 12028
radio 11 12542
radio 11 12575
radio 11 13089
radio 11 13137
radio 11 13651
radio 11 13682
radio 11 14196
radio 11 14246
radio 11 14760
radio 11 14813
radio 11 15327
radio 11 15359
radio 11 15873
radio 11 15921
radio 11 16435
radio 11 16485
radio 11 16999
radio 11 17075
radio 11 17589
radio 11 17618
radio 11 18132
delay 3 35 11 18151 11 18051 7 22 15 1 136 0 0
radio 11 19219
radio 11 19733
radio 11 19761
radio 11 20275
radio 11 20323
radio 11 20837
radio 11 20870
radio 11 21384
radio 11 21440
radio 11 21954
radio 11 22025
radio 11 22539
radio 11 22570
radio 11 23084
radio 11 23120
radio 11 23634
radio 11 23682
radio 11 24196
radio 11 24249
radio 11 24763
radio 11 24796
radio 11 25310
radio 11 25403
radio 11 25917
radio 11 25945
radio 11 26459
radio 11 26507
radio 11 27021
radio 11 27054
radio 11 27568
radio 11 27596
radio 11 28110
radio 11 28138
radio 11 28652
radio 11 28680
radio 11 29194
radio 11 29222
radio 11 29736
radio 11 29764
radio 11 30278
radio 11 30306
radio 11 30820
radio 11 30848
radio 11 31362
radio 11 31390
radio 11 31904
radio 11 31932
radio 11 32446
radio 11 32474
radio 11 32988
radio 11 33017
radio 11 33531
radio 11 33581
energy 11 34018 8 59598
radio 11 34095
radio 11 34125
radio 11 34639
radio 11 34687
radio 11 35201
radio 11 35230
radio 11 35744
radio 11 35776
radio 11 36290
radio 11 36325
radio 11 36839
radio 11 36888
radio 11 37402
radio 11 37435
