Thread[Thread-1,5,main]tree 11 9 0 16 3 1
radio 8 47321
radio 8 47325
radio 8 47380
radio 8 47894
radio 8 47923
radio 8 48437
radio 8 48509
radio 8 49023
radio 8 49052
radio 8 49566
radio 8 49599
radio 8 50113
radio 8 50130
radio 8 50643
radio 8 50679
radio 8 51193
radio 8 51210
radio 8 51723
radio 8 51740
radio 8 52253
radio 8 52270
radio 8 52783
radio 8 52800
radio 8 53313
radio 8 53362
radio 8 53876
radio 8 53893
radio 8 54406
radio 8 54423
radio 8 54936
radio 8 54953
radio 8 55466
radio 8 55521
radio 8 56035
radio 8 56052
radio 8 56565
radio 8 56582
radio 8 57095
radio 8 57127
radio 8 57641
radio 8 57716
radio 8 58230
radio 8 58247
radio 8 58760
radio 8 58777
radio 8 59290
radio 8 59342
radio 8 59856
radio 8 59888
radio 8 60402
radio 8 60450
radio 8 60964
radio 8 61012
radio 8 61526
radio 8 61556
radio 8 62070
radio 8 62122
radio 8 62636
radio 8 62664
radio 8 63178
radio 8 63195
radio 8 63708
radio 8 63737
radio 8 64251
radio 8 64268
radio 8 64781
radio 8 64798
radio 8 65311
radio 8 65328
radio 9 305
radio 9 359
radio 9 872
radio 9 903
radio 9 1416
radio 9 1446
radio 9 1960
radio 9 1996
radio 9 2510
radio 9 2563
radio 9 3077
radio 9 3106
radio 9 3620
radio 9 3637
radio 9 4150
radio 9 4186
radio 9 4700
radio 9 4733
radio 9 5247
radio 9 5296
radio 9 5810
radio 9 5827
radio 9 6340
radio 9 6357
radio 9 6870
radio 9 6887
radio 9 7400
radio 9 7449
radio 9 7963
radio 9 8014
radio 9 8528
radio 9 8561
radio 9 9075
radio 9 9105
radio 9 9619
radio 9 9647
radio 9 10161
radio 9 10190
radio 9 10704
radio 9 10756
radio 9 11270
radio 9 11324
radio 9 11838
radio 9 11891
radio 9 12405
radio 9 12437
radio 9 12951
radio 9 12999
radio 9 13513
radio 9 13546
radio 9 14060
radio 9 14088
radio 9 14602
radio 9 14630
radio 9 15144
radio 9 15192
radio 9 15706
radio 9 15739
radio 9 16253
radio 9 16305
radio 9 16819
radio 9 16868
radio 9 17382
radio 9 17414
radio 9 17928
radio 9 17976
radio 9 18490
radio 9 18523
radio 9 19037
radio 9 19073
radio 9 19587
radio 9 19604
radio 9 20117
radio 9 20149
radio 9 20663
radio 9 20699
radio 9 21213
radio 9 21242
radio 9 21756
radio 9 21789
radio 9 22303
radio 9 22331
radio 9 22845
radio 9 22862
radio 9 23375
radio 9 23426
radio 9 23940
radio 9 23972
radio 9 24486
radio 9 24514
radio 9 25028
radio 9 25056
radio 9 25570
radio 9 25598
radio 9 26112
radio 9 26161
radio 9 26675
radio 9 26692
radio 9 27205
radio 9 27222
radio 9 27735
radio 9 27752
radio 9 28265
radio 9 28296
radio 9 28810
radio 9 28840
radio 9 29354
radio 9 29371
radio 9 29884
radio 9 29936
radio 9 30450
radio 9 30501
radio 9 31015
radio 9 31032
radio 9 31545
radio 9 31580
radio 9 32094
radio 9 32144
radio 9 32658
radio 9 32711
radio 9 33225
radio 9 33255
radio 9 33769
radio 9 33818
radio 9 34332
radio 9 34382
radio 9 34896
radio 9 34913
radio 9 35426
radio 9 35456
radio 9 35970
radio 9 36018
radio 9 36532
radio 9 36583
radio 9 37097
radio 9 37131
radio 9 37645
radio 9 37696
radio 9 38210
radio 9 38227
radio 9 38740
radio 9 38776
radio 9 39290
radio 9 39319
radio 9 39833
radio 9 39861
radio 9 40375
radio 9 40423
radio 9 40937
radio 9 40989
radio 9 41503
radio 9 41536
radio 9 42050
radio 9 42101
radio 9 42615
radio 9 42664
radio 9 43178
radio 9 43211
energy 9 43236 8 50490
radio 9 43725
radio 9 43773
radio 9 44287
radio 9 44320
radio 9 44834
radio 9 44870
radio 9 45384
radio 9 45419
radio 9 45933
radio 9 45981
radio 9 46495
radio 9 46545
radio 9 47059
radio 9 47090
radio 9 47604
radio 9 47654
radio 9 48168
radio 9 48198
radio 9 48712
radio 9 48762
radio 9 49276
radio 9 49305
radio 9 49819
radio 9 49871
radio 9 50385
radio 9 50413
radio 9 50927
radio 9 50980
radio 9 51494
radio 9 51544
radio 9 52058
radio 9 52093
radio 9 52607
radio 9 52635
radio 9 53149
radio 9 53205
radio 9 53719
radio 9 53751
radio 9 54265
radio 9 54299
radio 9 54813
radio 9 54842
radio 9 55356
radio 9 55408
radio 9 55922
radio 9 55951
radio 9 56465
radio 9 56496
radio 9 57010
radio 9 57043
radio 9 57557
radio 9 57613
radio 9 58127
radio 9 58158
radio 9 58672
radio 9 58702
radio 9 59216
radio 9 59246
radio 9 59760
radio 9 59793
radio 9 60307
radio 9 60336
radio 9 60850
radio 9 60878
radio 9 61392
radio 9 61441
radio 9 61955
radio 9 61987
radio 9 62501
radio 9 62549
radio 9 63063
radio 9 63116
radio 9 63630
radio 9 63659
radio 9 64173
radio 9 64221
radio 9 64735
radio 9 64765
radio 9 65279
radio 9 65311
radio 10 289
radio 10 317
radio 10 831
radio 10 887
radio 10 1401
radio 10 1433
radio 10 1947
radio 10 1976
radio 10 2490
radio 10 2519
radio 10 3033
radio 10 3063
radio 10 3577
radio 10 3607
radio 10 4121
radio 10 4149
radio 10 4663
radio 10 4711
radio 10 5225
radio 10 5258
radio 10 5772
radio 10 5821
radio 10 6335
radio 10 6385
radio 10 6899
radio 10 6933
radio 10 7447
radio 10 7495
radio 10 8009
radio 10 8057
radio 10 8571
radio 10 8600
radio 10 9114
radio 10 9143
radio 10 9657
radio 10 9693
radio 10 10207
radio 10 10262
radio 10 10776
radio 10 10809
radio 10 11323
radio 10 11372
radio 10 11886
radio 10 11919
radio 10 12433
radio 10 12466
radio 10 12980
radio 10 13011
radio 10 13525
radio 10 13581
radio 10 14095
radio 10 14148
radio 10 14662
radio 10 14690
radio 10 15204
radio 10 15255
radio 10 15769
radio 10 15799
radio 10 16313
radio 10 16345
radio 10 16859
radio 10 16887
radio 10 17401
radio 10 17430
radio 10 17944
radio 10 17980
radio 10 18494
radio 10 18550
radio 10 19064
radio 10 19097
radio 10 19611
radio 10 19662
radio 10 20176
radio 10 20225
radio 10 20739
radio 10 20767
radio 10 21281
radio 10 21334
radio 10 21848
radio 10 21881
radio 10 22395
delay 0 19 10 22440 10 22756 18 11 65535 0 198 0 1
radio 10 23521
radio 10 24035
radio 10 24067
radio 10 24581
radio 10 24598
radio 10 25112
radio 10 25142
radio 10 25656
radio 10 25685
radio 10 26199
radio 10 26228
radio 10 26742
radio 10 26813
radio 10 27327
radio 10 27356
radio 10 27870
radio 10 27905
radio 10 28419
radio 10 28512
radio 10 29026
radio 10 29055
radio 10 29569
radio 10 29619
radio 10 30133
radio 10 30162
radio 10 30676
radio 10 30709
radio 10 31223
radio 10 31333
radio 10 31847
radio 10 31877
radio 10 32391
radio 10 32427
radio 10 32941
radio 10 32969
radio 10 33483
radio 10 33511
radio 10 34025
radio 10 34074
radio 10 34588
radio 10 34620
radio 10 35134
radio 10 35162
radio 10 35676
radio 10 35704
radio 10 36218
radio 10 36269
radio 10 36783
radio 10 36813
radio 10 37327
radio 10 37402
radio 10 37916
radio 10 37946
radio 10 38460
radio 10 38488
radio 10 39002
radio 10 39058
energy 10 39140 8 55191
radio 10 39572
radio 10 39625
radio 10 40139
radio 10 40172
radio 10 40686
radio 10 40737
radio 10 41251
radio 10 41304
radio 10 41818
radio 10 41835
radio 10 42349
radio 10 42366
radio 10 42880
delay 1 18 10 42897 10 43277 9 11 2 0 89 1 1
radio 10 43974
radio 10 44487
radio 10 44521
radio 10 45035
radio 10 45087
radio 10 45601
radio 10 45636
radio 10 46150
radio 10 46167
radio 10 46681
radio 10 46698
radio 10 47212
radio 10 47229
radio 10 47743
radio 10 47779
radio 10 48293
radio 10 48310
radio 10 48824
radio 10 48857
radio 10 49371
radio 10 49388
radio 10 49902
radio 10 49919
radio 10 50433
radio 10 50450
radio 10 50964
radio 10 51015
radio 10 51529
radio 10 51577
radio 10 52091
radio 10 52124
radio 10 52638
radio 10 52692
radio 10 53206
radio 10 53235
radio 10 53749
radio 10 53766
radio 10 54280
radio 10 54316
radio 10 54830
radio 10 54864
radio 10 55378
radio 10 55395
radio 10 55909
radio 10 55938
radio 10 56452
radio 10 56469
radio 10 56983
radio 10 57035
radio 10 57549
radio 10 57578
radio 10 58092
radio 10 58141
radio 10 58655
radio 10 58684
radio 10 59198
radio 10 59215
radio 10 59729
radio 10 59746
radio 10 60260
radio 10 60277
radio 10 60791
radio 10 60808
radio 10 61322
radio 10 61339
radio 10 61853
radio 10 61885
radio 10 62399
radio 10 62427
radio 10 62941
delay 2 19 10 63156 10 63473 18 11 65535 0 203 0 1
radio 10 64227
radio 10 64741
radio 10 64962
radio 10 65476
radio 10 65525
radio 11 503
radio 11 520
radio 11 1033
radio 11 1068
radio 11 1582
radio 11 1610
radio 11 2124
radio 11 2157
radio 11 2671
radio 11 2721
radio 11 3235
radio 11 3252
radio 11 3766
radio 11 3783
radio 11 4296
radio 11 4348
radio 11 4862
radio 11 4895
radio 11 5409
radio 11 5441
radio 11 5955
radio 11 5983
radio 11 6497
radio 11 6547
radio 11 7061
radio 11 7096
radio 11 7610
radio 11 7639
radio 11 8153
radio 11 8187
radio 11 8701
radio 11 8731
radio 11 9245
radio 11 9281
radio 11 9795
radio 11 9823
radio 11 10337
radio 11 10365
radio 11 10879
radio 11 10907
radio 11 11421
radio 11 11449
radio 11 11963
radio 11 11991
radio 11 12505
radio 11 12534
radio 11 13048
radio 11 13097
radio 11 13611
radio 11 13642
radio 11 14156
radio 11 14204
radio 11 14718
radio 11 14751
radio 11 15265
radio 11 15296
radio 11 15810
radio 11 15843
radio 11 16357
radio 11 16405
radio 11 16919
radio 11 16988
radio 11 17502
radio 11 17733
radio 11 18247
delay 3 18 11 18262 11 18642 9 11 2 0 330 0 1
radio 11 19323
radio 11 19837
radio 11 19868
radio 11 20382
radio 11 20438
radio 11 20952
radio 11 20985
radio 11 21499
radio 11 21551
radio 11 22065
radio 11 22093
radio 11 22607
radio 11 22635
radio 11 23149
radio 11 23177
radio 11 23691
radio 11 23719
radio 11 24233
radio 11 24262
radio 11 24776
radio 11 24805
radio 11 25319
radio 11 25372
radio 11 25886
radio 11 25918
radio 11 26432
radio 11 26480
radio 11 26994
radio 11 27049
radio 11 27563
radio 11 27594
radio 11 28108
radio 11 28157
radio 11 28671
radio 11 28700
radio 11 29214
radio 11 29247
radio 11 29761
radio 11 29793
radio 11 30307
radio 11 30359
radio 11 30873
radio 11 30925
radio 11 31439
radio 11 31472
radio 11 31986
radio 11 32034
radio 11 32548
radio 11 32601
radio 11 33115
radio 11 33185
radio 11 33699
radio 11 33731
radio 11 34245
radio 11 34281
radio 11 34795
radio 11 34823
energy 11 35044 8 61889
radio 11 35337
radio 11 35385
radio 11 35899
radio 11 35932
radio 11 36446
radio 11 36474
radio 11 36988
radio 11 37016
radio 11 37530
radio 11 37562
