Thread[Thread-1,5,main]tree 1000 20 28 14 0 0
radio 8 54491
radio 8 54494
radio 8 54528
radio 8 55042
radio 8 55070
radio 8 55584
radio 8 55613
radio 8 56127
radio 8 56158
radio 8 56672
radio 8 56721
radio 8 57235
radio 8 57283
radio 8 57797
radio 8 57828
radio 8 58342
radio 8 58370
radio 8 58884
radio 8 58914
radio 8 59428
radio 8 59484
radio 8 59998
radio 8 60015
radio 8 60529
radio 8 60565
radio 8 61079
radio 8 61115
radio 8 61629
radio 8 61663
radio 8 62177
radio 8 62207
radio 8 62721
radio 8 62738
radio 8 63252
radio 8 63303
radio 8 63817
radio 8 63849
radio 8 64363
radio 8 64413
radio 8 64927
radio 8 64956
radio 8 65470
radio 8 65487
radio 9 464
radio 9 496
radio 9 1009
radio 9 1038
radio 9 1552
radio 9 1600
radio 9 2114
radio 9 2143
radio 9 2657
radio 9 2685
radio 9 3199
radio 9 3229
radio 9 3743
radio 9 3779
radio 9 4293
radio 9 4329
radio 9 4843
radio 9 4878
radio 9 5392
radio 9 5428
radio 9 5942
radio 9 5970
radio 9 6484
radio 9 6532
radio 9 7046
radio 9 7078
radio 9 7592
radio 9 7624
radio 9 8138
radio 9 8170
radio 9 8684
radio 9 8740
radio 9 9254
radio 9 9286
radio 9 9800
radio 9 9848
radio 9 10362
radio 9 10415
radio 9 10929
radio 9 10962
radio 9 11476
radio 9 11512
radio 9 12026
radio 9 12062
radio 9 12576
radio 9 12624
radio 9 13138
radio 9 13171
radio 9 13685
radio 9 13716
radio 9 14230
radio 9 14261
radio 9 14775
radio 9 14805
radio 9 15319
radio 9 15347
radio 9 15861
radio 9 15890
radio 9 16404
radio 9 16440
radio 9 16954
radio 9 16990
radio 9 17504
radio 9 17540
radio 9 18054
radio 9 18082
radio 9 18596
radio 9 18624
radio 9 19138
radio 9 19166
radio 9 19680
radio 9 19708
radio 9 20222
radio 9 20274
radio 9 20788
radio 9 20824
radio 9 21338
radio 9 21374
radio 9 21888
radio 9 21944
radio 9 22458
radio 9 22488
radio 9 23002
radio 9 23031
radio 9 23545
radio 9 23581
radio 9 24095
radio 9 24151
radio 9 24665
radio 9 24682
radio 9 25195
radio 9 25212
radio 9 25726
radio 9 25757
radio 9 26271
radio 9 26300
radio 9 26814
radio 9 26849
radio 9 27363
radio 9 27398
radio 9 27912
radio 9 27948
radio 9 28462
radio 9 28493
radio 9 29007
radio 9 29039
radio 9 29553
radio 9 29621
radio 9 30135
radio 9 30167
radio 9 30681
radio 9 30698
radio 9 31212
radio 9 31229
radio 9 31742
radio 9 31759
radio 9 32272
radio 9 32289
radio 9 32803
radio 9 32854
radio 9 33368
radio 9 33400
radio 9 33914
radio 9 33950
radio 9 34464
radio 9 34495
radio 9 35009
radio 9 35059
radio 9 35573
radio 9 35609
radio 9 36123
radio 9 36159
radio 9 36673
radio 9 36701
radio 9 37215
radio 9 37263
radio 9 37777
radio 9 37825
radio 9 38339
radio 9 38368
radio 9 38882
radio 9 38930
radio 9 39444
radio 9 39477
radio 9 39991
radio 9 40027
radio 9 40541
radio 9 40569
radio 9 41083
radio 9 41112
radio 9 41626
radio 9 41662
radio 9 42176
radio 9 42212
radio 9 42726
radio 9 42762
radio 9 43276
radio 9 43304
radio 9 43818
radio 9 43866
radio 9 44380
radio 9 44413
radio 9 44927
radio 9 44944
radio 9 45458
radio 9 45493
radio 9 46007
radio 9 46039
radio 9 46553
radio 9 46583
radio 9 47097
radio 9 47114
radio 9 47628
radio 9 47645
radio 9 48159
radio 9 48188
radio 9 48702
radio 9 48719
radio 9 49232
radio 9 49249
radio 9 49762
radio 9 49779
radio 9 50293
radio 9 50310
energy 9 50406 8 57576
radio 9 50823
radio 9 50854
radio 9 51368
radio 9 51417
radio 9 51931
radio 9 51948
radio 9 52461
radio 9 52478
radio 9 52991
radio 9 53021
radio 9 53535
radio 9 53565
radio 9 54079
radio 9 54110
radio 9 54624
radio 9 54641
radio 9 55154
radio 9 55171
radio 9 55684
radio 9 55719
radio 9 56233
radio 9 56262
radio 9 56776
radio 9 56793
radio 9 57307
radio 9 57324
radio 9 57837
radio 9 57865
radio 9 58379
radio 9 58409
radio 9 58923
radio 9 58940
radio 9 59454
radio 9 59471
radio 9 59984
radio 9 60059
radio 9 60573
radio 9 60590
radio 9 61104
radio 9 61135
radio 9 61649
radio 9 61678
radio 9 62192
radio 9 62228
radio 9 62742
radio 9 62778
radio 9 63292
radio 9 63320
radio 9 63834
radio 9 63889
radio 9 64403
radio 9 64435
radio 9 64949
radio 9 64985
radio 9 65499
radio 9 65535
radio 10 513
radio 10 541
radio 10 1055
radio 10 1090
radio 10 1604
radio 10 1636
radio 10 2150
radio 10 2181
radio 10 2695
radio 10 2731
radio 10 3245
radio 10 3281
radio 10 3795
radio 10 3825
radio 10 4339
radio 10 4368
radio 10 4882
radio 10 4915
radio 10 5429
radio 10 5457
radio 10 5971
radio 10 6019
radio 10 6533
radio 10 6562
radio 10 7076
radio 10 7108
radio 10 7622
radio 10 7650
radio 10 8164
radio 10 8212
radio 10 8726
radio 10 8759
radio 10 9273
radio 10 9304
radio 10 9818
radio 10 9851
radio 10 10365
radio 10 10413
radio 10 10927
radio 10 10960
radio 10 11474
radio 10 11507
radio 10 12021
radio 10 12052
radio 10 12566
radio 10 12614
radio 10 13128
radio 10 13161
radio 10 13675
radio 10 13711
radio 10 14225
radio 10 14253
radio 10 14767
radio 10 14835
radio 10 15349
radio 10 15378
radio 10 15892
radio 10 15920
radio 10 16434
radio 10 16463
radio 10 16977
radio 10 17005
radio 10 17519
radio 10 17554
radio 10 18068
radio 10 18117
radio 10 18631
radio 10 18664
radio 10 19178
radio 10 19207
radio 10 19721
radio 10 19750
radio 10 20264
radio 10 20298
radio 10 20812
radio 10 20848
radio 10 21362
radio 10 21398
radio 10 21912
delay 0 42 10 21946 10 21866 7 18 11 1 150 1 0
radio 10 23089
radio 10 23603
radio 10 23632
radio 10 24146
radio 10 24174
radio 10 24688
radio 10 24717
radio 10 25231
radio 10 25266
radio 10 25780
radio 10 25834
radio 10 26348
radio 10 26381
radio 10 26895
radio 10 26927
radio 10 27441
radio 10 27472
radio 10 27986
radio 10 28034
radio 10 28548
radio 10 28580
radio 10 29094
radio 10 29190
radio 10 29704
radio 10 29737
radio 10 30251
radio 10 30287
radio 10 30801
radio 10 30831
radio 10 31345
radio 10 31393
radio 10 31907
radio 10 31937
radio 10 32451
radio 10 32487
radio 10 33001
radio 10 33037
radio 10 33551
radio 10 33581
radio 10 34095
radio 10 34130
radio 10 34644
radio 10 34680
radio 10 35194
radio 10 35223
radio 10 35737
radio 10 35792
radio 10 36306
radio 10 36323
radio 10 36837
radio 10 36869
radio 10 37383
radio 10 37415
radio 10 37929
radio 10 37958
radio 10 38472
radio 10 38521
radio 10 39035
radio 10 39065
radio 10 39579
radio 10 39607
radio 10 40121
radio 10 40149
radio 10 40663
radio 10 40692
radio 10 41206
radio 10 41242
radio 10 41756
radio 10 41773
radio 10 42287
radio 10 42304
radio 10 42818
delay 1 29 10 42963 10 43226 20 18 65535 0 245 0 0
radio 10 42971
radio 10 43485
radio 10 43623
radio 10 44136
radio 10 44164
radio 10 44678
radio 10 44708
radio 10 45222
radio 10 45277
radio 10 45791
radio 10 45825
energy 10 46310 8 61946
radio 10 46339
radio 10 46390
radio 10 46904
radio 10 46973
radio 10 47487
radio 10 47536
radio 10 48050
radio 10 48083
radio 10 48597
radio 10 48631
radio 10 49145
radio 10 49175
radio 10 49689
radio 10 49738
radio 10 50252
radio 10 50284
radio 10 50798
radio 10 50827
radio 10 51341
radio 10 51416
radio 10 51930
radio 10 51959
radio 10 52473
radio 10 52507
radio 10 53021
radio 10 53050
radio 10 53564
radio 10 53593
radio 10 54107
radio 10 54142
radio 10 54656
radio 10 54691
radio 10 55205
radio 10 55241
radio 10 55755
radio 10 55827
radio 10 56341
radio 10 56371
radio 10 56885
radio 10 56916
radio 10 57430
radio 10 57458
radio 10 57972
radio 10 58021
radio 10 58535
radio 10 58567
radio 10 59081
radio 10 59117
radio 10 59631
radio 10 59659
radio 10 60173
radio 10 60222
radio 10 60736
radio 10 60767
radio 10 61281
radio 10 61310
radio 10 61824
radio 10 61852
radio 10 62366
radio 10 62394
radio 10 62908
delay 2 9 10 62982 10 63732 20 18 65535 0 53 1 0
radio 10 64047
radio 10 64560
radio 10 64671
radio 10 65185
radio 10 65213
radio 11 191
radio 11 243
radio 11 757
radio 11 791
radio 11 1305
radio 11 1341
radio 11 1855
radio 11 1886
radio 11 2400
radio 11 2450
radio 11 2964
radio 11 2994
radio 11 3508
radio 11 3538
radio 11 4052
radio 11 4085
radio 11 4599
radio 11 4674
radio 11 5188
radio 11 5217
radio 11 5731
radio 11 5760
radio 11 6274
radio 11 6326
radio 11 6840
radio 11 6868
radio 11 7382
radio 11 7410
radio 11 7924
radio 11 7952
radio 11 8466
radio 11 8494
radio 11 9008
radio 11 9056
radio 11 9570
radio 11 9603
radio 11 10117
radio 11 10152
radio 11 10666
radio 11 10734
radio 11 11248
radio 11 11279
radio 11 11793
radio 11 11823
radio 11 12337
radio 11 12369
radio 11 12883
radio 11 12933
radio 11 13447
radio 11 13478
radio 11 13992
radio 11 14022
radio 11 14536
radio 11 14567
radio 11 15081
radio 11 15134
radio 11 15648
radio 11 15681
radio 11 16195
radio 11 16231
radio 11 16745
radio 11 16814
radio 11 17328
radio 11 17358
radio 11 17872
delay 3 48 11 18026 11 17830 11 18 7 0 249 0 0
radio 11 18033
radio 11 18548
radio 11 18592
radio 11 19105
radio 11 19121
radio 11 19635
radio 11 19664
radio 11 20178
radio 11 20214
radio 11 20728
radio 11 20764
radio 11 21278
radio 11 21326
radio 11 21840
radio 11 21871
radio 11 22385
radio 11 22415
radio 11 22929
radio 11 22957
radio 11 23471
radio 11 23539
radio 11 24053
radio 11 24082
radio 11 24596
radio 11 24624
radio 11 25138
radio 11 25166
radio 11 25680
radio 11 25728
radio 11 26242
radio 11 26275
radio 11 26789
radio 11 26822
radio 11 27336
radio 11 27367
radio 11 27881
radio 11 27930
radio 11 28444
radio 11 28496
radio 11 29010
radio 11 29043
radio 11 29557
radio 11 29628
radio 11 30142
radio 11 30172
radio 11 30686
radio 11 30718
radio 11 31232
radio 11 31280
radio 11 31794
radio 11 31827
radio 11 32341
radio 11 32370
radio 11 32884
radio 11 32919
radio 11 33433
radio 11 33481
radio 11 33995
radio 11 34028
radio 11 34542
radio 11 34578
radio 11 35092
radio 11 35160
radio 11 35674
radio 11 35703
radio 11 36217
radio 11 36245
radio 11 36759
radio 11 36788
radio 11 37302
radio 11 37338
