Thread[Thread-1,5,main]tree 83 18 43 16 0 0
radio 8 46271
radio 8 46275
radio 8 46324
radio 8 46838
radio 8 46867
radio 8 47381
radio 8 47410
radio 8 47924
radio 8 47972
radio 8 48486
radio 8 48535
radio 8 49049
radio 8 49066
radio 8 49579
radio 8 49609
radio 8 50123
radio 8 50140
radio 8 50653
radio 8 50683
radio 8 51197
radio 8 51227
radio 8 51741
radio 8 51769
radio 8 52283
radio 8 52314
radio 8 52828
radio 8 52900
radio 8 53414
radio 8 53445
radio 8 53959
radio 8 53995
radio 8 54509
radio 8 54537
radio 8 55051
radio 8 55099
radio 8 55613
radio 8 55646
radio 8 56160
radio 8 56196
radio 8 56710
radio 8 56738
radio 8 57252
radio 8 57300
radio 8 57814
radio 8 57866
radio 8 58380
radio 8 58409
radio 8 58923
radio 8 58972
radio 8 59486
radio 8 59514
radio 8 60028
radio 8 60056
radio 8 60570
radio 8 60598
radio 8 61112
radio 8 61140
radio 8 61654
radio 8 61702
radio 8 62216
radio 8 62265
radio 8 62779
radio 8 62796
radio 8 63309
radio 8 63339
radio 8 63853
radio 8 63961
radio 8 64475
radio 8 64568
radio 8 65082
radio 8 65112
radio 9 90
radio 9 107
radio 9 620
radio 9 670
radio 9 1183
radio 9 1212
radio 9 1726
radio 9 1743
radio 9 2256
radio 9 2291
radio 9 2805
radio 9 2822
radio 9 3335
radio 9 3365
radio 9 3879
radio 9 3914
radio 9 4428
radio 9 4445
radio 9 4958
radio 9 4975
radio 9 5488
radio 9 5505
radio 9 6018
radio 9 6035
radio 9 6548
radio 9 6565
radio 9 7078
radio 9 7131
radio 9 7645
radio 9 7695
radio 9 8209
radio 9 8262
radio 9 8776
radio 9 8793
radio 9 9306
radio 9 9336
radio 9 9850
radio 9 9902
radio 9 10416
radio 9 10433
radio 9 10946
radio 9 10963
radio 9 11476
radio 9 11507
radio 9 12021
radio 9 12038
radio 9 12551
radio 9 12580
radio 9 13094
radio 9 13145
radio 9 13659
radio 9 13688
radio 9 14202
radio 9 14237
radio 9 14751
radio 9 14768
radio 9 15281
radio 9 15309
radio 9 15823
radio 9 15879
radio 9 16393
radio 9 16442
radio 9 16956
radio 9 16973
radio 9 17486
radio 9 17521
radio 9 18035
radio 9 18083
radio 9 18597
radio 9 18648
radio 9 19162
radio 9 19192
radio 9 19706
radio 9 19754
radio 9 20268
radio 9 20320
radio 9 20834
radio 9 20866
radio 9 21380
radio 9 21431
radio 9 21945
radio 9 21974
radio 9 22488
radio 9 22516
radio 9 23030
radio 9 23062
radio 9 23576
radio 9 23607
radio 9 24121
radio 9 24152
radio 9 24666
radio 9 24699
radio 9 25213
radio 9 25245
radio 9 25759
radio 9 25791
radio 9 26305
radio 9 26361
radio 9 26875
radio 9 26927
radio 9 27441
radio 9 27470
radio 9 27984
radio 9 28034
radio 9 28548
radio 9 28580
radio 9 29094
radio 9 29142
radio 9 29656
radio 9 29689
radio 9 30203
radio 9 30253
radio 9 30767
radio 9 30798
radio 9 31312
radio 9 31345
radio 9 31859
radio 9 31890
radio 9 32404
radio 9 32440
radio 9 32954
radio 9 32982
radio 9 33496
radio 9 33527
radio 9 34041
radio 9 34058
radio 9 34571
radio 9 34603
radio 9 35117
radio 9 35152
radio 9 35666
radio 9 35695
radio 9 36209
radio 9 36262
radio 9 36776
radio 9 36812
radio 9 37326
radio 9 37374
radio 9 37888
radio 9 37905
radio 9 38418
radio 9 38435
radio 9 38948
radio 9 38978
radio 9 39492
radio 9 39520
radio 9 40034
radio 9 40065
radio 9 40579
radio 9 40632
radio 9 41146
radio 9 41198
radio 9 41712
radio 9 41729
energy 9 42187 8 49529
radio 9 42242
radio 9 42310
radio 9 42824
radio 9 42872
radio 9 43386
radio 9 43403
radio 9 43916
radio 9 44027
radio 9 44541
radio 9 44570
radio 9 45084
radio 9 45135
radio 9 45649
radio 9 45758
radio 9 46272
radio 9 46300
radio 9 46814
radio 9 46843
radio 9 47357
radio 9 47412
radio 9 47926
radio 9 47974
radio 9 48488
radio 9 48517
radio 9 49031
radio 9 49067
radio 9 49581
radio 9 49657
radio 9 50171
radio 9 50200
radio 9 50714
radio 9 50742
radio 9 51256
radio 9 51284
radio 9 51798
radio 9 51847
radio 9 52361
radio 9 52432
radio 9 52946
radio 9 52996
radio 9 53510
radio 9 53541
radio 9 54055
radio 9 54083
radio 9 54597
radio 9 54629
radio 9 55143
radio 9 55192
radio 9 55706
radio 9 55740
radio 9 56254
radio 9 56284
radio 9 56798
radio 9 56834
radio 9 57348
radio 9 57397
radio 9 57911
radio 9 57940
radio 9 58454
radio 9 58485
radio 9 58999
radio 9 59028
radio 9 59542
radio 9 59576
radio 9 60090
radio 9 60139
radio 9 60653
radio 9 60705
radio 9 61219
radio 9 61252
radio 9 61766
radio 9 61814
radio 9 62328
radio 9 62361
radio 9 62875
radio 9 62911
radio 9 63425
radio 9 63496
radio 9 64010
radio 9 64043
radio 9 64557
radio 9 64593
radio 9 65107
radio 9 65157
radio 10 135
radio 10 164
radio 10 678
radio 10 707
radio 10 1221
radio 10 1254
radio 10 1768
radio 10 1798
radio 10 2312
radio 10 2361
radio 10 2875
radio 10 2905
radio 10 3419
radio 10 3447
radio 10 3961
radio 10 3989
radio 10 4503
radio 10 4552
radio 10 5066
radio 10 5094
radio 10 5608
radio 10 5640
radio 10 6154
radio 10 6182
radio 10 6696
radio 10 6724
radio 10 7238
radio 10 7286
radio 10 7800
radio 10 7833
radio 10 8347
radio 10 8375
radio 10 8889
radio 10 8917
radio 10 9431
radio 10 9479
radio 10 9993
radio 10 10023
radio 10 10537
radio 10 10568
radio 10 11082
radio 10 11118
radio 10 11632
radio 10 11680
radio 10 12194
radio 10 12246
radio 10 12760
radio 10 12794
radio 10 13308
radio 10 13357
radio 10 13871
radio 10 13902
radio 10 14416
radio 10 14445
radio 10 14959
radio 10 14990
radio 10 15504
radio 10 15536
radio 10 16050
radio 10 16099
radio 10 16613
radio 10 16642
radio 10 17156
radio 10 17188
radio 10 17702
radio 10 17734
radio 10 18248
radio 10 18300
radio 10 18814
radio 10 18845
radio 10 19359
radio 10 19389
radio 10 19903
radio 10 19939
radio 10 20453
radio 10 20509
radio 10 21023
radio 10 21056
radio 10 21570
radio 10 21601
radio 10 22115
delay 0 34 10 22284 10 22467 22 14 65535 0 309 0 0
radio 10 22293
radio 10 22807
radio 10 22878
radio 10 23391
radio 10 23413
radio 10 23927
radio 10 23994
radio 10 24508
radio 10 24538
radio 10 25052
radio 10 25108
radio 10 25622
radio 10 25734
radio 10 26248
radio 10 26277
radio 10 26791
radio 10 26821
radio 10 27335
radio 10 27366
radio 10 27880
radio 10 27908
radio 10 28422
radio 10 28472
radio 10 28986
radio 10 29058
radio 10 29572
radio 10 29608
radio 10 30122
radio 10 30157
radio 10 30671
radio 10 30700
radio 10 31214
radio 10 31248
radio 10 31762
radio 10 31811
radio 10 32325
radio 10 32355
radio 10 32869
radio 10 32899
radio 10 33413
radio 10 33442
radio 10 33956
radio 10 33984
radio 10 34498
radio 10 34526
radio 10 35040
radio 10 35249
radio 10 35763
radio 10 35811
radio 10 36325
radio 10 36376
radio 10 36890
radio 10 36925
radio 10 37439
radio 10 37474
radio 10 37988
radio 10 38017
energy 10 38091 8 53632
radio 10 38531
radio 10 38561
radio 10 39075
radio 10 39105
radio 10 39619
radio 10 39649
radio 10 40163
radio 10 40213
radio 10 40727
radio 10 40760
radio 10 41274
radio 10 41304
radio 10 41818
radio 10 41852
radio 10 42366
delay 1 25 10 42390 10 42741 22 14 65535 0 25 1 0
radio 10 43464
radio 10 43978
radio 10 43995
radio 10 44509
radio 10 44538
radio 10 45052
radio 10 45081
radio 10 45595
radio 10 45670
radio 10 46184
radio 10 46214
radio 10 46728
radio 10 46760
radio 10 47274
radio 10 47345
radio 10 47859
radio 10 47889
radio 10 48403
radio 10 48459
radio 10 48973
radio 10 49026
radio 10 49540
radio 10 49573
radio 10 50087
radio 10 50117
radio 10 50631
radio 10 50725
radio 10 51239
radio 10 51269
radio 10 51783
radio 10 51815
radio 10 52329
radio 10 52364
radio 10 52878
radio 10 52910
radio 10 53424
radio 10 53455
radio 10 53969
radio 10 54005
radio 10 54519
radio 10 54570
radio 10 55084
radio 10 55113
radio 10 55627
radio 10 55657
radio 10 56171
radio 10 56204
radio 10 56718
radio 10 56787
radio 10 57301
radio 10 57330
radio 10 57844
radio 10 57872
radio 10 58386
radio 10 58414
radio 10 58928
radio 10 58976
radio 10 59490
radio 10 59543
radio 10 60057
radio 10 60090
radio 10 60604
radio 10 60655
radio 10 61169
radio 10 61218
radio 10 61732
radio 10 61764
radio 10 62278
radio 10 62326
radio 10 62840
delay 2 46 10 62921 10 62855 11 14 3 0 193 0 0
radio 10 62929
radio 10 63443
radio 10 63561
radio 10 64074
radio 10 64119
radio 10 64632
radio 10 64656
radio 10 65169
radio 10 65204
radio 11 182
radio 11 211
radio 11 725
radio 11 793
radio 11 1307
radio 11 1336
radio 11 1850
radio 11 1878
radio 11 2392
radio 11 2480
radio 11 2994
radio 11 3023
radio 11 3537
radio 11 3610
radio 11 4124
radio 11 4173
radio 11 4687
radio 11 4720
radio 11 5234
radio 11 5262
radio 11 5776
radio 11 5824
radio 11 6338
radio 11 6371
radio 11 6885
radio 11 6921
radio 11 7435
radio 11 7463
radio 11 7977
radio 11 8025
radio 11 8539
radio 11 8590
radio 11 9104
radio 11 9137
radio 11 9651
radio 11 9701
radio 11 10215
radio 11 10267
radio 11 10781
radio 11 10811
radio 11 11325
radio 11 11375
radio 11 11889
radio 11 11958
radio 11 12472
radio 11 12521
radio 11 13035
radio 11 13064
radio 11 13578
radio 11 13607
radio 11 14121
radio 11 14157
radio 11 14671
radio 11 14688
radio 11 15202
radio 11 15253
radio 11 15767
radio 11 15838
radio 11 16352
radio 11 16403
radio 11 16917
radio 11 16985
radio 11 17499
radio 11 17669
radio 11 18183
delay 3 13 11 18482 11 19238 14 14 65535 0 774 0 0
radio 11 18490
radio 11 19004
radio 11 19049
radio 11 19562
radio 11 19596
radio 11 20110
radio 11 20144
radio 11 20658
radio 11 20686
radio 11 21200
radio 11 21229
radio 11 21743
radio 11 21796
radio 11 22310
radio 11 22345
radio 11 22859
radio 11 22907
radio 11 23421
radio 11 23494
radio 11 24008
radio 11 24060
radio 11 24574
radio 11 24644
radio 11 25158
radio 11 25175
radio 11 25689
radio 11 25741
radio 11 26255
radio 11 26303
radio 11 26817
radio 11 26846
radio 11 27360
radio 11 27428
radio 11 27942
radio 11 27971
radio 11 28485
radio 11 28520
radio 11 29034
radio 11 29063
radio 11 29577
radio 11 29631
radio 11 30145
radio 11 30200
radio 11 30714
radio 11 30771
radio 11 31285
radio 11 31302
radio 11 31816
radio 11 31833
radio 11 32347
radio 11 32375
radio 11 32889
radio 11 32922
radio 11 33436
radio 11 33465
radio 11 33979
energy 11 33999 8 58974
radio 11 34028
radio 11 34542
radio 11 34594
radio 11 35108
radio 11 35138
radio 11 35652
radio 11 35680
radio 11 36194
radio 11 36225
radio 11 36739
radio 11 36796
radio 11 37310
radio 11 37338
