Thread[Thread-1,5,main]tree 23 0 0 14 23 1
radio 10 1288
radio 10 1292
radio 10 1325
radio 10 1839
radio 10 1868
radio 10 2382
radio 10 2417
radio 10 2931
radio 10 2982
radio 10 3496
radio 10 3526
radio 10 4040
radio 10 4076
radio 10 4590
radio 10 4626
radio 10 5140
radio 10 5168
radio 10 5682
radio 10 5710
radio 10 6224
radio 10 6252
radio 10 6766
radio 10 6794
radio 10 7308
radio 10 7336
radio 10 7850
radio 10 7879
radio 10 8393
radio 10 8429
radio 10 8943
radio 10 8978
radio 10 9492
radio 10 9520
radio 10 10034
radio 10 10063
radio 10 10577
radio 10 10633
radio 10 11147
radio 10 11180
radio 10 11694
radio 10 11730
radio 10 12244
radio 10 12272
radio 10 12786
radio 10 12835
radio 10 13349
radio 10 13381
radio 10 13895
radio 10 13923
radio 10 14437
radio 10 14473
radio 10 14987
radio 10 15036
radio 10 15550
radio 10 15582
radio 10 16096
radio 10 16132
radio 10 16646
radio 10 16675
radio 10 17189
radio 10 17243
radio 10 17757
radio 10 17791
radio 10 18305
radio 10 18333
radio 10 18847
radio 10 18876
radio 10 19390
radio 10 19445
radio 10 19959
radio 10 19992
radio 10 20506
radio 10 20535
radio 10 21049
radio 10 21081
radio 10 21595
radio 10 21647
radio 10 22161
radio 10 22189
radio 10 22703
radio 10 22736
radio 10 23250
radio 10 23285
radio 10 23799
radio 10 23848
radio 10 24362
radio 10 24395
radio 10 24909
delay 17 23 10 24943 9 54481 0 0 65535 0 54474 0 1
radio 10 24953
radio 10 25466
radio 10 25528
radio 10 26042
radio 10 26078
radio 10 26592
radio 10 26626
radio 10 27140
radio 10 27170
radio 10 27684
radio 10 27713
radio 10 28227
radio 10 28263
radio 10 28777
radio 10 28811
radio 10 29325
radio 10 29355
radio 10 29869
radio 10 29925
radio 10 30439
radio 10 30492
radio 10 31006
radio 10 31039
radio 10 31553
radio 10 31606
radio 10 32120
radio 10 32152
radio 10 32666
radio 10 32698
radio 10 33212
radio 10 33248
radio 10 33762
radio 10 33811
radio 10 34325
radio 10 34357
radio 10 34871
radio 10 34907
radio 10 35421
radio 10 35450
radio 10 35964
radio 10 36013
radio 10 36527
radio 10 36556
radio 10 37070
radio 10 37100
radio 10 37614
radio 10 37647
radio 10 38161
radio 10 38212
radio 10 38726
radio 10 38757
radio 10 39271
radio 10 39301
radio 10 39815
radio 10 39851
radio 10 40365
radio 10 40414
radio 10 40928
radio 10 40958
radio 10 41472
radio 10 41502
radio 10 42016
radio 10 42046
radio 10 42560
radio 10 42614
radio 10 43128
radio 10 43161
radio 10 43675
radio 10 43709
radio 10 44223
radio 10 44253
radio 10 44767
radio 10 44816
radio 10 45330
radio 10 45362
radio 10 45876
radio 10 45910
radio 10 46424
radio 10 46492
radio 10 47006
radio 10 47037
radio 10 47551
radio 10 47580
radio 10 48094
radio 10 48129
radio 10 48643
radio 10 48692
radio 10 49206
radio 10 49238
radio 10 49752
radio 10 49780
radio 10 50294
radio 10 50331
radio 10 50845
radio 10 50896
radio 10 51410
radio 10 51439
radio 10 51953
radio 10 52002
radio 10 52516
radio 10 52548
radio 10 53062
radio 10 53093
radio 10 53607
radio 10 53640
radio 10 54154
radio 10 54188
radio 10 54702
radio 10 54733
radio 10 55247
radio 10 55276
radio 10 55790
radio 10 55825
radio 10 56339
radio 10 56388
radio 10 56902
radio 10 56934
radio 10 57448
radio 10 57504
radio 10 58018
radio 10 58131
radio 10 58645
radio 10 58675
radio 10 59189
radio 10 59206
radio 10 59720
radio 10 59737
radio 10 60251
radio 10 60268
radio 10 60782
radio 10 60817
radio 10 61331
radio 10 61348
radio 10 61862
radio 10 61911
radio 10 62425
radio 10 62454
energy 10 62740 10 4699
radio 10 62968
radio 10 62985
radio 10 63499
radio 10 63516
radio 10 64030
radio 10 64186
radio 10 64700
radio 10 64717
radio 10 65231
radio 10 65287
radio 11 265
radio 11 293
radio 11 807
radio 11 824
radio 11 1337
radio 11 1354
radio 11 1868
radio 11 1900
radio 11 2414
radio 11 2431
radio 11 2945
radio 11 2975
radio 11 3489
radio 11 3506
radio 11 4020
radio 11 4037
radio 11 4551
radio 11 4568
radio 11 5082
radio 11 5099
radio 11 5613
radio 11 5630
radio 11 6144
radio 11 6179
radio 11 6693
radio 11 6722
radio 11 7236
radio 11 7253
radio 11 7767
radio 11 7784
radio 11 8298
radio 11 8330
radio 11 8844
radio 11 8875
radio 11 9389
radio 11 9406
radio 11 9920
radio 11 9950
radio 11 10464
radio 11 10481
radio 11 10995
radio 11 11050
radio 11 11564
radio 11 11596
radio 11 12110
radio 11 12141
radio 11 12655
radio 11 12672
radio 11 13186
radio 11 13217
radio 11 13731
radio 11 13783
radio 11 14297
radio 11 14314
radio 11 14828
radio 11 14857
radio 11 15371
radio 11 15420
radio 11 15934
radio 11 15965
radio 11 16479
radio 11 16512
radio 11 17026
radio 11 17063
radio 11 17577
radio 11 17613
radio 11 18127
radio 11 18180
radio 11 18694
radio 11 18726
radio 11 19240
radio 11 19271
radio 11 19785
radio 11 19821
radio 11 20335
radio 11 20390
radio 11 20904
radio 11 20940
radio 11 21454
radio 11 21484
radio 11 21998
radio 11 22015
radio 11 22529
radio 11 22546
radio 11 23060
radio 11 23116
radio 11 23630
radio 11 23647
radio 11 24161
radio 11 24178
radio 11 24692
radio 11 24744
radio 11 25258
radio 11 25311
radio 11 25825
radio 11 25842
radio 11 26356
radio 11 26388
radio 11 26902
radio 11 26919
radio 11 27433
radio 11 27464
radio 11 27978
radio 11 28011
radio 11 28525
radio 11 28556
radio 11 29070
radio 11 29106
radio 11 29620
radio 11 29637
radio 11 30151
radio 11 30180
radio 11 30694
radio 11 30711
radio 11 31225
radio 11 31254
radio 11 31768
radio 11 31819
radio 11 32333
radio 11 32363
radio 11 32877
radio 11 32910
radio 11 33424
radio 11 33441
radio 11 33955
radio 11 33985
radio 11 34499
radio 11 34531
radio 11 35045
radio 11 35062
radio 11 35576
radio 11 35593
radio 11 36107
radio 11 36137
radio 11 36651
radio 11 36668
radio 11 37182
radio 11 37199
radio 11 37713
radio 11 37744
radio 11 38258
radio 11 38287
radio 11 38801
radio 11 38818
radio 11 39332
radio 11 39363
radio 11 39877
radio 11 39910
radio 11 40424
radio 11 40441
radio 11 40955
radio 11 40987
radio 11 41501
radio 11 41518
radio 11 42032
radio 11 42062
radio 11 42576
radio 11 42613
radio 11 43127
radio 11 43163
radio 11 43677
radio 11 43711
radio 11 44225
radio 11 44242
radio 11 44756
radio 11 44789
radio 11 45303
radio 11 45332
radio 11 45846
radio 11 45878
radio 11 46392
radio 11 46442
radio 11 46956
radio 11 46990
radio 11 47504
radio 11 47535
radio 11 48049
radio 11 48082
radio 11 48596
radio 11 48624
radio 11 49138
radio 11 49166
radio 11 49680
radio 11 49715
radio 11 50229
radio 11 50259
radio 11 50773
radio 11 50806
radio 11 51320
radio 11 51351
radio 11 51865
radio 11 51901
radio 11 52415
radio 11 52443
radio 11 52957
radio 11 52989
radio 11 53503
radio 11 53531
radio 11 54045
radio 11 54114
radio 11 54628
radio 11 54681
radio 11 55195
radio 11 55224
radio 11 55738
radio 11 55755
radio 11 56269
radio 11 56317
radio 11 56831
radio 11 56881
radio 11 57395
radio 11 57426
radio 11 57940
radio 11 57994
radio 11 58508
radio 11 58558
flood 0 11 58643
energy 11 58645 10 7579
radio 11 58647
radio 11 59731
radio 11 60245
radio 11 60262
radio 11 60776
radio 11 60826
radio 11 61340
radio 11 61390
radio 11 61904
radio 11 61932
radio 11 62446
radio 11 62477
radio 11 62991
radio 11 63008
radio 11 63522
radio 11 63551
radio 11 64065
radio 11 64116
radio 11 64630
radio 11 64658
radio 11 65172
radio 11 65189
radio 12 167
radio 12 222
radio 12 736
radio 12 753
radio 12 1266
radio 12 1283
radio 12 1797
radio 12 1814
radio 12 2328
radio 12 2345
radio 12 2859
radio 12 2876
radio 12 3390
radio 12 3407
radio 12 3921
radio 12 3938
radio 12 4452
radio 12 4469
radio 12 4983
radio 12 5031
radio 12 5545
radio 12 5576
radio 12 6090
radio 12 6139
radio 12 6653
radio 12 6670
radio 12 7184
radio 12 7219
radio 12 7733
radio 12 7767
radio 12 8281
radio 12 8330
radio 12 8844
radio 12 8861
radio 12 9375
radio 12 9392
radio 12 9906
radio 12 9936
radio 12 10450
radio 12 10485
radio 12 10999
radio 12 11051
radio 12 11565
radio 12 11597
radio 12 12111
radio 12 12141
radio 12 12655
radio 12 12685
radio 12 13199
radio 12 13229
flood 1 12 13587
radio 12 13589
radio 12 14670
radio 12 15184
radio 12 15351
radio 12 15865
radio 12 15882
radio 12 16396
radio 12 16413
radio 12 16927
radio 12 16944
radio 12 17458
radio 12 17491
radio 12 18005
radio 12 18022
radio 12 18536
radio 12 18553
radio 12 19067
radio 12 19097
radio 12 19611
radio 12 19640
radio 12 20154
radio 12 20171
radio 12 20685
radio 12 20718
radio 12 21232
radio 12 21249
radio 12 21763
radio 12 21793
radio 12 22307
radio 12 22339
radio 12 22853
radio 12 22907
radio 12 23421
radio 12 23438
radio 12 23952
radio 12 23969
radio 12 24483
radio 12 24511
radio 12 25025
radio 12 25042
radio 12 25556
radio 12 25586
radio 12 26100
radio 12 26154
radio 12 26668
radio 12 26702
radio 12 27216
radio 12 27331
radio 12 27845
radio 12 27899
radio 12 28413
radio 12 28481
radio 12 28995
radio 12 29026
radio 12 29540
radio 12 29571
radio 12 30085
radio 12 30102
radio 12 30616
radio 12 30667
radio 12 31181
radio 12 31216
radio 12 31730
radio 12 31761
radio 12 32275
radio 12 32311
radio 12 32825
radio 12 32879
radio 12 33393
radio 12 33410
radio 12 33924
radio 12 33952
flood 2 12 34067
radio 12 34069
radio 12 35237
radio 12 35750
radio 12 35808
radio 12 36322
radio 12 36397
radio 12 36911
radio 12 36959
radio 12 37473
radio 12 37490
radio 12 38004
radio 12 38053
radio 12 38567
radio 12 38584
radio 12 39098
radio 12 39115
radio 12 39629
radio 12 39679
radio 12 40193
radio 12 40210
radio 12 40724
radio 12 40741
radio 12 41255
radio 12 41272
radio 12 41786
radio 12 41803
radio 12 42317
radio 12 42334
radio 12 42848
radio 12 42882
radio 12 43396
radio 12 43413
radio 12 43927
radio 12 43944
radio 12 44458
radio 12 44506
radio 12 45020
radio 12 45050
radio 12 45564
radio 12 45593
radio 12 46107
radio 12 46124
radio 12 46638
radio 12 46655
radio 12 47169
radio 12 47199
radio 12 47713
radio 12 47730
radio 12 48244
radio 12 48261
radio 12 48775
radio 12 48805
radio 12 49319
radio 12 49336
radio 12 49850
radio 12 49867
radio 12 50381
radio 12 50398
radio 12 50912
radio 12 50929
radio 12 51443
radio 12 51531
radio 12 52045
radio 12 52062
radio 12 52576
radio 12 52593
radio 12 53107
radio 12 53124
radio 12 53638
radio 12 53655
radio 12 54169
radio 12 54197
flood 3 12 54547
energy 12 54549 10 13557
radio 12 54551
radio 12 55631
radio 12 56145
radio 12 56162
radio 12 56676
radio 12 56693
radio 12 57207
radio 12 57224
radio 12 57738
radio 12 57769
radio 12 58283
radio 12 58319
radio 12 58833
radio 12 58850
radio 12 59364
radio 12 59381
radio 12 59895
radio 12 59924
radio 12 60438
radio 12 60468
radio 12 60982
radio 12 60999
radio 12 61513
radio 12 61530
radio 12 62044
radio 12 62061
radio 12 62575
radio 12 62592
radio 12 63106
radio 12 63142
radio 12 63656
radio 12 63685
radio 12 64199
radio 12 64231
radio 12 64745
radio 12 64762
radio 12 65276
radio 12 65293
radio 13 271
radio 13 300
radio 13 814
radio 13 831
radio 13 1344
radio 13 1412
radio 13 1926
radio 13 1943
radio 13 2457
radio 13 2474
radio 13 2988
radio 13 3019
radio 13 3533
radio 13 3563
radio 13 4077
radio 13 4131
radio 13 4645
radio 13 4677
radio 13 5191
radio 13 5208
radio 13 5722
radio 13 5755
radio 13 6269
radio 13 6300
radio 13 6814
radio 13 6865
radio 13 7379
radio 13 7412
radio 13 7926
radio 13 7960
radio 13 8474
radio 13 8503
radio 13 9017
radio 13 9067
flood 4 13 9491
radio 13 9493
radio 13 10575
radio 13 11089
radio 13 11277
radio 13 11790
radio 13 11807
radio 13 12321
radio 13 12351
radio 13 12865
radio 13 12894
radio 13 13408
radio 13 13437
radio 13 13951
radio 13 13968
radio 13 14482
radio 13 14499
radio 13 15013
radio 13 15044
radio 13 15558
radio 13 15575
radio 13 16089
radio 13 16139
radio 13 16653
radio 13 16670
radio 13 17184
radio 13 17240
radio 13 17754
radio 13 17784
radio 13 18298
radio 13 18328
radio 13 18842
radio 13 18872
radio 13 19386
radio 13 19416
radio 13 19930
radio 13 19964
radio 13 20478
radio 13 20509
radio 13 21023
radio 13 21040
radio 13 21554
radio 13 21585
radio 13 22099
radio 13 22131
radio 13 22645
radio 13 22699
radio 13 23213
radio 13 23248
radio 13 23762
radio 13 23795
radio 13 24309
radio 13 24343
radio 13 24857
radio 13 24874
radio 13 25388
radio 13 25422
radio 13 25936
radio 13 25991
radio 13 26505
radio 13 26522
radio 13 27036
radio 13 27072
radio 13 27586
radio 13 27622
radio 13 28136
radio 13 28171
radio 13 28685
radio 13 28721
radio 13 29235
radio 13 29271
radio 13 29785
radio 13 29821
flood 5 13 29971
radio 13 29973
radio 13 31053
radio 13 31567
radio 13 31599
radio 13 32113
radio 13 32130
radio 13 32644
radio 13 32673
radio 13 33187
radio 13 33204
radio 13 33718
radio 13 33735
radio 13 34249
radio 13 34266
radio 13 34780
radio 13 34809
radio 13 35323
radio 13 35353
radio 13 35867
radio 13 35884
radio 13 36398
radio 13 36415
radio 13 36929
radio 13 36946
radio 13 37460
radio 13 37477
radio 13 37991
radio 13 38027
radio 13 38541
radio 13 38558
radio 13 39072
radio 13 39107
radio 13 39621
radio 13 39638
radio 13 40152
radio 13 40221
radio 13 40735
radio 13 40752
radio 13 41266
radio 13 41297
radio 13 41811
radio 13 41828
radio 13 42342
radio 13 42371
radio 13 42885
radio 13 42936
radio 13 43450
radio 13 43481
radio 13 43995
radio 13 44012
radio 13 44526
radio 13 44554
radio 13 45068
radio 13 45085
radio 13 45599
radio 13 45633
radio 13 46147
radio 13 46216
