Thread[Thread-1,5,main]tree 23 23 0 14 1 1
radio 10 60686
radio 10 60690
radio 10 60741
radio 10 61255
radio 10 61289
radio 10 61803
radio 10 61856
radio 10 62370
radio 10 62421
radio 10 62935
radio 10 63071
radio 10 63585
radio 10 63619
radio 10 64133
radio 10 64169
radio 10 64683
radio 10 64732
radio 10 65246
radio 10 65276
radio 11 254
radio 11 282
radio 11 796
radio 11 824
radio 11 1338
radio 11 1394
radio 11 1908
radio 11 1940
radio 11 2454
radio 11 2488
radio 11 3002
radio 11 3031
radio 11 3545
radio 11 3596
radio 11 4110
radio 11 4158
radio 11 4672
radio 11 4704
radio 11 5218
radio 11 5274
radio 11 5788
radio 11 5820
radio 11 6334
radio 11 6370
radio 11 6884
radio 11 6915
radio 11 7429
radio 11 7457
radio 11 7971
radio 11 8000
radio 11 8514
radio 11 8543
radio 11 9057
radio 11 9087
radio 11 9601
radio 11 9634
radio 11 10148
radio 11 10201
radio 11 10715
radio 11 10745
radio 11 11259
radio 11 11289
radio 11 11803
radio 11 11833
radio 11 12347
radio 11 12403
radio 11 12917
radio 11 12965
radio 11 13479
radio 11 13515
radio 11 14029
radio 11 14082
radio 11 14596
radio 11 14645
radio 11 15159
radio 11 15188
radio 11 15702
radio 11 15757
radio 11 16271
radio 11 16302
radio 11 16816
radio 11 16847
radio 11 17361
radio 11 17397
radio 11 17911
radio 11 17962
radio 11 18476
radio 11 18506
radio 11 19020
radio 11 19055
radio 11 19569
radio 11 19602
radio 11 20116
radio 11 20165
radio 11 20679
radio 11 20714
radio 11 21228
radio 11 21264
radio 11 21778
radio 11 21834
radio 11 22348
radio 11 22381
radio 11 22895
radio 11 22944
radio 11 23458
radio 11 23507
radio 11 24021
radio 11 24053
radio 11 24567
radio 11 24598
radio 11 25112
radio 11 25141
radio 11 25655
radio 11 25690
radio 11 26204
radio 11 26235
radio 11 26749
radio 11 26797
radio 11 27311
radio 11 27339
radio 11 27853
radio 11 27889
radio 11 28403
radio 11 28436
radio 11 28950
radio 11 28980
radio 11 29494
radio 11 29564
radio 11 30078
radio 11 30126
radio 11 30640
radio 11 30670
radio 11 31184
radio 11 31240
radio 11 31754
radio 11 31803
radio 11 32317
radio 11 32349
radio 11 32863
radio 11 32891
radio 11 33405
radio 11 33434
radio 11 33948
radio 11 34004
radio 11 34518
radio 11 34567
radio 11 35081
radio 11 35116
radio 11 35630
radio 11 35679
radio 11 36193
radio 11 36224
radio 11 36738
radio 11 36773
radio 11 37287
radio 11 37323
radio 11 37837
radio 11 37886
radio 11 38400
radio 11 38431
radio 11 38945
radio 11 38980
radio 11 39494
radio 11 39523
radio 11 40037
radio 11 40087
radio 11 40601
radio 11 40632
radio 11 41146
radio 11 41175
radio 11 41689
radio 11 41721
radio 11 42235
radio 11 42286
radio 11 42800
radio 11 42833
radio 11 43347
radio 11 43379
radio 11 43893
radio 11 43925
radio 11 44439
radio 11 44492
radio 11 45006
radio 11 45042
radio 11 45556
radio 11 45592
radio 11 46106
radio 11 46137
radio 11 46651
radio 11 46685
radio 11 47199
radio 11 47227
radio 11 47741
radio 11 47773
radio 11 48287
radio 11 48319
radio 11 48833
radio 11 48862
radio 11 49376
radio 11 49411
radio 11 49925
radio 11 49953
radio 11 50467
radio 11 50495
radio 11 51009
radio 11 51037
radio 11 51551
radio 11 51579
radio 11 52093
radio 11 52182
radio 11 52696
radio 11 52729
radio 11 53243
radio 11 53291
radio 11 53805
radio 11 53834
radio 11 54348
radio 11 54400
radio 11 54914
radio 11 54944
radio 11 55458
radio 11 55488
radio 11 56002
radio 11 56032
radio 11 56546
radio 11 56579
energy 11 56602 10 64387
radio 11 57093
radio 11 57129
radio 11 57643
radio 11 57696
radio 11 58210
delay 0 4 11 58226 11 58869 16 9 65535 0 182 0 1
radio 11 59300
radio 11 59814
radio 11 59861
radio 11 60375
radio 11 60431
radio 11 60945
radio 11 60974
radio 11 61488
radio 11 61519
radio 11 62033
radio 11 62064
radio 11 62578
radio 11 62626
radio 11 63140
radio 11 63216
radio 11 63730
radio 11 63778
radio 11 64292
radio 11 64321
radio 11 64835
radio 11 64886
radio 11 65400
radio 11 65429
radio 12 407
radio 12 437
radio 12 951
radio 12 987
radio 12 1501
radio 12 1534
radio 12 2048
radio 12 2077
radio 12 2591
radio 12 2620
radio 12 3134
radio 12 3164
radio 12 3678
radio 12 3711
radio 12 4225
radio 12 4277
radio 12 4791
radio 12 4821
radio 12 5335
radio 12 5383
radio 12 5897
radio 12 5925
radio 12 6439
radio 12 6468
radio 12 6982
radio 12 7010
radio 12 7524
radio 12 7577
radio 12 8091
radio 12 8125
radio 12 8639
radio 12 8667
radio 12 9181
radio 12 9216
radio 12 9730
radio 12 9783
radio 12 10297
radio 12 10331
radio 12 10845
radio 12 10874
radio 12 11388
radio 12 11422
radio 12 11936
radio 12 11987
radio 12 12501
radio 12 12530
radio 12 13044
delay 1 28 12 13116 12 13312 14 9 65535 0 51 1 1
radio 12 14188
radio 12 14702
radio 12 14734
radio 12 15248
radio 12 15278
radio 12 15792
radio 12 15828
radio 12 16342
radio 12 16412
radio 12 16926
radio 12 16955
radio 12 17469
radio 12 17501
radio 12 18015
radio 12 18063
radio 12 18577
radio 12 18610
radio 12 19124
radio 12 19159
radio 12 19673
radio 12 19705
radio 12 20219
radio 12 20269
radio 12 20783
radio 12 20813
radio 12 21327
radio 12 21358
radio 12 21872
radio 12 21908
radio 12 22422
radio 12 22474
radio 12 22988
radio 12 23019
radio 12 23533
radio 12 23565
radio 12 24079
radio 12 24110
radio 12 24624
radio 12 24674
radio 12 25188
radio 12 25221
radio 12 25735
radio 12 25784
radio 12 26298
radio 12 26349
radio 12 26863
radio 12 26915
radio 12 27429
radio 12 27461
radio 12 27975
radio 12 28030
radio 12 28544
radio 12 28577
radio 12 29091
radio 12 29127
radio 12 29641
radio 12 29669
radio 12 30183
radio 12 30213
radio 12 30727
radio 12 30759
radio 12 31273
radio 12 31309
radio 12 31823
radio 12 31858
radio 12 32372
radio 12 32428
radio 12 32942
radio 12 32974
radio 12 33488
delay 2 4 12 33531 12 34174 16 9 65535 0 85 1 1
radio 12 34611
radio 12 35125
radio 12 35147
radio 12 35660
radio 12 35691
radio 12 36205
radio 12 36258
radio 12 36772
radio 12 36807
radio 12 37321
radio 12 37357
radio 12 37871
radio 12 37901
radio 12 38415
radio 12 38448
radio 12 38962
radio 12 38998
radio 12 39512
radio 12 39561
radio 12 40075
radio 12 40966
radio 12 41480
radio 12 41510
radio 12 42024
radio 12 42076
radio 12 42590
radio 12 42626
radio 12 43140
radio 12 43168
radio 12 43682
radio 12 43712
radio 12 44226
radio 12 44280
radio 12 44794
radio 12 44845
radio 12 45359
radio 12 45392
radio 12 45906
radio 12 45961
radio 12 46475
radio 12 46527
radio 12 47041
radio 12 47073
radio 12 47587
radio 12 47640
radio 12 48154
radio 12 48302
radio 12 48816
radio 12 48865
radio 12 49379
radio 12 49431
radio 12 49945
radio 12 50018
radio 12 50532
radio 12 50585
radio 12 51099
radio 12 51132
radio 12 51646
radio 12 51674
radio 12 52188
radio 12 52217
energy 12 52506 11 6463
radio 12 52731
radio 12 52779
radio 12 53293
radio 12 53345
radio 12 53859
delay 3 8 12 53940 12 54322 9 9 65535 0 49 0 1
radio 12 55017
radio 12 55531
radio 12 55628
radio 12 56142
radio 12 56172
radio 12 56686
radio 12 56722
radio 12 57236
radio 12 57287
radio 12 57801
radio 12 57829
radio 12 58343
radio 12 58379
radio 12 58893
radio 12 58922
radio 12 59436
radio 12 59490
radio 12 60004
radio 12 60038
radio 12 60552
radio 12 60580
radio 12 61094
radio 12 61127
radio 12 61641
radio 12 61691
radio 12 62205
radio 12 62238
radio 12 62752
radio 12 62780
radio 12 63294
radio 12 63322
radio 12 63836
radio 12 63884
radio 12 64398
radio 12 64427
radio 12 64941
radio 12 64970
radio 12 65484
radio 12 65515
radio 13 493
radio 13 529
radio 13 1043
radio 13 1077
radio 13 1591
radio 13 1640
radio 13 2154
radio 13 2187
radio 13 2701
radio 13 2756
radio 13 3270
radio 13 3321
radio 13 3835
radio 13 3869
radio 13 4383
radio 13 4439
radio 13 4953
radio 13 4983
radio 13 5497
radio 13 5527
radio 13 6041
radio 13 6071
radio 13 6585
radio 13 6638
radio 13 7152
radio 13 7184
radio 13 7698
radio 13 7730
radio 13 8244
radio 13 8275
radio 13 8789
radio 13 8899
radio 13 9413
delay 4 9 13 9454 13 9879 18 9 65535 0 536 0 1
radio 13 10523
radio 13 11037
radio 13 11066
radio 13 11580
radio 13 11615
radio 13 12129
radio 13 12165
radio 13 12679
radio 13 12711
radio 13 13225
radio 13 13257
radio 13 13771
radio 13 13807
radio 13 14321
radio 13 14352
radio 13 14866
radio 13 14917
radio 13 15431
radio 13 15465
radio 13 15979
radio 13 16027
radio 13 16541
radio 13 16574
radio 13 17088
radio 13 17124
radio 13 17638
radio 13 17674
radio 13 18188
radio 13 18222
radio 13 18736
radio 13 18765
radio 13 19279
radio 13 19330
radio 13 19844
radio 13 19872
radio 13 20386
radio 13 20403
radio 13 20917
radio 13 20948
radio 13 21462
radio 13 21491
radio 13 22005
radio 13 22056
radio 13 22570
radio 13 22599
radio 13 23113
radio 13 23149
radio 13 23663
radio 13 23699
radio 13 24213
radio 13 24249
radio 13 24763
radio 13 24792
radio 13 25306
radio 13 25334
radio 13 25848
radio 13 25881
radio 13 26395
radio 13 26423
radio 13 26937
radio 13 26985
radio 13 27499
radio 13 27531
radio 13 28045
radio 13 28081
radio 13 28595
radio 13 28631
radio 13 29145
radio 13 29201
radio 13 29715
delay 5 28 13 29762 13 29958 14 9 65535 0 410 0 1
radio 13 30839
radio 13 31353
radio 13 31389
radio 13 31903
radio 13 31931
radio 13 32445
radio 13 32473
radio 13 32987
radio 13 33016
radio 13 33530
radio 13 33561
radio 13 34075
radio 13 34146
radio 13 34660
radio 13 34689
radio 13 35203
radio 13 35239
radio 13 35753
radio 13 35784
radio 13 36298
radio 13 36326
radio 13 36840
radio 13 36871
radio 13 37385
radio 13 37421
radio 13 37935
radio 13 37991
radio 13 38505
radio 13 38537
radio 13 39051
radio 13 39086
radio 13 39600
radio 13 39632
radio 13 40146
radio 13 40216
radio 13 40730
radio 13 40760
radio 13 41274
radio 13 41306
radio 13 41820
radio 13 41869
radio 13 42383
radio 13 42417
radio 13 42931
radio 13 42967
radio 13 43481
radio 13 43516
radio 13 44030
radio 13 44078
radio 13 44592
radio 13 44802
radio 13 45316
radio 13 45485
