Thread[Thread-1,5,main]tree 9 23 0 14 2 1
radio 10 63747
radio 10 63751
radio 10 63805
radio 10 64319
radio 10 64367
radio 10 64881
radio 10 64898
radio 10 65412
radio 10 65462
radio 11 440
radio 11 457
radio 11 970
radio 11 1025
radio 11 1539
radio 11 1556
radio 11 2069
radio 11 2086
radio 11 2599
radio 11 2628
radio 11 3142
radio 11 3159
radio 11 3673
radio 11 3704
radio 11 4218
radio 11 4235
radio 11 4749
radio 11 4766
radio 11 5280
radio 11 5331
radio 11 5845
radio 11 5874
radio 11 6388
radio 11 6423
radio 11 6937
radio 11 6967
radio 11 7481
radio 11 7533
radio 11 8047
radio 11 8076
radio 11 8590
radio 11 8607
radio 11 9120
radio 11 9169
radio 11 9683
radio 11 9735
radio 11 10249
radio 11 10266
radio 11 10780
radio 11 10810
radio 11 11324
radio 11 11353
radio 11 11867
radio 11 11884
radio 11 12398
radio 11 12449
radio 11 12963
radio 11 12980
radio 11 13494
radio 11 13525
radio 11 14039
radio 11 14056
radio 11 14570
radio 11 14600
radio 11 15114
radio 11 15149
radio 11 15663
radio 11 15712
radio 11 16226
radio 11 16243
radio 11 16757
radio 11 16774
radio 11 17288
radio 11 17305
radio 11 17819
radio 11 17836
radio 11 18350
radio 11 18382
radio 11 18896
radio 11 18913
radio 11 19427
radio 11 19444
radio 11 19958
radio 11 20008
radio 11 20522
radio 11 20539
radio 11 21053
radio 11 21103
radio 11 21617
radio 11 21645
radio 11 22159
radio 11 22213
radio 11 22727
radio 11 22744
radio 11 23258
radio 11 23308
radio 11 23822
radio 11 23858
radio 11 24372
radio 11 24389
radio 11 24903
radio 11 24957
radio 11 25471
radio 11 25501
radio 11 26015
radio 11 26046
radio 11 26560
radio 11 26634
radio 11 27148
radio 11 27182
radio 11 27696
radio 11 27728
radio 11 28242
radio 11 28295
radio 11 28809
radio 11 28857
radio 11 29371
radio 11 29401
radio 11 29915
radio 11 29932
radio 11 30446
radio 11 30496
radio 11 31010
radio 11 31086
radio 11 31600
radio 11 31670
radio 11 32184
radio 11 32217
radio 11 32731
radio 11 32762
radio 11 33276
radio 11 33345
radio 11 33859
radio 11 33888
radio 11 34402
radio 11 34419
radio 11 34933
radio 11 34989
radio 11 35503
radio 11 35535
radio 11 36049
radio 11 36104
radio 11 36618
radio 11 36651
radio 11 37165
radio 11 37195
radio 11 37709
radio 11 37726
radio 11 38240
radio 11 38257
radio 11 38771
radio 11 38799
radio 11 39313
radio 11 39342
radio 11 39856
radio 11 39891
radio 11 40405
radio 11 40519
radio 11 41033
radio 11 41087
radio 11 41601
radio 11 41630
radio 11 42144
radio 11 42161
radio 11 42675
radio 11 42704
radio 11 43218
radio 11 43254
radio 11 43768
radio 11 43798
radio 11 44312
radio 11 44346
radio 11 44860
radio 11 44908
radio 11 45422
radio 11 45475
radio 11 45989
radio 11 46022
radio 11 46536
radio 11 46592
radio 11 47106
radio 11 47159
radio 11 47673
radio 11 47701
radio 11 48215
radio 11 48267
radio 11 48781
radio 11 48812
radio 11 49326
radio 11 49376
radio 11 49890
radio 11 49943
radio 11 50457
radio 11 50489
radio 11 51003
radio 11 51051
radio 11 51565
radio 11 51615
radio 11 52129
radio 11 52245
radio 11 52759
radio 11 52829
radio 11 53343
radio 11 53512
radio 11 54026
radio 11 54043
radio 11 54557
radio 11 54627
radio 11 55141
radio 11 55158
radio 11 55672
radio 11 55703
radio 11 56217
radio 11 56248
radio 11 56762
radio 11 56857
radio 11 57371
radio 11 57466
radio 11 57980
delay 0 44 11 58727 11 58050 15 6 65535 0 472 0 1
energy 11 59663 11 1818
radio 11 59808
radio 11 60322
radio 11 60339
radio 11 60853
radio 11 60906
radio 11 61420
radio 11 61448
radio 11 61962
radio 11 61979
radio 11 62493
radio 11 62523
radio 11 63037
radio 11 63072
radio 11 63586
radio 11 63622
radio 11 64136
radio 11 64167
radio 11 64681
radio 11 64717
radio 11 65231
radio 11 65262
radio 12 240
radio 12 293
radio 12 807
radio 12 839
radio 12 1353
radio 12 1386
radio 12 1900
radio 12 1929
radio 12 2443
radio 12 2493
radio 12 3007
radio 12 3038
radio 12 3552
radio 12 3586
radio 12 4100
radio 12 4117
radio 12 4631
radio 12 4663
radio 12 5177
radio 12 5225
radio 12 5739
radio 12 5770
radio 12 6284
radio 12 6313
radio 12 6827
radio 12 6855
radio 12 7369
radio 12 7423
radio 12 7937
radio 12 7969
radio 12 8483
radio 12 8513
radio 12 9027
radio 12 9044
radio 12 9557
radio 12 9574
radio 12 10087
radio 12 10123
radio 12 10637
radio 12 10654
radio 12 11168
radio 12 11185
radio 12 11699
radio 12 11716
radio 12 12230
radio 12 12247
radio 12 12761
delay 1 14 12 12827 12 13397 9 6 65535 0 89 1 1
radio 12 13905
radio 12 14419
radio 12 14471
radio 12 14984
radio 12 15001
radio 12 15515
radio 12 15551
radio 12 16065
radio 12 16082
radio 12 16596
radio 12 16624
radio 12 17138
radio 12 17167
radio 12 17681
radio 12 17698
radio 12 18212
radio 12 18240
radio 12 18754
radio 12 18803
radio 12 19317
radio 12 19334
radio 12 19848
radio 12 19900
radio 12 20414
radio 12 20484
radio 12 20998
radio 12 21054
radio 12 21568
radio 12 21585
radio 12 22099
radio 12 22129
radio 12 22643
radio 12 22660
radio 12 23174
radio 12 23191
radio 12 23705
radio 12 23799
radio 12 24313
radio 12 24330
radio 12 24844
radio 12 24874
radio 12 25388
radio 12 25405
radio 12 25919
radio 12 25952
radio 12 26466
radio 12 26514
radio 12 27028
radio 12 27045
radio 12 27559
radio 12 27576
radio 12 28090
radio 12 28179
radio 12 28693
radio 12 28710
radio 12 29224
radio 12 29253
radio 12 29767
radio 12 29817
radio 12 30331
radio 12 30361
radio 12 30875
radio 12 30892
radio 12 31406
radio 12 31423
radio 12 31937
radio 12 31968
radio 12 32482
radio 12 32511
radio 12 33025
radio 12 33042
radio 12 33556
delay 2 44 12 33809 12 33133 15 6 65535 0 376 0 1
radio 12 34885
radio 12 35398
radio 12 35415
radio 12 35929
radio 12 35961
radio 12 36475
radio 12 36523
radio 12 37037
radio 12 37054
radio 12 37568
radio 12 37597
radio 12 38111
radio 12 38128
radio 12 38642
radio 12 38673
radio 12 39187
radio 12 39204
radio 12 39718
radio 12 39875
radio 12 40389
radio 12 40406
radio 12 40920
radio 12 40975
radio 12 41489
radio 12 41542
radio 12 42056
radio 12 42086
radio 12 42600
radio 12 42617
radio 12 43131
radio 12 43185
radio 12 43699
radio 12 43729
radio 12 44243
radio 12 44260
radio 12 44774
radio 12 44811
radio 12 45325
radio 12 45342
radio 12 45856
radio 12 45932
radio 12 46446
radio 12 46482
radio 12 46996
radio 12 47030
radio 12 47544
radio 12 47575
radio 12 48089
radio 12 48119
radio 12 48633
radio 12 48662
radio 12 49176
radio 12 49193
radio 12 49707
radio 12 49736
radio 12 50250
radio 12 50285
radio 12 50799
radio 12 50847
radio 12 51361
radio 12 51378
radio 12 51892
radio 12 51926
radio 12 52440
radio 12 52470
radio 12 52984
radio 12 53001
radio 12 53515
radio 12 53565
radio 12 54079
delay 3 34 12 54360 12 54390 15 6 65535 0 98 1 1
radio 12 55439
energy 12 55567 11 10204
radio 12 55953
radio 12 55970
radio 12 56484
radio 12 56501
radio 12 57015
radio 12 57032
radio 12 57546
radio 12 57563
radio 12 58077
radio 12 58131
radio 12 58645
radio 12 58673
radio 12 59187
radio 12 59215
radio 12 59729
radio 12 59763
radio 12 60277
radio 12 60330
radio 12 60844
radio 12 60872
radio 12 61386
radio 12 61403
radio 12 61917
radio 12 61967
radio 12 62481
radio 12 62530
radio 12 63044
radio 12 63076
radio 12 63590
radio 12 63640
radio 12 64154
radio 12 64203
radio 12 64717
radio 12 64747
radio 12 65261
radio 12 65310
radio 13 288
radio 13 305
radio 13 818
radio 13 869
radio 13 1383
radio 13 1400
radio 13 1913
radio 13 1946
radio 13 2460
radio 13 2489
radio 13 3003
radio 13 3035
radio 13 3549
radio 13 3566
radio 13 4079
radio 13 4096
radio 13 4609
radio 13 4639
radio 13 5153
radio 13 5187
radio 13 5701
radio 13 5751
radio 13 6265
radio 13 6282
radio 13 6795
radio 13 6812
radio 13 7326
radio 13 7343
radio 13 7856
radio 13 7886
radio 13 8400
radio 13 8437
radio 13 8951
delay 4 3 13 9331 13 10205 6 6 65535 0 442 0 1
radio 13 10402
radio 13 10915
radio 13 10932
radio 13 11446
radio 13 11463
radio 13 11977
radio 13 11994
radio 13 12508
radio 13 12559
radio 13 13073
radio 13 13103
radio 13 13617
radio 13 13634
radio 13 14148
radio 13 14178
radio 13 14692
radio 13 14709
radio 13 15223
radio 13 15240
radio 13 15754
radio 13 15771
radio 13 16285
radio 13 16336
radio 13 16850
radio 13 16902
radio 13 17416
radio 13 17433
radio 13 17947
radio 13 17976
radio 13 18490
radio 13 18541
radio 13 19055
radio 13 19072
radio 13 19586
radio 13 19603
radio 13 20117
radio 13 20134
radio 13 20648
radio 13 20681
radio 13 21195
radio 13 21212
radio 13 21726
radio 13 21757
radio 13 22271
radio 13 22319
radio 13 22833
radio 13 22850
radio 13 23364
radio 13 23381
radio 13 23895
radio 13 23945
radio 13 24459
radio 13 24488
radio 13 25002
radio 13 25036
radio 13 25550
radio 13 25567
radio 13 26081
radio 13 26098
radio 13 26612
radio 13 26666
radio 13 27180
radio 13 27215
radio 13 27729
radio 13 27765
radio 13 28279
radio 13 28296
radio 13 28810
radio 13 28827
radio 13 29341
delay 5 34 13 29483 13 29513 15 6 65535 0 63 1 1
radio 13 30556
radio 13 31070
radio 13 31120
radio 13 31634
radio 13 31670
radio 13 32184
radio 13 32201
radio 13 32715
radio 13 32746
radio 13 33260
radio 13 33277
radio 13 33791
radio 13 33844
radio 13 34358
radio 13 34390
radio 13 34904
radio 13 34952
radio 13 35466
radio 13 35483
radio 13 35997
radio 13 36025
radio 13 36539
radio 13 36571
radio 13 37085
radio 13 37116
radio 13 37630
radio 13 37647
radio 13 38161
radio 13 38178
radio 13 38692
radio 13 38709
radio 13 39223
radio 13 39240
radio 13 39754
radio 13 39783
radio 13 40297
radio 13 40352
radio 13 40866
radio 13 40900
radio 13 41414
radio 13 41431
radio 13 41945
radio 13 41962
radio 13 42476
radio 13 42549
radio 13 43063
radio 13 43080
radio 13 43594
radio 13 43626
radio 13 44140
radio 13 44157
radio 13 44671
radio 13 44759
radio 13 45273
radio 13 45307
