Thread[Thread-1,5,main]tree 17 23 0 14 1 1
radio 11 279
radio 11 283
radio 11 336
radio 11 850
radio 11 882
radio 11 1396
radio 11 1451
radio 11 1965
radio 11 1982
radio 11 2496
radio 11 2544
radio 11 3058
radio 11 3088
radio 11 3602
radio 11 3633
radio 11 4147
radio 11 4218
radio 11 4732
radio 11 4762
radio 11 5276
radio 11 5311
radio 11 5825
radio 11 5901
radio 11 6415
radio 11 6444
radio 11 6958
radio 11 6989
radio 11 7503
radio 11 7532
radio 11 8046
radio 11 8096
radio 11 8610
radio 11 8642
radio 11 9156
radio 11 9211
radio 11 9725
radio 11 9758
radio 11 10272
radio 11 10304
radio 11 10818
radio 11 10849
radio 11 11363
radio 11 11393
radio 11 11907
radio 11 11924
radio 11 12438
radio 11 12455
radio 11 12969
radio 11 12998
radio 11 13512
radio 11 13529
radio 11 14043
radio 11 14076
radio 11 14590
radio 11 14621
radio 11 15135
radio 11 15184
radio 11 15698
radio 11 15750
radio 11 16264
radio 11 16297
radio 11 16811
radio 11 16866
radio 11 17380
radio 11 17436
radio 11 17950
radio 11 17967
radio 11 18481
radio 11 18498
radio 11 19012
radio 11 19048
radio 11 19562
radio 11 19579
radio 11 20093
radio 11 20110
radio 11 20624
radio 11 20641
radio 11 21155
radio 11 21172
radio 11 21686
radio 11 21737
radio 11 22251
radio 11 22286
radio 11 22800
radio 11 22830
radio 11 23344
radio 11 23361
radio 11 23875
radio 11 23944
radio 11 24458
radio 11 24475
radio 11 24989
radio 11 25045
radio 11 25559
radio 11 25576
radio 11 26090
radio 11 26142
radio 11 26656
radio 11 26690
radio 11 27204
radio 11 27234
radio 11 27748
radio 11 27765
radio 11 28279
radio 11 28311
radio 11 28825
radio 11 28842
radio 11 29356
radio 11 29373
radio 11 29887
radio 11 29916
radio 11 30430
radio 11 30459
radio 11 30973
radio 11 31002
radio 11 31516
radio 11 31549
radio 11 32063
radio 11 32115
radio 11 32629
radio 11 32646
radio 11 33160
radio 11 33191
radio 11 33705
radio 11 33722
radio 11 34236
radio 11 34271
radio 11 34785
radio 11 34802
radio 11 35316
radio 11 35333
radio 11 35847
radio 11 35883
radio 11 36397
radio 11 36414
radio 11 36928
radio 11 36962
radio 11 37476
radio 11 37504
radio 11 38018
radio 11 38093
radio 11 38607
radio 11 38636
radio 11 39150
radio 11 39181
radio 11 39695
radio 11 39728
radio 11 40242
radio 11 40270
radio 11 40784
radio 11 40813
radio 11 41327
radio 11 41355
radio 11 41869
radio 11 41925
radio 11 42439
radio 11 42471
radio 11 42985
radio 11 43014
radio 11 43528
radio 11 43564
radio 11 44078
radio 11 44129
radio 11 44643
radio 11 44673
radio 11 45187
radio 11 45220
radio 11 45734
radio 11 45764
radio 11 46278
radio 11 46347
radio 11 46861
radio 11 46890
radio 11 47404
radio 11 47438
radio 11 47952
radio 11 48002
radio 11 48516
radio 11 48569
radio 11 49083
radio 11 49116
radio 11 49630
radio 11 49684
radio 11 50198
radio 11 50233
radio 11 50747
radio 11 50783
radio 11 51297
radio 11 51331
radio 11 51845
radio 11 51875
radio 11 52389
radio 11 52423
radio 11 52937
radio 11 52987
radio 11 53501
radio 11 53612
radio 11 54126
radio 11 54158
radio 11 54672
radio 11 54700
radio 11 55214
radio 11 55242
radio 11 55756
radio 11 55791
radio 11 56305
radio 11 56361
radio 11 56875
radio 11 56903
radio 11 57417
delay 0 0 11 57488 11 58698 0 9 9 0 39 1 1
radio 11 58548
radio 11 59062
radio 11 59118
radio 11 59632
radio 11 59664
radio 11 60178
radio 11 60195
radio 11 60709
radio 11 60739
radio 11 61253
radio 11 61270
energy 11 61730 11 4584
radio 11 61784
radio 11 61801
radio 11 62315
radio 11 62332
radio 11 62846
radio 11 62899
radio 11 63413
radio 11 63441
radio 11 63955
radio 11 63972
radio 11 64486
radio 11 64521
radio 11 65035
radio 11 65070
radio 12 48
radio 12 84
radio 12 597
radio 12 625
radio 12 1139
radio 12 1175
radio 12 1689
radio 12 1721
radio 12 2235
radio 12 2285
radio 12 2799
radio 12 2851
radio 12 3365
radio 12 3394
radio 12 3908
radio 12 3936
radio 12 4450
radio 12 4482
radio 12 4996
radio 12 5024
radio 12 5538
radio 12 5592
radio 12 6106
radio 12 6123
radio 12 6636
radio 12 6653
radio 12 7167
radio 12 7217
radio 12 7731
radio 12 7763
radio 12 8277
radio 12 8306
radio 12 8820
radio 12 8854
radio 12 9368
radio 12 9423
radio 12 9937
radio 12 9970
radio 12 10484
radio 12 10539
radio 12 11053
radio 12 11141
radio 12 11655
radio 12 11672
radio 12 12186
radio 12 12217
radio 12 12731
delay 1 19 12 12935 12 13397 9 9 65535 0 276 0 1
radio 12 14014
radio 12 14527
radio 12 14562
radio 12 15076
radio 12 15093
radio 12 15607
radio 12 15658
radio 12 16172
radio 12 16204
radio 12 16718
radio 12 16754
radio 12 17268
radio 12 17324
radio 12 17838
radio 12 17855
radio 12 18369
radio 12 18404
radio 12 18918
radio 12 18951
radio 12 19465
radio 12 19494
radio 12 20008
radio 12 20064
radio 12 20578
radio 12 20610
radio 12 21124
radio 12 21158
radio 12 21672
radio 12 21701
radio 12 22215
radio 12 22251
radio 12 22765
radio 12 22795
radio 12 23309
radio 12 23362
radio 12 23876
radio 12 23905
radio 12 24419
radio 12 24470
radio 12 24984
radio 12 25016
radio 12 25530
radio 12 25565
radio 12 26079
radio 12 26115
radio 12 26629
radio 12 26664
radio 12 27178
radio 12 27254
radio 12 27768
radio 12 27817
radio 12 28331
radio 12 28360
radio 12 28874
radio 12 28924
radio 12 29438
radio 12 29470
radio 12 29984
radio 12 30001
radio 12 30515
radio 12 30544
radio 12 31058
radio 12 31094
radio 12 31608
radio 12 31644
radio 12 32158
radio 12 32194
radio 12 32708
radio 12 32740
radio 12 33254
delay 2 19 12 33300 12 33762 9 9 65535 0 226 0 1
radio 12 34435
radio 12 34948
radio 12 35004
radio 12 35518
radio 12 35551
radio 12 36065
radio 12 36093
radio 12 36607
radio 12 36642
radio 12 37156
radio 12 37208
radio 12 37722
radio 12 37758
radio 12 38272
radio 12 38307
radio 12 38821
radio 12 38857
radio 12 39371
radio 12 39388
radio 12 39902
radio 12 39972
radio 12 40486
radio 12 40516
radio 12 41030
radio 12 41060
radio 12 41574
radio 12 41607
radio 12 42121
radio 12 42177
radio 12 42691
radio 12 42724
radio 12 43238
radio 12 43290
radio 12 43804
radio 12 43834
radio 12 44348
radio 12 44377
radio 12 44891
radio 12 44923
radio 12 45437
radio 12 45492
radio 12 46006
radio 12 46058
radio 12 46572
radio 12 46604
radio 12 47118
radio 12 47171
radio 12 47685
radio 12 47733
radio 12 48247
radio 12 48275
radio 12 48789
radio 12 48819
radio 12 49333
radio 12 49369
radio 12 49883
radio 12 49918
radio 12 50432
radio 12 50463
radio 12 50977
radio 12 51010
radio 12 51524
radio 12 51575
radio 12 52089
radio 12 52120
radio 12 52634
radio 12 52684
radio 12 53198
radio 12 53246
radio 12 53760
delay 3 19 12 53837 12 54299 9 9 65535 0 353 0 1
radio 12 54910
radio 12 55424
radio 12 55441
radio 12 55955
radio 12 55972
radio 12 56486
radio 12 56542
radio 12 57056
radio 12 57073
radio 12 57587
radio 12 57620
energy 12 57634 11 11349
radio 12 58134
radio 12 58182
radio 12 58696
radio 12 58713
radio 12 59227
radio 12 59244
radio 12 59758
radio 12 59775
radio 12 60289
radio 12 60306
radio 12 60820
radio 12 60837
radio 12 61351
radio 12 61368
radio 12 61882
radio 12 61910
radio 12 62424
radio 12 62477
radio 12 62991
radio 12 63008
radio 12 63522
radio 12 63539
radio 12 64053
radio 12 64070
radio 12 64584
radio 12 64601
radio 12 65115
radio 12 65145
radio 13 123
radio 13 195
radio 13 709
radio 13 726
radio 13 1239
radio 13 1256
radio 13 1770
radio 13 1822
radio 13 2336
radio 13 2353
radio 13 2867
radio 13 2922
radio 13 3436
radio 13 3467
radio 13 3981
radio 13 3998
radio 13 4512
radio 13 4529
radio 13 5043
radio 13 5060
radio 13 5574
radio 13 5602
radio 13 6116
radio 13 6168
radio 13 6682
radio 13 6714
radio 13 7228
radio 13 7245
radio 13 7759
radio 13 7790
radio 13 8304
radio 13 8333
radio 13 8847
delay 4 19 13 9080 13 9543 9 9 65535 0 84 1 1
radio 13 10158
radio 13 10672
radio 13 10705
radio 13 11219
radio 13 11236
radio 13 11750
radio 13 11767
radio 13 12281
radio 13 12298
radio 13 12812
radio 13 12844
radio 13 13358
radio 13 13408
radio 13 13922
radio 13 13939
radio 13 14453
radio 13 14470
radio 13 14984
radio 13 15001
radio 13 15515
radio 13 15532
radio 13 16046
radio 13 16078
radio 13 16592
radio 13 16609
radio 13 17123
radio 13 17177
radio 13 17691
radio 13 17721
radio 13 18235
radio 13 18271
radio 13 18785
radio 13 18815
radio 13 19329
radio 13 19383
radio 13 19897
radio 13 19929
radio 13 20443
radio 13 20460
radio 13 20974
radio 13 20991
radio 13 21505
radio 13 21539
radio 13 22053
radio 13 22106
radio 13 22620
radio 13 22675
radio 13 23189
radio 13 23206
radio 13 23720
radio 13 23737
radio 13 24251
radio 13 24268
radio 13 24782
radio 13 24830
radio 13 25344
radio 13 25361
radio 13 25875
radio 13 25909
radio 13 26423
radio 13 26440
radio 13 26954
radio 13 26987
radio 13 27501
radio 13 27531
radio 13 28045
radio 13 28062
radio 13 28576
radio 13 28610
radio 13 29124
delay 5 18 13 29193 13 29622 9 9 65535 0 312 0 1
radio 13 30259
radio 13 30773
radio 13 30790
radio 13 31304
radio 13 31321
radio 13 31835
radio 13 31852
radio 13 32366
radio 13 32397
radio 13 32911
radio 13 32928
radio 13 33442
radio 13 33459
radio 13 33973
radio 13 33990
radio 13 34504
radio 13 34521
radio 13 35035
radio 13 35067
radio 13 35581
radio 13 35598
radio 13 36112
radio 13 36162
radio 13 36676
radio 13 36693
radio 13 37207
radio 13 37224
radio 13 37738
radio 13 37772
radio 13 38286
radio 13 38321
radio 13 38835
radio 13 38889
radio 13 39403
radio 13 39437
radio 13 39951
radio 13 39987
radio 13 40501
radio 13 40531
radio 13 41045
radio 13 41077
radio 13 41591
radio 13 41608
radio 13 42122
radio 13 42151
radio 13 42665
radio 13 42714
radio 13 43228
radio 13 43300
radio 13 43814
radio 13 43870
radio 13 44384
radio 13 44401
radio 13 44915
radio 13 45023
