Thread[Thread-1,5,main]tree 17 8 0 14 0 0
radio 7 14508
radio 7 14512
radio 7 14529
radio 7 15042
radio 7 15059
radio 7 15573
radio 7 15590
radio 7 16104
radio 7 16121
radio 7 16635
radio 7 16652
radio 7 17166
radio 7 17183
radio 7 17697
radio 7 17714
radio 7 18228
radio 7 18245
radio 7 18759
radio 7 18776
radio 7 19290
radio 7 19307
radio 7 19821
radio 7 19931
radio 7 20445
radio 7 20475
radio 7 20989
radio 7 21006
radio 7 21520
radio 7 21537
radio 7 22051
radio 7 22068
radio 7 22582
radio 7 22613
radio 7 23127
radio 7 23144
radio 7 23658
radio 7 23688
radio 7 24202
radio 7 24219
radio 7 24733
radio 7 24765
radio 7 25279
radio 7 25309
radio 7 25823
radio 7 25840
radio 7 26354
radio 7 26371
radio 7 26885
radio 7 26902
radio 7 27416
radio 7 27433
radio 7 27947
radio 7 27978
radio 7 28492
radio 7 28509
radio 7 29023
radio 7 29056
radio 7 29570
radio 7 29587
radio 7 30101
radio 7 30151
radio 7 30665
radio 7 30682
radio 7 31195
radio 7 31226
radio 7 31740
radio 7 31757
radio 7 32271
radio 7 32288
radio 7 32802
radio 7 32819
radio 7 33332
radio 7 33362
radio 7 33876
radio 7 33926
radio 7 34440
radio 7 34457
radio 7 34971
radio 7 34988
radio 7 35502
radio 7 35519
radio 7 36033
radio 7 36050
radio 7 36564
radio 7 36581
radio 7 37095
radio 7 37124
radio 7 37638
radio 7 37655
radio 7 38169
radio 7 38186
radio 7 38700
radio 7 38731
radio 7 39245
radio 7 39262
radio 7 39776
radio 7 39793
radio 7 40307
radio 7 40324
radio 7 40838
radio 7 40855
radio 7 41369
radio 7 41386
radio 7 41900
radio 7 41917
radio 7 42431
radio 7 42448
radio 7 42962
radio 7 42979
radio 7 43493
radio 7 43510
radio 7 44024
radio 7 44041
radio 7 44555
radio 7 44585
radio 7 45099
radio 7 45127
radio 7 45641
radio 7 45658
radio 7 46172
radio 7 46189
radio 7 46703
radio 7 46720
radio 7 47234
radio 7 47251
radio 7 47765
radio 7 47796
radio 7 48310
radio 7 48327
radio 7 48841
radio 7 48873
radio 7 49387
radio 7 49404
radio 7 49918
radio 7 49988
radio 7 50502
radio 7 50535
radio 7 51049
radio 7 51082
radio 7 51596
radio 7 51648
radio 7 52162
radio 7 52179
radio 7 52693
radio 7 52710
radio 7 53224
radio 7 53241
radio 7 53755
radio 7 53805
radio 7 54319
radio 7 54375
radio 7 54889
radio 7 54944
radio 7 55458
radio 7 55475
radio 7 55989
radio 7 56006
radio 7 56520
radio 7 56610
radio 7 57124
radio 7 57172
radio 7 57686
radio 7 57737
radio 7 58251
radio 7 58283
radio 7 58797
radio 7 58814
radio 7 59328
radio 7 59345
radio 7 59859
radio 7 59876
radio 7 60390
radio 7 60407
radio 7 60920
radio 7 60937
radio 7 61451
radio 7 61485
radio 7 61999
radio 7 62016
radio 7 62530
radio 7 62547
radio 7 63061
radio 7 63078
radio 7 63592
radio 7 63609
radio 7 64123
radio 7 64154
radio 7 64668
radio 7 64700
radio 7 65214
radio 7 65245
radio 8 223
radio 8 240
radio 8 753
radio 8 770
radio 8 1283
radio 8 1332
radio 8 1846
radio 8 1863
radio 8 2376
radio 8 2393
radio 8 2906
radio 8 2923
radio 8 3436
radio 8 3471
radio 8 3985
radio 8 4002
radio 8 4515
radio 8 4585
radio 8 5099
radio 8 5116
radio 8 5629
radio 8 5646
radio 8 6159
radio 8 6176
radio 8 6689
radio 8 6737
radio 8 7251
radio 8 7268
radio 8 7781
radio 8 7798
radio 8 8311
radio 8 8328
radio 8 8841
radio 8 8858
radio 8 9371
radio 8 9407
radio 8 9921
radio 8 9938
energy 8 10424 7 16693
radio 8 10451
radio 8 10468
radio 8 10982
radio 8 10999
radio 8 11512
radio 8 11529
radio 8 12043
radio 8 12060
radio 8 12574
radio 8 12591
radio 8 13105
radio 8 13137
radio 8 13651
radio 8 13702
radio 8 14216
radio 8 14233
radio 8 14747
radio 8 14764
radio 8 15278
radio 8 15295
radio 8 15809
radio 8 15826
radio 8 16340
radio 8 16357
radio 8 16871
radio 8 16888
radio 8 17402
radio 8 17419
radio 8 17933
radio 8 18003
radio 8 18517
radio 8 18548
radio 8 19062
radio 8 19091
radio 8 19605
radio 8 19660
radio 8 20174
radio 8 20203
radio 8 20717
radio 8 20734
radio 8 21247
radio 8 21278
radio 8 21792
radio 8 21809
radio 8 22323
radio 8 22352
radio 8 22866
radio 8 22918
radio 8 23432
radio 8 23449
radio 8 23963
radio 8 23980
radio 8 24494
radio 8 24511
radio 8 25025
radio 8 25042
radio 8 25556
radio 8 25573
radio 8 26087
radio 8 26104
radio 8 26618
radio 8 26635
radio 8 27149
radio 8 27166
radio 8 27680
radio 8 27697
radio 8 28211
radio 8 28266
radio 8 28780
radio 8 28815
radio 8 29329
radio 8 29362
radio 8 29876
radio 8 29893
radio 8 30407
radio 8 30424
radio 8 30938
radio 8 31011
radio 8 31525
radio 8 31542
radio 8 32056
radio 8 32087
radio 8 32601
radio 8 32618
radio 8 33132
radio 8 33149
radio 8 33663
radio 8 33739
radio 8 34253
radio 8 34270
radio 8 34784
radio 8 34817
radio 8 35331
radio 8 35362
radio 8 35876
radio 8 35893
radio 8 36407
radio 8 36424
radio 8 36938
radio 8 36955
radio 8 37469
radio 8 37486
radio 8 38000
radio 8 38030
radio 8 38544
radio 8 38561
radio 8 39075
radio 8 39092
radio 8 39606
radio 8 39623
radio 8 40137
radio 8 40154
radio 8 40668
radio 8 40697
radio 8 41211
radio 8 41228
radio 8 41742
radio 8 41793
radio 8 42307
radio 8 42324
radio 8 42838
radio 8 42855
radio 8 43369
radio 8 43386
radio 8 43900
radio 8 43917
radio 8 44431
radio 8 44465
radio 8 44979
radio 8 44996
radio 8 45510
radio 8 45582
radio 8 46096
radio 8 46113
radio 8 46627
radio 8 46644
radio 8 47158
radio 8 47175
radio 8 47689
radio 8 47706
radio 8 48220
radio 8 48237
radio 8 48751
radio 8 48768
radio 8 49282
delay 0 0 8 49708 8 50044 0 9 9 0 712 0 0
radio 8 49716
radio 8 50230
radio 8 50247
radio 8 50761
radio 8 50971
radio 8 51485
radio 8 51502
radio 8 52016
radio 8 52130
radio 8 52644
radio 8 52739
radio 8 53253
radio 8 53270
radio 8 53784
radio 8 53801
radio 8 54315
radio 8 54332
radio 8 54846
radio 8 54921
radio 8 55435
radio 8 55483
radio 8 55997
radio 8 56014
radio 8 56528
radio 8 56579
radio 8 57093
radio 8 57110
radio 8 57624
radio 8 57641
radio 8 58155
radio 8 58172
radio 8 58686
radio 8 58717
radio 8 59231
radio 8 59248
radio 8 59762
radio 8 59779
radio 8 60293
radio 8 60310
radio 8 60824
radio 8 60898
radio 8 61412
radio 8 61447
radio 8 61961
radio 8 61978
radio 8 62492
radio 8 62524
radio 8 63038
radio 8 63069
radio 8 63583
radio 8 63616
radio 8 64130
radio 8 64165
radio 8 64679
radio 8 64696
radio 8 65210
radio 8 65227
radio 9 205
radio 9 222
radio 9 735
radio 9 752
radio 9 1265
radio 9 1319
radio 9 1833
radio 9 1863
radio 9 2377
radio 9 2394
radio 9 2907
radio 9 2939
radio 9 3453
radio 9 3470
radio 9 3983
radio 9 4000
radio 9 4513
delay 1 24 9 4533 9 3890 7 9 2 0 150 1 0
radio 9 4541
radio 9 5055
radio 9 5073
radio 9 5586
radio 9 5603
radio 9 6116
radio 9 6133
energy 9 6328 7 19649
radio 9 6646
radio 9 6676
radio 9 7190
radio 9 7245
radio 9 7759
radio 9 7776
radio 9 8289
radio 9 8365
radio 9 8879
radio 9 8896
radio 9 9409
radio 9 9426
radio 9 9939
radio 9 9973
radio 9 10487
radio 9 10504
radio 9 11018
radio 9 11091
radio 9 11605
radio 9 11634
radio 9 12148
radio 9 12165
radio 9 12679
radio 9 12709
radio 9 13223
radio 9 13273
radio 9 13787
radio 9 13804
radio 9 14318
radio 9 14335
radio 9 14849
radio 9 14866
radio 9 15380
radio 9 15397
radio 9 15911
radio 9 15928
radio 9 16442
radio 9 16459
radio 9 16973
radio 9 16990
radio 9 17504
radio 9 17521
radio 9 18035
radio 9 18052
radio 9 18566
radio 9 18639
radio 9 19153
radio 9 19170
radio 9 19684
radio 9 19701
radio 9 20215
radio 9 20232
radio 9 20746
radio 9 20763
radio 9 21277
radio 9 21308
radio 9 21822
radio 9 21872
radio 9 22386
radio 9 22416
radio 9 22930
radio 9 22947
radio 9 23461
radio 9 23478
radio 9 23992
radio 9 24027
radio 9 24541
delay 2 24 9 24593 9 23949 7 9 2 0 35 1 0
radio 9 24600
radio 9 25115
radio 9 25201
radio 9 25714
radio 9 25731
radio 9 26244
radio 9 26261
radio 9 26775
radio 9 26792
radio 9 27306
radio 9 27338
radio 9 27852
radio 9 27869
radio 9 28383
radio 9 28400
radio 9 28914
radio 9 28931
radio 9 29445
radio 9 29462
radio 9 29976
radio 9 29993
radio 9 30507
radio 9 30524
radio 9 31038
radio 9 31055
radio 9 31569
radio 9 31624
radio 9 32138
radio 9 32155
radio 9 32669
radio 9 32701
radio 9 33215
radio 9 33245
radio 9 33759
radio 9 33776
radio 9 34290
radio 9 34307
radio 9 34821
radio 9 34874
radio 9 35388
radio 9 35420
radio 9 35934
radio 9 35965
radio 9 36479
radio 9 36496
radio 9 37010
radio 9 37027
radio 9 37541
radio 9 37570
radio 9 38084
radio 9 38101
radio 9 38615
radio 9 38663
radio 9 39177
radio 9 39194
radio 9 39708
radio 9 39743
radio 9 40257
radio 9 40289
radio 9 40803
radio 9 40871
radio 9 41385
radio 9 41402
radio 9 41916
radio 9 41933
radio 9 42447
radio 9 42464
radio 9 42978
radio 9 42995
radio 9 43509
radio 9 43526
radio 9 44040
radio 9 44057
radio 9 44571
radio 9 44646
radio 9 45160
delay 3 35 9 45211 9 44535 9 9 65535 0 217 0 0
radio 9 45219
radio 9 45733
radio 9 45890
radio 9 46403
radio 9 46420
radio 9 46933
radio 9 46950
radio 9 47464
radio 9 47481
radio 9 47994
radio 9 48011
radio 9 48525
radio 9 48542
radio 9 49056
radio 9 49087
radio 9 49601
radio 9 49618
radio 9 50132
radio 9 50204
radio 9 50718
radio 9 50754
radio 9 51268
radio 9 51320
radio 9 51834
radio 9 51851
radio 9 52365
radio 9 52382
radio 9 52896
radio 9 52926
radio 9 53440
radio 9 53457
radio 9 53971
radio 9 53988
radio 9 54502
radio 9 54519
radio 9 55033
radio 9 55050
radio 9 55564
radio 9 55594
radio 9 56108
radio 9 56161
radio 9 56675
radio 9 56692
radio 9 57206
radio 9 57223
radio 9 57737
radio 9 57754
radio 9 58268
radio 9 58299
radio 9 58813
radio 9 58830
radio 9 59344
radio 9 59361
radio 9 59875
radio 9 59905
radio 9 60419
radio 9 60473
radio 9 60987
radio 9 61004
radio 9 61518
radio 9 61535
radio 9 62049
radio 9 62066
radio 9 62580
radio 9 62694
radio 9 63208
radio 9 63225
radio 9 63739
radio 9 63767
radio 9 64281
radio 9 64298
radio 9 64812
radio 9 64884
radio 9 65398
delay 4 0 9 65453 10 252 0 9 9 0 75 0 0
radio 9 65462
radio 10 439
radio 10 548
radio 10 1062
radio 10 1091
radio 10 1604
radio 10 1658
radio 10 2172
radio 10 2203
energy 10 2232 7 22475
radio 10 2717
radio 10 2734
radio 10 3247
radio 10 3264
radio 10 3778
radio 10 3808
radio 10 4322
radio 10 4372
radio 10 4886
radio 10 4903
radio 10 5417
radio 10 5434
radio 10 5948
radio 10 5965
radio 10 6478
radio 10 6495
radio 10 7009
radio 10 7026
radio 10 7540
radio 10 7557
radio 10 8071
radio 10 8103
radio 10 8617
radio 10 8634
radio 10 9148
radio 10 9165
radio 10 9679
radio 10 9769
radio 10 10283
radio 10 10359
radio 10 10873
radio 10 10905
radio 10 11419
radio 10 11436
radio 10 11950
radio 10 11967
radio 10 12481
radio 10 12510
radio 10 13024
radio 10 13041
radio 10 13555
radio 10 13606
radio 10 14120
radio 10 14152
radio 10 14666
radio 10 14683
radio 10 15197
radio 10 15227
radio 10 15741
radio 10 15791
radio 10 16305
radio 10 16322
radio 10 16836
radio 10 16853
radio 10 17367
radio 10 17384
radio 10 17898
radio 10 17915
radio 10 18429
radio 10 18446
radio 10 18960
radio 10 18977
radio 10 19491
radio 10 19508
radio 10 20022
radio 10 20039
radio 10 20553
delay 5 0 10 20568 10 20903 0 9 9 0 246 0 0
radio 10 20576
radio 10 21090
radio 10 21501
radio 10 22014
radio 10 22031
radio 10 22545
radio 10 22573
radio 10 23087
radio 10 23104
radio 10 23618
radio 10 23670
radio 10 24184
radio 10 24201
radio 10 24715
radio 10 24732
radio 10 25246
radio 10 25263
radio 10 25777
radio 10 25794
radio 10 26308
radio 10 26325
radio 10 26839
radio 10 26868
radio 10 27382
radio 10 27431
radio 10 27945
radio 10 27962
radio 10 28476
radio 10 28493
radio 10 29007
radio 10 29024
radio 10 29538
radio 10 29555
radio 10 30069
radio 10 30102
radio 10 30616
radio 10 30633
radio 10 31147
radio 10 31164
radio 10 31678
radio 10 31730
radio 10 32244
radio 10 32261
radio 10 32775
radio 10 32792
radio 10 33306
radio 10 33323
radio 10 33837
radio 10 33854
radio 10 34368
radio 10 34385
radio 10 34899
radio 10 34916
radio 10 35430
radio 10 35459
radio 10 35973
radio 10 36049
radio 10 36563
radio 10 36598
radio 10 37112
radio 10 37129
radio 10 37643
radio 10 37660
radio 10 38174
radio 10 38191
radio 10 38705
radio 10 38756
radio 10 39270
radio 10 39287
radio 10 39801
radio 10 39818
radio 10 40332
radio 10 40349
radio 10 40863
delay 6 0 10 40884 10 41218 0 9 9 0 78 1 0
radio 10 40891
radio 10 41406
radio 10 41429
radio 10 41942
radio 10 42017
radio 10 42530
radio 10 42760
radio 10 43273
radio 10 43302
radio 10 43816
radio 10 43833
radio 10 44347
radio 10 44378
radio 10 44892
radio 10 44962
radio 10 45476
radio 10 45532
radio 10 46046
radio 10 46116
radio 10 46630
radio 10 46647
radio 10 47161
radio 10 47269
radio 10 47783
radio 10 47800
radio 10 48314
radio 10 48349
radio 10 48863
radio 10 48880
radio 10 49394
radio 10 49411
radio 10 49925
radio 10 49976
radio 10 50490
radio 10 50519
radio 10 51033
radio 10 51069
radio 10 51583
radio 10 51600
radio 10 52114
radio 10 52143
radio 10 52657
radio 10 52690
radio 10 53204
radio 10 53232
radio 10 53746
radio 10 53780
radio 10 54294
radio 10 54311
radio 10 54825
radio 10 54855
radio 10 55369
radio 10 55386
radio 10 55900
radio 10 55953
radio 10 56467
radio 10 56504
radio 10 57018
radio 10 57048
radio 10 57562
radio 10 57579
radio 10 58093
radio 10 58110
radio 10 58624
radio 10 58699
radio 10 59213
radio 10 59230
radio 10 59744
radio 10 59761
radio 10 60275
radio 10 60292
radio 10 60806
radio 10 60823
radio 10 61337
delay 7 0 10 61412 10 61746 0 9 9 0 129 0 0
radio 10 61421
radio 10 61934
radio 10 61984
radio 10 62498
radio 10 62555
radio 10 63069
radio 10 63086
radio 10 63600
radio 10 63617
energy 10 63672 7 25644
radio 10 64131
radio 10 64148
radio 10 64662
radio 10 64693
radio 10 65207
radio 10 65224
radio 11 202
radio 11 235
radio 11 749
radio 11 818
radio 11 1332
radio 11 1349
radio 11 1863
radio 11 1880
radio 11 2394
radio 11 2411
radio 11 2925
radio 11 2954
radio 11 3468
radio 11 3520
radio 11 4034
radio 11 4051
radio 11 4565
radio 11 4582
radio 11 5096
radio 11 5113
radio 11 5627
radio 11 5644
radio 11 6157
radio 11 6174
radio 11 6688
radio 11 6718
radio 11 7232
radio 11 7266
radio 11 7780
radio 11 7797
radio 11 8311
radio 11 8364
radio 11 8878
radio 11 8895
radio 11 9409
radio 11 9426
radio 11 9940
radio 11 9957
radio 11 10471
radio 11 10488
radio 11 11002
radio 11 11019
radio 11 11533
radio 11 11550
radio 11 12064
radio 11 12081
radio 11 12595
radio 11 12667
radio 11 13181
radio 11 13212
radio 11 13726
radio 11 13743
radio 11 14257
radio 11 14292
radio 11 14806
radio 11 14836
radio 11 15350
radio 11 15367
radio 11 15881
radio 11 15911
radio 11 16425
delay 8 0 11 16443 11 16777 0 9 9 0 216 0 0
radio 11 16451
radio 11 16965
radio 11 16982
radio 11 17496
radio 11 17591
radio 11 18105
radio 11 18122
radio 11 18636
radio 11 18653
radio 11 19167
radio 11 19184
radio 11 19698
radio 11 19732
radio 11 20246
radio 11 20302
radio 11 20816
radio 11 20833
radio 11 21347
radio 11 21364
radio 11 21878
radio 11 21895
radio 11 22409
radio 11 22426
radio 11 22940
radio 11 22957
radio 11 23471
radio 11 23488
radio 11 24002
radio 11 24033
radio 11 24547
radio 11 24621
radio 11 25135
radio 11 25152
radio 11 25666
radio 11 25683
radio 11 26197
radio 11 26214
radio 11 26728
radio 11 26745
radio 11 27259
radio 11 27276
radio 11 27790
radio 11 27807
radio 11 28321
radio 11 28396
radio 11 28910
radio 11 28927
radio 11 29441
radio 11 29458
radio 11 29972
radio 11 29989
radio 11 30503
radio 11 30520
radio 11 31034
radio 11 31063
radio 11 31577
radio 11 31647
radio 11 32161
radio 11 32178
radio 11 32692
radio 11 32709
radio 11 33223
radio 11 33240
radio 11 33754
radio 11 33771
radio 11 34285
radio 11 34302
radio 11 34816
radio 11 34833
radio 11 35347
radio 11 35422
radio 11 35936
radio 11 35986
radio 11 36500
radio 11 36576
radio 11 37090
radio 11 37107
radio 11 37621
delay 9 24 11 37648 11 37001 7 9 2 0 829 0 0
radio 11 37657
radio 11 38170
radio 11 38244
radio 11 38757
radio 11 38849
radio 11 39363
radio 11 39380
radio 11 39894
radio 11 39911
radio 11 40425
radio 11 40442
radio 11 40956
radio 11 40991
radio 11 41505
radio 11 41522
radio 11 42036
radio 11 42053
radio 11 42567
radio 11 42584
radio 11 43098
radio 11 43115
radio 11 43629
radio 11 43646
radio 11 44160
radio 11 44230
radio 11 44744
radio 11 44761
radio 11 45275
radio 11 45292
radio 11 45806
radio 11 45823
radio 11 46337
radio 11 46354
radio 11 46868
radio 11 46885
radio 11 47399
radio 11 47416
radio 11 47930
radio 11 47987
radio 11 48501
radio 11 48535
radio 11 49049
radio 11 49066
radio 11 49580
radio 11 49597
radio 11 50111
radio 11 50141
radio 11 50655
radio 11 50672
radio 11 51186
radio 11 51256
radio 11 51770
radio 11 51787
radio 11 52301
radio 11 52318
radio 11 52832
radio 11 52849
radio 11 53363
radio 11 53380
radio 11 53894
radio 11 53911
radio 11 54425
radio 11 54540
radio 11 55054
radio 11 55071
radio 11 55585
radio 11 55680
radio 11 56194
radio 11 56211
radio 11 56725
radio 11 56754
radio 11 57268
delay 10 24 11 57324 11 56677 7 9 2 0 97 1 0
radio 11 57332
radio 11 57847
radio 11 57896
radio 11 58410
radio 11 58489
radio 11 59003
radio 11 59020
radio 11 59534
radio 11 59551
energy 11 59576 7 28344
radio 11 60065
radio 11 60082
radio 11 60596
radio 11 60613
radio 11 61127
radio 11 61144
radio 11 61658
radio 11 61675
radio 11 62189
radio 11 62206
radio 11 62720
radio 11 62771
radio 11 63285
radio 11 63318
radio 11 63832
radio 11 63849
radio 11 64363
radio 11 64392
radio 11 64906
radio 11 64923
radio 11 65437
radio 11 65454
radio 12 432
radio 12 468
radio 12 982
radio 12 999
radio 12 1512
radio 12 1529
radio 12 2043
radio 12 2076
radio 12 2590
radio 12 2607
radio 12 3121
radio 12 3138
radio 12 3651
radio 12 3668
radio 12 4182
radio 12 4199
radio 12 4713
radio 12 4746
radio 12 5260
radio 12 5329
radio 12 5843
radio 12 5860
radio 12 6374
radio 12 6391
radio 12 6905
radio 12 6922
radio 12 7435
radio 12 7452
radio 12 7966
radio 12 7983
radio 12 8496
radio 12 8513
radio 12 9027
radio 12 9044
radio 12 9558
radio 12 9628
radio 12 10142
radio 12 10159
radio 12 10673
radio 12 10704
radio 12 11218
radio 12 11235
radio 12 11749
radio 12 11766
radio 12 12280
delay 11 0 12 12295 12 12628 0 9 9 0 162 1 0
radio 12 12302
radio 12 12817
radio 12 12840
radio 12 13353
radio 12 13485
radio 12 13998
radio 12 14030
radio 12 14544
radio 12 14561
radio 12 15075
radio 12 15092
radio 12 15606
radio 12 15635
radio 12 16149
radio 12 16178
radio 12 16692
radio 12 16720
radio 12 17234
radio 12 17251
radio 12 17765
radio 12 17797
radio 12 18311
radio 12 18328
radio 12 18842
radio 12 18859
radio 12 19373
radio 12 19406
radio 12 19920
radio 12 19937
radio 12 20451
radio 12 20468
radio 12 20982
radio 12 21058
radio 12 21572
radio 12 21589
radio 12 22103
radio 12 22120
radio 12 22634
radio 12 22651
radio 12 23165
radio 12 23193
radio 12 23707
radio 12 23756
radio 12 24270
radio 12 24287
radio 12 24801
radio 12 24818
radio 12 25332
radio 12 25349
radio 12 25863
radio 12 25880
radio 12 26394
radio 12 26423
radio 12 26937
radio 12 26954
radio 12 27468
radio 12 27485
radio 12 27999
radio 12 28016
radio 12 28530
radio 12 28547
radio 12 29061
radio 12 29132
radio 12 29646
radio 12 29676
radio 12 30190
radio 12 30225
radio 12 30739
radio 12 30810
radio 12 31324
radio 12 31341
radio 12 31855
radio 12 31904
radio 12 32418
radio 12 32488
radio 12 33002
delay 12 0 12 33061 12 33394 0 9 9 0 446 0 0
radio 12 33069
radio 12 33583
radio 12 33763
radio 12 34277
radio 12 34294
radio 12 34808
radio 12 34841
radio 12 35355
radio 12 35406
radio 12 35920
radio 12 35937
radio 12 36451
radio 12 36502
radio 12 37016
radio 12 37065
radio 12 37579
radio 12 37611
radio 12 38125
radio 12 38142
radio 12 38656
radio 12 38686
radio 12 39200
radio 12 39234
radio 12 39748
radio 12 39802
radio 12 40316
radio 12 40333
radio 12 40847
radio 12 40864
radio 12 41378
radio 12 41395
radio 12 41909
radio 12 41926
radio 12 42440
radio 12 42488
radio 12 43002
radio 12 43079
radio 12 43593
radio 12 43610
radio 12 44124
radio 12 44141
radio 12 44655
radio 12 44672
radio 12 45186
radio 12 45203
radio 12 45717
radio 12 45734
radio 12 46248
radio 12 46265
radio 12 46779
radio 12 46854
radio 12 47368
radio 12 47385
radio 12 47899
radio 12 47916
radio 12 48430
radio 12 48447
radio 12 48961
radio 12 48978
radio 12 49492
radio 12 49509
radio 12 50023
radio 12 50040
radio 12 50554
radio 12 50647
radio 12 51161
radio 12 51178
radio 12 51692
radio 12 51709
radio 12 52223
radio 12 52240
radio 12 52754
radio 12 52831
radio 12 53345
delay 13 0 12 53367 12 53700 0 9 9 0 274 0 0
radio 12 53375
radio 12 53889
radio 12 53984
radio 12 54497
radio 12 54514
radio 12 55028
radio 12 55045
energy 12 55480 7 31130
radio 12 55559
radio 12 55588
radio 12 56102
radio 12 56119
radio 12 56633
radio 12 56682
radio 12 57196
radio 12 57231
radio 12 57745
radio 12 57762
radio 12 58276
radio 12 58293
radio 12 58807
radio 12 58824
radio 12 59338
radio 12 59355
radio 12 59869
radio 12 59886
radio 12 60400
radio 12 60431
radio 12 60945
radio 12 60962
radio 12 61476
radio 12 61529
radio 12 62043
radio 12 62060
radio 12 62574
radio 12 62591
radio 12 63105
radio 12 63122
radio 12 63636
radio 12 63670
radio 12 64184
radio 12 64260
radio 12 64774
radio 12 64806
radio 12 65320
radio 12 65337
radio 13 315
radio 13 345
radio 13 859
radio 13 927
radio 13 1441
radio 13 1458
radio 13 1972
radio 13 1989
radio 13 2503
radio 13 2520
radio 13 3034
radio 13 3064
radio 13 3578
radio 13 3653
radio 13 4167
radio 13 4184
radio 13 4698
radio 13 4730
radio 13 5244
radio 13 5261
radio 13 5775
radio 13 5827
radio 13 6341
radio 13 6358
radio 13 6871
radio 13 6888
radio 13 7401
radio 13 7418
radio 13 7932
radio 13 7963
radio 13 8477
delay 14 35 13 8562 13 7886 9 9 65535 0 36 1 0
radio 13 8571
radio 13 9085
radio 13 9103
radio 13 9617
radio 13 9634
radio 13 10148
radio 13 10165
radio 13 10679
radio 13 10696
radio 13 11210
radio 13 11227
radio 13 11741
radio 13 11758
radio 13 12272
radio 13 12304
radio 13 12818
radio 13 12835
radio 13 13349
radio 13 13366
radio 13 13880
radio 13 13897
radio 13 14411
radio 13 14428
radio 13 14942
radio 13 14959
radio 13 15473
radio 13 15490
radio 13 16004
radio 13 16021
radio 13 16535
radio 13 16552
radio 13 17066
radio 13 17083
radio 13 17597
radio 13 17614
radio 13 18128
radio 13 18164
radio 13 18678
radio 13 18773
radio 13 19287
radio 13 19304
radio 13 19818
radio 13 19848
radio 13 20362
radio 13 20431
radio 13 20945
radio 13 20962
radio 13 21476
radio 13 21493
radio 13 22007
radio 13 22024
radio 13 22538
radio 13 22555
radio 13 23069
radio 13 23086
radio 13 23600
radio 13 23617
radio 13 24131
radio 13 24205
radio 13 24719
radio 13 24751
radio 13 25265
radio 13 25282
radio 13 25796
radio 13 25813
radio 13 26327
radio 13 26344
radio 13 26858
radio 13 26932
radio 13 27446
radio 13 27474
radio 13 27988
radio 13 28005
radio 13 28519
delay 15 0 13 28596 13 28928 0 9 9 0 76 0 0
radio 13 28603
radio 13 29118
radio 13 29410
radio 13 29923
radio 13 29977
radio 13 30490
radio 13 30626
radio 13 31140
radio 13 31157
radio 13 31671
radio 13 31688
radio 13 32202
radio 13 32219
radio 13 32733
radio 13 32804
radio 13 33318
radio 13 33347
radio 13 33861
radio 13 33889
radio 13 34403
radio 13 34420
radio 13 34934
radio 13 35006
radio 13 35520
radio 13 35537
radio 13 36051
radio 13 36068
radio 13 36582
radio 13 36599
radio 13 37113
radio 13 37142
radio 13 37656
radio 13 37732
radio 13 38246
radio 13 38274
radio 13 38788
radio 13 38805
radio 13 39319
radio 13 39336
radio 13 39850
radio 13 39867
radio 13 40381
radio 13 40454
radio 13 40968
radio 13 40985
radio 13 41499
radio 13 41516
radio 13 42030
radio 13 42047
radio 13 42561
radio 13 42578
radio 13 43092
radio 13 43109
radio 13 43623
radio 13 43640
radio 13 44154
radio 13 44171
radio 13 44685
radio 13 44758
radio 13 45272
radio 13 45289
radio 13 45803
radio 13 45820
radio 13 46334
radio 13 46351
radio 13 46865
radio 13 46882
radio 13 47396
radio 13 47413
radio 13 47927
radio 13 47956
radio 13 48470
radio 13 48499
radio 13 49013
delay 16 0 13 49034 13 49366 0 9 9 0 36 1 0
radio 13 49041
radio 13 49556
radio 13 49580
radio 13 50094
radio 13 50109
radio 13 50623
radio 13 50753
radio 13 51267
radio 13 51284
energy 13 51384 7 34141
radio 13 51798
radio 13 51827
radio 13 52341
radio 13 52413
radio 13 52927
radio 13 52944
radio 13 53458
radio 13 53475
radio 13 53989
radio 13 54006
radio 13 54520
radio 13 54537
radio 13 55051
radio 13 55068
radio 13 55582
radio 13 55612
radio 13 56126
radio 13 56143
radio 13 56657
radio 13 56706
radio 13 57220
radio 13 57237
radio 13 57751
radio 13 57768
radio 13 58282
radio 13 58299
radio 13 58813
radio 13 58830
radio 13 59344
radio 13 59361
radio 13 59875
radio 13 59892
radio 13 60406
radio 13 60423
radio 13 60937
radio 13 61011
radio 13 61525
radio 13 61542
radio 13 62056
radio 13 62092
radio 13 62606
radio 13 62635
radio 13 63149
radio 13 63166
radio 13 63680
radio 13 63734
radio 13 64248
radio 13 64278
radio 13 64792
radio 13 64821
radio 13 65335
radio 13 65352
radio 14 330
radio 14 398
radio 14 912
radio 14 929
radio 14 1442
radio 14 1459
radio 14 1973
radio 14 1990
radio 14 2504
radio 14 2521
radio 14 3035
radio 14 3065
radio 14 3579
radio 14 3655
radio 14 4169
delay 17 35 14 4189 14 3513 9 9 65535 0 38 1 0
radio 14 4197
radio 14 4711
radio 14 4786
radio 14 5299
radio 14 5350
radio 14 5863
radio 14 5880
radio 14 6394
radio 14 6411
radio 14 6925
radio 14 6942
radio 14 7456
radio 14 7473
radio 14 7986
radio 14 8056
radio 14 8570
radio 14 8602
radio 14 9116
radio 14 9133
radio 14 9647
radio 14 9664
radio 14 10178
radio 14 10210
radio 14 10724
radio 14 10755
radio 14 11269
radio 14 11286
radio 14 11800
radio 14 11830
radio 14 12344
radio 14 12375
radio 14 12889
radio 14 12906
radio 14 13420
radio 14 13437
radio 14 13951
radio 14 13968
radio 14 14482
radio 14 14556
radio 14 15070
radio 14 15087
radio 14 15601
radio 14 15631
radio 14 16145
radio 14 16162
radio 14 16676
radio 14 16693
radio 14 17207
radio 14 17235
radio 14 17749
radio 14 17804
radio 14 18318
radio 14 18335
radio 14 18849
radio 14 18884
radio 14 19398
radio 14 19432
radio 14 19946
radio 14 19974
radio 14 20488
radio 14 20505
radio 14 21019
radio 14 21048
radio 14 21562
radio 14 21579
radio 14 22093
radio 14 22110
radio 14 22624
radio 14 22641
radio 14 23155
radio 14 23172
radio 14 23686
radio 14 23721
radio 14 24235
radio 14 24252
radio 14 24766
delay 18 24 14 24798 14 24147 7 9 2 0 136 0 0
radio 14 24806
radio 14 25320
radio 14 25460
radio 14 25974
radio 14 26025
radio 14 26539
radio 14 26591
radio 14 27105
radio 14 27136
radio 14 27650
radio 14 27678
radio 14 28192
radio 14 28224
radio 14 28738
radio 14 28755
radio 14 29269
radio 14 29359
radio 14 29873
radio 14 29909
radio 14 30423
radio 14 30499
radio 14 31013
radio 14 31129
radio 14 31643
radio 14 31660
radio 14 32174
radio 14 32191
radio 14 32705
radio 14 32722
radio 14 33236
radio 14 33253
radio 14 33767
radio 14 33800
radio 14 34314
radio 14 34331
radio 14 34845
radio 14 34862
radio 14 35376
radio 14 35393
radio 14 35907
radio 14 35938
radio 14 36452
radio 14 36489
radio 14 37003
radio 14 37020
radio 14 37534
radio 14 37551
radio 14 38065
radio 14 38095
radio 14 38609
radio 14 38678
radio 14 39192
radio 14 39209
radio 14 39723
radio 14 39740
radio 14 40254
radio 14 40271
radio 14 40785
radio 14 40802
radio 14 41316
radio 14 41333
radio 14 41847
radio 14 41864
radio 14 42378
radio 14 42453
radio 14 42967
radio 14 42984
radio 14 43498
radio 14 43532
radio 14 44046
radio 14 44074
radio 14 44588
radio 14 44616
radio 14 45130
delay 19 24 14 45176 14 44525 7 9 2 0 163 0 0
radio 14 45184
radio 14 45699
radio 14 45806
radio 14 46319
radio 14 46366
radio 14 46880
radio 14 46897
energy 14 47288 7 37048
radio 14 47411
radio 14 47486
radio 14 48000
radio 14 48017
radio 14 48531
radio 14 48548
radio 14 49062
radio 14 49079
radio 14 49593
radio 14 49610
radio 14 50124
radio 14 50141
radio 14 50655
radio 14 50672
radio 14 51186
radio 14 51257
radio 14 51771
radio 14 51788
radio 14 52302
radio 14 52319
radio 14 52833
radio 14 52884
radio 14 53398
radio 14 53415
radio 14 53929
radio 14 53946
radio 14 54460
radio 14 54510
radio 14 55024
radio 14 55053
radio 14 55567
radio 14 55584
radio 14 56098
radio 14 56115
radio 14 56629
radio 14 56646
radio 14 57160
radio 14 57211
radio 14 57725
radio 14 57742
radio 14 58256
radio 14 58288
radio 14 58802
radio 14 58819
radio 14 59333
radio 14 59364
radio 14 59878
radio 14 59895
radio 14 60409
radio 14 60426
radio 14 60940
radio 14 61013
radio 14 61527
radio 14 61544
radio 14 62058
radio 14 62075
radio 14 62589
radio 14 62625
radio 14 63139
radio 14 63215
radio 14 63729
radio 14 63746
radio 14 64260
radio 14 64288
radio 14 64802
radio 14 64856
radio 14 65370
delay 20 0 14 65418 15 213 0 9 9 0 36 1 0
radio 14 65425
radio 15 404
radio 15 421
radio 15 935
radio 15 1063
radio 15 1577
radio 15 1594
radio 15 2108
radio 15 2125
radio 15 2639
radio 15 2713
radio 15 3227
radio 15 3244
radio 15 3757
radio 15 3790
radio 15 4304
radio 15 4337
radio 15 4851
radio 15 4879
radio 15 5393
radio 15 5410
radio 15 5924
radio 15 5957
radio 15 6471
radio 15 6505
radio 15 7019
radio 15 7036
radio 15 7550
radio 15 7567
radio 15 8081
radio 15 8098
radio 15 8612
radio 15 8629
radio 15 9142
radio 15 9214
radio 15 9728
radio 15 9756
radio 15 10270
radio 15 10287
radio 15 10801
radio 15 10818
radio 15 11332
radio 15 11349
radio 15 11863
radio 15 11880
radio 15 12394
radio 15 12445
radio 15 12959
radio 15 12976
radio 15 13490
radio 15 13507
radio 15 14021
radio 15 14038
radio 15 14552
radio 15 14569
radio 15 15083
radio 15 15100
radio 15 15614
radio 15 15631
radio 15 16145
radio 15 16162
radio 15 16676
radio 15 16711
radio 15 17225
radio 15 17242
radio 15 17756
radio 15 17808
radio 15 18322
radio 15 18339
radio 15 18853
radio 15 18870
radio 15 19384
radio 15 19418
radio 15 19932
radio 15 19965
radio 15 20479
delay 21 0 15 20499 15 20830 0 9 9 0 168 0 0
radio 15 20507
radio 15 21021
radio 15 21094
radio 15 21608
radio 15 21626
radio 15 22140
radio 15 22216
radio 15 22730
radio 15 22747
radio 15 23261
radio 15 23278
radio 15 23792
radio 15 23809
radio 15 24323
radio 15 24340
radio 15 24854
radio 15 24871
radio 15 25385
radio 15 25402
radio 15 25916
radio 15 25964
radio 15 26478
radio 15 26495
radio 15 27009
radio 15 27026
radio 15 27540
radio 15 27557
radio 15 28071
radio 15 28106
radio 15 28620
radio 15 28651
radio 15 29165
radio 15 29182
radio 15 29696
radio 15 29767
radio 15 30281
radio 15 30311
radio 15 30825
radio 15 30857
radio 15 31371
radio 15 31444
radio 15 31958
radio 15 31988
radio 15 32502
radio 15 32533
radio 15 33047
radio 15 33122
radio 15 33636
radio 15 33667
radio 15 34181
radio 15 34198
radio 15 34712
radio 15 34742
radio 15 35256
radio 15 35324
radio 15 35838
radio 15 35855
radio 15 36369
radio 15 36386
radio 15 36900
radio 15 36917
radio 15 37431
radio 15 37448
radio 15 37962
radio 15 37990
radio 15 38504
radio 15 38575
radio 15 39089
radio 15 39106
radio 15 39620
radio 15 39637
radio 15 40151
radio 15 40168
radio 15 40682
radio 15 40699
radio 15 41213
delay 22 24 15 41231 15 40579 7 9 2 0 324 0 0
radio 15 41239
radio 15 41754
radio 15 41777
radio 15 42290
radio 15 42307
radio 15 42821
radio 15 42838
energy 15 43192 7 39763
radio 15 43352
radio 15 43369
radio 15 43883
radio 15 43900
radio 15 44414
radio 15 44431
radio 15 44945
radio 15 44962
radio 15 45476
radio 15 45493
radio 15 46007
radio 15 46040
radio 15 46554
radio 15 46571
radio 15 47085
radio 15 47115
radio 15 47629
radio 15 47698
radio 15 48212
radio 15 48241
radio 15 48755
radio 15 48772
radio 15 49286
radio 15 49320
radio 15 49834
radio 15 49851
radio 15 50365
radio 15 50393
radio 15 50907
radio 15 50943
radio 15 51457
radio 15 51474
radio 15 51988
radio 15 52022
radio 15 52536
radio 15 52553
radio 15 53067
radio 15 53084
radio 15 53598
radio 15 53615
radio 15 54129
radio 15 54199
radio 15 54713
radio 15 54730
radio 15 55244
radio 15 55273
radio 15 55787
radio 15 55804
radio 15 56318
radio 15 56374
radio 15 56888
radio 15 56944
radio 15 57458
radio 15 57487
radio 15 58001
radio 15 58073
radio 15 58587
radio 15 58604
radio 15 59118
radio 15 59149
radio 15 59663
radio 15 59699
radio 15 60213
radio 15 60281
radio 15 60795
radio 15 60824
radio 15 61338
delay 23 0 15 61353 15 61684 0 9 9 0 64 1 0
radio 15 61361
radio 15 61876
radio 15 61978
radio 15 62491
radio 15 62589
radio 15 63103
radio 15 63120
radio 15 63634
radio 15 63651
radio 15 64165
radio 15 64198
radio 15 64712
radio 15 64729
radio 15 65243
radio 15 65314
radio 16 292
radio 16 321
radio 16 835
radio 16 852
radio 16 1365
radio 16 1393
radio 16 1907
radio 16 1980
radio 16 2494
radio 16 2525
radio 16 3039
radio 16 3073
radio 16 3587
radio 16 3656
radio 16 4170
radio 16 4203
radio 16 4717
radio 16 4734
radio 16 5248
radio 16 5265
radio 16 5779
radio 16 5796
radio 16 6309
radio 16 6384
radio 16 6898
radio 16 6927
radio 16 7441
radio 16 7472
radio 16 7986
radio 16 8062
radio 16 8576
radio 16 8593
radio 16 9107
radio 16 9140
radio 16 9654
radio 16 9688
radio 16 10202
radio 16 10235
radio 16 10749
radio 16 10781
radio 16 11295
radio 16 11328
radio 16 11842
radio 16 11875
radio 16 12389
radio 16 12406
radio 16 12920
radio 16 12991
radio 16 13505
radio 16 13535
radio 16 14049
radio 16 14066
radio 16 14580
radio 16 14609
radio 16 15123
radio 16 15193
radio 16 15707
radio 16 15724
radio 16 16238
delay 24 24 16 16310 16 15656 7 9 2 0 25 1 0
radio 16 16317
radio 16 16832
radio 16 17268
radio 16 17781
radio 16 17798
radio 16 18312
radio 16 18329
radio 16 18843
radio 16 18899
radio 16 19413
radio 16 19430
radio 16 19944
radio 16 20016
radio 16 20530
radio 16 20547
radio 16 21061
radio 16 21169
radio 16 21683
radio 16 21700
radio 16 22214
radio 16 22231
radio 16 22745
radio 16 22775
radio 16 23289
radio 16 23306
radio 16 23820
radio 16 23896
radio 16 24410
radio 16 24443
radio 16 24957
radio 16 24974
radio 16 25488
radio 16 25505
radio 16 26019
radio 16 26071
radio 16 26585
radio 16 26617
radio 16 27131
radio 16 27148
radio 16 27662
radio 16 27679
radio 16 28193
radio 16 28210
radio 16 28724
radio 16 28741
radio 16 29255
radio 16 29272
radio 16 29786
radio 16 29817
radio 16 30331
radio 16 30348
radio 16 30862
radio 16 30879
radio 16 31393
radio 16 31410
radio 16 31924
radio 16 31941
radio 16 32455
radio 16 32472
radio 16 32986
radio 16 33003
radio 16 33517
radio 16 33534
radio 16 34048
radio 16 34065
radio 16 34579
radio 16 34596
radio 16 35110
radio 16 35140
radio 16 35654
radio 16 35671
radio 16 36185
radio 16 36202
radio 16 36716
delay 25 0 16 36766 16 37096 0 9 9 0 48 1 0
radio 16 36774
radio 16 37288
radio 16 37307
radio 16 37821
radio 16 37881
radio 16 38395
radio 16 38478
radio 16 38992
radio 16 39024
energy 16 39096 7 43242
radio 16 39538
radio 16 39569
radio 16 40083
radio 16 40100
radio 16 40614
radio 16 40631
radio 16 41145
radio 16 41162
radio 16 41676
radio 16 41693
radio 16 42207
radio 16 42224
radio 16 42738
radio 16 42769
radio 16 43283
radio 16 43319
radio 16 43833
radio 16 43850
radio 16 44364
radio 16 44381
radio 16 44895
radio 16 44943
radio 16 45457
radio 16 45474
radio 16 45988
radio 16 46005
radio 16 46519
radio 16 46551
radio 16 47065
radio 16 47082
radio 16 47596
radio 16 47627
radio 16 48141
radio 16 48158
radio 16 48672
radio 16 48721
radio 16 49235
radio 16 49252
radio 16 49766
radio 16 49801
radio 16 50315
radio 16 50332
radio 16 50846
radio 16 50863
radio 16 51377
radio 16 51414
radio 16 51928
radio 16 51999
radio 16 52513
radio 16 52546
radio 16 53060
radio 16 53077
radio 16 53591
radio 16 53627
radio 16 54141
radio 16 54158
radio 16 54672
radio 16 54689
radio 16 55203
radio 16 55236
radio 16 55750
radio 16 55767
radio 16 56281
radio 16 56298
radio 16 56812
radio 16 56844
radio 16 57358
delay 26 0 16 57410 16 57740 0 9 9 0 212 1 0
radio 16 57418
radio 16 57932
radio 16 57949
radio 16 58462
radio 16 58507
radio 16 59020
radio 16 59037
radio 16 59551
radio 16 59568
radio 16 60082
radio 16 60099
radio 16 60613
radio 16 60630
radio 16 61144
radio 16 61161
radio 16 61675
radio 16 61725
radio 16 62239
radio 16 62256
radio 16 62770
radio 16 62799
radio 16 63313
radio 16 63342
radio 16 63856
radio 16 63873
radio 16 64387
radio 16 64404
radio 16 64918
radio 16 64949
radio 16 65463
radio 16 65498
radio 17 476
radio 17 493
radio 17 1006
radio 17 1034
radio 17 1548
radio 17 1565
radio 17 2079
radio 17 2096
radio 17 2610
radio 17 2643
radio 17 3157
radio 17 3185
radio 17 3699
radio 17 3716
radio 17 4229
radio 17 4246
radio 17 4760
radio 17 4777
radio 17 5291
radio 17 5325
radio 17 5839
radio 17 5856
radio 17 6370
radio 17 6399
radio 17 6913
radio 17 6930
radio 17 7444
radio 17 7461
radio 17 7975
radio 17 7992
radio 17 8506
radio 17 8523
radio 17 9037
radio 17 9113
radio 17 9627
radio 17 9644
radio 17 10158
radio 17 10175
radio 17 10689
radio 17 10706
radio 17 11220
radio 17 11237
radio 17 11751
radio 17 11783
radio 17 12297
radio 17 12314
radio 17 12828
radio 17 12845
radio 17 13359
delay 27 24 17 13378 17 12723 7 9 2 0 779 0 0
radio 17 13386
radio 17 13900
radio 17 13949
radio 17 14463
radio 17 14480
radio 17 14994
radio 17 15011
radio 17 15525
radio 17 15542
radio 17 16056
radio 17 16108
radio 17 16622
radio 17 16651
radio 17 17165
radio 17 17200
radio 17 17714
radio 17 17731
radio 17 18245
radio 17 18262
radio 17 18776
radio 17 18807
radio 17 19321
radio 17 19389
radio 17 19903
radio 17 19920
radio 17 20434
radio 17 20451
radio 17 20965
radio 17 20982
radio 17 21496
radio 17 21513
radio 17 22027
radio 17 22044
radio 17 22558
radio 17 22575
radio 17 23089
radio 17 23164
radio 17 23678
radio 17 23710
radio 17 24224
radio 17 24253
radio 17 24767
radio 17 24840
radio 17 25354
radio 17 25371
radio 17 25885
radio 17 25902
radio 17 26416
radio 17 26433
radio 17 26947
radio 17 26964
radio 17 27478
radio 17 27495
radio 17 28009
radio 17 28063
radio 17 28577
radio 17 28594
radio 17 29108
radio 17 29125
radio 17 29639
radio 17 29669
radio 17 30183
radio 17 30200
radio 17 30714
radio 17 30731
radio 17 31245
radio 17 31262
radio 17 31776
radio 17 31793
radio 17 32307
radio 17 32324
radio 17 32838
delay 28 35 17 33170 17 32494 9 9 65535 0 98 0 0
radio 17 33179
radio 17 33693
radio 17 33822
radio 17 34336
radio 17 34388
radio 17 34902
radio 17 34919
energy 17 35000 7 45908
radio 17 35433
radio 17 35450
radio 17 35964
radio 17 35981
radio 17 36495
radio 17 36512
radio 17 37026
radio 17 37043
radio 17 37557
radio 17 37574
radio 17 38088
radio 17 38159
radio 17 38673
radio 17 38729
radio 17 39243
radio 17 39313
radio 17 39827
radio 17 39844
radio 17 40358
radio 17 40387
radio 17 40901
radio 17 40918
radio 17 41432
radio 17 41486
radio 17 42000
radio 17 42017
radio 17 42531
radio 17 42584
radio 17 43098
radio 17 43115
radio 17 43629
radio 17 43646
radio 17 44160
radio 17 44177
radio 17 44691
radio 17 44764
radio 17 45278
radio 17 45295
radio 17 45809
radio 17 45843
radio 17 46357
radio 17 46374
radio 17 46888
radio 17 46905
radio 17 47419
radio 17 47451
radio 17 47965
radio 17 47982
radio 17 48496
radio 17 48513
radio 17 49027
radio 17 49044
radio 17 49558
radio 17 49587
radio 17 50101
radio 17 50134
radio 17 50648
radio 17 50665
radio 17 51179
radio 17 51208
radio 17 51722
radio 17 51751
radio 17 52265
radio 17 52301
radio 17 52815
radio 17 52832
radio 17 53346
delay 29 0 17 53470 17 53799 0 9 9 0 367 0 0
radio 17 53478
radio 17 53992
radio 17 54065
radio 17 54578
radio 17 54595
radio 17 55109
radio 17 55126
radio 17 55640
radio 17 55670
radio 17 56184
radio 17 56201
radio 17 56715
radio 17 56747
radio 17 57261
radio 17 57295
radio 17 57809
radio 17 57844
radio 17 58358
radio 17 58375
radio 17 58889
radio 17 58906
radio 17 59420
radio 17 59437
radio 17 59951
radio 17 59968
radio 17 60482
radio 17 60515
radio 17 61029
radio 17 61046
radio 17 61560
radio 17 61577
radio 17 62091
radio 17 62143
radio 17 62657
radio 17 62674
radio 17 63188
radio 17 63205
radio 17 63719
radio 17 63736
radio 17 64250
radio 17 64284
radio 17 64798
radio 17 64815
radio 17 65329
radio 17 65346
radio 18 324
radio 18 341
radio 18 854
radio 18 871
radio 18 1384
radio 18 1460
radio 18 1974
radio 18 1991
radio 18 2504
radio 18 2533
radio 18 3047
radio 18 3064
radio 18 3578
radio 18 3610
radio 18 4124
radio 18 4141
radio 18 4655
radio 18 4672
radio 18 5186
radio 18 5235
radio 18 5749
radio 18 5766
radio 18 6280
radio 18 6313
radio 18 6827
radio 18 6844
radio 18 7357
radio 18 7374
radio 18 7888
radio 18 7921
radio 18 8435
radio 18 8452
radio 18 8965
delay 30 35 18 9246 18 8570 9 9 65535 0 472 0 0
radio 18 9254
radio 18 9769
radio 18 9786
radio 18 10300
radio 18 10393
