Thread[Thread-1,5,main]tree 142 15 24 14 0 0
radio 6 62620
radio 6 62623
radio 6 62640
radio 6 63154
radio 6 63171
radio 6 63685
radio 6 63702
radio 6 64216
radio 6 64233
radio 6 64747
radio 6 64764
radio 6 65278
radio 6 65307
radio 7 285
radio 7 302
radio 7 815
radio 7 871
radio 7 1384
radio 7 1401
radio 7 1914
radio 7 1945
radio 7 2459
radio 7 2476
radio 7 2989
radio 7 3006
radio 7 3519
radio 7 3536
radio 7 4049
radio 7 4085
radio 7 4599
radio 7 4616
radio 7 5129
radio 7 5183
radio 7 5697
radio 7 5733
radio 7 6247
radio 7 6264
radio 7 6777
radio 7 6807
radio 7 7321
radio 7 7371
radio 7 7885
radio 7 7902
radio 7 8415
radio 7 8432
radio 7 8945
radio 7 8962
radio 7 9475
radio 7 9492
radio 7 10005
radio 7 10034
radio 7 10548
radio 7 10565
radio 7 11079
radio 7 11111
radio 7 11625
radio 7 11681
radio 7 12195
radio 7 12212
radio 7 12726
radio 7 12755
radio 7 13269
radio 7 13286
radio 7 13800
radio 7 13833
radio 7 14347
radio 7 14395
radio 7 14909
radio 7 14926
radio 7 15440
radio 7 15457
radio 7 15971
radio 7 16005
radio 7 16519
radio 7 16536
radio 7 17050
radio 7 17067
radio 7 17581
radio 7 17614
radio 7 18128
radio 7 18179
radio 7 18693
radio 7 18721
radio 7 19235
radio 7 19268
radio 7 19782
radio 7 19817
radio 7 20331
radio 7 20348
radio 7 20862
radio 7 20914
radio 7 21428
radio 7 21463
radio 7 21977
radio 7 21994
radio 7 22508
radio 7 22525
radio 7 23039
radio 7 23056
radio 7 23570
radio 7 23642
radio 7 24156
radio 7 24173
radio 7 24687
radio 7 24704
radio 7 25218
radio 7 25249
radio 7 25763
radio 7 25839
radio 7 26353
radio 7 26370
radio 7 26884
radio 7 26901
radio 7 27415
radio 7 27432
radio 7 27946
radio 7 27963
radio 7 28477
radio 7 28508
radio 7 29022
radio 7 29076
radio 7 29590
radio 7 29607
radio 7 30121
radio 7 30154
radio 7 30668
radio 7 30696
radio 7 31210
radio 7 31247
radio 7 31761
radio 7 31790
radio 7 32304
radio 7 32372
radio 7 32886
radio 7 32903
radio 7 33417
radio 7 33434
radio 7 33948
radio 7 34004
radio 7 34518
radio 7 34535
radio 7 35049
radio 7 35066
radio 7 35580
radio 7 35597
radio 7 36111
radio 7 36128
radio 7 36642
radio 7 36659
radio 7 37173
radio 7 37205
radio 7 37719
radio 7 37736
radio 7 38250
radio 7 38318
radio 7 38832
radio 7 38849
radio 7 39363
radio 7 39380
radio 7 39894
radio 7 39925
radio 7 40439
radio 7 40456
radio 7 40970
radio 7 40987
radio 7 41501
radio 7 41572
radio 7 42086
radio 7 42103
radio 7 42617
radio 7 42634
radio 7 43148
radio 7 43165
radio 7 43679
radio 7 43696
radio 7 44210
radio 7 44227
radio 7 44741
radio 7 44758
radio 7 45272
radio 7 45328
radio 7 45842
radio 7 45859
radio 7 46373
radio 7 46390
radio 7 46904
radio 7 46935
radio 7 47449
radio 7 47466
radio 7 47980
radio 7 48011
radio 7 48525
radio 7 48599
radio 7 49113
radio 7 49130
radio 7 49644
radio 7 49661
radio 7 50175
radio 7 50211
radio 7 50725
radio 7 50781
radio 7 51295
radio 7 51330
radio 7 51844
radio 7 51861
radio 7 52375
radio 7 52392
radio 7 52906
radio 7 52923
radio 7 53437
radio 7 53533
radio 7 54047
radio 7 54064
radio 7 54578
radio 7 54687
radio 7 55201
radio 7 55218
radio 7 55732
radio 7 55749
radio 7 56263
radio 7 56280
radio 7 56794
radio 7 56823
radio 7 57337
radio 7 57425
radio 7 57939
radio 7 57975
radio 7 58489
energy 7 58535 6 65263
radio 7 58561
radio 7 59075
radio 7 59104
radio 7 59618
radio 7 59652
radio 7 60166
radio 7 60238
radio 7 60752
radio 7 60769
radio 7 61283
radio 7 61300
radio 7 61814
radio 7 61831
radio 7 62345
radio 7 62362
radio 7 62876
radio 7 62893
radio 7 63407
radio 7 63435
radio 7 63949
radio 7 63966
radio 7 64480
radio 7 64497
radio 7 65011
radio 7 65028
radio 8 6
radio 8 23
radio 8 536
radio 8 553
radio 8 1066
radio 8 1083
radio 8 1597
radio 8 1614
radio 8 2127
radio 8 2144
radio 8 2657
radio 8 2674
radio 8 3187
radio 8 3221
radio 8 3735
radio 8 3752
radio 8 4265
radio 8 4282
radio 8 4795
radio 8 4870
radio 8 5384
radio 8 5401
radio 8 5914
radio 8 5931
radio 8 6444
radio 8 6533
radio 8 7047
radio 8 7064
radio 8 7577
radio 8 7594
radio 8 8107
radio 8 8142
radio 8 8656
radio 8 8673
radio 8 9186
radio 8 9203
radio 8 9716
radio 8 9733
radio 8 10246
radio 8 10263
radio 8 10777
radio 8 10848
radio 8 11362
radio 8 11393
radio 8 11907
radio 8 11924
radio 8 12438
radio 8 12455
radio 8 12969
radio 8 12998
radio 8 13512
radio 8 13560
radio 8 14074
radio 8 14124
radio 8 14638
radio 8 14655
radio 8 15169
radio 8 15205
radio 8 15719
radio 8 15736
radio 8 16250
radio 8 16267
radio 8 16781
radio 8 16809
radio 8 17323
radio 8 17352
radio 8 17866
radio 8 17883
radio 8 18397
radio 8 18414
radio 8 18928
radio 8 18957
radio 8 19471
radio 8 19546
radio 8 20060
radio 8 20077
radio 8 20591
radio 8 20620
radio 8 21134
radio 8 21162
radio 8 21676
radio 8 21693
radio 8 22207
radio 8 22243
radio 8 22757
radio 8 22774
radio 8 23288
radio 8 23305
radio 8 23819
radio 8 23836
radio 8 24350
radio 8 24381
radio 8 24895
radio 8 24926
radio 8 25440
radio 8 25457
radio 8 25971
radio 8 25988
radio 8 26502
radio 8 26519
radio 8 27033
radio 8 27084
radio 8 27598
radio 8 27630
radio 8 28144
radio 8 28161
radio 8 28675
radio 8 28692
radio 8 29206
radio 8 29239
radio 8 29753
radio 8 29770
radio 8 30284
radio 8 30336
radio 8 30850
radio 8 30867
radio 8 31381
radio 8 31414
radio 8 31928
radio 8 31945
radio 8 32459
radio 8 32476
radio 8 32990
radio 8 33007
radio 8 33521
radio 8 33538
radio 8 34052
radio 8 34069
radio 8 34583
radio 8 34634
radio 8 35148
radio 8 35165
radio 8 35679
radio 8 35696
radio 8 36210
radio 8 36244
radio 8 36758
radio 8 36775
radio 8 37289
radio 8 37306
radio 8 37820
radio 8 37837
radio 8 38351
radio 8 38368
radio 8 38882
radio 8 38933
radio 8 39447
radio 8 39464
radio 8 39978
radio 8 40015
radio 8 40529
radio 8 40559
radio 8 41073
radio 8 41126
radio 8 41640
radio 8 41657
radio 8 42171
radio 8 42188
radio 8 42702
radio 8 42719
radio 8 43233
radio 8 43250
radio 8 43764
radio 8 43781
radio 8 44295
radio 8 44331
radio 8 44845
radio 8 44879
radio 8 45393
radio 8 45410
radio 8 45924
radio 8 45941
radio 8 46455
radio 8 46472
radio 8 46986
radio 8 47003
radio 8 47517
radio 8 47534
radio 8 48048
radio 8 48065
radio 8 48579
radio 8 48613
radio 8 49127
delay 0 24 8 49146 8 48638 7 12 5 0 184 0 0
radio 8 49154
radio 8 49668
radio 8 49751
radio 8 50264
radio 8 50284
radio 8 50797
radio 8 50814
radio 8 51328
radio 8 51436
radio 8 51950
radio 8 51967
radio 8 52481
radio 8 52498
radio 8 53012
radio 8 53040
radio 8 53554
radio 8 53650
radio 8 54164
radio 8 54181
energy 8 54439 7 2188
radio 8 54695
radio 8 54712
radio 8 55226
radio 8 55341
radio 8 55855
radio 8 55872
radio 8 56386
radio 8 56403
radio 8 56917
radio 8 56971
radio 8 57485
radio 8 57502
radio 8 58016
radio 8 58033
radio 8 58547
radio 8 58582
radio 8 59096
radio 8 59113
radio 8 59627
radio 8 59644
radio 8 60158
radio 8 60175
radio 8 60689
radio 8 60766
radio 8 61280
radio 8 61313
radio 8 61827
radio 8 61844
radio 8 62358
radio 8 62375
radio 8 62889
radio 8 62961
radio 8 63475
radio 8 63492
radio 8 64006
radio 8 64034
radio 8 64548
radio 8 64565
radio 8 65079
radio 8 65114
radio 9 92
radio 9 121
radio 9 634
radio 9 651
radio 9 1164
radio 9 1181
radio 9 1694
radio 9 1724
radio 9 2238
radio 9 2272
radio 9 2786
radio 9 2817
radio 9 3331
radio 9 3386
radio 9 3900
radio 9 3917
radio 9 4430
delay 1 35 9 4516 9 3975 9 12 3 0 106 0 0
radio 9 4523
radio 9 5038
radio 9 5208
radio 9 5721
radio 9 5738
radio 9 6251
radio 9 6268
radio 9 6781
radio 9 6798
radio 9 7311
radio 9 7341
radio 9 7855
radio 9 7872
radio 9 8385
radio 9 8402
radio 9 8915
radio 9 8932
radio 9 9445
radio 9 9480
radio 9 9994
radio 9 10011
radio 9 10524
radio 9 10541
radio 9 11055
radio 9 11072
radio 9 11586
radio 9 11618
radio 9 12132
radio 9 12160
radio 9 12674
radio 9 12702
radio 9 13216
radio 9 13233
radio 9 13747
radio 9 13777
radio 9 14291
radio 9 14341
radio 9 14855
radio 9 14889
radio 9 15403
radio 9 15420
radio 9 15934
radio 9 15986
radio 9 16500
radio 9 16517
radio 9 17031
radio 9 17048
radio 9 17562
radio 9 17598
radio 9 18112
radio 9 18129
radio 9 18643
radio 9 18660
radio 9 19174
radio 9 19204
radio 9 19718
radio 9 19735
radio 9 20249
radio 9 20285
radio 9 20799
radio 9 20816
radio 9 21330
radio 9 21347
radio 9 21861
radio 9 21878
radio 9 22392
radio 9 22423
radio 9 22937
radio 9 22954
radio 9 23468
radio 9 23519
radio 9 24033
radio 9 24050
radio 9 24564
delay 2 24 9 24586 9 24077 7 12 5 0 163 0 0
radio 9 24593
radio 9 25108
radio 9 25127
radio 9 25641
radio 9 25662
radio 9 26176
radio 9 26193
radio 9 26707
radio 9 26724
radio 9 27238
radio 9 27255
radio 9 27769
radio 9 27803
radio 9 28317
radio 9 28351
radio 9 28865
radio 9 28893
radio 9 29407
radio 9 29424
radio 9 29938
radio 9 29955
radio 9 30469
radio 9 30486
radio 9 31000
radio 9 31017
radio 9 31531
radio 9 31606
radio 9 32120
radio 9 32137
radio 9 32651
radio 9 32668
radio 9 33182
radio 9 33199
radio 9 33713
radio 9 33742
radio 9 34256
radio 9 34285
radio 9 34799
radio 9 34828
radio 9 35342
radio 9 35373
radio 9 35887
radio 9 35958
radio 9 36472
radio 9 36541
radio 9 37055
radio 9 37087
radio 9 37601
radio 9 37630
radio 9 38144
radio 9 38219
radio 9 38733
radio 9 38750
radio 9 39264
radio 9 39281
radio 9 39795
radio 9 39812
radio 9 40326
radio 9 40355
radio 9 40869
radio 9 40886
radio 9 41400
radio 9 41450
radio 9 41964
radio 9 41981
radio 9 42495
radio 9 42512
radio 9 43026
radio 9 43043
radio 9 43557
radio 9 43574
radio 9 44088
radio 9 44105
radio 9 44619
radio 9 44636
radio 9 45150
delay 3 24 9 45198 9 44689 7 12 5 0 160 1 0
radio 9 45205
radio 9 45720
radio 9 45775
radio 9 46289
radio 9 46319
radio 9 46833
radio 9 46909
radio 9 47423
radio 9 47455
radio 9 47969
radio 9 47986
radio 9 48500
radio 9 48529
radio 9 49043
radio 9 49139
radio 9 49653
radio 9 49744
radio 9 50258
energy 9 50343 7 5045
radio 9 50350
radio 9 50863
radio 9 50880
radio 9 51394
radio 9 51425
radio 9 51939
radio 9 51973
radio 9 52487
radio 9 52504
radio 9 53018
radio 9 53035
radio 9 53549
radio 9 53566
radio 9 54080
radio 9 54155
radio 9 54669
radio 9 54700
radio 9 55214
radio 9 55231
radio 9 55745
radio 9 55779
radio 9 56293
radio 9 56343
radio 9 56857
radio 9 56874
radio 9 57388
radio 9 57405
radio 9 57919
radio 9 57936
radio 9 58450
radio 9 58467
radio 9 58981
radio 9 58998
radio 9 59512
radio 9 59529
radio 9 60043
radio 9 60075
radio 9 60589
radio 9 60639
radio 9 61153
radio 9 61170
radio 9 61684
radio 9 61701
radio 9 62215
radio 9 62232
radio 9 62746
radio 9 62777
radio 9 63291
radio 9 63324
radio 9 63838
radio 9 63890
radio 9 64404
radio 9 64434
radio 9 64948
radio 9 64978
radio 9 65492
delay 4 35 10 5 9 65001 9 12 3 0 212 1 0
radio 10 12
radio 10 526
radio 10 570
radio 10 1083
radio 10 1124
radio 10 1637
radio 10 1654
radio 10 2168
radio 10 2197
radio 10 2711
radio 10 2759
radio 10 3273
radio 10 3290
radio 10 3804
radio 10 3821
radio 10 4335
radio 10 4352
radio 10 4866
radio 10 4894
radio 10 5408
radio 10 5440
radio 10 5954
radio 10 5971
radio 10 6485
radio 10 6533
radio 10 7047
radio 10 7064
radio 10 7578
radio 10 7595
radio 10 8109
radio 10 8145
radio 10 8659
radio 10 8689
radio 10 9203
radio 10 9220
radio 10 9733
radio 10 9783
radio 10 10297
radio 10 10327
radio 10 10841
radio 10 10858
radio 10 11372
radio 10 11389
radio 10 11903
radio 10 11920
radio 10 12434
radio 10 12451
radio 10 12965
radio 10 12982
radio 10 13496
radio 10 13524
radio 10 14038
radio 10 14087
radio 10 14601
radio 10 14618
radio 10 15132
radio 10 15149
radio 10 15663
radio 10 15680
radio 10 16194
radio 10 16211
radio 10 16725
radio 10 16742
radio 10 17256
radio 10 17273
radio 10 17787
radio 10 17821
radio 10 18335
radio 10 18368
radio 10 18882
radio 10 18912
radio 10 19426
radio 10 19443
radio 10 19957
radio 10 19974
radio 10 20488
radio 10 20505
radio 10 21019
delay 5 24 10 21040 10 20531 7 12 5 0 442 0 0
radio 10 21048
radio 10 21562
radio 10 21586
radio 10 22100
radio 10 22120
radio 10 22634
radio 10 22664
radio 10 23178
radio 10 23195
radio 10 23709
radio 10 23726
radio 10 24240
radio 10 24270
radio 10 24784
radio 10 24816
radio 10 25330
radio 10 25347
radio 10 25861
radio 10 25894
radio 10 26408
radio 10 26476
radio 10 26990
radio 10 27007
radio 10 27521
radio 10 27538
radio 10 28052
radio 10 28069
radio 10 28583
radio 10 28600
radio 10 29114
radio 10 29144
radio 10 29658
radio 10 29706
radio 10 30220
radio 10 30254
radio 10 30768
radio 10 30802
radio 10 31316
radio 10 31333
radio 10 31847
radio 10 31864
radio 10 32378
radio 10 32433
radio 10 32947
radio 10 32964
radio 10 33478
radio 10 33515
radio 10 34029
radio 10 34046
radio 10 34560
radio 10 34591
radio 10 35105
radio 10 35122
radio 10 35636
radio 10 35684
radio 10 36198
radio 10 36230
radio 10 36744
radio 10 36761
radio 10 37275
radio 10 37292
radio 10 37806
radio 10 37823
radio 10 38337
radio 10 38354
radio 10 38868
radio 10 38898
radio 10 39412
radio 10 39462
radio 10 39976
radio 10 39993
radio 10 40507
radio 10 40524
radio 10 41038
radio 10 41106
radio 10 41620
delay 6 0 10 41644 10 41135 0 12 12 0 65535 0 0
radio 10 41653
radio 10 42167
radio 10 42184
radio 10 42698
radio 10 42734
radio 10 43248
radio 10 43285
radio 10 43799
radio 10 43816
radio 10 44330
radio 10 44403
radio 10 44917
radio 10 44970
radio 10 45484
radio 10 45560
radio 10 46074
radio 10 46129
energy 10 46247 7 7685
radio 10 46643
radio 10 46677
radio 10 47191
radio 10 47208
radio 10 47722
radio 10 47756
radio 10 48270
radio 10 48287
radio 10 48801
radio 10 48818
radio 10 49332
radio 10 49349
radio 10 49863
radio 10 49898
radio 10 50412
radio 10 50429
radio 10 50943
radio 10 50978
radio 10 51492
radio 10 51509
radio 10 52023
radio 10 52040
radio 10 52554
radio 10 52585
radio 10 53099
radio 10 53132
radio 10 53646
radio 10 53682
radio 10 54196
radio 10 54264
radio 10 54778
radio 10 54809
radio 10 55323
radio 10 55353
radio 10 55867
radio 10 55936
radio 10 56450
radio 10 56467
radio 10 56981
radio 10 56998
radio 10 57512
radio 10 57529
radio 10 58043
radio 10 58060
radio 10 58574
radio 10 58591
radio 10 59105
radio 10 59137
radio 10 59651
radio 10 59700
radio 10 60214
radio 10 60249
radio 10 60763
radio 10 60792
radio 10 61306
radio 10 61323
radio 10 61837
delay 7 35 10 61882 10 61343 9 12 3 0 540 0 0
radio 10 61890
radio 10 62404
radio 10 62424
radio 10 62938
radio 10 62972
radio 10 63486
radio 10 63518
radio 10 64032
radio 10 64067
radio 10 64581
radio 10 64609
radio 10 65123
radio 10 65154
radio 11 132
radio 11 149
radio 11 662
radio 11 679
radio 11 1192
radio 11 1220
radio 11 1734
radio 11 1766
radio 11 2280
radio 11 2297
radio 11 2811
radio 11 2866
radio 11 3380
radio 11 3397
radio 11 3911
radio 11 3928
radio 11 4442
radio 11 4459
radio 11 4973
radio 11 5002
radio 11 5516
radio 11 5533
radio 11 6047
radio 11 6078
radio 11 6592
radio 11 6622
radio 11 7136
radio 11 7153
radio 11 7667
radio 11 7698
radio 11 8212
radio 11 8242
radio 11 8756
radio 11 8773
radio 11 9287
radio 11 9304
radio 11 9818
radio 11 9850
radio 11 10364
radio 11 10417
radio 11 10931
radio 11 10960
radio 11 11474
radio 11 11491
radio 11 12005
radio 11 12039
radio 11 12553
radio 11 12570
radio 11 13084
radio 11 13158
radio 11 13672
radio 11 13706
radio 11 14220
radio 11 14237
radio 11 14751
radio 11 14768
radio 11 15282
radio 11 15299
radio 11 15813
radio 11 15830
radio 11 16344
radio 11 16374
radio 11 16888
delay 8 24 11 16904 11 16395 7 12 5 0 365 0 0
radio 11 16912
radio 11 17426
radio 11 17523
radio 11 18037
radio 11 18069
radio 11 18583
radio 11 18600
radio 11 19114
radio 11 19145
radio 11 19659
radio 11 19687
radio 11 20201
radio 11 20218
radio 11 20732
radio 11 20749
radio 11 21263
radio 11 21331
radio 11 21845
radio 11 21877
radio 11 22391
radio 11 22408
radio 11 22922
radio 11 22953
radio 11 23467
radio 11 23540
radio 11 24054
radio 11 24083
radio 11 24597
radio 11 24614
radio 11 25128
radio 11 25145
radio 11 25659
radio 11 25676
radio 11 26190
radio 11 26267
radio 11 26781
radio 11 26813
radio 11 27327
radio 11 27344
radio 11 27858
radio 11 27889
radio 11 28403
radio 11 28434
radio 11 28948
radio 11 28977
radio 11 29491
radio 11 29508
radio 11 30022
radio 11 30052
radio 11 30566
radio 11 30583
radio 11 31097
radio 11 31129
radio 11 31643
radio 11 31716
radio 11 32230
radio 11 32299
radio 11 32813
radio 11 32830
radio 11 33344
radio 11 33361
radio 11 33875
radio 11 33892
radio 11 34406
radio 11 34423
radio 11 34937
radio 11 34954
radio 11 35468
radio 11 35485
radio 11 35999
radio 11 36016
radio 11 36530
radio 11 36547
radio 11 37061
delay 9 24 11 37113 11 36604 7 12 5 0 432 0 0
radio 11 37123
radio 11 37636
radio 11 37655
radio 11 38169
radio 11 38194
radio 11 38708
radio 11 38725
radio 11 39239
radio 11 39273
radio 11 39787
radio 11 39804
radio 11 40318
radio 11 40335
radio 11 40849
radio 11 40866
radio 11 41380
radio 11 41397
radio 11 41911
radio 11 41928
energy 11 42151 7 10260
radio 11 42442
radio 11 42538
radio 11 43052
radio 11 43085
radio 11 43599
radio 11 43673
radio 11 44187
radio 11 44216
radio 11 44730
radio 11 44760
radio 11 45274
radio 11 45291
radio 11 45805
radio 11 45840
radio 11 46354
radio 11 46448
radio 11 46962
radio 11 47013
radio 11 47527
radio 11 47559
radio 11 48073
radio 11 48103
radio 11 48617
radio 11 48634
radio 11 49148
radio 11 49179
radio 11 49693
radio 11 49741
radio 11 50255
radio 11 50291
radio 11 50805
radio 11 50837
radio 11 51351
radio 11 51404
radio 11 51918
radio 11 51935
radio 11 52449
radio 11 52480
radio 11 52994
radio 11 53011
radio 11 53525
radio 11 53556
radio 11 54070
radio 11 54105
radio 11 54619
radio 11 54668
radio 11 55182
radio 11 55199
radio 11 55713
radio 11 55730
radio 11 56244
radio 11 56261
radio 11 56775
radio 11 56792
radio 11 57306
delay 10 24 11 57322 11 56813 7 12 5 0 233 1 0
radio 11 57330
radio 11 57845
radio 11 57923
radio 11 58436
radio 11 58523
radio 11 59037
radio 11 59054
radio 11 59568
radio 11 59585
radio 11 60099
radio 11 60116
radio 11 60630
radio 11 60661
radio 11 61175
radio 11 61192
radio 11 61706
radio 11 61723
radio 11 62237
radio 11 62271
radio 11 62785
radio 11 62862
radio 11 63376
radio 11 63404
radio 11 63918
radio 11 63935
radio 11 64449
radio 11 64483
radio 11 64997
radio 11 65065
radio 12 43
radio 12 60
radio 12 573
radio 12 602
radio 12 1116
radio 12 1133
radio 12 1647
radio 12 1681
radio 12 2195
radio 12 2212
radio 12 2726
radio 12 2760
radio 12 3274
radio 12 3309
radio 12 3823
radio 12 3840
radio 12 4354
radio 12 4384
radio 12 4898
radio 12 4930
radio 12 5444
radio 12 5473
radio 12 5987
radio 12 6004
radio 12 6517
radio 12 6547
radio 12 7061
radio 12 7078
radio 12 7592
radio 12 7628
radio 12 8142
radio 12 8176
radio 12 8690
radio 12 8742
radio 12 9256
radio 12 9273
radio 12 9787
radio 12 9804
radio 12 10318
radio 12 10366
radio 12 10880
radio 12 10897
radio 12 11411
radio 12 11463
radio 12 11977
radio 12 12008
radio 12 12522
delay 11 24 12 12599 12 12090 7 12 5 0 312 0 0
radio 12 12607
radio 12 13122
radio 12 13138
radio 12 13651
radio 12 13668
radio 12 14182
radio 12 14199
radio 12 14713
radio 12 14730
radio 12 15244
radio 12 15261
radio 12 15775
radio 12 15810
radio 12 16324
radio 12 16360
radio 12 16874
radio 12 16929
radio 12 17443
radio 12 17472
radio 12 17986
radio 12 18003
radio 12 18517
radio 12 18609
radio 12 19123
radio 12 19140
radio 12 19654
radio 12 19671
radio 12 20185
radio 12 20202
radio 12 20716
radio 12 20746
radio 12 21260
radio 12 21335
radio 12 21849
radio 12 21882
radio 12 22396
radio 12 22413
radio 12 22927
radio 12 22944
radio 12 23458
radio 12 23490
radio 12 24004
radio 12 24035
radio 12 24549
radio 12 24584
radio 12 25098
radio 12 25115
radio 12 25629
radio 12 25646
radio 12 26160
radio 12 26189
radio 12 26703
radio 12 26732
radio 12 27246
radio 12 27301
radio 12 27815
radio 12 27832
radio 12 28346
radio 12 28363
radio 12 28877
radio 12 28908
radio 12 29422
radio 12 29440
radio 12 29953
radio 12 29970
radio 12 30484
radio 12 30501
radio 12 31015
radio 12 31032
radio 12 31546
radio 12 31615
radio 12 32129
radio 12 32159
radio 12 32673
radio 12 32690
radio 12 33204
delay 12 24 12 33257 12 32748 7 12 5 0 246 0 0
radio 12 33267
radio 12 33780
radio 12 33798
radio 12 34312
radio 12 34329
radio 12 34843
radio 12 34860
radio 12 35374
radio 12 35391
radio 12 35905
radio 12 35922
radio 12 36436
radio 12 36484
radio 12 36998
radio 12 37051
radio 12 37565
radio 12 37582
energy 12 38055 7 13209
radio 12 38096
radio 12 38113
radio 12 38627
radio 12 38644
radio 12 39158
radio 12 39207
radio 12 39721
radio 12 39738
radio 12 40252
radio 12 40323
radio 12 40837
radio 12 40854
radio 12 41368
radio 12 41385
radio 12 41899
radio 12 41916
radio 12 42430
radio 12 42465
radio 12 42979
radio 12 43031
radio 12 43545
radio 12 43562
radio 12 44076
radio 12 44093
radio 12 44607
radio 12 44639
radio 12 45153
radio 12 45188
radio 12 45702
radio 12 45770
radio 12 46284
radio 12 46313
radio 12 46827
radio 12 46844
radio 12 47358
radio 12 47393
radio 12 47907
radio 12 47941
radio 12 48455
radio 12 48472
radio 12 48986
radio 12 49021
radio 12 49535
radio 12 49569
radio 12 50083
radio 12 50114
radio 12 50628
radio 12 50664
radio 12 51178
radio 12 51195
radio 12 51709
radio 12 51726
radio 12 52240
radio 12 52257
radio 12 52771
radio 12 52806
radio 12 53320
delay 13 46 12 53337 12 52532 12 12 65535 0 32 1 0
radio 12 53345
radio 12 53860
radio 12 53877
radio 12 54390
radio 12 54406
radio 12 54919
radio 12 54949
radio 12 55463
radio 12 55515
radio 12 56029
radio 12 56058
radio 12 56572
radio 12 56589
radio 12 57103
radio 12 57120
radio 12 57634
radio 12 57668
radio 12 58182
radio 12 58250
radio 12 58764
radio 12 58781
radio 12 59295
radio 12 59325
radio 12 59839
radio 12 59856
radio 12 60370
radio 12 60387
radio 12 60901
radio 12 60975
radio 12 61489
radio 12 61506
radio 12 62020
radio 12 62037
radio 12 62551
radio 12 62568
radio 12 63082
radio 12 63116
radio 12 63630
radio 12 63701
radio 12 64215
radio 12 64245
radio 12 64759
radio 12 64776
radio 12 65290
radio 12 65326
radio 13 304
radio 13 336
radio 13 850
radio 13 867
radio 13 1380
radio 13 1434
radio 13 1948
radio 13 1965
radio 13 2479
radio 13 2496
radio 13 3010
radio 13 3038
radio 13 3552
radio 13 3585
radio 13 4099
radio 13 4135
radio 13 4649
radio 13 4678
radio 13 5192
radio 13 5223
radio 13 5737
radio 13 5766
radio 13 6280
radio 13 6330
radio 13 6844
radio 13 6877
radio 13 7391
radio 13 7408
radio 13 7922
radio 13 7939
radio 13 8453
delay 14 46 13 8469 13 7658 12 12 65535 0 1 1 0
radio 13 8477
radio 13 8992
radio 13 9048
radio 13 9561
radio 13 9613
radio 13 10126
radio 13 10162
radio 13 10676
radio 13 10693
radio 13 11207
radio 13 11239
radio 13 11753
radio 13 11781
radio 13 12295
radio 13 12323
radio 13 12837
radio 13 12854
radio 13 13368
radio 13 13398
radio 13 13912
radio 13 13929
radio 13 14443
radio 13 14519
radio 13 15033
radio 13 15066
radio 13 15580
radio 13 15615
radio 13 16129
radio 13 16202
radio 13 16716
radio 13 16733
radio 13 17247
radio 13 17264
radio 13 17778
radio 13 17808
radio 13 18322
radio 13 18339
radio 13 18853
radio 13 18924
radio 13 19438
radio 13 19467
radio 13 19981
radio 13 20010
radio 13 20524
radio 13 20541
radio 13 21055
radio 13 21124
radio 13 21638
radio 13 21655
radio 13 22169
radio 13 22186
radio 13 22700
radio 13 22734
radio 13 23248
radio 13 23265
radio 13 23779
radio 13 23796
radio 13 24310
radio 13 24381
radio 13 24895
radio 13 24912
radio 13 25426
radio 13 25443
radio 13 25957
radio 13 25988
radio 13 26502
radio 13 26532
radio 13 27046
radio 13 27063
radio 13 27577
radio 13 27594
radio 13 28108
radio 13 28125
radio 13 28639
radio 13 28713
radio 13 29227
delay 15 24 13 29242 13 28732 7 12 5 0 69 1 0
radio 13 29250
radio 13 29764
radio 13 29796
radio 13 30310
radio 13 30327
radio 13 30841
radio 13 30969
radio 13 31483
radio 13 31518
radio 13 32032
radio 13 32063
radio 13 32577
radio 13 32594
radio 13 33108
radio 13 33281
radio 13 33795
radio 13 33829
energy 13 33959 7 16232
radio 13 34343
radio 13 34360
radio 13 34874
radio 13 34905
radio 13 35419
radio 13 35436
radio 13 35950
radio 13 36018
radio 13 36532
radio 13 36567
radio 13 37081
radio 13 37098
radio 13 37612
radio 13 37629
radio 13 38143
radio 13 38257
radio 13 38771
radio 13 38788
radio 13 39302
radio 13 39319
radio 13 39833
radio 13 39865
radio 13 40379
radio 13 40396
radio 13 40910
radio 13 40927
radio 13 41441
radio 13 41473
radio 13 41987
radio 13 42004
radio 13 42518
radio 13 42535
radio 13 43049
radio 13 43066
radio 13 43580
radio 13 43597
radio 13 44111
radio 13 44146
radio 13 44660
radio 13 44691
radio 13 45205
radio 13 45240
radio 13 45754
radio 13 45771
radio 13 46285
radio 13 46302
radio 13 46816
radio 13 46846
radio 13 47360
radio 13 47377
radio 13 47891
radio 13 47908
radio 13 48422
radio 13 48439
radio 13 48953
radio 13 49042
radio 13 49556
radio 13 49573
radio 13 50087
delay 16 35 13 50105 13 49569 9 12 3 0 124 1 0
radio 13 50113
radio 13 50627
radio 13 50671
radio 13 51185
radio 13 51221
radio 13 51735
radio 13 51752
radio 13 52266
radio 13 52283
radio 13 52797
radio 13 52814
radio 13 53328
radio 13 53345
radio 13 53859
radio 13 53876
radio 13 54390
radio 13 54422
radio 13 54936
radio 13 55005
radio 13 55519
radio 13 55536
radio 13 56050
radio 13 56067
radio 13 56581
radio 13 56670
radio 13 57184
radio 13 57220
radio 13 57734
radio 13 57751
radio 13 58265
radio 13 58282
radio 13 58796
radio 13 58813
radio 13 59327
radio 13 59344
radio 13 59858
radio 13 59913
radio 13 60427
radio 13 60444
radio 13 60958
radio 13 60989
radio 13 61503
radio 13 61520
radio 13 62034
radio 13 62051
radio 13 62565
radio 13 62582
radio 13 63096
radio 13 63129
radio 13 63643
radio 13 63672
radio 13 64186
radio 13 64203
radio 13 64717
radio 13 64773
radio 13 65287
radio 13 65317
radio 14 295
radio 14 368
radio 14 882
radio 14 899
radio 14 1412
radio 14 1429
radio 14 1943
radio 14 1960
radio 14 2474
radio 14 2502
radio 14 3016
radio 14 3091
radio 14 3605
radio 14 3622
radio 14 4136
delay 17 46 14 4243 14 3438 12 12 65535 0 84 1 0
radio 14 4251
radio 14 4765
radio 14 4781
radio 14 5294
radio 14 5323
radio 14 5837
radio 14 5854
radio 14 6368
radio 14 6397
radio 14 6911
radio 14 6941
radio 14 7455
radio 14 7491
radio 14 8005
radio 14 8022
radio 14 8536
radio 14 8553
radio 14 9067
radio 14 9100
radio 14 9614
radio 14 9649
radio 14 10163
radio 14 10191
radio 14 10705
radio 14 10735
radio 14 11249
radio 14 11266
radio 14 11780
radio 14 11812
radio 14 12326
radio 14 12343
radio 14 12857
radio 14 12889
radio 14 13403
radio 14 13476
radio 14 13990
radio 14 14023
radio 14 14537
radio 14 14554
radio 14 15068
radio 14 15098
radio 14 15612
radio 14 15665
radio 14 16179
radio 14 16196
radio 14 16710
radio 14 16744
radio 14 17258
radio 14 17275
radio 14 17789
radio 14 17806
radio 14 18320
radio 14 18337
radio 14 18851
radio 14 18901
radio 14 19415
radio 14 19432
radio 14 19946
radio 14 19978
radio 14 20492
radio 14 20526
radio 14 21040
radio 14 21057
radio 14 21571
radio 14 21588
radio 14 22102
radio 14 22119
radio 14 22633
radio 14 22702
radio 14 23216
radio 14 23249
radio 14 23763
radio 14 23780
radio 14 24294
radio 14 24311
radio 14 24825
delay 18 24 14 24840 14 24330 7 12 5 0 319 0 0
radio 14 24848
radio 14 25362
radio 14 25379
radio 14 25893
radio 14 25962
radio 14 26476
radio 14 26508
radio 14 27022
radio 14 27056
radio 14 27570
radio 14 27618
radio 14 28132
radio 14 28300
radio 14 28814
radio 14 28883
radio 14 29397
radio 14 29414
energy 14 29863 7 19113
radio 14 29928
radio 14 29958
radio 14 30472
radio 14 30489
radio 14 31003
radio 14 31033
radio 14 31547
radio 14 31616
radio 14 32130
radio 14 32147
radio 14 32661
radio 14 32696
radio 14 33210
radio 14 33227
radio 14 33741
radio 14 33758
radio 14 34272
radio 14 34289
radio 14 34803
radio 14 34834
radio 14 35348
radio 14 35365
radio 14 35879
radio 14 35896
radio 14 36410
radio 14 36446
radio 14 36960
radio 14 36977
radio 14 37491
radio 14 37520
radio 14 38034
radio 14 38063
radio 14 38577
radio 14 38610
radio 14 39124
radio 14 39158
radio 14 39672
radio 14 39689
radio 14 40203
radio 14 40220
radio 14 40734
radio 14 40751
radio 14 41265
radio 14 41301
radio 14 41815
radio 14 41832
radio 14 42346
radio 14 42417
radio 14 42931
radio 14 42960
radio 14 43474
radio 14 43491
radio 14 44005
radio 14 44022
radio 14 44536
radio 14 44553
radio 14 45067
delay 19 19 14 45148 14 44877 13 12 65535 0 201 0 0
radio 14 45157
radio 14 45671
radio 14 45748
radio 14 46262
radio 14 46279
radio 14 46793
radio 14 46810
radio 14 47324
radio 14 47341
radio 14 47855
radio 14 47872
radio 14 48386
radio 14 48422
radio 14 48936
radio 14 48953
radio 14 49467
radio 14 49484
radio 14 49998
radio 14 50073
radio 14 50587
radio 14 50620
radio 14 51134
radio 14 51163
radio 14 51677
radio 14 51768
radio 14 52282
radio 14 52299
radio 14 52813
radio 14 52830
radio 14 53344
radio 14 53376
radio 14 53890
radio 14 53919
radio 14 54433
radio 14 54464
radio 14 54978
radio 14 54995
radio 14 55509
radio 14 55542
radio 14 56056
radio 14 56073
radio 14 56587
radio 14 56623
radio 14 57137
radio 14 57190
radio 14 57704
radio 14 57740
radio 14 58254
radio 14 58271
radio 14 58785
radio 14 58802
radio 14 59316
radio 14 59333
radio 14 59847
radio 14 59864
radio 14 60378
radio 14 60452
radio 14 60966
radio 14 60997
radio 14 61511
radio 14 61541
radio 14 62055
radio 14 62124
radio 14 62638
radio 14 62655
radio 14 63169
radio 14 63199
radio 14 63713
radio 14 63730
radio 14 64244
radio 14 64261
radio 14 64775
radio 14 64792
radio 14 65306
delay 20 24 14 65331 14 64814 7 12 5 0 65535 0 0
radio 14 65339
radio 15 317
radio 15 332
radio 15 845
radio 15 889
radio 15 1402
radio 15 1419
radio 15 1933
radio 15 1950
radio 15 2464
radio 15 2493
radio 15 3007
radio 15 3024
radio 15 3538
radio 15 3555
radio 15 4069
radio 15 4086
radio 15 4600
radio 15 4668
radio 15 5182
radio 15 5215
radio 15 5729
radio 15 5746
radio 15 6260
radio 15 6294
radio 15 6808
radio 15 6857
radio 15 7371
radio 15 7400
radio 15 7914
radio 15 7931
radio 15 8445
radio 15 8474
radio 15 8988
radio 15 9005
radio 15 9519
radio 15 9570
radio 15 10084
radio 15 10118
radio 15 10632
radio 15 10664
radio 15 11178
radio 15 11213
radio 15 11727
radio 15 11798
radio 15 12312
radio 15 12340
radio 15 12854
radio 15 12886
radio 15 13400
radio 15 13476
radio 15 13990
radio 15 14023
radio 15 14537
radio 15 14568
radio 15 15082
radio 15 15154
radio 15 15668
radio 15 15685
radio 15 16199
radio 15 16250
radio 15 16764
radio 15 16835
radio 15 17349
radio 15 17366
radio 15 17880
radio 15 17897
radio 15 18411
radio 15 18443
radio 15 18957
radio 15 19006
radio 15 19520
radio 15 19550
radio 15 20064
radio 15 20114
radio 15 20628
delay 21 24 15 20643 15 20133 7 12 5 0 91 1 0
radio 15 20651
radio 15 21166
radio 15 21186
radio 15 21699
radio 15 21742
radio 15 22255
radio 15 22403
radio 15 22917
radio 15 22951
radio 15 23465
radio 15 23482
radio 15 23996
radio 15 24188
radio 15 24702
radio 15 24733
radio 15 25247
radio 15 25264
energy 15 25767 7 22258
radio 15 25778
radio 15 25850
radio 15 26364
radio 15 26518
radio 15 27032
radio 15 27102
radio 15 27616
radio 15 27633
radio 15 28147
radio 15 28181
radio 15 28695
radio 15 28712
radio 15 29226
radio 15 29258
radio 15 29772
radio 15 29821
radio 15 30335
radio 15 30370
radio 15 30884
radio 15 30901
radio 15 31415
radio 15 31444
radio 15 31958
radio 15 32033
radio 15 32547
radio 15 32564
radio 15 33078
radio 15 33095
radio 15 33609
radio 15 33626
radio 15 34140
radio 15 34173
radio 15 34687
radio 15 34763
radio 15 35277
radio 15 35308
radio 15 35822
radio 15 35850
radio 15 36364
radio 15 36435
radio 15 36949
radio 15 36966
radio 15 37480
radio 15 37497
radio 15 38011
radio 15 38044
radio 15 38558
radio 15 38575
radio 15 39089
radio 15 39106
radio 15 39620
radio 15 39676
radio 15 40190
radio 15 40222
radio 15 40736
delay 22 35 15 40753 15 40219 9 12 3 0 65 1 0
radio 15 40761
radio 15 41275
radio 15 41291
radio 15 41804
radio 15 41881
radio 15 42395
radio 15 42412
radio 15 42926
radio 15 42943
radio 15 43457
radio 15 43492
radio 15 44006
radio 15 44023
radio 15 44537
radio 15 44565
radio 15 45079
radio 15 45112
radio 15 45626
radio 15 45655
radio 15 46169
radio 15 46220
radio 15 46734
radio 15 46751
radio 15 47265
radio 15 47340
radio 15 47854
radio 15 47871
radio 15 48385
radio 15 48402
radio 15 48916
radio 15 48933
radio 15 49447
radio 15 49464
radio 15 49978
radio 15 49995
radio 15 50509
radio 15 50537
radio 15 51051
radio 15 51121
radio 15 51635
radio 15 51672
radio 15 52186
radio 15 52295
radio 15 52809
radio 15 52826
radio 15 53340
radio 15 53357
radio 15 53871
radio 15 53899
radio 15 54413
radio 15 54467
radio 15 54981
radio 15 54998
radio 15 55512
radio 15 55543
radio 15 56057
radio 15 56088
radio 15 56602
radio 15 56651
radio 15 57165
radio 15 57182
radio 15 57696
radio 15 57713
radio 15 58227
radio 15 58244
radio 15 58758
radio 15 58793
radio 15 59307
radio 15 59339
radio 15 59853
radio 15 59902
radio 15 60416
radio 15 60453
radio 15 60967
radio 15 60984
radio 15 61498
delay 23 46 15 61515 15 60711 12 12 65535 0 71 0 0
radio 15 61524
radio 15 62038
radio 15 62060
radio 15 62573
radio 15 62646
radio 15 63160
radio 15 63192
radio 15 63706
radio 15 63723
radio 15 64237
radio 15 64269
radio 15 64783
radio 15 64855
radio 15 65369
radio 15 65386
radio 16 364
radio 16 393
radio 16 907
radio 16 935
radio 16 1449
radio 16 1517
radio 16 2031
radio 16 2048
radio 16 2562
radio 16 2579
radio 16 3093
radio 16 3110
radio 16 3624
radio 16 3641
radio 16 4155
radio 16 4186
radio 16 4700
radio 16 4769
radio 16 5283
radio 16 5315
radio 16 5829
radio 16 5846
radio 16 6360
radio 16 6392
radio 16 6906
radio 16 6975
radio 16 7489
radio 16 7506
radio 16 8020
radio 16 8037
radio 16 8551
radio 16 8568
radio 16 9082
radio 16 9099
radio 16 9613
radio 16 9630
radio 16 10144
radio 16 10161
radio 16 10675
radio 16 10751
radio 16 11265
radio 16 11295
radio 16 11809
radio 16 11826
radio 16 12340
radio 16 12357
radio 16 12871
radio 16 12947
radio 16 13461
radio 16 13478
radio 16 13992
radio 16 14026
radio 16 14540
radio 16 14571
radio 16 15085
radio 16 15155
radio 16 15669
radio 16 15686
radio 16 16200
delay 24 24 16 16219 16 15708 7 12 5 0 77 1 0
radio 16 16226
radio 16 16741
radio 16 16759
radio 16 17272
radio 16 17289
radio 16 17802
radio 16 17819
radio 16 18333
radio 16 18525
radio 16 19039
radio 16 19068
radio 16 19582
radio 16 19599
radio 16 20113
radio 16 20203
radio 16 20717
radio 16 20734
radio 16 21248
radio 16 21339
energy 16 21671 7 25628
radio 16 21853
radio 16 21902
radio 16 22416
radio 16 22531
radio 16 23045
radio 16 23097
radio 16 23611
radio 16 23643
radio 16 24157
radio 16 24186
radio 16 24700
radio 16 24717
radio 16 25231
radio 16 25248
radio 16 25762
radio 16 25793
radio 16 26307
radio 16 26378
radio 16 26892
radio 16 26909
radio 16 27423
radio 16 27440
radio 16 27954
radio 16 27990
radio 16 28504
radio 16 28577
radio 16 29091
radio 16 29108
radio 16 29622
radio 16 29639
radio 16 30153
radio 16 30183
radio 16 30697
radio 16 30750
radio 16 31264
radio 16 31281
radio 16 31795
radio 16 31828
radio 16 32342
radio 16 32374
radio 16 32888
radio 16 32921
radio 16 33435
radio 16 33504
radio 16 34018
radio 16 34035
radio 16 34549
radio 16 34580
radio 16 35094
radio 16 35111
radio 16 35625
radio 16 35656
radio 16 36170
radio 16 36219
radio 16 36733
radio 16 36764
radio 16 37278
delay 25 24 16 37295 16 36784 7 12 5 0 270 0 0
radio 16 37302
radio 16 37817
radio 16 37832
radio 16 38345
radio 16 38399
radio 16 38912
radio 16 38929
radio 16 39443
radio 16 39476
radio 16 39990
radio 16 40007
radio 16 40521
radio 16 40538
radio 16 41052
radio 16 41069
radio 16 41583
radio 16 41600
radio 16 42114
radio 16 42131
radio 16 42645
radio 16 42677
radio 16 43191
radio 16 43246
radio 16 43760
radio 16 43793
radio 16 44307
radio 16 44336
radio 16 44850
radio 16 44881
radio 16 45395
radio 16 45447
radio 16 45961
radio 16 46014
radio 16 46528
radio 16 46562
radio 16 47076
radio 16 47106
radio 16 47620
radio 16 47637
radio 16 48151
radio 16 48200
radio 16 48714
radio 16 48731
radio 16 49245
radio 16 49262
radio 16 49776
radio 16 49793
radio 16 50307
radio 16 50324
radio 16 50838
radio 16 50909
radio 16 51423
radio 16 51440
radio 16 51954
radio 16 51971
radio 16 52485
radio 16 52515
radio 16 53029
radio 16 53046
radio 16 53560
radio 16 53611
radio 16 54125
radio 16 54215
radio 16 54729
radio 16 54760
radio 16 55274
radio 16 55291
radio 16 55805
radio 16 55822
radio 16 56336
radio 16 56353
radio 16 56867
radio 16 56896
radio 16 57410
delay 26 19 16 57459 16 57191 13 12 65535 0 237 0 0
radio 16 57467
radio 16 57982
radio 16 58000
radio 16 58514
radio 16 58531
radio 16 59045
radio 16 59062
radio 16 59576
radio 16 59593
radio 16 60107
radio 16 60124
radio 16 60638
radio 16 60655
radio 16 61169
radio 16 61186
radio 16 61700
radio 16 61717
radio 16 62231
radio 16 62266
radio 16 62780
radio 16 62797
radio 16 63311
radio 16 63328
radio 16 63842
radio 16 63859
radio 16 64373
radio 16 64406
radio 16 64920
radio 16 64955
radio 16 65469
radio 16 65487
radio 17 464
radio 17 481
radio 17 994
radio 17 1030
radio 17 1544
radio 17 1561
radio 17 2075
radio 17 2151
radio 17 2665
radio 17 2713
radio 17 3227
radio 17 3256
radio 17 3770
radio 17 3799
radio 17 4313
radio 17 4330
radio 17 4844
radio 17 4861
radio 17 5375
radio 17 5404
radio 17 5918
radio 17 5935
radio 17 6449
radio 17 6466
radio 17 6979
radio 17 6996
radio 17 7510
radio 17 7539
radio 17 8053
radio 17 8070
radio 17 8584
radio 17 8652
radio 17 9166
radio 17 9183
radio 17 9697
radio 17 9714
radio 17 10228
radio 17 10245
radio 17 10759
radio 17 10789
radio 17 11303
radio 17 11320
radio 17 11834
radio 17 11851
radio 17 12365
delay 27 19 17 12396 17 12129 13 12 65535 0 176 0 0
radio 17 12406
radio 17 12920
radio 17 12996
radio 17 13510
radio 17 13527
radio 17 14041
radio 17 14133
radio 17 14647
radio 17 14760
radio 17 15274
radio 17 15310
radio 17 15824
radio 17 15898
radio 17 16412
radio 17 16467
radio 17 16981
radio 17 17011
radio 17 17525
radio 17 17542
energy 17 17575 7 28606
radio 17 18056
radio 17 18073
radio 17 18587
radio 17 18604
radio 17 19118
radio 17 19135
radio 17 19649
radio 17 19666
radio 17 20180
radio 17 20197
radio 17 20711
radio 17 20742
radio 17 21256
radio 17 21273
radio 17 21787
radio 17 21804
radio 17 22318
radio 17 22391
radio 17 22905
radio 17 22922
radio 17 23436
radio 17 23465
radio 17 23979
radio 17 23996
radio 17 24510
radio 17 24566
radio 17 25080
radio 17 25110
radio 17 25624
radio 17 25652
radio 17 26166
radio 17 26198
radio 17 26712
radio 17 26729
radio 17 27243
radio 17 27260
radio 17 27774
radio 17 27843
radio 17 28357
radio 17 28387
radio 17 28901
radio 17 28935
radio 17 29449
radio 17 29521
radio 17 30035
radio 17 30070
radio 17 30584
radio 17 30601
radio 17 31115
radio 17 31132
radio 17 31646
radio 17 31663
radio 17 32177
radio 17 32247
radio 17 32761
delay 28 19 17 32916 17 32649 13 12 65535 0 224 0 0
radio 17 32924
radio 17 33439
radio 17 33456
radio 17 33970
radio 17 33996
radio 17 34509
radio 17 34526
radio 17 35040
radio 17 35076
radio 17 35590
radio 17 35607
radio 17 36121
radio 17 36138
radio 17 36652
radio 17 36685
radio 17 37199
radio 17 37252
radio 17 37766
radio 17 37797
radio 17 38311
radio 17 38328
radio 17 38842
radio 17 38859
radio 17 39373
radio 17 39390
radio 17 39904
radio 17 39921
radio 17 40435
radio 17 40452
radio 17 40966
radio 17 40983
radio 17 41497
radio 17 41514
radio 17 42028
radio 17 42104
radio 17 42618
radio 17 42635
radio 17 43149
radio 17 43183
radio 17 43697
radio 17 43714
radio 17 44228
radio 17 44245
radio 17 44759
radio 17 44833
radio 17 45347
radio 17 45377
radio 17 45891
radio 17 45908
radio 17 46422
radio 17 46457
radio 17 46971
radio 17 47021
radio 17 47535
radio 17 47552
radio 17 48066
radio 17 48100
radio 17 48614
radio 17 48631
radio 17 49145
radio 17 49173
radio 17 49687
radio 17 49704
radio 17 50218
radio 17 50253
radio 17 50767
radio 17 50784
radio 17 51298
radio 17 51315
radio 17 51829
radio 17 51865
radio 17 52379
radio 17 52416
radio 17 52930
radio 17 52983
radio 17 53497
delay 29 24 17 53512 17 53001 7 12 5 0 175 0 0
radio 17 53520
radio 17 54035
radio 17 54052
radio 17 54565
radio 17 54653
radio 17 55166
radio 17 55201
radio 17 55715
radio 17 55732
radio 17 56246
radio 17 56277
radio 17 56791
radio 17 56824
radio 17 57338
radio 17 57387
radio 17 57901
radio 17 57918
radio 17 58432
radio 17 58462
radio 17 58976
radio 17 58993
radio 17 59507
radio 17 59541
radio 17 60055
radio 17 60072
radio 17 60586
radio 17 60638
radio 17 61152
radio 17 61169
radio 17 61683
radio 17 61700
radio 17 62214
radio 17 62243
radio 17 62757
radio 17 62787
radio 17 63301
radio 17 63318
radio 17 63832
radio 17 63849
radio 17 64363
radio 17 64380
radio 17 64894
radio 17 64949
radio 17 65463
radio 17 65480
radio 18 458
radio 18 475
radio 18 988
radio 18 1005
radio 18 1518
radio 18 1535
radio 18 2049
radio 18 2066
radio 18 2580
radio 18 2597
radio 18 3111
radio 18 3128
radio 18 3642
radio 18 3659
radio 18 4173
radio 18 4223
radio 18 4737
radio 18 4754
radio 18 5268
radio 18 5296
radio 18 5810
radio 18 5840
radio 18 6354
radio 18 6383
radio 18 6897
radio 18 6952
radio 18 7466
radio 18 7483
radio 18 7997
radio 18 8049
radio 18 8563
delay 30 24 18 8618 18 8107 7 12 5 0 303 0 0
radio 18 8628
radio 18 9141
radio 18 9304
radio 18 9818
radio 18 9836
radio 18 10349
