Thread[Thread-1,5,main]tree 23 15 24 14 0 0
radio 6 62654
radio 6 62657
radio 6 62674
radio 6 63188
radio 6 63224
radio 6 63738
radio 6 63755
radio 6 64269
radio 6 64321
radio 6 64835
radio 6 64870
radio 6 65384
radio 6 65401
radio 7 379
radio 7 413
radio 7 926
radio 7 943
radio 7 1456
radio 7 1506
radio 7 2020
radio 7 2037
radio 7 2550
radio 7 2579
radio 7 3093
radio 7 3128
radio 7 3642
radio 7 3715
radio 7 4229
radio 7 4246
radio 7 4759
radio 7 4776
radio 7 5289
radio 7 5323
radio 7 5837
radio 7 5854
radio 7 6367
radio 7 6437
radio 7 6951
radio 7 6968
radio 7 7481
radio 7 7537
radio 7 8051
radio 7 8119
radio 7 8633
radio 7 8650
radio 7 9163
radio 7 9192
radio 7 9706
radio 7 9723
radio 7 10236
radio 7 10253
radio 7 10767
radio 7 10838
radio 7 11352
radio 7 11369
radio 7 11883
radio 7 11900
radio 7 12414
radio 7 12431
radio 7 12945
radio 7 12962
radio 7 13476
radio 7 13493
radio 7 14007
radio 7 14038
radio 7 14552
radio 7 14600
radio 7 15114
radio 7 15131
radio 7 15645
radio 7 15662
radio 7 16176
radio 7 16211
radio 7 16725
radio 7 16742
radio 7 17256
radio 7 17273
radio 7 17787
radio 7 17820
radio 7 18334
radio 7 18385
radio 7 18899
radio 7 18927
radio 7 19441
radio 7 19470
radio 7 19984
radio 7 20001
radio 7 20515
radio 7 20547
radio 7 21061
radio 7 21078
radio 7 21592
radio 7 21644
radio 7 22158
radio 7 22187
radio 7 22701
radio 7 22734
radio 7 23248
radio 7 23304
radio 7 23818
radio 7 23853
radio 7 24367
radio 7 24384
radio 7 24898
radio 7 24932
radio 7 25446
radio 7 25463
radio 7 25977
radio 7 26030
radio 7 26544
radio 7 26561
radio 7 27075
radio 7 27092
radio 7 27606
radio 7 27638
radio 7 28152
radio 7 28169
radio 7 28683
radio 7 28713
radio 7 29227
radio 7 29281
radio 7 29795
radio 7 29825
radio 7 30339
radio 7 30371
radio 7 30885
radio 7 30916
radio 7 31430
radio 7 31482
radio 7 31996
radio 7 32028
radio 7 32542
radio 7 32559
radio 7 33073
radio 7 33090
radio 7 33604
radio 7 33633
radio 7 34147
radio 7 34164
radio 7 34678
radio 7 34734
radio 7 35248
radio 7 35282
radio 7 35796
radio 7 35833
radio 7 36347
radio 7 36364
radio 7 36878
radio 7 36895
radio 7 37409
radio 7 37459
radio 7 37973
radio 7 37990
radio 7 38504
radio 7 38533
radio 7 39047
radio 7 39064
radio 7 39578
radio 7 39614
radio 7 40128
radio 7 40145
radio 7 40659
radio 7 40728
radio 7 41242
radio 7 41259
radio 7 41773
radio 7 41806
radio 7 42320
radio 7 42351
radio 7 42865
radio 7 42913
radio 7 43427
radio 7 43444
radio 7 43958
radio 7 44009
radio 7 44523
radio 7 44558
radio 7 45072
radio 7 45103
radio 7 45617
radio 7 45634
radio 7 46148
radio 7 46165
radio 7 46679
radio 7 46696
radio 7 47210
radio 7 47246
radio 7 47760
radio 7 47777
radio 7 48291
radio 7 48308
radio 7 48822
radio 7 48852
radio 7 49366
radio 7 49414
radio 7 49928
radio 7 49963
radio 7 50477
radio 7 50514
radio 7 51028
radio 7 51057
radio 7 51571
radio 7 51599
radio 7 52113
radio 7 52141
radio 7 52655
radio 7 52672
radio 7 53186
radio 7 53238
radio 7 53752
radio 7 53769
radio 7 54283
radio 7 54300
radio 7 54814
radio 7 54907
radio 7 55421
radio 7 55496
radio 7 56010
radio 7 56027
radio 7 56541
radio 7 56558
radio 7 57072
radio 7 57103
radio 7 57617
radio 7 57748
radio 7 58262
radio 7 58390
energy 7 58569 7 144
radio 7 58904
radio 7 59013
radio 7 59527
radio 7 59642
radio 7 60156
radio 7 60185
radio 7 60699
radio 7 60754
radio 7 61268
radio 7 61297
radio 7 61811
radio 7 61862
radio 7 62376
radio 7 62393
radio 7 62907
radio 7 62958
radio 7 63472
radio 7 63502
radio 7 64016
radio 7 64033
radio 7 64547
radio 7 64579
radio 7 65093
radio 7 65183
radio 8 161
radio 8 192
radio 8 705
radio 8 760
radio 8 1273
radio 8 1307
radio 8 1821
radio 8 1950
radio 8 2464
radio 8 2493
radio 8 3007
radio 8 3024
radio 8 3537
radio 8 3592
radio 8 4106
radio 8 4141
radio 8 4655
radio 8 4672
radio 8 5185
radio 8 5214
radio 8 5728
radio 8 5756
radio 8 6270
radio 8 6319
radio 8 6833
radio 8 6867
radio 8 7381
radio 8 7410
radio 8 7924
radio 8 7941
radio 8 8454
radio 8 8484
radio 8 8998
radio 8 9046
radio 8 9560
radio 8 9577
radio 8 10090
radio 8 10107
radio 8 10621
radio 8 10651
radio 8 11165
radio 8 11202
radio 8 11716
radio 8 11790
radio 8 12304
radio 8 12340
radio 8 12854
radio 8 12886
radio 8 13400
radio 8 13469
radio 8 13983
radio 8 14015
radio 8 14529
radio 8 14546
radio 8 15060
radio 8 15170
radio 8 15684
radio 8 15778
radio 8 16292
radio 8 16309
radio 8 16823
radio 8 16852
radio 8 17366
radio 8 17398
radio 8 17912
radio 8 17960
radio 8 18474
radio 8 18505
radio 8 19019
radio 8 19048
radio 8 19562
radio 8 19659
radio 8 20173
radio 8 20190
radio 8 20704
radio 8 20733
radio 8 21247
radio 8 21264
radio 8 21778
radio 8 21849
radio 8 22363
radio 8 22393
radio 8 22907
radio 8 22955
radio 8 23469
radio 8 23517
radio 8 24031
radio 8 24060
radio 8 24574
radio 8 24591
radio 8 25105
radio 8 25134
radio 8 25648
radio 8 25665
radio 8 26179
radio 8 26196
radio 8 26710
radio 8 26786
radio 8 27300
radio 8 27356
radio 8 27870
radio 8 27920
radio 8 28434
radio 8 28463
radio 8 28977
radio 8 29025
radio 8 29539
radio 8 29613
radio 8 30127
radio 8 30158
radio 8 30672
radio 8 30701
radio 8 31215
radio 8 31287
radio 8 31801
radio 8 31818
radio 8 32332
radio 8 32349
radio 8 32863
radio 8 32895
radio 8 33409
radio 8 33426
radio 8 33940
radio 8 33957
radio 8 34471
radio 8 34546
radio 8 35060
radio 8 35095
radio 8 35609
radio 8 35638
radio 8 36152
radio 8 36241
radio 8 36755
radio 8 36792
radio 8 37306
radio 8 37377
radio 8 37891
radio 8 37908
radio 8 38422
radio 8 38439
radio 8 38953
radio 8 38970
radio 8 39484
radio 8 39501
radio 8 40015
radio 8 40051
radio 8 40565
radio 8 40594
radio 8 41108
radio 8 41125
radio 8 41639
radio 8 41656
radio 8 42170
radio 8 42187
radio 8 42701
radio 8 42718
radio 8 43232
radio 8 43249
radio 8 43763
radio 8 43780
radio 8 44294
radio 8 44330
radio 8 44844
radio 8 44919
radio 8 45433
radio 8 45481
radio 8 45995
radio 8 46012
radio 8 46526
radio 8 46543
radio 8 47057
radio 8 47110
radio 8 47624
radio 8 47653
radio 8 48167
radio 8 48184
radio 8 48698
radio 8 48715
radio 8 49229
delay 0 24 8 49367 8 48651 7 13 6 0 197 1 0
radio 8 49375
radio 8 49889
radio 8 49957
radio 8 50470
radio 8 50511
radio 8 51024
radio 8 51058
radio 8 51572
radio 8 51640
radio 8 52154
radio 8 52171
radio 8 52685
radio 8 52702
radio 8 53216
radio 8 53324
radio 8 53838
radio 8 53970
energy 8 54473 7 4059
radio 8 54484
radio 8 54573
radio 8 55087
radio 8 55118
radio 8 55632
radio 8 55649
radio 8 56163
radio 8 56180
radio 8 56694
radio 8 56711
radio 8 57225
radio 8 57294
radio 8 57808
radio 8 57839
radio 8 58353
radio 8 58389
radio 8 58903
radio 8 58975
radio 8 59489
radio 8 59521
radio 8 60035
radio 8 60064
radio 8 60578
radio 8 60674
radio 8 61188
radio 8 61205
radio 8 61719
radio 8 61749
radio 8 62263
radio 8 62354
radio 8 62868
radio 8 62885
radio 8 63399
radio 8 63428
radio 8 63942
radio 8 64012
radio 8 64526
radio 8 64543
radio 8 65057
radio 8 65074
radio 9 52
radio 9 69
radio 9 582
radio 9 611
radio 9 1124
radio 9 1141
radio 9 1654
radio 9 1707
radio 9 2221
radio 9 2250
radio 9 2764
radio 9 2794
radio 9 3308
radio 9 3325
radio 9 3838
radio 9 3855
radio 9 4368
delay 1 0 9 4386 9 4648 0 13 13 0 375 0 0
radio 9 4393
radio 9 4907
radio 9 4975
radio 9 5489
radio 9 5529
radio 9 6043
radio 9 6060
radio 9 6573
radio 9 6590
radio 9 7103
radio 9 7171
radio 9 7685
radio 9 7716
radio 9 8230
radio 9 8258
radio 9 8772
radio 9 8840
radio 9 9354
radio 9 9384
radio 9 9898
radio 9 9928
radio 9 10442
radio 9 10474
radio 9 10988
radio 9 11059
radio 9 11573
radio 9 11604
radio 9 12118
radio 9 12146
radio 9 12660
radio 9 12677
radio 9 13191
radio 9 13242
radio 9 13756
radio 9 13773
radio 9 14287
radio 9 14304
radio 9 14818
radio 9 14835
radio 9 15349
radio 9 15366
radio 9 15880
radio 9 15908
radio 9 16422
radio 9 16439
radio 9 16953
radio 9 16970
radio 9 17484
radio 9 17501
radio 9 18015
radio 9 18065
radio 9 18579
radio 9 18596
radio 9 19110
radio 9 19127
radio 9 19641
radio 9 19675
radio 9 20189
radio 9 20222
radio 9 20736
radio 9 20804
radio 9 21318
radio 9 21335
radio 9 21849
radio 9 21877
radio 9 22391
radio 9 22408
radio 9 22922
radio 9 22939
radio 9 23453
radio 9 23470
radio 9 23984
radio 9 24054
radio 9 24568
delay 2 0 9 24586 9 24848 0 13 13 0 103 1 0
radio 9 24594
radio 9 25108
radio 9 25129
radio 9 25642
radio 9 25749
radio 9 26262
radio 9 26279
radio 9 26793
radio 9 26810
radio 9 27324
radio 9 27357
radio 9 27871
radio 9 27940
radio 9 28454
radio 9 28483
radio 9 28997
radio 9 29030
radio 9 29544
radio 9 29632
radio 9 30146
radio 9 30163
radio 9 30677
radio 9 30765
radio 9 31279
radio 9 31310
radio 9 31824
radio 9 31857
radio 9 32371
radio 9 32401
radio 9 32915
radio 9 32943
radio 9 33457
radio 9 33474
radio 9 33988
radio 9 34005
radio 9 34519
radio 9 34549
radio 9 35063
radio 9 35080
radio 9 35594
radio 9 35611
radio 9 36125
radio 9 36160
radio 9 36674
radio 9 36750
radio 9 37264
radio 9 37296
radio 9 37810
radio 9 37839
radio 9 38353
radio 9 38428
radio 9 38942
radio 9 38959
radio 9 39473
radio 9 39490
radio 9 40004
radio 9 40021
radio 9 40535
radio 9 40564
radio 9 41078
radio 9 41147
radio 9 41661
radio 9 41678
radio 9 42192
radio 9 42300
radio 9 42814
radio 9 42831
radio 9 43345
radio 9 43374
radio 9 43888
radio 9 43918
radio 9 44432
radio 9 44449
radio 9 44963
delay 3 0 9 45056 9 45317 0 13 13 0 82 1 0
radio 9 45063
radio 9 45577
radio 9 45594
radio 9 46108
radio 9 46130
radio 9 46644
radio 9 46832
radio 9 47346
radio 9 47382
radio 9 47896
radio 9 47951
radio 9 48465
radio 9 48482
radio 9 48996
radio 9 49089
radio 9 49603
radio 9 49758
radio 9 50272
radio 9 50308
energy 9 50377 7 7692
radio 9 50822
radio 9 50856
radio 9 51370
radio 9 51459
radio 9 51973
radio 9 52042
radio 9 52556
radio 9 52573
radio 9 53087
radio 9 53121
radio 9 53635
radio 9 53652
radio 9 54166
radio 9 54201
radio 9 54715
radio 9 54786
radio 9 55300
radio 9 55355
radio 9 55869
radio 9 55920
radio 9 56434
radio 9 56451
radio 9 56965
radio 9 56982
radio 9 57496
radio 9 57513
radio 9 58027
radio 9 58044
radio 9 58558
radio 9 58591
radio 9 59105
radio 9 59122
radio 9 59636
radio 9 59653
radio 9 60167
radio 9 60239
radio 9 60753
radio 9 60781
radio 9 61295
radio 9 61324
radio 9 61838
radio 9 61855
radio 9 62369
radio 9 62441
radio 9 62955
radio 9 62987
radio 9 63501
radio 9 63593
radio 9 64107
radio 9 64124
radio 9 64638
radio 9 64672
radio 9 65186
radio 9 65216
radio 10 194
delay 4 8 10 266 10 256 9 13 4 0 42 0 0
radio 10 273
radio 10 788
radio 10 809
radio 10 1322
radio 10 1412
radio 10 1925
radio 10 1954
radio 10 2468
radio 10 2485
radio 10 2999
radio 10 3016
radio 10 3530
radio 10 3560
radio 10 4074
radio 10 4122
radio 10 4636
radio 10 4669
radio 10 5183
radio 10 5213
radio 10 5727
radio 10 5760
radio 10 6274
radio 10 6323
radio 10 6837
radio 10 6892
radio 10 7406
radio 10 7435
radio 10 7949
radio 10 8001
radio 10 8515
radio 10 8532
radio 10 9046
radio 10 9076
radio 10 9590
radio 10 9623
radio 10 10137
radio 10 10154
radio 10 10668
radio 10 10685
radio 10 11199
radio 10 11271
radio 10 11785
radio 10 11802
radio 10 12316
radio 10 12345
radio 10 12859
radio 10 12876
radio 10 13390
radio 10 13420
radio 10 13934
radio 10 13962
radio 10 14476
radio 10 14493
radio 10 15007
radio 10 15040
radio 10 15554
radio 10 15571
radio 10 16085
radio 10 16119
radio 10 16633
radio 10 16664
radio 10 17178
radio 10 17228
radio 10 17742
radio 10 17771
radio 10 18285
radio 10 18320
radio 10 18834
radio 10 18862
radio 10 19376
radio 10 19470
radio 10 19984
radio 10 20001
radio 10 20515
delay 5 0 10 20532 10 20793 0 13 13 0 136 0 0
radio 10 20540
radio 10 21054
radio 10 21153
radio 10 21666
radio 10 21687
radio 10 22201
radio 10 22251
radio 10 22764
radio 10 22821
radio 10 23335
radio 10 23352
radio 10 23866
radio 10 23902
radio 10 24416
radio 10 24484
radio 10 24998
radio 10 25026
radio 10 25540
radio 10 25557
radio 10 26071
radio 10 26104
radio 10 26618
radio 10 26686
radio 10 27200
radio 10 27217
radio 10 27731
radio 10 27748
radio 10 28262
radio 10 28279
radio 10 28793
radio 10 28810
radio 10 29324
radio 10 29355
radio 10 29869
radio 10 29917
radio 10 30431
radio 10 30463
radio 10 30977
radio 10 31012
radio 10 31526
radio 10 31557
radio 10 32071
radio 10 32139
radio 10 32653
radio 10 32683
radio 10 33197
radio 10 33214
radio 10 33728
radio 10 33758
radio 10 34272
radio 10 34360
radio 10 34874
radio 10 34907
radio 10 35421
radio 10 35494
radio 10 36008
radio 10 36058
radio 10 36572
radio 10 36628
radio 10 37142
radio 10 37159
radio 10 37673
radio 10 37726
radio 10 38240
radio 10 38257
radio 10 38771
radio 10 38788
radio 10 39302
radio 10 39394
radio 10 39908
radio 10 39925
radio 10 40439
radio 10 40473
radio 10 40987
delay 6 0 10 41021 10 41282 0 13 13 0 142 0 0
radio 10 41029
radio 10 41544
radio 10 41579
radio 10 42092
radio 10 42109
radio 10 42622
radio 10 42647
radio 10 43161
radio 10 43254
radio 10 43768
radio 10 43785
radio 10 44299
radio 10 44333
radio 10 44847
radio 10 44978
radio 10 45492
radio 10 45720
radio 10 46234
energy 10 46281 7 11437
radio 10 46307
radio 10 46821
radio 10 46838
radio 10 47352
radio 10 47386
radio 10 47900
radio 10 47971
radio 10 48485
radio 10 48502
radio 10 49016
radio 10 49033
radio 10 49547
radio 10 49564
radio 10 50078
radio 10 50095
radio 10 50609
radio 10 50626
radio 10 51140
radio 10 51157
radio 10 51671
radio 10 51761
radio 10 52275
radio 10 52292
radio 10 52806
radio 10 52823
radio 10 53337
radio 10 53370
radio 10 53884
radio 10 53934
radio 10 54448
radio 10 54477
radio 10 54991
radio 10 55020
radio 10 55534
radio 10 55564
radio 10 56078
radio 10 56147
radio 10 56661
radio 10 56678
radio 10 57192
radio 10 57226
radio 10 57740
radio 10 57757
radio 10 58271
radio 10 58303
radio 10 58817
radio 10 58865
radio 10 59379
radio 10 59415
radio 10 59929
radio 10 59946
radio 10 60460
radio 10 60477
radio 10 60991
radio 10 61008
radio 10 61522
delay 7 0 10 61541 10 61801 0 13 13 0 184 0 0
radio 10 61549
radio 10 62063
radio 10 62084
radio 10 62597
radio 10 62615
radio 10 63129
radio 10 63158
radio 10 63672
radio 10 63689
radio 10 64203
radio 10 64220
radio 10 64734
radio 10 64767
radio 10 65281
radio 10 65310
radio 11 288
radio 11 360
radio 11 874
radio 11 891
radio 11 1404
radio 11 1437
radio 11 1951
radio 11 1968
radio 11 2482
radio 11 2499
radio 11 3013
radio 11 3030
radio 11 3544
radio 11 3634
radio 11 4148
radio 11 4165
radio 11 4679
radio 11 4696
radio 11 5210
radio 11 5227
radio 11 5741
radio 11 5814
radio 11 6328
radio 11 6363
radio 11 6877
radio 11 6910
radio 11 7424
radio 11 7498
radio 11 8012
radio 11 8029
radio 11 8543
radio 11 8560
radio 11 9074
radio 11 9108
radio 11 9622
radio 11 9639
radio 11 10152
radio 11 10220
radio 11 10734
radio 11 10764
radio 11 11278
radio 11 11307
radio 11 11821
radio 11 11850
radio 11 12364
radio 11 12392
radio 11 12906
radio 11 12937
radio 11 13451
radio 11 13486
radio 11 14000
radio 11 14017
radio 11 14531
radio 11 14548
radio 11 15062
radio 11 15153
radio 11 15667
radio 11 15697
radio 11 16211
radio 11 16241
radio 11 16755
delay 8 24 11 16773 11 16052 7 13 6 0 22 1 0
radio 11 16780
radio 11 17295
radio 11 17340
radio 11 17854
radio 11 17902
radio 11 18416
radio 11 18433
radio 11 18947
radio 11 18964
radio 11 19478
radio 11 19551
radio 11 20065
radio 11 20082
radio 11 20596
radio 11 20632
radio 11 21146
radio 11 21177
radio 11 21691
radio 11 21759
radio 11 22273
radio 11 22307
radio 11 22821
radio 11 22911
radio 11 23425
radio 11 23442
radio 11 23956
radio 11 23986
radio 11 24500
radio 11 24517
radio 11 25031
radio 11 25060
radio 11 25574
radio 11 25623
radio 11 26137
radio 11 26154
radio 11 26668
radio 11 26698
radio 11 27212
radio 11 27229
radio 11 27743
radio 11 27760
radio 11 28274
radio 11 28364
radio 11 28878
radio 11 28895
radio 11 29409
radio 11 29426
radio 11 29940
radio 11 29976
radio 11 30490
radio 11 30539
radio 11 31053
radio 11 31089
radio 11 31603
radio 11 31632
radio 11 32146
radio 11 32176
radio 11 32690
radio 11 32707
radio 11 33221
radio 11 33294
radio 11 33808
radio 11 33856
radio 11 34370
radio 11 34387
radio 11 34901
radio 11 34972
radio 11 35486
radio 11 35519
radio 11 36033
radio 11 36050
radio 11 36564
radio 11 36581
radio 11 37095
delay 9 24 11 37113 11 36392 7 13 6 0 220 0 0
radio 11 37121
radio 11 37635
radio 11 37729
radio 11 38243
radio 11 38264
radio 11 38778
radio 11 38926
radio 11 39440
radio 11 39457
radio 11 39971
radio 11 39988
radio 11 40502
radio 11 40519
radio 11 41033
radio 11 41081
radio 11 41595
radio 11 41790
energy 11 42185 7 14799
radio 11 42304
radio 11 42356
radio 11 42870
radio 11 42939
radio 11 43453
radio 11 43470
radio 11 43984
radio 11 44001
radio 11 44515
radio 11 44543
radio 11 45057
radio 11 45074
radio 11 45588
radio 11 45605
radio 11 46119
radio 11 46212
radio 11 46726
radio 11 46758
radio 11 47272
radio 11 47326
radio 11 47840
radio 11 47871
radio 11 48385
radio 11 48402
radio 11 48916
radio 11 48933
radio 11 49447
radio 11 49479
radio 11 49993
radio 11 50067
radio 11 50581
radio 11 50615
radio 11 51129
radio 11 51160
radio 11 51674
radio 11 51745
radio 11 52259
radio 11 52276
radio 11 52790
radio 11 52807
radio 11 53321
radio 11 53338
radio 11 53852
radio 11 53880
radio 11 54394
radio 11 54468
radio 11 54982
radio 11 54999
radio 11 55513
radio 11 55530
radio 11 56044
radio 11 56061
radio 11 56575
radio 11 56592
radio 11 57106
radio 11 57123
radio 11 57637
delay 10 8 11 57765 11 57752 9 13 4 0 73 0 0
radio 11 57772
radio 11 58287
radio 11 58334
radio 11 58847
radio 11 58864
radio 11 59378
radio 11 59395
radio 11 59909
radio 11 59940
radio 11 60454
radio 11 60471
radio 11 60985
radio 11 61017
radio 11 61531
radio 11 61607
radio 11 62121
radio 11 62138
radio 11 62652
radio 11 62682
radio 11 63196
radio 11 63213
radio 11 63727
radio 11 63757
radio 11 64271
radio 11 64299
radio 11 64813
radio 11 64830
radio 11 65344
radio 11 65375
radio 12 353
radio 12 385
radio 12 899
radio 12 916
radio 12 1429
radio 12 1446
radio 12 1960
radio 12 1993
radio 12 2507
radio 12 2555
radio 12 3069
radio 12 3099
radio 12 3613
radio 12 3666
radio 12 4180
radio 12 4250
radio 12 4764
radio 12 4781
radio 12 5295
radio 12 5347
radio 12 5861
radio 12 5909
radio 12 6423
radio 12 6440
radio 12 6954
radio 12 6989
radio 12 7503
radio 12 7532
radio 12 8046
radio 12 8076
radio 12 8590
radio 12 8640
radio 12 9154
radio 12 9171
radio 12 9685
radio 12 9702
radio 12 10216
radio 12 10233
radio 12 10747
radio 12 10799
radio 12 11313
radio 12 11381
radio 12 11895
radio 12 11944
radio 12 12458
delay 11 19 12 12533 12 12039 13 13 65535 0 1 1 0
radio 12 12541
radio 12 13056
radio 12 13072
radio 12 13586
radio 12 13601
radio 12 14115
radio 12 14145
radio 12 14659
radio 12 14676
radio 12 15190
radio 12 15259
radio 12 15773
radio 12 15790
radio 12 16304
radio 12 16353
radio 12 16867
radio 12 16976
radio 12 17490
radio 12 17507
radio 12 18021
radio 12 18091
radio 12 18605
radio 12 18639
radio 12 19153
radio 12 19184
radio 12 19698
radio 12 19769
radio 12 20283
radio 12 20316
radio 12 20830
radio 12 20865
radio 12 21379
radio 12 21467
radio 12 21981
radio 12 21998
radio 12 22512
radio 12 22529
radio 12 23043
radio 12 23074
radio 12 23588
radio 12 23605
radio 12 24119
radio 12 24154
radio 12 24668
radio 12 24718
radio 12 25232
radio 12 25249
radio 12 25763
radio 12 25780
radio 12 26294
radio 12 26370
radio 12 26884
radio 12 26918
radio 12 27432
radio 12 27480
radio 12 27994
radio 12 28011
radio 12 28525
radio 12 28574
radio 12 29088
radio 12 29141
radio 12 29655
radio 12 29751
radio 12 30265
radio 12 30300
radio 12 30814
radio 12 30885
radio 12 31399
radio 12 31430
radio 12 31944
radio 12 31961
radio 12 32475
radio 12 32492
radio 12 33006
delay 12 0 12 33057 12 33315 0 13 13 0 367 0 0
radio 12 33065
radio 12 33579
radio 12 33633
radio 12 34146
radio 12 34254
radio 12 34768
radio 12 34836
radio 12 35350
radio 12 35399
radio 12 35913
radio 12 35930
radio 12 36444
radio 12 36473
radio 12 36987
radio 12 37276
radio 12 37790
radio 12 37946
energy 12 38089 7 18768
radio 12 38460
radio 12 38477
radio 12 38991
radio 12 39102
radio 12 39616
radio 12 39687
radio 12 40201
radio 12 40218
radio 12 40732
radio 12 40762
radio 12 41276
radio 12 41293
radio 12 41807
radio 12 41842
radio 12 42356
radio 12 42405
radio 12 42919
radio 12 42955
radio 12 43469
radio 12 43486
radio 12 44000
radio 12 44033
radio 12 44547
radio 12 44621
radio 12 45135
radio 12 45152
radio 12 45666
radio 12 45683
radio 12 46197
radio 12 46233
radio 12 46747
radio 12 46823
radio 12 47337
radio 12 47354
radio 12 47868
radio 12 47885
radio 12 48399
radio 12 48433
radio 12 48947
radio 12 48964
radio 12 49478
radio 12 49548
radio 12 50062
radio 12 50079
radio 12 50593
radio 12 50610
radio 12 51124
radio 12 51141
radio 12 51655
radio 12 51688
radio 12 52202
radio 12 52276
radio 12 52790
radio 12 52807
radio 12 53321
delay 13 8 12 53370 12 53356 9 13 4 0 143 0 0
radio 12 53379
radio 12 53892
radio 12 53910
radio 12 54424
radio 12 54441
radio 12 54954
radio 12 54984
radio 12 55498
radio 12 55515
radio 12 56029
radio 12 56046
radio 12 56560
radio 12 56593
radio 12 57107
radio 12 57124
radio 12 57638
radio 12 57655
radio 12 58169
radio 12 58186
radio 12 58700
radio 12 58749
radio 12 59263
radio 12 59297
radio 12 59811
radio 12 59828
radio 12 60342
radio 12 60370
radio 12 60884
radio 12 60999
radio 12 61513
radio 12 61548
radio 12 62062
radio 12 62133
radio 12 62647
radio 12 62664
radio 12 63178
radio 12 63215
radio 12 63729
radio 12 63824
radio 12 64338
radio 12 64355
radio 12 64869
radio 12 64886
radio 12 65400
radio 12 65417
radio 13 395
radio 13 447
radio 13 961
radio 13 995
radio 13 1509
radio 13 1541
radio 13 2055
radio 13 2084
radio 13 2598
radio 13 2672
radio 13 3186
radio 13 3216
radio 13 3730
radio 13 3762
radio 13 4276
radio 13 4293
radio 13 4807
radio 13 4881
radio 13 5395
radio 13 5412
radio 13 5926
radio 13 5943
radio 13 6456
radio 13 6473
radio 13 6987
radio 13 7019
radio 13 7533
radio 13 7608
radio 13 8122
delay 14 0 13 8140 13 8398 0 13 13 0 29 1 0
radio 13 8148
radio 13 8662
radio 13 8741
radio 13 9255
radio 13 9305
radio 13 9819
radio 13 9842
radio 13 10356
radio 13 10410
radio 13 10924
radio 13 10960
radio 13 11474
radio 13 11491
radio 13 12005
radio 13 12036
radio 13 12550
radio 13 12580
radio 13 13094
radio 13 13165
radio 13 13679
radio 13 13710
radio 13 14224
radio 13 14241
radio 13 14755
radio 13 14772
radio 13 15286
radio 13 15315
radio 13 15829
radio 13 15858
radio 13 16372
radio 13 16389
radio 13 16903
radio 13 16920
radio 13 17434
radio 13 17468
radio 13 17982
radio 13 17999
radio 13 18513
radio 13 18530
radio 13 19044
radio 13 19061
radio 13 19575
radio 13 19604
radio 13 20118
radio 13 20207
radio 13 20721
radio 13 20814
radio 13 21328
radio 13 21363
radio 13 21877
radio 13 21908
radio 13 22422
radio 13 22498
radio 13 23012
radio 13 23029
radio 13 23543
radio 13 23572
radio 13 24086
radio 13 24122
radio 13 24636
radio 13 24706
radio 13 25220
radio 13 25237
radio 13 25751
radio 13 25786
radio 13 26300
radio 13 26317
radio 13 26831
radio 13 26902
radio 13 27416
radio 13 27445
radio 13 27959
radio 13 27976
radio 13 28490
radio 13 28520
radio 13 29034
delay 15 8 13 29076 13 29061 9 13 4 0 72 0 0
radio 13 29083
radio 13 29598
radio 13 29644
radio 13 30157
radio 13 30256
radio 13 30769
radio 13 30786
radio 13 31299
radio 13 31350
radio 13 31864
radio 13 32074
radio 13 32588
radio 13 32722
radio 13 33236
radio 13 33426
radio 13 33940
radio 13 33957
energy 13 33993 7 22592
radio 13 34471
radio 13 34563
radio 13 35077
radio 13 35111
radio 13 35625
radio 13 35661
radio 13 36175
radio 13 36225
radio 13 36739
radio 13 36756
radio 13 37270
radio 13 37299
radio 13 37813
radio 13 37846
radio 13 38360
radio 13 38472
radio 13 38986
radio 13 39003
radio 13 39517
radio 13 39590
radio 13 40104
radio 13 40121
radio 13 40635
radio 13 40665
radio 13 41179
radio 13 41254
radio 13 41768
radio 13 41816
radio 13 42330
radio 13 42365
radio 13 42879
radio 13 42947
radio 13 43461
radio 13 43494
radio 13 44008
radio 13 44025
radio 13 44539
radio 13 44568
radio 13 45082
radio 13 45134
radio 13 45648
radio 13 45682
radio 13 46196
radio 13 46225
radio 13 46739
radio 13 46756
radio 13 47270
radio 13 47287
radio 13 47801
radio 13 47874
radio 13 48388
radio 13 48405
radio 13 48919
radio 13 48949
radio 13 49463
delay 16 0 13 49517 13 49774 0 13 13 0 444 0 0
radio 13 49525
radio 13 50039
radio 13 50088
radio 13 50602
radio 13 50665
radio 13 51179
radio 13 51205
radio 13 51719
radio 13 51750
radio 13 52264
radio 13 52296
radio 13 52810
radio 13 52827
radio 13 53341
radio 13 53358
radio 13 53872
radio 13 53889
radio 13 54403
radio 13 54474
radio 13 54988
radio 13 55005
radio 13 55519
radio 13 55536
radio 13 56050
radio 13 56086
radio 13 56600
radio 13 56651
radio 13 57165
radio 13 57213
radio 13 57727
radio 13 57775
radio 13 58289
radio 13 58360
radio 13 58874
radio 13 58891
radio 13 59405
radio 13 59440
radio 13 59954
radio 13 59971
radio 13 60485
radio 13 60502
radio 13 61016
radio 13 61086
radio 13 61600
radio 13 61617
radio 13 62131
radio 13 62165
radio 13 62679
radio 13 62750
radio 13 63264
radio 13 63281
radio 13 63795
radio 13 63812
radio 13 64326
radio 13 64343
radio 13 64857
radio 13 64889
radio 13 65403
radio 13 65432
radio 14 410
radio 14 479
radio 14 993
radio 14 1022
radio 14 1536
radio 14 1553
radio 14 2067
radio 14 2084
radio 14 2598
radio 14 2615
radio 14 3129
radio 14 3205
radio 14 3719
radio 14 3751
radio 14 4265
delay 17 8 14 4318 14 4303 9 13 4 0 286 0 0
radio 14 4327
radio 14 4840
radio 14 4980
radio 14 5493
radio 14 5510
radio 14 6024
radio 14 6056
radio 14 6570
radio 14 6587
radio 14 7101
radio 14 7132
radio 14 7646
radio 14 7714
radio 14 8228
radio 14 8245
radio 14 8758
radio 14 8789
radio 14 9303
radio 14 9339
radio 14 9853
radio 14 9883
radio 14 10397
radio 14 10433
radio 14 10947
radio 14 10998
radio 14 11512
radio 14 11529
radio 14 12043
radio 14 12092
radio 14 12606
radio 14 12640
radio 14 13154
radio 14 13188
radio 14 13702
radio 14 13734
radio 14 14248
radio 14 14321
radio 14 14835
radio 14 14852
radio 14 15366
radio 14 15383
radio 14 15897
radio 14 15929
radio 14 16443
radio 14 16460
radio 14 16974
radio 14 17047
radio 14 17561
radio 14 17578
radio 14 18092
radio 14 18109
radio 14 18623
radio 14 18675
radio 14 19189
radio 14 19217
radio 14 19731
radio 14 19748
radio 14 20262
radio 14 20296
radio 14 20810
radio 14 20838
radio 14 21352
radio 14 21384
radio 14 21898
radio 14 21915
radio 14 22429
radio 14 22500
radio 14 23014
radio 14 23050
radio 14 23564
radio 14 23581
radio 14 24095
radio 14 24112
radio 14 24626
delay 18 0 14 24676 14 24932 0 13 13 0 176 1 0
radio 14 24684
radio 14 25198
radio 14 25218
radio 14 25731
radio 14 25754
radio 14 26267
radio 14 26284
radio 14 26798
radio 14 26847
radio 14 27361
radio 14 27429
radio 14 27943
radio 14 27960
radio 14 28474
radio 14 28524
radio 14 29038
radio 14 29106
radio 14 29620
radio 14 29733
energy 14 29897 7 26182
radio 14 30247
radio 14 30295
radio 14 30809
radio 14 30826
radio 14 31340
radio 14 31412
radio 14 31926
radio 14 31959
radio 14 32473
radio 14 32506
radio 14 33020
radio 14 33091
radio 14 33605
radio 14 33622
radio 14 34136
radio 14 34189
radio 14 34703
radio 14 34755
radio 14 35269
radio 14 35305
radio 14 35819
radio 14 35836
radio 14 36350
radio 14 36379
radio 14 36893
radio 14 36966
radio 14 37480
radio 14 37514
radio 14 38028
radio 14 38045
radio 14 38559
radio 14 38587
radio 14 39101
radio 14 39173
radio 14 39687
radio 14 39737
radio 14 40251
radio 14 40320
radio 14 40834
radio 14 40851
radio 14 41365
radio 14 41382
radio 14 41896
radio 14 41928
radio 14 42442
radio 14 42477
radio 14 42991
radio 14 43019
radio 14 43533
radio 14 43568
radio 14 44082
radio 14 44119
radio 14 44633
radio 14 44650
radio 14 45164
delay 19 24 14 45179 14 44452 7 13 6 0 90 0 0
radio 14 45186
radio 14 45701
radio 14 45742
radio 14 46256
radio 14 46303
radio 14 46817
radio 14 46834
radio 14 47348
radio 14 47381
radio 14 47895
radio 14 47926
radio 14 48440
radio 14 48472
radio 14 48986
radio 14 49003
radio 14 49517
radio 14 49547
radio 14 50061
radio 14 50089
radio 14 50603
radio 14 50634
radio 14 51148
radio 14 51181
radio 14 51695
radio 14 51723
radio 14 52237
radio 14 52254
radio 14 52768
radio 14 52816
radio 14 53330
radio 14 53347
radio 14 53861
radio 14 53878
radio 14 54392
radio 14 54420
radio 14 54934
radio 14 55007
radio 14 55521
radio 14 55631
radio 14 56145
radio 14 56175
radio 14 56689
radio 14 56725
radio 14 57239
radio 14 57314
radio 14 57828
radio 14 57845
radio 14 58359
radio 14 58376
radio 14 58890
radio 14 58907
radio 14 59421
radio 14 59438
radio 14 59952
radio 14 59984
radio 14 60498
radio 14 60551
radio 14 61065
radio 14 61082
radio 14 61596
radio 14 61613
radio 14 62127
radio 14 62145
radio 14 62658
radio 14 62691
radio 14 63205
radio 14 63236
radio 14 63750
radio 14 63799
radio 14 64313
radio 14 64344
radio 14 64858
radio 14 64890
radio 14 65404
radio 14 65421
radio 15 399
delay 20 8 15 438 15 422 9 13 4 0 433 0 0
radio 15 446
radio 15 960
radio 15 979
radio 15 1492
radio 15 1509
radio 15 2023
radio 15 2040
radio 15 2554
radio 15 2583
radio 15 3097
radio 15 3114
radio 15 3628
radio 15 3645
radio 15 4159
radio 15 4176
radio 15 4690
radio 15 4725
radio 15 5239
radio 15 5291
radio 15 5805
radio 15 5834
radio 15 6348
radio 15 6365
radio 15 6879
radio 15 6896
radio 15 7410
radio 15 7427
radio 15 7941
radio 15 7958
radio 15 8472
radio 15 8503
radio 15 9017
radio 15 9047
radio 15 9561
radio 15 9590
radio 15 10104
radio 15 10121
radio 15 10635
radio 15 10671
radio 15 11185
radio 15 11217
radio 15 11731
radio 15 11806
radio 15 12320
radio 15 12348
radio 15 12862
radio 15 12879
radio 15 13393
radio 15 13410
radio 15 13924
radio 15 13941
radio 15 14455
radio 15 14472
radio 15 14986
radio 15 15077
radio 15 15591
radio 15 15608
radio 15 16122
radio 15 16139
radio 15 16653
radio 15 16684
radio 15 17198
radio 15 17226
radio 15 17740
radio 15 17757
radio 15 18271
radio 15 18288
radio 15 18802
radio 15 18819
radio 15 19333
radio 15 19350
radio 15 19864
radio 15 19881
radio 15 20395
delay 21 0 15 20411 15 20662 0 13 13 0 65535 0 0
radio 15 20419
radio 15 20934
radio 15 20963
radio 15 21477
radio 15 21523
radio 15 22037
radio 15 22085
radio 15 22599
radio 15 22616
radio 15 23130
radio 15 23162
radio 15 23676
radio 15 23744
radio 15 24258
radio 15 24428
radio 15 24942
radio 15 24990
radio 15 25504
radio 15 25534
energy 15 25801 7 29273
radio 15 26048
radio 15 26065
radio 15 26579
radio 15 26629
radio 15 27143
radio 15 27194
radio 15 27708
radio 15 27725
radio 15 28239
radio 15 28389
radio 15 28903
radio 15 28937
radio 15 29451
radio 15 29468
radio 15 29982
radio 15 30052
radio 15 30566
radio 15 30601
radio 15 31115
radio 15 31145
radio 15 31659
radio 15 31730
radio 15 32244
radio 15 32261
radio 15 32775
radio 15 32792
radio 15 33306
radio 15 33323
radio 15 33837
radio 15 33871
radio 15 34385
radio 15 34456
radio 15 34970
radio 15 35000
radio 15 35514
radio 15 35543
radio 15 36057
radio 15 36128
radio 15 36642
radio 15 36671
radio 15 37185
radio 15 37202
radio 15 37716
radio 15 37750
radio 15 38264
radio 15 38335
radio 15 38849
radio 15 38866
radio 15 39380
radio 15 39410
radio 15 39924
radio 15 39941
radio 15 40455
radio 15 40485
radio 15 40999
delay 22 24 15 41193 15 40465 7 13 6 0 210 0 0
radio 15 41201
radio 15 41716
radio 15 41837
radio 15 42350
radio 15 42426
radio 15 42940
radio 15 42974
radio 15 43488
radio 15 43505
radio 15 44019
radio 15 44088
radio 15 44602
radio 15 44631
radio 15 45145
radio 15 45199
radio 15 45713
radio 15 45781
radio 15 46295
radio 15 46325
radio 15 46839
radio 15 46870
radio 15 47384
radio 15 47479
radio 15 47993
radio 15 48010
radio 15 48524
radio 15 48598
radio 15 49112
radio 15 49129
radio 15 49643
radio 15 49673
radio 15 50187
radio 15 50215
radio 15 50729
radio 15 50746
radio 15 51260
radio 15 51277
radio 15 51791
radio 15 51863
radio 15 52377
radio 15 52594
radio 15 53108
radio 15 53143
radio 15 53657
radio 15 53686
radio 15 54200
radio 15 54275
radio 15 54789
radio 15 54806
radio 15 55320
radio 15 55349
radio 15 55863
radio 15 55880
radio 15 56394
radio 15 56450
radio 15 56964
radio 15 57040
radio 15 57554
radio 15 57603
radio 15 58117
radio 15 58134
radio 15 58648
radio 15 58665
radio 15 59179
radio 15 59196
radio 15 59710
radio 15 59746
radio 15 60260
radio 15 60293
radio 15 60807
radio 15 60875
radio 15 61389
delay 23 0 15 61407 15 61662 0 13 13 0 42 1 0
radio 15 61415
radio 15 61930
radio 15 61946
radio 15 62459
radio 15 62531
radio 15 63044
radio 15 63076
radio 15 63590
radio 15 63626
radio 15 64140
radio 15 64170
radio 15 64684
radio 15 64701
radio 15 65215
radio 15 65285
radio 16 263
radio 16 280
radio 16 793
radio 16 829
radio 16 1343
radio 16 1372
radio 16 1886
radio 16 1940
radio 16 2454
radio 16 2482
radio 16 2996
radio 16 3025
radio 16 3539
radio 16 3556
radio 16 4070
radio 16 4087
radio 16 4600
radio 16 4672
radio 16 5186
radio 16 5243
radio 16 5757
radio 16 5831
radio 16 6345
radio 16 6378
radio 16 6892
radio 16 6909
radio 16 7423
radio 16 7440
radio 16 7954
radio 16 7971
radio 16 8485
radio 16 8513
radio 16 9027
radio 16 9079
radio 16 9593
radio 16 9623
radio 16 10137
radio 16 10154
radio 16 10668
radio 16 10685
radio 16 11199
radio 16 11274
radio 16 11788
radio 16 11805
radio 16 12319
radio 16 12370
radio 16 12884
radio 16 12934
radio 16 13448
radio 16 13465
radio 16 13979
radio 16 14008
radio 16 14522
radio 16 14539
radio 16 15053
radio 16 15070
radio 16 15584
radio 16 15633
radio 16 16147
delay 24 24 16 16386 16 15656 7 13 6 0 25 1 0
radio 16 16393
radio 16 16908
radio 16 16927
radio 16 17441
radio 16 17457
radio 16 17971
radio 16 18203
radio 16 18717
radio 16 18773
radio 16 19287
radio 16 19358
radio 16 19872
radio 16 20022
radio 16 20536
radio 16 20553
radio 16 21067
radio 16 21215
energy 16 21705 7 33809
radio 16 21729
radio 16 21777
radio 16 22291
radio 16 22308
radio 16 22822
radio 16 22851
radio 16 23365
radio 16 23382
radio 16 23896
radio 16 23972
radio 16 24486
radio 16 24519
radio 16 25033
radio 16 25050
radio 16 25564
radio 16 25581
radio 16 26095
radio 16 26123
radio 16 26637
radio 16 26687
radio 16 27201
radio 16 27218
radio 16 27732
radio 16 27764
radio 16 28278
radio 16 28295
radio 16 28809
radio 16 28842
radio 16 29356
radio 16 29425
radio 16 29939
radio 16 29970
radio 16 30484
radio 16 30501
radio 16 31015
radio 16 31043
radio 16 31557
radio 16 31627
radio 16 32141
radio 16 32158
radio 16 32672
radio 16 32703
radio 16 33217
radio 16 33234
radio 16 33748
radio 16 33765
radio 16 34279
radio 16 34353
radio 16 34867
radio 16 34896
radio 16 35410
radio 16 35427
radio 16 35941
radio 16 35958
radio 16 36472
radio 16 36489
radio 16 37003
delay 25 0 16 37070 16 37324 0 13 13 0 276 0 0
radio 16 37078
radio 16 37592
radio 16 37681
radio 16 38195
radio 16 38214
radio 16 38727
radio 16 38744
radio 16 39258
radio 16 39275
radio 16 39789
radio 16 39806
radio 16 40320
radio 16 40337
radio 16 40851
radio 16 40868
radio 16 41382
radio 16 41412
radio 16 41926
radio 16 41943
radio 16 42457
radio 16 42506
radio 16 43020
radio 16 43037
radio 16 43551
radio 16 43568
radio 16 44082
radio 16 44112
radio 16 44626
radio 16 44657
radio 16 45171
radio 16 45201
radio 16 45715
radio 16 45783
radio 16 46297
radio 16 46314
radio 16 46828
radio 16 46862
radio 16 47376
radio 16 47405
radio 16 47919
radio 16 47993
radio 16 48507
radio 16 48538
radio 16 49052
radio 16 49082
radio 16 49596
radio 16 49665
radio 16 50179
radio 16 50212
radio 16 50726
radio 16 50761
radio 16 51275
radio 16 51329
radio 16 51843
radio 16 51876
radio 16 52390
radio 16 52423
radio 16 52937
radio 16 52991
radio 16 53505
radio 16 53539
radio 16 54053
radio 16 54070
radio 16 54584
radio 16 54613
radio 16 55127
radio 16 55144
radio 16 55658
radio 16 55694
radio 16 56208
radio 16 56257
radio 16 56771
radio 16 56800
radio 16 57314
delay 26 0 16 57363 16 57616 0 13 13 0 88 1 0
radio 16 57370
radio 16 57885
radio 16 57928
radio 16 58442
radio 16 58509
radio 16 59022
radio 16 59039
radio 16 59553
radio 16 59625
radio 16 60139
radio 16 60156
radio 16 60670
radio 16 60687
radio 16 61201
radio 16 61218
radio 16 61732
radio 16 61749
radio 16 62263
radio 16 62294
radio 16 62808
radio 16 62876
radio 16 63390
radio 16 63418
radio 16 63932
radio 16 63949
radio 16 64463
radio 16 64480
radio 16 64994
radio 16 65025
radio 17 3
radio 17 54
radio 17 567
radio 17 584
radio 17 1097
radio 17 1114
radio 17 1628
radio 17 1645
radio 17 2159
radio 17 2176
radio 17 2689
radio 17 2719
radio 17 3233
radio 17 3261
radio 17 3775
radio 17 3829
radio 17 4343
radio 17 4360
radio 17 4874
radio 17 4906
radio 17 5420
radio 17 5452
radio 17 5966
radio 17 6042
radio 17 6556
radio 17 6588
radio 17 7102
radio 17 7119
radio 17 7632
radio 17 7666
radio 17 8180
radio 17 8229
radio 17 8743
radio 17 8760
radio 17 9274
radio 17 9291
radio 17 9805
radio 17 9822
radio 17 10336
radio 17 10369
radio 17 10883
radio 17 10900
radio 17 11414
radio 17 11431
radio 17 11945
radio 17 12020
radio 17 12534
delay 27 0 17 12550 17 12803 0 13 13 0 331 0 0
radio 17 12558
radio 17 13072
radio 17 13112
radio 17 13626
radio 17 13911
radio 17 14425
radio 17 14442
radio 17 14956
radio 17 15010
radio 17 15524
radio 17 15594
radio 17 16108
radio 17 16125
radio 17 16639
radio 17 16688
radio 17 17202
radio 17 17231
energy 17 17609 7 37118
radio 17 17745
radio 17 17762
radio 17 18276
radio 17 18347
radio 17 18861
radio 17 18934
radio 17 19448
radio 17 19465
radio 17 19979
radio 17 19996
radio 17 20510
radio 17 20544
radio 17 21058
radio 17 21075
radio 17 21589
radio 17 21618
radio 17 22132
radio 17 22200
radio 17 22714
radio 17 22731
radio 17 23245
radio 17 23262
radio 17 23776
radio 17 23805
radio 17 24319
radio 17 24391
radio 17 24905
radio 17 24922
radio 17 25436
radio 17 25453
radio 17 25967
radio 17 25984
radio 17 26498
radio 17 26515
radio 17 27029
radio 17 27046
radio 17 27560
radio 17 27577
radio 17 28091
radio 17 28140
radio 17 28654
radio 17 28671
radio 17 29185
radio 17 29214
radio 17 29728
radio 17 29745
radio 17 30259
radio 17 30291
radio 17 30805
radio 17 30898
radio 17 31412
radio 17 31429
radio 17 31943
radio 17 31975
radio 17 32489
radio 17 32506
radio 17 33020
delay 28 0 17 33120 17 33373 0 13 13 0 421 0 0
radio 17 33128
radio 17 33642
radio 17 33799
radio 17 34312
radio 17 34360
radio 17 34873
radio 17 34909
radio 17 35423
radio 17 35440
radio 17 35954
radio 17 35971
radio 17 36485
radio 17 36558
radio 17 37072
radio 17 37089
radio 17 37603
radio 17 37620
radio 17 38134
radio 17 38151
radio 17 38665
radio 17 38682
radio 17 39196
radio 17 39232
radio 17 39746
radio 17 39796
radio 17 40310
radio 17 40342
radio 17 40856
radio 17 40885
radio 17 41399
radio 17 41436
radio 17 41950
radio 17 41999
radio 17 42513
radio 17 42542
radio 17 43056
radio 17 43073
radio 17 43587
radio 17 43617
radio 17 44131
radio 17 44161
radio 17 44675
radio 17 44725
radio 17 45239
radio 17 45293
radio 17 45807
radio 17 45824
radio 17 46338
radio 17 46432
radio 17 46946
radio 17 46981
radio 17 47495
radio 17 47568
radio 17 48082
radio 17 48110
radio 17 48624
radio 17 48654
radio 17 49168
radio 17 49185
radio 17 49699
radio 17 49770
radio 17 50284
radio 17 50312
radio 17 50826
radio 17 50843
radio 17 51357
radio 17 51374
radio 17 51888
radio 17 51964
radio 17 52478
radio 17 52513
radio 17 53027
radio 17 53044
radio 17 53558
delay 29 8 17 53600 17 53580 9 13 4 0 64 1 0
radio 17 53608
radio 17 54122
radio 17 54245
radio 17 54758
radio 17 54777
radio 17 55290
radio 17 55307
radio 17 55821
radio 17 55855
radio 17 56369
radio 17 56386
radio 17 56900
radio 17 56917
radio 17 57431
radio 17 57448
radio 17 57962
radio 17 57979
radio 17 58493
radio 17 58510
radio 17 59024
radio 17 59041
radio 17 59555
radio 17 59627
radio 17 60141
radio 17 60158
radio 17 60672
radio 17 60707
radio 17 61221
radio 17 61238
radio 17 61752
radio 17 61769
radio 17 62283
radio 17 62352
radio 17 62866
radio 17 62883
radio 17 63397
radio 17 63414
radio 17 63928
radio 17 63945
radio 17 64459
radio 17 64476
radio 17 64990
radio 17 65007
radio 17 65521
radio 18 42
radio 18 555
radio 18 584
radio 18 1098
radio 18 1115
radio 18 1629
radio 18 1682
radio 18 2196
radio 18 2290
radio 18 2804
radio 18 2840
radio 18 3354
radio 18 3424
radio 18 3938
radio 18 3955
radio 18 4469
radio 18 4486
radio 18 5000
radio 18 5017
radio 18 5531
radio 18 5562
radio 18 6076
radio 18 6147
radio 18 6661
radio 18 6678
radio 18 7192
radio 18 7209
radio 18 7723
radio 18 7756
radio 18 8270
radio 18 8324
radio 18 8838
delay 30 8 18 8943 18 8923 9 13 4 0 333 0 0
radio 18 8951
radio 18 9465
radio 18 9512
radio 18 10026
radio 18 10135
