Thread[Thread-1,5,main]tree 1000 35 46 12 0 0
radio 7 13488
radio 7 13492
radio 7 13508
radio 7 14022
radio 7 14039
radio 7 14553
radio 7 14570
radio 7 15084
radio 7 15113
radio 7 15627
radio 7 15655
radio 7 16169
radio 7 16219
radio 7 16733
radio 7 16750
radio 7 17263
radio 7 17338
radio 7 17852
radio 7 17928
radio 7 18442
radio 7 18558
radio 7 19072
radio 7 19288
radio 7 19802
radio 7 19819
radio 7 20333
radio 7 20362
radio 7 20876
radio 7 20893
radio 7 21406
radio 7 21423
radio 7 21937
radio 7 21954
radio 7 22468
radio 7 22485
radio 7 22998
radio 7 23031
radio 7 23545
radio 7 23562
radio 7 24076
radio 7 24106
radio 7 24620
radio 7 24710
radio 7 25224
radio 7 25253
radio 7 25767
radio 7 26021
radio 7 26535
radio 7 26552
radio 7 27066
radio 7 27115
radio 7 27629
radio 7 27646
radio 7 28160
radio 7 28308
radio 7 28822
radio 7 28839
radio 7 29353
radio 7 29381
radio 7 29895
radio 7 29912
radio 7 30426
radio 7 30443
radio 7 30957
radio 7 30974
radio 7 31488
radio 7 31596
radio 7 32110
radio 7 32127
radio 7 32641
radio 7 32658
radio 7 33172
radio 7 33202
radio 7 33716
radio 7 33752
radio 7 34266
radio 7 34355
radio 7 34869
radio 7 34886
radio 7 35400
radio 7 35417
radio 7 35931
radio 7 35948
radio 7 36462
radio 7 36479
radio 7 36992
radio 7 37023
radio 7 37537
radio 7 37571
radio 7 38085
radio 7 38121
radio 7 38635
radio 7 38664
radio 7 39178
radio 7 39195
radio 7 39709
radio 7 39738
radio 7 40252
radio 7 40269
radio 7 40783
radio 7 40800
radio 7 41314
radio 7 41366
radio 7 41880
radio 7 41912
radio 7 42426
radio 7 42456
radio 7 42970
radio 7 43003
radio 7 43517
radio 7 43585
radio 7 44099
radio 7 44234
radio 7 44748
radio 7 44784
radio 7 45298
radio 7 45369
radio 7 45883
radio 7 45914
radio 7 46428
radio 7 46460
radio 7 46974
radio 7 47043
radio 7 47557
radio 7 47574
radio 7 48088
radio 7 48105
radio 7 48619
radio 7 48651
radio 7 49165
radio 7 49182
radio 7 49696
radio 7 49713
radio 7 50227
radio 7 50279
radio 7 50793
radio 7 50810
radio 7 51324
radio 7 51341
radio 7 51855
radio 7 51872
radio 7 52386
radio 7 52403
radio 7 52917
radio 7 52934
radio 7 53448
radio 7 53465
radio 7 53979
radio 7 53996
radio 7 54510
radio 7 54527
radio 7 55041
radio 7 55058
radio 7 55572
radio 7 55786
radio 7 56300
radio 7 56374
radio 7 56888
radio 7 56917
radio 7 57431
radio 7 57560
radio 7 58074
radio 7 58091
radio 7 58605
radio 7 58719
radio 7 59233
radio 7 59250
radio 7 59763
radio 7 59780
radio 7 60294
radio 7 60326
radio 7 60840
radio 7 60857
radio 7 61370
radio 7 61402
radio 7 61916
radio 7 61933
radio 7 62447
radio 7 62482
radio 7 62996
radio 7 63013
radio 7 63527
radio 7 63544
radio 7 64057
radio 7 64074
radio 7 64588
radio 7 64605
radio 7 65119
radio 7 65149
radio 8 127
radio 8 144
radio 8 657
radio 8 707
radio 8 1220
radio 8 1237
radio 8 1750
radio 8 1767
radio 8 2280
radio 8 2297
radio 8 2810
radio 8 2843
radio 8 3357
radio 8 3448
radio 8 3962
radio 8 4050
radio 8 4564
radio 8 4581
radio 8 5094
radio 8 5111
radio 8 5624
radio 8 5660
radio 8 6174
radio 8 6191
radio 8 6704
radio 8 6721
radio 8 7234
radio 8 7328
radio 8 7842
radio 8 7971
radio 8 8485
radio 8 8516
radio 8 9030
radio 8 9059
energy 8 9403 7 17362
radio 8 9573
radio 8 9601
radio 8 10115
radio 8 10132
radio 8 10646
radio 8 10663
radio 8 11176
radio 8 11205
radio 8 11719
radio 8 11736
radio 8 12249
radio 8 12266
radio 8 12779
radio 8 12812
radio 8 13326
radio 8 13355
radio 8 13869
radio 8 13886
radio 8 14399
radio 8 14416
radio 8 14930
radio 8 15063
radio 8 15577
radio 8 15594
radio 8 16107
radio 8 16163
radio 8 16677
radio 8 16765
radio 8 17279
radio 8 17314
radio 8 17828
radio 8 18039
radio 8 18553
radio 8 18624
radio 8 19138
radio 8 19252
radio 8 19766
radio 8 19783
radio 8 20297
radio 8 20329
radio 8 20843
radio 8 20860
radio 8 21374
radio 8 21428
radio 8 21942
radio 8 21959
radio 8 22473
radio 8 22490
radio 8 23004
radio 8 23021
radio 8 23535
radio 8 23552
radio 8 24066
radio 8 24083
radio 8 24597
radio 8 24614
radio 8 25128
radio 8 25145
radio 8 25659
radio 8 25676
radio 8 26190
radio 8 26207
radio 8 26721
radio 8 26776
radio 8 27290
radio 8 27307
radio 8 27821
radio 8 27856
radio 8 28370
radio 8 28418
radio 8 28932
radio 8 28949
radio 8 29462
radio 8 29538
radio 8 30052
radio 8 30162
radio 8 30676
radio 8 30705
radio 8 31219
radio 8 31236
radio 8 31750
radio 8 31767
radio 8 32281
radio 8 32298
radio 8 32811
radio 8 32828
radio 8 33342
radio 8 33458
radio 8 33972
radio 8 34167
radio 8 34681
radio 8 34698
radio 8 35211
radio 8 35304
radio 8 35818
radio 8 35835
radio 8 36349
radio 8 36366
radio 8 36880
radio 8 36913
radio 8 37427
radio 8 37476
radio 8 37990
radio 8 38023
radio 8 38537
radio 8 38588
radio 8 39102
radio 8 39135
radio 8 39649
radio 8 39666
radio 8 40180
radio 8 40273
radio 8 40787
radio 8 40858
radio 8 41372
radio 8 41389
radio 8 41903
radio 8 42015
radio 8 42529
radio 8 42546
radio 8 43059
radio 8 43076
radio 8 43590
radio 8 43607
radio 8 44120
radio 8 44211
radio 8 44725
radio 8 44778
radio 8 45292
radio 8 45386
radio 8 45900
radio 8 45931
radio 8 46445
radio 8 46462
radio 8 46976
radio 8 47030
radio 8 47544
radio 8 47572
radio 8 48086
radio 8 48103
radio 8 48616
radio 8 48672
radio 8 49186
delay 0 46 8 49276 8 48761 12 18 6 0 285 0 0
radio 8 49284
radio 8 49798
radio 8 49817
radio 8 50330
radio 8 50365
radio 8 50879
radio 8 50927
radio 8 51441
radio 8 51458
radio 8 51972
radio 8 51989
radio 8 52503
radio 8 52520
radio 8 53034
radio 8 53051
radio 8 53564
radio 8 53581
radio 8 54094
radio 8 54111
radio 8 54625
radio 8 54655
radio 8 55169
radio 8 55186
radio 8 55700
radio 8 55717
radio 8 56231
radio 8 56248
radio 8 56762
radio 8 56791
radio 8 57305
radio 8 57800
radio 8 58314
radio 8 58370
radio 8 58884
radio 8 58934
radio 8 59448
radio 8 59465
radio 8 59979
radio 8 60173
radio 8 60687
radio 8 60704
radio 8 61218
radio 8 61326
radio 8 61840
radio 8 61857
radio 8 62371
radio 8 62388
radio 8 62901
radio 8 62934
radio 8 63448
radio 8 63465
radio 8 63978
radio 8 64073
radio 8 64587
radio 8 64661
radio 8 65175
radio 8 65210
radio 9 188
radio 9 218
radio 9 731
radio 9 748
radio 9 1261
radio 9 1332
radio 9 1846
radio 9 1863
radio 9 2376
radio 9 2406
radio 9 2920
radio 9 2955
radio 9 3469
radio 9 3486
radio 9 3999
delay 1 24 9 4019 9 3802 7 18 11 0 62 0 0
radio 9 4027
radio 9 4541
radio 9 4647
radio 9 5161
radio 9 5180
energy 9 5307 7 21802
radio 9 5694
radio 9 5711
radio 9 6224
radio 9 6335
radio 9 6849
radio 9 6942
radio 9 7456
radio 9 7473
radio 9 7986
radio 9 8003
radio 9 8516
radio 9 8533
radio 9 9046
radio 9 9063
radio 9 9576
radio 9 9593
radio 9 10106
radio 9 10123
radio 9 10637
radio 9 10654
radio 9 11168
radio 9 11185
radio 9 11699
radio 9 11716
radio 9 12230
radio 9 12278
radio 9 12792
radio 9 12967
radio 9 13481
radio 9 13498
radio 9 14012
radio 9 14060
radio 9 14574
radio 9 14690
radio 9 15204
radio 9 15276
radio 9 15790
radio 9 15807
radio 9 16320
radio 9 16337
radio 9 16850
radio 9 16867
radio 9 17380
radio 9 17414
radio 9 17928
radio 9 17945
radio 9 18459
radio 9 18529
radio 9 19043
radio 9 19072
radio 9 19586
radio 9 19603
radio 9 20117
radio 9 20146
radio 9 20660
radio 9 20712
radio 9 21226
radio 9 21254
radio 9 21768
radio 9 21796
radio 9 22310
radio 9 22327
radio 9 22840
radio 9 22857
radio 9 23371
radio 9 23404
radio 9 23918
delay 2 19 9 24027 9 24032 13 18 5 0 1 1 0
radio 9 24036
radio 9 24549
radio 9 24601
radio 9 25114
radio 9 25157
radio 9 25670
radio 9 25687
radio 9 26200
radio 9 26217
radio 9 26731
radio 9 26748
radio 9 27262
radio 9 27331
radio 9 27845
radio 9 27862
radio 9 28375
radio 9 28405
radio 9 28919
radio 9 28949
radio 9 29463
radio 9 29537
radio 9 30051
radio 9 30087
radio 9 30601
radio 9 30618
radio 9 31132
radio 9 31149
radio 9 31663
radio 9 31739
radio 9 32253
radio 9 32303
radio 9 32817
radio 9 32834
radio 9 33347
radio 9 33400
radio 9 33914
radio 9 33931
radio 9 34445
radio 9 34462
radio 9 34976
radio 9 35025
radio 9 35539
radio 9 35556
radio 9 36069
radio 9 36244
radio 9 36758
radio 9 36831
radio 9 37345
radio 9 37362
radio 9 37876
radio 9 37912
radio 9 38426
radio 9 38455
radio 9 38969
radio 9 38986
radio 9 39499
radio 9 39516
radio 9 40029
radio 9 40061
radio 9 40575
radio 9 40592
radio 9 41106
radio 9 41159
radio 9 41673
radio 9 41690
radio 9 42204
radio 9 42221
radio 9 42735
radio 9 42752
radio 9 43266
radio 9 43283
radio 9 43796
radio 9 43813
radio 9 44327
radio 9 44344
radio 9 44857
delay 3 46 9 44877 9 44361 12 18 6 0 97 1 0
radio 9 44884
radio 9 45399
radio 9 45454
radio 9 45967
radio 9 46026
radio 9 46540
radio 9 46557
radio 9 47071
radio 9 47088
radio 9 47602
radio 9 47713
radio 9 48227
radio 9 48244
radio 9 48758
radio 9 48848
radio 9 49362
radio 9 49454
radio 9 49968
radio 9 49985
radio 9 50498
radio 9 50515
radio 9 51029
radio 9 51064
radio 9 51578
radio 9 51595
radio 9 52108
radio 9 52125
radio 9 52638
radio 9 52694
radio 9 53208
radio 9 53363
radio 9 53877
radio 9 53894
radio 9 54407
radio 9 54424
radio 9 54937
radio 9 54971
radio 9 55485
radio 9 55502
radio 9 56016
radio 9 56107
radio 9 56621
radio 9 56638
radio 9 57151
radio 9 57203
radio 9 57717
radio 9 57748
radio 9 58262
radio 9 58292
radio 9 58806
radio 9 58840
radio 9 59354
radio 9 59405
radio 9 59919
radio 9 59936
radio 9 60449
radio 9 60478
radio 9 60992
radio 9 61009
radio 9 61523
radio 9 61557
radio 9 62071
radio 9 62120
radio 9 62634
radio 9 62651
radio 9 63164
radio 9 63195
radio 9 63709
radio 9 63758
radio 9 64272
radio 9 64300
radio 9 64814
radio 9 64844
radio 9 65358
delay 4 8 9 65373 10 327 9 18 9 0 113 1 0
radio 9 65381
radio 10 359
radio 10 399
radio 10 912
radio 10 954
energy 10 1211 7 25379
radio 10 1467
radio 10 1484
radio 10 1997
radio 10 2048
radio 10 2562
radio 10 2731
radio 10 3245
radio 10 3274
radio 10 3788
radio 10 3820
radio 10 4334
radio 10 4351
radio 10 4864
radio 10 4881
radio 10 5395
radio 10 5444
radio 10 5958
radio 10 6190
radio 10 6704
radio 10 6721
radio 10 7234
radio 10 7251
radio 10 7765
radio 10 7835
radio 10 8349
radio 10 8405
radio 10 8919
radio 10 8989
radio 10 9503
radio 10 9539
radio 10 10053
radio 10 10070
radio 10 10584
radio 10 10680
radio 10 11194
radio 10 11211
radio 10 11725
radio 10 11742
radio 10 12256
radio 10 12273
radio 10 12787
radio 10 12860
radio 10 13374
radio 10 13391
radio 10 13905
radio 10 13922
radio 10 14436
radio 10 14467
radio 10 14981
radio 10 14998
radio 10 15512
radio 10 15529
radio 10 16043
radio 10 16116
radio 10 16630
radio 10 16647
radio 10 17161
radio 10 17178
radio 10 17692
radio 10 17724
radio 10 18238
radio 10 18255
radio 10 18769
radio 10 18837
radio 10 19351
radio 10 19402
radio 10 19916
radio 10 19933
radio 10 20447
delay 5 8 10 20580 10 21069 9 18 9 0 299 0 0
radio 10 20587
radio 10 21102
radio 10 21123
radio 10 21637
radio 10 21685
radio 10 22199
radio 10 22216
radio 10 22730
radio 10 22762
radio 10 23276
radio 10 23293
radio 10 23807
radio 10 23919
radio 10 24433
radio 10 24626
radio 10 25140
radio 10 25170
radio 10 25684
radio 10 25758
radio 10 26272
radio 10 26289
radio 10 26803
radio 10 26820
radio 10 27334
radio 10 27351
radio 10 27865
radio 10 27899
radio 10 28413
radio 10 28430
radio 10 28944
radio 10 29017
radio 10 29531
radio 10 29559
radio 10 30073
radio 10 30090
radio 10 30604
radio 10 30640
radio 10 31154
radio 10 31171
radio 10 31685
radio 10 31734
radio 10 32248
radio 10 32265
radio 10 32779
radio 10 32832
radio 10 33346
radio 10 33421
radio 10 33935
radio 10 33952
radio 10 34466
radio 10 34483
radio 10 34997
radio 10 35132
radio 10 35646
radio 10 35663
radio 10 36177
radio 10 36251
radio 10 36765
radio 10 36782
radio 10 37296
radio 10 37386
radio 10 37900
radio 10 37917
radio 10 38431
radio 10 38565
radio 10 39079
radio 10 39096
radio 10 39610
radio 10 39681
radio 10 40195
radio 10 40212
radio 10 40726
radio 10 40758
radio 10 41272
delay 6 19 10 41325 10 41337 13 18 5 0 62 1 0
radio 10 41333
radio 10 41847
radio 10 41921
radio 10 42435
radio 10 42515
radio 10 43028
radio 10 43056
radio 10 43570
radio 10 43587
radio 10 44101
radio 10 44129
radio 10 44643
radio 10 44876
radio 10 45390
radio 10 45421
radio 10 45935
radio 10 46004
radio 10 46518
radio 10 46572
radio 10 47086
radio 10 47178
radio 10 47692
radio 10 47728
radio 10 48242
radio 10 48350
radio 10 48864
radio 10 48980
radio 10 49494
radio 10 49550
radio 10 50064
radio 10 50092
radio 10 50606
radio 10 50642
radio 10 51156
radio 10 51185
radio 10 51699
radio 10 51772
radio 10 52286
radio 10 52322
radio 10 52836
radio 10 52870
radio 10 53384
radio 10 53417
radio 10 53931
radio 10 54006
radio 10 54520
radio 10 54849
radio 10 55363
radio 10 55440
radio 10 55954
radio 10 56109
radio 10 56623
radio 10 56640
radio 10 57154
radio 10 57224
radio 10 57738
radio 10 57755
radio 10 58269
radio 10 58401
radio 10 58915
radio 10 58932
radio 10 59446
radio 10 59476
radio 10 59990
radio 10 60021
radio 10 60535
radio 10 60552
radio 10 61066
delay 7 8 10 61083 10 61572 9 18 9 0 86 0 0
radio 10 61091
radio 10 61605
radio 10 61651
radio 10 62164
radio 10 62251
energy 10 62651 7 30515
radio 10 62764
radio 10 62815
radio 10 63329
radio 10 63361
radio 10 63875
radio 10 63927
radio 10 64441
radio 10 64475
radio 10 64989
radio 10 65037
radio 11 15
radio 11 32
radio 11 545
radio 11 600
radio 11 1114
radio 11 1143
radio 11 1657
radio 11 1674
radio 11 2187
radio 11 2204
radio 11 2717
radio 11 2749
radio 11 3263
radio 11 3297
radio 11 3811
radio 11 3828
radio 11 4341
radio 11 4358
radio 11 4872
radio 11 4889
radio 11 5402
radio 11 5432
radio 11 5946
radio 11 5963
radio 11 6476
radio 11 6510
radio 11 7024
radio 11 7053
radio 11 7567
radio 11 7584
radio 11 8097
radio 11 8151
radio 11 8665
radio 11 8718
radio 11 9232
radio 11 9305
radio 11 9819
radio 11 9851
radio 11 10365
radio 11 10396
radio 11 10910
radio 11 10982
radio 11 11496
radio 11 11525
radio 11 12039
radio 11 12069
radio 11 12583
radio 11 12600
radio 11 13114
radio 11 13185
radio 11 13699
radio 11 13716
radio 11 14230
radio 11 14247
radio 11 14761
radio 11 14778
radio 11 15292
radio 11 15309
radio 11 15823
radio 11 15853
radio 11 16367
delay 8 24 11 16389 11 16169 7 18 11 0 139 0 0
radio 11 16397
radio 11 16911
radio 11 16930
radio 11 17443
radio 11 17485
radio 11 17998
radio 11 18015
radio 11 18529
radio 11 18546
radio 11 19060
radio 11 19077
radio 11 19591
radio 11 19608
radio 11 20122
radio 11 20139
radio 11 20653
radio 11 20729
radio 11 21243
radio 11 21260
radio 11 21774
radio 11 21805
radio 11 22319
radio 11 22430
radio 11 22944
radio 11 22961
radio 11 23475
radio 11 23492
radio 11 24006
radio 11 24023
radio 11 24537
radio 11 24554
radio 11 25068
radio 11 25137
radio 11 25651
radio 11 25685
radio 11 26199
radio 11 26231
radio 11 26745
radio 11 26816
radio 11 27330
radio 11 27360
radio 11 27874
radio 11 27906
radio 11 28420
radio 11 28494
radio 11 29008
radio 11 29025
radio 11 29539
radio 11 29556
radio 11 30070
radio 11 30087
radio 11 30601
radio 11 30696
radio 11 31210
radio 11 31227
radio 11 31741
radio 11 31758
radio 11 32272
radio 11 32289
radio 11 32803
radio 11 32820
radio 11 33334
radio 11 33351
radio 11 33865
radio 11 33882
radio 11 34396
radio 11 34471
radio 11 34985
radio 11 35018
radio 11 35532
radio 11 35549
radio 11 36063
radio 11 36080
radio 11 36594
delay 9 24 11 36612 11 36392 7 18 11 0 220 0 0
radio 11 36620
radio 11 37135
radio 11 37357
radio 11 37871
radio 11 37920
radio 11 38434
radio 11 38451
radio 11 38965
radio 11 38999
radio 11 39513
radio 11 39601
radio 11 40115
radio 11 40132
radio 11 40646
radio 11 40680
radio 11 41194
radio 11 41385
radio 11 41899
radio 11 41916
radio 11 42430
radio 11 42447
radio 11 42961
radio 11 42978
radio 11 43492
radio 11 43509
radio 11 44023
radio 11 44054
radio 11 44568
radio 11 44640
radio 11 45154
radio 11 45184
radio 11 45698
radio 11 45715
radio 11 46229
radio 11 46261
radio 11 46775
radio 11 46825
radio 11 47339
radio 11 47370
radio 11 47884
radio 11 47901
radio 11 48415
radio 11 48432
radio 11 48946
radio 11 48978
radio 11 49492
radio 11 49566
radio 11 50080
radio 11 50097
radio 11 50611
radio 11 50628
radio 11 51142
radio 11 51159
radio 11 51673
radio 11 51690
radio 11 52204
radio 11 52233
radio 11 52747
radio 11 52802
radio 11 53316
radio 11 53347
radio 11 53861
radio 11 53878
radio 11 54392
radio 11 54409
radio 11 54923
radio 11 54940
radio 11 55454
radio 11 55471
radio 11 55985
radio 11 56014
radio 11 56528
radio 11 56617
radio 11 57131
delay 10 19 11 57294 11 57307 13 18 5 0 357 0 0
radio 11 57302
radio 11 57816
radio 11 57946
radio 11 58460
radio 11 58491
energy 11 58555 7 34051
radio 11 59005
radio 11 59022
radio 11 59536
radio 11 59572
radio 11 60086
radio 11 60155
radio 11 60669
radio 11 60686
radio 11 61200
radio 11 61236
radio 11 61750
radio 11 61767
radio 11 62281
radio 11 62298
radio 11 62812
radio 11 62888
radio 11 63402
radio 11 63419
radio 11 63933
radio 11 63963
radio 11 64477
radio 11 64510
radio 11 65024
radio 11 65041
radio 12 19
radio 12 36
radio 12 549
radio 12 598
radio 12 1112
radio 12 1129
radio 12 1643
radio 12 1660
radio 12 2173
radio 12 2205
radio 12 2719
radio 12 2748
radio 12 3262
radio 12 3290
radio 12 3804
radio 12 3821
radio 12 4335
radio 12 4352
radio 12 4866
radio 12 4899
radio 12 5413
radio 12 5430
radio 12 5943
radio 12 5960
radio 12 6473
radio 12 6490
radio 12 7004
radio 12 7021
radio 12 7534
radio 12 7563
radio 12 8077
radio 12 8153
radio 12 8667
radio 12 8684
radio 12 9197
radio 12 9214
radio 12 9727
radio 12 9763
radio 12 10277
radio 12 10294
radio 12 10808
radio 12 10879
radio 12 11393
radio 12 11422
radio 12 11936
radio 12 11953
radio 12 12467
delay 11 24 12 12487 12 12266 7 18 11 0 488 0 0
radio 12 12495
radio 12 13009
radio 12 13058
radio 12 13572
radio 12 13600
radio 12 14114
radio 12 14131
radio 12 14645
radio 12 14662
radio 12 15176
radio 12 15208
radio 12 15722
radio 12 15751
radio 12 16265
radio 12 16293
radio 12 16807
radio 12 16836
radio 12 17350
radio 12 17385
radio 12 17899
radio 12 17936
radio 12 18450
radio 12 18478
radio 12 18992
radio 12 19009
radio 12 19523
radio 12 19551
radio 12 20065
radio 12 20082
radio 12 20596
radio 12 20629
radio 12 21143
radio 12 21175
radio 12 21689
radio 12 21721
radio 12 22235
radio 12 22309
radio 12 22823
radio 12 22840
radio 12 23354
radio 12 23385
radio 12 23899
radio 12 23929
radio 12 24443
radio 12 24511
radio 12 25025
radio 12 25061
radio 12 25575
radio 12 25592
radio 12 26106
radio 12 26137
radio 12 26651
radio 12 26668
radio 12 27182
radio 12 27199
radio 12 27713
radio 12 27748
radio 12 28262
radio 12 28279
radio 12 28793
radio 12 28810
radio 12 29324
radio 12 29341
radio 12 29855
radio 12 29872
radio 12 30386
radio 12 30421
radio 12 30935
radio 12 30952
radio 12 31466
radio 12 31536
radio 12 32050
radio 12 32084
radio 12 32598
delay 12 19 12 32678 12 32692 13 18 5 0 42 1 0
radio 12 32688
radio 12 33201
radio 12 33218
radio 12 33732
radio 12 33752
radio 12 34266
radio 12 34314
radio 12 34828
radio 12 34845
radio 12 35359
radio 12 35431
radio 12 35945
radio 12 35962
radio 12 36476
radio 12 36493
radio 12 37007
radio 12 37035
radio 12 37549
radio 12 37618
radio 12 38132
radio 12 38149
radio 12 38663
radio 12 38711
radio 12 39225
radio 12 39296
radio 12 39810
radio 12 39827
radio 12 40341
radio 12 40372
radio 12 40886
radio 12 40903
radio 12 41417
radio 12 41490
radio 12 42004
radio 12 42021
radio 12 42535
radio 12 42552
radio 12 43066
radio 12 43095
radio 12 43609
radio 12 43626
radio 12 44140
radio 12 44157
radio 12 44671
radio 12 44720
radio 12 45234
radio 12 45251
radio 12 45765
radio 12 45782
radio 12 46296
radio 12 46313
radio 12 46827
radio 12 46844
radio 12 47358
radio 12 47375
radio 12 47889
radio 12 47922
radio 12 48436
radio 12 48469
radio 12 48983
radio 12 49033
radio 12 49547
radio 12 49576
radio 12 50090
radio 12 50107
radio 12 50621
radio 12 50638
radio 12 51152
radio 12 51187
radio 12 51701
radio 12 51774
radio 12 52288
radio 12 52305
radio 12 52819
delay 13 8 12 52869 12 53356 9 18 9 0 143 1 0
radio 12 52877
radio 12 53391
radio 12 53408
radio 12 53922
radio 12 53968
energy 12 54459 7 36821
radio 12 54482
radio 12 54517
radio 12 55031
radio 12 55048
radio 12 55562
radio 12 55579
radio 12 56093
radio 12 56110
radio 12 56624
radio 12 56641
radio 12 57155
radio 12 57227
radio 12 57741
radio 12 57790
radio 12 58304
radio 12 58381
radio 12 58895
radio 12 58923
radio 12 59437
radio 12 59454
radio 12 59968
radio 12 59997
radio 12 60511
radio 12 60583
radio 12 61097
radio 12 61132
radio 12 61646
radio 12 61663
radio 12 62177
radio 12 62207
radio 12 62721
radio 12 62750
radio 12 63264
radio 12 63281
radio 12 63795
radio 12 63812
radio 12 64326
radio 12 64343
radio 12 64857
radio 12 64874
radio 12 65388
radio 12 65405
radio 13 383
radio 13 400
radio 13 913
radio 13 930
radio 13 1443
radio 13 1460
radio 13 1974
radio 13 1991
radio 13 2504
radio 13 2532
radio 13 3046
radio 13 3116
radio 13 3630
radio 13 3666
radio 13 4180
radio 13 4208
radio 13 4722
radio 13 4739
radio 13 5252
radio 13 5323
radio 13 5837
radio 13 5854
radio 13 6367
radio 13 6400
radio 13 6914
radio 13 6931
radio 13 7444
radio 13 7461
radio 13 7975
radio 13 8044
radio 13 8558
delay 14 19 13 8635 13 8649 13 18 5 0 392 0 0
radio 13 8643
radio 13 9157
radio 13 9204
radio 13 9717
radio 13 9734
radio 13 10247
radio 13 10264
radio 13 10778
radio 13 10795
radio 13 11309
radio 13 11405
radio 13 11919
radio 13 11970
radio 13 12484
radio 13 12558
radio 13 13072
radio 13 13124
radio 13 13638
radio 13 13732
radio 13 14246
radio 13 14263
radio 13 14777
radio 13 14812
radio 13 15326
radio 13 15343
radio 13 15857
radio 13 15911
radio 13 16425
radio 13 16442
radio 13 16956
radio 13 16973
radio 13 17487
radio 13 17520
radio 13 18034
radio 13 18110
radio 13 18624
radio 13 18641
radio 13 19155
radio 13 19185
radio 13 19699
radio 13 19716
radio 13 20230
radio 13 20338
radio 13 20852
radio 13 20884
radio 13 21398
radio 13 21467
radio 13 21981
radio 13 22014
radio 13 22528
radio 13 22545
radio 13 23059
radio 13 23089
radio 13 23603
radio 13 23673
radio 13 24187
radio 13 24204
radio 13 24718
radio 13 24735
radio 13 25249
radio 13 25266
radio 13 25780
radio 13 25797
radio 13 26311
radio 13 26328
radio 13 26842
radio 13 26895
radio 13 27409
radio 13 27426
radio 13 27940
radio 13 27957
radio 13 28471
delay 15 19 13 28489 13 28503 13 18 5 0 240 0 0
radio 13 28497
radio 13 29011
radio 13 29060
radio 13 29574
radio 13 29613
radio 13 30126
radio 13 30154
radio 13 30667
radio 13 30697
radio 13 31211
radio 13 31242
radio 13 31756
radio 13 31773
radio 13 32287
radio 13 32304
radio 13 32818
radio 13 32835
radio 13 33349
radio 13 33420
radio 13 33934
radio 13 33951
radio 13 34465
radio 13 34513
radio 13 35027
radio 13 35103
radio 13 35617
radio 13 35634
radio 13 36148
radio 13 36180
radio 13 36694
radio 13 36722
radio 13 37236
radio 13 37305
radio 13 37819
radio 13 37851
radio 13 38365
radio 13 38382
radio 13 38896
radio 13 38925
radio 13 39439
radio 13 39507
radio 13 40021
radio 13 40053
radio 13 40567
radio 13 40599
radio 13 41113
radio 13 41185
radio 13 41699
radio 13 41716
radio 13 42230
radio 13 42247
radio 13 42761
radio 13 42778
radio 13 43292
radio 13 43309
radio 13 43823
radio 13 43840
radio 13 44354
radio 13 44387
radio 13 44901
radio 13 44918
radio 13 45432
radio 13 45482
radio 13 45996
radio 13 46013
radio 13 46527
radio 13 46559
radio 13 47073
radio 13 47090
radio 13 47604
radio 13 47621
radio 13 48135
radio 13 48211
radio 13 48725
radio 13 48742
radio 13 49256
radio 13 49284
radio 13 49798
delay 16 8 13 49816 13 50304 9 18 9 0 307 0 0
radio 13 49824
radio 13 50339
energy 13 50363 7 39973
radio 13 50384
radio 13 50897
radio 13 50934
radio 13 51448
radio 13 51465
radio 13 51979
radio 13 51996
radio 13 52510
radio 13 52527
radio 13 53041
radio 13 53058
radio 13 53572
radio 13 53589
radio 13 54103
radio 13 54120
radio 13 54634
radio 13 54725
radio 13 55239
radio 13 55256
radio 13 55770
radio 13 55806
radio 13 56320
radio 13 56391
radio 13 56905
radio 13 56922
radio 13 57436
radio 13 57453
radio 13 57967
radio 13 57984
radio 13 58498
radio 13 58515
radio 13 59029
radio 13 59046
radio 13 59560
radio 13 59633
radio 13 60147
radio 13 60164
radio 13 60678
radio 13 60695
radio 13 61209
radio 13 61226
radio 13 61740
radio 13 61757
radio 13 62271
radio 13 62305
radio 13 62819
radio 13 62891
radio 13 63405
radio 13 63422
radio 13 63936
radio 13 63953
radio 13 64467
radio 13 64496
radio 13 65010
radio 13 65086
radio 14 64
radio 14 99
radio 14 612
radio 14 629
radio 14 1142
radio 14 1174
radio 14 1688
radio 14 1759
radio 14 2273
radio 14 2290
radio 14 2804
radio 14 2837
radio 14 3351
radio 14 3380
radio 14 3894
delay 17 46 14 3912 14 3394 12 18 6 0 40 1 0
radio 14 3920
radio 14 4434
radio 14 4478
radio 14 4991
radio 14 5008
radio 14 5521
radio 14 5554
radio 14 6068
radio 14 6085
radio 14 6598
radio 14 6630
radio 14 7144
radio 14 7212
radio 14 7726
radio 14 7743
radio 14 8256
radio 14 8286
radio 14 8800
radio 14 8836
radio 14 9350
radio 14 9367
radio 14 9880
radio 14 9897
radio 14 10411
radio 14 10483
radio 14 10997
radio 14 11026
radio 14 11540
radio 14 11589
radio 14 12103
radio 14 12120
radio 14 12634
radio 14 12651
radio 14 13165
radio 14 13199
radio 14 13713
radio 14 13744
radio 14 14258
radio 14 14275
radio 14 14789
radio 14 14806
radio 14 15320
radio 14 15391
radio 14 15905
radio 14 15939
radio 14 16453
radio 14 16470
radio 14 16984
radio 14 17001
radio 14 17515
radio 14 17532
radio 14 18046
radio 14 18116
radio 14 18630
radio 14 18664
radio 14 19178
radio 14 19195
radio 14 19709
radio 14 19738
radio 14 20252
radio 14 20360
radio 14 20874
radio 14 20969
radio 14 21483
radio 14 21512
radio 14 22026
radio 14 22099
radio 14 22613
radio 14 22630
radio 14 23144
radio 14 23161
radio 14 23675
radio 14 23730
radio 14 24244
radio 14 24308
radio 14 24822
delay 18 46 14 24863 14 24345 12 18 6 0 480 0 0
radio 14 24871
radio 14 25385
radio 14 25429
radio 14 25943
radio 14 25974
radio 14 26488
radio 14 26556
radio 14 27070
radio 14 27087
radio 14 27601
radio 14 27655
radio 14 28169
radio 14 28186
radio 14 28700
radio 14 28733
radio 14 29247
radio 14 29338
radio 14 29852
radio 14 29887
radio 14 30401
radio 14 30418
radio 14 30932
radio 14 30986
radio 14 31500
radio 14 31517
radio 14 32031
radio 14 32048
radio 14 32562
radio 14 32579
radio 14 33093
radio 14 33110
radio 14 33624
radio 14 33652
radio 14 34166
radio 14 34183
radio 14 34697
radio 14 34726
radio 14 35240
radio 14 35312
radio 14 35826
radio 14 35843
radio 14 36357
radio 14 36572
radio 14 37086
radio 14 37115
radio 14 37629
radio 14 37660
radio 14 38174
radio 14 38248
radio 14 38762
radio 14 38779
radio 14 39293
radio 14 39310
radio 14 39824
radio 14 39841
radio 14 40355
radio 14 40372
radio 14 40886
radio 14 40903
radio 14 41417
radio 14 41472
radio 14 41986
radio 14 42020
radio 14 42534
radio 14 42551
radio 14 43065
radio 14 43100
radio 14 43614
radio 14 43647
radio 14 44161
radio 14 44178
radio 14 44692
delay 19 19 14 44741 14 44756 13 18 5 0 80 1 0
radio 14 44749
radio 14 45263
radio 14 45279
radio 14 45793
radio 14 45808
energy 14 46267 7 43250
radio 14 46322
radio 14 46339
radio 14 46853
radio 14 46888
radio 14 47402
radio 14 47472
radio 14 47986
radio 14 48018
radio 14 48532
radio 14 48565
radio 14 49079
radio 14 49150
radio 14 49664
radio 14 49681
radio 14 50195
radio 14 50212
radio 14 50726
radio 14 50762
radio 14 51276
radio 14 51307
radio 14 51821
radio 14 51838
radio 14 52352
radio 14 52424
radio 14 52938
radio 14 52972
radio 14 53486
radio 14 53577
radio 14 54091
radio 14 54125
radio 14 54639
radio 14 54714
radio 14 55228
radio 14 55245
radio 14 55759
radio 14 55776
radio 14 56290
radio 14 56307
radio 14 56821
radio 14 56838
radio 14 57352
radio 14 57369
radio 14 57883
radio 14 57900
radio 14 58414
radio 14 58488
radio 14 59002
radio 14 59037
radio 14 59551
radio 14 59568
radio 14 60082
radio 14 60099
radio 14 60613
radio 14 60662
radio 14 61176
radio 14 61193
radio 14 61707
radio 14 61724
radio 14 62238
radio 14 62272
radio 14 62786
radio 14 62803
radio 14 63317
radio 14 63347
radio 14 63861
radio 14 63878
radio 14 64392
radio 14 64463
radio 14 64977
radio 14 64994
radio 14 65508
delay 20 19 15 183 15 198 13 18 5 0 426 0 0
radio 15 190
radio 15 704
radio 15 721
radio 15 1235
radio 15 1252
radio 15 1765
radio 15 1798
radio 15 2312
radio 15 2329
radio 15 2842
radio 15 2911
radio 15 3425
radio 15 3457
radio 15 3971
radio 15 4004
radio 15 4518
radio 15 4589
radio 15 5103
radio 15 5120
radio 15 5633
radio 15 5650
radio 15 6164
radio 15 6181
radio 15 6694
radio 15 6723
radio 15 7237
radio 15 7254
radio 15 7767
radio 15 7795
radio 15 8309
radio 15 8326
radio 15 8840
radio 15 8889
radio 15 9403
radio 15 9420
radio 15 9933
radio 15 9950
radio 15 10463
radio 15 10493
radio 15 11007
radio 15 11024
radio 15 11538
radio 15 11555
radio 15 12069
radio 15 12142
radio 15 12656
radio 15 12705
radio 15 13219
radio 15 13267
radio 15 13781
radio 15 13798
radio 15 14312
radio 15 14329
radio 15 14843
radio 15 14873
radio 15 15387
radio 15 15404
radio 15 15918
radio 15 15966
radio 15 16480
radio 15 16509
radio 15 17023
radio 15 17054
radio 15 17568
radio 15 17598
radio 15 18112
radio 15 18129
radio 15 18643
radio 15 18660
radio 15 19174
radio 15 19210
radio 15 19724
radio 15 19816
radio 15 20330
delay 21 46 15 20388 15 19870 12 18 6 0 25 1 0
radio 15 20398
radio 15 20911
radio 15 20982
radio 15 21495
radio 15 21525
radio 15 22039
radio 15 22068
radio 15 22582
radio 15 22599
radio 15 23113
radio 15 23130
radio 15 23644
radio 15 23679
radio 15 24193
radio 15 24210
radio 15 24724
radio 15 24814
radio 15 25328
radio 15 25345
radio 15 25859
radio 15 25891
radio 15 26405
radio 15 26422
radio 15 26936
radio 15 26953
radio 15 27467
radio 15 27503
radio 15 28017
radio 15 28034
radio 15 28548
radio 15 28577
radio 15 29091
radio 15 29108
radio 15 29622
radio 15 29639
radio 15 30153
radio 15 30170
radio 15 30684
radio 15 30735
radio 15 31249
radio 15 31302
radio 15 31816
radio 15 31847
radio 15 32361
radio 15 32378
radio 15 32892
radio 15 32909
radio 15 33423
radio 15 33455
radio 15 33969
radio 15 34003
radio 15 34517
radio 15 34534
radio 15 35048
radio 15 35065
radio 15 35579
radio 15 35630
radio 15 36144
radio 15 36176
radio 15 36690
radio 15 36707
radio 15 37221
radio 15 37253
radio 15 37767
radio 15 37817
radio 15 38331
radio 15 38361
radio 15 38875
radio 15 38907
radio 15 39421
radio 15 39438
radio 15 39952
radio 15 39982
radio 15 40496
radio 15 40513
radio 15 41027
delay 22 19 15 41097 15 41113 13 18 5 0 524 0 0
radio 15 41105
radio 15 41620
radio 15 41712
energy 15 42171 7 46448
radio 15 42225
radio 15 42257
radio 15 42771
radio 15 42788
radio 15 43302
radio 15 43333
radio 15 43847
radio 15 43875
radio 15 44389
radio 15 44439
radio 15 44953
radio 15 44970
radio 15 45484
radio 15 45501
radio 15 46015
radio 15 46032
radio 15 46546
radio 15 46563
radio 15 47077
radio 15 47094
radio 15 47608
radio 15 47625
radio 15 48139
radio 15 48187
radio 15 48701
radio 15 48718
radio 15 49232
radio 15 49266
radio 15 49780
radio 15 49811
radio 15 50325
radio 15 50356
radio 15 50870
radio 15 50940
radio 15 51454
radio 15 51471
radio 15 51985
radio 15 52002
radio 15 52516
radio 15 52549
radio 15 53063
radio 15 53080
radio 15 53594
radio 15 53686
radio 15 54200
radio 15 54217
radio 15 54731
radio 15 54748
radio 15 55262
radio 15 55290
radio 15 55804
radio 15 55837
radio 15 56351
radio 15 56404
radio 15 56918
radio 15 56935
radio 15 57449
radio 15 57539
radio 15 58053
radio 15 58070
radio 15 58584
radio 15 58615
radio 15 59129
radio 15 59165
radio 15 59679
radio 15 59748
radio 15 60262
radio 15 60279
radio 15 60793
radio 15 60810
radio 15 61324
delay 23 8 15 61344 15 61830 9 18 9 0 213 1 0
radio 15 61352
radio 15 61866
radio 15 62021
radio 15 62535
radio 15 62571
radio 15 63085
radio 15 63102
radio 15 63616
radio 15 63633
radio 15 64147
radio 15 64164
radio 15 64678
radio 15 64695
radio 15 65209
radio 15 65226
radio 16 204
radio 16 238
radio 16 752
radio 16 820
radio 16 1334
radio 16 1365
radio 16 1879
radio 16 1896
radio 16 2409
radio 16 2443
radio 16 2957
radio 16 2974
radio 16 3488
radio 16 3542
radio 16 4056
radio 16 4073
radio 16 4586
radio 16 4603
radio 16 5117
radio 16 5134
radio 16 5648
radio 16 5678
radio 16 6192
radio 16 6244
radio 16 6758
radio 16 6811
radio 16 7325
radio 16 7342
radio 16 7856
radio 16 7873
radio 16 8387
radio 16 8404
radio 16 8917
radio 16 8934
radio 16 9447
radio 16 9519
radio 16 10033
radio 16 10050
radio 16 10564
radio 16 10581
radio 16 11095
radio 16 11127
radio 16 11641
radio 16 11675
radio 16 12189
radio 16 12218
radio 16 12732
radio 16 12749
radio 16 13263
radio 16 13292
radio 16 13806
radio 16 13823
radio 16 14337
radio 16 14354
radio 16 14868
radio 16 14885
radio 16 15399
radio 16 15427
radio 16 15941
delay 24 19 16 15959 16 15975 13 18 5 0 65 1 0
radio 16 15966
radio 16 16481
radio 16 16501
radio 16 17015
radio 16 17038
radio 16 17552
radio 16 17703
radio 16 18217
radio 16 18234
radio 16 18748
radio 16 18822
radio 16 19336
radio 16 19353
radio 16 19867
radio 16 19884
radio 16 20398
radio 16 20466
radio 16 20980
radio 16 21051
radio 16 21565
radio 16 21616
radio 16 22130
radio 16 22147
radio 16 22661
radio 16 22734
radio 16 23248
radio 16 23265
radio 16 23779
radio 16 23796
radio 16 24310
radio 16 24327
radio 16 24841
radio 16 24858
radio 16 25372
radio 16 25422
radio 16 25936
radio 16 25953
radio 16 26467
radio 16 26484
radio 16 26998
radio 16 27015
radio 16 27529
radio 16 27562
radio 16 28076
radio 16 28093
radio 16 28607
radio 16 28644
radio 16 29158
radio 16 29209
radio 16 29723
radio 16 29740
radio 16 30254
radio 16 30271
radio 16 30785
radio 16 30802
radio 16 31316
radio 16 31333
radio 16 31847
radio 16 31864
radio 16 32378
radio 16 32395
radio 16 32909
radio 16 32926
radio 16 33440
radio 16 33457
radio 16 33971
radio 16 34005
radio 16 34519
radio 16 34547
radio 16 35061
radio 16 35093
radio 16 35607
radio 16 35637
radio 16 36151
radio 16 36168
radio 16 36682
delay 25 19 16 36701 16 36711 13 18 5 0 65535 0 0
radio 16 36709
radio 16 37223
radio 16 37242
radio 16 37756
radio 16 37829
energy 16 38075 7 49335
radio 16 38343
radio 16 38372
radio 16 38886
radio 16 38919
radio 16 39433
radio 16 39509
radio 16 40023
radio 16 40040
radio 16 40554
radio 16 40584
radio 16 41098
radio 16 41115
radio 16 41629
radio 16 41646
radio 16 42160
radio 16 42177
radio 16 42691
radio 16 42762
radio 16 43276
radio 16 43311
radio 16 43825
radio 16 43914
radio 16 44428
radio 16 44445
radio 16 44959
radio 16 44976
radio 16 45490
radio 16 45520
radio 16 46034
radio 16 46063
radio 16 46577
radio 16 46608
radio 16 47122
radio 16 47154
radio 16 47668
radio 16 47685
radio 16 48199
radio 16 48231
radio 16 48745
radio 16 48774
radio 16 49288
radio 16 49305
radio 16 49819
radio 16 49893
radio 16 50407
radio 16 50424
radio 16 50938
radio 16 50955
radio 16 51469
radio 16 51498
radio 16 52012
radio 16 52029
radio 16 52543
radio 16 52614
radio 16 53128
radio 16 53163
radio 16 53677
radio 16 53709
radio 16 54223
radio 16 54314
radio 16 54828
radio 16 54862
radio 16 55376
radio 16 55471
radio 16 55985
radio 16 56002
radio 16 56516
radio 16 56550
radio 16 57064
radio 16 57081
radio 16 57595
delay 26 46 16 57674 16 57155 12 18 6 0 500 0 0
radio 16 57682
radio 16 58197
radio 16 58247
radio 16 58761
radio 16 58778
radio 16 59292
radio 16 59326
radio 16 59840
radio 16 59876
radio 16 60390
radio 16 60421
radio 16 60935
radio 16 61008
radio 16 61522
radio 16 61554
radio 16 62068
radio 16 62099
radio 16 62613
radio 16 62686
radio 16 63200
radio 16 63217
radio 16 63731
radio 16 63748
radio 16 64262
radio 16 64279
radio 16 64793
radio 16 64822
radio 16 65336
radio 16 65412
radio 17 390
radio 17 407
radio 17 920
radio 17 950
radio 17 1464
radio 17 1481
radio 17 1994
radio 17 2025
radio 17 2539
radio 17 2556
radio 17 3069
radio 17 3086
radio 17 3599
radio 17 3651
radio 17 4165
radio 17 4195
radio 17 4709
radio 17 4726
radio 17 5239
radio 17 5256
radio 17 5770
radio 17 5787
radio 17 6300
radio 17 6351
radio 17 6865
radio 17 6882
radio 17 7395
radio 17 7412
radio 17 7925
radio 17 7959
radio 17 8473
radio 17 8506
radio 17 9020
radio 17 9037
radio 17 9550
radio 17 9623
radio 17 10137
radio 17 10154
radio 17 10668
radio 17 10685
radio 17 11199
radio 17 11230
radio 17 11744
radio 17 11776
radio 17 12290
delay 27 46 17 12337 17 11818 12 18 6 0 148 0 0
radio 17 12345
radio 17 12860
radio 17 12950
radio 17 13463
radio 17 13714
radio 17 14228
radio 17 14280
radio 17 14794
radio 17 14863
radio 17 15377
radio 17 15394
radio 17 15908
radio 17 15925
radio 17 16439
radio 17 16488
radio 17 17002
radio 17 17071
radio 17 17585
radio 17 17613
radio 17 18127
radio 17 18144
radio 17 18658
radio 17 18690
radio 17 19204
radio 17 19275
radio 17 19789
radio 17 19806
radio 17 20320
radio 17 20372
radio 17 20886
radio 17 20914
radio 17 21428
radio 17 21445
radio 17 21959
radio 17 21989
radio 17 22503
radio 17 22535
radio 17 23049
radio 17 23066
radio 17 23580
radio 17 23597
radio 17 24111
radio 17 24128
radio 17 24642
radio 17 24672
radio 17 25186
radio 17 25203
radio 17 25717
radio 17 25734
radio 17 26248
radio 17 26265
radio 17 26779
radio 17 26796
radio 17 27310
radio 17 27327
radio 17 27841
radio 17 27877
radio 17 28391
radio 17 28408
radio 17 28922
radio 17 28951
radio 17 29465
radio 17 29482
radio 17 29996
radio 17 30027
radio 17 30541
radio 17 30558
radio 17 31072
radio 17 31127
radio 17 31641
radio 17 31658
radio 17 32172
radio 17 32205
radio 17 32719
delay 28 19 17 32737 17 32754 13 18 5 0 329 0 0
radio 17 32745
radio 17 33259
radio 17 33309
radio 17 33822
radio 17 33845
energy 17 33979 7 52644
radio 17 34358
radio 17 34387
radio 17 34901
radio 17 34930
radio 17 35444
radio 17 35461
radio 17 35975
radio 17 35992
radio 17 36506
radio 17 36575
radio 17 37089
radio 17 37106
radio 17 37620
radio 17 37637
radio 17 38151
radio 17 38182
radio 17 38696
radio 17 38727
radio 17 39241
radio 17 39271
radio 17 39785
radio 17 39802
radio 17 40316
radio 17 40346
radio 17 40860
radio 17 40877
radio 17 41391
radio 17 41422
radio 17 41936
radio 17 41953
radio 17 42467
radio 17 42484
radio 17 42998
radio 17 43053
radio 17 43567
radio 17 43584
radio 17 44098
radio 17 44126
radio 17 44640
radio 17 44688
radio 17 45202
radio 17 45219
radio 17 45733
radio 17 45765
radio 17 46279
radio 17 46296
radio 17 46810
radio 17 46827
radio 17 47341
radio 17 47358
radio 17 47872
radio 17 47889
radio 17 48403
radio 17 48420
radio 17 48934
radio 17 48966
radio 17 49480
radio 17 49576
radio 17 50090
radio 17 50122
radio 17 50636
radio 17 50653
radio 17 51167
radio 17 51184
radio 17 51698
radio 17 51730
radio 17 52244
radio 17 52275
radio 17 52789
radio 17 52806
radio 17 53320
delay 29 8 17 53338 17 53823 9 18 9 0 307 0 0
radio 17 53345
radio 17 53860
radio 17 53906
radio 17 54419
radio 17 54524
radio 17 55037
radio 17 55054
radio 17 55568
radio 17 55585
radio 17 56099
radio 17 56116
radio 17 56630
radio 17 56647
radio 17 57161
radio 17 57195
radio 17 57709
radio 17 57761
radio 17 58275
radio 17 58306
radio 17 58820
radio 17 58837
radio 17 59351
radio 17 59381
radio 17 59895
radio 17 59926
radio 17 60440
radio 17 60457
radio 17 60971
radio 17 60988
radio 17 61502
radio 17 61519
radio 17 62033
radio 17 62063
radio 17 62577
radio 17 62594
radio 17 63108
radio 17 63143
radio 17 63657
radio 17 63708
radio 17 64222
radio 17 64239
radio 17 64753
radio 17 64770
radio 17 65284
radio 17 65301
radio 18 279
radio 18 311
radio 18 825
radio 18 855
radio 18 1369
radio 18 1386
radio 18 1899
radio 18 1974
radio 18 2488
radio 18 2505
radio 18 3019
radio 18 3036
radio 18 3549
radio 18 3581
radio 18 4095
radio 18 4151
radio 18 4665
radio 18 4682
radio 18 5195
radio 18 5231
radio 18 5745
radio 18 5762
radio 18 6275
radio 18 6292
radio 18 6805
radio 18 6822
radio 18 7335
radio 18 7369
radio 18 7883
radio 18 7952
radio 18 8466
delay 30 46 18 8509 18 7989 12 18 6 0 16 1 0
radio 18 8517
radio 18 9031
radio 18 9164
radio 18 9678
radio 18 9768
