Thread[Thread-1,5,main]tree 47 15 24 14 0 0
radio 7 16549
radio 7 16553
radio 7 16570
radio 7 17084
radio 7 17137
radio 7 17651
radio 7 17668
radio 7 18182
radio 7 18257
radio 7 18771
radio 7 18804
radio 7 19318
radio 7 19335
radio 7 19849
radio 7 19922
radio 7 20436
radio 7 20453
radio 7 20967
radio 7 20984
radio 7 21498
radio 7 21515
radio 7 22029
radio 7 22062
radio 7 22576
radio 7 22593
radio 7 23107
radio 7 23124
radio 7 23638
radio 7 23712
radio 7 24226
radio 7 24243
radio 7 24757
radio 7 24786
radio 7 25300
radio 7 25317
radio 7 25831
radio 7 25848
radio 7 26362
radio 7 26379
radio 7 26893
radio 7 26965
radio 7 27479
radio 7 27511
radio 7 28025
radio 7 28056
radio 7 28570
radio 7 28624
radio 7 29138
radio 7 29155
radio 7 29669
radio 7 29704
radio 7 30218
radio 7 30249
radio 7 30763
radio 7 30836
radio 7 31350
radio 7 31367
radio 7 31881
radio 7 31929
radio 7 32443
radio 7 32460
radio 7 32974
radio 7 33029
radio 7 33543
radio 7 33571
radio 7 34085
radio 7 34102
radio 7 34616
radio 7 34644
radio 7 35158
radio 7 35193
radio 7 35707
radio 7 35755
radio 7 36269
radio 7 36304
radio 7 36818
radio 7 36835
radio 7 37349
radio 7 37401
radio 7 37915
radio 7 37932
radio 7 38446
radio 7 38463
radio 7 38977
radio 7 39012
radio 7 39526
radio 7 39557
radio 7 40071
radio 7 40088
radio 7 40602
radio 7 40619
radio 7 41133
radio 7 41150
radio 7 41664
radio 7 41694
radio 7 42208
radio 7 42256
radio 7 42770
radio 7 42787
radio 7 43301
radio 7 43333
radio 7 43847
radio 7 43864
radio 7 44378
radio 7 44395
radio 7 44909
radio 7 44926
radio 7 45440
radio 7 45457
radio 7 45971
radio 7 45988
radio 7 46502
radio 7 46539
radio 7 47053
radio 7 47070
radio 7 47584
radio 7 47601
radio 7 48115
radio 7 48132
radio 7 48646
radio 7 48663
radio 7 49177
radio 7 49194
radio 7 49708
radio 7 49741
radio 7 50255
radio 7 50286
radio 7 50800
radio 7 50817
radio 7 51331
radio 7 51379
radio 7 51893
radio 7 51943
radio 7 52457
radio 7 52474
radio 7 52988
radio 7 53117
radio 7 53631
radio 7 53686
radio 7 54200
radio 7 54217
radio 7 54731
radio 7 54748
radio 7 55262
radio 7 55279
radio 7 55793
radio 7 55841
radio 7 56355
radio 7 56372
radio 7 56886
radio 7 56903
radio 7 57417
radio 7 57434
radio 7 57948
radio 7 57965
radio 7 58479
radio 7 58528
radio 7 59042
radio 7 59059
radio 7 59573
radio 7 59609
radio 7 60123
radio 7 60152
radio 7 60666
radio 7 60694
radio 7 61208
radio 7 61225
radio 7 61739
radio 7 61756
radio 7 62270
radio 7 62299
radio 7 62813
radio 7 62844
radio 7 63358
radio 7 63375
radio 7 63889
radio 7 63906
radio 7 64420
radio 7 64437
radio 7 64951
radio 7 65023
radio 8 1
radio 8 32
radio 8 545
radio 8 579
radio 8 1092
radio 8 1121
radio 8 1635
radio 8 1707
radio 8 2221
radio 8 2249
radio 8 2763
radio 8 2794
radio 8 3308
radio 8 3383
radio 8 3897
radio 8 3914
radio 8 4427
radio 8 4444
radio 8 4957
radio 8 5050
radio 8 5564
radio 8 5581
radio 8 6094
radio 8 6111
radio 8 6624
radio 8 6653
radio 8 7167
radio 8 7184
radio 8 7697
radio 8 7727
radio 8 8241
radio 8 8258
radio 8 8771
radio 8 8788
radio 8 9301
radio 8 9318
radio 8 9831
radio 8 9866
radio 8 10380
radio 8 10432
radio 8 10946
radio 8 10963
radio 8 11477
radio 8 11533
radio 8 12047
radio 8 12064
energy 8 12465 7 19351
radio 8 12578
radio 8 12612
radio 8 13126
radio 8 13161
radio 8 13675
radio 8 13704
radio 8 14218
radio 8 14247
radio 8 14761
radio 8 14778
radio 8 15292
radio 8 15325
radio 8 15839
radio 8 15890
radio 8 16404
radio 8 16472
radio 8 16986
radio 8 17017
radio 8 17531
radio 8 17582
radio 8 18096
radio 8 18169
radio 8 18683
radio 8 18713
radio 8 19227
radio 8 19256
radio 8 19770
radio 8 19800
radio 8 20314
radio 8 20331
radio 8 20845
radio 8 20862
radio 8 21376
radio 8 21430
radio 8 21944
radio 8 21961
radio 8 22475
radio 8 22544
radio 8 23058
radio 8 23091
radio 8 23605
radio 8 23622
radio 8 24136
radio 8 24153
radio 8 24667
radio 8 24700
radio 8 25214
radio 8 25270
radio 8 25784
radio 8 25801
radio 8 26315
radio 8 26332
radio 8 26846
radio 8 26863
radio 8 27377
radio 8 27413
radio 8 27927
radio 8 27944
radio 8 28458
radio 8 28475
radio 8 28989
radio 8 29006
radio 8 29520
radio 8 29589
radio 8 30103
radio 8 30131
radio 8 30645
radio 8 30678
radio 8 31192
radio 8 31266
radio 8 31780
radio 8 31812
radio 8 32326
radio 8 32361
radio 8 32875
radio 8 32964
radio 8 33478
radio 8 33495
radio 8 34009
radio 8 34026
radio 8 34540
radio 8 34557
radio 8 35071
radio 8 35127
radio 8 35641
radio 8 35672
radio 8 36186
radio 8 36203
radio 8 36717
radio 8 36734
radio 8 37248
radio 8 37282
radio 8 37796
radio 8 37813
radio 8 38327
radio 8 38415
radio 8 38929
radio 8 38965
radio 8 39479
radio 8 39532
radio 8 40046
radio 8 40063
radio 8 40577
radio 8 40594
radio 8 41108
radio 8 41125
radio 8 41639
radio 8 41656
radio 8 42170
radio 8 42200
radio 8 42714
radio 8 42787
radio 8 43301
radio 8 43350
radio 8 43864
radio 8 43881
radio 8 44395
radio 8 44412
radio 8 44926
radio 8 44997
radio 8 45511
radio 8 45545
radio 8 46059
radio 8 46076
radio 8 46590
radio 8 46607
radio 8 47121
radio 8 47153
radio 8 47667
radio 8 47684
radio 8 48198
radio 8 48215
radio 8 48729
delay 0 24 8 48774 8 48716 7 12 5 0 262 0 0
radio 8 48782
radio 8 49296
radio 8 49344
radio 8 49857
radio 8 49875
radio 8 50388
radio 8 50436
radio 8 50950
radio 8 51218
radio 8 51732
radio 8 51749
radio 8 52263
radio 8 52379
radio 8 52893
radio 8 52910
radio 8 53424
radio 8 53517
radio 8 54031
radio 8 54221
radio 8 54735
radio 8 54752
radio 8 55266
radio 8 55434
radio 8 55948
radio 8 55981
radio 8 56495
radio 8 56512
radio 8 57026
radio 8 57043
radio 8 57557
radio 8 57574
radio 8 58088
radio 8 58105
radio 8 58619
radio 8 58636
radio 8 59150
radio 8 59181
radio 8 59695
radio 8 59712
radio 8 60226
radio 8 60243
radio 8 60757
radio 8 60833
radio 8 61347
radio 8 61375
radio 8 61889
radio 8 61906
radio 8 62420
radio 8 62454
radio 8 62968
radio 8 63021
radio 8 63535
radio 8 63552
radio 8 64066
radio 8 64094
radio 8 64608
radio 8 64625
radio 8 65139
radio 8 65156
radio 9 134
radio 9 151
radio 9 664
radio 9 700
radio 9 1213
radio 9 1230
radio 9 1743
radio 9 1760
radio 9 2273
radio 9 2290
radio 9 2803
radio 9 2820
radio 9 3333
radio 9 3350
radio 9 3863
delay 1 24 9 3907 9 3849 7 12 5 0 109 1 0
radio 9 3914
radio 9 4428
radio 9 4479
radio 9 4992
radio 9 5009
radio 9 5522
radio 9 5558
radio 9 6072
radio 9 6089
radio 9 6602
radio 9 6619
radio 9 7132
radio 9 7161
radio 9 7675
radio 9 7705
radio 9 8219
radio 9 8236
energy 9 8369 7 22809
radio 9 8749
radio 9 8766
radio 9 9279
radio 9 9332
radio 9 9846
radio 9 9863
radio 9 10376
radio 9 10393
radio 9 10907
radio 9 10938
radio 9 11452
radio 9 11485
radio 9 11999
radio 9 12016
radio 9 12530
radio 9 12583
radio 9 13097
radio 9 13114
radio 9 13628
radio 9 13645
radio 9 14159
radio 9 14176
radio 9 14690
radio 9 14707
radio 9 15221
radio 9 15238
radio 9 15752
radio 9 15769
radio 9 16283
radio 9 16300
radio 9 16814
radio 9 16831
radio 9 17345
radio 9 17420
radio 9 17934
radio 9 17970
radio 9 18484
radio 9 18501
radio 9 19015
radio 9 19086
radio 9 19600
radio 9 19617
radio 9 20131
radio 9 20160
radio 9 20674
radio 9 20691
radio 9 21205
radio 9 21235
radio 9 21749
radio 9 21766
radio 9 22280
radio 9 22336
radio 9 22850
radio 9 22867
radio 9 23381
radio 9 23414
radio 9 23928
delay 2 19 9 23953 9 24124 13 12 65535 0 93 0 0
radio 9 23961
radio 9 24476
radio 9 24491
radio 9 25005
radio 9 25024
radio 9 25538
radio 9 25586
radio 9 26099
radio 9 26116
radio 9 26630
radio 9 26665
radio 9 27179
radio 9 27208
radio 9 27722
radio 9 27739
radio 9 28253
radio 9 28281
radio 9 28795
radio 9 28812
radio 9 29326
radio 9 29343
radio 9 29857
radio 9 29908
radio 9 30422
radio 9 30439
radio 9 30953
radio 9 30970
radio 9 31484
radio 9 31515
radio 9 32029
radio 9 32046
radio 9 32560
radio 9 32615
radio 9 33129
radio 9 33146
radio 9 33660
radio 9 33677
radio 9 34191
radio 9 34208
radio 9 34722
radio 9 34739
radio 9 35253
radio 9 35284
radio 9 35798
radio 9 35815
radio 9 36329
radio 9 36425
radio 9 36939
radio 9 36968
radio 9 37482
radio 9 37499
radio 9 38013
radio 9 38030
radio 9 38544
radio 9 38561
radio 9 39075
radio 9 39092
radio 9 39606
radio 9 39637
radio 9 40151
radio 9 40168
radio 9 40682
radio 9 40699
radio 9 41213
radio 9 41230
radio 9 41744
radio 9 41778
radio 9 42292
radio 9 42326
radio 9 42840
radio 9 42888
radio 9 43402
radio 9 43431
radio 9 43945
radio 9 44058
radio 9 44572
delay 3 19 9 44754 9 44925 13 12 65535 0 166 0 0
radio 9 44762
radio 9 45276
radio 9 45294
radio 9 45807
radio 9 45866
radio 9 46380
radio 9 46455
radio 9 46969
radio 9 47097
radio 9 47611
radio 9 47628
radio 9 48142
radio 9 48255
radio 9 48769
radio 9 48786
radio 9 49300
radio 9 49349
radio 9 49863
radio 9 50032
radio 9 50546
radio 9 50563
radio 9 51077
radio 9 51106
radio 9 51620
radio 9 51637
radio 9 52151
radio 9 52168
radio 9 52682
radio 9 52774
radio 9 53288
radio 9 53322
radio 9 53836
radio 9 53853
radio 9 54367
radio 9 54441
radio 9 54955
radio 9 54972
radio 9 55486
radio 9 55503
radio 9 56017
radio 9 56034
radio 9 56548
radio 9 56565
radio 9 57079
radio 9 57109
radio 9 57623
radio 9 57672
radio 9 58186
radio 9 58218
radio 9 58732
radio 9 58749
radio 9 59263
radio 9 59280
radio 9 59794
radio 9 59811
radio 9 60325
radio 9 60342
radio 9 60856
radio 9 60873
radio 9 61387
radio 9 61417
radio 9 61931
radio 9 62003
radio 9 62517
radio 9 62534
radio 9 63048
radio 9 63078
radio 9 63592
radio 9 63685
radio 9 64199
radio 9 64216
radio 9 64730
radio 9 64747
radio 9 65261
delay 4 8 9 65281 10 395 9 12 3 0 181 1 0
radio 9 65289
radio 10 267
radio 10 339
radio 10 853
radio 10 900
radio 10 1413
radio 10 1523
radio 10 2037
radio 10 2054
radio 10 2568
radio 10 2622
radio 10 3136
radio 10 3168
radio 10 3682
radio 10 3699
radio 10 4213
radio 10 4230
energy 10 4273 7 26088
radio 10 4744
radio 10 4761
radio 10 5275
radio 10 5311
radio 10 5825
radio 10 5842
radio 10 6356
radio 10 6373
radio 10 6887
radio 10 6943
radio 10 7457
radio 10 7474
radio 10 7988
radio 10 8005
radio 10 8519
radio 10 8536
radio 10 9050
radio 10 9159
radio 10 9673
radio 10 9707
radio 10 10221
radio 10 10238
radio 10 10752
radio 10 10801
radio 10 11315
radio 10 11332
radio 10 11846
radio 10 11863
radio 10 12377
radio 10 12394
radio 10 12908
radio 10 12925
radio 10 13439
radio 10 13456
radio 10 13970
radio 10 14003
radio 10 14517
radio 10 14534
radio 10 15048
radio 10 15100
radio 10 15614
radio 10 15650
radio 10 16164
radio 10 16194
radio 10 16708
radio 10 16725
radio 10 17239
radio 10 17256
radio 10 17770
radio 10 17846
radio 10 18360
radio 10 18377
radio 10 18891
radio 10 18908
radio 10 19422
radio 10 19439
radio 10 19953
radio 10 19970
radio 10 20484
delay 5 24 10 20500 10 20442 7 12 5 0 353 0 0
radio 10 20508
radio 10 21023
radio 10 21067
radio 10 21580
radio 10 21630
radio 10 22143
radio 10 22175
radio 10 22689
radio 10 22706
radio 10 23220
radio 10 23237
radio 10 23751
radio 10 23768
radio 10 24282
radio 10 24299
radio 10 24813
radio 10 24868
radio 10 25382
radio 10 25417
radio 10 25931
radio 10 25948
radio 10 26462
radio 10 26494
radio 10 27008
radio 10 27077
radio 10 27591
radio 10 27608
radio 10 28122
radio 10 28139
radio 10 28653
radio 10 28670
radio 10 29184
radio 10 29201
radio 10 29715
radio 10 29732
radio 10 30246
radio 10 30263
radio 10 30777
radio 10 30794
radio 10 31308
radio 10 31325
radio 10 31839
radio 10 31856
radio 10 32370
radio 10 32387
radio 10 32901
radio 10 32936
radio 10 33450
radio 10 33467
radio 10 33981
radio 10 34012
radio 10 34526
radio 10 34560
radio 10 35074
radio 10 35167
radio 10 35681
radio 10 35716
radio 10 36230
radio 10 36300
radio 10 36814
radio 10 36831
radio 10 37345
radio 10 37362
radio 10 37876
radio 10 37893
radio 10 38407
radio 10 38424
radio 10 38938
radio 10 38955
radio 10 39469
radio 10 39486
radio 10 40000
radio 10 40092
radio 10 40606
radio 10 40637
radio 10 41151
delay 6 19 10 41200 10 41373 13 12 65535 0 98 1 0
radio 10 41208
radio 10 41723
radio 10 41798
radio 10 42311
radio 10 42344
radio 10 42858
radio 10 42875
radio 10 43389
radio 10 43419
radio 10 43933
radio 10 43950
radio 10 44464
radio 10 44512
radio 10 45026
radio 10 45055
radio 10 45569
radio 10 45586
radio 10 46100
radio 10 46117
radio 10 46631
radio 10 46681
radio 10 47195
radio 10 47212
radio 10 47726
radio 10 47762
radio 10 48276
radio 10 48308
radio 10 48822
radio 10 48878
radio 10 49392
radio 10 49409
radio 10 49923
radio 10 49952
radio 10 50466
radio 10 50502
radio 10 51016
radio 10 51086
radio 10 51600
radio 10 51617
radio 10 52131
radio 10 52163
radio 10 52677
radio 10 52694
radio 10 53208
radio 10 53225
radio 10 53739
radio 10 53756
radio 10 54270
radio 10 54318
radio 10 54832
radio 10 54864
radio 10 55378
radio 10 55406
radio 10 55920
radio 10 55954
radio 10 56468
radio 10 56504
radio 10 57018
radio 10 57035
radio 10 57549
radio 10 57580
radio 10 58094
radio 10 58126
radio 10 58640
radio 10 58670
radio 10 59184
radio 10 59235
radio 10 59749
radio 10 59766
radio 10 60280
radio 10 60297
radio 10 60811
delay 7 8 10 60843 10 61486 9 12 3 0 65535 0 0
radio 10 60851
radio 10 61365
radio 10 61438
radio 10 61951
radio 10 62056
radio 10 62570
radio 10 62587
radio 10 63101
radio 10 63136
radio 10 63650
radio 10 63683
radio 10 64197
radio 10 64214
radio 10 64728
radio 10 64745
radio 10 65259
radio 10 65276
energy 11 177 7 28890
radio 11 254
radio 11 271
radio 11 784
radio 11 858
radio 11 1372
radio 11 1401
radio 11 1915
radio 11 1950
radio 11 2464
radio 11 2518
radio 11 3032
radio 11 3049
radio 11 3563
radio 11 3580
radio 11 4094
radio 11 4111
radio 11 4625
radio 11 4642
radio 11 5156
radio 11 5173
radio 11 5687
radio 11 5704
radio 11 6218
radio 11 6248
radio 11 6762
radio 11 6837
radio 11 7351
radio 11 7368
radio 11 7882
radio 11 7899
radio 11 8413
radio 11 8446
radio 11 8960
radio 11 8977
radio 11 9491
radio 11 9562
radio 11 10076
radio 11 10111
radio 11 10625
radio 11 10642
radio 11 11156
radio 11 11188
radio 11 11702
radio 11 11719
radio 11 12233
radio 11 12250
radio 11 12764
radio 11 12797
radio 11 13311
radio 11 13340
radio 11 13854
radio 11 13871
radio 11 14385
radio 11 14402
radio 11 14916
radio 11 14933
radio 11 15447
radio 11 15464
radio 11 15978
delay 8 8 11 16001 11 16651 9 12 3 0 67 1 0
radio 11 16008
radio 11 16523
radio 11 16549
radio 11 17062
radio 11 17083
radio 11 17597
radio 11 17618
radio 11 18132
radio 11 18149
radio 11 18663
radio 11 18694
radio 11 19208
radio 11 19237
radio 11 19751
radio 11 19768
radio 11 20282
radio 11 20313
radio 11 20827
radio 11 20881
radio 11 21395
radio 11 21426
radio 11 21940
radio 11 21957
radio 11 22471
radio 11 22503
radio 11 23017
radio 11 23110
radio 11 23624
radio 11 23715
radio 11 24229
radio 11 24246
radio 11 24760
radio 11 24777
radio 11 25291
radio 11 25308
radio 11 25822
radio 11 25839
radio 11 26353
radio 11 26387
radio 11 26901
radio 11 26950
radio 11 27464
radio 11 27496
radio 11 28010
radio 11 28041
radio 11 28555
radio 11 28572
radio 11 29086
radio 11 29103
radio 11 29617
radio 11 29647
radio 11 30161
radio 11 30178
radio 11 30692
radio 11 30709
radio 11 31223
radio 11 31254
radio 11 31768
radio 11 31785
radio 11 32299
radio 11 32331
radio 11 32845
radio 11 32895
radio 11 33409
radio 11 33426
radio 11 33940
radio 11 33992
radio 11 34506
radio 11 34523
radio 11 35037
radio 11 35054
radio 11 35568
radio 11 35585
radio 11 36099
radio 11 36116
radio 11 36630
delay 9 8 11 36749 11 37399 9 12 3 0 177 0 0
radio 11 36757
radio 11 37271
radio 11 37287
radio 11 37801
radio 11 37818
radio 11 38332
radio 11 38380
radio 11 38894
radio 11 38911
radio 11 39425
radio 11 39442
radio 11 39956
radio 11 40071
radio 11 40585
radio 11 40778
radio 11 41292
radio 11 41309
radio 11 41823
radio 11 41840
radio 11 42354
radio 11 42371
radio 11 42885
radio 11 42902
radio 11 43416
radio 11 43433
radio 11 43947
radio 11 43979
radio 11 44493
radio 11 44510
radio 11 45024
radio 11 45053
radio 11 45567
radio 11 45616
radio 11 46130
radio 11 46147
radio 11 46661
radio 11 46678
radio 11 47192
radio 11 47225
radio 11 47739
radio 11 47787
radio 11 48301
radio 11 48318
radio 11 48832
radio 11 48881
radio 11 49395
radio 11 49412
radio 11 49926
radio 11 49943
radio 11 50457
radio 11 50488
radio 11 51002
radio 11 51019
radio 11 51533
radio 11 51606
radio 11 52120
radio 11 52137
radio 11 52651
radio 11 52668
radio 11 53182
radio 11 53218
radio 11 53732
radio 11 53805
radio 11 54319
radio 11 54336
radio 11 54850
radio 11 54867
radio 11 55381
radio 11 55416
radio 11 55930
radio 11 55947
radio 11 56461
radio 11 56478
radio 11 56992
delay 10 24 11 57013 11 56954 7 12 5 0 374 0 0
radio 11 57021
radio 11 57535
radio 11 57583
radio 11 58097
radio 11 58114
radio 11 58628
radio 11 58659
radio 11 59173
radio 11 59202
radio 11 59716
radio 11 59733
radio 11 60247
radio 11 60280
radio 11 60794
radio 11 60824
radio 11 61338
radio 11 61355
energy 11 61617 7 31743
radio 11 61869
radio 11 61899
radio 11 62413
radio 11 62430
radio 11 62944
radio 11 62961
radio 11 63475
radio 11 63492
radio 11 64006
radio 11 64038
radio 11 64552
radio 11 64569
radio 11 65083
radio 11 65100
radio 12 78
radio 12 95
radio 12 608
radio 12 625
radio 12 1138
radio 12 1155
radio 12 1669
radio 12 1686
radio 12 2200
radio 12 2231
radio 12 2745
radio 12 2779
radio 12 3293
radio 12 3310
radio 12 3823
radio 12 3840
radio 12 4354
radio 12 4371
radio 12 4884
radio 12 4933
radio 12 5447
radio 12 5464
radio 12 5978
radio 12 5995
radio 12 6509
radio 12 6526
radio 12 7040
radio 12 7068
radio 12 7582
radio 12 7599
radio 12 8113
radio 12 8142
radio 12 8656
radio 12 8725
radio 12 9239
radio 12 9269
radio 12 9783
radio 12 9800
radio 12 10314
radio 12 10350
radio 12 10864
radio 12 10893
radio 12 11407
radio 12 11424
radio 12 11938
delay 11 24 12 11954 12 11895 7 12 5 0 117 0 0
radio 12 11962
radio 12 12476
radio 12 12493
radio 12 13007
radio 12 13048
radio 12 13562
radio 12 13579
radio 12 14093
radio 12 14126
radio 12 14640
radio 12 14657
radio 12 15171
radio 12 15226
radio 12 15740
radio 12 15757
radio 12 16271
radio 12 16307
radio 12 16821
radio 12 16852
radio 12 17366
radio 12 17383
radio 12 17897
radio 12 17950
radio 12 18464
radio 12 18512
radio 12 19026
radio 12 19098
radio 12 19612
radio 12 19629
radio 12 20143
radio 12 20171
radio 12 20685
radio 12 20702
radio 12 21216
radio 12 21233
radio 12 21747
radio 12 21764
radio 12 22278
radio 12 22295
radio 12 22809
radio 12 22881
radio 12 23395
radio 12 23412
radio 12 23926
radio 12 23943
radio 12 24457
radio 12 24474
radio 12 24988
radio 12 25005
radio 12 25519
radio 12 25536
radio 12 26050
radio 12 26103
radio 12 26617
radio 12 26634
radio 12 27148
radio 12 27165
radio 12 27679
radio 12 27696
radio 12 28210
radio 12 28227
radio 12 28741
radio 12 28758
radio 12 29272
radio 12 29289
radio 12 29803
radio 12 29820
radio 12 30334
radio 12 30351
radio 12 30865
radio 12 30882
radio 12 31396
radio 12 31413
radio 12 31927
radio 12 31996
radio 12 32510
delay 12 8 12 32527 12 33177 9 12 3 0 319 0 0
radio 12 32534
radio 12 33049
radio 12 33091
radio 12 33604
radio 12 33621
radio 12 34135
radio 12 34206
radio 12 34720
radio 12 34749
radio 12 35263
radio 12 35356
radio 12 35870
radio 12 35924
radio 12 36438
radio 12 36526
radio 12 37040
radio 12 37057
radio 12 37571
radio 12 37588
radio 12 38102
radio 12 38172
radio 12 38686
radio 12 38716
radio 12 39230
radio 12 39247
radio 12 39761
radio 12 39778
radio 12 40292
radio 12 40323
radio 12 40837
radio 12 40865
radio 12 41379
radio 12 41396
radio 12 41910
radio 12 41927
radio 12 42441
radio 12 42458
radio 12 42972
radio 12 42989
radio 12 43503
radio 12 43532
radio 12 44046
radio 12 44079
radio 12 44593
radio 12 44610
radio 12 45124
radio 12 45156
radio 12 45670
radio 12 45722
radio 12 46236
radio 12 46253
radio 12 46767
radio 12 46784
radio 12 47298
radio 12 47315
radio 12 47829
radio 12 47846
radio 12 48360
radio 12 48389
radio 12 48903
radio 12 48920
radio 12 49434
radio 12 49487
radio 12 50001
radio 12 50057
radio 12 50571
radio 12 50588
radio 12 51102
radio 12 51119
radio 12 51633
radio 12 51650
radio 12 52164
radio 12 52181
radio 12 52695
radio 12 52712
radio 12 53226
delay 13 19 12 53300 12 53476 13 12 65535 0 109 1 0
radio 12 53308
radio 12 53823
radio 12 53839
radio 12 54353
radio 12 54370
radio 12 54884
radio 12 54901
radio 12 55415
radio 12 55526
radio 12 56040
radio 12 56057
radio 12 56571
radio 12 56646
radio 12 57160
radio 12 57177
energy 12 57521 7 34337
radio 12 57691
radio 12 57722
radio 12 58236
radio 12 58253
radio 12 58767
radio 12 58816
radio 12 59330
radio 12 59347
radio 12 59861
radio 12 59889
radio 12 60403
radio 12 60420
radio 12 60934
radio 12 60969
radio 12 61483
radio 12 61500
radio 12 62014
radio 12 62044
radio 12 62558
radio 12 62607
radio 12 63121
radio 12 63157
radio 12 63671
radio 12 63706
radio 12 64220
radio 12 64271
radio 12 64785
radio 12 64818
radio 12 65332
radio 12 65349
radio 13 327
radio 13 357
radio 13 871
radio 13 907
radio 13 1421
radio 13 1490
radio 13 2004
radio 13 2159
radio 13 2673
radio 13 2690
radio 13 3204
radio 13 3293
radio 13 3807
radio 13 3824
radio 13 4338
radio 13 4369
radio 13 4883
radio 13 4918
radio 13 5432
radio 13 5449
radio 13 5963
radio 13 5998
radio 13 6512
radio 13 6529
radio 13 7043
radio 13 7060
radio 13 7574
radio 13 7591
radio 13 8105
delay 14 46 13 8263 13 7908 12 12 65535 0 251 0 0
radio 13 8271
radio 13 8785
radio 13 8802
radio 13 9315
radio 13 9339
radio 13 9852
radio 13 9902
radio 13 10416
radio 13 10445
radio 13 10959
radio 13 11053
radio 13 11567
radio 13 11584
radio 13 12098
radio 13 12115
radio 13 12629
radio 13 12658
radio 13 13172
radio 13 13241
radio 13 13755
radio 13 13785
radio 13 14299
radio 13 14333
radio 13 14847
radio 13 14880
radio 13 15394
radio 13 15423
radio 13 15937
radio 13 15954
radio 13 16468
radio 13 16497
radio 13 17011
radio 13 17028
radio 13 17542
radio 13 17574
radio 13 18088
radio 13 18158
radio 13 18672
radio 13 18689
radio 13 19203
radio 13 19220
radio 13 19734
radio 13 19751
radio 13 20265
radio 13 20282
radio 13 20796
radio 13 20826
radio 13 21340
radio 13 21414
radio 13 21928
radio 13 21945
radio 13 22459
radio 13 22495
radio 13 23009
radio 13 23026
radio 13 23540
radio 13 23616
radio 13 24130
radio 13 24161
radio 13 24675
radio 13 24692
radio 13 25206
radio 13 25237
radio 13 25751
radio 13 25768
radio 13 26282
radio 13 26310
radio 13 26824
radio 13 26841
radio 13 27355
radio 13 27386
radio 13 27900
radio 13 27929
radio 13 28443
radio 13 28460
radio 13 28974
delay 15 24 13 28994 13 28935 7 12 5 0 272 0 0
radio 13 29002
radio 13 29517
radio 13 29586
radio 13 30099
radio 13 30121
radio 13 30634
radio 13 30651
radio 13 31165
radio 13 31194
radio 13 31708
radio 13 31737
radio 13 32251
radio 13 32366
radio 13 32880
radio 13 32968
radio 13 33482
radio 13 33573
radio 13 34087
radio 13 34121
radio 13 34635
radio 13 34652
radio 13 35166
radio 13 35203
radio 13 35717
radio 13 35734
radio 13 36248
radio 13 36265
radio 13 36779
radio 13 36810
radio 13 37324
radio 13 37356
radio 13 37870
radio 13 37903
radio 13 38417
radio 13 38449
radio 13 38963
radio 13 39013
radio 13 39527
radio 13 39557
radio 13 40071
radio 13 40100
radio 13 40614
radio 13 40631
radio 13 41145
radio 13 41173
radio 13 41687
radio 13 41756
radio 13 42270
radio 13 42300
radio 13 42814
radio 13 42847
radio 13 43361
radio 13 43434
radio 13 43948
radio 13 43984
radio 13 44498
radio 13 44515
radio 13 45029
radio 13 45061
radio 13 45575
radio 13 45606
radio 13 46120
radio 13 46137
radio 13 46651
radio 13 46668
radio 13 47182
radio 13 47199
radio 13 47713
radio 13 47730
radio 13 48244
radio 13 48261
radio 13 48775
radio 13 48792
radio 13 49306
delay 16 24 13 49322 13 49262 7 12 5 0 197 0 0
radio 13 49330
radio 13 49844
radio 13 49890
radio 13 50403
radio 13 50551
radio 13 51064
radio 13 51081
radio 13 51595
radio 13 51631
radio 13 52145
radio 13 52162
radio 13 52676
radio 13 52693
radio 13 53207
radio 13 53224
energy 13 53425 7 37678
radio 13 53738
radio 13 53809
radio 13 54323
radio 13 54340
radio 13 54854
radio 13 54871
radio 13 55385
radio 13 55420
radio 13 55934
radio 13 55951
radio 13 56465
radio 13 56541
radio 13 57055
radio 13 57072
radio 13 57586
radio 13 57603
radio 13 58117
radio 13 58147
radio 13 58661
radio 13 58692
radio 13 59206
radio 13 59235
radio 13 59749
radio 13 59778
radio 13 60292
radio 13 60309
radio 13 60823
radio 13 60859
radio 13 61373
radio 13 61390
radio 13 61904
radio 13 61933
radio 13 62447
radio 13 62517
radio 13 63031
radio 13 63083
radio 13 63597
radio 13 63669
radio 13 64183
radio 13 64200
radio 13 64714
radio 13 64731
radio 13 65245
radio 13 65262
radio 14 240
radio 14 257
radio 14 770
radio 14 787
radio 14 1300
radio 14 1317
radio 14 1831
radio 14 1848
radio 14 2362
radio 14 2435
radio 14 2949
radio 14 2966
radio 14 3480
radio 14 3497
radio 14 4011
delay 17 46 14 4026 14 3672 12 12 65535 0 318 0 0
radio 14 4035
radio 14 4549
radio 14 4593
radio 14 5106
radio 14 5123
radio 14 5637
radio 14 5687
radio 14 6201
radio 14 6232
radio 14 6746
radio 14 6779
radio 14 7293
radio 14 7362
radio 14 7876
radio 14 7904
radio 14 8418
radio 14 8435
radio 14 8948
radio 14 8965
radio 14 9479
radio 14 9509
radio 14 10023
radio 14 10040
radio 14 10554
radio 14 10602
radio 14 11116
radio 14 11151
radio 14 11665
radio 14 11693
radio 14 12207
radio 14 12224
radio 14 12738
radio 14 12755
radio 14 13269
radio 14 13340
radio 14 13854
radio 14 13883
radio 14 14397
radio 14 14414
radio 14 14928
radio 14 15043
radio 14 15557
radio 14 15574
radio 14 16088
radio 14 16105
radio 14 16619
radio 14 16696
radio 14 17210
radio 14 17227
radio 14 17741
radio 14 17758
radio 14 18272
radio 14 18303
radio 14 18817
radio 14 18847
radio 14 19361
radio 14 19378
radio 14 19892
radio 14 19945
radio 14 20459
radio 14 20488
radio 14 21002
radio 14 21019
radio 14 21533
radio 14 21550
radio 14 22064
radio 14 22097
radio 14 22611
radio 14 22641
radio 14 23155
radio 14 23191
radio 14 23705
radio 14 23722
radio 14 24236
radio 14 24253
radio 14 24767
delay 18 24 14 24893 14 24833 7 12 5 0 822 0 0
radio 14 24901
radio 14 25415
radio 14 25432
radio 14 25946
radio 14 25998
radio 14 26512
radio 14 26541
radio 14 27055
radio 14 27087
radio 14 27601
radio 14 27633
radio 14 28147
radio 14 28164
radio 14 28678
radio 14 28848
radio 14 29362
radio 14 29632
radio 14 30146
radio 14 30222
radio 14 30736
radio 14 30771
radio 14 31285
radio 14 31302
radio 14 31816
radio 14 31833
radio 14 32347
radio 14 32396
radio 14 32910
radio 14 32927
radio 14 33441
radio 14 33458
radio 14 33972
radio 14 33989
radio 14 34503
radio 14 34520
radio 14 35034
radio 14 35051
radio 14 35565
radio 14 35595
radio 14 36109
radio 14 36126
radio 14 36640
radio 14 36657
radio 14 37171
radio 14 37220
radio 14 37734
radio 14 37751
radio 14 38265
radio 14 38282
radio 14 38796
radio 14 38813
radio 14 39327
radio 14 39359
radio 14 39873
radio 14 39890
radio 14 40404
radio 14 40421
radio 14 40935
radio 14 40964
radio 14 41478
radio 14 41547
radio 14 42061
radio 14 42078
radio 14 42592
radio 14 42609
radio 14 43123
radio 14 43152
radio 14 43666
radio 14 43683
radio 14 44197
radio 14 44246
radio 14 44760
delay 19 24 14 44806 14 44746 7 12 5 0 384 0 0
radio 14 44814
radio 14 45328
radio 14 45344
radio 14 45858
radio 14 45875
radio 14 46389
radio 14 46406
radio 14 46920
radio 14 46996
radio 14 47510
radio 14 47527
radio 14 48041
radio 14 48058
radio 14 48572
radio 14 48589
radio 14 49103
radio 14 49133
energy 14 49329 7 40879
radio 14 49647
radio 14 49664
radio 14 50178
radio 14 50250
radio 14 50764
radio 14 50799
radio 14 51313
radio 14 51330
radio 14 51844
radio 14 51861
radio 14 52375
radio 14 52444
radio 14 52958
radio 14 53012
radio 14 53526
radio 14 53543
radio 14 54057
radio 14 54074
radio 14 54588
radio 14 54638
radio 14 55152
radio 14 55188
radio 14 55702
radio 14 55719
radio 14 56233
radio 14 56250
radio 14 56764
radio 14 56796
radio 14 57310
radio 14 57381
radio 14 57895
radio 14 57912
radio 14 58426
radio 14 58456
radio 14 58970
radio 14 59002
radio 14 59516
radio 14 59589
radio 14 60103
radio 14 60133
radio 14 60647
radio 14 60664
radio 14 61178
radio 14 61231
radio 14 61745
radio 14 61762
radio 14 62276
radio 14 62293
radio 14 62807
radio 14 62824
radio 14 63338
radio 14 63370
radio 14 63884
radio 14 63901
radio 14 64415
radio 14 64445
radio 14 64959
delay 20 24 14 65008 14 64948 7 12 5 0 134 1 0
radio 14 65018
radio 14 65531
radio 15 49
radio 15 563
radio 15 620
radio 15 1133
radio 15 1150
radio 15 1664
radio 15 1696
radio 15 2210
radio 15 2241
radio 15 2755
radio 15 2772
radio 15 3286
radio 15 3322
radio 15 3836
radio 15 3924
radio 15 4438
radio 15 4467
radio 15 4981
radio 15 4998
radio 15 5512
radio 15 5581
radio 15 6095
radio 15 6112
radio 15 6626
radio 15 6643
radio 15 7157
radio 15 7186
radio 15 7700
radio 15 7717
radio 15 8231
radio 15 8303
radio 15 8817
radio 15 8853
radio 15 9367
radio 15 9399
radio 15 9913
radio 15 9985
radio 15 10499
radio 15 10529
radio 15 11043
radio 15 11060
radio 15 11574
radio 15 11591
radio 15 12105
radio 15 12122
radio 15 12636
radio 15 12653
radio 15 13167
radio 15 13184
radio 15 13698
radio 15 13715
radio 15 14229
radio 15 14246
radio 15 14760
radio 15 14777
radio 15 15291
radio 15 15308
radio 15 15822
radio 15 15839
radio 15 16353
radio 15 16370
radio 15 16884
radio 15 16901
radio 15 17415
radio 15 17444
radio 15 17958
radio 15 17975
radio 15 18489
radio 15 18506
radio 15 19020
radio 15 19037
radio 15 19551
radio 15 19568
radio 15 20082
delay 21 24 15 20109 15 20042 7 12 5 0 65535 0 0
radio 15 20117
radio 15 20631
radio 15 20772
radio 15 21286
radio 15 21384
radio 15 21898
radio 15 21915
radio 15 22429
radio 15 22459
radio 15 22973
radio 15 23044
radio 15 23558
radio 15 23651
radio 15 24165
radio 15 24182
radio 15 24696
radio 15 24770
radio 15 25284
radio 15 25335
radio 15 25849
radio 15 25920
radio 15 26434
radio 15 26451
radio 15 26965
radio 15 26996
radio 15 27510
radio 15 27539
radio 15 28053
radio 15 28146
radio 15 28660
radio 15 28677
radio 15 29191
radio 15 29208
radio 15 29722
radio 15 29739
radio 15 30253
radio 15 30324
radio 15 30838
radio 15 30867
radio 15 31381
radio 15 31398
radio 15 31912
radio 15 31941
radio 15 32455
radio 15 32530
radio 15 33044
radio 15 33075
radio 15 33589
radio 15 33620
radio 15 34134
radio 15 34151
radio 15 34665
radio 15 34682
radio 15 35196
radio 15 35251
radio 15 35765
radio 15 35800
radio 15 36314
radio 15 36348
radio 15 36862
radio 15 36879
radio 15 37393
radio 15 37410
radio 15 37924
radio 15 37953
radio 15 38467
radio 15 38484
radio 15 38998
radio 15 39015
radio 15 39529
radio 15 39546
radio 15 40060
radio 15 40077
radio 15 40591
delay 22 8 15 40772 15 41423 9 12 3 0 138 1 0
radio 15 40780
radio 15 41295
radio 15 41337
radio 15 41851
radio 15 41880
radio 15 42394
radio 15 42411
radio 15 42925
radio 15 42954
radio 15 43468
radio 15 43540
radio 15 44054
radio 15 44071
radio 15 44585
radio 15 44621
radio 15 45135
radio 15 45152
energy 15 45233 7 44191
radio 15 45666
radio 15 45761
radio 15 46275
radio 15 46292
radio 15 46806
radio 15 46823
radio 15 47337
radio 15 47365
radio 15 47879
radio 15 47930
radio 15 48444
radio 15 48461
radio 15 48975
radio 15 48992
radio 15 49506
radio 15 49523
radio 15 50037
radio 15 50054
radio 15 50568
radio 15 50585
radio 15 51099
radio 15 51129
radio 15 51643
radio 15 51692
radio 15 52206
radio 15 52223
radio 15 52737
radio 15 52754
radio 15 53268
radio 15 53302
radio 15 53816
radio 15 53833
radio 15 54347
radio 15 54364
radio 15 54878
radio 15 54969
radio 15 55483
radio 15 55516
radio 15 56030
radio 15 56060
radio 15 56574
radio 15 56648
radio 15 57162
radio 15 57195
radio 15 57709
radio 15 57745
radio 15 58259
radio 15 58314
radio 15 58828
radio 15 58845
radio 15 59359
radio 15 59376
radio 15 59890
radio 15 59907
radio 15 60421
radio 15 60438
radio 15 60952
delay 23 8 15 60972 15 61617 9 12 3 0 65535 0 0
radio 15 60980
radio 15 61495
radio 15 61589
radio 15 62102
radio 15 62119
radio 15 62633
radio 15 62650
radio 15 63164
radio 15 63181
radio 15 63695
radio 15 63726
radio 15 64240
radio 15 64273
radio 15 64787
radio 15 64804
radio 15 65318
radio 15 65349
radio 16 327
radio 16 344
radio 16 857
radio 16 874
radio 16 1387
radio 16 1415
radio 16 1929
radio 16 1963
radio 16 2477
radio 16 2510
radio 16 3024
radio 16 3041
radio 16 3555
radio 16 3589
radio 16 4103
radio 16 4120
radio 16 4634
radio 16 4651
radio 16 5165
radio 16 5198
radio 16 5712
radio 16 5729
radio 16 6243
radio 16 6312
radio 16 6826
radio 16 6843
radio 16 7357
radio 16 7374
radio 16 7888
radio 16 7920
radio 16 8434
radio 16 8451
radio 16 8965
radio 16 9040
radio 16 9554
radio 16 9583
radio 16 10097
radio 16 10128
radio 16 10642
radio 16 10694
radio 16 11208
radio 16 11225
radio 16 11739
radio 16 11756
radio 16 12270
radio 16 12287
radio 16 12801
radio 16 12831
radio 16 13345
radio 16 13362
radio 16 13876
radio 16 13893
radio 16 14407
radio 16 14424
radio 16 14938
radio 16 14991
radio 16 15505
radio 16 15538
radio 16 16052
delay 24 24 16 16168 16 16108 7 12 5 0 477 0 0
radio 16 16176
radio 16 16691
radio 16 16716
radio 16 17230
radio 16 17261
radio 16 17775
radio 16 17851
radio 16 18365
radio 16 18382
radio 16 18896
radio 16 18913
radio 16 19427
radio 16 19444
radio 16 19958
radio 16 19975
radio 16 20489
radio 16 20677
radio 16 21191
radio 16 21240
radio 16 21754
radio 16 21829
radio 16 22343
radio 16 22360
radio 16 22874
radio 16 22891
radio 16 23405
radio 16 23422
radio 16 23936
radio 16 23953
radio 16 24467
radio 16 24498
radio 16 25012
radio 16 25029
radio 16 25543
radio 16 25613
radio 16 26127
radio 16 26158
radio 16 26672
radio 16 26689
radio 16 27203
radio 16 27220
radio 16 27734
radio 16 27751
radio 16 28265
radio 16 28334
radio 16 28848
radio 16 28883
radio 16 29397
radio 16 29414
radio 16 29928
radio 16 29945
radio 16 30459
radio 16 30509
radio 16 31023
radio 16 31040
radio 16 31554
radio 16 31571
radio 16 32085
radio 16 32102
radio 16 32616
radio 16 32633
radio 16 33147
radio 16 33164
radio 16 33678
radio 16 33695
radio 16 34209
radio 16 34243
radio 16 34757
radio 16 34774
radio 16 35288
radio 16 35362
radio 16 35876
radio 16 35893
radio 16 36407
radio 16 36443
radio 16 36957
delay 25 24 16 37082 16 37021 7 12 5 0 507 0 0
radio 16 37090
radio 16 37604
radio 16 37683
radio 16 38197
radio 16 38214
radio 16 38728
radio 16 38745
radio 16 39259
radio 16 39276
radio 16 39790
radio 16 39820
radio 16 40334
radio 16 40351
radio 16 40865
radio 16 40914
energy 16 41137 7 47245
radio 16 41428
radio 16 41445
radio 16 41959
radio 16 41976
radio 16 42490
radio 16 42519
radio 16 43033
radio 16 43068
radio 16 43582
radio 16 43599
radio 16 44113
radio 16 44130
radio 16 44644
radio 16 44661
radio 16 45175
radio 16 45230
radio 16 45744
radio 16 45778
radio 16 46292
radio 16 46309
radio 16 46823
radio 16 46840
radio 16 47354
radio 16 47422
radio 16 47936
radio 16 47953
radio 16 48467
radio 16 48484
radio 16 48998
radio 16 49015
radio 16 49529
radio 16 49546
radio 16 50060
radio 16 50093
radio 16 50607
radio 16 50659
radio 16 51173
radio 16 51190
radio 16 51704
radio 16 51721
radio 16 52235
radio 16 52252
radio 16 52766
radio 16 52783
radio 16 53297
radio 16 53332
radio 16 53846
radio 16 53922
radio 16 54436
radio 16 54453
radio 16 54967
radio 16 54984
radio 16 55498
radio 16 55531
radio 16 56045
radio 16 56062
radio 16 56576
radio 16 56648
radio 16 57162
delay 26 24 16 57208 16 57147 7 12 5 0 186 0 0
radio 16 57216
radio 16 57730
radio 16 57745
radio 16 58259
radio 16 58327
radio 16 58841
radio 16 58858
radio 16 59372
radio 16 59405
radio 16 59919
radio 16 59949
radio 16 60463
radio 16 60512
radio 16 61026
radio 16 61043
radio 16 61557
radio 16 61589
radio 16 62103
radio 16 62155
radio 16 62669
radio 16 62718
radio 16 63232
radio 16 63249
radio 16 63763
radio 16 63780
radio 16 64294
radio 16 64311
radio 16 64825
radio 16 64858
radio 16 65372
radio 16 65402
radio 17 380
radio 17 429
radio 17 943
radio 17 977
radio 17 1491
radio 17 1524
radio 17 2038
radio 17 2055
radio 17 2569
radio 17 2597
radio 17 3111
radio 17 3166
radio 17 3680
radio 17 3697
radio 17 4211
radio 17 4240
radio 17 4754
radio 17 4782
radio 17 5296
radio 17 5313
radio 17 5827
radio 17 5844
radio 17 6357
radio 17 6374
radio 17 6888
radio 17 6905
radio 17 7419
radio 17 7436
radio 17 7950
radio 17 7967
radio 17 8481
radio 17 8498
radio 17 9011
radio 17 9028
radio 17 9542
radio 17 9559
radio 17 10073
radio 17 10090
radio 17 10604
radio 17 10621
radio 17 11135
radio 17 11172
radio 17 11686
delay 27 8 17 11709 17 12360 9 12 3 0 89 0 0
radio 17 11717
radio 17 12231
radio 17 12324
radio 17 12838
radio 17 12873
radio 17 13386
radio 17 13403
radio 17 13917
radio 17 13968
radio 17 14482
radio 17 14512
radio 17 15026
radio 17 15043
radio 17 15557
radio 17 15574
radio 17 16088
radio 17 16105
radio 17 16619
radio 17 16636
radio 17 17150
radio 17 17167
radio 17 17681
radio 17 17698
radio 17 18212
radio 17 18264
radio 17 18778
radio 17 18795
radio 17 19309
radio 17 19326
radio 17 19840
radio 17 19857
radio 17 20371
radio 17 20402
radio 17 20916
radio 17 20948
radio 17 21462
radio 17 21479
radio 17 21993
radio 17 22010
radio 17 22524
radio 17 22541
radio 17 23055
radio 17 23085
radio 17 23599
radio 17 23616
radio 17 24130
radio 17 24147
radio 17 24661
radio 17 24678
radio 17 25192
radio 17 25209
radio 17 25723
radio 17 25752
radio 17 26266
radio 17 26283
radio 17 26797
radio 17 26869
radio 17 27383
radio 17 27400
radio 17 27914
radio 17 27931
radio 17 28445
radio 17 28462
radio 17 28976
radio 17 29006
radio 17 29520
radio 17 29537
radio 17 30051
radio 17 30068
radio 17 30582
radio 17 30632
radio 17 31146
radio 17 31163
radio 17 31677
radio 17 31694
radio 17 32208
radio 17 32225
radio 17 32739
delay 28 35 17 32807 17 32725 9 12 3 0 329 0 0
radio 17 32815
radio 17 33330
radio 17 33348
radio 17 33861
radio 17 33878
radio 17 34392
radio 17 34409
radio 17 34923
radio 17 34940
radio 17 35454
radio 17 35471
radio 17 35985
radio 17 36002
radio 17 36516
radio 17 36533
energy 17 37041 7 49634
radio 17 37047
radio 17 37065
radio 17 37578
radio 17 37606
radio 17 38120
radio 17 38194
radio 17 38708
radio 17 38725
radio 17 39239
radio 17 39256
radio 17 39770
radio 17 39803
radio 17 40317
radio 17 40334
radio 17 40848
radio 17 40920
radio 17 41434
radio 17 41451
radio 17 41965
radio 17 41982
radio 17 42496
radio 17 42513
radio 17 43027
radio 17 43056
radio 17 43570
radio 17 43646
radio 17 44160
radio 17 44177
radio 17 44691
radio 17 44708
radio 17 45222
radio 17 45239
radio 17 45753
radio 17 45770
radio 17 46284
radio 17 46301
radio 17 46815
radio 17 46832
radio 17 47346
radio 17 47419
radio 17 47933
radio 17 47964
radio 17 48478
radio 17 48512
radio 17 49026
radio 17 49099
radio 17 49613
radio 17 49641
radio 17 50155
radio 17 50172
radio 17 50686
radio 17 50703
radio 17 51217
radio 17 51293
radio 17 51807
radio 17 51842
radio 17 52356
radio 17 52373
radio 17 52887
delay 29 24 17 52904 17 52843 7 12 5 0 17 1 0
radio 17 52912
radio 17 53426
radio 17 53470
radio 17 53984
radio 17 54001
radio 17 54515
radio 17 54532
radio 17 55046
radio 17 55076
radio 17 55590
radio 17 55620
radio 17 56134
radio 17 56151
radio 17 56665
radio 17 56700
radio 17 57214
radio 17 57248
radio 17 57762
radio 17 57779
radio 17 58293
radio 17 58310
radio 17 58824
radio 17 58841
radio 17 59355
radio 17 59388
radio 17 59902
radio 17 59919
radio 17 60433
radio 17 60450
radio 17 60964
radio 17 60993
radio 17 61507
radio 17 61577
radio 17 62091
radio 17 62108
radio 17 62622
radio 17 62639
radio 17 63153
radio 17 63170
radio 17 63684
radio 17 63701
radio 17 64215
radio 17 64232
radio 17 64746
radio 17 64763
radio 17 65277
radio 17 65326
radio 18 304
radio 18 321
radio 18 834
radio 18 851
radio 18 1364
radio 18 1381
radio 18 1895
radio 18 1912
radio 18 2426
radio 18 2443
radio 18 2957
radio 18 2974
radio 18 3488
radio 18 3538
radio 18 4052
radio 18 4069
radio 18 4583
radio 18 4600
radio 18 5114
radio 18 5131
radio 18 5645
radio 18 5676
radio 18 6190
radio 18 6207
radio 18 6721
radio 18 6757
radio 18 7271
radio 18 7302
radio 18 7816
delay 30 24 18 7879 18 7818 7 12 5 0 14 1 0
radio 18 7887
radio 18 8401
radio 18 8532
radio 18 9045
radio 18 9068
radio 18 9581
radio 18 9598
