Thread[Thread-1,5,main]tree 1000 79 13 11 0 0
radio 9 45293
radio 9 45297
radio 9 45349
radio 9 45863
radio 9 45880
radio 9 46394
radio 9 46411
radio 9 46925
radio 9 46974
radio 9 47488
radio 9 47522
radio 9 48036
radio 9 48053
radio 9 48567
radio 9 48599
radio 9 49113
radio 9 49141
radio 9 49655
radio 9 49705
radio 9 50219
radio 9 50236
radio 9 50749
radio 9 50802
radio 9 51316
radio 9 51333
radio 9 51847
radio 9 51864
radio 9 52378
radio 9 52395
radio 9 52908
radio 9 52925
radio 9 53439
radio 9 53456
radio 9 53970
radio 9 53987
radio 9 54501
radio 9 54531
radio 9 55045
radio 9 55098
radio 9 55612
radio 9 55629
radio 9 56143
radio 9 56160
radio 9 56674
radio 9 56691
radio 9 57205
radio 9 57257
radio 9 57771
radio 9 57827
radio 9 58341
radio 9 58358
radio 9 58872
radio 9 58900
radio 9 59414
radio 9 59443
radio 9 59957
radio 9 59974
radio 9 60488
radio 9 60517
radio 9 61031
radio 9 61059
radio 9 61573
radio 9 61590
radio 9 62104
radio 9 62136
radio 9 62650
radio 9 62667
radio 9 63181
radio 9 63271
radio 9 63785
radio 9 63819
radio 9 64333
radio 9 64350
radio 9 64864
radio 9 64881
radio 9 65394
radio 9 65424
radio 10 402
radio 10 419
radio 10 932
radio 10 949
radio 10 1462
radio 10 1516
radio 10 2030
radio 10 2047
radio 10 2561
radio 10 2594
radio 10 3108
radio 10 3125
radio 10 3639
radio 10 3672
radio 10 4186
radio 10 4203
radio 10 4717
radio 10 4766
radio 10 5280
radio 10 5297
radio 10 5811
radio 10 5843
radio 10 6357
radio 10 6374
radio 10 6888
radio 10 6905
radio 10 7419
radio 10 7453
radio 10 7967
radio 10 8020
radio 10 8534
radio 10 8568
radio 10 9082
radio 10 9099
radio 10 9613
radio 10 9630
radio 10 10144
radio 10 10161
radio 10 10675
radio 10 10711
radio 10 11225
radio 10 11261
radio 10 11775
radio 10 11808
radio 10 12322
radio 10 12339
radio 10 12853
radio 10 12903
radio 10 13417
radio 10 13453
radio 10 13967
radio 10 14003
radio 10 14517
radio 10 14534
radio 10 15048
radio 10 15102
radio 10 15616
radio 10 15633
radio 10 16147
radio 10 16197
radio 10 16711
radio 10 16747
radio 10 17261
radio 10 17293
radio 10 17807
radio 10 17824
radio 10 18338
radio 10 18355
radio 10 18869
radio 10 18917
radio 10 19431
radio 10 19448
radio 10 19962
radio 10 19979
radio 10 20493
radio 10 20510
radio 10 21024
radio 10 21179
radio 10 21693
radio 10 21710
radio 10 22224
radio 10 22273
radio 10 22787
radio 10 22822
radio 10 23336
radio 10 23353
radio 10 23867
radio 10 23896
radio 10 24410
radio 10 24427
radio 10 24941
radio 10 24958
radio 10 25472
radio 10 25489
radio 10 26003
radio 10 26036
radio 10 26550
radio 10 26585
radio 10 27099
radio 10 27129
radio 10 27643
radio 10 27675
radio 10 28189
radio 10 28206
radio 10 28720
radio 10 28737
radio 10 29251
radio 10 29307
radio 10 29821
radio 10 29850
radio 10 30364
delay 0 21 10 30397 10 30096 5 34 29 1 1 1 0
radio 10 31471
radio 10 31985
radio 10 32013
radio 10 32527
radio 10 32560
radio 10 33074
radio 10 33102
radio 10 33616
radio 10 33667
radio 10 34181
radio 10 34233
radio 10 34747
radio 10 34782
radio 10 35296
radio 10 35313
radio 10 35827
radio 10 35861
radio 10 36375
radio 10 36428
radio 10 36942
radio 10 36977
radio 10 37491
radio 10 37540
radio 10 38054
radio 10 38071
radio 10 38585
radio 10 38619
radio 10 39133
radio 10 39150
radio 10 39664
radio 10 39697
radio 10 40211
radio 10 40228
radio 10 40742
radio 10 40759
energy 10 41208 9 49086
radio 10 41273
radio 10 41290
radio 10 41804
radio 10 41821
radio 10 42335
radio 10 42370
radio 10 42884
radio 10 42933
radio 10 43447
radio 10 43464
radio 10 43978
radio 10 43995
radio 10 44509
radio 10 44526
radio 10 45040
radio 10 45057
radio 10 45571
radio 10 45588
radio 10 46102
radio 10 46119
radio 10 46633
radio 10 46664
radio 10 47178
radio 10 47195
radio 10 47709
radio 10 47761
radio 10 48275
radio 10 48306
radio 10 48820
radio 10 48854
radio 10 49368
radio 10 49385
radio 10 49899
radio 10 49916
radio 10 50430
radio 10 50447
radio 10 50961
delay 1 24 10 51233 10 50895 34 34 65535 0 253 0 0
radio 10 51241
radio 10 51756
radio 10 52008
radio 10 52521
radio 10 52568
radio 10 53081
radio 10 53098
radio 10 53612
radio 10 53629
radio 10 54143
radio 10 54160
radio 10 54674
radio 10 54708
radio 10 55222
radio 10 55239
radio 10 55753
radio 10 55770
radio 10 56284
radio 10 56301
radio 10 56815
radio 10 56832
radio 10 57346
radio 10 57374
radio 10 57888
radio 10 57905
radio 10 58419
radio 10 58452
radio 10 58966
radio 10 58983
radio 10 59497
radio 10 59514
radio 10 60028
radio 10 60045
radio 10 60559
radio 10 60612
radio 10 61126
radio 10 61154
radio 10 61668
radio 10 61685
radio 10 62199
radio 10 62229
radio 10 62743
radio 10 62760
radio 10 63274
radio 10 63304
radio 10 63818
radio 10 63835
radio 10 64349
radio 10 64379
radio 10 64893
radio 10 64910
radio 10 65424
radio 10 65441
radio 11 419
radio 11 471
radio 11 985
radio 11 1014
radio 11 1528
radio 11 1545
radio 11 2059
radio 11 2089
radio 11 2603
radio 11 2631
radio 11 3145
radio 11 3195
radio 11 3709
radio 11 3739
radio 11 4253
radio 11 4303
radio 11 4817
radio 11 4834
radio 11 5347
radio 11 5380
radio 11 5894
delay 2 9 11 6151 11 6459 33 34 1 0 45 1 0
radio 11 7231
radio 11 7745
radio 11 7763
radio 11 8277
radio 11 8294
radio 11 8808
radio 11 8857
radio 11 9371
radio 11 9401
radio 11 9915
radio 11 9965
radio 11 10479
radio 11 10529
radio 11 11043
radio 11 11113
radio 11 11627
radio 11 11658
radio 11 12172
radio 11 12189
radio 11 12703
radio 11 12736
radio 11 13250
radio 11 13281
radio 11 13795
radio 11 13843
radio 11 14357
radio 11 14374
radio 11 14888
radio 11 14941
radio 11 15455
radio 11 15486
radio 11 16000
radio 11 16017
radio 11 16531
radio 11 16548
radio 11 17062
radio 11 17093
radio 11 17607
radio 11 17624
radio 11 18138
radio 11 18193
radio 11 18707
radio 11 18742
radio 11 19256
radio 11 19346
radio 11 19860
radio 11 19928
radio 11 20442
radio 11 20494
radio 11 21008
radio 11 21025
radio 11 21539
radio 11 21556
radio 11 22070
radio 11 22087
radio 11 22601
radio 11 22655
radio 11 23169
radio 11 23186
radio 11 23700
radio 11 23750
radio 11 24264
radio 11 24293
radio 11 24807
radio 11 24859
radio 11 25373
radio 11 25424
radio 11 25938
radio 11 25968
radio 11 26482
delay 3 25 11 26498 11 26516 39 34 65535 0 77 1 0
radio 11 27574
radio 11 28088
radio 11 28104
radio 11 28618
radio 11 28635
radio 11 29149
radio 11 29198
radio 11 29712
radio 11 29729
radio 11 30243
radio 11 30272
radio 11 30786
radio 11 30803
radio 11 31317
radio 11 31334
radio 11 31848
radio 11 31900
radio 11 32414
radio 11 32444
radio 11 32958
radio 11 32987
radio 11 33501
radio 11 33552
radio 11 34066
radio 11 34096
radio 11 34610
radio 11 34638
radio 11 35152
radio 11 35169
radio 11 35683
radio 11 35700
radio 11 36214
radio 11 36244
radio 11 36758
radio 11 36808
energy 11 37112 9 54510
radio 11 37322
radio 11 37352
radio 11 37866
radio 11 37917
radio 11 38431
radio 11 38487
radio 11 39001
radio 11 39049
radio 11 39563
radio 11 39593
radio 11 40107
radio 11 40124
radio 11 40638
radio 11 40689
radio 11 41203
radio 11 41220
radio 11 41734
radio 11 41766
radio 11 42280
radio 11 42297
radio 11 42811
radio 11 42828
radio 11 43342
radio 11 43359
radio 11 43873
radio 11 43901
radio 11 44415
radio 11 44467
radio 11 44981
radio 11 45037
radio 11 45551
radio 11 45587
radio 11 46101
radio 11 46118
