Thread[Thread-1,5,main]tree 37 75 42 11 0 0
radio 9 27865
radio 9 27869
radio 9 27922
radio 9 28436
radio 9 28453
radio 9 28966
radio 9 28983
radio 9 29497
radio 9 29514
radio 9 30028
radio 9 30083
radio 9 30597
radio 9 30648
radio 9 31162
radio 9 31195
radio 9 31709
radio 9 31761
radio 9 32275
radio 9 32327
radio 9 32841
radio 9 32914
radio 9 33428
radio 9 33481
radio 9 33995
radio 9 34012
radio 9 34525
radio 9 34542
radio 9 35056
radio 9 35073
radio 9 35587
radio 9 35641
radio 9 36155
radio 9 36172
radio 9 36686
radio 9 36738
radio 9 37252
radio 9 37269
radio 9 37783
radio 9 37800
radio 9 38314
radio 9 38386
radio 9 38900
delay 1000 8 9 38940 9 54758 33 32 65535 0 15823 0 0
radio 9 38949
radio 9 39463
radio 9 39476
radio 9 39989
radio 9 40001
radio 9 40514
radio 9 40562
radio 9 41076
radio 9 41093
radio 9 41607
delay 55 13 9 41718 9 56807 28 32 4 0 15807 0 0
radio 9 41726
radio 9 42241
radio 9 42253
radio 9 42766
radio 9 42820
radio 9 43334
radio 9 43351
radio 9 43865
radio 9 43882
radio 9 44396
radio 9 44489
radio 9 45003
radio 9 45020
radio 9 45533
radio 9 45550
radio 9 46064
radio 9 46095
radio 9 46609
radio 9 46626
radio 9 47140
radio 9 47169
radio 9 47683
radio 9 47700
radio 9 48214
radio 9 48266
radio 9 48780
radio 9 48797
radio 9 49310
radio 9 49342
radio 9 49856
radio 9 49904
radio 9 50418
radio 9 50474
radio 9 50988
radio 9 51005
radio 9 51518
radio 9 51573
radio 9 52087
radio 9 52104
radio 9 52618
radio 9 52635
radio 9 53149
radio 9 53181
radio 9 53695
radio 9 53743
radio 9 54257
radio 9 54307
radio 9 54821
radio 9 54874
radio 9 55388
radio 9 55405
radio 9 55919
radio 9 55936
radio 9 56450
radio 9 56467
radio 9 56981
radio 9 57029
radio 9 57543
radio 9 57560
radio 9 58074
radio 9 58109
radio 9 58623
radio 9 58640
radio 9 59154
radio 9 59171
radio 9 59685
radio 9 59702
radio 9 60216
radio 9 60233
radio 9 60747
radio 9 60764
radio 9 61278
radio 9 61331
radio 9 61845
radio 9 61862
radio 9 62376
radio 9 62428
radio 9 62942
radio 9 62959
radio 9 63473
radio 9 63503
radio 9 64017
radio 9 64034
radio 9 64548
radio 9 64565
radio 9 65078
radio 9 65095
radio 10 73
radio 10 102
radio 10 616
radio 10 647
radio 10 1161
radio 10 1178
radio 10 1692
radio 10 1720
radio 10 2234
radio 10 2251
radio 10 2765
radio 10 2782
radio 10 3295
radio 10 3344
radio 10 3858
radio 10 3875
radio 10 4389
radio 10 4442
radio 10 4956
radio 10 4991
radio 10 5505
radio 10 5533
radio 10 6047
radio 10 6076
radio 10 6590
radio 10 6644
radio 10 7158
radio 10 7175
radio 10 7689
radio 10 7721
radio 10 8235
radio 10 8252
radio 10 8766
radio 10 8797
radio 10 9311
radio 10 9328
radio 10 9842
radio 10 9891
radio 10 10405
radio 10 10422
radio 10 10936
radio 10 10964
radio 10 11478
radio 10 11526
radio 10 12040
radio 10 12057
radio 10 12571
radio 10 12621
radio 10 13135
radio 10 13164
radio 10 13678
radio 10 13727
radio 10 14241
radio 10 14295
radio 10 14809
radio 10 14841
radio 10 15355
radio 10 15405
radio 10 15919
radio 10 15974
radio 10 16488
radio 10 16519
radio 10 17033
radio 10 17083
radio 10 17597
radio 10 17614
radio 10 18128
radio 10 18159
radio 10 18673
radio 10 18702
radio 10 19216
radio 10 19233
radio 10 19747
radio 10 19764
radio 10 20278
radio 10 20333
radio 10 20847
radio 10 20897
radio 10 21411
radio 10 21445
radio 10 21959
radio 10 22010
radio 10 22524
radio 10 22541
radio 10 23055
radio 10 23127
radio 10 23641
radio 10 23692
energy 10 23781 9 30965
radio 10 24206
radio 10 24257
radio 10 24771
radio 10 24801
radio 10 25315
radio 10 25367
radio 10 25881
radio 10 25898
radio 10 26412
radio 10 26443
radio 10 26957
radio 10 26992
radio 10 27506
radio 10 27536
radio 10 28050
radio 10 28078
radio 10 28592
radio 10 28609
radio 10 29123
radio 10 29152
radio 10 29666
radio 10 29694
radio 10 30208
radio 10 30240
radio 10 30754
delay 0 31 10 30796 10 30154 28 32 4 0 65535 0 0
radio 10 30804
radio 10 31319
radio 10 31699
radio 10 32212
radio 10 32397
radio 10 32910
radio 10 32961
radio 10 33475
radio 10 33509
radio 10 34023
radio 10 34072
radio 10 34586
radio 10 34640
radio 10 35154
radio 10 35189
radio 10 35703
radio 10 35732
radio 10 36246
radio 10 36277
radio 10 36791
radio 10 36824
radio 10 37338
radio 10 37355
radio 10 37869
radio 10 37886
radio 10 38400
radio 10 38417
radio 10 38931
radio 10 38962
radio 10 39476
radio 10 39507
radio 10 40021
radio 10 40038
radio 10 40552
radio 10 40581
radio 10 41095
radio 10 41143
radio 10 41657
radio 10 41690
radio 10 42204
radio 10 42233
radio 10 42747
radio 10 42764
radio 10 43278
radio 10 43295
radio 10 43809
radio 10 43864
radio 10 44378
radio 10 44395
radio 10 44909
radio 10 44940
radio 10 45454
radio 10 45504
radio 10 46018
radio 10 46052
radio 10 46566
radio 10 46583
radio 10 47097
radio 10 47133
radio 10 47647
radio 10 47702
radio 10 48216
radio 10 48270
radio 10 48784
radio 10 48801
radio 10 49315
radio 10 49332
radio 10 49846
radio 10 49899
radio 10 50413
radio 10 50430
radio 10 50944
radio 10 50997
radio 10 51511
delay 1 2 10 51557 10 51959 32 32 65535 0 33 1 0
radio 10 52635
radio 10 53149
radio 10 53182
radio 10 53696
radio 10 53727
radio 10 54241
radio 10 54258
radio 10 54772
radio 10 54789
radio 10 55303
radio 10 55357
radio 10 55871
radio 10 55888
radio 10 56402
radio 10 56453
radio 10 56967
radio 10 56984
radio 10 57498
radio 10 57550
radio 10 58064
radio 10 58081
radio 10 58595
radio 10 58647
radio 10 59161
radio 10 59194
radio 10 59708
radio 10 59761
radio 10 60275
radio 10 60292
radio 10 60806
radio 10 60837
radio 10 61351
radio 10 61368
radio 10 61882
radio 10 61917
radio 10 62431
radio 10 62448
radio 10 62962
radio 10 63052
radio 10 63566
radio 10 63583
radio 10 64097
radio 10 64114
radio 10 64628
radio 10 64683
radio 10 65197
radio 10 65214
radio 11 192
radio 11 209
radio 11 722
radio 11 754
radio 11 1268
radio 11 1285
radio 11 1799
radio 11 1816
radio 11 2329
radio 11 2346
radio 11 2859
radio 11 2876
radio 11 3390
radio 11 3407
radio 11 3920
radio 11 3937
radio 11 4450
radio 11 4502
radio 11 5016
radio 11 5033
radio 11 5546
radio 11 5577
radio 11 6091
radio 11 6108
radio 11 6621
delay 2 14 11 6638 11 6292 33 32 65535 0 32 1 0
radio 11 7713
radio 11 8227
radio 11 8278
radio 11 8792
radio 11 8828
radio 11 9342
radio 11 9359
radio 11 9872
radio 11 9889
radio 11 10403
radio 11 10420
radio 11 10934
radio 11 10966
radio 11 11480
radio 11 11528
radio 11 12042
radio 11 12059
radio 11 12573
radio 11 12603
radio 11 13117
radio 11 13134
radio 11 13648
radio 11 13665
radio 11 14179
radio 11 14196
radio 11 14710
radio 11 14727
radio 11 15241
radio 11 15272
radio 11 15786
radio 11 15819
radio 11 16333
radio 11 16350
radio 11 16864
radio 11 16913
radio 11 17427
radio 11 17444
radio 11 17958
radio 11 17975
radio 11 18489
radio 11 18518
radio 11 19032
radio 11 19061
radio 11 19575
radio 11 19592
energy 11 19685 9 36239
radio 11 20106
radio 11 20158
radio 11 20672
radio 11 20689
radio 11 21203
radio 11 21220
radio 11 21734
radio 11 21751
radio 11 22265
radio 11 22321
radio 11 22835
radio 11 22852
radio 11 23366
radio 11 23383
radio 11 23897
radio 11 23948
radio 11 24462
radio 11 24496
radio 11 25010
radio 11 25038
radio 11 25552
radio 11 25582
radio 11 26096
radio 11 26150
radio 11 26664
delay 3 35 11 26705 11 26011 15 32 17 1 57 1 0
radio 11 27967
radio 11 28480
radio 11 28514
radio 11 29028
radio 11 29045
radio 11 29559
radio 11 29590
radio 11 30104
radio 11 30121
radio 11 30635
radio 11 30652
radio 11 31166
radio 11 31199
radio 11 31713
radio 11 31767
radio 11 32281
radio 11 32337
radio 11 32851
radio 11 32868
radio 11 33382
radio 11 33414
radio 11 33928
radio 11 33945
radio 11 34459
radio 11 34476
radio 11 34990
radio 11 35019
radio 11 35533
radio 11 35584
radio 11 36098
radio 11 36115
radio 11 36629
radio 11 36658
radio 11 37172
radio 11 37220
radio 11 37734
radio 11 37769
radio 11 38283
radio 11 38374
radio 11 38888
radio 11 38963
radio 11 39477
radio 11 39526
radio 11 40040
radio 11 40096
radio 11 40610
radio 11 40641
radio 11 41155
radio 11 41204
radio 11 41718
radio 11 41769
radio 11 42283
radio 11 42300
radio 11 42814
radio 11 42831
radio 11 43345
radio 11 43362
radio 11 43876
radio 11 43930
radio 11 44444
radio 11 44496
radio 11 45010
radio 11 45027
radio 11 45541
radio 11 45572
radio 11 46086
radio 11 46117
